500
0 673 2277 4718 2610 5715 5974 664 7228 4532 9125 8431
1 2015 9323 3770 2203 468 2655 6318 7482 969 844 3937 3936
2 6371 2437 5574 4008 4311 6712 4090 796 3254 2842 3418 719 6509 9485 3521 837 6656
3 3554 1098 7179 8431 7153 5048 8780 8649 6653 1996 8961 4402 490 2192 6613 2607 1467 5349
4 5122 8460 7185 4776 3001 9543 5962 1498 3005 3394 1962 1319 896 9301 7880 1668 287 5950 4314 2555 8209 8176 1339 8151 9903 4342 199
5 4933 2345 5067 6156 8660 5748 2813 7006 2264 9711 5268 8982 3838 2911 6369 79 8597
6 6848 4004 4681 6411 5716 5847 7285 7076 4893 3012 117 6359
7 321 2983 2409 2967 4887 8987 6598 7915 5004 7170 7121 6056 8516
8 8987 3812 5393 5458 7193 8895 5155 7980 1590 4253 2401 2240 3535 8586 2128 780 9997 6011 7762 1450
9 1830 8999 6449 1743 7000 2129 183 4121 8746 336 3643
10 2603 4974 4498 2778 7611 1694 2973 1963 3111 6718 6746 4628 2147 6537
11 8865 9930 1332 5624 2780 6258 2614 979 8648 9619 8237 2794 7367
12 1888 6021 9618 4626 9404 1914 3297 5011 7036 5362 7623 7663 2278 982 285 2962
13 8453 4314 3051 4855 4500 5111 728 8722 5907 5301 6299 9192 5045 3380 9569 2638 6656 6452
14 3599 3150 1525 3833 6938 5170 1642 2059 8624 9358 3046 1043
15 5207 7000 4314 871 6468 563 3041 7237 3518 2819 151 8994 5099 3982
16 3208 9805 660 7000 4028 5678 1769 6691 8681 6770 8464 7451 3966 5840 2745
17 8132 6197 3830 5943 9788 4989 2835 5075 8090 5080 9483 8141
18 416 4968 3341 367 6066 8569 9090 2067 5939 8455 5980
19 8355 4602 1402 1502 3453 8683 1978 352 9871 5445 4594 7740 950 6673 1882
20 4440 6362 2264 4761 2402 8042 7736 7030 6188 4862 6451 8687
21 4962 9572 5047 6938 9115 1019 1233 6739 9449 7683 2092 312 978
22 3076 4463 2646 5340 3549 949 9194 6190 6482 4187 5968 8338 6441 259 5630
23 9545 5962 9932 2931 5715 3625 3537 7261 1102 9717 5553 4054 2391 6337 1711 3524
24 6945 4352 3340 1039 4176 4818 6482 6551 7949 992 6992 8312 3419 5427 1167 6327
25 7137 6371 8939 7659 3385 9244 2845 8543 6231 1353 4813 9840
26 426 140 4985 8143 2722 6700 3995 9025 1083 8592 2245
27 8274 2964 8502 1796 3860 2475 5161 5335 8846 6710 1111
28 3104 7073 2589 321 9133 718 1777 8605 6675 9615 7709 4449 3721 5708 3152 3854 3388
29 6881 6913 8836 79 1531 2787 8057 5022 126 9459 5307 7540 6063 9968 4377 5695
30 4199 5932 4400 853 2875 7628 6421 4758 9758 5019 1471 84 8018
31 6668 6742 6826 4592 2349 9066 9566 3451 8523 3410 455
32 2240 9611 5208 4985 6522 1629 5166 511 4920 170 4222 1120 7062 2465
33 9826 9924 8134 7880 971 8030 9374 7344 6612 6460 4056 2865 9094 961 2970 2047 123
34 9924 6151 3055 705 4603 4364 7730 5611 3751 3044 6861 4709
35 1737 6443 6442 4465 9758 4340 7276 6414 9704 8599 9659 9312 8552 8392 6810 1200 6584
36 2817 6532 4809 8335 9968 2129 8021 4630 186 254 4326 935 1010 3167 3620 2107 7755
37 7744 5733 1668 4202 335 2288 6938 5961 731 2590 1628 6116 2713 7269 8821
38 8655 6675 600 2264 1407 5743 1536 8208 5504 4837 6834 4018 580 8462
39 2240 8130 7498 3946 4462 2671 9072 1036 8439 4140 9132 2879 6502 9785 3015
40 4320 6086 5446 4585 9938 6770 8091 5022 4666 3493 657 9517 3092 4993
41 6913 8775 6352 7344 1564 2973 115 8990 221 7907 7055 4565 9926 501 1718
42 842 3311 4306 5426 9301 8861 8469 7720 4224 3022 1611 52 5416 1942 1343
43 7709 9923 6412 6829 7949 6258 2962 4855 9848 8349 1201 7072 4553 5880 3301 7552 9862 5519
44 2724 6188 4269 494 5145 3745 6351 8052 6646 1534 5964 3329 879 9874 571 4937 5239
45 2 7885 306 8722 5340 4541 4429 5359 3320 9859 454 6899 2000 929 6617 4547 8402 1845
46 391 427 3982 6544 8475 1085 6109 6933 3670 5773 918 1976 1556
47 9792 2525 8675 7652 3150 565 5210 9920 1725
48 8259 3044 2054 8994 3657 2701 8610 9340 3227 833 9129 4051 1093 1696 2512
49 4102 571 2240 4546 7389 9311 7143 9968 8689 2335 6020 1289 9317 7790 1560 7142 4341 720 2621 28 9063
50 2722 643 259 5880 4380 4134 2744 8004 372 6101 2243 4230 9023 2991 5860 7333 2033 329
51 5748 6938 3637 6287 2693 172 2464 5169 2330 6367 7597 2575 4741
52 8930 7138 6938 1116 8222 366 1693 1521 1192 4866 686 3347 6070 6702 469 6331
53 704 2219 6610 7285 4538 2203 5948 5535 4027 3909 2340 4290 3398 9433 5592
54 8464 3089 7762 5589 3557 3192 1410 214 741 9331 9230 1801 6521
55 2672 2288 5592 9468 915 4847 6918 1416 4684 4045 6311 2217
56 4974 623 16 5425 1525 3927 4990 4667 1048 1167
57 2509 2288 148 9725 4644 815 1496 8183 4218 8459 6347 209 3626
58 4197 1534 7496 3156 3894 7482 7631 6614 2105 4168 5398 4798 8635 1219 541 90
59 2 9545 5168 5969 121 1663 9019 4437 4487 4758 219 1474
60 7779 7397 79 8549 4086 6865 5371 1638 1038 3492 5339 3521 9030 2376
61 6095 9840 2128 5775 6579 2962 6426 8837 412 2979 8728 1843 3673 3526 3011 9085
62 6593 9162 5902 8144 2942 5212 9533 6046 5547 6242 1665 759 9478 560 8128 9803 7286
63 79 3123 8828 5341 8298 3728 4231 5538 7599 7920 1503 8789 5257 3579 3784
64 321 2791 4297 11 9556 8725 8249 2329 8069 2790 6505 6561
65 4579 935 9931 5557 9301 5308 6547 2213 4607 3691 6516 1329 9127 4062
66 1 1222 2555 3188 3146 622 2747 4920 3736 9122 7005 9279
67 544 1680 7153 5748 7225 5114 7713 7932 3465 3912 8158 5101
68 3594 1078 9527 4310 438 3643 5825 7582 1682 5738 1164 6534 7125
69 1792 2280 9292 5099 9931 427 6547 2614 9592 1978 3153 8170 4648 6148 6282 417
70 9387 7947 8467 922 7228 3741 6014 3100 1107 3584 2699 6052 4909
71 6695 435 6552 9887 7234 4997 7049 5928 25 8291 606 8480 1512 5228 2657
72 2784 619 7949 5748 3125 2555 7768 1497 6907 8263 792 5794 7800 5728 2235 7123
73 673 2114 3944 7762 3516 8260 2326 2272 7699 7431 9472 5800 3644 3533 5718
74 352 7652 6247 173 721 7187 1141 7669 6363 2569 6273 6364 6290 2933 5355
75 865 987 9052 6827 4974 6491 2044 958 6067 8969 2630 9707 1616 9264 7196
76 6211 625 403 7191 7806 9299 7702 8968 9709 9492 5573 1054 2735 2239 6658
77 1573 908 7283 7699 2210 3061 1399 9351 4290 6963 7356 7488 4399
78 6818 4611 2986 4850 8040 8703 8473 4087 9438 7296 9153 9181
79 2561 3877 9871 79 6611 3896 8720 4166 4982 2168 8989 4569 8060
80 1712 8786 3156 9244 9640 1345 7199 4490 2633 5676 4531 476 8897 1299 955 3137
81 2240 9633 4027 6982 2555 1688 378 4989 5679 9745 3511 9572 4093 9306
82 7234 8643 109 9391 5071 5715 5945 1276 8215 6082 5700 8651 1403 5780
83 673 8772 324 8473 5962 8817 4341 5560 8949 3841 3573 5295 1322 3897 8468
84 321 6691 3399 8134 4734 3119 2088 8618 8278 8145 1838 5775 8958 3590 8700 8687
85 3175 1449 2441 7403 1517 6672 7699 8791 2744 987 2391 5467 9521 6744
86 9152 2240 5539 6500 2461 7262 6201 8043 9040 7351 4735 6734 5868 3274 9461 7060
87 2 8728 6044 7968 6319 5307 8006 7762 3285 8798 6240 8841 2215 7155 4923 9669 2622 3243 6494 9007 6937 3720
88 8353 7652 2121 906 524 7087 1683 8021 4959 2486 496 5044 5862 4846 5212 5556 428
89 7744 2 9007 5767 6054 9235 2468 1940 3133 2777 6860 2497 5502 3075
90 4818 1043 133 5930 6911 8710 8936 4842 7619 1247 7682 1150 5926 7044
91 3841 8354 4168 6623 5102 2806 1055 810 7255 116 6720 8810
92 6884 8260 9129 3919 400 4180 7032 1690 4957 1336 1529 5211 7321 6896 8267 5608
93 5409 2810 6727 9864 9007 979 4086 4733 4895 7567 3714 2900 4589 8954 4217
94 2487 5412 3751 9737 4861 7902 8790 2423 2018 6035 774 8373 9628 7577
95 2475 1069 7668 5727 542 4782 4026 1453 2687 2593 5326
96 1513 8113 5649 48 7732 9246 1896 2788 2160 2723 1140 4112
97 1792 4644 5412 5030 9270 4445 9199 9295 2939 1127 1698 9782 7775
98 3210 9774 4463 7120 3095 7193 4477 9646 9330 5317 2674 592 8305 6167 8135
99 9385 4209 6003 6613 4859 9139 9710 670 4177 6320 6339 1617 2155 3807 8346
100 6657 3877 9545 7344 2288 7613 5135 7118 752 3547 1034 9953 6914 4534
101 7684 7880 1801 9301 2902 120 8281 2555 5442 7447 2322 3447 8058 270 8989 7955 7846
102 4996 6686 5479 5902 6258 8090 4923 7591 3568 5696 7290 6448 4580 5303 656
103 8771 4779 2702 6321 3636 3573 1481 101 5690 7495 5957 139
104 7296 1442 2915 871 7880 1131 7992 3738 3514 232 4407 6543 2998 760 3376 2857
105 7429 2696 4493 9129 9007 7228 8770 7116 9040 6101 6613 8797 3936 8170 7285 760 5884 4126 3842 6608 1865 2628 5280 3648 1145 3330
106 7111 9641 6220 5715 148 2555 5499 4100 828 1303 8125 6208 7966 843
107 2528 995 8994 1517 9201 7864 9408 2548 8225 7629
108 9856 321 6534 1327 9977 7252 3353 6875 5407 5771 3084 9271 8212 7646 8753 30 2810 7721
109 1979 9098 7054 5857 2647 6636 4448 2252 2395 3997 8118 2502
110 964 4855 9584 6193 4151 1869 5754 8811 9111 7241 7355 1049 7560 1686 8174
111 610 804 7047 4199 3790 7091 9109 9745 8927 577 1515 9889 7531 8117
112 8577 8002 4352 2121 79 9968 3217 9007 5748 5749 6560 9316 7213 5220 132 6619 9522 7013 6523
113 6020 1477 7240 1668 1611 4875 2294 5339 1439 9675 4928 9722 4720 9236 2663 8518 8080 6192
114 2 2121 653 6141 5494 2152 3182 5053 3454 7833 9955 3037 9372 4539 8234 6748 860 8560 6324
115 1412 7814 9244 6489 5691 3036 7487 7899 2396 8762 6062 3534 1444 6903 1429 9349
116 8099 2616 4366 1774 6200 8527 3530 1639 8914 8858 9335
117 6554 2979 935 8493 5295 9270 1336 583 8786 468 8424 9842 5115 847 8481 8968 5386 2003 5043 1982 1315
118 7296 8647 4553 1053 8669 4383 768 500
119 7713 1604 7749 7845 1571 8479 4048 6750 8387 9315 8547 4452 8756 9082
120 7621 3909 7557 9353 5738 9688 5179 6979 7641 5138 8372 1340 489 1364 4625
121 7269 8784 81 3830 7153 5624 2288 5715 6609 8819 3349 7783 5388 7204 2164 7883
122 5633 9578 847 79 2962 8154 4050 472 1773 8194 213 1349
123 5154 66 5933 6865 3885 4966 5867 6879 740 304 5508 8749 9254
124 8943 3830 1271 6938 9438 4929 6457 1581 4444 2598 7170 4505 1301 2370
125 1668 3333 4298 7629 79 8861 3167 7233 5548 5404 9172 4480 7246
126 1571 3524 935 9197 7923 4221 6327 4880 5755 7358 7127 4882 605 4888
127 4961 4580 2727 1668 4170 8267 6831 979 5097 5157 9273 2342 4247 4007 2785 5744
128 8546 5319 7591 9968 8402 2713 7562 8444 3543 3666 546 5471
129 344 4538 5948 6231 7490 1757 27 2145 5000 8195 1505
130 4866 2 3149 8016 8786 9751 1993 3781 9415 9553 2895 1579 1205
131 3336 1299 5155 4260 5412 5804 3510 7480 2240 5831 2898 1496 8423 7 8887 8362 8848 5126 5531 2319 8055 3882 5172 4706
132 8769 2023 3112 7883 5326 3982 9102 4238 5185 8973 5298 6221 4272
133 9605 4432 6009 7677 7487 5704 4524 7463 8804 7299 1105 9628 6467
134 3845 3982 2918 813 1203 6389 9738 105 3881 3705 408
135 7880 4457 1359 9169 9906 8476 4340 2962 8125 6623 5603 208 5468 389 499 5426 3268
136 4679 6732 911 9534 8045 9890 9209 4901 218 6377 2420 1569
137 2 2308 2706 338 9912 1979 3998 4878 6855 6088 5806 7573 5127 7791 8217 6771
138 4933 7144 5386 3227 1773 3982 7153 8982 529 1749 7197 4107 9954 3733 379 1153 6863 8832
139 8769 7235 4985 1039 7315 5330 5657 2244 5343 802 873 7861
140 7713 2986 3691 7662 6065 5362 3097 2408 2840 136 4587 4900
141 2 4644 9478 3018 2121 5553 8984 5715 3709 7513 2896 1625 8744 8092 6680 5029 1080
142 6829 2703 4176 2962 4314 4731 7174 5105 6776 2996 1229
143 8387 9322 7949 6030 3796 7290 8157 1908 425 1763 6917 197 3318 1895 7961
144 7337 8172 2288 3894 3388 5522 3189 835 2197 7927 4935 8920 198 3190
145 3232 9153 352 924 7708 8383 1383 8277 6632 3251 6488 3474
146 1281 7162 2983 935 8172 4366 3730 2962 9636 5439 1007 4122 569 9403
147 128 5029 8041 333 557 5307 5588 9942 3349 1147 757 5387 6031 5897 9302
148 3712 2 3683 4971 2030 3023 2096 6899 6516 7153 601 1276 3074 745 3662 2531 2718 4975 7181 4804
149 1125 13 6003 8189 9892 766 1432 1803 1408 3674 6270 1183 1061 3853
150 3685 7240 6029 7762 4408 9401 4443 1117 1534 9902 6266 8652 8270 7322
151 2785 9848 960 142 2976 2537 9036 7520 648 8334 9475 3292
152 1120 7429 3206 4326 4592 2265 5117 2879 5705 3157 4376 205 3056
153 3783 7885 1402 4341 5754 2741 2191 4769 8951 8425 3291 3401 2938 5852
154 3306 4426 8683 1303 539 2140 2279 8302 2892 4189
155 3074 6831 1299 2300 9500 5855 7086 2604 3338 914 4501 2222 6236 8773 6804
156 979 4377 8063 3262 8815 4032 3373 1565 5382 4988 4867
157 2182 8040 2574 6258 6899 9244 482 737 6961 7050 518 7061 5952 2958 763 2055 417
158 322 2308 9765 3012 8431 7153 5210 5151 5509 6936 8785 3702 3951
159 2192 8722 9968 9399 7291 8342 3565 4161 2256 4537 2897 8236 3954 5654 2247 6986 7654
160 5504 2533 5676 6258 2197 8568 4314 6840 9413 4031 182 1708 7314 6260 2643 2950
161 4622 2962 6547 3865 4777 2986 7343 9545 8406 7652 2160 6385 7922 1789 8483 8967 2559 1417 3700 1348 2936 5292 267
162 9026 7236 1638 4168 3949 4429 8751 7313 8338 1122 1501 33 8711 3981 8420 4367
163 2240 4144 530 2943 4985 924 543 8736 29 8336 3310 7038
164 486 3782 1450 7120 2962 5821 5913 4616 4959 9280 492 5834 6860
165 7712 1522 9333 3894 8567 6269 3581 4071 3820 4941 6503 9674 7346 3144 2781 9144 2426
166 6816 1986 4581 101 8267 4941 8689 7351 8762 2555 9398 8035 624 6184 3710
167 384 1349 7560 6762 5643 427 8526 953 9440 4627 8371 8672 2572 5601
168 6306 8994 8005 3082 7242 140 1071 9723 4731 9053 9833 641 5905 4464
169 139 5803 8943 7567 9075 2643 3702 1113 7967 6676 2695 4586 4784 4292 9224 765
170 1668 8366 5905 6834 2962 4085 3637 5339 4925 6920 3746 353 3391 3667
171 2240 5962 9741 183 191 7559 8186 2844 8866 3891 2826
172 7713 5762 4394 3885 6196 4087 1220 9898 8457 4819 348 2846 6453 907
173 5860 1703 7949 79 2962 7701 7642 1230 773 2551 8498 5054 9014 8363 5683 3703
174 5794 3396 1668 7207 2152 2649 8503 6459 7677 5399 2925 14 4857 5756 7043 3207
175 9408 321 5380 9898 8299 6635 9007 9491 6079 1582 9402 3176
176 9762 1191 9384 9383 7405 9968 7762 1307 9523 9083 1669 4954 2526 8918 3043 7753 1624
177 4962 549 5830 9007 915 2366 5232 8339 9618 6852 268
178 8994 9711 1106 2739 7961 1276 7474 3050 3963 8191 5226 4296 4677 3326 2327 5658 6542 4193 9964
179 8994 1508 2724 7364 935 5963 1588 8502 3994 1052 2666 7440 3378
180 7968 9700 1083 979 7992 7484 4726 8881 8507 299 667 574 9829 9686 3961 1146 650 706
181 1668 8297 8268 4269 3125 4824 2555 8416 9833 734 5664 8997 5598 5892 3158 5747
182 3078 7593 3914 9132 3982 1457 7153 9139 1943 5245 3017 6388 1260 6278 6773 8007
183 9446 6827 3245 6133 1977 6938 6014 4486 4533 7816 4886 6629 5482
184 4805 2437 4314 7754 3540 2549 4567 2425 3894 9301 8766 5634 8350 5176 6134 5779 7804
185 1955 7947 7983 3317 8860 4558 3194 2553 3160 8874
186 5601 3074 3012 3720 9848 4685 4081 6269 6718 5492 493 9459 6131 2904 6218 5410 5609
187 5827 427 1340 9207 2952 2650 7311 1537 6882 6764
188 321 6019 2212 1510 9704 8235 427 55 4729 8990 4821 4548 2876 1912 7797 3426 5999 732 8169 4216
189 3872 3836 5385 1233 7091 9172 5461 2873 6970 7676 7784 9691 8418 9598 5391
190 4260 8744 8618 7342 5715 9758 3729 3203 7327 3495 7743 9870 3269 5096
191 8416 1447 6120 1898 3403 4531 979 8342 9528 4575 5350 8966 96 3804 6434
192 1837 1487 7120 3601 7153 3392 7026 9313 9587 1691 4038 6161 7685
193 520 1676 757 2555 7714 3985 726 884 6428 2759 3163 4725
194 4650 8874 3052 8622 9007 5137 4691 6549 2838 9438 8140 3440 5729
195 3936 6913 1305 5422 9233 1625 5268 4054 6014 8203 1881 9293 220 6946 3405 5261 5188
196 353 3266 9440 6865 8498 5084 2430 9887 7278 1342 2730 7218
197 832 1348 6920 7049 4909 8125 9244 2687 9935 7453 2258 3857 5869 6433
198 1989 7213 7949 9968 3249 340 7675 7736 5914 2124 8444 4908 6538 8357 4987
199 3371 109 3890 2962 9402 3789 1923 8073 7246 2381
200 1256 6827 908 5196 79 7732 569 1946 9637 5244 6382 7633 1239 3382 4727
201 9217 5388 2124 6258 4532 7732 7699 702 6170 2353 715 111 7672 4873 9487 1361
202 4353 4900 8524 6384 2768 2674 7088 8674 4991 103 2297 7438 4614
203 2785 866 2279 6826 8716 3540 536 7514 5439 3085
204 4800 321 1189 3114 7311 8016 7088 2480 7198 608 6227 6071 7318
205 8964 7019 9074 8308 3731 2860 1077 2125 1400 9076 8850 1984 1631
206 2116 6825 6030 6575 847 3668 6613 7575 3963 2721 3313 6558 9674 2565 831 18 9337 5887
207 3393 2787 6830 5880 1621 6679 7899 827 1132 4593 1334
208 7235 5507 3239 7240 745 8723 5843 8149 8949 9336 8315 4493 6210 2042
209 2887 9095 6318 9075 9014 2553 287 7314 7074 7650 5462 7741
210 1383 335 9139 790 5784 5042 5195 6590 8848 4822 9974 4743
211 6533 1916 5194 8301 6800 3061 2781 3895 9747 6541 9340 2417 4286 8807
212 5185 9570 7683 6532 5178 8423 910 2844 8429 4963 4728 3632 4266 5702 2394 9266
213 2273 838 9328 6675 3413 1364 3894 1692 3531 4013 5637 7059 8239 2704
214 3204 8005 2598 9223 2697 9129 5934 3982 4253 3835 3216 8247 9867 6565 5631 3184
215 8770 8330 4715 8507 753 501 4667 2007 7469 8619 1964 7224
216 1954 3493 844 1868 9041 4433 9686 2616 9979 4191 7215 4780 8580 6601
217 5412 3206 9997 1164 79 7133 625 1111 9565 247 3561 9388 8542 8434 5395 7014
218 550 4901 9034 493 3602 7155 2643 7254 8498 8542 5055 421 1396 6878 2938
219 8294 8296 3144 9194 5963 2121 592 1682 1746 6938 510 4015 5293 5995 1182
220 5762 9546 1771 6712 5232 369 2326 7192 2035 9188 8899 3586 9395 9283 1321
221 4199 1051 9321 8817 1619 9851 6379 1337 7746 1157 7799
222 321 2440 8140 7949 2030 4720 7508 5270 310 4286 5034 2248 8434 5559 723 3570 4035
223 1123 4134 4050 403 2647 505 3473 8178 3348 933
224 3584 7280 5301 9237 6613 4985 379 1893 2421 5073 7396 5549 6465 6626 7393
225 1668 1098 2830 1230 5553 7699 9236 9908 214 1078 9529 9593 7786 4345 5537
226 7296 5893 9181 4312 4613 5342 317 413 5816 3767 5090 77 6801 6993
227 7878 3877 3753 4558 3894 3227 6015 9676 3958 8740 4173 5336 3151 3629 9989 2242
228 5857 4102 5553 6611 3710 754 4646 6890 5473 4206 6279
229 8994 7938 3373 6414 6030 8817 8052 1909 3894 6903 1276 6698 7837 7940 7040
230 6530 1859 6021 5734 765 7914 8590 2962 6547 5376 5085 4225 895 1670 3999 8432
231 6368 2019 932 5997 9842 2650 4764 2034 5682 4736 2779 9348 7377
232 2915 2288 7153 7794 5458 4039 2856 6921 4517 8574 6554 4638 6464 8536 4499
233 7234 3012 8583 969 935 6906 9566 1273 8743 1839 1695 5757 5279 3278 6163
234 935 1668 6502 8998 8042 6635 3247 6351 8104 4660 6572 316 5193 4073 5895 2746 2868 1929
235 7715 1796 1979 650 9163 1387 3988 2036 2069 3740 2263 1081 6436 3647 9179
236 3392 5672 6889 4983 8157 8689 5715 7732 9372 1565 4693 3031 3014
237 7328 838 9192 5388 844 8431 3665 3828 6072 2314 1252 2882 2732 7549
238 1692 550 871 5159 838 7659 9180 3923 2681 7388 1822 3103 5525 8854 3863 6823
239 4579 8040 300 2252 5715 148 8990 8750 5929 1495 8307 2102 6723 448 5474
240 2790 8393 8491 3340 1230 7840 2476 6262 646 5008 9382
241 2240 2241 7268 7429 8134 3592 9356 6604 6223 8112 4093 79 1942 6391 3612 5981 1907 688 9933
242 7713 3753 429 2771 6613 120 3549 5950 5666 9466 2505 2881 3847 2418 9275
243 1534 9297 4666 5848 7962 5851 670 2135 9258 36 6837
244 6026 79 5553 6493 690 795 9581 3026 9287 7937
245 8772 7757 1677 8125 7909 3759 9786 6642 5701
246 3074 5030 2119 5869 1774 5296 3667 6260 2643 2521 5403 3024 8831 2183 7353 9347 5917 8284 1040 5500
247 9601 9315 3336 5812 6172 2617 8785 4939 2275 9510 9473 1666
248 4897 4199 5355 9197 5423 5360 2256 6963 469 7734 8992 2379 6458 8185 8136 7365
249 8938 8298 2701 3583 349 3267 7172 2384 2338 6048 7570 7037 2752
250 3427 1348 7949 7732 8632 3358 5125 6594 126 672 858 9800 9974 5332 1471
251 6800 5296 8657 4086 9533 8350 7381 4362 3121 699 1817 916 1884 135 4695 2002
252 321 2981 7979 9133 9244 1850 8125 638 6042 3132 8528 5835 8102 3596 9011 6545 9436 215
253 2 803 2314 172 4469 5685 3543 857 2065 9161 2802 8522
254 2272 5698 1289 4140 4597 1942 7413 1198 9781 3548 72 7339 9215
255 4448 7009 5322 9522 7762 533 2555 1850 3086 2431 2175 457 5287 7476 9481 1063 9144
256 7652 1766 4326 9677 8302 6672 9401 7457 3926 6886 9216 5276 9634 6548
257 4985 6147 5412 998 3074 6698 7659 368 5776 2322 2128 3894 4793 3163 5389 2157 9187 4550 9831
258 7652 5736 5196 7950 7311 4558 780 6956 9585 8309 2032 1533 3544
259 2761 4941 2192 5341 4343 4575 5041 5536 4717 9042 9448 7647 9949 4806
260 3971 1636 3123 3509 1437 944 5408 5554 1344 2635 9008 1197
261 3847 2444 6705 7355 9283 847 7652 9321 4207 4222 1020 9086 6181 6793 3653 3827 2595 138 8907 7216 7759
262 6692 5412 6054 4008 2252 4174 6958 3376 4849 4537 7484 4606 3794 4763
263 1 4834 2340 3385 1630 7220 9957 8188 797 1134 4948 1720 3527
264 5156 3885 8243 7188 5715 3671 9357 6281 3242 5152 1861 6198 3222 4387 3984
265 8994 1283 2981 8119 4345 6506 1032 4588 1414 6557 2869 2867 1328
266 1342 321 5646 5848 5085 1848 4254 9631 4304 7289 4360 323 7773
267 4928 2240 1125 6189 7762 7225 2654 1201 8532 3922 2463 3747 7951 2153
268 8356 6140 3086 9309 3095 2555 8861 4409 6706 7041 9495 9655 6274
269 8067 6563 9188 6404 6023 4172 915 4182 5495 1343 2799 1212
270 8160 4198 6086 8938 7949 9374 8762 1501 6846 5595 7984 4317 5007
271 3074 3817 5428 6586 6938 3037 8011 4649 4129 3749 4421 2099
272 7575 453 9162 8140 7442 949 2496 8457 9621 9145 5806 5621 5750 7325 8685 585
273 3936 7777 9569 6061 5869 9103 3440 3669 7862 7861 8856 4437 4699 5330 9114 7316 7357 545
274 8866 1027 2118 2476 4561 7220 9654 5070 4752 1064 7126 8645
275 7650 7909 427 76 8973 4917 951 5307 2515 8824 3288 976 1793 8926
276 1127 9033 4967 935 5339 2352 9880 737 1941 7284 899 1841 5383
277 1984 8616 7753 9688 6412 6451 2868 5272 2264 6543 2064 8463 6036 9379 6119
278 3302 8198 6635 6007 3823 2128 6066 5303 921 7489 1435 6805 739 2109
279 8960 4676 3012 2340 8914 4311 5308 5390 4563 8428 6033 2165 98
280 8994 8134 3789 9844 2715 8829 1694 4977 6597 7253 1645 8275 5493 9558
281 5417 9418 7883 5715 5372 3859 6002 9414 778 5751 7361 1853 2961
282 3586 8130 4102 8239 657 6167 1177 828 1323 578 2586 374 4242 6416 5896 8495 1031 1831
283 6826 234 2861 5584 7575 6463 2202 6287 750 257 3475
284 8580 650 8427 7788 2122 3410 376 985 412 7194 7243 8654 6962 6766 6447 4950
285 898 8994 3524 2120 391 4565 4917 1557 8175 3866 9671 989 4590 2144
286 6178 518 8200 8681 2288 981 4023 2806 7669 891 2111 9869 4343 2830 2453
287 673 7527 6967 397 9619 5023 7162 9484 7435 3883 9047 2663 2828 8514 9080
288 2240 6691 4420 7111 9703 7240 2731 6765 4052 4504 5436 4572 193 1786 3610 5613
289 5416 4010 5325 2738 7538 1557 4340 2643 1625 4307 4275 5994 3899
290 5762 3012 8293 6122 9834 4083 2555 4861 6312 3225 1194 7129 9206 1461
291 6145 1443 1383 6547 1682 5209 221 4721 5247 4671 7122 8216 7792 9296
292 8096 3745 4129 321 5063 3593 4461 6734 9968 7739 3417 3319 7933 1175 6794 1681
293 354 5826 8682 970 4939 2896 4208 6611 792 9691 2428 8125 1425 7688 9732
294 8416 2630 1581 2702 7725 79 3538 3982 6845 3359 8676 6103 5430 5797 176 9409 4610
295 8292 934 4678 6987 3498 3153 6547 182 9848 4890 732 6303 7787 2608 9218 5351 4456 6376 6670 3379
296 4769 8642 6020 8130 4199 9960 1323 1134 2962 9341 9301 7459 6366 2225 2365 9204 1375
297 8452 7813 4300 7469 2128 4690 5715 4505 1014 9736 5321 6063 823 818 6815
298 9126 1384 9990 2518 1913 8615 4956 2169 918 794 3080
299 2272 6891 5521 3830 9787 7356 637 1812 8088 8152 2213
300 5956 675 7078 8741 9866 9930 3146 1967 5326 3417 4314 2621 9507 7821 1901 3135 3415 1105
301 2169 5797 828 4778 6458 6938 5553 3313 5240 9067 9692 8572 2457 1785 6785 3354
302 5219 9349 5702 8906 9741 2545 7635 8442 7967 7012 7874 696 3442 3180 5810 5437
303 9440 7845 838 6162 1107 2643 1498 7451 3682 2302 6894 5244 2190 9567 8306
304 1731 3661 4020 5877 151 1752 569 794 9211 732 7549 5769 3494 3856 9632 1762 1118 5520 8510 5384
305 1927 9517 9009 949 3447 3452 7493 1728 386 7272 2439
306 1571 8196 4941 2254 2892 9903 7545 7796 9953 6851 4158 2492 2028 9018 4484
307 6883 1411 7781 2117 7782 1769 235 5804 7762 9174 8608 7843 3604 8863
308 391 4199 7545 6060 3118 5166 9903 8756 2521 450 1420 5551 3806 3334
309 4992 6242 427 4717 7118 5647 6457 4388 2167 8764 8193
310 7120 4980 3664 1708 9690 7450 2290 1894 4970 6216 8390
311 2 5097 4234 14 6134 4991 6329 8079 3257 7045 6849 9043 7863 5414
312 8672 5894 5354 4650 5973 3701 6101 6938 243 2941 8438 253 5818
313 4292 4518 3877 7147 4428 9236 9430 9023 8916 1159 2195 1761 9284
314 4484 3815 8104 560 529 9362 5683 979 7157 2083 6787 3754
315 1984 6533 7430 3274 8431 2480 2481 6628 229 707 4483 1920
316 5412 935 4074 4746 6891 9645 3641 6840 4025 3106 6940 724 2711 6152 1382
317 3607 433 2555 9048 3004 9676 1871 1255 2231 3931 5353 1616 5534 863 5415
318 4038 8945 2935 2472 6602 8421 6681 8908 2984 4369
319 676 3203 3012 5738 1037 9204 8852 5748 4055 7736 3005 3977 3715 9823 4418 88 9634 5448
320 4329 2986 3885 9521 9533 7711 5687 897 684 3552 9096 9961 7428 4883
321 2240 7306 3631 177 187 9751 5889 1092 6296 7117 5920 1651 393 6323
322 4224 3936 935 107 5270 3380 5179 3452 6925 7454 4332 5144 2491 3501 8084
323 2340 172 3341 4620 5775 9009 2288 2109 6846 3053 9031 1603 4694
324 8163 6147 8581 301 1326 9007 3537 4242 1105 7734 9014 2137 4761 3422
325 9188 1668 6406 2599 810 845 8879 2936 7206 1844
326 5412 5478 3942 7782 4521 236 5584 3379 5140 666 8893 7232 3869 1347 1997
327 416 7787 877 2671 7154 6938 8507 9148 7022 9396 4138
328 3877 4870 8329 6281 3538 5469 7327 5941 3523 7856 362 100 3771
329 5537 66 2184 3980 6258 923 350 62 3195 9622 1678
330 2242 449 8964 5064 9007 3514 5044 5239 4538 7414 5109 5729
331 2948 7429 582 2695 842 111 51 8573 2555 4701 3913 8531 7804
332 4032 8196 7762 1875 2555 541 5310 3746 8559 1883 3541 1834
333 9090 6914 2182 8234 4173 8366 3918 9007 5715 652 1028 6709 1953 3298 3737
334 2436 4388 4934 9351 6692 1834 1934 5295 4787 6529 9608 8637 9364 4186
335 481 7026 7351 7563 1546 9857 593 4315 6778 4751 4196
336 2658 838 6054 7055 601 597 6810 5500 1369 768 6164 8931 4214 6928 9846 3432 6374 5271 2201
337 6049 4325 4723 984 729 4416 2270 9168 1180 5327 5515 8227 7842
338 7840 65 865 3584 8994 5447 9640 5962 7213 1647 9362 6014 2962 857 9565 1202 7604 4478 4401
339 34 2499 580 7429 8170 4618 318 5203 7948 2769 8801
340 2272 9954 1763 2340 4269 78 6391 1134 9007 3794 4341 7447 731 5534 809 9184 2538
341 9345 2240 8005 5736 2962 6899 4564 8834 5953 6117 2220 8192
342 1732 1299 6836 4406 4759 4538 7227 491 7267 8955 2458 3331
343 6145 9667 1860 8966 4966 7624 8493 3053 3631 9107 6521 1884 9533 2289 4277 7903 2878
344 5248 776 8467 3490 9598 4901 3758 3513 3521 5964 7885 1231 476 9312 3573 1534 3536 6641 5677 5898 6713 5639
345 8994 2084 9189 2986 8300 684 3312 5396 2965 1307 7028 4080 8352 5904 8127
346 741 9926 5832 8008 5390 6063 5621 2870 2711 8264 5158 6289 3174
347 3936 2433 4194 5089 2155 4335 3249 7699 7675 42 9079 6115 5572 3506 609 3049
348 9859 6467 4259 133 935 3307 7377 4562 8594 1267 4855 779 7248 4851 4797 4749
349 6983 9930 427 7314 7157 4985 1117 6859 6926 1697 9156 3765 8717 3694
350 8970 6698 2701 1839 5711 2288 79 9467 63 9746 4033 8001 4456 407 9453
351 1824 513 3745 4736 321 8136 1740 2670 5743 9968 6101 218 1052 1394 3681 5693 4612 5839 8671 8781
352 7648 578 4548 6940 4774 8233 7948 9968 6385 5715 9172 6296 2617 1275 3678 7836 2828 8882
353 8837 6 9478 7438 6137 4400 4664 6584 4284 828 6467 8140 7893 9689 3936 4345 4737 3277 8319 744 3630 8882 2987 8310
354 4522 5452 1708 5677 4081 8762 6586 1405 2013 2582 4786 7916 6203 7044
355 3035 457 3153 2643 6134 2553 5789 1186 8449 5147 553 8367 3916
356 5441 7204 4521 9067 9132 6699 3506 917 5881 8667 412 8714 668 4363 1465
357 1984 3074 5256 8084 1685 7115 7581 6077 7025 771 5035 1802 819
358 96 3012 5917 5036 3824 8722 660 3961 3005 246 8768 9265 4066 6964 5466 1044 3316 6360 3542
359 7883 7949 9231 7699 7413 2614 1978 6558 3656 71 4507 2070 2305 3555 1279 3614
360 9026 1667 5637 7206 6506 5515 6636 7055 8592 4658 7413 6425 1466 7890 6150
361 1668 4199 9768 5642 9834 1580 2872 731 276 5503 1156 9508 4924 7380 6752 8942
362 4417 3074 9347 259 8387 8711 5097 7344 7762 2806 151 890 734 8739 461 1998
363 965 7083 5970 7220 8887 7672 6327 7356 6015 1905 1973 6786 5121
364 6272 1122 6916 2 9359 7282 1105 3743 4241 5456 3476 6901 8609 7043
365 2881 5528 8517 6712 8780 7927 728 6295 3634 41 1467
366 5669 9996 8043 8400 979 4564 6267 7651 8705 6909 5174 6731
367 6084 427 7698 2072 7232 6941 5838 4903 5785 2726 3677 758 2836 3676
368 3972 8261 9830 9767 6727 5673 6022 3036 9610 3752 4936 8248
369 3074 1146 8681 6731 844 4538 9779 3543 794 9023 8289 9422 1059
370 450 5005 8125 2780 29 670 2369 6002 7301 1548 1650 8440
371 8618 6986 5868 5053 3056 5169 6551 1533 9056 1236 1969 7066 9147 6972
372 3656 7501 6799 7762 5405 1028 1202 6954 2968 3423 1806 756
373 1299 7087 5306 699 6077 8125 1868 5966 79 372 5251 6996 8443 1710 1601 4624 9683 1313 7974 8390 8081
374 8770 7652 8777 6088 9043 6613 5014 7134 8589 8740 8394 3185
375 9153 2114 5003 8491 1102 6483 220 8669 6872 3505 8159 8146 7231
376 6049 550 1383 8491 8722 3894 6613 926 4914 6186 4148 9617 6953 2485 9389 5240 6357
377 4384 8997 294 6446 4607 6226 9876 4289 4226 616 8410 8978 8116
378 3008 7938 5089 352 6584 8711 5033 8618 6778 8439 8664 7066 154 1451 5402 9483 8257 6546
379 2113 7174 935 8491 6523 7798 1529 6267 5787 3460 8595 8164
380 1519 1648 6802 3059 1871 5880 9177 826 8878 9945 1168 3522
381 741 5702 5639 2158 9487 5777 852 5715 3830 919 8892 8185 7742 4382 7827 761 227 5799
382 1442 7709 3153 17 2962 2326 8310 6455 9666 3267 1458 6934 5278 8131 9087
383 481 6786 6178 7688 553 7883 4273 178 3827 5462 2039 9336 505 4378 7099 6469 4158 1932
384 1569 8163 9252 1394 6739 4504 5627 3383 7114 2422 1542 6380 2977 6138
385 3877 7372 9074 9075 7699 9850 7676 2206 463 5885 7169 9941 1760 3747 8085
386 3584 8743 6440 935 2559 3021 5645 2999 3702 1979 4764 2264 2367 1398 9400 2957
387 4800 3879 9612 9834 5168 7699 8052 2517 8248 4604 9838 155 4203 9962
388 2240 1954 457 8142 9968 2962 20 2297 9533 5041 4654 1435 3764 1847 5119
389 7179 5807 4304 7190 4570 5532 1109 7586 6165 7063 7085
390 9675 8846 9423 4086 4985 9404 8125 7967 4808 1956 7383 5972 5141 3072 272 3236
391 3074 550 4326 8907 686 4143 1466 7120 7251 5690 19 2390 4345 538 4732 9887 1195 4828 6241 8898
392 2977 3751 6510 366 3344 8495 9075 7383 3993 6078 6301 6724 233 159
393 8960 1670 745 1834 2699 4971 5326 9199 979 3252 5941 6903 3894 1977 8346 7569 5710 2676 3551 7808
394 353 321 1252 8135 5547 7439 4433 819 5011 2327 1047 7686 893 3975 1377 9326
395 7968 321 2882 8357 4549 3111 7112 6645 182 5177 1091 4892 8822 3308 1634
396 3106 3074 4218 4781 109 9968 6202 1085 8535 8389 9303 2211 9140
397 1408 5161 2346 7467 979 5493 955 7676 4814 952 2274 3027 9245 7879
398 1159 5936 7059 5819 3964 3766 54 4000 1482 2282
399 8544 3460 7724 1454 7762 2771 215 9310 9435 7472 6010 4845 6518 8361
400 8485 4491 7153 7158 9270 6618 4255 1657 2523 5656 6974 2765
401 5792 3810 7491 5933 6765 7153 8457 6942 7543 1961 799 8847
402 3012 4422 2630 7624 1480 8362 379 9588 6205 888 2865 8620 2858
403 1793 3784 1560 2320 6482 1592 7164 191 7340 5282 8382 5813
404 7296 5762 9476 9383 4104 6602 3533 4607 7786 9842 6739 1852 1725 3660 639 4192 5451 2218 8033
405 7264 1763 6534 424 5064 3664 4880 4790 6070 5304 8863 3 1314 6037 6394
406 4896 321 9990 7943 9194 4268 1777 6613 1368 3417 3004 734 3837 5234 3147 8471 2017
407 2 6245 2086 5962 2030 5880 1682 6227 1140 4214 7922 6168 6327 3836 141 4133 602 3795 9481
408 1731 732 5701 7672 9647 9940 7413 2486 6455 1180 296 7141 6456 8078
409 4996 1956 1775 2288 4020 7032 8603 959 4076 9332 6025 158
410 5762 3431 2986 4715 2490 7899 7547 1409 8470 1652 7224 114 9393 2301
411 1127 7271 4141 4909 2494 4964 8045 8031 7077 4179
412 1668 1093 7880 7465 3149 925 8375 6267 7997 638 4766 5356 8490 7105 3683 297 1544 662
413 3043 9284 773 6186 7758 6165 9686 7255 3033 6362 8782 8343
414 6721 2 2790 8263 8819 7575 4824 1465 7613 9380 3821 9386 4264 2920 9651 497
415 9537 7713 9444 4326 7724 7949 3414 5466 412 6974 153 4251 3275 3553
416 5728 6281 3982 9007 9181 7438 1496 541 1280 5705 5886 23 4475 7852 5965 7879
417 2240 5761 1505 9991 1800 3629 3565 4241 8531 1364 6555 5978 7675 5277 3325 1050 2613 9073 2309
418 7235 5445 7655 9864 6827 1238 4055 4095 3463 5017 8715 396 5667 936
419 1988 7367 1038 3758 2032 151 8155 4893 8241 9576 286 506 5016
420 1668 2643 3414 6613 2202 4444 9534 8615 9450 240 661 8337 212 782 4591
421 2240 1766 9638 9576 3468 5869 8528 3894 6425 7036 691 7694 3797 6419 6253 3956 1957 7360
422 2240 257 226 3111 2345 6506 1964 3405 5944 2408 7697 3181 3597
423 2595 8029 79 3126 7549 8272 2795 5737 9196 207 3749 9005 6665 4760
424 287 8393 745 9745 7955 863 569 5917 7071 3034 7887 9726 7654
425 1984 9189 1094 1031 8682 9904 8149 6155 7594 5213
426 396 7153 5780 6327 2392 9019 3100 483 7485 358 9130 9241 1924 4274 2588
427 9129 7498 8363 4522 2458 2070 2202 63 5617 2123 4635 1013 4328
428 9569 1060 7562 6538 7980 2962 5015 312 1366 670 639 6153 9366 7901 3772
429 5248 7709 8387 2245 3692 155 9533 7927 6584 6044 4029 8765 6395 8976 1259 7609 4527
430 7138 420 6472 5547 8043 7438 4335 6227 8095 3362 6991 4258 278 3381 7719 2673 8513
431 2120 3468 9968 6675 6686 3169 7556 5615 7865 7945 9664 3110 9999 2951
432 9216 4066 6538 3725 526 8716 4340 9398 8185 7810 9606 2850 2085 5052 9142 4556
433 7332 3494 4589 8881 6642 2962 6613 7925 5186 6592 6905 364 1097 5565
434 7430 7078 1546 652 333 6447 9842 148 2870 5846 444 9159 210 2338 2078 4195 3739
435 321 420 6506 1004 6062 9681 8306 1657 4540 2335 8413 9705 2783 9327 7986
436 578 2887 5191 5580 9199 8657 9842 3421 6305 1814 9657
437 4866 5605 4199 3530 5488 9303 1470 3058 8461 9099 3813 8812 6775 8499 8614 8910
438 1601 5548 5649 4242 1658 9047 8186 5852 2602 4999 2557 4520
439 2956 341 9526 6647 3613 5997 8430 2363
440 3714 6889 1774 8284 7248 4624 6260 2107 8860 7741 2228 5343 806 2770
441 98 5254 4871 1000 8587 2962 7388 1534 129 7329 325 4061 8950
442 3715 8081 5412 8105 2349 9777 2867 8506 7741 6095 88 4086 6257 6413 5798 6621 1948 9693 7317 4674 9176
443 608 4005 3783 4777 6613 2555 9244 9533 1479 9763 9300 8935 2275 6677 447 9232 2020
444 8260 6470 1000 8462 8143 2327 1105 3926 7543 6101 6524 5216 682 5429 2611 1889 5285
445 259 7652 1668 9516 7340 7599 6486 1902 4747 9604 947 905 6179
446 6818 8132 871 4908 3341 7789 8910 3316 6613 2518 7033 7997 4938 4655 5454 478 9050
447 3745 2177 7787 812 5869 2377 4489 5590 57 1403 4708
448 9126 8427 2229 3543 2973 6527 4821 8167 2624 708 1626 3886
449 9250 8135 810 364 3982 2744 8413 888 3411 4632
450 6786 4996 3911 9579 2643 52 7545 2458 7546 451 1921 7723
451 9655 6594 321 9414 9295 2864 7028 2805 6167 9592 4089 9137 7630 2404 315
452 8162 8773 5997 1966 7949 1151 6607 7249 3143 6305 5871
453 4386 4035 9351 395 5943 6221 5940 116 4310 2839 8996 5856 4511 6102
454 9217 5412 2234 7631 4090 9827 5546 502 788 4785 2969 4110 3292
455 7968 6534 9002 8817 9041 8440 7449 5499 9533 5119 7368 4497 7987
456 8992 578 1122 2978 4453 5445 3012 2477 2962 1971 3193 5006 8670 4702 2389 7610
457 4194 9379 3877 7431 6153 7278 3151 3313 402 215 2297 6130 4976 6074 3567 6149
458 7652 5030 9930 4028 843 5715 2548 6100 8212 4542 3300 9094 590 2754 3324
459 6240 321 3299 2787 3207 7275 2896 7699 6388 1813 222 9259 4318
460 2240 1283 9830 5161 7883 9680 5040 6066 3036 8981 1022 2662 8147
461 2498 3341 429 2544 6258 5047 3743 1917 6798 685 5988 7960
462 449 8034 8994 1836 5458 9622 331 6166 2058 4994 4955
463 321 9731 3845 1062 9990 2472 7688 9611 8524 5839 2617 3964 7710 7841 438 2672
464 4002 5156 8165 4454 8491 8918 9433 2746 7223 2454 8717 8788 3279
465 7649 9576 6258 3126 7703 187 5795 9716 4279 206 9563
466 1987 5796 8516 3044 6954 8140 9967 8116 2101 3744 7859 9797 7550 9549
467 9218 1191 1353 876 4364 3086 3697 3023 8279 4027 1276 1084 5038 9988 632 3716 9458
468 9313 6605 8429 7949 1618 5659 5770 6085 7512 5252 2024
469 7489 8040 6538 1900 1708 205 9711 3541 8949 3836 3878 9895 5346 8038 2295
470 6145 5547 9841 9393 5234 2551 2327 627 4703 1087 6234 7464
471 3489 7586 9704 3753 3884 3313 8052 2293 281 2302 1034 2550 6124 1152 3723 7350
472 3235 8387 5351 2444 1134 9461 6103 8472 7389 9534 9291 696 7574 7131
473 5888 7238 7240 5770 5752 780 5016 8729 6170 6622 6854 3458 3713 1815
474 1091 773 2822 7719 3275 493 1678 979 1495 2422 2586 5277 9278 712 7606 6144 6492 5986
475 6750 1546 718 4239 7313 7792 3665 9615 6547 3926 4188 7582 6370 611 3624 3471
476 7329 5219 1576 4264 9640 2795 3368 7049 1752 7153 5176 3837 8276 3887 3991 5908
477 7296 8033 3298 4837 2188 9677 3855 9141 7190 3064 4667 4123 8382
478 1058 1571 4420 4515 8994 5962 5677 9423 5715 2484 9716 246 6999 5150 3103 1072 552 2680 8862 3264
479 6880 6530 1511 7068 5720 205 1008 9265 950 3128 3964 6378 7991 8228 440
480 2240 6082 3012 8005 7652 8105 1503 2642 5907 6872 4575 4755 8634 1216 7828 3793
481 3841 4866 9401 5316 6281 7240 3568 4340 6809 2844 7422 8738 4040 437 1002 2560
482 9024 1761 128 9057 8359 2404 4922 9533 1207 6978 5347 9538 5891
483 9953 2519 6691 6915 2 1195 460 3758 79 1232 4561 7984 1047 6168 5340 9013 2953 6587
484 9675 2572 4045 8043 3153 9522 9270 6457 9595 6573 3099 3350 7537
485 5961 9159 7949 9455 2288 8977 1107 7864 1019 8505 5703 8972 3624 1950
486 5830 2666 1389 9199 4147 9527 9986 7835 7680 1440 9238 1012 212
487 2946 5667 935 4584 9007 400 1331 1557 8918 2846 1887 3456 5723 8027 5859
488 7880 3050 6573 5880 119 1429 2327 6237 4721 4792 2135 6001 1828 2413 1075 4091
489 9640 5449 6762 876 5072 1554 2228 4372 8020 6011 7742 7904 1562 4324 7499 7510 7500 7452
490 4771 7848 9991 9039 754 4340 6713 8056 359 1664 9022 8636
491 3041 321 3877 9031 4271 1593 2974 4180 2105 2490 3326 2079 4042 714 3083 7250
492 3936 1604 4163 4326 8005 4587 8462 2256 7762 8918 5107 7536 4965 419 4969
493 4677 6053 3432 5710 8125 3827 9116 669 7817 6164 9028 6334 5662 5056 9872
494 9935 336 7987 6101 6040 6809 6839 4902 4823 4744 305 3811 7295
495 9638 133 330 5035 6986 9199 7664 2002 116 5726 4078 5081 8757 4411 2577 8509 9541
496 2981 2791 9354 7755 9930 5649 1841 7762 3672 1881 9244 7134 5024 1937 6444
497 4137 3291 7663 5392 1745 9170 1331 4948 9851 9085 8644 2910
498 3320 6501 2730 1325 2031 1907 3895 183 2426 155 3005 1262 442 9443 8792 6222
499 3330 1597 745 3658 8980 6902 7903 8600 1892 7530 9764 6924 381
