500
0 321 9284 2695 6186 8782 7758 7153 2643 6165 9686 7255 3033
1 2464 865 1921 3171 2693 9640 4139 7723 7597 2575 2962 3637 1150
2 3811 4292 9224 9129 139 5803 8943 9935 7567 4784 9075 6676 6101 3702 7987 1113 765 7967
3 4579 7887 7663 7474 8762 9301 3959 3002 2779 1276 6846
4 2784 9731 9223 2697 6441 8431 3216 2555 8247 4187 4253 1502 5631
5 6848 3232 7076 4004 4681 6411 7531 5716 117 5847 4893
6 992 961 6945 2630 3340 3597 4176 6992 4818 5427 4147 8528 6482 6551 7762 3419
7 8510 9632 1762 1731 5412 3494 5384 5769 3661 5520 3856 7088 5877 151 794 9211 732 7549 1118
8 4002 3046 5862 5547 9358 3150 8624 2320 2962 1592 3833 7164 191
9 7652 9541 6085 6088 4938 5035 3341 1934 4655 2577 9495 8509
10 8355 8683 9848 1402 5070 4752 6190 4602 1235 4594 4463 950 7126 9007 1978 3453 63
11 3877 2439 6826 9066 4315 4592 3410 6742 7351 921 3451 9566
12 5056 2240 8490 2252 6958 4174 3794 6258 2614 6267
13 5761 3749 4421 3565 6509 2288 4241 341 6586 3037 4511
14 3264 7233 1058 1571 4420 3333 4515 6020 552 5548 7629 1072 9172 2484 246 8861 3103
15 3936 8289 1059 3267 1146 8681 844 3981 9422 1647 4538 7699 794 349 7037
16 2240 7650 2887 9095 7240 9930 6318 7314 5462 7318 7389 2553 3999 7741 287
17 257 5121 2 2666 750 6287 2288 3475 7220 1973 7672 6463
18 6278 3017 6506 3181 1457 6388 6773 7836 1405 8764
19 8892 2019 5702 9295 2288 8467 7028 4691 7827 6167 7228 9534
20 2272 2213 4454 8717 3279 7285 2454 7223 8152 1657 2486
21 3804 2630 6521 8619 3053 7864 7153 1107 1652 7224 8505 4667 1884 2301
22 897 866 8485 7880 5647 2576 7220 8249 8603 8668 8159
23 4225 2979 1670 6584 2986 6380 8142 8432 8157 2962 3764 949 8728 7961 6138 1435 765 895
24 8001 4804 935 2121 4970 5963 5995 592 2290 4980 9690 1182
25 7327 9379 5667 3269 8744 108 7743 113 6547 4055 729 2555 9758 799
26 416 1024 8455 1480 1966 2865 2067 5939 6712 8569 5980 1151
27 5279 8770 8994 8743 8583 969 8777 9930 3185 1273 6906 9566 8031
28 8994 9572 9115 9449 8715 2092 7278 1233 6865 3379 5047 7321 1019 9887
29 7041 6274 2408 1773 2655 3885 468 150 2168 7482 8861 2015
30 4769 7713 3783 3401 8425 7885 1402 2191 2741 5754 8951 2938 3291 5852
31 7232 5478 1383 5196 908 2515 1239 8824 1946 5244 3869 9114
32 9280 3936 9954 4195 8387 4933 9159 3227 4749 1773 6863 3567 529 9007 1749 379 7197
33 2 6691 8994 1125 391 2953 427 4728 5773 3758 4561 7153 5715 6933 1047 1976 1085 8567
34 451 5701 4806 9894 4744 3150 5615 8473 2555 6686
35 7360 9444 1957 1766 1383 3468 6253 5522 6419 3956 5848 6425 3388
36 1792 6691 1127 3208 1769 5678 8464 2962 9782 8470 7000 7451
37 481 3715 4196 9348 455 7563 6891 4751 2192 593 7026 9777 5521 2288 8506 6621
38 3008 8257 7938 8711 8618 1451 5402 9483 4015 6546 1682 6778 8664 154 7066
39 229 6533 7430 1000 6598 3341 3664 2481 6066 3830
40 8033 4483 1256 109 3855 4498 2962 9140 9083 8382 1694
41 1796 1316 8518 100 6692 1963 2603 6014 6746 5335 2778 7611 2973 6718
42 7744 6116 7269 5961 1834 4202 8559 3631 1875 1883 1628 8125 5310
43 8418 7651 7623 5385 1321 5580 8431 1233 5425 2873 9402 9691
44 3169 6371 7556 3110 2120 7945 8682 8939 3630 9303 7865
45 7968 8804 4328 1083 4522 2123 8363 3982 9968 5617 9686 7992 2458 4635 7484 574 63
46 9025 6339 2155 9710 6320 4209 1617 6003 4177 9139 2288 4824 8346 4859 670 3807
47 4996 4580 6686 7591 5479 745 5902 656 6448 4279 2745 8090 4923 9244 62
48 5248 5639 776 5898 2962 8467 3490 4901 3758 9013 3894 3513 6713 3521 5964 7885 1231 3536 476 9312 6641 3573 9598
49 354 5826 9732 935 7688 1916 8682 970 4939 5194 1454 2896 4208 6611 792 9691 2428
50 4736 5135 7344 1937 4093 3027 7220 9301 5654 8088 4764 7613
51 3320 9443 6501 2730 1325 6222 2031 442 1262 1907 3895 8792 183 2426 155 3005
52 96 2433 3936 8164 8966 1447 7675 3249 3506 8595 6523 8498 9079 5787
53 1252 8005 1757 9483 2553 6991 433 8084 6231 2169 2330 1085 7327
54 5892 170 9611 5169 2962 915 502 9654 4920 6522 2555 5336
55 4679 8267 6573 3919 6896 400 788 1429 3350 1014 7032 2806 2234 3099 2327
56 3937 7289 8739 9507 9866 5676 7821 1901 7314 6014 2962 8568 3417 890 2621 4222
57 7709 6533 8781 6541 9197 6800 2417 9968 9747 6327 4888 5755 9340 8893 7358
58 803 1802 714 172 4855 5711 1839 5041 4271 3926 182 9244 1533 63
59 3972 133 8743 2152 4297 8910 5999 5008 7699 5396 8572 4539 9372 8127
60 8005 4935 8296 8714 9194 5293 9584 2900 2197 1686 9111 2744 1049 5754 7355
61 1761 708 8260 5608 4073 4821 2229 7285 1529 1626 6938 2973 3103
62 9379 6213 1481 6163 8276 9110 9592 6238 315 412 9950
63 1408 7268 1668 198 4968 7337 8172 8112 5493 2329 922 5981 7806
64 3745 5444 2663 5544 4607 3278 1839 4180 6301 408 4345 1723 5757 1695
65 2785 3044 2279 9545 6826 3085 536 7514 7068 5439
66 8669 4416 7138 7683 2240 4613 8970 8938 5816 2898 3380 5270 4312 3452 317 5342
67 641 9859 9638 9576 6025 5291 306 691 1845 9527 5592 6617 4541
68 4448 1283 9898 5034 8236 3565 8428 7054 5040 2256 3914 1043 8531 205 2647 633 6586 7291
69 707 3012 3398 1382 7880 4746 8439 9332 5718 2711 6840 3641 2203 6940 158
70 9693 4290 3267 5156 8829 1573 5099 7631 4977 4785 4341 8310 9176 3262 9181 2750
71 9024 7138 9538 5219 7719 819 8116 3381 278 823 4922 5084 2430
72 2817 6532 9159 4809 7755 8972 2129 1010 8507 4340 8021 4630 186 1019
73 5220 9316 7013 7 8363 7213 1230 7949 8431 3217 9522 5683 1299 79 9014 7642 9534
74 7232 2 2211 8389 2726 6054 758 9303 2072 5785 6202 3676
75 2785 321 9475 6724 8165 3751 233 8788 9013 4406 9433 6078
76 3257 964 7429 5414 1668 2864 4593 696 6329 827
77 961 9826 3074 9924 9094 9990 8134 971 3371 7344 2865 8030 6612 2970 123 6460 7263 2047
78 321 4866 8387 197 5254 9415 1895 5515 3149 2895 8626 8786 9751 7162 6334
79 5603 8516 5796 5321 4300 5326 6063 9967 9906 7922 4690 6229 2101 8116 1948 6623
80 7715 1796 6436 3836 330 8439 3988 2036 2069 2263 1081 9179 3740 478 3647
81 3549 36 4933 9194 8989 2986 9871 7315 8660 949 4982 8982 4569 732 2813
82 1698 8994 4644 6084 5030 3677 4903 6941 9295 7698 2836 2939 4445 7775
83 580 4837 5700 5743 8208 4018 6834 6258 600 1146 8507 1407
84 3714 419 1604 4965 4326 8005 6382 335 2256 5391 9139 8918 4822 4086 6590
85 3744 6425 2345 6602 3530 2962 4857 5974 153 4700 8125
86 2240 3845 6505 7274 3660 8045 8526 9647 5232 8212 5880 953
87 2240 8547 4452 3909 7621 7557 6979 9315 5738 2699 1105 8756 1340 9949 6750
88 5537 66 2184 3195 3980 1678 6258 9622 62 923 350
89 2144 7296 898 3524 9671 2120 391 4590 8175 6141 4565 4917 3866 989
90 3872 449 4772 7015 6827 1517 2061 5391 3568 5969 5074 6258 2643
91 1761 4292 9284 4518 1159 7147 4428 2195 8916 9236 9430 9533 9023
92 4258 4996 9380 5063 7115 5900 7025 6227 731 7581 959
93 3714 8644 2981 2107 5835 9133 7950 7248 6260 2964 215 5239 1850 4635 9436 8125 6042
94 3811 2662 935 6472 8329 1518 4335 5715 5941 4182 3383 216 5469
95 1729 4955 4994 492 3821 5339 3536 6166 183 888 9787 7356
96 8770 8291 8135 3913 3210 1964 3376 2674 1043 6167 501 7762 3927 1534 7543
97 5536 7235 5445 4806 7655 936 3463 9864 396 8722 5017 5341 4095
98 8261 4936 2218 9610 1931 6094 14 8469 5590
99 33 2274 1638 8615 3035 1384 4168 3949 4429 9293 7153 8338 6613 1913 5147
100 8352 4900 6506 4587 684 8300 7662 3691 4400 5683 2965 2840
101 1793 1410 7909 7753 1387 9007 6161 3896 9331 4372 7510 3288
102 9598 8356 7784 3086 9007 2288 753 6706 7091 3095 5461 8498 6999 9595 9309 5150
103 2401 9762 5155 3812 1956 9384 7240 3562 780 9997 7980 3535 5393 5458 5715 6104 7193 6011 4253 8895
104 9154 7909 9413 6821 9349 2986 7115 3759 9786 57 6970
105 5122 2 1668 3084 8460 8717 8209 9876 3353 30 5407 935 7721 1962 1327 8753 4542 5950 3012 5962 9301 6875 7153 2555
106 450 3716 3012 3334 391 2121 1420 6060 3118 5166 5551 496 2521 5053
107 1120 9217 6913 9827 2950 5546 5677 6260 2969 4090 3004 5022
108 7074 1250 549 5830 8140 8079 3000 5789 4991
109 321 3620 4199 5672 4137 650 427 7538 4275 9170 3899 3167
110 8224 7105 259 2494 8711 5003 13 9422 766 7405 6003 8918 1432 4954 412 6270 7743
111 7841 6594 3427 321 5125 7367 4240 5332 6613 9526 8632 858 3676 3358
112 6145 3044 7464 7880 5547 5645 9841 9393 627 5234 2551 2264 1087 4703
113 897 4035 7428 9096 4329 7915 684 4883 4532 1083 9372
114 1120 8705 3204 3206 2598 4936 9867 6731 8400 9533 9940 7732 2265 6267 6909 7742
115 451 4996 8710 3911 52 5748 7546 3421 797
116 608 1189 9991 9737 3114 6412 8463 7088 9968 6227 6036 5272
117 706 1571 1604 7749 9700 682 4048 9082 8479
118 7649 4100 7703 7111 6220 206 7190 1303 7545 6555 7966
119 96 3961 7174 5036 3824 9265 8722 6964 7798 246 1529 6267 5917
120 3330 3842 7429 2696 4493 4126 5280 7228 3648 8770 2628 1865 7116 9040 6608 6101 6613 8797 3936 4985 8170 7285 760 1145 5884
121 483 1924 358 9130 396 7485 4274 5780 3543 2392 9241 9019 3100 2588
122 4320 4325 6150 7736 9517 2861 1466 3153 984 2202 220 2270
123 1028 3239 3080 6986 4173 3982 6799 9199 6290 7187 8723 8149 5843 2968 3423
124 6720 6306 8387 3310 1134 8241 530 7038 4786 2943 5016 4985 29 286 1055
125 9313 4259 3050 779 268 1230 623 16 7055 1267 1047 4667 4797
126 5888 3713 3458 7713 6854 7238 5770 5752 8495 1815 5016 8729 6170 6622
127 6049 550 1383 6953 6186 8491 9389 2288 9617 4914 2963 4148 6357 2485 8722 3894 926
128 2624 5893 5416 5994 8427 4010 2252 5880 6801 8118 790 310 1207
129 9217 6369 4504 4873 715 2124 111 2353 1361 1394 4532 7672 702
130 4964 1256 905 3307 7340 7599 7377 4562 8594 4851 2961 5751 1534
131 9472 2780 8260 7431 5800 8648 7367 8237 2326 2422 4985 3644
132 2273 4311 7688 5161 3531 9328 8147 5011 1364 982 8918 2746
133 8034 2147 2340 5161 4974 8078 1752 7438 7672 9593 6010 955 7676 7773 4254 9631
134 8801 9538 6691 3836 9351 7687 7849 5868 9292 7439 7732 8954 2395 4572
135 5920 1092 5513 7306 393 2572 4045 1580 9522 9043 6262 4855 6457 187
136 5664 352 8294 510 6584 8268 7022 2671 4081 1746 5747 5715 4533 6613 4824 5598
137 353 3746 8366 5905 6834 3667 4085 3637 6360 5339 4925 3391
138 5282 297 9450 5035 8812 3501 9714 2963 3414 9657
139 8067 6563 9188 6023 4172 8716 2799 7055 915 4182 5495 1212
140 5216 2240 3522 5285 6470 8878 1519 1168 1648 9169 2611 9945 3926 9177 6938
141 7234 8771 1507 680 745 4779 4269 2702 9426 3573 8821 4341 6490 8125
142 449 6914 7141 5701 1131 9622 9270 9816 3705 3738 3325
143 1440 1313 9986 6786 5830 4457 1389 9683 6996 1012 9238 5306
144 321 6370 3460 7719 7880 7979 3596 4239 7472 6545 8528 9011 9615 9075 215 9310 3132 638
145 8987 1283 1414 6506 7659 77 6993 6482 1203 979 2869 379 6557
146 2724 1508 7364 2630 3877 5962 5963 9199 7440 9264 3378 1588 3994 1052
147 5089 4194 6115 609 8996 5572 3049 42 4335 9139 3797 2839 5880 7036
148 321 7170 7842 741 3782 362 4235 6188 3184 7121 7730 6613 4887 8862
149 9569 6818 4611 2615 8040 4168 5553 4850 5045 4087 8473 9438 8703
150 128 4837 8678 4123 5897 2986 2188 9677 436 9942 7575 6488 4667 924
151 6913 5188 8421 2984 8203 3405 5422 9293 847 8945 4369 9233 5268 5715 1881
152 6210 6053 4677 2887 8315 3982 6164 1557 3190 6295 1814 1467 669
153 7652 8837 3526 6764 9840 6579 3350 8502 6426 2941
154 9953 1986 321 8196 871 4941 2254 1425 2643 7796 151 7000 9018 2492 3518
155 5605 296 3432 7019 9099 5488 2288 9074 1077 6775 4956
156 6273 7650 2494 4964 3942 7652 8973 976 6899 4917 1141 8926
157 7779 8549 1638 3592 1806 6223 688 9582 7120 3027 1907 6391 5339 5405
158 4290 3845 9830 8169 1567 5677 8367 9458 2962 7028 4538 7356 2911
159 6752 9768 8041 9834 9453 8942 9199 5588 3156 757 2872 8635 4924 731 5503
160 3936 8643 5316 3749 7495 3176 109 1838 9391 3885 5780 437 6937 1276 8029 7422
161 7488 7810 9283 6346 5611 5848 2035 2326 7192 2620
162 3456 2946 8899 5667 2117 8027 4584 6920 400 369 1331 9395 8918 5723 1887
163 3298 773 8155 2182 4199 4842 6800 3121 2002 5296 916 2165 4086 4695 9141 1105 699 8350
164 5953 9189 7047 6281 9545 6635 5261 8911 7091 9109 4054 4341 7322
165 6240 352 935 3243 427 6480 2642 7155 7828 5907 6646 6963 2933 5715 8798 4575
166 321 451 4327 9513 4269 1262 187 8052 4948 7864 9945 1626 3739 5534
167 1668 741 9926 5158 8264 5832 3174 8008 8493 5390 6063 3982 1299 5621 7903
168 8390 7271 1127 1708 8045 4141 6584 7450 6938 9246
169 6272 8225 1122 2528 9129 7949 9201 3926 3544 4638 3743
170 9280 5509 486 1450 1964 3982 79 3056 9147 6972 2525
171 932 9638 8614 8491 4078 4049 8757 6679 9112 4411 2557
172 1987 3044 8740 7878 7207 2956 14 7859 9236 1619 6647 2649 6362 7677
173 7712 3747 5412 2153 4908 6189 685 7951 7346 8532 3670 1560 1917 2463
174 5795 4035 6025 4489 7850 6250 7983 7032 3450 8603 1663
175 2465 7174 9161 6153 6829 5208 4717 4176 8402 6776 3257 4314 4731 670
176 5248 1 9122 4923 6082 1222 3720 8841 3736 5307 79 1973 3285 6101 4920 2747 6044 9533 2622 5631
177 9440 3392 5515 7949 4750 5327 3055 2128 7508 3067 5309 1342
178 5473 1186 9189 6279 139 109 9902 5997 7949 2487
179 389 7880 745 4650 364 3052 7852 1359 3440 5137 786 6771 9533 6303
180 9989 969 2379 9676 844 6318 3151 3982 5777 3958 8920 3770 3227
181 481 6786 6178 6469 9094 5030 2152 553 9930 843 2925 3324 5462 2039 9336 505 7099 5756
182 1601 482 5251 5412 4902 4744 5966 7087 336 305 8081 7120 372 2517 6040 6809 8125 7295
183 7296 5537 5730 5575 3851 5071 8215 4086 2070 9529 5981
184 8291 3076 5630 3036 9680 2962 4819 8981 3894 4087 348 1022
185 1537 5827 8743 7368 9002 5715 8468 4504 2842 2363 3004 3613
186 4544 193 1153 9964 6542 251 1106 2739 9842 3766 2843 4157 8191
187 2272 5698 72 7339 4140 7501 6415 1202 4597 3548 9215
188 9056 5665 6247 935 5355 1868 4496 1520 6551 4155 8413 9374
189 2113 8132 2059 8141 4721 2962 5075 8212 1525 6197 5943 9788
190 5986 7235 873 2187 3436 8461 7052 657 3058 8724 9270 2842
191 7296 4993 353 3493 871 2024 4091 6762 4537 9938 6770 2996 9655 7033 9050 8091 5022
192 9218 8292 420 4678 3012 4456 3498 6987 2765 2608 5584 3379 5140 182
193 5860 773 5574 1703 7624 2437 7652 2123 9485 719 6547 7701 2551 6712 4090 9244 5054
194 4800 321 7043 5412 2952 3144 2220 7311 9359 6901 8476 5307 5468
195 5856 4386 5412 1668 9351 7240 395 5943 6221 3982 978 6739 5940 4310 6102 312 9270 4511
196 8416 2242 9126 5926 2983 8297 3629 2641 3701 918
197 9857 321 2308 4039 5127 2569 935 5456 2706 338 3027 6771 9912 8217 3998
198 1345 8897 9414 135 9640 5179 3370 4490 5676 3376 8786 2643 8372 6646 955 9244
199 2881 4226 3331 4035 5417 9418 491 4556 638 7997 3859 5372 8375 5052 3549 5950
200 832 6433 3074 1348 6920 7049 4909 5869 9935 8125 3857 2258 7453 2687
201 4769 8130 7459 9383 1191 9960 935 5166 2225 9204 9301 1429 5978 7675 3836 2365
202 4161 5892 5926 8936 2157 2327 7381 7702 3543 1817 1884 1534
203 1956 4486 4808 9675 8846 9423 272 5972 5141 4086 7383 4985 9404 7967
204 8128 1665 835 9162 9803 5547 3245 5838 560 178 3189 7286 7927 4985 4378 8573
205 9990 7591 9194 3004 8652 6029 2703 3666 9941 1368 2713 4443 8444
206 1377 5156 7686 8135 3975 9225 2567 3083 9357 5213 4895
207 9028 101 7817 9225 7467 5710 9872 6642 3827 3636 3543 4345 5690 9116 5662
208 6208 321 6917 774 1927 9641 3275 843 3796 3318 5499 8572
209 3746 4163 8196 7932 4969 4587 718 4188 4238 3665 8462 5107 7153 9436
210 3392 7968 4027 8746 7787 8784 8018 2258 5426 853 4758 6331 8671
211 9537 1668 9125 7429 2155 7724 173 9356 8143 7669 3414 3612 6974
212 6691 1731 9957 935 6863 3631 4127 7668 6549 2135 4026 7804 9438 4734 5727
213 3841 8738 2695 4199 8780 3634 51 6035 2487 7577 7804 4701 1534
214 3523 6918 6311 1416 2217 4684 4045 2672 7153 915 5592 9468
215 3936 1830 9833 8746 7949 1743 9456 6449 5905 7000 4121 4731
216 9161 2314 5547 908 2892 6483 7283 3061 6739 1399 3830 8669
217 611 6184 4522 7469 3501 4941 4082 3411 3284 4505 2107 2655
218 1953 9090 3298 582 9738 4173 3918 3158 3543 3737 1692 6077
219 5401 5259 9453 9966 590 4851 2548 5203 55 8185 4028 4542
220 9216 7457 9634 1954 1766 6886 9677 8302 6672 6548 3894 9401 254
221 4992 6242 4388 9349 518 6604 7118 4654 5647 7699 981 2167 1847
222 8130 5613 9041 8817 8689 4497 4052 2034 3610 9398 7449 1786 6014
223 9856 4417 461 1998 7344 2806 9271 151 9977 734 863
224 7652 5535 1450 8586 1038 1967 3312 6865 4020 1590 8887 9433 8987 3135
225 6880 2240 6530 440 1511 3144 6378 5720 205 9007 1008 3153 3540 950 7991 3128 3964
226 7575 7361 79 4304 401 2802 5015 4469 21 5559 1848 2231
227 6048 2788 8996 3527 2570 3531 7736 8817 7570 7799 1720
228 9953 6657 6020 9413 1375 1034 7118 7992 2197 182 6840 3547 6044 4957 4031
229 6881 2787 4377 268 6063 79 7537 9968 9459 7540 3316 9526 1531 8057 3643
230 6145 2472 8105 427 9036 142 1774 9296 7122 1682 8916 1047 7903
231 833 737 3393 3849 3473 8178 4594 3894 7159 7288
232 896 1409 3394 4129 9188 6406 9543 4776 8879 8176 7185 1844 7413 8151 1498 7899 3005
233 97 2 1347 5705 426 4521 236 6986 7413 6101 4376 666
234 5504 6049 2367 2533 6440 1708 2957 3021 9400 6234 5499 4764 2559
235 8769 3877 8647 4553 7951 8561 5685 6934 3639 9270 8889 6170
236 3841 321 8772 6152 4074 9645 8817 2322 3188 724 8949 4025 1467
237 9634 3715 676 4418 3203 5448 3977 5738 1037 6258 9204 8852 4055 7736 88 3005 9823
238 9408 5380 3012 4967 4040 8299 1582 9491 660 7699 9402 6079
239 2340 550 5159 6823 8234 7659 9180 7179 3923 5525 8854 3863 2681 4315 7388
240 1152 9313 2179 5770 1034 8429 3313 2713 2293 6613 7512 4217 4027
241 3043 1988 9576 1482 2282 1900 1038 5936 2128 151 506 5819
242 7575 6467 3492 7397 9030 4091 2376 4908 5371 7675 4987 8444
243 806 7883 5388 911 8284 2770 2228 5748 9209 8860 7741 447
244 8773 7974 6538 7086 6831 8240 6289 2222 1710 6804 4624 2870 7153 9848 8443 9500
245 1505 4866 9578 7342 4974 9168 8657 1180 8145 4723 79 6809 2844 4990
246 9153 1666 7299 4197 838 1125 7496 9181 5398 6614 2105 7482 7677 4798
247 1696 833 8610 8259 1093 2054 3657 8491 2701 6095 2512 2128 5775 4051 3673 3227 9340
248 9345 5953 6882 6117 8390 5736 6764 2962 2643 4564 9908 699
249 6561 3012 2502 7750 6216 9098 4426 4781 2771 8535 4218 3997
250 3207 4264 9386 8362 3291 497 8722 1331 9651 3668 9851 5726
251 159 2977 6404 420 3111 9705 6510 9327 3344 9681 366 979 7383 3993 2335
252 5825 6534 5738 3594 1164 1682 7125 1078 9527 4310 438 3643 7582
253 36 7044 8140 7117 5934 3471 5168 3505 1677 4437 823 3835 2327 1663
254 1760 1920 6786 2595 4260 6628 3274 427 7372 569 3729 3767 8185 9850 413 5119
255 9216 2850 7810 9606 526 9968 6002 7923 9398 9142 9374
256 4480 4298 9931 7246 7887 7955 1496 5404 9726 3167
257 4448 7009 2790 5287 1063 9481 457 3086 4591 9522 533 2555 1850 9371 2175 2431
258 8992 4897 1571 8136 5355 5423 5360 2256 3059 6963 6101 7734 826
259 9379 8005 6950 6119 8616 7753 9767 4558 6543 2064 6451 2868 8950
260 5185 9570 4963 9347 7683 5702 3682 6532 4266 1771 8429 910 3632 6162 7762
261 7137 5090 8099 964 1639 1353 4366 1134 79 9335 6231 2555 2845 8543
262 7428 8932 9230 5040 914 9404 1910 1655 1494 6169 4892 8477
263 386 1700 9478 9517 2030 2671 8144 9009 2128 3731 5270 3895 6584 8185 3447
264 6245 4133 2086 9481 427 141 2030 9968 5880 1682 6227 3795 1140 4214 6101 6168 6327 602 3064
265 4384 4289 4866 8997 294 8134 616 6446 6702 4721 6001 7026 8410
266 8898 4828 550 4326 935 1195 686 4143 1466 7791 3026 7251 5690 19 9007 4345 538 4732 7740 9887
267 324 1669 8473 7753 1322 5166 1657 9523 3827 3573 3413 5560 3897 1307
268 5089 2402 5033 569 1201 6451 2457 6362 7547 2654 7225
269 7552 7072 7709 9923 3301 9862 4553 6412 6829 5519 1201 6258 1105 9842 9848 8349
270 3074 7782 2119 2183 745 1708 1774 5296 1040 3024 3667 6260 2521 5403 5500 5917 8831
271 5666 8804 8357 1828 7078 5704 4586 3050 429 5326 7949 4432 2418 2135
272 3106 8994 3685 6266 4606 6538 5962 9902 8016 3541 6071 4408 9401 7322 1117 7198
273 578 5191 8846 979 3860 8757 8502 1111 6710 116
274 8768 4066 9604 4104 5161 3660 5359 2288 8274 6899 1044 6611 3542 5466 3005 4607
275 6656 8192 3521 6371 4008 5961 6861 6899 1396 7193 3418 699 8413 1950
276 7968 3201 1667 1534 2186 3036 6636 4173 8170 7508 9206 5817 2330 2491 2460 670
277 899 100 5383 9033 7275 2352 7762 6388 1941 9880 6267 541
278 7777 545 9569 4234 6061 9103 3440 5330 7699 7316 3669 7862 7861 8856 4437 4314 4699 4180 7357
279 4800 7329 3879 9962 4203 7883 9838 9903 5168 5340 8052 8248 1626 155 4604
280 4194 9379 6149 7431 4199 9898 7278 3151 4976 3313 402 6130 148 215 2297 6074
281 3552 2754 7624 8620 9968 3890 6100 5687 888 6327 6363 6364 4607
282 8642 287 7654 8393 9129 1323 7949 9745 6770 863 3034 9341 6366 7071
283 5024 2981 6534 2791 935 9354 7755 6444 7949 5649 1937 1841 7762 3672 1881 7134
284 7296 4834 9414 2616 5418 8527 5232 6672 8914 5778 6200 3385 7451 8125 2366
285 4546 2621 1571 9317 4484 9063 6020 1289 5445 720 8689 7762 571 28 7389 4158
286 4487 5646 8910 1680 9297 4758 5399 121 7962 9019
287 1442 2915 3206 871 232 2857 6543 7762 2998 247 760 1238 3514 4407 8542
288 6144 2240 4866 1091 773 7719 712 4199 493 1678 9711 5392 1745 3789 9303 1495 6938 6492 5277 1470
289 7296 1444 7487 1412 7814 2340 172 6062 6287 8762 6903 6489 2330 6367
290 7937 5859 1028 4870 9287 6026 8907 4664 153 6493 2846
291 7329 4962 5219 1576 4264 9640 2795 3368 6030 3887 1752 8276 5908 3991 5176 1979 3837
292 4961 2785 4580 5157 2342 4007 2727 4199 4170 8267 6831 5744 761 4247 9273
293 8599 8354 9704 5322 8043 5868 6734 7311 9040 9043 7060 116 9207 6201 1340 2461 4735
294 8994 9830 7049 9326 5807 4304 5011 8725 6165 3254 9818 9533
295 704 8186 3909 8681 9067 2219 5548 3313 6610 4242 4886 5592 7097 3354 5948
296 8608 3489 3522 7843 7781 8135 3656 6954 1579 6124 4818 756 9533 2302 511
297 7489 5762 739 3302 8198 8523 6668 6007 3823 6805 2422 5303 1435 2109
298 9312 5410 6506 1004 6414 6062 7986 8306 5492 4340 4540 8413 2783
299 322 2308 5509 9765 2986 3951 8431 8785 3702 6936 5210 5151
300 3072 865 3236 987 9052 4974 4591 8337 2962 6067 212 5531 6428 4444 2202 6491 2044 8125 958 1631
301 1984 6573 2413 4721 1075 119 4792 5627 7676 6237
302 4000 65 3584 4985 5447 1159 4855 2032 1202 7059 54 3766 857 4893
303 321 5154 66 5508 740 9254 4966 6538 5867 8749 5933 304 6865 7762 6879
304 1028 2309 1800 3629 8366 9073 9781 7062 6709 5277 1942 1979 1629
305 5441 3074 259 5412 8134 4521 8714 9067 4363 9132 1465 3789 3506 917 5881 8667 668 412
306 8416 673 1505 8130 9764 5637 8964 3480 9704 9688 5295 4658 3222 4216 3514 8955 5948 4414
307 1989 8006 2215 7240 2124 7213 6319 340 5428 8343 5914 6494
308 4896 2017 2240 8994 7943 3147 4268 8270 9903 1777 5234 1339 8471 3417 3001 3837 734
309 3847 6793 2444 2595 6181 3119 7216 6705 7355 7357 9283 3653 8907 847 9301 9321 9197 4207 4222 1020 9086
310 9153 6913 2114 7365 9926 2791 1102 8495 6352 7344 6802 115 8146 469 1718 1140 5715 1564 8990
311 1569 9890 6377 6732 8045 9487 4592 3056 9903 1105 2420 218 6619 5117 2879
312 4929 2370 2723 7713 1896 1581 4112 8113 5649 48 2160 7762 9438
313 6593 6242 6147 9187 998 6698 2157 5776 2322 759 4793 6938 5212 6046
314 771 5701 2918 333 5902 6031 3349 1685 6389 313 1147 7997
315 8481 8866 1027 8645 2118 935 1064 8293 2476 9871 4561 7220 9654 9533
316 2272 5247 673 1443 2114 4199 3944 5962 4620 3533 5775 7792 4721 6547 8216 5209 2109 221 4671
317 7840 1792 6148 7204 2280 6731 9292 7213 177 9362 9779 7604 1978 3163 9565 4478
318 4032 9605 7463 1031 2765 7949 6416 3249 6167 6009 926 7487
319 132 5386 6554 6560 6049 2979 2730 8493 5295 7732 7734 1336 6338 1348 583 2121 847 8786 2003 468 8424 9453 5749 5115
320 2272 9184 9954 1763 2340 4269 78 6391 1134 3794 1075 2962 6165 4341 7447 731 5534
321 1050 4644 3626 8459 2509 815 9199 209 1496 4218 9725
322 7393 6626 6465 7396 1893 1763 5549 9007 7280 5073 5748 5301 9237 2421 6613 379
323 3074 5126 3336 2192 5654 5155 4260 8362 5804 3510 8887 7480 3012 8005 5831 8903 6601 4314 871 6382 8055
324 8994 7907 9924 835 5968 5904 8338 7120 3092 4565 2646 501 2650 2973
325 4928 8999 8781 6544 2129 1394 336 1556 918 8475 6109
326 2240 6787 1955 741 3815 8874 7947 79 8464 1593 9851 6655
327 706 8035 2787 3300 7947 1107 6270 3710 3583
328 5634 4805 2437 3385 7545 7754 7699 5779 3540 2549 6134 4567 5176 2425 3894 8350 6675 8766
329 2240 578 4548 453 4774 8457 2828 9968 8657 8882 6385 9172 949 1557 5715 6296 1275 7836
330 2722 2243 8004 643 4230 259 4134 329 7333 5860 2991 5880 2033 2962 372 6101 2744 4380 9023
331 8865 8997 3847 2505 9833 4624 2771 1364 1332 5624 9466 9275 120
332 4928 3936 8387 1477 2663 1611 9675 4875 8751 8080 6192 4720 2962 2294 9722 5339 1501 1439
333 1568 5153 7010 5449 2858 5554 2264 1053 9790 4383
334 9285 6086 4039 5445 2060 1645 8434 7794 9844 9558 7512 2715
335 7040 8994 7938 7940 3012 6698 3373 6414 6030 8817 8052 1909 6903 1276 7837
336 4193 6456 4677 4296 2475 4076 5099 8431 1180 6611 5047 7960 7961 4314 8764
337 6883 1411 5412 7654 1769 235 5804 491 5997 8462 3954 4694 8342 6938 9436
338 2240 3329 3745 9797 7272 4937 6281 9129 6188 6351 879 1616 979 8052 5145 1342
339 4038 1305 2472 7498 6602 8908 6836 2070 2935 6681 2202 8284 1982
340 1728 2785 2240 8615 6826 1098 2830 9999 782 6991 8495 9236 214 2458
341 2408 425 9322 1288 4755 1908 4821 9556 1299 7290 9567
342 5794 3074 4132 3396 5799 2122 234 4364 2730 6766 5584 985 7194 6459
343 4352 321 8740 7368 8394 8043 1039 1328 2868 7797 5014 1912 4729 4027 7134
344 2305 3555 325 3614 3656 71 2028 2892 76 9231 8531 2614 1978 4507 6558 1279
345 1280 5728 7879 5705 7852 5965 3982 5307 9181 4626 23 1496 4475 541 5886
346 3456 8544 3074 8361 3753 7724 1773 7215 9041 4433 8756 9686 6518 2616 8154 3326
347 1510 5736 5196 6956 4558 7311 2032 9585 2288 8309 3544 1533
348 8383 1954 9153 1763 8810 810 7530 557 5102 8980 7829 2806 7710 6623
349 1 9188 133 935 7664 3376 2002 5970 1621 4183 5081 5658 797
350 2722 8389 2245 2790 140 9612 6700 8172 8016 1007 7949
351 3362 1668 9669 3590 5351 3399 8728 1546 8618 2444 4760 8958 3471 7759 6613 8278 8472 7131 7549 9534
352 9792 5573 5224 1837 2735 403 9492 7734 2518 1691 1822 2239
353 5894 9990 201 5354 5673 4396 1775 7090 342 440 2941
354 673 8162 7590 3143 5064 4585 5036 2069 8757 4666
355 6592 5186 1860 7652 3494 1097 364 2289 5138 5715 7925 4277 3703 6905 5565 2878
356 3225 5762 6312 1194 6122 9834 6827 4083 5748 1461 9206 7129 2555 4861
357 7264 3 6534 424 6712 5962 79 3664 4880 5715 6037 4790 9366 6070 6394 5304 8863
358 4579 2213 9127 8520 6986 9931 3691 6547 6516 5557 1239 5308 4607
359 2338 8938 8298 9834 2701 2384 2192 6066 6837 2135 4570
360 5601 3074 3720 5609 6218 8392 493 4685 4081 6642 9459 6131 2904 6810 9659 6269 6718 2264
361 6464 5986 6597 3877 6281 8275 7253 5493 9278 2586 7708 1694 8927
362 3584 9633 6982 2983 2345 5679 9745 1398 2999 1688 3702 378 5595 4093 4991
363 7169 3747 2790 8393 5962 463 5008 9074 9941 8085 7676 5885 2206
364 7680 2210 6889 8330 4715 3275 7469 2007 212 4823 7224
365 2977 257 226 4326 2408 6281 5097 3405 3597 7949 7697 5944 5466 4251
366 5376 352 7074 6530 1859 6500 5734 6889 7914 8590 4505 5085 6750 5343
367 6368 5857 1219 1668 9445 6458 4845 2029 7377 309 7319 5144 3194
368 7714 2759 520 1546 1676 3985 7762 884 757 4725 726
369 2560 9569 2242 7048 7562 2349 6894 1774 8178 1299 5685 1366 952 9401 2555
370 1336 9250 4644 5353 3018 5482 2121 5553 500 3125 7285 2647 6680 3709
371 9408 3521 610 995 7531 3790 5327 8720 9745 7699 2548 5913
372 9601 9473 9315 2275 1666 9510 3336 4939 8785 5812 2617 6172
373 416 5762 8964 9546 2794 2125 6318 877 8850 8308 4537 734
374 2240 321 1668 3012 6502 5895 8998 5193 7498 4073 3946 1036 9163 9072 9461 9785 2746 316
375 2018 7332 9829 1979 8134 650 299 4589 8881 4726 8790 3961 667 9628 4861 2423
376 1732 3557 2822 648 1801 2537 2986 6830 214 3192 4538 7227 5885
377 7234 2 6884 4138 8618 780 1230 9423 9396 9716 5462 2680 1690 9148 8862
378 2240 281 8711 457 2058 331 1836 5615 9968 79 2962 20 7350 1174 3192 2297 5818 5119
379 8960 98 6851 4676 5390 6033 8914 4563 7413 4311 7545 5308
380 2948 8581 8522 301 111 9007 3537 4242 2769 79 7734 4761 6938 828 3422
381 8228 4743 2599 4360 2983 845 3759 9007 6134 2936 8666 7835
382 8162 6851 5000 8046 6543 8654 951 664 4538 9887
383 352 7170 5852 8994 2 2598 7628 5932 8943 1301 6421 1271 6457 2875 4444 9758
384 9218 9955 3716 9988 7206 1191 1353 876 3086 1084 7216 9458 8279 632 4027 1276 3454 6748
385 1889 7713 8260 7845 4550 9831 1000 7659 5389 8462 8143 368 1105 7762 5429 3894 7543 3163 6524
386 2240 323 4547 652 335 8821 5590 3541 2555 3548 5308 5085 9820
387 5728 8675 6052 8263 9387 5643 4429 7885 7123 1236 3125 3320 2235 3100 3741
388 6337 3524 3625 9932 1102 1711 3537 5553 2931 5715 9717 4054 2391 2327 7261
389 9953 6915 5703 3624 460 6030 9455 1232 8977 7762 7699 2519 6168 6587
390 8930 1192 8717 366 686 1521 6258 3347 1117 469 6070 1116 1693 8222
391 7845 6727 4013 8239 5840 240 2704 7762 9716 661 3126 4279 1692
392 1474 7652 9224 8335 2288 5170 4947 4564 7225 5114 8158
393 8416 6241 6434 287 6021 5350 935 6120 1898 3403 5387 8342 2390 9528 9302 1658 541 4575
394 5729 6916 7290 8874 8140 8622 79 5456 7282 6258 3476 1364 2838 4890 4221
395 3581 8580 3493 6503 2781 6601 9674 4071 3820 4941 844 4780 4624 1522 9333 9144 2426 6269 4191
396 448 5474 4579 6723 3877 2 8040 5929 300 2252 8750 5715 8307 2102 1495 5437 8990
397 3712 3683 2531 9579 4971 7181 2030 3023 2096 3662 4975 7153 6516 7413 601 2458 1276 2718
398 9216 5538 472 3784 5257 8298 8434 3123 8789 1973 4728 3579 8828 5341
399 8906 9675 3180 8043 2545 3442 7635 5748 696 8442 6938 7967
400 7651 8644 5669 5449 9996 5072 1554 979 4372 8020 4564 5174
401 2977 1569 8163 9252 2817 1542 2247 7114 3083 2897 9399 2974 3455
402 7744 2497 2468 8164 6054 966 9676 5391 9235 1940 2777 2555 3133
403 1725 6347 2475 3597 1069 4782 4558 5169 8491 148 7066 6077 542 2687
404 544 1409 6054 3431 4649 3817 4715 3465 9393 114 2099 148 2490 6938
405 641 323 7242 1453 4241 3793 4755 9688 5945 8248 1403 8188
406 353 3266 7240 9132 8269 7218 4050 3348 403 7157 505
407 8967 1417 267 4622 6547 3865 8483 4777 5292 7343 6327 9930 1105 8406 7902 7652 2160 6385 7922 3700 2936 1789 2559
408 6818 8132 5798 4648 8170 7789 5454 3153 6257 4340 7317 2614 2518
409 2724 7014 3561 8043 9388 9997 1164 494 7133 625 8434 5395 9874 79 7732 1111 2555 571 9565
410 768 2658 8931 838 6374 1369 7055 601 6928 7987 6164 597 4214 5271 9846 2201 6810 5500
411 8096 3745 4129 3012 3417 3593 6794 4461 6734 1681 5715 1175 6744 7739 6938 3319 7933
412 3586 578 8130 4102 1831 5896 489 9353 1323 7641 8618 8239 657 4242 4625 374 1177 2586 828
413 7648 7493 6940 8233 7948 5325 2738 4307 979 5436 2617 3452
414 1824 3681 513 3745 4612 3015 8671 1740 9132 4140 5839 5743 2671 4462 1052 2879
415 9920 9857 8801 4517 3534 3316 565 2396 5210 5691 3036
416 8960 7808 2 1670 2699 7569 8346 9129 1834 3252 5941 3894 1977 5710 5326 979 3551 745 4971 2676 6903
417 1094 1031 1383 7594 6954 5868 9293 9549 1969 819 3928 6301 7550 3999
418 608 9763 2020 4005 2275 3783 1479 4777 4326 9232 2288 7859 9300 6677 6613 6938 2555 9244
419 3074 5412 2761 4575 7403 4941 4717 1517 5041 8183 7190 4119 5467 8159
420 4632 1642 4778 1465 8235 6769 5170 9172 5653 1785 888 2457 6778
421 2560 3554 4100 5317 7429 5412 7688 490 1098 3596 8780 2607 4402 6613 5048 1467 6653
422 2498 3203 5988 6692 4008 429 3341 6798 2544 4849 9842 9968 3743
423 7904 4736 4324 3460 8136 9640 6762 7499 7500 876 2670 5064 1562 2228 7510 218 6011 7452 5693
424 4224 5416 7720 842 1611 3022 3311 4306 5426 52 8469 1942 9301 8861 1343
425 7328 2882 9192 5097 2314 5388 844 2732 3665 3828 6072 221 7549
426 1153 8069 7144 3338 3658 4107 7903 8982 6902 2300 381 5855
427 2240 2593 2277 6891 9021 4718 8157 2610 660 8470 7228 8509 7295
428 3810 7491 4708 7494 6727 3753 4589 8847 6034 4658 1044 4309 7699 6942
429 6529 4388 9126 9351 1319 199 1834 8167 3886 5038 9364 4340 4314 2555 8637 6527
430 5504 1536 3624 1546 9323 2203 3471 7792 7313 6675 3926 2555 2264 4763 7484 7582
431 3553 7879 8200 8681 7883 4814 5617 7762 2453 4023 891 2111
432 2241 9347 5030 6665 5737 2795 9196 9005 5869 207 8272 7694 8105 9968 3126 7353
433 3104 7073 4449 2589 6054 3721 5708 9133 718 3854 3152 1777 9615 6675 3388 8605
434 7840 8546 9382 5319 646 7562 3340 2476 7949 7154 1429 6014
435 321 9666 6185 6153 427 7980 1518 8270 1525 9366 8117 1051 7901 639
436 6144 4674 1348 4522 9930 1708 6413 6861 6095 8081 5553 2867 6613 4086 88 2169 8762 6203 5240 7741
437 7841 1724 3146 5132 4397 5839 5362 9618 9619 755 3670 3671 3862 5715 7036 285 1630
438 1281 9636 1668 5869 4366 3730 8978 9876 3380 4122 9403 5439
439 1220 4229 8457 2826 4394 6538 9741 4751 4727 2844 2846
440 2240 7043 804 810 1515 8592 3697 2643 1078 6872 8634 3995 1503
441 2721 3586 2116 7652 4838 6825 1002 9545 3313 5268 8725 9337 5756 6558 831
442 2338 3235 7430 7078 9291 652 333 6447 210 5458 9461 2870 5846 3739 444 2078
443 4352 8577 8002 5539 9152 3074 934 5351 6376 3274 7787 6670 9968 3153 3379 7351 6523 732 7262
444 9859 6467 2981 4134 1668 1032 1929 4588 3982 6351 7248 2867 8119 924 543
445 3772 675 5956 8741 312 6914 8430 1871 3758 9526 3415 2998 6938 6140
446 6583 8194 5762 4420 3111 2441 650 8427 7788 8654 6447 3410 6962 2391 472 8125
447 5633 3041 1349 9031 9545 4463 7856 4050 213 6457 3771 5053
448 3041 3841 2819 6468 7237 4901 4168 563 7255 5207 8440
449 1697 6849 611 4033 8994 7863 3082 140 2701 1071 4367 9746 3830 407 183 9723
450 7874 1603 7012 7267 2439 9031 9385 172 3053 3341 9009 7828 3604 6846
451 8353 5862 906 6699 428 524 4846 7087 1683 5556 5044 8021 2486 4505 9533 4959
452 7050 5452 7916 7153 7669 2582 4759 6872 6586 220 7231
453 6978 8387 8765 2245 1259 3692 155 4527 8976 1625 7927 7609 6395 4029
454 673 5762 3877 7527 2663 4362 7435 9484 2828 6967 397 7504 7762 9619 9047 5023 6458 9245 1279
455 7489 5346 2083 4484 9895 8040 3754 79 560 529 9362 6545 8949 3963
456 5178 7560 7241 9805 8655 2480 6193 2962 6675 3894 2586 4028 9053 3966 1759
457 9664 1984 1474 2 7429 2951 5067 6156 4491 7663 1299 4948 6618 2523 9085 2910 4255
458 6179 9604 259 4616 4747 9516 1902 3182 947 5715 3037
459 768 3936 9090 7813 7782 4999 9736 2602 7647 5649 818 7762 9047 5211 6815
460 8064 8736 417 2 1252 8042 6282 6572 3982 3247 4144 2868 4660 9592
461 421 550 4901 935 1737 9034 493 6878 3602 7155 2643 7254 8440 8542 5055
462 8193 3330 1597 9764 1400 1892 5507 1513 2860 8301 6924 4400 9076 3061 9014 8600 2781
463 8163 6147 8969 842 9707 1326 7183 1616 5276 8881 7699 9014 2137 7196
464 8485 2765 6382 3599 7633 3382 7158 9244 2942
465 6145 9667 4966 8966 8038 1198 3631 9521 2673 979 8373 2295 926 7711
466 8416 9409 4610 3543 8676 5797 6698 6635 1581 2702 79 176 3538 5430 6103 6845 3359
467 2881 5528 8517 8423 41 5097 9007 9266 7927 728 2844 637
468 9162 1932 8685 7085 5880 3473 7442 4369 4273 9621 5750 6226 4158 5886
469 6240 4066 3299 2787 2085 9259 3725 9007 2896 1813 4318 222
470 965 5733 935 8042 7083 1905 7026 7030 4440 4761 4862 6015
471 5252 8836 5412 5195 6155 6605 4061 721 9265 8149 2394 3325
472 2369 450 7301 1548 5005 1650 6002 979 8440 2780 29 670
473 5792 1156 9508 3877 1961 5642 7786 1289 5933 7380 276 7543 799
474 8552 6442 6443 7276 1200 4465 5904 2835 4343 8090 9758
475 2 6019 7685 4038 5702 8234 653 9741 9933 8560 3601 5810 79 6324 2288 5494 7833 860 8990
476 5408 1344 321 3971 1636 2635 1197 944 9008 5554 3123 3509 1437
477 3936 2240 5794 619 7768 7800 792 6547 5748 7574 6103 696 1497 9270 6907
478 5442 7684 6327 5766 1801 5517 270 7955 412 9301 2902 3447 120 8281 7447 8989 4286
479 7105 1093 9094 2279 7465 3530 5356 3149 8302 6545 8499 662 539 925 4766
480 7968 1634 2882 1091 8357 4549 3111 7112 3308 2962 6645 8822 182 5177 4892
481 8992 2240 578 1122 2978 4453 4702 2477 5006 1134 1971 2389 3193 7610 5340 8670
482 1697 3074 321 9156 2 6983 6859 3694 6926 6066 7314 7157 3765 3830
483 191 8866 2335 7142 7559 7143 4102 7790 2128 3891 6196 1560 8186 7899 9311
484 8769 9478 2023 3112 8744 9102 4272 2896 5298 4948 6613
485 5185 7586 1127 3881 2634 8973 6221 1487 4624 1841 2674 9587 5326 7949 3830 8984
486 6656 2 3012 8453 9192 2986 3051 8140 4855 2638 8722 5907 4500 5301 6452 5621 728 5111 6299 7325
487 7575 8001 5282 227 741 5639 4456 7742 2666 2158 9487 852 7732 919 8507 4382
488 2880 321 5 5743 7887 3153 9588 4854 3866 3292 991
489 3524 8791 3175 7848 1449 4880 9521 2962 7127 987 3516 605 9695
490 5952 5121 482 3584 3877 518 8040 7050 7179 9196 8491 2958 2574 6961 6899 4985 6267 9244 763
491 6211 2436 4292 4934 2565 9608 935 9674 7883 1868 5295 6575 625 79 4787 7191 4186 1757 5887
492 4192 8033 321 9476 9383 2218 6602 5451 3533 7786 5386 1712 6739 3156 1852 1725 639
493 8480 7234 7077 6695 8775 3977 1577 5899 5228 8652 8045 7049 4909 9968 79 435 6552 732 9245 9887
494 2561 7713 2084 4166 9962 9035 4080 9336 1307 8860 3135
495 1664 4771 359 3885 9039 754 5715 4501 2711 8056 6713 6331 8636 9022
496 4737 8837 6 9478 7438 6137 2987 3630 8882 3894 4151 4664 4284 828 6467 8140 3277 7893 9689 3936 744 6258 8310 4345 8319
497 9446 6534 7816 1195 8011 6381 1871 7984 7633 1202 7536 7252 6133 79 1977
498 129 8994 2375 6457 9258 6379 6416 3827 8503 1337 4666 7388
499 4032 4867 1668 7652 5382 3373 8815 4377 4988 1565 3262 8063
