500
0 935 7561 3082 9021 3436 5005 2892 9807 3261 2645 148 1207 6968 8413 1470 1791
1 6339 1924 548 2858 8235 2349 9079 241 8699 5016 8987 2652 6205 2207
2 1216 3110 7 3849 238 9231 5244 9533 1460 4055 2425 5210 3963 4092 5085
3 7296 1979 4230 2247 1098 4076 6956 79 1363 5300 5622 2679 3928 6327 8251 3453 5886 4541
4 8768 6020 9577 5962 2413 3950 5232 7825 3828 1973 6389 9878 6261 1403
5 8994 6915 1188 9093 5258 1002 4589 6577 9169 6676 1396 2006 8217 7579 2396
6 3012 3877 5948 3143 5993 6826 2028 2640 2962 6452 5621 2460 2555 4412 4958 1087
7 7265 6598 806 2152 4744 2666 2607 5919 6325 8284 6653 4223
8 9733 9096 5259 8846 5783 4120 8994 1084 7997 8125 1472 2240 9285 1615 5848 2272 5228 3188 8696
9 8352 7873 4226 4832 196 4869 7463 3176 3113 8830 8683 3723 6062 8498 6613 6042 1822 3391
10 263 5131 7854 3859 4851 2868 2067 1303 7672 4569 2175
11 1728 3332 1157 1477 4170 7275 4875 9803 2986 5072 9745 7026 3507 5652 213 9464 889 8637
12 580 389 8677 8682 6986 7916 4014 6831 2577 2962 436 4500 828
13 4448 5188 3207 490 951 210 2041 6999 8089 9082 9948 7837 253
14 7744 4352 700 1114 1591 71 493 304 7699 252 9303 88 9914 7228
15 2240 321 4196 7782 2182 935 8874 4907 2959 9393 9845 9142 3061 602 9019 7772
16 2 8132 7014 9991 935 2807 2861 9244 7888 723 1556 438 2295 8984 3673 4216
17 2243 6243 7431 3720 9194 9912 6030 5907 4947 7669 950 3543 7128 1467
18 674 7299 995 1989 6502 8005 5064 8332 9848 9976 7120 4213 7000 2076 8703
19 4998 2962 5269 8858 8221 5155 2598 3371 9007 5942 1212 976 5848 7001 4060 1507 4326 2663 3835 4988 4861
20 9698 4547 836 6245 2596 1031 4377 3877 2417 3320 8441 4155 5148 4126
21 6400 769 1796 5509 5126 8455 297 5226 2986 5551 2324 3222 215 4954
22 1766 4904 4237 6190 5679 1168 4528 6161 7605 6811 8860 7165
23 5409 6335 2 4313 9125 6280 6475 2636 3184 2451 9689 3418 5341 415
24 3936 3300 4964 3717 454 2984 1668 2123 1867 4176 5458 2071 1528 9532 8989 9278
25 3584 7332 8644 3719 7 3913 935 4687 9008 624 3027 6652 3894 7031 4666 316
26 3872 3457 2724 6749 9508 8636 2508 7949 689 6490 732 7389 4990
27 3936 5572 741 3174 2297 2597 7017 5412 8830 4556 5069 7055 5842 9496 8473 4027 5532 9982
28 8931 4293 2886 4486 685 7344 9968 8531 1429 9526 1400 699 1694
29 6787 6920 9 9871 2842 3355 5275 5925 6438 4136 6702 3382 8502 2114 7493 979 8293 4199 7413
30 9505 2 935 7849 6986 587 9742 9744 3025 2930 3762 6613 8055 7129 8538 1307 3612
31 8897 4674 259 774 4551 7563 1230 6929 786 115 4052 6421 2555
32 2946 6374 8870 8040 7335 5962 8523 8812 9838 5166 5903 7664 7890 4626 6901 6776 4985 6330
33 2059 4651 8396 3438 7883 7281 7601 8915 2014 2934 4086 5880 7358
34 1664 4513 7575 2392 1799 5417 9930 106 2680 3216 4176 151 8792 9241 2077
35 2240 5156 7429 2876 8137 8105 6029 6993 3185 2835 1492 2741 2166 2684 221 8511
36 2240 5505 9409 9187 6821 7239 8233 4874 653 8689 5491 9144 5912 2555 5822
37 5408 9664 2402 802 7716 4186 7296 8071 9640 2288 2962 7155 5341 5882 1533 5022 447
38 5024 7162 8680 7626 2475 8125 8402 9235 6547 6263 1401 5338 8220 6109 7614
39 1345 8835 3525 6823 7751 41 1642 6699 7980 4717 6060 4362 7153 4726 3958 2714 476 1534
40 7681 2211 9306 966 8293 8648 873 268 8781 9459 5658 989 3167
41 2851 2570 5548 2958 1906 9522 7220 9299 5398 3286 8120 4314 574
42 3936 8354 867 3045 8905 6154 2697 555 6193 402 3731 3348 1042 979 9592 923 2653 1534
43 4322 199 3529 393 9835 9677 3757 1648 8179 5461 9846 8024 4217 5884 3103
44 6208 5248 2510 46 8499 6964 9780 2046 4311 8794 8382 2941 7870
45 6531 3588 7438 7060 8343 1564 1440 9141 2628 586 5962 6100 8151 6492 6500 9829 4583 9834 8429
46 8866 3586 9124 5285 5917 1774 9266 9554 4468 1043 2739 4858 8955 8605 8990 3807
47 231 1293 3679 4302 1840 7828 3349 6582 8031 1368 9817 861 190 6495
48 3233 7938 9063 5384 6538 3036 3021 4751 3857 8529 3891 498 2871 5180
49 8192 2240 3843 1444 7653 1702 2662 7434 5195 3774 557 2511 6419 4214 5880 6587 1789 6270
50 8641 9528 321 3401 8331 6639 7474 7764 1558 502 3574 1691
51 5762 7043 408 1305 7833 6301 1439 5920 6573 4401 7992 7485 9407 4679 1102 6992 2768 7253 4966 626
52 8713 6925 5778 7699 2962 4761 6938 9244 5284 427 5038 8114 6456 7742 8130 5322 7755 1740 82 3954 4347
53 1666 2755 9028 8549 4834 5322 6635 5171 7699 6613 5595 2838 216 5147
54 3586 8579 3461 7438 9623 9757 4765 9377 9901 3894 5305 9535 5440 8900 1350 2892 6101 2530 7793 5885
55 9120 450 4804 5412 9865 8144 8977 6868 9429 2070 8917 9016 7932 5565 1919
56 7552 6662 656 8090 6447 8625 4787 5564 3012 2635 863 9443 3047 1262 5615 7665 5492 2420 8702
57 4865 5601 7525 8199 8553 2731 1390 5326 3696 9716 7412 4539
58 3776 6275 9450 1770 4140 3565 3916 2544 9619 8756 2677 9684 979 9688 6137 1565
59 8932 1801 9738 600 8368 9840 6879 7088 22 4950 6902 1727
60 4867 9892 4527 8883 8627 6197 7508 1304 2457 3386 2555 1053 7903
61 6241 1122 1417 7146 364 4972 7662 5008 6547 2900 5301 1975
62 4481 451 6727 5224 8776 2122 427 1900 6381 6509 4047 1682 9682 8471 5114 3996
63 5280 3138 3907 5988 6054 6087 5497 8442 5804 6541 5390 9518 8953 2873 1175 1785 250 5756
64 2626 1314 964 4802 3144 8013 560 3217 6608 9779 5110 2712 7231
65 6144 1574 4809 1546 842 908 6539 2830 5135 1868 8811 3023 2643 2422 4314 2172 5853
66 2147 7269 1414 1606 9129 8527 497 6071 1075 3706 7447 696 6074 6972 413 6687
67 3393 3651 8583 715 2319 3546 7762 7636 6168 5561 7738 2492 3549
68 7075 1892 7718 3226 7115 2764 9836 8305 2551 3961 9690 925 4318
69 9382 8134 8684 9900 4951 9848 3792 6801 6547 8276 1781 5493 1430 3992 3195 3964 8894
70 4631 2534 1897 5386 4367 3504 3505 1586 3953 6292 116 23 439 7285 4379 8349 1790
71 1668 3467 7949 8208 8209 1429 5784 921 793 286 2863 4020 8887 326 1227 3660 7131 5869 9968 754 9338
72 4376 5698 4281 6021 4457 8338 3540 9270 9622 6102 3161 9146 8603 3357
73 6370 6595 7076 4837 4995 2981 5503 6889 4985 2251 4079 336 8053 1081 8767
74 7651 8841 9545 7181 1776 2065 8243 3573 5911 7800 478 5631
75 4704 6817 6213 1734 3814 935 2476 3693 1902 3885 6192 7088 8722 8309 4949 9498 7134
76 3841 9954 1763 9736 3721 1515 5950 3376 7762 6003 9492 1431 9848 9529 1083 1788 9470
77 4168 5449 8671 8238 8017 6642 2963 84 8757 3000 4890 284 9885 2815
78 9600 8711 5736 3049 3594 1160 6316 204 1678 9557 1686 247 7004
79 740 9317 7205 6346 2252 6765 1198 79 6258 1908 2548 374 1140 5302
80 2 2533 1319 5994 4654 1135 981 214 6710 9722 4315 7166
81 2240 7329 5441 3011 3747 133 3048 655 5456 6640 7606 9239 5819 9823
82 8994 5124 3749 3398 2662 9798 8644 3946 5869 9872 4721 6963 4981 7607 1626
83 3008 1603 7078 4311 6952 72 3180 9299 1780 4533 8022 2231 7001 1018 7709 958
84 9025 9636 9188 9962 4842 9548 5962 8430 3022 6931 1044 4852 9301 2615 2555 283 5213 8671
85 6210 5382 5544 5004 2032 1040 8528 7443 2962 2485 9111 8248 1625 8666 1757 4350 2047
86 2145 4385 7783 9704 2568 6797 6734 9998 6237 7574 4185 5117 6110
87 8736 5825 1218 8804 4100 6052 773 937 9129 1003 5580 8493 5871 496 9968 952 9402
88 9953 996 5412 6534 9981 5897 3662 5780 6645 4503 1597 5471
89 2468 7799 2408 8552 5385 2092 9293 9422 7820 8306 1203 2263 8831
90 8904 7752 2921 9483 8104 6253 3760 1554 6547 6548 5555 2643 1208 1308 605 5304
91 3867 9160 8586 5547 7530 6221 3053 3854 427 1585 4946 3378 3092 2932 3771 447
92 2240 3553 4194 321 8516 3146 4971 3181 8496 9265 8882 6035 4180 4629 1969 6551 6101 5371
93 7424 9185 9255 4138 6187 9421 3278 1138 7762 8277 4182 183 6393 3325
94 2112 225 1379 2052 1733 2086 839 3371 9292 1356 7090 2834 9727
95 5856 7233 5604 5287 4264 3943 5549 8403 788 2836 4661 8343 891
96 4480 7971 2916 1353 1901 2350 1553 2997 3351 6651 8540
97 4224 7183 6674 2962 1052 3741 2860 4150 8387 7108 8267 7883 4429 2126 5715 6613 477 1267 1529 5887
98 257 3716 2148 3012 6631 743 136 876 7164 2865 2068 117 8214 2232 5307 9692
99 3936 7553 5639 4648 6185 4330 9099 299 2155 9038 188 152 2780
100 34 6488 9252 2212 2340 1192 7241 5194 5708 6125 4050 4501 4856 1498 1118
101 6849 6465 4740 5800 7276 8748 1295 7439 8307 724 9077 6231 634 412 7550 9567
102 5376 9857 1313 6630 4679 8074 3755 7885 6286 9271 2647 4600 2555 7133
103 3936 7234 7556 2790 969 3241 6347 1196 6157 3341 2605 3567 401 9545 1079 4986 3932
104 3522 7012 3909 1668 4808 6537 9357 5933 9007 2998 4438 5240 9530 7996 8158 7007
105 9312 7586 4038 4902 6279 9225 9702 7240 745 2650 5334 7320 122 4957
106 2528 6211 5412 2789 2726 7079 2629 1670 1357 5715 5333 1310 543
107 9632 4290 9606 6471 1831 3019 9137 2961 5138 1950 1299 1437 3838 3103
108 321 3206 5704 5256 1832 3144 8506 5006 6126 6160 529 9234 7578 540 4286
109 9031 5769 4793 6355 7925 6805 6713 4538 412 7709 7327
110 3490 9411 7750 2887 9575 9545 7147 1581 6989 7967 5141 8598 1213 6772 5053 8351
111 4519 2472 9449 7481 4199 7949 8761 113 2962 3923 8374 2422 9593 4474 4991
112 9184 2018 1668 6949 9608 9610 2634 2987 9389 4750 4823 4952 1273 6331
113 3584 6945 321 6854 4396 2061 1839 1071 7921 882 1458 278 5049 1852
114 5665 7874 8167 27 5063 3887 1488 79 9616 7762 5399 7864 6586 9723 4319
115 7428 2218 8652 2290 8146 54 7223 538 1818 8765 1631
116 5152 3074 647 3528 9161 3530 396 3501 1134 8145 6034 9746 222 62 7615
117 5762 6789 935 5513 4558 2734 3024 5422 7120 2013 6516 6108 9949 2718
118 5636 100 3877 1479 4840 4939 492 3058 9363 3894 3031 9432 2586 8027 4317 9086
119 7138 5094 2537 4873 2922 8810 1580 9034 3982 176 4274 1298 6838 5816 505 5466 3004
120 4130 1668 134 4326 6120 9065 8076 4112 7633 9075 2643 9494 3198
121 1984 5090 4167 9192 5064 2571 8203 8750 4720 1265 178 1844 4277 6454 4285 5247
122 6560 2081 3454 3329 4754 468 5245 7669 3543 4633 9501 3451 668 5917 2494 8159
123 9988 1476 5829 2279 5929 2857 300 2989 4526 144 80 6578 5108 3158 9848 5788 7133
124 7072 5989 2504 3981 79 6896 179 3603 7157 1334 8951 6326 8406 1722
125 1152 3073 8674 8675 3012 9573 9545 5578 9040 1362 7699 6900 2199 9786 5052 5662
126 8289 5442 552 3017 7273 4649 4780 4941 366 1290 688 9874 2171 5500
127 5414 1687 9615 6832 9073 4082 4883 2099 2517 4020 7991 9244
128 6882 2 7557 1223 199 6954 4363 6827 4813 3631 4948 3509 6262 1238 569 2042 1850 5246
129 385 1988 4424 2539 6891 8400 2321 9842 5748 3449 8091 9404 9694 2367
130 9280 353 6978 1476 4901 713 491 270 5330 2707 6936 8410 2555 1468 9533
131 4450 9989 8423 8617 6282 6155 2926 9679 5519 4977 8718 1106 1105 4700 4573 4831
132 321 5538 259 9380 3972 3492 8839 399 8724 4151 4087 1144 1787 4375 2141
133 4672 545 321 3365 2150 9576 1896 5608 4490 9323 8062 5715 245 5176 3836 8190
134 6115 7588 7908 3622 9540 7609 434 7639 7513 6427 6846
135 5664 450 3653 9861 7624 2155 4685 78 9839 2034 2962 5588 9461 5146 6970
136 8515 3877 4103 5783 4777 7466 4107 781 7283 2196 9940 4535 7930
137 3521 2583 423 4008 4880 3442 6869 3894 5367 3480 9049 8253
138 8193 3074 7649 5540 5219 8710 8391 647 8938 7699 7444 8181 3542 5559 8056 2103
139 8609 929 2184 7628 7917 79 1968 9268 5748 4470 6101 3160 6937 8890 3230 6365 4121 3263
140 2848 3590 3628 4365 3664 7792 3280 1907 818 3474 2459
141 6048 5346 1186 5637 1383 8968 5386 6827 8012 6766 753 8950 7995 7069 8923
142 7201 7361 4195 4614 6089 7371 9517 7408 2736 6258 6387 7380 5788 4959
143 6303 7936 2 6724 1895 9607 7179 7180 5293 2704 2678 5144 7610 3389 4382 2431
144 7714 2 7461 6982 4328 5949 7997 240 9552 3476 6613 2582 2555 1917
145 4129 4099 3044 6692 5645 7101 6961 9714 3411 5687 8186 6139 1693 6750 5055
146 7296 8727 7173 4967 9673 3084 8783 7509 9110 3831 7929 3514 5982
147 9222 7694 782 1042 4884 8344 1963 820 7351 9791 7874 2896 5715 5605 8554 9968 2288 4594 9207 6396
148 2240 1696 2215 1383 2183 7153 5426 8723 9652 4053 475 3894 4472 2521 1595 1085 6783
149 6592 800 961 229 8646 2029 2670 9710 5014 4407 6327 9434 7547 8766
150 2169 2370 7427 8962 5401 8263 935 8910 6744 8025 6778 6523 3580 7741
151 6561 8930 7587 6276 8711 9102 8785 7153 2962 7762 5715 5558 2007 3672 2908
152 2785 3512 8043 8845 4048 2289 5744 7379 5968 1335 1912 444 5660
153 8386 9831 8425 8298 6796 4653 367 79 6165 2421 983 9305 8862
154 2113 4801 5347 9316 9157 4836 3012 2414 5840 5086 6971 2654 1663
155 3744 321 3074 3836 4229 9926 9510 317 9573 1038 1142 7734 7960 4923 7517 4093
156 3041 5158 9351 5068 3629 3885 9424 4144 180 1909 569 8092 1534 5855
157 2656 6467 135 8664 4142 3183 2643 5204 9112 5467 926
158 9472 8770 7235 7688 4908 236 7759 7377 2643 854 8215 1049 6044 3869
159 993 5731 1756 5477 871 5674 6410 146 4275 9075 7762 5335 7673 3739 6460
160 3521 9732 3494 3014 8010 6379 8780 7568 4241 2550 729 7963
161 8581 2190 1039 2962 2715 1056 2341 1195 9147 2365 447 4035 69 7367 5713 3552 7652 9455 3576
162 1636 6022 3302 5192 7949 3600 1169 9011 8821 472 4377 2074 9820
163 9408 6688 321 8803 6020 5059 2630 1731 6506 9580 1263 1299 2869 9398 7127 3830 8057
164 1987 7365 6680 9132 5389 780 1871 9968 7249 8050 917 888 4505 3068 3613 3326
165 2240 8964 8297 8491 8717 4206 2927 3920 5326 1394 7698 2682 9693 766
166 4801 2657 5732 3338 5867 5036 8716 5134 5999 569 945 3926 3383 2584 6134 3966
167 3772 582 4588 684 1708 7213 4983 4017 2062 5775 9933 4020 9463 348 7519
168 6785 228 2437 9671 1576 2953 6567 7087 6609 4914 6905 7541 3641
169 2049 5186 103 7305 9644 8431 7730 8116 6742 9015 7807
170 2752 6337 5251 3012 3625 2249 6217 1453 397 8272 8850 7699 3032 9597
171 3982 2326 5924 1064 3374 5814 4797 7237 3015 9036 6861 6092 1617 3163 7652 5990 5609 1904 7153 4340
172 4096 2690 3012 5960 2858 1392 2800 6002 3667 3738
173 8225 1634 8773 3050 4266 5997 2766 8942 5552 1625 8722 79 6740 7736 3802 4698
174 1568 3980 1619 3316 1972 9621 5047 6131 8373 6200 6356 6134 6101 702 8223
175 8416 6176 3458 2595 8103 3271 6409 3850 552 3536 2515 7156 2327
176 193 321 2531 3429 9862 8487 1800 5961 2409 4901 3884 1613 2770 2898 4532 7348 3990 1343
177 4610 835 4638 4232 4359 5675 3218 7827 4882 7795 510
178 4323 2693 8133 3240 7915 3534 4975 2329 4378 4061 1246 1823
179 7456 8669 2240 4387 5892 9443 9543 5831 3116 6706 6258 5715 2453 7197 1183
180 7968 4228 3012 6886 5446 5321 8490 650 6188 2796 6416 5520 7859 6677 7287 3194
181 1760 673 8676 9413 1668 2444 6444 3502 8462 2288 3665 2008 9784 6843 1343
182 4033 5410 5921 4487 1927 3753 4554 203 5643 719 2643 7861 6358 6359 7675 6814
183 5153 2 7843 3432 3820 9484 2732 6938 79 8824 4122 7739 7352 4895
184 6082 2467 3074 7045 1161 5738 6953 7902 8947 9812 8021 499 5523 5848 7225 8121 1276 6366
185 2818 355 4985 1641 9514 4074 9196 4110 9650 7186 2519 8375 1979 445 3102
186 8324 4708 3524 2343 1607 9961 4314 6349 4974 4559 1587 6867 1658 2044 5119
187 6658 2404 8005 3910 8230 2505 2314 6798 7950 7153 4242 3026 6555 5143 6616 794 507
188 7680 7040 8714 4362 139 410 5030 7864 66 8387 2116 6094 9444 1127 8812 7023 6386 7027 3698
189 1409 2 7683 7652 395 6299 4781 8491 1583 1275 53 1371 412 4253 6334 7775
190 864 7489 4866 6274 9800 2986 7839 5715 664 221 4956 2621 734 6623
191 7136 6626 8994 330 9197 2223 6704 9841 5650 5651 4370 3666 6613 7864 2874 6044
192 2176 9313 9186 771 1986 357 3497 9930 8078 7438 6417 8147 7476 8116 4980 1463 1875 9279
193 3072 9379 7385 5481 4624 7762 2165 3766 8245 7801 154 3035 7454 1279
194 5666 9219 5893 8008 1774 7727 6705 2194 7889 9842 1814 694 7322 8029 5854
195 4996 3077 8966 4107 9615 1552 7450 6554 5025 9777 6453 1104 979 1495 2904 9311 865 4963 6244 7652 625 8315
196 417 866 7544 3269 5412 9896 3370 938 2158 3314 1971 920 6201 7326 5567
197 6912 9792 736 5122 4452 7622 1353 6348 7474 6227 4690 3894 5151
198 1601 732 3493 3109 8327 2186 7627 1932 5261 7407 6224 4849 7409 9842 7153 4828 8254
199 9337 8387 7526 9416 9384 6186 3627 3819 5517 1710 7153 9140 6613 9558 5494 9657 1146 1375
200 9378 483 420 4035 2 5383 7177 362 6058 8556 7055 2353 7666 2291 6875 7487
201 3745 5057 8389 7686 4489 8650 8140 8973 4332 7602 2611 8342
202 5922 5125 9701 519 1193 9930 9759 7053 3918 3775 9086 6136 3735 6584 9918 2423
203 7296 5473 6723 8580 8487 9771 2957 2894 3376 5041 819 9075 2005 4278 1656 7419 7933 1150
204 7841 6051 9895 4846 2735 6933 1559 7546 7676 311
205 8599 4545 4431 272 6641 4656 9651 9493 4693 7030 8507 8125 4830
206 2213 1893 2533 7560 3080 4520 9992 6251 7883 5391 7217 1109 4534 758 3452 9374
207 4289 3098 4709 7945 2668 4177 147 4564 9236 2740 3800 4154
208 4544 4065 4418 899 4034 1058 9062 3305 906 2827 269 9104 726 1590 1149 6302
209 5218 4936 1418 5451 4496 5328 2709 7254 5463 6938 1759
210 8481 3842 6590 9668 3877 2471 1672 2696 3944 1611 3410 8982 4891 8542
211 738 6627 6563 8994 6054 1960 907 427 2125 5711 4080 9041 8881 7413 9752 8284 2781 2910
212 9248 3777 1153 7904 8705 5861 296 7743 5358 6479 4151 3862 6295 1723 8287
213 2305 9538 5027 453 9770 2603 2480 1621 9238 5719 1784 6169 6202 6399
214 4737 4162 6659 8130 613 1668 9129 5133 9453 2228 9721 26 3581 6494 1407
215 8000 5953 7907 7206 1191 427 4814 5966 2288 2167 2713 9466 5179
216 321 2722 2245 9318 8941 6318 9965 9168 3506 627 4855 7038
217 6049 7266 1510 3847 1775 2672 3729 9586 8474 3931 4124 797 4414
218 6913 3362 4090 8069 5061 5773 1774 3951 6289 6708 2935 3129 9050 2327 8733 8185
219 4192 9283 2948 7877 1190 4007 2055 4104 6980 2666 7790 4273 9075 1012 5239 412 4636
220 4736 3681 1864 745 7946 2121 5962 2157 7342 8125 7240 4402 9395 7638 5336 6621 8670
221 4128 3333 4422 2599 329 3626 9453 5454 6415 1777 4786 2610 5307
222 7909 8908 5901 3758 209 9172 343 8601 3130 1211 6364 2622 9119
223 9730 3364 2214 1097 6733 6158 1647 403 6455 4792 6391 9023
224 7617 7426 1059 5445 9511 5991 9193 4616 8491 6767 6544 5647 7091 7575 4857 5020 6077
225 5952 9027 8452 6693 6822 140 6412 4368 1405 5560 5433 3002 7388 2589
226 8832 2275 3557 7142 6124 4238 3759 4015 2033 6510 3088 850 4886 1847 2264 3163 8125 542
227 2569 9359 8083 6294 1560 3866 8859 1566 6307 8484 3894 2240 6860 207 4179 9300 4824 1255 4077
228 9089 5641 7786 9291 3440 7152 9842 6357 2903 3545 5563 4349
229 9666 1826 1828 707 425 3337 7211 8685 9646 1201 9364 1047 1562 5278 3262 767
230 3074 6152 265 8975 5904 6161 8098 7970 949 6465 4423 1226 5962 7884 4561 606 7396 8814 3956 6143
231 9440 1 8418 102 7270 9734 5543 2699 8491 4623 9135 9943 8728 5881 4445 5693 6398
232 5120 7298 2500 2565 6922 9163 3758 9903 6320 5111 8564 4117 5526 1078 4632 7677
233 3905 9795 581 7817 4746 2576 946 9138 2454 342 5592 8377 4699 4187 1980 8671
234 5700 4421 9758 5099 8559 9264 3503 5203 3700 8052 7316 1625 6974 9215
235 2240 8994 9475 1347 3301 3783 2185 3817 1675 6894 8015 9203 8532 4180 9816
236 8353 1700 8491 8972 6687 111 1327 49 8912 3219 1234 8863 8127
237 1857 4035 2340 8037 6470 8521 5865 7949 5295 2384 9010 4563 2516 8693 5685 4020 3830 1017
238 609 8577 8227 5348 2115 4358 9191 5672 1480 2121 5099 9071 3764 5429 1497 5082
239 5121 321 2405 3455 8361 5129 843 3500 334 5715 4084 9302 4031
240 4416 4199 7883 9997 239 1520 9937 3827 5525 3767 2744 9115 5308 3676
241 5986 3715 1410 7204 1125 1287 1582 1905 1011 52 6613 2359 9273 5277
242 7808 293 1032 2345 7880 3089 5522 916 9108 5813 9847 9304 2555 9627 2972
243 2240 1890 3812 9928 7754 9772 621 6072 7103 5946 763 6236 703
244 1767 935 4139 2220 7215 3343 9199 5395 1524 4531 5878 281 7359
245 1537 6082 2 7333 7366 1063 6565 489 5291 7451 2866 1944 3899
246 3257 7558 5446 8075 4909 6483 2035 5715 1654 1849 1115
247 3392 7392 6530 352 8260 9735 2412 8046 1871 3153 7697 2962 7414 3192 9340
248 4161 8898 3106 4655 5839 315 2224 6067 3249 4439 3547 4028
249 450 8420 5863 7368 5003 4333 3277 3151 1998 9199 9139 666 9181 3902
250 8833 418 8193 997 5062 935 4366 6511 6254 3441 50 1270 8470 9533 8477 4639
251 3543 901 3877 3242 3758 4688 9521 3313 5683 4372 4593 7955 279 6800 7545 1370 3291
252 321 3463 4200 3977 2986 6091 8844 9809 9080 6428 7160 6426 5339 8444 7709 2143
253 3648 1984 3203 6309 1496 7753 4810 2986 780 9133 7756 9523 7927 5818 442 6300
254 928 6082 2883 164 6469 8390 9253 9990 7977 3561 3074 6606 9617 7383 632 761 90
255 7652 3270 6654 1478 6377 3563 1420 9995 1934 1041 5457 7059 9076 9107 6425 8570 9533 798
256 3620 9830 1644 7791 3856 6129 1137 2992 5849 7505 3702 4311 8152 4697 3830 9852 1725
257 1952 2240 7170 8005 4552 1242 9007 7315 4822 3894 3258 2203 8252 8510 2751
258 2852 5351 7922 6014 6164 3796 4215 8889 5340 7453 7774
259 1527 5507 7020 8560 6036 3229 823 7608 8796 29
260 8578 3046 4806 5896 8902 5450 7499 5958 3982 2002 6675 6996 8371 6458 4574
261 9766 8744 745 8590 6607 2704 7472 5149 6290 4400 3737 9243 765
262 7776 3232 5794 2340 6180 6278 4199 7881 4011 590 9200 757 8566 7894 8600 2902 2363
263 3846 4870 2962 8088 9244 6691 3877 166 935 9130 8236 8134 7240 3034 9957 4456 9197 6647 760 7289
264 1224 3163 5835 3707 2189 8239 7535 9457 2288 9939 5715 7355 9628 6493
265 8320 930 4068 6918 9325 14 9935 7311 6707 1399 4377 924
266 226 8291 6371 8198 8134 3304 2121 3691 7692 2578 9428 9403 2078 6271
267 3714 9764 7654 4135 8427 141 6670 8111 79 9649 6195 3414 4279 1496 8633
268 1632 8131 8740 6345 3113 2541 2287 4819 3539 730 1530
269 96 4071 4909 4782 5554 5340 7517 6613 5913 8183 8731 153 9270 6267 1244 5821 7198
270 4361 8522 6538 6604 8014 271 4303 5265 6834 2994 79 2968 5657 604 1630 3135
271 1984 3523 4900 7687 3751 9035 5874 3006 3637 1501 3582 2687
272 352 8257 7010 1923 8708 4097 4197 4935 2856 4521 5514 2240 9101 2260 9654 3288
273 3936 8453 2342 5096 5064 332 6172 1710 8557 6061 9013 7032 9114 6620 1021 9022
274 2977 3491 8782 3984 2547 831 6741 9461 9244 6239 9790 95
275 5248 98 3043 4354 8514 5798 4727 9898 2667 110 83 5589 790 8247 4824 218 5531 764
276 8448 6306 5763 3172 935 8651 6700 9932 7724 48 2288 8530 148 2358 6743 633 311
277 1348 6181 1979 5799 8293 9902 6958 686 4625 2737 6482 2164 6613 2105 3322 9051
278 5219 6084 5957 5703 616 7789 9582 9583 4592 9585 2703 3758 883 79 2904 5017
279 7713 7868 2627 3012 7397 2118 6951 8937 5034 6987 6030 6771 6643 7161 7707 9116
280 7105 5187 2372 9541 2024 6762 6924 3023 9232 2288 8051 3125 8406 6746 6942
281 9383 5352 169 2824 9707 2267 5810 7732 9013 6038 5495 219 7543
282 9476 1861 4071 5097 2121 7821 6287 7506 7229 9588 8153 8123 3837
283 9760 610 3554 4356 5 4295 2407 2346 5643 3852 748 5625 1358 9298 8406 2201 8188 159
284 4800 4929 6402 7077 4838 485 6507 8654 2191 7314 8148 7413 4345 5692 7740
285 1248 2593 3650 3331 5123 6404 8042 2986 3215 692 6105 6938 9245 7262
286 2 2691 8068 7423 7369 5899 3052 3758 9487 7248 6390 7159 3643 2843 8094 8959
287 2882 3750 6216 4619 1388 7438 4735 3823 2513 2355 4758 4665 6778 9852 1309 799
288 160 1665 2497 4291 3584 8229 9414 1542 8293 2240 5772 1260 2031 6735 9201 4442
289 6464 4258 7747 8612 6568 3624 2795 3405 187 4877 9681 4341 1557 6619 1916
290 6431 3077 391 6599 745 7501 8142 8302 5838 8498 7285 7029 7516 8920 5977 3804 2238 1471
291 9056 2304 3104 9574 2791 4937 8618 9358 7438 3890 437 3962 667 9565 5215
292 448 321 578 676 5369 9994 1004 7788 5870 2127 1524 984 2553 6556 6525
293 129 6424 6851 6534 7559 1352 6441 5739 6191 4944 9007 4531 5847 1720 7167
294 3808 9153 1095 5257 5482 9482 5964 2298 6712 5137 4342 1624 3865 3450 2140
295 8066 643 8772 421 2917 5445 8488 7689 2124 9007 2160 17 369 7318 6296 7036
296 6112 6209 259 4484 612 5448 9480 3178 2538 1197 2192 9237 9335 5918 2399
297 1538 4391 810 4106 1930 333 6478 4272 7696 1620 8505 9371
298 9216 3265 321 5926 6890 6000 2288 5139 8885 5430 7415 1014 4475
299 8450 1668 101 838 6921 4233 5706 7118 9007 4976 2481 6672 182 8762 5211 2526
300 2210 4962 5064 8234 7086 1423 4942 6865 9171 6519 2617 5115 2332
301 5600 9761 1638 2375 3334 6920 3146 7050 6285 3406 8910 7798 1688 7577 9818
302 8842 2284 7021 7533 6351 5075 4212 8981 8213 7512 3261
303 6496 1474 7267 5412 1670 1289 5610 7787 9195 974 2256 9968 8434 7762 8340 8058 2557
304 4032 4321 1762 8449 1534 4587 847 8495 79 7956 2555 8345 6235 4158 3327
305 3713 8837 9478 1929 9674 9259 8491 9645 8466 2933 5751 5880 6457 5535
306 1187 1380 8004 7751 3754 4394 2986 8816 2288 338 2870 9913 9626 6748 7037
307 7360 4769 707 9349 165 9481 5963 172 9966 7762 4243 9205 2486 6327 9755 2810 4507
308 131 202 7947 1711 6736 6385 18 7153 5268 8341 7255 7288 2970 6526 63
309 7968 1291 1774 2671 1105 5011 8789 8918 9559 9590 9209 1750 7227 5340
310 5728 2401 3968 4132 6406 7399 8039 4102 7438 6031 8125 2897 2643 4855 3227 5596 3101
311 2 6149 8711 8720 7699 7066 3994 1697 8878 695 1336 3659 7500 6863 8275 7770 3684 4845 3319
312 7937 7042 5534 2788 1763 321 5320 3016 4718 4174 9968 6547 5044 9655 2456 9533 6014 3231
313 1761 2787 6979 7652 8009 5451 8462 9295 463 5073 4051 1622 728 2079 7486 895
314 2721 3526 2925 1774 3535 8624 5680 2867 1940 3669 30 9495 3380 4892 7582
315 3074 2819 2855 7113 6666 4713 2195 2708 3284 5046 9783
316 1569 8067 7331 4933 2340 5962 6572 7309 9740 3376 5587 7795 3572 211 5627 603 2107
317 5737 1321 4970 1964 2638 8687 6480 6959 846 5875 9968 1429 6777 60
318 1729 7652 549 8518 2983 872 7657 9866 5388 45 2639 4879 2480 847 1364 2168 1978
319 4624 2327 5272 8864 3882 310 4926 8895 1858 9159 1865 6859 1238 220 1637 8294 6512 4081 4855 376 9083
320 7713 8707 9347 7551 6793 1450 3983 1328 1425 305 5458 5397 2391 1465 8797 3743
321 897 7943 2063 5150 8363 2745 8125 1086 2240 1220 4309 4695 7647 7393 8163 7153 5234 4340 379
322 3200 935 8364 942 718 464 4018 979 2354 6909 3038
323 6725 7013 6794 4747 3308 9676 76 8143 2383 4912 3982 9968 2230 3607 5978
324 9890 8868 2695 9211 553 4590 9007 8209 7154 7062 2999 8635
325 4256 4352 2464 1091 1475 1668 710 6183 7912 1289 6505 137 6671 1779 5715 5785 8799
326 6017 8643 6679 3012 230 5981 2840 6354 3921 7762 183 8952 7293
327 321 2754 9156 1125 6775 2985 5193 6542 8539 5340 1815 412 6266 987 9372
328 7425 5412 2950 7975 6538 4683 427 6543 9551 3057 9499 7759 2288 4955 6397 3485
329 608 8994 2117 2349 1838 4783 1625 3705 500 6166 440 1753 2302 5375
330 3298 9763 2978 7652 105 9103 7440 2288 6770 3826 979 1365 7190 4696
331 1669 2918 1093 8614 170 1483 9262 7153 662 3003 4767
332 7074 9090 358 3111 7210 3915 8491 1523 5684 9013 5974 6550 3385 1627 5758 255
333 390 2439 3527 1386 970 9804 6827 750 79 8113 9078 5015 1206 1110 2491
334 8224 1284 3877 7623 7435 3885 9007 8976 8336 1105 3156 2197 7064 7865 3066 3675
335 6434 2338 2594 7619 8259 8135 1324 5169 2549 8470 4889 5690 6141
336 7137 6529 7719 6712 7437 3373 751 2833 7153 2644 1752 8218 1883
337 3424 419 4134 6343 4844 8397 8109 722 5653 6423 6938 4667 380 5437 6718 575
338 7200 8997 3303 3372 7663 3408 9265 1746 2962 5364 3381 9717 4982 312
339 6436 5797 4517 7044 5864 9669 6584 3275 6222 7887 5013 8758 5112 9436 6781
340 7232 6433 3363 6852 4035 7114 3086 8910 8464 5628 8572 7581
341 7104 8226 8663 1765 583 9160 2616 7852 3199 2962 1717 8118 7895 2488 7452 5661 4670 4575
342 1092 4327 8136 5898 171 1931 7375 465 2674 1398 4310 1174 6041 1339 1567
343 5568 546 291 4292 3555 6824 520 720 6482 5781 3256 4765
344 8896 5729 4901 5862 6574 1807 601 5170 1716 7796 9301 2301 9533 8861
345 416 804 4165 4070 2951 5546 3051 5677 558 1811 1204 5715 3927 7065 446
346 7041 8174 7567 6991 6895 2962 3668 3189 2555 8249 3354 6747 5404 4605 5724
347 6944 3543 5667 1956 1668 5996 1454 2991 8372 9876 5431 5976 4191
348 6273 2465 2242 7652 4325 935 9705 3818 7851 6827 9007 81 9908 8596 5748 9081
349 9026 3 7012 7844 303 9905 5297 9842 3701 8278 857 9370 1435 5726 511
350 3456 321 4546 5507 7652 8357 7880 7691 238 5264 8084 8436 9334 6521 9018 3997
351 2881 321 2340 9415 4968 5671 1322 1610 4171 5869 3794 8405 8438 3064
352 896 992 9827 9955 9284 4550 6534 7965 6903 8812 7598 1454 9968 6547 2773 3959 7580 2877
353 8640 1829 4613 712 109 8974 6030 7728 8242 5779 4628 8595 8729 7902
354 1505 8642 4677 9990 1925 392 8394 5163 3883 7438 9936 5880 5715 756 5590 2518 9400
355 2560 3137 5255 569 7632 3537 5298 977 84 6681 3993 636 8957
356 3873 3274 1451 9708 8907 7278 6893 2669 9070 9941 8571 5980
357 6628 1349 8421 5962 3982 5199 8817 4788 5941 6810 4635 1022
358 5634 9218 6179 7981 3634 8467 212 8786 3894 7699 952 5755 6076 9661
359 4483 2064 7699 8852 2839 3736 7194 427 7732 6458 1219 6986 986 5342 2403 7272 3434 2414 9713
360 321 8994 7494 9386 6382 2767 6709 4565 6646 2264 351
361 4576 7266 4579 708 2085 3876 1703 8296 2057 8838 9963 7438 5659 6878 9979
362 6946 547 7430 4326 2317 2351 7153 947 6005 6167 7260
363 8672 1128 2825 8362 5035 3978 7570 8376 1145 7611 4127 5951
364 4225 4743 8936 7068 5392 4145 9968 51 4724 979 8310 3447 7804
365 1920 321 1028 4805 2823 2698 8555 4045 5678 8431 3152 5748 8888 1179 8926 8927
366 4764 4647 9224 5227 5434 812 9904 8081 7120 4437 725 5079 8922 8219 1628 5597 6815
367 2209 8483 3085 6413 1294 537 3728 8216 4153 8988
368 321 324 1866 4299 3404 8045 206 8106 6028 3345 2288 8980 2774 9718 2333 3037
369 706 7779 4004 6857 7949 9903 1199 8626 1843 5175 6040 9465 6906 1117 8446
370 8451 4260 2340 4199 1481 4235 7116 2128 5168 7324 2130 8948 9330 3832 5787 1884
371 4993 2058 107 3020 9581 7313 5747 405 6614 5945 3704 1881 2875 4860 541 8030
372 768 7840 7616 640 287 4324 3111 5387 5292 6808 79 4304 1297 2288 7413 9688 1055 2559
373 3361 5826 8963 5508 7460 7174 9129 9354 5196 6001 6613 5852 7998
374 1344 6914 2885 2760 3593 8138 3148 79 830 6130 6451 7732 7989 3513 4380 9598 8319
375 5089 7811 1956 6755 5862 5219 5868 4812 815 4691 6099 9781 340 506 5183
376 4994 9859 6597 8231 935 521 6153 5483 2765 2030 9007 7924 3830 663 345 9691
377 1281 834 1282 2820 6085 955 7015 7720 3145 4645 5362 6547 5270 3608 2458 6683 4542
378 1792 8832 9604 9445 1060 6121 8909 8269 9968 8690 501 8630 4694 858
379 2369 3425 3074 1668 8325 8808 4905 2426 6448 8240 7282 5142 406 6234 447
380 1889 5349 518 2469 3973 4999 9258 1671 1739 5299 8661 7896
381 3520 4609 321 1955 1283 4965 5702 9915 6445 7951 5745 5715 1141 8634 9851 4413
382 5796 6470 8893 6 2813 3462 4331 7372 3533 9043 5748 2613 979 6487 2393 3610 5851 3069
383 6178 8994 1156 9127 4296 6855 935 1010 5715 372 3860 6068 7700 7285 1051 7455
384 6528 6466 5220 8264 8746 971 9519 7347 5054 1941 6774 4855 5715 7835 5182
385 8512 4129 3746 1570 9224 1769 7082 9675 1482 1673 5676 1134 3602 2962 4340 6934 1046
386 2566 2463 8457 3290 9545 143 7760 6773 6778 5402 6717 2270 4095
387 8928 5515 1164 7196 7629 28 301 9773 5586 6829 8212 5365 4531 7226 3132
388 8032 3521 6818 6214 8360 8328 5323 2540 1579 2093 879 523 8150 4408
389 6978 6692 6917 2844 7749 1668 7049 6474 7693 2542 4399 7406 8406 1592 2524 1629
390 4705 3937 2239 8994 8645 233 9802 6218 7340 4181 7733 374 6010 1534 3711
391 833 3075 1252 2794 1517 4494 1299 6004 5972 8246 6967 4152 1373 2943
392 3296 4000 9281 1316 4650 8916 9301 8440 9662
393 8064 739 1731 5767 1383 427 7373 5682 5107 7218 5750 7736 4572 7261 6367
394 321 2 8739 132 420 3012 6504 43 4843 2543 9906 3541 6104 4251 4381 3803
395 2051 2630 4199 3656 5161 4522 8459 9993 8491 1981 6737 4210 4692 7192 5145 4476 6557 8958
396 3394 5795 8996 8994 198 5412 1036 7949 1134 2447 177 4850 5370 3293 8447
397 5056 4449 1376 5443 3657 522 3468 2288 8241 7410 4339 1050 9947 2109 3134
398 2432 6146 1698 8134 8011 5995 5355 1266 5877 7990 3285 4602
399 9155 1061 3592 745 1805 3597 9423 5727 4434 6258 6518 2303
400 5216 4577 6692 7141 5439 9834 6669 7823 8592 4527 8178 4658 1557 6613 1719 9720 474 3423
401 4257 2050 427 5902 7503 9743 9435 9806 7891 1652 6388 8790 8119 9275 3164 9533
402 6752 7748 998 1544 200 659 2580 6133 8212 1238 5624 2746 9659 9085
403 3267 5603 7429 8170 6938 7413 9782 631 5880 6265 8346 4411 2366
404 8033 5857 8615 3783 1326 4111 9007 6065 8177 4755 1299 4917 469 9208 7163 6973
405 7008 2434 8388 3079 2567 1959 7531 7085 5326 9709 79 276 918 3415 1436 2973
406 5317 4938 2986 3822 3375 9967 1233 8628 6613 3126 8439 6486 6873 4026 9467
407 6594 3074 4133 4646 936 6025 3789 2554 8979 6584 4218 5468 3422 1695
408 9568 5378 7462 3238 4199 3562 5290 1774 8432 6324 2996 3670 5748
409 3169 7969 1194 910 1360 273 9533 2013 1117 4054 4728 3417 4763 8764 1853
410 1825 2146 4901 6311 6440 6503 1514 1256 7723 8105 7510 6745 4062
411 3297 5273 9797 1640 6602 1834 3797 183 2872 9401 6618 4091 7549
412 7429 4903 2952 9833 3783 9004 3982 79 7856 8658 4435 5332 7699 3895 6588 9566 4671
413 5504 3074 1979 8678 1159 9032 5097 4684 7824 2777 4308 411 7256 2265 6075 4444 6269 3071
414 9602 3202 2 776 8969 2066 3099 3106 9123 4134 8899 8644 6739 7123 9047 3544 227 9066 4591 2673 244
415 5762 7949 9968 1202 1880 7346 1650 5845 7863 5656 3225 3801 2779 4607
416 7169 1921 5093 1992 5065 1674 9129 5453 3982 5276 2389 7356 8157 4958 7613
417 4385 386 167 460 1677 783 8848 5271 4825 5178 4987 4159
418 5019 7781 4042 8618 108 6827 7122 1715 1749 2038 9974 2742 3419 5053 2750
419 8195 6021 6150 7949 9230 8722 8854 2335 4013 6701 1845 8387 3531 205 7762 6612 4821 7656 235 246
420 9920 9637 8069 2590 7304 714 1419 5611 5102 7151 4945 7028 4596 1878 4766
421 5536 3427 637 4169 2379 1773 8815 1072 3632 8189 8125 1851 1948 4893 7006
422 5537 7303 680 905 5962 4203 5359 6928 4340 5173 9366 6101 6840 7641
423 4928 7939 7302 9287 1288 6153 6362 4760 1645 9007 7706 9332 9460 4501 3096 6394 3100
424 2240 7810 5029 3975 457 9067 7883 3821 47 5583 1680 9430 3897 4248 2233 3032 6296 2175
425 2240 3809 321 6437 2536 3465 652 7246 9970 6583 4056 9945 9404 3133 2462 2655
426 449 1953 321 6116 551 42 5775 593 7763 979 3095 4920 254 5023
427 3969 1034 8079 4888 7448 6558 7457 5040 3379 6836 4664 571 2878 5198 79 487 2666 8043 4462 243 2294
428 3616 1536 9634 6021 7591 1292 7150 2288 2962 4627 3032 5723 3614
429 7521 4642 4036 4772 4037 9448 3784 2255 7702 1846 9176 6522 5307 860 6141 9534
430 33 6372 7111 5447 7593 8202 9515 79 1329 6803 6549 8794 5598
431 1412 2308 8836 6054 5162 427 370 4791 953 2330 443 7836 2846 9502
432 8738 2 7976 4586 9290 843 1743 8175 5327 6833 6260 7416 6940 8125
433 6338 1859 7652 645 486 4039 458 8428 5103 3793 2161 9139 8853 9310
434 4420 3703 456 5705 7338 6729 5975 8049 4337 8210 1299 9653 8501 7317 5340 9950
435 8001 2274 6722 1025 3144 9545 4906 9326 8463 849 4178 1937 1361 1661
436 8992 8994 7107 7652 5445 9094 7816 6203 6250 1130 2701 7277 3119 155 3900
437 3811 5130 6315 3982 1426 3154 9044 21 6101 7126 3989 1369 2962 5725 6015
438 5793 2532 388 38 8778 4044 4749 7536 3473 5905 9968 7413 3894 5754 2783
439 4512 482 2082 4612 8742 8998 8711 7243 7597 1518 5104 6611 2100 3863 4730 1147
440 5890 7459 2043 8060 4073 139 5900 2895 7056 691 1942 2327 2969 6938 6011 3548 9533 4511
441 8610 4868 5575 4360 9007 592 9842 2962 6837 8921 9562 1182
442 6624 3718 8359 2920 874 7978 8461 5743 8495 8978 3570 6547 9206 4088 925
443 2337 7490 4580 3813 9223 9256 9768 7207 9003 527 6259 6613 5815 8250 6938 2812
444 2240 1571 36 6148 646 7495 9822 3083 3023 7024 8914 2879 7797 1786 670 2911
445 2019 7652 7301 838 5752 4973 142 8431 3985 9595 2806 2135 1432 6073 827
446 6414 5909 535 6809 675 4389 2727 7336 3753 1323 9260 4271 4529 8134 6603 8286 8169 1898 8686 4463 9204
447 7650 3939 6249 8681 2060 8077 6636 9747 5748 6103 792 5499
448 8480 3683 5157 2615 779 7307 7569 4785 2003 6804 4341 4149 759 7349 7413 1882 3836 1343
449 6656 8164 8068 5412 6312 1994 5132 2258 1107 1855 191
450 8513 6049 2083 9635 3074 1958 7048 3182 5872 5553 2962 755 3193 1466 2939
451 6786 4478 1572 679 3914 267 8716 4173 2769 8018 8337 1681 3508 2929 9178 8350
452 2624 352 4066 9442 3236 360 3403 2155 9485 3888 4660 2102 7350 2555 1340 7357 4702
453 3264 480 1121 2947 4352 4294 8967 5416 4041 1705 3728 2962 7381 4567 6395 8574
454 320 1888 5701 7721 331 4300 1264 7413 1111 8697 6170 3004 6429
455 5730 5670 935 6408 3117 5263 5043 5236 309 6070 5943 4247 7188 979 7484
456 8097 3460 2138 1668 4491 2828 9069 3246 9903 4464 2069 3318 4664 1946
457 3144 10 7659 9388 844 3243 77 4108 4119 1077 4116 9399 4725 6046
458 8608 7745 2817 8548 7845 8038 3752 7240 8906 8125 1525 3065 9563 5437 2111
459 5474 4578 6439 4040 6281 427 7566 1007 1806 7025 6196 2262 6138 7899
460 6467 3395 1957 935 8 5353 1962 3464 168 1066 9261 79 5424 1651 7604 7957 9149
461 9728 4706 5415 1512 9005 2381 8367 8880 3292 3316 5983 7039 8508 8093 3999
462 641 5506 1416 2569 4234 8715 6537 8653 6258 2642 2962 6134 6327 856 9433 2394 2847
463 4193 5858 7652 4742 6054 6378 6731 523 1646 4784 6033 1459 8822 982 7966
464 9569 4383 2501 9579 972 8301 7949 9014 2967 1657 2202 3678 8191
465 2979 6692 1668 9545 2730 6926 3279 7630 4307 150 2936 5212 7773 3518 2719
466 5249 6184 2313 9641 2222 5200 5649 2448 7762 3575 6617 381 3007
467 9986 9254 6584 7562 4397 8911 4115 7382 9686 3446 7901 9023
468 2318 6673 1301 7330 3234 5668 2986 6332 321 5444 3781 197 8644 1237 7767 349 7022 6257 7290
469 3840 8256 3936 323 9643 3310 6256 6449 2129 8632 6941 1662
470 8193 9507 4771 9815 2600 4269 925 7984 2418 1655 2328 2555 5757 4734 8063
471 5185 3621 2759 6248 5033 7047 3211 4652 6697 6376 9224 7280 6899 9244 1119
472 2048 8994 9731 550 3431 328 2378 2575 9391 208 1555 2711 6938 2331 5437 9438
473 3330 8035 5350 6601 5770 5962 3596 7469 5356 2986 7762 8469 7993 2555
474 1058 5252 2692 6024 4714 4811 1521 5556 661 660 407 2296 6650 1181
475 512 6593 195 2890 9867 7883 9233 4369 915 7511 8117 4854 149 4606
476 4386 8059 4644 8196 8130 648 638 4798 1391 5459 991 7771 1020 1342 5279
477 2 5127 6545 7202 3371 6063 3655 4553 9931 8270 979 1239 232 123 9199 2545 8949 8443 4348
478 5282 7143 5834 1516 1005 2382 6990 1200 2832 9265 8308 2555 9244 8925 4222
479 9344 64 8099 7880 2248 2217 6635 1132 238 4240 3377 6163 2771 3190 5403 956
480 3012 1318 2376 8747 5677 3630 9308 3056 6672 532 5045 3765 1205 5400 3260 1503
481 2240 3682 2850 2685 2406 4314 7274 9331 2356 4728 4537 7642 5307 8445
482 2816 6497 3810 2562 1158 4166 5159 716 2128 2322 7252 1176 8314 2651 829
483 5761 6404 9030 935 8841 5418 2572 4862 944 5936 2512 3251 9555 6648 8793 7806 9887
484 1984 9697 8194 6369 5573 9669 3147 2591 3149 5710 205 7216 657 2555 1019 1180 8734 639
485 2144 1121 3074 4388 2790 1736 6633 1802 6064 4566 7353 7482 1979 4703
486 1280 7784 4314 6698 813 8141 687 9711 9199 7952 5070 467 5081 7386 7259 1918
487 2336 6790 9787 5965 461 9425 3091 6422 4343 4504 7961 2235 4925
488 450 514 5570 3543 3012 8999 5031 2282 6059 7919 6258 1427 1685 9087 3352 7295
489 5762 526 1935 1167 7712 934 683 3885 563 4148 6468 1737 5066 6613 5462 1241 731 8176 2802
490 6780 1377 5889 5253 4969 3081 2798 3121 2962 9942 3894 5944 697 6908 1278 4799
491 1120 8737 4199 5288 1354 8043 44 7852 2001 3059 8020 116 9624 6329 3388 285
492 1793 7842 5507 5830 1639 744 4425 4326 175 8528 7219 5715 7862 8823 5206 5883 3486
493 8101 1381 6665 75 7948 2608 4752 3955 1236 598 2136 1817 56 2747 1982
494 1600 8800 321 325 1991 9611 6226 4499 7987 3605 9139 1306 6938 9660 3005
495 8166 8743 701 1033 2909 5613 3792 3795 5880 1561 2811 7708 893 7193
496 1504 3936 3970 8387 5860 5895 4078 6095 1616 5617 4818 1139 2614 7321 3995 7710 5343
497 8288 9315 2660 2278 1833 4716 3471 7057 8787 3987 4853 3350 7572 6327 4027
498 8801 259 6764 1938 8819 2676 5109 7219 4663 6872 3032 6170 6360
499 2017 6242 7684 6117 5095 2602 682 7504 8753 6738 4789 5654 671
