500
0 673 2277 9125 4718 8431 2610 5715 4532 5974 664 7228
1 3936 3937 969 9323 844 6318 2655 468 3770 7482 2203 2015
2 6656 3521 4090 6371 2437 5574 4008 2123 9485 3418 6861 719 6509 4311 6712 2842 699
3 2560 3554 4100 5317 490 1098 3596 8780 7179 2607 2192 8431 4402 7153 6613 5048 1467 6653
4 896 5122 1668 8460 8717 8209 7185 287 1319 4776 1962 9903 3001 1339 3005 5950 3394 9543 199 7880 5962 9301 8151 1498 4314 8176 2555
5 6369 4933 2345 5067 6156 3838 9711 79 8660 5268 8597 8982 2264 5748 2813 7006 2911
6 6848 4004 3012 7076 4681 6411 7531 5716 117 7285 5847 4893
7 321 2785 7170 6598 2983 2409 8746 7915 5004 4887 7121 2967 8987
8 2240 2401 5155 3812 6011 1450 8586 780 9997 7980 3535 2128 5393 5458 7762 1590 7193 8987 4253 8895
9 1830 8999 8746 1743 336 2129 6449 183 7000 4121 3643
10 2147 1316 3111 1963 2603 1694 4974 1105 4498 2778 6746 7611 2973 6718
11 8865 7367 8648 2794 9930 8237 6258 9619 1332 979 2614 5624 2780
12 1888 3297 6021 2278 7623 7036 7663 9618 5011 5362 4626 982 2962 1914 9404 285
13 6656 9569 8453 9192 3051 6299 2638 728 8722 5907 4500 5301 6452 4855 5045 5111 4314 3380
14 3046 1642 2059 9358 3599 8624 3150 5170 1043 1525 3833 6938
15 3041 8994 2819 6468 7237 871 5099 3982 563 5207 7000 151 4314 3518
16 6691 3208 1769 8681 9805 5678 8464 5840 6770 660 7000 2745 7451 4028 3966
17 8132 9483 8141 5904 4721 2835 5075 6197 3830 5943 8090 9788
18 416 9090 8455 4968 3341 367 6066 2067 5939 8569 5980
19 352 8355 5445 8683 1402 9871 4602 1235 4594 950 1978 7740 3453 1502 63
20 2402 4440 8042 6188 3471 6451 7030 7736 4761 6362 4862 2264
21 4962 7683 9572 1019 9449 2092 1233 978 6739 5047 312 6938 9115
22 259 3076 6441 9194 6190 4463 5968 8338 6482 949 2646 4187 5340 3549 5630
23 6337 3524 9545 5962 3625 9932 1102 1711 3537 5553 2931 5715 9717 4054 2391 2962 7261
24 992 961 4352 6945 3340 3597 7949 1039 4176 6992 4818 5427 6482 6551 6327 3419
25 7137 6371 1353 7659 8939 6231 9303 3385 7322 9244 2845 8543
26 9025 2722 3995 2245 426 140 6700 8143 8592 2962 4985 1083
27 2240 1796 5161 2475 8846 8274 2964 3860 8502 1111 6710 5335
28 3104 7073 4449 2589 321 3721 5708 9133 718 3854 3152 1777 9615 6675 3388 7709 8605
29 6881 6913 2787 8836 8057 268 6063 79 9968 9459 7540 9526 1531 4377 5307 5022
30 2875 4199 7628 6331 5932 4400 8018 853 4758 6421 4315 5852 9758
31 455 6826 8523 6668 9066 2349 4592 3410 6742 3451 9566
32 1120 2465 2240 170 9611 5166 7062 4920 4985 6522 5208 1629 4222 511
33 961 9826 9924 8134 9094 7880 2047 971 123 7344 2865 6612 2970 9374 6460 8030 7263
34 835 9924 8389 3044 6151 4709 3751 935 5611 6861 3055 7730
35 9312 8552 1737 8392 6443 7276 6442 6414 9704 1200 4465 4340 8599 6584 6810 9659 9758
36 2817 6532 3620 4326 935 4809 7755 8335 9968 2129 1010 8021 4630 186 2107 254 3167
37 7744 1668 6116 7269 5733 5961 4202 335 2288 8821 2713 6938 731 1628 2590
38 1536 5504 580 4837 1407 8462 5743 8208 8655 4018 6834 6675 600 2264
39 2240 8130 6502 3015 7498 3946 9132 4140 4462 2671 9072 1036 8439 9785 2879
40 4320 4993 3493 5446 6086 4585 9517 657 9938 6770 3092 4666 8091 5022
41 6913 7907 9926 8775 2973 7055 6352 7344 115 4565 1718 501 1564 221 8990
42 4224 5416 7720 842 1611 3022 3311 4306 5426 52 8469 1942 9301 2962 8861 1343
43 7552 7072 9923 3301 9862 4553 6412 6829 7949 5519 9848 1201 6258 2962 8349 4855 5880 7709
44 3329 3745 2724 4937 6188 4269 494 6351 879 5964 9874 8052 6646 5239 5145 571 1534
45 641 2 9859 9604 5592 6025 5291 7885 4429 5359 306 6899 8722 1845 3320 6617 5340 4541
46 391 427 5773 3982 6544 6109 1556 6933 918 3670 1976 8475 1085
47 9920 9792 2 8675 7652 1725 3150 565 5210 2525
48 1696 833 8610 8259 3044 1093 2054 8994 3657 9129 2701 2512 4051 3227 9340
49 6020 4102 1289 1560 28 2335 571 2621 2240 4546 720 7389 9311 9317 7142 9063 7143 7790 9968 8689 4341
50 2722 2243 8004 643 4230 259 4134 329 7333 5860 2744 2991 2033 372 6101 5880 4380 9023
51 2464 3171 2693 172 7597 2575 6287 5169 5748 3637 2330 6938 6367
52 7138 8930 4866 1192 366 6702 686 1521 3347 469 6070 6938 6331 1116 1693 8222
53 704 4290 2340 3909 3398 2219 2203 6610 7285 5592 9433 4538 4027 5948 5535
54 1410 3557 741 1801 9230 8464 3089 7762 9331 5589 214 3192 6521
55 3523 6918 6311 1416 2217 4684 4045 2672 2288 915 5592 9468
56 2240 8291 4974 623 16 5425 1167 1525 3927 4667 4990
57 4644 3626 8459 6347 2509 815 2288 209 148 8183 1496 4218 9725
58 1666 1219 4197 7496 4168 4798 3156 5398 6614 3894 2105 7482 8635 541 1534 9887
59 9019 1474 2 4487 9545 5168 5969 4437 4758 121 219 1663
60 3521 7779 3492 7397 9030 8549 2376 1638 1038 79 5371 6865 4086 5339
61 2979 8837 3526 6764 6095 9840 2128 5775 6579 2962 3350 8728 3673 6426 412 2941
62 8128 6593 6242 1665 9478 9162 9803 5547 5902 560 8144 6046 7286 759 5212 9533 2942
63 9216 5538 3784 5257 8298 4728 79 8434 3123 8789 1973 472 3579 8828 5341
64 321 6561 8069 2790 2791 6505 4297 11 9556 8725 2329 8249
65 4579 2213 935 8520 9127 9931 3691 6547 6516 5557 9301 1239 5308 4607
66 1 9122 1222 3146 4920 3188 1973 2555 3736 1467 2747 5631
67 544 7713 3465 1680 7153 5170 4947 4564 5748 7225 5114 8158
68 5825 6534 5738 3594 1164 1682 7125 1078 9527 4310 438 3643 7582
69 1792 417 6148 4648 2280 8170 6282 9292 5099 9931 427 3153 6547 2614 9592 1978
70 3584 6052 7947 9387 2699 4909 7228 8467 1107 5715 922 3100 3741 6014
71 8480 321 7234 8291 8387 6695 3977 1577 5899 5228 8652 8045 7049 435 6552 9887
72 2784 5728 5794 2 8263 619 7768 7949 2235 792 7123 5748 3125 7800 1497 2555 6907
73 2272 9472 2114 673 8260 7431 5800 3944 3533 7762 7699 5718 2326 3516 3644
74 352 6273 7652 6247 2569 5355 173 721 6290 7187 1141 2933 7669 6363 6364
75 865 2630 8969 9707 6827 7196 4974 2044 9264 1616 6491 6067 987 9052 958
76 6211 4292 5573 5224 2735 625 403 9492 7191 7734 3543 7702 1757 7806 2239
77 7488 4290 2210 1573 9351 908 4399 7283 6963 3061 7699 1399 7356
78 7296 9153 6818 4611 8040 2986 4850 4087 8473 9181 9438 8703
79 2561 3877 4166 9962 9871 8720 79 6611 4982 3896 4569 2168 8989
80 1345 8897 9414 9640 3370 4490 5676 1712 3376 8786 1299 3156 4531 6646 955 9244
81 2240 9633 2977 6982 5679 9745 4721 2962 5595 2555 1688 378 4027 4093 4991
82 6082 7234 323 5700 8643 109 9391 5071 5715 5780 8215 5945 1403 1276
83 3841 673 8772 324 1322 5962 5295 8817 8468 8949 3573 4341 5560 8473 3897
84 321 3362 6691 3749 3590 3399 8134 8618 3597 1838 3471 3119 8145 8958 8278 4734
85 987 3175 1449 2441 7403 1517 2744 6672 9521 7699 8791 6744 5467 2391
86 9152 2240 5539 6500 3274 8043 5868 6734 9040 7060 9461 7351 6201 2461 7262 4735
87 2 3720 8841 8728 6937 6044 7968 2215 3243 6319 9007 4923 5307 2622 9669 8006 7762 3285 6494 8798 6240 7155
88 8353 7652 5862 2121 906 428 524 4846 7087 496 1683 5556 5044 8021 2486 4505 4959
89 7744 2497 2 2468 8164 6054 966 9676 5391 9007 9235 1940 2777 3133
90 3522 5892 133 5926 8710 8936 8135 4842 4901 2157 4818 1043 797 1150
91 6720 3841 8354 4168 8810 810 5102 116 2806 7255 1055 6623
92 6884 8260 5608 9129 8267 1529 3919 6896 400 4180 7032 1336 7321 1690 5211 4957
93 5409 3714 6727 9864 8954 4589 7567 9007 979 2900 4086 4217 2810 4733 4895
94 2018 5412 774 3751 9737 6035 8373 8790 2487 7577 9628 4861 7902 2423
95 2593 2475 1069 1453 4782 5326 5727 7668 4026 542 2687
96 2723 2788 1896 1513 4112 8113 5649 48 2160 1140 7732 9246
97 1792 1698 4644 5412 5030 1127 9295 9199 2962 9782 9270 2939 4445 7775
98 5317 8135 3210 9774 4463 592 8305 2674 9330 9646 7120 3095 6167 7193 4477
99 6339 9385 2155 9710 6320 4209 1617 6003 4177 9139 6613 8346 4859 670 3807
100 9953 6914 9538 6657 3877 9545 1034 7118 5135 7344 2288 7220 3547 7613
101 5442 7684 5766 7880 1801 5517 270 2322 7955 9301 2902 3447 120 8281 2555 7447 8989
102 4580 4996 7591 5479 745 5902 79 656 6448 6258 4279 62 7290 4923 6686 8090
103 8771 5957 101 7495 1481 4779 139 2702 6321 3636 3573 5690
104 7296 1442 2915 871 232 2857 7880 1131 6543 3376 760 3514 2998 4407 7992 3738
105 3330 3842 7429 2696 4493 4126 5280 9129 9007 7228 3648 321 8770 2628 1865 7116 9040 6608 6101 6613 8797 3936 8170 7285 760 1145 5884
106 6208 4100 7111 9641 843 6220 5715 148 5499 1303 2555 828 8125 7966
107 2528 8225 8994 995 9408 1517 7629 9201 2548 7864
108 9856 321 6534 3353 9224 7721 3084 1327 8753 9876 7252 8212 9271 30 9977 6875 4542 5407
109 4448 5857 2502 9098 2252 6636 7054 2395 8118 2647 1979 3997
110 964 7560 7241 8714 79 9584 6193 9111 4151 1686 4855 5754 1049 2586 7355 1759
111 5953 610 804 4199 7047 7531 1515 3790 5327 8911 9745 7091 9109 8927
112 6560 8577 8002 4352 9316 132 5220 7013 2121 7213 79 9968 3217 9522 9007 5748 5749 6523 6619
113 4928 6020 1477 8518 2663 7240 1668 1611 9675 4875 79 8080 6192 4720 9236 2294 9722 5339 1439
114 2 9955 2152 2121 8234 653 3182 8560 9372 6141 3037 6324 5494 7833 4539 860 5053 3454 6748
115 1444 1412 9349 7814 3036 6062 3534 1429 2396 6903 6489 8762 5691 9244 7899 7487
116 8099 1639 3530 4366 8527 1774 79 8914 9335 2616 6200 8858
117 5386 6554 8481 2979 935 2730 8493 5295 7734 9270 1336 1982 6338 583 847 8786 2003 468 8424 9842 5115
118 768 7296 8669 8647 4553 500 1053 4383
119 7713 8547 4452 1604 7749 9315 7845 1571 8387 4048 8756 9082 6750 8479
120 6979 3909 7621 7557 9353 489 5738 4625 5138 8372 1364 9688 7641 5179 1340
121 7204 7269 7783 7883 5388 8784 6609 81 8819 2164 3349 3830 7153 5624 2288 5715
122 5633 8194 1349 9578 1773 847 79 4050 2962 213 472 8154
123 5154 66 740 5508 9254 4966 5867 8749 5933 3885 304 6865 6879
124 4929 2370 7170 2598 4505 1581 8943 1301 3830 1271 6457 6938 4444 9438
125 4480 7233 1668 3333 4298 5548 7629 7246 79 9172 5404 8861 3167
126 1571 3524 605 935 9197 4880 7923 7127 4888 6327 5755 4221 7358 9695
127 4961 2785 4580 5157 2342 4007 2727 1668 4170 8267 5097 6831 5744 979 4247 9273
128 8546 7591 5319 7562 9968 3666 8402 9941 5462 3543 2713 8444
129 2145 7490 8195 1505 5000 6231 344 4538 27 5948 1757
130 4866 2 3781 8389 9415 5515 1579 3149 2895 8016 8626 8786 2962 9751
131 5126 7 3336 1299 5654 5531 5155 4260 5412 8362 5804 3510 8887 7480 2240 4035 5831 8903 6601 2898 1496 8423 6382 8055
132 5185 8769 2023 3112 7883 6221 9102 4238 4272 8973 5298 5326 3982
133 6467 7299 8804 9605 7463 5704 2765 4432 1105 6009 7677 926 7487
134 3845 2918 3881 9738 813 3982 696 1203 6389 408 3705
135 5603 389 7880 4457 364 1359 9169 786 6771 9906 6229 4340 2962 5468 8476 8125 6623
136 2240 1569 9890 4901 4679 6377 6732 8045 911 2420 9209 218 9534
137 9857 2 2308 5127 4039 7791 5456 4624 2706 338 3027 6771 9912 8217 1979 3998
138 9280 1153 9954 4933 7144 5386 4107 4749 1773 6863 3982 529 7153 379 1749 8982 3227 7197
139 8769 802 7235 873 5657 1039 2353 5330 7315 4985 3739 5343
140 7713 4900 2408 136 2986 3691 4587 7662 6065 5362 2840 3097
141 2 4644 9478 8744 5353 3018 2121 6680 2896 5553 7216 5715 1625 8984 7513 8092 3709
142 7174 9161 6829 2703 4176 2962 2996 6776 3257 4314 4731
143 1763 8387 6917 197 1895 425 9322 7949 6030 3796 1908 3318 7961 7290 8157
144 835 198 4935 7337 8172 2288 5522 2197 3189 7927 8920 3190 3894 3388
145 3232 8801 9153 352 8678 1383 3251 436 6488 924 7708 8383
146 1281 4122 9636 935 2983 8172 4366 1007 3730 2962 569 7162 9403 5439
147 128 5029 8041 5897 5387 1147 333 557 6031 5588 757 9302 9942 3349 5307
148 3712 2 3683 4804 2531 3074 745 4971 7181 2030 3023 2096 3662 4975 6899 6516 7153 601 1276 2718
149 8224 7105 1125 2439 13 9422 766 6003 7828 1432 6270 4091 2494 7743
150 3685 7322 7240 8652 6029 8270 9902 7762 4408 9401 6266 4443 1117 1534
151 2785 2 9475 2472 2537 648 9036 7852 142 8916 1047 9848 7903
152 1120 97 7429 4326 3206 5705 205 4592 3056 4376 2265 5117 2879
153 4769 3783 3401 8425 7885 2191 2741 5754 8951 4341 1402 3291 5852 2938
154 2279 3306 8683 2892 4426 8302 5715 1303 539 2140 4189
155 8193 3074 8773 3338 2222 7086 8240 6831 1299 6804 4501 2643 9500 2300 5855
156 4032 4867 5382 3373 8815 979 4377 4988 1565 3262 8063
157 5952 5121 482 2182 518 8040 7050 9196 2958 2574 6961 6258 6899 3379 6267 9244 763
158 322 3012 9765 2308 5509 3951 8431 8785 7153 3702 6936 5210 5151
159 4161 7654 2247 9399 6986 8236 3565 2256 2897 3954 2192 8722 9968 8342 5654 4537 7291
160 5504 2240 8568 9413 2533 2950 1708 5676 7314 6258 6260 2197 182 2643 6840 4314 4031
161 8967 1417 267 4622 2962 6547 3865 8483 4777 2986 5292 7343 1348 9545 8406 7652 2160 6385 7922 3700 2936 1789 2559
162 33 9026 1122 7236 8420 1638 8711 4168 2 3949 4429 8751 4367 7313 8338 3981 1501
163 8064 8736 2240 543 3310 4144 530 4985 924 29 7038 2943
164 9280 3782 486 1450 492 5391 8720 6545 7120 2962 9013 888 5913
165 7712 3581 4071 6503 3144 9674 3820 4941 7346 1522 9333 3894 8567 9144 6269 2426 2781
166 6816 1986 8035 101 4581 6184 8267 4941 624 8689 9398 7351 8762 2555 3710
167 384 5601 9440 8672 1349 7560 6762 5643 2572 427 8526 8371 4627 953
168 641 6306 8994 8005 9833 3082 7242 140 4731 1071 9456 5905 9723 9053
169 4292 2695 9224 4586 139 5803 8943 7567 4784 9075 6676 2643 3702 1113 765 7967
170 353 3746 1668 6920 8366 5905 6834 3667 2962 4085 3637 5339 4925 3391
171 2240 8866 7559 2826 5962 9741 3891 183 8186 2844 191
172 7713 5762 1220 4229 8457 4394 9898 3885 4751 4819 6196 4087 348 2846
173 2551 5860 773 1703 8363 7949 1230 79 8498 5683 2962 7701 9014 3703 7642 5054
174 7677 5794 7043 1668 3396 7207 2152 3207 2925 14 4857 5399 2649 6459 5756 8503
175 9408 321 5380 3176 9898 8299 6635 1582 9007 9491 9402 6079
176 9762 3043 1669 1191 9384 7753 3562 9383 7405 9968 1307 7762 9523 8918 6104 4954 9083
177 7074 4962 6852 549 5830 268 9007 5232 915 3931 2366
178 4193 8994 4677 4296 5226 3050 9964 6542 9711 1106 2739 7474 2327 7961 5658 3963 1276 3326 8191
179 8994 7364 1508 2724 935 2666 5963 7440 3378 1588 8502 3994 1052
180 7968 706 9700 9829 650 299 8881 8507 979 9686 4726 7992 3961 1146 1083 667 7484 574
181 5664 8416 5892 8997 1668 5598 9833 8297 8268 4269 5747 3125 3158 4824 2555 734
182 6278 3078 3017 3914 7593 9132 3982 1457 7153 9139 6388 6773 1943 7836 5245 8764
183 4486 9446 7816 6827 6381 3245 7633 1202 6133 4533 1977 6938 6014
184 5634 4805 2437 8766 7754 5779 3540 2549 6134 4567 5176 2425 4314 3894 7804 9301 8350
185 321 1955 8874 7947 4558 7983 3317 2553 3194 8860 1663
186 5601 5410 3074 3012 3720 5609 6218 493 4685 4081 9459 6131 5492 2904 9848 6269 6718
187 1537 6882 5827 2952 427 6764 7311 9207 2650 1340
188 321 6019 2212 1510 8743 9704 8169 8235 427 5999 4729 4216 2868 7797 4821 55 8572 1912 732 8990
189 3872 8418 7784 5385 5391 1233 7091 9172 5461 7676 2873 6970 9691 3836 9598
190 7327 3203 9379 4260 3269 8744 8618 7342 3729 113 5715 799 9758 7743
191 96 8416 6434 8966 1447 6120 5350 1898 3403 4531 979 8342 9528 3804 4575
192 3392 9313 7685 4038 1837 1487 7120 3601 7026 9587 6161 7153 1691
193 7714 2759 520 3163 1676 3985 884 757 4725 726 2555 6428
194 5729 8874 4650 8140 3052 8622 9007 3440 5137 4691 6549 2838 9438
195 3936 6913 5188 8203 3405 5422 9293 5261 9233 1625 5268 4054 7510 1881 1305 220 6014
196 9440 353 3266 2430 2730 7278 6865 7218 8498 5084 1342 9887
197 832 6433 1348 6920 7049 4909 5869 9935 3857 2258 7453 9244 8125 2687
198 4987 1989 8357 6538 2124 7213 4908 7949 9968 3249 340 7736 5914 7675 8444
199 1923 3371 2381 109 7246 3890 2962 8247 4920 9402
200 9637 1256 6827 908 5196 6382 79 7633 7732 3382 4727 569 1239 5244 1946
201 9217 4873 715 5388 2124 9487 111 2353 1361 6258 4532 7732 7699 7672 6170 702
202 4353 8674 4900 4614 103 8524 7438 6384 2768 2674 7088 2297 4991
203 2785 866 2279 6826 8716 3085 3540 536 7514 5439
204 608 321 4800 1189 3114 7311 8016 7088 2480 6227 7318 6071 7198
205 1984 2 8964 7019 2860 2125 8850 9074 9076 8308 1077 3731 1400 1631
206 2721 2116 2565 4838 6825 9674 6030 6575 847 3313 5887 3668 6613 7575 9337 3963 6558 831
207 2240 3393 2787 6830 4593 9112 1621 6679 5880 827 7288 7899
208 6210 7235 451 5507 3239 7240 745 8723 5843 8149 8949 7543 9336 8315
209 7074 7650 9095 2887 6318 7314 9075 5462 9014 2553 7741 287
210 1383 4743 5195 9453 6382 335 3759 9139 4822 790 6425 6590
211 2 6533 5194 8781 6541 8301 6800 2417 9340 9747 3061 3895 1916 2781 4286
212 5185 9570 7683 4963 6532 5702 8423 4266 8429 910 2394 3632 9266 4728 5178 2844
213 2273 5637 838 3531 4013 8239 9328 2704 6675 7059 3413 1364 3894 1692
214 3204 8005 2598 9223 4936 2697 9129 9867 5934 3982 3216 3184 8247 3835 4253 5631
215 2240 8770 8330 4715 8619 7469 1964 753 501 2007 7224 4667 8507
216 1954 8580 3493 6601 4780 844 1868 7215 9041 4433 9686 2616 9979 4191
217 5412 3206 7014 3561 9388 9997 1164 79 625 8434 5395 1111 247 9565 7133 8542
218 8542 4901 421 550 9034 493 3602 7155 1396 2643 7254 8498 8440 6878 5055
219 8294 8296 3144 9194 5963 5995 5293 2121 4015 592 1682 1746 6938 1182 510
220 3586 9283 9188 8899 5762 1321 9546 1771 5232 369 9395 2035 2326 6712 7192
221 8996 1157 4199 9321 6379 8817 9851 1619 7799 1337 1051
222 321 4035 2440 2248 5034 8140 7949 2030 4720 8434 3570 7508 723 5270 5559 310 4286
223 1123 4134 4073 3473 4050 403 3348 8178 2647 505
224 3584 7393 6626 6465 7396 1893 5549 7280 5073 5301 9237 2421 6613 4985 379
225 5537 1668 9529 9593 1098 7786 2830 1230 5553 7699 9236 9908 214 1078 4345
226 7296 5090 5893 4613 77 6993 6801 5342 3767 5816 317 9181 413 4312
227 2242 8740 3877 9989 7878 3753 9676 4173 3629 3151 4558 3958 3894 5336 3227 6015
228 5473 5857 4646 4102 6279 6890 4206 5553 754 6611 3710
229 7040 8994 7938 7940 6698 3373 6414 6030 8817 8052 1909 3894 6903 1276 7837
230 5376 4225 6530 1859 6021 5734 1670 7914 8590 8432 5085 2962 6547 3999 765 895
231 6368 4736 2019 9348 932 5997 7377 5682 2034 9842 2650 2779 4764
232 6464 2915 7512 4517 3544 4039 6921 2856 4638 2288 7153 7794 5458 8536 8574
233 5279 7234 3012 8583 8743 969 935 3278 1839 6163 1273 6906 5757 9566 1695
234 1668 8998 5895 6502 935 5193 4073 8042 6572 1929 6635 3247 6351 2868 4660 2746 316 8104
235 7715 1796 6436 9179 650 9163 1387 3988 2036 2069 2263 1081 1979 3740 3647
236 3392 1565 3014 5672 6889 8689 3031 5715 7732 4693 4983 9372 8157
237 7328 2882 1252 838 9192 2314 5388 844 2732 8431 3665 3828 6072 7549
238 550 6823 5159 871 838 7659 9180 3923 7388 5525 8854 3863 2681 1692 1822 3103
239 448 5474 6723 4579 8040 5929 300 2252 8750 5715 8307 148 2102 1495 8990
240 7840 2790 9382 646 8393 8491 2476 3340 1230 5008 6262
241 2240 2241 7268 7429 8134 3592 9356 6604 9933 6223 688 8112 79 1907 5981 1942 6391 3612 4093
242 2881 5666 7713 3847 2505 3753 429 2418 2771 6613 120 9466 9275 3549 5950
243 36 9258 670 9297 6837 2135 5848 4666 7962 5851 1534
244 7937 8644 1028 9287 6026 79 5553 3026 153 6493
245 8772 7909 5701 7757 1677 3759 6642 9786 8125
246 3074 9347 2183 1040 2962 5403 5917 5030 5296 7353 2119 3024 3667 2643 2521 8284 5869 1774 6260 5500 8831
247 9601 1666 9315 9473 2275 9510 3336 4939 8785 5812 2617 6172
248 8992 4897 7365 4199 8136 5355 2379 9197 5423 5360 2256 6963 469 7734 8185 6458
249 6048 2338 3267 6149 8938 8298 2701 7887 2384 7570 349 7037 3583
250 7841 6594 3427 1348 5125 9453 7949 4240 7732 5332 9526 8632 858 3676 3358
251 135 4362 6800 3121 2002 5296 916 8657 4086 4695 7381 1817 699 1884 9533 8350
252 321 2981 7979 5835 9133 3596 3132 8528 6545 9011 9436 215 1850 4635 9244 8125 638 6042
253 2 803 9161 2314 8522 172 2065 2802 4469 5685 3543 857
254 2272 5698 72 1289 7339 4140 1198 4597 9781 1942 7413 3548 9215
255 4448 7009 1063 5287 9481 457 5322 9371 2431 3086 4591 9522 7762 533 1850 2555 2175
256 9216 7457 9634 7652 1766 6886 4326 9677 8302 6672 6548 3926 9401 5276
257 3074 6147 5412 9187 4550 9831 998 6698 7659 5389 2157 368 5776 2322 2128 4793 3894 4985 3163
258 7652 5736 6956 5196 7950 7311 2032 9585 4558 780 8309 3544 1533
259 5536 4806 9949 2761 4575 4941 4717 2192 5041 4119 8159 4343 5341 7647
260 5408 1344 2240 3971 1636 2635 1197 944 9008 5554 3123 3509 1437
261 3847 6793 2444 2595 6181 7216 6705 7355 7357 9283 3653 8907 847 7759 7652 9321 4207 3827 4222 1020 9086
262 6692 5412 6054 4008 2252 4174 6958 3376 4849 3794 4537 4763 7484 4606
263 1 4834 2340 9957 3527 1134 7220 4948 1720 3385 8188 797 1630
264 4387 5156 1861 6281 3242 9357 9389 3885 3984 8243 7188 5715 3222 3671 1175
265 8994 1283 2981 1414 1032 6506 4588 1328 2867 2869 8119 4345 6557
266 321 323 7773 4360 5646 4304 1848 5848 7289 4254 5085 1342 9631
267 4928 2240 3747 1125 2463 2153 6189 7951 1201 7762 8532 2457 2654 7225
268 7041 6274 8356 8861 2408 3086 6706 3095 9495 9655 2555 6140 9309
269 8067 6404 9188 6563 6023 4172 2799 915 4182 5495 1212 1343
270 8160 6086 4198 8938 6846 7949 5007 7984 506 8762 5595 1501 9374
271 4129 3074 4421 3749 4649 3817 8011 2099 5428 6586 6938 3037
272 453 8457 9162 8140 8685 4624 3473 7442 4369 2962 5621 5750 7575 949 9621 7325 5886
273 3936 7777 9569 545 6061 5869 9103 3440 5330 7316 3669 7862 7861 8856 4437 9114 4699 7357
274 8866 1027 8645 2118 1064 2476 5070 4752 4561 7220 9654 7126
275 1793 7650 7909 427 76 8973 976 2515 4917 951 8824 5307 8926 3288
276 899 100 1127 5383 9033 4967 935 6267 2352 1841 2962 1941 9880 5339
277 1984 9379 6119 8616 7753 6412 8463 6543 2064 6451 6036 2868 9688 5272 2264
278 7489 739 3302 8198 6635 3823 2128 6066 6805 6007 5303 921 1435 2109
279 8960 98 3012 4676 2340 8428 5390 6033 8914 4563 2165 4311 5308
280 8994 6597 8134 3789 1645 4977 8275 9844 7253 5493 9558 2715 8829 1694
281 7361 4964 9414 5417 9418 7883 2961 6002 3859 5715 5751 5372 1853
282 8130 3586 578 4102 1031 5896 1831 1323 8239 6416 657 4242 8495 374 6167 1177 2586 828
283 257 6826 234 2861 750 6287 5584 2962 3475 7575 2202 6463
284 8580 4132 650 8427 7788 2122 6766 8654 6447 79 3410 6962 6583 376 985 7194 412
285 2144 898 8994 3524 9671 2120 391 4590 8175 4565 4917 1557 3866 989
286 6178 9764 518 8200 8681 1802 2288 5617 2453 981 4023 2806 7669 891 2111
287 673 1279 2663 7527 7435 9484 2828 397 9047 7504 9619 6967 7162 9245 5023
288 2240 193 6691 4420 1786 7111 9703 7240 2731 5613 6765 4052 5436 4504 3610 4572
289 5416 5994 4010 5325 2738 4275 7538 4307 1557 4340 2643 1625 3899
290 5762 3012 8293 6312 1194 6122 9834 4083 1461 9206 3225 2555 7129 4861
291 6145 1443 1383 4671 7792 9296 7122 4721 6547 1682 8216 5209 221 5247
292 8096 3745 321 4129 5063 3593 6794 3319 4461 6734 9968 1681 1175 3417 7739 7933
293 5826 354 9732 7688 8682 970 4939 2896 4208 1425 6611 5715 792 9691 2428 8125
294 8416 9409 4610 8676 5797 2630 1581 2702 7725 176 79 3538 3982 5430 6103 6845 3359
295 9218 8292 934 5351 6376 4456 4678 7787 6987 3498 6670 2608 3153 3379 6547 182 9848 4890 732 6303
296 4769 8642 7459 6020 8130 4199 9960 1323 1134 2225 2962 9204 9301 2365 9341 6366 1375
297 8452 7813 9736 5321 4300 7469 6063 2128 4690 818 5715 1014 823 4505 6815
298 321 9126 8615 3080 1384 9990 918 2518 2169 794 4956 1913
299 2272 2213 6891 3536 5521 3830 8152 8088 9787 7356 637
300 9507 5956 8741 675 7078 9866 9930 3146 7821 1901 1967 5326 1105 3415 3417 4314 2621 3135
301 8572 611 5797 4778 9067 2457 3354 5553 3313 9692 1785 5240 2169 6458 6938 828
302 7874 5219 7012 9349 5702 8906 3180 9741 2545 3442 7635 5810 696 8442 5437 7967
303 9440 3682 7845 838 2190 6894 6162 1107 8306 2643 1498 7451 5244 2302 9567
304 9632 1762 1731 3494 5384 5769 3661 5520 3856 4020 5877 151 1752 569 794 9211 732 7549 8510 1118
305 1728 386 7493 1927 7272 2439 9517 9009 949 3447 3452
306 9953 6851 4484 8196 1571 2028 4941 2254 2892 9903 7796 7545 9018 2492 4158
307 8608 321 6883 1411 7781 7843 2117 7782 1769 235 5804 491 7762 3604 9436
308 450 3716 3334 4199 391 1420 6060 3118 5166 5551 9903 2521 8756 7545
309 4992 8193 6242 321 4388 427 4717 7118 5647 2167 6457 8764
310 8001 8390 6216 4970 1708 3664 7120 2290 9690 4980 7450
311 6849 2 1250 3257 5414 5097 4234 14 8079 9043 6134 7863 6329 4991
312 8672 5894 5354 4650 243 5973 3701 8438 6101 253 5818 6938 2941
313 1761 4292 9284 4518 1159 3877 7147 4428 2195 8916 9236 9430 9023
314 6787 2083 4484 3815 8104 3754 560 529 9362 5683 979 7157 2962
315 1920 1984 4483 6628 6533 7430 229 707 3274 8431 2480 2481
316 3106 5412 1382 935 6152 4074 4746 6891 9645 724 2711 6840 3641 4025 6940
317 3931 1255 5415 5353 9676 1871 1616 433 3607 9048 2231 2555 3004 5534 863
318 8421 4038 2472 2984 6602 8908 8945 4369 2935 6681
319 9634 3203 3715 676 4418 3012 5448 3977 5738 1037 9204 8852 5748 4055 7736 88 3005 9823
320 3552 897 7428 9096 4329 9961 2986 684 3885 9521 4883 5687 9533 7711
321 5920 1697 2240 1092 5513 7306 393 7117 6863 3631 177 2135 187 4127
322 4224 3936 935 5179 107 4332 3501 6925 8084 3380 5270 5144 2491 3452 7454
323 1603 2340 9031 172 3053 3341 4620 5775 9009 2288 4694 2109 6846
324 2137 6147 8163 8581 301 1326 9007 3537 4242 1105 7734 9014 4761 3422
325 1409 9188 1668 6406 2599 810 845 8879 1844 2936
326 7232 1347 5412 3942 5478 7782 4521 8893 236 2765 5584 3379 5140 666 3869
327 416 4138 7787 877 7022 2671 7154 9396 6938 8507 9148
328 3523 100 3877 4870 8329 362 6281 7856 3538 5941 3771 5469 7327
329 5537 66 350 923 2184 3980 1678 6258 9622 3195 62
330 5729 2242 449 8964 5064 9007 4538 5044 5109 7414 5239 3514
331 2948 7429 582 2695 4701 3913 842 111 51 8531 2555 7804 8573
332 4032 3746 1883 8196 1834 8559 7762 1875 3541 2555 541 5310
333 1953 9090 6914 1028 3298 2182 8234 652 4173 8366 3918 9007 5715 6709 3737
334 6529 2436 4388 4934 9351 9608 6692 1834 1934 5295 4787 9364 4186 8637
335 481 9857 4196 1546 7563 4751 593 7026 7351 6778 4315
336 768 2658 8931 2201 6374 838 3432 6054 7055 601 6928 6164 597 4214 5271 9846 1369 6810 5500
337 4416 6049 7842 8227 4325 5515 5327 9168 4723 984 729 1180 2270
338 7840 65 8994 865 3584 4478 5447 9640 5962 4139 7213 1647 1202 9362 7604 2962 857 9565 6014
339 8801 34 2499 580 7429 8170 4618 7948 79 2769 5203 318
340 2272 9184 9954 1763 2340 4269 78 1134 9007 3794 1075 6165 4341 6391 731 7447 5534
341 8192 9345 5953 2240 6117 8005 5736 2220 2962 6899 4564 8413
342 3331 1732 7267 491 4538 1299 6836 4406 4759 2458 7227 8955
343 6145 9667 1860 4966 8966 7624 8493 3053 3631 2289 9107 4277 6521 1884 9533 2878 7903
344 5248 5639 776 5898 8467 3490 4901 1534 5677 3758 6713 3513 3521 5964 7885 1231 3536 476 9312 6641 3573 9598
345 8352 8994 2084 9189 2986 8300 684 3312 5904 4080 5396 2965 7028 1307 8127
346 741 5158 9926 8264 5832 3174 8008 5390 6063 6289 5621 2870 2711
347 3936 2433 4194 6115 5089 609 5572 3049 42 2155 4335 3249 3506 7699 9079 7675
348 6467 9859 4259 133 935 3307 779 4749 7248 7377 4562 8594 4851 1267 4855 4797
349 1697 9156 6983 9930 6859 427 8717 3694 6926 7314 7157 3765 4985 1117
350 8001 4033 4456 8970 6698 2701 9453 1839 5711 2288 9746 79 407 9467 63
351 1824 3681 3745 513 4612 4736 321 8136 1740 8781 2670 5839 5743 9968 1394 6101 218 1052 5693 8671
352 7648 7836 578 4548 4774 8233 2828 7948 9968 6385 8882 5715 9172 6296 2617 8666 1275 6940
353 4737 8837 6 9478 7438 2987 3630 4400 8882 6584 4664 828 4284 6467 8140 3277 7893 9689 3936 4345 744 8310 6137 8319
354 6144 7044 4522 1708 5452 7916 5677 6586 4081 4786 2582 8762 6203 1405
355 8449 1186 5147 457 553 8367 3153 9458 2643 6134 2553 3035 5789
356 5441 7204 4521 8714 9067 4363 9132 6699 3506 917 5881 1465 8667 668 412
357 1984 3074 771 5256 1802 7115 5035 7025 819 8084 1685 6077 7581
358 96 8768 4066 3012 5036 3005 3824 9265 8722 6964 1044 3542 246 660 3961 5466 3316 5917 6360
359 2305 3555 6558 71 3656 7883 7949 9231 7699 7413 2614 2070 1978 4507 3614 1279
360 9026 1667 5637 7206 6150 6506 5515 6636 7055 8592 4658 7890 7413 6425 1466
361 6752 1156 9508 1668 4199 9768 5642 9834 1580 8942 7380 276 2872 731 4924 5503
362 4417 3074 259 8739 9347 8387 8711 5097 461 1998 7344 7762 2806 151 890 734
363 5121 6786 321 965 7083 1905 5970 7220 1973 8887 7672 6327 7356 6015
364 6272 8609 1122 7043 6916 2 9359 5456 4241 7282 1105 3476 6901 3743
365 2881 8517 41 6712 8780 728 3634 7927 5528 1467 6295
366 8705 7651 5669 6731 9996 8043 8400 979 4564 5715 5174 6267 6909
367 7232 6084 3677 2726 4903 427 5838 7698 2836 758 2072 5785 3676 6941
368 3972 8261 9830 6727 9767 5673 9610 4936 6022 3752 8248 3036
369 8289 3074 1059 8681 6731 844 9422 4538 9779 3543 1146 794 9023
370 2369 450 7301 1548 5005 1650 6002 29 8440 2780 8125 670
371 9056 1533 8618 6986 5868 3056 5169 1969 1236 6551 7066 9147 6972 5053
372 1028 3656 6954 7501 1806 6799 1202 7762 756 2968 5405 3423
373 5251 4624 8081 1299 1313 7974 1710 7087 5306 699 8125 6077 1601 8390 1868 5966 79 9683 6996 372 8443
374 8770 8740 7652 7368 8777 8394 6088 3185 9043 6613 5014 7134
375 9153 2114 5003 8491 1102 3505 8146 6483 6872 7231 220 8669 8159
376 6049 550 1383 6953 6186 8491 9389 9617 4914 2963 4148 6357 2485 8722 3894 6613 926
377 4384 4289 4226 8997 294 616 6446 8978 6226 9876 8116 8410 4607
378 3008 8257 7938 352 5089 8711 8664 5033 8618 1451 9483 154 6546 6778 8439 6584 5402 7066
379 2113 3460 8164 7174 935 8491 6267 8595 7798 1529 6523 5787
380 3522 8878 1519 1168 1648 6802 3059 1871 5880 9945 826 9177
381 2240 227 741 5702 5639 5799 2158 9487 5777 7827 852 5715 3830 919 761 8892 8185 7742 4382
382 9666 1442 3267 8131 3153 17 1458 2962 6934 2326 8310 6455 7709 5278 9087
383 481 6786 6178 6469 7688 553 7883 1932 4273 178 3827 5462 2039 9336 505 4378 7099 4158
384 2977 1569 8163 9252 1542 7114 6380 1394 6739 2422 3383 4504 6138 5627
385 1760 7169 3747 3877 7372 463 9074 9075 7699 9941 8085 9850 7676 5885 2206
386 3584 2367 935 6440 8743 2957 3021 5645 2264 3702 2999 1398 1979 4764 9400 2559
387 4800 3879 9962 4203 9612 9834 9838 5168 7699 8052 2517 8248 155 4604
388 2240 1954 457 4654 8142 9968 5041 2962 3764 20 1847 2297 1435 9533 5119
389 7586 7179 7085 5807 4304 6165 7190 7063 1109 4570 5532
390 3072 1956 3236 4808 9675 8846 9423 272 5972 5141 4086 7383 4985 9404 8125 7967
391 4732 6241 8898 3074 550 4326 1195 8907 686 4143 7120 7251 5690 19 2390 538 4345 1466 4828 9887
392 2977 6724 3751 233 6510 366 3344 8495 9075 7383 3993 6301 6078 159
393 8960 7808 1670 745 1834 2699 4971 5710 5326 9199 7569 979 3252 5941 2676 6903 3894 1977 8346 3551
394 321 1377 353 1252 7686 3975 8135 5547 9326 7439 4433 819 5011 1047 2327 893
395 7968 321 1634 1091 2882 8357 4549 3111 7112 3308 6645 8822 182 5177 4892
396 3074 3106 2211 8389 6202 4781 109 9968 9140 9303 4218 1085 8535
397 1408 2274 7879 5161 2346 7467 4814 3027 979 5493 952 955 7676 9245
398 4000 1159 1482 2282 5936 7059 5715 3766 54 5819 3964
399 3456 8544 3460 7719 8361 7724 1454 7472 7762 2771 6518 215 6010 9310
400 8485 4491 2765 7153 7158 9270 5656 1657 6618 2523 6974 4255
401 5792 3810 7491 1961 8457 5933 6765 8847 7153 7543 6942 799
402 3012 2630 4422 7624 1480 8362 2858 8620 2865 9588 888 379 6205
403 1793 5282 3784 1592 7340 2320 6482 5813 1560 7164 8382 191
404 4192 8033 5762 7296 9476 9383 4104 2218 6602 5451 3533 3660 7786 639 9842 6739 1852 1725 4607
405 7264 3 1763 6534 424 5064 3664 4880 6037 4790 9366 6070 6394 5304 8863
406 4896 2017 321 9990 7943 9194 3147 4268 1777 5234 6613 8471 1368 3417 3004 3837 734
407 2 6327 4133 6245 2086 9481 5962 141 2030 1682 6227 3795 1140 4214 7922 5880 6168 602 3836
408 6456 1731 5701 7141 296 8078 9647 1180 9940 7413 2486 6455 7672 732
409 1956 4996 6025 4076 1775 2288 9332 4020 7032 8603 158 959
410 1409 5762 3431 2986 4715 9393 114 1652 8470 7224 2490 7547 2301 7899
411 321 4964 7077 7271 1127 4141 8045 4909 1626 2494 8031
412 7105 1668 1093 9094 7880 7465 8490 297 5356 3149 7997 638 2963 662 8375 6267 925 4766
413 3043 9284 773 6186 8782 7758 6165 9686 7255 8343 3033 6362
414 6721 2 9380 2790 8263 4264 2920 9386 3821 497 9651 8819 7575 4824 1465 7613
415 9537 3553 7713 9444 4326 3275 7724 7949 3414 153 5466 4251 412 6974
416 1280 5728 541 7879 5705 6281 7852 5965 3982 9007 7438 23 1496 4475 9181 5886
417 2240 5761 1505 1050 2309 9991 1800 3629 3565 9073 4241 8531 1364 5277 7675 5978 6555 3325 4511
418 5667 7235 5445 7655 936 3463 9864 8715 396 6827 1238 4055 5017 4095
419 1988 7367 9576 3758 1038 2032 8241 151 5016 506 8155 4893 286
420 1668 8615 9450 782 4591 240 8337 2643 212 661 3414 6613 2202 4444 9534
421 7360 2240 1957 9638 1766 9576 3468 6253 7694 5869 8528 6419 3956 3797 691 3894 6425 7036
422 2240 257 226 3111 2408 2345 6506 1964 3405 3181 3597 7697 5944
423 2595 3749 5737 6665 2795 9196 9005 207 8272 79 3126 4760 7549 8029
424 7654 8393 745 7887 9745 7955 863 7071 569 3034 5917 9726 287
425 1984 9189 1094 1031 7594 6155 8682 9904 8149 5213
426 483 1924 358 9130 396 7153 4274 5780 2588 6327 2392 9241 9019 3100 7485
427 8804 2202 4328 9129 7498 2123 8363 4522 5617 2070 2458 4635 63
428 9569 1060 6153 7562 6538 7980 2962 9366 5015 312 1366 3772 7901 670 639
429 5248 7709 8387 2245 1259 3692 4527 8976 9533 6395 4029 7927 6584 7609 155 6044 8765
430 8513 4258 7138 420 3362 7719 6472 5547 8043 7438 4335 6991 2673 6227 3381 278 8095
431 9664 3169 7556 3110 2951 2120 7945 3468 9999 5615 9968 6675 7865 6686
432 9216 4066 2850 7810 2085 9606 6538 4556 3725 526 8716 4340 9142 9398 8185 5052
433 6592 5186 7332 3494 1097 364 4589 8881 6642 2962 7925 6613 6905 5565
434 2338 4195 7078 7430 9159 1546 652 333 6447 210 9842 148 2870 5846 3739 444 2078
435 321 420 2335 9705 6506 1004 6062 9327 9681 7986 8306 1657 4540 8413 2783
436 321 578 5191 2887 5580 9199 8657 9842 8757 1814 9657 3421
437 4866 3813 5605 8614 4199 3530 9099 8812 8461 8910 5488 3058 8499 9303 6775 1470
438 1601 8186 4999 2602 5548 5649 4242 9047 7097 1658 5852 2557
439 2956 8430 2962 341 9526 6647 2998 2363 3613
440 8860 3714 806 6889 1774 7248 4624 2770 2228 6260 2107 8284 7741 5343
441 7329 129 98 325 5254 4871 1000 8587 2962 8950 7388 4061 1534
442 3715 6413 8081 7317 1948 5412 5798 8105 2349 9777 2867 8506 7741 4674 6095 9176 88 6621 9693 6257 4086
443 608 2 9763 2020 4005 2275 3783 1479 4777 9232 7859 9300 6677 6613 2555 9244 9533 447
444 5216 1889 8260 5285 6470 1000 682 8462 8143 1105 2611 5429 3926 2327 6101 6524 7543
445 259 1668 6179 9604 7652 905 4747 9516 7340 1902 7599 947 6486
446 6818 8132 871 4938 4908 3341 5454 4655 7789 8910 5715 3316 6613 2518 7033 9050 7997 478
447 3744 3745 2177 4708 4489 7787 812 5869 5590 57 1403
448 2624 321 708 9126 8167 8427 3886 4821 2229 3543 1626 2973 6527
449 9250 8135 810 364 3982 2744 3411 888 4632 8413
450 1921 6786 451 4996 3911 7723 9579 2458 2643 52 7545 7546
451 321 6594 2404 9414 7630 9295 2864 9137 7028 2805 6167 9655 9592 4089 315
452 321 8162 8773 3143 5997 1966 6607 5871 7249 7949 8757 1151
453 5856 4386 4035 8996 9351 395 5943 6221 5940 116 4310 2839 6102 4511
454 9217 4090 9827 5412 5546 4110 7631 4785 788 502 2969 2234 3292
455 7968 6534 7368 9002 8817 9041 4497 7987 8440 7449 5499 9533 5119
456 8992 578 2978 1122 4453 5445 3012 8670 2477 5006 2962 1971 2389 3193 7610 4702
457 4194 9379 3877 6149 7431 6153 7278 3151 4976 3313 402 6130 3567 215 2297 6074
458 2754 3300 7652 5030 9094 9930 843 590 5715 2548 6100 8212 3324 4028 4542
459 6240 321 3299 2787 3207 7275 9259 2896 7699 6388 1813 222 4318
460 2240 1283 2662 9830 5161 7883 9680 5040 6066 8147 8981 3036 1022
461 2498 5988 429 3341 685 6798 2544 6258 5047 7960 1917 3743
462 449 8034 8994 4994 2058 331 1836 5458 6166 9622 4955
463 321 7841 9731 3845 1062 9990 2472 7688 9611 8524 5839 2617 3964 8509 7710 7295
464 4002 5156 8165 4454 8491 8717 3279 2962 8788 2454 7223 8918 9433 2746
465 7649 7522 5795 9576 206 6258 9716 3126 7703 4279 187
466 3744 2240 1987 5796 9797 8516 3044 6954 8140 9549 9967 7859 8116 2101 7550
467 9218 3716 9988 1191 1353 876 4364 3086 5038 3023 3697 9458 1276 8279 632 4027 1084
468 9313 5252 6085 2024 5770 6605 8429 7949 1618 7512 5659
469 7489 5346 8038 9895 8040 6538 1900 1708 205 9711 3541 8949 2295 3836 926
470 6145 7464 5547 4703 9393 9841 627 5234 2551 6234 2327 1087
471 1152 3489 7586 9704 3753 1034 3723 6124 3884 3313 8052 2293 7350 2550 281 2302
472 8472 3235 8387 5351 9291 2444 1134 2962 9461 7574 6103 696 7131 7389 9534
473 5888 3713 3458 7238 6854 7240 5770 780 5715 5016 1815 5752 8729 6170 6622
474 6144 5986 1091 773 2822 7719 712 3275 493 1678 979 7606 1495 2422 2586 6492 5277 9278
475 6370 611 7582 3624 1546 718 4239 3471 7313 7792 3665 9615 6547 3926 4188 6750
476 7329 2 5219 1576 4264 9640 2795 3368 7049 3887 7153 8276 5908 3991 1752 5176 3837
477 7296 8033 3298 4837 4123 2188 9677 3855 9141 7190 3064 4667 8382
478 3264 1058 1571 4420 4515 8994 552 5962 8862 5677 9423 1072 5715 2484 9716 246 6999 2680 5150 3103
479 6880 6530 8228 1511 3964 6378 5720 205 1008 9265 950 7991 440 3128 7068
480 2240 6082 7652 3012 8005 8105 4575 6480 3793 2642 5907 7828 4755 6872 8634 1503
481 2560 3841 8738 4866 5316 4040 6281 1002 7240 3568 6809 4340 437 9401 2844 7422
482 9024 1761 9538 128 9057 5347 5891 8359 2404 6978 1207 4922 9533
483 9953 2 6915 6691 2953 1195 460 3758 79 1232 4561 7984 1047 9013 2519 6168 6587 5340
484 3099 8043 9675 2572 4045 6573 3153 7537 9522 3350 9270 6457 9595
485 9159 3624 5961 5703 8972 7949 9455 2288 8977 1107 7864 8505 1019 1950
486 1440 7680 9986 5830 2666 1389 9199 4147 1012 212 9238 9527 7835
487 3456 2946 5667 5859 935 4584 9007 400 1331 1557 8918 5723 8027 2846 1887
488 1828 7880 3050 2413 6573 4792 4721 6001 1075 1429 2135 119 5880 4091 2327 6237
489 7904 4324 9640 5449 6762 7499 7500 876 79 5072 1554 2228 4372 7510 8020 1562 6011 7452 7742
490 1664 4771 9991 7848 359 9039 754 4340 8056 6713 8636 9022
491 321 3041 3326 3877 9031 4042 3083 714 4271 7250 4180 1593 2490 2079 2974 2105
492 3936 4163 419 1604 4965 4326 8005 4969 4587 8462 2256 7536 7762 5107 8918
493 5056 9028 4677 6053 669 3432 7817 5662 5710 9872 3827 6164 9116 8125 6334
494 482 3811 4902 4744 9935 336 305 7987 6101 4823 6040 6809 7295
495 9541 9638 133 330 5035 6986 4078 9199 7664 2577 2002 116 8757 5081 4411 8509 5726
496 5024 2981 2791 9354 7755 6444 9930 5649 1937 1841 7762 3672 1881 9244 7134
497 8644 4137 7663 5392 1745 9170 1331 4948 9851 3291 9085 2910
498 9443 6501 2730 8792 1325 6222 2031 1262 2426 1907 3895 3320 183 442 155 3005
499 3330 1892 9764 745 3658 7530 6924 381 8980 6902 8600 1597 7903
