500
0 673 9125 2277 4718 8431 2610 5715 4532 5974 664 7228
1 3936 3937 2015 969 9323 844 7482 6318 468 3770 2203 2655
2 6656 3521 6371 2437 5574 5445 4008 2842 2123 9485 3418 6861 719 2962 6899 6712 4090 699 7932 9533
3 2560 3554 4100 5317 6534 490 1098 3596 8780 7179 2607 2192 4402 6613 5048 1467 6653
4 896 5122 1668 8460 8717 8209 7185 287 1319 4776 1962 9903 3001 1339 3005 5950 3394 9543 199 7880 5962 9301 8151 1498 4314 8176 2555
5 6369 4933 2345 5067 6156 780 9711 7006 979 8660 5268 8597 8982 2813 3838 2911
6 6848 7076 4004 3012 4681 6411 7531 5716 117 7285 5847 4893
7 2785 7170 6598 8746 7915 5004 2967 7121 2192 9138 4887 8987
8 8987 2401 2240 5155 3812 1450 8586 780 9997 7980 3535 2128 5393 5458 7762 1590 7193 6011 4253 8895
9 1830 8999 8746 1743 336 2129 6449 79 183 7000 4121 3643
10 2147 1316 3111 6718 1963 2603 4974 1105 4498 6746 2778 7611 2973 1694
11 8865 6692 7367 8648 2794 8237 6258 9619 1332 2614 3543 5624 2780
12 3297 5646 7663 2288 7438 9618 5011 5362 4626 982 5559 9404 2873 7036 285 7454
13 6656 9569 8453 9192 4314 3051 4855 2638 8722 5907 4500 5301 6452 5045 728 5111 3380 6299
14 3046 1642 2059 9358 3599 8624 3150 5170 7699 1525 3543 3833 7933
15 3041 8994 2819 6468 7237 871 5099 3982 563 5207 7000 151 4314 3518
16 6691 3208 1769 8681 9805 5678 8464 5840 6770 660 7000 2745 7451 4028 3966
17 8132 9483 8141 5904 4721 2835 5075 6197 3830 5943 8090 9788
18 416 9090 8455 4968 3341 367 6066 2067 5939 8569 5980
19 1978 8355 8683 7902 9871 4602 1235 4594 9842 950 1402 7740 3453 1502 63
20 5089 2402 36 6584 8042 7030 4440 4761 3836 4862 2264
21 4962 7683 9572 9115 3012 9449 2092 1233 978 6739 5047 312 1019
22 3076 6441 9194 6190 4463 5968 3758 8338 6482 1299 949 2646 4187 3549 5630
23 6337 3524 4679 935 3625 4855 9932 172 1102 1711 3537 5553 2931 4054 2391 7261
24 992 961 6945 7713 3340 3597 1039 4176 6992 4818 5427 6482 6551 3419
25 7137 6371 1353 8939 7659 9303 6231 3385 7322 9244 2845 8543
26 9025 2722 2245 1083 426 140 6700 8143 8592 7732 3995 9244
27 1796 5161 2475 8846 8274 2964 3860 8502 1111 6710 5335
28 3104 7073 4449 2589 321 3721 9129 5708 9133 718 3854 3152 1777 9615 6675 3388 8605
29 6881 6913 2787 8836 4377 268 6063 79 9968 9459 7540 4340 9526 8057 1531 5022
30 2 935 7628 5932 4315 6331 7791 3982 8018 853 4758 6421 2875 5852 9758
31 455 6826 8523 6668 9066 2349 4592 3410 6742 3451 9566
32 1120 2465 2240 170 9611 5166 4920 7062 5208 4985 6522 1629 4222 511
33 961 9826 321 9924 7652 9094 8134 971 7344 2865 8030 6612 4180 2555 2970 123 6460 7263 2047
34 835 9924 3044 8389 6151 4709 3751 935 5611 6861 3055 7730
35 9312 8392 1737 8552 6443 7276 6442 6414 9704 1200 4465 9842 8599 6584 569 6810 9659 9758
36 2817 6532 3620 4326 935 4809 7755 8335 9968 2129 1010 8021 4630 186 2107 254 3167
37 7744 6116 7269 5733 5961 4202 335 6547 8821 2713 731 1628 2590
38 1536 5504 6467 580 4837 8655 8208 5743 4018 6834 6675 3830 600 2264 1407
39 2240 7575 6502 3015 7498 3946 9132 4140 4462 2671 9072 1036 8439 9785 2879
40 4320 4993 1763 3493 6086 4585 9517 3982 657 9938 6770 3092 4666 8091 5022
41 6913 7907 9926 8775 7055 6352 7344 115 4565 1718 501 221 1564 2973 8990
42 4224 5416 7720 842 1611 3022 3311 4306 5426 52 8469 1942 9301 8861 1343
43 7552 7072 7709 9923 3301 9862 4553 6412 6829 7949 5519 5880 1201 6258 2962 4855 9848 8349
44 1984 3329 3745 321 2724 4937 6188 4269 494 6351 879 5964 9874 8052 6646 5239 5145 571
45 3320 641 2 9859 9604 6025 5291 7885 4429 5359 306 6899 8722 1845 5592 6617 5340 4541
46 7234 391 5773 6544 7346 7762 6933 918 1976 8475 6109
47 9920 9792 2525 8675 7652 3150 565 5210 1725
48 1696 833 8610 8259 3044 1093 2054 8994 3657 9129 2701 2512 4051 3227 9340
49 6020 4102 1289 1560 28 2335 935 571 2621 2240 4546 720 7389 9311 9317 7142 9063 7143 7790 8689 4341
50 321 2722 2243 8004 643 4230 259 4134 329 7333 5860 2991 5880 2033 372 6101 2744 4380 9023
51 2464 3171 2693 7487 7597 3597 2575 6287 5169 6062 148 3637 9717 6938 6367
52 8930 4866 7138 1668 1192 366 6702 686 1521 3347 469 6070 6331 1116 1693 8222
53 704 4290 3909 3398 4664 2219 7088 6610 7285 5592 9433 4538 2203 5948 5535
54 1410 741 3557 1801 9230 8464 3089 7762 9331 5589 214 3192 6521
55 1761 3523 6918 6311 1416 2217 7147 4684 7883 5006 7864 2672 915 9236 5592
56 8291 4974 623 16 5425 1167 79 1525 3927 4667 4990
57 8994 4644 5412 3626 8459 6347 2509 2475 815 2288 209 4218 9725
58 1666 7299 1219 4197 7652 7496 4168 7688 6509 3156 6614 6744 2105 7482 8635 7677 4798
59 5857 1474 2 4487 4909 219 5969 4437 4758 823 121 9019 1663
60 7779 3492 7397 9030 8549 2376 4027 1038 7216 6865 4086 5371
61 2979 8837 3526 6764 6095 9840 2128 5775 6579 2962 3350 8728 3673 6426 412 2941
62 8128 6593 6242 1665 9478 9162 9803 5547 427 5902 560 8144 2942 7286 759 5212 6046
63 9216 5538 472 3784 5257 8298 79 8434 3123 8789 1973 4728 3579 8828 5341
64 6561 321 2329 2791 6054 4297 6506 11 3050 2288 9556 8725 8249
65 4579 2213 9127 8520 935 9931 3691 8722 6547 6516 5557 1239 5308 4607
66 1 9122 1222 3146 3736 7949 3188 1973 1467 4920 2747 5631
67 544 7713 3465 1680 7153 5170 4947 4564 5748 7225 5114 8158
68 5825 6534 5738 3594 1164 1682 7125 1078 9527 4310 438 3643 7582
69 1792 417 6148 2280 4648 8170 6282 9292 5099 9931 3153 7153 6547 2614 9592 1978
70 6052 1476 9387 2699 7947 3100 4909 8467 1107 922 7228 3741 1534
71 8480 7234 8291 8387 6695 3977 1577 5899 5228 8652 8045 7049 435 6552 9887
72 2784 5728 5794 8263 4199 619 7800 7949 792 7123 5748 3125 7768 1497 2235 6907
73 2272 9472 673 2114 8260 7431 5800 3944 3533 7762 7699 5718 2326 3516 3644
74 352 6273 6247 5355 173 4269 721 6290 7187 1141 2933 6363 6364 7709
75 865 987 9052 2630 8969 9707 7196 4974 9264 1616 6067 4855 6491 2044 958
76 3543 6211 4292 5573 5224 2735 625 403 9492 7191 7734 7702 1757 7806 2239
77 7488 4290 2210 1573 9351 908 4399 9842 7283 6963 3061 1399 7356
78 7296 9153 6818 4611 8040 2986 4850 4087 8473 9181 9438 8703
79 2561 3877 4166 9962 9871 8720 79 6611 4982 3896 4569 2168 8989
80 1345 8897 9414 9640 3370 4490 5676 1712 3376 8786 1299 3156 4531 6646 955 9244
81 2240 9633 2977 4027 6982 5679 2288 9745 4721 1688 378 5595 4093 4991
82 7234 323 5700 8643 2790 109 9391 5071 5780 8215 5945 1403 1276
83 3841 673 8772 324 8473 7652 1322 5295 8817 8468 8949 3573 4341 5560 3897
84 3841 3362 6691 3749 3590 3399 4734 8618 5962 1838 3471 3119 9461 8278 8958
85 9538 6691 3175 3144 1449 2441 7403 2569 5293 9007 9521 5467 6613 8791 987 2391
86 9152 2240 5539 6500 3274 8043 5868 6734 9040 7060 9461 7351 6201 2461 7262 4735
87 3720 8841 8728 6937 6044 7968 2215 3243 6319 9007 5307 4923 2622 9669 8006 979 3285 8798 6494 6240 7155
88 8353 7652 5862 2121 906 428 524 4846 7087 496 1683 5556 5044 8021 2486 4505 4959
89 7744 2497 2 8164 2468 6054 966 9676 5391 9235 1940 2777 2555 3133
90 3522 5892 133 5926 8710 8936 8135 4842 4901 2157 4818 1043 797 1150
91 6720 3841 8354 4168 8810 810 6623 5102 116 2806 7255 1055
92 2240 321 7321 1336 6884 8260 5608 8267 3919 6896 400 7032 1529 1690 5211 3964 4957
93 5409 3714 6727 9864 7240 4589 5677 7567 2900 1140 4086 4217 8954 4733 4895
94 2487 2018 774 9737 9545 7883 6035 8373 8790 2423 7577 9628 4861 4606
95 2593 321 1069 1453 2687 4782 8431 7762 1043 7668 4026 542 5727
96 2723 2788 3877 1896 1513 4112 8113 5649 48 2160 5948 9246
97 1792 1698 4644 5030 1127 3982 9295 9199 9782 9270 2939 4445 7775
98 2240 5317 7206 8135 3210 3371 9774 4463 592 8305 2674 9330 6167 9646 3095 4477
99 6339 9385 2155 9710 9007 6320 4209 1617 6003 4177 9139 8346 4859 670 3807
100 9953 6914 6657 1034 1131 7118 5135 7344 9043 7220 979 7992
101 5442 7684 3012 5766 7880 1801 5517 270 2322 7955 9301 2902 3447 120 8281 7447 8989
102 4996 4580 7290 6686 7591 5479 745 5902 656 6448 6258 2962 4279 8090 4923 62
103 8771 101 5957 7495 1481 4779 5869 2702 2128 4433 3636 3573 5690
104 1442 2915 871 232 2857 9898 7054 6543 3376 3738 2998 4407 760 3705 3514 3547
105 3330 3842 7429 2696 4493 4126 5280 9129 7228 3648 8770 2628 1865 5962 7116 9040 6608 6101 6613 8797 3936 8170 7285 760 1145 5884
106 6208 4100 7111 9641 843 6220 5715 148 2555 1303 5499 828 8125 7966
107 2528 8225 9408 995 2340 4457 1517 6029 9201 2548
108 9856 321 5219 4542 1668 6534 7721 3084 1327 8753 7153 9876 9977 7252 9271 8212 3353 6875 30 5407
109 4448 8005 2502 9098 6636 2252 9007 2480 5715 3637 8118 2647 2555 2395 3997
110 964 7560 7241 8714 9584 6193 2586 4151 1686 9111 1049 5754 7355 3836 1759
111 5953 804 7047 7531 1515 8300 3790 8911 1871 9745 7091 9109 1429 1979 9244 9278 8927
112 6560 8577 8002 4352 9316 132 5220 7013 2121 7213 79 9968 3217 9522 5749 6619 6327 6523
113 4928 6020 1477 8518 2663 7240 1668 1611 9675 4875 8080 6192 4720 9236 2294 9722 5339 1439
114 2 9955 860 2152 2121 8234 653 3182 5053 8560 9372 6141 79 6324 5494 7833 4539 6748 3037 3454
115 1412 1444 7814 6903 3534 8762 2396 6489 2330 5691 3036 3103
116 8099 2404 1639 2616 3530 4366 8527 1774 8914 6613 9335 6200
117 8481 6338 2979 7713 583 8424 5386 2730 8493 847 5295 8786 2003 468 7734 1336 6554 5115 1982
118 768 8647 4553 6827 1053 500 8669 4383
119 7713 8547 1604 7749 4452 9315 7845 1571 8387 4048 8756 9082 6750 8479
120 6979 7621 3909 7557 9353 489 5738 4625 5138 8372 1364 9688 7641 5179 1340
121 7269 7783 5388 7949 8784 6609 8819 2164 3349 5624 5309
122 5633 8194 1349 9578 1773 847 4050 213 3894 472 8154
123 5154 66 5508 740 9254 4966 8994 5867 8749 5933 304 6865 4340 6879
124 4929 2370 7170 2598 6457 1581 8943 79 1301 3830 1271 4505 4444 9438
125 4480 7233 3333 4298 5548 7629 7246 9007 9172 5404 8861 3167
126 1571 3524 9197 4880 9533 7923 4221 7127 4888 6327 5755 605 7358 9695
127 4961 2785 4580 5157 2342 4007 2727 1668 4170 8267 5097 6831 5744 979 4247 9273
128 8546 5319 7591 7562 9968 3666 8402 9941 5462 3543 2713 8444
129 2145 7490 2 5000 780 6938 753 6231 344 4538 27 1757 9887
130 4866 8389 9415 5515 1579 3149 2895 8016 8626 8786 9751 7899
131 5126 7 3336 1299 5654 5531 5155 4260 8362 5804 3510 8887 7480 4035 5831 8903 6601 8439 8423 6382 8055
132 8769 5185 2023 3112 7883 6221 9102 4238 4272 8973 5298 5326 3982
133 8804 9605 7463 5704 3050 2765 4432 3249 1105 7699 5398 6009 926 7487
134 6082 408 2918 3845 3881 9738 3982 5647 7759 1203 6389 696
135 2240 5603 389 7880 4457 364 8812 1359 9169 786 6771 9906 8476 6229 7699 5468 6623
136 1569 9890 6377 139 6732 8045 911 2420 9209 218 9534
137 9857 7267 2308 4039 5127 5456 2706 338 3027 6771 9075 6613 9912 8217 3998
138 9280 1153 9954 7296 4933 7144 5386 4107 3227 4749 1773 6863 529 1749 8982 379 7197
139 8769 802 7235 4985 873 1039 2353 5330 7315 5657 3739 5343
140 8352 4900 2408 136 4587 684 3691 7662 9968 6065 9426 3097
141 4644 7429 9478 8744 5353 3018 8092 2121 2896 5553 8984 6680 1625 4572 3709
142 7174 9161 6829 2703 4176 2962 2996 6776 3257 4314 4731
143 8387 5156 197 6917 1895 425 9322 8491 3796 1908 3318 7961 7290 8157
144 835 198 4935 7337 8172 8920 2288 5522 2197 3189 7927 3190 3894 3388
145 3232 8801 9153 8678 1383 1868 436 2422 6488 924 7708 8383
146 1281 7162 9636 2983 935 8172 4366 1007 3730 2962 569 4122 9403 5439
147 128 8041 5897 5387 333 557 6031 7439 5588 757 9302 9942 3349 1147 4765
148 3712 2 3683 2531 4804 3074 745 4971 7181 2030 3023 2096 3662 4975 6899 6516 7153 601 1276 2718
149 8224 7105 2494 1125 2439 13 9422 766 6003 7828 1432 4091 6270 7743
150 2 3685 6266 8652 8270 9902 5339 4408 9401 7322 4443
151 2785 9475 2472 648 2537 9036 7852 142 5715 8916 1047 9848 7903
152 1120 97 1984 7429 3206 4326 5705 9930 4592 3056 4376 2265 5117 2879
153 4769 321 3783 3401 8425 9129 7885 1402 2191 2741 5754 8951 2938 3291 5852 7709
154 2279 3306 4426 8683 2892 8302 1303 539 2140 4189
155 8193 3074 8773 3338 2986 2222 7086 8240 6831 2962 1299 6804 2300 4501 9500 5855
156 4032 8994 4867 5382 3373 8815 6613 4377 4988 1565 3262 8063
157 5952 5121 482 518 2182 8040 7050 9196 2958 2574 6961 6258 6899 3379 6267 9244 763
158 322 2308 5509 9765 3012 1668 3951 8431 8785 3702 6936 5210 5151
159 4161 7654 2247 3751 4537 8236 3565 6030 2256 2897 3954 2643 8342 5654 9399 7291 9374
160 5504 2533 2950 9413 8711 1708 5676 6840 7314 6258 6260 2197 182 8568 2555 4031
161 8967 1417 267 4622 2962 6547 3865 8483 4777 2986 5292 7343 1348 9545 8406 7652 2160 6385 7922 3700 2936 1789 2559
162 3936 33 9026 1122 7236 8420 1638 6021 4168 3949 4429 8751 4367 7313 8338 3981 1501
163 8064 8736 2240 259 3310 9007 4144 7153 530 2943 924 29 7038 543
164 9280 486 3782 1450 492 5391 8720 6545 7120 2962 9013 888 5913
165 7712 3493 6503 2781 9129 9674 3820 4941 6189 1522 1085 9333 6269 8567 3670 9144 2426 3581
166 6816 1986 8035 4581 101 6184 8267 4941 9007 624 8689 9398 7351 8762 3710
167 384 5601 9440 8672 1349 7560 6762 5643 2572 8526 8371 4627 953 9533
168 641 6306 9833 3082 7242 140 1071 9456 5905 7732 9723 4731 9053
169 4292 2695 9224 4586 139 5803 8943 7567 4784 9075 6676 2643 3702 1113 765 7967
170 353 3746 4199 6920 8366 5905 6834 3667 4085 3637 5339 4925 3391
171 8866 1220 7559 2826 3468 9741 3891 6196 3543 8186 7899 191
172 5762 3012 4229 8457 4394 3885 4751 6014 4819 4087 348 2844 8125 2846
173 5860 773 1703 3703 8363 7949 1230 79 8498 5683 2962 7701 9014 2551 7642 5054
174 5794 7043 3396 7207 2152 3207 935 2925 14 2649 5399 4857 8503 6459 5756 7677
175 9408 321 5380 3176 9898 8299 6635 1582 9491 9402 6938 6079
176 3393 9762 321 1956 1669 1191 9384 7753 3562 9383 4091 7405 7736 9523 8918 6104 4954 1307
177 7074 4962 6852 549 5830 268 9007 5232 915 3931 2366
178 4193 7713 4296 5226 9964 1517 6542 1106 2739 1276 3963 8764 5885 8191
179 1508 2724 7364 2666 5963 7440 3378 5715 1588 7762 8502 3994 1052
180 706 4035 9700 9829 1083 650 299 8495 8881 8507 9686 4726 7992 3961 1146 667 7484 2555 574
181 5664 8416 2978 5892 8997 9833 8297 6635 8268 734 5747 3125 3158 5598
182 6278 3078 3017 7593 3914 9132 1457 9139 6388 6773 5715 1943 5880 7836 5245 8764
183 9446 4486 7816 6827 6381 3245 7633 1202 6133 4533 1977 6938 6014
184 5634 4805 2437 4314 7754 5779 3540 2549 6134 4567 5176 2425 3894 8350 7804 9301 8766
185 1955 8874 7947 4558 7983 3317 2553 3194 8860 1663
186 5601 5410 3074 3012 3720 5609 6218 9848 493 4685 4081 9459 6131 5492 2904 6269 6718
187 1537 6882 5827 2952 427 6764 7311 9207 2650 1340
188 8572 6019 2212 732 1510 8743 9704 8169 8235 427 5999 2962 2868 7797 4821 55 1912 4729 4216 8990
189 3872 6054 7623 7784 4091 5391 1233 7091 5461 9691 7676 9598
190 9379 4260 3269 3203 8744 8618 7743 7342 3729 113 799 9758 7327
191 96 8416 6434 8966 1447 6120 5350 1898 3403 4531 979 8342 9528 3804 4575
192 3392 9313 2114 7685 4038 1837 1487 7120 3601 7026 9587 7153 6613 1691
193 321 7714 2759 520 1676 3985 2962 884 757 4725 726 3163 6428
194 5729 4650 8874 3052 8140 8622 9007 3440 5137 4691 6549 2838 9438
195 6913 5188 1305 1534 8203 3405 5422 9293 5261 9233 5268 4054 7510 1881 4314 220 6014
196 1342 353 3266 9440 5412 321 2630 2730 7278 6865 7218 5084 2430 9887
197 832 6433 1348 6920 7049 4909 5869 9935 8125 3857 2258 9244 7453 2687
198 1989 8357 1638 6538 2124 7213 4908 340 7675 5914 4987 8444
199 8195 8387 109 7246 2381 3890 8247 4920 9402
200 9637 4727 1256 6827 908 5196 6382 427 7633 3382 1239 569 1946 1979 5244
201 9217 4873 715 5388 2124 9487 111 2353 1361 6672 4532 6258 7672 6170 702
202 4353 8674 1145 4900 4614 103 8524 6384 2768 2674 2297 4991
203 2785 6049 1123 2279 6826 3085 3540 536 7514 5439
204 608 4800 1189 3114 7311 8016 7088 6227 3316 7318 6071 1117 7198
205 8964 5064 7019 2860 2125 8850 9074 9076 8308 1077 3731 1400 1631
206 2721 2116 2565 4838 6825 9674 6575 847 3313 5715 3668 831 7732 7575 9337 3963 6558 5887
207 2787 6830 5880 4593 7153 8183 9112 1621 6679 7288 7606 827
208 6210 451 7235 5507 3239 5962 8723 5843 8149 8949 7543 9336 4340 8315
209 7650 7074 2887 9095 6318 7314 9075 5462 9014 2553 7741 287
210 4743 1383 5195 9453 6382 335 3759 9139 4822 790 6425 6590
211 6533 1916 5194 8781 6541 8301 6800 2417 9747 3061 3895 9340 2781 4286
212 5185 9570 4963 7683 6532 5702 5178 8423 4266 8429 910 3632 9266 4728 2394 2844
213 2273 5637 838 3531 4013 8239 9328 2704 6675 7059 3413 1364 3894 1692
214 2240 7713 3204 2598 9223 4936 2697 9867 5934 3216 3184 8247 3835 4253 5631
215 2240 8770 3877 8330 4715 8619 7469 1964 6986 6538 8507 501 2007 7224 4667
216 1954 8418 8580 4071 6601 5385 4780 844 7215 9041 4433 9686 2616 4191
217 5412 7014 3206 3561 9388 9997 1164 79 7133 625 8434 5395 1111 247 9565 8542
218 421 550 4901 935 9034 493 6878 79 9008 3602 7155 7254 1437 8542 5055
219 935 8294 510 8296 3432 9194 5963 9483 5995 2121 4015 592 1682 1746 2744 1182
220 3586 9283 8899 9188 5762 1321 9546 1771 6712 5232 369 9395 2035 2326 7192
221 8996 1157 4199 1051 9321 6379 8817 1619 7799 1337 9851
222 4414 5559 1505 8711 2440 2248 5034 457 427 7085 2030 7949 4720 8434 3570 9172 7508 5270 310 4286
223 2278 4073 523 4050 403 3348 8178 2034 2647 505
224 3584 7393 6626 6465 7396 1893 5549 7280 5073 5301 9237 2421 6613 4985 379
225 5537 1668 4345 9593 1098 7786 2830 1230 5553 7699 9236 9908 214 1078 9529
226 7296 5090 4613 5893 4199 6281 77 5816 6993 413 5270 3767 4312 3452 317 5342
227 2242 8740 9989 7878 2983 3753 9676 4173 3629 3151 7732 3958 5336 3227 6015
228 5857 8452 4102 6279 6890 4206 9711 5553 754 6100 8212 6938 5851 3710
229 7040 8994 7938 7940 6698 3373 6414 6030 8817 8052 1909 3894 6903 1276 7837
230 5376 4225 6530 1859 5734 1670 765 7914 9930 8590 9007 8432 3894 895 5085 3999
231 6368 4736 8160 2240 932 9348 4027 2288 7377 5682 2779 4764 7613
232 6464 8574 8536 2915 4517 6534 3544 4039 6921 2856 7794 6258 7512 4638
233 8743 8583 969 2409 935 3278 1839 1695 6163 1273 6906 5757 9566 5279
234 1668 6502 5895 8998 5193 4073 8042 6572 1929 6635 3247 6351 8104 9968 2868 4660 2746 316
235 7715 1796 6436 9163 1387 3988 2036 2069 2263 1081 9179 3740 7710 3647
236 3392 3014 5672 6889 4983 8157 8689 5715 4693 3031 5437 9372 1565
237 7328 2882 1252 838 9192 2314 5388 844 2732 3982 3665 3828 4020 6072 7549
238 1692 550 871 5159 6823 7659 9180 8462 8431 3923 5525 8854 3863 2681 7388 1822
239 448 5474 4579 6723 8040 5929 300 8750 6258 5715 7316 7861 2102 1495 4699 8990
240 7840 646 9382 2790 8393 2476 3340 1230 5008 5748 6262
241 2241 7268 7429 8134 3592 9356 6604 9933 6223 688 8112 4093 1907 6613 1942 6391 3612 5981
242 2881 5666 3847 2505 3753 429 2418 2771 7575 120 9466 9275 2327 3549 5950
243 2240 8580 9258 3471 9297 4666 6837 8469 2135 7962
244 7937 1028 8644 9287 6026 79 5553 3026 153 6493
245 3074 8772 5701 7909 7757 1677 3759 2671 7513
246 7353 9347 5030 2119 2183 5869 1774 5296 1040 3024 3667 6260 4624 2643 2521 5403 5500 5917 8831
247 9601 9473 9315 2275 1666 9510 3336 4939 8785 5812 2617 6172
248 8992 4897 7365 8136 5355 2379 9197 5326 5423 5360 2256 6963 5715 469 7734 8185
249 6048 2338 3267 6149 8938 8298 7037 2701 7887 2384 7570 349 3583
250 7841 6594 3427 1348 5125 9453 4240 7762 7732 5332 9526 8632 858 3676 3358
251 135 4362 6800 3121 2002 5296 916 8657 4086 4695 7381 1817 699 1884 9533 8350
252 321 2981 5835 7979 9133 3596 8528 6545 9011 9436 979 215 1850 4635 3132 8125 638 6042
253 803 5412 9161 2314 8522 172 8687 2802 4469 5685 3543 8669
254 2272 5698 72 1289 7339 4140 1198 4597 9781 1942 7413 3548 9215
255 4448 7009 838 5287 1063 9481 457 3086 4591 9522 2962 533 1850 9371 2175 2431
256 9216 7457 9634 1766 6886 7880 9677 8302 6672 6548 3926 9401 5276
257 4985 6147 9187 5412 4550 9831 998 3074 6698 7659 5389 2157 368 5776 2322 2128 3894 4793 3163
258 4901 5736 5196 6956 7950 7311 2032 9585 4558 4824 8309 3544 1533
259 5536 4806 2761 7647 4941 4717 2192 5041 4119 5341 8159 4343 9949 4575
260 5408 1344 3971 1636 2635 1197 944 5554 3123 1396 3509 2643 8440 6458
261 2595 9283 6181 3653 3847 9321 6793 8907 2444 4207 7216 847 9086 6705 3827 1557 7355 1020 7357 4222
262 3106 6054 4008 2252 5997 4174 6958 4849 3794 4537 4763 7484
263 1 4834 9957 3527 1134 6547 7220 4948 1720 3385 8188 797 1630
264 4387 5316 1861 5156 3242 9357 9389 3984 6801 8243 437 3671 1175 732
265 1283 2981 1414 1032 6506 4588 1328 2867 2869 8119 4345 9533 6557
266 1342 323 4360 6281 4304 5085 3894 183 1848 7289 2555 5147 7773 4254 9631
267 4928 5762 3747 1125 2153 2457 7951 1201 7762 979 8532 7225 1917 2654 2463
268 7041 6274 9655 8356 2408 6140 3086 6706 9309 3095 2555 9495 8861
269 8067 6563 9188 6404 6023 4172 2799 915 4182 5495 1212 1343
270 7652 4198 8938 1034 5007 208 8762 2553 506 5595 1501 6846
271 4129 4421 3749 4649 3817 8011 2986 2099 5428 6586 6938 3037
272 7575 453 8457 9162 8140 8685 4624 3473 7442 4369 5621 5750 949 9621 7325 5886
273 3936 7777 545 9569 4352 3877 2252 6061 9103 3440 5330 8307 3669 7862 4437 8856 9114 7357
274 8866 1027 8645 2118 1064 2476 5070 4752 4561 7220 9654 7126
275 1793 7650 7909 7240 5322 8973 976 9968 2515 4917 2555 951 8824 5307 8926 3288
276 899 100 5383 1127 9033 4967 7629 2352 1841 1941 9880 6267
277 9379 6119 8616 7753 9688 6412 8463 6543 2064 6451 6036 2868 6327 5272 2264
278 7489 739 3302 8198 6007 3823 9199 6066 6805 5303 1496 921 1435 2109 1534
279 8960 98 4676 5064 8428 5390 79 6033 8914 4563 2165 4311 5308
280 8994 6597 8134 3789 1645 4977 8275 9844 7253 5493 9558 2715 8829 1694
281 7361 4964 9414 4199 5417 9418 2961 6002 3859 5715 5751 2555 5372 1853
282 3586 578 8130 4102 1031 5896 1831 1323 8239 6416 657 4242 8495 374 6167 1177 2586 828
283 352 257 6826 234 2861 750 6287 5584 3475 2202 2555 6463
284 4132 2810 650 8427 7788 2122 6766 8654 6447 3410 6962 6583 985 7194 6270
285 2144 898 8994 3524 9671 2120 391 4590 8175 4565 4917 1557 3866 989
286 6178 9764 518 8200 8681 1802 2288 5617 2453 981 4023 2806 7669 891 2111
287 673 7527 2663 7435 9484 2828 6967 397 7504 9619 9047 5023 7162 9245 1279
288 2240 193 707 4420 7111 9703 935 2731 5613 4497 5905 3610 4052 7153 4504 1786 5436
289 5416 5994 4010 5325 2738 4275 7538 4307 1557 4340 6134 6613 3899
290 3225 5762 6312 1194 6122 9834 4083 1461 9206 1429 7129 4861
291 6145 5247 1443 4985 7949 7792 9296 7122 4721 6547 1682 7762 8216 5209 221 4671
292 8096 3745 4129 321 3417 3593 6794 4461 6734 1681 9043 1117 979 1175 7739 3319 7933
293 354 5826 9732 7688 8682 970 4939 2896 4208 1425 6611 979 792 9691 2428
294 8416 9409 4610 8676 5797 1581 2702 7725 176 3538 8498 5430 6103 6845 3359
295 9218 8292 934 5351 6376 4456 4678 7787 6987 3498 6670 2608 3153 3379 6547 182 9848 4890 732 6303
296 3584 4769 8642 7459 6020 8130 9960 1323 2225 2962 9204 9341 9301 2365 6366 1375
297 7813 4646 3877 9736 5321 4300 7469 6063 7922 4690 818 5715 1014 4855 4505 6778 6815
298 2169 9126 8615 3080 1384 9990 918 2518 1913 794 4956
299 2272 2213 6891 3536 5521 8088 3830 8152 9787 7356 637
300 9507 5956 675 7078 8741 9866 9930 3146 7821 1901 1967 5326 1105 1299 3415 3417 2621 3135
301 2169 611 5797 828 4778 9067 6458 6938 5553 3313 1785 5240 2457 3354 9692 8572
302 7874 7012 9349 5702 8906 3180 9741 9007 2545 3442 7635 5810 696 8442 1979 5437 7967
303 9440 3682 7845 2190 6894 2128 6162 1107 8306 1498 7451 5244 2302 9567
304 8510 9632 1762 1731 3494 5384 5769 3661 5677 79 5520 3856 5877 151 1752 794 9211 732 7549 1118
305 1728 386 7493 1927 7272 2439 9517 9009 949 3447 3452
306 9953 6851 4484 1571 8196 2028 4941 2254 2892 9903 7796 7545 9018 2492 4158
307 8608 6883 1411 7843 7781 2117 7782 1769 235 5804 491 7762 3604 9436
308 450 3716 3334 391 4199 7545 1420 6060 3118 5166 5551 9903 8756 2521
309 4992 8193 6242 4388 4677 7118 5647 7961 2167 7960 6457 5340
310 8001 321 8390 6216 4970 7450 1708 7883 3664 2290 4980 9690
311 352 1697 6849 6329 1250 5414 14 3631 8079 376 3257 6301 4991
312 8672 5894 5354 4650 2941 243 5973 3701 8438 6101 5818 6938 253
313 4292 9284 4518 1159 745 4428 9244 2962 2195 8916 9430 9468
314 2083 4484 6787 5029 3815 7240 3754 560 529 9362 5683 7157
315 1920 4483 6628 6533 7430 229 3274 6251 2481 6938
316 5412 1382 6152 4074 4746 6891 9645 3004 3641 1134 724 2711 6840 4025 6940
317 3607 5415 1255 5353 9676 6938 1616 433 2231 9048 8248 3931 5534 863
318 8421 4038 2472 2984 6602 8908 8945 4369 2935 6681
319 9634 3715 676 4418 3203 935 5448 3977 5738 1037 9204 8852 5748 4055 7736 88 3005 9823
320 3552 897 7428 9096 4329 9961 9224 684 2986 9521 4883 5687 9533 7711
321 5920 1092 7204 5513 7306 393 7863 6863 177 3505 2135 187 9374 4127
322 4224 1888 3936 107 4332 3501 6925 8084 2491 5144 1914 5179
323 1603 9031 172 3053 3341 4620 5775 9009 2288 4694 3830 2109 6846
324 8163 6147 8581 301 1326 9007 3537 4761 4242 1105 7734 9014 2137 3422
325 1409 9188 1668 6406 2599 810 845 8879 1844 2936
326 7232 1347 5412 5478 3942 7782 4521 3869 236 2765 5584 3379 5140 666 8893
327 416 8227 4134 4138 877 7022 2671 7154 9396 6938 8507 9148
328 3523 100 1252 4870 8329 362 7856 3538 5941 3771 5469 7327
329 5537 66 2184 3195 3980 1678 6258 9622 62 923 350
330 5729 2242 449 8964 5064 7949 3568 4538 5044 7414 5239 3514
331 2948 7429 582 2695 3913 842 111 7153 51 8531 8573 7804 4701
332 4032 3746 8196 1834 8559 8125 1875 3541 1883 541 5310
333 1953 9090 3298 1028 6914 2182 3074 8234 652 4173 8366 3918 6709 3737
334 6529 2436 4388 4934 9351 9608 6692 1834 1934 5295 4787 9364 4186 8637
335 481 9857 4196 9349 7563 4751 593 7026 7351 4315
336 768 2 7055 6928 6164 5271 2201 6810 838 76 597 2264 1369 601 2658 8931 6374 4214 9846 5500 1534
337 4416 7842 8227 4325 3144 5515 5327 9168 4723 7699 984 729 1180 2270
338 7840 65 865 3584 8994 5447 9640 5962 4139 7213 1647 1202 9362 7604 6014 2962 857 9565 4478
339 8801 34 2499 580 8170 4618 7948 2769 5203 7997 318
340 2272 9184 9954 1763 2340 4269 78 6391 1134 9968 3794 1075 6165 4341 7447 731 5534
341 8192 9345 5953 6117 5736 6281 2220 2643 4564 5715 8413
342 3331 1732 5448 491 2458 6836 4406 4759 4538 7227 8955
343 6145 9667 1860 4035 8966 4966 7624 8493 3053 3631 3885 2289 4277 4824 6521 1884 2878 7903
344 5248 5639 776 5898 8467 3490 9598 4901 5677 3758 3513 6713 3521 5964 7885 1231 3536 476 9312 6641 3573 1534
345 2084 9189 9545 3312 5904 4080 4400 5396 2965 7028 8887 2840 1307 8127
346 741 9926 5158 8264 5832 3174 8008 5390 6063 6289 5621 2870 2711
347 3936 2433 4194 6115 5089 609 5572 3049 42 2155 4335 3249 3506 9842 9079 7675
348 9859 6467 4259 133 7240 3307 779 4749 7248 7377 4562 8594 4851 1267 4797
349 1697 9156 6983 9930 6859 8717 3694 6926 7314 4180 7157 3765
350 4033 8001 4456 8970 6698 2701 9453 1839 5711 2288 9746 407 9467 63
351 4736 513 4612 3982 1556 1052 1824 3745 427 7474 5693 8136 1740 8781 5839 6101 218 8671 3681 2670 9968 1394 5880
352 7648 578 4548 6940 4774 8233 2828 7948 9968 6385 8882 5715 9172 6296 2617 8666 1275 7836
353 4737 8837 6 9478 7438 6137 2987 3630 4400 8882 4664 6584 4284 828 6467 8140 3277 7893 9689 3936 744 8310 4345 8319
354 6144 935 4522 5962 5452 1708 7916 4717 4081 8762 2582 6586 6203 1405
355 8449 1186 3845 553 8367 8176 3153 9458 9199 2487 3035 5789
356 5441 4521 8714 9067 4363 9132 1465 6699 4234 3506 917 5881 8667 668 412
357 771 5256 1802 7115 5035 7025 819 8084 1685 5848 6077 7581
358 96 8768 4066 7296 5917 5036 3824 9265 8722 6964 1044 3542 246 660 3961 5466 3005 4639
359 2305 3555 3877 3614 3656 71 7883 7949 9231 9968 7413 2614 2070 1978 4507 6558 1279
360 7457 1667 7204 5637 6150 5515 6636 8592 4658 5658 7890 9786 6425 1466
361 6752 9508 1156 1668 4199 9768 5642 9834 1580 8942 7380 276 2872 731 4924 5503
362 4417 3074 8739 9347 259 8711 5097 461 1998 7438 7344 7762 2806 151 890 734
363 5121 6786 965 7083 6188 1905 5970 7220 1973 3222 6327 7672 8125 6015
364 6272 8609 1122 7043 6916 2 9359 5456 4241 7282 1105 3476 6901 3743
365 2881 5528 8517 41 6712 8780 3634 7927 728 1467 6295
366 8705 7651 5669 9545 6731 9996 8043 8400 4564 5174 6267 6909
367 7232 6084 1668 2726 4903 6941 5838 7698 2836 758 2072 5785 3676 3677
368 3972 8261 9830 9767 6727 5673 9610 4936 6022 5580 5097 3012 3036
369 8289 1059 1146 8681 6731 844 9422 4538 9779 4985 794 9023
370 2369 450 7301 1548 5005 8125 1650 6002 8440 2780 29 670
371 9056 8618 6986 5868 5053 3056 5169 1969 1236 6551 7066 9147 6972 1533
372 1028 3656 6954 7501 1806 6799 1202 7762 756 2968 5405 3423
373 352 1313 1601 5251 7974 8390 1868 1710 7087 5966 8081 4624 6077 9683 372 6996 79 5306 8443 699
374 8770 8740 8644 7368 8777 8394 6088 1871 3185 5014 7134
375 9153 8069 5003 8491 7117 1102 5168 8146 6483 5458 6872 8159 220 7231
376 6049 550 1383 6953 6186 9389 9617 4914 2963 4148 6357 2485 8722 2327 926
377 4384 4289 4226 2240 8997 294 616 6446 8978 6226 9876 8116 8410 4607
378 3008 8257 7938 5412 2086 8618 1451 5402 6546 6778 8664 154 7066
379 2113 3460 8164 7174 935 8491 8595 6523 7798 1529 6267 5787
380 3522 8878 1519 1168 1648 6802 3059 9945 7669 3894 9177 826
381 227 741 5702 5639 7742 5799 3877 2158 9487 5777 7827 852 7413 919 761 8892 8185 4382
382 1442 3267 8131 9666 7709 3153 17 1458 2962 6934 2326 8310 6455 5278 9087
383 481 6786 6178 6469 7688 553 1932 79 4273 178 3827 5462 2039 9336 505 4378 7099 8125 4158
384 2977 1569 8163 9252 1542 935 7114 6380 1394 6739 7732 5748 3383 4504 6138 5627 3836
385 1760 7169 3747 7372 463 8431 9074 7699 2962 9941 8085 9850 7676 5885 2206
386 3584 8743 6440 935 2559 2957 3021 5645 2999 7762 7699 5715 3702 1398 9400 4764 2264 2367
387 4800 3879 9962 4203 9612 9834 9838 5168 7699 8052 2517 8248 155 4604
388 2240 1954 457 8142 4654 9968 5041 2962 3764 20 1847 2297 1435 9533 5119
389 7586 3074 5807 4304 6165 7190 7063 1109 4570 5532 3326
390 3072 3236 1956 4808 9675 8846 9423 272 5972 5141 4086 7383 4985 9404 8125 7967
391 6241 8898 4828 3074 550 4326 1195 8907 686 4143 1466 7120 7251 5690 19 2390 4345 538 4732 9887
392 2977 8130 6724 3751 233 6510 366 3344 9013 7383 3993 6301 6078 159
393 8960 7808 2 1670 2699 7569 8346 1834 427 3252 5941 3894 1977 1984 5710 5326 979 3551 745 4971 2676 6903
394 1377 353 321 7686 3975 8135 7849 5547 205 9326 6642 819 1047 893
395 7968 321 1634 2882 1091 8357 4549 3111 7112 3308 6645 8822 182 5177 4892
396 2240 3106 2211 8994 8389 4218 4781 109 9968 9140 9303 6202 1085 8535
397 1408 2274 7879 5161 2346 7467 9244 4814 3027 5493 952 955 7676 9245
398 4000 321 838 1159 1482 2282 8491 6030 5936 7059 3766 54 5819
399 3456 8544 3460 7719 8361 7724 1454 7472 7762 2771 6518 215 6010 9310
400 7652 8485 4491 2765 7158 9270 5656 1657 6618 2523 6974 4255
401 5792 3810 7491 1961 8457 5933 6765 8847 7153 7543 6942 799
402 4422 2630 7624 1480 8362 2858 8620 9968 2865 9588 888 379 6205
403 1793 5282 5921 3784 7880 7340 2320 5813 1592 2555 7164 8382 191
404 4192 8033 7296 2 9476 2340 9383 4104 6602 2218 5451 3533 4607 7786 3660 6739 1852 1725 639
405 7264 3 1763 6021 424 3982 3664 4880 6547 6037 4790 9366 6070 6394 5304 8863
406 4896 2017 1668 3012 9990 7943 9194 3147 4268 1777 5234 8471 1368 3417 3004 3837 734
407 6245 4133 9481 5033 6362 141 2030 5743 1682 6227 3795 1140 4214 6451 6168 6327 602 6938
408 3521 1731 7141 5701 1383 7672 296 8078 9647 9940 2486 6455 6456 1180
409 4996 6025 4076 1775 9332 116 7032 8603 158 959
410 1409 3431 4314 4715 9393 114 1652 8470 7224 2490 7547 2301 7899
411 4964 7077 1127 7271 4141 8045 3885 1626 2494 8031
412 7105 1668 1093 9094 8293 7465 8490 4766 5356 3149 297 925 79 2963 662 8375 6267 7997 638
413 3043 9284 773 6186 8782 7758 6165 9686 7255 8343 3033 6362
414 6721 9380 8263 4264 2920 9386 7049 3821 497 9651 8819 1465 7613
415 9537 3553 9444 4326 9160 3275 7724 7949 3414 153 5466 4251 412 6974
416 1280 5728 7204 7879 5705 7852 5965 3982 9181 8470 23 1496 4475 541 5886
417 5761 2309 1800 5704 3629 3565 9073 4241 8531 1364 6555 2643 5978 3325 1050 7675 5277 4511
418 7296 7235 5667 5445 7655 936 3463 9864 8715 396 1238 4055 5017 4095
419 1988 7367 9576 1038 3758 2032 8241 151 5016 506 8155 4893 286
420 1668 8615 9450 782 4591 240 8337 2643 212 661 3414 6613 2202 4444 9534
421 7360 1957 1766 9638 9576 3468 6253 7694 5869 8528 6419 3956 3797 691 3894 6425 7036
422 257 226 8005 2408 2345 6506 1964 3405 3181 3597 7697 5944 5307
423 2595 3749 6665 5737 2795 9196 9005 8029 207 8272 79 3126 4760 7549
424 287 7654 8393 745 7887 9745 7955 863 569 3034 5917 9726 7071
425 1984 9189 1094 1031 7594 6155 8682 9904 8149 5213
426 483 1924 358 9130 396 7485 7153 4274 5780 6327 2392 9241 9019 3100 2588
427 5024 8804 7498 8363 4522 2458 5617 7762 2070 2202 4635 63
428 9569 1060 6153 7562 7980 3023 9366 5015 312 1366 3772 7901 670 639
429 5248 7709 8387 8765 2245 7652 1259 3692 155 4527 8976 7927 6584 7609 6395 6044 4029
430 8513 7138 4258 3362 420 7719 6472 5547 8043 8491 4335 6991 2673 6227 3381 278 8095
431 9664 3169 1984 3043 7556 3110 2951 2120 7945 9999 5615 6675 7865 6686
432 9216 4066 2850 7810 2085 9606 2666 4556 3725 526 8716 5340 9142 9398 8185 5052
433 6592 5186 7332 3877 3494 1097 364 4589 8881 6642 7925 6905 5565
434 2338 4195 7430 7078 9159 1546 652 333 6447 210 9842 148 2870 5846 3739 444 2078
435 420 9705 6506 1004 6062 9327 9681 7986 8306 2783 1657 4540 8413 2335
436 578 2887 5191 8657 8757 1814 1560 9657 3421 7193
437 4866 1091 5605 8614 6775 8134 3530 9099 8461 8910 5488 81 3058 8499 2962 2422 9303 1470
438 1601 4999 2602 5548 5649 4242 1658 9047 7097 8186 5852 2557
439 2956 8430 341 9526 6647 2998 2363 3613
440 3714 806 6889 1774 8284 7248 4624 2770 2228 6260 2107 8860 7741 5343
441 7329 129 98 325 5254 4871 1000 8587 2962 8950 7388 4061 1534
442 3715 6413 8081 7317 1948 5412 5798 8105 2349 9777 2867 8506 7741 4674 6095 9176 88 6621 9693 6257 4086
443 608 321 9763 2020 4005 2275 3783 1479 4777 9232 7859 9300 6677 6613 2555 9244 9533 447
444 5216 1889 8260 5285 6470 1000 682 8462 8143 2327 1105 2611 5429 3926 7543 6101 6524
445 321 6179 9604 259 905 4747 9516 7340 1902 7599 947 7987
446 6818 8132 871 4938 4908 3341 5454 4655 7789 8910 3316 2518 7736 7033 9050 478
447 3744 3745 2177 4708 4489 7787 812 9075 5590 57 1403
448 2624 708 9126 8167 8427 3886 979 5748 4821 2229 1626 2973 6527
449 9250 7044 5445 4632 810 364 3411 888 755 2744 2555 8413
450 1921 6786 451 4996 3911 7723 9579 7546 2643 52 7545 2458
451 5473 6594 5762 9414 6762 7630 9295 2864 9137 7153 9007 7028 2805 9655 9592 4089 315
452 8162 8773 3143 5997 1966 6607 5871 7249 3982 8757 1151
453 5856 4386 8996 9351 1256 395 2839 5943 6221 7949 5940 4310 6102 4511
454 9217 9827 5412 2234 5546 4110 7631 4785 788 502 2969 4090 3292
455 7968 2790 7368 7880 9002 8817 9041 8440 7449 5499 9181 5119
456 8992 578 1122 4453 4702 2477 4045 1971 3380 2389 4340 3193 7610 8670 9023
457 4194 9379 8994 6149 7431 6153 7278 3151 4976 3313 402 6130 3567 215 2297 6074
458 2754 7652 3012 9094 5030 9930 4028 843 590 4786 2548 6167 3324 4542
459 6240 3299 2787 3207 7275 9259 7438 2896 6388 1813 4318 222
460 2240 1283 9830 2662 5161 7883 9680 5040 6066 8147 8981 3036 1022
461 2498 5988 3341 429 685 6798 2544 7859 4341 3894 5047 3743
462 449 8034 4994 8994 2058 331 1836 5458 6166 9622 4955
463 7841 9731 1062 9990 2472 7048 9611 8524 5839 6360 2617 7356 8509 7710 7295
464 4002 8165 4454 1496 6538 8717 3279 8788 2454 7223 8918 9433 2746
465 7649 7522 5795 2340 9576 206 9716 3126 7703 4279 187
466 3744 1987 5796 8516 9797 3044 3300 6954 8140 9549 9967 8116 2101
467 9218 3716 9988 1191 1353 876 4364 3086 1084 5038 3697 9458 5848 2288 8279 632 4027 1276
468 9313 5252 6085 3012 2024 5770 6605 8429 1618 7512 5659
469 7489 5346 3074 8038 9895 8040 6538 1900 1708 9711 3541 8949 2295 5880 8284 926
470 6145 7464 5547 9841 9393 627 5234 2551 6234 2327 1087 4703
471 1152 3489 2019 281 935 9704 6124 3884 4558 3313 8052 2293 7350 2550 2302 2650 5307 7550
472 4985 3235 8387 5351 2986 9291 2444 696 1134 7574 6103 8472 9270 7131 7389 9534
473 5888 3713 3458 6854 7238 5770 5752 2898 7699 1815 5016 8729 6170 6622
474 6144 5986 610 773 2822 7719 712 3275 493 1678 5327 1495 5880 2586 6492 5277
475 6370 611 3624 6750 1546 718 4239 3471 7313 7792 3665 9615 3926 8406 4188 7582
476 7329 5219 1576 4264 9640 2795 3368 7049 3887 1752 7153 5715 8276 5908 3991 5176 3837
477 7296 8033 3298 4837 2188 9677 3855 9141 7190 3064 4667 4123 8382
478 3264 1058 1571 4420 4515 8994 1668 552 5677 9423 1072 5715 2484 9716 246 6999 2680 5150 8862 3103
479 6880 6530 8228 440 1511 7068 6378 5720 205 1008 9265 950 7991 3128 3964
480 6082 3012 8005 8105 1503 427 6480 3793 2642 5907 7828 4755 6872 8634 4575
481 2560 8738 4866 9401 4040 6505 1002 6281 7120 8145 6809 2844 7422
482 9024 1761 9538 128 9057 5347 5891 8359 2404 6978 2288 1207 4922
483 9953 2519 6691 6915 2 2953 1195 460 3758 1232 4561 7984 6134 1047 6168 6587 412
484 9675 2572 4045 6573 8043 3153 7537 9522 9595 3350 9270 6457 3099
485 5703 3624 5961 9159 8972 7949 9455 2288 8977 1107 7864 8505 1019 1950
486 1440 7680 9986 3074 5830 1389 9199 3376 4147 1012 212 9238 9527 7835
487 3456 2946 5859 5667 8027 4584 9007 400 1042 1331 8918 5723 2846 1887
488 1828 7880 6573 2413 4721 6001 1075 119 1429 2135 4792 6970 2327 6237
489 7904 4324 9640 5449 6762 7499 7500 876 5072 1554 2228 4372 7510 8020 1562 6011 7452 7742
490 1664 4771 359 7848 9991 9039 754 2962 1238 8056 6713 8636 9022
491 3041 9031 4042 3083 714 7179 4271 1593 7250 2974 2105 2490 3326 2079
492 3936 419 1604 4965 4163 4326 8005 4969 4587 7949 8462 2256 7536 5107 8918
493 5056 9028 4677 6053 3432 7817 5710 8125 9872 3827 6164 6334 9116 669 5662
494 482 3811 4902 4744 9935 336 305 7987 6101 4823 6040 6809 7295
495 9541 9638 133 330 5035 6986 4078 9199 7664 2577 2002 116 8757 5081 4411 8509 5726
496 7968 2981 2791 4328 9354 7755 6444 2123 1937 5649 1841 3672 1881 7134
497 2 1979 4137 3291 7663 5392 1745 9170 1331 4948 9851 9085 2910
498 3320 9443 6501 2730 1325 6222 2031 442 1262 1907 3895 8792 183 2426 155 3005
499 3330 1597 9764 1892 745 3658 7530 6924 8980 6902 8600 381 7903
