100
0 6 10 11 12 138 14 5136 152 25 26 2841 30 31 2594 34 2978 293 677 166 425 554 177 2482 3511 1725 82 91 5469 110 1009 242 5246
1 7301 774 1290 13 16 23 279 281 2340 36 5414 1572 41 5675 179 52 5046 1208 5561 186 568 5820 62 2509 717 339 1495 93 7013 1512 4589 2288 882 123 3198
2 4 6 7559 7815 137 9742 2451 20 19 5276 1566 33 292 680 3244 688 2609 176 1075 58 444 190 448 1991 3661 719 81 91 4452 106 362 9584 635 1406
3 6 9607 1288 4361 12 13 143 2191 3349 26 28 9138 57 6329 4032 66 323 581 205 83 853 86 97 101 7924 2805 120 506 507
4 257 9 10 908 13 1679 17 20 22 152 26 155 29 31 34 45 46 818 562 308 183 192 323 2894 85 1628 482 1635 488 1257 119 637
5 1541 3849 11 12 13 17 18 20 3735 409 2202 28 286 161 33 1702 5160 937 44 178 310 953 60 67 83 3923 1756 1889 100 362 8044 1648 2163 247 633 637 510
6 6 648 17 659 23 27 1310 159 161 36 551 553 4009 302 46 176 49 447 64 65 67 70 4809 976 1106 89 346 222 100 360 235 108 121 4221
7 0 1 2 4 6 7 11 398 6031 4752 15 1296 21 30 31 1315 38 807 167 41 170 303 176 50 51 948 5429 1590 63 66 74 331 848 3548 485 5222 4848 118 119 380
8 513 265 9 11 16 275 23 6555 283 42 9262 51 1588 53 4152 2491 2622 1089 5186 77 79 87 343 1754 2014 867 487 3179 2928 500 125 118 9085 126 767
9 0 1 2 3 6 7 9 5641 138 15 656 19 20 2973 676 293 297 938 174 52 951 55 187 6729 88 6234 219 1756 2652 95 9442 99 101 232 122 123
10 0 129 2 131 4 5 3 1 8 138 652 12 19 28 8992 2848 4386 38 934 5926 41 554 44 5170 3252 1079 56 65 200 715 1361 93 94 3430 103 119
11 2433 7 14 399 24 25 26 30 3358 158 43 1967 48 946 51 2611 70 72 76 79 465 347 3164 477 1758 91 356 1509 234 6126 502 3831 505
12 2688 129 130 5 393 10 12 14 7182 3983 19 533 790 22 155 32 421 678 3751 168 301 2990 48 51 1973 439 1082 192 1481 207 979 595 1502 878 879 245 506
13 10 138 524 15 1424 20 21 6684 6558 1951 48 49 52 56 3257 2491 67 71 3535 976 851 90 93 101 358 230 7658 2282 237 8688 7027 2169
14 256 393 524 14 18 276 916 278 24 156 32 291 5795 49 1077 186 191 2751 2247 1866 846 90 490 1136 9843 762 1278
15 6 10 268 9357 5005 780 23 153 158 36 6438 41 42 179 51 437 182 1461 3389 67 196 197 723 99 360 5361 127
16 1027 131 5 8 12 270 1811 20 25 417 35 36 1579 44 1709 2096 816 1207 56 185 706 195 450 7367 456 1097 468 481 102 6630 3950 7791 506
17 0 1 2 3 5893 5 7 8 10 7818 11 14 19 20 21 23 665 285 797 6049 34 42 1710 435 4278 186 3900 67 454 3274 346 94 96 759
18 5634 10 11 267 138 14 16 17 18 20 280 161 34 35 33 162 37 39 554 2222 50 439 55 60 66 452 708 202 4302 213 731 221 2657 355 613 747 1395 628 251
19 0 1 3 4 5 517 775 15 17 2193 6930 21 23 28 32 3106 37 7463 9768 9134 1072 309 55 194 67 708 981 8150 344 88 2266 345 92 1119 96 4063 236 245 250 253
20 0 1 2 3 516 4 6 8 137 1290 11 138 15 1039 655 19 148 406 23 280 5526 26 27 5154 2979 676 35 39 935 7606 62 9798 712 206 210 214 107 247 120 250
21 5120 4482 9 10 16 275 3989 21 23 32 34 1828 174 176 947 567 58 3648 4162 325 70 457 6480 95 1506 611 5604 750 244 1271 1407
22 0 1 2 3 4 5 6 7 1290 11 22 24 28 157 1310 933 40 168 173 47 49 822 442 66 584 1737 458 6731 205 462 89 96 230 2045
23 0 1 2 3 1156 4 5 7 8 6 129 11 1677 17 1042 19 2579 152 26 1948 28 1438 33 35 1152 39 1959 50 53 55 233 107 3324
24 0 1 2 3 4 641 6 1671 9 12 14 15 145 21 24 25 29 1572 40 4908 45 46 181 825 186 62 3006 1217 65 330 3577 725 481 3301 889
25 0 1 2 3 4 5 6 8 138 12 1293 13 14 2191 22 409 27 36 807 952 3262 1859 69 74 1610 1482 9677 463 1490 342 2264 226 106 109 2546 757 249 127
26 0 1 2 1027 3 5 513 9 12 3730 19 21 406 278 24 27 36 39 43 561 57 63 3654 71 328 714 4051 469 597 92 1127 1388 6137
27 6 8 9 10 11 12 2960 17 20 23 24 411 155 29 286 32 160 37 295 47 5812 57 60 574 63 1345 3266 71 1225 2769 212 468 984 601 2148 105 240 1137 119 121
28 6785 6 135 264 10 11 12 13 14 268 16 655 4364 22 23 2968 6424 544 5921 7971 557 9517 180 63 960 968 842 332 1741 975 209 217 91 1506 1000 232 1263 114 1140
29 0 1 2 3 4 5 517 391 8 9 138 11 143 404 5020 29 34 2212 424 41 180 1078 59 190 448 67 1351 1099 84 3158 984 350 1389 112 887 2684 255
30 2048 1026 5 134 6 9 10 14 15 145 914 5526 2967 24 29 5792 288 37 6696 41 170 8875 1963 1583 51 314 62 196 715 6097 2522 1754 4325 8938 2156 117 247 121 9471
31 130 9 13 142 17 401 19 22 27 156 31 33 546 38 8103 5165 304 1841 2738 179 9906 698 69 971 470 218 97 1123 99 356 248 125
32 0 1 3458 3 4 5 2 645 8 9 7 900 15 272 17 18 402 148 29 161 37 554 44 301 176 51 309 55 830 2882 67 709 1865 83 861 225 105 121 1150 1663
33 5 1414 7 11 2444 13 16 19 20 22 3097 539 28 31 32 2848 419 8488 6697 940 5294 3119 5167 176 2233 188 961 73 3790 980 602 7387 91 347 358 231 3563 3699 1011 509
34 4096 1 1921 4 5 7 776 137 8 138 12 21 3222 3097 154 28 30 2469 1446 38 44 2096 50 4659 53 1080 57 58 198 1737 587 204 6604 1233 340 5084 5597 2147 363 1263 6130 371 114 126 6523 2430
35 259 5 4613 7 137 10 15 529 17 25 27 44 49 1074 52 310 55 186 316 2239 4164 836 471 344 89 476 96 483 5221 229 114 1909 763 6012 1150
36 5 5001 12 1168 17 18 20 29 158 2591 36 805 41 48 49 60 7748 1481 3535 336 84 9562 989 1886 1638 2408 105 1005 3317 4984 379 126 1919
37 0 2 514 3 6 10 395 15 16 17 18 19 151 24 155 412 1576 3500 176 817 51 54 62 1089 322 3140 69 968 1100 594 87 1372 866 6755 106 246
38 256 8704 774 6 9 10 138 12 15 16 17 19 150 3478 2840 155 159 170 298 557 173 6702 2992 46 57 60 445 62 1862 74 7373 209 735 1765 489 112 1266 119 1147
39 0 1 2 3 4 5381 6 7 8 9 13 21 25 26 796 546 169 7593 56 189 701 322 204 2128 94 1251 99 3813 750 118 632
40 5507 132 772 6 7 9 11 14 15 144 659 22 278 25 803 1958 3753 6831 306 51 308 2745 60 957 63 67 3704 7117 209 6226 210 601 106 1263 9203 9208 127
41 4 5 6 4618 4241 24 410 287 34 5797 39 7591 5801 554 43 1837 49 51 52 54 5688 3784 3017 75 2014 2153 378 4858
42 4225 7 9 12 908 13 18 20 22 284 29 669 159 33 1058 34 36 37 44 9519 176 561 7347 2228 4408 1729 708 331 3790 82 595 86 88 9561 218 490 1514 491
43 1408 772 132 10 653 14 9359 1296 4630 33 40 296 41 7986 1333 54 55 5689 328 1993 74 2507 1866 73 210 1876 2904 93 121 1894 4838 236 3317 246 377
44 0 1 2 256 3 5 7 135 9 2951 650 138 2575 20 5014 24 25 1051 6044 31 1826 164 37 2091 43 56 58 197 72 1610 202 332 77 214 112 498 117 4089
45 1 131 133 6 7 11 653 7055 17 278 282 28 31 420 42 554 44 4271 4657 2360 697 57 60 189 193 69 462 978 980 1627 222 1502 107 493 5999 4211 117 757 253 509
46 0 1 3 6 7 8585 1932 654 19 534 151 919 155 29 30 414 33 40 1066 432 59 445 1091 202 970 210 83 1746 739 228 103 104 6005 1142
47 130 2052 6 9 10 652 13 12 402 278 26 27 30 31 299 2348 50 3893 63 64 65 580 583 79 209 2264 3033 228 6629 740 103 5990 110 111
48 0 1 2 3 4 5 6 7 8 9 2825 11 138 19 25 27 28 33 35 8616 300 2863 55 74 79 4821 218 1371 5728 96 3684 103 2920 3692 1260 366 248 124
49 0 1 2 3 4 646 8 138 11 8973 14 272 19 23 24 3097 28 29 7970 419 35 3236 7718 1959 297 42 51 64 88 1752 9957 235 108 118 6137 123
50 4864 1 5 1414 2184 9 4619 268 141 13 29 672 33 418 1575 41 2227 691 2612 5178 5562 64 7624 2126 1233 82 83 2513 1624 216 9952 1891 1391 2292 4347 125 8702
51 0 1 2 2818 4 6 7 9 13 14 17 9234 788 21 22 23 24 9365 27 28 159 288 33 45 63 1728 1989 966 200 78 8783 334 213 597 725 4705 2410 2420 508 4606
52 384 0 2 3 4 5 8 9 138 2190 143 16 18 21 23 2327 27 29 1950 30 32 47 3761 310 4025 1601 708 1361 225 229 365 239 6001 6514 753 120 5625
53 0 1 2 3 4 5 6 2052 136 9 8 11 12 13 138 15 17 18 19 1428 21 22 23 1434 161 2218 171 8629 187 62 8512 968 724 2262 2135 3038 355 100 114 243 251
54 5 10 523 268 2195 20 2330 27 1442 163 2087 48 176 571 189 2240 68 3013 1867 4044 77 2251 4560 1489 721 212 2644 3424 480 229 109 114 115 4088 249 252 509
55 7040 132 262 10 12 13 19 7956 5909 21 791 23 8729 2965 27 28 414 31 35 171 3244 173 178 52 1077 60 8766 576 2254 1106 1502 96 102 6887 488 1263 4850 1142
56 0 1 2 3 4 2051 5 391 7 8 9 11 16 18 19 22 23 799 32 1697 34 35 44 3756 8114 179 50 1591 5566 62 6348 3796 2264 1502 2282 108 112 632 1913 8702 2431
57 0 1 2 3 7 136 8 10 11 268 3975 2062 14 16 20 21 25 2458 28 1572 1706 53 1595 63 2883 69 456 82 83 5724 9566 619 116 372 2683 4859
58 0 128 2 3 134 4104 264 9 8076 909 14 15 148 24 4895 35 4133 550 2986 175 437 55 3768 2619 70 329 1866 4685 89 5850 224 1378 99 101 2153 1902 4474
59 769 8450 3843 1412 5 902 6408 8 2187 11 16 1429 22 8601 1566 31 35 167 39 64 1728 323 75 203 216 93 6238 225 111 1264 1011 2295 125
60 2562 2052 5 4 8 9609 11 14 21 22 4247 24 409 666 28 797 30 2848 33 2730 43 48 56 65 67 68 201 78 81 338 83 5605 1393 113 115 1909 5371
61 5 135 9 1932 1165 18 916 2456 545 298 7473 50 49 54 55 64 197 2634 213 1626 221 8672 248 227 231 104 2795 2415 118 7672
62 1027 10 7181 16 528 27 156 161 167 5546 173 559 50 51 54 7481 57 700 6847 64 194 715 76 1627 3044 359 363 497 113 2423 9593 766
63 129 130 900 137 138 13 1041 408 36 7977 172 45 174 56 58 8131 8516 582 199 1991 842 459 81 7764 6229 3926 1239 1882 607 7776 8801 3299 100
64 134 265 6423 25 409 27 29 415 162 803 1190 679 46 47 180 314 446 1988 325 70 3016 1737 591 82 213 91 231 108 237 110 117 124
65 514 392 8 11 20 24 26 2460 29 1954 55 3769 60 62 319 66 8518 5196 589 78 7122 86 862 222 97 1377 3175 3946 106 8428 2413 120
66 131 1413 9 12 13 145 18 20 7316 7325 158 29 4001 292 37 1452 46 47 8116 54 59 1087 65 1865 845 462 343 606 4319 2142 866 875 124 4350 3839
67 0 1 2 3 4 5 129 7 519 7687 1290 779 2060 1671 14 15 18 19 2195 21 2706 25 27 28 157 1956 36 38 39 1843 3774 68 1863 2132 1623 229 3689 375 891 511
68 0 2 6661 10 13 15 16 279 664 25 26 156 1566 159 671 1571 6820 37 302 46 309 61 70 82 475 1889 98 226 1122 371 117 760 633
69 0 1 2 3 4 5 6 388 8 9 2177 11 141 17 276 6165 28 33 427 47 54 1593 58 57 62 63 73 1482 977 1883 1499 1119 358 3561 109 8180 245 756 762 1279
70 0 2 3 4 5 9 266 1803 12 13 15 18 19 24 30 1824 5539 5667 37 44 45 48 176 309 56 60 4798 323 205 2524 97 106 752 121 762
71 768 257 903 2696 906 13 15 17 18 147 6166 22 2078 799 2591 34 37 169 170 42 172 1065 1456 1073 54 75 590 3676 98 105 364 8948 255
72 900 2195 20 26 2473 2859 46 2094 51 180 54 313 60 194 67 324 327 1353 332 6094 84 91 103 1384 111 755 3828 7797 246 248
73 0 1 2 3 7 9 10 11 2060 16 21 7702 23 27 29 1311 34 41 46 50 180 54 2878 65 4680 74 9547 6359 1495 609 99 110 111 252 637
74 0 1 258 3 4 2 517 264 12 13 142 16 19 659 21 22 275 148 418 36 40 8365 3502 6450 435 1332 184 1210 58 1979 64 9295 2385 992 612 234 621 625 1401 126
75 1671 10 6284 268 5519 15 145 2067 29 31 1314 419 1062 38 42 5803 6064 304 945 562 1714 182 1337 72 3659 77 1362 210 1370 92 106 122 253
76 0 128 2 3 1 5 6 129 8 900 10 11 2060 16 17 6288 22 27 3228 155 8095 34 35 39 43 556 45 47 48 305 455 3279 867 869 103 108 245
77 1 3 4 134 7 9 11 12 651 273 18 19 21 24 28 8733 33 161 4138 173 433 1593 68 197 69 75 207 81 2517 1888 2657 5350 1130 499 244
78 2818 2568 138 12 13 14 15 18 20 276 1686 24 25 1310 32 422 44 45 46 1967 429 49 5834 77 1105 218 122 2664 3700 885 375 1402 4477 126
79 1 130 8579 260 5 6662 3 9 4362 15 16 277 152 27 2983 1959 45 1201 436 8244 3894 4793 62 1985 1601 73 332 76 4048 1748 997 378 636 1021
80 4 5 8586 12 13 2961 19 1044 1173 1815 27 797 31 1442 35 422 38 553 41 44 179 181 321 708 2759 9678 214 215 351 2147 1511 365 117 254
81 259 6 7 9 13 527 15 147 277 22 25 539 7195 1053 27 3488 928 1571 37 3879 2475 178 182 3400 205 80 211 83 216 90 120 95 5731 245 248 1017 510
82 510 7 8 7433 266 395 10 524 14 1671 16 9360 20 25 26 163 295 5417 44 45 7981 431 2739 184 61 63 67 70 72 334 978 216 348 225 230 3943 2282 8427 369 121 4478
83 131 2052 6 3975 9 139 144 147 9493 24 3110 554 3244 45 941 1582 173 2098 50 54 7287 59 6205 200 76 8401 91 3293 742 2791 3056 116 118 503 890
84 4995 8 138 4761 26 27 25 926 159 32 31 34 42 45 827 455 333 6354 1620 88 487 233 8044 3949 2542 251 5490 1269 885 1147 124 127
85 4 5 8 13 14 4240 2065 912 25 412 31 38 4390 40 1449 176 53 56 59 69 73 216 217 90 475 226 3559 2024 114 758 120 121
86 0 2 2051 4 5 3 7 10 11 13 21 23 33 1318 2987 2221 1340 77 79 9041 218 859 1757 351 96 1121 98 227 485 1896 238 500
87 4227 6 138 11 14 24 281 25 6045 2334 34 6052 49 180 949 186 2498 451 4040 4048 6614 1368 3160 91 97 104 3053 251 8949 505 6779
88 0 1 2 3 4 5 8 6025 12 17 5778 19 21 24 26 796 29 672 38 169 42 45 47 1583 1591 68 3915 92 1503 7777 100 869 1263 117
89 1 257 6 4618 267 15 16 19 281 3354 538 156 28 669 30 169 682 44 178 1459 60 3137 837 3526 199 72 6087 1861 75 206 977 726 87 2527 2019 4971 112 498
90 0 1 2 3 128 5 6 7 8 8450 10 11 141 8461 15 6160 1808 655 21 3223 25 155 28 158 2209 1828 1071 4171 76 720 212 1110 7266 229 3814 4329 238 1776 4479
91 0 1 2 3 4 5 6 6018 8 9 651 12 11 142 4370 19 663 8088 407 5275 164 3244 2477 48 817 49 4148 55 443 3003 60 327 84 473 2665 111 112 114
92 0 1 2 3 4 5 7 8 141 14 399 20 21 4630 24 25 3097 1054 30 165 549 1958 40 41 50 1334 2360 68 71 73 585 715 475 6769 121 8444
93 772 134 7 8 280 25 26 412 33 161 162 1058 49 1080 589 9040 213 470 87 353 4090 103 105 250 1515 107 501 2295 2552 3194 1532
94 258 6 10 2576 16 21 2329 30 31 32 34 932 7590 38 43 59 318 321 4299 77 337 338 85 88 619 1008 374 1783 1788
95 6913 258 6147 2436 133 136 8 12 5774 144 17 24 29 160 37 165 47 1073 433 3767 568 963 71 335 82 212 84 217 3420 1515 235
96 0 1 2 131 4 3 7 8 9 11 19 21 4757 4632 793 26 541 33 290 296 3881 44 2477 4656 4914 308 309 1721 442 962 5447 329 330 727 219 92 1506 358 231 110 243 628 8692 2291 1272
97 0 2 3 388 4 6 519 9 13 14 16 273 658 20 23 282 413 670 31 34 5931 317 190 61 960 1478 1992 212 982 99 1258 1002 1275
98 0 1 2 6400 5 8 9 13 5645 17 23 3097 26 410 27 157 40 42 43 556 46 175 179 52 56 6201 205 1487 1636 106 236 5748 1658
99 0 1 2 3 4 5 7 8 9 138 13 14 15 16 19 21 23 27 155 933 37 3110 168 3881 41 549 1966 303 2478 1209 2498 199 4552 7497 75 5197 599 97 5863 113 116 117
