100
0 9 12 14 5136 24 152 26 2334 30 31 2594 2978 6052 293 677 166 425 177 2482 949 3511 1725 62 2498 451 4048 82 3160 91 97 110 1009 242 5246
1 138 2195 20 26 2473 2859 46 2094 51 180 54 313 60 194 67 324 327 1353 332 6094 84 91 103 1384 111 755 3828 7797 246 248
2 4 5 8586 12 13 2961 19 1044 1815 27 797 31 6049 1442 35 422 38 553 41 554 44 3244 179 181 321 2759 9678 214 215 351 2147 1511 365 117 254
3 6 10 6284 268 5519 15 2067 29 31 1314 419 1062 38 42 304 945 562 182 1337 69 70 72 77 210 1370 92 360 106 108 122 253
4 6913 258 6147 2436 133 136 8 12 5774 144 17 24 155 29 1310 160 37 165 43 1073 433 568 57 963 69 3654 71 335 82 212 217 482 1515
5 0 2 3 4 5 1541 7 8 9 11 14 19 21 23 933 37 168 3881 41 1966 1209 2498 199 4552 7497 75 5197 3923 599 1756 97 1889 5863 362 8044 113 116 117
6 6 9607 1288 8 12 13 143 2191 3349 26 27 5803 6064 57 6329 4032 66 581 3659 205 1362 83 853 86 97 101 2805 507
7 0 1 2 1027 3 5 9 3730 19 21 406 278 24 27 1310 36 39 554 561 63 65 67 71 328 714 977 4051 469 597 92 99 1127 1388 5361 6137
8 0 1 2 3 8 1290 11 12 2960 17 20 23 24 25 411 155 29 286 32 160 1572 37 47 5812 57 60 63 1345 3266 1089 71 1225 2769 212 468 984 601 3198 240 119 126
9 0 1 3 2052 5 6 4 138 11 912 24 30 48 53 56 65 67 68 201 78 338 83 226 5605 1393 113 115 1909 758
10 129 1 131 4 5 3 7 8 652 15 17 19 662 152 27 28 4386 37 38 934 41 44 5170 3252 1079 56 2496 65 200 1737 715 1361 93 94 3430 103 119
11 4 5 6 3849 4618 138 4241 24 410 287 34 5797 39 7591 5801 43 1837 49 51 52 54 5688 3784 3017 75 2014 378 4858
12 2688 129 130 5 393 10 12 14 7182 3983 19 533 790 22 5526 1310 32 421 678 3751 168 554 301 2990 48 51 1973 439 1082 192 1481 207 979 595 1502 878 879 245 506
13 5120 6 2568 8 10 11 12 13 1402 17 275 3989 32 34 1828 429 49 567 4162 70 1482 6480 2264 218 5604 1271 122 4477
14 0 1 2 4 6 7 11 398 6031 4752 15 1296 21 30 31 1315 38 807 167 41 170 303 176 50 51 948 5429 1590 63 66 74 331 848 3548 485 5222 4848 118 119 380
15 0 1 2 3 4 5 8 6025 12 17 5778 19 21 24 26 796 29 672 38 169 42 45 47 1583 1591 68 3915 92 1503 7777 100 869 1263 117
16 3 3715 131 393 524 18 276 916 278 20 24 28 32 291 5795 1583 49 191 2751 2247 1866 846 90 490 1136 9843 762 1278
17 1 3 10 138 12 6797 14 21 22 3735 2202 1051 28 29 5278 285 678 60 318 66 195 1352 8015 81 83 215 602 361 622 247 633
18 0 1 2 3 4 5381 6 7 8 9 13 21 25 26 796 546 169 7593 56 189 701 322 204 2128 94 1251 99 3813 750 118 632
19 0 1 3 4 5 6 7 9 12 16 19 20 22 539 31 3106 419 5926 8488 6697 940 5294 2233 188 73 3790 980 602 7387 91 358 231 5990 236 3699 1011
20 0 1 2 3 4 5001 138 15 1168 148 406 29 158 2979 676 805 41 49 9798 712 1481 206 3535 336 9562 989 356 1638 105 1005 3317 120 379 1919
21 0 1 2 3 4 5 6 7 8 9 2825 11 138 19 25 27 28 33 35 8616 300 2863 55 74 79 4821 218 1371 5728 96 3684 103 2920 3692 1260 366 248 124
22 4 133 6 7 1290 11 22 28 157 933 40 168 41 173 9517 47 49 822 57 442 59 60 66 583 584 7624 458 6731 843 205 462 1495 89 859 96 354 230 2045
23 0 2 131 4 6661 6 7 8 13 15 17 278 279 26 156 5661 671 31 34 424 42 554 44 1078 57 59 190 193 454 462 226 107 5999 112 4211 253 509
24 0 1 2 3 4 2051 5 391 7 9 11 16 18 19 22 23 5276 799 32 1697 34 35 44 3756 8114 179 50 1591 5566 62 6348 3796 2264 1502 121 2282 108 112 632 1913 8702 2431
25 0 1 2 3 4 5 9 138 1293 14 2191 21 22 409 6943 36 807 44 176 952 1859 74 7242 9677 463 1490 342 602 226 106 109 2546 757 249 127
26 0 1 2 3 4 5 6 2052 136 9 8 11 12 13 15 17 18 19 1428 21 22 23 1434 161 2218 171 8629 187 62 8512 724 2262 2135 3038 100 236 114 243 251
27 0 1 513 6 265 10 12 16 21 283 29 37 295 42 9262 815 51 53 4152 574 3774 69 77 87 2014 487 105 1137 7537 118 9085 767
28 258 6149 10 12 14 4625 914 20 22 24 27 412 28 2078 167 43 946 1459 4281 77 463 208 1106 1882 860 735 2913 3815 107 239
29 130 3 5 6662 9 10 4362 12 17 151 24 27 1959 2983 1576 3500 45 2096 1207 1985 706 7367 73 1100 332 76 2513 1748 87 355 246 1021
30 2048 1026 5 134 6 8 9 10 14 15 145 2967 24 29 5792 288 2848 37 6696 41 170 8875 1963 9517 431 51 314 62 196 708 715 6097 2522 1754 4325 8938 2156 117 121 9471
31 7040 132 262 6 10 138 12 653 19 7956 21 2965 791 23 8729 7062 31 35 38 171 43 173 302 178 52 60 8766 199 1246 96 102 488 4850
32 4 5 135 7559 9 3849 12 1165 1932 18 19 916 2456 545 298 7473 50 49 55 64 2634 1626 8672 248 227 7013 231 104 2795 2415 118 7672 121
33 128 2 1414 10 11 2444 13 14 15 18 21 1685 4120 28 30 32 298 6698 3119 5167 47 50 179 1333 56 60 1216 961 704 88 347 3563 236 250 509
34 4995 5 2184 268 25 4761 26 27 29 926 31 32 159 418 554 45 455 968 2126 6354 1620 88 1624 487 8044 3949 251 5490 885 1147 124 127
35 128 899 4 5 4613 519 8 137 10 14 15 529 17 19 23 27 28 44 49 310 55 953 186 316 60 836 69 969 212 471 344 89 96 1504 5221 229 114 763 6012 1150
36 513 772 134 7 8 138 5005 23 280 25 26 412 33 161 162 3110 41 42 49 179 51 70 589 9040 470 87 353 105 107 501 2295 2552 3194 1532
37 129 9 9225 1035 13 17 659 4244 154 33 933 8486 302 46 181 54 57 58 827 60 320 82 1235 211 89 223 9952 98 100 229 880 250 125
38 130 6 4361 13 142 17 401 22 27 28 31 546 38 1065 5165 304 1841 2738 179 9906 698 323 971 470 97 1123 99 356 7924 248 506 125
39 5634 5 10 11 267 138 14 16 17 18 1171 20 280 161 34 35 33 162 37 39 2222 50 439 60 66 452 202 4302 213 731 221 2657 355 613 747 1395 628 251
40 1027 6 9 10 7181 16 528 156 161 167 5546 173 559 50 51 54 7481 700 64 194 715 76 83 1627 355 3044 359 363 497 113 2423 766
41 4 5 6 9 1034 655 530 19 148 280 666 162 37 39 43 45 48 56 62 3135 64 448 6338 65 2247 76 3661 206 205 208 210 1877 230 367 247
42 0 1 2 3 516 4 7 137 11 1039 15 18 20 23 27 284 669 5154 1058 36 39 935 44 9519 176 561 7347 7606 4408 331 82 595 214 86 88 218 2153 490 250
43 772 10 9359 664 25 26 1566 159 33 1571 6820 37 40 302 46 7986 309 54 5689 61 70 82 475 1889 98 377 371 117 246 760 633
44 0 1 2 256 3 5 7 135 9 10 2951 138 2575 20 5014 25 1051 6044 1310 31 164 2091 43 56 58 197 72 7624 1610 202 332 77 214 112 498 117 4089
45 130 258 14 2576 16 19 21 2329 156 28 31 33 34 932 7590 8103 38 43 59 318 321 6729 4299 77 337 85 88 218 619 1008 374 121
46 6018 3 4 6 7 1671 651 12 11 142 15 4370 19 22 663 8088 407 5275 414 34 164 2477 48 817 49 4148 55 443 3003 60 327 83 84 473 355 2665 111 112 114
47 0 1 2 3 4 5 129 7 519 7687 138 779 3975 14 15 18 19 2195 21 2706 25 27 28 157 1956 36 38 39 1843 68 1863 2132 1623 867 229 3689 375 891 511
48 389 134 8326 10 13 15 17 1554 147 30 34 39 5547 2988 48 315 6336 1344 198 330 3019 461 205 9433 357 1765 3561 3825 1653 119 4476
49 4 5 8 12 13 140 1165 16 17 2581 23 25 26 29 42 49 53 72 975 81 1363 2516 3923 350 97 3560 1260 1653 1782
50 0 1 2 514 3 6 7 776 10 395 15 16 18 19 3097 412 817 51 4659 54 57 62 1089 322 3140 69 1737 587 1233 594 1372 866 6755 106 363 6130 371
51 0 1 2 2818 4 6 7 9 13 14 17 9234 788 21 22 23 24 9365 27 28 159 288 33 45 63 1728 1989 966 200 78 8783 334 213 597 725 4705 2410 2420 508 4606
52 384 0 2 1 4 3 6402 8 138 11 2190 143 16 21 23 2327 27 29 1950 32 47 3761 310 4025 1601 1482 1361 859 225 229 365 239 6001 6514 753 5625
53 3 13 141 785 19 409 28 5791 415 800 679 1704 170 46 47 48 1721 1598 64 195 1988 3528 74 591 79 215 91 98 110 238 115 121 890 124
54 0 1 2 3 4 5 6 391 9 11 268 9357 143 153 5020 29 158 2212 37 6438 41 176 180 437 448 67 197 1099 84 350 360 1389 2684
55 6785 6 135 264 10 11 12 13 14 268 16 655 22 23 2968 6424 544 7971 3110 557 2478 180 63 960 842 332 1741 975 209 217 91 1506 6887 1000 232 114 1140
56 256 3 1027 5 8 12 270 14 1811 20 4371 25 155 156 417 35 36 1579 44 1709 816 56 185 186 450 195 456 1097 481 102 6630 3950 7791 506
57 257 9 10 908 12 13 17 20 276 22 26 1951 34 45 46 818 308 55 183 57 192 323 2894 1628 3420 1635 488 1257 2664 119 637
58 0 1 2 128 4 134 4104 264 9 2955 8076 909 148 24 35 4133 550 2986 437 55 3768 2619 70 329 1866 4685 89 5850 224 1378 99 101 1902 120 4474
59 0 769 2 3843 4 5 1412 6408 9 2187 11 21 1429 22 8601 1566 31 35 37 167 39 64 65 1728 323 203 977 725 216 93 6238 225 111 1264 1011 125
60 0 1 2 3 6 7 9 5641 138 8973 656 272 20 2973 419 676 293 297 938 174 52 951 187 708 219 1756 2652 95 99 101 232 122 123
61 4 5 137 9 266 13 19 27 30 1824 33 44 45 688 2609 48 54 444 3389 448 323 197 1991 3661 205 81 213 91 221 97 2148 106 362 9584 762
62 5507 132 388 6 7 11 14 15 144 914 659 22 278 25 27 803 3753 173 6831 306 51 308 2745 57 60 67 3704 209 6226 210 601 120 106 9203 9208 127
63 0 1 2 3 4 5 7 8 141 14 399 20 21 4630 24 25 1054 30 549 40 41 50 2360 68 71 585 73 715 475 3676 364 8948 121 8444
64 2433 7 138 14 399 5526 24 25 26 30 3358 158 43 1967 48 946 51 2611 70 72 76 79 465 1495 347 3164 477 1758 91 356 1509 234 6126 502 505
65 130 2052 6 8 9 652 13 12 402 278 30 160 299 2348 47 50 3893 64 65 580 2889 79 209 82 84 3033 228 6629 740 103 235 110 111 1263 121
66 4482 6 1671 8 9 11 12 13 16 145 20 23 3097 7325 158 32 4001 37 1452 174 47 50 947 8116 58 1087 3648 457 606 95 4319 2142 1506 611 355 875 750 3839 244 252 4350 1407
67 0 2 1671 10 12 13 4238 16 18 4885 26 6555 31 32 33 3751 5161 50 1588 3767 313 6074 57 2622 343 1754 3179 3692 2928 500 125
68 2818 132 517 6 5 9 10 1803 12 653 14 15 1296 17 18 19 7055 4630 24 5539 5667 37 296 41 309 55 56 57 1351 328 2507 210 1876 3158 2904 984 2524 1502 1122 1894 4838 106 752 887 255
69 0 1 2 3 4 5 6 388 8 9 10 11 1671 141 17 276 28 33 427 47 1593 58 57 62 63 73 1482 977 1883 1499 1119 358 3561 109 8180 245 762 1279
70 0 1 2 3 7 136 8 10 11 268 3975 2062 14 16 20 21 25 2458 28 1572 1706 53 1595 63 2883 69 456 82 83 5724 9566 619 116 372 2683 4859
71 6 648 15 145 17 659 23 2840 159 161 36 551 553 4009 3881 46 49 308 447 64 65 67 4809 74 976 1106 89 346 222 100 235 108 4221
72 1408 134 265 138 6035 404 6423 25 27 29 162 803 1190 47 180 1333 54 55 314 446 325 70 3016 1993 74 1866 73 82 213 93 231 108 237 3317 117
73 0 1 2 3 4 5 7 137 9 11 21 7702 23 29 1311 33 34 41 50 180 54 2878 65 4680 74 9547 6359 859 609 99 110 111 252
74 5 6 7 9 10 137 143 9360 15 29 2078 31 2848 4514 163 1954 5417 42 170 44 51 55 56 3895 61 63 67 707 968 1610 1495 2014 7774 3943 8427 492 1906 247
75 131 2052 6 9 139 144 147 9493 24 1958 45 941 1582 173 2098 50 54 7287 59 6205 583 200 76 8401 91 3293 742 2791 3056 116 118 503 890
76 0 128 2 3 1 5 6 129 8 900 10 11 2060 16 17 6288 22 27 3228 155 8095 34 35 39 43 556 45 47 48 305 455 3279 867 869 103 108 245
77 0 1 2 3 134 7 9 10 11 651 18 19 8733 33 161 168 4138 173 433 1593 68 197 75 207 81 2517 1888 2657 5350 1130 499 244
78 1 2 3 4 5893 5 10 7818 11 14 9742 19 20 21 2451 23 665 1710 435 4278 186 58 3900 67 3274 719 346 94 96 4452 759 510
79 0 2 2051 4 5 3 7 10 11 13 21 23 33 1954 1318 2987 2221 1340 77 79 9041 218 1757 351 96 1121 98 227 485 1896 238 500
80 1 641 132 6 390 142 15 17 18 145 6677 25 29 542 31 40 42 4908 181 186 5052 62 1217 2373 330 74 3790 339 4824 9311 101 3301 7546 2812
81 0 1 3458 3 4 5 2 645 7 9 8 900 4364 15 272 17 18 402 148 29 161 5921 37 554 44 301 51 309 55 830 2882 67 1865 83 861 225 105 121 1150 1663
82 0 1 258 3 4 2 517 264 12 13 142 16 19 659 21 22 275 148 418 36 40 8365 3502 6450 435 1332 184 1210 58 1979 64 9295 2385 992 612 234 621 625 1401 126
83 4 5 779 2059 13 18 19 2836 26 1699 804 296 41 40 43 3244 5431 60 62 65 4674 6979 4942 8272 2134 6748 349 480 1262 239 111 4850 125 374 253
84 4096 1921 4 5 8 137 12 17 21 3222 24 154 27 28 155 30 34 2469 1446 38 42 44 2096 176 50 2612 53 1080 58 198 204 333 340 2264 5084 5597 2147 233 2542 114 1269 126 6523 2430
85 0 1 2562 3 4 5 4102 8 9 13 15 4240 2065 25 412 4390 40 297 1449 176 52 55 56 69 73 216 217 90 6234 475 9442 3559 2024 114 120
86 1 260 138 12 13 142 15 912 16 5520 277 152 27 155 34 47 303 1201 1459 436 8244 3894 1975 4793 62 1601 2886 2377 4048 216 997 233 240 378
87 768 257 903 2696 9 906 13 15 17 18 147 6166 22 3097 2078 799 34 165 37 169 170 42 172 1456 1073 54 1334 75 590 98 105 255
88 772 6 7 521 777 265 13 16 273 3858 20 23 282 6044 160 5931 4146 53 1080 957 317 190 63 4171 83 85 982 1880 345 1515 239 4090 1275
89 1 257 8579 6 4618 267 2060 15 16 19 281 3354 538 156 28 669 30 169 682 44 178 60 3137 837 3526 199 72 6087 1861 75 206 726 87 2527 2019 4971 112 498 636
90 259 4 646 8 10 11 1290 14 19 23 24 25 28 29 7970 35 3236 7718 1959 42 1074 51 2239 64 4164 88 1752 476 483 9957 235 108 1909 118 6137
91 3 6 7 8585 1932 654 15 18 534 151 29 30 33 34 37 1066 55 59 445 1474 1091 202 970 210 1746 739 228 103 104 6005 1142 122
92 0 1 2 3 4227 4 6 7 5 138 11 18 281 25 6045 34 6698 176 49 180 186 6779 709 4040 1737 6614 1368 104 3053 8949 505 251
93 1152 1156 6 8 1290 11 1677 17 1042 2579 20 1686 24 152 26 1948 1438 2591 33 35 422 1959 44 46 1967 50 53 55 325 5834 77 1105 233 107 3700 885 3324 126
94 133 6 10 11 13 21 5909 282 30 414 32 420 3244 4271 4657 2360 697 60 189 576 709 2254 338 978 980 1627 222 493 117 757 1783 1142 1788
95 514 392 11 1679 147 20 24 152 26 2460 29 2848 3769 60 62 319 66 8518 5196 589 78 7122 86 862 222 97 1377 3175 3946 106 8428 2413 120
96 131 7 8 10 780 15 17 19 404 21 22 4632 793 26 541 34 290 36 296 44 2477 4914 1461 182 309 1721 442 962 196 968 329 330 723 727 3424 1506 358 231 110 243 628 8692 2291 1272 127
97 259 6 7 9 9593 13 527 15 147 277 22 25 539 7195 1053 27 3488 928 1571 37 3879 2475 4142 178 182 6847 3400 205 80 211 6102 90 120 95 5731 245 248 1017 510
98 0 1 2 6400 5 8 9 13 5645 17 23 3097 26 410 27 157 2591 40 42 43 556 46 175 179 52 56 6201 205 1487 1636 106 236 5748 1658
99 0 3 4 5 7 9 138 11 12 18 20 409 28 29 286 31 161 33 1702 5160 41 937 44 178 562 310 1334 953 60 67 6604 85 100 2153 1648 2163 637
