100
0 4738 7301 774 1558 8600 2841 2978 8738 2340 5414 5675 5046 3511 568 1208 5561 5820 316 5448 2509 717 339 600 7013 1512 4589 237 2288 1137 882 1265 756 123
1 1029 1033 1163 397 4366 663 5404 543 3489 426 1847 2428 2108 9660 1473 4548 965 4313 1884 3580 8414 4577 1125 615 6378 4460 5359 9455 9204 1273 2556 893 3198
2 644 4612 1286 1800 3210 146 1690 283 6301 3106 427 2220 5421 5935 1072 305 954 7867 188 3774 7105 8132 203 1613 464 1495 856 352 5472 5218 7395 4732
3 648 6284 2191 5519 2067 3349 2840 1314 419 1062 5803 6064 945 562 1337 6329 447 4809 3659 1362 210 1370 360 235 2805 122 507 4221
4 387 2437 2445 5390 3348 3227 3362 558 432 565 1336 3646 8901 4549 3151 2897 4178 3541 2392 2654 993 2022 1895 614 7275 1387 2670 2927 1521 1268 2038 2297 6270
5 394 149 6037 1688 6425 8476 2337 930 4258 1574 940 3123 2867 694 3513 1608 1743 3797 3161 2010 9306 2145 5865 1902 5233 1524 1014 4343 1274 2301 4607
6 773 2951 781 1806 2575 6544 2196 789 5014 5015 9368 2076 1826 2853 1832 9642 2091 2106 1213 6974 1600 6085 966 713 7499 3787 5707 1871 2007 2009 1629 2785 1890 1379 624 4089
7 6662 4362 398 6031 4752 1296 4371 151 31 1315 807 167 1576 2983 1959 3500 303 948 5429 1590 4023 1985 66 7367 74 331 1100 848 1748 87 3548 355 485 5222 4848 118 119 380 1021
8 1024 385 5515 8215 1309 8734 8620 1581 9903 2226 1463 2233 831 8770 2243 6981 2379 2253 2255 596 7269 1381 3302 2278 2410 6890 7915 5367 3055 2671 8819 5620 631 6649 1403
9 3456 2562 5641 9609 525 656 2065 4240 2973 6304 676 4390 808 297 938 1449 2730 2735 7876 4421 6729 201 970 5200 1881 2652 2397 9442 5605 3559 2024 4459 1393 1909 758 2170 5371
10 386 518 1287 3208 5516 2701 9740 2452 3094 1691 9375 5280 9890 4006 5031 5926 4266 1707 7341 1327 1328 4790 2871 3008 3907 3909 2764 2896 8538 7386 5725 3170 7400 2411 2668 4081 4465 2421 1016 3066
11 1408 2433 772 265 9359 785 6035 6423 664 5150 159 415 162 6820 1190 296 1704 302 7986 1333 5689 314 446 1598 1988 3016 1993 2507 591 2904 1894 4838 236 6126 3317 377
12 646 647 5901 1936 1298 1171 413 1821 4388 3623 7084 1197 4275 1849 4160 9159 3272 202 1226 1744 1747 3929 6234 731 2138 608 2404 6756 998 2416 628 7935
13 7810 9987 1801 2188 2199 2204 2206 6434 3889 5810 6333 8130 1222 9799 8904 6220 1103 2768 3196 3284 7382 5336 4699 3933 2911 9696 1250 2663 4840 2922 4348 2429 894
14 3724 2319 1681 3987 2083 9894 681 3632 2744 1338 4667 2107 6463 5059 1477 5069 1742 722 6612 3070 9559 3417 2268 220 1116 990 4708 999 4974 7279 8055 7676 382
15 523 526 2960 2330 411 6555 7585 295 9262 5812 1588 4152 312 1850 3389 574 2622 1345 3266 5186 1225 4044 4560 2769 1489 721 2644 468 1245 3424 3179 109 2928 9085 767
16 898 3715 1035 524 4244 5791 289 5795 8486 3243 819 2746 1214 191 320 2247 3528 1866 846 1235 8660 223 880 5617 115 1015 250
17 5893 1030 390 7818 396 6797 5782 3735 665 2202 1051 285 5278 1185 1058 6049 1710 435 4278 2232 3900 454 1352 3274 8015 3923 345 602 346 247 8034 361 622 759 763
18 6531 6022 4102 1546 9611 1292 1930 910 2207 4263 423 6440 6058 3121 4274 3891 3127 2753 8001 7747 7621 2375 3410 3283 598 1369 2523 736 872 2154 9076 1652 9080 2811 6909
19 1793 8066 9732 1032 7049 4107 1167 2580 9623 924 4639 4512 3487 2214 3498 812 3758 2607 2364 1730 3012 3783 2777 2403 2532 8429 8567 1145 1018 4223
20 4225 516 5001 1290 1039 1168 3604 5526 284 1052 5154 2979 935 9519 7347 2228 7606 4408 1729 7748 9798 712 336 9561 9562 989 1886 3172 1638 2153 1514 491 1005 4984 379 1919
21 4097 3209 7050 4620 269 8334 1424 7569 5140 6684 2848 2852 2345 5929 5811 1593 3257 2491 3525 1350 7242 851 607 3426 868 8809 7658 1642 2285 751 4336 1907 499 1656 1023
22 512 2304 3211 1805 2190 1423 4496 4117 1310 8226 555 428 9517 687 3379 822 1335 699 1851 3009 577 964 584 458 6731 843 459 5964 2000 9425 977 2387 1496 6747 5600 1888 354 7527 1770 2045
23 1152 5120 1156 2568 1677 1042 2579 276 275 1686 3989 1948 5661 1438 1828 429 567 5834 1105 2664 233 107 3700 885 1271 1402 3324 4477 126
24 641 769 3843 1412 902 6408 2187 2060 3089 1429 1173 8601 542 6307 2980 1195 4908 2479 3124 1845 2614 5052 1728 1217 974 725 4824 2136 605 6238 3171 3301 3433 1264 1011 1012 9335 6138 2812
25 2947 4100 3717 1667 1293 2582 2587 5532 6813 6943 2725 806 3880 4911 1199 2737 8243 3251 8888 9274 3262 2494 8908 9677 1490 6115 1126 2790 2794 1261 2546 2685
26 513 134 907 5005 3730 403 7315 406 280 561 6577 2739 2493 1859 328 714 9040 4051 9556 469 597 854 353 4090 1127 2408 1388 5361 1010 501 2295 2552 6137 3194 1532
27 261 4885 1301 537 1954 5412 4517 8614 1192 430 815 6581 2627 1732 5830 1735 3911 2889 8149 855 4316 3932 9693 1117 2780 4584 368 7537 626 3059 5749 3957 3064 2171 3582
28 6785 258 900 4364 655 2576 6424 2968 2329 544 32 932 420 7590 8103 557 2486 5051 318 842 4299 1741 337 338 978 85 88 493 1008 1140 374 1788
29 780 9357 404 4757 4632 793 153 5020 541 290 2212 6438 2087 2477 4914 437 1461 1721 442 962 196 197 3013 5447 329 330 1099 1867 723 727 4088 350 1389 2291 8692 252 1272 2684
30 128 6027 1038 9872 5914 5403 9246 3618 1188 8740 3759 8241 2356 3895 1596 6716 4797 4801 4930 9543 841 3660 4429 3149 6991 3536 610 3178 492 7417 2427 3071
31 130 9607 1288 4361 142 143 401 546 1065 5165 304 2738 9906 9138 698 4032 323 581 853 470 2402 1123 99 101 7924 1783 506 125
32 3458 645 135 264 9 138 15 272 18 402 148 29 5921 7971 37 554 44 301 51 180 309 55 830 960 2882 67 1865 975 209 83 217 861 225 1506 1000 232 1150 1663
33 1284 904 1548 1427 1685 3861 4120 3741 1696 8488 6697 5294 3119 5167 4783 6580 4918 704 961 2374 9933 6225 6100 2133 1114 7387 7133 4196 1253 3563 1900 3699 3447 1529 3455
34 4864 1921 4995 1414 776 2184 4104 4619 3222 4761 926 1575 6523 2227 691 2612 1080 3768 5178 827 5562 455 1482 6604 333 2126 6354 1620 1624 5850 5084 9952 1891 487 3949 2542 1391 5490 2292 1269 1147
35 3332 5895 7304 4622 4112 918 8991 1440 1186 1061 5158 6059 5552 9392 1842 3126 5305 4410 3388 6077 1604 4169 3020 3662 7378 4435 1883 996 4710 3303 617 4207 9713 3190 4472 8315 638
36 1797 8454 778 784 4889 1817 923 3996 3483 3230 1698 3497 7081 1323 4654 9521 2097 4662 1726 3777 8386 1094 5193 4688 5330 3808 2659 618 1771 2930 376 1404 6013 5502
37 4096 137 395 154 412 2469 1446 2096 817 816 4659 57 185 1089 322 706 3140 198 968 1097 1737 587 1233 594 340 1372 5597 866 6755 102 106 363 6130 371 4347 2430
38 642 3330 5383 5512 2567 2572 1549 3471 8342 3359 7459 7975 6394 5419 1325 5422 2095 2093 3252 7733 958 4682 6990 7253 2518 3034 3811 9320 8297 876 1135 1530
39 2688 5634 5381 393 7182 3983 533 790 421 678 3751 7593 2990 2222 1973 439 56 1082 189 701 192 452 1481 204 4302 207 2128 979 595 728 94 2657 1251 3813 613 750 879 878 1395 632
40 1417 5514 7307 1680 6171 8484 7727 1715 695 1466 2235 1468 1088 835 2372 586 5326 593 467 3668 7895 9946 5979 987 3040 1249 9832 4841 1899 883 2164 2165
41 3975 4618 8586 2961 1044 1815 1442 35 1572 422 7591 5801 553 1837 181 5688 321 6979 2759 3784 9678 214 215 1626 2014 2147 1511 365 3831 7672 4858 254
42 2566 7431 9749 3098 3866 1694 3617 6183 2344 8871 814 7854 1713 3380 1460 441 2047 1476 708 1611 588 1108 5973 994 9701 2150 1768 1001 1643 748 3441 4977 9338 1789 6398 383
43 2306 9478 1416 1931 6156 1037 2315 657 7712 1443 7589 6949 2343 810 5038 689 1215 4929 3395 8009 1483 6092 1360 6229 342 5205 472 3032 5855 4448 1375 2152 1128 2029 6258 1019
44 2050 4869 6161 5524 6804 1561 1953 6689 2601 7979 2603 5681 5299 4532 696 2234 1853 2625 3271 3927 1753 986 863 3167 1764 7278 3443 9459 2293 8056 3065
45 509 2819 6661 517 6149 650 1803 7055 278 279 671 5539 5667 551 424 6698 1917 1200 1078 190 4798 193 1351 462 463 592 208 3158 984 2524 226 1122 5999 752 4211 887 253
46 8324 6405 5513 1555 1814 1944 4378 795 2972 3611 6176 2862 692 2484 8122 3901 1221 1356 1999 1491 8019 2003 1494 4568 7258 8549 3047 1132 9836 7408 2033 1778 884 3446 2167 5242
47 1666 9476 1670 775 2193 6930 787 3350 536 4773 7463 9768 9134 826 1212 5693 8006 3142 3919 1873 981 8150 9430 2391 2264 2266 4063 995 2916 8933 5990 5108 3573 9718 5497
48 389 8326 2825 1810 1554 4247 1312 8616 5547 2988 300 2863 7090 4799 6336 1344 6337 3019 461 6227 4821 9433 1371 5728 3684 357 1765 1510 2920 3561 3692 1260 366 3825 1653 4476 124
49 6656 8450 899 4613 8973 529 2581 7709 7970 675 3236 7718 1074 2239 2371 4164 836 4551 969 1363 2516 471 344 1752 476 478 1504 483 9957 5221 1767 3560 1782 6012 7677
50 9088 9346 1155 2564 2565 2444 6668 2453 792 1176 2073 2713 4638 9502 8480 1829 9770 3246 2743 1343 1599 834 2762 1994 9676 2513 466 4307 7761 2776 4952 734 1256 2409 2540 627 5626 7167
51 1159 2826 3084 7694 9234 3218 9365 3734 1692 5501 5534 1063 1960 3634 2613 1848 1982 8513 1602 6211 2500 1989 1224 8783 1745 3924 3804 6237 6877 4705 5603 7140 3046 7404 749 5230 4847 3824 2420 373 9213
52 5248 1153 897 3587 2309 901 6919 4495 7959 2585 6682 5662 3615 4130 1316 5034 1070 5555 4277 9913 1469 4415 3906 2512 8273 3411 7252 1493 5851 2275 6376 3819 4849 2162 2042 8955 765
53 2052 6 11 12 17 19 1428 22 23 1434 3102 161 2473 2218 171 46 8629 187 60 62 8512 1353 332 724 84 2262 2135 91 3038 100 1384 111 114 243 755 248 251
54 640 9857 1281 771 3082 8724 4759 1946 9885 8104 5163 8240 3512 5818 3141 2887 2633 1374 4702 7905 486 1766 8940 496 1522 2931 2294 630 6009 634
55 1544 7433 1300 667 552 809 5416 7981 1077 824 4157 1216 9793 6210 582 460 334 1750 5207 1882 860 1501 348 1502 2913 739 743 6887 508 2414 1263 369 1270 4857 764 4478
56 8702 391 7815 9742 145 2451 5276 1184 1697 292 805 680 5161 3756 8114 1075 950 825 58 5566 3006 6854 6348 3577 719 8402 3796 219 889 4452 2282 108 370 1913 2810 635 2044 1406 2431
57 136 10 268 2062 16 4241 2458 410 797 287 5797 1706 43 49 52 53 1595 63 2883 69 456 3017 82 5724 9566 619 116 372 378 2683 4859
58 2955 8076 909 4895 2593 8355 1700 4133 550 294 936 1191 2986 6571 1587 4788 3125 2619 4539 3773 3516 4672 4417 1228 4685 3794 479 224 1378 8806 745 4596 4474 2300 1149 1534
59 2692 2948 8969 5643 2956 6676 6036 535 3226 3101 4646 1066 9137 4913 5173 702 579 3908 9412 2758 1480 4936 8138 8146 5459 5333 857 1119 6246 746 494 1134 3962 7805
60 4609 4742 2312 3464 2573 1807 5011 5269 1304 3484 8743 7337 685 5554 564 3387 1723 4413 5442 1486 4565 3199 2144 737 4962 5985 4837 1254 2792 2025 1513 3181 1775 2160 3183 5616 6647 1912 1148 4606 7295
61 1034 2059 8080 530 2836 6677 7064 666 6043 5882 804 566 5431 3135 1983 4674 6338 6467 2373 2119 4942 3790 1877 1497 6748 349 9311 738 1262 239 367 2545 7546
62 521 777 3345 3858 1169 660 662 919 6044 1570 1187 5668 3234 5672 6955 5296 4146 829 4928 1223 583 7624 1738 1880 858 1373 2143 3428 3429 4197 1130 3052 495 241 5876
63 2178 1283 5127 7820 1678 4880 5779 6549 1303 3100 9886 2849 4259 3883 3249 2359 3642 570 4540 8773 1349 5063 2380 1869 1104 6481 3412 1885 6879 3935 3423 4450 2158 6383 5489 8947 3320
64 3200 515 2180 9613 6419 1940 1308 7069 1183 8735 9000 1458 9147 1852 2368 1986 1096 1616 9424 1238 5215 9698 4067 1508 1897 1259 1133 623 8309 3575 8184
65 6913 6147 2436 908 652 5774 4238 160 299 2348 433 308 3893 183 4791 9017 6074 8761 963 580 3654 335 212 3033 3420 1628 1635 228 6629 740 1257 5482 1515
66 2049 4994 2055 2311 263 1418 1421 5902 3600 2198 8086 3096 2205 2590 2464 9888 3494 6952 813 6703 7474 307 8250 572 1981 1597 6980 5446 1109 3041 8802 9705 2793 7918 6131 6644 3572 7162 3323
67 129 131 519 7687 779 144 2706 2195 9493 27 28 157 1956 36 38 39 941 1582 173 2098 1843 1863 76 8401 2132 1623 3293 503 229 742 3689 3056 375 891 511
68 5376 384 3842 3201 1673 4875 1552 274 1436 798 800 2720 1056 679 7850 2681 315 5564 3903 840 2261 604 2399 2917 744 3314 629 1397 2169 2298 6655
69 2177 3204 782 1935 2448 6290 6169 1279 6692 1961 3499 1708 6452 3520 3392 8004 2120 6986 4428 8271 1107 1499 3169 4964 2662 2919 3710 3820 6767 7281 8180 5494 2551 5241 3452 4734 895
70 4226 4099 1669 7303 1804 2837 9122 6565 1445 4648 2216 2090 2219 3884 1450 3508 9269 7607 4919 2487 3258 1211 1086 5064 2121 3028 7893 3414 6359 6616 1755 3938 3571 4724 1908 3189 3832
71 768 257 903 2696 906 13 147 6166 3097 2078 799 34 165 1958 169 170 42 172 1456 1073 1841 179 54 1334 75 971 590 97 98 356 105 255
72 3358 158 1566 2859 2094 1967 48 946 2611 313 61 194 324 70 327 6094 465 1876 347 3164 477 1758 1509 103 234 3828 7797 246 502 760 633
73 7553 6410 2700 7702 1562 1311 1055 2860 2172 693 2741 4151 952 2878 9794 4680 9547 5847 6874 474 3166 609 5479 6504 1516 5235 7798 2424 3708
74 2048 1026 9360 914 2967 5792 288 418 163 4514 6696 5417 8875 1963 8365 3502 431 1332 184 1210 1979 2112 707 1610 9295 2385 6097 2522 1754 7774 992 612 4325 3943 8938 8427 2156 621 625 1906 4597 1401 9471
75 8704 6412 1041 661 3478 150 408 6165 1178 2203 4894 5406 4264 4009 7977 6702 2992 1714 6834 2616 445 8131 8516 1862 7373 5329 7764 3926 1239 7776 8801 3299 9574 8295 489 873 1772 3313 1266 3444 5368
76 1538 5251 643 4484 3849 3979 3852 3595 4878 6288 2708 3992 6939 3228 3357 2844 8095 7207 683 5805 563 7102 1342 4422 711 3398 844 1870 3279 1615 3408 9949 2912 867 9317 5607 3182 8699
77 896 4098 3591 9355 8466 3603 6163 3740 8733 5022 2336 1577 4138 7342 6961 5817 5435 7231 2378 5582 6357 1366 7509 5848 6745 8025 2398 2533 4716 9710 5872 7792 6896 1139 4594 3574 2942
78 4482 1413 7316 7325 6558 1951 4001 1407 1452 174 947 8116 1087 3648 4162 325 457 845 3535 6480 976 343 606 4319 2142 611 5604 875 8688 7027 244 4350 3839
79 256 9225 270 1811 7584 673 417 291 164 1193 1579 1709 6450 1207 2751 450 195 81 2005 89 481 230 5350 6630 490 3950 7791 1136 9843 1278 127
80 7559 266 1932 1165 916 2456 1824 545 1699 298 688 7473 2609 444 64 448 1991 2634 3661 8272 213 2134 221 3807 8672 480 231 2795 2415 762
81 1027 259 5507 388 7181 528 273 659 803 3753 5546 5931 559 6831 306 7734 2745 7481 700 317 957 6847 3704 6226 982 601 3044 359 9584 497 9203 245 2423 9208 1275 766
82 1671 1294 271 1937 1299 5144 1177 7710 1695 2592 2976 674 6051 1329 1844 1218 9666 1606 839 3144 1227 1996 1358 718 5971 2908 1759 4968 2538 9711
83 514 392 139 1679 2460 3613 818 3767 3769 59 6205 319 8518 200 5196 589 2894 78 7122 86 862 222 1377 482 2791 3175 3946 8428 2413 7287 120 890
84 1665 2690 2056 400 4242 1939 788 1942 1174 7575 4380 3869 1180 3755 1454 440 1085 3775 838 1232 6737 2389 4950 4695 7132 2787 8932 5862 1386 2544 6769 2168 3706 2941
85 2432 1280 8322 1158 1927 9479 6030 2831 1295 1170 3224 4508 548 311 3384 6718 8387 5960 3024 2013 1892 5349 2667 3180 2157 1517 2926 3569 2035 1398 6135 9723
86 2051 267 152 281 538 3354 156 669 33 1318 2987 2221 686 178 1340 3137 837 3526 199 72 6087 77 206 79 9041 726 218 1757 351 96 1121 227 2019 1896 238 112 500
87 4227 1799 5136 6045 2334 2594 6052 293 677 166 425 176 177 2482 949 186 1725 451 709 4040 4048 6614 1368 3160 5469 104 3053 110 1009 242 8949 505 6779 5246
88 6025 9593 527 5778 4500 26 539 796 1053 7195 672 3488 928 1571 3879 2475 45 1583 47 182 1591 3400 3915 205 7117 80 211 216 90 92 1503 95 7777 5731 869 117 1017 510
89 3969 8579 260 5773 912 5520 277 682 943 1201 1459 436 8244 3894 1975 4793 1601 1861 2886 1734 2377 847 733 93 2527 997 4971 240 498 636
90 3457 1282 3203 7688 3977 8461 9358 6160 1808 786 2322 5905 3223 1687 5659 2718 2209 1189 1068 7085 1071 3376 2485 1462 449 4171 716 7245 3022 720 2899 1110 4829 9054 7266 3814 4329 9967 1776 1405 4479
91 6018 8585 651 654 1166 4370 534 407 8088 5275 2591 1567 4131 3244 7086 5295 7600 4148 438 443 3003 1857 1474 1091 833 1090 1746 983 473 7135 2020 4581 2665 7913 4331 6005 8438 892
92 0 1 2 3 4 5 7 8 141 14 399 20 21 4630 24 25 1054 30 549 40 41 50 2360 68 71 585 73 715 475 3676 364 8948 121 8444
93 3586 1411 2694 6407 1420 2071 1822 2335 5041 7092 3638 705 326 5959 3406 9043 2517 1241 2011 2271 4704 2401 8164 4070 871 616 5481 1525 1527
94 7040 132 133 262 653 4625 7956 5909 2965 791 7062 8729 282 414 4271 4657 697 4281 8766 576 2254 1106 980 1627 1246 735 3815 488 4850 757 1142
95 6912 3712 5388 4621 6671 5392 7313 3860 8992 929 4386 547 934 560 5170 2102 1079 2496 5062 1618 2260 1367 3673 4191 1637 3430 9464
96 2818 2702 2327 1950 4511 1568 9763 2088 4656 3761 2099 4025 1465 9019 571 2240 1607 2251 5195 2638 1361 2643 8917 4184 2650 859 3941 881 6514 6001 753 504 5625 381
97 770 522 3594 140 9743 658 1938 405 670 3492 4137 6454 573 2114 3397 1478 3782 1992 5065 4301 4947 6102 1112 730 603 1258 1002 6379 6257 1138 6906
98 6400 1410 7173 1672 649 1161 1545 5645 6927 6546 915 5394 927 7723 556 175 434 9782 951 6201 1736 7753 7243 1487 341 1636 2148 358 484 1006 5748 2039 249 1658
99 6402 1541 409 155 1693 286 933 1702 3110 168 3881 5160 937 1320 1966 2478 310 1209 953 8767 65 2498 7234 4552 7497 5197 599 1756 1889 5863 2151 362 747 8044 1648 113 2163 637
