100
0 177 2482 12 1009 82 26 242 1725 451 293 5246 677 3511 5136 31 10 166 5469 2978 7013 2340 4589 123 279 1208 5561 52 7301 62 339 16 27 2841 9054
1 1512 774 13 2509 23 717 5820 5675 5414 2288 5046 882 179 568 36 93 101 8738 116 1137 8600 756 1799 1558 159 257 4738 237 231 316 184 1290
2 6 2451 58 4452 91 1075 20 190 635 680 1406 292 632 7815 1566 24 481 3006 181 40 46 145 889 825 97 3577 83 950 60 17 285 1495
3 323 4032 143 581 9607 26 853 101 1288 205 3349 12 66 83 2191 507 2805 57 86 6329 3659 5803 1362 6064 28 72 92 2067 9138
4 488 46 1635 17 1257 119 192 34 183 908 1628 637 13 31 85 12 57 3654 43 160 3420 5774 217 1515 1073 2436 963 335 6147 65 1482 3975
5 1702 178 409 310 5160 18 953 60 67 637 12 2163 28 937 80 66 20 8767 2151 1693 3513 747 61 602 2337 195 1014 71 6797 81 549 65 3923 468
6 89 100 23 4809 346 145 222 67 4221 1106 659 65 36 551 64 648 976 159 4009 2840 150 774 74 112 16 19 6854 60 105 1765 178 29 221 805 1184 120 199 176 7624 1310
7 38 74 4848 303 6031 119 848 807 170 118 30 5429 4752 31 1315 41 1590 5222 7 380 167 51 331 50 3548 485 948 398 66 24 151 10 1576 1296 3500 1100 87 63 355 4371
8 2014 283 9085 42 77 487 87 265 51 2928 1754 3179 6555 343 1588 125 500 2622 5186 2491 275 179 79 3059 35 1735 855 97 26 40 126 7537 867
9 293 0 123 174 1756 6 9 676 1 95 3 2 938 187 656 99 7 219 2652 88 5641 951 101 2973 19 232 122 52 20 9442 297 6234 55 15 6729 138
10 56 3430 3252 93 1361 119 200 5170 131 12 94 1079 41 44 4386 934 715 65 2496 6912 662 32 466 71 3712 152 160 13 458 9 138 2848 5926 1737
11 477 79 14 70 399 465 347 1758 30 48 234 72 76 7 3358 356 3164 2611 502 158 505 25 946 1509 24 1967 43 61 633 10 1571 6126 2433 859
12 5 1481 2688 979 130 879 421 301 192 1973 506 14 12 393 1082 678 32 245 790 2990 7182 19 22 207 439 51 168 533 878 48 129 3751 3983 10 595 155 1502
13 90 237 7658 6684 2169 851 1424 230 524 3257 71 2282 2491 1318 99 43 600 40 1642 1010 352 109 27 34 15 251 207 2285 7242 2264 5482
14 276 9843 2751 90 916 291 278 1136 1278 49 393 490 5795 191 762 14 1866 2247 846 3715 60 131 1235 89 524 28 181 290
15 6 360 437 182 158 723 1461 36 780 127 105 196 1532 44 358 793 33 134 25 131 353 296 412 541 442 231 9040 1506 2148 1263
16 706 2096 36 1097 816 185 456 195 27 1207 3950 25 20 481 1027 270 1709 35 102 450 506 7791 1811 417 6630 1579 44 186 56 156 256
17 454 94 14 186 5893 759 20 4278 1710 346 435 42 3900 10 23 665 3274 21 7818 96 11 633 2202 247 3735 510 22 5278 215 318 8015 6049 968
18 60 39 213 34 5634 17 11 267 452 20 1395 50 747 251 16 2657 2222 18 161 35 613 4302 731 33 202 162 628 221 66 355 55 37 608 77 27 554 138 583
19 67 1119 194 245 775 8150 2266 23 1072 981 55 344 250 236 345 92 9134 4063 13 2193 9768 7463 153 338 3797 517 8006 746 9718 5108 1788 309 27 6930 252
20 26 148 1290 2979 107 62 247 5154 8 210 1039 11 1 9798 712 137 250 676 0 280 3 7606 516 27 35 935 4 17 655 88 49 218 20 105 206 1005 44 158 7347
21 3989 4162 5604 6480 174 9 244 32 1407 1506 95 58 750 611 947 3648 457 4482 12 13 606 1087 23 4319 158 4001 8116 47 7325 4350 3839 145 37 65 1554 2848 1482
22 0 96 2 49 40 442 3 11 462 205 47 173 4 89 157 22 822 6731 1 5 168 584 230 458 933 6 133 60 2045 843 28 1310 977 9517 1290 7624
23 4 1156 26 39 33 0 1042 2 3 5 8 1 55 1948 35 233 6 17 1959 1438 28 19 3324 129 1677 5834 1152 107 46 1967 885 126 3700 138 5661
24 186 330 40 1 62 4 3301 2 1217 0 3 181 21 641 4908 9 5052 65 15 167 4824 323 769 74 1011 2812 390 363 111 37 3433 145 757 203 542 2060 1502
25 6 2546 8 0 10 4 342 9677 1 2 74 409 1293 463 5 249 807 226 36 1490 21 14 22 1859 757 3 127 2191 952 106 602 44 69 3262 176 1610 3880 138
26 406 3 0 1027 328 2 469 1127 3730 597 278 71 4051 561 5 36 6137 21 39 714 5361 67 99 513 179 5005 23 1388 280 501 3194 4090 554
27 63 119 32 8 240 29 2769 47 601 1345 1225 286 17 160 57 9 5812 411 23 11 984 2960 24 37 212 3266 295 1137 21 10 53 16 118 574 513 4152 9262 767 121 155
28 217 209 6 975 264 16 1000 232 960 12 114 23 7971 180 11 13 14 842 10 1506 22 135 91 268 1741 544 2968 6424 332 557 63 1140 655 6785 4364 5921 155
29 2684 0 67 1 41 1389 350 5020 84 391 5 1099 143 3 29 2212 2 255 180 448 2524 9357 153 1351 4 106 6438 752 197 309 404
30 288 29 314 1963 4325 8938 431 247 8427 9360 67 163 61 3943 5417 1906 2014 42 143 2078 707 55 4514 7774 137 3895 492 610 93 4597 5526
31 971 97 179 142 698 1841 5165 38 2738 130 401 1123 99 31 546 248 125 8103 304 33 9906 156 218 1065 470 506 4361 7924 27 356 1958 69 2402
32 4 1 2882 5 0 3 861 15 18 3458 272 1150 44 29 55 51 301 105 225 830 148 1865 402 121 37 17 2 9 309 83 67 645 161 7 8 1663 554 900 709 176
33 31 6697 91 20 3699 6 602 8488 7387 12 539 16 5294 3790 22 188 940 2233 73 19 419 231 980 358 32 509 3119 3563 347 961 14 2444 5167 1414 88 28
34 3 587 4 371 1446 1089 2469 137 12 5597 17 2430 4096 340 154 198 5 24 3222 2147 5084 6523 38 2096 50 58 1921 204 1080 44 30 21 53 776 114 233 2542 333 8 42 28 27 176 155 6604 3097 2153
35 25 2239 483 1074 1909 6012 344 7 4164 137 55 471 44 529 52 836 316 186 89 1150 763 96 49 128 310 17 212 27 969 953 519 4613 69
36 9562 1481 379 336 1168 3317 41 1919 989 5001 805 3535 12 84 7748 120 48 1886 60 4984 1638 3604 4662 208 1052 1698 32 998 396 1323 784 22 332 5526 8454 4688 126 797
37 3140 10 322 19 1372 412 0 6755 395 62 2 6 15 18 51 514 866 16 817 594 54 106 1233 246 363 1 73 69 4659 57 6130 2983 7 1737
38 557 1862 256 298 209 3478 489 173 735 6702 62 8704 445 1266 1147 2992 119 7373 408 7764 1239 3926 129 3299 81 45 56 174 8516 137 607 582 1041 7776 1714 7977 252 6656
39 1 1251 322 94 3 2 701 189 56 99 13 6 9 2128 0 796 4 118 169 546 21 632 7593 3813 26 7 204 25 750 8 5381
40 67 306 772 144 5931 388 273 317 982 282 190 1275 521 6044 957 777 160 345 265 85 1880 4146 53 239 1570 3858 63 4928 7117 138 1310
41 43 4241 24 3784 3017 39 6 75 5801 7591 34 1837 4858 2014 4618 5688 1044 181 54 13 214 422 1815 12 117 28 1572
42 82 2 561 86 18 669 7 9519 15 1058 490 284 331 33 908 1729 1514 22 3790 595 4408 2228 4225 491 9561 9 2005 1027 1489 6398 119 9749 38 123 441 37 10 176 3172 9517 708 1263 2153
43 377 296 7986 2904 1894 4838 653 210 2507 132 4630 1296 41 55 1993 121 1333 1876 74 93 3317 1866 73 265 108 162 6423 47 3016 213 803 446 134 314 1408
44 332 5014 164 117 5 72 77 7 56 1 2091 2 1610 0 43 202 214 1051 135 256 2951 4089 6044 498 3 58 2575 1826 162 197 151 46 2196 146 109 650 2076 9502 120 404
45 2360 282 4271 978 4211 42 278 31 757 1783 5999 193 60 509 133 462 44 222 697 131 1142 576 1627 4657 414 6661 5909 57 279 2254 13 253 69
46 1091 1932 445 1142 8585 122 1474 133 0 438 1108 432 36 19 46 5412 1166 644 9338 422 1 425 7135 1567 267 3 478 7600 2076 2818 1502
47 5161 33 6074 313 4238 32 105 3151 454 188 565 2897 4791 1268 4146 218 641 9017 482 172 607 8055 2852 269 670 3541 5990 2264
48 33 3684 9 5728 4 2863 0 366 55 25 218 28 2 1 3 27 6 3692 124 96 74 4821 79 7 5 1371 11 103 35 248 2825 8616 1260 2920 300 19 8 138
49 8973 272 3 419 2 297 88 19 0 28 118 123 646 42 29 6137 108 9957 64 1 35 51 7718 235 4 3236 24 8 1752 7970 259 476 5221 138 3097
50 2184 9952 827 125 33 2227 8702 691 5178 4619 216 141 1414 82 83 4864 9 1391 672 64 2292 13 5562 41 357 1575 1891 305 2612 591 36 228 14 444 85 356 121 968 5862 919 3244
51 0 1 9234 28 33 4 2 8783 9 213 6 23 4705 597 788 4606 288 78 966 14 13 22 2410 63 200 7 508 21 45 1728 17 159 24 725 334 1989 2420 27 2818 9365
52 225 229 47 384 27 1601 4025 6514 6001 1 310 365 753 2190 3761 2327 5625 143 1361 1950 248 30 25 72 676 2088 724 381 14 2702 6 7895 58 5851
53 6 11 0 21 114 19 22 12 3038 4 1 100 1434 62 17 18 171 5 13 2 161 2135 724 2052 8512 15 187 9 243 2218 8629 251 23 136 3 2262 1428 8 236
54 721 212 27 1442 523 2644 2330 509 571 252 68 2251 229 2240 31 772 354 249 715 4184 1607 402 6043 2638 2099 28 2650 5195 204 446 89 139 56 9957 854 2000 83 62 968
55 488 653 7956 96 102 132 8766 791 8729 52 262 7040 4850 171 2965 35 1246 7062 946 3815 6149 463 208 20 239 412 1459 1106 735 69 1077 6887 1502
56 32 0 16 1 23 391 11 3 108 2 19 112 4 2431 2282 1913 2051 179 8114 50 799 6348 3796 34 7 8702 1697 35 8 5566 1591 22 719 62 9 9742 5276 121 3756
57 7 11 456 82 2883 21 25 2458 268 16 4859 5724 619 2683 10 1595 1706 136 69 9566 53 20 116 2062 287 49 5797 372 378 52 14 63 410 3975
58 4104 5850 1378 550 2986 101 4685 148 99 70 134 8076 4474 3768 1902 437 2619 128 4133 909 936 224 329 175 760 396 6571 73 475 4895 294 121 1587 666 860 4596 152 751 2955 859
59 31 125 725 8601 6408 93 3843 6238 225 2187 1429 64 22 1728 11 1264 1566 216 2295 2479 902 127 82 189 2980 762 1412 605 58 585 933 34 41 139 27 977 8450
60 115 68 67 2562 43 338 24 5605 1393 113 21 83 30 1909 409 78 33 9609 5371 81 28 22 666 2730 417 2397 525 35 231 715 1504 17 5985 4247
61 916 227 2634 104 64 2415 298 135 213 221 3661 106 33 448 1991 137 81 2609 444 362 688 1824 205 762 266 323 197 253 968 9584
62 54 194 9593 16 1627 3044 5546 64 161 559 766 528 167 7181 308 57 9203 601 278 6226 2745 803 659 210 209 132 106 9208 60 3753 5507 3704 6831 914 355
63 1991 6229 842 58 8131 459 1882 3313 144 3444 8801 6412 206 327 4264 6834 9574 227 5368 907 5329 293 2178 1283 115 188 7820 5127 57 56 96 660 881 135 1554 285 900
64 29 1190 325 415 124 110 1988 409 591 785 170 1598 27 890 1704 800 1721 5376 1552 6035 679 798 2261 336 1035 52 1056 1397 216 397 6229 2152 6655 64 1215 5038 7712 2591 1495 1737
65 8428 7122 86 66 3946 222 319 2413 60 62 3175 862 392 106 5196 589 29 3769 1377 2460 55 818 22 323 2894 257 308 78 120 1679 1954 2780 138
66 875 7316 1865 59 343 2142 845 292 866 462 54 124 18 29 101 976 67 93 3535 358 7027 6558 131 15 56 1413 48 8688 554
67 0 39 2132 1863 14 38 28 1 15 779 68 1843 1623 157 375 1956 19 4 2195 18 3 891 229 2706 3689 519 2 5 129 511 36 2098 3056 3389 1290
68 760 1889 117 82 6820 475 1566 159 309 37 98 16 302 15 664 671 226 5689 40 156 9359 33 1078 112 34 371 772 424 59 190 9 984 3158 517 887 554 6698
69 762 6 141 4 0 1593 1 1499 11 5 33 73 1883 427 1119 3 388 1279 2 358 109 8 9 17 8180 28 58 276 57 63 245 3561 54 756 13 18 708 6165
70 56 18 1803 12 5539 5667 4798 360 1699 490 139 551 480 239 8272 194 65 11 1000 111 592 76 629 315 85 2681 49 2134 349 650 1122 6979 2848 3097
71 165 13 590 18 1456 105 906 170 147 768 257 2696 6166 15 1073 98 2078 169 75 172 22 255 42 903 54 34 17 799 37 9 1334 3097 1671
72 91 755 1353 2195 67 2473 46 248 51 60 111 20 313 6094 3828 84 332 2859 246 2094 327 180 324 194 103 26 7797 54 138 1384 708
73 137 9547 41 111 65 2878 34 110 54 1311 609 99 180 6359 50 252 4680 74 46 7702 33 7 71 637 380 268 1232 1039 308 27 1845 751 103 333 224 3774 3110
74 2385 258 612 142 8365 21 234 435 625 3502 64 1210 1401 58 621 418 1332 659 184 992 275 9295 2522 148 1979 6450 1026 145 2156 5792 8875 134 196 2048 121 9471 2967 914 1754 6097 6696 715 126 1610 968
75 419 77 106 1314 122 10 945 562 1062 5519 182 6284 29 1370 210 1337 70 108 360 302 268 447 46 253 161 235 553 583 138 3244 1671
76 0 43 2 39 10 3 3228 16 27 455 5 22 128 103 245 11 3279 48 17 47 1 8 35 556 6 34 45 108 129 305 6288 155 869 2060 8095 900 867
77 8733 68 244 433 81 4138 5350 21 207 161 1130 10 1593 651 2657 75 197 134 18 499 7 24 2517 76 273 2942 222 19 20 447 217 78 1888 155 725
78 1105 422 18 1686 77 152 44 12 2664 276 4477 2579 45 15 218 1402 32 13 2568 429 122 5120 34 375 567 1828 275 70 1271 325 1452 2818 2264 1502
79 1459 260 1201 436 4362 1021 4793 332 378 8244 997 4048 152 277 45 1959 130 6662 1748 3894 1985 76 233 7367 912 2886 62 47 240 1601 176 8450 968
80 38 8586 1442 9678 2759 351 553 1511 254 215 321 31 365 41 2147 2961 35 179 248 1626 1165 2795 19 7672 2456 545 7473 1932 231 8672 797 7559 1173
81 527 928 248 147 1053 6 15 205 90 178 37 3879 80 22 7195 277 259 245 6847 83 76 497 363 1027 359 27 2423 156 173 113 700 7481 51 869 138
82 510 230 7433 2282 334 45 121 216 25 369 4478 70 225 978 184 7981 295 2739 348 72 508 115 822 1300 6043 42 5882 460 524 7064 1983 341 360 189 53 404 152 927 252 2112 1671 138
83 503 7687 76 6 941 1582 27 50 8401 9493 91 144 173 147 131 200 2052 45 54 118 59 742 3293 2791 24 6205 7287 8518 890 26 514 139 152 3767 1334
84 1269 34 45 3949 926 885 88 5490 32 8044 6354 124 4995 26 159 4761 25 31 487 455 1147 1620 127 418 251 29 1624 2126 268 126 4347 708
85 25 40 412 90 38 73 216 217 59 5 1449 176 2024 14 4 475 3559 8 2065 121 4240 53 912 758 226 2052 48 114 201 4390 4102
86 0 500 2051 33 2221 98 238 5 21 2 4 3 1757 227 23 10 7 77 218 351 1896 11 2987 1121 9041 1318 96 13 79 1340 485 859 7055
87 281 6 180 1368 34 505 186 104 11 4227 49 4040 3053 6614 8949 251 6779 4048 6052 97 91 949 2498 6045 2334 425 138 2594 110 3160 152 120
88 47 26 1583 45 117 100 6025 3915 12 672 7777 1503 42 17 29 19 169 1591 796 5778 92 216 38 2475 5731 539 510 1571 1017 3400 95 3488 9 182 211 120 1263
89 1 726 72 6 281 538 44 75 3354 3526 112 257 837 199 3137 28 156 267 30 2019 669 178 6087 2527 4971 60 16 87 206 15 682 169 498 1861 19 8579 636 4618 1495
90 6 1 3223 5 15 28 3 1071 0 21 6160 4479 8 2209 1808 76 1828 655 141 229 3814 2 158 11 155 238 25 8461 1110 1776 4329 452 7266 322 3977 23 4171 3923
91 651 663 12 8088 112 84 4370 2665 3003 164 55 5275 443 142 2477 60 407 4148 327 473 817 49 414 114 202 210 103 6018 739 654 6005 151 1746 970 1066 534 104 2591 4581 2513 3244
92 40 585 1054 0 68 2 4630 8 2360 5 25 20 14 4 121 3 475 1 41 7 21 141 50 399 73 30 8444 364 71 24 8948 715 3676 549
93 772 2295 470 589 162 70 1080 1515 2552 103 213 250 1058 2408 107 403 669 4 9556 854 1010 2739 1859 2493 276 7315 142 1152 72 1951 1656
94 258 85 34 7590 2329 337 77 2576 321 59 43 932 619 374 88 1008 4299 318 338 1788 21 19 32 30 420 493 117 189 980 28
95 212 6913 433 165 568 133 258 47 111 402 6629 64 580 84 228 740 3893 130 652 2348 3033 110 79 103 209 299 30 3751 3692 126
96 1272 1721 26 4632 628 110 2477 4914 19 8692 330 962 8 290 3881 329 308 4757 92 219 243 727 1867 3013 2291 4088 189 2087 5447 3424 48 114 4560 77 1489 115 4044 163 109 2195 480 4656 2060
97 670 31 4 34 0 9 14 99 519 1478 3 658 413 212 1258 13 6 61 2 1992 1002 960 1 278 358 1938 411 5 168 249 4301 6102 4142 5381
98 205 1487 46 106 1 42 40 0 179 43 410 5 23 9 157 26 1658 175 2 8 13 5748 6400 556 56 5645 6201 1636 17 52 27 236 3097 3849
99 1966 8 116 2498 15 9 14 75 1209 933 37 1 168 7497 3881 117 5197 97 303 41 27 2478 5863 599 4552 199 16 362 113 1889 19 8044 286 44 100 155 1648 1756 161 1541 3110 138 1334 6402
