100
0 27 39 91 33 36 43 1137 288 220 66 756 339 237 397 1687 1422 48 425 93 1368 4227 192 4040 146 3053 6614 8949 120 155 1384
1 0 1 2 5 4 6 7 3 17 15 61 26 14 19 180 30 159 251 281 9 52 12 10 21 231 22 88 435 110 42 477 13 8 37 946 158 65 176 1290
2 0 1 2 4 3 6 7 8 9 11 14 17 16 18 24 21 15 27 28 22 33 35 23 32 44 45 62 94 66 54 70 85 69 46 65 64 122 797 2264 3774 3244 4247
3 125 54 447 768 161 235 906 1456 1991 585 4630 46 8444 8948 590 3097 222 2696 6166 2078 3676 853 799 698 5165 2738 9906 1065 4361 7924 4032 199 2067 9138 1888 554
4 1956 2706 3689 511 2098 3056 7687 941 8401 9493 3293 2791 6205 7287 8518 890 8428 7122 3946 2413 862 278 5196 3769 1377 2460 818 2894 2478 126 1482
5 36 97 41 93 67 76 95 135 96 40 245 149 90 0 240 98 195 78 60 70 51 390 128 202 141 500 109 255 125 286 422 747 193 155 1263
6 0 1 13 6 12 7 10 19 20 40 21 30 31 17 18 41 25 50 38 37 46 75 112 48 108 44 172 67 170 83 72 145 176 120 1310
7 0 1 2 3 4 6 7 12 9 11 8 15 10 21 13 14 17 23 16 18 24 47 46 20 35 28 49 55 51 40 32 63 36 58 57 184 1290 968
8 41 11 85 75 411 25 40 50 74 323 76 24 56 178 54 546 64 44 216 631 38 1588 18 415 179 2308 142 596 51 484 83 2148 1572
9 0 1 3 2 16 56 53 24 232 163 46 4 65 58 67 109 115 158 48 45 5 27 99 8 60 44 142 6 119 41 78 95 70 62 69 468 9 4390 6729 900
10 0 1 3 4 2 5 6 11 10 20 17 13 8 7 23 18 32 14 9 16 47 27 61 28 26 114 50 34 123 455 101 513 43 40 256 621 2848 5926 1737
11 13 41 54 48 51 46 1 39 111 136 55 79 64 91 82 117 75 112 67 93 103 60 72 40 0 142 125 81 236 554 3684
12 0 1 2 5 3 4 9 6 8 7 26 14 29 10 22 13 16 12 32 34 33 39 42 23 11 19 35 43 18 20 27 56 120
13 567 29 1271 1402 2568 5120 1828 4162 5604 6480 3648 4482 1087 4319 4001 3839 875 7316 1865 249 2142 393 976 358 7027 6558 7658 6684 3600
14 0 185 143 224 1097 450 362 291 398 1902 706 370 3070 1709 6662 1748 1985 7367 2096 816 503 245 1207 2205 3950 1027 1641 7791 1811 252 5850 211 2955
15 0 8 1 22 6 42 3 54 43 33 87 5 67 17 21 147 92 113 7 48 83 68 120 4 89 30 84 108 9 55 61 513 72 69 280 199 138 1766
16 167 256 418 659 288 848 1754 819 1116 461 506 933 4848 303 6031 9471 5429 4752 1590 5222 380 3548 350 1576 3500 1100 4362 2983 1021 1959 355 9225 372
17 0 418 1185 1 4 5893 510 247 665 5 92 68 257 454 759 4278 199 1710 346 3900 3274 7818 633 2202 3735 2 5278 547 8015 602 1352 3923 6049
18 21 267 37 204 879 66 59 77 15 237 94 163 161 175 390 169 245 202 189 192 257 701 450 213 2128 4 796 632 7593 750 355 728
19 22 67 633 139 250 3797 253 37 826 62 168 153 871 358 214 517 158 175 904 231 55 124 81 598 339 1114 46 351 102 108 599 109 775 96 309 126 708
20 0 2 4 1 8 11 3 15 6 10 9 12 7 35 33 26 22 36 13 49 14 75 20 43 24 18 32 119 59 125 148 5526 1290 2153 3198
21 0 2 3 5 1 4 19 10 34 15 33 12 16 71 17 14 21 11 39 26 74 27 44 124 22 83 41 47 77 79 176 3684 138
22 0 2 5 1 6 7 4 26 9 3 8 12 15 31 30 33 133 29 68 89 59 60 75 41 97 25 37 43 72 63 224 1310 9517
23 42 56 139 86 172 95 70 264 252 135 131 226 48 230 462 25 275 58 318 1407 2169 150 215 343 345 645 611 361 2479 323 207 678 269 1429 482
24 27 16 91 104 128 53 42 8 74 88 80 105 82 83 30 188 73 77 269 185 1 203 84 271 61 103 56 120 644 114 236 116 148 134 167 123 131 542 426 977 2060 708
25 6 8 7 20 9 18 50 64 101 82 69 13 425 40 36 72 49 602 35 91 127 51 32 161 38 23 202 241 34 2587 37 86 120 1482 7242 2264 5482
26 3 25 24 16 17 27 84 47 45 66 144 131 161 187 85 120 2052 1 2 80 222 206 210 91 2195 234 181 409 415 446 412 183 299 1052 138
27 3 5 17 15 16 34 20 24 28 23 14 40 25 47 11 53 0 39 45 35 27 50 164 122 165 57 151 82 29 157 119 22 124 107 62 1954
28 2 4 17 12 44 6 19 11 10 67 31 9 64 93 144 35 170 60 61 258 148 82 137 128 264 41 132 272 234 169 612 107 114 54 253 309 621
29 27 34 66 44 223 270 360 337 329 490 281 109 231 331 278 290 442 437 274 330 807 229 191 3842 393 1000 880 793 236 887 456 496 1908 1378 650 2216 138
30 1610 150 610 110 275 625 2385 435 1026 154 602 94 687 4801 8740 347 1906 187 537 162 70 198 3502 1210 1401 1332 992 143 9295 2522 1979 6450 2156 5792 6097 2076
31 0 3 2 5 1 4 16 8 9 11 27 14 26 6 20 105 12 10 58 17 56 73 42 18 96 68 19 59 77 13 70 399 549 102 65 197 1334
32 3 10 12 34 0 25 11 9 8 20 13 60 83 49 1 18 31 56 47 116 38 29 2 74 186 135 101 84 104 709 138 5921 3849
33 32 31 33 47 92 51 2 43 724 222 49 180 298 87 48 24 169 23 174 157 54 39 980 1427 204 63 482 404 138 3097
34 2 3 4 10 8 16 14 18 32 17 9 11 5 27 58 26 1 52 121 20 76 59 40 391 412 73 1233 35 24 23 3222 91 305 63 175 371 1290
35 190 1150 8973 1959 646 6137 9957 3236 1752 7970 259 476 2239 483 1074 5221 6012 344 295 4164 471 529 836 316 969 953 1504 2516 1363 1260 899 3923 138
36 163 94 1638 137 37 712 149 88 434 406 1936 469 328 158 733 1783 95 1481 99 106 647 403 998 979 1127 3730 561 4051 6137 5361 1797 5005 2979 5 501 676 1388 751 2591
37 0 1 5 6 7 19 30 25 41 48 54 31 50 42 60 56 77 40 2 82 102 68 46 154 61 3 114 129 128 10 176 166 107 968 3097 4371
38 581 9607 945 1288 360 2191 507 2805 6329 3659 5803 1362 6064 1314 735 1062 5519 6284 1370 1337 268 553 4809 346 4221 1106 659 33 2840 6656
39 0 17 50 46 1 25 62 48 51 40 79 74 60 55 546 118 2 99 439 38 1251 68 3 14 108 22 207 322 129 102 731 5381
40 53 143 64 265 161 160 1 405 308 151 1880 306 521 777 907 135 388 168 317 595 292 2 1053 3761 498 538 73 66 1571 928 5546
41 0 1 6 7 97 39 205 25 137 50 12 214 64 181 82 86 491 156 51 2415 3790 38 283 412 321 3135 372 121 554
42 0 1 8 3 6 7 18 2 5 56 46 4 123 294 60 74 935 26 1449 1001 284 250 41 11 441 487 249 16 170 34 17 234 29 1729 27 1184 708 1263
43 132 347 6126 168 1988 7797 116 1128 1758 3164 2611 1509 1967 325 633 1889 1571 1876 664 472 5689 9359 772 7986 2904 1894 4838 87 2507 1993 1333 139 3016 1408 6035 968
44 498 301 86 256 1002 465 378 742 1246 389 207 148 4089 214 239 1379 1033 2196 712 309 1070 175 115 39 1953 272 3604 327 79 65 415 716 2050 47 339 789 1651 1132
45 0 1 2 6 4 3 8 10 7 9 5 12 11 23 15 14 17 18 19 20 21 26 22 29 13 31 55 37 32 33 52 30 43 28 35 114 121 138 554 859 7055
46 15 14 0 19 25 1 21 69 205 2 1155 22 59 181 651 38 172 352 183 4148 241 376 289 218 1902 39 156 983 23 102 1298 31 489 119 7408 184 1502
47 129 82 54 1 90 109 229 225 188 138 433 192 174 93 244 293 130 39 47 1582 239 740 519 186 1521 5990 2264
48 0 1 6 7 9 8 13 20 30 48 25 37 68 31 42 164 99 103 51 227 55 104 134 366 28 32 24 23 96 300 81 116 19 120 1384 2060
49 3 7 29 13 22 21 94 186 113 32 763 70 212 907 18 7718 478 641 502 229 1767 0 1857 3332 338 839 519 473 994 498 1671 69 4613 8450 708
50 0 33 1 817 133 71 85 3 322 137 233 4 198 2292 1391 88 251 395 126 587 83 926 178 445 919 739 320 2513 592 6 246 55 443 158 1482
51 0 1 2 3 4 5 6 7 11 10 12 8 9 13 14 45 18 21 17 24 35 15 22 28 20 64 16 26 27 117 33 30 41 34 143 78 725 977
52 1465 418 78 786 70 868 51 296 310 211 951 384 1601 4025 57 6514 6001 365 753 2190 2327 5625 1950 95 676 2088 525 2702 467 6171 689 2345 1643 5851
53 38 70 74 110 246 118 73 1866 100 92 171 215 216 225 89 195 332 151 254 1296 174 170 194 302 1035 760 846 77 524 289 1315 1495
54 0 1 3 9 7 16 13 29 62 57 23 40 180 81 115 451 78 24 1489 95 35 61 99 45 52 31 104 509 561 280 243 46 110 954 144 383 193 583
55 0 1 8 2 5 3 4 24 6 7 45 10 9 11 80 15 14 13 161 17 57 91 53 115 94 12 117 88 146 71 43 49 55 19 900 1334
56 78 90 121 181 124 481 115 113 100 153 160 242 223 177 214 948 179 349 825 338 196 142 220 707 323 186 117 175 5276 3756 485
57 5 19 20 26 30 53 43 50 37 52 38 110 76 218 268 126 200 448 422 197 158 114 349 118 296 335 375 102 429 212 111 308 1442 132 3661 1506 196 145 480 51 404 503 14 224 484 3975 2291 968 2780 1495
58 1007 1228 666 936 381 460 244 144 294 280 325 720 429 95 565 550 364 520 1729 21 289 4104 806 2986 4685 97 8076 4474 3768 6604 2619 7279 4133 909 4895 2153
59 23 204 535 195 194 33 479 163 24 769 1011 8601 6408 3843 6238 225 2187 1728 1264 1566 216 2295 902 189 2980 762 1412 605 294 585 933 4184 2692 8450 621 6138
60 25 123 15 38 106 122 101 113 297 49 84 130 235 68 105 758 58 120 1927 1909 103 143 238 80 1756 219 310 194 88 350 216 355 121 5985
61 63 121 213 105 215 444 362 221 103 32 266 131 2014 230 208 75 916 351 456 20 295 7672 4674 374 226 815 2976 478 112 566 408 468 404 9517
62 16 2 117 111 5 155 31 245 146 17 1503 6044 3 770 528 87 3429 700 100 101 182 45 6025 3915 672 7777 5672 27 5778 21 2475 539 120 138 919 7624
63 0 255 1 1054 3349 971 506 1123 285 2 976 119 3 206 557 648 4009 445 1765 353 256 298 3478 5 6702 8704 809 1266 227 1147 2992 7373 171 408 3299 7776 7977 8801 968
64 0 1 2 4 6 296 327 7 3 3317 399 336 505 57 146 90 379 265 157 17 301 778 6820 3358 9 458 3032 71 219 100 679 8 252 21 244 126 63 1384
65 32 88 97 49 73 100 47 117 42 94 44 72 43 64 13 20 432 190 136 259 568 546 1336 1635 2132 177 77 1843 1623 299 1679 3767
66 65 67 101 45 0 457 136 1424 947 61 4336 3989 1413 1042 1156 524 1959 1438 4477 3324 1677 5834 1967 885 1105 1686 78 2664 2579 3700 7325 8116 4350 1452
67 0 1 2 4 10 6 7 9 3 5 12 11 18 29 19 37 36 13 8 38 31 21 65 57 71 28 35 15 78 52 77 34 26 118 160 152 155 126 1387 725
68 62 76 243 108 509 324 279 1428 314 250 213 134 112 517 79 397 309 156 162 83 377 255 502 424 724 85 357 465 248 84 98 193 5667 1122 671 2112 5526
69 12 15 20 8 83 43 10 72 107 42 171 27 88 335 84 75 62 41 117 142 936 82 1107 54 89 73 689 224 11 501 49 36 185 68 216 240 2177 6165
70 59 69 176 49 253 90 40 73 42 545 54 206 231 410 298 666 378 315 66 762 254 629 2973 76 367 91 36 840 240 2458 577 384 332 5724 6698 5661 2780
71 15 0 36 2 1 49 143 66 101 150 546 3 4 182 89 306 6 903 225 7 364 327 350 202 2477 2360 252 2591 3097 1671
72 65 34 124 653 798 237 475 356 2 4630 371 543 328 2473 2859 313 428 3038 1434 2135 8512 2218 8629 2262 755 1353 189 6094 3828 2094 1566 2433 3102
73 320 92 250 52 637 3708 293 252 137 149 46 1484 98 156 1311 109 3403 308 397 1756 2201 597 470 1611 1845 1953 6188 1307 197 474 228 864 842 132 3826 751 859
74 2 4 5 10 0 9 12 21 13 199 11 19 37 109 15 25 38 2014 431 201 582 89 446 14 65 203 102 28 149 322 53 1 1038 268 8365 1917 1583 468 2848
75 14 5 147 23 257 174 34 98 69 60 165 28 392 29 64 159 217 209 86 92 195 562 1841 454 41 141 401 112 58 173 587 489 583 176 3106 1671
76 0 1 2 4 5 6 3 7 24 16 22 14 10 8 12 35 9 30 17 50 23 39 28 21 19 104 13 26 66 11 27 46 33 15 63 121 2060
77 207 144 254 2942 32 90 533 113 52 851 35 71 217 514 78 249 188 244 8733 433 4138 5350 1130 40 1593 651 2657 103 499 8466 4347
78 87 59 119 292 352 391 168 99 89 102 2282 178 154 325 96 81 261 987 133 654 183 307 1913 465 53 285 845 680 171 731 572 237 443 8402 1502
79 0 1 8 87 71 52 98 37 39 156 76 45 97 53 130 89 16 81 119 51 24 57 238 140 33 47 59 30 96 152 131 485 164 1954
80 108 3 2 0 4 287 95 316 239 553 619 5 25 94 1572 184 4241 1815 75 154 101 3017 641 688 1217 971 2883 4859 290 1173 3831
81 51 95 25 63 156 209 49 165 85 36 133 58 259 128 363 167 282 42 79 527 225 300 239 1627 345 80 131 273 277 231 355 211 138 7117
82 52 126 96 247 73 99 77 163 145 565 155 360 120 271 60 339 30 59 137 252 241 494 66 1983 341 927 1759 334 82 677 2282 2967 508 841 4525 235 348 662 914 152 184 9584
83 2 105 106 59 179 68 70 162 227 235 323 779 248 157 589 1595 891 267 5688 1515 3175 669 319 1932 514 228 140 637 148 3244 3975
84 12 24 34 15 13 21 51 86 29 22 28 38 102 50 64 39 69 57 65 127 155 45 117 62 53 124 136 168 49 81 36 44 54 140 229 356 1737
85 75 187 217 338 938 544 201 139 47 226 293 174 676 715 39 656 2652 5641 951 79 9442 6234 83 412 12 193 1449 2024 442 184 138 6304
86 0 1 3 2 4 5 7 9 10 11 14 6 16 13 12 15 21 25 19 17 20 18 27 23 26 38 28 34 35 100 60 44 50 68 72 303 708 1310
87 22 130 35 1073 99 32 177 82 109 62 323 882 470 128 774 907 2334 475 419 302 253 166 55 949 505 377 4738 1862 2071 51 197 663 2841
88 0 1 2 250 3 278 4 38 130 1027 796 127 22 96 772 714 190 510 54 1080 52 8 216 7 660 238 6 2552 559 1223 309 9 1583 869 139 554
89 22 48 58 66 178 14 36 41 17 43 127 79 545 93 110 206 218 726 111 272 32 161 205 553 233 103 49 112 277 912 267 5350 227 348 3137 1495 1434
90 5 14 23 28 27 19 42 55 34 20 331 25 63 88 90 110 83 184 158 111 229 218 425 76 118 157 72 26 141 138 287 201 159 210 92 655 30 98 108 419 129
91 663 452 439 281 209 654 374 8088 4370 2665 3003 5275 407 414 97 210 6018 6005 1746 970 534 1066 1091 2492 1142 8585 1474 5 438 4581 1166 425 7600 3244 859 4171
92 24 45 16 57 106 97 41 71 169 144 81 122 47 194 179 100 132 248 142 304 75 107 551 205 293 137 152 74 316 715 210 121 356 1714 1958 1263
93 107 122 276 160 1152 152 1948 597 1010 3535 606 2285 526 128 750 502 233 866 549 281 555 185 353 9798 1951 842 201 150 208 245 6577
94 1008 262 402 2882 861 3458 332 1150 301 830 1865 1506 217 645 1663 180 975 130 1000 232 960 7971 842 268 374 1741 544 2968 6424 218 655 857 4364 138
95 1863 652 55 742 402 200 311 2670 1017 488 1257 908 1628 3654 3420 5774 813 1073 2436 963 6147 6913 133 258 344 580 6629 113 2348 3033 148 737
96 2 4 10 11 12 18 131 58 28 127 71 249 24 45 149 63 163 105 56 715 137 153 74 1361 139 381 201 219 30 53 42 41 106 271 309 609 2818 5482
97 0 1 6 2 4 3 8 5 9 7 10 12 22 29 21 59 69 84 36 90 19 14 18 13 37 31 86 15 173 33 46 78 76 178 1591 138 2889 5381
98 0 1 2 6 4 11 9 8 5 3 12 10 14 18 26 16 19 20 7 40 17 32 15 38 41 24 44 52 27 31 43 23 55 62 139 37 28 56 72 121 3097 3849
99 15 39 33 29 22 7 62 0 61 178 69 37 81 119 139 36 101 173 199 168 116 84 56 31 1 46 153 32 134 75 103 406 138 482 3110 686
