23 0 249 80 259 260 285 156 96 174 239 271 170 114 101 131 98 223 59 47 143 49 132 183
21 296 87 85 162 127 150 273 63 213 121 111 73 48 201 205 292 141 206 279 94 257
20 180 75 276 95 15 57 200 245 282 14 50 11 140 25 219 106 104 126 272 151
26 216 212 148 159 290 74 60 79 188 39 241 214 295 177 22 160 42 119 112 242 145 155 154 135 208 175
23 167 108 103 161 137 218 18 226 21 284 185 82 27 190 10 181 12 176 297 256 84 169 2
24 54 88 203 136 227 125 129 224 102 68 258 237 147 6 83 124 196 43 262 240 178 52 173 130
23 116 72 294 92 144 187 267 113 277 128 244 243 197 23 283 16 266 67 71 97 1 247 274
21 168 41 8 13 107 19 91 29 204 146 236 89 76 287 248 265 142 228 233 153 149
20 164 4 7 133 58 105 281 217 207 253 163 138 20 152 215 186 69 77 211 165
17 275 62 171 44 232 230 28 202 158 298 269 70 5 250 78 288 293
19 184 134 220 193 56 198 32 40 157 209 235 139 238 31 55 182 30 37 189
12 110 210 225 261 61 90 93 35 192 252 123 9
13 34 246 38 254 26 3 109 81 255 289 120 194 278
13 99 286 24 263 166 172 64 268 191 45 264 280 251
6 195 118 291 51 100 229
7 299 117 199 115 66 231 270
3 86 17 46
1 122
2 53 222
0
0
0
0
0
0
0
0
0
0
0
0
0
0
0
0
0
0
0
0
0
0
0
0
0
0
0
0
0
0
0
0
0
0
0
0
0
0
0
0
0
0
0
0
0
0
0
0
0
0
0
0
0
0
0
0
0
0
0
0
0
0
0
0
0
0
0
0
0
0
0
0
0
0
0
0
0
0
0
0
0
