11 536 4779 1720 5668 8816 1910 3654 6209 3868 4472 3440
27 2641 1289 7684 464 8231 6514 9175 6870 2041 7305 978 2156 3427 4406 5836 6507 9040 4492 1987 5638 2564 4824 8981 4531 314 8062 3797
15 750 3199 4489 3291 7327 3530 1070 3034 6783 7100 4256 6179 1475 7000 4631
26 3459 5742 3927 4381 608 566 7578 8158 5181 829 6701 2599 4340 8133 858 9468 4647 3384 3407 6768 6347 5447 1048 7440 5233 3417
16 2986 4285 9287 1166 7657 7447 3183 6884 7073 6118 8175 5968 7744 3680 7962 6968
12 1507 3919 7658 5993 6904 5510 6443 4002 9641 38 5722 7184
27 8993 2604 4167 9005 6839 8536 5428 8823 2052 1957 9308 4371 8969 9304 724 367 5863 3105 798 1282 3319 1117 8067 3388 2602 2504 1939
21 2953 7823 5069 5533 9247 5491 5721 8142 2981 5716 1490 2979 5544 2992 6480 8806 5252 2223 669 3780 8353
16 1010 263 1225 834 5994 7139 1621 6331 4960 3569 8516 1098 3678 53 2896 3030
26 9231 6503 6676 7748 478 9592 1904 7127 4066 9132 6450 3351 8979 5900 2834 9119 1247 534 5874 6381 6305 543 2000 6709 8388 1495
19 8008 1991 3435 8971 6856 1080 3062 4478 4240 2988 5955 851 6427 5140 3512 5787 6370 3055 995
21 1229 6171 684 5776 4676 7620 5061 6608 7622 9369 8792 6602 910 3560 1174 7435 2234 2085 4592 749 9467
23 3938 7397 8644 6254 3139 2382 6872 1465 3000 8188 1727 3251 126 6378 5639 3059 703 1943 5206 7376 1321 2416 6530
23 4596 6022 5678 1804 6687 4814 470 266 9061 5198 3731 827 7759 8925 398 8916 7341 580 4966 7594 3211 7635 8312
13 6325 8273 112 1778 7595 4986 7290 4502 6738 3642 2427 8257 954
27 1805 7153 5157 7895 5264 2173 8169 5695 3628 4480 5059 1277 6937 6833 7714 9558 8727 3671 385 8151 1893 257 408 9392 4098 5650 9161
12 3568 770 8701 9338 844 6002 2266 3314 8222 1894 374 7362
25 4848 7181 6474 6055 6599 5047 2501 6519 3648 9493 5324 5626 2411 7764 4915 2734 6592 2760 8170 7163 444 3934 6938 5515 1297
21 1925 5992 9249 1364 8006 3437 3700 5725 1474 4582 2215 9355 9555 4965 1958 8366 3136 8870 6761 3155 2859
20 5529 9347 2884 7869 6434 2677 6791 7970 1534 7753 1371 511 8914 5674 1856 2864 7659 3478 6962 3099
26 3254 2928 3567 5691 6960 2428 2816 5762 8734 3221 1665 7989 7466 3959 3168 7352 5194 3894 599 9462 7852 5706 1735 1309 3915 7443
24 7679 3506 7533 2239 3486 7922 8777 7078 6313 8609 8247 5770 3446 1882 9464 2088 7255 7549 3575 6371 2327 8187 4576 1494
17 4073 28 4322 5945 2559 1 1630 626 1849 4009 9002 2051 6461 5546 2972 4270 3736
31 5505 9343 8108 6571 7808 2947 9652 7598 8758 6865 6798 5522 372 1884 4250 1252 4734 7149 1728 796 3132 9091 5159 4244 186 128 1790 2129 6838 1769 3724
23 184 697 3195 2064 2906 7449 1357 717 2095 9422 1940 3926 859 5910 3389 3377 7590 5384 2747 8623 8311 3096 4227
16 5147 8407 8431 9417 4626 6473 6905 2691 7795 4671 5258 8211 359 587 2118 7373
24 6201 8901 3722 6990 6061 6207 9078 5959 2903 6388 3891 3687 9104 7238 8821 4257 8539 312 567 4606 3310 2293 6397 4330
23 1701 116 365 8132 5202 7908 6442 1185 4055 97 3296 3897 7877 9207 1278 34 5474 7498 3476 7961 6249 2231 9190
21 8771 2841 3324 6726 6245 4278 8656 7297 2159 5804 8275 4545 1468 8439 2895 5838 4303 546 7597 990 4402
17 554 7245 1926 8118 1911 6468 8436 8872 1668 5554 8267 6529 4067 1951 2879 5406 801
25 2435 979 9635 933 680 9317 8429 6991 4697 996 500 6414 1280 8216 9474 3057 7513 4318 981 578 6915 8640 4216 7646 5782
32 298 6810 5411 5580 2771 413 9510 596 8544 1798 2923 4114 9508 9409 7645 8944 7902 378 6251 7936 8189 8723 3511 4793 8268 4813 5693 2601 4376 5370 1915 72
20 4232 3853 8379 4445 4200 5017 7718 1717 4527 5118 2304 4662 46 3696 3311 6516 6105 3358 5727 5391
35 4341 7692 2350 2236 7204 1270 8626 4726 3527 6096 4913 5696 1208 5559 6062 5415 4884 7467 3967 6539 6044 1241 4187 3783 198 7574 2876 3842 6637 4565 3209 4791 6223 9412 5275
20 1104 7151 3171 7641 1335 4710 852 8345 5449 9025 9579 305 5496 6695 104 2102 3321 9560 4404 9037
27 3931 2818 83 6213 8294 1462 9136 6651 7607 6085 6268 928 7483 2394 682 5410 4943 181 3956 2054 2018 2315 7310 2398 7793 3120 227
27 3061 8055 5165 656 6972 1596 8489 8682 205 886 1409 9043 3455 1437 7008 1758 7952 5240 7773 6023 8535 892 2275 6342 7012 8756 1248
31 2785 7683 8964 6413 3339 6620 9632 5841 6659 1736 2966 3776 8472 9334 9620 4983 7247 885 6399 1664 3188 9031 3608 7522 7392 9405 3133 3865 8688 9269 1540
27 3429 9069 2485 87 6069 1492 5261 5223 3694 571 7087 4599 5439 1734 965 3784 3063 5203 307 8741 5378 5853 8660 2351 1818 2194 88
27 3143 1824 898 3958 9193 3542 3420 3312 4619 984 9157 6219 3212 2465 7102 3067 7055 3487 2481 570 8408 5269 4347 9125 8058 9445 5471
35 4673 2626 3735 8826 2473 9294 3686 5711 2250 4431 3426 8693 2800 1107 3278 1579 262 1322 7581 3180 15 3122 5166 4730 9598 4600 1251 3719 1739 7699 4601 2407 7268 4001 2569
33 8043 3353 6560 5670 268 5127 553 2247 6152 362 5555 3855 7899 5130 5247 9186 4429 5749 9147 4205 151 4329 1276 2698 1604 410 3021 9140 8331 5186 691 5388 7760
23 292 8220 1609 5308 9213 5466 7504 8500 3716 7402 1383 9068 4923 8906 4768 3636 7040 1924 2233 2295 422 4056 5093
34 1065 5314 4461 5802 4342 2278 7987 5043 4533 9484 1397 4119 4382 6261 3010 2061 206 6263 5575 568 9312 7653 6307 1680 5205 2097 6863 3792 4758 5543 1675 7332 1934 5594
30 5123 3043 6429 9562 6193 3458 5180 1678 5791 8963 481 4652 9479 208 1932 4691 3085 1989 5092 3905 6950 668 1060 7178 7365 3870 6607 3666 4899 9128
17 207 2882 482 2738 4428 2441 719 3501 7280 4731 3406 9210 9180 5481 5705 5377 7770
30 1773 3326 3920 60 218 3166 6734 8200 1619 1356 2915 6725 1132 8751 2956 6533 7205 8370 1974 7177 5717 6283 6837 7771 1599 2921 1749 5096 6664 6945
26 435 3950 9374 7542 1184 3147 3972 7927 8083 438 3697 145 9483 5163 4696 1654 1638 5356 8627 1956 278 152 3632 4996 259 9571
1 1081
37 9085 8412 1679 1756 3613 4857 7052 8739 3126 2647 1634 2096 953 1775 5728 2920 6349 4427 4324 4910 6212 8009 6787 7722 2449 5817 934 1697 1246 6978 5376 7717 4887 653 1895 1906 7254
41 9185 592 6690 2813 23 8892 2489 506 8852 8709 7222 5038 3220 2653 4879 489 2871 6490 7925 1600 3285 9035 622 915 479 2603 9485 6655 515 2974 3699 7276 4157 7813 2666 316 1287 7135 4841 1135 9424
34 2848 6485 8229 5122 2423 466 5539 6893 7201 5528 8586 6850 1510 8876 2009 1526 8977 4487 8302 7912 3107 3555 4258 8687 238 8589 201 216 1561 6537 8938 3619 6707 8858
1 6611
1 3515
1 1151
33 6584 7593 937 156 4580 6557 3292 1442 2622 2999 9088 9224 318 7942 8596 927 7384 3013 1305 5046 9327 1374 1347 1912 7828 2371 5281 2725 9451 9580 3603 8992 8301
1 214
27 3408 5051 987 5208 7978 2322 6879 432 6449 4644 8061 3851 6683 3981 2875 525 1230 7781 2548 2492 7096 3711 5556 7366 2130 5237 7949
19 3609 4300 1816 96 3620 4156 3761 1965 2286 3103 2459 3301 1026 616 994 7507 1006 3661 3750
18 3944 2783 5763 4420 7848 3602 8824 7762 9406 5374 6845 5044 523 533 2807 6535 5925 2365
1 235
29 7077 9549 3135 7079 9432 2694 2873 6000 6773 8634 1962 7186 9403 7956 4283 4639 1458 4189 5195 5121 3052 5048 7320 6328 849 6788 8077 7328 2613
1 7207
23 709 4358 8948 9551 6563 8492 5357 5937 4665 3771 6350 6154 11 8600 7693 526 6505 5519 1173 2221 7920 8662 2169
1 5078
23 8796 7893 7469 7042 8685 4460 6909 819 3651 3148 1046 5169 3845 8073 3242 8763 971 4963 3386 7721 5686 8809 2765
23 447 9254 418 6037 7613 3629 2838 4927 8846 4541 7036 5443 1041 8735 2084 1788 5309 5323 739 9220 3537 2689 8415
1 7130
29 3050 661 4165 1260 528 7381 541 6289 8485 8018 6032 2004 2948 5114 1318 8467 2387 2523 2973 8047 4891 5517 5758 2073 7837 4095 3299 8736 2709
20 6330 4803 7278 4267 3772 2237 832 4224 6029 4931 21 8939 7873 8867 2851 9114 745 7223 5987 1240
19 5873 80 9521 845 6036 9208 7374 4959 1062 8423 816 358 9527 4763 5818 1051 5360 1815 5354
22 2076 8791 3571 4526 4013 5582 873 6053 9307 3348 6111 6632 3534 1860 8021 6545 5366 4396 5495 6008 5884 8984
8 8305 779 1688 2434 5573 237 3438 5652
1 3178
24 7878 384 870 2258 6919 2372 9584 7133 5174 8447 8645 3097 3075 3418 267 1624 3564 5797 4583 2654 6552 7029 788 8786
22 2439 806 7601 9167 6038 1372 6739 6454 1968 2479 3352 1162 8455 586 1707 3861 5499 3385 8461 3489 1823 1457
26 390 1571 1551 5588 4354 7990 7430 1511 1605 8322 5809 6685 7273 9572 9079 4226 7845 8629 9050 1044 8689 1625 2723 4422 4337 7566
31 8985 3954 1035 7608 2348 2220 3090 5245 683 880 4082 4203 4632 8059 7663 2829 1147 9481 136 4775 9606 1244 7110 3072 4714 8541 2718 1569 6103 5947 5279
18 310 2561 5064 2125 4994 2057 8004 3875 2680 9375 1064 8478 1434 5365 3270 8585 1491 4585
20 2100 4108 2452 2937 5982 9011 5520 8261 9265 7089 4940 9332 2386 5053 3474 2115 7730 7939 8617 4911
17 6878 4687 8560 7258 7421 3182 4920 5611 2001 8864 1328 8974 304 649 5560 812 1255
20 5523 2728 9225 6071 9636 4933 2817 7322 5212 9060 8652 9331 5895 579 2478 3939 4519 4169 9329 4127
21 1139 2552 941 8884 3413 5304 2246 2314 2799 7418 960 8260 2415 3271 7755 8015 7591 6411 1708 164 8017
26 5777 3917 1555 5227 3129 8089 5963 5850 9159 6628 4271 1237 3814 8372 826 1584 4181 5423 1691 9202 7917 1761 3142 4323 9029 4017
14 3621 6364 4780 6916 5969 8069 4924 7147 8745 185 7495 1152 6923 1210
18 9401 8866 4446 3741 754 2050 8483 7505 4211 3193 6792 9116 5687 3080 581 225 8521 2578
19 9281 279 370 5317 7424 4479 5470 9038 1411 7464 3274 9052 1253 1186 6820 2726 7804 3007 4540
19 324 4467 4559 3411 6066 8040 2253 1192 7831 1627 3081 3217 3615 3074 1303 1476 6479 3295 5385
10 2281 3995 9529 5402 9415 1218 6234 2775 7490 8428
21 1316 5511 1178 6425 3350 5230 8787 4667 7988 4949 1097 3031 402 9333 1285 1311 3224 4288 8580 5225 1281
12 4369 6172 1719 8691 7503 591 6086 1267 2791 2505 1256 5255
24 7825 9295 7442 3482 6986 4702 9349 4391 630 8863 9057 6957 9643 4538 369 7576 3173 2565 7957 9489 7802 6686 4048 5442
25 6320 4498 5800 4150 3391 9197 5133 4961 5715 1827 5625 7724 4713 4468 4991 8547 6604 7992 5282 6764 2418 7049 4860 629 1598
23 5950 8482 7009 471 8418 5312 8726 3012 2136 3473 4611 1955 5272 5476 2911 9622 3397 2781 6406 6396 4595 5412 3723
16 6016 6939 1771 5902 6186 6955 5319 2163 5434 7481 8810 3272 1587 2939 956 7726
13 912 2797 4549 6627 5036 8749 5620 2475 1731 379 7264 8316 3763
25 6653 2217 8814 7745 2964 7408 7189 3092 594 1130 4946 923 6064 9326 8512 7266 4925 7997 5386 8658 1570 4069 4050 2063 5286
15 9111 2209 5589 2506 7325 5267 8982 4883 2526 3730 9268 6594 3439 778 2437
24 8669 1928 2685 3280 7126 6671 5886 5859 6735 4061 8303 5392 6495 9292 5448 5172 7243 562 878 1960 924 4826 3600 2933
21 2354 1641 6198 9621 8865 6189 615 2107 5372 5215 1012 600 872 545 2761 8601 2994 8987 2652 7678 2918
28 5931 3475 9126 197 5557 3480 5618 8122 486 4981 5328 3871 2638 3652 7698 4772 8186 8000 8048 7629 2889 3885 4828 6821 7647 4484 5117 3836
23 5333 2072 7406 713 3610 6956 6047 1216 2663 8030 3017 2977 8490 5869 4010 5168 617 6977 7554 8743 1054 848 5235
38 8024 2821 3872 7212 3444 215 8402 9365 751 2446 3517 8403 8481 2341 2551 6854 1223 9227 2345 8014 2852 5991 10 3383 2764 1292 79 283 2395 2987 5732 1817 5871 9259 5790 3329 7876 4761
18 2453 6626 4864 3240 5246 8137 1380 5084 8367 8391 8443 3369 3203 8742 3200 4243 3753 4168
18 1986 7185 1783 9232 2563 6913 6089 7491 51 7047 1812 7035 9398 440 2917 3556 4320 7342
16 8086 6679 3231 1785 1993 39 1909 639 1201 5082 5001 7534 857 3769 3503 6605
18 3647 8757 5697 9499 8497 7818 905 7787 2672 6886 6874 1657 436 8239 746 162 5431 3149
21 6131 7906 3509 1172 8868 8923 4901 966 8965 8445 5143 3450 5872 1039 4690 4455 2145 3309 2957 1643 7451
17 3315 6311 8314 2712 3812 1644 1473 664 8057 5298 949 3942 9642 6296 7968 1670 1169
20 494 8319 7279 2615 7820 5371 698 3121 2199 3167 6176 1923 8975 9613 2177 7545 3715 4969 81 220
26 4087 163 7807 9137 1533 2550 2674 8837 6682 7742 6700 3733 3864 311 531 7796 6327 1084 1396 343 6098 7861 5139 3824 7200 7312
26 3393 1078 597 6971 6395 1486 6807 5710 5647 4466 1393 2355 9525 757 1418 7256 6903 1552 6159 3586 6763 6538 8419 3554 4295 740
23 8159 3883 1286 1175 4706 5188 2470 6170 7144 8517 7530 4262 5890 6840 4646 3559 9578 8053 1650 3531 5743 1116 4904
26 6949 6273 7778 1791 6199 8037 2142 9263 429 94 9348 5475 943 196 6060 814 7728 7741 3087 5861 8337 6187 6221 4444 9655 6301
17 7752 8506 4346 6795 4080 5482 6579 3269 7457 1871 830 6645 2891 9539 5598 4892 8022
24 4847 6544 6935 7425 783 2880 619 2454 1424 64 4495 967 8917 2124 6712 3230 1831 8785 7426 6020 3289 7994 6812 7935
19 244 6205 9179 5648 4674 3574 8707 7275 4464 6568 6567 4035 4360 3551 2837 3999 1033 1828 9588
17 405 761 2108 8720 3887 1158 6896 4057 6402 6894 6578 1615 6826 8152 1205 4443 5477
22 3940 3372 485 4783 5039 9604 5619 1430 1238 9272 2443 9103 4384 1265 8576 4034 4071 5088 4120 2926 1061 4956
25 1058 8259 7257 2686 8719 6192 1501 5794 2995 3102 5071 4350 8019 8441 5975 348 6643 7398 5187 5280 1336 5352 5684 4195 5068
10 7229 5856 8843 8182 5574 6624 9198 4191 8583 1509
26 9530 7417 7037 7428 2490 6341 140 7747 4144 9013 4439 2699 322 2466 8540 1398 1933 8338 728 189 5548 9316 6691 8453 5231 9149
35 2731 187 2842 8146 8160 4546 4023 520 7916 5921 1573 1410 1365 9146 7656 6585 5432 8157 7196 7146 4686 9055 8251 913 9544 8100 6785 5552 9211 8642 2750 1645 3078 9032 2178
25 7301 6988 9021 9244 7405 3770 4787 9194 4291 8460 4197 2665 6636 325 7673 2916 9654 6475 6857 2982 7113 4111 2538 1119 3840
20 6272 8204 8818 8829 9325 4637 1840 9217 9251 3334 9335 6412 7512 2644 5347 1112 1532 5660 9646 752
21 425 8484 6202 968 1137 7761 6720 6243 5462 2414 4861 6324 2925 1724 6737 5952 354 2404 8935 252 6944
20 8686 3225 2887 4979 4660 8448 7751 4110 8476 9177 7933 7738 5446 2843 2984 1578 7122 4593 3749 4675
25 6346 3070 1179 1189 4263 5435 7261 945 6699 2784 7532 6706 4307 9153 2005 4980 8107 4364 738 1320 7054 3705 5478 786 7348
15 7351 3181 5348 3952 8553 3933 4978 8425 4264 8834 3002 3830 4399 5464 5635
19 4745 6675 642 7399 1811 7368 797 6597 25 2280 7026 6994 5561 3144 1640 8475 8587 6092 8607
24 836 5701 2360 2007 8471 2549 5813 1001 7226 7306 6849 1142 8227 9512 9541 7835 7171 4214 9546 7446 7165 7859 6569 9205
27 8293 3216 3757 1207 6882 1024 3837 4349 167 744 2637 4688 5536 8598 9496 7304 6471 66 831 8621 8264 8233 4732 5623 3244 3640 3563
20 4064 1202 1547 4328 1810 4838 9637 226 6241 4378 150 6702 9004 1436 7410 2778 30 0 4982 2408
7 3162 246 6441 3366 5810 6323 4740
25 6333 4507 8805 7975 2048 6148 9631 6366 5502 5954 4344 6520 6382 1716 6116 4561 6546 9425 5438 4733 5646 1030 7857 8212 3398
38 9087 9463 2203 2514 4715 9026 3100 5906 9514 1088 3082 5820 4514 4229 9296 498 4482 7046 7006 8523 281 2555 800 280 9115 7836 5933 5249 7383 159 8049 3922 6073 5260 7811 5027 5953 8602
22 1016 569 6613 91 6214 146 6428 1514 1378 4834 9142 5979 7486 7282 4096 6721 6661 2313 2208 4591 3976 8144
10 9049 8666 3098 8165 4558 6724 3186 9428 7460 6617
13 1361 2105 4819 9266 4784 1333 3125 3536 2774 6001 6140 1866 9492
16 780 3974 4345 3781 6952 4679 2499 4194 9188 8373 735 4033 5769 2606 8424 4817
15 628 3983 7474 3839 2618 5898 7628 8581 2587 6966 1341 5015 4802 5700 4867
24 2261 926 2572 2290 1745 1168 7815 8595 5654 1881 4835 3 9486 4011 5150 998 4589 2074 1136 8637 6444 1581 8628 7843
25 6542 5524 3492 9164 1919 1890 90 2390 3767 3205 3151 1066 387 4827 1295 5149 5707 1482 3982 535 8237 1182 2751 169 4628
20 4950 1279 4219 7166 7543 5271 6361 133 7482 1542 9391 6901 4418 7375 1176 8833 1074 5940 5197 4984
18 3327 5855 2595 8844 7138 6308 7527 8853 9419 7044 3960 1611 1842 1588 7160 6156 7919 5985
20 1699 6358 6262 564 7389 5513 7244 1211 3522 610 2460 4801 5079 3428 9640 3777 5726 6139 142 8174
20 847 4875 8205 3532 9320 3114 7031 677 5299 3879 8525 3806 8020 5306 5081 4821 4574 9118 9345 7157
18 6124 3805 496 7377 1797 6231 2540 4488 1898 8502 8717 1332 2121 3039 9503 9074 7725 5219
18 7668 6143 1901 8732 7603 8184 7882 8856 8224 1647 2438 6920 4483 3163 380 2823 6897 4252
27 8295 9470 6678 9379 7095 6973 3266 7017 6122 1983 7907 6017 7589 2361 3838 6019 4747 8120 7639 2289 4233 3175 4268 5148 2183 1050 5361
21 3544 4458 3796 1157 3054 4456 6144 3502 5200 1537 3657 7203 4003 3912 8524 459 636 8346 1746 5500 9418
15 3929 8066 1220 4778 2621 4872 6600 5751 2326 5572 4509 1412 6146 5119 5703
12 342 1426 5941 4773 7117 5603 2303 6674 5920 3138 3756 6910
17 2397 7150 1846 3624 1872 8192 9596 8632 6460 2089 2795 4830 7900 4757 6394 6230 7665
29 2927 2279 202 8937 149 6548 5440 366 1160 6097 9397 1673 6290 4942 5760 2668 2753 7830 4744 1128 6889 2714 4989 2656 9267 5757 7704 8713 8883
22 9169 8358 5640 5103 8465 5201 7880 4137 7221 5973 9110 7959 1793 8710 1496 1313 4571 4812 9016 7563 6265 3404
25 6014 7615 160 3462 6811 864 2657 1984 6930 4209 7846 6615 8708 8039 2139 461 1502 3185 7623 1814 1170 9552 5530 8832 2946
25 7548 9243 6075 3137 2044 119 4338 1979 2623 3262 8929 6045 4060 8112 4231 327 5891 4147 7142 4874 6809 1639 8328 5310 8045
25 1721 4497 1047 7016 9408 925 7337 2482 6786 4259 5912 172 7480 4024 8234 1725 3553 5733 7471 1568 747 4134 3768 1652 1796
39 54 1478 4689 6436 6951 5984 1938 1068 6438 272 7378 5351 6943 1990 3831 8894 399 3592 9573 29 4499 1692 7870 935 3471 6722 3032 1233 6906 940 8011 6715 5738 6277 2885 7145 5600 7940 4246
22 2658 4820 9183 1446 415 3817 2589 4063 2546 7974 1435 256 4025 1215 6536 1307 7103 1094 5843 4161 6 7914
29 9515 4305 8528 320 8023 9372 4708 8386 3658 8503 3706 7379 5602 9151 5303 6383 2119 5421 9261 5913 4077 8330 9471 4042 5591 4357 2528 1754 8141
23 5332 2855 3997 4544 4620 5276 646 6848 2693 8459 2144 6054 3118 706 8677 2469 2409 3519 1315 8559 1428 4193 2739
17 7419 7371 2507 9586 3477 3246 8582 5199 6631 6803 5040 254 6126 2310 8249 7143 7111
24 3335 7240 3948 6072 6925 5052 8395 9313 7829 2950 5126 6458 1086 4929 4474 1340 6095 7086 1291 3346 2026 731 9072 2029
29 5105 3854 7180 3890 9535 6742 6954 2769 6158 4172 8281 1626 6150 4469 6666 9423 7588 4309 2068 7860 5483 2027 192 5273 78 5002 147 5698 8754
10 672 2071 3491 6218 917 4040 6011 903 765 5134
16 8526 6609 502 1366 2232 124 3888 1518 3380 5768 7784 5830 2374 4944 7209 2815
18 4655 8125 763 2019 3979 8304 8007 9221 9506 4410 8721 4333 5926 7924 8054 3146 7981 989
26 8731 4012 6299 5832 3925 7572 2277 4029 347 6506 3336 727 4709 27 6018 4277 6392 1091 1431 6670 1920 4896 3399 9003 9536 2028
17 6040 9533 7074 5795 3593 2708 2846 3827 6869 9354 3670 4976 2758 3913 9138 6384 5054
28 7993 3841 7921 9299 8520 3975 6432 9131 5486 4000 7372 6363 9507 5614 8611 8696 842 1239 9321 2530 2225 2899 7991 286 9559 2520 7219 6708
22 368 8692 2055 2584 3676 955 1690 7412 2857 8284 3127 2998 6137 8625 1862 3755 5932 5072 6042 1358 4535 6806
6 8383 6980 9173 7459 2380 9570
18 5718 1918 6641 2328 6478 5289 2494 7547 8368 1445 5349 7560 2533 3003 1183 5295 1885 3989
24 7403 899 3275 8752 2905 3445 1367 8951 7249 9216 6235 8507 6466 2155 1562 1888 4020 7776 4052 2392 1300 6572 1743 7434
32 1819 1306 1582 1388 2741 3306 2451 6099 4287 7182 641 2865 5996 9285 1802 6041 2172 4022 2417 2174 2413 548 5927 9123 8271 5905 6888 1829 5417 8097 1858 9063
24 5929 6853 1878 4836 340 6452 8845 8679 2909 2450 5682 8113 4094 6024 1747 7915 4604 7715 1855 9042 8573 1730 5340 5538
32 4043 2922 40 3004 9082 2187 3302 3343 5173 5091 643 3364 3405 3835 6127 9557 2337 5472 3196 6958 4764 6338 76 2467 6048 5846 428 2566 3788 8714 3233 3703
20 4771 1877 4997 3037 121 3921 7234 95 5161 538 5753 4275 768 9634 4798 3819 5358 6178 8134 6829
8 7918 5334 614 6511 1656 2868 4972 5857
15 6790 5875 5037 3347 4377 1403 2420 1782 2959 6112 7697 5041 2715 2607 7839
22 1299 8016 6147 9155 4664 2243 1488 4251 3472 2671 1936 6931 3447 5153 5949 7416 8831 6472 9158 9388 1597 8561
4 8673 3577 2840 6006
9 9189 6688 8653 9223 3539 7517 4936 7587 2137
11 3643 9200 5793 6823 7844 3545 6404 9276 2464 9235 6292
25 7719 5058 6108 2352 1444 4054 5685 5330 8334 6286 5129 4218 84 7540 5452 5011 6816 3247 7473 4387 8389 5426 1214 293 8201
16 6398 3949 249 7655 2362 670 7155 3785 2585 6719 8930 430 7003 6270 3497 7867
14 2754 3695 2330 2272 6711 8451 188 5425 6070 4649 3955 2866 5023 2468
26 551 9058 6696 5828 5468 516 8240 345 8196 8442 8556 1712 4319 7506 5792 2980 8013 8348 1709 8608 1319 3316 7816 9156 7518 4999
17 9135 8351 4032 4317 758 6130 3294 1703 1144 4074 5724 5745 8214 8703 8505 5211 8210
18 5592 5196 1914 1414 7071 1512 4993 2556 6470 2804 9564 3115 1348 7364 3510 6868 3689 178
20 4893 4573 8221 7826 7329 3331 4930 839 5493 4131 4097 195 9018 8878 5584 7674 589 5450 1506 4062
20 5110 7801 9416 3977 906 7954 7214 9086 9350 7524 8449 2932 2148 3801 3878 6772 3451 8533 6035 8928
31 5935 7931 9081 4718 6246 6698 9359 722 8702 8986 6244 5812 8564 4770 4104 4587 4133 1196 7562 2645 1000 867 6056 5806 7516 3396 4339 6162 2332 2827 6784
26 3308 3685 7422 2228 4403 7448 8357 8145 5865 2484 4518 7028 3988 8770 9444 6862 9413 8031 3208 4947 1806 77 9429 8280 690 4640
10 725 5545 3400 7441 1376 8123 4693 6749 4425 7743
23 1268 1770 9322 2069 4053 5498 9315 1077 9368 8325 9448 3713 4569 5661 8236 3028 6302 2594 7568 2184 9160 6303 6989
32 8931 3452 2643 3042 3856 6581 951 1197 6508 4624 593 7521 1021 2358 6007 4725 9454 3601 4412 7602 5175 8393 3425 3846 4417 7570 2929 3414 383 4326 7558 2862
19 4851 4068 2711 2356 5645 105 8716 5152 1964 7585 1275 70 8406 5565 6504 5709 7768 970 7883
19 2166 5065 875 6463 4866 8715 1381 4027 6455 2620 7088 5307 2131 1868 8324 3704 1429 6767 565
3 1377 4177 5429
13 5315 2609 6799 2661 8952 284 5704 139 1349 5277 5739 313 6080
32 4917 1585 285 5531 1572 2690 9041 4842 4115 9618 7932 3907 1685 3618 2193 3557 7790 5111 9273 1007 7061 4178 6692 4774 4905 1521 7345 4051 1055 557 2910 3165
16 9511 9010 4457 5692 4865 5345 7458 3638 6200 714 1045 9556 414 4186 203 3047
19 155 6439 5657 1508 5416 1646 5297 883 1469 5390 1935 1672 2043 930 7339 6113 4556 8775 5004
21 7887 5613 2299 8954 1232 3862 9390 8949 1263 781 789 9600 3714 2336 2649 8129 3083 5408 4840 7609 427
17 4610 922 2650 4832 6942 4210 5615 5899 6051 6499 8588 6391 9089 2260 2213 5229 6447
18 537 8052 2824 7108 716 6714 5222 1729 353 9195 657 5702 8102 2060 1704 1057 5109 573
19 1653 2357 2646 2222 9385 4794 9351 4663 9455 6293 4941 6287 4037 8891 2094 5436 4537 7468 4079
15 1463 6177 251 1671 5248 1346 8659 5326 417 8700 3235 7885 7934 686 8566
14 7272 6515 7758 5217 7002 1067 5171 456 623 2553 4973 2586 7242 1515
29 6716 5803 7318 6322 813 2047 7614 8670 7118 7982 9238 2832 861 6927 8504 9346 3226 5944 8897 8548 3281 1687 2265 8274 4567 6083 5302 241 983
32 1807 5369 7112 702 3064 4158 2952 8493 5590 8813 2025 6835 2238 3415 4018 2810 3535 389 3813 9614 8282 2325 9647 1334 5754 5720 7691 5827 9381 7695 1261 5263
16 7075 2936 4704 2579 4822 1613 9498 8924 5553 4804 7121 1392 549 3005 5833 6445
23 2949 7198 3018 6151 5254 3119 7868 1558 1973 4584 3337 7672 6074 1382 4869 5060 7050 8729 4782 1013 9616 5631 9241
12 3526 671 3507 4654 3734 1786 5253 8178 9274 9456 5401 4937
29 1844 407 3707 1801 8967 2850 2176 9404 7526 8217 7302 114 7897 8871 529 8519 2660 8243 3679 337 6326 7476 8438 6232 6917 431 4854 7390 1422
25 6410 4103 7436 4985 4070 8463 3585 9152 4501 3882 598 9373 7211 3065 4242 5583 2534 6550 8219 959 1830 7062 6087 7821 4876
17 6090 3392 6689 6601 1869 9112 1676 6801 6094 8970 1674 1164 2241 2283 1163 3594 8619
7 475 3822 5028 6121 7681 4523 5789
20 7299 2611 346 503 7494 4717 4918 3375 5373 2219 6005 93 8002 7231 5010 8840 1053 2257 5367 7101
9 7567 8571 222 4090 6732 2340 1438 1950 2425
15 7391 154 3674 2440 5579 416 4760 7980 7179 8574 6258 7840 1603 3110 2149
22 6345 2214 2093 7733 5098 2924 2263 2696 7965 5847 5642 1863 9421 2292 5218 2588 3236 5848 1161 7955 8651 2020
15 575 4314 3682 2496 7871 2729 9518 7584 8515 5862 9277 9378 8405 3546 7712
20 6570 7020 8128 273 7021 2524 2442 1359 5294 7735 6933 5936 8947 2803 7479 6190 5176 3467 7382 8499
24 854 6762 3775 3434 2318 693 2006 5062 6831 6779 6312 961 4121 6059 8594 6025 7225 7789 9093 4755 4877 2252 7800 3340
25 5567 5490 5285 2034 6477 6899 3015 5767 4072 2242 5137 8797 5136 8291 4221 2796 1019 3793 7104 1606 4143 4292 4900 4375 3625
30 4682 6057 2805 4473 3541 8283 1228 5822 4208 9476 3566 3276 6846 5986 4608 9619 7034 3320 9275 6220 6093 2733 6043 1777 9494 1684 771 4390 7874 9430
24 2755 7082 8724 3422 493 247 3332 9569 1536 3895 2471 5852 9130 9452 8808 7349 5177 1614 6387 6494 7235 2742 3910 7842
14 1271 3820 3355 5 6107 7140 5154 5948 1937 2961 6142 4597 4132 993
20 540 8647 2160 4409 2870 2513 5516 8631 4962 5313 9364 8032 8117 35 8078 406 6114 3470 5494 5184
15 8759 9162 5998 2162 339 5179 3847 5595 5641 1607 4645 6496 8288 9080 1113
28 3357 9212 8875 2256 8755 2284 1362 3213 582 7068 5033 6236 5542 855 5350 7536 8849 9526 9203 1891 3488 5601 264 4623 7413 5587 3729 1864
20 5928 3333 6215 2457 2867 9096 3161 1028 9603 9447 2091 4007 9380 8432 5904 8208 8179 4 2123 8327
22 75 1131 6625 2628 1342 5514 4423 1140 2960 3228 504 7892 7791 9645 3466 6481 8744 9517 1350 1841 9336 2967
23 8124 4705 692 4898 4756 269 1343 4260 8678 2675 8638 2863 1133 483 3091 1059 2768 5322 174 6034 6630 2782 4754
19 1952 3573 9054 9311 250 9420 6101 9172 3431 7380 999 7951 1590 2212 1245 5256 4490 6318 2285
23 6365 2847 8026 7497 4306 7754 8980 7461 1005 8779 8010 2655 5970 4886 9410 2770 2682 4656 2809 1873 6729 5980 381
10 7586 7321 7606 3158 2403 6375 3702 4217 9434 3016
19 191 4926 2844 8355 7774 274 4670 6360 1981 6776 2321 8599 5622 6847 7333 7018 1870 2331 7303
19 8495 7660 6642 3623 9168 6386 3833 2276 7437 5834 2902 5003 9209 7913 7705 825 1608 5460 3423
12 1556 6081 8036 5022 328 5458 838 3140 7488 8228 2067 3904
18 2794 8245 5506 4414 8005 7617 1723 9106 6804 4153 9342 1467 4099 8363 2519 522 8341 1146
22 3108 561 5512 377 9639 4890 2083 6562 6297 2347 5461 4452 4845 9411 509 1942 4806 1423 1387 773 7696 5089
21 5284 9407 7539 8945 6300 5712 9143 1385 4928 2267 3916 5599 1706 6256 5489 315 7025 2634 2104 2941 3902
14 5074 6834 6907 6343 3443 1593 5160 7335 6797 5597 920 3576 938 3128
2 9237 200
30 3112 558 6497 811 2567 2002 236 8119 2683 6673 9083 9561 1601 4047 7519 8918 1037 5971 2152 2763 4475 7289 3170 6401 9283 4750 445 2249 8076 3584
27 9293 1967 1450 7910 919 658 1018 9500 5445 7134 4083 6195 8131 3038 5814 4046 4395 8003 5784 3313 1648 3843 7515 4570 4385 7069 1389
28 6321 958 3858 4389 8081 675 1153 6012 7938 5690 8788 3020 5270 7107 2777 5193 7053 4863 7905 1148 8382 6543 5677 7862 3514 4967 7630 8359
13 24 8138 6875 3946 3970 3367 2539 5621 8163 6873 7671 4207 3373
34 2480 9301 240 2516 8385 4500 7298 736 2934 1143 634 2679 8999 7713 4471 2745 9550 5329 7210 6135 4190 8795 890 6710 1776 6351 3742 665 333 512 4128 5564 6814 1489
20 1879 199 356 9036 654 6747 460 8377 7520 762 3124 4393 2969 2062 5744 5854 299 297 9178 123
30 4572 8680 9218 101 6595 5897 9605 8292 7579 6959 8197 8272 6501 3561 9122 8060 853 3936 7958 7769 4786 637 8746 9113 7331 1063 2788 7066 2529 2667
23 1559 833 9206 8253 8364 8620 3307 7911 4293 8665 5938 7803 9133 2486 4304 2269 7947 4648 7284 59 3036 1103 8694
36 5108 134 4742 5765 1667 9459 2143 1266 5018 1722 4493 5581 270 8096 5688 4669 8446 1700 7610 6918 1760 6999 6553 1314 8555 4513 4463 3368 4491 7263 3521 2874 4633 6926 8343 8633
13 2393 1118 2819 7334 1188 1456 400 5000 2503 6890 3993 9649 1834
6 4315 1737 1861 2294 1695 5170
25 56 5007 3751 4746 9302 7224 1669 1386 7355 4198 8913 572 6459 7999 1023 3033 1408 6337 6745 5266 2254 233 5867 1085 3987
14 7445 8839 5662 4550 1953 7326 4520 8781 4308 4878 9248 3720 3717 5877
17 5604 4551 457 2997 4853 4849 2189 3014 8094 2410 3305 5978 2670 477 9310 1649 8636
23 8842 2195 7370 3712 1742 8329 4253 8718 9623 4386 7324 1413 7286 41 8915 5630 1095 1903 7407 5325 8494 7493 1636
27 9176 6437 4938 3745 2323 3743 6658 6748 7463 5558 4532 7531 8176 3863 336 5534 5644 7188 1527 2081 866 9577 8154 8238 8958 3261 8591
3 8110 7063 4617
13 7799 8616 2581 3378 1390 6453 2547 4021 3106 9414 2329 2912 4151
21 7206 3787 2705 275 276 1799 9073 5839 5550 8079 2433 8537 7265 7125 50 8371 5049 5457 4987 7732 2151
10 862 326 7455 2629 4313 3821 6206 5805 4659 5669
10 4566 9256 9174 1115 1497 182 5585 1294 4145 3582
19 7236 3857 4815 3210 5073 1658 7363 1732 3869 5939 5422 8417 376 815 9065 1042 5607 809 3660
16 3932 8776 2033 2970 4125 1825 1755 737 8101 2735 1075 3073 352 6174 411 7557
30 8994 6758 2684 3374 6582 5634 1317 7814 8531 5976 6967 4241 7080 6110 3049 5596 5155 6233 265 7262 3646 2207 5740 7806 3330 4807 6827 1273 7711 69
25 1122 7979 8315 4516 2983 8568 5781 1992 82 9528 3402 6817 6606 8180 7385 6417 9255 7274 9581 4719 5473 8135 9341 7552 3849
22 2039 2370 4724 4122 2197 2255 3498 5035 6314 8070 355 177 9075 332 6728 6433 1134 7546 3968 5889 7706 6469
26 5441 9532 99 73 5087 4160 193 6984 4818 1262 644 7667 7472 4684 1484 8071 4858 4272 6319 2109 877 1787 8562 3009 6751 7523
27 8603 7662 655 5878 2167 4871 212 6672 8256 5343 1854 3622 5025 7765 3387 6824 450 3045 5988 8479 7894 6106 3381 2575 2153 980 421
17 4343 2558 8466 497 2522 4882 1209 6488 2849 4548 1071 5362 6891 7834 1096 7162 5290
38 7354 613 5327 7218 1479 5014 7010 4767 472 171 3484 4109 9582 6757 8092 6498 8911 7395 5226 4276 5320 2385 2296 9602 3754 1971 8177 6864 3599 4433 260 5288 4894 6947 4736 8896 9306 6222
37 5666 8955 4266 7701 9630 4105 3803 5480 9288 2436 6586 4332 3359 451 8639 4129 3740 9001 2016 865 9027 9371 6123 530 7489 5673 9098 5403 7626 4766 2049 8387 1999 3056 8940 5116 1312
19 9053 4091 2720 3626 2740 8766 1635 6028 7259 8860 4327 8457 8998 1765 1531 835 1548 8534 2719
13 2593 7863 2591 9289 9129 6298 769 3265 7583 5056 1525 1120 1460
11 5612 4028 6629 2632 764 8976 3589 5488 3540 7637 8934
26 3924 7642 239 3538 5741 8681 3513 8522 679 4078 5737 289 7478 33 9192 6669 44 5788 5337 7709 7537 5278 2580 5185 3370 1056
31 5866 165 9182 8488 8156 3153 9229 2134 344 7649 2877 9045 230 3454 4280 3048 2898 8630 2812 6467 2412 9328 909 3978 2495 6754 884 1961 5571 2455 712
16 180 6167 6344 8299 2706 632 9427 4609 1546 1258 2367 6766 1464 5627 8046 1259
35 5699 8042 5214 2971 1453 8513 4092 8001 2590 5981 176 7007 5775 7124 5916 2562 2839 5930 8203 2892 1487 3747 443 4666 4990 4041 5883 4560 8194 5563 8815 7805 1522 3496 442
24 4795 4594 1529 8904 9094 505 7638 8764 8300 8148 8171 5301 2022 519 17 1744 8121 1283 1628 9458 3795 8557 2508 7736
16 1099 1324 1549 590 4790 1093 7019 179 491 6145 4562 4269 321 7356 4192 3937
21 2808 4769 1011 843 5115 8956 7661 1757 6336 1752 4749 6963 7090 605 4453 9472 4274 4885 2517 2101 106
16 9184 3382 3325 5162 5527 8028 2893 710 8279 4612 2845 1014 2010 48 6253 5965
21 4914 4692 7634 4831 1272 3053 8841 2168 7652 329 8847 5031 7444 889 863 8374 3338 1406 5779 3909 5509
23 6377 9084 4844 9280 3094 6104 3286 8430 2542 6540 1633 8730 7750 4254 7233 7409 7998 651 2806 2077 1025 576 5881
32 3258 5355 7766 7323 8215 9154 243 2570 2702 969 5221 6528 2836 4880 8350 4988 9298 3430 6590 7740 9590 2346 3479 5070 2773 4335 6733 4415 1874 7093 9171 9595
38 4230 8269 9399 921 4059 2965 7158 127 9363 7213 1498 8552 5915 2897 287 1975 3896 6813 8572 1138 7092 2282 8309 1257 1550 8143 4223 8740 1713 4555 8162 4607 9284 2598 4678 4166 6352 6887
10 3432 9554 1875 521 8464 7358 2127 2830 3673 388
12 2426 2463 6623 8738 3214 5783 130 5683 420 4004 6039 6280
6 3829 6622 6237 107 1963 8323
27 9609 1405 7710 9477 9395 4614 1966 7361 4481 4432 2543 6462 8667 8072 3825 4528 6662 7779 5393 5578 6746 663 4401 8252 7271 3746 5405
16 6858 5336 7154 2368 4374 4447 6961 4424 86 997 2913 4590 3189 1250 5629 9386
24 4006 4450 7116 1420 4856 2103 5232 8910 7734 8409 9097 1759 9199 3241 9436 4922 8882 5736 4852 7281 5135 382 1052 2179
24 5967 7544 7541 1344 8612 6633 6694 4964 2544 8848 3928 6551 1880 6723 964 2752 1304 7986 1199 9370 730 9439 7996 4100
33 3588 4916 6524 3025 900 6010 1820 295 5507 6374 8664 547 1838 1416 6354 6649 111 3237 7849 2023 6486 7890 7788 841 3765 6794 4454 6329 3490 6309 3322 8025 3024
32 8320 9230 688 4720 4237 45 5628 392 8690 6211 3985 2975 6780 3653 2757 673 9540 6389 2021 5213 2339 2704 1889 9191 7288 4008 6102 3022 2112 6456 2298 3442
17 7300 7739 1616 351 3957 5880 6618 8778 2191 3194 1108 1331 5469 733 1666 3066 4356
15 794 4977 7001 7387 4038 6224 8545 8411 1191 3810 3874 942 4833 7106 4163
30 3880 4602 2820 1927 1689 1741 4903 3726 3159 6168 5396 1015 6549 8978 1020 5006 102 2833 8029 560 6208 1500 5244 5394 4512 3562 1402 2722 3572 4136
27 5562 8265 631 1477 9352 1800 449 3644 1897 7786 2510 678 2421 972 7415 1384 4124 1748 6216 100 7005 6908 3611 8263 4792 2218 8817
13 9144 9239 7670 611 7217 8643 6407 8663 2244 638 9633 6861 3886
12 2140 1427 8903 3549 7648 8859 3363 5655 8697 18 2636 5923
18 2635 7098 49 1876 3832 7172 2017 1772 8456 3800 6431 588 6356 391 7456 4781 2676 977
28 3424 9601 9150 5296 465 7632 5397 5593 364 1954 2335 2942 1976 7191 36 4948 2737 9076 3606 5451 3060 785 9165 2175 3590 4808 308 3360
16 595 5835 303 1583 2938 2616 8362 8698 729 674 9475 294 4413 2164 2962 143
9 8277 7462 8065 8082 4797 7048 9228 2444 1591
12 6153 3941 6332 766 1363 4298 5748 2065 6559 5090 8140 2881
1 5459
34 7853 6953 1972 6182 1249 2831 1391 7369 802 1264 9279 6541 1227 1733 5882 9449 1726 1947 300 2309 9583 6165 4777 1618 563 2990 253 2271 6802 741 5409 8807 4598 8063
20 7330 9033 5042 5420 331 5241 2400 1907 5570 689 1753 627 2224 5029 7168 6644 6058 290 8050 2659
20 2462 699 707 4657 2493 1274 3259 1792 620 2301 4149 9067 74 4331 1994 8895 3656 7872 8604 2743
14 4907 1125 7687 944 1156 8509 6288 7571 6164 7230 7187 5547 9523 8641
25 6898 8480 9473 2787 8793 7499 3645 5672 6532 8384 2627 9629 4310 170 8988 271 5713 9478 6752 8339 5842 5311 5293 8784 6876
15 2210 5204 2608 8780 8380 2878 8306 1327 7582 5145 1545 621 3006 4140 9201
23 5917 2574 3051 4870 9242 4554 1480 4862 89 3113 2364 4215 9431 2790 8106 6808 16 1236 3583 5972 7043 5675 2201
4 6306 2940 5183 3903
20 4451 6727 1345 8396 1922 3578 1193 1693 3354 5453 8812 6027 426 3688 8034 8854 3794 9626 4974 1750
27 9070 4762 4635 434 982 4873 6240 1857 8297 7051 8605 1659 8655 3505 4113 9262 6426 7190 1195 6184 5125 4116 4228 7686 7703 3304 4850
18 1499 228 2182 2554 7394 6310 2300 3239 2030 2610 3808 1171 9344 2202 9282 7833 5359 8088
16 8838 3965 2113 5851 6355 9617 6800 7137 5694 4297 296 5943 1886 9627 8997 8469
26 7431 9064 3973 963 5951 8213 2472 3524 7561 518 2204 4311 8657 4995 701 6197 5821 3191 3762 6021 4698 1740 13 1329 3169 8087
37 3093 3293 9469 3690 9495 8375 7945 9426 8115 4909 2759 1073 2133 3303 6583 9443 1370 3156 6750 2333 2379 985 6731 2727 1126 7022 2614 2730 2377 2625 4921 6855 4945 8579 9019 9051 2535
24 3605 4505 7575 2461 1660 1809 2669 7964 790 42 2040 4868 166 6446 8542 5903 3631 4542 8318 2592 9435 9446 8989 8570
15 4289 9615 3044 5566 8452 6587 138 1610 7985 584 6368 4016 9236 799 6133
24 7669 7973 4201 3616 1544 3634 5956 807 4388 5504 4557 7057 8376 948 9356 8458 4220 3635 4180 7995 4449 1154 3727 9105
34 1784 6526 7651 8996 9124 1180 7453 2037 7528 823 6660 7060 8822 125 975 4932 6385 7414 8326 8761 3962 2488 3461 8206 1567 2860 1224 3323 1290 6822 976 6774 9537 1519
15 2378 4992 3469 4334 7772 6564 6315 8532 2515 1083 2772 7944 9599 7208 9497
14 574 424 7682 9611 4902 301 4081 4255 4935 3252 9337 3587 8900 7343
25 4553 9353 65 7644 9291 3961 473 7388 8397 6650 7723 1764 2319 782 2617 2383 5508 1038 696 6252 3282 4126 433 4579 6228
21 1865 4299 9453 7824 6911 4170 7314 5057 7347 4139 5107 606 2541 9290 4058 8426 5908 1560 5892 3174 7858
34 5924 8765 3969 7193 8649 5609 640 1212 4397 4183 7605 1454 8968 8803 8181 6492 2853 5395 660 4148 6844 7580 9260 5055 5896 7067 3698 6510 4634 9324 7400 6964 6194 4282
21 6457 2146 4525 7386 4738 2856 5659 950 7033 856 2302 1198 6217 6134 893 7132 4173 6359 9490 12 7780
26 92 774 7252 6117 2014 2180 4359 4352 6163 8248 3238 5826 6476 2560 6921 7941 8381 4379 3598 1586 1110 1404 6275 1622 5586 1375
20 755 6522 1543 5840 7841 8893 2904 1710 9204 7798 2678 3529 5250 6842 8193 8317 4154 9574 8543 2756
10 7675 9612 3297 6843 9589 6981 1082 8041 5665 8912
32 962 1612 8851 158 1308 8437 8943 585 2384 8957 9361 6992 3379 6248 8760 8103 4627 8747 2141 4441 7465 9030 1036 8960 148 542 4515 6573 8218 401 3930 7470
12 9340 9034 7076 3558 9466 7611 3198 2900 2235 8172 4636 9134
13 9246 7194 4470 2122 4971 5681 3752 1242 2789 6596 2138 4616 2099
33 7875 4225 2497 409 7024 6418 1219 5723 4643 8661 4529 9108 3019 6782 2713 6203 3873 687 7072 3633 1339 7514 3172 7573 9028 8487 3410 2056 8435 1022 4408 7 3468
11 2662 7972 6191 1557 876 1642 7983 3465 8266 43 5228
13 7948 3525 5016 5540 8470 2013 8313 4575 8695 726 6976 5569 6880
32 6965 6619 9509 4159 2186 3344 6523 7879 7120 7694 7731 2802 8722 5858 1714 2273 1794 1326 9240 721 8356 550 8153 2826 5316 902 2651 2373 2521 5216 2746 4998
26 4448 7822 8416 7896 4839 8498 8877 8399 3811 2422 1631 8538 3277 8401 1949 4286 7183 3809 1440 3807 1916 8575 5870 4015 624 9548
29 8769 8953 1284 4530 2080 1017 3152 1867 7109 3207 1194 2031 3818 6531 6380 897 5430 4085 2688 3935 1354 7161 7070 4351 3177 4859 9358 9440 1900
9 5815 9166 8950 8899 6250 4204 5094 7529 1008
35 204 2161 804 8550 8501 6993 3550 6279 3041 7167 3945 868 3791 6736 1705 8597 8861 5251 9250 5142 7700 4912 3077 1029 2780 341 2086 4776 6403 3362 462 1762 258 3494 4621
33 7909 5894 8907 4438 7604 9501 6777 7367 4076 9234 6166 6291 3708 209 6278 5335 3966 810 3206 458 6589 3027 7564 4825 8308 1565 7889 6781 3154 8962 7898 1102 2059
15 1004 2011 6271 2405 6260 2648 1959 8902 6987 5610 1141 3504 1845 7215 4699
17 4199 6115 4093 4416 7756 282 1620 6852 7105 4089 2631 1887 7353 5946 6049 9567 891
15 7689 5541 1564 8699 2226 1129 2066 8668 1698 803 7553 7565 4975 7612 454
24 1254 7625 9377 4622 2154 9008 5960 288 8161 5997 4613 2402 4234 5551 4174 9357 4426 2090 7216 7716 6946 6376 2630 2230
19 7011 9625 3721 492 9650 1114 323 9519 8168 4284 1520 4952 6805 8748 8230 9303 7309 3201 2568
26 6818 6423 7757 5013 3710 4247 4685 9170 9393 1466 8800 753 9545 5606 5287 1651 4164 9163 840 6181 5772 7976 9437 1523 3725 6141
13 4238 9120 2430 1563 4031 441 2042 2087 2185 1662 3164 57 9056
25 5026 8827 5128 2268 1843 8922 8074 1421 3617 7032 5962 1351 5746 9383 4281 9524 6928 6269 7508 5664 3456 3395 2993 5608 396
32 3659 4185 5178 1592 1715 277 7084 6084 8307 784 4184 5844 8610 490 484 5887 183 5242 2251 6556 4088 109 3229 3192 9610 5811 4368 5876 777 2458 6502 9575
8 9253 2120 8905 609 8991 7600 4934 8378
14 2349 8518 1595 3898 3257 555 14 6759 361 3994 6717 8421 1330 1243
31 1425 3300 4630 6970 4086 3964 9624 8675 1913 6941 1813 7884 499 5537 8223 9366 1355 7492 2388 6408 3088 7501 2996 633 7128 6558 6877 5497 2767 8440 8278
11 7411 32 2557 9538 988 2024 6983 8420 8862 6393 4102
5 3612 6996 7929 7129 3876
23 7794 700 1301 132 8056 3900 2943 5467 2976 3433 115 2958 467 8886 4265 5989 3234 8344 5734 7056 5649 3918 4036
28 412 5663 2343 6196 4752 8398 1696 129 8012 3581 9095 9522 9252 4846 2766 8927 7950 1908 908 5437 7148 7315 6565 3528 8352 437 4353 6500
33 2381 9278 3732 2582 2955 7195 6518 8114 539 5380 5207 7023 3255 448 3390 1767 1190 5300 5966 7484 9330 3691 6295 8753 8468 1417 7619 373 2697 4301 1702 7819 6819
16 2053 2483 4239 6665 8286 7393 7903 3992 6652 7966 7810 4741 3145 6063 5099 141
38 68 8136 7004 3001 2320 261 2274 6188 2536 650 1206 6561 3662 1204 1677 2511 4249 7248 5291 9099 1269 210 1594 5901 8147 3866 6274 1470 618 7202 4146 8226 3267 6900 3011 4321 5363 4680
35 31 8232 5845 1302 6740 6264 6871 7946 6885 2822 3908 7038 667 2264 8250 3665 6225 4477 6867 7650 1221 7131 5456 2476 7509 1226 5144 1288 5032 5885 1837 8109 7556 5526 242
29 7014 6591 3464 4175 5671 3029 7260 8155 6421 9487 3668 8772 715 2914 8149 6266 1789 9233 7510 7039 1826 1235 3748 9109 1516 3565 9402 7502 6317
22 7250 2324 8139 8207 3249 3786 6316 1089 161 7270 1123 7227 7850 4101 8166 6914 7971 5731 8444 291 2600 2098
16 850 5786 1373 1092 4805 2126 3798 3591 2188 306 5209 7666 2147 1087 1105 8592
24 3412 8650 5864 3463 7269 7136 1072 5086 8321 5759 3076 1449 6259 7058 9127 8434 2695 8973 2612 2944 7827 1187 7277 3179
14 8789 1681 3914 8183 7114 7720 5167 2342 9046 3403 2205 1217 9245 7438
32 5983 3667 7239 211 1459 2305 2369 6657 6593 9438 2858 5766 7169 7847 821 2015 223 9553 6033 6340 3570 4547 2527 583 8961 9 6948 1106 9513 3416 8558 5907
27 6183 137 8672 3790 1850 1629 3844 8477 3356 2692 8767 1419 6440 7291 2639 6013 4521 4895 2779 2883 5404 3287 4881 5400 2359 2798 3263
15 4552 6464 2888 6841 5158 9141 7737 4235 4603 231 3460 2391 1493 8033 2445
22 3245 1998 113 4434 2664 895 52 2291 2701 7283 9020 3441 5764 8105 3738 5375 7677 3852 776 1763 2498 4503
14 8422 1149 2703 6612 7432 1835 5636 6547 8116 6656 319 732 6255 8486
13 1528 556 5624 5066 1395 559 6765 1892 4155 3650 7452 8804 8881
32 2111 4712 8919 3627 3068 8578 6756 9015 6639 1921 5045 901 2165 2078 4361 7246 9651 1032 7232 2353 7059 9566 8027 1111 9318 8084 9482 6247 5752 2721 6294 2198
21 8890 3371 7317 3023 7287 7346 6681 2869 8966 6160 5633 704 824 9457 85 9597 2032 1803 1296 469 3815
18 4117 5424 887 4658 8768 7173 8068 7152 5679 9258 3986 3483 4517 4236 9226 947 3693 4716
12 2954 936 2901 7030 5331 1553 6929 7228 9305 3758 2196 3984
17 2577 8920 2192 363 1663 957 7923 4442 7064 131 6373 9059 4245 4044 2003 5909 3951
31 3947 2106 2307 8511 4625 8959 22 2518 6555 2038 795 2317 3288 5492 1124 5398 6138 2710 8360 2500 302 7636 2406 3086 4511 3604 4296 5104 2931 58 4951
22 5009 2157 8569 9376 1394 5518 7621 9062 9504 7199 4829 7551 3117 7175 4957 6648 9264 6718 1896 2245 3284 6015
38 3998 7496 8820 5676 2576 3084 6169 7500 9309 4400 2762 2132 837 3953 71 5719 9563 9465 8255 8413 1455 2308 4196 1503 2872 6667 3669 5479 5239 8099 9102 3130 5265 888 317 6775 8035 5747
40 5414 7292 4486 1337 8091 6883 1049 2801 3250 8527 9591 1847 2297 676 5339 2045 3630 6157 5368 8332 8209 3744 787 4681 4586 3684 2128 6451 3579 122 1369 4618 5259 110 8 229 1433 4695 2748 2717
25 4563 695 2227 8983 8646 1982 6663 8790 6493 1617 4958 3663 1996 9022 2363 2259 8093 3860 7707 1977 4823 4737 9367 8126 820
18 219 4510 6078 3218 3692 3892 1851 403 4728 8202 2640 3190 8276 7041 6125 552 3290 4465
26 4206 6684 1541 9400 6487 5521 4138 4394 2474 7881 7091 8933 4348 3516 846 4005 3069 5076 7359 9534 8199 931 3649 6621 9214 3607
42 5191 8195 8064 4855 1930 6881 8857 5823 2306 1461 5708 2216 4182 9047 8496 5995 4536 8567 5413 946 3436 2082 495 8648 7763 213 6484 7688 6512 9441 718 8563 3764 9121 8614 5849 67 6705 7928 7156 7812 2424
21 8799 4735 2854 1779 1200 8990 9090 4421 4407 5100 2375 7338 8473 194 1100 5807 1353 4075 9066 974 8044
