30 2735 7255 6474 849 2696 8876 9357 7778 4937 2959 9479 7296 3339 1468 8593 9783 7354 6709 8738 7545 4498 6992 3484 4925 2005 592 7568 1285 1691 1887
20 6689 6329 1024 3739 7882 1509 9273 46 5879 1589 2393 959 3753 7506 2583 2371 9555 5476 5077 1805
16 3090 1323 2436 8192 2533 9398 413 2347 8828 469 8386 9932 2196 9661 2618 3836
12 1209 152 2323 8882 6480 578 7078 777 4988 8105 22 492
17 6466 212 9735 7692 1565 1725 8827 286 9496 6905 6515 6725 5037 8467 9396 6417 9834
18 5018 41 7580 1518 3557 2896 3802 91 7339 280 6359 8843 1960 8151 776 4378 96 7972
36 9313 8262 6493 9996 8203 5887 1252 4645 9647 2045 1537 1947 9800 1455 8063 3 2396 333 9028 4262 6180 356 1068 2003 958 2022 7332 5833 3797 204 4522 3950 2890 4987 9887 107
11 2519 8227 3536 1903 1607 8880 6766 7742 6400 7481 5224
20 549 5971 6123 5090 8434 8085 9464 8173 2368 3086 3071 6668 5754 8663 5778 2595 6676 5471 1207 8363
19 4525 7572 4088 32 3026 5371 7139 703 7313 2267 373 7841 8230 9189 8404 9214 906 1570 8279
23 5934 5554 4502 4247 1912 2467 5001 9998 4685 6617 4688 4280 7031 1505 5638 7720 1936 269 8372 2608 3480 1510 5865
24 4679 3119 8191 6886 8694 6677 2439 396 8692 6692 3269 8954 3039 154 5430 5528 2849 4707 1268 6037 5760 6250 1115 8080
13 88 7086 6563 4245 5087 7794 1067 451 2113 2158 6853 3413 5571
14 7109 8274 615 8614 9954 6521 8461 5119 8884 8269 2862 7371 1247 60
11 2465 6110 6924 3729 2186 5677 6315 3392 9332 4578 6960
29 7957 7435 4537 8835 9586 3602 2992 5751 6270 2771 9151 6907 6864 2407 3851 6925 2882 3061 6320 5072 7084 4178 2616 9568 6177 4859 4488 4022 7105
27 519 5948 8459 4109 5636 1830 4520 6006 4289 8669 8498 9318 8416 4382 4917 5061 6105 8015 3171 5938 4783 1077 5325 2257 1082 3087 3987
26 4309 7457 3909 3946 138 7490 5310 543 5512 7461 8381 9092 8067 2572 2795 1659 420 3125 4611 9668 8770 667 9545 6011 4203 4277
24 5970 4875 3199 3220 6402 105 6161 4989 6898 624 2546 6897 8258 1485 261 4166 8317 6999 1982 73 4239 5840 3887 1038
19 4839 3786 1054 7000 6078 4371 8101 9232 4939 2923 5804 8917 8284 8335 2378 3353 3094 3456 5578
5 5324 2657 7465 9927 5891
24 719 5352 4986 7847 5170 8505 4236 30 2958 9785 3992 9355 9542 9867 5645 3374 569 8525 9984 5813 6621 4218 4220 7676
9 606 950 2663 3502 3701 9424 8062 4528 8330
20 423 5036 1079 1257 7691 2397 4667 7334 249 5083 4360 3296 8875 226 1125 8982 8606 7054 3076 3626
27 1776 6662 1465 2178 6213 9195 7118 7216 6484 6684 4559 134 1965 2274 3282 2125 5965 5966 6144 4530 1599 635 8168 4545 6569 1966 3612
6 6031 211 881 8542 8953 1880
24 187 9191 7428 6645 1365 8768 7665 3624 7267 524 1682 6830 5416 2953 6225 5178 605 124 3715 4501 6606 6715 7489 9069
4 6663 9610 4007 5982
24 1066 3972 7883 6119 4450 5913 8981 8830 2850 4044 1317 5943 2700 3967 3342 4082 4148 9713 2204 8411 3591 5682 4013 8154
6 5335 2982 9171 2660 2049 2276
16 8175 3068 7248 7085 9249 6184 3897 7447 2367 4380 1720 3762 5524 5493 8913 5857
30 1560 2324 3915 9042 9116 7442 3477 2802 4888 8504 74 1561 4651 924 3123 3968 9718 9085 6945 9245 4095 8712 5775 5609 7752 6368 6995 7146 1378 4319
19 4758 1883 8435 1625 2511 6836 439 3842 3936 8598 8457 6948 623 4901 831 3687 2494 557 5873
20 3817 7230 6741 3368 601 511 8285 92 7263 4798 444 7569 1979 2234 3225 548 1614 1052 6112 6288
17 3580 1194 5377 2997 9341 4256 9962 1985 4588 5127 1385 3301 7168 1259 6323 6104 3069
12 6252 984 5701 8968 1085 4473 5741 3595 2188 7374 2905 5020
26 1273 7117 5189 435 6012 448 8742 127 2675 6081 711 2648 2082 9240 408 305 9516 53 6522 1736 4548 8468 2643 4140 750 3883
21 7499 9046 8302 9817 1431 7262 3372 9894 3438 9966 6431 6949 8256 1600 2878 349 2631 9622 8611 504 4122
17 1867 4482 1430 39 8413 2065 4105 412 7807 3072 4266 2501 6176 6758 1654 3023 9693
27 7965 6048 3958 6809 9364 5962 1831 6571 5391 9079 4899 8544 5333 8169 4754 7377 6892 8036 5832 1144 1379 5657 6661 1958 8541 7527 762
23 6822 5387 9497 415 2809 8182 5914 8048 3376 917 988 6835 6586 3013 2925 1279 9771 7991 1865 6294 5798 2880 7257
29 2432 608 1564 9487 9353 6984 4615 1862 3531 64 4653 9604 8220 9000 7515 7045 5386 5976 5396 813 5152 8900 5246 1231 8834 9439 5561 3903 9770
16 7070 5818 5158 6526 4034 2434 7150 6659 9408 1271 1692 1598 9983 4248 5122 6527
25 1178 1949 8257 9553 2548 5305 2345 6085 5039 370 2632 2311 1457 6561 8592 1445 526 4434 8092 2064 8423 5542 6212 9865 5688
30 3055 3540 7553 9190 2409 5287 9158 106 7764 9641 3044 4594 8004 5537 9299 7820 1450 214 2004 9017 503 7053 8124 9414 1126 2148 2073 8405 5485 220
17 4742 9680 6749 3435 5766 6956 2753 2126 6597 4824 7757 613 9366 184 3956 7542 8422
19 8890 5284 3242 1618 6555 5633 3517 735 1373 664 2701 9854 5800 6086 571 9885 7708 9131 5596
13 6002 873 6319 1322 3201 8010 7815 7854 4181 7992 5926 5293 5665
17 8773 7940 7266 5692 2861 6714 3980 8360 5026 6600 4998 6500 8838 3427 7039 6626 5988
15 8292 8158 4414 8548 1588 4107 2440 656 8306 5138 5545 4160 1277 7539 9476
31 672 7287 5393 2293 8574 3354 8040 7884 8795 529 5228 9457 5674 3165 6969 5076 7663 4884 5092 6495 4430 1780 167 2202 8197 4766 7989 579 2816 4600 6487
29 7475 6457 3196 6125 9286 6498 2754 5952 2585 6283 3981 5481 7680 7560 9780 8006 2619 7519 4837 8919 3766 3180 9494 165 4311 4484 1091 4729 7281
24 8477 1500 4405 6825 7732 7282 5169 6622 7130 7749 6726 4188 8621 551 5796 5468 5354 7192 4931 1703 2698 5931 321 8163
29 5235 2357 9813 8309 4673 802 4587 6357 2171 8038 2174 6443 2 9023 1914 2789 5097 6883 6376 1229 7050 36 9032 4610 6311 7436 5735 7985 234
14 6277 9282 6771 3112 5433 3784 4958 7762 4397 1944 6120 9358 670 4646
30 2720 9306 1489 7759 6009 4089 1896 3930 2907 6519 7566 1702 4746 3455 6149 4631 7782 5898 7736 5264 7776 5051 8369 1894 7303 6295 8100 1137 5269 4803
22 9409 4208 6856 9795 3807 7208 9276 9570 3746 377 3986 6908 4121 1320 6129 9489 6441 1374 8106 4129 2208 4186
6 2920 9459 362 2488 8226 807
30 4094 6139 530 4848 4225 951 1792 8190 4617 7456 9440 7366 9607 6231 1081 6171 26 1217 8109 5195 8896 4870 9170 8513 9386 4991 1216 2007 6631 8957
7 3629 8588 9251 589 5979 8572 5784
25 677 5875 1030 5369 141 5124 137 9784 5042 8904 4675 3085 4978 7340 3387 3081 3504 171 9308 9793 86 3518 9522 7214 6322
19 3607 1406 6756 4421 989 5477 7382 9265 4792 4130 8506 8339 7075 389 1327 3153 7586 2704 6693
18 9679 2106 3849 4285 9252 8077 3823 8841 8741 6267 4900 9124 7423 5202 7138 3899 1359 6051
22 1097 1970 8868 5107 354 4205 6248 6800 9141 3443 5278 4523 6362 7835 6287 8859 6065 5867 2529 9990 8195 2818
22 5497 3291 3181 4533 1012 5529 3997 294 1989 4212 7652 6299 9204 7067 9841 5236 8095 4445 9095 7565 6124 4846
17 9752 7129 7575 4773 3506 3237 9580 7240 3505 3143 6524 3440 8311 5047 6918 9753 1575
16 6670 2296 3424 457 2112 4836 2693 1393 5715 1027 2376 5399 7955 4951 9227 8054
30 1757 9595 4635 8573 9625 2916 3057 552 3482 3099 8956 509 7830 2935 6683 518 6678 2524 7018 6027 6697 5772 4201 6841 3882 7416 7484 6881 4079 8278
26 5440 6304 935 6058 5135 2470 8485 7724 342 3584 2375 9270 5134 8432 4621 9531 7908 2027 6256 4275 8589 1858 9614 598 7731 3630
27 9514 2603 9473 3951 3583 5539 6512 853 369 7503 2680 1464 890 9077 4219 5929 9643 5963 6337 7797 2201 1712 5223 5696 7705 2615 8070
14 2571 5113 4910 3188 2518 1186 1797 267 2831 1376 6016 108 8939 8171
21 563 3430 6587 2035 4664 2033 9157 8547 8383 889 2596 3389 6276 3736 2454 78 3613 2550 9567 3043 4120
19 6381 665 2245 1460 2352 6398 1647 3537 2360 3418 3062 1746 2121 1459 8605 1961 7123 710 3224
12 9003 9466 5374 1785 9519 6520 556 2070 6935 8684 757 4393
19 3549 1294 2930 7777 2394 8560 1098 7817 15 3722 5123 1130 9237 1566 5168 2646 7408 558 2620
27 4601 1959 8464 607 8353 9238 319 9106 9789 695 2994 6682 5350 5106 9578 8676 2980 2807 8619 9861 9007 7702 7673 8282 9294 790 5854
31 7657 9649 2422 5049 8254 2235 2635 5668 9620 3879 2732 5713 422 7915 7609 8031 8299 6859 9762 4771 4954 9904 3096 6954 9898 1617 1337 1242 9703 4918 3890
25 2015 580 856 6133 4913 6762 8990 949 3222 4237 2796 8567 1767 3979 9989 4505 5594 4442 9877 860 4997 4751 1157 7767 7904
20 8708 5214 9874 8940 8421 2442 403 1412 659 9482 2541 644 3019 5469 5065 7184 3020 1722 4923 1950
15 5860 9684 6422 5193 636 355 4566 112 5780 9371 702 9747 7977 5415 8921
32 8758 9636 9546 2745 4541 9101 2076 7048 6121 7604 5411 3137 6982 1275 4549 2154 5904 9946 7550 4000 9350 1056 6651 6592 7803 5459 925 9067 1011 5474 4298 8012
28 9847 8489 6003 8419 6652 9138 8667 5567 1710 1417 235 4892 614 9896 4964 9683 7331 5114 4738 7584 5585 1893 8893 9307 1290 1677 3063 5817
14 2883 3104 364 7153 6174 9399 340 5791 1824 7744 5839 8174 6358 8119
17 9913 5954 9492 8831 7284 884 9533 8986 2555 2493 9669 3378 9241 6364 7215 4042 4554
20 5445 6450 8448 4020 5602 8785 8804 1864 5100 9729 8511 7081 6238 4052 3488 1408 4695 325 7002 2223
22 9976 4781 4255 3717 6021 4493 8665 1110 6744 8819 2365 6860 5989 3716 3385 5505 176 5462 9792 8744 1446 2492
16 4078 1492 4761 7196 2128 1220 987 4472 2417 4014 1061 4952 5270 1467 1573 2677
12 8310 3651 4260 5089 1010 6879 3330 5019 7886 5420 5987 3824
21 6916 271 3381 7962 5729 6869 7121 3725 4215 2149 5927 2562 4222 4402 9697 8384 8392 9417 7869 5362 5758
32 4008 4693 5006 5996 8410 8653 4953 8951 2140 3102 6346 2404 9298 1774 2362 5909 129 1851 7598 2988 9212 8852 5078 1329 5956 6204 4671 3942 4324 1586 3158 7283
28 9888 8346 655 6634 1326 3038 5678 6380 1168 2164 5514 2612 3075 3231 4272 517 5793 359 4097 2139 1766 5327 5673 5787 5147 1594 535 638
28 6263 7993 8277 9557 378 2919 1346 9809 9177 4800 5622 285 3621 399 2884 2804 6970 7353 7047 6829 6891 2403 9096 7786 8756 2582 5348 1015
13 1305 7207 9370 3278 575 8074 3924 173 2398 7790 2721 3401 9914
24 6815 658 8978 6942 4657 225 9761 9737 1433 3752 865 6243 9539 3145 9848 4864 1798 1360 4732 4982 9956 3415 3525 5296
21 3307 8915 8536 119 3270 611 7209 3232 5557 4944 7221 163 1245 23 7359 1377 5110 5410 3665 8818 2252
38 303 565 7312 8093 4250 4973 9199 9075 6247 6460 5160 8928 5073 4062 6888 9884 3031 1876 304 7466 2229 8460 9344 3916 2891 931 110 652 9059 9373 1076 2294 966 3520 6266 1732 5294 8301
21 4071 7319 3362 7534 4415 350 5643 6632 2500 7954 123 1419 4408 6411 2730 68 7696 140 2886 8941 8943
14 2316 6804 6307 3991 5627 5783 2867 8033 5933 724 9321 7352 5326 8402
16 1335 3333 5744 892 2335 2523 2382 7628 6182 617 7477 657 9981 230 7857 1339
27 2917 8167 5803 691 6013 9836 3606 2694 8833 3053 9043 1501 4221 8512 9337 426 9959 2545 3600 5075 8295 6941 8076 9200 7818 2277 9601
14 8731 7975 9030 9925 7291 7591 393 291 2604 9802 5429 2697 8722 7228
25 8878 502 9511 2731 8681 559 767 2556 5201 9376 4232 8218 2678 9674 7299 3695 1351 5930 5319 5331 7219 8658 6448 7042 9677
22 1138 699 3680 9819 1232 3290 5291 7535 7392 5709 2359 3508 7930 5595 9051 3287 5461 3641 3042 4310 336 1951
14 9619 2079 4200 9274 7602 3108 3411 1723 4969 4907 9823 365 3216 1555
18 7013 9231 7599 1622 7327 3497 1440 9261 1656 1127 7694 7644 810 1925 1400 1092 1261 9430
15 2061 5808 8979 3461 2952 823 3993 4724 9288 3228 8148 3450 6806 7689 5903
29 5086 6739 9064 2180 5344 5426 2388 8500 9438 1328 9849 9880 3919 2676 5007 848 1063 7486 9040 4934 6950 6779 4861 6867 5591 1147 1454 4542 4133
5 4058 2681 5983 1744 4321
20 4618 9166 1904 1628 4749 7548 5866 1152 7041 5009 5792 4159 2319 5394 1042 2991 4357 1976 654 2939
33 7929 9469 409 5626 3885 8042 4806 8530 6216 1884 4485 4643 2640 9458 930 2906 7592 281 7754 9328 5105 4075 2765 8294 1621 4290 4373 3668 940 9451 3559 8723 2993
18 5300 7471 1651 4233 8629 7737 5511 2665 3122 1338 7474 3874 5256 8326 8343 7944 4564 6517
20 1315 3197 2748 965 428 2464 1319 7071 9126 132 1103 9253 9437 8352 3240 4252 2227 4354 4308 7766
25 9707 4583 7430 9104 1503 3740 6399 2075 2291 9687 6386 8288 4012 5217 714 1243 1933 6564 5634 1080 2858 9650 1205 1962 9829
8 7429 3603 4705 476 3848 5144 9203 4741
13 7861 9864 208 4101 4123 3315 1660 2438 683 2437 7507 2950 1000
14 4059 166 3490 843 7613 4427 8398 1158 6401 2819 3971 9876 3110 3402
25 5192 6740 3779 7576 4353 6909 2023 3561 8826 4085 8918 6857 8903 6137 9863 5032 2590 2672 3212 449 5397 8255 2317 6666 8047
7 5299 3160 8447 6951 326 7434 4887
32 6783 1113 9951 782 2333 3493 3818 9655 1211 8075 4117 1429 8746 680 2370 6423 8293 7016 9009 9957 4524 7921 4849 80 619 5932 5521 1728 2114 1987 7289 948
17 7401 1874 2209 9143 3877 6808 8624 42 4004 903 9506 9618 1571 2066 2101 8354 7458
16 4855 2512 2799 8236 5187 3636 1441 3345 1846 8869 6374 2386 9226 7654 4209 9287
26 7463 3257 8739 4507 977 1835 5628 1494 9652 8316 2966 816 9734 3150 4043 2936 7294 4210 4191 1107 264 9644 5618 4865 5538 8677
19 3167 4873 4895 4496 4628 3772 678 1402 9205 4135 3738 7333 8287 5980 9426 3660 2894 4390 6514
17 273 5516 9815 6454 4016 595 643 6593 7924 8428 1603 7809 1129 651 5318 4286 2764
16 3444 4194 9485 7323 9071 2207 7256 1023 3635 1478 5492 5506 756 9552 7615 4338
22 769 3976 9666 3462 9696 1143 1236 5099 3568 7547 2733 94 8286 1694 6217 926 1174 4057 3286 9525 845 6828
11 3696 5858 2412 486 3957 8455 8078 2243 749 8275 9311
21 9305 315 7102 7787 1873 7134 8263 3843 8028 1715 3673 2443 1199 1974 5655 3078 3553 520 2342 8565 9803
23 9563 1447 1605 7143 2910 202 2228 612 9706 6020 8366 1624 8689 3545 1727 6075 8762 1969 2747 7951 3522 3464 7950
30 2247 7320 975 1240 4028 8176 2661 8909 8687 2842 9474 4426 7488 4535 2793 4647 7755 3597 1816 9389 9197 9074 4102 466 148 1473 1437 792 3723 2845
28 4377 332 2261 753 5375 9475 5082 2790 1943 193 6885 7920 2835 9758 8400 5249 1714 1597 9774 5320 2933 5763 8064 4465 6306 4509 6355 4177
9 6412 9402 8112 3778 9070 5070 1480 1448 1855
15 713 2166 3263 2399 8823 4115 7994 4481 2187 8303 5272 6889 1680 1293 6934
13 2135 9852 400 874 3054 3760 788 3383 7059 8199 5714 1540 144
9 2949 3414 9538 3082 7816 4834 6930 76 1159
21 700 902 6523 6196 1106 6336 908 6548 3300 2552 7842 2242 4810 3503 2002 390 6991 2502 7290 7795 840
23 8703 2641 4959 1997 9613 2856 9710 8555 348 2857 708 3782 338 7164 4217 5849 974 5810 6679 6395 9587 4110 766
30 117 9267 9127 1676 4163 8644 6218 1700 2607 8475 8143 6743 4625 5166 8242 7893 2708 781 3234 5000 3644 2976 3336 8503 8409 5364 759 6461 3871 5939
20 3442 109 3608 9072 9490 5271 386 6262 2532 8241 8045 4956 609 75 8066 9773 3335 2922 9097 263
14 7913 7097 7253 5409 9100 3466 3227 1071 4856 4985 7403 8115 1298 7147
19 6695 2742 660 6222 8244 8481 1073 2431 1033 4051 1108 6166 8201 4983 5342 1095 3417 8666 5547
17 1543 4387 1313 2059 6280 1250 1583 5014 9612 2866 4361 4678 7964 7888 5159 9432 3820
15 6831 3067 3092 5650 7386 3439 7971 9272 1330 2054 5016 3256 5911 4329 3755
24 6901 3708 7926 8228 2808 808 6874 276 3878 806 7932 9788 9173 8202 8971 9323 9875 1425 834 3627 7722 9642 7460 2090
18 6403 1977 175 7829 5998 1193 5210 2931 857 4890 9278 3277 983 3888 1253 6214 4438 3705
30 3156 2784 8426 8902 9562 9159 3675 6491 3646 1282 1871 3454 744 5670 1368 8427 1167 2137 2560 7997 9269 9162 7544 1172 525 4269 9787 5174 3032 1288
12 2384 1411 6801 9471 7170 3448 3074 3927 5644 3922 9025 3347
12 8518 6871 9564 4744 9044 3926 4926 4157 5423 3656 343 8375
16 5769 6502 5890 9045 4686 4011 5062 9518 8633 1698 8267 522 5068 5652 7641 8519
26 9393 5500 2642 7171 5951 4328 7903 8272 8911 9160 8446 6674 2279 4359 6325 6226 3407 9391 3835 2968 3576 4108 7157 4640 9120 587
24 7040 2536 9556 8440 1613 629 7513 8860 1891 3534 2667 8616 6203 6769 5103 1821 4303 8452 2594 1301 7496 4383 1343 9472
29 3855 2690 3073 6392 3594 6101 8273 6805 4344 9228 1787 9790 2837 9460 5268 2086 3473 3841 213 6490 9704 6219 2029 8340 6614 2836 5446 9673 590
6 1515 4546 2797 8585 3230 3207
16 3371 3147 2132 1179 1392 9015 1037 7703 3822 2282 2877 3327 5978 9560 9765 1300
22 1992 8323 7792 2957 1524 876 5770 2260 8502 5306 4365 6134 594 8304 3472 351 5762 5617 4556 8152 9484 7784
27 9325 3640 8699 3572 4661 7637 9526 1791 1907 4128 4279 3913 1471 3747 6282 1432 3519 158 9500 1164 6936 3923 5831 7772 8091 8057 8870
16 9675 7891 9011 1685 1381 2088 1405 3192 1358 1270 7892 8508 2349 479 1813 7069
22 6198 2589 8458 726 6265 9382 7934 2751 8992 5597 6079 8141 727 8570 5463 7 2725 1952 7611 6151 8090 3850
17 7928 7698 9179 9527 100 9858 7684 9732 2363 21 5011 1173 9271 7100 1881 6153 4778
8 8670 6793 2109 3352 3195 5882 4581 1626
15 6807 6745 1111 8719 9699 2739 2749 6775 4257 1906 7426 7946 603 8463 6300
13 4435 8020 3208 9164 7190 6076 2288 101 3349 6691 7358 1788 1204
37 8640 864 3129 3632 6340 3615 4024 7682 7636 1859 2885 2841 3436 9132 6712 1264 4947 2713 3846 4638 8697 8234 5733 6588 1616 1953 4161 4444 2195 944 7349 1153 6978 4641 5230 6919 5944
21 3869 2782 9202 5853 1181 9952 3098 8945 8597 1840 7866 1016 4144 8177 9050 9598 2328 1649 9343 3486 6018
15 9449 2031 1422 2107 8018 6566 8125 1922 301 3048 1380 6258 2606 70 4041
12 4307 5991 6274 6082 8537 1397 8707 6207 2133 7524 2408 8594
19 3253 7512 5466 3541 6538 3789 5050 2160 7043 4006 8753 6528 9739 899 3132 8948 2847 7375 2586
34 375 3049 4511 4630 2780 5712 8059 9743 4595 9429 9481 7162 7344 3173 586 5959 5267 2766 5353 3489 1094 8732 4612 9592 2069 3162 1149 2522 1506 3571 9499 5057 9977 7093
14 8329 5060 2915 206 4717 5008 8601 5681 2218 4565 1342 6636 2255 2445
24 474 6069 8367 4713 7558 3901 8407 5907 6605 6312 8590 1310 6560 9295 574 6175 5056 5916 5685 6005 5812 7079 5390 4292
32 5868 7104 8856 6903 9712 4990 9512 1496 425 3952 819 793 3592 3351 8129 9572 2549 6846 6640 1049 8358 534 6781 593 1581 44 2170 5162 8008 8454 4719 7183
25 1105 6189 2651 4326 8243 4331 1101 8631 7516 969 6699 5470 4739 6459 9748 6773 1740 4368 2895 2726 5893 1074 4701 5828 2055
21 1040 1784 277 720 5017 3453 1146 25 7063 3059 6759 8907 4416 6594 3662 2786 1514 6246 6492 1837 2617
5 222 9052 9768 5298 5441
27 1005 3546 5540 483 4555 5088 8300 7715 2108 1504 5064 3221 4569 1283 9653 6351 344 7517 3777 6117 1878 7978 9024 5363 3084 5726 6342
27 9550 3475 553 9054 6596 5101 4921 6235 8545 2903 2373 1885 7449 4086 3832 4457 335 6095 4288 5972 4081 3567 421 4510 532 4432 1191
29 3555 3317 8198 4139 85 3194 3904 1487 7894 7508 8562 3895 2034 3847 7999 3689 7003 8248 6050 5030 5197 1526 6700 3002 2353 6559 8265 7783 6533
13 1135 9579 4898 4504 4067 8501 6489 2987 4165 8276 1452 9250 2628
11 3578 7113 4722 3267 3573 6116 6387 6511 3659 2811 835
21 5424 7140 3236 8892 2118 6643 9842 4605 7761 189 4981 5221 9659 8997 3130 1810 6975 2175 5747 829 7482
14 5693 6192 1267 9144 9575 3433 380 1733 4497 1309 9611 897 7080 6544
18 84 245 7638 3830 1201 5012 9130 4704 4957 9242 4293 5700 9167 4358 7497 576 3801 3491
27 9140 5428 8259 9742 1644 7425 8782 4561 9421 880 1075 6813 4340 7747 7388 6797 7439 3248 8714 9468 2046 299 7350 4570 3954 7008 5063
30 4894 2626 9602 5748 9628 1843 4171 9375 1311 7191 454 4074 774 9193 3574 870 4460 8885 9911 8634 8944 2965 1848 8866 8809 5198 3080 9786 5599 5592
17 920 8774 5503 986 9923 5830 2453 3465 6181 4301 4337 4332 5974 8942 5973 4047 6997
27 6706 5743 7846 2495 2927 6537 2706 2852 4031 1768 7712 194 8705 6861 6061 6114 6072 7765 2496 6275 7030 2098 312 274 5494 8451 6060
24 9799 4877 8586 156 5910 1643 5610 1747 8748 405 1461 9324 1486 7670 3011 4381 5739 538 3837 1479 6994 430 4145 6278
33 7956 5517 8133 8747 2338 7492 9135 1436 382 5941 9889 2057 7062 7006 3894 2093 6707 2340 3912 9448 4175 9953 960 8180 5750 9010 5177 2623 8211 1701 9749 7204 9922
16 2559 7114 627 5332 2330 9001 126 9571 9239 2236 905 8561 2469 3481 2579 2669
14 5717 9347 7210 1845 8671 6989 6716 5452 7907 5847 1844 3749 6933 795
11 2695 7864 1635 4164 2718 6154 4447 7310 5811 1823 4799
11 961 6255 1260 8088 4811 9115 4350 8690 6096 9891 1403
31 372 789 9503 9314 6023 6967 2653 2395 7805 8610 3496 4394 1679 5104 77 357 1420 3266 2303 7142 9310 9905 9206 2165 7242 7405 9719 316 5044 9013 1705
19 7952 1860 290 1529 17 6289 8811 7419 3178 4881 8845 6760 2361 1662 4808 5339 8980 7906 6291
6 3654 3767 6382 1775 5421 9515
14 768 8736 5621 3938 9419 7710 531 871 1902 5021 9963 7274 5140 8253
10 24 3596 419 6029 5816 5303 4396 4659 4027 6285
28 4090 3990 5654 7690 761 9065 942 7988 7387 2095 2630 3163 8026 361 3214 681 1567 591 8531 4389 9098 9470 885 9174 7577 6911 7943 4725
31 9084 8715 6000 4291 3666 6902 6746 7381 9433 4871 9378 8334 2025 1711 2584 5258 3399 9664 6109 7124 1404 8639 4780 4972 7719 1898 4479 4341 5244 131 391
23 2869 2838 9851 921 4195 2290 7931 2206 2621 1861 8976 8359 7285 4100 2918 4943 995 3179 5855 7976 9937 2172 900
10 8962 1384 4184 6410 3614 2486 3809 3310 1576 2457
6 2356 8024 3202 7813 9921 3733
29 4637 1177 7372 2934 6575 9617 5642 5584 2275 715 8864 2402 8150 527 9103 1383 7939 9218 9958 8966 7247 1818 1795 1926 2372 1577 5937 3853 2851
17 4150 233 7630 3521 4263 205 1036 2553 6388 632 6577 1334 5207 3698 6445 5806 1439
34 6115 9406 7020 8713 5182 7172 9549 1667 9832 3169 1942 374 2315 516 9300 6625 7626 232 7735 5349 2990 7072 198 7033 5215 4392 5276 6673 2637 488 4451 4759 3712 5629
34 3988 1593 2230 8224 7243 2967 1550 1272 2937 7901 7785 6648 7066 2241 6201 2729 3494 4619 8650 3908 3881 5427 4576 9108 4669 4812 440 1611 6314 3500 7617 2200 9176 4124
20 5885 2788 8073 3833 5917 5263 830 9134 1523 353 1716 9192 5247 2938 947 4388 7321 6318 6947 7773
10 311 1421 4017 5553 1706 8946 4363 7917 5977 5439
32 4379 8832 3017 3050 1491 2250 9738 146 5724 4327 9133 3524 3970 9319 2383 5172 5958 9534 7802 2960 1769 8931 8356 3235 6390 5035 5676 4670 4267 3792 9608 5225
15 7399 8615 4070 1623 7199 7473 1675 9502 6667 4626 3718 811 6890 5443 3965
12 541 1192 1670 345 6542 7400 6731 3280 8417 4540 9915 7459
20 7561 567 697 7648 3775 990 9062 2898 3862 8871 6962 7987 3610 133 2142 6240 2756 3356 9076 7621
27 4143 2006 2143 4410 1963 6425 2041 8546 9624 4274 9908 1519 1166 7125 1265 9275 4464 4229 3563 1549 185 804 2823 6917 737 3035 9766
17 568 4703 9947 3375 2000 1755 1443 4035 5838 9639 9229 6462 4543 4461 748 8336 3341
27 4494 2026 4935 9495 1239 8094 886 4636 5664 151 4690 4453 4845 6790 4176 4513 153 87 2392 9088 8790 3529 6539 2961 392 1825 1619
11 8950 5358 9804 6601 2600 7494 8110 2240 4433 4802 4941
27 6228 477 6200 8194 2741 8806 2270 7014 4406 9778 8193 7384 3406 536 7076 7949 6655 3161 8625 9807 4183 5687 2145 2625 424 9178 8308
31 622 7810 3409 381 3047 1222 6026 4585 8030 2044 1352 3205 6832 8245 694 1469 4597 9060 7177 1707 4306 1028 5203 6092 4418 9338 2080 3543 7758 5108 4374
18 1833 3821 718 4830 9751 461 9912 7629 3845 9264 8212 7727 7914 3796 6436 5722 5993 5573
18 6541 9985 2881 8772 6438 1557 8955 6244 9897 8403 3799 5534 8661 9152 8437 7362 2321 8789
23 6961 2714 3891 1251 5632 1709 9826 2777 7960 5314 9870 6754 8558 9551 5671 2097 6899 4753 5175 2592 7126 6229 5884
28 29 5615 6567 5593 2343 4072 5133 1980 283 6059 256 5389 8922 9978 1249 3920 8084 3226 5275 1481 6895 5731 9942 3107 5753 9794 1726 2210
26 1664 2123 3865 3403 7411 1169 4356 7309 1176 3731 1297 5379 9939 8471 2517 8388 6014 3010 3814 1219 9147 5895 2019 2010 8797 8877
21 55 9733 1637 4153 4826 4409 9037 646 9035 7010 7342 1331 4400 5878 3509 1041 863 5292 7871 8553 722
8 9523 8425 4575 9627 5656 4544 5091 5821
24 9216 1697 4154 6172 883 8895 4942 7363 4915 6478 7012 2085 253 4152 4265 4680 9746 1971 7836 2258 9488 9119 3825 8232
32 9283 9405 6747 1852 2973 4920 6186 7579 4940 1475 9031 7167 6848 2722 1391 5523 7145 9136 7106 5880 6556 4198 8172 8068 3312 8704 7035 2998 2298 1758 2307 8925
11 4842 3384 3329 3083 9349 174 8235 6770 2940 3978 5836
30 2576 1414 8290 7314 7683 9524 6647 1721 8662 8017 918 7259 8268 4903 2956 2299 8135 6557 7326 2871 8977 4412 2974 4134 6943 1295 1312 5458 5248 998
30 4948 7028 6570 6589 2406 4858 5289 9859 4775 9741 3428 7286 5981 7879 7155 1820 7238 4251 8778 8060 8322 5141 7863 8216 7834 8636 5896 8607 6084 9811
29 4346 6654 7398 9559 1804 6473 2999 645 6966 523 4677 4249 688 4789 1932 7397 5313 8584 9893 6972 5447 2331 5435 1882 4189 818 3734 3884 707
22 1888 5686 7193 1684 5422 1281 6062 993 2525 9882 2547 8111 8478 9034 3350 7305 3914 8385 9123 5361 6976 231
20 734 6794 8055 6068 6409 3566 8682 832 7276 4300 1453 2314 3155 9379 9566 6375 4718 7298 2346 7391
19 3149 3758 5757 8338 4064 9297 4411 9750 912 7317 2030 9196 4916 1141 7338 4116 9918 8443 2848
25 7119 7711 1142 3396 2305 2515 550 6301 4515 6406 7510 7536 8318 7549 2569 9413 2354 287 2120 8683 3642 669 8083 6768 3064
15 4214 7704 8848 9543 6711 4863 8554 1693 6407 1246 1836 6568 3876 1366 1956
28 7862 7186 8128 9949 1474 4398 2377 1008 130 8296 3710 9420 8027 6038 5548 4992 9899 8972 4168 6675 2872 5151 746 2091 1390 3791 9277 4779
9 157 8029 3575 4048 3750 2043 2268 686 7206
33 2986 481 3426 5892 596 266 9410 633 1256 4552 6579 1937 6416 5356 1639 1394 2197 453 512 9431 3182 9730 7470 8668 752 4174 5845 1812 8043 1809 2310 1258 8217
4 297 7662 1817 5653
21 1978 7687 8566 7224 825 9209 2385 1511 3326 8652 3211 8072 4843 6920 8099 8963 6167 1302 8264 2269 1545
10 3103 7948 712 6464 5095 7402 3819 9759 4474 7881
20 5341 6658 1002 3685 9837 4470 7933 5992 6847 9594 5336 5412 3516 2879 3526 7261 9756 1064 1892 1507
14 2912 3358 1325 40 5805 6103 706 6728 6611 4971 2752 9599 2983 3931
26 3281 4648 7546 5351 8034 2077 4652 4065 8160 4278 3714 8576 8476 4459 334 5164 8065 861 4755 7396 1919 8905 3041 980 8949 5894
33 5716 9090 5572 4980 4782 1102 8379 6719 7232 4227 4699 2558 979 2557 2374 2151 4660 1296 4567 1671 2381 8003 5795 9351 5 6510 7514 5703 4231 4273 1645 3880 758
26 957 8630 3294 168 4807 8348 8412 5260 8938 5764 582 388 7966 738 1183 4950 3955 7753 8162 6534 5936 6057 3688 8147 7133 4399
32 6724 5285 956 6475 640 1913 5241 3609 9972 3258 8952 9230 1123 8431 3101 5023 3241 5525 1853 8872 8936 367 5206 1333 2728 3274 9369 4731 4315 7533 1001 7001
4 445 8965 6910 2430
28 3693 19 6199 7406 128 2783 3966 7685 9871 462 8373 1539 4821 9225 5080 1590 63 7822 9056 2687 5053 4146 5142 1426 9986 7268 7024 3223
23 2020 3510 6338 1206 8998 7341 4777 9917 8450 6629 9862 1444 5220 1124 5128 2876 999 6335 5146 9210 8130 2337 6
18 8395 3579 368 5382 28 6224 687 2863 5274 1927 7844 3283 195 5454 79 7335 1718 8947
9 2008 7357 1100 5746 6413 3585 3542 3051 2591
29 8406 3005 9691 4467 9754 5908 5191 5522 6609 4526 4259 9688 8846 6432 7969 5286 1361 1648 6986 5659 6723 2929 3254 9217 406 729 4305 8044 1136
30 5598 8209 5756 330 9018 6251 967 3790 546 3474 7967 639 4235 7189 6131 7583 5448 9302 1696 8777 5321 2344 747 888 705 937 4760 3671 2822 4563
16 3030 7034 1046 5069 9731 6367 7271 7659 7077 5219 7990 8726 2322 170 4790 6750
27 3471 5990 4352 3338 2989 934 3570 8291 9632 8140 5708 8550 2213 8920 8136 4155 4370 9053 3711 1533 2194 7530 3014 4977 7154 9782 9309
26 7141 5112 3029 69 3554 2036 8219 6446 3663 3364 7729 9975 6268 1198 2601 9724 5569 8798 742 8813 8325 6531 1572 9155 5490 6834
7 8102 1407 4455 5719 1729 6356 7110
32 8840 1223 9830 3036 922 8575 5799 772 97 8815 5603 4682 2452 2042 5479 347 7032 8600 6145 4462 5960 5048 914 4676 4896 5613 5850 2280 5029 9334 8582 7049
39 585 9820 5487 1276 5955 9657 5566 7554 3319 1215 4099 2505 6737 6313 3476 3556 3127 4499 2040 9583 2129 8916 7531 9327 7541 6483 7982 1370 5947 5905 1975 2779 5776 8114 4230 1764 8552 4962 2238
27 268 3655 7585 2711 4349 1580 6705 2900 4021 4063 7912 2072 5457 1048 6932 3811 515 6064 6486 7718 6733 2215 8365 416 9588 4702 1284
20 4495 8711 867 5045 8494 8800 8097 6102 7897 8886 3431 1704 1673 4632 6046 7476 6193 1663 5647 4424
26 1353 7156 5562 2769 7502 6047 991 9767 3963 5419 8524 6827 1596 9725 7137 4386 5216 3324 2491 783 9168 8613 3126 2185 9960 3185
27 5406 9974 4170 6159 6742 4602 4914 9561 4355 6865 1595 1051 6680 6042 2859 7521 6938 3344 1895 5575 5277 5346 631 2259 6518 7182 4271
32 8342 7455 9255 4246 6718 1109 3203 2415 6041 7573 3765 8659 5472 8126 8817 8961 8807 4322 7107 8186 1187 1632 9122 4765 4425 787 1849 4339 5157 7831 8349 9993
28 5649 3468 8324 9156 2220 5835 4642 2901 8988 9994 2341 1819 7819 6083 8933 3501 4912 3730 8769 5789 1753 407 5736 9648 8569 3633 2806 8865
11 7640 5213 6164 1869 9634 4938 2825 5116 9377 8319 8499
22 1528 200 2566 9633 3066 8791 7245 1631 5238 5844 1752 3859 4734 4711 4851 1834 1748 8749 2358 7529 3813 5478
28 583 3826 6884 1530 8803 35 8995 1263 7811 2115 120 4491 2179 9029 3625 3328 2024 6504 3763 5171 5997 6394 5640 6702 9057 8082 3111 2814
21 2941 7180 8328 2198 9890 3193 9843 6866 3115 3152 4055 5181 5950 1615 2815 7368 6354 4723 653 12 8850
34 8204 7236 5957 4376 3921 164 7840 8188 907 121 6379 4787 9881 1389 459 1415 7021 9441 5877 3186 5863 9208 968 201 2427 3419 7559 7973 2318 9257 251 5467 9796 797
17 3025 6135 1778 6904 5862 4335 3004 6543 3815 8729 5759 8315 5401 9465 9427 13 6665
3 1735 2736 7376
21 5304 7346 5250 7065 5317 1289 2971 4681 5199 7945 3018 3800 8442 3670 7983 2219 5431 2300 6650 8321 3969
12 4829 5815 8743 81 5786 8926 5558 2996 6332 5969 4700 2658
13 741 7451 2963 661 7379 8973 560 8695 8164 485 4347 7316 6190
30 5381 5282 6245 5732 3191 1182 6098 9222 599 4282 3314 1771 8693 6983 4590 803 9630 1578 2542 7728 9352 1574 9041 7780 3109 6035 4580 6595 6273 224
29 9979 2942 2426 5507 2717 2110 7562 5323 7197 6963 689 9879 9330 1905 9185 8958 7345 2183 5843 7022 4487 51 9258 4728 5623 4697 1909 8122 2138
28 8559 1838 9002 3616 8642 300 3759 649 8851 8266 5527 1117 7633 434 116 2144 7099 9883 8387 9726 3941 7395 418 6958 2421 2750 452 3458
15 6321 8345 1541 7590 3331 1395 3144 2855 1442 5257 7038 143 6032 4662 8377
21 3743 1803 2184 4879 8638 8159 5074 7220 83 6389 1525 7239 3187 5084 5749 630 6545 869 7302 1699 562
19 9581 9965 506 2577 1324 7808 4384 9248 6156 7414 2513 9694 7231 3498 7440 9810 9967 4902 8824
10 1269 7329 8370 9944 7347 6397 9701 1382 2325 6753
23 6039 4965 4714 8627 1781 2614 1790 8883 5052 9665 7651 5355 4831 5165 2063 9404 3681 755 9220 1636 1318 2830 2853
35 8520 9109 7922 9537 8118 5043 9381 799 4114 2281 9022 2153 6785 5565 6798 3628 6234 841 4234 2834 7578 7875 625 5013 8781 3355 9772 6194 8751 1462 7052 2389 7011 5179 6063
29 3457 7116 6735 8786 5711 9872 8298 2954 3469 1738 7984 1612 2565 3470 1470 7672 103 6578 1119 7258 9491 1435 410 3844 5368 7437 2564 401 784
24 8728 6404 9678 8523 1553 9928 6657 3499 2479 4314 6036 3045 3135 6297 8415 1763 3996 855 3322 4961 4401 7487 9336 7472
35 4687 2538 7677 4794 5663 9654 5779 8796 1587 2817 8378 3530 8595 5630 9950 7370 7178 7132 4173 4468 8215 2050 3548 7526 1161 1822 7603 6373 6959 9145 1089 8371 5408 6964 4538
28 3564 1170 6053 6208 9702 1620 5465 4924 6821 9407 3121 3079 4038 3483 3551 2636 6791 8660 4238 8837 2262 3485 6914 8959 1086 868 4185 20
30 6649 7927 5425 1910 3190 7856 2613 709 8214 5400 6751 8237 8307 5999 4893 5180 1782 740 1690 9363 363 7634 7826 8657 5935 6209 6546 5499 3620 1559
31 61 4706 842 3875 1994 9769 2167 8035 2304 2984 4767 9574 6292 894 3828 6142 1687 8526 915 6590 8495 3348 5740 3095 6573 9936 3033 3928 7057 5606 6185
16 4788 3527 7768 7631 6327 2605 4854 9846 9394 3949 2122 6681 5734 7520 2740 5059
15 5161 5699 3105 7246 7364 494 3770 2673 9186 446 8528 763 7017 9600 4795
18 6456 493 5837 4477 7873 9980 7770 3793 2568 6165 282 6778 5564 5975 5334 5788 9850 4296
16 8179 8816 8766 7668 7438 8445 5660 6179 3157 5301 8534 7394 4138 2516 1731 4891
32 6952 3245 1773 9869 8637 1986 9477 8937 3721 7315 8970 8014 3425 65 1591 3323 4809 815 7500 1854 581 1185 3854 5826 9266 7112 49 859 1244 7606 8685 1306
26 7877 3989 5535 9631 7867 9450 5405 3622 5824 1364 2048 387 6722 3686 3359 6996 9547 1165 4936 7910 5518 7295 8165 770 0 5953
22 7799 6529 1973 4366 2526 2089 7148 4312 2062 8270 701 5183 6763 8679 7970 3302 5560 1120 6998 8863 8888 1562
31 489 9246 95 4297 8368 7211 7479 6272 8617 7068 5679 6378 2684 9153 528 2699 331 731 9857 7480 3804 9606 7639 236 3581 5961 5536 5874 7485 4156 3586
31 9207 6455 2147 1508 6615 1627 3940 9165 3133 1930 196 7525 6915 6824 8745 1606 2712 6704 9211 7027 3582 4974 6341 6010 4142 9423 4577 4490 7953 8612 5398
9 8184 9763 7483 7348 1661 4284 1354 6470 8618
15 8420 6004 9806 3116 572 159 7445 7697 7361 1203 6253 1981 3751 6581 9360
13 8675 6786 1363 57 98 7555 2972 8987 2104 2504 1842 7741 3560
30 6424 1013 9926 9105 5054 992 775 244 5861 544 9623 4019 2477 698 8344 7798 3000 6429 5233 1291 9727 9745 4131 7225 2943 2865 4996 298 9909 3422
31 5245 3311 7446 3795 3114 5829 6896 2320 379 4244 8814 8551 1308 800 9080 676 7418 963 1017 5706 9955 9582 7979 673 9340 8166 7469 2820 6158 8908 3679
15 6160 3773 2401 839 9483 9798 8132 5897 1793 1356 4054 662 2824 2521 5438
5 7468 7671 8810 6230 4325
17 1866 328 1221 533 1601 241 1349 161 8996 1004 7627 2534 4550 1396 3395 9740 7343
6 3692 4815 2573 6644 2914 5449
16 8578 2480 3754 1532 6562 5155 3959 8725 4033 4025 5984 1814 7623 9312 1007 1022
16 9121 7194 5568 9244 2868 7721 3769 6508 2136 4180 7244 7144 2193 8156 2463 3631
28 1993 5034 507 6703 9180 5453 3623 8486 1458 847 3507 5864 4096 6488 1743 9835 3511 3391 6671 6339 3412 1759 6653 4757 1131 1225 9938 8098
30 3239 6752 1689 9805 3866 9576 4709 6850 6391 754 9027 7009 2116 5117 6286 9855 7852 8709 2761 7589 2575 2723 4463 1133 4993 2679 4 5876 3218 2964
8 9901 3024 6168 2181 6814 292 5967 4796
30 7911 6485 2791 3459 6536 497 7152 895 6261 8510 9388 3432 2021 508 3776 7974 8153 8974 9047 2155 4589 265 5432 6396 3423 6007 2224 4905 7899 2597
21 9411 3138 6352 3565 3420 4613 9118 8037 9263 3532 4270 254 2192 5608 4351 3761 6366 5552 3661 3244 7581
19 1563 3325 2551 463 8620 9006 862 7796 909 7750 1741 9933 5680 1162 6637 2792 7023 1398 9049
29 4882 5771 6360 5307 8991 3839 4776 3058 1299 9838 5995 9968 6447 7552 733 6940 7743 72 6572 5590 6140 6071 5589 9760 4735 9443 9635 6624 4592
38 5902 9137 5510 513 2539 6296 4867 5347 6729 4137 5695 3451 6237 7176 2011 6345 395 11 467 2068 1761 2447 9422 5022 3217 2295 6126 324 2475 8280 5407 7300 3369 7029 6073 327 3945 2152
23 7229 6971 6188 118 4206 8103 215 9089 4060 8935 5705 4572 7838 1608 4726 736 3303 5781 6093 7980 9461 6302 142
27 4066 1609 1121 8207 1655 6503 9289 313 5684 6921 929 5004 3447 946 814 547 6077 4975 2199 9716 597 6236 4419 2289 9390 4049 6458
18 6965 696 8376 1674 3816 6550 2425 6024 7916 6946 6333 2272 1428 6223 6106 7265 9293 7433
25 610 945 6239 3334 5156 3394 4104 2599 6513 9335 6862 4529 5530 7462 9961 6628 1044 289 1155 9676 246 9775 9198 616 6494
23 7318 150 1160 7234 7843 5302 1779 3798 5094 5801 8755 3599 7505 7800 45 2666 4534 3727 3934 6330 6509 8251 2926
23 2429 3148 499 6066 3213 6205 7853 3707 6130 1850 139 985 6371 6525 5229 3998 2450 6993 5588 6022 8333 1139 3204
28 6633 1228 9845 5120 9345 9182 1686 3215 9964 2702 6056 3007 3070 3295 2874 2921 7094 3141 484 1171 4748 7788 8839 6499 1238 3229 7356 9317
33 2278 4428 5777 4558 3840 4593 4966 7745 3648 5702 6757 4213 6727 6094 7149 5163 8645 1145 3299 5357 3982 1719 4730 9895 4500 6792 242 3558 3856 7667 5508 1202 3713
29 2774 1090 5721 933 8187 6316 6584 5690 7448 6580 9844 3305 561 5658 9361 1806 9682 2222 3935 6612 8540 936 8479 927 5010 7878 8137 7393 1226
33 9020 5710 1527 9640 7557 7226 8529 7642 8116 9505 8312 4832 7205 1255 3645 6187 9331 5482 4801 8649 8250 4740 3449 8643 1765 8914 4684 9791 3441 3250 7751 7390 6365
12 2418 8394 4517 6810 7095 9148 5414 2650 6019 1083 5544 9005
23 9291 2233 9401 7779 2654 8051 279 8281 1999 7624 7201 6696 7089 7828 2685 2249 3001 5949 1829 7251 5311 398 8046
26 9626 1630 9128 8146 6710 5888 6293 5437 9992 3393 7812 5340 1029 9941 9541 3962 9428 850 4030 4614 3260 1713 8891 1542 9387 3857
15 9187 5727 8351 3512 376 475 6089 4930 5915 2246 938 490 495 9444 2528
32 8509 6206 6669 5620 4141 7092 4372 1355 7135 4441 5279 9478 5040 4204 4443 366 5986 6264 7046 1990 1035 1375 6732 9597 1877 54 7083 9383 954 7597 6227 4091
11 4586 417 4202 7567 3732 9262 9645 872 5190 7385 5067
4 4644 3539 4476 2563
21 2327 7108 6630 8079 3829 3547 2037 887 4512 6344 824 6906 2162 539 4715 8393 3943 7297 9486 9721 6152
29 4098 8783 817 6877 4196 9385 1908 3735 4046 4167 3757 3174 67 8906 9447 8347 875 4076 2727 162 4514 7995 9094 4458 8061 5551 207 3514 6840
11 7227 3246 4994 9301 4691 955 4242 8327 3128 2746 7111
7 6694 2455 47 2056 7464 8108 8596
15 219 5237 6377 1 2047 9279 149 1116 3273 9434 9690 2308 9099 5434 8717
11 2176 3774 5570 9501 9808 7051 4448 5266 6465 5825 4243
13 1815 6784 5809 8239 9073 7122 6384 2671 7714 8123 3140 9781 6944
15 3008 7278 2652 4503 7498 4654 6713 8571 5883 2692 4531 5555 443 1653 6074
21 5222 3605 4050 2570 1175 8609 952 7746 7453 7264 6990 7185 5774 6281 8648 7839 4192 5616 2873 3781 7467
18 8271 3910 1208 1416 2309 125 4036 7734 9221 785 2283 5580 5767 6973 679 9290 1730 2487
32 9670 7612 4223 2975 730 318 7174 1968 4872 9822 3421 6331 2052 9333 9987 8289 9902 1466 973 7195 5807 9663 6099 5515 5130 1801 4506 6087 3275 4348 5697 2169
26 2944 6900 9685 9254 846 1634 1863 7686 9082 6641 5380 8960 8492 8691 5785 6471 1772 1058 7688 8734 7859 1195 4904 2410 4568 6260
32 6361 8149 7082 9012 248 8157 1777 3398 6305 4629 3905 7301 5041 4747 7998 4840 3700 4316 7454 9509 4023 2911 2689 8364 3995 7981 4886 5661 8424 7307 2287 3664
12 3321 5384 2189 1321 3911 5918 1021 7771 8441 4968 4922 1972
17 3647 9021 1548 8496 9529 2655 8240 7328 1043 6317 8013 4672 8196 6080 5002 5149 1495
13 8564 7804 5475 1292 9591 8117 4763 7431 5395 9296 3611 6242 3238
11 7716 8231 8969 2433 8764 5118 7181 182 9365 4005 2134
30 113 9935 9087 8462 482 1640 498 2787 9705 6893 5579 3657 4857 2141 8760 9934 1911 8993 8793 1666 4745 2759 3745 5121 1868 1341 8453 6433 8131 7441
26 6913 4984 169 751 6279 2810 352 8984 7726 4539 9322 3487 1262 3674 4850 1535 2763 8964 7821 7056 5392 5024 1641 3184 3929 8861
10 6607 739 1984 2928 8792 854 1399 8397 7304 4817
17 3168 9463 6875 2212 6980 8822 6720 8894 6701 4598 4650 4945 6623 411 432 4197 9536
16 2313 2424 6150 5480 1582 2909 7073 6049 6690 828 8641 9971 5046 9354 9931 4841
29 1724 1438 2520 9412 9316 982 8854 2482 177 2602 2527 6426 2248 3247 2400 1946 5005 6777 5385 7635 6211 8305 1156 4928 7241 2638 3728 3787 7410
35 5402 3918 6420 4003 4318 2776 9033 4756 7169 6163 8820 7407 4211 2444 7865 52 5102 1188 8721 8470 851 8927 2038 9755 964 4313 2705 4721 7518 9280 911 8053 4193 3637 9281
26 2507 8557 2781 6639 7203 9948 4819 2977 584 5098 2945 953 5519 5259 160 5587 2801 5365 4375 7538 5924 270 8923 4823 8331 3097
10 5343 2074 6128 8071 2767 3492 4606 994 7649 9243
16 3667 5218 4624 4720 6132 3261 9812 3691 2156 9513 7918 3210 1668 8788 1087 2130
19 554 1512 9320 5541 2537 6430 4666 2119 7679 6610 628 1059 5752 9129 3523 913 8808 4268 1336
13 7088 6849 2578 9900 4838 3297 7280 1991 5033 1347 6687 9467 3569
27 8587 6155 8784 6922 7941 252 7415 4224 8058 6619 3285 2955 2498 5031 255 7675 9480 5755 5648 4609 2251 5531 9259 7087 1923 4649 7537
18 6418 8932 9744 5920 3022 3124 8737 9019 1274 6854 4573 8139 9764 7723 6477 5790 8222 2554
19 9698 190 7876 2216 4880 8761 826 7769 2173 2355 5329 6146 928 9110 1786 3684 9919 6233 8730
28 8698 2899 5856 8382 2904 2497 1386 2686 6927 1762 4119 9833 2760 4768 5559 6326 4106 6974 3198 5176 7378 3189 2334 4908 5096 6988 2499 1652
26 6780 7249 2060 5495 1369 8686 7564 147 2846 2191 3139 4486 9091 3379 4521 1463 9086 8491 6774 9384 3268 3658 5707 6055 9201 2448
11 6767 666 8493 4866 4623 4317 229 8825 4040 3012 5456
15 6044 8104 4112 4080 7444 9708 1096 8780 1484 5549 4820 2908 1938 6955 431
31 4056 4885 6765 780 1233 3370 5601 9068 6618 5782 5725 6839 2645 7187 684 6863 2978 9181 5231 6100 7308 8002 5928 3771 5148 2157 9714 7968 7175 3886 383
3 2531 7325 7678
10 3410 5227 3249 7666 306 6349 3902 1708 9878 6505
27 5881 3276 172 6764 5662 4764 4862 7019 7493 4772 7501 537 1629 8680 288 3764 3306 2588 8522 4010 6844 7756 6664 3872 4077 6795 910
17 1879 9920 3176 7870 6818 3906 6141 66 3669 4147 4607 4784 6987 5473 8007 7909 8332
16 8086 7874 3783 4656 9234 1062 9346 8975 3206 1935 221 7202 7996 1254 6045 2691
18 8189 8021 8449 135 4228 4658 5576 4045 3373 3867 5211 3308 7793 37 3948 8881 1163 5513
29 2828 442 1218 671 2217 7595 704 5899 2292 3896 4689 7806 2535 5872 4518 3416 8361 2611 2561 5109 7851 8887 919 2096 9660 6348 441 7044 2326
27 1794 5205 1200 8521 4404 7574 2639 2981 4532 3974 833 7275 2264 4805 2924 9268 4710 1957 2237 8389 9063 8515 2301 3172 836 5669 8543
10 7849 8967 932 4118 4492 3703 1602 8120 1658 7509
9 394 7198 3947 3445 6985 102 4403 1745 2053
27 6269 4084 7373 4207 3366 8155 7277 1886 514 8801 4113 4125 3077 5526 6838 243 693 7620 1554 6372 8985 7160 7781 858 3106 3252 9569
24 6843 4437 4733 8989 5234 7380 6173 4828 8533 716 1348 1638 8857 4073 4454 275 5919 3864 3889 6136 8221 6761 8716 302
30 5027 2738 8484 6558 6202 199 1189 7643 5619 1531 4343 2948 7091 8516 9498 6157 2844 471 9455 5946 5912 5328 4769 9616 5563 3265 9454 2659 4883 8654
23 7709 9544 4786 2979 3785 3429 4584 6868 7610 5373 4032 3960 3937 8472 7233 6852 6817 5436 9589 1128 9970 3562 8674
11 7188 9078 3513 4696 3434 6197 10 2710 5625 6444 4471
14 1332 2297 9392 821 6591 8623 7845 3860 2785 8337 3812 480 9776 2508
17 4475 5698 209 5295 4029 2105 6698 7837 7103 6178 1476 4456 6642 6463 3028 1093 2540
25 7064 1372 5491 3544 5212 9757 9681 6842 6638 4639 7693 542 7422 5451 7222 1104 9667 6437 2580 6953 510 5556 5607 3953 4417
32 8213 3601 5025 4665 2649 7337 2473 115 1521 7730 3271 4449 866 5139 1681 809 6816 9163 1069 9348 7292 771 3142 3118 5111 4466 191 5612 8999 962 2449 8879
28 6912 5359 2543 2969 9284 1934 257 6363 3977 2205 5945 6926 9825 238 470 5768 7855 6535 2182 3243 5418 4295 4911 1483 4446 2770 1210 8480
28 8787 1734 284 4869 5240 6034 458 8664 1045 4111 5486 4330 9113 1604 3694 4603 7582 4216 764 7571 4674 6796 2719 341 7814 6310 2593 3134
23 3697 1955 4299 6220 896 5366 178 6882 674 6672 7037 7288 1875 384 262 573 4261 2131 7625 8898 8802 3858 1006
17 4536 3170 4833 1995 3200 210 5994 7532 397 4853 9038 4582 7935 7351 2875 5372 6686
14 6656 3117 7096 3146 8401 4634 402 6452 6730 4440 4906 2768 5484 1140
18 1227 9452 6851 7355 3292 5532 4092 8050 2226 2860 798 5550 7898 5842 5889 5253 1230 58
24 7293 7889 6547 6476 1872 6582 8901 7614 1988 2478 1286 4333 3917 1197 3337 323 4367 9339 9637 1552 3838 5666 805 3984
