19 2735 326 8285 1386 1046 8595 8742 8860 1768 7712 2898 93 8343 8793 1816 6511 8986 1751 1456
48 6689 9463 6875 6903 2663 9429 8403 1355 3102 4130 4398 4327 9370 7334 9424 6728 2506 9355 4978 8997 3130 2789 6528 6827 3401 8738 1856 2268 9531 3706 2674 7400 8669 6723 5515 9069 960 5784 3886 5209 6731 526 86 3518 2243 749 5896 8519
38 3090 4208 7535 2706 6657 659 8551 8627 283 6059 2956 4739 924 8013 4036 4521 5945 570 4462 1661 8499 2188 6227 3670 8707 7332 5833 9005 743 927 8372 3780 8488 3716 7826 1343 2508 9472
26 1209 3783 5627 5783 4007 2732 5713 422 8631 7516 7614 1921 5582 3689 2918 4576 1130 5759 4508 1435 8313 869 7938 2221 4158 7311
37 6466 4109 5205 1200 7255 9743 6078 5169 524 7564 8293 3308 6743 3186 1870 8109 2994 528 9786 1596 7743 6510 3385 2522 5283 5153 3932 1665 9339 1312 7426 6314 3860 1019 58 8612 5398
28 5018 5541 2537 9871 32 3879 1175 3366 2673 9610 5082 7569 8981 2192 2035 6036 7525 2191 6382 1775 3004 6551 1482 1303 1354 4220 2888 3656
11 2519 2176 3774 4222 8765 1036 2001 2070 1594 5563 2134
32 4525 3951 166 9556 3541 6293 9897 2404 9655 7045 8401 8225 3476 3547 3011 9113 1604 7345 6126 3142 5078 8455 8206 571 9885 4383 8931 9669 4817 1614 1052 5616
4 88 2573 6644 2914
23 9313 1651 8713 4602 3398 8379 6989 3532 6757 934 4853 2248 3673 3339 4378 5243 3233 5909 3590 2891 1821 0 4286
7 519 1838 4761 2382 7628 1817 2049
14 2465 5991 9021 7304 3902 855 4272 2064 6433 8043 4446 3858 59 8850
23 5934 2982 9037 8996 4981 9433 6146 3625 243 7659 5199 2381 5633 9373 1219 2067 3452 6088 3899 5230 2329 5606 626
22 4839 2783 9735 9527 100 9858 8617 4045 4347 7316 235 5608 3072 9863 9867 6636 5550 6651 4783 3768 2851 3705
19 606 6186 7934 475 6089 3770 8695 8164 4767 6596 9139 9229 539 9621 1039 7324 3868 1847 1118
23 4309 9251 589 4847 2367 5984 569 7105 5490 2863 7593 7852 8818 7412 7981 2252 2046 299 7350 7073 3687 8959 6300
9 5970 4705 2686 6196 6270 9684 23 1954 5979
29 423 5579 7048 6121 5188 8182 5730 3811 515 8753 5863 9428 999 7639 236 9414 1468 2030 3834 8479 2604 602 2358 7977 8008 9467 6434 9747 3617
28 549 7455 5721 3833 8079 6360 9576 3439 7466 9276 3157 5094 3328 6833 9302 2175 1824 6675 2712 7800 1214 6935 2194 5749 8580 441 9714 3313
20 5324 4733 9179 5830 5045 9165 1016 4087 9205 4135 3738 1687 7970 4235 6230 4438 8893 4267 9834 4401
27 1066 9757 3319 378 1902 7276 444 2790 9849 4074 3416 6171 3115 2129 8359 9060 8498 1342 4975 6028 323 2131 7625 828 5318 5848 361
26 7957 8149 1734 908 5619 8610 5340 4718 7298 2931 5882 7961 5261 5795 9351 6472 2708 6310 4702 9745 6209 2985 9067 756 6242 6258
21 5335 7710 9538 1324 7912 9035 2776 4895 2107 1871 8099 9687 9894 4004 903 1347 9760 8762 438 4606 994
37 3817 9137 5510 2975 2681 5535 8440 7572 1500 6818 3906 6141 66 7445 7697 7793 6898 1448 4263 4942 4430 7651 5355 8584 9893 1236 1244 4534 6343 3084 7358 9371 4242 8327 3945 8238 5545
32 8175 2074 6128 1491 5107 354 4366 3482 4117 5998 2444 3925 2636 279 3447 1188 3962 5456 4578 917 3920 1196 4389 3917 2433 1611 3563 1694 1961 3987 5362 8124
23 6663 9068 3122 2270 294 6181 5864 9709 7552 733 9783 5042 3045 1388 6431 6949 9807 9659 5845 3327 6093 3535 8862
30 187 5698 209 6338 6164 2856 6352 4744 6013 9836 8693 7918 1493 8583 6891 4076 6937 5989 3357 642 7514 1730 6837 4287 2249 6057 8541 706 5010 9465
23 7499 3708 7926 5532 7749 5670 6802 814 3684 4612 9857 1916 4943 2853 2545 1336 504 6354 679 7818 1161 635 7467
33 4758 2589 8458 3176 3739 9100 7941 4664 9074 9701 9823 4871 4937 6363 3977 4997 9318 9969 2282 8643 9239 6878 3577 6841 3882 7416 7369 6693 9486 9014 6676 2376 707
21 7965 6048 3958 1079 4605 7761 3930 1297 4787 5879 8918 6857 5379 3052 7520 4950 1737 4015 389 4844 1088
26 1776 9820 3947 7840 633 1256 2095 4775 5824 463 8620 6495 5810 9092 4351 2500 2826 2743 3660 6535 2182 5893 5889 4909 6917 2055
16 1273 6135 2167 6985 4070 5492 5772 6781 6489 2987 8501 1287 2098 4479 4750 7404
36 1560 6662 9813 8309 4848 6710 5711 8110 8694 8827 286 353 2796 7237 9822 7860 5180 385 4360 1885 4960 1401 5938 195 5454 7495 6508 5927 2746 3876 1366 9808 6500 783 4936 9569
36 2432 5890 5636 4020 4137 1845 7162 5400 7010 1752 6359 7624 275 4547 5929 7351 5506 7578 7875 625 5013 5079 8132 2798 7539 7251 2953 2094 7565 8282 6266 4545 3857 2322 170 5944
32 1867 8157 4920 7554 4250 8609 5952 2076 6237 4532 1348 1639 5268 6883 6975 5675 5419 7898 1650 7890 2868 6091 186 1764 165 8369 1894 432 7241 325 1247 1951
32 4742 9289 7174 9561 4355 6865 2366 6680 9508 1924 1382 786 1656 3336 5128 2183 7550 8709 1505 5528 4178 2616 5165 925 3683 1128 7530 3014 4977 7154 9782 3346
35 3580 3049 2230 3317 839 5888 5920 6101 6512 3623 3829 9388 833 9948 8597 6821 624 2546 5416 2334 3725 9344 9802 725 7288 8680 8625 8910 7181 8409 5874 7489 2839 5265 7264
32 6002 6255 135 439 1685 225 241 9604 4724 7915 7150 6297 1464 2231 3395 1351 7124 4342 3587 8117 2727 162 9066 4283 7676 9891 9383 4392 1549 5280 5499 4243
25 6822 3257 7553 4629 4029 4623 8266 365 538 3227 171 1597 9111 3413 1058 503 5288 7159 8322 4492 3703 3322 443 7219 8053
20 7475 2642 4807 856 8995 1263 9832 3146 7415 5221 4314 2670 4876 8881 7703 8805 2877 6788 6445 3324
24 7070 8979 9412 3821 41 6749 4115 8791 6023 8412 2119 8801 4072 4043 9547 8873 8650 9400 1253 6214 4774 257 8606 2203
5 672 5358 1399 5138 807
7 2920 7117 5189 3396 6922 846 7110
26 4094 9405 8351 3083 6220 8546 8038 5464 4440 6888 2614 6156 7217 6552 8689 6776 5524 505 5733 3519 6287 1669 6373 4991 4735 7115
38 5235 902 6786 206 6450 8448 5212 4613 2352 6398 552 2126 2675 3228 8229 2141 779 7629 7178 7132 5216 2990 3948 3674 2396 5175 3511 9188 96 9310 1712 7189 3548 7618 5431 4295 4911 4490
22 677 5517 8224 1655 3433 380 1733 6969 4714 6930 2842 5708 3267 9810 5908 5132 9471 7675 2481 3265 8949 3737
34 6277 2782 6536 1797 6842 8273 646 5701 4344 9228 1787 7542 6605 6165 5247 9554 4512 8076 9442 6820 434 551 5796 4097 2202 8734 7950 8880 7283 8724 1758 9854 3863 1929
31 9409 8290 9503 4645 5913 5241 2906 6909 7221 2846 1338 2829 5933 2933 9444 689 260 1990 9828 4755 7396 6231 38 6022 8592 2391 4780 1490 8482 6576 8490
30 2720 4255 9543 5566 7698 8768 4035 7239 938 2078 6085 6708 8616 6203 8817 3525 2485 2226 891 6553 1811 2734 5333 4901 5836 794 4741 6439 20 8301
31 8477 4658 5662 4403 4328 7068 9006 5385 9571 4660 1743 5778 53 2526 963 4631 7738 1618 6555 1103 2672 8859 1231 5617 2554 2833 8611 7052 321 6323 4568
29 5497 5663 3566 8682 4786 2979 2602 9896 6987 1470 949 4768 3428 2955 1450 9870 6504 7160 9323 5587 4155 6050 6100 7308 4169 4668 3046 5058 4122
21 3055 4877 7320 6265 3816 5344 6902 3785 3429 4892 695 4543 9142 7627 7699 9053 337 7367 1442 5705 464
22 8292 2297 6910 1638 527 9103 5016 8721 1965 8673 8465 6554 6972 5447 3158 9895 598 7722 5190 8941 2361 1718
10 9679 8426 1489 9267 4246 417 3840 611 4027 3185
17 1097 5621 2600 7494 2825 6672 4617 8228 9192 8534 7501 5502 3006 6284 7902 6600 2983
31 3629 3022 921 7643 5481 5289 808 2051 9987 7796 9592 5183 8165 2590 124 6385 4619 4514 6557 2195 5002 5131 5251 2553 6388 4886 5661 8185 1731 7590 2208
16 9752 6877 9925 7291 2808 2438 9365 2638 2579 7480 2223 7378 4896 8082 5325 6112
26 3607 9452 442 1218 7884 9341 105 3507 6462 2159 7510 7536 1690 4254 2728 2014 1754 7989 2145 7568 9499 7166 3838 9811 3914 3458
29 9514 3249 3572 4935 9495 6076 1721 8151 1716 6838 893 399 1981 5640 7566 4533 3013 6810 9565 205 7032 9422 8935 3844 7953 7748 3928 2926 1304
27 2571 4661 8346 9045 1346 5405 9232 5901 8624 7587 9816 3808 3568 8450 1166 7125 3804 3937 1608 6768 4548 3837 9266 6148 1962 9025 5841
33 5440 8848 7406 493 4202 6647 3117 3451 5835 215 5133 1980 518 5482 9917 7418 1291 7107 8186 7944 5936 8668 8944 3100 8706 2827 2460 9129 4554 8429 1887 2441 6613
30 4601 1465 1557 8955 2585 9564 8300 8542 2173 9015 9114 4293 3316 8748 405 1461 4368 253 6829 8810 3955 9059 9982 9591 9016 2136 5820 9567 3111 9329
11 6670 7716 8231 8969 9009 9551 3897 7408 5895 2172 7146
28 7109 8274 6058 2952 5422 1281 6062 2187 2386 3085 1476 1264 912 1387 732 9877 6604 9237 6347 2150 9572 2549 8837 5897 9608 6482 7051 8948
24 1757 8792 4575 9628 1843 3594 4205 5695 6593 8780 2393 3710 5023 2861 1275 4549 1714 4388 274 1953 9050 4436 3694 7376
22 9003 7662 2984 671 1738 3621 402 4426 1819 5583 4198 6543 7333 5114 3318 3079 9966 6594 3835 3076 1408 805
30 5860 2406 9505 1875 8662 8017 5308 1248 9278 7543 9879 6608 1151 9093 9032 1520 6666 2038 7170 3226 792 2550 8321 5057 5931 2389 7185 5476 5077 8980
35 3549 1997 782 9951 1963 572 4585 8030 7386 3802 7805 9133 1104 7078 9644 7403 4989 37 9368 521 2687 6847 9594 6646 7439 3248 6440 4864 1683 1462 6355 4451 5273 8594 4716
9 8708 7948 712 6464 7509 6052 926 8552 247
18 4679 5352 6744 3503 3526 2496 3711 101 8286 5926 1278 5204 7814 2287 1127 1909 8122 2138
31 6381 5307 9751 2578 5170 3759 7271 8026 1504 6138 929 2740 5019 3387 8299 2029 1782 3678 5943 7244 1419 7469 6014 5413 5677 7751 7131 653 7215 4348 1080
34 8310 8586 1121 3354 8040 6498 4171 141 772 9234 7234 6800 2513 7726 2164 736 6064 7529 1822 3747 3332 5747 829 7858 4294 7204 3300 6606 9 436 6019 2730 3562 5055
37 6916 5757 8521 3105 2497 9450 152 4957 9242 9381 6161 1393 15 1283 6574 6444 9941 4874 9416 7914 344 8068 8234 9107 3668 309 5687 3504 1680 5460 4927 8797 3274 9317 1788 1510 980
30 4008 3160 8447 6951 9696 4410 6764 2470 7686 1745 9962 8984 3946 163 8815 2205 3963 4096 6609 9136 5768 3331 1839 3508 8853 9124 3250 2593 8070 5173
24 9888 4225 95 3051 6480 578 523 8987 6331 6882 9150 352 6339 6020 5080 1610 3803 9036 7740 555 4126 6973 4311 7700
25 7657 7864 9473 8978 4285 6645 8795 7245 3205 3624 8272 2885 918 3154 4569 2451 3888 7775 9426 4616 6435 3304 3180 8517 2225
18 9847 7687 7779 6684 4106 7547 4264 6779 214 6415 2996 4452 9470 6320 6072 4763 3252 2664
34 5445 3424 8715 7567 1550 1272 1508 3453 1311 106 1846 9208 4628 3258 5692 4667 744 8512 3926 8660 8358 5028 4577 5560 5657 8636 6958 2421 4771 3335 1898 790 5035 8022
29 2883 7210 1177 9286 1863 7337 6279 5465 8239 6622 7130 676 5357 3982 5542 647 9762 4574 8144 420 9200 5439 8090 5685 2820 9290 5720 4923 8377
7 1305 9483 1670 8655 7059 229 6170
20 9976 7889 4184 4520 2186 6174 7076 3397 8248 2328 6278 2354 287 9390 2103 6317 7756 5505 3820 4298
22 6031 580 35 7665 1365 5160 7216 3952 2065 3691 2156 6234 473 9194 8200 5518 8355 308 6979 6635 329 5819
26 6815 5727 601 2235 1146 2088 496 7721 9468 6017 2588 5822 1621 4290 9391 7087 9521 3734 729 5177 2623 3107 5607 6358 6246 1204
9 6263 5227 7612 5771 3073 7870 9002 3370 5982
32 3307 2518 1186 6024 7916 3418 3062 3789 8951 2304 5452 7907 9328 754 7220 83 3761 2634 9943 2364 2387 4827 9791 6506 3268 3106 7290 648 9726 2819 5543 5672
12 1335 3321 6274 7839 4051 915 4542 1728 6368 7518 3431 6350
28 4618 267 2181 7901 7856 2613 1583 5014 2958 1589 5907 255 6416 7340 50 2443 7995 4651 2403 3419 4131 8218 3889 469 651 8641 1805 7356
16 4078 5218 7355 7149 6042 6142 8081 1781 2483 593 9260 4416 6015 7917 5977 7058
34 2316 533 6000 2577 645 4099 2505 5853 5584 2652 7724 2874 3561 8826 7949 4121 3776 2632 1073 7175 9688 8846 7060 919 99 705 3234 9189 4079 562 7057 9281 4951 9227
23 719 3119 8191 4123 1364 2565 3757 3570 4075 2395 3016 7094 8153 4822 7728 1890 8754 836 5669 5048 7673 1905 9668
23 4071 6711 9926 9680 4409 8188 5576 993 4696 9817 816 9026 1551 3374 2678 3303 4182 9398 2310 8249 1641 2964 3619
32 5086 6547 8034 9419 5036 6584 4400 2817 2260 2320 2515 8990 6283 3247 2648 7394 2595 5878 1827 8813 6372 3823 8852 2800 3726 8032 3179 7744 8839 535 9024 1212
14 303 2718 8598 4670 7349 2764 3998 2450 6080 8138 5647 4883 8654 9916
40 2917 2293 720 5017 4088 2333 3493 292 5135 4371 8101 6832 4014 1048 716 3436 5527 7788 3221 2447 2685 3164 931 5546 3598 4738 6933 1938 4180 349 1658 7395 8942 4215 9589 3238 1952 1254 9938 8098
30 8731 7380 6173 7263 4798 403 9064 459 4046 2477 698 17 670 7321 4912 500 4870 3505 2350 8829 4239 8497 628 6732 2643 5148 5788 9690 298 7713
9 4059 306 2767 1157 9936 3033 9241 7731 5758
20 7861 2006 2143 9349 5597 5117 6286 5097 1622 6586 6071 7336 6592 6673 5022 4408 6702 5570 4069 7235
19 9707 5990 2626 697 7648 5371 6980 2484 7895 7828 3744 5096 265 8633 7427 1865 5361 3730 3035
28 6783 6558 2335 4910 6192 6316 3565 1723 1873 4593 2011 7191 458 4689 2272 252 953 4487 5171 2662 8016 6276 5118 5151 7885 8468 3571 7767
24 5300 1414 2536 2426 1869 3680 4065 8160 8533 6211 8904 7259 5360 9322 9447 7919 2572 4596 7859 6936 8623 5363 1225 5504
29 1138 3651 4260 8892 8434 9297 98 9273 5962 6094 6582 8901 6751 5004 9157 1857 4033 4674 7797 2493 8392 1578 7752 7893 6328 2308 1586 3633 7460
10 9619 4546 9954 5062 4474 914 4752 1093 2609 3380
18 1315 8965 9392 1741 3748 9423 5590 3448 5203 6092 7423 2807 5044 7039 6626 6616 1003 7714
21 7429 6430 4940 2033 7344 7387 1584 599 6301 9213 612 9706 6205 7866 4535 8233 798 2759 4172 6911 8934
30 5299 2942 8435 1625 1223 6473 5303 2000 1755 3904 2323 9408 1271 9106 7647 2042 776 6264 9933 4954 5196 2801 3822 6411 5252 6899 4753 26 1939 6458
17 4855 4624 4720 2981 5679 6953 1391 4608 3438 3968 7233 7265 5634 8923 9648 6769 5020
25 2061 1860 6523 5433 7118 6618 5782 5725 6726 8903 2621 6682 5157 6777 1696 6033 4038 2980 185 9973 1216 6520 4779 6840 7157
15 5192 6756 4421 4411 7139 8604 158 3806 5246 9007 1540 4760 8879 2499 1652
12 7463 3147 2132 1392 9219 3039 9407 9112 8283 1409 71 6960
21 273 8259 9742 8761 847 4113 4125 1942 6939 3009 1078 2567 2768 2004 7997 1021 4610 1570 8279 1645 4145
35 769 3108 210 7492 9135 2570 177 2377 3657 9652 1748 7817 7967 6488 4394 4190 9224 8841 8872 8197 1753 8972 983 8907 5805 6790 4176 6617 2488 7079 7591 1141 1082 1055 1150
27 7401 9544 3512 8653 9712 7732 7411 1169 4356 7309 1176 6696 8705 6655 2960 5958 3832 692 2236 905 6408 6183 5000 3015 9977 8278 5745
33 3444 3717 6021 1430 39 2314 3155 649 3859 4734 4711 4851 3574 8628 6940 2398 6061 1770 6525 3481 6303 4380 885 5826 160 1581 2152 913 900 4445 955 8770 2848
30 4377 3826 4414 6765 780 9557 2999 9394 6484 6106 1096 8108 1767 4970 7583 5880 1292 7238 7155 9201 4692 237 9001 1851 9040 8891 1542 4649 7450 1722
33 4058 7180 8410 511 6475 7092 290 5803 4477 5021 9963 8814 9321 1876 304 4982 6763 4259 8442 1469 8015 1671 359 5119 404 858 1818 1795 4808 8411 5461 7375 939
6 7929 9640 7312 5091 6521 5855
24 9305 3104 4815 7444 9708 4634 5418 4304 7827 4524 5843 228 2120 8683 3369 6701 6273 9387 3349 9568 818 4790 6750 181
22 6252 984 4503 3181 7777 9420 9881 990 2909 6799 2137 3896 6353 5625 8169 4336 2081 7330 7218 5813 6241 6113
27 3167 477 318 2651 5495 1369 7477 4944 4939 2534 3123 9607 9651 1289 6869 7121 1571 3815 3814 3486 21 8919 5846 2196 5159 1976 1823
37 2949 3758 4233 7372 3544 6742 6244 5437 3790 8869 9077 2622 6406 728 1516 1337 701 6629 9597 7331 9122 4889 1068 3953 5781 1506 4961 1164 7261 6598 2490 9637 1288 4402 8080 3064 9430
27 2135 6155 8784 7248 4544 9209 2385 1511 6956 2753 6587 7278 9844 4085 133 5658 6414 8750 4470 576 4572 1849 1085 5494 1153 7289 1569
33 8703 6735 8786 1955 5668 9620 5779 8796 1587 1098 7143 6548 537 1629 2279 7385 5925 3412 735 5468 478 2012 5438 8577 3144 479 4676 4161 8398 7880 8156 702 4846
23 6695 2357 4223 5466 8915 9485 1792 5690 8785 1859 3315 4244 2089 9988 6114 7322 6859 1400 3472 5346 5950 6995 2840
6 117 9255 2690 498 5156 6544
28 713 9649 271 7927 4794 3669 4147 2246 3163 2144 9085 5007 2988 1761 3639 3132 6516 981 3980 4315 5024 1517 6481 587 1809 8001 5029 7441
15 5769 1170 7804 9798 9204 7067 9841 861 6421 5960 4614 1350 336 5731 1134
25 700 4194 656 9681 6739 8368 6188 6746 3044 8007 9722 6983 8270 1591 5614 1056 8052 6773 1877 7833 4680 2257 3264 8078 9878
21 8518 9935 7116 4537 4011 7910 6166 1331 2723 6084 75 8778 3422 4728 8677 8044 8123 4501 638 6271 7123
33 1543 5744 892 9815 950 9109 1968 1415 3895 3584 2921 8366 7806 1395 2938 4044 1317 4881 67 6083 3913 703 8549 8732 654 7739 6144 9984 2836 5446 1479 8908 3012
25 3156 6202 199 4595 9159 3194 9054 5770 4456 6642 2374 6772 9298 1050 227 5320 7835 548 7431 597 8114 6687 455 5825 6185
5 9393 4630 2780 119 4887
40 2247 7230 2973 172 3616 4806 5601 9678 8367 4713 5100 1309 9720 5101 4921 6235 9378 8470 991 9293 841 2085 2785 8457 5297 7780 2363 3884 123 1760 1136 1662 6828 6986 540 770 1341 8453 6479 7641
11 1178 1949 249 8830 4992 4850 940 6259 7031 8929 6470
12 6412 789 7314 4826 9044 7071 2083 8946 9338 5176 5264 9123
29 6831 5214 4875 3199 3220 6402 2044 1352 8243 9900 5009 9226 6848 584 9152 8539 9821 6880 8469 7623 9041 3911 5918 2133 1526 8211 1701 3812 5586
29 3442 9166 5887 1252 5539 8042 3364 4636 8072 8820 8755 2213 5092 134 7734 7616 5319 7306 9356 1174 3037 9715 2704 4444 9443 9942 6045 6322 4177
9 7040 9920 6296 4867 7446 3191 9249 2486 6063
12 9563 3647 4773 2024 8416 2102 9662 3320 2237 1074 3620 1020
29 6901 6502 6200 854 615 5069 1913 560 4862 1710 3867 8911 1539 2437 7507 2950 3489 8252 8439 4745 451 3382 2778 6427 4465 5762 4049 5293 1359
33 8758 6189 8554 3915 4245 7134 6098 8051 2402 5317 1519 3979 8779 752 2331 238 9017 4037 3189 3642 5613 1258 4041 410 4116 9918 452 1226 3664 3378 901 9334 557
23 3855 4084 8464 2440 3583 6132 6597 2797 6218 9908 575 9185 5767 6862 1988 43 2111 5038 2792 609 6845 9058 4320
11 2015 3490 9763 5081 5624 8389 4367 2353 1935 9736 8154
23 9913 5954 1994 6357 2171 3905 7920 2835 9758 4518 866 6386 682 5801 2124 3177 4381 9509 4162 4931 6257 8710 9906
25 9325 2106 2784 5751 300 7558 2290 7931 6451 4358 4443 3939 7551 3700 8812 3187 446 3766 5121 5928 3771 1552 5130 4156 3586
15 7928 2217 6133 3622 4913 7924 194 7497 2461 5430 9582 4431 822 6914 1682
17 1515 3358 1 2047 9279 468 9269 5912 3240 4226 2259 7606 1488 6073 327 3745 2597
31 6807 3579 2915 6304 6942 8588 9819 3530 9082 5994 6775 5786 6047 2139 1065 7897 2097 2655 4023 4448 5015 9094 8894 6954 9898 6250 1115 1185 7111 2770 5150
31 9675 3596 7876 2216 4297 9738 4541 8804 6336 5861 4397 1944 4415 3959 3593 1989 4212 2772 2803 3223 3943 312 664 3819 8320 6534 4570 9860 3880 2280 9476
39 3869 1803 2184 4879 4062 6422 8928 5073 6712 6375 7592 112 1357 801 3912 5921 3010 1901 8317 2974 5109 806 5231 7462 3720 1899 5894 7888 9953 6334 8232 431 9717 5707 8087 9956 7964 5125 4399
8 4307 2838 9851 8088 9609 8538 7733 7049
29 6198 2233 5393 6455 2198 9890 4207 7246 1762 1182 9731 4643 715 5074 6163 6932 6179 2154 8958 946 9367 8900 33 5773 2013 3019 5637 722 8069
22 3371 6745 208 708 9539 7633 5764 3782 2765 2850 1679 5136 5496 3096 7841 9518 5258 2822 4252 2922 9097 7201
13 8640 1142 5295 8991 1580 1246 4361 5178 2204 8622 7577 6453 3883
37 8878 502 753 7479 9364 1412 3499 130 8296 959 3753 6926 3121 7018 4219 8129 6734 1154 8242 4579 87 9218 9958 8966 3109 2943 5429 9145 5673 3665 56 296 5592 9776 4531 2169 4197
22 1992 6199 2754 8035 1644 3203 751 4278 8444 2737 9790 3216 4335 6823 5168 7720 1481 3441 8 3093 9756 1559
17 3253 7325 5475 9212 2707 197 5609 8467 9196 4795 7163 797 234 4305 2130 2492 9488
19 563 3149 3345 5116 8659 6268 2710 6581 5483 7294 4210 4945 4956 7725 4132 5115 4701 579 750
25 8329 2539 3875 5516 5511 7034 2180 6643 4819 137 285 3796 9363 363 6947 1769 7695 471 6108 8391 6051 2679 6789 6976 5665
21 375 6529 7102 2112 7692 6280 3675 9238 8864 4584 1914 996 7706 470 2420 7142 6792 393 6035 8722 7228
16 8773 7940 7266 909 4093 2413 8672 5680 7747 3125 7850 317 4157 4 5631 5063
39 222 6851 2523 825 5287 553 4236 4677 2122 6681 4406 5600 232 863 771 6667 5448 8443 7855 6632 6400 6671 2028 1099 3306 5595 8684 5972 630 9922 131 6007 5728 5817 8333 1207 8363 7825 142
35 4435 1406 507 4764 2919 4021 3326 8652 2972 890 7120 9729 4486 3672 1394 5102 619 4092 8050 9605 4719 7545 5916 3192 3582 8476 145 7776 5797 3681 5544 1878 7044 5179 3836
22 5868 4885 5112 2520 5049 1363 4830 881 147 5064 8895 6102 4770 5877 6309 9500 9998 3337 8201 2795 9909 9960
26 5424 8932 428 9769 7243 5240 5917 8112 4481 1109 2966 8413 6641 4690 2319 4845 6707 2340 2719 3682 6325 4722 9047 8095 3390 8119
6 474 8967 1582 7753 3113 6060
35 3555 4635 150 7209 3778 9070 5070 2693 9882 2547 4746 3455 5274 9183 5186 2532 8241 8045 6797 1740 3048 6934 7328 4509 5037 1903 421 8647 8046 4189 1576 2457 2253 7281 6011
13 1005 7227 3246 4994 3878 9667 2210 6998 4193 2475 9198 6782 6260
16 84 6879 3750 7790 8749 1049 1249 3934 8472 1274 8503 3059 1699 1327 8352 2564
32 9799 8029 3575 2425 4016 1201 6454 5650 8504 7256 2937 5033 6579 4866 2640 5099 2525 9934 1840 256 970 9629 116 5350 4238 1806 9713 9099 289 2007 2255 9765
21 4894 2436 364 7153 3916 4216 4831 6428 1574 6351 6330 7954 5942 4203 7983 1425 2880 9178 1375 8897 9243
5 6706 4693 1697 4154 2053
22 1040 7140 8484 1090 8548 8198 5507 5816 1684 2250 1222 1232 896 2661 2866 3178 9585 6070 4897 5485 8847 5108
23 920 7156 9634 4938 313 7693 1947 2315 1590 9734 7100 6318 1444 3764 2215 4751 1919 1126 4427 8404 5531 3589 6191
23 2559 2714 4467 6066 396 4776 5329 1796 9091 2468 4647 8920 5999 1025 9826 2050 264 3529 5688 2794 7042 2865 1107
7 9140 481 3426 5892 596 266 1880
30 5693 3849 4863 4003 956 2997 8421 8882 3721 7301 8214 6962 8505 1790 8976 467 3101 1171 3361 8887 5681 1361 1648 3237 3769 8781 9257 8048 2032 2858
21 961 5746 6068 1206 1245 4564 6253 3463 2729 2142 1750 2254 5589 8752 9862 4257 9646 7409 2608 9176 690
30 372 9347 9595 9401 9874 7557 6984 4615 2482 6182 5453 7448 6580 9028 4784 1800 1428 456 2552 1828 9083 9788 5691 3600 2970 1445 3280 2698 669 8147
17 8890 5284 3242 9375 4330 7887 5993 4797 8600 2692 8256 5736 1322 3971 6569 1966 6494
20 7956 7575 3536 2560 201 4313 2705 4721 8769 1467 5791 3995 8861 4484 9616 8607 9399 5973 9172 8789
23 7913 3475 9512 2551 9134 8686 1930 2548 6625 2756 1854 668 2263 2832 1162 5337 988 9340 4463 1813 7069 7533 3289
11 24 3608 9072 3483 2359 3091 791 3677 1826 3690 9117
29 6115 7704 842 211 5426 9516 3465 8244 5083 8025 9955 1277 3078 8415 9230 2584 4732 8307 8751 7978 4146 4766 6990 2750 5368 7437 9396 9577 5854
36 4090 3459 3067 8370 9944 9144 9965 8940 161 4958 3970 7745 9975 4800 5622 793 3592 5630 1345 6436 4919 2197 4067 2274 7820 6561 207 1094 5739 8702 1969 9797 4904 424 3063 6870
37 2695 8630 8557 332 5377 7085 6346 9481 1250 7169 9027 5323 7197 8486 9073 178 7998 4840 7781 5309 7327 4276 6299 331 7871 7012 94 7974 7258 6796 1063 8092 9154 1238 9214 8838 3825
20 3696 5815 2635 3414 1943 193 6885 6566 8125 4669 5872 3450 5313 4173 4468 4191 2379 1893 5604 4022
37 2356 8262 6493 9996 874 6563 607 5674 1862 4274 1700 1523 8743 7205 517 3141 2611 3501 1053 3538 1786 386 4565 8417 6637 4707 3348 5740 3095 6573 401 7310 8925 6844 8280 5682 1191
28 6403 7186 6927 7548 617 7203 969 8644 709 9496 281 7754 52 1197 2400 683 8140 8511 5068 250 5106 4655 346 5330 4174 2091 9253 1579
22 5717 2641 4959 7684 1836 6568 8060 5275 8005 4814 1360 7158 8223 5884 5814 5242 9120 9794 1726 7824 1958 6127
23 2869 4200 5540 8856 7442 1634 5656 8245 6197 7262 3210 7098 6572 9275 6852 3034 4288 2855 5883 2806 6993 5939 9484
22 8962 1784 6884 1530 9744 5829 7555 7971 6319 694 1946 2739 1763 1933 6564 3131 7413 9076 4757 5599 4047 6997
20 9449 2031 7457 7830 9038 582 1307 1832 8471 723 6184 5671 9603 2647 6302 7836 6895 6585 566 8215
24 4637 4502 3263 3938 8772 6119 7438 1062 7808 8500 9438 3278 7610 6513 684 1525 5403 4926 5290 7607 4563 9533 8726 9829
40 7952 567 3148 1527 1518 3411 7579 8665 2900 3524 5526 4300 121 9789 3909 6713 7594 5523 4747 639 1031 1688 8127 8496 8004 4640 8899 7126 7517 5555 1982 73 2650 9210 3787 4296 3781 3110 5395 8957
31 3988 5387 8876 4326 7425 542 7422 8800 1203 5559 8974 1649 3231 126 7571 6938 3344 721 8756 4284 9525 573 637 755 9220 623 9311 3287 7559 6492 6918
35 5885 8055 212 8536 2041 2077 4652 5088 2831 9546 6344 2023 30 2115 8491 8148 8400 8988 2037 9866 8258 1485 261 7029 9529 2446 7225 333 2193 7487 7669 7968 1306 5443 3965
5 9084 3830 3200 2305 2591
17 4150 5914 9784 6116 9929 8281 3752 426 6759 5229 7905 2843 2157 5623 3679 316 7937
22 541 2748 4437 4153 3585 483 5428 8642 8555 462 8028 1715 9264 7352 5326 6131 6267 8936 8845 8205 8340 3028
34 4379 7236 6029 4703 5686 7152 853 3038 374 711 9612 6374 2040 5356 9785 5372 7570 242 7106 4762 1296 1477 9995 2779 4032 5321 2344 747 9775 9446 8735 2200 8777 2491
16 4143 328 3381 7962 6738 1711 8828 2872 7280 1991 3922 9793 6417 1295 9555 79
28 7399 6420 5347 3054 8298 7933 6893 883 350 5632 3031 3391 1502 4964 3805 2155 6945 8716 416 1234 1268 7702 5224 430 7335 472 7338 8210
10 7013 9231 8992 6006 7782 5997 5338 1736 4390 3749
9 768 8736 8306 6285 3126 2185 2456 6212 616
32 1105 3430 1676 1459 8883 7164 3182 8621 6858 7735 547 6077 6175 356 7582 7765 5056 6640 556 1793 2469 9746 8589 7660 6294 2821 9545 6715 9517 1043 5415 1558
36 55 1384 2899 608 1564 9487 9353 9104 5642 9262 9645 6762 5603 3314 2151 6868 3635 5986 9959 3150 3152 4055 3800 5236 8478 9034 5311 3520 3871 7485 840 2113 2158 6853 263 1923
45 7561 1637 435 9586 7382 9182 1686 2741 6737 6313 138 586 5301 7305 9300 3443 3556 543 5512 7461 8381 2494 851 6490 2149 9261 5277 6233 8977 7447 1172 5800 7089 3488 5469 7035 966 9606 4695 1210 4424 9215 8874 8543 4186
29 1833 3024 6168 4299 6245 9872 9127 9923 6719 7274 2989 2054 7167 4009 4499 7024 4221 4715 9755 964 5396 2349 6153 2005 9439 762 7476 2724 9461
25 4494 1959 2261 156 876 1466 6571 4365 4060 2680 9162 9163 2489 9697 8318 8405 36 8145 6760 8943 6664 9773 3892 748 398
38 9523 3990 7471 6208 9702 1349 8190 2954 3469 5519 7689 74 9980 2228 5233 1920 6167 8842 4526 5149 2232 2666 2871 7646 2775 3653 4946 7095 5127 3641 8714 9271 5434 7302 6288 9417 3153 3626
15 6228 3276 5480 362 3000 6524 8834 5269 9332 6685 1279 3002 5312 1659 8921
23 568 9625 3270 2409 6638 4639 6946 6333 4802 3699 9583 8387 8010 7815 9404 3143 8487 7991 51 1379 2886 9673 5244
19 6961 6658 3891 1251 5809 4249 3496 8933 6679 2995 4333 3296 5272 4447 6348 2864 6955 1139 3569
9 29 3245 1773 476 8397 4013 9088 3043 1881
34 1664 6741 3368 7574 5182 3885 9164 4914 1294 2930 1441 4119 8485 2568 7014 2561 9542 7417 2892 8221 6459 5793 7945 3018 8528 5467 7540 8216 7834 763 8717 4324 1374 8106
22 2576 9090 5572 47 2056 7434 9537 7988 4924 8798 1123 8431 2299 9718 2417 9431 9728 8678 6037 2487 9601 3887
12 9283 5213 2736 7813 3224 5867 3931 2373 7348 662 3032 2271
29 622 8783 5654 9105 9654 4028 5557 7176 1831 724 2501 9225 2644 5694 2816 4218 2242 2646 9308 3183 9051 1616 2925 937 7973 9203 5987 7410 5471
27 4842 1002 3685 5256 4515 1117 8545 4217 4878 2713 7549 1314 9327 7541 6483 5568 8531 1434 3908 3881 781 132 5129 8657 4976 9700 2509
28 8950 4428 7663 5837 4607 2453 9842 4206 8103 6345 1532 3843 9222 2694 6873 1756 4626 7062 2303 6157 3516 2879 2002 390 6991 4691 7783 4133
30 4346 9046 8302 284 7196 2110 7562 7513 1199 7392 1217 6612 9425 8697 3074 6714 1270 9967 1183 7388 4061 54 2339 9369 4731 307 3128 7002 7307 2618
16 9216 2742 3773 233 7630 3521 357 1034 1657 8757 2472 8295 1936 18 1472 9374
18 9550 7097 2787 4485 5967 6562 3534 7680 7368 6928 9899 673 2849 9587 5828 3791 3792 4592
30 6541 8489 2118 935 8059 3663 85 9033 3124 8737 1864 1004 4104 3924 7296 6290 3893 4312 8855 5655 1717 339 4152 5327 1026 4928 2936 4140 1064 8384
32 1888 627 2123 9469 409 5626 6446 1835 9171 2360 1101 7364 7498 7900 6915 2601 5143 9779 7440 510 5383 1941 4166 2087 8522 4900 5839 2998 4996 1418 4987 9796
11 2384 5858 7848 5181 1554 5965 2726 31 605 8226 9677
38 734 6794 658 4228 164 5678 6380 6716 1725 1912 4491 2052 9333 5026 9000 8871 3846 2837 997 3473 3841 213 3813 4915 1122 6628 1044 2080 49 4354 1473 7008 5865 4160 3929 906 4338 4319
28 3578 3338 9981 230 9272 1259 2332 3053 9043 7872 1672 1167 6370 3301 7584 2168 1484 5549 9719 1120 9343 9126 1454 6487 1677 4332 231 4641
31 157 1512 1260 9042 9116 6172 8956 189 6921 7009 7007 9268 370 7177 3856 5696 936 1032 8436 1070 2258 6236 1383 3627 1149 107 7667 5508 4803 2845 3286
25 2986 4717 5008 3269 9366 184 4039 2459 366 7921 4849 3956 7976 8084 4765 7908 4095 2114 954 9971 9781 6944 7424 7899 5348
31 7119 7711 1267 7867 9130 4017 9647 1110 7730 897 7080 6120 8692 1071 3854 3907 4539 9299 6104 7521 6468 4860 9223 4700 3254 8386 2725 5011 9711 8120 3984
17 8670 8345 8569 8105 22 2471 9991 2991 4183 7055 3604 9622 4199 8626 2610 7017 9600
28 3103 7451 8073 3188 1627 7253 660 4709 6850 4907 4266 8428 1045 862 8289 6816 2016 305 4001 2542 7892 5378 6097 322 2902 3898 6603 5174
25 4214 4583 7224 4665 2649 933 8187 3290 6784 6081 5279 9478 9968 6447 4675 2563 6803 7101 5336 2380 6256 4934 6889 4823 8331
20 297 3193 9843 5061 6105 4454 6030 5552 4710 6187 4890 2699 5200 7511 7519 9692 2894 6631 7011 9599
5 311 3138 9346 3552 2620
32 5716 666 8493 7843 9574 8460 2715 4114 2580 8954 8844 5217 5594 3214 681 848 834 1971 4422 3302 1483 4861 4908 1812 8174 7946 6364 2238 9915 4018 391 1801
29 2912 2738 8425 4404 2916 3057 6026 8575 3818 127 2771 5702 1220 6067 6674 8058 4248 5122 7402 3404 8027 5906 2619 5470 5 5404 5812 8113 2897
12 5341 8227 932 4118 8235 6770 1720 3762 7772 5458 3255 3042
29 1978 5615 497 4953 5050 7595 3165 4497 7770 4159 6389 8741 6423 5005 153 3763 114 2003 7851 5030 3071 8704 9875 5718 5961 392 1084 7795 1892
24 3281 9191 9274 8348 2207 907 2105 2810 508 7691 8854 5386 4496 2722 7672 5072 358 3209 8914 5489 4230 1808 9827 9721
29 4948 7028 57 2639 6356 146 6698 7135 4433 6491 5635 1534 5184 5849 2793 8525 5220 1124 7240 4627 6432 4600 5924 371 4010 9940 4273 4432 8375
27 2020 4980 2036 1601 5234 1613 2075 2875 7654 3454 5314 7326 8590 9704 6332 8362 2757 815 7500 8729 2405 2503 9656 8385 4261 737 6032
20 957 6912 864 2969 4594 4343 4899 8544 1235 1561 9674 8922 5765 334 5164 5126 6761 3718 5676 2300
26 445 3546 3632 6340 5732 3746 9812 4105 2264 9248 2667 9482 1012 618 740 4591 2631 3351 1266 3283 7360 2428 8759 1713 1983 8433
19 6724 2495 655 9705 6538 832 3232 9177 9526 408 5134 8438 8896 2162 288 2812 9986 1987 9304
17 1135 6793 2109 875 5401 7560 9780 1334 9063 7184 7026 8507 411 590 4553 9296 224
15 8395 8711 2209 6379 6699 8492 1709 9153 9245 3118 7478 427 1925 8230 8319
23 8406 1194 5282 6159 8671 2665 9570 843 9151 6907 8383 1842 7904 1945 1666 2071 1184 6217 2929 3405 9664 6016 9831
22 7141 2079 7347 3292 7145 9774 3266 1446 1906 4513 4110 9730 9125 4598 4650 2625 110 652 5521 2815 4339 5821
36 3693 19 7129 5856 513 1221 6413 6392 7668 1215 9466 9964 7275 2370 9292 3550 7286 5981 9510 4590 5963 6337 2222 3935 4102 2294 4740 8775 7838 3040 6700 8100 2307 5811 8808 6518
24 5598 9052 9768 7284 884 3707 5726 192 3695 5774 4632 2824 2521 1133 4434 5659 2689 8364 3576 8152 8163 136 5697 8535
26 2008 109 8020 2147 1667 992 7922 5766 8585 2760 8661 1320 4947 2062 8930 2587 1486 2392 291 6653 1380 8311 9206 811 3994 4540
27 3654 1411 1631 1328 3437 7925 9825 3484 1950 591 3087 4737 44 4922 5328 5488 1708 4081 9873 9432 3671 9792 1514 4310 5666 3402 9771
35 585 2603 2963 661 3461 6247 8851 4353 1820 2345 3323 6556 8926 5558 8360 3195 1463 490 7449 6219 2068 3383 1373 63 7845 6992 1567 6890 2624 4134 9437 1732 5294 7649 3386
18 3471 8021 9666 4141 4704 8116 826 3434 9089 6134 6808 2959 1907 1668 9727 7292 6129 3491
22 7862 9636 6222 4163 2234 3261 3449 9474 9593 2633 1538 4625 9856 450 1739 7317 7183 3644 9560 2410 3588 8572
31 8840 1276 6567 5593 1480 8645 9611 865 8237 282 8475 8143 9193 7619 8039 3553 9506 8771 4609 5940 941 3175 6964 1495 9413 4812 1091 9635 8454 1202 2321
25 1353 7198 7585 6804 565 9382 2967 8530 7211 531 6570 1152 7041 7066 9950 5219 536 7823 8326 6855 3659 904 2582 4419 4127
12 3030 8192 2533 6086 809 765 7544 1617 8866 6614 6441 3120
18 268 3655 7512 3362 5417 7077 5785 2285 850 9904 8006 2630 9676 2277 6881 6405 6650 8195
11 5406 9974 4170 7379 8973 872 3056 3003 16 3298 1705
20 4495 9402 97 6248 3974 3432 4985 3406 561 1572 4334 5706 4025 3206 6624 6766 5098 4269 8202 9507
9 8102 1407 1192 6154 2342 9814 4005 1213 5646
35 1528 7768 7631 1054 3972 2473 7456 4969 5684 2910 9324 8767 1396 484 1612 7063 8361 8963 2199 7670 2860 745 2890 9455 3954 1437 4633 8515 2301 3172 796 3975 2227 1006 5449
16 7640 9128 368 6378 2684 3494 4461 7674 80 3630 5946 488 7295 9336 2019 2586
30 583 2166 4482 895 6261 4986 7847 546 4270 6178 967 3722 4620 4809 877 7099 7939 2267 5741 4974 5271 7979 2811 5932 810 9010 9307 8888 5547 1300
22 8342 7810 3409 6399 629 7576 5709 9584 1774 2498 5031 7999 1057 686 687 1155 5898 6725 8619 2337 6 5225
24 2941 1024 3068 9030 1326 1106 4063 4858 7903 3173 9639 4498 1402 4682 2452 887 7879 8567 600 3060 8473 9861 5652 6152
34 3025 5237 2026 4973 6966 9761 8263 8075 8945 9859 7604 3498 5473 2804 2241 9458 8177 1340 8288 217 9244 7247 8744 6791 6623 5755 6049 6690 3423 2598 4785 5834 6151 2773
24 5304 1313 8146 2934 6856 3036 5799 2696 922 5374 5298 1198 3295 3070 680 819 8161 34 4280 9848 650 1427 1318 3347
16 741 1984 9602 5748 8338 2212 3809 2721 2066 2101 1703 6621 8126 7038 9277 2830
17 8559 2424 4781 9869 8614 6575 9617 8719 7599 9535 8983 1059 5752 9448 2454 8365 302
20 1735 2538 7677 1904 6425 1023 8875 5349 2575 5787 944 2962 5388 204 4522 2905 4697 5253 1076 9766
32 8204 4080 4666 3066 3636 775 7679 2977 9358 1501 9630 7502 5525 3645 1298 8354 2617 5266 7473 1675 7084 6295 429 8269 221 7202 7831 3517 7112 3543 7996 710
29 5381 5332 2769 3305 9110 9379 6486 5104 859 6043 2752 5085 6040 4165 5641 4837 7213 7681 7803 5459 2671 5399 1497 6546 8658 6448 108 7138 7459
23 9979 9985 2881 8194 8353 1453 7503 2867 1692 1967 8857 5556 6471 1772 6720 1535 2763 324 8790 1014 5760 2540 5331
17 3743 1630 7357 1100 5996 5025 7086 1381 1706 3996 5110 2870 9772 5561 8162 8057 9770
9 9581 4164 200 2288 4952 1633 6595 8260 7527
29 3564 7993 6740 3779 1102 6967 2653 1494 382 5941 4685 9284 1934 4789 4316 7454 7966 738 8651 3613 7033 5215 4589 9197 8877 1385 2697 3559 8131
14 3457 945 3291 412 9658 1814 1237 1321 7634 5450 8142 8508 685 948
22 8728 7435 2928 8629 3017 3050 9949 1474 5847 6460 5306 8031 3262 9880 8115 9435 1229 7050 2823 6959 6477 2615
22 8520 975 5955 7787 4587 1319 25 9149 335 6095 4581 3551 1636 7374 7596 6981 6461 5408 4556 3514 3097 5798
11 6649 1421 8803 9464 3732 6705 8303 1129 3688 8083 8350
24 61 2791 1674 6410 9806 5267 5660 1985 8018 2045 2884 1417 9912 1810 9724 7363 742 4932 5802 3852 9840 9865 5296 5501
20 6952 3527 8382 8835 4673 3729 9699 1405 5144 414 3497 5207 1398 4251 9661 140 7151 5857 2814 7391
25 4687 6849 3169 5382 9441 4209 8916 4550 3372 5139 4804 8763 6854 7405 6289 8811 7419 8776 9337 3363 4275 1478 8701 8723 7986
20 9207 6123 9138 5260 2388 2025 3845 8268 3271 9767 5548 8833 8524 4801 8181 1707 8568 4580 1180 2411
13 7877 6239 6669 2399 9575 4006 3297 3864 7844 7742 5937 5978 4108
20 6456 6069 4376 2245 1460 4291 3666 454 5394 3174 8601 6540 3027 2283 6892 6224 9147 2298 4759 1009
29 1269 7329 7792 2455 2401 7602 802 6809 8094 674 6589 7746 1429 2048 9167 867 6542 6697 5852 8427 4370 8466 9892 1362 4925 1599 5232 6514 9532
45 4788 1492 8739 5006 1240 9657 5620 7685 8085 1239 4331 3531 64 4653 886 7573 3765 6223 7857 4688 9440 5567 9884 3573 2281 7538 4237 1999 1125 9348 8003 827 974 2569 6429 5286 3001 8275 7297 7268 9259 5474 7133 3712 5629
34 489 9845 5120 7172 9549 348 2857 7532 397 6391 5105 8291 2841 9490 6970 2535 545 6996 5292 731 7605 8325 8912 9588 860 4551 7717 2458 4077 8451 6978 2449 406 5390
28 8179 9314 8445 2852 8938 4930 4031 3082 3901 319 5995 6908 1702 5904 9946 3376 7868 9315 2524 1089 4743 4754 1654 3023 7906 3941 3500 6111
31 5161 9012 248 718 640 381 9737 81 1799 9694 7231 5411 3137 6982 8646 5167 2947 3256 803 1957 4262 5397 8964 2594 1301 8066 5354 7192 2408 1378 295
12 7799 6654 7398 5983 1744 4519 6046 4303 8452 6943 6365 2908
34 8420 3989 2566 168 5291 8529 7642 6407 8970 8014 3425 880 1075 4429 4407 8540 8656 8513 9386 5111 3595 6660 8712 5775 1848 3415 7074 9427 5065 7611 5974 4967 5900 8947
36 8675 3910 1010 4450 7778 5462 1255 1179 1960 8547 4357 1783 278 3961 5522 1964 1632 1265 3171 4856 4253 1548 4391 9931 1507 6193 191 3698 4723 4418 4363 8648 3069 2318 465 3204
20 6424 8158 8449 2240 1143 1623 9855 5423 7279 2878 9660 5239 6867 667 68 7537 12 9753 1575 7603
27 3692 9345 2464 6648 3047 8909 8687 6727 1282 4777 3999 4359 5537 77 824 6027 4478 4201 8399 7644 5585 8635 9653 1280 5949 1285 8251
20 3239 5743 7846 3614 6397 9086 4562 4341 2701 8002 4271 8474 9491 4466 7030 4972 9921 3733 2529 2273
4 5649 3468 8968 8330
43 1866 6110 315 8207 6634 8766 3807 9795 2927 3784 2527 9566 3798 9992 3211 9240 7865 4821 151 1911 8993 8863 3567 1420 5427 5270 5789 1329 4999 1358 3801 6830 3797 1691 5142 3080 9309 8222 4393 8939 4185 6533 757
22 6160 499 6659 592 1431 4168 6376 3365 9957 2895 8794 407 2347 9350 4859 4488 6876 6545 1290 5435 8463 1086
31 1993 3640 8699 1995 6003 1628 506 986 1181 9952 5310 509 4224 9809 9247 5154 8344 7798 4902 8336 7272 7608 1853 347 8255 2317 9217 7199 9294 6499 6795
36 9411 3384 3329 4686 5158 6526 4034 7043 4756 4227 1299 8481 5610 1747 3873 2190 1308 6704 9211 6691 9695 3649 5873 5075 1577 3950 6390 1158 6401 5754 8663 2090 9850 1404 4729 8740
19 4882 7108 6630 6034 9513 4204 293 6923 9456 558 6957 8208 5980 9280 911 6107 784 9990 4103
24 9901 3170 9613 7277 6009 4089 3874 7764 9641 5569 1389 6312 7819 433 6366 2903 5479 1092 5412 581 3312 2502 7943 4725
42 5245 3311 8574 482 1640 5425 6771 8615 8176 704 7837 8062 8523 7729 6082 8193 7384 2390 8212 7615 8593 6442 7260 1531 6315 7371 8408 9352 2336 5750 4179 9716 4265 4841 7597 2847 8865 7985 70 3522 1293 1242
34 7911 6485 1323 1593 9078 6125 8419 7690 8681 559 5187 1487 3393 7812 777 6103 2086 395 11 6774 9079 7886 5420 2971 1370 5947 5905 7653 9994 1673 577 6754 6599 9049
25 5902 7104 9246 8328 3557 2896 7208 1475 9031 76 6999 9330 6863 6281 5166 42 4603 9029 8885 2161 4000 4337 3440 910 5723
29 4066 1372 5491 4048 2439 3215 5389 7353 3967 453 7486 1165 1017 7982 7299 2295 6395 2365 3309 804 3872 182 8905 3041 4504 899 2219 3427 9013
19 7229 2717 8998 5959 514 8691 8446 122 5191 2017 6678 1119 5103 8011 5223 8107 8561 8139 7496
26 4829 1325 40 8638 8159 2174 3862 2206 2116 1566 5575 1499 9235 4694 1432 7774 6145 270 6229 3715 9169 2968 4962 1147 7758 3279
6 610 3202 4811 2286 1573 7784
23 2429 5808 3196 6752 1689 6729 2059 2394 6216 4749 9265 2415 6041 4453 3610 5262 8437 4100 4385 620 1940 1077 1562
28 2278 9087 9805 3866 5719 376 1565 1660 7103 7811 5664 5259 4805 4893 7389 6240 7626 7072 198 4573 9295 574 2165 2683 5095 2326 1230 9454
23 9020 5710 4107 5756 7683 7342 8220 952 461 5041 8764 7474 7588 7285 3277 5807 4148 7421 5365 3676 2637 3611 9146
31 7318 5699 4050 665 4064 9190 1910 9202 5866 7282 2355 7081 9553 196 7222 4988 2859 714 8725 3212 449 9480 1011 2700 9161 5206 5509 2629 7053 1367 2463
29 6965 6139 5777 4558 8219 3554 5012 3420 3701 9018 1443 3648 7769 8953 4167 2397 5472 272 6008 2093 6038 4030 8061 5185 6501 8666 9580 2876 8870
41 9626 5060 9691 2957 6206 7000 3537 5628 8378 7785 1436 7873 7493 5076 7407 4211 5514 2504 7021 4473 889 1187 6215 2371 7016 4026 4464 4229 5392 9502 9522 6661 9932 746 3978 5876 3218 60 3140 5046 9354
18 6039 4965 6905 3772 8807 5039 4457 6262 4442 9945 9598 5053 604 1028 6124 7878 82 7252
17 6633 1228 3334 8868 8989 3542 5553 8199 2562 413 1600 491 8602 7705 3923 831 3637
31 9291 4387 4836 7882 1509 3949 4884 3799 5534 65 4654 2153 6785 72 5911 9902 1926 2834 9479 8172 8166 3217 2239 2889 8393 1397 4611 3612 4971 1195 8217
23 2774 1970 6012 2605 9477 5351 595 643 1979 8760 3285 1455 8063 3 6025 2063 8297 7771 9903 4510 8441 4968 6817
24 9187 1609 7465 6718 9947 3375 4396 2140 9492 8831 6213 3735 5001 8952 5140 6692 6324 4362 9445 2514 440 4500 251 3643
13 8184 1977 7207 342 8373 6904 8314 3650 4373 1915 1144 9048 9638
36 8509 530 8902 951 7323 1503 6438 169 6814 5838 1422 5123 8407 1368 9155 8150 5992 5729 4289 5611 4816 5651 8305 4187 1807 3927 5644 5162 6950 5806 3983 246 4769 3081 4865 6087
28 4098 4873 817 5500 7319 9633 3795 448 3112 4024 7682 9075 5951 9132 6896 3851 6925 7341 2948 1330 9403 7635 1457 6232 6894 879 3388 8019
12 4586 9804 4659 4588 4527 3273 8608 2703 6988 447 5714 8618
23 2327 6150 4112 2178 7816 3646 6476 9632 8506 8339 2923 5804 4852 5738 6530 6688 6812 8304 9596 6311 7436 6931 2818
10 6321 7194 6813 9663 7023 4599 8096 9642 188 8374
35 219 8277 6004 6409 3114 3325 6971 6615 2558 9837 8603 1302 7187 9361 1592 3077 5564 4489 3421 6806 90 2749 7723 8347 838 3089 5612 340 6611 6941 8999 2289 6748 5964 3618
28 8578 2480 7984 4552 4111 9838 6367 1541 8960 2148 1727 1606 7656 8196 3523 888 8315 7144 3359 1440 8183 8558 4983 7359 1377 343 2993 2658
8 1815 9186 9750 985 6371 3853 495 7182
22 6361 1605 4854 9846 120 2220 5238 5040 1861 8819 4916 5163 4323 634 262 5315 5066 4412 8849 9301 2516 4042
33 6694 6327 4869 8128 1647 1693 3190 3098 9062 3754 8746 1891 5155 2844 7755 3597 4460 6055 6162 6079 8141 727 8570 7854 8180 3275 9590 3727 8089 5923 5588 8036 5376
13 8271 1874 7534 202 8334 5734 2462 717 8056 5580 259 6335 1131
36 9670 1013 5090 6474 5712 1496 6703 9180 3981 4247 4638 8502 4086 2901 6443 2 9023 6505 5565 6798 7179 2854 6478 7443 7254 4053 1858 351 6306 1825 1619 8349 2862 9558 9703 4918
26 5222 5034 761 6652 9457 3940 5915 9101 2043 9288 3466 6452 6861 3099 1116 2414 149 534 3628 3599 7200 1533 3260 2127 3702 2269
12 113 699 965 8254 8071 1452 9250 2628 1156 6559 7586 1038
24 3008 7430 7226 7737 1160 7037 8799 6201 9778 8917 8284 9801 787 9978 7128 6531 4898 1868 3310 6177 3591 8371 8527 2691
13 2313 6404 1529 9732 4571 5956 1895 8240 9184 7242 1522 9818 7524
20 8564 8774 9559 1804 9830 1729 6503 5375 1257 636 3731 7090 2596 3389 5910 7452 9615 5842 1642 6717
25 1563 5359 2543 5724 118 2057 5486 5353 1834 2341 8688 8649 2039 6176 6758 7377 9989 4505 2378 2435 9057 7165 4820 2100 6467
34 3168 6747 1852 8832 3129 3603 3842 9065 942 2745 4966 821 3133 7515 5700 387 8494 3606 7508 8562 9983 6824 4340 4395 2676 6254 6787 7027 4672 9961 1663 78 5248 9573
32 6900 3005 3976 8203 9631 8823 494 5457 3394 9800 8134 7148 3470 544 8074 173 9725 7137 7969 9285 9919 2733 6130 2262 3485 2946 5591 9749 6539 2961 5536 4124
43 554 190 457 7373 6305 7759 5228 102 115 1521 7715 9623 4019 7414 6140 4828 1145 9331 7620 1624 4681 3299 7273 878 4425 8461 8733 9096 2369 8985 3379 8639 4129 7022 7083 5832 1928 8696 6065 3848 4683 5988 7223
13 5402 3918 1208 1416 223 813 5194 62 3166 2747 2423 6465 1646
25 3667 1438 9306 9316 9282 128 1537 388 2343 3340 5529 6866 8390 7741 6249 9534 1241 3944 8927 7736 5551 5342 845 2940 4292
16 1724 5875 4648 1030 4657 982 3993 9019 9672 7963 6275 1882 4054 3719 1060 6419
36 2944 4475 5957 8093 3026 4101 4656 8806 1620 7829 9156 2467 8257 1598 7842 2978 6326 2084 2555 125 9853 6180 2965 1704 4458 5643 971 5407 7300 9008 4905 5753 3558 795 2544 8178
15 6607 5818 5487 1524 1233 7464 3330 3241 1766 8924 8836 8858 7136 4281 4622
30 2507 3540 9685 8024 7638 3116 4990 1886 9195 7232 8560 2924 3793 1896 7794 8316 2309 7004 1513 9748 1918 7930 3634 564 5667 341 1544 1333 8137 7472
25 6913 4984 2781 6639 159 9475 6805 6243 2766 3509 8667 9022 3127 1471 7807 3973 6225 5648 9170 8483 1759 5840 9764 7881 3134
7 9698 9864 1111 4838 9519 9451 1356
31 8698 2657 989 5477 849 6601 3513 5087 4857 4834 1771 7727 3392 1872 9148 6522 4322 7708 6497 9911 8634 2201 3350 4375 466 1798 6872 7257 3652 1698 5147
18 6780 8816 9562 767 369 2612 3075 2607 7757 613 693 4306 5703 8456 8341 631 2251 8332
29 8587 7428 4196 6307 9071 9199 7636 2072 1746 1069 6056 3007 7935 1029 1681 6733 7315 8961 7531 4621 2010 8250 1498 1243 594 5141 5683 3903 6221
21 5343 1588 7975 2904 6550 5503 9118 8037 9263 9710 1595 8324 5201 2882 4232 774 3704 9372 8975 5581 7600
28 6418 7114 4352 7113 5211 7645 6437 1310 4730 4560 5605 3235 9174 4480 9108 1262 6195 8685 3460 3184 7303 9876 758 5596 5410 2276 144 8898
26 4644 2654 3839 9889 4792 979 7096 6683 2383 6722 1042 614 4963 9342 8287 8537 3831 6341 6010 4142 2069 3162 4506 9614 9993 4268
25 6767 696 5948 3208 4493 6251 4872 1643 7361 1791 5373 3222 6565 5052 9665 7212 3736 4175 3407 3942 9434 176 8526 5618 9970
15 4056 8566 8462 3092 3936 5463 7 7696 5871 5051 13 6099 383 4726 1602
41 7088 1113 9254 4782 7190 7883 529 7019 9972 1937 8510 6864 2407 7750 3474 3201 1850 5364 3661 3894 3244 5966 9181 7932 5763 8064 2302 5432 1173 9759 525 8168 8091 2073 4057 644 1653 1547 6507 2606 8582
27 2531 2788 6924 2799 8236 8937 4880 6272 3373 5899 2292 280 4384 6839 678 2945 7650 4144 9389 1780 167 1749 4240 5322 6226 6210 148
7 9121 5384 9453 9258 258 4364 3850
30 5881 3197 739 6457 8376 9385 1908 8173 9833 2128 485 9319 3135 7046 4906 1932 7786 3342 4082 7003 968 7589 9173 5831 1585 5935 2372 9937 1837 5571
26 3410 3236 4511 3462 7580 8637 1986 2442 379 4282 2125 5391 9460 27 5484 2932 3356 6109 5930 45 9415 7869 1927 5084 8337 2755
30 6044 2512 3605 9524 8155 4372 7171 2275 377 4824 987 9541 103 6578 129 4933 2427 1678 1083 3581 2022 7821 8676 6496 480 1607 5735 2170 5003 2677
35 2828 4455 4349 3921 3966 1189 5193 1779 3997 1603 7488 5172 4073 6977 972 7047 6846 7832 4567 3506 7054 460 3151 8423 7269 1974 3662 2786 8674 4813 4277 8690 8884 6721 7093
23 1879 8323 7546 8133 8747 3058 823 9497 415 2809 7370 1008 947 7195 10 5639 7056 1035 6005 8825 4040 4678 6096
18 7849 1778 7483 3282 276 4597 3960 3777 6117 4386 785 1413 2911 226 1390 1087 7393 5790
19 394 726 9252 8821 1719 2027 154 4903 7853 3479 6383 5823 143 7484 3492 6968 7390 962 9326
16 1794 5562 2330 3251 9056 5862 1163 6620 7420 6549 5414 9098 7688 8809 5198 1426
31 8086 5285 9511 2731 1884 9158 2362 1081 91 7339 4699 691 1193 5210 7065 928 3756 28 6948 3293 5638 8971 973 6627 4151 2976 1001 7001 7766 2659 8480
35 5027 9406 7020 3865 3403 419 69 5602 5054 92 4555 46 930 3609 5263 4302 4472 2375 9270 2325 4369 6308 4188 5195 6469 6001 9143 2517 8388 995 9501 764 7951 3020 5370
11 7468 7671 6394 5302 9312 1007 868 3658 8276 1615 4091
23 6843 7082 3991 3602 7994 4318 5366 2556 2121 355 2645 8264 8432 9835 7942 5850 6204 4671 5257 111 360 6384 4799
23 8189 6329 5113 277 7637 330 4139 8118 5043 2434 244 5844 6426 8843 7006 6974 4810 5530 4559 4181 2656 8424 7789
23 6269 6053 7249 3445 7193 5409 3775 175 5792 9741 7894 2179 8136 8906 8565 7960 7923 2058 5152 5146 314 3741 9999
6 7188 8104 9627 3539 5891 8308
25 1332 3294 830 3740 9579 9624 1424 9357 7791 2104 8067 5645 2688 6906 7354 6709 1205 418 3728 8130 9787 7719 8265 220 5953
31 7709 1973 2291 2034 9221 8033 4993 4979 6149 8049 8495 5722 9384 9618 3352 7470 1829 3243 9115 6136 4684 7959 6396 9119 8396 4350 1972 9168 8613 5538 4308
7 8213 3029 2511 5554 2660 5653 4374
36 7064 4706 4507 977 3615 5124 425 1553 9928 8312 857 4843 6920 7091 8516 9498 8550 9233 2256 4708 3355 532 7992 5276 7526 7617 9887 7168 1148 9650 8267 522 5047 6919 1261 2312
13 3697 3601 5369 3760 788 8012 1403 2211 4778 3713 4192 7343 998
6 8787 8209 9927 4476 2224 3528
32 6656 2992 1777 6886 6871 6537 1168 1458 4195 516 4642 9141 5305 5451 5715 6730 512 4582 3446 5249 5577 9683 6532 8041 9739 6835 7694 6588 3957 5776 6819 9131
13 4536 873 9754 5520 6282 4529 2306 1556 7127 4149 3400 3408 3723
27 1227 9852 400 245 8573 2060 3435 657 7762 7822 4213 4566 2479 5278 6292 5704 3686 3828 1996 4234 1765 3515 5197 269 9494 6509 3478
32 7293 8459 2711 3510 6836 8167 1211 4256 2907 2229 2557 3139 7718 4382 1072 5032 2873 3545 9643 7598 6619 2218 603 7652 373 7481 8802 5869 8867 2583 4530 8430
36 9733 7287 1635 4833 5089 3786 730 7874 9410 871 2702 8782 4561 7987 3847 8591 2189 6778 800 9080 958 139 6860 5421 3353 3094 3456 5339 7955 6194 8097 4998 5202 1931 759 7980
18 1447 7891 9011 2751 4449 7505 6590 4917 520 7313 2478 1975 5493 8913 9883 3533 9004 8054
31 5971 2422 9320 7666 1830 2338 3502 3477 2802 4888 2108 254 4441 6963 8261 3992 3213 3714 8576 6137 8532 3810 345 3464 2096 2592 9061 3480 1137 9536 8171
18 2324 4405 6825 2368 1051 7490 9671 9939 9175 155 179 8356 6668 6291 9493 6074 3284 4241
6 2418 8394 4517 9905 3890 9489
6 2296 9459 6349 6158 6994 3229
14 3333 6377 3767 3198 3399 4459 632 6577 9552 7863 1095 3417 7214 4662
12 1883 7346 5250 2160 5442 6122 4663 104 6801 8065 9777 9530
