29 2547 1241 7407 444 7938 7529 7878 6924 1540 1322 5755 7467 3553 7516 1231 38 1833 7261 1717 1917 545 4438 5086 1287 5158 5479 4048 4884 9256
29 2887 4135 8959 1120 7380 7180 3075 2094 775 4877 3412 1028 2933 6538 6846 7127 3336 1628 5055 7119 2550 2560 6313 5393 912 2318 8621 3455 7235
31 8678 2511 4021 8690 6590 8236 5231 8514 1976 1881 8980 4215 8654 8976 697 353 5654 3001 768 1234 3209 1072 7776 8660 9281 815 8293 3263 8074 7147 3380
33 5534 2297 2785 7262 6267 6433 7471 458 450 2901 7896 1663 8725 3130 8467 2556 4456 7859 5177 672 3017 2118 4524 7329 4985 8095 7223 4067 4356 4023 9001 3983 1242
28 2854 7381 6183 1734 7626 4171 5123 6824 969 3521 9163 3276 4538 8168 1298 1836 7549 3892 3929 5524 1747 5662 8931 5582 3219 7594 2295 3287
29 7722 1915 3322 8656 6607 7044 3970 9178 601 1777 3868 2087 3960 4596 2362 4238 2998 4575 6045 3833 4192 2746 894 2693 2632 1798 254 3841 2730
31 1181 5951 658 5568 4504 7346 3214 6368 4701 7686 1479 6979 4979 7817 7199 3819 3061 3396 5579 5840 3661 3895 8947 494 2875 5434 4832 9126 2842 9030 9112
27 3800 7544 544 6159 5333 2019 717 2543 4516 5336 5323 6290 8239 1819 6704 5125 6707 5414 9003 5685 557 2391 3801 6868 4426 5489 2072
31 4429 6211 3861 6446 5806 5473 7406 1315 5307 821 479 6184 1232 3751 7154 3941 5274 3087 5848 1623 3014 680 5765 6297 1258 3050 8808 5535 1071 7101 3666
27 8340 6033 8187 1835 6232 6545 5554 8428 3111 2595 8141 2796 462 2642 9121 3725 1357 3274 3296 6523 6122 5250 1006 7173 4561 781 1207
32 7132 4188 7415 2266 2154 6944 1222 8323 942 1654 381 5242 5898 7883 570 3003 3437 4109 4706 7781 4637 8224 2677 5241 216 1859 1611 2768 5574 5066 1192 1578
27 6101 7979 109 1711 7322 4804 7029 4339 6493 3515 2340 4998 6300 3567 2506 5095 5676 7735 7539 250 8984 8180 1382 7294 719 5164 4006
29 1735 6897 4968 7613 5070 9010 3390 4369 6623 1413 2688 8191 1965 1038 3211 4589 7120 576 9133 8434 2504 6383 9078 6754 5041 8941 8015 8041 859
30 4670 6923 6238 5839 6359 4864 2413 7182 6324 468 5993 160 7528 7732 6719 9051 1 1572 2568 2325 406 5730 523 2664 4870 3358 648 4840 1327 1200
29 1849 5778 8921 2168 1138 1286 7981 4432 7877 294 2296 473 7162 1313 3103 2287 9144 873 8488 1664 766 3028 8773 7159 8207 1697 7214 1505 4699
31 5329 9019 3144 4363 4271 3364 5415 1229 2968 3393 6930 5989 3735 2740 4748 8535 4377 6782 5246 1000 6687 9028 9226 2489 1581 7600 7956 4367 302 7771 7562
30 7402 2829 3448 6352 4976 8633 9221 3603 3175 3205 7340 8295 892 4089 6375 4152 524 7324 3882 6949 5915 7892 8362 6464 2200 8497 3593 5447 1350 8620
31 3931 28 5770 5490 8989 8131 8352 201 4932 3755 3560 9138 8533 1416 4949 526 130 4209 6793 2658 6882 2862 5922 5901 7404 4703 7414 8757 9086 7733 937
33 181 671 3086 1988 2807 6798 8431 281 8560 2047 412 8564 6291 7628 4767 7558 5604 2064 5689 1544 6781 5213 4764 178 3816 1978 1942 2232 7049 144 5493 8445 3898
30 6217 113 5981 6237 6655 6332 1137 8285 6601 1455 8838 6387 6040 5718 5324 6216 6541 3693 8297 9166 5230 1191 8993 1188 8435 7525 4959 2103 1008 5167
29 4958 8109 8133 9089 4457 3297 2959 7036 2081 3141 203 1856 5738 5518 1422 4415 2134 9027 9225 3210 7213 3883 9297 8163 8339 2654 5092 6559 2797
32 1638 3595 8048 3789 4224 6067 7335 3723 1671 2867 3645 8174 9006 7866 3102 2378 6848 656 3073 5154 3812 8253 4733 1823 7369 4954 7354 871 6181 6094 7094 2557
37 8462 2743 7117 4974 7158 3110 2559 2532 7846 5052 67 8244 1729 229 2246 9080 7142 418 6169 692 3385 79 5955 7450 510 7517 6103 1041 5190 2651 1613 1118 2159 8334 6795 4682 3069
30 532 6984 1850 7827 7756 3243 4546 7308 3400 9289 1852 2590 6096 820 427 6552 2007 3273 2667 1244 4572 1083 6639 2619 7239 8454 6444 5283 5500 8200
30 2348 3370 7640 7999 183 4936 3502 4317 2823 39 3059 898 1708 5520 3922 8212 5264 8299 3278 7382 1596 7552 3063 7838 2980 2175 2761 25 4582 6637
31 287 6563 5214 5378 2674 6586 6668 531 2721 7305 5979 3573 4187 7842 5452 6028 3650 955 4494 1707 4077 5813 4752 1262 3114 4138 8280 6842 3835 5266 2167
35 9180 8649 2157 2398 86 5853 1440 3344 4990 1617 5583 8648 461 4482 9149 564 2522 6205 3527 3201 6279 5886 3248 8348 8125 9288 4865 8927 3652 194 283 985 9209 5395 9183
31 4085 3721 8082 4285 4053 4834 7441 2341 2719 198 451 8120 202 805 4812 1981 1933 4098 1567 8826 4058 148 1385 5690 2736 6367 3539 4720 3159 2880 1609
32 1059 6895 3064 59 9232 6197 4092 949 5353 7973 5555 4261 8760 2989 571 1085 6420 1024 6774 490 2174 7636 1312 8298 4086 1603 965 3534 8948 3471 7570 1944
31 3793 1553 395 3738 4876 9303 3316 8869 3424 5480 2352 8468 1517 8331 2473 1929 3442 6461 4156 8832 3769 6699 643 1018 958 7668 6165 1626 1736 0 3750
25 9015 1864 7617 3031 6833 4225 4326 3181 3409 3924 8018 733 4934 5904 2955 7244 4167 944 556 6664 8337 4069 5442 989 422
32 3038 1754 866 3818 8751 9300 6024 4128 6738 6733 6755 45 1161 5358 5846 5218 6362 878 3303 7152 6170 7879 5644 8356 2267 1748 3906 5116 8306 6158 8775 2098
29 4501 8387 1023 4554 5742 8588 5973 5067 7868 6643 8815 7841 6109 4344 1972 5928 8556 8609 4722 1768 2025 7251 841 8858 4443 5942 9173 8940 2799
34 8516 2386 549 6823 8403 6961 5339 5465 258 4940 6418 5780 803 33 5276 7231 6285 1594 1580 8716 2501 3796 8461 5278 2812 9290 6147 3419 2594 4070 8979 5834 1195 6993
29 7928 2824 5569 9185 683 4203 7486 4316 5911 5344 4498 7243 1093 548 8528 7856 40 8216 5337 6269 756 2630 1299 8819 8035 4996 665 7370 58
34 1706 631 3559 5506 5010 2960 7596 7271 813 6385 3423 1516 8264 8806 5244 9076 7255 2176 5719 5777 5345 2418 3161 9258 2262 3191 4521 6504 3066 4060 4148 1213 8500 2951
27 2582 7908 5987 1607 5016 3606 3925 2591 9073 8554 4286 3611 6953 8768 237 5985 6844 3784 2739 2563 7474 4610 8885 5550 1997 6941 5553
34 6489 5051 485 8966 4734 4543 723 1618 1410 4117 5114 2257 2460 2179 2979 327 8899 5855 849 6983 7045 6600 558 603 3167 3826 5426 632 5497 5153 6306 161 1522 1233
34 415 3810 9046 6202 3653 1499 3022 7645 7792 8901 2261 3919 5110 2164 2302 6988 2497 111 3371 4227 8687 8151 4562 101 540 3713 7725 6470 5530 6055 8756 2691 7652 221
27 5463 2828 2889 1133 5422 3332 3168 4288 8346 475 9021 1364 3498 4739 6061 4130 4107 6328 3893 4205 149 8666 6841 8661 1309 3236 1466
24 6737 5845 3488 4679 6825 9319 1515 6621 7250 4922 1169 6686 7110 5373 546 362 2184 8322 7778 4745 3976 2827 7003 599
33 8767 8114 3229 8863 5031 3035 4268 2366 8617 7236 8201 3589 1657 2165 1680 1122 7536 8294 4519 2734 2830 5004 3758 3696 8785 799 6856 219 8221 3766 2811 7958 7498
25 3042 3090 4121 2553 1576 8169 8380 4299 253 1273 265 6076 6450 6537 4641 3453 504 7080 1512 2698 3646 5519 6443 3779 8291
40 2750 6249 7936 4935 1691 9037 3330 8670 3313 7649 5594 6630 4686 3106 3450 8898 306 7659 6456 7954 5562 6439 6400 2244 5917 3164 8736 9036 4559 3295 2316 5807 8501 6917 6574 2822 2650 2322 8839 1551
34 6344 82 153 8579 2402 5328 1749 5486 1390 2528 2900 8770 7468 2865 5491 617 4607 4269 5541 7219 5284 2009 7105 6278 4744 8593 785 7811 1340 527 4254 2085 737 8447
26 6709 296 1267 5313 1131 4335 5592 4005 3280 1406 3872 3301 759 3741 7004 2551 959 6656 125 8852 914 4818 3325 3596 5320 6948
28 6210 4534 446 1307 1723 5139 1996 1114 6872 4195 164 8882 1230 2356 975 8288 2759 7989 7895 9004 2604 1020 568 1720 4046 4800 7291 6044
40 569 5120 4300 9219 2716 23 4413 3025 2848 1257 4868 6894 3359 8671 6410 308 5130 3945 5822 4801 7325 605 8551 8374 1892 2392 3242 1116 3200 2210 6168 1486 9063 7712 5880 7579 4951 5088 8877 8876
27 1746 209 1337 1345 3975 6412 6303 5878 6294 1026 6346 4179 1583 6386 4853 8440 5417 2388 8069 5850 1376 1513 5634 6962 5773 1552 4103
24 3324 2700 3544 6718 6166 5005 4395 1438 7496 264 8861 3272 2957 5030 7591 392 2920 1439 4418 5537 7922 8408 3123 3387
18 8487 1523 7342 4061 9146 5178 4600 9274 6629 4515 4604 9047 1022 1802 8632 826 3638 9145
33 4189 2196 5632 6654 5034 9260 7975 2525 2359 5312 2468 5192 7332 2846 5767 3503 9069 1668 4118 3641 2155 2207 8361 7656 7073 7923 3908 593 5112 4895 6307 4910 3562
22 3202 4450 946 8836 5998 6616 1604 8070 8093 8145 2778 3710 4649 1247 4960 3285 4186 8178 5528 3513 3445 7585
24 9081 2849 4928 1269 6674 722 2383 5950 6888 1127 7168 2152 5803 4886 340 8871 6576 7563 139 5621 2289 2099 5398 2202
23 6873 3950 6022 8953 8639 9075 7673 6172 400 4004 1372 827 1002 7009 8532 535 9216 7179 6907 1260 3134 8407 8246
32 6090 7587 657 2635 5816 1928 5435 3626 2028 3347 5161 5930 8256 1649 5652 906 8603 2046 6467 6404 6636 6625 1980 9279 6428 1844 5601 4150 6016 104 8330 7609
24 8853 6018 7867 7831 7386 6788 7076 1792 7017 6783 6863 5400 7396 2817 7946 3564 8153 184 4635 5488 2614 6521 5206 84
27 4636 3781 5696 9184 1563 3917 3802 1985 5118 8420 2020 7481 1968 9321 4469 335 6402 9197 572 704 5381 3948 5549 7427 4242 5036 2868
33 7703 9154 6927 7694 1495 4019 7708 5596 8845 4306 4393 8483 240 7630 4799 5134 3737 29 4336 3938 2137 8590 9282 7987 9023 5014 514 6579 7860 1158 4283 4931 7601
33 7320 212 1212 507 547 53 654 2804 6957 5268 5932 349 3156 6042 2270 5252 8710 3094 3569 990 597 883 2249 6613 9085 3199 2858 4587 424 9309 4571 4184 7403
26 6819 687 299 1834 4759 7113 1728 6494 6221 1674 6658 788 3524 3043 8442 2857 5432 500 7478 2971 8578 7438 543 706 2643 8261
38 2949 636 902 1875 6321 7738 2264 8541 1087 8711 6051 1160 6633 2596 1816 5709 7737 9200 6041 4573 5365 310 5162 224 4552 577 5436 6102 6240 7888 6298 7146 2321 5212 5038 2142 644 7843
29 5007 6604 8456 5711 7801 6517 1031 8810 5288 3215 7547 7068 3221 4751 75 774 6971 3321 7702 4808 3477 6053 9257 6271 6162 4625 9053 7523 8006
24 6106 8640 6085 9044 4905 8883 8903 5872 7224 50 4878 6584 6534 6089 9077 5663 2509 1334 4615 4105 5499 7086 8091 4758
40 3783 6951 4083 2724 2122 6379 1238 5724 2744 7854 367 839 7500 7595 9094 3681 6926 1715 7392 2243 776 7863 5956 7719 3703 1488 7301 1384 8519 7681 5386 4008 2194 2562 8939 6487 4646 4422 1998 7051
34 2942 1426 994 2337 4860 3182 1308 1016 7986 1176 2982 8252 6435 9305 3420 5927 142 8512 4108 7102 6361 1975 6225 8241 3289 2286 5087 2629 3967 2447 1074 3708 1983 6365
25 2000 8482 8308 8994 1993 3911 8505 3121 2354 5792 8302 3809 5760 586 6560 9195 2148 1084 1990 3631 8325 3394 5729 7926 5752
27 373 2757 3366 918 3376 7728 2754 3241 1620 157 1359 7197 3204 7930 4718 1097 2970 4542 5237 2437 8909 5980 1666 778 8049 1681 6099
19 37 7834 735 5859 7837 639 7767 5104 8328 2220 6797 925 4768 4197 846 2927 3275 6 953
21 8395 4525 7970 3306 2199 3989 5746 7795 6436 5467 5456 6786 4590 1589 2351 6669 4320 5939 2444 7554 7799
16 5293 5515 6801 5897 8597 4728 4042 2803 1665 9093 17 3160 8284 1585 5234 4527
24 9041 1774 8575 3249 8413 7018 7620 729 1366 8005 7207 1824 191 7565 8486 858 6822 8804 6268 1797 4022 315 794 1702
24 1094 2461 3282 3745 7751 4763 5552 1913 4906 5875 8696 5321 3665 9302 3662 8922 4953 7717 6970 1266 8259 5058 3060 1534
27 7546 3831 4382 236 409 92 9020 929 7947 6150 355 6688 8143 260 8739 1911 1435 5502 1196 702 3711 8688 9206 5330 5561 365 1698
23 1102 8000 9153 2097 2347 4642 7358 6047 7671 8689 3568 6638 6270 2873 3074 7919 8794 1839 71 3955 8674 2248 1893
13 1332 5011 8276 7900 5226 8326 9099 2074 2681 73 3179 7709 6565
18 880 924 8449 4660 3791 3613 8831 698 10 6977 5380 441 4795 2661 3777 8817 4199 1014
32 2139 5720 7175 2364 6858 8623 146 2773 6254 7643 6153 1062 8873 4945 4781 5510 3686 770 9159 8916 188 4385 1817 3977 5992 3869 4978 3041 7697 210 2101 4887
29 8365 7798 1703 3558 7155 7114 5157 5705 6088 1256 2367 2041 5224 4780 7852 5315 8229 8073 3418 8248 3815 8117 2558 9097 4407 8799 2671 4648 20
25 5641 6756 6937 8520 4669 6305 6684 3018 9169 346 2434 2874 6731 2930 384 9005 6516 2329 1239 6879 4663 282 1011 4169 3335
23 7611 7202 8706 2899 9130 8664 5180 6596 4861 502 512 2710 6296 1543 2715 3417 720 3990 3637 5301 6167 5085 1565
23 7066 7706 2365 6117 2458 616 7061 4597 6662 1886 7056 3508 3021 4013 2576 1860 7445 954 8028 6800 4776 574 5913
21 5064 192 5844 783 7451 7464 2984 4142 4721 2895 4836 1302 4518 4294 2193 5787 5920 1793 7193 2894 7974
27 1910 8816 1478 780 2476 4196 6369 8951 6302 7139 6020 4221 147 6502 6136 5758 2561 5355 1653 3633 4742 6898 5359 592 5455 7666 5074
18 3719 4141 5837 4502 1223 3689 3245 2405 9241 163 2051 7633 4436 2282 8032 1467 7418 6724
17 3520 8448 5492 2663 666 7625 1112 8219 542 563 1644 5418 6598 7072 366 6376 8795
32 3216 4517 573 8104 8183 6692 1862 7151 2136 4632 3563 676 3170 798 8162 796 3832 2881 2133 3795 5885 7676 3132 3079 978 6982 5371 230 4676 7761 8234 7081
14 133 6107 426 231 8727 3341 3145 8624 4164 285 4175 8275 7762 2564
18 828 7437 9228 5557 2527 5702 5957 4869 1725 6919 5107 9064 7637 2603 1548 5176 5166 1745
34 6698 2987 8138 695 6453 9031 3722 6922 3913 94 3186 3761 2781 595 1165 3859 550 1128 2727 5411 8310 7715 7760 7638 8358 5580 2027 8189 1167 2891 3228 4972 2536 5194
18 7475 6480 8026 8481 1285 8025 6196 41 1449 3077 197 304 3398 7707 1012 817 2820 7492
19 387 893 7216 2309 6883 8058 270 2188 5700 5660 7233 8235 860 1590 1945 1292 1013 6889 5397
24 1810 3331 6471 5006 1358 1316 3928 6945 7508 8737 7277 3454 6143 1328 4253 9189 3065 7300 7664 5419 6171 3935 3937 255
22 2816 4991 2720 3656 2853 5138 8060 4177 1740 4490 7227 3854 9199 4308 1783 5926 4621 2622 5115 2712 463 3623
23 8926 4381 2503 1772 3008 2973 8553 1330 3886 5135 8886 5129 6854 552 7043 5643 5691 5271 2456 457 8982 4639 1119
25 5978 8220 677 5982 5821 8478 3238 7912 8509 9205 4691 1532 9264 7890 998 8412 4258 8383 1568 5605 5046 1727 8954 9316 5019
16 6968 5647 5408 5357 779 8594 226 8385 957 7944 1135 626 2709 7909 7657 8195
16 2777 3478 1204 8296 5722 9196 5888 2241 3023 2896 4925 377 2819 9248 3480 7651
23 1036 7864 621 6605 7248 5824 4673 3226 8611 645 6224 2013 4966 9156 3870 4961 1015 4874 9082 2673 7083 3909 3499
22 1323 5126 5248 6878 4332 931 9057 3360 1555 2190 6466 4476 1203 3329 5526 3125 6234 6859 5363 6567 1437 5160
25 7040 6735 6131 4831 7365 5444 3165 4496 2965 7851 2882 5511 4736 1951 2474 5047 2937 1882 1950 328 3438 2753 4202 1263 7067
34 6996 589 5750 8967 4570 8038 7334 5595 5879 7229 6544 4334 6622 6135 9177 1164 8797 618 6357 195 4101 3547 2008 6884 2656 887 4585 5343 1614 7071 1858 664 1163 7314
25 499 7634 1612 6068 3048 2305 3636 3096 3046 6401 3356 116 4185 1903 6994 750 5013 611 4073 8704 1063 1282 3460 6155 6887
22 6121 2470 4880 2783 6905 1086 4062 6821 8636 3496 8458 6347 4102 6360 5543 2242 5290 21 1379 404 6748 8338
17 7089 7477 7729 4153 1888 7312 1227 4652 7618 5360 3039 2838 5768 4448 5099 4012 5273
22 6528 519 3834 6200 5217 8446 7272 5077 7689 6780 8601 5650 3586 4402 6701 4477 7134 2317 3305 4757 6947 903
37 7998 3940 5091 2953 4856 2393 8973 4474 6372 89 5994 3397 3724 4051 8247 8796 7556 1295 5327 2435 9072 2943 2181 2601 7943 1088 4158 1992 7578 5285 4284 4230 7001 7941 5876 8655 3799
38 3814 8769 9134 6318 2425 1526 4855 2549 2941 4137 8888 9140 7379 8061 8023 5828 4533 7421 8433 5184 2095 2327 6394 7205 4512 1432 2571 4989 6925 4986 4896 2792 1758 6808 5870 6549 8522 2847
9 8733 1592 3729 804 4475 2684 6176 2494 5061
17 751 5251 1808 2061 1799 7112 1272 2330 7931 330 6555 7927 923 8300 4119 8121 742
28 2686 2645 6762 1636 1341 8531 2114 7107 3414 8992 3010 6777 4785 2206 905 3129 3899 3625 5721 2520 4378 1198 6725 2131 1197 5062 7882 235
21 5969 591 2030 6219 4319 6454 2687 5235 8507 2577 3084 7782 398 4031 6000 8771 4479 4428 5215 3995 6198
33 4056 4462 7769 477 5772 6059 394 5458 5202 5390 6558 6864 5629 2649 9220 9095 7315 8054 8008 8132 2451 7603 2932 2516 6553 4404 4634 1687 107 5564 6519 2332 434
22 3217 6705 5831 1731 7385 630 4324 8007 8932 1335 8878 5630 3314 8761 4079 8788 4687 7862 1684 6230 5648 2469
21 816 4697 7913 8198 2093 8800 1199 513 509 3798 1667 5140 590 6275 8937 1744 52 8439 6920 3894 8062
26 465 7504 7137 2221 6615 8455 9250 2618 730 3294 2947 7390 4279 1855 4656 6651 4259 2301 3253 4797 2692 2840 1393 4486 3373 8647
21 6442 8311 6392 6449 7541 2806 1162 6252 8140 6011 3572 7015 8063 1923 4643 2508 4219 344 521 1924 1484
18 9151 6706 9310 4374 8702 7950 6226 5737 78 7980 7610 1090 8637 6619 7150 2513 6021 3619
17 7484 8830 4741 6803 908 1185 4303 6329 5627 3756 7506 8999 5450 8417 4994 5367 1509
13 1559 76 2665 7005 865 5832 5637 3880 3002 2678 3966 4802 907
16 9091 9247 3020 3518 1290 5809 2449 4325 4789 8436 7281 6921 8274 3391 2637 4726
15 7391 5923 1826 8426 7330 6414 5999 947 2127 5710 3034 8119 2706 8126 847
22 7678 9203 484 5625 4173 4731 8173 6490 7770 4549 7064 5073 8667 4705 3864 4787 1171 6013 724 7521 2090 5311
18 3426 4297 7289 6792 6752 6838 257 3907 808 5182 1436 5576 3203 8281 5653 8949 6299 2908
18 3964 2212 3470 4770 1053 3842 1560 5105 4997 7501 1769 9008 5223 3837 2215 3858 6771 4194
19 329 7461 2310 1193 4040 6424 5940 6881 8570 8452 6163 1593 6199 8022 1360 6575 301 175 6628
21 2312 5219 3971 9286 7650 3771 8998 7376 6084 4912 8724 5692 6772 6741 3910 2307 1251 5431 1786 8745 3597
20 5421 3838 5646 5314 361 7328 220 5020 8743 508 1324 684 345 2001 1645 6074 7684 3664 8257 6463
23 8847 1155 1491 3808 5856 321 3683 6715 4143 4364 900 4863 2109 8566 3237 8964 3476 8583 7143 7713 8659 7336 8691
26 5799 3621 3309 2850 7605 5410 1434 8987 1035 7200 8686 6077 8700 7615 8559 6050 2319 1634 3435 5525 7204 8558 6749 5804 8258 8020
21 7276 792 8527 6986 854 1173 4603 1907 5680 6591 6618 9214 7809 6540 5056 293 624 6580 5819 7739 3992
24 5053 8864 2544 6909 3805 8580 4310 2573 4064 7599 7453 5817 6116 1468 2975 8430 1506 1814 3879 7176 7526 3184 3302 4907
24 8750 7997 7109 9165 3270 5725 4034 7256 2239 6015 2373 5043 8870 9092 2978 6547 5517 5299 857 881 1801 4965 1442 8824
17 8572 2078 7695 8985 4619 1637 7337 2464 8891 6014 8208 1430 6432 3091 3032 7190 4560
10 9087 3468 7642 1688 5249 3602 6695 363 3616 5209
31 8105 3338 5786 1971 5300 5726 64 5078 8997 8628 5076 3714 2912 2222 7894 9211 7555 6913 7635 7215 4654 6319 43 2484 8066 4430 3988 6527 6900 7533 2338
26 3225 8496 7483 8341 2994 2617 5060 3015 7586 4675 6853 2680 5003 9271 7033 8544 2633 9188 7311 8215 2784 3206 5673 5560 4700 501
26 4919 7115 5611 4351 4082 1471 8662 6097 3579 2471 7257 7744 2766 767 3890 4166 8677 9181 4526 4602 6614 5796 1800 6484 9050 1541
14 6391 3416 1788 388 8928 3900 5388 3083 6981 4088 5571 3773 3679 42
21 269 8377 922 1891 1398 4072 4485 801 1643 7447 4541 4307 4809 1139 6573 8177 8286 4256 3688 159 7184
18 8226 1411 169 2236 7253 8803 4981 7021 3953 7111 1003 2944 242 7977 5919 3578 6758 3058
24 8425 3871 5304 5741 4191 6282 5623 3788 4532 8642 811 7259 4113 2585 6665 5756 3817 8423 3551 5857 2542 4106 8895 7007
26 354 8386 1979 2492 3549 919 8272 1293 5316 8409 1226 688 8720 7473 8355 420 2818 1770 8920 6311 7590 8835 2104 6320 3554 8347
30 2821 2703 5782 8957 98 6355 2481 7157 5959 8698 8605 6609 370 8641 4163 9168 8610 5352 4626 3969 2540 5143 4084 4357 6364 2023 4655 3576 3600 8787
20 5512 6124 2574 8857 4513 3340 5584 8150 1908 5392 6396 2268 5025 3099 1283 2043 6666 411 8233 1101
23 4380 4451 5082 960 6965 4917 8167 1974 8185 9266 5820 5482 5883 8850 2183 2053 7832 7042 7422 3952 3189 7295 6070
19 5586 8917 4247 8650 4047 7764 474 8344 594 6455 964 3286 8390 288 9222 1989 7985 712 2782
31 8186 8228 795 2147 4245 6700 2274 1149 7476 2917 5023 3744 7723 1842 7465 1897 4417 3227 1103 8203 8411 4115 8524 2903 3698 3293 835 9246 5247 7449 1405
31 3901 7755 5022 274 5331 7988 5292 1854 2223 1409 3787 5902 74 428 7788 3674 2922 3051 1344 3485 4111 5966 7351 4593 8584 2523 950 7059 6104 4039 199
19 1250 7730 7960 8343 6242 1690 2077 2384 6235 3736 8555 7384 2988 410 5867 5108 234 7787 286
27 256 5356 2599 2775 1150 5603 6272 6703 823 4520 8029 9120 4694 3357 5372 8240 1346 2790 7263 8017 7286 245 1525 6874 1615 7203 8466
23 137 726 891 6946 6992 7978 3630 1889 2203 2999 2372 9182 5589 4416 8851 1847 3505 5146 6904 2935 307 1641 2052
32 4154 3888 7965 4492 9252 1401 8971 4939 4277 2472 8776 9242 4295 4365 3881 4272 2452 1880 8324 8470 8933 5703 6557 4857 6871 49 9285 9129 5260 3927 2357 6536
18 8075 4611 6597 4973 3701 1317 2150 121 3752 2995 7074 6551 5394 4229 8506 992 9101 3436
22 2961 1804 5656 4715 4406 7929 1214 619 1782 8110 278 9123 8499 7087 4987 8748 1235 1570 3100 3337 2993 4080
11 651 7099 7775 112 4236 9070 6304 5267 6354 7747 7918
11 3516 8875 7363 2627 4263 5297 5793 5674 4466 2834 2668
23 7442 4875 5889 6138 1448 1960 609 2584 4467 5238 3587 4746 8821 2826 3584 5370 4346 303 1984 7103 3467 5384 4551
21 5416 1378 1190 8944 9239 7090 1743 5341 4003 3884 1168 4807 528 703 1584 2466 7327 3402 628 8130 2163
25 529 8741 2767 1445 1180 5613 7833 4898 4465 6309 5243 1876 331 8812 8225 208 8615 5132 2722 8983 3827 1404 6727 1531 8031
15 8814 6259 7211 5826 6120 5171 8703 1934 47 602 2143 4846 1301 4296 7757
19 5389 5790 4595 4133 6239 8111 8779 1693 2566 6231 2765 1719 8262 8372 3731 7993 7758 7 449
17 5469 1296 7188 6276 7917 8683 3033 2238 1807 390 5 5094 7023 1021 2417 9284 6009
24 4924 7522 8382 1394 397 102 8410 4963 5946 4391 5009 1561 9040 1284 5255 7983 6548 3704 736 8503 3374 7419 4923 2742
29 3198 7639 5163 6513 2589 3264 6342 8443 7383 7169 8763 3844 5342 3747 6893 6834 5113 273 5225 7222 988 244 2189 5736 7440 1444 5079 7793 2057
29 6451 5619 6064 389 8504 3525 6820 5587 1454 8376 1943 206 4779 1098 6156 3281 7608 1237 7876 6477 1759 5514 4962 4439 8956 5183 2140 1639 9187
27 3115 7270 7624 4015 7698 8911 1374 4155 6054 2186 3101 4888 5196 4274 6931 4338 3097 145 6017 6222 3056 8791 171 9111 4995 2883 8571
22 867 7853 4730 2598 2082 4688 8318 9048 3267 979 5802 646 1073 3315 9308 4783 407 136 2151 4993 3767 7736
30 1220 7572 8149 8396 1189 4881 3999 1867 5406 5706 2610 6932 6431 8970 4093 8237 1423 48 2277 5887 7940 7672 8930 4228 6815 3663 554 4755 8389 4463
14 248 5106 1457 3675 5351 4845 5678 3036 5059 7886 8754 1953 7293 5028
12 5121 5012 430 7166 2443 7503 2457 5501 7444 5481 3271 8354
27 4738 1529 6023 9088 8842 2490 3098 9079 7000 910 2588 2529 8923 1275 6908 3220 9312 1450 7696 4313 7028 4662 2415 6640 3852 7661 7542
19 2171 3707 3794 5672 8907 4305 9014 7098 1631 852 5977 6561 2462 368 708 7002 6522 1075 1492
20 152 6207 7925 3585 8630 7648 6510 3644 6100 2036 8359 8327 1659 8955 4866 7013 2813 4629 5609 4911
26 3240 5037 7704 2690 8484 9124 3978 4598 5668 6498 8351 8205 6142 5054 1297 8319 8154 9007 4200 2800 5893 7397 566 4902 3006 3024
4 1863 2977 4431 3839
15 5272 8722 4811 1995 3375 5997 2271 3395 4617 4002 6886 5936 408 5667 5101
14 2495 8801 5377 5468 8780 2963 5538 1029 2172 1067 2514 5531 3566 3742
15 8404 1443 7915 8874 3131 9108 4743 251 2938 4001 2096 551 1685 5771 2247
23 1456 1608 5387 6146 5825 1351 2334 6546 3405 7680 760 1577 5812 2263 5263 4291 6964 2747 973 2448 1377 6260 537
22 515 4747 1838 3921 2455 7690 1383 247 8077 275 1099 3932 2002 5438 1790 295 711 8592 9127 1412 5423 7759
14 5952 1656 5048 2187 1148 8925 1144 5675 3634 5472 934 7126 8614 2390
12 7011 6476 1650 9234 3011 3677 3080 6680 8282 8016 6582 4447
40 6204 8764 19 2996 6206 1524 262 3196 1843 2276 1931 4330 6512 8652 633 977 9170 2940 3222 9191 814 5485 8479 4011 2795 5903 437 4685 7623 7395 5858 8004 8335 7902 8734 13 6929 8946 4371 1447
30 1737 3570 2990 3699 3143 472 3469 8194 284 7041 2769 7691 1796 7268 2363 5477 7822 3915 7393 174 6867 9038 156 1530 2976 3016 6857 5478 8717 2035
21 6180 1549 6019 4168 7238 1221 7966 889 765 3511 2126 6114 2836 2333 5317 2438 2699 6129 374 1986 4930
14 5873 4074 217 1496 8471 541 4964 7674 1718 7221 5925 4396 613 1689
16 5967 9210 6160 3993 5891 2948 8424 7816 6140 7631 4622 9229 5827 68 393 3092
6 455 3691 3956 7920 7010 718
19 7038 2518 333 6676 5149 481 6757 9293 1895 7462 5207 1550 3998 4839 1424 6243 3185 7212 5713
24 5665 4854 2161 7368 8629 6679 6384 2534 696 4275 2450 3127 7568 1947 6250 1125 5934 3776 8523 7359 6012 4765 6693 9162
22 4713 2779 8729 7436 3265 5179 3500 27 4915 180 7557 4136 5128 5396 7318 3463 6518 6697 7141 5131 1115 6086
27 352 445 559 2638 879 7433 9147 4754 8421 3926 2328 4683 5563 5908 7260 7884 1789 1646 6330 2794 1869 2060 1489 9060 6333 1678 1818
18 2613 2748 6790 3118 3954 6336 4266 2521 4394 4601 5440 612 8437 6910 1757 4027 7806 3062
14 9026 1514 6227 2298 5310 4971 7583 7121 761 8908 7870 6174 7561 1991
13 553 7125 3555 2408 7589 69 8108 3987 5906 818 8122 3404 6080
19 6331 2788 4798 2209 117 4160 2641 7303 498 1709 6125 3612 1270 7192 6847 7874 1246 4000 4821
31 4510 5841 2708 4311 3368 8231 802 8881 6281 414 2872 5533 3382 5797 1586 1421 5513 2570 6395 312 5409 3592 6087 7495 1694 2683 3575 1967 895 7078 3846
24 6475 123 7106 6005 8974 1575 3452 8738 1610 8538 2015 8134 614 1154 2382 2323 5211 5990 8582 845 6672 2045 2419 8367
24 518 2370 5559 3930 3840 1446 222 812 4929 6469 740 1538 1868 8159 7873 4392 6479 5376 6501 638 4244 7959 2256 705
15 8450 372 6691 4063 5412 2411 3866 9052 7348 1622 5624 3588 4360 5581 4547
33 3247 8887 8563 4658 773 7824 2409 8905 9287 5907 6149 63 3317 6791 5577 8712 9043 6592 8076 11 1669 3147 7897 2535 4162 3690 5986 5658 5971 2626 7448 5027 1601
24 5717 3223 5441 4724 7093 536 7008 6445 5399 5151 5838 6569 2884 4630 7457 1795 9291 2538 6326 2042 6037 3444 8349 5910
16 8602 8892 3670 913 6570 1682 8136 2038 1124 4373 3155 6244 1117 6901 9058 3657
18 5346 8179 4810 3980 93 4090 583 2906 2745 2885 4408 3740 6380 7226 1278 7548 2602 5302
26 6137 2749 7740 7140 5516 7269 2871 7869 4813 173 7847 6626 5715 8381 2833 2070 5877 6832 1264 3620 8996 8868 3914 8388 3067 3421
13 7313 7060 7333 3053 3415 6201 3171 2732 8394 4819 4564 5854 2178
22 8217 5449 707 4487 35 3682 4318 1755 842 1469 7012 4349 4820 8034 5682 6606 4766 3490 1470 9294 3328 7699
21 187 7911 2453 6223 3905 4823 7420 4858 2401 3346 6577 7916 2870 8562 8849 8255 686 8897 5296 1106 1043
22 8196 2017 2278 5945 2905 3004 482 2616 2272 635 3120 1857 6075 3157 8809 5546 1828 5382 3089 8625 4672 4470
10 1500 5865 7750 2855 5050 4980 4412 3486 9243 8243
31 8184 3709 2403 8825 6098 3531 8204 7905 8451 2068 4362 4693 8165 3462 3959 1642 2925 172 2844 7148 8030 2609 1009 1635 7891 4786 7321 6812 2726 8475 249
18 7108 2487 503 7753 3362 6767 1215 4772 4599 8673 179 1255 7519 3875 8701 1874 1866 9237
12 7493 3149 1724 3244 1670 3891 135 3401 2841 5173 7887 3958
17 2697 5109 1325 476 2433 7727 8051 4796 2666 701 2694 2416 1208 6078 1820 1825 4146
14 4893 1692 8747 272 1973 8089 3126 6810 3649 6696 3984 3957 8914 713
25 7378 7662 8665 836 7362 3961 6620 7039 3152 6248 7411 4899 5045 5008 2810 928 5626 77 7423 4400 4938 7969 4616 6389 2631
21 5090 4584 930 8513 7456 151 1375 956 8307 319 5618 5379 7405 6035 5291 2921 2776 8552 1279 530 2863
19 4889 3660 6491 1556 7069 440 3733 7491 2252 6427 6066 7298 5944 6488 8521 6236 1108 6954 6233
25 7181 2835 4455 7306 5503 2135 2424 1761 7124 4640 7805 5483 8792 3176 2526 2580 2050 6809 3361 4409 6462 5404 4956 6589 2581
2 8910 196
21 2156 7952 5308 4255 8157 8604 6457 9230 464 7191 8820 5608 899 1877 8721 4756 5117 2572 7228 9313 4321
21 980 6975 9011 483 1557 7967 6991 7249 6914 3333 1321 4328 6465 1861 3212 1051 3466 762 1140 1058 8880
23 8965 7057 4536 8088 782 8854 5033 8067 6532 8384 4566 5688 6350 7463 5852 6995 4606 972 3194 2211 290 6506 7252
2 5495 3632
13 24 8548 4176 2593 4350 4302 3258 3104 5679 7429 8813 2964 7785
26 5972 3856 5309 3760 5795 6571 1236 4824 1957 4126 6973 7196 2394 6119 8823 7177 8401 8822 6514 3428 1152 9042 4578 425 7559 6958
21 1732 271 332 7904 8144 7840 8634 2510 9155 2397 6503 2086 8961 4558 915 5437 832 4844 5740 8301 8027
20 1806 945 3610 844 6997 4644 1660 9119 2771 1647 2353 1722 2634 2623 5155 7288 2442 2904 1136 5369
27 4405 8375 8893 1044 4664 709 3407 7237 8118 8833 1428 2421 7766 4749 2185 650 7667 8083 2780 8010 9116 14 3433 6209 3256 6794 2024
24 1503 6939 4835 1658 3540 7720 4026 8033 4104 4251 3506 110 6474 8616 1089 491 6891 1254 6126 981 4952 7872 6001 7612
14 2860 5892 3715 810 7571 5228 6317 2044 5791 7275 1762 5425 746 4097
12 2308 6091 6646 1129 8713 3213 4707 7830 5958 127 3874 3350
30 55 7161 8829 5102 8904 4114 8213 830 4442 2966 65 6256 8596 1291 3439 7511 3825 7030 5294 7217 3546 3363 4723 3475 3669 660 3355 7953 9280 1830
18 4982 4753 5349 6935 4094 5256 4399 3068 8046 1554 3318 7116 4125 5460 1039 1753 4523 364
15 7178 8529 5457 5753 7821 1049 4127 8156 4201 8726 8273 6492 3049 5262 3381
21 5401 4386 2006 5507 7783 453 1502 753 7487 3277 2878 3345 2108 3257 182 5645 1582 7428 7749 3702 522
29 3748 6702 1896 5962 2065 1218 2201 7828 6717 8684 3836 874 5801 7316 3813 8549 1209 567 4614 470 7826 34 8884 5261 807 4120 309 3863 8106
16 6030 2793 1362 5783 6374 2280 4769 6071 4762 6065 3785 6972 5597 4044 5383 1952
14 3107 4671 7343 9268 745 7070 436 2502 4484 5894 5639 6728 2075 943
29 4574 8190 8786 7716 932 1092 8811 5484 8373 6343 44 3985 122 1417 3712 1205 1751 5585 2399 385 5914 8866 1265 1537 2066 2685 2227 6539 9106
3 7819 757 3352
12 7520 8315 5168 5448 3137 7206 6969 1371 1336 744 7850 6624
28 2914 5687 6188 8534 8416 8024 2026 8097 8019 2876 5318 1879 7700 4563 243 5018 1712 7416 505 4389 7815 4827 8843 4628 2324 1352 6775 3768
12 831 313 7065 1025 6377 6711 6836 1271 3533 8643 9193 6060
28 8679 1184 3889 1822 7614 662 3605 2605 667 1930 1294 4267 7387 9062 3526 3654 1367 4281 4782 5119 1905 6082 872 4454 176 7432 4873 6736
27 1077 72 4901 5655 6286 5136 1111 3806 9045 5610 2294 2805 1630 4018 8841 6382 6190 488 7641 266 4020 7209 8146 6663 7434 6631 2162
25 1963 2285 3233 4983 8581 4190 2213 9208 2660 5039 4657 8744 7803 3552 324 5996 3449 1948 382 4817 6751 4725 3627 8266 3843
30 3705 7156 9202 96 357 8752 2662 8139 4054 5496 7629 2299 9018 3116 7374 277 6779 9136 2145 8807 4091 1937 2814 7409 7426 1465 6132 1019 8978 2439
15 5103 8268 4591 3694 3519 2587 326 966 2380 5233 6214 6712 3561 3441 6659
38 7092 5779 4613 6025 2349 5461 2197 6341 916 7062 452 168 8960 3754 7341 8366 2861 2579 673 8260 6599 7550 2851 8765 9231 1545 1355 6312 6133 5259 4495 7780 380 7765 7514 402 4459 8669
14 7174 8606 3739 3029 3005 5638 608 4424 5732 1812 9295 4698 6759 1542
22 7470 7232 7454 6845 4446 3732 300 1145 8912 1977 2314 1831 9224 6765 6334 227 4292 9142 3310 1547 3590 7632
28 3640 7372 1356 5201 974 6310 8663 3648 1369 5762 6349 9103 7246 7123 4627 2048 8714 1884 1710 2407 6509 853 1885 8569 2198 5081 6678 7797
18 8755 3261 5631 7560 1047 6747 8463 640 1458 6095 2032 7027 3867 5884 5253 4376 9013 7280
35 5657 5282 3311 2798 276 1899 9098 3726 4232 7790 649 1107 4852 629 5197 360 3730 6843 2916 822 5947 3139 538 5757 4708 1621 1091 7292 7682 4145 6556 4124 3720 4946 7513
21 177 4514 7170 2735 7743 1811 204 6056 4116 5775 1511 6906 7187 5229 561 1773 6789 5470 6852 4017 4681
15 9254 7373 1174 4674 7996 7133 8472 4157 694 6112 7439 1733 396 6675 8127
37 5494 4677 9298 233 2427 8087 2107 3192 6351 3072 6322 3535 4240 351 3965 3269 4942 4071 83 8840 5784 9065 1217 2644 6542 8393 9141 6178 2230 7371 1040 2675 5021 7532 3598 6032 7401
18 1054 6417 7962 8491 8304 9012 8719 8635 8537 3790 1476 1527 2839 7647 4289 4327 984 1068
22 2711 4653 1224 4110 4368 834 4204 5727 1574 2089 2346 4717 8232 2426 565 1066 8990 4913 2005 5818 789 1248
18 8862 1481 9192 4444 6644 4180 8469 8432 1925 5975 8645 6603 6851 3676 4033 1477 9074 7592
21 4735 9227 5277 1704 4329 1528 2406 6482 1310 7768 8728 4784 4147 8009 8158 297 4696 6562 6460 358 7361
34 3148 4530 7567 6497 868 6566 4427 3254 8336 5385 3830 5829 8827 7602 7480 405 6265 1494 7019 7746 2102 4384 8112 2530 7054 4352 8397 1202 8672 1061 4947 9240 5042 8188
14 2888 7128 855 2751 6039 2524 734 6325 9016 2121 6415 5974 4132 166
10 3319 9000 877 3119 1050 7455 6118 5280 2368 8828
22 5298 2714 7924 7273 752 378 7655 3706 7524 2063 1946 7875 5811 4182 6403 6650 2911 383 6850 2170 3876 8333
11 2339 2376 2440 5606 7135 5869 1219 3304 2431 3717 2832
18 1228 2141 8155 4842 5258 6956 7914 5334 225 7310 6220 8044 3853 2132 3607 3902 7502 4276
41 193 1841 3308 2924 7845 9139 3580 131 2752 6288 6713 9273 1474 4666 8952 1890 4342 927 1785 8002 3231 1872 8238 661 6818 3507 5368 5617 3312 8115 1661 520 2762 1177 9084 1386 3422 7020 12 9090 4340
27 9277 143 8653 8494 5156 8161 6262 4231 5306 911 3323 1651 1742 6113 6500 5072 106 3860 8392 5084 2488 7711 3774 5661 9117 6473 8576
23 3865 7299 2195 7417 7446 1778 1571 8530 1573 3862 8059 587 7458 6682 2545 7734 6308 809 5698 7394 5699 940 8889
26 5754 7230 2106 1805 1459 2173 3459 8777 3759 4388 1588 716 1752 4678 851 1151 4131 2217 5693 4879 4568 8391 3260 7796 5805 6289
40 3465 4737 6828 1425 7488 6720 124 9035 8540 155 1259 8681 2479 2607 933 5029 3912 4692 8915 6157 5747 6899 5475 3389 4909 691 1277 8913 2893 4425 1902 7195 7774 7791 2018 5239 6356 435 214 5544
15 764 8353 1954 2517 1462 1920 6388 4791 4222 6187 6764 7710 2910 2410 4867
14 7779 342 6215 6195 755 1240 1338 2067 9204 9055 8856 3529 4583 7835
21 5995 5430 1268 7535 6817 4252 108 4440 9022 5649 8924 4419 5057 31 5728 1388 3947 5759 8107 4714 103
33 5361 7971 606 5175 1730 3300 3877 8846 6437 9024 7726 2702 647 1787 3628 4024 1916 81 5509 5265 1939 7353 8086 2218 6213 8242 5122 5671 5536 7692 4178 1354 2764
13 2062 7366 7497 5860 5556 6483 6641 3224 8867 3982 413 1887 4815
20 2541 7598 2898 7085 1518 6390 6769 2997 1463 921 3543 4650 6274 492 5612 2621 3326 749 223 6173
31 1914 3207 4078 6649 4984 2772 2445 4038 429 5443 6338 126 2728 1201 6027 5269 2877 3320 486 4076 6208 1508 3431 6746 1037 2306 4489 7091 5734 8682 3403
15 5933 3803 1941 1705 5476 5474 6245 1300 5181 4293 6105 128 3782 9164 1460
24 7290 5743 9259 4366 2160 4507 6314 8080 3246 3655 469 4761 1625 2138 2204 1815 2825 1210 8543 259 4 1821 8735 8021
22 2375 2459 5200 8098 700 2265 7410 7375 5254 6478 7688 1490 5362 784 3388 2537 1813 1370 1170 2153 2923 1156
29 356 1616 5815 4220 1252 8265 15 9292 6660 4916 1871 5948 4050 4198 5943 7955 3128 5340 8172 3268 4849 3939 6507 5575 5774 769 6029 7945 2507
18 6766 8357 6890 2991 7265 2760 7149 2707 6323 2226 6079 7991 1501 9249 6677 6049 1464 3044
34 4337 7037 8950 88 8685 4580 6740 3944 1206 7350 9049 3615 6784 7588 971 653 3483 8271 2219 4859 5961 7241 167 1017 9267 5633 3142 9009 3464 8587 731 7096 2049 8550
19 5100 7494 1726 3000 419 314 5429 863 51 6998 1898 837 5075 8065 339 5954 4241 7201 6647
26 6648 8182 9143 3824 2110 5976 575 3 3820 938 2499 2789 4068 6031 4712 7512 6425 3509 1918 2845 7400 6974 2646 4903 4773 2879
22 6154 6440 6203 423 478 6837 8619 323 2387 1110 8793 8707 4464 2615 7802 4250 18 8056 6723 7754 6529 9207
17 2129 8101 3609 2303 9314 1602 1640 4481 1243 9109 3845 2432 5024 8542 57 8975 2647
22 207 5573 3680 213 6038 6804 3778 6421 2676 8166 1078 1695 320 4170 9096 5080 7022 3342 4605 8599 579 3284
7 239 5071 2809 8498 7016 939 6525
26 5707 2483 2950 9304 2385 3055 5896 1598 1493 725 1070 61 4618 9002 2774 8042 1343 7777 534 348 2377 80 5833 896 8171 9263
7 6083 7880 5504 7490 5823 6058 6448
31 2058 1034 1159 5471 5739 1741 2088 1030 8613 4941 4237 1597 1487 5295 8064 7035 690 2254 5205 516 5545 6943 5198 7580 7901 8084 7240 5459 7234 403 3071
24 7164 8746 6587 669 2467 3807 6416 833 7053 993 2084 607 2315 4282 8160 3082 2729 6447 8493 2320 8977 4794 9160 5921
25 3482 3517 1419 1932 941 3642 2936 7721 771 3951 4257 3918 7317 5508 1832 7063 2180 4248 2519 1001 5069 6212 6258 6423 7171
15 4139 9283 2639 1033 341 9132 1497 4264 9118 3151 5842 279 2120 1408 6933
32 1606 5001 1132 8345 1958 6241 1627 1172 4695 375 2843 4278 2 8406 6409 261 3291 4043 1397 4217 7810 3372 678 1141 7906 3427 7048 2929 6839 140 5849 2149
28 1716 6963 5931 2856 6936 1402 134 9171 5938 1739 7564 1629 7485 6293 9317 1069 311 8085 4081 4667 9083 8001 7992 2972 6816 920 6264 7937
21 2293 6277 7034 5403 5093 6257 2913 9174 7861 8772 5532 7527 3013 3026 4249 8589 5935 4904 7849 371 1032
33 4387 9025 8360 525 2723 1851 8370 7302 2374 1599 1007 8148 3514 343 4028 8718 2123 4065 7724 4441 4608 9235 7309 4435 6152 5788 6802 5445 7489 3040 5847 8303 2915
34 5714 2237 252 2192 926 6429 7356 9272 2037 1216 2231 4843 2705 2055 3193 4948 5991 5670 268 6315 9270 2396 8943 2600 6263 8287 6776 1756 1187 8802 3481 4009 5427 8270
24 8414 2083 9067 4445 6081 2253 674 7282 1775 2725 5924 2552 1922 4312 4265 85 2985 1361 2343 399 4423 1052 4792 5735
18 90 6345 3386 8402 5862 3108 6855 4668 5350 1418 2021 1562 9029 5666 6955 5220 9301 4508
28 6814 8100 8223 3495 2919 6773 8342 8363 459 3780 1081 1962 5221 9161 996 3687 6292 6813 3571 291 7360 7167 3195 5599 1304 8844 4478 1211
24 727 2758 6251 497 4052 5895 91 6811 2225 4049 3351 8400 2177 6008 2682 298 8573 2381 2430 3252 442 596 2907 747
20 3847 3994 3178 205 4235 456 150 7855 5810 6876 9148 1076 793 5498 7345 5275 7844 8332 8508 2713
8 7398 16 1065 882 2500 9107 9167 6002
11 5835 1672 2546 3081 1381 8128 6714 7189 7185 1281 4030
28 2251 4059 3327 4290 6862 1368 480 6950 3443 2533 2379 5664 4433 2234 1624 3850 6734 5407 7537 3451 6730 7814 5602 3920 8206 2275 6164 585
11 8919 4828 8441 7933 4908 6003 3487 6743 8081 280 1535
31 7593 615 2146 1126 9299 4437 5148 8565 4193 3594 3700 22 2429 2284 7742 6339 4778 7145 8476 7982 870 663 2011 4361 2105 5731 2428 4645 4565 693 8740
10 2567 6594 8181 4522 3577 3177 7339 3250 8749 8676
8 670 1848 4805 1461 4689 8574 7935 2358
17 7665 3408 4833 8267 4838 5026 7687 4161 7820 1901 3946 7264 1927 9265 1225 5462 8694
25 8460 8638 6193 1677 4545 2974 1157 8644 3797 7685 6989 2493 4659 5843 7745 4239 3851 2954 8784 4716 2496 2670 6148 622 5326
32 200 2837 2909 1407 886 5270 495 4372 6999 8329 2273 2116 3949 2624 5289 3188 8313 3492 6128 4347 3635 909 3678 2939 4977 7389 5208 7569 5232 8900 3727 5800
25 7627 3639 186 8199 4353 8972 2331 689 2815 1700 1143 5487 471 3425 292 8680 2786 997 2770 6373 8936 1395 2288 8123 4096
33 3262 6902 6942 2763 2031 5614 2056 6763 5684 562 7515 7968 2029 2224 8211 8834 4183 3973 5227 4206 6985 1765 6108 738 1314 7245 6670 4882 439 2946 4506 1605 6572
15 963 1935 7509 8036 2958 5712 3916 1365 9128 56 6768 8918 2115 7285 138
29 6408 263 6990 6535 8774 3550 2756 3565 4841 338 5551 7077 7144 838 3133 2112 5527 8263 604 3933 6182 66 2801 4354 3057 8730 3292 2659 1591
24 890 6987 5097 8781 1894 4537 1095 4957 466 885 8906 99 3614 758 2336 6849 1100 9194 3162 8586 3523 634 668 3012
16 9251 4358 3671 1498 1564 5287 8705 7604 3848 8444 7218 9152 3070 5808 7540 4503
23 8147 8600 1146 8489 4212 1414 8945 7683 6255 7505 1566 2539 3887 3124 1675 9218 7741 4576 8055 417 748 3410 1987
7 6381 3522 7907 6652 448 2652 5096
23 7412 9201 5749 7198 3136 1780 4262 7910 7413 6110 3618 5814 447 1767 8012 7825 421 1966 7425 305 6530 2071 5836
15 416 6966 3896 3667 3943 2290 2983 8137 6407 1956 2718 1010 8175 120 967
18 8079 3821 2414 2859 6807 8135 2389 6657 1763 8988 7984 8837 4557 5405 5338 5169 7118 3153
31 3532 3823 1766 4937 8227 6739 3936 5529 3430 875 5866 7032 819 4159 6531 1781 5798 8651 2111 3085 6004 4890 6967 6593 1840 5347 6805 4771 5222 5766 8317
21 3009 5303 7545 8269 1938 1348 6316 2326 9223 1999 4122 8419 4414 5912 8113 1096 5035 3290 4709 4390 3392
24 3493 2113 935 3530 2608 6371 995 5988 7460 4087 4577 401 3542 5960 4233 185 3986 598 2124 5083 856 1305 5245 5446
32 1373 5567 6870 3348 1142 9125 8695 6399 5968 6052 5733 5144 6161 4216 4793 8855 8958 721 8014 154 3548 4885 7279 3343 7607 5281 6229 7084 4586 7576 8142 1057
26 2672 114 1480 3885 2235 4345 9135 2012 87 2717 4499 8607 3279 4955 582 2606 7701 190 7097 8312 5451 2069 7531 4569 8495 3903
45 888 8465 496 7804 3183 754 6952 6934 3672 6753 8277 4100 2119 232 7705 8963 8968 1940 5781 6729 9115 6708 6880 1982 8309 7014 8692 8518 3504 4066 2486 2555 8415 5694 5522 6877 4556 8962 6496 7794 9039 8279 2350 5065 7994
17 4921 7104 3934 1536 4359 6280 6689 2931 1619 2169 5764 5172 8245 8 3172 4732 6046
23 5142 2283 4218 4287 6710 6959 7287 4214 6722 9318 7534 560 8646 1194 6145 7266 8697 54 7577 5864 3174 6627 4544
26 431 8935 7186 3599 4434 6903 2004 8099 2952 1318 8457 9233 4969 3457 8459 6915 386 4095 5203 5918 7338 7046 5137 3446 2482 7731
37 4036 4829 5187 7597 3365 6141 1329 7225 2869 3541 3037 3981 8209 4037 5635 6835 1391 6667 1153 5578 533 8477 7510 901 5391 3622 5199 6413 6151 5523 8612 5890 9262 3112 7616 4398 6732
4 4172 4045 5970 2446
24 3166 1633 2311 8250 4007 5868 8011 763 652 8438 3354 4181 876 2400 5748 6892 8071 8102 6896 7748 4403 8902 3180 1453
41 30 7939 5636 8805 7082 8078 5466 2216 8668 5015 4581 7543 2657 7551 5785 6010 7024 3501 3624 5677 7784 3829 9068 2554 1883 3458 3489 4348 3728 7430 7808 506 5413 7621 2628 5640 3608 5542 2130 4918 9017
40 6760 3234 8860 62 6634 8418 8045 4029 6378 7331 6978 3604 9296 1652 6690 7122 4943 8896 8798 2355 904 3991 241 1906 7431 2597 7344 8715 2531 9034 5851 2897 1055 3232 211 5348 9100 715 8546 8314
17 970 1662 8251 6617 1955 318 3536 3557 8292 4927 4647 3684 2258 3716 1280 322 7435
20 9176 8657 8557 2300 5716 982 3307 2586 6218 6486 7459 6438 2291 4383 1415 5439 699 6048 6194 1326
16 4750 8502 70 6092 1045 158 4210 5681 4777 1320 4112 3434 6928 5539 1060 6405
11 1873 7675 8364 8879 4273 5861 5704 3288 2281 379 7466
19 189 7479 4830 3583 8490 7714 6036 8214 2369 7885 3474 4651 1870 610 4449 7813 3792 4871 4226
15 8480 316 8536 4848 5863 4914 2420 2292 5420 8742 2345 4401 6787 2625 6072
36 5769 2928 4331 6742 6419 6806 2233 8222 7399 2704 976 1771 8608 7995 4704 6831 4140 4370 1331 5111 9236 4260 7582 3367 4134 3440 6602 848 5040 5570 4975 6139 8290 5453 7772 8699
29 5963 7865 4638 8368 3659 539 2342 9033 6543 5882 4806 7857 4471 8103 8053 4488 4872 5686 119 8894 6578 9122 9032 4314 7807 7242 3413 3811 5124
44 9104 1519 5133 2592 5881 7773 7424 6261 1288 3349 983 4719 7163 6770 4234 1392 1926 7663 4988 129 3497 1900 2214 7679 5591 4553 4822 8124 2669 710 6588 7932 1473 6266 9 8708 1472 7818 2059 6093 3746 7482 3298 4010
19 2128 8320 2039 6830 1349 9172 4933 6554 350 8525 7893 141 6520 8047 8254 2010 7274 5607 4816
17 3135 3581 1803 2003 3574 5669 6980 7165 2412 5428 1380 4851 6177 6918 7278 4967 8762
25 2034 4540 7130 8399 4379 5145 1969 1429 600 4992 2485 7619 1878 4579 7326 6595 6642 9113 861 8170 2014 5017 4710 679 3378
18 8778 8766 3259 7957 3538 7100 8938 2569 3968 5628 2269 4920 2967 1182 3461 7352 6694 2578
15 4826 2079 2100 6186 1342 5319 7347 5150 6335 1683 5364 97 1441 7786 3484
29 3857 1253 6495 6043 6406 4243 1676 2395 517 5186 864 7254 6353 9110 8753 7812 3617 8429 8934 4775 5049 1507 3187 4480 6526 6472 7871 3494 2371
27 4397 8981 7047 6866 4548 7964 3052 806 4207 6430 7963 5174 7307 3904 6799 2182 3399 7718 1274 5547 6829 1178 1679 8473 1504 6875 2073
11 1042 6508 675 2144 5964 2575 7669 8929 7247 7899 7646
20 987 4223 6960 8995 4684 8321 6940 1333 3643 8675 8305 3753 1520 4298 772 9278 5905 1699 714 1904
32 728 8202 3432 6057 8872 5590 6568 7823 4315 7889 2918 869 7472 1245 8152 2463 7129 1399 9066 3510 4309 8464 7658 1433 5063 4452 8789 4057 7622 3353 2701 6026
18 3855 6505 999 6911 1853 2787 2080 4690 7839 4460 6062 7304 3299 5000 5929 1587 4588 2478
23 862 642 8848 2741 246 4531 8129 7131 2956 2158 1403 1912 8043 3804 5540 5188 7153 4837 1420 6645 1319 7388 2117
37 8818 4323 1353 170 4803 7025 8517 7194 4900 6358 3772 3027 4631 3764 2505 6861 2240 7848 555 7949 2886 8371 4790 6073 1949 36 7297 3045 7443 5210 2926 8090 2475 9056 1696 7972 2022
37 8193 2791 7031 4270 2902 4461 4620 5236 8890 376 5949 5322 4014 3429 8405 9307 3963 6273 961 6397 824 5147 3456 6796 4493 4680 3088 8192 9137 3411 6550 8398 7606 4213 5789 1121 5464
39 5354 3685 8759 2866 7881 3942 6253 6006 1750 3479 6564 6744 4567 7507 3849 3491 3208 4528 6175 5159 2755 5600 1738 8283 9186 1600 6840 5874 8057 1306 7357 8658 2208 2892 2640 3658 6860 2245 4304
32 1105 3140 4529 3512 8790 2423 4788 5984 1004 5558 7408 32 5794 3765 9276 1829 2360 4950 2515 3030 5257 5683 2229 1558 7898 4774 3113 6185 1714 7284 4421 1809
20 2738 4702 443 6745 5615 4539 9198 1147 3762 951 6063 6458 6608 2361 2802 460 1186 6411 5572 5002
14 8218 1539 1082 4041 325 5402 7644 7951 95 5899 4211 3972 3897 3718
22 334 7283 8618 1713 9215 4472 9150 2565 2250 7566 4862 3239 7829 2945 7377 7210 8547 2260 4500 2583 8732 917
36 2962 4711 162 7903 4594 1483 1276 6750 8427 7654 3528 8050 4420 6189 4035 8510 7052 8723 2335 4491 5983 8567 1721 4410 6069 8013 1964 3697 5032 4016 991 3556 218 4891 9054 6685
45 6481 9071 1959 1427 2498 2259 5424 1113 8942 2986 2737 3582 3377 4473 7948 5763 1451 3828 580 5616 3283 8511 8040 3384 1485 7921 3235 9114 8693 4883 3743 6610 7934 6681 6398 1845 4301 4483 5830 6583 3007 8626 6228 9261 6581
13 4123 359 5521 5141 4897 1396 6761 3873 438 5240 9320 5279 9102
4 741 743 8577 6034
22 4149 3197 8591 1837 267 5937 2076 1064 3334 5216 100 1134 3109 4246 787 1109 7575 1779 6938 1921 4144 5191
22 6434 6485 2454 9105 5366 4453 6515 6192 7172 1569 9061 7836 8278 1080 5433 1546 5374 3473 8369 7138 7538 6612
9 5751 850 8627 2255 5953 3997 2279 6869 1123
12 2091 6885 6123 289 825 8068 1079 4727 1521 4208 5127 1909
20 4850 317 6511 3266 6826 1261 5761 7026 800 4333 1048 8709 3651 2695 4665 9158 4970 8595 2655 9244
10 5152 5593 4411 7349 4592 2304 4025 7990 4165 1452
16 5044 7220 9212 8585 3019 6340 8782 8164 5598 2611 2033 5305 5565 7452 8230 5335
23 2404 3775 655 432 1961 4661 1475 3093 5916 6459 3150 581 4129 8210 5642 4174 2689 2612 6301 2491 6653 6585 7653
16 2548 2313 6422 2436 5089 6726 6111 6452 3255 1760 1701 6721 9238 6785 2166 2016
19 1936 7355 8350 2228 228 7976 8568 3673 336 6179 1400 790 4151 3974 3169 1846 2465 7006 5651
24 5195 2981 4555 9253 8545 1179 1579 2441 3105 2054 2125 3117 1784 1648 4944 6115 8422 1104 9269 8176 6363 9190 797 1311
10 9255 238 8758 5193 7267 60 682 4280 7499 4055
23 7789 2733 1339 3749 625 7296 7050 4355 2205 4814 118 8526 4075 641 6912 26 7160 6144 6366 5695 5659 7364 3379
9 4099 4509 5941 8249 5566 8474 9131 7258 2477
14 6661 9157 3076 8379 4624 2040 347 7136 4535 4511 2969 3763 3158 588
19 7367 3757 8731 8197 1655 3979 2864 9311 4341 637 5622 1794 1686 5744 7088 4825 659 6976 5204
21 8072 5745 4894 433 5189 840 6295 2731 681 7752 623 5454 3695 454 8289 3629 7208 4550 337 4729 1970
26 8622 115 391 578 6246 1005 1827 7058 2344 3447 6191 467 7573 5723 9245 5170 1175 739 3770 6778 777 3218 962 829 7961 884
24 6683 7763 7677 4375 5588 9175 3923 8453 9275 3996 2653 5776 3369 5068 2808 8492 1673 8969 5620 7079 8561 3163 3545 1791
10 8515 7075 7319 4999 1347 6284 7095 968 6007 4609
15 1776 1533 5505 6441 6337 5708 8991 627 7858 3154 6247 3251 6671 6673 7469
21 2512 3138 2092 791 3146 2992 7518 4633 5098 2636 1482 1289 948 8378 2191 3647 584 8485 5965 1919 2620
19 9179 5325 1166 9315 4322 9213 3734 3786 685 6370 9217 4468 3078 7574 7942 8783 7530 2831 1056
34 8039 5701 5548 6632 4497 4847 7584 8539 7055 6611 1387 215 5375 1389 1510 1130 8598 4926 620 3591 732 2422 4505 8094 6393 6865 6827 7323 3173 3668 8316 132 5165 5286
