19 2565 1252 7450 448 7982 7572 7922 6962 1555 1334 5787 7510 3575 7559 1242 38 1848 7303 7151
29 2905 4160 9005 1131 7423 7222 3095 2109 780 4905 3434 1037 2951 6572 6882 7169 3357 1643 5085 7161 2568 2578 6346 5425 917 2334 8665 3477 7277
21 8722 2529 4045 8734 6625 8280 5262 8558 1991 1896 9026 4241 8698 9022 701 356 5686 3020 772 1245 6964
33 5566 2313 2803 7304 6299 6467 7514 462 454 2919 7940 1678 8770 3150 8511 2574 4483 7903 5207 676 3036 2133 4552 7371 5014 8139 7265 4092 4383 4047 9047 4007 1253
28 2872 7424 6215 1749 7670 4196 5153 6860 978 3543 9210 3296 4566 8212 1310 1851 7592 3915 3952 5556 1762 5694 8977 5614 3239 7638 2311 3307
18 7766 1930 3342 8700 6642 7084 3994 9225 605 1792 3891 2102 3984 4624 2379 4264 3017 6751
22 1192 5983 662 5600 4532 7388 3234 6401 4729 7730 1494 7019 2650 8945 6395 883 2149 9073 9272 3230 7255 775
27 3823 7587 548 6191 5365 2034 721 2561 4544 5368 5355 6322 8283 1834 6739 5155 6742 5446 9049 5717 561 2408 3824 6904 4453 5521 2087
31 4456 6243 3884 6480 5838 5505 7449 1327 5339 826 483 6216 1243 3774 7196 3964 5306 3107 5880 1638 3033 684 5797 6330 1270 3069 8853 5567 1081 7142 3689
27 8384 6065 8231 1850 6264 6579 5586 8472 3131 2613 8185 2814 466 2660 9167 3748 1370 3294 3316 6557 6154 5281 1015 7215 4589 786 1218
30 7174 4214 7458 2281 2169 6983 1233 8367 948 1669 384 5273 5930 7927 574 3022 3459 4134 3856 4218 3673 6736 4505 3669 5551 962 7281 974 3556 8873
27 6133 8023 110 1726 7364 4832 7069 4366 6527 3537 2357 5027 6333 3589 2524 5125 5708 7779 7582 253 9030 8224 1395 7336 723 5194 4030
20 1750 6934 4997 7657 5100 9056 3411 4396 6658 1426 2706 8235 1980 1047 3231 4617 7162 580 9179 924
1 3347
31 4698 6961 6270 5871 6392 4892 2430 7224 6357 472 6025 161 7571 7776 6755 9097 1 1587 2586 4465 5722 2754 1007 4546 4321 2082 3219 2876 1600 7043 4105
29 1864 5810 8967 2183 1149 1298 8025 4459 7921 297 2312 477 7204 1325 3123 2303 9191 878 8532 1679 770 3047 8818 7201 8251 4868 1339 6498 8134
31 5361 9065 3164 4390 4298 3385 5447 1240 2986 3414 6969 6021 3758 2758 4776 8579 4404 6818 5277 1009 6722 9074 9273 2507 1596 7644 8000 4394 305 7815 7606
24 7445 2847 3470 6385 5005 8677 9268 3625 3195 3225 7382 8339 897 4114 6409 4177 528 7366 3905 6989 5947 7936 8406 1455
31 3954 28 5802 5522 9035 8175 8396 202 4961 3778 3582 9185 8577 1429 4978 530 131 4235 6829 2676 6919 2880 5954 5933 7447 4731 7457 8802 9132 7777 943
30 182 675 3106 2003 2825 6834 8475 284 8604 2062 416 8608 6323 7672 4795 7601 5636 2079 5721 1559 6817 5244 4792 179 3839 1993 1957 2247 7089 3420
20 6249 114 6013 6269 6690 6365 1148 8329 6636 1470 8883 6421 6072 5750 5356 6248 6575 3716 8341 6324
29 4987 8153 8177 9135 4484 3317 2977 7076 2096 3161 204 1871 5770 5550 1435 4442 1496 763 4839 9258 4163 8324 6878 3606 5387 7144 2067 5073 7710
31 1653 3617 8092 3812 4250 6099 7377 3746 1686 2885 3668 8218 9052 7910 3122 2395 6884 660 3093 5184 3835 8297 4761 1838 7412 4983 7396 5479 4811 5197 6102
28 8506 2761 7159 5003 7200 3130 2577 2550 7890 5082 67 8288 1744 232 2261 9126 7184 422 6201 696 3406 79 5987 7493 514 7560 6135 4203
25 536 7024 1865 7871 7800 3263 4574 7350 3422 9337 1867 2608 6128 825 431 6586 2022 3293 2685 1255 4600 1093 6674 2637 7140
30 2365 3391 7684 8043 184 4965 3524 4344 2841 39 3078 903 1723 5552 3945 8256 5296 8343 3298 7425 1611 7595 3082 6831 612 7564 9256 5427 9230 2964
34 290 6598 5245 5410 2692 6621 6703 535 2739 7347 6011 3595 4213 7886 5484 6060 1853 7266 50 9322 1207 6892 2988 4570 8285 2640 5145 8383 2672 1602 2994 8761 598 2731
34 9227 8693 2172 2415 86 5885 1453 3365 5019 1632 5615 8692 465 4510 9196 568 2540 6237 3549 3221 6311 5918 3268 8392 8169 9336 4893 8973 3675 195 286 994 596 741
34 4110 3744 8126 4312 4078 4862 7484 2358 2737 199 455 8164 203 810 4840 1996 1948 4123 1582 8871 4083 149 1398 6790 5071 112 3932 3684 4613 5375 1629 7111 1873 5423
25 1069 6932 3083 59 9279 6229 4117 956 5385 8017 5587 4288 8805 3007 575 1095 6454 1033 6810 494 2189 7680 1324 8342 5227
31 3816 1568 398 3761 4904 9351 3336 8915 3446 5512 2369 8512 1532 8375 2490 1944 3464 6495 4181 8877 3792 6734 647 1027 967 7712 6197 1641 1751 0 3773
1 4271
31 9061 7861 5774 8632 6005 5097 7912 6678 8860 1172 5390 9067 4260 609 8595 3002 1281 8213 550 365 2199 8366 7822 4773 5086 296 628 5391 1742 9000 9364
1 4489
33 3057 1769 871 3841 8796 9348 6056 4153 6774 6769 6791 45 5963 7101 4625 1241 33 7181 6052 4247 148 6536 6400 4653 4645 8018 4663 1353 531 5116 1299 2865 1211
31 4529 8431 1032 4582 1879 7661 3050 6869 4251 4353 3201 3431 3947 3141 7752 2485 8053 7765 4594 5320 841 4056 6032 3958 3889 221 8265 9076 6538 7245 7134
1 1260
35 8560 2403 553 6859 8447 7001 5371 5497 261 4969 6452 5812 808 8598 4313 3634 730 1989 8229 7279 4089 3104 6580 8842 5514 2996 562 5825 1373 5958 5766 3179 2898 1624 1167
1 9184
1 3014
25 7972 2842 5601 9232 687 4229 7529 4343 5943 5376 4526 7285 1103 552 8572 7900 40 8260 5369 6301 760 2648 1311 8864 2504
1 8912
35 1721 635 3581 5538 5040 2978 7640 7313 818 6419 3445 1531 8308 8851 5275 9122 7297 2191 5751 5809 5377 5872 5630 6524 3942 4073 7544 1784 9054 5254 3860 2230 4715 5278 56
1 8766
30 2600 7952 6019 1622 5046 3628 3948 2609 9119 6699 621 4635 5255 4808 7896 5418 2434 7104 7143 6746 6271 6643 2289 8277 5581 1346 4643 6034 9130 3399
36 6523 5081 489 9012 4762 4571 727 1633 1423 4142 5144 2272 2477 2194 2997 6141 4371 4561 8484 8372 7632 3676 5431 6257 5927 4119 6458 8830 804 6438 2810 1773 407 6784 3076 4726
32 419 3833 9092 6234 6931 3380 5626 7511 1530 9367 3000 8296 6469 4132 1642 7703 7949 3865 3114 3591 3334 1689 159 2225 6200 1389 4189 2348 3721 4268 5066 2886
1 1048
26 5495 2846 2907 1144 5454 2341 6819 302 1849 3290 5757 4059 4891 9045 6880 1451 7232 1813 257 5006 2273 6596 2771 8840 722 7535
25 6773 5877 3510 4707 6861 6744 8439 6656 7292 4951 1180 2400 5982 6925 8261 7301 4138 5712 6626 4504 1214 4280 1894 7623 210
34 8812 8158 3249 8908 5061 3054 4295 2383 8661 7278 8245 3188 1538 256 1285 3654 4392 3697 479 3094 4769 5440 3220 7383 3392 3430 4671 5761 3462 1061 5089 7930 9229 242
24 3061 3110 4146 2571 1591 2035 8616 3321 5417 313 8760 8924 4102 5845 4780 1274 3134 3893 4990 966 1812 3931 7002 5805
36 2768 6281 7980 4964 7885 2734 658 6242 4562 450 2384 7150 953 8881 787 3397 7772 2772 6378 5134 7194 7083 6267 65 5326 8268 2065 3146 6846 2464 1084 5926 3376 7985 5908 2398
1 6404
1 1116
32 6377 82 154 8623 2419 5360 1764 5518 1403 2546 2918 8815 8944 309 6074 4407 6153 6721 7152 5405 8113 2795 508 7120 7662 9338 6179 3441 2612 4095 2860 3789
1 963
1 9288
1 3629
37 573 5150 4327 9266 1223 511 4215 7747 2180 5964 352 5386 3911 4333 6122 8352 7998 4601 3222 4477 6167 9224 1175 3080 3417 5611 6174 6650 6259 5568 8085 6614 7904 1169 4310 4347 7356
26 1761 1269 4896 3362 8549 6665 4714 4553 964 4692 3326 1087 7508 2721 102 2040 7293 3028 4791 8931 8903 8987 2527 5920 5603 3796
1 231
1 2296
1 6986
21 3344 2718 3566 6754 6198 5034 4963 7017 8556 7031 2347 4632 9093 1031 5265 6111 145 5525 3226 3921 5699
1 4921
21 8531 7655 7244 6824 5308 7273 3381 7722 4067 2821 7635 395 2938 3309 4988 2118 7745 5901 2178 4019 8922
19 9127 2867 4957 7058 6291 2801 6943 607 2948 387 9051 1248 21 8668 4014 3660 5333 3295 8207
22 6909 737 4420 8527 243 7674 1619 8114 8137 5663 846 7402 4231 150 85 2245 278 9276 5859 68 2837 5893
1 6912
23 8898 6050 6908 4221 165 5863 1746 2478 911 2991 8597 601 888 2264 6648 5432 7439 2835 7990 1182 7488 6477 52
28 4664 9308 8019 259 7422 6444 7376 625 6640 7290 5856 3895 4743 8645 4914 4222 4193 3167 2513 200 9255 814 1681 4011 5938 8326 5213 1041
1 87
34 7362 214 4043 907 1890 8714 8148 1358 5664 593 2614 2775 1249 1139 2382 6030 6651 37 771 4513 5980 2519 3819 2604 5878 870 233 3923 5420 6704 3656 4770 7753 3088
24 6855 691 8906 9200 2112 2762 726 7348 6743 4359 7343 2796 3733 4677 1258 4989 5534 1443 3864 518 7988 1146 2673 167
40 2967 640 4440 7782 2742 3044 1706 9083 3351 23 6727 3804 7689 7898 370 1072 1440 7193 7429 93 5344 595 2045 5208 4628 4906 6619 6568 7517 5991 1436 4764 1966 2491 7718 2702 6208 6199 5115 7243
21 5037 6639 8500 1598 4829 7367 7299 8424 2745 5443 8354 2370 5409 4772 1527 2716 8332 198 212 1520 4494
26 6138 8684 2318 7199 3206 3784 2799 7584 2824 3352 1330 8857 7767 6576 7230 6308 6856 790 7855 8485 7337 2119 8884 6926 5429 7966
32 3806 6354 5064 2353 53 551 3041 5728 9231 1578 1319 1738 5743 923 8890 5854 6017 8902 506 4911 925 7923 5676 8400 2282 1763 4036 8849 2302 840 5298 8029
32 2960 1439 1003 577 2653 2866 8755 299 1279 5345 1142 4362 5624 4029 3300 1419 6420 4881 5942 7311 2889 8478 2522 2899 9299 3950 7695 4728 7189 6080 1939 1499
29 2015 8526 3472 3602 3968 7819 1143 1153 3092 8084 3405 6723 8187 263 8784 1926 1448 8222 5875 6344 1676 8676 831 6624 1717 6794 8491 6497 8106
24 1943 5467 3649 984 9033 1044 7210 4725 4809 832 1011 6827 5905 3301 43 3779 7549 4855 4674 8710 6877 8705 1321 8955
1 3090
24 376 8149 5523 1787 392 5168 8104 3037 2515 1375 7156 8311 3608 4429 5488 6822 4618 7820 9154 7112 369 4200 1537 4849
35 2211 8814 211 3333 7693 1514 7738 1510 5140 9150 2617 2793 3387 403 1929 5148 8464 330 2681 670 3546 3062 8505 5310 2830 1829 5762 527 2682 7682 8402 6731 3499 940 4016
19 5325 5547 6837 3849 6256 2028 5164 6835 4713 7667 1113 8247 3154 3535 291 2531 1272 8519 7033
20 6664 4543 8304 7037 8300 1664 4167 4749 2913 2428 1397 8171 4846 6914 293 5220 5315 5532 8060 7841
21 9087 1789 8619 3269 8457 1354 2291 5476 5008 4497 5002 968 9314 4460 2234 3111 9296 3502 3415 4667 9265
24 1104 8696 7384 1901 6966 9121 7717 5573 7261 5594 8742 75 4068 1560 3928 78 2345 1250 6916 4691 285 1020 4194 3356
20 8999 272 9275 8892 390 7023 7085 6635 1107 7978 1727 5582 2012 7600 3975 4885 248 1540 8369 4256
28 5848 7795 5627 2738 3679 2871 1262 6117 2301 3257 7642 4017 1054 7884 6303 8769 4356 3821 2848 5033 3781 4984 1283 6836 7647 7696 5201 1760
26 7589 3854 3825 2000 3745 6960 4205 3448 4324 3688 3224 7974 1102 6047 9213 7419 6116 5657 4093 4867 1437 1523 6146 5280 3624 5036
19 7057 4143 3664 2170 806 7875 5907 8740 5135 7045 6501 3140 1774 5546 3045 3991 6112 6729 7503
26 854 3999 7836 8947 2276 481 5804 8486 2875 6327 6984 8117 1922 7669 1123 8263 546 567 1659 3752 809 4503 5001 2202 1563 5206
17 358 1564 8070 8576 2359 3703 7146 6106 4285 7202 1178 3922 8801 2621 9287 9332 6041
24 1112 8044 9187 3163 5960 8600 4569 6185 3302 2595 4168 1695 7109 9295 5007 7459 509 2696 3990 5974 9220 8328 6206 2217
14 1344 5041 8320 7944 5257 8370 9145 2089 2699 1712 7256 8279 865 2208
22 885 930 8493 4688 9353 3442 2896 2043 4669 9124 5389 4395 7302 2695 5272 218 3971 6521 8602 6785 6230 2174
28 2154 5752 1025 8009 7036 1097 311 3237 6740 5067 8522 8487 8270 8647 3023 486 2007 7622 7405 1960 3040 3440 3075 8836 172 4449 547 710
20 5628 1986 9252 7080 6771 7991 6182 2071 5936 2973 7286 4192 950 560 4262 5520 2526 4245 3143 1556
26 6446 2151 3202 7687 1925 6965 1730 95 6684 4158 337 371 11 2327 4018 349 5286 754 5043 615 4098 8748 467 8059 3011 1557
22 5268 661 7179 6079 898 7258 2325 3636 8876 702 10 2969 8286 343 8917 6611 7607 140 2779 25 6387 2995
25 3353 8132 5336 5773 4217 6314 5655 3811 4560 147 2179 5025 4037 2594 1875 8445 9319 4290 2667 3655 414 6550 572 1259 453
25 8409 7842 1718 9040 9247 6073 803 6490 433 1328 6149 8073 9166 5734 8654 2975 5060 4104 8833 1630 5403 1965 708 8799 8643
28 5673 5300 5030 8706 7203 2420 8870 8227 6806 1651 3662 4639 8916 4166 5869 9025 480 2450 2405 164 2066 7677 4463 7481 1798 3508 9291 4498
29 2285 4641 5169 2011 2254 793 1672 8193 8385 3012 6402 8997 6335 3961 5316 2024 160 3121 7246 8637 742 2142 5742 3053 8163 8681 6654 3584 3802
26 7106 7750 3611 5493 7485 3831 5888 1371 3539 1783 7524 8655 4296 7154 1284 2346 4346 4201 7004 2765 3152 8498 4455 5246 8820 4034
20 5094 7963 8839 2351 8440 623 8879 8641 1658 4774 7756 5222 5018 6963 581 306 1999 1668 9211 8923
17 3742 4530 8711 5044 1430 5226 3569 2023 6921 3808 5889 5096 7575 6609 7413 4348 4899
26 5192 619 8972 6004 6738 1096 4087 6857 7968 6465 2603 6700 5788 3840 2277 3211 4549 4208 1278 8303 1179 5536 7270 1117 1053 20
17 7839 6470 5659 6899 4603 6077 8425 2851 2085 3693 6195 1608 6231 2815 2155 1654 9234
22 3542 8492 5524 9216 8242 4126 1215 1138 9257 6192 4127 6393 5575 2257 5402 2647 4507 3838 2786 5606 919 2677
36 3236 6991 4108 2137 2279 6689 7631 8585 4409 523 1171 6668 4859 5778 1752 2364 6547 99 7318 913 193 5876 2569 8993 5841 2466 4352 1628 1129 4161 4748 7850 3424 578 4210 3917
32 9201 8808 2381 6238 1877 1035 1187 2883 8234 8082 6096 1447 6278 1819 2979 6476 8355 6426 485 9137 8974 6660 1995 9327 6462 1859 5633 4175 6048 9028 5091 5240
30 2822 4888 6894 6997 8667 1831 5741 7781 9043 8855 6304 1462 5618 2914 4935 6451 3724 7956 8249 9331 2657 7330 4993 4828 5466 4860 9172 3419 8691 3639
25 7911 3771 5249 4734 7242 7005 8206 801 7028 774 9206 8962 189 4412 1832 4001 5794 8545 6955 7984 4588 2661 5101 9059 7322
15 134 6139 3099 5269 3609 5212 7483 2339 2190 3976 2451 3597 2893 7333 6076
21 833 7480 8119 303 1127 5210 5929 4522 4437 2441 7212 2092 1521 6422 2213 5111 6127 2047 7047 3883 6617
34 6733 6083 7543 7217 5782 9013 4598 5910 6505 2853 1928 1471 5083 8909 2562 6947 3828 8624 7040 915 2606 5292 7165 1803 3818 4825 4710 608 2836 3460 8687 4475 6410 822
20 7518 6514 6051 5684 7052 3577 1680 6691 126 8897 1080 1458 180 2576 7444 3312 9173 5237 2582 3408
30 4697 6338 6719 8430 6130 3553 8248 3601 7157 346 3500 859 1903 8525 1297 525 7804 8841 7599 2818 7686 1703 7656 1884 2075 2492 3680 9209 4676 2506
16 240 8014 3627 3755 2280 6204 6679 4779 7188 7390 1759 1135 9269 5362 5593 5188
26 1825 476 5475 1364 124 7147 776 1227 5282 1823 2076 4767 6093 1917 8689 442 733 1379 1900 8992 6671 1203 1593 1768 4113 121
27 2834 5020 7097 2475 5959 143 5498 6756 678 3730 788 6100 4282 3018 2389 7291 6952 3354 2784 8154 281 2632 6555 1425 2262 6886 8335
17 428 5053 3767 4685 5679 7354 5373 8781 1216 1150 6608 9050 2317 5730 76 4915 4367
22 6010 8264 681 6014 5853 4927 6108 6484 2321 3944 2472 7734 9244 576 5658 2333 5638 7177 2831 1481 2703 3588
16 7008 3196 1923 5424 9123 5695 3006 8610 5413 4065 7053 6633 2744 8078 7168 8620
21 1045 7908 599 4133 5852 8929 6634 5682 1755 7811 2878 5924 7463 4886 5142 4924 6340 4939 7192 368 1130
16 1335 6528 6253 4274 8557 3807 7013 94 4334 9236 3084 7342 7708 5451 6203 3180
24 503 7678 1627 1544 8105 5468 4946 8875 5139 1337 8731 8195 4590 8359 9350 3685 1202 9039 1199 7831 6518 3875 4046 3619
16 7129 7520 7773 649 3552 4835 5214 900 5056 8398 2433 1219 4830 6064 4071 7091
22 6562 239 413 8750 2917 5949 336 4097 6946 2344 4711 6132 9116 2411 8765 4784 7352 1967 3100 6715 8118 1469
30 8042 3963 2376 8031 3116 6976 8564 4968 357 7897 5324 5059 5481 6027 4750 8240 7895 6429 315 4810 5149 9110 3978 8792 5899 6087 2804 7964 2724 6924
36 3837 4545 6413 6351 1541 1349 2663 4883 9077 8030 2410 9019 4502 6406 7639 8928 2521 4378 1814 9250 7464 5050 8788 7610 8535 571 1226 532 5955 229 5629 4069 4064 5322 2135 5190
9 8778 1607 8381 4094 5474 998 7620 8541 304
18 755 5279 7272 7938 7759 7494 7507 4495 3799 1089 1238 5952 3169 715 8636 4650 3711 6823
23 2704 1161 5635 8421 3525 5716 8927 5565 4408 2634 2287 5473 103 8454 4992 5055 3119 3305 4212 6478 8393 1021 8432
21 6001 7081 2787 8694 1811 4337 2591 2675 7594 3505 7216 8685 4188 4330 6362 5472 616 5329 6561 6937 7576
26 6336 1320 6992 5814 3245 8540 335 5678 7314 5107 5353 8011 1347 4547 2752 1374 9139 17 5897 7794 4814 7363 1030 8880 2748 1713
13 544 2552 2326 1204 2455 2717 9261 7853 6574 4000 2845 1244 3881
25 4081 4490 7813 3704 8861 1493 5799 2129 7148 3436 9038 590 6595 9330 8363 3181 9084 9128 2691 7123 2292 5919 4008 5395 9175
20 821 1500 8052 4852 637 986 8730 6890 4672 9131 7789 8416 3906 9345 6363 6649 1001 9147 9263 8743
27 469 8067 5860 6120 8380 4009 5792 1359 8497 9181 2027 7034 7319 3476 6175 2258 7939 4436 7105 2042 8233 3319 6063 3205 7254 5569 8314
19 9198 5882 5039 7298 8843 6390 409 113 7176 1581 1018 5392 3058 2856 5800 2655 4754 8566 289
20 7527 4076 8291 8420 5891 7881 266 6803 1441 3507 5835 4848 8178 5726 975 16 1735 6366 1693 8869
14 1574 7240 5617 8269 7681 2422 9289 9001 4606 6331 8378 7437 4085 4044
21 7434 6809 5338 5359 2452 9118 2961 7652 8919 4974 5696 6020 4384 5016 724 3970 8547 3395 4311 2374 2495
16 3814 6920 8102 273 980 2808 2124 3199 5669 3698 6928 8480 6496 876 6213 6126
21 3190 5911 7271 6578 4361 6657 5346 364 9355 8217 2559 6168 5790 6329 1558 2840 1699 9133 8088 7566 162
21 3988 2227 3492 4798 1063 3187 1445 2589 4419 1210 517 3039 5202 4265 5211 5303 6241 3276 4746 8489 3426
17 332 7504 8708 8201 7167 9215 9277 636 2674 1935 8002 886 6161 1024 4902 3686 2512
21 2328 158 3368 2728 7113 7967 72 1468 5724 6808 7768 5839 338 570 3345 1073 1294 2709 1390 6556 2013
30 3176 3126 4162 533 5831 3644 3329 5643 807 277 4139 936 8062 5584 8189 1990 3560 3383 7030 1160 6903 2051 5323 7470 5544 6044 258 406 5823 3413
26 2236 4520 1125 7845 6551 1040 6435 2008 9203 3726 1503 937 9103 4782 1874 2511 6508 8660 1099 1313 5858 7487 5513 8544 2881 141
20 5453 3861 2222 7274 9027 1212 2879 2401 9162 2310 2823 1645 4042 8886 3042 8966 7546 2474 3498 7602
16 6697 5904 3764 7788 3735 8223 4838 2218 7219 444 1618 1304 3800 8862 4225 1023
20 8795 8346 5421 5035 3863 1460 224 817 8937 6046 8252 6262 1452 4445 47 813 5685 8170 1583 9328
27 2093 4686 3747 7182 1684 935 6163 6546 3832 1133 7579 8338 222 3515 2128 4542 6870 8455 5867 6295 8331 6194 3561 3060 7741 7960 5263
20 7026 5833 7358 4533 6274 1705 4719 8501 2767 3909 6254 2541 8627 6585 5426 4682 445 4434 8844 9063
24 4948 6485 5651 8754 3487 4357 2373 2266 5661 2481 432 7832 5720 7395 7372 2626 5529 5170 2888 3051 2271 1399 8994 6938
13 6425 3438 4954 8991 6590 8054 4823 2679 8199 5068 2157 648 3672
24 1385 8673 2874 6975 9086 4351 1342 7784 835 4741 495 4066 9089 1954 6511 7022 6589 3850 4228 502 8174 7235 2912 2445
20 8469 3894 4953 7565 8426 1407 400 3709 1644 7241 234 8772 8048 8379 2783 1605 5864 3714 4873 411
29 2839 4035 785 2493 7370 7668 1743 3847 2125 3165 6251 8578 8418 1907 2409 6673 1029 5692 3892 129 6177 6252 2473 2730 1815 8985 7751 8510 9192
29 8230 4884 9320 3168 699 3857 6232 5248 8490 3341 1195 4332 8477 9286 7130 6109 8744 7659 7934 5404 6417 2349 4817 393 5482 8461 5023 5399 1524
27 3924 8272 680 2980 1621 9176 6129 5090 9020 4623 2056 4322 4072 7808 478 3540 1302 7771 2235 6466 2906 5653 7461 9349 2182 1012 794
24 138 3706 7748 2708 6170 3879 4807 1852 951 3633 8405 5759 7567 5010 7061 6188 4824 1392 1196 7736 2990 1266 4644 2100
26 4179 7799 5052 3005 3722 5332 5758 64 8949 3282 3842 6874 260 3930 8764 7516 5834 650 8024 7654 6332 8165 391 5968 412 4474
22 5112 969 4255 8243 6054 5993 714 188 4775 2764 3484 3983 7211 8824 931 1295 2058 1685 5951 415 9099 1111
16 4813 704 4565 27 9369 1529 5 333 5912 6995 5637 2827 5971 2461 7597 7843
16 655 4941 2843 2196 2642 6219 5087 5285 4140 8568 3182 1546 2858 926 7492 4531
14 3538 1357 3594 3463 8072 3599 504 8210 7136 2064 8594 3734 7131 223
20 5732 4612 262 8739 4323 5519 8553 8563 7725 1483 2993 8474 4377 4329 1660 1101 7870 3631 8452 8358
20 5448 1391 1201 8990 7699 1424 170 2251 7295 8848 3439 1988 5143 2068 9357 6811 6339 2001 4959 8050
21 6473 5934 1912 3287 988 4467 9335 7011 8284 7044 3184 4745 6868 1276 7126 8135 5260 5022 3790 7754 1549
12 8859 8098 3913 4191 8721 8704 9329 820 8337 3283 6530 958
18 2844 8368 1895 7865 4109 317 5713 8192 759 9082 7385 2989 8622 2033 8065 5049 3899 2298
18 5501 1308 4345 1770 5705 1092 4916 1612 3977 192 7609 4910 6685 3858 1862 6136 823 8166
36 5756 7132 8182 6487 5688 3940 5163 2791 6286 2212 3218 5528 7399 3882 4909 4023 1190 6601 7996 5340 1708 7720 7994 6258 5769 5428 1649 1209 6761 8467 8986 4610 8631 2263 5613 6092
29 620 7611 2162 4272 6735 8683 44 5191 5962 7715 6993 2505 507 7797 8648 9243 1785 1547 6134 6272 498 434 2962 6553 5299 8064 1854 9104 7443
23 3135 7312 3185 4524 2983 554 6545 7868 7093 2286 9242 69 4052 6763 5118 4575 1855 2158 2982 752 3731 1998 6398
22 872 4202 2052 2108 3663 7164 4880 1882 7197 8825 5238 3240 2891 3618 5352 8838 7818 7835 4457 4012 3661 7107
27 1231 7616 1858 3580 5438 2890 938 4488 3429 8571 1719 5250 1603 5539 8867 6416 1228 1291 4292 1314 5146 8350 6190 6290 7014 2645 7397
18 4701 3949 643 4518 8194 8502 6380 8952 1463 3097 5158 4172 882 4335 405 7472 8858 7634
12 251 5136 1472 5287 8444 2192 3933 2323 1263 2926 4403 2494
13 5151 2534 6587 1604 2368 1417 2061 4994 6764 539 1028 4804 2538
28 4766 8939 3547 7223 6828 6788 287 6055 3261 7435 4681 1235 6711 6394 3590 5562 4982 2314 5342 7218 5828 4183 7887 9055 4512 3929 6583 4491
15 9228 3427 9016 1484 5998 7393 7259 3568 3384 4443 5183 8669 7378 80 216
18 2186 1264 3027 8387 6488 2705 5266 4696 276 2945 549 3030 3700 4662 8745 6701 3358 1507
22 153 6239 7969 2616 8205 2081 5870 6604 2902 4658 7500 1810 618 1165 4925 3256 3103 7021 1700 5803 5455 3544
24 7649 5442 2231 2259 2097 4716 8362 9057 487 1572 8010 3412 3382 1640 3653 1904 4004 7268 100 7917 2111 3379 652 318
27 3260 1756 1176 4266 4758 7239 8465 4294 4198 4759 6024 1404 6302 9360 4224 5241 3021 644 2141 2700 3048 5075 4033 5487 9361 728 4128
3 1878 3346 4144
16 5304 8767 1372 8733 7059 4587 3315 2332 2579 4649 7475 8325 8278 2641 5416 4579
13 8448 1457 7959 8920 1038 6799 8468 7812 6018 5690 1406 8816 2193
30 6798 992 6388 2498 5645 7877 1987 7102 269 5591 3953 7694 3794 9044 7593 5258 4851 9339 1109 3955 5549 120 1656 146 1050 6535 642 8699 4387 5463
31 5193 582 3728 7198 2868 2930 1268 5419 6178 5857 1841 7742 8957 1387 5978 6101 267 6686 5836 3393 5464 4708 9165 4690 1450 4704 1428 3979 137 8921 505
19 519 5397 7238 7973 7590 7108 3241 1158 1637 4099 219 8204 2209 2580 2432 6675 709 5925 4417
11 5984 1671 8429 5000 4615 2757 4820 5291 4833 7498 5680
20 3325 1932 4732 6043 2205 6500 7324 784 8638 6979 5570 3151 4980 1384 1348 748 7462 4952 5176 8290
13 7051 6510 5162 2740 3737 1290 7496 7700 9096 3598 3622 1704 7676
40 6236 2567 2959 1534 3708 2971 844 5526 5283 5818 4903 5921 5160 5302 499 7249 2283 1405 3935 3554 8697 3258 4096 83 7257 8806 7453 1897 5990 4733 3887 4815 6430 4426 3120 9164 8718 71 6265 1566
15 4401 8746 6816 3759 855 6436 7175 5026 4106 440 602 5196 750 2501 6998
21 6212 9134 7479 6448 5378 8932 5159 1955 3265 5909 4111 3087 8090 1569 3338 7158 4150 2859 3396 4895 8005
30 8934 265 3216 6318 1906 1411 5719 6220 9238 8041 7513 5516 8417 6376 88 4469 4837 2584 3671 1511 8176 5400 6996 185 2166 107 6968 4683 8310 300
15 5999 7825 5543 4861 965 8351 322 5650 6602 4427 5270 4400 1077 4724 1206
7 459 6717 5592 4451 4845 5129 2665
21 7078 2536 2256 8707 3770 579 9091 5642 1715 6284 8184 1173 7679 7329 5461 7110 8427 6110 1835 6672 8403
23 4013 1601 1434 9070 7039 2940 5697 3029 6813 2669 7891 6661 5747 4856 3339 8565 6638 3918 2454 5080 5009 2060 8075
15 1340 2547 8969 1287 879 688 5557 3204 5394 5666 2337 5243 8542 1567 952
26 4827 8607 800 4315 9300 5347 2635 7664 2894 2806 4826 2224 5735 6029 1002 860 712 9281 2812 7440 789 237 4466 8901 3551 6942
29 355 449 563 2489 8821 9290 29 4363 8810 9278 117 4211 1918 3572 7416 2950 1369 8120 617 8203 5117 6028 5560 5122 7063 157 7805 3886 5886
19 2631 2766 3719 9109 3355 7070 2563 3974 1665 9069 2036 1246 6895 3981 4657 6615 5851 7783 1826
14 9072 3736 7826 401 5317 6118 3232 524 6067 8954 7914 4727 2185 6707
18 557 6957 5137 1736 611 2763 2903 7328 4300 254 2956 4025 7977 4937 1378 5430 3079 2177
14 3877 9246 7379 6702 1709 7359 744 4416 9138 7876 7082 5284 1467 5798
21 6364 6802 5108 2952 8142 8845 8628 8281 857 8021 5727 7746 1163 9088 707 5294 6097 6158 13 105 8374
25 828 5824 5233 2488 2759 895 1983 3147 7612 1962 6282 1758 1597 7349 4185 7436 4021 1401 3699 716 8941 7466 2829 1100 5199
35 4538 5873 8786 2785 1459 1191 7408 8462 2602 8672 7055 3491 8887 9218 5970 838 6343 781 2470 6255 5822 92 5890 587 2924 3248 4796 4223 851 5256 7469 8550 3313 864 852
25 6509 8226 7774 8004 4151 5156 2316 4626 5700 2005 2404 4206 3829 3852 3277 3377 3531 668 706 3797 5671 1126 7716 8391 1959
13 1234 3712 5950 3907 6007 6907 49 9333 4458 7970 386 4281 1350
21 522 2387 2698 4306 2622 2581 381 7598 6951 4422 48 6144 1702 4605 7118 1920 4586 4376 6935 558 2525
16 8494 375 6726 4088 5444 6361 3916 6958 7919 2652 2308 8318 5531 4431 3458 3473
30 3267 8933 169 3389 8275 6978 2935 4246 8728 3859 8674 7692 6544 4889 4541 4580 4002 2570 6840 2153 2219 6461 8061 4435 5088 3124 5711 7251 4735 5437
25 5749 3314 9274 5309 797 6453 6842 4721 8209 2811 9316 3640 8582 2711 6103 4790 6306 4492 2460 7701 5114 396 5607 2456 7603
13 8646 1329 2165 122 3775 5621 5124 8306 5185 2901 5024 4700 1174
22 74 4216 3904 8253 5662 2683 345 3518 4870 7530 3297 1697 8180 2053 6910 4131 2305 8758 7491 5057 1616 4051
20 1891 3474 8783 3052 1809 6930 4977 8040 9271 1528 7068 4550 1351 1734 1309 8399 6337 4960 3209 42
18 6169 4050 7733 8255 3074 5928 9068 4642 1822 4789 8221 597 7452 5165 3876 9062 1902 4303
13 7355 7100 7375 3072 3437 7183 461 9149 7288 6980 1620 4611 7645
4 5819 4506 1222 8345
11 3573 2551 2817 4286 3914 1892 1213 2712 6988 2736 5104
13 1515 3264 5412 6352 6098 7340 5976 6522 746 6592 3727 9254 7213
34 8228 3936 6285 3985 3695 7341 622 3274 3243 7417 6156 2592 8097 6753 8528 9170 3667 3867 5133 8312 8371 2733 7814 5319 2553 4187 3713 1725 2424 6543 858 1476 4423 2838
20 7149 2435 4253 1427 8395 5179 1051 4178 4278 8459 8152 8971 1155 3702 2020 5850 5563 3483 3142 4122
13 7536 6913 8837 424 8732 4287 2955 2221 1733 7263 6923 6694 9297
16 2715 3323 3520 2833 6123 7823 9306 245 7248 4931 1585 2863 2006 2689 2947 6607
10 4922 9169 8543 7127 4898 5641 5469 1128 3493 2670
22 7421 6693 7526 2900 4665 6936 3677 904 4411 3529 2078 7505 2981 4630 136 3423 429 3466 1363 8664 2090 949
18 6632 734 226 3361 905 9312 8373 2016 8159 1646 329 307 7859 6437 8703 5656 3610 669
18 5120 373 863 2390 6464 8007 2725 6356 6107 2278 9143 7987 9356 1010 5436 2338 3223 2168
12 3306 8434 1885 1650 7906 6214 4026 2215 783 8093 1696 2260
21 4917 3683 7155 6297 1509 9125 7310 2380 2232 3149 2909 7414 8591 8516 4022 5334 7829 8596 9214 3068 7962
2 8956 197
21 2171 2148 2032 5166 2350 6349 756 3782 4482 4778 4339 1303 5259 6350 2059 2322 6292 8037 7802 7 7060
35 7683 5121 3592 3008 3732 2816 5205 8625 2623 671 1945 1648 7133 685 4515 6026 1305 5348 3938 2659 8033 9362 1554 316 3717 6233 3191 2750 8438 3145 6266 3291 4439 7879 4786
29 8551 2932 6273 89 8729 4608 5939 6181 63 3337 7357 6714 3762 3070 3461 7554 2416 6240 6157 3635 1282 2173 798 3013 7114 862 7541 2427 3112
21 989 2797 8774 3607 6571 4548 5449 8514 8979 7233 3533 8197 6588 5076 7538 6732 1267 632 8076 1482 2800
21 8653 2110 2343 4180 7519 8709 3235 1225 973 631 7790 7474 9188 5842 3247 1059 4152 1968 1257 4024 2590
26 9011 5589 6789 6900 4763 9003 9193 3469 1757 9321 378 7145 3957 6655 1674 6119 8344 7186 6783 8588 7042 2832 4450 9207 4976 7317
2 5527 7780
12 24 8592 2618 6582 1312 3332 3278 8626 850 3482 6187 5031
23 1747 847 6898 5619 2790 2462 7497 4712 6644 152 1388 8634 4900 5718 7874 1577 8930 7675 7471 799 2760 2449 751
21 894 1972 8111 4291 1105 5979 7633 2651 9235 7353 8259 5038 2828 5714 6641 1938 5510 1085 7056 945 6559
14 7345 3085 4328 7049 3486 3177 8854 987 8888 2514 4975 374 2002 3937
21 1821 196 2923 8267 8155 4797 5590 2299 4244 4314 6745 5500 9141 2004 1062 7570 1565 5596 2146 5415 5953
29 4432 8419 7637 4103 3760 3253 5012 1043 3995 9334 8068 2041 5515 6186 5989 4897 1740 1289 8959 2393 2457 31 8599 7427 4678 4872 5772 5307 7775
22 1518 3810 9115 1683 5738 2628 3378 3407 1797 5130 7763 5077 5612 1034 6411 3641 1221 664 6825 5502 9152 6659
35 4338 125 5388 758 5363 6973 6293 7077 713 4648 6379 3638 7410 1976 4723 3967 1595 2371 6294 8141 2528 9202 2414 4699 8965 8127 2798 2633 6872 586 6045 6848 4985 7894 2448
11 6151 9208 6491 1042 344 1732 5703 73 6 961 6457
11 2324 1083 3335 5923 8995 3943 474 5957 3270 8794 4041
28 8963 7116 666 5535 2150 1200 1166 3065 3959 5561 9108 8678 3803 2099 633 8515 545 1333 4355 6499 1876 6800 7882 2998 6845 1808 8780 6090
31 55 4564 360 2770 7003 9031 4647 4415 8063 4380 7523 408 8496 463 654 991 1953 6152 1343 7163 3951 6210 982 1949 2520 5578 2486 1562 2727 7953 7327
17 5011 4781 1592 5844 1254 4836 1969 2535 2360 1522 4227 8771 8317 6526 4130 6069 7160
19 7220 3285 5209 3522 2662 7406 2931 6408 6676 3244 9053 8793 4936 5768 7569 7585 9163 5305 8244
19 5433 4413 441 2916 1517 839 8756 6833 3586 8456 6728 6165 2123 2198 3109 5791 7605 5253 5343
33 9017 9140 3015 8032 9249 97 7760 8584 156 1271 1857 512 2315 9064 849 8499 9298 1984 2545 4722 2743 4340 7103 9007 9010 5533 4654 4452 4270 3467 1504 9106 1908
16 6062 4257 731 2517 8524 1661 910 7221 7334 5198 492 1881 7731 7234 1022 2039
16 4680 954 488 8727 9029 6970 4365 3117 3593 8121 7761 5558 4847 4592 399 3980
13 3127 6889 2503 8650 9101 9002 4638 7237 8441 183 7533 5203 7931
30 8575 2083 5422 3853 7015 8822 819 5517 8523 2937 6681 5667 8353 473 468 7755 1501 2255 8319 2467 5644 7803 5723 4320 6137 8110 9036 5401 2385 1777
30 4602 9324 8555 5827 1765 1548 6228 6622 4908 947 7332 4684 8866 1449 4756 8315 7651 3993 2558 5640 8913 740 6277 7360 3485 4220 7477 6666 8305 2038
26 8899 5063 4670 7374 7954 1377 5616 6871 4500 2746 3548 7305 695 3259 4793 3565 6114 877 3657 3527 6612 1982 5485 7062 3173 4596
15 8938 3172 8659 1992 8129 3367 837 5349 3350 7010 2972 1788 3583 5457 5511
3 7863 761 3373
15 7563 5608 4876 8895 1091 4736 6022 3754 6552 8618 1780 4316 1119 3025 3043
26 6985 9095 9323 6906 2855 7344 2391 7878 739 1887 8282 457 1098 4446 1662 749 4373 5411 7448 8202 1899 7971 929 4276 128 367
12 836 2587 7438 7067 2465 569 2242 8752 2620 6600 3791 7629
19 3817 5704 8953 1184 4631 6450 769 2249 1336 3614 703 4509 934 9046 6851 2710 1485 3035 6749
36 8723 4478 9144 3749 4258 7834 653 1118 5829 2293 5977 7430 7460 7489 6474 6235 8856 5940 757 2542 5084 4289 7847 2340 3215 5796 2593 4173 6760 9315 5665 3162 6276 1365 6085 1580
25 1978 7539 8686 816 7764 1754 3246 2228 9318 3647 1910 7929 738 6358 3453 2701 2226 7769 6504 7562 3898 3600 5312 4398 308
19 6741 9358 8782 3972 2619 5965 3826 1956 1720 4421 7946 3322 1963 6610 7862 7326 5092 7926 238
15 1570 7932 542 5789 6804 2539 1152 5264 692 8066 2939 2794 1060 5358 6647
35 3934 9194 8715 3585 6342 5274 8131 6796 6820 1588 359 1631 6531 2216 2250 8401 6927 1905 8077 1886 292 2241 6031 6512 7732 3471 5414 6959 6513 5408 3388 12 6573 5784 426
38 3359 1539 4622 8981 9066 6320 6315 3212 2252 4882 6384 90 8538 3454 6089 8458 928 7739 3605 1675 7641 389 5177 1739 4887 6397 8103 3910 8436 997 8779 4995 4894 6844 5902 8615 4195 3272
8 5441 175 6517 2556 6359 7728 3815 1275
19 8800 3281 1108 5381 698 4391 3273 6071 5470 1805 5725 5051 7465 541 2459 2922 8215 630 5745
29 4086 1571 9212 4831 933 8428 6023 6288 6463 7673 4118 6765 5297 6627 830 1915 2862 1326 8896 9189 927 7323 7335 4822 6787 5492 1049 8960 9311
30 5689 5314 9006 3777 2607 3284 6375 5330 2732 8680 7428 1232 206 1553 6767 4242 4821 8852 9098 5382 614 8976 3497 3692 8036 417 8239 9153 1606 2686
15 178 6537 5321 4090 996 8026 4841 2976 4819 2694 812 2921 1492 7705 6994
16 9302 2295 1590 7849 6770 6263 6858 4186 5843 410 3643 5331 4 2105 4468 1475
14 1064 1786 5042 8292 3416 1516 2187 2605 8747 3890 6033 7532 4171 3612
22 2729 8813 1613 1508 8348 6696 4136 1542 3475 4777 2200 815 7615 8479 2164 1065 7568 6967 5379 1816 6875 8894
23 8907 3292 1584 7630 4703 6879 4652 920 6503 3311 6605 2636 4629 6205 5396 2788 2483 7369 5242 4481 8943 5328 4783
10 2356 8027 4234 4877 2941 6730 366 4254 3031 5221
17 1239 2156 5975 1820 2418 7920 2611 3820 8481 1655 2443 6341 4405 4901 3646 5855 1421
19 4971 7551 3 3843 8022 8364 7729 6369 3941 1136 5966 5760 6035 8289 8157 104 892 6887 5293
3 7557 3394 3091
25 7401 4573 8266 6525 2070 3213 2588 2480 7171 2656 423 8513 8476 1940 5744 1088 8079 77 8716 1071 8172 6893 3897 3371 3765
35 194 1856 4705 2726 2920 1124 3989 5187 5737 1137 8863 8460 7735 3795 2176 4609 7586 6442 1652 4230 4473 6070 2160 1094 2397 7899 7456 6142 5383 8982 3214 3280 5706 6830 2554
23 9325 144 8657 4031 1914 1039 842 5917 8046 3251 2773 5231 8482 7961 2753 3157 8198 2747 7809 8330 4283 9240 8382
26 3888 4317 8835 7646 2625 7913 516 5898 4005 4299 2469 5489 5785 3198 4101 1961 6876 6918 8614 1480 2598 9178 5099 8133 3402 6807
26 5786 7315 334 4305 2723 677 2756 4730 4062 1489 7724 764 41 1979 2330 1846 5458 58 5435 5123 5015 3488 766 1151 1068 4932
16 7079 3528 111 4301 6245 6009 9221 7905 3449 7685 4771 3903 6131 4354 993 6795
27 5887 1781 3659 7872 3766 1247 1994 2597 6990 8001 1800 2115 7409 326 6059 5295 4318 4695 9241 1491 4785 6307 5147 6888 6298 5138 7289
15 768 8397 2063 8219 9048 729 6246 3433 1393 247 2204 2136 2644 4170 901
31 3768 4461 2741 1866 8414 4107 1486 4039 7225 2720 5069 3848 5228 2201 1157 427 4523 7418 319 8580 3648 5753 4048 1461 7185 7757 5874 4259 3324 8302 8433
19 7269 2777 7955 8900 6082 4934 8130 6885 2048 2030 9075 4293 2029 1952 5530 7387 6772 4486 8713
33 5393 9090 8936 8797 2680 5106 3452 1432 127 7770 3481 1911 4858 7588 5545 3997 8601 705 6489 8503 6805 7208 3511 8435 4634 981 5922 1916 5152 1479 3687 8301 2436
13 8868 8958 6801 6849 8200 4627 8717 5109 7099 7726 8347 908 7294
13 2077 856 1162 4156 9060 5236 6003 2518 9343 2599 8250 3444 2074
31 3331 236 4558 3118 6000 6748 7749 2426 8951 6850 6902 15 9340 2175 4535 5499 1090 5465 425 8216 3288 2275 4702 2555 8356 9008 3939 6712 2928 6540 7801
18 8573 6326 4116 8299 4112 4462 227 3366 5290 2336 6570 5384 5677 8003 6389 439 555 2290
21 8453 1237 4148 5595 1818 8574 3738 1872 1804 944 7824 8658 6172 2086 2852 191 8361 9313 9157 7227 8785
18 2010 5849 2583 2117 1937 3175 8724 5610 6534 9305 1636 5477 8483 538 3450 9155 4742 2933
17 7860 7501 7191 5370 186 4010 1690 4744 2560 5698 8537 3630 3925 1942 3805 5126 6125
11 4470 5675 3348 5588 6843 4717 7041 347 6759 8167 1293
25 2392 2476 207 270 2936 4418 6839 8123 918 1617 7368 5583 8751 7762 7999 3148 7787 4918 5816 298 4554 7778 5866 3822 5767
38 4364 2329 5795 3004 584 5648 6709 8257 8162 8878 6493 3626 5861 8872 9079 123 1793 1586 1082 9182 8006 1625 665 6854 6095 6088 1296 2181 9004 3372 6012 3966 2120 6164 6353 1224 3349 8190
22 2438 274 8891 6189 941 4284 5830 4385 4869 341 1057 4802 834 1552 1277 2537 8128 5916 377 7791 2719 3740
14 3574 327 1026 8035 4800 6593 5602 8914 8451 3650 3086 3443 3171 717
25 6683 999 1673 1973 1307 5779 271 6443 264 5765 8885 779 5649 2267 3490 14 3455 3615 9023 1086 3132 1889 4753 252 3077
14 2144 8495 7856 2363 7854 8983 4028 6300 7785 1076 2447 7981 1801 8790
21 208 5605 1931 81 6347 8124 2372 5351 3785 7035 2159 7958 1526 6944 177 385 5764 1827 6662 2130 7591
27 5739 1946 3562 4720 4135 9160 8893 7331 501 4812 6383 7506 1724 6623 1464 7740 8107 4794 3512 6209 7793 4737 8775 9021 6150 5693 1067
4 6115 7924 4055 1924
29 2073 8649 418 174 2722 7415 7426 869 1977 4471 5181 3753 5021 1682 8322 1561 3016 1478 5460 7264 6121 2413 2394 3197 7432 5239 1075 7840 6039
19 7499 7139 6826 7066 827 639 9282 2911 682 8058 7094 4379 6367 323 6948 1772 2304 7798 2355
31 7206 613 8644 5013 8145 320 543 513 6084 9267 3787 3275 1410 1575 8095 6520 2649 3564 1913 2429 1512 3055 1843 6710 753 225 6061 4082 1840 6481 9136
23 1474 1220 5988 3228 3705 1543 2423 8388 7528 209 6280 7454 3159 5105 7009 8581 3813 4309 2802 9199 3089 6006 5494
27 3504 4369 5687 8316 1958 2019 2892 5048 3229 2934 250 6630 3375 4207 881 591 4226 5996 4967 7624 5820 5806 8225 2084 6698 7121 7050
18 4164 3637 762 2352 2104 4184 168 402 8663 2953 8028 957 7837 3308 1836 1181 600 2925
36 6737 6780 8950 8850 7122 610 279 2510 3571 8321 6468 9113 4472 2188 3403 482 8340 5754 1005 7719 7534 8112 8925 8530 4374 3102 1188 3233 4942 3763 912 6841 3081 2850 7614 7502
29 8548 2080 3513 4079 2210 4382 3830 2044 2239 9018 6631 5647 874 118 9094 8679 3340 490 2627 9058 8763 4675 8056 2564 7404 8630 7276 1070 7806
24 1280 7578 6853 4279 4129 6371 5548 4501 5186 2197 6042 8258 4646 2877 451 1883 8978 6982 5229 213 6747 3489 3869 6423
30 1731 4787 8015 8905 8144 8809 2122 4063 4694 8998 4816 3262 1156 8593 5956 3885 3541 5709 3032 4441 5944 6040 4319 667 887 5736 3743 2688 8757 8071
28 2487 659 3501 778 8294 8246 1745 3320 3034 4493 8609 8143 2970 5935 181 5078 6866 5900 6382 6777 4032 5894 1140 8567 3960 351 4157 3194
36 8051 4038 2121 3254 6317 1609 3846 9352 7280 3900 4668 9015 4091 1766 1771 3364 3105 8179 1579 1737 3480 4679 6705 7702 2116 2152 6414 8847 2780 6629 1748 4599 6597 8910 8323 2367
18 2309 6309 7074 8980 4998 8759 1004 4655 875 2575 5946 1159 5763 9042 8100 6987 946 8935
15 556 866 7170 4381 4584 4159 8488 3996 2025 8882 4585 7381 7012 2664 8926
29 4414 9071 8404 2508 1217 7392 7032 2237 9171 2776 1306 7307 2778 8789 8365 8651 6974 4336 3969 1058 4956 108 4182 7086 6663 3330 5161 9284 5896
26 1807 4174 8386 8407 3530 430 2396 5702 4540 8147 1847 2572 1898 8633 7577 564 8690 2479 7852 4614 6275 2819 3059 5879 990 6883
36 5746 3067 8874 5132 7658 2496 5267 6669 4863 1614 1016 2968 6881 4945 6471 6695 4302 1382 3514 4277 3682 4273 1666 9365 1079 314 4147 3101 3874 2915 7137 9251 7951 3409 2668 5459
24 91 5815 6386 8295 6652 8533 4740 4607 1121 2253 868 51 2769 8695 2233 5327 1006 4751 5670 3690 2897 9168 312 4517
19 3870 3878 6539 1008 3756 5366 4864 5540 5837 8817 7283 5564 5173 1626 8161 4514 5224 6296 4536
6 7441 1933 4006 2532 8726 3425
32 932 6776 5503 634 1635 6529 9190 1975 1691 4752 7373 2965 8069 3665 2954 8652 7827 7190 8074 3801 8846 1477 4410 7555 1251 4919 6945 7231 690 5113 2782 3401
15 2585 9253 4236 4933 5372 6445 565 7209 7282 5491 3363 4633 8964 9158 5478
7 674 1863 1545 1383 3545 7545 7636
12 7709 9270 7976 3873 7548 2223 2985 7857 7945 4197 2114 4572
26 8504 8682 6225 1692 4125 4480 2091 8737 5172 6202 3138 5915 2240 4074 725 4375 6368 2284 9195 6541 8086 1714 3468 8013 4709 6972
37 201 2098 8122 7706 6864 1438 4454 6716 1837 5462 4871 8561 4970 6479 3451 2807 2402 7758 1657 7663 1893 3678 6124 5553 4240 5480 2406 3962 7117 4141 5807 7648 342 5986 4267 773 5945
25 7671 7948 8188 3855 7957 8238 2103 4219 3616 3723 7490 8762 6372 9280 4075 8773 5892 7521 275 8307 1687 7869 7316 1919 1078
19 7604 8988 6653 9347 7386 6184 6405 5102 8109 6812 4058 6244 589 8720 638 496 7583 4912 2050
13 972 1950 7552 3701 2957 2693 3139 7950 7088 1208 1833 3304 8186
20 5374 280 6815 6345 363 4238 5577 228 8507 4926 4803 1394 1505 5439 7580 8 8181 7888 5731 7431
15 4077 4433 6160 2987 3046 3024 2548 5840 6548 510 7613 3555 6766 2139 6594
24 8191 9344 7096 2021 4326 3155 3603 205 2895 6227 6933 7420 686 2126 3479 6002 5634 1782 3001 18 6852 4551 8539 8613
4 6415 8889 9120 1550
27 7455 9248 6325 3526 2101 2017 4232 6148 2184 7339 1513 7252 9111 2195 6183 2407 5452 5631 1316 3956 54 283 4149 6494 361 3374 889
15 6793 9341 5204 8080 679 8968 34 1778 5450 1292 6563 3503 7660 7468 5832
31 6606 3186 8241 5813 4399 4581 1415 6532 983 2054 2300 5681 8970 6724 657 8049 7073 7038 8569 1698 6250 1817 5095 6268 7260 7893 1971 6564 4121 5571 6196
13 420 7006 3919 899 6637 7308 4656 6449 7864 3620 8552 5367 526
14 4115 7935 2873 914 7846 3751 7473 2113 3192 8151 6507 2297 5072 1466
29 1386 5599 135 3369 268 8008 6569 811 3836 70 8313 7125 2377 35 2319 6145 7941 2399 4943 7665 7380 1599 7743 6687 4593 9085 1019 7300 6439
28 2690 115 1495 2246 7476 7166 985 3066 656 2167 1368 4928 959 6222 7433 4706 2557 4673 452 2306 8357 3902 626 6941 2857 7691 683 9177
43 893 2366 8509 500 1288 3203 9186 8725 5994 394 116 2942 873 4350 1300 3370 7531 4576 4930 235 3621 8961 3536 2229 7027 970 4386 8603 4100 7247 3156 7866 1164 4760 5895 4145 6081 3645 1367 8946 3750 9304 4252
32 1229 4061 4857 6008 5622 9307 4393 8450 867 4389 2468 6334 6431 829 2446 2095 7727 6287 520 3532 7007 8865 404 4944 2026 4388 5572 8298 5881 6226 4070 2463
12 7187 8520 1046 6407 7918 3509 6779 8125 7574 9294 8738 976
24 4950 3729 7901 7537 1741 3019 2335 151 3694 7540 2684 7351 5508 5506 8586 606 6713 5054 2145 7858 4947 6482 5576 8590
25 435 1506 7707 5542 1947 3517 6305 8196 4308 1145 2949 1634 4275 1356 7275 8214 5559 6581 7446 2362 4428 6360 6104 282 4843
24 7558 9217 5017 1551 604 5127 2214 8057 32 4155 6929 3558 6459 8562 294 7403 8829 6441 8099 421 6261 5865 3318 1418
33 397 5490 9081 2516 354 5847 1623 8712 3242 6434 119 2678 651 1802 3651 4261 460 6873 1318 7267 2887 4249 6447 3844 6049 6692 5471 3456 1198 5672 718 7226 6682
27 6418 2484 2687 979 1677 22 8173 4015 3208 475 7608 6140 559 8408 7553 906 4621 5483 443 1317 7346 6554 4597 310 1331 3834 583
32 30 8389 3550 8271 6412 8089 4053 9041 2500 6166 1170 1341 4556 5045 6223 9204 4842 8412 2143 6312 5301 1615 321 348 8911 4190 7287 6838 4534 9342 4054 5235
28 2288 2131 646 8811 3279 2069 824 1861 1707 8101 4718 3447 3596 5701 7020 7207 4341 9078 3871 853 3739 8741 8656 5967 1017 4080 325 5154
1 3521
24 6915 7325 8012 7909 109 1273 7786 295 5781 1888 8984 1795 4991 2624 765 7306 5047 3432 1519 4508 1236 603 5195 6321
38 6792 6786 1414 1869 1154 4269 1183 6313 4424 673 2161 2220 1420 8823 4834 447 6781 4263 8827 8208 3133 6424 4619 8437 5972 3927 4999 4120 5234 8749 1106 5065 3310 534 7916 6058 3400 1338
19 6455 7321 4049 7124 5931 7937 9142 5846 5313 4137 6584 1408 9032 2549 4430 8948 1981 3200 4331
5 5251 861 1132 4799 2088
15 7029 2386 3299 1431 9080 5883 4913 4248 7229 3868 7621 4738 7838 2639 4844
22 2861 566 5232 4372 2869 4057 6433 3478 5261 3570 9285 3026 388 4476 2437 8045 9129 7394 84 5555 7979 438
19 9223 8701 6289 7253 5884 890 8415 7883 8276 3153 8834 4865 1710 9174 7525 8787 5961 4996 4555
39 5811 2442 2884 8410 9346 7467 2444 3328 4660 8471 7698 3160 891 4406 5357 896 5995 8776 5537 6113 6566 5189 5032 3563 2268 2138 244 1921 4397 3658 8719 9283 6865 1189 8521 9034 7713 4425 6078
22 190 7048 6917 1997 8942 693 8039 4966 8473 4979 2533 61 5434 1964 7064 2342 98 6628 8115 8411 382 3063
29 5801 2946 4358 6778 2412 521 5216 3289 6971 5771 7796 7995 3038 6373 7933 805 4806 1355 3457 5780 7975 1488 4874 1454 6180 446 57 7943 7690
25 5775 9260 5178 5981 8446 8470 1412 6891 339 2094 7178 1185 3421 4511 4687 1345 2963 5660 4325 777 7482 1487 735 6911 3982
16 8168 1114 6591 2615 8336 7821 288 6782 66 1845 7650 3707 5992 5058 5276 7997
33 2049 4568 7172 8443 7065 6940 6428 484 4154 4591 246 1839 6775 6472 2789 3587 9366 7619 3896 6618 8087 6036 6613 4487 1332 4805 5707 7195 8442 3435 9024 8038 6768
31 7411 6355 3557 4689 1366 3386 9239 7867 6475 7214 7236 8423 6283 1074 2774 7138 362 1970 6218 3710 2018 7046 3827 3252 5445 5380 2147 8334 8376 672 5311
25 4854 6211 4768 101 1380 5783 2974 6867 3128 380 9205 1000 3003 9183 3410 142 7284 5167 5230 8508 5093 4479 2127 697 3642
36 3880 1265 540 4297 8554 7092 529 7018 2248 7309 3113 5948 1667 6725 7442 1442 4929 8688 1361 2813 4176 7054 7711 9317 2573 96 383 8146 301 8617 7320 1828 1729 3769 8287 2388
25 2958 7907 2361 2984 5350 3465 6750 7643 2544 6176 6577 7873 9159 9326 6677 3144 8091 5554 4169 1205 6171 6680 5131 7666 7478
20 215 8662 7173 6645 8220 2792 3579 7391 1055 353 5079 6105 4237 5218 6094 7792 9146 719 7509 2354
9 1052 9219 6492 6832 1446 5504 5029 5639 2499
32 5668 2864 3715 1014 711 1422 6519 2471 9151 5398 324 1670 3071 2502 5354 1013 6949 3523 4527 2331 7828 3496 3786 1473 8463 7180 1193 8517 6506 3516 1711 2596
28 4084 7522 1168 5777 2566 6207 1533 2943 173 4973 5174 6193 6814 7128 4537 1796 2707 2630 4938 9354 745 8587 3049 5004 8377 1147 133 6720
21 8534 3136 4986 470 4559 5776 6620 2992 9114 7928 2270 5985 8413 3578 8156 8807 8606 9309 7830 5585 2072
27 732 3166 8309 7071 4464 1122 3096 130 7810 5486 6068 249 4165 5914 1589 9112 5710 1830 1535 8940 7627 2057 7915 5937 4239 5574 3506
