2348
1
5
dif-b 1997
ffi-b 34
cebi-b 807
fifg-b 1767
g-b 3466
2
3
ddgc-c 3352
eiic-c 732
hfij-c 3987
3
2
hia-d 4138
eah-d 3933
4
4
dj-e 1994
fahf-e 37
eeea-e 1372
fbia-e 4668
5
2
heic-f 3150
dcf-f 4921
6
9
hjje-g 1396
bdg-g 256
gigh-g 406
fga-g 743
j-g 211
eiaa-g 572
ebej-g 51
di-g 942
ghe-g 3494
7
7
cij-h 1453
bdha-h 1055
eji-h 559
ggbf-h 169
ebec-h 870
bbcj-h 257
efjc-h 3708
8
9
cb-i 335
jgi-i 166
bibe-i 202
jah-i 947
gjg-i 150
bba-i 125
cagh-i 870
gae-i 836
hghf-i 4440
9
6
gfje-j 92
ccaf-j 837
gegh-j 1825
fjbj-j 1604
hddc-j 334
chca-j 3379
10
5
fghe-ba 1314
hidc-ba 586
edbd-ba 679
chaf-ba 748
bfhh-ba 4744
11
8
ceec-bb 416
gif-bb 1625
edb-bb 190
eda-bb 511
ehd-bb 1129
gbf-bb 106
gehi-bb 609
fdif-bb 3485
12
6
fdb-bc 917
bbf-bc 7
gdbf-bc 286
ee-bc 2136
dcgb-bc 1078
dhbi-bc 3647
13
7
bjj-bd 433
hegf-bd 809
chf-bd 32
eeac-bd 690
dfjf-bd 1723
ddbh-bd 397
eihg-bd 3987
14
3
fbd-be 1162
baeh-be 386
bdfi-be 6523
15
3
ec-bf 2757
bhj-bf 1048
bahd-bf 4266
17
6
bdhg-bh 2373
bbid-bh 44
ffac-bh 442
heji-bh 386
ghji-bh 1369
bbib-bh 3457
18
4
chdc-bi 657
edce-bi 658
iae-bi 3479
effb-bi 3277
19
2
baab-bj 2475
bjif-bj 5596
20
5
ba-ca 2584
hhah-ca 26
dbi-ca 1170
ebeb-ca 515
dbg-ca 3776
21
5
daf-cb 1867
if-cb 78
ba-cb 1106
gibc-cb 263
egfh-cb 4757
22
1
beii-cc 8071
23
3
fcdi-cd 4203
hced-cd 128
fgc-cd 3740
24
5
gddd-ce 2104
bfdc-ce 13
ddbg-ce 428
ebcc-ce 453
jj-ce 5073
25
3
ghfa-cf 945
dddg-cf 492
dggh-cf 6634
26
3
biai-cg 943
dfjh-cg 3180
dide-cg 3948
27
3
ecbc-ch 1263
baci-ch 3582
bbf-ch 3226
28
2
fgid-ci 1046
gejf-ci 7025
29
4
gheb-cj 2695
chif-cj 1610
ca-cj 481
fgid-cj 3285
30
1
bib-da 8071
32
5
efia-dc 1592
dfac-dc 478
daad-dc 86
ccj-dc 1988
ggad-dc 3927
33
5
cdc-dd 722
fada-dd 1581
effb-dd 1101
fcdg-dd 858
hec-dd 3809
34
4
gdb-de 2352
bedj-de 608
cdje-de 662
g-de 4449
35
3
dhce-df 1985
bjhb-df 904
bbdc-df 5182
36
2
h-dg 5113
bchb-dg 2958
37
2
gb-dh 3018
ce-dh 5053
38
3
bhic-di 2943
edhd-di 665
bcdh-di 4463
39
2
ehdg-dj 4441
cfja-dj 3630
40
2
jhb-ea 2605
ddg-ea 5466
41
4
feab-eb 2351
eca-eb 1511
dah-eb 686
fa-eb 3523
42
1
dgbb-ec 8071
43
1
fgh-ed 8071
44
2
e-ee 1203
beec-ee 6868
45
7
bjcd-ef 738
djbj-ef 427
ciac-ef 510
gfff-ef 304
fhcd-ef 1004
biab-ef 655
g-ef 4433
46
2
hhfh-eg 4319
gfcd-eg 3752
47
2
chgi-eh 4122
cdgb-eh 3949
48
6
be-ei 2349
eejg-ei 806
baca-ei 471
bfj-ei 290
gde-ei 128
fhfj-ei 4027
49
6
bjba-ej 761
hefb-ej 774
ebg-ej 746
hagd-ej 1202
bca-ej 586
efhf-ej 4002
50
7
eegf-fa 2146
gbh-fa 185
hiaa-fa 785
fjdj-fa 6
dcdg-fa 319
bcgd-fa 1104
bfc-fa 3526
51
3
hjbh-fb 2017
b-fb 435
ghhe-fb 5619
52
1
cghg-fc 8071
53
1
cjbj-fd 8071
54
7
cjdf-fe 427
bibh-fe 325
cia-fe 626
fc-fe 1008
dfd-fe 1157
cjbd-fe 677
bihf-fe 3851
55
3
dcce-ff 3596
ddi-ff 1275
becd-ff 3200
56
2
fac-fg 1265
cfjh-fg 6806
57
2
bbcj-fh 4025
bgh-fh 4046
58
2
cdgb-fi 1699
ddf-fi 6372
60
3
biia-ga 1503
hhbg-ga 122
ijg-ga 6446
61
2
dbhc-gb 3045
hfbe-gb 5026
62
1
fege-gc 8071
63
1
gf-gd 8071
65
3
ecjh-gf 3534
biec-gf 15
fahc-gf 4522
67
2
gjia-gh 3578
ehd-gh 4493
68
3
jih-gi 3941
beej-gi 704
gdcf-gi 3426
69
1
fa-gj 8071
71
1
iji-hb 8071
72
3
cjdc-hc 483
diie-hc 2942
dja-hc 4646
73
1
hdfa-hd 8071
74
1
gbjg-he 8071
75
1
bgb-hf 8071
76
2
cgfh-hg 3413
ebgi-hg 4658
78
3
ece-hi 3738
cfg-hi 895
hai-hi 3438
79
2
cebi-hj 3651
bje-hj 4420
80
1
dhj-ia 8071
81
3
gdij-ib 2682
dehh-ib 1534
bfgj-ib 3855
82
2
gfii-ic 3440
egja-ic 4631
85
3
cheg-if 1817
fici-if 740
f-if 5514
86
1
hbff-ig 8071
87
4
fef-ih 1913
cae-ih 1082
ccee-ih 461
dfeh-ih 4615
88
1
dacb-ii 8071
89
5
gdja-ij 262
eca-ij 377
defj-ij 432
hah-ij 2043
beah-ij 4957
91
2
fbdd-jb 2103
hbeb-jb 5968
93
1
hhhf-jd 8071
96
2
bcbd-jg 2758
bhdf-jg 5313
99
2
bfh-jj 3569
edj-jj 4502
100
2
cabb-baa 5271
edeg-baa 2800
101
1
hjh-bab 8071
102
3
gijc-bac 3662
jbg-bac 255
cgfi-bac 4154
103
1
jhi-bad 8071
105
6
heij-baf 948
ccgg-baf 86
feie-baf 666
fdbj-baf 629
edcf-baf 2483
bce-baf 3259
108
2
cebh-bai 3643
hde-bai 4428
109
1
bdhg-baj 8071
110
1
hej-bba 8071
111
2
gbac-bbb 4472
efb-bbb 3599
112
3
bfai-bbc 2449
bh-bbc 72
hfed-bbc 5550
114
3
cjdj-bbe 708
fhga-bbe 2479
eici-bbe 4884
115
6
edic-bbf 935
eeag-bbf 1713
ea-bbf 2004
diha-bbf 81
bdhi-bbf 94
bij-bbf 3244
117
3
fid-bbh 554
ggj-bbh 1965
gag-bbh 5552
118
3
edi-bbi 1057
efa-bbi 2988
ei-bbi 4026
119
3
bid-bbj 3247
cffh-bbj 13
bcca-bbj 4811
120
2
cii-bca 3460
hjg-bca 4611
121
2
ccji-bcb 2258
bgc-bcb 5813
123
1
ebag-bcd 8071
124
1
dgij-bce 8071
126
1
cefe-bcg 8071
127
1
bfij-bch 8071
129
1
dhbj-bcj 8071
130
2
cfbg-bda 2579
bafh-bda 5492
131
3
g-bdb 1818
fibi-bdb 2265
fgah-bdb 3988
132
2
dhib-bdc 3602
ff-bdc 4469
133
1
cebg-bdd 8071
134
1
gaad-bde 8071
136
1
bfaf-bdg 8071
137
1
cgcc-bdh 8071
138
1
gffb-bdi 8071
139
1
bjae-bdj 8071
140
1
ga-bea 8071
141
1
bieb-beb 8071
142
1
fhic-bec 8071
147
2
dffi-beh 2347
caed-beh 5724
148
4
hccc-bei 2001
e-bei 63
bgac-bei 746
i-bei 5261
149
2
bfei-bej 2746
hehi-bej 5325
150
1
gibj-bfa 8071
151
1
baf-bfb 8071
152
4
egha-bfc 2801
efdg-bfc 742
ccc-bfc 960
dfgh-bfc 3568
153
1
gbij-bfd 8071
155
3
bbab-bff 1400
efge-bff 470
gdfc-bff 6201
157
1
ef-bfh 8071
158
2
dcbf-bfi 3784
eied-bfi 4287
159
2
bdfb-bfj 3854
ccce-bfj 4217
161
2
bde-bgb 844
bhg-bgb 7227
162
2
gjaf-bgc 2219
gdij-bgc 5852
164
1
ggce-bge 8071
165
4
egef-bgf 2072
iid-bgf 587
ca-bgf 1550
cfdi-bgf 3862
166
2
dca-bgg 3599
hdgb-bgg 4472
167
1
fijc-bgh 8071
169
1
defi-bgj 8071
170
1
c-bha 8071
171
2
ffb-bhb 2481
bj-bhb 5590
175
1
dbgd-bhf 8071
176
1
cijj-bhg 8071
178
2
dh-bhi 1589
dfjc-bhi 6482
179
5
gbbj-bhj 1480
fagd-bhj 1247
bdja-bhj 1268
eidc-bhj 1204
bgjb-bhj 2872
181
1
bbdd-bib 8071
182
3
cdaf-bic 664
ceid-bic 3219
caah-bic 4188
183
2
bbje-bid 2019
ef-bid 6052
184
1
hbfa-bie 8071
186
2
fba-big 1597
cbhj-big 6474
187
1
baff-bih 8071
189
3
had-bij 4410
giac-bij 391
ehhj-bij 3270
190
3
ccac-bja 2942
hfda-bja 634
cjeb-bja 4495
191
1
eifc-bjb 8071
192
1
cei-bjc 8071
194
2
ccej-bje 4345
bfjb-bje 3726
195
5
hgig-bjf 1364
chij-bjf 843
ccda-bjf 101
bdej-bjf 2632
edfc-bjf 3131
196
2
cicg-bjg 3440
biid-bjg 4631
197
2
ghj-bjh 5047
cdbd-bjh 3024
198
2
cihg-bji 2897
edde-bji 5174
199
1
hgic-bjj 8071
200
1
eae-caa 8071
201
3
faeh-cab 3762
jjg-cab 538
hhji-cab 3771
202
2
feej-cac 2917
eej-cac 5154
204
3
gafi-cae 1887
hbdg-cae 70
cbg-cae 6114
205
3
eea-caf 3297
cggj-caf 878
eahf-caf 3896
206
1
eaja-cag 8071
208
2
ciec-cai 3305
fhcb-cai 4766
210
1
daje-cba 8071
211
1
decd-cbb 8071
212
3
ff-cbc 234
ccag-cbc 1683
bhaj-cbc 6154
214
1
jcf-cbe 8071
215
1
gi-cbf 8071
216
5
fchg-cbg 1918
dba-cbg 137
bdig-cbg 818
ecai-cbg 1993
ddgj-cbg 3205
218
1
eebb-cbi 8071
221
4
dfg-ccb 2954
cbgc-ccb 276
bihh-ccb 710
dhaf-ccb 4131
222
1
gbbd-ccc 8071
223
2
bghf-ccd 4000
ecc-ccd 4071
224
2
edi-cce 4061
bbhi-cce 4010
225
1
bbe-ccf 8071
226
1
biej-ccg 8071
227
2
bjef-cch 4685
eih-cch 3386
229
2
bdbh-ccj 2114
cja-ccj 5957
230
2
hdhg-cda 2842
bei-cda 5229
231
1
gbbg-cdb 8071
232
1
ecg-cdc 8071
233
2
fehj-cdd 3121
cjic-cdd 4950
234
1
ga-cde 8071
235
2
ecba-cdf 686
cagc-cdf 7385
237
2
bbif-cdh 1148
bhhb-cdh 6923
238
1
fgc-cdi 8071
241
1
ihe-ceb 8071
244
1
cid-cee 8071
245
1
bfab-cef 8071
247
1
bhfi-ceh 8071
248
1
cdeh-cei 8071
250
1
cbg-cfa 8071
251
1
dihg-cfb 8071
253
1
gjdb-cfd 8071
254
1
hdh-cfe 8071
255
1
dfej-cff 8071
256
1
ebjg-cfg 8071
257
1
hcbf-cfh 8071
259
1
he-cfj 8071
262
1
cccg-cgc 8071
263
1
bcgj-cgd 8071
264
3
bbjg-cge 598
jeb-cge 3559
bidc-cge 3914
265
2
fdfj-cgf 3864
deh-cgf 4207
271
2
hdie-chb 4612
hdij-chb 3459
272
3
bffj-chc 951
daf-chc 3914
hbhg-chc 3206
275
4
gcib-chf 379
bh-chf 605
bgjh-chf 231
ged-chf 6856
276
1
dieg-chg 8071
278
1
cajg-chi 8071
279
1
bfbb-chj 8071
280
2
bbe-cia 4259
bbda-cia 3812
283
2
bdbc-cid 3829
befd-cid 4242
284
2
cbai-cie 1237
eacc-cie 6834
286
3
bbjc-cig 3146
fa-cig 518
cieh-cig 4407
288
1
cheb-cii 8071
289
3
dge-cij 902
dgge-cij 15
jb-cij 7154
290
1
cfa-cja 8071
291
1
gea-cjb 8071
292
1
chdc-cjc 8071
295
1
hii-cjf 8071
296
1
fhbf-cjg 8071
297
3
hgdj-cjh 1232
dbjc-cjh 1828
fef-cjh 5011
299
2
bfbb-cjj 3500
hbae-cjj 4571
300
2
jce-daa 4537
cgdf-daa 3534
302
3
baic-dac 2725
bafd-dac 1894
beee-dac 3452
305
3
edca-daf 451
edge-daf 487
ceee-daf 7133
306
1
ifg-dag 8071
307
1
dced-dah 8071
308
1
ghea-dai 8071
310
2
bcgc-dba 2115
eedc-dba 5956
311
1
fjhc-dbb 8071
312
1
ddch-dbc 8071
313
1
bgbi-dbd 8071
314
2
dea-dbe 3110
gcha-dbe 4961
316
3
fhcc-dbg 3802
fhfc-dbg 480
ddeg-dbg 3789
317
1
caf-dbh 8071
318
1
cfbb-dbi 8071
320
2
cid-dca 3009
bibc-dca 5062
321
1
cjhc-dcb 8071
324
3
ebid-dce 2946
hgbj-dce 218
dfde-dce 4907
325
2
edf-dcf 3101
dgif-dcf 4970
328
2
bhga-dci 4371
cfef-dci 3700
331
1
gija-ddb 8071
332
2
ddge-ddc 3272
jdc-ddc 4799
334
2
dhja-dde 3233
fjji-dde 4838
335
2
bdb-ddf 2410
fegi-ddf 5661
336
4
ehhd-ddg 2559
edeh-ddg 528
ffef-ddg 1378
bc-ddg 3606
337
2
dc-ddh 2126
hccd-ddh 5945
338
1
gjii-ddi 8071
339
3
dghi-ddj 3265
fcbf-ddj 407
cigi-ddj 4399
340
1
bjf-dea 8071
342
2
dgg-dec 4459
gafb-dec 3612
345
1
jje-def 8071
347
1
edjg-deh 8071
348
1
ebfa-dei 8071
349
1
bdd-dej 8071
350
1
cade-dfa 8071
352
1
babb-dfc 8071
353
1
icd-dfd 8071
356
2
hae-dfg 4921
cgdi-dfg 3150
357
2
fjha-dfh 3474
fa-dfh 4597
361
3
eidh-dgb 1396
fe-dgb 2596
bb-dgb 4079
363
1
befd-dgd 8071
364
1
ebfi-dge 8071
366
1
fbed-dgg 8071
368
1
bbgd-dgi 8071
369
1
ehai-dgj 8071
371
2
ddg-dhb 1061
bhgh-dhb 7010
376
1
hffi-dhg 8071
378
1
caf-dhi 8071
379
1
bfjc-dhj 8071
381
2
big-dib 1182
hfa-dib 6889
382
1
dffe-dic 8071
384
2
ehh-die 3919
bbca-die 4152
385
2
dhdc-dif 3684
ffig-dif 4387
386
1
jb-dig 8071
388
1
heci-dii 8071
390
1
dd-dja 8071
392
1
bgb-djc 8071
396
1
biic-djg 8071
397
1
bhfa-djh 8071
398
1
fh-dji 8071
399
1
cag-djj 8071
401
1
cejh-eab 8071
402
1
haig-eac 8071
404
1
cacj-eae 8071
405
1
gbha-eaf 8071
406
1
bdac-eag 8071
407
1
bd-eah 8071
408
1
fjcd-eai 8071
409
1
gfbg-eaj 8071
413
1
gcbi-ebd 8071
416
1
giee-ebg 8071
417
1
hfia-ebh 8071
418
2
baa-ebi 1772
eiee-ebi 6299
420
3
eb-eca 2345
cfh-eca 1854
hged-eca 3872
421
1
ddfb-ecb 8071
422
2
eiid-ecc 3983
ccb-ecc 4088
423
1
bacf-ecd 8071
425
1
ehed-ecf 8071
426
3
cbge-ecg 1508
ebdc-ecg 2976
bdhj-ecg 3587
427
1
bfd-ech 8071
428
1
bidg-eci 8071
429
1
gdcc-ecj 8071
430
1
bbaf-eda 8071
431
1
cai-edb 8071
435
1
ceia-edf 8071
436
2
ij-edg 1901
fjhd-edg 6170
438
2
bbh-edi 3216
cgii-edi 4855
439
1
cdif-edj 8071
440
2
bhbi-eea 4265
ebd-eea 3806
445
1
eaef-eef 8071
446
1
ciah-eeg 8071
447
1
gjhj-eeh 8071
448
2
fhag-eei 4101
gghe-eei 3970
449
2
cac-eej 2895
bddf-eej 5176
450
2
bajf-efa 3985
feae-efa 4086
451
2
daji-efb 4464
fjda-efb 3607
452
3
caeb-efc 1673
hjah-efc 1226
iji-efc 5172
453
1
cb-efd 8071
457
1
hdbd-efh 8071
458
1
fcig-efi 8071
464
1
cihc-ege 8071
465
1
fbd-egf 8071
467
1
gcij-egh 8071
471
1
befi-ehb 8071
472
1
ihd-ehc 8071
473
2
fjjb-ehd 3554
fe-ehd 4517
474
2
bfdj-ehe 4136
djh-ehe 3935
475
1
cfea-ehf 8071
476
1
gej-ehg 8071
477
1
bf-ehh 8071
480
1
edgf-eia 8071
483
1
jg-eid 8071
487
2
fhie-eih 4675
ejhc-eih 3396
488
2
bhei-eii 3455
ghad-eii 4616
489
1
dc-eij 8071
490
2
bibj-eja 3699
baji-eja 4372
491
2
dhae-ejb 4895
ff-ejb 3176
492
3
gafh-ejc 1357
daaa-ejc 1495
fjdd-ejc 5219
494
1
eggc-eje 8071
497
2
gadg-ejh 608
cjh-ejh 7463
498
1
bddf-eji 8071
501
1
b-fab 8071
502
3
jcd-fac 887
chc-fac 1995
hcjg-fac 5189
503
3
ibj-fad 3497
fdhg-fad 849
bchf-fad 3725
506
1
ce-fag 8071
508
1
gag-fai 8071
510
2
ffie-fba 4344
cd-fba 3727
513
1
febb-fbd 8071
515
3
bhdb-fbf 1390
ffjg-fbf 1496
bjij-fbf 5185
519
1
fe-fbj 8071
520
1
ddf-fca 8071
523
1
ffbf-fcd 8071
527
1
cbic-fch 8071
528
1
cegj-fci 8071
530
1
bb-fda 8071
531
1
hc-fdb 8071
536
1
edbh-fdg 8071
540
1
eb-fea 8071
543
1
djfj-fed 8071
544
1
cae-fee 8071
545
3
i-fef 3034
ih-fef 1943
eabe-fef 3094
547
1
ceja-feh 8071
549
1
edef-fej 8071
551
2
cie-ffb 2438
ggaj-ffb 5633
554
1
bcfc-ffe 8071
558
1
hej-ffi 8071
559
1
gdd-ffj 8071
560
1
cgbj-fga 8071
562
2
cjei-fgc 4315
cj-fgc 3756
563
1
hfjj-fgd 8071
564
2
bbjb-fge 4249
eigh-fge 3822
565
1
hijh-fgf 8071
566
1
gah-fgg 8071
567
1
gjec-fgh 8071
569
2
hdfc-fgj 2961
di-fgj 5110
573
1
cahc-fhd 8071
577
2
diad-fhh 2341
deii-fhh 5730
579
1
hebe-fhj 8071
582
2
bfc-fic 2349
cefd-fic 5722
583
1
hcfg-fid 8071
584
1
bbcg-fie 8071
585
1
bbga-fif 8071
586
2
bchi-fig 3105
dddf-fig 4966
587
1
cjjb-fih 8071
588
2
bebd-fii 2625
cfih-fii 5446
591
3
i-fjb 3713
bcde-fjb 405
eage-fjb 3953
593
1
cfhc-fjd 8071
596
1
dggg-fjg 8071
600
1
bdgd-gaa 8071
602
1
fjb-gac 8071
604
2
bibg-gae 4429
cigg-gae 3642
605
1
ecc-gaf 8071
606
3
jcd-gag 2501
cdig-gag 2488
fef-gag 3082
607
1
fhj-gah 8071
608
1
caf-gai 8071
609
1
chcb-gaj 8071
611
1
dfbi-gbb 8071
614
1
djg-gbe 8071
615
2
cfcb-gbf 3827
bcca-gbf 4244
617
1
haif-gbh 8071
619
1
bdb-gbj 8071
625
1
gge-gcf 8071
628
1
eceh-gci 8071
629
1
hfda-gcj 8071
630
1
eeg-gda 8071
631
2
bbf-gdb 1524
digc-gdb 6547
633
2
ebdd-gdd 3965
diaj-gdd 4106
634
1
ejfj-gde 8071
637
1
ca-gdh 8071
638
1
dffb-gdi 8071
639
2
ejge-gdj 3886
bbba-gdj 4185
640
2
cg-gea 4188
bhgi-gea 3883
641
4
hbbf-geb 1062
fabd-geb 1970
djca-geb 933
hbjc-geb 4106
643
1
faga-ged 8071
644
1
bedi-gee 8071
646
3
hi-geg 2423
bedh-geg 1841
fhde-geg 3807
648
1
edae-gei 8071
649
1
efc-gej 8071
652
1
hdjf-gfc 8071
654
1
bgf-gfe 8071
656
1
ddh-gfg 8071
661
1
edii-ggb 8071
663
1
febd-ggd 8071
664
1
ih-gge 8071
667
2
hjb-ggh 4699
j-ggh 3372
668
1
djde-ggi 8071
669
1
cij-ggj 8071
670
1
bied-gha 8071
674
1
ccjd-ghe 8071
679
1
dhgb-ghj 8071
680
1
fjgh-gia 8071
681
1
cch-gib 8071
685
1
cef-gif 8071
687
1
ecb-gih 8071
690
1
eii-gja 8071
695
1
ddh-gjf 8071
696
1
iag-gjg 8071
699
1
efja-gjj 8071
702
1
eagi-hac 8071
703
1
bcg-had 8071
704
1
bbhe-hae 8071
706
1
gb-hag 8071
707
1
bafg-hah 8071
708
3
cceh-hai 3105
djjc-hai 1478
fea-hai 3488
709
1
ggd-haj 8071
713
1
dbff-hbd 8071
714
1
dfgg-hbe 8071
715
1
dbe-hbf 8071
716
1
ch-hbg 8071
721
2
dca-hcb 4930
hbaj-hcb 3141
723
1
cidh-hcd 8071
724
1
babe-hce 8071
725
1
eebd-hcf 8071
727
2
chba-hch 4042
dada-hch 4029
730
1
fjhe-hda 8071
733
1
hffh-hdd 8071
734
1
ihd-hde 8071
737
1
ccci-hdh 8071
740
1
hacb-hea 8071
742
1
faei-hec 8071
744
1
gafc-hee 8071
745
1
cifc-hef 8071
749
2
bbjj-hej 1917
gbhj-hej 6154
750
4
gghf-hfa 1169
dabh-hfa 1306
fca-hfa 1371
beaf-hfa 4225
753
3
ecdf-hfd 1951
caea-hfd 2690
begh-hfd 3430
754
1
cg-hfe 8071
756
1
bdhd-hfg 8071
758
1
iei-hfi 8071
759
1
dbec-hfj 8071
760
2
hdjb-hga 3082
ffjh-hga 4989
762
1
ddih-hgc 8071
767
2
ef-hgh 4475
ddg-hgh 3596
768
1
fba-hgi 8071
769
1
giig-hgj 8071
771
1
chb-hhb 8071
773
1
ijh-hhd 8071
774
1
jhj-hhe 8071
775
1
beee-hhf 8071
777
1
hgbi-hhh 8071
779
1
fchb-hhj 8071
780
1
bhfj-hia 8071
781
1
ebfh-hib 8071
784
1
dcb-hie 8071
785
2
hfja-hif 3583
hbfg-hif 4488
788
1
dddf-hii 8071
789
2
fbfe-hij 2962
ccb-hij 5109
791
1
gfg-hjb 8071
792
1
bfi-hjc 8071
793
1
bdei-hjd 8071
795
1
hfa-hjf 8071
796
2
ddjd-hjg 3428
edfi-hjg 4643
797
1
gcjf-hjh 8071
802
1
dcgd-iac 8071
804
1
bddd-iae 8071
805
3
gefc-iaf 3934
fhhg-iaf 902
ghcc-iaf 3235
806
1
diah-iag 8071
807
2
bcgb-iah 3222
djaa-iah 4849
808
1
ggdi-iai 8071
815
2
cjef-ibf 3261
h-ibf 4810
819
1
dafd-ibj 8071
820
1
h-ica 8071
823
1
jd-icd 8071
824
1
cee-ice 8071
825
1
bbi-icf 8071
826
1
ccfh-icg 8071
828
1
bjf-ici 8071
833
1
dc-idd 8071
835
1
cbga-idf 8071
836
1
bca-idg 8071
840
1
gahh-iea 8071
846
1
hcb-ieg 8071
847
2
chfe-ieh 3770
haac-ieh 4301
848
1
bfbi-iei 8071
850
1
bbha-ifa 8071
853
1
efhd-ifd 8071
854
2
chhj-ife 3608
bjac-ife 4463
856
1
ch-ifg 8071
857
1
daba-ifh 8071
858
1
eja-ifi 8071
860
1
dcfb-iga 8071
861
1
eifg-igb 8071
862
1
bjic-igc 8071
864
1
gcaf-ige 8071
866
1
cgag-igg 8071
872
1
iif-ihc 8071
873
3
cjgd-ihd 1598
ebhh-ihd 2027
gha-ihd 4446
874
1
gaaf-ihe 8071
875
1
bbb-ihf 8071
877
2
geg-ihh 720
dde-ihh 7351
883
2
daig-iid 2064
bb-iid 6007
885
2
gadg-iif 3486
eii-iif 4585
888
1
ceei-iii 8071
890
1
bceb-ija 8071
896
2
bgf-ijg 1849
fjhg-ijg 6222
897
3
bafi-ijh 738
hfic-ijh 1960
gdda-ijh 5373
898
3
efc-iji 2886
ghcj-iji 1670
dagd-iji 3515
899
1
hea-ijj 8071
901
1
bji-jab 8071
903
1
gaha-jad 8071
907
3
daba-jah 1442
fbje-jah 813
bb-jah 5816
909
1
cgc-jaj 8071
913
1
ebga-jbd 8071
915
1
dfii-jbf 8071
916
2
bhjc-jbg 3957
bac-jbg 4114
918
2
ejab-jbi 3205
ceb-jbi 4866
922
1
cacd-jcc 8071
923
2
cig-jcd 1885
fchi-jcd 6186
924
2
ceej-jce 2057
bid-jce 6014
925
2
cjj-jcf 4141
eei-jcf 3930
927
2
bhji-jch 2221
bjja-jch 5850
930
3
ggja-jda 2799
dbci-jda 134
ccec-jda 5138
931
1
bea-jdb 8071
932
1
cbie-jdc 8071
934
2
cdhi-jde 2696
hihc-jde 5375
938
1
chcc-jdi 8071
939
1
dgd-jdj 8071
941
1
eaj-jeb 8071
945
1
jdb-jef 8071
953
1
cabc-jfd 8071
954
1
cbac-jfe 8071
955
1
bcbe-jff 8071
962
1
cjig-jgc 8071
966
1
chc-jgg 8071
967
1
ecg-jgh 8071
968
1
beb-jgi 8071
971
1
geai-jhb 8071
975
1
chid-jhf 8071
976
1
caaj-jhg 8071
978
1
fihi-jhi 8071
979
1
eibj-jhj 8071
980
2
eeii-jia 4683
ija-jia 3388
982
1
hafa-jic 8071
987
1
ca-jih 8071
989
1
bgjg-jij 8071
994
1
eaeg-jje 8071
996
1
eddh-jjg 8071
998
1
fgaa-jji 8071
1001
1
hejc-baab 8071
1003
1
bdff-baad 8071
1008
1
gbge-baai 8071
1011
1
ceeh-babb 8071
1014
2
gaig-babe 2593
eej-babe 5478
1020
1
cdd-baca 8071
1022
1
g-bacc 8071
1025
1
hjc-bacf 8071
1028
1
bd-baci 8071
1029
1
dadg-bacj 8071
1033
1
fhd-badd 8071
1037
1
ebgd-badh 8071
1039
1
ic-badj 8071
1042
1
cigh-baec 8071
1043
1
bbh-baed 8071
1044
2
cfff-baee 4176
jaj-baee 3895
1045
1
dhb-baef 8071
1047
1
bbc-baeh 8071
1049
2
cba-baej 4076
ej-baej 3995
1050
1
bcd-bafa 8071
1052
1
dddi-bafc 8071
1053
1
gddg-bafd 8071
1054
1
bhjh-bafe 8071
1055
2
iid-baff 4637
ched-baff 3434
1056
2
hfe-bafg 1550
ehe-bafg 6521
1057
2
bda-bafh 2574
fci-bafh 5497
1058
1
gfhi-bafi 8071
1060
1
ddj-baga 8071
1064
1
cae-bage 8071
1065
2
ciib-bagf 1964
i-bagf 6107
1066
1
dhbd-bagg 8071
1068
1
egic-bagi 8071
1070
1
bgca-baha 8071
1071
1
hcde-bahb 8071
1072
1
djfe-bahc 8071
1073
1
hfah-bahd 8071
1074
1
ei-bahe 8071
1077
1
dcbe-bahh 8071
1080
1
ffij-baia 8071
1082
2
dgbd-baic 4635
dac-baic 3436
1083
1
fg-baid 8071
1084
1
ccfg-baie 8071
1088
2
eceg-baii 3846
cjbg-baii 4225
1089
1
ehfi-baij 8071
1090
2
eih-baja 4365
dbfj-baja 3706
1095
1
cbeb-bajf 8071
1098
1
de-baji 8071
1099
2
cegh-bajj 4724
dcah-bajj 3347
1101
1
cbc-bbab 8071
1104
1
fdce-bbae 8071
1105
1
cibe-bbaf 8071
1109
1
egfd-bbaj 8071
1110
2
dfeg-bbba 3840
dbg-bbba 4231
1111
1
eedj-bbbb 8071
1112
1
dac-bbbc 8071
1115
2
idg-bbbf 2817
ciaa-bbbf 5254
1117
1
fdaj-bbbh 8071
1119
1
ecaj-bbbj 8071
1120
2
ca-bbca 3907
bic-bbca 4164
1126
2
ddhf-bbcg 1999
bhga-bbcg 6072
1127
3
dfic-bbch 1285
diab-bbch 3001
faig-bbch 3785
1129
2
fgj-bbcj 4090
heeg-bbcj 3981
1130
1
cd-bbda 8071
1132
2
cbfg-bbdc 2851
bffi-bbdc 5220
1133
1
ebfg-bbdd 8071
1139
1
fggd-bbdj 8071
1140
1
bafh-bbea 8071
1149
1
ccb-bbej 8071
1156
1
ef-bbfg 8071
1157
3
dibe-bbfh 4078
dcfb-bbfh 455
geaf-bbfh 3538
1160
1
ej-bbga 8071
1161
1
feia-bbgb 8071
1162
1
cjbc-bbgc 8071
1163
1
cdca-bbgd 8071
1164
2
ed-bbge 3471
gdd-bbge 4600
1166
2
bfaa-bbgg 3544
cbb-bbgg 4527
1170
1
hafd-bbha 8071
1173
1
edfh-bbhd 8071
1174
1
fhei-bbhe 8071
1176
2
dfec-bbhg 4978
ggci-bbhg 3093
1178
2
gfbb-bbhi 4047
gged-bbhi 4024
1179
1
fdch-bbhj 8071
1181
1
jic-bbib 8071
1183
1
ei-bbid 8071
1185
1
eaic-bbif 8071
1186
1
daif-bbig 8071
1191
2
chgj-bbjb 2366
geib-bbjb 5705
1192
1
dfdi-bbjc 8071
1194
1
ddjd-bbje 8071
1196
2
bij-bbjg 1223
gjef-bbjg 6848
1199
1
fadb-bbjj 8071
1200
1
cffc-bcaa 8071
1205
1
gea-bcaf 8071
1206
1
ffcf-bcag 8071
1210
1
bdc-bcba 8071
1212
1
dag-bcbc 8071
1213
1
cifb-bcbd 8071
1214
2
hfef-bcbe 952
bhf-bcbe 7119
1220
2
gbf-bcca 3811
hbhc-bcca 4260
1222
1
hhj-bccc 8071
1224
1
cajg-bcce 8071
1226
1
egab-bccg 8071
1230
1
ehc-bcda 8071
1233
1
dcca-bcdd 8071
1234
1
bcba-bcde 8071
1237
1
bgg-bcdh 8071
1239
3
cecg-bcdj 1486
hfjj-bcdj 332
hega-bcdj 6253
1240
2
ebih-bcea 4482
diff-bcea 3589
1241
1
fgf-bceb 8071
1242
1
ggdj-bcec 8071
1244
1
hdag-bcee 8071
1245
1
caad-bcef 8071
1251
1
bggc-bcfb 8071
1252
1
daai-bcfc 8071
1261
1
bejg-bcgb 8071
1262
2
bgai-bcgc 4430
ccgi-bcgc 3641
1263
1
diif-bcgd 8071
1264
1
jhf-bcge 8071
1269
1
cbje-bcgj 8071
1270
1
fic-bcha 8071
1271
1
behg-bchb 8071
1275
1
ffhi-bchf 8071
1278
2
feh-bchi 2651
bf-bchi 5420
1282
1
cge-bcic 8071
1283
1
if-bcid 8071
1286
1
eef-bcig 8071
1288
1
cade-bcii 8071
1289
2
efif-bcij 5025
badd-bcij 3046
1291
1
cafa-bcjb 8071
1295
1
hafh-bcjf 8071
1296
2
bagf-bcjg 4516
bihb-bcjg 3555
1299
2
bjg-bcjj 3704
bac-bcjj 4367
1301
1
bjc-bdab 8071
1302
1
fcgc-bdac 8071
1312
1
gadi-bdbc 8071
1317
1
gaga-bdbh 8071
1320
1
ggae-bdca 8071
1322
1
ecgj-bdcc 8071
1323
1
cdd-bdcd 8071
1325
1
bjdc-bdcf 8071
1330
1
dcdh-bdda 8071
1333
1
bbjg-bddd 8071
1334
1
dfge-bdde 8071
1335
3
eghe-bddf 2474
eg-bddf 411
b-bddf 5186
1340
1
ihd-bdea 8071
1343
1
bfad-bded 8071
1348
1
dbab-bdei 8071
1349
1
bchi-bdej 8071
1350
1
ffag-bdfa 8071
1351
2
bjfi-bdfb 3554
bjjb-bdfb 4517
1355
1
cgif-bdff 8071
1358
1
hfj-bdfi 8071
1361
1
cge-bdgb 8071
1362
1
eehc-bdgc 8071
1363
2
ggea-bdgd 2736
hhd-bdgd 5335
1365
1
ggja-bdgf 8071
1369
1
ebh-bdgj 8071
1370
2
cbeg-bdha 1989
bagf-bdha 6082
1371
1
bcig-bdhb 8071
1372
1
hbhf-bdhc 8071
1373
1
bcee-bdhd 8071
1376
3
fgji-bdhg 2891
bh-bdhg 431
cbfa-bdhg 4749
1378
1
cbf-bdhi 8071
1379
3
edg-bdhj 3542
fad-bdhj 920
hbgb-bdhj 3609
1381
1
fffh-bdib 8071
1384
1
chef-bdie 8071
1386
1
ejac-bdig 8071
1389
1
fbf-bdij 8071
1390
1
bdh-bdja 8071
1393
1
cbai-bdjd 8071
1397
1
jde-bdjh 8071
1401
1
jch-beab 8071
1405
1
gcj-beaf 8071
1407
1
ddg-beah 8071
1408
1
chjc-beai 8071
1409
1
ige-beaj 8071
1413
1
bcec-bebd 8071
1414
1
chdd-bebe 8071
1419
2
ccjg-bebj 3881
hgef-bebj 4190
1420
1
fbfc-beca 8071
1421
1
bhhf-becb 8071
1423
1
cj-becd 8071
1425
1
gcbf-becf 8071
1426
1
bjf-becg 8071
1431
1
die-bedb 8071
1433
1
ebgc-bedd 8071
1434
1
dhdf-bede 8071
1437
1
gche-bedh 8071
1438
1
hgjc-bedi 8071
1439
1
dd-bedj 8071
1441
2
bcb-beeb 3701
deeg-beeb 4370
1442
1
dcjg-beec 8071
1444
2
bdfb-beee 4580
cfdg-beee 3491
1449
1
gdj-beej 8071
1453
2
cab-befd 4084
eidg-befd 3987
1454
1
icf-befe 8071
1458
1
hgbh-befi 8071
1461
1
eiha-begb 8071
1464
1
baed-bege 8071
1467
2
h-begh 4639
chb-begh 3432
1468
1
deai-begi 8071
1470
1
cigf-beha 8071
1472
3
ehcc-behc 3306
dfhe-behc 480
bibj-behc 4285
1476
1
dieh-behg 8071
1477
1
ccgb-behh 8071
1480
1
ebif-beia 8071
1486
1
fd-beig 8071
1488
1
hgad-beii 8071
1490
1
chjg-beja 8071
1494
1
gfga-beje 8071
1495
1
hce-bejf 8071
1496
1
bfag-bejg 8071
1500
1
efid-bfaa 8071
1501
2
cfje-bfab 1391
dcab-bfab 6680
1503
1
bdib-bfad 8071
1504
2
iac-bfae 2724
hcdj-bfae 5347
1505
1
bcbc-bfaf 8071
1506
1
bd-bfag 8071
1508
1
ij-bfai 8071
1509
1
gghg-bfaj 8071
1511
2
ccei-bfbb 287
hfa-bfbb 7784
1516
1
dfdb-bfbg 8071
1518
2
dhfa-bfbi 2157
cihe-bfbi 5914
1524
1
dacd-bfce 8071
1529
2
cjji-bfcj 2512
fcgd-bfcj 5559
1532
1
fieg-bfdc 8071
1539
1
dgab-bfdj 8071
1540
1
cccf-bfea 8071
1541
1
fe-bfeb 8071
1542
1
ccfg-bfec 8071
1547
1
edac-bfeh 8071
1548
2
bgdd-bfei 2219
bjh-bfei 5852
1549
1
beje-bfej 8071
1552
1
gihe-bffc 8071
1555
1
fdff-bfff 8071
1556
1
dfii-bffg 8071
1558
1
dbhi-bffi 8071
1559
1
bdij-bffj 8071
1565
1
bbhg-bfgf 8071
1568
1
cgjb-bfgi 8071
1569
1
ciaa-bfgj 8071
1572
1
gejg-bfhc 8071
1574
1
feic-bfhe 8071
1577
1
ddc-bfhh 8071
1586
1
ia-bfig 8071
1588
1
edeb-bfii 8071
1589
1
efjb-bfij 8071
1591
1
bccg-bfjb 8071
1592
2
ehcb-bfjc 3084
eajg-bfjc 4987
1593
1
ggh-bfjd 8071
1596
2
gdec-bfjg 4004
dfhi-bfjg 4067
1600
1
edda-bgaa 8071
1602
2
baee-bgac 3387
dec-bgac 4684
1608
1
bfei-bgai 8071
1611
1
gbb-bgbb 8071
1616
1
ejdg-bgbg 8071
1618
1
cajd-bgbi 8071
1619
2
bjdf-bgbj 4645
dgig-bgbj 3426
1620
1
dfba-bgca 8071
1628
1
bgj-bgci 8071
1632
2
baha-bgdc 2459
hibd-bgdc 5612
1633
1
ehf-bgdd 8071
1634
1
bja-bgde 8071
1635
1
bcea-bgdf 8071
1636
1
gfdd-bgdg 8071
1640
1
bbe-bgea 8071
1650
1
cjc-bgfa 8071
1658
1
hd-bgfi 8071
1659
1
dif-bgfj 8071
1662
2
bafa-bggc 4095
bbfh-bggc 3976
1664
1
hjd-bgge 8071
1666
1
hbcj-bggg 8071
1670
2
heif-bgha 3128
fegi-bgha 4943
1671
1
bafc-bghb 8071
1675
1
chai-bghf 8071
1690
1
bff-bgja 8071
1691
1
dbch-bgjb 8071
1694
1
gejb-bgje 8071
1696
2
begb-bgjg 4528
efcd-bgjg 3543
1697
2
bdhb-bgjh 4062
cce-bgjh 4009
1703
1
dife-bhad 8071
1709
2
dib-bhaj 1907
cb-bhaj 6164
1715
1
fej-bhbf 8071
1718
1
jbd-bhbi 8071
1722
1
ccgh-bhcc 8071
1723
1
baef-bhcd 8071
1728
1
chch-bhci 8071
1730
1
fdgb-bhda 8071
1731
1
hfad-bhdb 8071
1735
1
faeg-bhdf 8071
1741
1
fejc-bheb 8071
1748
1
bgha-bhei 8071
1750
2
gbhd-bhfa 4087
gaai-bhfa 3984
1752
1
ddab-bhfc 8071
1753
1
cjh-bhfd 8071
1758
1
bcfb-bhfi 8071
1759
1
ceie-bhfj 8071
1760
2
bbcg-bhga 1972
fch-bhga 6099
1761
1
jgh-bhgb 8071
1764
1
dce-bhge 8071
1767
1
chf-bhgh 8071
1768
1
hbei-bhgi 8071
1769
1
efdd-bhgj 8071
1771
1
bbdc-bhhb 8071
1775
3
cggf-bhhf 3745
edgb-bhhf 516
bjhc-bhhf 3810
1779
2
efhb-bhhj 4380
da-bhhj 3691
1781
1
bijh-bhib 8071
1782
1
eeci-bhic 8071
1785
2
fjja-bhif 2290
hbib-bhif 5781
1791
1
bdcc-bhjb 8071
1792
1
eiih-bhjc 8071
1797
1
ebeh-bhjh 8071
1798
1
eegc-bhji 8071
1801
1
dhfj-biab 8071
1802
1
fggj-biac 8071
1808
1
ebff-biai 8071
1812
1
fgj-bibc 8071
1813
1
cgfj-bibd 8071
1814
1
cbi-bibe 8071
1816
1
dadd-bibg 8071
1817
1
hdgc-bibh 8071
1819
2
jji-bibj 3777
chbc-bibj 4294
1821
1
cjbb-bicb 8071
1822
1
effe-bicc 8071
1823
1
fjji-bicd 8071
1825
1
bgha-bicf 8071
1829
1
bafe-bicj 8071
1830
1
fdgf-bida 8071
1832
1
bggc-bidc 8071
1836
1
bfcj-bidg 8071
1840
1
cbgf-biea 8071
1841
1
gfai-bieb 8071
1842
2
hgfc-biec 3564
gf-biec 4507
1843
1
bfc-bied 8071
1849
2
gaf-biej 898
cihe-biej 7173
1859
1
ffb-bifj 8071
1861
1
bffg-bigb 8071
1862
1
bjf-bigc 8071
1871
1
ehih-bihb 8071
1875
1
cbdf-bihf 8071
1877
1
jij-bihh 8071
1879
1
ehjb-bihj 8071
1880
1
dgb-biia 8071
1882
1
gbgi-biic 8071
1883
1
fed-biid 8071
1885
1
efee-biif 8071
1890
1
ib-bija 8071
1896
1
eged-bijg 8071
1897
1
diff-bijh 8071
1898
1
gegi-biji 8071
1899
1
fcde-bijj 8071
1901
1
fbcf-bjab 8071
1902
2
jj-bjac 4378
bad-bjac 3693
1904
1
bfc-bjae 8071
1906
1
dcf-bjag 8071
1910
1
bbi-bjba 8071
1920
1
bgaa-bjca 8071
1923
1
dej-bjcd 8071
1924
1
eeeh-bjce 8071
1932
2
gbbg-bjdc 829
eci-bjdc 7242
1935
1
i-bjdf 8071
1937
1
ddie-bjdh 8071
1939
1
bhb-bjdj 8071
1945
1
fjjg-bjef 8071
1958
1
bd-bjfi 8071
1961
1
cejj-bjgb 8071
1968
2
bdj-bjgi 3728
ejef-bjgi 4343
1971
1
hib-bjhb 8071
1972
1
hahd-bjhc 8071
1974
1
bbfg-bjhe 8071
1982
1
bj-bjic 8071
1983
1
egij-bjid 8071
1985
2
caaa-bjif 3707
eja-bjif 4364
1987
1
fie-bjih 8071
1989
1
bijg-bjij 8071
1990
1
giaf-bjja 8071
1991
1
bhjb-bjjb 8071
1996
1
deab-bjjg 8071
1999
1
daic-bjjj 8071
2000
3
bdhc-caaa 2460
fbaj-caaa 143
dcde-caaa 5468
2003
1
echa-caad 8071
2004
1
babe-caae 8071
2005
1
efjg-caaf 8071
2006
1
bcjf-caag 8071
2007
1
fhgg-caah 8071
2009
1
jah-caaj 8071
2011
1
gaaa-cabb 8071
2012
1
cfja-cabc 8071
2021
1
gaa-cacb 8071
2023
1
fgaf-cacd 8071
2024
1
gibj-cace 8071
2028
1
cch-caci 8071
2029
2
ieg-cacj 3874
feje-cacj 4197
2030
1
bd-cada 8071
2031
1
bdfa-cadb 8071
2033
1
daa-cadd 8071
2034
2
egfd-cade 3838
dii-cade 4233
2040
1
gcac-caea 8071
2041
1
cacb-caeb 8071
2042
1
eaej-caec 8071
2043
1
deif-caed 8071
2050
1
hhce-cafa 8071
2059
1
cdae-cafj 8071
2062
1
ddac-cagc 8071
2067
2
cbc-cagh 3549
hbaa-cagh 4522
2071
1
beca-cahb 8071
2072
2
fjid-cahc 4940
bfeh-cahc 3131
2073
1
dahj-cahd 8071
2080
1
i-caia 8071
2092
1
baj-cajc 8071
2093
2
gbdd-cajd 4645
fedd-cajd 3426
2096
2
higi-cajg 3709
ddj-cajg 4362
2100
1
gffi-cbaa 8071
2102
1
biea-cbac 8071
2104
1
bb-cbae 8071
2105
1
ffeg-cbaf 8071
2107
1
bfi-cbah 8071
2108
2
i-cbai 2462
bgdc-cbai 5609
2109
1
bic-cbaj 8071
2112
1
cbaa-cbbc 8071
2117
1
bafg-cbbh 8071
2119
1
hafe-cbbj 8071
2126
1
bcjb-cbcg 8071
2129
1
bbgg-cbcj 8071
2132
1
dcdh-cbdc 8071
2134
1
ggb-cbde 8071
2135
2
ccad-cbdf 4755
bhfc-cbdf 3316
2141
1
hai-cbeb 8071
2145
1
chcf-cbef 8071
2146
1
dgb-cbeg 8071
2150
1
bbig-cbfa 8071
2155
1
hgj-cbff 8071
2156
1
baf-cbfg 8071
2158
1
bfae-cbfi 8071
2160
2
gjid-cbga 4407
eajg-cbga 3664
2162
2
fagi-cbgc 2941
fadd-cbgc 5130
2165
1
bd-cbgf 8071
2173
1
bc-cbhd 8071
2179
1
de-cbhj 8071
2182
1
dhbd-cbic 8071
2183
1
geg-cbid 8071
2184
1
bacj-cbie 8071
2192
1
dfh-cbjc 8071
2193
1
cgfb-cbjd 8071
2194
1
ghef-cbje 8071
2197
1
cige-cbjh 8071
2201
1
cjec-ccab 8071
2202
1
fiah-ccac 8071
2203
1
ejej-ccad 8071
2205
1
iaf-ccaf 8071
2206
1
behh-ccag 8071
2224
2
fgcc-ccce 3821
beig-ccce 4250
2225
1
bh-cccf 8071
2226
1
h-cccg 8071
2228
2
daaf-ccci 3814
cggf-ccci 4257
2229
1
bcii-cccj 8071
2230
1
ecde-ccda 8071
2240
2
fgga-ccea 3334
cifj-ccea 4737
2241
1
bcda-cceb 8071
2242
1
gdj-ccec 8071
2244
1
jda-ccee 8071
2245
2
be-ccef 2408
cbjd-ccef 5663
2247
2
jff-cceh 2378
bbbb-cceh 5693
2248
1
efca-ccei 8071
2249
2
bhcd-ccej 3626
ife-ccej 4445
2256
2
ddjj-ccfg 4023
fjfd-ccfg 4048
2257
1
ba-ccfh 8071
2261
2
hddc-ccgb 4298
cgbh-ccgb 3773
2264
1
hcf-ccge 8071
2266
1
fg-ccgg 8071
2267
2
bie-ccgh 2519
bddf-ccgh 5552
2268
1
cgjh-ccgi 8071
2271
1
ehbg-cchb 8071
2293
1
bgjg-ccjd 8071
2296
2
dgfe-ccjg 3210
ehbc-ccjg 4861
2297
1
dcbh-ccjh 8071
2298
1
gfc-ccji 8071
2301
1
hged-cdab 8071
2303
1
gh-cdad 8071
2304
1
gebi-cdae 8071
2305
2
ecab-cdaf 2604
hfaa-cdaf 5467
2308
1
hhh-cdai 8071
2311
1
egf-cdbb 8071
2313
1
bbhg-cdbd 8071
2317
1
fgd-cdbh 8071
2320
1
eafb-cdca 8071
2321
1
dec-cdcb 8071
2327
1
deeh-cdch 8071
2338
1
fag-cddi 8071
2340
1
bgbb-cdea 8071
2347
1
edhf-cdeh 8071
2356
1
ggfd-cdfg 8071
2357
1
bgac-cdfh 8071
2361
2
hfd-cdgb 4098
gbj-cdgb 3973
2375
2
dhhb-cdhf 4385
bje-cdhf 3686
2378
1
fcef-cdhi 8071
2382
1
cia-cdic 8071
2385
1
baai-cdif 8071
2386
1
bdjd-cdig 8071
2388
1
dib-cdii 8071
2394
1
cifg-cdje 8071
2398
1
fjcc-cdji 8071
2403
1
eiga-cead 8071
2416
1
gjcb-cebg 8071
2417
1
dbjd-cebh 8071
2418
2
cdii-cebi 1996
ebid-cebi 6075
2425
1
becf-cecf 8071
2426
1
ccg-cecg 8071
2427
1
ffcb-cech 8071
2429
1
jah-cecj 8071
2440
1
bheb-ceea 8071
2442
1
dcda-ceec 8071
2444
1
dccd-ceee 8071
2447
2
deje-ceeh 3485
eihj-ceeh 4586
2448
1
fhjh-ceei 8071
2449
1
bgje-ceej 8071
2451
1
bicf-cefb 8071
2453
1
fa-cefd 8071
2454
1
hjhh-cefe 8071
2455
1
bhfd-ceff 8071
2461
1
fhfa-cegb 8071
2465
1
hhf-cegf 8071
2467
1
bded-cegh 8071
2469
1
dai-cegj 8071
2477
1
cbdc-cehh 8071
2478
1
dbad-cehi 8071
2479
1
bbea-cehj 8071
2480
1
fii-ceia 8071
2483
1
bhi-ceid 8071
2484
1
hhaa-ceie 8071
2489
1
ehb-ceij 8071
2490
1
cbah-ceja 8071
2497
1
eeej-cejh 8071
2499
1
bhaj-cejj 8071
2503
1
dbh-cfad 8071
2508
1
fad-cfai 8071
2509
1
bgdc-cfaj 8071
2511
1
dhfa-cfbb 8071
2516
1
cddi-cfbg 8071
2519
1
bfgf-cfbj 8071
2521
1
baii-cfcb 8071
2522
1
gadd-cfcc 8071
2536
1
bcjg-cfdg 8071
2538
1
cjb-cfdi 8071
2540
1
cgfc-cfea 8071
2545
1
ddb-cfef 8071
2552
1
fge-cffc 8071
2555
1
ejcj-cfff 8071
2557
1
bedd-cffh 8071
2572
1
ghhc-cfhc 8071
2582
1
deej-cfic 8071
2587
1
hbhi-cfih 8071
2590
2
bibd-cfja 4393
bbaj-cfja 3678
2592
1
bhda-cfjc 8071
2594
1
fiaf-cfje 8071
2597
1
chfc-cfjh 8071
2603
1
gcf-cgad 8071
2606
1
cfj-cgag 8071
2617
1
dd-cgbh 8071
2619
1
df-cgbj 8071
2621
1
efce-cgcb 8071
2622
1
hbgc-cgcc 8071
2635
1
beai-cgdf 8071
2638
1
fgge-cgdi 8071
2642
1
hef-cgec 8071
2644
1
bcdj-cgee 8071
2651
1
eb-cgfb 8071
2652
1
fb-cgfc 8071
2654
1
ejed-cgfe 8071
2657
2
dfaf-cgfh 2118
bjag-cgfh 5953
2658
1
cfe-cgfi 8071
2659
1
ci-cgfj 8071
2665
3
bgea-cggf 3334
hjg-cggf 454
bhhf-cggf 4283
2669
1
bahc-cggj 8071
2676
1
didb-cghg 8071
2684
1
g-cgie 8071
2685
1
ijg-cgif 8071
2688
1
f-cgii 8071
2691
2
ebjb-cgjb 4307
cije-cgjb 3764
2692
1
caag-cgjc 8071
2697
1
bjac-cgjh 8071
2699
1
cjfh-cgjj 8071
2705
1
ccjh-chaf 8071
2708
1
fheg-chai 8071
2710
2
bebe-chba 2875
dhbd-chba 5196
2712
1
bcjj-chbc 8071
2720
1
bih-chca 8071
2721
1
ghcf-chcb 8071
2722
1
bfjg-chcc 8071
2725
1
hcbe-chcf 8071
2727
1
bhb-chch 8071
2731
1
ccci-chdb 8071
2732
2
egh-chdc 1731
feic-chdc 6340
2733
1
dbcf-chdd 8071
2741
1
chjf-cheb 8071
2743
1
iga-ched 8071
2745
1
bgg-chef 8071
2746
1
ej-cheg 8071
2747
1
j-cheh 8071
2752
1
gai-chfc 8071
2754
1
fcd-chfe 8071
2755
1
dj-chff 8071
2768
2
bhif-chgi 1658
dfei-chgi 6413
2769
1
bc-chgj 8071
2770
1
eabc-chha 8071
2772
1
dic-chhc 8071
2774
1
ebbj-chhe 8071
2778
1
cdh-chhi 8071
2779
1
hhfg-chhj 8071
2783
1
daib-chid 8071
2785
2
fgba-chif 2684
hhe-chif 5387
2787
1
caaf-chih 8071
2789
1
bjdh-chij 8071
2791
1
gaaa-chjb 8071
2792
1
dgje-chjc 8071
2794
1
bbge-chje 8071
2795
1
ej-chjf 8071
2796
1
fcaa-chjg 8071
2800
2
ehbb-ciaa 4163
d-ciaa 3908
2802
1
gicj-ciac 8071
2806
1
fbf-ciag 8071
2807
1
cbcg-ciah 8071
2810
1
cjbc-ciba 8071
2814
1
fa-cibe 8071
2819
1
caec-cibj 8071
2826
1
jgc-cicg 8071
2832
1
gjbi-cidc 8071
2836
1
ejfj-cidg 8071
2837
1
fghj-cidh 8071
2842
1
bage-ciec 8071
2847
1
bai-cieh 8071
2848
1
bbgc-ciei 8071
2851
1
hahe-cifb 8071
2852
1
bff-cifc 8071
2856
1
cac-cifg 8071
2859
1
cfad-cifj 8071
2861
1
fhdg-cigb 8071
2863
1
becg-cigd 8071
2864
1
fig-cige 8071
2865
1
ffha-cigf 8071
2866
1
bhib-cigg 8071
2867
1
djhc-cigh 8071
2868
1
gih-cigi 8071
2872
1
cfbj-cihc 8071
2874
2
dbg-cihe 2140
dig-cihe 5931
2876
1
hc-cihg 8071
2880
1
cadb-ciia 8071
2881
2
fjhc-ciib 2302
baia-ciib 5769
2882
1
fi-ciic 8071
2884
1
ejh-ciie 8071
2894
1
dcii-cije 8071
2899
1
ebga-cijj 8071
2911
1
cahd-cjbb 8071
2912
2
hcge-cjbc 4480
badh-cjbc 3591
2913
1
fjac-cjbd 8071
2916
1
dfhe-cjbg 8071
2919
1
cada-cjbj 8071
2932
1
djad-cjdc 8071
2934
1
chff-cjde 8071
2935
2
cjif-cjdf 1527
hbd-cjdf 6544
2939
1
beh-cjdj 8071
2941
1
ghjb-cjeb 8071
2942
1
chi-cjec 8071
2945
1
cbbj-cjef 8071
2948
1
dd-cjei 8071
2957
1
chif-cjfh 8071
2963
1
efbg-cjgd 8071
2971
1
diie-cjhb 8071
2972
1
ddfj-cjhc 8071
2982
1
cech-cjic 8071
2985
1
dhha-cjif 8071
2986
1
bcag-cjig 8071
2991
2
dgej-cjjb 2900
bgdg-cjjb 5171
2992
1
dabc-cjjc 8071
2998
1
dd-cjji 8071
3000
1
djbg-daaa 8071
3003
1
ejja-daad 8071
3004
1
fiif-daae 8071
3005
1
bdc-daaf 8071
3008
1
ihf-daai 8071
3010
2
dci-daba 3367
fgga-daba 4704
3012
1
bebj-dabc 8071
3014
1
ggdf-dabe 8071
3017
1
ccej-dabh 8071
3021
1
ddj-dacb 8071
3023
1
chf-dacd 8071
3025
1
cahb-dacf 8071
3030
1
fdcc-dada 8071
3031
1
haj-dadb 8071
3032
1
dehe-dadc 8071
3033
1
cjjc-dadd 8071
3036
1
ccjg-dadg 8071
3037
1
hcgg-dadh 8071
3038
2
eai-dadi 3642
cgd-dadi 4429
3050
1
i-dafa 8071
3053
1
bdea-dafd 8071
3055
1
hfgj-daff 8071
3062
1
eag-dagc 8071
3063
2
iji-dagd 4533
hjag-dagd 3538
3070
1
ejjb-daha 8071
3079
1
eceg-dahj 8071
3081
1
gfac-daib 8071
3082
2
dcha-daic 4404
dci-daic 3667
3085
1
cefb-daif 8071
3086
1
bdgb-daig 8071
3094
1
bhfa-daje 8071
3098
1
deih-daji 8071
3101
1
ici-dbab 8071
3103
1
ihh-dbad 8071
3112
1
e-dbbc 8071
3125
1
ddfg-dbcf 8071
3127
1
djec-dbch 8071
3128
1
bdgd-dbci 8071
3137
1
bffc-dbdh 8071
3140
1
iii-dbea 8071
3142
1
igc-dbec 8071
3153
1
bfej-dbfd 8071
3155
2
gja-dbff 4202
jdj-dbff 3869
3158
1
gfe-dbfi 8071
3159
1
bdab-dbfj 8071
3163
1
eebj-dbgd 8071
3172
1
cceb-dbhc 8071
3177
1
cjde-dbhh 8071
3178
1
bbbj-dbhi 8071
3181
1
bbf-dbib 8071
3182
1
jia-dbic 8071
3192
1
be-dbjc 8071
3193
1
eh-dbjd 8071
3198
1
haai-dbji 8071
3200
1
hidj-dcaa 8071
3201
1
df-dcab 8071
3206
1
chha-dcag 8071
3207
1
ebhb-dcah 8071
3209
1
beia-dcaj 8071
3214
1
bigc-dcbe 8071
3215
1
egfj-dcbf 8071
3217
1
cfd-dcbh 8071
3220
1
cehh-dcca 8071
3223
1
dijd-dccd 8071
3224
1
cegf-dcce 8071
3230
1
face-dcda 8071
3231
1
gegc-dcdb 8071
3234
2
bege-dcde 2875
bigb-dcde 5196
3236
1
fig-dcdg 8071
3237
2
gjic-dcdh 1596
hchd-dcdh 6475
3239
1
fge-dcdj 8071
3243
1
ieh-dced 8071
3251
2
bahb-dcfb 4552
bbfh-dcfb 3519
3252
1
bjgb-dcfc 8071
3253
1
cbcj-dcfd 8071
3261
1
baga-dcgb 8071
3263
1
eeh-dcgd 8071
3270
2
bjab-dcha 4422
daic-dcha 3649
3273
1
gfgh-dchd 8071
3284
1
bhhj-dcie 8071
3288
1
bfeb-dcii 8071
3289
1
bdie-dcij 8071
3296
1
bbba-dcjg 8071
3301
2
dfic-ddab 4747
eaia-ddab 3324
3302
1
fif-ddac 8071
3303
1
fai-ddad 8071
3309
1
ejdj-ddaj 8071
3316
1
bjih-ddbg 8071
3317
1
bicb-ddbh 8071
3319
1
gaj-ddbj 8071
3327
1
bcjg-ddch 8071
3335
2
ggec-dddf 3056
fdga-dddf 5015
3336
1
ffce-dddg 8071
3338
1
jia-dddi 8071
3341
1
cdi-ddeb 8071
3346
1
bdde-ddeg 8071
3350
1
cccj-ddfa 8071
3351
1
bbgg-ddfb 8071
3356
1
dagd-ddfg 8071
3359
2
eefc-ddfj 4412
bec-ddfj 3659
3362
1
djj-ddgc 8071
3364
1
cg-ddge 8071
3369
1
dfgj-ddgj 8071
3375
1
fhh-ddhf 8071
3376
1
cgec-ddhg 8071
3384
1
bd-ddie 8071
3387
1
bcha-ddih 8071
3393
3
bbae-ddjd 611
ffie-ddjd 2663
hagi-ddjd 4797
3399
1
ehja-ddjj 8071
3401
1
cgfe-deab 8071
3408
1
ejjg-deai 8071
3410
2
hfjd-deba 3774
eaf-deba 4297
3419
2
hbid-debj 1962
cacj-debj 6109
3421
1
ccf-decb 8071
3423
1
ih-decd 8071
3424
2
hafi-dece 4696
dadh-dece 3375
3426
2
hfa-decg 4319
eegf-decg 3752
3434
1
hif-dede 8071
3446
1
bdi-deeg 8071
3447
1
cagh-deeh 8071
3449
1
didi-deej 8071
3450
1
bhbf-defa 8071
3452
1
gedb-defc 8071
3458
1
gffc-defi 8071
3459
1
bdcd-defj 8071
3469
1
gdib-degj 8071
3474
2
hdhb-dehe 1528
biji-dehe 6543
3477
1
gfjj-dehh 8071
3485
1
hccb-deif 8071
3487
1
behc-deih 8071
3488
1
bfjc-deii 8071
3489
1
cgad-deij 8071
3491
1
ehdd-dejb 8071
3494
1
egga-deje 8071
3499
1
eadd-dejj 8071
3502
1
edbj-dfac 8071
3505
2
debj-dfaf 2165
cgfh-dfaf 5906
3507
1
dafa-dfah 8071
3510
1
chje-dfba 8071
3516
1
ddhg-dfbg 8071
3518
1
hdci-dfbi 8071
3531
1
j-dfdb 8071
3534
1
hai-dfde 8071
3538
1
ciie-dfdi 8071
3542
2
cbbc-dfec 3464
ic-dfec 4607
3546
1
befe-dfeg 8071
3547
1
hg-dfeh 8071
3548
1
gdga-dfei 8071
3549
1
ci-dfej 8071
3551
1
fbab-dffb 8071
3552
1
idf-dffc 8071
3554
1
bgf-dffe 8071
3558
1
cbae-dffi 8071
3564
1
dbfd-dfge 8071
3565
1
hiih-dfgf 8071
3566
1
cgee-dfgg 8071
3567
1
gfic-dfgh 8071
3569
1
baec-dfgj 8071
3573
1
hj-dfhd 8071
3574
2
eheg-dfhe 3788
behc-dfhe 4283
3575
1
fcfa-dfhf 8071
3578
1
dcaa-dfhi 8071
3582
2
cge-dfic 1323
bbch-dfic 6748
3588
2
gjfa-dfii 3941
ei-dfii 4130
3592
1
dadb-dfjc 8071
3595
1
eab-dfjf 8071
3597
1
bjb-dfjh 8071
3599
1
bbf-dfjj 8071
3600
1
dgb-dgaa 8071
3601
1
ciag-dgab 8071
3611
1
bda-dgbb 8071
3613
1
ghdf-dgbd 8071
3618
1
gcgb-dgbi 8071
3636
1
gdeb-dgdg 8071
3642
1
cajc-dgec 8071
3649
1
egda-dgej 8071
3650
1
dece-dgfa 8071
3651
1
dcdj-dgfb 8071
3654
1
eich-dgfe 8071
3663
1
diad-dggd 8071
3664
1
bcid-dgge 8071
3666
1
hhgc-dggg 8071
3667
1
efhe-dggh 8071
3677
1
igg-dghh 8071
3678
1
bcce-dghi 8071
3685
1
hga-dgif 8071
3686
1
hi-dgig 8071
3687
1
eedi-dgih 8071
3689
1
hbha-dgij 8071
3694
1
ghfh-dgje 8071
3701
1
ddc-dhab 8071
3704
1
gda-dhae 8071
3705
1
caa-dhaf 8071
3708
1
fii-dhai 8071
3710
1
baej-dhba 8071
3713
3
chba-dhbd 2856
bcij-dhbd 1026
eceg-dhbd 4189
3718
1
fcdd-dhbi 8071
3719
1
gae-dhbj 8071
3723
1
cbaj-dhcd 8071
3724
1
dbb-dhce 8071
3732
1
eecd-dhdc 8071
3735
1
bgbg-dhdf 8071
3750
2
dihi-dhfa 2550
decg-dhfa 5521
3754
1
eje-dhfe 8071
3759
1
dcde-dhfj 8071
3761
1
cadd-dhgb 8071
3762
1
hac-dhgc 8071
3770
1
bbh-dhha 8071
3771
1
hjf-dhhb 8071
3781
1
ce-dhib 8071
3790
1
faif-dhja 8071
3792
1
daf-dhjc 8071
3798
2
dagc-dhji 3716
gfag-dhji 4355
3801
1
cda-diab 8071
3803
2
gfhg-diad 763
bfaj-diad 7308
3807
1
bhi-diah 8071
3809
1
fhge-diaj 8071
3814
1
efgi-dibe 8071
3831
1
ehbi-didb 8071
3834
1
bfec-dide 8071
3836
1
hcfa-didg 8071
3838
1
bgdf-didi 8071
3840
1
hb-diea 8071
3846
1
fjia-dieg 8071
3847
1
bcij-dieh 8071
3850
2
eac-difa 3887
bebj-difa 4184
3851
1
ihc-difb 8071
3854
1
c-dife 8071
3855
2
cbid-diff 4469
efie-diff 3602
3856
1
ice-difg 8071
3862
2
ejjb-digc 4042
bijj-digc 4029
3870
2
gddj-diha 4632
fdcf-diha 3439
3876
1
dgfa-dihg 8071
3878
1
bjce-dihi 8071
3880
1
geba-diia 8071
3884
2
dabe-diie 1822
gghd-diie 6249
3885
1
bfhc-diif 8071
3893
1
bjdc-dijd 8071
3895
1
b-dijf 8071
3900
1
bhad-djaa 8071
3909
1
c-djaj 8071
3914
1
ccd-djbe 8071
3916
1
fccc-djbg 8071
3919
1
eicc-djbj 8071
3920
1
hij-djca 8071
3934
1
dgaa-djde 8071
3939
1
fheb-djdj 8071
3942
2
baf-djec 5160
dg-djec 2911
3954
1
ebgh-djfe 8071
3959
1
dgec-djfj 8071
3965
1
bbj-djgf 8071
3966
1
jbg-djgg 8071
3969
1
hfcg-djgj 8071
3972
1
dfjj-djhc 8071
3992
1
cab-djjc 8071
3998
1
cgjc-djji 8071
4005
1
dfah-eaaf 8071
4007
1
fcjg-eaah 8071
4012
1
becb-eabc 8071
4014
1
bggg-eabe 8071
4019
1
ebbb-eabj 8071
4022
1
di-eacc 8071
4033
1
bcjj-eadd 8071
4038
1
fiba-eadi 8071
4045
1
ebhf-eaef 8071
4046
1
cf-eaeg 8071
4049
1
cbaf-eaej 8071
4050
1
ceeh-eafa 8071
4051
1
egdd-eafb 8071
4057
1
ejhe-eafh 8071
4061
1
fije-eagb 8071
4064
1
ggi-eage 8071
4068
1
bhgj-eagi 8071
4071
1
ce-eahb 8071
4073
1
hfi-eahd 8071
4075
1
gac-eahf 8071
4080
1
fdaa-eaia 8071
4082
1
ddhh-eaic 8071
4085
1
bbdj-eaif 8071
4090
1
gdjd-eaja 8071
4093
1
dcij-eajd 8071
4095
1
bgc-eajf 8071
4096
3
ejc-eajg 3051
gfci-eajg 1340
cheh-eajg 3680
4106
1
die-ebag 8071
4111
1
bicj-ebbb 8071
4112
1
difb-ebbc 8071
4119
1
cdb-ebbj 8071
4122
1
cigb-ebcc 8071
4125
1
ijj-ebcf 8071
4132
2
dfbg-ebdc 5077
bjh-ebdc 2994
4133
1
ciei-ebdd 8071
4136
1
bha-ebdg 8071
4141
1
ccab-ebeb 8071
4142
1
fgbf-ebec 8071
4147
1
ddaj-ebeh 8071
4149
1
ebbc-ebej 8071
4150
1
bihj-ebfa 8071
4153
1
dacf-ebfd 8071
4155
1
cbe-ebff 8071
4156
1
bhhf-ebfg 8071
4157
2
hjie-ebfh 1894
egig-ebfh 6177
4158
1
beab-ebfi 8071
4160
2
gjig-ebga 1063
fdci-ebga 7008
4162
1
hjhj-ebgc 8071
4163
1
gede-ebgd 8071
4167
1
iah-ebgh 8071
4168
1
eceb-ebgi 8071
4171
1
baic-ebhb 8071
4175
1
bfb-ebhf 8071
4177
1
ffai-ebhh 8071
4183
2
bfbi-ebid 1973
eeci-ebid 6098
4185
1
eafh-ebif 8071
4187
1
ehe-ebih 8071
4191
1
ffe-ebjb 8071
4196
1
beeb-ebjg 8071
4201
1
bdcf-ecab 8071
4208
1
hhec-ecai 8071
4209
1
jde-ecaj 8071
4210
1
jab-ecba 8071
4212
1
ibf-ecbc 8071
4213
1
fged-ecbd 8071
4221
1
bbjb-eccb 8071
4225
1
gi-eccf 8071
4227
1
ifd-ecch 8071
4234
1
cbef-ecde 8071
4235
1
ddeb-ecdf 8071
4241
1
dcag-eceb 8071
4244
1
gd-ecee 8071
4246
3
egaa-eceg 3493
ej-eceg 364
baii-eceg 4214
4247
1
fggg-eceh 8071
4253
1
dcfc-ecfd 8071
4269
1
cdfh-ecgj 8071
4270
1
fee-echa 8071
4279
1
bbgb-echj 8071
4297
1
gdgb-ecjh 8071
4302
1
fdg-edac 8071
4304
1
cggf-edae 8071
4313
1
figd-edbd 8071
4317
1
baf-edbh 8071
4319
1
bcdj-edbj 8071
4320
1
fdeg-edca 8071
4324
1
fac-edce 8071
4325
1
bcb-edcf 8071
4330
2
cjdf-edda 1774
hjif-edda 6297
4334
1
dgbi-edde 8071
4337
1
cig-eddh 8071
4341
1
dfaf-edeb 8071
4345
1
feaj-edef 8071
4346
1
habh-edeg 8071
4347
1
bfcj-edeh 8071
4352
1
hbg-edfc 8071
4357
1
cj-edfh 8071
4358
1
ifh-edfi 8071
4359
1
cf-edfj 8071
4361
1
jdi-edgb 8071
4364
1
hcac-edge 8071
4365
1
bbch-edgf 8071
4373
1
fbf-edhd 8071
4375
1
bcic-edhf 8071
4382
1
faja-edic 8071
4388
1
gci-edii 8071
4393
1
gdfd-edjd 8071
4396
1
bbca-edjg 8071
4402
1
hfij-eeac 8071
4406
1
j-eeag 8071
4409
1
djji-eeaj 8071
4411
1
fdfb-eebb 8071
4413
1
dce-eebd 8071
4419
1
hf-eebj 8071
4423
1
ceff-eecd 8071
4428
2
ifa-eeci 1932
bgja-eeci 6139
4432
1
cfjc-eedc 8071
4438
1
bajj-eedi 8071
4439
1
fgbd-eedj 8071
4440
1
bdha-eeea 8071
4447
1
bbj-eeeh 8071
4449
1
gh-eeej 8071
4452
1
fih-eefc 8071
4459
1
bbbh-eefj 8071
4462
1
bfce-eegc 8071
4465
2
bcbe-eegf 4277
haei-eegf 3794
4472
1
efec-eehc 8071
4475
1
ebfh-eehf 8071
4481
1
gj-eeib 8071
4482
1
cchb-eeic 8071
4488
1
bjif-eeii 8071
4496
1
cehj-eejg 8071
4502
1
bfig-efac 8071
4509
1
jbi-efaj 8071
4515
1
hajh-efbf 8071
4516
1
bifj-efbg 8071
4523
1
egjj-efcd 8071
4524
1
bfgi-efce 8071
4533
1
bhj-efdd 8071
4534
1
baad-efde 8071
4536
1
hdd-efdg 8071
4542
1
biif-efec 8071
4544
1
ccgh-efee 8071
4551
2
eahd-effb 4774
hibc-effb 3297
4554
1
hahg-effe 8071
4556
1
ii-effg 8071
4564
1
jda-efge 8071
4568
2
hbag-efgi 3741
ceea-efgi 4330
4571
1
behc-efhb 8071
4573
1
ghhh-efhd 8071
4574
1
hchc-efhe 8071
4575
1
beaj-efhf 8071
4580
1
bacc-efia 8071
4582
1
bgf-efic 8071
4583
2
cjf-efid 3300
hicc-efid 4771
4584
1
cc-efie 8071
4585
2
ijh-efif 2825
g-efif 5246
4586
1
eia-efig 8071
4590
1
djbe-efja 8071
4591
2
gia-efjb 3191
ieh-efjb 4880
4592
1
eg-efjc 8071
4596
1
bjgi-efjg 8071
4600
1
eeib-egaa 8071
4601
2
bi-egab 4286
cfic-egab 3785
4605
1
dde-egaf 8071
4630
1
fhff-egda 8071
4633
1
ebfd-egdd 8071
4643
1
eid-eged 8071
4645
1
jhg-egef 8071
4653
2
bc-egfd 4307
ejhe-egfd 3764
4657
1
cce-egfh 8071
4659
1
ehid-egfj 8071
4660
1
iah-egga 8071
4662
1
fjgd-eggc 8071
4670
1
fbdd-egha 8071
4674
1
gdaf-eghe 8071
4682
1
bdgf-egic 8071
4686
1
fgbj-egig 8071
4689
1
cibj-egij 8071
4690
1
dffc-egja 8071
4696
1
fcbh-egjg 8071
4698
1
dchd-egji 8071
4699
1
chg-egjj 8071
4703
1
bjhe-ehad 8071
4708
1
dbe-ehai 8071
4711
1
hjja-ehbb 8071
4712
1
ei-ehbc 8071
4716
1
eccb-ehbg 8071
4718
1
baid-ehbi 8071
4719
1
ehgc-ehbj 8071
4721
1
faie-ehcb 8071
4722
1
big-ehcc 8071
4726
1
bhj-ehcg 8071
4733
1
cjg-ehdd 8071
4736
1
gjdg-ehdg 8071
4743
1
dbbc-ehed 8071
4746
1
hicd-eheg 8071
4749
1
bac-ehej 8071
4756
1
efi-ehfg 8071
4758
1
cde-ehfi 8071
4762
1
chhe-ehgc 8071
4773
1
dhba-ehhd 8071
4778
1
cidg-ehhi 8071
4779
1
bfjd-ehhj 8071
4783
1
cgf-ehid 8071
4787
1
dcie-ehih 8071
4790
1
bfhe-ehja 8071
4791
1
ciib-ehjb 8071
4800
1
bja-eiaa 8071
4804
1
ej-eiae 8071
4809
1
faag-eiaj 8071
4819
1
gihi-eibj 8071
4822
1
ggei-eicc 8071
4827
1
if-eich 8071
4828
1
hbf-eici 8071
4832
1
jbf-eidc 8071
4836
1
bgjh-eidg 8071
4837
1
geb-eidh 8071
4843
1
gbfb-eied 8071
4844
2
gbee-eiee 1739
bai-eiee 6332
4852
1
bjf-eifc 8071
4856
1
gddd-eifg 8071
4860
1
dghh-eiga 8071
4867
1
bede-eigh 8071
4870
1
hbhi-eiha 8071
4876
1
baej-eihg 8071
4879
1
bbge-eihj 8071
4880
1
ffae-eiia 8071
4882
1
djgj-eiic 8071
4883
1
geb-eiid 8071
4887
1
bja-eiih 8071
4891
1
bij-eijb 8071
4901
1
baff-ejab 8071
4902
1
hfd-ejac 8071
4915
1
cdfg-ejbf 8071
4929
1
efde-ejcj 8071
4934
1
gdh-ejde 8071
4936
1
hch-ejdg 8071
4938
1
ddad-ejdi 8071
4939
1
bbch-ejdj 8071
4943
1
eahb-ejed 8071
4945
1
bahe-ejef 8071
4946
1
fbah-ejeg 8071
4947
1
deba-ejeh 8071
4949
1
bdgj-ejej 8071
4959
2
dfh-ejfj 3897
cgf-ejfj 4174
4963
1
bfea-ejgd 8071
4964
1
bjgi-ejge 8071
4972
1
bh-ejhc 8071
4974
2
eij-ejhe 4300
cdic-ejhe 3771
4979
1
fhde-ejhj 8071
4990
1
ejdi-ejja 8071
4991
2
hdef-ejjb 1828
dhg-ejjb 6243
4996
1
eajd-ejjg 8071
5004
1
hgce-faae 8071
5006
1
gjf-faag 8071
5013
1
giaf-fabd 8071
5024
1
ebi-face 8071
5030
1
baie-fada 8071
5031
1
bjjg-fadb 8071
5033
1
bdhg-fadd 8071
5046
1
dbib-faeg 8071
5047
1
dbea-faeh 8071
5048
1
dbff-faei 8071
5060
1
ef-faga 8071
5063
1
cgjj-fagd 8071
5068
1
bgfi-fagi 8071
5072
1
bdhj-fahc 8071
5075
2
baf-fahf 1974
cb-fahf 6097
5084
1
bfii-faie 8071
5085
1
eafa-faif 8071
5086
1
dhi-faig 8071
5090
1
fjbd-faja 8071
5101
1
dbfi-fbab 8071
5107
1
dh-fbah 8071
5109
1
ccef-fbaj 8071
5125
1
ihh-fbcf 8071
5127
1
fcig-fbch 8071
5133
2
ba-fbdd 838
ffff-fbdd 7233
5143
1
fjej-fbed 8071
5152
1
ebdg-fbfc 8071
5154
1
caaa-fbfe 8071
5157
1
hchi-fbfh 8071
5160
1
hfg-fbga 8071
5165
1
difa-fbgf 8071
5180
1
gei-fbia 8071
5183
1
ddfj-fbid 8071
5194
1
bfab-fbje 8071
5200
1
chhi-fcaa 8071
5202
1
digc-fcac 8071
5205
1
bcj-fcaf 8071
5210
1
jfe-fcba 8071
5215
1
gfig-fcbf 8071
5217
1
dbc-fcbh 8071
5220
1
ciia-fcca 8071
5222
1
cahc-fccc 8071
5230
1
eabj-fcda 8071
5233
1
cdhf-fcdd 8071
5234
1
geb-fcde 8071
5236
1
djaj-fcdg 8071
5238
1
cehi-fcdi 8071
5245
1
hbie-fcef 8071
5250
1
jef-fcfa 8071
5252
1
ggbh-fcfc 8071
5260
1
decb-fcga 8071
5262
1
dijf-fcgc 8071
5263
1
ejhj-fcgd 8071
5269
1
hgai-fcgj 8071
5271
2
bbhd-fchb 4795
bi-fchb 3276
5276
1
hcd-fchg 8071
5278
1
eadi-fchi 8071
5284
1
fic-fcie 8071
5286
2
bhj-fcig 4028
ffj-fcig 4043
5294
1
bcaf-fcje 8071
5296
1
bc-fcjg 8071
5300
1
fegf-fdaa 8071
5309
1
bedb-fdaj 8071
5319
1
cfai-fdbj 8071
5322
1
cdji-fdcc 8071
5325
1
diea-fdcf 8071
5327
1
heib-fdch 8071
5328
1
ggdd-fdci 8071
5351
1
biej-fdfb 8071
5355
1
fhh-fdff 8071
5359
1
cdai-fdfj 8071
5360
1
bdca-fdga 8071
5361
1
bagi-fdgb 8071
5365
1
deij-fdgf 8071
5368
1
giif-fdgi 8071
5374
1
ggid-fdhe 8071
5376
1
hc-fdhg 8071
5385
1
ciba-fdif 8071
5400
1
baja-feaa 8071
5401
2
dfhd-feab 252
hghj-feab 7819
5404
1
fida-feae 8071
5409
1
bfae-feaj 8071
5413
1
caae-febd 8071
5433
1
cafj-fedd 8071
5436
1
bbfh-fedg 8071
5439
1
ffdj-fedj 8071
5447
1
edfj-feeh 8071
5449
1
fjd-feej 8071
5464
1
hjjj-fege 8071
5465
1
hfd-fegf 8071
5468
2
de-fegi 3092
h-fegi 4979
5479
1
bei-fehj 8071
5480
1
dfgf-feia 8071
5482
2
eaaf-feic 1729
bhhj-feic 6342
5484
1
jgg-feie 8071
5492
1
hj-fejc 8071
5494
1
dbic-feje 8071
5502
1
dgj-ffac 8071
5504
1
bjdj-ffae 8071
5506
1
b-ffag 8071
5508
1
dehe-ffai 8071
5515
1
gahf-ffbf 8071
5521
1
fedj-ffcb 8071
5524
1
chgi-ffce 8071
5525
1
baij-ffcf 8071
5528
1
gbic-ffci 8071
5530
1
fcac-ffda 8071
5539
1
hch-ffdj 8071
5545
1
ejeg-ffef 8071
5546
1
bjg-ffeg 8071
5555
1
dggd-ffff 8071
5557
1
chhc-fffh 8071
5566
1
fihc-ffgg 8071
5570
1
fibj-ffha 8071
5578
2
beja-ffhi 4298
dgfb-ffhi 3773
5584
2
ddjd-ffie 596
dhab-ffie 7475
5586
1
cegb-ffig 8071
5589
1
hada-ffij 8071
5592
1
chjb-ffjc 8071
5595
1
ibf-ffjf 8071
5596
1
gdfj-ffjg 8071
5597
1
bcge-ffjh 8071
5600
1
ecg-fgaa 8071
5605
1
hgff-fgaf 8071
5607
1
fbch-fgah 8071
5610
1
ecfd-fgba 8071
5613
1
hjea-fgbd 8071
5615
1
ij-fgbf 8071
5619
1
ccb-fgbj 8071
5622
1
ggh-fgcc 8071
5642
1
eb-fgec 8071
5643
1
ghac-fged 8071
5651
1
degj-fgfb 8071
5660
2
cdea-fgga 3356
ccea-fgga 4715
5661
1
eaif-fggb 8071
5663
1
cajd-fggd 8071
5664
1
fdgi-fgge 8071
5666
1
efd-fggg 8071
5668
1
bfj-fggi 8071
5669
1
efig-fggj 8071
5674
1
cjjb-fghe 8071
5679
1
jg-fghj 8071
5683
2
fijg-fgid 4779
hehg-fgid 3292
5698
1
bff-fgji 8071
5706
1
ef-fhag 8071
5715
1
iai-fhbf 8071
5721
1
faae-fhcb 8071
5722
1
bjjj-fhcc 8071
5723
1
debj-fhcd 8071
5724
1
cecj-fhce 8071
5725
1
h-fhcf 8071
5734
2
geg-fhde 4247
eca-fhde 3824
5736
1
bcaa-fhdg 8071
5741
1
dbhh-fheb 8071
5743
1
bgee-fhed 8071
5746
1
bfbg-fheg 8071
5748
1
dbdh-fhei 8071
5750
1
ehhi-fhfa 8071
5752
1
haae-fhfc 8071
5755
1
gcef-fhff 8071
5759
1
fbga-fhfj 8071
5760
1
cdf-fhga 8071
5764
1
bb-fhge 8071
5766
1
chih-fhgg 8071
5776
1
fggi-fhhg 8071
5782
1
cab-fhic 8071
5784
1
efic-fhie 8071
5794
1
efa-fhje 8071
5797
1
bji-fhjh 8071
5805
1
fbj-fiaf 8071
5807
1
gi-fiah 8071
5810
1
bgfa-fiba 8071
5818
1
cbjc-fibi 8071
5819
2
cdf-fibj 1662
i-fibj 6409
5828
1
dfhf-fici 8071
5830
1
bagg-fida 8071
5846
1
bei-fieg 8071
5853
1
diia-fifd 8071
5856
1
jda-fifg 8071
5863
1
ege-figd 8071
5872
1
cbbh-fihc 8071
5878
1
eea-fihi 8071
5885
1
dhgc-fiif 8071
5892
1
fbgf-fijc 8071
5894
1
dcfd-fije 8071
5896
1
cd-fijg 8071
5902
1
cjj-fjac 8071
5913
1
ch-fjbd 8071
5919
1
ib-fjbj 8071
5920
1
fjb-fjca 8071
5922
1
iaf-fjcc 8071
5923
1
gihd-fjcd 8071
5924
1
dgdg-fjce 8071
5930
1
cbga-fjda 8071
5933
1
cda-fjdd 8071
5939
1
gfie-fjdj 8071
5949
1
bh-fjej 8071
5953
1
ecj-fjfd 8071
5963
1
bdda-fjgd 8071
5967
1
hhid-fjgh 8071
5970
1
beha-fjha 8071
5971
1
bej-fjhb 8071
5972
2
caaa-fjhc 1264
cbhd-fjhc 6807
5973
2
edg-fjhd 1878
ejbf-fjhd 6193
5974
1
fhcf-fjhe 8071
5976
1
ejb-fjhg 8071
5980
1
gicd-fjia 8071
5983
1
eiee-fjid 8071
5990
1
fedg-fjja 8071
5991
1
hfjc-fjjb 8071
5992
1
defa-fjjc 8071
5996
1
dejb-fjjg 8071
5998
2
didg-fjji 3186
dce-fjji 4885
6000
2
ei-gaaa 3408
dfa-gaaa 4663
6003
1
ecch-gaad 8071
6005
1
cgie-gaaf 8071
6008
1
gc-gaai 8071
6026
1
bhge-gacg 8071
6033
1
chj-gadd 8071
6036
2
fe-gadg 475
gdda-gadg 7596
6038
1
cbgc-gadi 8071
6051
1
hda-gafb 8071
6052
1
ebdc-gafc 8071
6057
1
cfaj-gafh 8071
6058
1
g-gafi 8071
6060
1
gbce-gaga 8071
6065
1
cbji-gagf 8071
6070
1
fcie-gaha 8071
6072
1
fibj-gahc 8071
6075
1
hga-gahf 8071
6077
1
dc-gahh 8071
6086
1
gfci-gaig 8071
6097
1
bbhj-gajh 8071
6099
1
fjg-gajj 8071
6102
1
hijf-gbac 8071
6113
1
gead-gbbd 8071
6116
2
gecj-gbbg 2327
fhce-gbbg 5744
6119
1
edjd-gbbj 8071
6124
1
gibh-gbce 8071
6133
1
caci-gbdd 8071
6144
1
fgg-gbee 8071
6151
1
cfb-gbfb 8071
6164
1
ffjc-gbge 8071
6165
1
fhed-gbgf 8071
6168
1
gheg-gbgi 8071
6170
1
bgbj-gbha 8071
6173
1
cff-gbhd 8071
6179
1
efh-gbhj 8071
6182
1
ejde-gbic 8071
6188
1
ee-gbii 8071
6189
1
djgg-gbij 8071
6196
1
dgih-gbjg 8071
6202
1
daha-gcac 8071
6205
1
cdhf-gcaf 8071
6215
1
eiia-gcbf 8071
6218
1
gjja-gcbi 8071
6228
1
dadi-gcci 8071
6245
1
cdbb-gcef 8071
6261
1
bbbf-gcgb 8071
6264
1
fab-gcge 8071
6270
1
echj-gcha 8071
6274
1
beh-gche 8071
6281
1
ea-gcib 8071
6289
1
fjhd-gcij 8071
6295
1
baja-gcjf 8071
6305
1
dei-gdaf 8071
6315
1
fjce-gdbf 8071
6322
1
ddfa-gdcc 8071
6325
1
ebcf-gdcf 8071
6330
2
ijh-gdda 2660
cecf-gdda 5411
6333
2
hgc-gddd 1497
ffci-gddd 6574
6336
1
cdaf-gddg 8071
6339
1
de-gddj 8071
6341
1
djc-gdeb 8071
6342
1
cdad-gdec 8071
6352
1
ceij-gdfc 8071
6353
1
cf-gdfd 8071
6359
1
gajh-gdfj 8071
6360
1
ccce-gdga 8071
6361
1
ih-gdgb 8071
6378
1
hcb-gdhi 8071
6381
1
hggj-gdib 8071
6389
2
jbi-gdij 2205
fcca-gdij 5866
6390
1
cfcc-gdja 8071
6393
1
gehb-gdjd 8071
6403
1
hgbc-gead 8071
6405
1
cdcb-geaf 8071
6408
1
haag-geai 8071
6410
1
efb-geba 8071
6418
1
geig-gebi 8071
6426
1
egji-gecg 8071
6431
1
bghb-gedb 8071
6434
1
hgi-gede 8071
6438
1
ehad-gedi 8071
6452
1
gbgf-gefc 8071
6462
1
gidj-gegc 8071
6467
1
ecee-gegh 8071
6468
1
dejj-gegi 8071
6471
1
hcjc-gehb 8071
6478
1
eccf-gehi 8071
6481
1
baf-geib 8071
6486
1
bcea-geig 8071
6491
1
bc-gejb 8071
6495
2
heci-gejf 3727
gcci-gejf 4344
6496
1
cai-gejg 8071
6502
1
bicc-gfac 8071
6506
1
eei-gfag 8071
6508
1
eeic-gfai 8071
6511
1
gifg-gfbb 8071
6516
1
dhjc-gfbg 8071
6519
1
egjg-gfbj 8071
6521
1
fgec-gfcb 8071
6523
1
feaa-gfcd 8071
6528
2
eajg-gfci 3040
geb-gfci 5031
6533
1
cbg-gfdd 8071
6551
1
dede-gffb 8071
6552
1
fjhb-gffc 8071
6555
1
bge-gfff 8071
6558
1
ifi-gffi 8071
6560
1
ffda-gfga 8071
6567
1
djdj-gfgh 8071
6573
1
dhb-gfhd 8071
6576
1
bi-gfhg 8071
6578
1
dac-gfhi 8071
6582
1
hcjh-gfic 8071
6584
1
hag-gfie 8071
6586
1
cbde-gfig 8071
6588
1
daff-gfii 8071
6594
1
gagf-gfje 8071
6599
1
cead-gfjj 8071
6601
1
bic-ggab 8071
6603
1
ech-ggad 8071
6604
1
fjjc-ggae 8071
6609
1
jad-ggaj 8071
6615
1
diha-ggbf 8071
6617
1
fbfh-ggbh 8071
6624
1
fcfc-ggce 8071
6628
1
dfg-ggci 8071
6633
1
gdb-ggdd 8071
6635
1
dadi-ggdf 8071
6638
1
fh-ggdi 8071
6639
1
e-ggdj 8071
6640
1
hg-ggea 8071
6642
1
bgge-ggec 8071
6643
3
ij-gged 1091
bbhi-gged 2943
eefj-gged 4037
6648
1
hhb-ggei 8071
6653
1
edda-ggfd 8071
6673
1
bcdd-gghd 8071
6674
1
dji-gghe 8071
6675
1
ffhi-gghf 8071
6676
1
ggab-gghg 8071
6683
1
efaj-ggid 8071
6690
3
daae-ggja 1916
eehf-ggja 705
hiic-ggja 5450
6702
1
dhji-ghac 8071
6703
1
ejeh-ghad 8071
6722
1
defc-ghcc 8071
6725
1
hceh-ghcf 8071
6728
1
cace-ghci 8071
6729
1
ejc-ghcj 8071
6735
1
ciic-ghdf 8071
6740
1
fb-ghea 8071
6741
1
cie-gheb 8071
6745
1
gf-ghef 8071
6746
1
bbf-gheg 8071
6757
1
fbid-ghfh 8071
6772
1
fe-ghhc 8071
6774
1
ehbj-ghhe 8071
6777
1
igb-ghhh 8071
6791
1
d-ghjb 8071
6798
1
efjb-ghji 8071
6802
1
decg-giac 8071
6805
2
fa-giaf 2132
dba-giaf 5939
6812
1
ehg-gibc 8071
6819
2
fac-gibj 5015
gag-gibj 3056
6823
1
fad-gicd 8071
6829
1
beeb-gicj 8071
6839
1
ejh-gidj 8071
6844
1
bhj-giee 8071
6856
1
hbe-gifg 8071
6867
1
bbbf-gigh 8071
6873
1
feab-gihd 8071
6874
1
bjca-gihe 8071
6877
1
fcaf-gihh 8071
6878
1
ce-gihi 8071
6885
1
gbe-giif 8071
6886
1
gjj-giig 8071
6890
1
cgjb-gija 8071
6892
1
ghci-gijc 8071
6905
1
haej-gjaf 8071
6911
1
efid-gjbb 8071
6912
1
ife-gjbc 8071
6917
1
bccc-gjbh 8071
6918
1
ecd-gjbi 8071
6921
1
fjb-gjcb 8071
6925
1
bgde-gjcf 8071
6931
1
bicd-gjdb 8071
6936
1
fda-gjdg 8071
6938
1
ffgg-gjdi 8071
6942
1
ccea-gjec 8071
6945
1
dbd-gjef 8071
6950
1
bbbc-gjfa 8071
6979
1
bbc-gjhj 8071
6980
1
cjhb-gjia 8071
6982
1
def-gjic 8071
6983
1
cb-gjid 8071
6986
1
fe-gjig 8071
6988
1
dfc-gjii 8071
6990
1
jcf-gjja 8071
7002
1
hi-haac 8071
7004
1
ecbd-haae 8071
7006
1
ij-haag 8071
7008
1
dhai-haai 8071
7017
1
ehcg-habh 8071
7018
1
fb-habi 8071
7021
1
bcgc-hacb 8071
7030
1
idd-hada 8071
7048
1
bija-haei 8071
7049
1
gged-haej 8071
7050
1
fcda-hafa 8071
7053
1
jce-hafd 8071
7054
1
gged-hafe 8071
7057
1
cbjh-hafh 8071
7058
1
bjid-hafi 8071
7063
1
gajj-hagd 8071
7068
1
fdhe-hagi 8071
7073
1
baee-hahd 8071
7074
1
hffa-hahe 8071
7076
1
bgci-hahg 8071
7085
1
fcba-haif 8071
7086
1
deba-haig 8071
7097
1
difg-hajh 8071
7100
1
eagb-hbaa 8071
7104
1
fifd-hbae 8071
7106
1
cgcb-hbag 8071
7109
1
chc-hbaj 8071
7115
1
ccd-hbbf 8071
7129
1
ejb-hbcj 8071
7136
1
caia-hbdg 8071
7141
1
g-hbeb 8071
7148
1
eh-hbei 8071
7150
1
bei-hbfa 8071
7155
1
ejgd-hbff 8071
7156
1
biec-hbfg 8071
7161
1
dcha-hbgb 8071
7162
2
ddab-hbgc 2661
hij-hbgc 5410
7170
1
bajj-hbha 8071
7172
1
efgi-hbhc 8071
7175
1
cij-hbhf 8071
7176
1
iaf-hbhg 8071
7178
2
ig-hbhi 3104
cjh-hbhi 4967
7181
1
jch-hbib 8071
7183
1
eaah-hbid 8071
7184
1
bbc-hbie 8071
7192
1
cidc-hbjc 8071
7202
1
chf-hcac 8071
7214
1
habi-hcbe 8071
7215
1
bej-hcbf 8071
7218
1
bb-hcbi 8071
7221
1
eiaj-hccb 8071
7222
1
gfhd-hccc 8071
7223
1
bida-hccd 8071
7234
1
fhje-hcde 8071
7239
1
dbji-hcdj 8071
7242
1
hidh-hcec 8071
7243
1
cbff-hced 8071
7247
1
gecg-hceh 8071
7250
1
bdgc-hcfa 8071
7256
1
ccj-hcfg 8071
7264
1
bbej-hcge 8071
7266
1
bgbj-hcgg 8071
7272
1
bcef-hchc 8071
7273
1
ccef-hchd 8071
7278
1
hfid-hchi 8071
7292
1
ceh-hcjc 8071
7296
1
gjbh-hcjg 8071
7297
1
bab-hcjh 8071
7306
1
difa-hdag 8071
7313
1
bdb-hdbd 8071
7328
1
fcgj-hdci 8071
7332
2
j-hddc 4323
ccgb-hddc 3748
7345
1
bahh-hdef 8071
7350
1
fi-hdfa 8071
7352
1
gedi-hdfc 8071
7361
1
cdch-hdgb 8071
7362
1
gbii-hdgc 8071
7371
1
hif-hdhb 8071
7376
1
efc-hdhg 8071
7384
1
hifj-hdie 8071
7389
1
gihh-hdij 8071
7391
1
hie-hdjb 8071
7395
1
fahf-hdjf 8071
7414
1
badj-hebe 8071
7428
2
ccge-heci 3751
gejf-heci 4320
7446
1
bfjg-heeg 8071
7451
1
hcec-hefb 8071
7460
1
ebi-hega 8071
7465
1
hgh-hegf 8071
7476
1
ddbj-hehg 8071
7478
1
gjcf-hehi 8071
7481
1
eajf-heib 8071
7482
1
dg-heic 8071
7485
1
hbgc-heif 8071
7489
1
jcc-heij 8071
7492
1
cj-hejc 8071
7498
1
cdbh-heji 8071
7500
1
bdjh-hfaa 8071
7503
1
efif-hfad 8071
7507
1
fjca-hfah 8071
7514
1
gacg-hfbe 8071
7526
1
begi-hfcg 8071
7530
2
hhdc-hfda 3766
bgfj-hfda 4305
7543
1
gjbb-hfed 8071
7545
1
cbg-hfef 8071
7550
1
iif-hffa 8071
7554
1
fcga-hffe 8071
7557
1
cbfi-hffh 8071
7558
1
djec-hffi 8071
7569
1
begh-hfgj 8071
7580
1
ehfg-hfia 8071
7582
1
dcdb-hfic 8071
7583
1
ga-hfid 8071
7589
2
gfbj-hfij 4060
bbi-hfij 4011
7590
1
bi-hfja 8071
7592
1
ggja-hfjc 8071
7593
1
djgf-hfjd 8071
7599
2
dadc-hfjj 2758
hcbi-hfjj 5313
7603
1
eijb-hgad 8071
7608
1
cbc-hgai 8071
7612
1
gee-hgbc 8071
7617
1
dcaj-hgbh 8071
7618
1
bdhj-hgbi 8071
7619
1
df-hgbj 8071
7624
1
efac-hgce 8071
7639
1
hffe-hgdj 8071
7641
1
gjbc-hgeb 8071
7643
2
dfec-hged 4191
dc-hged 3880
7645
1
bf-hgef 8071
7652
1
ecf-hgfc 8071
7655
1
hhgh-hgff 8071
7669
1
gdhi-hggj 8071
7675
1
cdab-hghf 8071
7679
1
bch-hghj 8071
7686
1
biac-hgig 8071
7692
1
icg-hgjc 8071
7700
1
hgeb-hhaa 8071
7707
1
bhci-hhah 8071
7716
1
ica-hhbg 8071
7724
1
ef-hhce 8071
7732
1
eeaj-hhdc 8071
7742
1
gdi-hhec 8071
7756
1
ffjf-hhfg 8071
7757
1
cceh-hhfh 8071
7762
1
iea-hhgc 8071
7767
1
ejc-hhgh 8071
7775
1
chdb-hhhf 8071
7783
1
feeh-hhid 8071
7798
1
fcje-hhji 8071
7800
1
bhif-hiaa 8071
7812
1
cbdf-hibc 8071
7813
1
bfff-hibd 8071
7822
1
egaf-hicc 8071
7823
1
bbj-hicd 8071
7832
1
jfd-hidc 8071
7837
1
egab-hidh 8071
7839
1
gfcb-hidj 8071
7859
1
gahc-hifj 8071
7865
1
bejf-higf 8071
7868
1
bhcc-higi 8071
7872
1
higf-hihc 8071
7882
1
ba-hiic 8071
7887
1
ehej-hiih 8071
7895
1
ib-hijf 8071
7897
1
dgi-hijh 8071
7906
1
hgh-hjag 8071
7907
1
gjdi-hjah 8071
7917
1
dhji-hjbh 8071
7940
1
eiae-hjea 8071
7977
1
dhcd-hjhh 8071
7979
1
cig-hjhj 8071
7984
1
bcdj-hjie 8071
7985
1
dhfe-hjif 8071
7990
1
effg-hjja 8071
7994
1
cdh-hjje 8071
7999
1
efbf-hjjj 8071
