1919
1
4
bga-b 1
dif-b 1
dhb-b 1
fjgd-b 1
2
4
gdgd-c 1
ebea-c 1
jhd-c 1
ghcd-c 1
3
2
ccie-d 1
cee-d 3
4
3
feab-e 1
fece-e 2
bcai-e 1
5
3
fbbc-f 1
higg-f 2
ehb-f 1
6
4
bjeh-g 1
bjah-g 1
egdf-g 1
eegf-g 1
7
2
fcgd-h 2
iab-h 2
8
4
cddg-i 1
baj-i 1
fjja-i 1
iee-i 1
9
4
ddid-j 1
bjaj-j 1
bgjd-j 1
ejdd-j 1
10
3
de-ba 1
cfeb-ba 1
feid-ba 2
11
3
hcce-bb 2
dcjb-bb 1
ceaa-bb 1
12
4
hgeh-bc 1
ee-bc 1
dcc-bc 1
ciji-bc 1
13
4
eji-bd 1
cjj-bd 1
ggja-bd 1
eagf-bd 1
14
1
fcfd-be 4
15
3
haje-bf 2
ffge-bf 1
hjf-bf 1
17
4
hjb-bh 1
f-bh 1
gjh-bh 1
bhad-bh 1
18
1
cifi-bi 4
19
4
bigh-bj 1
ecjg-bj 1
bbf-bj 1
ecca-bj 1
20
4
dhie-ca 1
dbi-ca 1
cgb-ca 1
bff-ca 1
21
1
ejfg-cb 4
22
1
dbf-cc 4
23
3
fcgg-cd 1
fecb-cd 1
jfc-cd 2
25
2
dehb-cf 3
gaii-cf 1
26
3
dcif-cg 2
ehgb-cg 1
dich-cg 1
27
1
ccad-ch 4
28
1
ejgi-ci 4
29
3
ggee-cj 2
ciga-cj 1
ihe-cj 1
30
4
ffg-da 1
bdac-da 1
fbhh-da 1
ifb-da 1
32
1
gijh-dc 4
33
4
hbcd-dd 1
gahd-dd 1
cjaa-dd 1
dhhh-dd 1
34
3
fjd-de 1
fbja-de 2
dafc-de 1
35
1
iae-df 4
36
4
bafb-dg 1
djec-dg 1
ccf-dg 1
cfdb-dg 1
38
3
ejd-di 1
befc-di 2
fdji-di 1
39
1
fagg-dj 4
40
2
hdg-ea 2
ejgj-ea 2
42
3
fhh-ec 1
bgcb-ec 2
cjbf-ec 1
43
1
ebgd-ed 4
44
3
gdid-ee 1
bag-ee 2
cbdh-ee 1
45
2
bcgj-ef 3
bici-ef 1
46
1
hbed-eg 4
47
4
cgbi-eh 1
cad-eh 1
ia-eh 1
bjbj-eh 1
48
3
ccc-ei 2
ghih-ei 1
baca-ei 1
49
3
hbje-ej 1
bbch-ej 1
jic-ej 2
50
3
fcaa-fa 2
gcjb-fa 1
bjie-fa 1
51
4
fjig-fb 1
hhh-fb 1
bjdg-fb 1
haid-fb 1
52
4
cghg-fc 1
ffbe-fc 1
bjbd-fc 1
gebf-fc 1
53
2
ejj-fd 1
bb-fd 3
54
2
gddc-fe 3
gfad-fe 1
55
1
hj-ff 4
57
3
dj-fh 1
dcf-fh 1
bea-fh 2
58
1
cage-fi 4
59
3
cjd-fj 1
bab-fj 1
ehfh-fj 2
60
2
g-ga 1
ccgj-ga 3
61
4
cfhb-gb 1
ehhf-gb 1
ccch-gb 1
bjd-gb 1
62
2
bbfb-gc 3
gjhe-gc 1
63
2
ehfg-gd 2
cdi-gd 2
64
4
chdd-ge 1
bdbi-ge 1
jae-ge 1
dged-ge 1
65
3
hija-gf 1
chda-gf 1
biee-gf 2
66
4
cfdg-gg 1
cgjg-gg 1
ggdh-gg 1
befj-gg 1
67
2
bjdi-gh 1
gjia-gh 3
68
3
bcie-gi 2
f-gi 1
beej-gi 1
69
2
edjj-gj 2
ej-gj 2
70
1
hf-ha 4
73
2
dhga-hd 2
ghhg-hd 2
74
2
cfj-he 2
eaic-he 2
75
2
fb-hf 3
cafe-hf 1
77
1
ffaa-hh 4
78
2
dabi-hi 3
bfe-hi 1
79
1
dgcb-hj 4
80
3
fcjc-ia 1
cahh-ia 1
je-ia 2
82
2
behj-ic 2
cche-ic 2
83
2
ghae-id 3
bjbb-id 1
84
1
bhbj-ie 4
85
1
cgij-if 4
87
2
cfh-ih 3
bcah-ih 1
88
1
baaa-ii 4
90
2
bcfj-ja 3
bedj-ja 1
91
2
iac-jb 3
cij-jb 1
92
1
ifd-jc 4
93
1
edhc-jd 4
94
2
bddb-je 3
cfbi-je 1
95
2
ijg-jf 3
fhba-jf 1
96
2
ghd-jg 1
bad-jg 3
97
2
fa-jh 2
dccd-jh 2
98
2
ehf-ji 2
ijh-ji 2
99
3
cfjf-jj 2
hhce-jj 1
bjac-jj 1
100
1
fbfi-baa 4
101
3
degj-bab 2
dea-bab 1
cadg-bab 1
102
4
ije-bac 1
dbb-bac 1
ggig-bac 1
fgeg-bac 1
103
4
ciha-bad 1
ghdb-bad 1
bece-bad 1
chag-bad 1
105
1
fdbj-baf 4
106
4
biga-bag 1
bafj-bag 1
bab-bag 1
ge-bag 1
108
1
fbi-bai 4
109
3
haa-baj 1
ceg-baj 1
cd-baj 2
110
1
hej-bba 4
111
1
i-bbb 4
112
3
gggj-bbc 2
ggdh-bbc 1
biag-bbc 1
113
2
ciad-bbd 3
hceh-bbd 1
114
2
ecai-bbe 3
hgc-bbe 1
115
3
cjfa-bbf 2
bj-bbf 1
dhhd-bbf 1
116
1
cj-bbg 4
117
1
ici-bbh 4
118
3
hfij-bbi 2
cca-bbi 1
edi-bbi 1
119
1
ddfa-bbj 4
120
1
bihj-bca 4
121
2
dijf-bcb 3
fjfj-bcb 1
122
1
gfeb-bcc 4
123
3
dcha-bcd 2
gcbb-bcd 1
ddbj-bcd 1
126
2
cjbe-bcg 1
bbd-bcg 3
127
1
gbb-bch 4
129
2
hcic-bcj 2
bafc-bcj 2
130
1
gdga-bda 4
131
2
bfci-bdb 1
djci-bdb 3
132
1
gbaa-bdc 4
133
3
fdhb-bdd 2
faeb-bdd 1
dfaj-bdd 1
134
1
gaad-bde 4
136
2
didi-bdg 2
hacf-bdg 2
137
2
bgi-bdh 2
fga-bdh 2
138
3
cch-bdi 2
gbdg-bdi 1
de-bdi 1
139
2
bjgi-bdj 2
bebc-bdj 2
140
3
ffjf-bea 1
ba-bea 1
cejj-bea 2
141
1
eiab-beb 4
142
2
hbi-bec 3
jeh-bec 1
143
1
bea-bed 4
144
1
iig-bee 4
145
2
chj-bef 1
fbaa-bef 3
147
2
ecch-beh 1
cgfe-beh 3
148
2
caec-bei 2
hffd-bei 2
149
2
bfei-bej 2
hehi-bej 2
153
1
dd-bfd 4
154
2
dcgj-bfe 2
hfjb-bfe 2
155
1
bdb-bff 4
157
1
dgbg-bfh 4
158
1
dg-bfi 4
160
2
idj-bga 2
eh-bga 2
161
1
efee-bgb 4
162
1
bghc-bgc 4
164
1
beff-bge 4
165
1
fbjb-bgf 4
166
1
cjf-bgg 4
167
1
dhha-bgh 4
168
3
feag-bgi 2
j-bgi 1
fch-bgi 1
169
2
hdeg-bgj 1
hiec-bgj 3
170
2
e-bha 3
fj-bha 1
171
1
bjdj-bhb 4
172
1
daec-bhc 4
173
1
hfbf-bhd 4
175
1
dhcf-bhf 4
178
1
efgb-bhi 4
179
3
bedc-bhj 1
bdeg-bhj 2
cggi-bhj 1
181
1
fhch-bib 4
182
1
bj-bic 4
184
1
iib-bie 4
186
3
fhd-big 1
eghd-big 2
cbhj-big 1
189
1
hgf-bij 4
190
1
jie-bja 4
191
1
bbgg-bjb 4
192
1
id-bjc 4
193
2
fccd-bjd 2
bahb-bjd 2
197
1
cdbd-bjh 4
198
1
bacg-bji 4
200
1
chag-caa 4
201
1
bdd-cab 4
202
1
jh-cac 4
203
1
fjg-cad 4
204
2
dafb-cae 3
bage-cae 1
206
1
djj-cag 4
208
2
fic-cai 2
ciec-cai 2
211
1
fa-cbb 4
212
2
eabc-cbc 2
ecd-cbc 2
214
1
fhfj-cbe 4
216
4
bfai-cbg 1
dfbj-cbg 1
igf-cbg 1
fdc-cbg 1
219
2
eaba-cbj 3
gaad-cbj 1
220
2
dhaa-cca 2
eeh-cca 2
222
1
bgje-ccc 4
223
1
djbe-ccd 4
224
2
cfgj-cce 3
dai-cce 1
225
1
efdi-ccf 4
227
2
gbda-cch 2
chi-cch 2
228
2
bhbd-cci 3
gdhb-cci 1
230
1
b-cda 4
231
1
cfif-cdb 4
232
1
fbdi-cdc 4
233
1
ffdj-cdd 4
234
1
hfe-cde 4
235
1
cbjh-cdf 4
238
2
cdad-cdi 3
ebch-cdi 1
241
2
jbi-ceb 3
bhac-ceb 1
243
2
ii-ced 2
hdgh-ced 2
244
2
ice-cee 3
fcb-cee 1
246
1
bdfh-ceg 4
247
2
cghc-ceh 2
fh-ceh 2
249
2
egic-cej 2
dcid-cej 2
250
3
cbg-cfa 2
hbfi-cfa 1
ifa-cfa 1
254
1
bdi-cfe 4
255
1
gaec-cff 4
256
1
fa-cfg 4
257
1
gii-cfh 4
258
1
dcfc-cfi 4
259
1
hf-cfj 4
260
2
bjaj-cga 2
ddi-cga 2
261
2
bai-cgb 1
fbia-cgb 3
264
3
eiec-cge 2
bdeh-cge 1
ejij-cge 1
265
1
eabb-cgf 4
266
3
icf-cgg 1
bdij-cgg 2
deji-cgg 1
269
1
cjih-cgj 4
271
3
cbg-chb 1
cdgc-chb 2
edei-chb 1
272
1
biab-chc 4
275
1
hjdf-chf 4
276
1
bcdb-chg 4
278
1
gggb-chi 4
279
2
dggf-chj 2
efge-chj 2
281
1
gfeg-cib 4
282
1
jfi-cic 4
283
1
befd-cid 4
284
1
gb-cie 4
286
2
bbjj-cig 2
djcb-cig 2
287
2
ebc-cih 1
ehci-cih 3
289
2
cdba-cij 3
ggj-cij 1
290
2
fafh-cja 2
hdbj-cja 2
293
1
bhjj-cjd 4
294
1
biih-cje 4
295
3
dhbg-cjf 1
baca-cjf 2
efid-cjf 1
296
1
he-cjg 4
298
1
ch-cji 4
299
1
djfh-cjj 4
301
2
idi-dab 3
fb-dab 1
302
1
beee-dac 4
305
1
edge-daf 4
308
2
cigh-dai 2
gbbf-dai 2
310
1
bcgc-dba 4
311
1
ef-dbb 4
314
1
behi-dbe 4
315
1
ecii-dbf 4
316
2
fehf-dbg 3
ffdb-dbg 1
317
1
jdc-dbh 4
318
1
hcb-dbi 4
322
1
gehd-dcc 4
325
3
f-dcf 2
dgif-dcf 1
cig-dcf 1
326
1
fje-dcg 4
329
1
bicg-dcj 4
331
2
dhe-ddb 2
cfef-ddb 2
333
3
ih-ddd 1
fejh-ddd 1
dij-ddd 2
334
2
beaj-dde 3
bbf-dde 1
335
1
djdj-ddf 4
338
2
ffia-ddi 3
gi-ddi 1
340
1
dbe-dea 4
342
1
ebce-dec 4
343
2
fh-ded 2
ccef-ded 2
345
1
gigf-def 4
346
1
fhg-deg 4
349
2
hhch-dej 3
baje-dej 1
350
1
bfjg-dfa 4
352
1
gb-dfc 4
355
2
bcig-dff 1
bdj-dff 3
356
2
ehbb-dfg 2
jdh-dfg 2
361
1
fe-dgb 4
363
2
hbcd-dgd 3
bdi-dgd 1
364
1
cfda-dge 4
365
1
jbe-dgf 4
369
1
ffac-dgj 4
370
1
j-dha 4
371
1
hfib-dhb 4
373
1
ca-dhd 4
374
1
cbb-dhe 4
375
2
j-dhf 1
bh-dhf 3
378
1
ddbe-dhi 4
379
1
hhj-dhj 4
380
1
bdhg-dia 4
384
2
ded-die 3
fiih-die 1
385
1
dejj-dif 4
388
1
fjgj-dii 4
389
1
cgde-dij 4
391
2
ebfi-djb 3
bdif-djb 1
399
1
dcf-djj 4
404
2
gch-eae 2
cd-eae 2
406
2
bcje-eag 3
cbfj-eag 1
410
1
bhj-eba 4
412
1
ehjh-ebc 4
418
1
hja-ebi 4
423
1
hjic-ecd 4
426
2
fgaa-ecg 2
cgfc-ecg 2
427
1
bbee-ech 4
429
2
gcaj-ecj 3
bdig-ecj 1
431
1
dcg-edb 4
435
1
bigb-edf 4
436
1
djea-edg 4
438
2
cai-edi 1
cgii-edi 3
443
1
cded-eed 4
447
1
dcgd-eeh 4
448
1
egef-eei 4
450
2
fgcb-efa 3
dd-efa 1
451
1
fcfa-efb 4
458
2
cjhg-efi 2
gfgd-efi 2
459
1
bad-efj 4
460
3
hahc-ega 1
gaia-ega 1
bbja-ega 2
467
2
jag-egh 2
bgca-egh 2
471
2
ggic-ehb 3
bgi-ehb 1
475
2
hfdj-ehf 3
fhgi-ehf 1
476
1
hge-ehg 4
483
1
fbeh-eid 4
484
1
cac-eie 4
487
1
bac-eih 4
490
1
gbcb-eja 4
491
2
bjec-ejb 2
dhhb-ejb 2
493
2
fddi-ejd 3
big-ejd 1
494
1
chbd-eje 4
496
3
iba-ejg 2
bibb-ejg 1
dcj-ejg 1
498
1
bddf-eji 4
499
1
bdc-ejj 4
504
1
ecig-fae 4
506
1
cddi-fag 4
507
1
bhhb-fah 4
510
3
big-fba 2
c-fba 1
gjef-fba 1
512
1
fee-fbc 4
518
1
faaa-fbi 4
520
1
fidb-fca 4
521
2
badh-fcb 3
feac-fcb 1
523
1
bc-fcd 4
527
1
gjah-fch 4
532
1
efcd-fdc 4
533
1
cgij-fdd 4
535
1
cgjg-fdf 4
537
1
faee-fdh 4
539
1
cahh-fdj 4
540
1
bacg-fea 4
542
2
ebei-fec 2
bhfa-fec 2
543
1
bhjh-fed 4
544
3
cafd-fee 2
bcgc-fee 1
gih-fee 1
545
3
iab-fef 2
eabe-fef 1
cje-fef 1
547
2
died-feh 2
bjbj-feh 2
548
2
fhia-fei 2
bh-fei 2
549
2
gebc-fej 1
heha-fej 3
551
1
fdfc-ffb 4
554
1
cab-ffe 4
555
1
cegd-fff 4
556
4
cgab-ffg 1
bdda-ffg 1
hbbf-ffg 1
edie-ffg 1
560
1
cfee-fga 4
563
1
cfe-fgd 4
569
1
gcjc-fgj 4
573
2
fbfi-fhd 2
cijd-fhd 2
576
1
cic-fhg 4
577
2
gebi-fhh 3
bgci-fhh 1
582
1
cgdh-fic 4
583
1
bij-fid 4
584
1
fefb-fie 4
585
1
djga-fif 4
590
1
fehf-fja 4
592
1
ehda-fjc 4
593
1
gihc-fjd 4
594
4
ffai-fje 1
bgce-fje 1
jg-fje 1
ehbf-fje 1
595
1
bidh-fjf 4
596
1
bhea-fjg 4
597
1
fgij-fjh 4
601
1
cge-gab 4
603
1
dacf-gad 4
605
1
dbee-gaf 4
606
1
hagi-gag 4
608
1
cbj-gai 4
611
1
ejg-gbb 4
612
2
c-gbc 3
bgfh-gbc 1
613
1
cfa-gbd 4
619
2
ich-gbj 2
bfii-gbj 2
623
1
bbeg-gcd 4
627
1
cijb-gch 4
630
2
eba-gda 3
egac-gda 1
631
1
efdd-gdb 4
633
1
fdij-gdd 4
639
3
dgcj-gdj 2
ghec-gdj 1
cbe-gdj 1
641
1
bjc-geb 4
644
1
geeb-gee 4
663
2
dcbf-ggd 3
bbeh-ggd 1
665
1
dcgf-ggf 4
668
2
bcg-ggi 3
difb-ggi 1
669
2
bbh-ggj 2
bcc-ggj 2
670
1
ffhf-gha 4
673
1
bhj-ghd 4
676
1
dgig-ghg 4
677
1
bbjj-ghh 4
678
1
bbb-ghi 4
679
1
ga-ghj 4
680
1
bdhh-gia 4
681
2
djb-gib 3
dice-gib 1
686
1
deih-gig 4
687
1
bgjc-gih 4
688
1
bei-gii 4
689
1
fjia-gij 4
691
1
hajc-gjb 4
692
1
bd-gjc 4
694
1
cgeh-gje 4
696
1
hfce-gjg 4
697
1
bahj-gjh 4
699
2
heai-gjj 2
efja-gjj 2
700
1
da-haa 4
702
1
ge-hac 4
703
1
bjij-had 4
705
1
ggch-haf 4
709
1
gaeh-haj 4
710
1
bccf-hba 4
715
1
hhbh-hbf 4
718
1
bgad-hbi 4
721
1
bgj-hcb 4
724
1
fcef-hce 4
727
2
cgb-hch 2
ehdd-hch 2
736
1
gcd-hdg 4
743
2
fje-hed 1
haij-hed 3
749
2
ehai-hej 3
cgaa-hej 1
750
1
ddbh-hfa 4
754
2
bjbc-hfe 3
cbha-hfe 1
757
1
dhjf-hfh 4
759
1
bca-hfj 4
762
1
fjdi-hgc 4
764
2
bhj-hge 1
ejdc-hge 3
765
1
cbc-hgf 4
772
1
jji-hhc 4
777
1
cgbj-hhh 4
779
1
deg-hhj 4
784
1
hdjb-hie 4
788
1
hdeh-hii 4
790
2
hecf-hja 1
fgd-hja 3
791
1
cida-hjb 4
793
1
ddfi-hjd 4
794
1
d-hje 4
795
2
dibe-hjf 1
dcaj-hjf 3
796
1
edfi-hjg 4
799
1
cej-hjj 4
801
2
digg-iab 2
fef-iab 2
802
1
bidf-iac 4
804
1
baj-iae 4
805
1
bbee-iaf 4
810
1
hbfe-iba 4
812
1
beij-ibc 4
814
1
cegi-ibe 4
817
1
fcd-ibh 4
823
1
fejj-icd 4
824
2
hfja-ice 2
cga-ice 2
825
1
ejib-icf 4
827
1
bdgi-ich 4
828
1
cghh-ici 4
830
1
bdh-ida 4
834
1
ehf-ide 4
837
1
bbgi-idh 4
838
2
bdii-idi 2
hidj-idi 2
839
2
dbeg-idj 3
ddf-idj 1
843
2
bjdj-ied 2
cdci-ied 2
844
1
jaf-iee 4
850
1
bfeb-ifa 4
851
1
eh-ifb 4
852
1
edfg-ifc 4
853
3
efhd-ifd 2
dfa-ifd 1
bgj-ifd 1
856
1
cjf-ifg 4
857
1
daba-ifh 4
864
1
beaj-ige 4
865
2
efa-igf 3
gfha-igf 1
866
1
hbdb-igg 4
868
1
hjib-igi 4
869
1
jc-igj 4
870
1
hbgj-iha 4
873
1
baeh-ihd 4
874
1
cdjh-ihe 4
875
1
jge-ihf 4
879
1
haf-ihj 4
881
1
efa-iib 4
882
1
cai-iic 4
886
1
cabh-iig 4
892
1
cici-ijc 4
894
1
caaa-ije 4
896
1
ga-ijg 4
897
1
jj-ijh 4
898
1
bbai-iji 4
899
2
gig-ijj 3
ebcf-ijj 1
901
2
cbjc-jab 2
gee-jab 2
904
2
cchj-jae 2
gfgc-jae 2
905
1
gbc-jaf 4
906
1
bdjf-jag 4
907
1
daba-jah 4
908
1
bbc-jai 4
912
1
baa-jbc 4
913
1
baed-jbd 4
914
1
dhbh-jbe 4
918
2
ejab-jbi 3
cae-jbi 1
923
1
gag-jcd 4
930
1
bjca-jda 4
932
2
icd-jdc 3
ggi-jdc 1
937
1
bidh-jdh 4
938
2
bjcj-jdi 2
bga-jdi 2
942
1
fafc-jec 4
944
1
daf-jee 4
945
1
bdgi-jef 4
947
1
dafb-jeh 4
949
1
fiag-jej 4
951
1
ejhc-jfb 4
952
1
bfia-jfc 4
953
1
bcj-jfd 4
955
1
eefa-jff 4
958
1
fcfc-jfi 4
960
1
bige-jga 4
962
1
efbi-jgc 4
964
2
fgie-jge 3
gbde-jge 1
972
1
jd-jhc 4
973
1
bbih-jhd 4
980
1
dej-jia 4
981
1
dii-jib 4
982
1
daef-jic 4
984
1
bec-jie 4
988
1
cjcc-jii 4
989
1
hjfa-jij 4
992
1
cfa-jjc 4
998
2
fhbc-jji 1
bhgj-jji 3
1000
1
be-baaa 4
1002
1
hedi-baac 4
1003
1
iic-baad 4
1011
1
dfc-babb 4
1020
2
gadc-baca 2
higj-baca 2
1021
1
hie-bacb 4
1026
2
fbc-bacg 3
dajf-bacg 1
1028
1
ebid-baci 4
1029
1
bhia-bacj 4
1031
1
edb-badb 4
1037
2
hed-badh 3
eiid-badh 1
1041
1
bjcj-baeb 4
1043
1
beai-baed 4
1047
1
cidd-baeh 4
1052
1
ffde-bafc 4
1054
1
bhjh-bafe 4
1056
1
hgeb-bafg 4
1059
1
cgg-bafj 4
1064
1
jj-bage 4
1069
1
bjd-bagj 4
1070
1
hce-baha 4
1071
1
cfae-bahb 4
1073
1
bf-bahd 4
1074
1
ddca-bahe 4
1079
2
cdie-bahj 2
cg-bahj 2
1080
1
gchf-baia 4
1083
2
hgfi-baid 1
dbgg-baid 3
1085
1
bbdb-baif 4
1087
1
bdhg-baih 4
1088
1
ghi-baii 4
1090
1
bffj-baja 4
1094
2
ebhh-baje 2
dbhj-baje 2
1096
1
hjhd-bajg 4
1098
1
heaf-baji 4
1102
1
cafa-bbac 4
1103
1
ggga-bbad 4
1108
1
bgg-bbai 4
1117
1
cfga-bbbh 4
1122
1
dcac-bbcc 4
1127
4
ejdj-bbch 1
gbde-bbch 1
ecej-bbch 1
faig-bbch 1
1131
1
ebje-bbdb 4
1134
1
cddd-bbde 4
1143
1
cdaj-bbed 4
1144
1
cgg-bbee 4
1146
1
chbh-bbeg 4
1147
1
gach-bbeh 4
1151
2
ecij-bbfb 3
gfdd-bbfb 1
1153
1
chac-bbfd 4
1156
1
j-bbfg 4
1159
2
cce-bbfj 3
efb-bbfj 1
1166
2
dg-bbgg 3
fhjb-bbgg 1
1168
1
ifc-bbgi 4
1169
2
bcd-bbgj 3
bi-bbgj 1
1172
1
hbdd-bbhc 4
1175
1
daff-bbhf 4
1176
2
djda-bbhg 3
dfec-bbhg 1
1179
3
cgha-bbhj 2
befi-bbhj 1
djja-bbhj 1
1184
1
baif-bbie 4
1185
1
jia-bbif 4
1187
1
hja-bbih 4
1190
1
fe-bbja 4
1196
1
ddcg-bbjg 4
1199
2
hej-bbjj 3
fieb-bbjj 1
1207
1
egei-bcah 4
1208
1
geb-bcai 4
1212
2
ddd-bcbc 3
ia-bcbc 1
1216
1
chb-bcbg 4
1218
1
bbi-bcbi 4
1220
1
ebhf-bcca 4
1222
1
bdba-bccc 4
1224
2
egfi-bcce 2
eahc-bcce 2
1225
1
fccf-bccf 4
1227
1
gbdf-bcch 4
1231
1
bcei-bcdb 4
1241
1
ja-bceb 4
1245
1
ehec-bcef 4
1248
2
chag-bcei 3
cbg-bcei 1
1250
1
gfjf-bcfa 4
1253
1
dhcj-bcfd 4
1259
2
efhc-bcfj 3
fhaf-bcfj 1
1262
2
gbdi-bcgc 1
fibh-bcgc 3
1265
1
djcj-bcgf 4
1269
1
bhb-bcgj 4
1275
1
edg-bchf 4
1281
1
ffie-bcib 4
1284
1
bf-bcie 4
1286
1
dejj-bcig 4
1287
1
befa-bcih 4
1289
1
efif-bcij 4
1291
1
hhcf-bcjb 4
1293
1
gihe-bcjd 4
1294
1
bbfb-bcje 4
1302
1
ccae-bdac 4
1310
1
cjf-bdba 4
1312
1
gadi-bdbc 4
1317
2
edgf-bdbh 3
hjdg-bdbh 1
1318
1
ea-bdbi 4
1319
1
cjgd-bdbj 4
1322
1
giig-bdcc 4
1329
1
bcbc-bdcj 4
1330
2
cggf-bdda 3
digj-bdda 1
1331
1
ceec-bddb 4
1335
1
fidd-bddf 4
1341
1
eeij-bdeb 4
1344
1
fbij-bdee 4
1346
1
bjh-bdeg 4
1347
2
cb-bdeh 2
hcib-bdeh 2
1357
1
ejea-bdfh 4
1364
1
cee-bdge 4
1367
1
dhcg-bdgh 4
1368
2
bf-bdgi 3
gaec-bdgi 1
1371
2
ejfa-bdhb 2
bbde-bdhb 2
1376
2
bhdi-bdhg 1
ide-bdhg 3
1377
1
cccf-bdhh 4
1379
1
dafj-bdhj 4
1385
1
hece-bdif 4
1386
1
bich-bdig 4
1387
2
bici-bdih 1
bhij-bdih 3
1388
1
gdj-bdii 4
1389
1
cfei-bdij 4
1393
1
echd-bdjd 4
1395
1
ehhg-bdjf 4
1402
1
edf-beac 4
1404
1
gjj-beae 4
1406
1
cda-beag 4
1408
2
dehf-beai 3
djaa-beai 1
1409
2
cdgi-beaj 1
fie-beaj 3
1412
1
befj-bebc 4
1420
1
dcga-beca 4
1423
1
hhgj-becd 4
1424
2
ebjd-bece 3
gbjd-bece 1
1427
1
cfhi-bech 4
1432
1
ddah-bedc 4
1437
1
bcca-bedh 4
1439
2
eeig-bedj 3
dhf-bedj 1
1443
1
fhjc-beed 4
1444
1
bdge-beee 4
1449
1
gcih-beej 4
1450
1
cedh-befa 4
1452
1
dafc-befc 4
1453
1
dbfb-befd 4
1454
1
cicc-befe 4
1455
3
eed-beff 1
baf-beff 1
ecjd-beff 2
1456
1
gg-befg 4
1458
1
cbec-befi 4
1459
3
ida-befj 2
bijh-befj 1
cgjj-befj 1
1465
1
diab-begf 4
1472
3
efhb-behc 1
ehcc-behc 1
bfjj-behc 2
1478
1
bijf-behi 4
1479
1
befj-behj 4
1485
1
g-beif 4
1489
1
f-beij 4
1495
1
ehfa-bejf 4
1499
1
fgdc-bejj 4
1502
1
if-bfac 4
1508
1
bjja-bfai 4
1509
1
diad-bfaj 4
1510
2
cbgj-bfba 2
ceea-bfba 2
1515
1
bgaa-bfbf 4
1527
1
gdih-bfch 4
1528
1
gejd-bfci 4
1536
1
gdb-bfdg 4
1539
1
ifg-bfdj 4
1541
1
dbjg-bfeb 4
1548
1
bgai-bfei 4
1559
1
ffda-bffj 4
1564
1
di-bfge 4
1579
1
ca-bfhj 4
1580
1
dia-bfia 4
1582
2
ccea-bfic 3
fcbc-bfic 1
1588
1
died-bfii 4
1589
1
fhd-bfij 4
1590
1
bgef-bfja 4
1596
2
efcc-bfjg 3
edhb-bfjg 1
1599
2
behc-bfjj 2
dgbi-bfjj 2
1600
1
jb-bgaa 4
1603
2
cgeh-bgad 3
bbfj-bgad 1
1608
1
ej-bgai 4
1609
1
cbbe-bgaj 4
1612
1
caif-bgbc 4
1614
1
bgij-bgbe 4
1618
1
ffbj-bgbi 4
1620
1
b-bgca 4
1621
2
ejg-bgcb 3
ec-bgcb 1
1624
1
bgad-bgce 4
1628
1
heei-bgci 4
1636
1
ciaa-bgdg 4
1638
1
fh-bgdi 4
1640
1
b-bgea 4
1645
1
ceii-bgef 4
1648
2
eche-bgei 3
gij-bgei 1
1649
1
ghdh-bgej 4
1653
2
ei-bgfd 3
heai-bgfd 1
1657
1
bdg-bgfh 4
1658
1
eaeh-bgfi 4
1660
1
gbj-bgga 4
1662
1
ccac-bggc 4
1664
2
fgdf-bgge 1
hjd-bgge 3
1672
1
daig-bghc 4
1677
1
gcjg-bghh 4
1681
1
ehab-bgib 4
1683
1
bhbb-bgid 4
1685
1
cce-bgif 4
1689
1
bgcb-bgij 4
1692
1
dgeg-bgjc 4
1693
1
hcid-bgjd 4
1694
2
efjd-bgje 1
g-bgje 3
1698
2
cbia-bgji 3
ffjd-bgji 1
1700
1
bbhc-bhaa 4
1702
1
bab-bhac 4
1703
1
ccaa-bhad 4
1704
1
eiii-bhae 4
1709
2
dbde-bhaj 1
eahf-bhaj 3
1710
1
cce-bhba 4
1711
1
gbbi-bhbb 4
1713
1
ihf-bhbd 4
1714
1
jb-bhbe 4
1719
1
chec-bhbj 4
1721
1
bdhj-bhcb 4
1728
1
cfij-bhci 4
1738
1
fd-bhdi 4
1740
1
fcgf-bhea 4
1744
2
edab-bhee 1
bdgh-bhee 3
1750
1
gbhd-bhfa 4
1753
1
fjfj-bhfd 4
1755
1
gidd-bhff 4
1756
1
bd-bhfg 4
1758
1
ggah-bhfi 4
1766
1
dg-bhgg 4
1769
1
egh-bhgj 4
1771
1
bba-bhhb 4
1780
1
egdj-bhia 4
1781
1
hjfc-bhib 4
1783
2
fccb-bhid 2
chb-bhid 2
1785
2
fjja-bhif 2
dabb-bhif 2
1787
1
cgaj-bhih 4
1789
1
ghh-bhij 4
1794
1
fafi-bhje 4
1797
2
cig-bhjh 2
bc-bhjh 2
1798
1
bdjd-bhji 4
1799
1
bhaj-bhjj 4
1800
1
eefi-biaa 4
1801
1
baid-biab 4
1804
2
dde-biae 2
dcgd-biae 2
1806
1
haee-biag 4
1808
1
cg-biai 4
1810
1
ic-biba 4
1811
1
i-bibb 4
1826
1
jec-bicg 4
1827
1
dfg-bich 4
1828
2
eecc-bici 2
figj-bici 2
1829
1
bafe-bicj 4
1834
1
bdd-bide 4
1835
1
ecg-bidf 4
1837
2
chc-bidh 3
baad-bidh 1
1844
1
fbfc-biee 4
1848
1
cfga-biei 4
1855
1
hjja-biff 4
1856
1
gbjc-bifg 4
1860
2
dfab-biga 3
gaf-biga 1
1861
2
bbj-bigb 3
badh-bigb 1
1864
1
dgfi-bige 4
1867
1
fhbd-bigh 4
1868
1
fae-bigi 4
1872
1
gidh-bihc 4
1879
1
fc-bihj 4
1887
1
fhci-biih 4
1891
1
ejff-bijb 4
1895
1
bfja-bijf 4
1897
2
haic-bijh 3
bhib-bijh 1
1902
1
fhhc-bjac 4
1907
3
dabi-bjah 1
hddd-bjah 1
dcjb-bjah 2
1909
1
bfac-bjaj 4
1911
1
dbh-bjbb 4
1912
1
fag-bjbc 4
1913
1
eie-bjbd 4
1919
2
edca-bjbj 3
ecbc-bjbj 1
1920
1
fdid-bjca 4
1926
1
bhba-bjcg 4
1929
2
hi-bjcj 1
fgai-bjcj 3
1934
1
ddd-bjde 4
1936
1
dehd-bjdg 4
1939
2
ffae-bjdj 3
djae-bjdj 1
1942
1
had-bjec 4
1946
1
bfbf-bjeg 4
1947
1
gd-bjeh 4
1955
1
ffeb-bjff 4
1962
1
gfhi-bjgc 4
1968
1
ejef-bjgi 4
1972
1
gfji-bjhc 4
1980
1
ggce-bjia 4
1984
1
fcga-bjie 4
1988
1
gj-bjii 4
1989
1
dgcj-bjij 4
1990
1
bcg-bjja 4
1995
1
fjgg-bjjf 4
1998
1
gceb-bjji 4
2000
1
dcde-caaa 4
2002
1
faie-caac 4
2005
1
ca-caaf 4
2007
1
eabe-caah 4
2010
1
hfji-caba 4
2011
1
eacg-cabb 4
2015
1
bcjb-cabf 4
2017
1
e-cabh 4
2018
1
dedg-cabi 4
2036
1
haed-cadg 4
2037
1
igi-cadh 4
2038
1
ced-cadi 4
2039
1
efeb-cadj 4
2042
2
ecg-caec 3
dbdc-caec 1
2050
2
caah-cafa 2
cge-cafa 2
2051
3
gghh-cafb 1
bgji-cafb 2
gbjb-cafb 1
2053
1
cfab-cafd 4
2054
1
gdhe-cafe 4
2056
1
ebba-cafg 4
2064
1
ddb-cage 4
2071
1
beca-cahb 4
2075
1
eae-cahf 4
2077
2
gaig-cahh 3
dbge-cahh 1
2085
1
beed-caif 4
2087
1
ccgd-caih 4
2088
1
ghib-caii 4
2093
1
dba-cajd 4
2095
1
bbfj-cajf 4
2102
1
badb-cbac 4
2104
1
gega-cbae 4
2114
1
bhji-cbbe 4
2123
1
ba-cbcd 4
2126
2
hge-cbcg 2
bja-cbcg 2
2134
2
dega-cbde 3
fddi-cbde 1
2135
1
dfah-cbdf 4
2137
1
chdi-cbdh 4
2140
1
cahb-cbea 4
2142
2
cdji-cbec 2
biga-cbec 2
2155
1
ffij-cbff 4
2159
1
fcec-cbfj 4
2160
2
fgia-cbga 2
ifh-cbga 2
2162
3
edec-cbgc 1
cci-cbgc 1
fagi-cbgc 2
2169
1
bcib-cbgj 4
2170
1
hjj-cbha 4
2179
1
gchb-cbhj 4
2180
1
bedh-cbia 4
2186
1
hiee-cbig 4
2188
1
fehd-cbii 4
2192
1
eaae-cbjc 4
2193
1
bdh-cbjd 4
2197
1
fdde-cbjh 4
2200
1
ddi-ccaa 4
2202
1
beac-ccac 4
2203
1
bgid-ccad 4
2204
1
efdh-ccae 4
2205
1
faba-ccaf 4
2219
1
cgbe-ccbj 4
2220
1
chbb-ccca 4
2225
1
bcbi-cccf 4
2227
1
dac-ccch 4
2228
2
hjef-ccci 3
cgjb-ccci 1
2240
1
bd-ccea 4
2244
1
ebdi-ccee 4
2245
1
dadb-ccef 4
2254
1
def-ccfe 4
2258
1
ejcg-ccfi 4
2262
2
cdd-ccgc 2
hibg-ccgc 2
2263
1
babb-ccgd 4
2264
1
eica-ccge 4
2266
1
bhaj-ccgg 4
2269
1
jdc-ccgj 4
2274
1
ffb-cche 4
2277
1
ec-cchh 4
2278
1
dcdb-cchi 4
2279
1
cbg-cchj 4
2280
1
hhii-ccia 4
2284
1
dchc-ccie 4
2297
1
fei-ccjh 4
2303
1
gh-cdad 4
2309
1
cbc-cdaj 4
2310
1
beff-cdba 4
2313
1
bbhg-cdbd 4
2321
1
bji-cdcb 4
2325
1
feja-cdcf 4
2327
1
ebfg-cdch 4
2328
1
cbcg-cdci 4
2333
1
cdgi-cddd 4
2336
1
dge-cddg 4
2337
1
bbfd-cddh 4
2338
1
idi-cddi 4
2343
1
fhh-cded 4
2345
2
dff-cdef 3
dgf-cdef 1
2354
1
cid-cdfe 4
2359
1
gahg-cdfj 4
2362
2
edhh-cdgc 1
bhae-cdgc 3
2368
2
ca-cdgi 3
dbai-cdgi 1
2369
1
ejha-cdgj 4
2370
1
ebi-cdha 4
2375
1
bgga-cdhf 4
2379
1
gib-cdhj 4
2380
1
fedd-cdia 4
2384
1
fbcc-cdie 4
2396
1
eagg-cdjg 4
2397
1
gfaa-cdjh 4
2398
1
jee-cdji 4
2400
1
cgid-ceaa 4
2402
1
eege-ceac 4
2408
1
baia-ceai 4
2413
1
gdjc-cebd 4
2416
1
bdd-cebg 4
2422
1
jgc-cecc 4
2425
1
ebci-cecf 4
2437
1
ciab-cedh 4
2440
1
gi-ceea 4
2442
1
cdc-ceec 4
2444
1
ee-ceee 4
2453
1
jjc-cefd 4
2461
1
bijb-cegb 4
2463
1
bdeb-cegd 4
2468
1
dbhi-cegi 4
2478
1
fcdi-cehi 4
2482
1
bac-ceic 4
2488
1
jga-ceii 4
2498
1
jab-ceji 4
2499
1
ge-cejj 4
2501
1
baha-cfab 4
2504
1
eadc-cfae 4
2518
1
bech-cfbi 4
2522
1
gdja-cfcc 4
2530
1
caba-cfda 4
2531
1
ggac-cfdb 4
2536
1
febi-cfdg 4
2541
1
fgic-cfeb 4
2543
1
bb-cfed 4
2544
1
edej-cfee 4
2545
1
bcgf-cfef 4
2548
1
ciei-cfei 4
2560
2
hd-cfga 3
gcid-cfga 1
2569
2
gjfh-cfgj 2
bdbh-cfgj 2
2571
1
cbac-cfhb 4
2578
2
eae-cfhi 3
dajj-cfhi 1
2585
1
gjgj-cfif 4
2589
1
fgfh-cfij 4
2595
1
chj-cfjf 4
2600
1
ebfj-cgaa 4
2601
2
ffg-cgab 3
eiid-cgab 1
2607
1
chfh-cgah 4
2609
2
fdd-cgaj 3
cdgc-cgaj 1
2614
1
dgd-cgbe 4
2618
1
gbbd-cgbi 4
2619
1
df-cgbj 4
2623
1
fcb-cgcd 4
2630
2
gad-cgda 3
cdgj-cgda 1
2634
1
bgbi-cgde 4
2636
1
big-cgdg 4
2637
1
fca-cgdh 4
2640
1
cgff-cgea 4
2646
1
ge-cgeg 4
2647
1
bha-cgeh 4
2652
1
fjjh-cgfc 4
2654
1
cjia-cgfe 4
2655
1
dbaj-cgff 4
2659
1
habf-cgfj 4
2660
1
bfjj-cgga 4
2665
1
ccci-cggf 4
2667
1
ceac-cggh 4
2668
1
hdjc-cggi 4
2670
1
ihj-cgha 4
2672
1
dhd-cghc 4
2676
2
edff-cghg 2
diee-cghg 2
2677
1
fihd-cghh 4
2683
1
eid-cgid 4
2688
1
fdf-cgii 4
2689
2
hfde-cgij 3
ddb-cgij 1
2691
1
bfij-cgjb 4
2696
2
ejb-cgjg 3
die-cgjg 1
2699
1
ea-cgjj 4
2702
1
dbcb-chac 4
2706
3
bfe-chag 1
bcei-chag 1
bejf-chag 2
2711
1
eih-chbb 4
2713
1
gjb-chbd 4
2717
1
hied-chbh 4
2726
1
heed-chcg 4
2730
1
beh-chda 4
2733
1
idj-chdd 4
2737
1
dhjc-chdh 4
2738
1
fgbb-chdi 4
2742
1
bggc-chec 4
2757
1
cbea-chfh 4
2759
1
cbg-chfj 4
2768
1
eh-chgi 4
2783
1
dhj-chid 4
2790
1
ceic-chja 4
2800
1
cecf-ciaa 4
2801
1
bide-ciab 4
2803
1
bgif-ciad 4
2816
1
ceee-cibg 4
2818
1
baid-cibi 4
2821
1
bag-cicb 4
2822
1
hba-cicc 4
2827
1
eiac-cich 4
2828
1
cj-cici 4
2829
2
ebga-cicj 3
bhif-cicj 1
2830
1
haji-cida 4
2833
1
jg-cidd 4
2835
1
bef-cidf 4
2841
1
ejd-cieb 4
2842
1
ccfe-ciec 4
2847
1
hbgf-cieh 4
2848
1
gdj-ciei 4
2855
1
bcjd-ciff 4
2858
1
ddeh-cifi 4
2860
1
djgc-ciga 4
2864
1
fej-cige 4
2867
1
ggbb-cigh 4
2870
1
hfcb-ciha 4
2882
1
fi-ciic 4
2883
1
jj-ciid 4
2891
1
fba-cijb 4
2893
1
fchj-cijd 4
2896
1
ddbi-cijg 4
2898
1
bbd-ciji 4
2900
1
cadi-cjaa 4
2914
1
bcb-cjbe 4
2915
1
biai-cjbf 4
2917
1
fgjb-cjbh 4
2918
1
h-cjbi 4
2922
1
hii-cjcc 4
2928
1
cjgg-cjci 4
2947
1
gjhj-cjeh 4
2950
1
dhfd-cjfa 4
2954
1
bacj-cjfe 4
2963
1
ihd-cjgd 4
2966
1
bbbh-cjgg 4
2971
1
cij-cjhb 4
2976
2
bfh-cjhg 2
dhbg-cjhg 2
2980
1
cebd-cjia 4
2985
1
ggd-cjif 4
2987
1
cabb-cjih 4
2994
1
dhac-cjje 4
3010
2
fgga-daba 3
bcce-daba 1
3011
1
ggej-dabb 4
3014
1
bcef-dabe 4
3018
2
bc-dabi 3
dfed-dabi 1
3025
1
fcfh-dacf 4
3031
1
fdgg-dadb 4
3034
1
bcj-dade 4
3035
1
fiie-dadf 4
3042
2
hd-daec 2
bajg-daec 2
3045
1
bgf-daef 4
3051
2
gdac-dafb 3
gfee-dafb 1
3052
2
hjec-dafc 1
bef-dafc 3
3055
1
cgaj-daff 4
3059
1
dfbf-dafj 4
3079
1
ejdb-dahj 4
3082
1
cgda-daic 4
3086
1
bjb-daig 4
3090
1
cich-daja 4
3095
1
bagj-dajf 4
3099
1
bbg-dajj 4
3108
1
gd-dbai 4
3109
1
fed-dbaj 4
3121
1
bj-dbcb 4
3128
1
jbd-dbci 4
3132
1
dgci-dbdc 4
3134
1
gggi-dbde 4
3144
1
jae-dbee 4
3146
1
cbgc-dbeg 4
3151
1
hifi-dbfb 4
3152
1
diic-dbfc 4
3160
1
chdh-dbga 4
3164
1
bfdj-dbge 4
3166
1
bfge-dbgg 4
3171
1
gedi-dbhb 4
3173
1
fb-dbhd 4
3178
1
dgfj-dbhi 4
3179
1
cijg-dbhj 4
3181
1
cf-dbib 4
3195
1
bdb-dbjf 4
3196
1
gje-dbjg 4
3198
1
hcdj-dbji 4
3200
1
dfhi-dcaa 4
3202
1
cbcd-dcac 4
3209
1
bec-dcaj 4
3213
1
biei-dcbd 4
3215
1
bhid-dcbf 4
3218
2
fjcc-dcbi 2
fjc-dcbi 2
3223
1
gfdi-dccd 4
3231
1
bjjf-dcdb 4
3234
1
bigb-dcde 4
3248
1
cecc-dcei 4
3249
1
cdjg-dcej 4
3252
1
cicb-dcfc 4
3260
1
fbij-dcga 4
3263
2
biae-dcgd 3
gdda-dcgd 1
3265
1
chid-dcgf 4
3269
1
iji-dcgj 4
3270
1
daic-dcha 4
3272
1
hfh-dchc 4
3283
1
ebaa-dcid 4
3285
1
ffja-dcif 4
3291
2
bjah-dcjb 3
baci-dcjb 1
3295
1
ehfe-dcjf 4
3301
1
ccgc-ddab 4
3303
1
cja-ddad 4
3307
1
gdd-ddah 4
3314
1
fagi-ddbe 4
3317
1
biba-ddbh 4
3318
1
ha-ddbi 4
3319
1
fhig-ddbj 4
3320
1
cbj-ddca 4
3321
1
eje-ddcb 4
3325
1
fec-ddcf 4
3326
1
dbjf-ddcg 4
3327
1
bbcc-ddch 4
3330
1
dgie-ddda 4
3339
1
cih-dddj 4
3347
1
cjfe-ddeh 4
3350
1
gh-ddfa 4
3352
1
djfi-ddfc 4
3358
1
hhbi-ddfi 4
3366
1
dfaa-ddgg 4
3374
1
ccgg-ddhe 4
3383
1
ejb-ddid 4
3402
2
fbde-deac 3
cdch-deac 1
3424
1
dgfa-dece 4
3429
1
hfcd-decj 4
3436
1
igj-dedg 4
3449
1
fahc-deej 4
3460
1
ebch-dega 4
3465
1
ecgh-degf 4
3469
1
bad-degj 4
3471
1
fgfd-dehb 4
3473
2
ciic-dehd 2
hddd-dehd 2
3475
1
djhf-dehf 4
3480
1
cca-deia 4
3487
1
behc-deih 4
3488
1
cgeg-deii 4
3498
1
bgej-deji 4
3499
3
ji-dejj 1
dai-dejj 2
fdii-dejj 1
3500
1
jf-dfaa 4
3501
1
deii-dfab 4
3507
1
jah-dfah 4
3509
1
dgfb-dfaj 4
3515
1
cchi-dfbf 4
3518
1
ggi-dfbi 4
3519
2
ceji-dfbj 1
gbij-dfbj 3
3540
1
gg-dfea 4
3542
1
ic-dfec 4
3543
1
cf-dfed 4
3548
1
chgi-dfei 4
3551
1
bhfg-dffb 4
3573
1
beae-dfhd 4
3575
1
ijc-dfhf 4
3578
1
eh-dfhi 4
3584
2
fc-dfie 3
beai-dfie 1
3590
1
bjde-dfja 4
3616
1
bahj-dgbg 4
3618
2
gbca-dgbi 3
fc-dgbi 1
3621
2
jib-dgcb 3
bib-dgcb 1
3628
2
gjig-dgci 3
fdii-dgci 1
3629
2
efgd-dgcj 1
jh-dgcj 3
3643
1
hchg-dged 4
3646
1
ijj-dgeg 4
3650
2
bgea-dgfa 3
cige-dgfa 1
3651
1
bceb-dgfb 4
3658
1
cff-dgfi 4
3659
1
ih-dgfj 4
3662
1
bb-dggc 4
3663
1
edcj-dggd 4
3665
1
ceb-dggf 4
3670
1
bdj-dgha 4
3672
1
bejj-dghc 4
3677
1
jii-dghh 4
3684
1
caii-dgie 4
3685
1
ia-dgif 4
3686
1
bcce-dgig 4
3688
1
cih-dgii 4
3690
1
dcej-dgja 4
3700
1
caaf-dhaa 4
3702
1
efie-dhac 4
3709
1
dggc-dhaj 4
3716
2
ddd-dhbg 1
eidj-dhbg 3
3717
1
ebie-dhbh 4
3724
1
cchh-dhce 4
3725
1
cieb-dhcf 4
3726
1
cidf-dhcg 4
3728
1
dijc-dhci 4
3729
1
bhff-dhcj 4
3733
1
gf-dhdd 4
3753
1
fej-dhfd 4
3760
1
gcdb-dhga 4
3762
1
fdba-dhgc 4
3770
1
cjif-dhha 4
3771
1
cdhf-dhhb 4
3773
1
ei-dhhd 4
3776
2
baji-dhhg 1
ibc-dhhg 3
3777
1
ddgg-dhhh 4
3784
1
eecj-dhie 4
3792
1
begf-dhjc 4
3795
1
bhf-dhjf 4
3799
1
ie-dhjj 4
3801
1
bbch-diab 4
3803
1
dggd-diad 4
3814
1
gda-dibe 4
3817
1
edad-dibh 4
3822
1
de-dicc 4
3824
1
ji-dice 4
3825
1
fdah-dicf 4
3827
1
dfea-dich 4
3838
1
gjib-didi 4
3843
1
cafb-died 4
3844
1
hajc-diee 4
3851
1
eaij-difb 4
3855
1
bijh-diff 4
3866
1
biaa-digg 4
3869
1
bjii-digj 4
3882
1
eag-diic 4
3883
1
fjf-diid 4
3892
1
gfif-dijc 4
3895
1
djfg-dijf 4
3900
1
eejh-djaa 4
3904
1
hafc-djae 4
3914
1
ggf-djbe 4
3921
1
bbgj-djcb 4
3928
1
ehac-djci 4
3929
1
gefi-djcj 4
3930
1
cci-djda 4
3939
1
bbac-djdj 4
3940
1
fjff-djea 4
3942
1
dhaj-djec 4
3946
1
cgcd-djeg 4
3956
1
dhjj-djfg 4
3957
1
bgaj-djfh 4
3958
1
cfi-djfi 4
3960
1
eiea-djga 4
3962
1
dadf-djgc 4
3965
2
caa-djgf 1
fcei-djgf 3
3971
1
bei-djhb 4
3975
1
eag-djhf 4
3983
2
bdbh-djid 2
dgd-djid 2
3988
1
ffbb-djii 4
3990
1
bch-djja 4
4004
1
ehib-eaae 4
4010
1
jdi-eaba 4
4011
1
ecfb-eabb 4
4012
1
gebh-eabc 4
4014
2
fef-eabe 3
cdha-eabe 1
4026
1
cafb-eacg 4
4032
1
deac-eadc 4
4034
1
bfaj-eade 4
4045
1
ciff-eaef 4
4047
1
beae-eaeh 4
4053
1
ffe-eafd 4
4065
1
gg-eagf 4
4066
1
cfcc-eagg 4
4072
1
dffb-eahc 4
4075
1
biff-eahf 4
4080
1
fdaa-eaia 4
4082
1
bfdg-eaic 4
4089
1
cagf-eaij 4
4090
1
bbe-eaja 4
4097
1
cjci-eajh 4
4100
1
gfab-ebaa 4
4110
1
bej-ebba 4
4111
1
bicj-ebbb 4
4121
1
dha-ebcb 4
4124
1
hac-ebce 4
4125
1
hed-ebcf 4
4127
2
id-ebch 3
cdi-ebch 1
4128
1
gcda-ebci 4
4138
2
djhb-ebdi 3
fgaa-ebdi 1
4140
1
cgf-ebea 4
4148
1
efi-ebei 4
4156
1
bhih-ebfg 4
4158
1
bccc-ebfi 4
4159
1
dahj-ebfj 4
4160
1
hcec-ebga 4
4163
1
edhe-ebgd 4
4171
1
fdab-ebhb 4
4175
1
eaef-ebhf 4
4177
1
bhcb-ebhh 4
4180
1
hagf-ebia 4
4183
1
fdag-ebid 4
4184
1
ejbd-ebie 4
4193
1
bgib-ebjd 4
4194
1
ebhb-ebje 4
4202
2
befe-ecac 3
bbe-ecac 1
4207
1
hjf-ecah 4
4208
1
gagj-ecai 4
4212
1
bgge-ecbc 4
4220
1
hdbg-ecca 4
4223
1
jij-eccd 4
4227
1
ifd-ecch 4
4237
1
decj-ecdh 4
4249
1
dd-ecej 4
4251
1
ibe-ecfb 4
4266
1
hjii-ecgg 4
4267
1
bgc-ecgh 4
4269
1
bdcc-ecgj 4
4273
2
dbga-echd 3
fec-echd 1
4274
1
g-eche 4
4286
1
hahg-ecig 4
4288
1
gc-ecii 4
4289
1
cjg-ecij 4
4293
1
gjg-ecjd 4
4296
1
bgbe-ecjg 4
4301
2
jfb-edab 3
hahc-edab 1
4303
1
eiia-edad 4
4320
1
cbig-edca 4
4329
1
igg-edcj 4
4342
1
ejcj-edec 4
4348
1
ibh-edei 4
4349
1
fdcb-edej 4
4355
1
ccci-edff 4
4356
1
dfbi-edfg 4
4358
1
cicj-edfi 4
4364
1
hcac-edge 4
4365
1
bbch-edgf 4
4366
1
ggjj-edgg 4
4371
1
eccd-edhb 4
4372
1
dhhg-edhc 4
4374
1
eggj-edhe 4
4377
1
dbib-edhh 4
4381
1
ehdg-edib 4
4384
1
cdef-edie 4
4399
1
gbhg-edjj 4
4408
1
di-eeai 4
4422
1
ied-eecc 4
4429
1
dcbi-eecj 4
4432
1
fei-eedc 4
4439
1
fgbd-eedj 4
4450
1
daec-eefa 4
4458
1
cdef-eefi 4
4464
1
dfg-eege 4
4465
1
haei-eegf 4
4475
2
ggja-eehf 3
gcbh-eehf 1
4486
1
bigi-eeig 4
4489
1
bfch-eeij 4
4497
1
dgha-eejh 4
4498
1
bbfg-eeji 4
4512
1
fcic-efbc 4
4518
1
bgji-efbi 4
4522
1
bghh-efcc 4
4523
1
bhfi-efcd 4
4530
1
hgci-efda 4
4533
1
fbea-efdd 4
4534
1
ddcf-efde 4
4535
1
fba-efdf 4
4537
2
bifg-efdh 2
bhee-efdh 2
4538
1
bjeg-efdi 4
4541
1
fc-efeb 4
4544
1
bda-efee 4
4554
1
hhie-effe 4
4561
1
bhbe-efgb 4
4563
1
jdi-efgd 4
4564
1
bbhg-efge 4
4566
1
bgbc-efgg 4
4571
1
bc-efhb 4
4572
1
cbii-efhc 4
4573
1
ggfi-efhd 4
4577
1
dbg-efhh 4
4583
1
eade-efid 4
4584
1
cabf-efie 4
4585
1
dgci-efif 4
4590
1
bd-efja 4
4593
1
giha-efjd 4
4596
1
bjgi-efjg 4
4602
1
hcjc-egac 4
4626
1
ecgj-egcg 4
4635
1
cg-egdf 4
4639
1
fhbe-egdj 4
4642
1
baii-egec 4
4643
1
dgii-eged 4
4645
1
ceai-egef 4
4648
1
ee-egei 4
4658
1
dec-egfi 4
4669
1
jfd-eggj 4
4673
1
djb-eghd 4
4679
1
djii-eghj 4
4682
1
gceb-egic 4
4697
1
cibi-egjh 4
4698
2
fbha-egji 2
heba-egji 2
4701
1
efhh-ehab 4
4702
1
bbif-ehac 4
4708
1
dgj-ehai 4
4711
1
ehfg-ehbb 4
4715
1
bbgg-ehbf 4
4722
1
gjeg-ehcc 4
4728
1
cbjd-ehci 4
4730
1
dd-ehda 4
4733
1
gdji-ehdd 4
4736
1
gjdg-ehdg 4
4742
1
cdcb-ehec 4
4750
1
fheg-ehfa 4
4753
1
bcfd-ehfd 4
4754
1
degf-ehfe 4
4756
2
bdeh-ehfg 3
cbde-ehfg 1
4757
1
geii-ehfh 4
4761
1
fadf-ehgb 4
4775
1
cgga-ehhf 4
4776
1
die-ehhg 4
4781
1
egec-ehib 4
4782
1
gia-ehic 4
4797
1
baje-ehjh 4
4799
1
fcae-ehjj 4
4801
1
fejg-eiab 4
4802
2
gda-eiac 1
cich-eiac 3
4814
1
cjeh-eibe 4
4815
1
cfhi-eibf 4
4820
1
cdf-eica 4
4836
1
gfbe-eidg 4
4839
1
ggih-eidj 4
4840
1
ccfi-eiea 4
4842
1
ef-eiec 4
4860
1
fcjd-eiga 4
4875
1
ehic-eihf 4
4880
1
fdhi-eiia 4
4883
2
ega-eiid 2
cgab-eiid 2
4888
1
bjcg-eiii 4
4901
1
idh-ejab 4
4905
1
dece-ejaf 4
4913
1
echd-ejbd 4
4918
1
gefi-ejbi 4
4926
1
daja-ejcg 4
4929
1
efde-ejcj 4
4931
1
dgb-ejdb 4
4932
1
hi-ejdc 4
4933
1
cajf-ejdd 4
4939
1
jef-ejdj 4
4940
1
bic-ejea 4
4945
2
bahe-ejef 2
fj-ejef 2
4950
1
gjhh-ejfa 4
4954
1
deac-ejfe 4
4955
1
cib-ejff 4
4956
1
bdg-ejfg 4
4968
1
bdih-ejgi 4
4969
1
fgj-ejgj 4
4970
1
fdch-ejha 4
4972
1
diff-ejhc 4
4980
1
bbed-ejia 4
4981
1
e-ejib 4
4989
1
cdfj-ejij 4
4992
1
bjgc-ejjc 4
5000
1
bdhb-faaa 4
5010
1
bad-faba 4
5016
1
beh-fabg 4
5019
1
ccge-fabj 4
5023
1
feh-facd 4
5034
1
da-fade 4
5035
1
ddhe-fadf 4
5041
1
fba-faeb 4
5044
1
ccjh-faee 4
5052
1
jab-fafc 4
5057
1
gc-fafh 4
5058
1
eibf-fafi 4
5066
1
gdj-fagg 4
5068
2
cbgc-fagi 3
bgfi-fagi 1
5072
1
ecah-fahc 4
5084
1
gchb-faie 4
5086
1
dhi-faig 4
5100
1
eiid-fbaa 4
5112
2
fhjd-fbbc 3
ggd-fbbc 1
5122
1
ccee-fbcc 4
5123
1
bgdi-fbcd 4
5128
1
fdha-fbci 4
5134
1
ejjc-fbde 4
5138
1
bhd-fbdi 4
5140
1
cge-fbea 4
5147
1
ciid-fbeh 4
5152
1
je-fbfc 4
5158
2
fcda-fbfi 3
bihc-fbfi 1
5163
1
cag-fbgd 4
5170
1
bbc-fbha 4
5171
1
dbci-fbhb 4
5174
1
cgai-fbhe 4
5177
1
gbjh-fbhh 4
5180
1
cgah-fbia 4
5187
1
bbhj-fbih 4
5189
2
hdgj-fbij 2
fef-fbij 2
5190
1
caac-fbja 4
5191
1
gjc-fbjb 4
5193
1
ddfc-fbjd 4
5196
1
dgja-fbjg 4
5200
1
egji-fcaa 4
5204
1
cbae-fcae 4
5212
1
cbec-fcbc 4
5221
1
cahf-fccb 4
5223
1
dcbd-fccd 4
5225
1
gecd-fccf 4
5230
1
geej-fcda 4
5238
1
cd-fcdi 4
5242
1
fdjd-fcec 4
5245
1
igf-fcef 4
5248
1
fijc-fcei 4
5250
1
dfhf-fcfa 4
5252
1
dade-fcfc 4
5253
1
fdah-fcfd 4
5257
1
dhf-fcfh 4
5260
1
eiga-fcga 4
5263
1
eged-fcgd 4
5265
1
beb-fcgf 4
5267
1
bcd-fcgh 4
5276
1
hifg-fchg 4
5279
1
gcfc-fchj 4
5282
1
haj-fcic 4
5292
1
feih-fcjc 4
5293
1
bcbc-fcjd 4
5296
1
hbdb-fcjg 4
5300
1
dbji-fdaa 4
5301
1
bcfj-fdab 4
5306
1
cch-fdag 4
5307
2
baac-fdah 2
chg-fdah 2
5310
1
dcbi-fdba 4
5319
1
fbih-fdbj 4
5321
1
baih-fdcb 4
5327
1
bbhj-fdch 4
5334
1
ja-fdde 4
5338
1
hhfa-fddi 4
5352
1
di-fdfc 4
5364
1
cjbi-fdge 4
5366
1
efda-fdgg 4
5370
1
ggdh-fdha 4
5371
1
beag-fdhb 4
5374
1
gdfe-fdhe 4
5378
1
cdia-fdhi 4
5383
1
ecdh-fdid 4
5388
2
facd-fdii 2
dejj-fdii 2
5389
1
fje-fdij 4
5393
1
cde-fdjd 4
5398
1
fabj-fdji 4
5401
1
dfhd-feab 4
5402
1
gbcf-feac 4
5406
1
cjbh-feag 4
5418
1
hice-febi 4
5421
1
ejbi-fecb 4
5424
1
haaa-fece 4
5433
1
cajd-fedd 4
5448
1
bdhb-feei 4
5451
1
bag-fefb 4
5473
1
c-fehd 4
5475
2
bbgj-fehf 3
gf-fehf 1
5483
1
caih-feid 4
5487
1
hhhh-feih 4
5490
1
bedj-feja 4
5496
1
cbga-fejg 4
5497
1
cgea-fejh 4
5499
1
cjje-fejj 4
5500
1
ehb-ffaa 4
5502
2
habj-ffac 2
bh-ffac 2
5504
1
cgdg-ffae 4
5506
1
b-ffag 4
5508
1
behc-ffai 4
5511
1
cjhg-ffbb 4
5514
1
hbdf-ffbe 4
5519
1
dcei-ffbj 4
5530
1
cej-ffda 4
5531
1
bgei-ffdb 4
5534
1
jcd-ffde 4
5539
1
hch-ffdj 4
5541
1
edgg-ffeb 4
5553
1
gg-fffd 4
5564
1
bee-ffge 4
5565
1
ec-ffgf 4
5573
1
biae-ffhd 4
5575
1
ffag-ffhf 4
5580
1
bdee-ffia 4
5584
1
feei-ffie 4
5589
1
hada-ffij 4
5590
1
ffac-ffja 4
5592
1
fbgd-ffjc 4
5593
1
jai-ffjd 4
5595
1
chfj-ffjf 4
5599
2
ehjj-ffjj 3
gebi-ffjj 1
5600
2
jji-fgaa 3
ebdi-fgaa 1
5608
1
fggi-fgai 4
5611
1
fjh-fgbb 4
5613
1
ded-fgbd 4
5621
1
hhc-fgcb 4
5626
1
hiia-fgcg 4
5632
1
dde-fgdc 4
5635
1
h-fgdf 4
5646
1
fbhe-fgeg 4
5653
1
fcgh-fgfd 4
5657
1
dghc-fgfh 4
5660
1
eedj-fgga 4
5668
1
fhhg-fggi 4
5680
1
gfaf-fgia 4
5682
1
gibi-fgic 4
5684
1
beff-fgie 4
5689
1
fee-fgij 4
5691
1
cfg-fgjb 4
5692
1
cebg-fgjc 4
5694
1
efi-fgje 4
5705
1
dbg-fhaf 4
5710
1
ci-fhba 4
5712
1
fea-fhbc 4
5713
1
fgje-fhbd 4
5714
1
fja-fhbe 4
5727
1
bea-fhch 4
5728
1
efdf-fhci 4
5746
1
bcfa-fheg 4
5751
1
cbcg-fhfb 4
5759
1
ei-fhfj 4
5768
1
cghg-fhgi 4
5772
1
dfie-fhhc 4
5776
1
bfi-fhhg 4
5780
1
cefd-fhia 4
5786
1
hdjg-fhig 4
5791
1
ffjc-fhjb 4
5792
1
fhfb-fhjc 4
5793
1
hifh-fhjd 4
5806
1
dfie-fiag 4
5817
1
ccca-fibh 4
5818
1
gejb-fibi 4
5831
1
ebbb-fidb 4
5833
1
cafg-fidd 4
5841
1
iaf-fieb 4
5867
1
jff-figh 4
5869
1
hbf-figj 4
5873
1
hefh-fihd 4
5884
1
djid-fiie 4
5887
1
ghg-fiih 4
5892
1
bgh-fijc 4
5922
1
fade-fjcc 4
5938
1
cga-fjdi 4
5955
1
ceb-fjff 4
5959
2
ech-fjfj 3
ebcb-fjfj 1
5963
1
bahd-fjgd 4
5966
1
bh-fjgg 4
5969
1
hjdd-fjgj 4
5980
1
eidg-fjia 4
5986
1
eajh-fjig 4
5990
1
ddab-fjja 4
5997
1
fbci-fjjh 4
6001
1
ceh-gaab 4
6003
2
ecch-gaad 3
ffg-gaad 1
6027
1
baja-gach 4
6032
1
eafd-gadc 4
6038
1
hhbd-gadi 4
6042
1
dab-gaec 4
6047
1
bjia-gaeh 4
6062
1
gfdh-gagc 4
6069
1
djgf-gagj 4
6073
1
bbf-gahd 4
6076
1
hjg-gahg 4
6079
1
eibe-gahj 4
6080
1
he-gaia 4
6086
1
eei-gaig 4
6088
1
cbgc-gaii 4
6096
1
bcih-gajg 4
6100
1
cdcf-gbaa 4
6113
1
hgbg-gbbd 4
6115
1
dhci-gbbf 4
6116
1
gecj-gbbg 4
6118
1
baj-gbbi 4
6120
1
ejaf-gbca 4
6121
1
ej-gbcb 4
6125
1
i-gbcf 4
6130
1
gb-gbda 4
6134
2
dibh-gbde 3
hh-gbde 1
6135
1
bbi-gbdf 4
6136
1
gf-gbdg 4
6138
1
bjdg-gbdi 4
6153
1
cja-gbfd 4
6173
1
da-gbhd 4
6176
1
fcjg-gbhg 4
6189
1
bfd-gbij 4
6191
1
eeai-gbjb 4
6192
1
ffjj-gbjc 4
6193
1
bafg-gbjd 4
6197
1
ceh-gbjh 4
6209
1
habb-gcaj 4
6211
1
hjbj-gcbb 4
6217
1
dcf-gcbh 4
6230
1
bacb-gcda 4
6231
1
iha-gcdb 4
6241
1
bfba-gceb 4
6250
1
fbjd-gcfa 4
6252
1
hfa-gcfc 4
6271
2
cabi-gchb 3
hhha-gchb 1
6275
1
ccd-gchf 4
6283
1
ccaf-gcid 4
6287
1
eaia-gcih 4
6291
1
dghh-gcjb 4
6292
1
chcg-gcjc 4
6296
1
cfed-gcjg 4
6302
1
eedc-gdac 4
6330
1
ddch-gdda 4
6332
1
ied-gddc 4
6342
1
bfjg-gdec 4
6354
1
bjff-gdfe 4
6360
1
dfei-gdga 4
6363
1
bac-gdgd 4
6371
1
cdfe-gdhb 4
6374
1
dbfc-gdhe 4
6375
1
gfci-gdhf 4
6383
1
fgjc-gdid 4
6387
1
dicf-gdih 4
6390
1
egjh-gdja 4
6392
1
hcbb-gdjc 4
6395
1
bhfd-gdjf 4
6398
1
haeg-gdji 4
6412
1
gj-gebc 4
6415
1
ecj-gebf 4
6417
1
bhaa-gebh 4
6418
2
higc-gebi 1
ffjj-gebi 3
6423
1
bdbj-gecd 4
6429
1
gai-gecj 4
6438
1
bdi-gedi 4
6441
1
cggh-geeb 4
6449
1
dhce-geej 4
6458
2
bjhc-gefi 2
ghj-gefi 2
6460
1
gaab-gega 4
6473
1
caec-gehd 4
6488
1
fdh-geii 4
6491
1
bgje-gejb 4
6493
1
befg-gejd 4
6500
1
deej-gfaa 4
6501
1
cie-gfab 4
6503
1
dddj-gfad 4
6504
1
hheb-gfae 4
6505
1
djeg-gfaf 4
6509
1
fffd-gfaj 4
6514
1
ffg-gfbe 4
6528
1
ffgf-gfci 4
6533
1
bgdg-gfdd 4
6537
1
cae-gfdh 4
6538
1
bece-gfdi 4
6541
1
bde-gfeb 4
6544
1
bgge-gfee 4
6546
1
bjji-gfeg 4
6562
1
djid-gfgc 4
6563
1
dhgc-gfgd 4
6570
1
ecgg-gfha 4
6578
1
cbff-gfhi 4
6585
1
hfgg-gfif 4
6595
1
jge-gfjf 4
6598
1
fibi-gfji 4
6602
1
bcbg-ggac 4
6607
1
eaja-ggah 4
6611
1
eiac-ggbb 4
6624
1
bge-ggce 4
6627
1
ijj-ggch 4
6637
4
ed-ggdh 1
ccbj-ggdh 1
bbc-ggdh 1
cgj-ggdh 1
6649
1
gbc-ggej 4
6658
1
gdec-ggfi 4
6660
1
cgfj-ggga 4
6661
1
ggdh-gggb 4
6668
1
fag-gggi 4
6669
1
ccae-gggj 4
6677
1
fabg-gghh 4
6682
1
bdbc-ggic 4
6686
1
haii-ggig 4
6687
1
efbc-ggih 4
6690
2
jda-ggja 3
eehf-ggja 1
6699
1
ehg-ggjj 4
6704
1
cbde-ghae 4
6723
1
dbhb-ghcd 4
6731
1
chja-ghdb 4
6737
1
fee-ghdh 4
6742
1
ggj-ghec 4
6768
1
ff-ghgi 4
6776
1
gi-ghhg 4
6781
1
baeb-ghib 4
6787
1
hfe-ghih 4
6818
1
gihj-gibi 4
6833
1
bcd-gidd 4
6837
1
chf-gidh 4
6865
1
ccia-gigf 4
6870
1
bdih-giha 4
6872
1
bbad-gihc 4
6874
1
gahj-gihe 4
6879
1
bac-gihj 4
6886
1
cadh-giig 4
6897
1
efj-gijh 4
6907
1
hbcf-gjah 4
6936
1
hfgj-gjdg 4
6945
1
bbjg-gjef 4
6946
1
becd-gjeg 4
6957
1
cdhj-gjfh 4
6969
1
gab-gjgj 4
6974
1
ejia-gjhe 4
6977
1
gagc-gjhh 4
6979
1
bhi-gjhj 4
6980
1
cjhb-gjia 4
6981
1
gbfd-gjib 4
6986
1
bbhj-gjig 4
7000
1
ddda-haaa 4
7011
1
bhje-habb 4
7015
1
dhhg-habf 4
7019
1
bhgg-habj 4
7025
1
fff-hacf 4
7030
1
egh-hada 4
7043
1
bcch-haed 4
7044
1
fid-haee 4
7046
1
cbga-haeg 4
7048
1
gdhf-haei 4
7052
1
dgfa-hafc 4
7065
1
hch-hagf 4
7068
1
fdhe-hagi 4
7072
2
ddad-hahc 3
edab-hahc 1
7076
1
effe-hahg 4
7082
1
bej-haic 4
7083
1
eehf-haid 4
7088
1
bfic-haii 4
7089
1
bfic-haij 4
7092
2
bhci-hajc 3
bhid-hajc 1
7094
1
bchf-haje 4
7098
1
ffhd-haji 4
7115
1
ega-hbbf 4
7123
2
gha-hbcd 1
bj-hbcd 3
7125
1
gbj-hbcf 4
7131
1
cicj-hbdb 4
7133
1
fdge-hbdd 4
7135
1
hje-hbdf 4
7143
1
bgfd-hbed 4
7154
1
fj-hbfe 4
7158
1
dicc-hbfi 4
7165
1
bie-hbgf 4
7169
1
fje-hbgj 4
7194
1
eeji-hbje 4
7202
1
jbi-hcac 4
7211
1
beif-hcbb 4
7224
1
cc-hcce 4
7239
1
ecac-hcdj 4
7242
1
bhee-hcec 4
7247
1
cfa-hceh 4
7276
1
fbcd-hchg 4
7281
1
gdjf-hcib 4
7282
1
jbc-hcic 4
7283
1
efjg-hcid 4
7292
1
dcjf-hcjc 4
7316
1
fbjg-hdbg 4
7319
1
fhgc-hdbj 4
7333
2
bjah-hddd 2
edib-hddd 2
7346
1
bbi-hdeg 4
7347
1
dc-hdeh 4
7367
1
cbdf-hdgh 4
7369
1
ddcb-hdgj 4
7391
1
ffdb-hdjb 4
7392
1
deia-hdjc 4
7396
1
jhc-hdjg 4
7405
1
dgbi-heaf 4
7408
2
bgfd-heai 3
ehfd-heai 1
7410
1
eihf-heba 4
7424
1
gfae-hece 4
7425
1
cgda-hecf 4
7438
1
egcg-hedi 4
7441
1
gajg-heeb 4
7443
1
figh-heed 4
7448
1
i-heei 4
7457
1
eg-hefh 4
7470
1
fchg-heha 4
7478
1
ecac-hehi 4
7515
1
dbhd-hfbf 4
7521
1
ba-hfcb 4
7523
1
dgcb-hfcd 4
7524
1
ej-hfce 4
7534
1
da-hfde 4
7539
1
edi-hfdj 4
7553
1
cdhj-hffd 4
7566
1
gb-hfgg 4
7581
1
eja-hfib 4
7589
1
c-hfij 4
7590
1
ehae-hfja 4
7591
1
fd-hfjb 4
7598
1
ecj-hfji 4
7616
1
bcij-hgbg 4
7628
1
dff-hgci 4
7641
1
cddh-hgeb 4
7647
1
dg-hgeh 4
7658
1
gbbg-hgfi 4
7713
1
cehi-hhbd 4
7717
1
chb-hhbh 4
7718
1
gbd-hhbi 4
7724
1
cafa-hhce 4
7725
1
gcfa-hhcf 4
7727
1
ejfe-hhch 4
7741
1
fbhb-hheb 4
7750
2
diid-hhfa 3
bdda-hhfa 1
7769
1
dfja-hhgj 4
7770
1
cji-hhha 4
7777
1
bdcj-hhhh 4
7784
1
cdb-hhie 4
7788
1
ice-hhii 4
7816
1
cadj-hibg 4
7824
1
feh-hice 4
7839
2
dcaa-hidj 2
fgcg-hidj 2
7842
1
hfj-hiec 4
7843
1
dej-hied 4
7844
1
cibg-hiee 4
7856
1
ejg-hifg 4
7857
1
egji-hifh 4
7858
1
fb-hifi 4
7862
1
bhc-higc 4
7866
1
cadi-higg 4
7869
1
cieh-higj 4
7880
1
dhdd-hiia 4
7919
1
efgg-hjbj 4
7933
1
jf-hjdd 4
7935
1
d-hjdf 4
7936
1
fdj-hjdg 4
7942
1
heeb-hjec 4
7945
1
bfhj-hjef 4
7950
1
fah-hjfa 4
7952
1
fif-hjfc 4
7973
1
bgi-hjhd 4
7981
1
bbhf-hjib 4
7982
1
dabe-hjic 4
7988
1
cj-hjii 4
7990
1
djgf-hjja 4
