3106
0
1
fehi-a 8071
1
6
idg-b 2031
cebi-b 807
fifg-b 1767
g-b 337
hej-b 1539
fcge-b 1590
2
6
bach-c 259
bdcf-c 2788
eaja-c 108
ddgc-c 3204
ejid-c 274
eheh-c 1438
3
3
hia-d 7445
ciaa-d 539
ceg-d 87
4
7
edgh-e 1931
bdad-e 100
eeea-e 2373
dega-e 437
fcge-e 481
fbia-e 1033
bb-e 1716
5
4
hbcg-f 2535
heic-f 3985
gfh-f 193
jcj-f 1358
6
17
ccfi-g 593
debj-g 176
dfgi-g 415
hjje-g 212
bdg-g 256
gigh-g 641
bcfg-g 639
bfjj-g 292
ggjj-g 411
di-g 345
ci-g 597
ghe-g 354
eiaa-g 25
ceic-g 58
bgda-g 313
cbfh-g 2532
eajd-g 212
7
6
cei-h 2508
eji-h 559
ggbf-h 2055
eca-h 513
ebec-h 647
efjc-h 1789
8
9
jgi-i 501
bibe-i 115
cb-i 279
idb-i 660
becf-i 370
cagh-i 870
gae-i 385
chfe-i 3800
cff-i 1091
9
8
gfje-j 92
ccaf-j 1609
fcgd-j 1625
hijc-j 1032
hddc-j 1592
bbbb-j 661
chca-j 998
bdb-j 462
10
7
cg-ba 246
fghe-ba 233
eic-ba 1748
fhif-ba 3255
cijb-ba 1241
ecdh-ba 128
bibc-ba 1220
11
10
gif-bb 1999
hcd-bb 232
eda-bb 1640
gbf-bb 106
gehi-bb 609
fdif-bb 985
caeh-bb 737
bhhe-bb 176
bbfb-bb 965
gide-bb 622
12
11
fibd-bc 40
fdb-bc 139
cjff-bc 80
jf-bc 28
eddd-bc 637
gdbf-bc 38
hff-bc 248
ee-bc 735
hidd-bc 1401
dcgb-bc 3349
bjfg-bc 1376
13
8
dhg-bd 1242
chf-bd 32
eeac-bd 690
dfjf-bd 462
faa-bd 1261
ddbh-bd 42
ega-bd 1350
fjb-bd 2992
14
6
fggh-be 1216
fdbi-be 332
bdfi-be 3857
heg-be 206
gebe-be 1293
fgja-be 1167
15
6
djh-bf 1176
bgfe-bf 1581
bhj-bf 1774
ec-bf 564
fbaa-bf 1831
be-bf 1145
16
1
eeeb-bg 8071
17
8
dgi-bh 2417
ffac-bh 445
hbfh-bh 186
edcj-bh 147
i-bh 50
ghji-bh 551
gffa-bh 818
bbib-bh 3457
18
6
caah-bi 388
ghbc-bi 927
iae-bi 1858
de-bi 1099
fdad-bi 481
badj-bi 3318
19
3
baab-bj 2475
bjif-bj 2152
bbf-bj 3444
20
5
dghd-ca 2363
eiif-ca 221
hhah-ca 1196
ebeb-ca 515
dbg-ca 3776
21
6
fe-cb 509
cgca-cb 65
diei-cb 1293
if-cb 1184
gibc-cb 2826
egfh-cb 2194
22
2
giji-cc 1272
cafg-cc 6799
23
4
eecd-cd 1416
cha-cd 2915
fgc-cd 2774
dgcc-cd 966
24
2
ebcc-ce 5397
jj-ce 2674
25
6
ghfa-cf 1437
dggh-cf 3033
dgg-cf 719
jhe-cf 450
be-cf 1570
dehb-cf 862
26
5
ceh-cg 2454
bd-cg 118
bdf-cg 3470
dide-cg 1551
efdd-cg 478
27
5
bgjb-ch 646
fhff-ch 617
baci-ch 1269
cgia-ch 4232
bbf-ch 1307
28
4
cfcj-ci 3227
bgdh-ci 718
biie-ci 2790
fdfi-ci 1336
29
8
gheb-cj 1321
cc-cj 211
fj-cj 1163
chif-cj 838
fhhe-cj 667
hhgh-cj 105
ca-cj 1674
egf-cj 2092
30
3
baah-da 4048
dhjc-da 3288
gbhd-da 735
31
3
ief-db 3174
bi-db 225
cbhi-db 4672
32
7
eefg-dc 883
cfi-dc 537
efia-dc 44
hidi-dc 128
dfac-dc 478
daad-dc 86
ccj-dc 5915
33
7
cdc-dd 722
fada-dd 72
djid-dd 3468
hec-dd 1417
caec-dd 9
chje-dd 947
bjgh-dd 1436
34
5
cdfb-de 1555
gdb-de 1405
cdje-de 189
dhcg-de 3519
ehif-de 1403
35
3
bjhb-df 1331
dhce-df 4840
bghe-df 1900
36
5
cfdb-dg 1719
hagj-dg 807
h-dg 1327
ccfj-dg 1064
dgjg-dg 3154
37
4
gb-dh 596
hdff-dh 4821
ce-dh 2644
djbg-dh 10
38
5
bhic-di 3608
bcdh-di 797
cbec-di 913
fdji-di 1439
hfi-di 1314
39
5
ebfe-dj 3373
fbh-dj 2077
fgff-dj 411
dece-dj 754
bie-dj 1456
40
3
jhb-ea 734
hcc-ea 280
fffi-ea 7057
41
3
eca-eb 3312
bhdg-eb 3635
fa-eb 1124
42
2
dgbb-ec 6285
cjbf-ec 1786
43
2
fgh-ed 6027
bge-ed 2044
44
3
bjbb-ee 646
i-ee 557
beec-ee 6868
45
10
djbj-ef 809
hbhf-ef 356
ciac-ef 814
fhcd-ef 265
biff-ef 1394
g-ef 542
bccc-ef 1104
ggf-ef 98
biab-ef 229
bif-ef 2460
46
4
hfgb-eg 2259
caig-eg 180
hhfh-eg 3799
gfcd-eg 1833
47
5
chgi-eh 2727
hbei-eh 1395
cdgb-eh 586
gdej-eh 392
hhj-eh 2971
48
3
cfai-ei 3626
bfj-ei 290
gde-ei 4155
49
6
bjba-ej 1535
ebg-ej 34
bgfh-ej 712
hagd-ej 1202
bca-ej 2768
baba-ej 1820
50
9
eegf-fa 2146
gbh-fa 12
cied-fa 173
hiaa-fa 1308
cfee-fa 1630
cefd-fa 941
heca-fa 571
cged-fa 163
bfc-fa 1127
51
2
gajf-fb 4371
ghhe-fb 3700
52
2
gebf-fc 7624
dcdc-fc 447
53
3
daca-fd 3768
cjbj-fd 124
cii-fd 4179
54
9
cjdf-fe 269
dha-fe 483
cia-fe 2413
chac-fe 367
cbhh-fe 688
bihf-fe 1601
dcea-fe 1765
ehd-fe 321
cjbd-fe 164
55
1
efhg-ff 8071
56
2
fac-fg 3678
ghhf-fg 4393
57
5
chc-fh 938
bbcj-fh 1187
dcf-fh 3015
iaj-fh 310
hdb-fh 2621
58
6
cdgb-fi 254
edeh-fi 1445
ddf-fi 2063
hdfa-fi 1822
hab-fi 171
fagf-fi 2316
59
1
dghe-fj 8071
60
2
biia-ga 1625
ijg-ga 6446
61
3
dbhc-gb 5636
cie-gb 832
chdb-gb 1603
62
3
bfdj-gc 2265
igg-gc 3540
fieg-gc 2266
64
2
hhd-ge 3769
fi-ge 4302
65
3
fehf-gf 3640
bjha-gf 1813
biec-gf 2618
66
3
cjfi-gg 7372
fhfc-gg 384
fgdj-gg 315
67
3
fdid-gh 1867
gjia-gh 190
fbaa-gh 6014
68
3
jih-gi 3941
beej-gi 2967
ddi-gi 1163
69
2
cchi-gj 7301
cjje-gj 770
70
1
ebj-ha 8071
72
5
cjdc-hc 332
beba-hc 151
diie-hc 1913
ca-hc 3454
gci-hc 2221
73
3
feed-hd 1722
hdfa-hd 5824
bgib-hd 525
74
3
beje-he 785
gcj-he 6155
dbhf-he 1131
75
2
bgb-hf 7596
defd-hf 475
76
1
ebgi-hg 8071
77
1
bj-hh 8071
78
3
babf-hi 7032
hai-hi 366
ffei-hi 673
79
1
bje-hj 8071
80
3
ejhf-ia 3869
daj-ia 3064
cgbb-ia 1138
81
1
eaag-ib 8071
82
1
dfec-ic 8071
83
2
deha-id 4829
jhi-id 3242
84
2
dae-ie 5553
dde-ie 2518
85
3
fici-if 2557
f-if 3709
cheg-if 1805
86
2
caab-ig 5981
hdf-ig 2090
87
3
bcah-ih 3178
hffa-ih 278
dfeh-ih 4615
88
2
gdbe-ii 2723
dacb-ii 5348
89
4
gdja-ij 5507
gajh-ij 6
beah-ij 565
gged-ij 1993
90
2
fhea-ja 4893
ehac-ja 3178
91
1
fbdd-jb 8071
92
1
bega-jc 8071
93
5
gbai-jd 319
dige-jd 3681
dgef-jd 332
fej-jd 832
icd-jd 2907
95
7
deg-jf 215
fjcd-jf 612
dfj-jf 3334
defc-jf 433
fig-jf 512
bca-jf 611
babj-jf 2354
96
2
bcbd-jg 6014
dad-jg 2057
97
1
cdfj-jh 8071
98
2
daje-ji 6124
cef-ji 1947
99
4
bib-jj 3569
edj-jj 1823
bfh-jj 566
eeja-jj 2113
101
2
efja-bab 6825
hjh-bab 1246
102
3
dbb-bac 2925
gijc-bac 3136
jbg-bac 2010
103
2
fbi-bad 6682
daca-bad 1389
105
8
djec-baf 810
heij-baf 138
ccgg-baf 86
feie-baf 666
fdbj-baf 521
bfb-baf 108
edcf-baf 5585
biea-baf 157
106
1
cgcb-bag 8071
107
1
bi-bah 8071
108
2
cdfa-bai 1708
cebh-bai 6363
109
1
bdhg-baj 8071
110
1
bhhb-bba 8071
111
2
efb-bbb 7714
edc-bbb 357
112
7
bh-bbc 3368
biag-bbc 280
fjcg-bbc 2020
gggj-bbc 254
bfai-bbc 976
ghbi-bbc 341
hfjf-bbc 832
113
2
cefc-bbd 7311
gdif-bbd 760
114
6
bcfc-bbe 534
cjdj-bbe 174
fhga-bbe 2479
eici-bbe 634
efe-bbe 3963
bcha-bbe 287
115
4
edic-bbf 4335
echh-bbf 249
hadj-bbf 2162
bij-bbf 1325
116
1
jgi-bbg 8071
117
3
fid-bbh 554
ggj-bbh 1965
gag-bbh 5552
118
2
edi-bbi 1057
efa-bbi 7014
119
2
dbc-bbj 7046
faja-bbj 1025
120
4
e-bca 1571
cii-bca 1889
hjg-bca 1620
ecif-bca 2991
121
4
ccji-bcb 2258
bgc-bcb 1185
dead-bcb 1770
dach-bcb 2858
122
1
fd-bcc 8071
123
2
ebag-bcd 7269
djgd-bcd 802
124
1
ddgc-bce 8071
125
1
fcfj-bcf 8071
126
1
dh-bcg 8071
127
2
bfij-bch 5477
ddia-bch 2594
129
1
bafc-bcj 8071
130
2
bafh-bda 7800
gg-bda 271
131
4
g-bdb 2336
beif-bdb 1747
fgah-bdb 3519
ibc-bdb 469
132
2
ff-bdc 5928
bchh-bdc 2143
133
1
hefa-bdd 8071
134
4
gaad-bde 5715
eag-bde 522
fa-bde 201
ic-bde 1633
135
3
ifh-bdf 2539
dcch-bdf 4641
cbee-bdf 891
136
1
bfaf-bdg 8071
137
2
cgcc-bdh 6080
bhge-bdh 1991
138
4
fhbh-bdi 1464
cd-bdi 478
eha-bdi 4993
jif-bdi 1136
139
2
feai-bdj 5772
gjce-bdj 2299
140
2
ga-bea 2871
fc-bea 5200
141
2
bieb-beb 4115
gdce-beb 3956
142
3
cefc-bec 4382
fhic-bec 1061
edha-bec 2628
143
1
da-bed 8071
144
1
bdhf-bee 8071
145
3
ejbe-bef 4831
jbj-bef 1314
decc-bef 1926
146
2
fdfa-beg 1951
bc-beg 6120
147
3
dffi-beh 1165
ijf-beh 4174
ddb-beh 2732
148
3
i-bei 2923
ffhb-bei 2841
cfhg-bei 2307
149
3
ccga-bej 2266
bfei-bej 480
hehi-bej 5325
151
2
baf-bfb 2197
diba-bfb 5874
152
4
egha-bfc 3398
bbc-bfc 457
jed-bfc 3047
dfgh-bfc 1169
154
5
cjai-bfe 1812
hi-bfe 2409
gcf-bfe 2013
ehjb-bfe 334
hjab-bfe 1503
155
3
gdfc-bff 2654
bgja-bff 2502
bhb-bff 2915
156
4
bhbh-bfg 5485
ba-bfg 1443
bhdd-bfg 973
ciha-bfg 170
157
5
jjd-bfh 3386
hbfd-bfh 497
eifg-bfh 1504
ef-bfh 1851
gcfg-bfh 833
158
4
dcbf-bfi 3453
cif-bfi 331
eied-bfi 103
ia-bfi 4184
159
2
bdfb-bfj 3854
ccce-bfj 4217
160
1
jdi-bga 8071
161
3
bde-bgb 844
bhg-bgb 4486
gaej-bgb 2741
162
4
bhgf-bgc 1882
efdg-bgc 337
gdij-bgc 3341
fihd-bgc 2511
163
1
dhah-bgd 8071
164
1
bebc-bge 8071
165
4
heg-bgf 1549
egef-bgf 1173
fbjb-bgf 3406
cfdi-bgf 1943
166
2
ebgb-bgg 3599
hdgb-bgg 4472
167
1
h-bgh 8071
168
3
gbdc-bgi 1624
dhfe-bgi 195
bdfb-bgi 6252
169
1
defi-bgj 8071
171
3
ffb-bhb 2481
bj-bhb 2635
ehbe-bhb 2955
173
1
ddh-bhd 8071
174
1
ceae-bhe 8071
175
3
dbgd-bhf 4686
ijb-bhf 1877
cjba-bhf 1508
176
3
cijj-bhg 3406
ccbg-bhg 332
bgec-bhg 4333
178
4
dh-bhi 3247
hgae-bhi 2323
ddh-bhi 815
cdfi-bhi 1686
179
6
bjab-bhj 1480
fagd-bhj 494
ghd-bhj 753
bdja-bhj 952
bbc-bhj 316
eidc-bhj 4076
181
1
db-bib 8071
182
3
ceid-bic 1083
bbca-bic 2800
caah-bic 4188
183
2
ef-bid 5492
dcja-bid 2579
184
2
gccj-bie 6577
edhh-bie 1494
185
1
gjaf-bif 8071
186
1
cbhj-big 8071
187
3
feag-bih 6598
baff-bih 898
bb-bih 575
188
2
hjd-bii 6185
hiad-bii 1886
189
2
ceb-bij 6720
ehhj-bij 1351
190
3
ccac-bja 4861
hfda-bja 1114
cjeb-bja 2096
192
2
ceig-bjc 6668
cei-bjc 1403
194
2
ccej-bje 7731
befc-bje 340
195
6
fdcj-bjf 514
dbdh-bjf 850
chij-bjf 944
bdej-bjf 2839
bigc-bjf 1712
edfc-bjf 1212
196
3
dcfg-bjg 1363
cicg-bjg 2077
biid-bjg 4631
197
2
ghj-bjh 5012
fjcc-bjh 3059
198
3
cihg-bji 2897
edde-bji 3556
cgee-bji 1618
200
2
gbhb-caa 4137
chag-caa 3934
201
5
caf-cab 1741
dbfb-cab 1312
faeh-cab 19
bag-cab 1228
hhji-cab 3771
202
1
eej-cac 8071
203
2
hab-cad 5537
gbbc-cad 2534
204
1
gafi-cae 8071
205
5
cigc-caf 1769
cab-caf 1528
cggj-caf 878
eahf-caf 1343
bch-caf 2553
206
1
eaja-cag 8071
208
2
caih-cai 3567
dgec-cai 4504
211
5
dbhh-cbb 3539
decd-cbb 1736
fa-cbb 384
dacd-cbb 1846
ebha-cbb 566
212
2
ccag-cbc 1917
bhaj-cbc 6154
215
1
egif-cbf 8071
216
8
fchg-cbg 2055
bdig-cbg 2024
fhcc-cbg 1617
bcfb-cbg 941
digf-cbg 359
eifh-cbg 94
edeb-cbg 35
faja-cbg 946
218
2
bjdg-cbi 480
eebb-cbi 7591
219
2
cigb-cbj 3264
dbbi-cbj 4807
220
2
hegi-cca 3422
dhaa-cca 4649
222
3
fdfb-ccc 4636
hadd-ccc 1788
hdca-ccc 1647
223
2
bghf-ccd 4484
dcei-ccd 3587
224
2
bbhi-cce 4135
bhbi-cce 3936
225
1
bbe-ccf 8071
227
3
bjef-cch 4269
fdag-cch 416
eih-cch 3386
228
2
hhfi-cci 1883
dae-cci 6188
229
3
bdbh-ccj 772
hgcd-ccj 1342
cja-ccj 5957
230
2
bei-cda 4689
fcei-cda 3382
231
1
gbbg-cdb 8071
232
1
ecg-cdc 8071
233
4
gabh-cdd 1769
chdb-cdd 2496
ghf-cdd 2157
hbe-cdd 1649
234
2
gddh-cde 1210
ga-cde 6861
235
4
ecba-cdf 686
cagc-cdf 501
ddei-cdf 6700
egib-cdf 184
237
2
bhhb-cdh 2709
efac-cdh 5362
238
1
fgc-cdi 8071
239
1
eiha-cdj 8071
241
2
ihe-ceb 5572
jbi-ceb 2499
243
1
cadi-ced 8071
244
1
edbf-cee 8071
245
3
bfab-cef 3897
bfh-cef 2211
hcc-cef 1963
246
3
ggga-ceg 4538
djhh-ceg 3402
ggaj-ceg 131
247
4
eicb-ceh 1227
eha-ceh 1734
bhfi-ceh 4533
cgdh-ceh 577
248
3
gdha-cei 4812
cajb-cei 1850
cdeh-cei 1409
250
1
cbg-cfa 8071
251
2
dihg-cfb 4060
gefc-cfb 4011
254
2
ebhi-cfe 4554
ceg-cfe 3517
255
2
gaec-cff 6968
fdc-cff 1103
256
1
icc-cfg 8071
257
2
hcbf-cfh 6015
cdai-cfh 2056
258
1
dfih-cfi 8071
259
1
chhi-cfj 8071
263
1
bcgj-cgd 8071
264
2
dcjf-cge 6556
bidc-cge 1515
265
3
bgi-cgf 2062
fdfj-cgf 1802
deh-cgf 4207
267
1
gg-cgh 8071
269
1
bhda-cgj 8071
270
1
bada-cha 8071
271
3
hdie-chb 3759
bcih-chb 1389
bjf-chb 2923
272
5
cbj-chc 853
bffj-chc 98
daf-chc 1853
fejb-chc 3402
bidh-chc 1865
275
5
gdea-chf 249
gcib-chf 735
bgjh-chf 231
ged-chf 6592
diib-chf 264
276
1
dieg-chg 8071
277
2
ba-chh 5622
bgfg-chh 2449
278
1
cajg-chi 8071
279
4
bfbb-chj 393
dbjh-chj 1007
dchi-chj 5079
dbf-chj 1592
280
3
bfg-cia 740
bbe-cia 4282
bjcc-cia 3049
282
1
hdbe-cic 8071
283
2
bdbc-cid 7072
ggfg-cid 999
284
4
djcd-cie 355
cbai-cie 882
eacc-cie 4372
chdg-cie 2462
285
1
cbgj-cif 8071
286
1
fiae-cig 8071
287
2
ecb-cih 906
chji-cih 7165
288
2
cheb-cii 3870
ciaf-cii 4201
289
5
dge-cij 917
jb-cij 766
jgb-cij 4857
f-cij 419
cgid-cij 1112
290
2
cfa-cja 3749
bhbb-cja 4322
291
1
gea-cjb 8071
292
1
chdc-cjc 8071
294
1
fa-cje 8071
296
2
fhbf-cjg 4564
bgbj-cjg 3507
297
1
hgdj-cjh 8071
298
1
ccie-cji 8071
299
2
dgeh-cjj 6840
fjbb-cjj 1231
300
2
jce-daa 4537
cgdf-daa 3534
302
3
dj-dac 372
baic-dac 4752
bafd-dac 2947
303
2
bafe-dad 6004
ggfe-dad 2067
304
3
cifg-dae 3752
ddcb-dae 301
haa-dae 4018
305
1
ceee-daf 8071
306
1
ifg-dag 8071
307
3
hcae-dah 5193
hfac-dah 906
dbia-dah 1972
308
4
dhcj-dai 4410
ghea-dai 612
egi-dai 4
cia-dai 3045
309
2
dhed-daj 3823
eib-daj 4248
310
1
eedc-dba 8071
311
2
fjhc-dbb 1335
gigg-dbb 6736
312
2
ddch-dbc 2981
diha-dbc 5090
313
2
bgbi-dbd 1831
bfe-dbd 6240
314
3
dea-dbe 3110
gcha-dbe 1055
jfe-dbe 3906
315
2
ecii-dbf 6438
hehd-dbf 1633
316
4
dhgf-dbg 2052
jhb-dbg 1750
fhfc-dbg 480
ddeg-dbg 3789
317
1
caf-dbh 8071
320
2
daeb-dca 1861
cid-dca 6210
324
3
g-dce 3164
dfde-dce 1433
hdch-dce 3474
325
3
edf-dcf 2109
biib-dcf 4960
fbdi-dcf 1002
326
1
ehai-dcg 8071
328
3
cfef-dci 5097
bfeg-dci 2108
hci-dci 866
331
3
fifh-ddb 4324
gija-ddb 1008
dhe-ddb 2739
332
2
dah-ddc 5113
feca-ddc 2958
333
1
bjdh-ddd 8071
334
3
fic-dde 3233
fjji-dde 2317
cfhh-dde 2521
335
2
ffce-ddf 1682
bdb-ddf 6389
336
2
fjee-ddg 5486
ffef-ddg 2585
337
3
dc-ddh 5538
hah-ddh 1452
bidi-ddh 1081
338
1
eff-ddi 8071
339
4
bic-ddj 2700
dghi-ddj 565
fcbf-ddj 407
cigi-ddj 4399
340
1
bjf-dea 8071
342
4
dgg-dec 4195
gdi-dec 486
dadh-dec 1697
gafb-dec 1693
345
2
jje-def 5856
efc-def 2215
346
1
dac-deg 8071
347
3
edjg-deh 4710
bdhh-deh 246
dg-deh 3115
348
1
ebfa-dei 8071
349
1
fga-dej 8071
350
2
cade-dfa 6465
bbfg-dfa 1606
353
1
cgdd-dfd 8071
355
1
bdj-dff 8071
358
1
eeej-dfi 8071
359
1
db-dfj 8071
360
1
fcae-dga 8071
361
2
eidh-dgb 3992
bb-dgb 4079
363
1
befd-dgd 8071
364
2
ebfi-dge 6924
eed-dge 1147
365
1
j-dgf 8071
366
3
fbed-dgg 4200
dec-dgg 224
di-dgg 3647
368
1
gbid-dgi 8071
369
3
fad-dgj 2391
ehai-dgj 3986
c-dgj 1694
370
1
ccjb-dha 8071
371
2
bhgh-dhb 4669
cidg-dhb 3402
373
1
bgjf-dhd 8071
374
1
cbb-dhe 8071
375
2
iei-dhf 4982
fcfh-dhf 3089
376
2
bgbg-dhg 1790
hffi-dhg 6281
378
2
eaj-dhi 4223
caf-dhi 3848
380
1
bdhg-dia 8071
381
1
hfa-dib 8071
382
1
baaj-dic 8071
383
1
cji-did 8071
384
2
ehh-die 3919
bbca-die 4152
385
1
fbad-dif 8071
386
1
bhie-dig 8071
387
1
bgb-dih 8071
388
2
bfg-dii 5720
heci-dii 2351
389
1
ghg-dij 8071
392
1
bgb-djc 8071
397
1
gcih-djh 8071
398
2
beaa-dji 5160
fh-dji 2911
399
1
cag-djj 8071
400
1
dj-eaa 8071
401
2
cejh-eab 3189
bgd-eab 4882
403
1
ebjd-ead 8071
406
2
ecag-eag 5697
cbb-eag 2374
408
2
cbfc-eai 335
fjcd-eai 7736
409
1
gicg-eaj 8071
411
1
badj-ebb 8071
412
2
fii-ebc 6787
chje-ebc 1284
413
1
efge-ebd 8071
416
2
giee-ebg 2859
fd-ebg 5212
417
3
ee-ebh 4091
hfia-ebh 763
haaj-ebh 3217
418
2
face-ebi 1772
eiee-ebi 6299
419
1
febe-ebj 8071
420
3
cfh-eca 5101
hged-eca 2700
cjab-eca 270
421
3
gfcf-ecb 668
he-ecb 2921
ddfb-ecb 4482
422
1
eiid-ecc 8071
423
1
bacf-ecd 8071
424
1
bjg-ece 8071
425
2
g-ecf 5404
ehed-ecf 2667
426
4
cbge-ecg 2421
caec-ecg 863
jgh-ecg 1200
bdhj-ecg 3587
427
1
hbae-ech 8071
428
1
bidg-eci 8071
429
2
gdcc-ecj 7234
gcaj-ecj 837
430
1
bbaf-eda 8071
432
1
fc-edc 8071
433
1
gajc-edd 8071
435
2
ceia-edf 4913
bigb-edf 3158
436
1
fjhd-edg 8071
438
1
bbh-edi 8071
439
1
cdif-edj 8071
441
1
cab-eeb 8071
443
1
hcdj-eed 8071
445
1
eaef-eef 8071
446
1
ciah-eeg 8071
447
2
cca-eeh 4841
hdbf-eeh 3230
448
1
fhag-eei 8071
449
1
bddf-eej 8071
450
2
bajf-efa 6384
feae-efa 1687
451
2
fjda-efb 5337
bfjg-efb 2734
452
2
iji-efc 5807
hee-efc 2264
453
2
fifj-efd 3055
cb-efd 5016
454
2
bgf-efe 3807
chb-efe 4264
455
1
bjca-eff 8071
458
2
fcig-efi 6163
ijd-efi 1908
459
1
bfid-efj 8071
460
1
hbbf-ega 8071
462
2
ceid-egc 735
bbhh-egc 7336
465
2
fbd-egf 5941
heje-egf 2130
466
1
eje-egg 8071
467
3
hbe-egh 4073
edgh-egh 1646
jag-egh 2352
468
1
bief-egi 8071
469
1
bbe-egj 8071
470
2
geh-eha 1937
e-eha 6134
471
1
befi-ehb 8071
472
1
ihd-ehc 8071
473
2
cddd-ehd 7918
fe-ehd 153
474
1
fjd-ehe 8071
475
2
gaf-ehf 7140
fhgi-ehf 931
476
1
gej-ehg 8071
477
1
bf-ehh 8071
479
1
dhcc-ehj 8071
481
1
ccbe-eib 8071
482
2
gei-eic 1505
jai-eic 6566
483
1
haj-eid 8071
485
1
eghi-eif 8071
487
3
fha-eih 4675
ejhc-eih 1523
fhie-eih 1873
488
1
dicg-eii 8071
489
2
behd-eij 1608
dc-eij 6463
490
2
hfga-eja 5277
bdc-eja 2794
491
2
fjhg-ejb 7266
bfih-ejb 805
492
3
gafh-ejc 2852
fjdd-ejc 1713
ghcj-ejc 3506
494
3
eggc-eje 1995
beid-eje 1313
bceb-eje 4763
497
1
cjh-ejh 8071
498
1
bddf-eji 8071
499
1
gbfg-ejj 8071
500
3
bcfh-faa 3830
did-faa 641
baie-faa 3600
501
2
gcge-fab 4632
b-fab 3439
502
2
chc-fac 2882
hcjg-fac 5189
503
4
fghi-fad 1662
ibj-fad 2684
bchf-fad 3689
bjeg-fad 36
506
1
dhhd-fag 8071
507
1
bjc-fah 8071
508
1
gag-fai 8071
509
1
igh-faj 8071
510
2
ecg-fba 4344
cd-fba 3727
512
2
gceg-fbc 4772
dhde-fbc 3299
515
2
bhdb-fbf 3764
dgie-fbf 4307
517
1
ebbj-fbh 8071
518
1
bfhf-fbi 8071
519
2
fe-fbj 5596
gjb-fbj 2475
520
1
hfa-fca 8071
523
2
cgab-fcd 3160
ffbf-fcd 4911
524
1
ba-fce 8071
525
1
ddd-fcf 8071
528
1
cegj-fci 8071
530
1
effc-fda 8071
531
2
hc-fdb 2392
cgje-fdb 5679
532
1
fbce-fdc 8071
534
1
hefd-fde 8071
535
1
ecid-fdf 8071
537
1
faee-fdh 8071
539
2
bi-fdj 5326
gfia-fdj 2745
540
1
eb-fea 8071
543
2
djfj-fed 3523
ddc-fed 4548
544
1
cae-fee 8071
546
1
e-feg 8071
547
1
ceja-feh 8071
548
1
fdcd-fei 8071
549
3
gcaa-fej 4697
gcg-fej 1309
djid-fej 2065
551
3
cie-ffb 2438
ggaj-ffb 3882
cdia-ffb 1751
552
2
bcgf-ffc 7067
cbdj-ffc 1004
554
2
cab-ffe 7390
cedh-ffe 681
557
1
fbf-ffh 8071
559
1
gdd-ffj 8071
560
1
efcb-fga 8071
561
1
bgbh-fgb 8071
562
2
cjei-fgc 4315
cj-fgc 3756
564
2
bbjb-fge 4249
eigh-fge 3822
567
3
gjec-fgh 4437
cihg-fgh 2250
fbjg-fgh 1384
569
3
hdfc-fgj 5812
cebf-fgj 963
di-fgj 1296
570
2
gjbc-fha 5380
fffg-fha 2691
572
1
fjj-fhc 8071
576
1
ibf-fhg 8071
577
2
deii-fhh 4876
gfgb-fhh 3195
579
1
ged-fhj 8071
582
5
fcie-fic 381
bfc-fic 1968
cefd-fic 1257
gebd-fic 3833
gije-fic 632
583
2
hcfg-fid 545
fibc-fid 7526
585
1
bbga-fif 8071
586
2
jf-fig 4588
bchi-fig 3483
587
1
bb-fih 8071
588
4
fjif-fii 2053
cfih-fii 28
bebd-fii 4971
cbie-fii 1019
591
2
eage-fjb 5073
gae-fjb 2998
593
1
gehj-fjd 8071
594
1
fdij-fje 8071
595
1
hdfh-fjf 8071
596
2
dggg-fjg 7765
bhbf-fjg 306
599
1
djic-fjj 8071
601
1
dcbj-gab 8071
602
1
fjb-gac 8071
604
3
bibg-gae 4474
gaac-gae 549
hiii-gae 3048
605
2
ecc-gaf 7018
cgba-gaf 1053
606
3
jcd-gag 2501
cdig-gag 4948
fic-gag 622
607
1
dbf-gah 8071
608
1
cigg-gai 8071
611
2
dfbi-gbb 2036
gihc-gbb 6035
612
2
ibj-gbc 3380
geed-gbc 4691
614
1
deaj-gbe 8071
615
1
bcca-gbf 8071
617
1
haif-gbh 8071
619
3
jf-gbj 4088
bdb-gbj 3051
fddf-gbj 932
624
1
cjfg-gce 8071
625
1
chgd-gcf 8071
626
2
biaa-gcg 6039
fej-gcg 2032
628
2
eceh-gci 5807
gaab-gci 2264
629
1
ih-gcj 8071
630
1
g-gda 8071
631
2
digc-gdb 7900
cdf-gdb 171
633
1
diaj-gdd 8071
634
1
ejfj-gde 8071
638
1
ef-gdi 8071
639
1
bbba-gdj 8071
640
2
bhgi-gea 6075
cg-gea 1996
641
4
hbbf-geb 1062
fabd-geb 2891
ggbj-geb 12
hbjc-geb 4106
642
1
fedb-gec 8071
643
3
fgda-ged 1204
faga-ged 2723
bied-ged 4144
647
1
cdf-geh 8071
648
2
fdj-gei 5285
edae-gei 2786
649
1
efc-gej 8071
651
1
bbc-gfb 8071
652
1
hdjf-gfc 8071
654
1
ghia-gfe 8071
656
1
ddh-gfg 8071
657
1
b-gfh 8071
660
1
ef-gga 8071
661
2
edii-ggb 6540
gjj-ggb 1531
662
1
eihb-ggc 8071
664
1
bbei-gge 8071
665
1
bghj-ggf 8071
666
2
chf-ggg 7569
begi-ggg 502
667
4
hjb-ggh 3494
hehf-ggh 2375
hc-ggh 749
j-ggh 1453
668
1
djde-ggi 8071
669
1
cij-ggj 8071
672
2
edbf-ghc 5375
bgei-ghc 2696
673
1
a-ghd 8071
674
3
bc-ghe 530
hgh-ghe 4034
ccjd-ghe 3507
675
2
hgdc-ghf 4226
ecdg-ghf 3845
676
1
hbdg-ghg 8071
678
1
hacj-ghi 8071
679
1
dhgb-ghj 8071
680
2
fjgh-gia 4496
gidj-gia 3575
681
1
cch-gib 8071
682
1
dah-gic 8071
685
1
cef-gif 8071
686
1
ijj-gig 8071
687
1
ecb-gih 8071
688
1
feje-gii 8071
689
1
bbjh-gij 8071
691
1
caf-gjb 8071
696
1
ffdb-gjg 8071
699
1
hdji-gjj 8071
700
1
cejb-haa 8071
701
2
igg-hab 5571
cad-hab 2500
707
1
ij-hah 8071
708
3
cceh-hai 3105
djjc-hai 3877
fea-hai 1089
709
1
cfcb-haj 8071
713
1
defa-hbd 8071
714
2
gifg-hbe 6387
bhi-hbe 1684
715
1
dbe-hbf 8071
716
4
edhc-hbg 6286
bfca-hbg 511
ch-hbg 648
ieg-hbg 626
720
1
bbjj-hca 8071
721
4
dca-hcb 4372
gchc-hcb 2926
gdhi-hcb 728
chec-hcb 45
722
2
eg-hcc 6082
hacj-hcc 1989
723
2
cidh-hcd 1957
beg-hcd 6114
724
1
ebjc-hce 8071
725
1
ccge-hcf 8071
727
2
djac-hch 4042
dada-hch 4029
728
2
ddfd-hci 7155
bcfa-hci 916
730
1
fjhe-hda 8071
731
1
bdje-hdb 8071
733
2
c-hdd 3121
bcfc-hdd 4950
735
2
ccfj-hdf 5972
jj-hdf 2099
736
2
ffbb-hdg 708
dcfe-hdg 7363
739
1
c-hdj 8071
742
1
faei-hec 8071
743
1
ebcf-hed 8071
744
1
bbbf-hee 8071
745
2
cdd-hef 4501
hbag-hef 3570
746
3
be-heg 1230
bdf-heg 4147
dcec-heg 2694
748
1
bjig-hei 8071
749
1
dgha-hej 8071
750
2
dabh-hfa 3661
beaf-hfa 4410
753
3
ecdf-hfd 1951
caea-hfd 2091
gbbh-hfd 4029
754
3
ghdj-hfe 2773
bgba-hfe 4515
gebf-hfe 783
755
1
ieb-hff 8071
758
1
cijc-hfi 8071
759
1
dbec-hfj 8071
760
1
ffjh-hga 8071
762
1
ddih-hgc 8071
767
1
hjag-hgh 8071
768
1
fba-hgi 8071
771
2
chb-hhb 5082
faad-hhb 2989
773
2
dcai-hhd 2714
ijh-hhd 5357
774
1
jhj-hhe 8071
777
1
hgbi-hhh 8071
779
2
fchb-hhj 5067
fedj-hhj 3004
780
1
bhfj-hia 8071
784
1
bcih-hie 8071
785
2
hfja-hif 2027
dede-hif 6044
789
1
fbfe-hij 8071
791
1
gfg-hjb 8071
792
1
bfi-hjc 8071
793
1
ejc-hjd 8071
795
1
bej-hjf 8071
796
2
edfi-hjg 5203
ddjd-hjg 2868
797
1
gcjf-hjh 8071
804
1
bddd-iae 8071
805
5
gefc-iaf 804
fehh-iaf 1926
cdh-iaf 1204
fhhg-iaf 1043
cafj-iaf 3094
806
1
cadh-iag 8071
807
1
djaa-iah 8071
808
1
ggdi-iai 8071
809
1
ghjc-iaj 8071
811
1
bebb-ibb 8071
812
1
geij-ibc 8071
813
1
ghda-ibd 8071
814
1
hjda-ibe 8071
815
2
cbi-ibf 5660
h-ibf 2411
819
3
ebfb-ibj 1659
dafd-ibj 4672
gefa-ibj 1740
821
2
ehej-icb 4683
dcjj-icb 3388
822
3
gihg-icc 2218
cjgb-icc 5517
cagg-icc 336
823
2
hjaf-icd 5118
jdc-icd 2953
824
2
jj-ice 5920
hhii-ice 2151
825
1
bbi-icf 8071
831
1
eiji-idb 8071
832
1
ciai-idc 8071
833
1
dc-idd 8071
836
2
ea-idg 1572
bca-idg 6499
839
1
behc-idj 8071
840
4
egc-iea 1130
gab-iea 988
gahh-iea 3388
hije-iea 2565
841
1
hfe-ieb 8071
844
2
ge-iee 4955
b-iee 3116
845
1
bjdc-ief 8071
846
3
ibe-ieg 1910
hcb-ieg 5499
cacj-ieg 662
847
1
chfe-ieh 8071
848
1
fbhb-iei 8071
849
2
eeca-iej 3423
cca-iej 4648
850
2
bbha-ifa 5224
bbhh-ifa 2847
852
1
ghe-ifc 8071
853
1
efhd-ifd 8071
854
2
bjac-ife 5724
chhj-ife 2347
856
1
ch-ifg 8071
857
3
iea-ifh 3381
daba-ifh 3113
hecc-ifh 1577
858
1
egia-ifi 8071
860
2
dc-iga 6498
dcfb-iga 1573
861
1
eifg-igb 8071
862
1
bjic-igc 8071
866
2
djfd-igg 3806
bh-igg 4265
867
1
hjec-igh 8071
871
1
fabe-ihb 8071
872
1
eab-ihc 8071
873
2
cjgd-ihd 1598
ebhh-ihd 6473
874
1
gaaf-ihe 8071
878
1
gfdj-ihi 8071
883
1
bfch-iid 8071
884
1
bbgj-iie 8071
885
1
gadg-iif 8071
886
1
ccaj-iig 8071
888
1
ceei-iii 8071
891
1
jf-ijb 8071
892
2
gjg-ijc 3728
hdfi-ijc 4343
893
2
gfei-ijd 6151
dbih-ijd 1920
895
1
eibh-ijf 8071
896
2
bbaf-ijg 1591
bgf-ijg 6480
897
3
bafi-ijh 738
hfic-ijh 1960
gdda-ijh 5373
898
1
ghcj-iji 8071
899
1
ecge-ijj 8071
901
1
bji-jab 8071
903
1
gaha-jad 8071
904
1
dbee-jae 8071
905
1
bbg-jaf 8071
906
1
gdai-jag 8071
907
3
fbje-jah 2255
bb-jah 1919
ecci-jah 3897
908
1
bdi-jai 8071
912
1
dihe-jbc 8071
915
2
gcbg-jbf 3946
dfii-jbf 4125
916
1
bhjc-jbg 8071
918
3
hjca-jbi 5124
ceb-jbi 404
bhci-jbi 2543
919
1
cacd-jbj 8071
922
1
cacd-jcc 8071
923
2
fafh-jcd 1885
fchi-jcd 6186
924
2
ceej-jce 2057
bid-jce 6014
927
4
bhji-jch 2221
bjja-jch 3477
haeh-jch 194
gdci-jch 2179
929
1
de-jcj 8071
930
2
dbci-jda 3008
geei-jda 5063
931
2
bea-jdb 6998
cij-jdb 1073
932
1
ddc-jdc 8071
934
1
cdhi-jde 8071
935
1
ge-jdf 8071
937
1
bgje-jdh 8071
938
1
dahe-jdi 8071
939
1
dgd-jdj 8071
940
1
cdia-jea 8071
943
1
ffh-jed 8071
945
1
jdb-jef 8071
951
1
ejb-jfb 8071
954
5
cbac-jfe 3507
geic-jfe 610
bafj-jfe 835
bgee-jfe 2893
chf-jfe 226
955
1
bcbe-jff 8071
956
1
bihf-jfg 8071
957
1
gjhd-jfh 8071
961
1
cgh-jgb 8071
962
1
cjig-jgc 8071
966
2
chc-jgg 4421
bfde-jgg 3650
967
2
ccdg-jgh 4498
ecg-jgh 3573
968
2
beb-jgi 7650
beei-jgi 421
971
2
geai-jhb 2031
eje-jhb 6040
974
1
bff-jhe 8071
975
1
chid-jhf 8071
976
1
caaj-jhg 8071
977
1
ggff-jhh 8071
978
1
bedd-jhi 8071
979
2
eibj-jhj 6168
ffif-jhj 1903
982
2
hafa-jic 5003
fcfh-jic 3068
985
2
hida-jif 6926
gi-jif 1145
987
1
ca-jih 8071
988
1
cf-jii 8071
992
1
fdjh-jjc 8071
993
1
jh-jjd 8071
994
1
eaeg-jje 8071
995
1
hfe-jjf 8071
996
1
eddh-jjg 8071
997
2
bgaf-jjh 5168
jd-jjh 2903
1001
1
hejc-baab 8071
1003
1
ebfj-baad 8071
1007
2
dfi-baah 5709
cbg-baah 2362
1008
1
gbge-baai 8071
1009
1
bed-baaj 8071
1010
1
dfcd-baba 8071
1011
1
faj-babb 8071
1015
1
fabc-babf 8071
1016
1
dage-babg 8071
1019
1
dbab-babj 8071
1020
1
cdd-baca 8071
1022
1
g-bacc 8071
1025
1
hjc-bacf 8071
1026
1
fbje-bacg 8071
1027
1
iga-bach 8071
1028
2
bd-baci 6019
ghid-baci 2052
1030
1
cbdg-bada 8071
1032
1
cje-badc 8071
1033
1
caaj-badd 8071
1034
1
ceid-bade 8071
1037
2
ebgd-badh 4872
hed-badh 3199
1039
4
bbag-badj 3939
eibj-badj 790
feaf-badj 2439
febj-badj 903
1042
1
haed-baec 8071
1043
1
bbh-baed 8071
1045
2
hdag-baef 1079
dhb-baef 6992
1048
1
bga-baei 8071
1050
1
bcd-bafa 8071
1052
2
hci-bafc 4433
gbjh-bafc 3638
1053
1
gddg-bafd 8071
1054
2
bhjh-bafe 5960
gbig-bafe 2111
1055
1
ched-baff 8071
1057
1
fci-bafh 8071
1058
1
gfhi-bafi 8071
1059
2
effh-bafj 4969
jfe-bafj 3102
1060
1
ddj-baga 8071
1065
2
ciib-bagf 1964
i-bagf 6107
1066
1
dhbd-bagg 8071
1068
1
egic-bagi 8071
1069
1
bhhg-bagj 8071
1070
1
bgca-baha 8071
1071
1
hcde-bahb 8071
1072
1
djfe-bahc 8071
1074
1
ei-bahe 8071
1077
1
dcbe-bahh 8071
1080
1
ffij-baia 8071
1082
1
dgbd-baic 8071
1084
2
ccfg-baie 4467
fada-baie 3604
1087
1
ibb-baih 8071
1088
2
dcfg-baii 6245
cjbg-baii 1826
1089
1
ehfi-baij 8071
1090
2
eih-baja 6764
dbfj-baja 1307
1093
1
bbj-bajd 8071
1095
2
cbeb-bajf 2903
gbjg-bajf 5168
1098
1
ice-baji 8071
1103
1
dehi-bbad 8071
1104
1
dfbd-bbae 8071
1105
2
eihh-bbaf 2173
cibe-bbaf 5898
1106
1
cij-bbag 8071
1110
2
dfeg-bbba 3840
dbg-bbba 4231
1111
3
eedj-bbbb 5928
becg-bbbb 1703
j-bbbb 440
1112
1
dac-bbbc 8071
1115
4
idg-bbbf 2817
ciaa-bbbf 2929
gdci-bbbf 1662
ffe-bbbf 663
1117
1
fdaj-bbbh 8071
1119
1
ggag-bbbj 8071
1120
3
cddb-bbca 3795
ca-bbca 112
bic-bbca 4164
1121
1
ebib-bbcb 8071
1126
1
hdbf-bbcg 8071
1127
1
faig-bbch 8071
1129
2
fgj-bbcj 1016
bedj-bbcj 7055
1132
3
dde-bbdc 775
bgg-bbdc 302
cbfg-bbdc 6994
1142
1
ecff-bbec 8071
1148
1
baad-bbei 8071
1151
1
ejec-bbfb 8071
1154
1
bba-bbfe 8071
1156
2
ef-bbfg 6432
eeji-bbfg 1639
1157
2
geaf-bbfh 6477
dcfb-bbfh 1594
1160
2
ej-bbga 5817
fgj-bbga 2254
1161
1
feia-bbgb 8071
1164
2
ed-bbge 6632
caeh-bbge 1439
1166
4
gbgd-bbgg 1298
fcih-bbgg 2065
bfaa-bbgg 181
cbb-bbgg 4527
1169
2
hc-bbgj 870
becj-bbgj 7201
1170
1
hafd-bbha 8071
1171
1
geda-bbhb 8071
1173
1
edfh-bbhd 8071
1177
2
diba-bbhh 5214
bhdf-bbhh 2857
1178
2
chih-bbhi 4047
gged-bbhi 4024
1181
1
jic-bbib 8071
1182
1
bie-bbic 8071
1186
1
daif-bbig 8071
1191
2
chgj-bbjb 2366
geib-bbjb 5705
1194
1
hbaj-bbje 8071
1196
1
gjef-bbjg 8071
1197
1
icb-bbjh 8071
1198
1
jii-bbji 8071
1199
1
cdih-bbjj 8071
1200
1
cffc-bcaa 8071
1202
1
beg-bcac 8071
1205
1
gea-bcaf 8071
1206
1
ffcf-bcag 8071
1207
2
ibd-bcah 4801
egei-bcah 3270
1209
1
cij-bcaj 8071
1210
1
faid-bcba 8071
1212
1
dag-bcbc 8071
1213
1
cifb-bcbd 8071
1214
2
hfef-bcbe 952
bhf-bcbe 7119
1216
1
chb-bcbg 8071
1218
1
cjid-bcbi 8071
1220
2
cedj-bcca 3811
hbhc-bcca 4260
1222
2
hhj-bccc 4154
bgdb-bccc 3917
1224
1
cajg-bcce 8071
1230
1
ehc-bcda 8071
1233
2
dcca-bcdd 6333
ccai-bcdd 1738
1235
1
cadg-bcdf 8071
1237
1
bgg-bcdh 8071
1239
2
hfjj-bcdj 1818
hega-bcdj 6253
1241
1
hcbg-bceb 8071
1242
1
ggdj-bcec 8071
1245
1
caad-bcef 8071
1248
1
cbg-bcei 8071
1250
2
ggb-bcfa 7120
cbae-bcfa 951
1251
2
bggc-bcfb 5693
bhfi-bcfb 2378
1252
2
hce-bcfc 3100
ffe-bcfc 4971
1256
1
baf-bcfg 8071
1257
1
ejj-bcfh 8071
1263
1
fa-bcgd 8071
1264
1
jhf-bcge 8071
1265
2
efed-bcgf 114
cfef-bcgf 7957
1268
1
ccag-bcgi 8071
1269
1
cbje-bcgj 8071
1270
2
fic-bcha 7753
hcja-bcha 318
1271
1
ggdi-bchb 8071
1274
1
cab-bche 8071
1275
1
ffhi-bchf 8071
1277
2
jd-bchh 5886
hdib-bchh 2185
1278
3
gbgf-bchi 2237
feh-bchi 2333
bf-bchi 3501
1282
1
cge-bcic 8071
1286
1
eef-bcig 8071
1287
2
hehe-bcih 3756
ijc-bcih 4315
1288
1
cade-bcii 8071
1290
3
dghc-bcja 4356
eifa-bcja 2411
ggbe-bcja 1304
1291
1
cegc-bcjb 8071
1295
1
hafh-bcjf 8071
1296
1
bagf-bcjg 8071
1299
3
bjg-bcjj 4803
fddi-bcjj 1300
bac-bcjj 1968
1300
1
cjac-bdaa 8071
1301
1
bjc-bdab 8071
1303
2
fidc-bdad 1888
hie-bdad 6183
1308
1
bjf-bdai 8071
1312
1
gadi-bdbc 8071
1313
1
efhj-bdbd 8071
1316
1
hfbi-bdbg 8071
1317
2
gaga-bdbh 5914
jch-bdbh 2157
1319
2
gecd-bdbj 2015
dega-bdbj 6056
1322
1
ecgj-bdcc 8071
1325
3
bhba-bdcf 3417
bfh-bdcf 937
ecab-bdcf 3717
1330
1
dcdh-bdda 8071
1331
1
bdji-bddb 8071
1333
1
bbjg-bddd 8071
1334
1
dfge-bdde 8071
1335
3
eghe-bddf 2474
eg-bddf 411
b-bddf 5186
1336
1
bade-bddg 8071
1339
1
cgdh-bddj 8071
1340
3
ihd-bdea 2059
gbb-bdea 5673
fhhh-bdea 339
1343
1
hjfh-bded 8071
1347
1
gbab-bdeh 8071
1349
1
bchi-bdej 8071
1350
2
cadb-bdfa 2084
ffag-bdfa 5987
1351
2
cfjg-bdfb 3554
bjjb-bdfb 4517
1352
1
egih-bdfc 8071
1356
1
gcda-bdfg 8071
1358
1
hfj-bdfi 8071
1363
1
hhd-bdgd 8071
1364
1
hafg-bdge 8071
1365
1
ggja-bdgf 8071
1367
1
hcfb-bdgh 8071
1369
2
ejej-bdgj 4100
ebh-bdgj 3971
1370
1
bagf-bdha 8071
1371
2
bcig-bdhb 6890
giii-bdhb 1181
1372
2
bbhi-bdhc 946
hbhf-bdhc 7125
1373
1
bjfh-bdhd 8071
1375
1
fcbi-bdhf 8071
1376
2
bh-bdhg 3322
cbfa-bdhg 4749
1377
2
gia-bdhh 4667
cjdg-bdhh 3404
1378
2
cbf-bdhi 7593
eefe-bdhi 478
1379
2
edg-bdhj 4462
hbgb-bdhj 3609
1385
1
cehf-bdif 8071
1386
1
ejac-bdig 8071
1387
1
ejgi-bdih 8071
1388
2
eaa-bdii 7520
cbbg-bdii 551
1389
2
fbf-bdij 5700
eidd-bdij 2371
1390
2
bhj-bdja 2726
bdh-bdja 5345
1391
1
ecad-bdjb 8071
1392
1
bhef-bdjc 8071
1393
2
cjaj-bdjd 2466
cbai-bdjd 5605
1394
1
habi-bdje 8071
1397
2
ebc-bdjh 4990
jde-bdjh 3081
1398
1
hjfj-bdji 8071
1400
1
cai-beaa 8071
1401
1
jch-beab 8071
1404
1
eaeh-beae 8071
1405
1
hddf-beaf 8071
1407
2
ddg-beah 7849
bjcf-beah 222
1408
1
chjc-beai 8071
1410
1
bc-beba 8071
1411
2
eegh-bebb 6078
gcg-bebb 1993
1412
1
hdad-bebc 8071
1413
2
bcec-bebd 5549
dajj-bebd 2522
1419
2
cjai-bebj 2684
ccjg-bebj 5387
1420
1
jjf-beca 8071
1421
1
bhhf-becb 8071
1424
1
gbjd-bece 8071
1425
2
gge-becf 2611
gcbf-becf 5460
1426
2
bhai-becg 6876
bjf-becg 1195
1429
1
bhjj-becj 8071
1431
3
bidc-bedb 2318
fccj-bedb 1624
die-bedb 4129
1432
1
cfh-bedc 8071
1433
1
dff-bedd 8071
1434
2
gccf-bede 4186
dhdf-bede 3885
1439
1
eeig-bedj 8071
1441
1
bcb-beeb 8071
1442
1
dcjg-beec 8071
1444
1
bdge-beee 8071
1448
1
fe-beei 8071
1449
1
gdj-beej 8071
1452
1
dafc-befc 8071
1453
2
eidg-befd 4238
cecj-befd 3833
1454
1
icf-befe 8071
1456
1
cafe-befg 8071
1458
2
hgbh-befi 4370
gbib-befi 3701
1460
1
gfda-bega 8071
1461
1
bibj-begb 8071
1464
1
baed-bege 8071
1465
1
bfgd-begf 8071
1467
1
hdd-begh 8071
1468
1
fbja-begi 8071
1472
3
ehcc-behc 5413
deih-behc 772
bibj-behc 1886
1473
1
fhfc-behd 8071
1477
1
ccgb-behh 8071
1480
1
ebif-beia 8071
1481
1
bbcj-beib 8071
1483
1
fecb-beid 8071
1485
1
g-beif 8071
1486
1
fd-beig 8071
1487
1
cce-beih 8071
1488
1
djfh-beii 8071
1491
1
eeba-bejb 8071
1494
2
dceb-beje 4144
gfga-beje 3927
1496
1
bde-bejg 8071
1500
3
bbgg-bfaa 3275
bad-bfaa 58
efid-bfaa 4738
1501
3
cfje-bfab 1391
dcab-bfab 708
bdea-bfab 5972
1504
1
dfjd-bfae 8071
1505
1
bcbc-bfaf 8071
1507
1
ggig-bfah 8071
1508
1
hidc-bfai 8071
1509
1
gghg-bfaj 8071
1511
2
ccei-bfbb 6888
cjj-bfbb 1183
1512
1
gdhf-bfbc 8071
1515
1
gggc-bfbf 8071
1516
1
dfdb-bfbg 8071
1517
1
bhab-bfbh 8071
1518
1
egbg-bfbi 8071
1519
1
bce-bfbj 8071
1520
1
chc-bfca 8071
1523
1
ejic-bfcd 8071
1524
2
dacd-bfce 7309
eigd-bfce 762
1527
1
ffig-bfch 8071
1529
2
bc-bfcj 786
cjji-bfcj 7285
1534
1
bcja-bfde 8071
1539
1
efeh-bfdj 8071
1541
1
fe-bfeb 8071
1542
1
ccfg-bfec 8071
1543
1
fgbe-bfed 8071
1544
1
fhh-bfee 8071
1546
1
bd-bfeg 8071
1548
1
bjh-bfei 8071
1549
2
beje-bfej 5763
fjei-bfej 2308
1550
1
ebcb-bffa 8071
1555
1
fdff-bfff 8071
1556
1
dfii-bffg 8071
1559
1
bdij-bffj 8071
1561
1
fi-bfgb 8071
1563
2
dij-bfgd 4587
cjg-bfgd 3484
1564
1
ehhb-bfge 8071
1571
1
bhcd-bfhb 8071
1574
1
feic-bfhe 8071
1575
1
ih-bfhf 8071
1582
1
ccc-bfic 8071
1583
1
ehec-bfid 8071
1585
1
cad-bfif 8071
1586
1
ccjg-bfig 8071
1587
2
hcjc-bfih 7257
jhh-bfih 814
1588
2
edeb-bfii 7045
dicf-bfii 1026
1589
1
efjb-bfij 8071
1590
1
bgef-bfja 8071
1592
1
ehcb-bfjc 8071
1593
2
ch-bfjd 6653
ggh-bfjd 1418
1595
1
hagg-bfjf 8071
1596
1
dgcg-bfjg 8071
1598
1
bij-bfji 8071
1599
2
ddec-bfjj 2914
hbgh-bfjj 5157
1602
1
dec-bgac 8071
1604
1
cbg-bgae 8071
1605
1
ii-bgaf 8071
1610
1
eh-bgba 8071
1611
1
gbb-bgbb 8071
1614
1
gjgc-bgbe 8071
1616
2
ifi-bgbg 4116
ejdg-bgbg 3955
1617
1
debf-bgbh 8071
1618
1
cajd-bgbi 8071
1619
3
eacc-bgbj 4558
cbfc-bgbj 2486
dgig-bgbj 1027
1620
1
dfba-bgca 8071
1621
2
efd-bgcb 6313
ec-bgcb 1758
1623
1
dbfd-bgcd 8071
1626
1
di-bgcg 8071
1628
1
bgj-bgci 8071
1630
1
deh-bgda 8071
1631
1
egh-bgdb 8071
1632
2
baha-bgdc 2459
hibd-bgdc 5612
1634
1
bja-bgde 8071
1637
1
eefi-bgdh 8071
1640
1
bbe-bgea 8071
1642
1
fg-bgec 8071
1643
1
c-bged 8071
1644
1
fhed-bgee 8071
1645
1
bacg-bgef 8071
1648
2
ghc-bgei 5350
fdj-bgei 2721
1650
1
cjc-bgfa 8071
1654
1
bjef-bgfe 8071
1656
1
bebd-bgfg 8071
1657
1
gbc-bgfh 8071
1658
1
hd-bgfi 8071
1661
3
bafc-bggb 4829
dhag-bggb 129
egad-bggb 3113
1662
2
bafa-bggc 6494
bbfh-bggc 1577
1663
1
bfbh-bggd 8071
1664
2
dfgf-bgge 3111
fhfa-bgge 4960
1667
1
caee-bggh 8071
1670
3
dhhc-bgha 3128
fegi-bgha 1378
gae-bgha 3565
1671
1
cife-bghb 8071
1674
2
cge-bghe 6122
deaj-bghe 1949
1675
2
chai-bghf 5436
fgci-bghf 2635
1679
1
dcaf-bghj 8071
1681
1
ceh-bgib 8071
1682
1
eca-bgic 8071
1689
1
bajf-bgij 8071
1690
3
bff-bgja 2607
dbfh-bgja 3061
ccbf-bgja 2403
1691
1
fdci-bgjb 8071
1694
2
gejb-bgje 6075
ddff-bgje 1996
1695
1
ffdf-bgjf 8071
1696
1
efcd-bgjg 8071
1697
2
bdhb-bgjh 4062
cce-bgjh 4009
1701
1
ccd-bhab 8071
1702
1
bgcb-bhac 8071
1703
1
dife-bhad 8071
1704
1
bdcf-bhae 8071
1708
1
ehch-bhai 8071
1709
2
dib-bhaj 1907
cb-bhaj 6164
1710
1
cbad-bhba 8071
1711
2
bfe-bhbb 3727
ehah-bhbb 4344
1715
1
bbb-bhbf 8071
1717
1
cjfe-bhbh 8071
1718
1
hjgh-bhbi 8071
1722
2
eeea-bhcc 2566
ccgh-bhcc 5505
1723
2
cdaj-bhcd 1100
baef-bhcd 6971
1728
2
chch-bhci 5479
cfic-bhci 2592
1730
2
bcgf-bhda 2010
fdgb-bhda 6061
1731
1
hfad-bhdb 8071
1733
1
bdhb-bhdd 8071
1735
1
dji-bhdf 8071
1736
1
eif-bhdg 8071
1741
1
fejc-bheb 8071
1744
1
cda-bhee 8071
1745
1
ee-bhef 8071
1753
1
gdjf-bhfd 8071
1758
4
bcfb-bhfi 4783
eiah-bhfi 903
bbc-bhfi 1971
eegg-bhfi 414
1759
1
ceie-bhfj 8071
1761
1
jgh-bhgb 8071
1764
1
biac-bhge 8071
1765
1
dh-bhgf 8071
1766
1
fceb-bhgg 8071
1767
1
chf-bhgh 8071
1768
1
hbei-bhgi 8071
1770
1
dce-bhha 8071
1771
2
bbdc-bhhb 4120
gfef-bhhb 3951
1774
1
chha-bhhe 8071
1775
1
cggf-bhhf 8071
1776
2
dce-bhhg 7019
i-bhhg 1052
1779
1
efhb-bhhj 8071
1782
1
eeci-bhic 8071
1784
1
bfjf-bhie 8071
1785
2
hbib-bhif 4366
hiaa-bhif 3705
1786
1
hei-bhig 8071
1791
1
bdcc-bhjb 8071
1792
1
eiih-bhjc 8071
1797
1
ebeh-bhjh 8071
1798
1
eegc-bhji 8071
1799
2
hdec-bhjj 4879
hebh-bhjj 3192
1800
2
dia-biaa 4637
bibi-biaa 3434
1801
1
dhfj-biab 8071
1802
2
hgig-biac 8046
eahe-biac 25
1806
2
ia-biag 3325
haee-biag 4746
1812
1
fgj-bibc 8071
1814
1
cbi-bibe 8071
1816
1
dadd-bibg 8071
1818
1
gdbd-bibi 8071
1819
2
dcdc-bibj 6176
chbc-bibj 1895
1821
1
cjbb-bicb 8071
1822
1
effe-bicc 8071
1824
2
hfd-bice 5724
jf-bice 2347
1825
2
bgha-bicf 5284
ggfc-bicf 2787
1826
1
bd-bicg 8071
1827
1
hjff-bich 8071
1828
1
bgha-bici 8071
1829
1
bafe-bicj 8071
1832
2
cia-bidc 6522
bggc-bidc 1549
1836
1
bfcj-bidg 8071
1837
1
fhie-bidh 8071
1838
1
he-bidi 8071
1840
2
cbgf-biea 7881
cbac-biea 190
1841
1
gfai-bieb 8071
1842
2
hgfc-biec 7324
gfb-biec 747
1843
1
bfc-bied 8071
1845
1
ehdi-bief 8071
1849
2
gaf-biej 5157
bgh-biej 2914
1854
1
dae-bife 8071
1855
1
chh-biff 8071
1859
1
ffb-bifj 8071
1861
2
badh-bigb 5236
bffg-bigb 2835
1862
3
bjf-bigc 5122
bf-bigc 910
ehdd-bigc 2039
1875
3
eiah-bihf 3901
cef-bihf 313
cbdf-bihf 3857
1876
1
dchj-bihg 8071
1879
1
ehjb-bihj 8071
1880
1
dgb-biia 8071
1881
1
ig-biib 8071
1883
1
fed-biid 8071
1884
1
bfi-biie 8071
1892
1
bdi-bijc 8071
1898
2
gegi-biji 6387
e-biji 1684
1899
2
fcde-bijj 7755
jaf-bijj 316
1901
1
cj-bjab 8071
1902
1
jj-bjac 8071
1906
1
dcf-bjag 8071
1910
1
bbi-bjba 8071
1911
1
chei-bjbb 8071
1920
1
caci-bjca 8071
1922
1
cdhi-bjcc 8071
1923
1
dej-bjcd 8071
1925
1
jea-bjcf 8071
1927
1
cbj-bjch 8071
1932
2
cagd-bjdc 829
eci-bjdc 7242
1937
2
ddie-bjdh 5244
gjbg-bjdh 2827
1939
1
bhb-bjdj 8071
1945
1
fjjg-bjef 8071
1946
1
bfbf-bjeg 8071
1947
1
fbcj-bjeh 8071
1949
2
feaf-bjej 4711
dhb-bjej 3360
1950
1
ijc-bjfa 8071
1956
1
bgae-bjfg 8071
1957
1
cjcg-bjfh 8071
1961
1
cejj-bjgb 8071
1966
1
bfgd-bjgg 8071
1967
2
cjhe-bjgh 6600
bcaj-bjgh 1471
1968
1
ejef-bjgi 8071
1970
1
dji-bjha 8071
1971
1
ebi-bjhb 8071
1974
1
bbfg-bjhe 8071
1976
1
ghge-bjhg 8071
1982
1
bj-bjic 8071
1983
1
egij-bjid 8071
1984
1
cdag-bjie 8071
1985
2
jfb-bjif 2473
caaa-bjif 5598
1986
1
hi-bjig 8071
1988
1
ccjg-bjii 8071
1990
2
giaf-bjja 2490
cjeb-bjja 5581
1991
1
bhjb-bjjb 8071
1992
1
chii-bjjc 8071
1995
1
fjgg-bjjf 8071
1999
2
fad-bjjj 742
fche-bjjj 7329
2000
3
bdhc-caaa 2460
fbaj-caaa 143
dcde-caaa 5468
2001
1
hif-caab 8071
2003
1
echa-caad 8071
2005
1
efjg-caaf 8071
2006
1
bcjf-caag 8071
2007
2
cafa-caah 3834
fhgg-caah 4237
2008
1
bfge-caai 8071
2009
2
jah-caaj 7241
bfh-caaj 830
2010
1
cfda-caba 8071
2011
1
ch-cabb 8071
2020
1
dche-caca 8071
2023
2
fgaf-cacd 4797
fbc-cacd 3274
2024
1
gibj-cace 8071
2025
1
gbj-cacf 8071
2028
2
cch-caci 6815
cdci-caci 1256
2029
3
dfd-cacj 1954
ieg-cacj 5411
cfdj-cacj 706
2030
1
bd-cada 8071
2031
2
icd-cadb 2129
bdfa-cadb 5942
2033
2
daa-cadd 4646
fbcj-cadd 3425
2034
3
egfd-cade 5757
dii-cade 1616
fjdf-cade 698
2036
1
fdhc-cadg 8071
2037
2
bfaa-cadh 2342
gccj-cadh 5729
2038
1
gibd-cadi 8071
2040
1
gcac-caea 8071
2042
4
fadh-caec 3506
eaej-caec 2168
dbdc-caec 704
gceh-caec 1693
2043
1
beh-caed 8071
2044
1
bjja-caee 8071
2047
2
dii-caeh 6582
bee-caeh 1489
2050
1
bcjb-cafa 8071
2054
1
dd-cafe 8071
2056
1
ca-cafg 8071
2059
2
iaf-cafj 4974
bggb-cafj 3097
2062
1
ddac-cagc 8071
2063
1
cih-cagd 8071
2066
1
bje-cagg 8071
2067
2
cbc-cagh 3549
hbaa-cagh 4522
2072
1
eddi-cahc 8071
2073
1
dahj-cahd 8071
2076
1
cacf-cahg 8071
2078
1
fei-cahi 8071
2080
2
bche-caia 3136
fag-caia 4935
2081
1
hcf-caib 8071
2084
2
cieg-caie 5514
bded-caie 2557
2085
1
hfhb-caif 8071
2086
1
icc-caig 8071
2087
1
ccfa-caih 8071
2088
1
ehei-caii 8071
2089
1
eece-caij 8071
2091
1
fehg-cajb 8071
2092
1
baj-cajc 8071
2093
2
gbdd-cajd 6273
ej-cajd 1798
2096
2
higi-cajg 3709
ddj-cajg 4362
2099
1
hcec-cajj 8071
2102
2
biea-cbac 7875
jfe-cbac 196
2103
1
bedb-cbad 8071
2104
3
bb-cbae 4942
edf-cbae 2177
cd-cbae 952
2105
1
ffeg-cbaf 8071
2107
2
bfi-cbah 5614
fbj-cbah 2457
2108
2
i-cbai 2462
bgdc-cbai 5609
2116
1
eigc-cbbg 8071
2121
1
g-cbcb 8071
2123
1
bjch-cbcd 8071
2129
1
bbgg-cbcj 8071
2132
1
dcdh-cbdc 8071
2134
1
ggb-cbde 8071
2135
2
bihf-cbdf 4181
ccad-cbdf 3890
2136
1
hegd-cbdg 8071
2139
1
hdfj-cbdj 8071
2141
1
hai-cbeb 8071
2142
1
befi-cbec 8071
2144
1
cjig-cbee 8071
2147
2
dah-cbeh 6727
ccaf-cbeh 1344
2150
1
bbig-cbfa 8071
2152
2
cfac-cbfc 4530
feeg-cbfc 3541
2156
1
baf-cbfg 8071
2157
1
hehh-cbfh 8071
2158
1
bfae-cbfi 8071
2160
1
eajg-cbga 8071
2162
1
fagi-cbgc 8071
2165
1
bd-cbgf 8071
2166
1
bhac-cbgg 8071
2168
1
caa-cbgi 8071
2169
1
gjgh-cbgj 8071
2173
1
bc-cbhd 8071
2177
1
hjda-cbhh 8071
2178
2
egid-cbhi 3366
hebi-cbhi 4705
2179
1
de-cbhj 8071
2184
1
dagc-cbie 8071
2193
2
ggdd-cbjd 2390
cgfb-cbjd 5681
2194
1
ghef-cbje 8071
2197
1
cige-cbjh 8071
2201
1
cjec-ccab 8071
2202
1
fiah-ccac 8071
2203
1
ejej-ccad 8071
2204
1
g-ccae 8071
2205
2
iaf-ccaf 6708
faba-ccaf 1363
2206
2
behh-ccag 2056
eja-ccag 6015
2208
1
hbg-ccai 8071
2209
1
ifa-ccaj 8071
2213
1
ebh-ccbd 8071
2214
1
gagj-ccbe 8071
2215
1
cbah-ccbf 8071
2216
1
dbbg-ccbg 8071
2218
1
ebch-ccbi 8071
2223
1
hdj-cccd 8071
2224
2
fgcc-ccce 3821
beig-ccce 4250
2229
1
bcii-cccj 8071
2235
1
dc-ccdf 8071
2236
1
deii-ccdg 8071
2237
1
fed-ccdh 8071
2238
1
febh-ccdi 8071
2240
2
fgga-ccea 3334
cifj-ccea 4737
2241
1
bcda-cceb 8071
2245
2
be-ccef 2408
cbjd-ccef 5663
2247
2
jff-cceh 2378
bbbb-cceh 5693
2248
2
efca-ccei 6901
bfbb-ccei 1170
2249
2
bhcd-ccej 3626
ife-ccej 4445
2250
1
bfah-ccfa 8071
2256
2
ddjj-ccfg 5942
fjfd-ccfg 2129
2258
1
ejcg-ccfi 8071
2259
2
begh-ccfj 3837
faa-ccfj 4234
2260
1
fbc-ccga 8071
2261
2
hddc-ccgb 4298
cgbh-ccgb 3773
2264
1
fegj-ccge 8071
2266
2
baf-ccgg 920
fg-ccgg 7151
2267
1
bddf-ccgh 8071
2271
2
ehbg-cchb 7894
ffih-cchb 177
2279
1
jae-cchj 8071
2284
1
fca-ccie 8071
2291
1
bai-ccjb 8071
2293
2
bgjg-ccjd 6946
bdi-ccjd 1125
2296
3
dgfe-ccjg 2664
bebj-ccjg 3136
cgdd-ccjg 2271
2297
1
bdb-ccjh 8071
2298
1
gfc-ccji 8071
2301
1
dceb-cdab 8071
2303
1
gh-cdad 8071
2305
3
cj-cdaf 4278
faja-cdaf 725
hfaa-cdaf 3068
2306
1
dhcc-cdag 8071
2308
2
hhh-cdai 5969
bdc-cdai 2102
2309
1
cd-cdaj 8071
2311
1
egf-cdbb 8071
2317
1
heji-cdbh 8071
2318
1
dd-cdbi 8071
2319
1
idc-cdbj 8071
2321
1
dec-cdcb 8071
2322
2
hdhc-cdcc 4374
gfha-cdcc 3697
2325
2
hebf-cdcf 5252
edd-cdcf 2819
2327
1
deeh-cdch 8071
2328
1
ejie-cdci 8071
2331
1
dcbb-cddb 8071
2332
1
hajg-cddc 8071
2333
2
dgj-cddd 7527
ddic-cddd 544
2340
1
bgbb-cdea 8071
2343
1
bggb-cded 8071
2347
1
edhf-cdeh 8071
2348
1
cdib-cdei 8071
2349
1
cf-cdej 8071
2350
1
efj-cdfa 8071
2351
1
ece-cdfb 8071
2356
2
ggfd-cdfg 3916
difd-cdfg 4155
2357
1
bgac-cdfh 8071
2358
2
fii-cdfi 6362
bgcb-cdfi 1709
2359
1
beib-cdfj 8071
2361
3
hfd-cdgb 301
fi-cdgb 3797
gbj-cdgb 3973
2368
1
cddd-cdgi 8071
2374
1
bcgi-cdhe 8071
2377
1
eehd-cdhh 8071
2378
1
fcef-cdhi 8071
2380
2
fedd-cdia 7815
fdhi-cdia 256
2381
1
gcfh-cdib 8071
2385
1
baai-cdif 8071
2386
1
bdjd-cdig 8071
2387
1
ced-cdih 8071
2393
1
dfag-cdjd 8071
2394
1
cifg-cdje 8071
2398
1
fjcc-cdji 8071
2404
1
ffc-ceae 8071
2412
1
dhf-cebc 8071
2415
1
bjhg-cebf 8071
2417
1
dbjd-cebh 8071
2418
1
ebid-cebi 8071
2420
1
gga-ceca 8071
2425
1
becf-cecf 8071
2429
2
bfbc-cecj 4211
jah-cecj 3860
2437
1
face-cedh 8071
2439
1
cdj-cedj 8071
2440
1
bheb-ceea 8071
2444
1
dccd-ceee 8071
2448
1
fhjh-ceei 8071
2449
1
bgje-ceej 8071
2451
1
bicf-cefb 8071
2452
2
cde-cefc 4713
cige-cefc 3358
2453
2
fa-cefd 5265
jjc-cefd 2806
2459
1
edah-cefj 8071
2462
1
bf-cegc 8071
2469
1
dai-cegj 8071
2471
1
eja-cehb 8071
2473
2
bbec-cehd 3597
gaea-cehd 4474
2475
3
ffcj-cehf 2767
cjcf-cehf 1793
ghij-cehf 3511
2477
1
cbdc-cehh 8071
2480
1
fii-ceia 8071
2482
1
bfee-ceic 8071
2483
3
bhi-ceid 688
bhhg-ceid 49
egc-ceid 7334
2484
1
hhaa-ceie 8071
2485
1
egad-ceif 8071
2486
1
gjjb-ceig 8071
2489
1
ehb-ceij 8071
2490
1
cbah-ceja 8071
2491
2
hdd-cejb 4036
eigb-cejb 4035
2495
1
cjei-cejf 8071
2497
1
eeej-cejh 8071
2499
1
bhaj-cejj 8071
2502
1
ggg-cfac 8071
2503
1
dbh-cfad 8071
2506
1
cccd-cfag 8071
2508
2
fad-cfai 2984
fdda-cfai 5087
2509
1
bgdc-cfaj 8071
2510
1
hdg-cfba 8071
2512
1
beee-cfbc 8071
2521
1
baii-cfcb 8071
2522
1
gadd-cfcc 8071
2529
1
cdei-cfcj 8071
2530
1
eic-cfda 8071
2531
1
ghje-cfdb 8071
2535
1
cfge-cfdf 8071
2537
1
bhi-cfdh 8071
2538
1
cjb-cfdi 8071
2539
2
jbi-cfdj 7335
cgcd-cfdj 736
2542
1
geci-cfec 8071
2543
1
egj-cfed 8071
2544
1
edej-cfee 8071
2545
2
feec-cfef 4361
ddb-cfef 3710
2547
2
daci-cfeh 2695
dhef-cfeh 5376
2552
1
fge-cffc 8071
2563
1
dcbf-cfgd 8071
2564
1
eafc-cfge 8071
2572
1
cdbh-cfhc 8071
2576
1
bgja-cfhg 8071
2577
1
bid-cfhh 8071
2578
1
idj-cfhi 8071
2579
1
dbhb-cfhj 8071
2582
1
deej-cfic 8071
2587
1
bb-cfih 8071
2592
1
bhda-cfjc 8071
2594
1
fiaf-cfje 8071
2596
1
hafg-cfjg 8071
2598
1
cdgb-cfji 8071
2601
1
cijf-cgab 8071
2604
1
ccbd-cgae 8071
2610
1
hace-cgba 8071
2611
1
efca-cgbb 8071
2617
1
dd-cgbh 8071
2620
1
fddf-cgca 8071
2621
1
fiaa-cgcb 8071
2622
1
hbgc-cgcc 8071
2623
1
djeg-cgcd 8071
2633
2
hgdi-cgdd 5755
ecff-cgdd 2316
2634
1
hbgf-cgde 8071
2635
1
beai-cgdf 8071
2637
2
fic-cgdh 7479
ffcd-cgdh 592
2643
1
gcfe-cged 8071
2644
1
fcdf-cgee 8071
2646
1
dida-cgeg 8071
2651
1
eb-cgfb 8071
2657
1
bjag-cgfh 8071
2658
2
cic-cgfi 4584
cfe-cgfi 3487
2659
1
habf-cgfj 8071
2662
1
bcbi-cggc 8071
2665
2
bgea-cggf 5253
hjg-cggf 2818
2668
1
ffeh-cggi 8071
2669
2
caf-cggj 3271
bahc-cggj 4800
2676
1
deha-cghg 8071
2680
1
cg-cgia 8071
2683
1
eacj-cgid 8071
2684
1
g-cgie 8071
2691
1
cije-cgjb 8071
2692
1
caag-cgjc 8071
2694
1
iag-cgje 8071
2699
1
cjfh-cgjj 8071
2702
1
dbcb-chac 8071
2703
1
eagb-chad 8071
2706
1
bcei-chag 8071
2708
1
fheg-chai 8071
2712
1
bcjj-chbc 8071
2720
1
bih-chca 8071
2727
1
bhb-chch 8071
2731
3
hfhh-chdb 5653
gb-chdb 798
cdd-chdb 1620
2732
2
bcg-chdc 1731
feic-chdc 6340
2734
1
bfaa-chde 8071
2736
1
ie-chdg 8071
2741
1
chjf-cheb 8071
2742
1
haca-chec 8071
2743
1
iga-ched 8071
2745
1
gc-chef 8071
2746
1
bde-cheg 8071
2747
1
j-cheh 8071
2748
1
fdbd-chei 8071
2752
1
gdb-chfc 8071
2754
1
fcd-chfe 8071
2763
2
dgec-chgd 7220
cf-chgd 851
2768
1
dfei-chgi 8071
2769
1
bc-chgj 8071
2770
2
eabc-chha 6282
dcag-chha 1789
2774
1
ebbj-chhe 8071
2778
1
bdja-chhi 8071
2779
1
hhfg-chhj 8071
2783
1
daib-chid 8071
2785
2
fgba-chif 2684
hhe-chif 5387
2787
3
chjg-chih 1022
bcac-chih 2746
caaf-chih 4303
2788
1
gfce-chii 8071
2789
1
bjdh-chij 8071
2791
1
gaaa-chjb 8071
2792
2
fdbj-chjc 4496
dgje-chjc 3575
2794
3
bbge-chje 5657
dfba-chje 1113
bcja-chje 1301
2795
1
ej-chjf 8071
2796
1
fcaa-chjg 8071
2798
1
eii-chji 8071
2800
2
ehbb-ciaa 7420
bbbf-ciaa 651
2802
1
gicj-ciac 8071
2805
1
gefe-ciaf 8071
2807
1
bdjc-ciah 8071
2808
1
dbfe-ciai 8071
2810
1
cjbc-ciba 8071
2814
1
fa-cibe 8071
2818
1
da-cibi 8071
2819
2
eaah-cibj 3555
caec-cibj 4516
2823
1
hghd-cicd 8071
2826
1
jgc-cicg 8071
2832
1
gjbi-cidc 8071
2836
1
bfic-cidg 8071
2837
1
fghj-cidh 8071
2843
1
bdjh-cied 8071
2846
1
ijd-cieg 8071
2851
1
hahe-cifb 8071
2854
1
fagj-cife 8071
2856
2
bjgh-cifg 2921
cac-cifg 5150
2859
1
cfad-cifj 8071
2861
2
ebcc-cigb 2513
fhdg-cigb 5558
2862
2
dd-cigc 1470
gahi-cigc 6601
2863
1
becg-cigd 8071
2864
2
fig-cige 4707
fej-cige 3364
2866
1
jd-cigg 8071
2867
2
baec-cigh 2834
chc-cigh 5237
2868
1
gih-cigi 8071
2870
1
ehad-ciha 8071
2871
1
hafa-cihb 8071
2876
3
hc-cihg 3361
fich-cihg 1067
fchd-cihg 3643
2880
1
cadb-ciia 8071
2881
2
fjhc-ciib 2302
baia-ciib 5769
2882
1
fi-ciic 8071
2888
1
hegj-ciii 8071
2891
1
bec-cijb 8071
2892
1
cdbi-cijc 8071
2894
1
dcii-cije 8071
2895
2
bgi-cijf 5025
bdjb-cijf 3046
2899
1
ebga-cijj 8071
2901
1
fjg-cjab 8071
2902
1
ed-cjac 8071
2908
2
ghe-cjai 2617
bfcd-cjai 5454
2909
1
fah-cjaj 8071
2910
1
ifh-cjba 8071
2911
1
cahd-cjbb 8071
2912
1
badh-cjbc 8071
2913
1
cchb-cjbd 8071
2915
1
dig-cjbf 8071
2916
1
dfhe-cjbg 8071
2919
1
cada-cjbj 8071
2923
1
bfc-cjcd 8071
2925
1
iaf-cjcf 8071
2926
1
chih-cjcg 8071
2932
1
djad-cjdc 8071
2934
1
habd-cjde 8071
2935
2
cjif-cjdf 3342
ccc-cjdf 4729
2936
1
fbcd-cjdg 8071
2939
1
beh-cjdj 8071
2941
3
hfjb-cjeb 2460
hfgg-cjeb 3487
ghjb-cjeb 2124
2942
1
chi-cjec 8071
2944
1
ddbb-cjee 8071
2948
2
dd-cjei 313
gabg-cjei 7758
2950
1
ddei-cjfa 8071
2951
1
gaff-cjfb 8071
2954
1
ebih-cjfe 8071
2955
1
jcd-cjff 8071
2956
2
cgfj-cjfg 3049
ei-cjfg 5022
2957
1
chif-cjfh 8071
2958
1
i-cjfi 8071
2961
1
gfaf-cjgb 8071
2963
2
efbg-cjgd 1985
bdbj-cjgd 6086
2967
1
fhc-cjgh 8071
2971
1
diie-cjhb 8071
2973
1
d-cjhd 8071
2974
1
ebb-cjhe 8071
2979
1
j-cjhj 8071
2983
2
dfjg-cjid 4433
ehbf-cjid 3638
2985
1
dhha-cjif 8071
2986
2
bcag-cjig 7166
fehh-cjig 905
2991
1
dgej-cjjb 8071
2992
1
dabc-cjjc 8071
2993
1
cade-cjjd 8071
2994
1
badd-cjje 8071
2998
1
dd-cjji 8071
3003
1
ejja-daad 8071
3010
1
fgga-daba 8071
3011
1
bhif-dabb 8071
3012
1
bebj-dabc 8071
3013
1
dahj-dabd 8071
3014
1
ggdf-dabe 8071
3015
1
cjfg-dabf 8071
3017
1
ccej-dabh 8071
3020
2
dhhd-daca 6672
giib-daca 1399
3021
1
ddj-dacb 8071
3023
3
chf-dacd 5615
fi-dacd 1716
bfce-dacd 740
3027
1
dbgh-dach 8071
3028
2
habj-daci 3890
caib-daci 4181
3030
1
fdcc-dada 8071
3031
1
iee-dadb 8071
3032
1
dehe-dadc 8071
3033
1
cjjc-dadd 8071
3037
2
bggd-dadh 7085
hcgg-dadh 986
3038
2
eai-dadi 5561
cgd-dadi 2510
3041
1
he-daeb 8071
3044
1
gdge-daee 8071
3050
2
i-dafa 4911
ffjb-dafa 3160
3052
1
bbbb-dafc 8071
3053
1
bdea-dafd 8071
3062
1
dhhc-dagc 8071
3064
1
dddi-dage 8071
3070
1
ejjb-daha 8071
3074
1
hef-dahe 8071
3079
2
eceg-dahj 4819
ggah-dahj 3252
3080
1
cfeh-daia 8071
3081
1
gfac-daib 8071
3082
1
dci-daic 8071
3085
1
cefb-daif 8071
3090
1
edaj-daja 8071
3092
1
bf-dajc 8071
3094
1
eeje-daje 8071
3098
1
efb-daji 8071
3099
1
cfhi-dajj 8071
3101
1
hhhf-dbab 8071
3108
1
cdgi-dbai 8071
3112
1
e-dbbc 8071
3114
1
ba-dbbe 8071
3116
1
baih-dbbg 8071
3118
1
hdf-dbbi 8071
3121
1
bged-dbcb 8071
3128
2
bdgd-dbci 3054
jda-dbci 5017
3132
1
ef-dbdc 8071
3137
1
bcj-dbdh 8071
3138
1
fcf-dbdi 8071
3140
1
iii-dbea 8071
3142
1
igc-dbec 8071
3144
1
dbg-dbee 8071
3146
1
cahi-dbeg 8071
3151
1
hifi-dbfb 8071
3152
2
ebfc-dbfc 5640
chh-dbfc 2431
3153
2
bfej-dbfd 6513
dehb-dbfd 1558
3154
1
didc-dbfe 8071
3155
1
jdj-dbff 8071
3157
1
jfh-dbfh 8071
3159
1
bdab-dbfj 8071
3163
1
eebj-dbgd 8071
3167
1
biej-dbgh 8071
3171
1
fajg-dbhb 8071
3172
1
cceb-dbhc 8071
3175
2
cahc-dbhf 6908
bbc-dbhf 1163
3176
1
baca-dbhg 8071
3177
1
cejb-dbhh 8071
3180
1
ij-dbia 8071
3187
1
bebb-dbih 8071
3189
1
cjde-dbij 8071
3193
1
eh-dbjd 8071
3197
1
ja-dbjh 8071
3200
1
dfhi-dcaa 8071
3201
1
df-dcab 8071
3202
1
cbcd-dcac 8071
3205
1
cf-dcaf 8071
3206
2
chha-dcag 6266
cjgh-dcag 1805
3208
1
gjee-dcai 8071
3209
1
beia-dcaj 8071
3211
1
hjjb-dcbb 8071
3214
1
bigc-dcbe 8071
3215
2
egfj-dcbf 6582
fdca-dcbf 1489
3219
1
fhjf-dcbj 8071
3220
1
cehh-dcca 8071
3222
1
bdcf-dccc 8071
3223
1
dijd-dccd 8071
3227
1
bjej-dcch 8071
3231
1
gegc-dcdb 8071
3232
2
dif-dcdc 7597
bdhi-dcdc 474
3234
2
bege-dcde 5274
bigb-dcde 2797
3237
2
gjic-dcdh 1596
hchd-dcdh 6475
3239
1
fge-dcdj 8071
3240
2
bdbd-dcea 6961
bfg-dcea 1110
3241
2
ecbi-dceb 6352
ibj-dceb 1719
3242
1
efbc-dcec 8071
3245
1
bfe-dcef 8071
3248
1
jgg-dcei 8071
3251
2
bahb-dcfb 6471
bbfh-dcfb 1600
3252
1
bjgb-dcfc 8071
3253
1
cbcj-dcfd 8071
3254
1
gbha-dcfe 8071
3256
2
dijh-dcfg 969
faeg-dcfg 7102
3259
1
ecec-dcfj 8071
3261
1
baga-dcgb 8071
3265
1
ejgj-dcgf 8071
3270
1
daic-dcha 8071
3271
1
deh-dchb 8071
3274
1
ji-dche 8071
3278
1
cecj-dchi 8071
3279
1
gih-dchj 8071
3288
1
bfeb-dcii 8071
3290
1
dj-dcja 8071
3295
1
hcjc-dcjf 8071
3296
1
bbba-dcjg 8071
3299
1
bii-dcjj 8071
3302
1
fif-ddac 8071
3303
1
fai-ddad 8071
3309
2
ejdj-ddaj 6420
ebeh-ddaj 1651
3310
1
hcbj-ddba 8071
3311
1
gfbe-ddbb 8071
3317
1
bicb-ddbh 8071
3321
1
bhj-ddcb 8071
3326
1
gaed-ddcg 8071
3327
1
bcjg-ddch 8071
3329
1
bdfa-ddcj 8071
3331
1
efi-dddb 8071
3338
1
chj-dddi 8071
3341
2
cdi-ddeb 1344
hedh-ddeb 6727
3342
1
caij-ddec 8071
3346
1
bdde-ddeg 8071
3347
1
dcgf-ddeh 8071
3348
2
gbdf-ddei 6312
dcef-ddei 1759
3350
1
cccj-ddfa 8071
3351
1
bbgg-ddfb 8071
3353
1
cbb-ddfd 8071
3355
1
dad-ddff 8071
3359
1
bec-ddfj 8071
3360
1
bjcd-ddga 8071
3362
2
djj-ddgc 4745
dchb-ddgc 3326
3375
1
bbcg-ddhf 8071
3380
1
fdf-ddia 8071
3382
1
cjhd-ddic 8071
3384
1
bd-ddie 8071
3387
2
bcha-ddih 7636
hf-ddih 435
3391
1
hiaj-ddjb 8071
3393
1
hagi-ddjd 8071
3399
1
ehja-ddjj 8071
3402
1
icb-deac 8071
3403
1
bdd-dead 8071
3404
1
bedc-deae 8071
3405
1
ehgf-deaf 8071
3409
2
bghe-deaj 6095
ccdi-deaj 1976
3415
1
def-debf 8071
3419
2
dfaf-debj 1962
cacj-debj 6109
3421
1
ccf-decb 8071
3422
1
hbd-decc 8071
3423
1
ih-decd 8071
3424
3
hafi-dece 5832
bjii-dece 1263
dadh-dece 976
3429
1
hfcd-decj 8071
3434
1
gffb-dede 8071
3435
1
beii-dedf 8071
3442
1
fgei-deec 8071
3447
1
cagh-deeh 8071
3449
1
eabh-deej 8071
3450
1
fjjc-defa 8071
3452
1
edjb-defc 8071
3453
1
ehic-defd 8071
3458
1
gffc-defi 8071
3459
1
fce-defj 8071
3460
2
eghg-dega 4364
ddg-dega 3707
3465
2
cfg-degf 6501
fbdg-degf 1570
3467
1
heih-degh 8071
3470
2
gfea-deha 7100
dhai-deha 971
3471
2
gb-dehb 7160
hhej-dehb 911
3474
2
hdhb-dehe 1528
biji-dehe 6543
3476
1
hjei-dehg 8071
3478
1
beih-dehi 8071
3483
1
bdgj-deid 8071
3487
1
daji-deih 8071
3488
2
bfjc-deii 3258
fjgi-deii 4813
3491
1
ehdd-dejb 8071
3497
1
cihb-dejh 8071
3499
1
eadd-dejj 8071
3502
1
edbj-dfac 8071
3505
3
edeb-dfaf 2165
cgfh-dfaf 5268
fiei-dfaf 638
3506
1
cb-dfag 8071
3507
1
dafa-dfah 8071
3510
2
chje-dfba 5642
gjhj-dfba 2429
3513
1
eaha-dfbd 8071
3518
2
hdci-dfbi 1429
edfg-dfbi 6642
3522
1
d-dfcc 8071
3523
1
jhj-dfcd 8071
3531
1
j-dfdb 8071
3534
1
hai-dfde 8071
3542
1
cjfa-dfec 8071
3545
1
eifb-dfef 8071
3546
1
befe-dfeg 8071
3547
1
hg-dfeh 8071
3548
1
gdga-dfei 8071
3558
1
cbae-dffi 8071
3564
1
dbfd-dfge 8071
3565
2
baei-dfgf 2996
hiih-dfgf 5075
3567
1
gfic-dfgh 8071
3568
1
fife-dfgi 8071
3573
1
beae-dfhd 8071
3574
1
behc-dfhe 8071
3575
1
fcfa-dfhf 8071
3578
1
eh-dfhi 8071
3587
1
ccj-dfih 8071
3588
2
ei-dfii 5193
gjfa-dfii 2878
3593
1
ggfj-dfjd 8071
3595
1
eab-dfjf 8071
3596
1
hegg-dfjg 8071
3600
1
dgb-dgaa 8071
3602
1
bjf-dgac 8071
3611
1
bda-dgbb 8071
3613
1
ghdf-dgbd 8071
3618
1
gcgb-dgbi 8071
3622
1
dcf-dgcc 8071
3626
1
efej-dgcg 8071
3627
1
bc-dgch 8071
3636
1
gdeb-dgdg 8071
3642
3
cajc-dgec 3529
hhcc-dgec 637
gdba-dgec 3905
3645
1
ddga-dgef 8071
3647
1
eajc-dgeh 8071
3649
1
egda-dgej 8071
3650
1
dece-dgfa 8071
3651
1
dcdj-dgfb 8071
3654
3
caba-dgfe 2626
eich-dgfe 3379
ig-dgfe 2066
3663
2
diad-dggd 2991
dieb-dggd 5080
3665
1
ffb-dggf 8071
3666
1
hhgc-dggg 8071
3667
1
efhe-dggh 8071
3670
2
gfii-dgha 5796
bdj-dgha 2275
3672
1
dhcf-dghc 8071
3673
1
ddeh-dghd 8071
3674
1
dfbi-dghe 8071
3678
1
bcce-dghi 8071
3684
1
bd-dgie 8071
3686
1
hi-dgig 8071
3694
1
ghfh-dgje 8071
3696
1
bhjj-dgjg 8071
3700
1
gbc-dhaa 8071
3701
1
fiha-dhab 8071
3705
1
ggbj-dhaf 8071
3706
1
fiei-dhag 8071
3707
1
gce-dhah 8071
3708
1
fii-dhai 8071
3710
1
gfah-dhba 8071
3711
1
ehf-dhbb 8071
3713
1
eceg-dhbd 8071
3722
2
eaie-dhcc 6234
bii-dhcc 1837
3724
1
dbb-dhce 8071
3725
1
fcch-dhcf 8071
3726
1
bbf-dhcg 8071
3729
1
hbhd-dhcj 8071
3734
1
bbd-dhde 8071
3735
1
bgbg-dhdf 8071
3739
1
bgc-dhdj 8071
3741
1
bgcd-dheb 8071
3743
1
bdbj-dhed 8071
3745
1
hibj-dhef 8071
3754
2
ejhe-dhfe 1692
eje-dhfe 6379
3758
1
cfag-dhfi 8071
3759
1
dcde-dhfj 8071
3761
1
cadd-dhgb 8071
3765
1
bdhi-dhgf 8071
3770
1
bbh-dhha 8071
3772
2
efe-dhhc 6961
ia-dhhc 1110
3773
2
gdei-dhhd 3065
gij-dhhd 5006
3792
2
eahe-dhjc 4033
eiff-dhjc 4038
3798
1
gfag-dhji 8071
3799
1
bgic-dhjj 8071
3803
1
bfaj-diad 8071
3805
1
chjc-diaf 8071
3809
1
fhge-diaj 8071
3810
2
bgc-diba 2192
iej-diba 5879
3812
1
cabb-dibc 8071
3816
1
dcea-dibg 8071
3822
1
de-dicc 8071
3825
1
fdah-dicf 8071
3826
1
hece-dicg 8071
3830
1
hecc-dida 8071
3832
1
figb-didc 8071
3833
1
bbgj-didd 8071
3834
1
bfec-dide 8071
3835
1
babg-didf 8071
3841
1
cbhi-dieb 8071
3842
1
b-diec 8071
3846
1
fjia-dieg 8071
3848
1
bbic-diei 8071
3853
1
dg-difd 8071
3854
1
c-dife 8071
3856
1
ice-difg 8071
3862
2
ejjb-digc 4042
bijj-digc 4029
3864
1
bbdc-dige 8071
3865
1
cfgd-digf 8071
3870
2
hbge-diha 3004
gddj-diha 5067
3874
1
fbbh-dihe 8071
3876
1
dgfa-dihg 8071
3880
1
fifd-diia 8071
3881
1
bbe-diib 8071
3884
2
dabe-diie 1822
gghd-diie 6249
3893
1
bjdc-dijd 8071
3897
1
bh-dijh 8071
3900
1
bhad-djaa 8071
3902
1
fhca-djac 8071
3916
1
hedh-djbg 8071
3919
2
eicc-djbj 6343
ihb-djbj 1728
3923
1
edfb-djcd 8071
3934
1
dgaa-djde 8071
3942
2
dg-djec 1719
baf-djec 6352
3946
1
chgd-djeg 8071
3953
2
ggc-djfd 2212
egce-djfd 5859
3954
1
ebgh-djfe 8071
3955
1
eacf-djff 8071
3957
1
cgeg-djfh 8071
3959
1
dgec-djfj 8071
3963
1
egeh-djgd 8071
3965
1
fhcc-djgf 8071
3977
1
cded-djhh 8071
3982
1
bef-djic 8071
3983
3
gcbi-djid 5964
bdbh-djid 181
fiie-djid 1926
3992
1
cab-djjc 8071
3994
1
eidc-djje 8071
3998
1
cgjc-djji 8071
4005
1
dfah-eaaf 8071
4006
1
bhbb-eaag 8071
4007
1
cfhc-eaah 8071
4012
1
becb-eabc 8071
4017
1
dih-eabh 8071
4019
1
ebbb-eabj 8071
4022
2
di-eacc 3964
fhj-eacc 4107
4025
2
deac-eacf 6583
dheb-eacf 1488
4029
1
eeae-eacj 8071
4033
1
bcjj-eadd 8071
4038
1
fiba-eadi 8071
4039
1
bcah-eadj 8071
4045
1
ebhf-eaef 8071
4046
1
cf-eaeg 8071
4047
1
fid-eaeh 8071
4049
1
cbaf-eaej 8071
4052
1
fbbe-eafc 8071
4057
1
ejhe-eafh 8071
4061
2
ejbj-eagb 3473
fije-eagb 4598
4064
1
ggi-eage 8071
4070
1
ddeb-eaha 8071
4074
2
fjjd-eahe 8043
hhih-eahe 28
4075
1
gac-eahf 8071
4084
1
fh-eaie 8071
4090
1
gdjd-eaja 8071
4092
1
eh-eajc 8071
4093
1
fcai-eajd 8071
4094
1
fe-eaje 8071
4096
1
cheh-eajg 8071
4099
1
dhfi-eajj 8071
4106
1
die-ebag 8071
4108
1
eifj-ebai 8071
4110
1
fabf-ebba 8071
4111
1
bicj-ebbb 8071
4119
2
dcac-ebbj 4258
cdb-ebbj 3813
4121
1
fb-ebcb 8071
4122
2
baef-ebcc 2533
cigb-ebcc 5538
4125
1
ehhe-ebcf 8071
4127
1
ecif-ebch 8071
4141
1
ccab-ebeb 8071
4142
1
fgbf-ebec 8071
4147
2
ddaj-ebeh 6378
bcdd-ebeh 1693
4150
1
bihj-ebfa 8071
4151
1
dc-ebfb 8071
4152
1
fhda-ebfc 8071
4154
1
cie-ebfe 8071
4157
1
hjie-ebfh 8071
4158
1
beab-ebfi 8071
4159
1
cdbj-ebfj 8071
4160
1
gjig-ebga 8071
4161
1
id-ebgb 8071
4163
1
gede-ebgd 8071
4167
1
iah-ebgh 8071
4168
1
eceb-ebgi 8071
4170
1
gag-ebha 8071
4175
1
bfb-ebhf 8071
4177
1
ffai-ebhh 8071
4178
1
fab-ebhi 8071
4179
1
cdfi-ebhj 8071
4181
1
cjcd-ebib 8071
4183
1
eeci-ebid 8071
4185
1
eafh-ebif 8071
4192
1
edgj-ebjc 8071
4193
1
bece-ebjd 8071
4200
1
cig-ecaa 8071
4201
1
bah-ecab 8071
4202
1
dai-ecac 8071
4203
1
cbae-ecad 8071
4206
1
gda-ecag 8071
4210
1
jab-ecba 8071
4213
1
fged-ecbd 8071
4218
1
defj-ecbi 8071
4221
1
bbjb-eccb 8071
4225
1
gi-eccf 8071
4227
1
ifd-ecch 8071
4228
1
bbfe-ecci 8071
4235
1
ddeb-ecdf 8071
4236
1
ejag-ecdg 8071
4237
1
hiac-ecdh 8071
4241
1
dcag-eceb 8071
4242
1
eeg-ecec 8071
4246
2
ej-eceg 6256
baii-eceg 1815
4247
1
fggg-eceh 8071
4250
1
bhfi-ecfa 8071
4253
1
dcfc-ecfd 8071
4254
1
cjeb-ecfe 8071
4255
2
hbdi-ecff 5754
bice-ecff 2317
4264
1
cicd-ecge 8071
4269
1
cdfh-ecgj 8071
4270
1
fee-echa 8071
4277
1
ghai-echh 8071
4279
2
bbgb-echj 3311
chde-echj 4760
4283
1
fche-ecid 8071
4285
2
efgg-ecif 5062
hfib-ecif 3009
4288
1
df-ecii 8071
4290
1
dgfe-ecja 8071
4304
1
cggf-edae 8071
4307
1
ef-edah 8071
4309
1
jd-edaj 8071
4315
2
gehb-edbf 5389
ghc-edbf 2682
4319
1
bcdj-edbj 8071
4325
2
bcb-edcf 5445
bghf-edcf 2626
4329
1
dggd-edcj 8071
4330
1
hjif-edda 8071
4333
1
ged-eddd 8071
4334
1
dgbi-edde 8071
4336
1
fdh-eddg 8071
4337
1
bbbj-eddh 8071
4338
1
gf-eddi 8071
4341
3
hiei-edeb 2180
dfaf-edeb 4894
bfii-edeb 997
4347
1
bfcj-edeh 8071
4349
1
gbbf-edej 8071
4351
1
bah-edfb 8071
4352
1
hbg-edfc 8071
4356
1
bici-edfg 8071
4357
1
cj-edfh 8071
4358
1
ifh-edfi 8071
4359
1
cf-edfj 8071
4363
1
baci-edgd 8071
4367
2
egh-edgh 4052
cjfb-edgh 4019
4369
1
cddc-edgj 8071
4370
2
hjec-edha 7096
hgjg-edha 975
4372
1
gjaj-edhc 8071
4375
1
bcic-edhf 8071
4377
1
bfe-edhh 8071
4382
1
faja-edic 8071
4388
1
gci-edii 8071
4391
1
bice-edjb 8071
4396
1
bbca-edjg 8071
4401
1
bdea-eeab 8071
4402
1
hfij-eeac 8071
4404
1
gcgf-eeae 8071
4409
2
djji-eeaj 7311
gj-eeaj 760
4410
1
cei-eeba 8071
4411
1
fdfb-eebb 8071
4416
1
jif-eebg 8071
4419
1
hf-eebj 8071
4420
1
ci-eeca 8071
4423
1
ejgh-eecd 8071
4424
1
iid-eece 8071
4428
2
ifa-eeci 1932
bgja-eeci 6139
4430
1
hejf-eeda 8071
4432
1
cfjc-eedc 8071
4439
1
fgbd-eedj 8071
4440
2
bdha-eeea 2239
fhce-eeea 5832
4441
1
fgbh-eeeb 8071
4449
2
gh-eeej 2436
eddg-eeej 5635
4454
1
hd-eefe 8071
4456
1
ehii-eefg 8071
4458
1
biaa-eefi 8071
4459
1
bbbh-eefj 8071
4462
1
bfce-eegc 8071
4465
1
bcbe-eegf 8071
4466
1
cg-eegg 8071
4467
1
gigj-eegh 8071
4473
1
ejeg-eehd 8071
4475
1
ebfh-eehf 8071
4482
1
cchb-eeic 8071
4486
1
dgch-eeig 8071
4490
1
fiji-eeja 8071
4492
1
beh-eejc 8071
4494
2
cfed-eeje 2579
bggh-eeje 5492
4498
1
gdfb-eeji 8071
4502
1
bfig-efac 8071
4509
1
jbi-efaj 8071
4512
1
ggih-efbc 8071
4516
2
bifj-efbg 3122
hdfj-efbg 4949
4520
1
ccei-efca 8071
4521
1
fhga-efcb 8071
4523
1
egjj-efcd 8071
4533
1
ggg-efdd 8071
4536
1
gii-efdg 8071
4543
1
chdc-efed 8071
4549
1
cdcf-efej 8071
4552
1
gfe-effc 8071
4554
1
hahg-effe 8071
4556
1
ii-effg 8071
4557
1
cibi-effh 8071
4559
1
bddb-effj 8071
4564
1
bfjd-efge 8071
4566
1
jfg-efgg 8071
4568
1
ceea-efgi 8071
4571
1
behc-efhb 8071
4573
1
ghhh-efhd 8071
4574
1
hchc-efhe 8071
4576
1
hgjd-efhg 8071
4579
1
baah-efhj 8071
4580
1
bacc-efia 8071
4582
1
bgf-efic 8071
4583
1
hicc-efid 8071
4585
1
ijh-efif 8071
4590
1
cih-efja 8071
4591
2
gia-efjb 3191
ieh-efjb 4880
4592
1
eg-efjc 8071
4595
1
bjjj-efjf 8071
4596
1
bjgi-efjg 8071
4602
1
gbj-egac 8071
4603
2
bggb-egad 4933
dafa-egad 3138
4605
1
dde-egaf 8071
4616
1
fiaj-egbg 8071
4617
1
fda-egbh 8071
4624
1
hffj-egce 8071
4630
2
fhff-egda 585
egej-egda 7486
4638
1
dfhd-egdi 8071
4643
1
eid-eged 8071
4645
2
jhg-egef 2741
bgf-egef 5330
4647
1
gfgh-egeh 8071
4648
1
dcaa-egei 8071
4649
1
bdai-egej 8071
4653
1
bc-egfd 8071
4657
1
bbga-egfh 8071
4659
1
ehid-egfj 8071
4662
1
fjgd-eggc 8071
4670
1
fbdd-egha 8071
4672
2
bhae-eghc 4968
jjg-eghc 3103
4674
1
gdaf-eghe 8071
4676
1
bgge-eghg 8071
4678
1
cebc-eghi 8071
4680
1
cci-egia 8071
4681
1
ihi-egib 8071
4682
2
hbg-egic 1959
bdgf-egic 6112
4683
1
bei-egid 8071
4685
1
dga-egif 8071
4687
1
ecaa-egih 8071
4689
1
cibj-egij 8071
4692
1
cgde-egjc 8071
4696
1
fcbh-egjg 8071
4698
2
gdbj-egji 2151
fh-egji 5920
4699
1
chg-egjj 8071
4702
1
id-ehac 8071
4703
2
bjhe-ehad 7875
g-ehad 196
4707
1
badc-ehah 8071
4708
2
dbe-ehai 4255
cdaf-ehai 3816
4709
1
bhg-ehaj 8071
4711
1
hjja-ehbb 8071
4714
1
gbbf-ehbe 8071
4715
1
hcb-ehbf 8071
4716
1
eccb-ehbg 8071
4719
1
ehgc-ehbj 8071
4721
1
faie-ehcb 8071
4722
1
big-ehcc 8071
4727
1
dgha-ehch 8071
4733
2
cjg-ehdd 5996
ggeb-ehdd 2075
4738
2
cfba-ehdi 4931
ja-ehdi 3140
4742
1
djfd-ehec 8071
4743
1
dbbc-ehed 8071
4747
1
didf-eheh 8071
4748
1
fefa-ehei 8071
4749
1
bac-ehej 8071
4750
1
fheg-ehfa 8071
4756
1
efi-ehfg 8071
4758
1
cde-ehfi 8071
4762
1
chhe-ehgc 8071
4765
1
egic-ehgf 8071
4769
1
egdi-ehgj 8071
4771
1
dci-ehhb 8071
4774
1
bcjj-ehhe 8071
4779
1
bfjd-ehhj 8071
4782
1
eihf-ehic 8071
4783
1
cgf-ehid 8071
4785
1
c-ehif 8071
4788
1
fbga-ehii 8071
4790
1
bfhe-ehja 8071
4791
2
ciib-ehjb 6193
dddb-ehjb 1878
4800
1
bja-eiaa 8071
4804
1
ej-eiae 8071
4806
1
bffa-eiag 8071
4807
2
ha-eiah 4760
fje-eiah 3311
4809
1
hfgj-eiaj 8071
4817
1
ddj-eibh 8071
4818
2
jg-eibi 7082
bajd-eibi 989
4819
2
gihi-eibj 3900
bfif-eibj 4171
4821
1
gj-eicb 8071
4822
2
ggei-eicc 6839
ead-eicc 1232
4827
1
if-eich 8071
4828
1
hbf-eici 8071
4832
2
bhj-eidc 3967
jbf-eidc 4104
4833
1
dd-eidd 8071
4836
2
bgjh-eidg 4245
befd-eidg 3826
4837
1
geb-eidh 8071
4843
1
gbfb-eied 8071
4844
1
bai-eiee 8071
4850
1
hadi-eifa 8071
4851
1
fbhi-eifb 8071
4855
1
jc-eiff 8071
4856
2
gddd-eifg 3853
hegd-eifg 4218
4857
1
dge-eifh 8071
4859
1
e-eifj 8071
4861
1
dhjc-eigb 8071
4862
1
bhig-eigc 8071
4863
1
bcf-eigd 8071
4864
1
cjj-eige 8071
4867
1
bede-eigh 8071
4870
1
begb-eiha 8071
4875
1
bdii-eihf 8071
4877
1
ddcj-eihh 8071
4878
1
hijd-eihi 8071
4880
1
ffae-eiia 8071
4881
1
fach-eiib 8071
4883
1
geb-eiid 8071
4885
1
bhcc-eiif 8071
4887
3
dic-eiih 5919
heje-eiih 64
bja-eiih 2088
4888
1
bjcg-eiii 8071
4898
1
cafj-eiji 8071
4902
1
hfd-ejac 8071
4906
1
dbe-ejag 8071
4914
1
dibc-ejbe 8071
4915
1
cdfg-ejbf 8071
4919
1
bjjf-ejbj 8071
4926
1
daja-ejcg 8071
4936
1
hch-ejdg 8071
4938
1
ddad-ejdi 8071
4939
1
bbch-ejdj 8071
4942
1
bde-ejec 8071
4945
1
bahe-ejef 8071
4946
2
ffef-ejeg 5453
fbah-ejeg 2618
4949
2
jjh-ejej 4139
bdgj-ejej 3932
4956
1
cb-ejfg 8071
4958
1
dfa-ejfi 8071
4959
1
cgf-ejfj 8071
4967
1
ba-ejgh 8071
4968
1
bfed-ejgi 8071
4969
1
ea-ejgj 8071
4972
1
bh-ejhc 8071
4974
1
eij-ejhe 8071
4975
1
bfab-ejhf 8071
4982
1
eiih-ejic 8071
4983
2
bdhh-ejid 6355
bdgh-ejid 1716
4984
1
ci-ejie 8071
4990
1
ejdi-ejja 8071
4991
2
hdef-ejjb 1828
dhg-ejjb 6243
5003
1
ecac-faad 8071
5010
1
bad-faba 8071
5012
1
j-fabc 8071
5013
1
giaf-fabd 8071
5014
1
hbeg-fabe 8071
5015
1
dai-fabf 8071
5020
1
bihg-faca 8071
5024
2
hgbi-face 7332
hfcf-face 739
5027
1
hcdi-fach 8071
5030
2
baie-fada 4455
gheh-fada 3616
5036
1
ej-fadg 8071
5037
1
bedb-fadh 8071
5041
2
bh-faeb 7354
hgae-faeb 717
5044
1
ccjh-faee 8071
5046
1
bijc-faeg 8071
5047
1
dbea-faeh 8071
5048
1
dbff-faei 8071
5050
1
caie-fafa 8071
5057
1
gc-fafh 8071
5060
1
ef-faga 8071
5063
1
cgjj-fagd 8071
5065
1
befg-fagf 8071
5068
1
bgfi-fagi 8071
5069
1
dca-fagj 8071
5075
1
baf-fahf 8071
5079
1
bijj-fahj 8071
5083
1
eeaj-faid 8071
5084
1
bfii-faie 8071
5086
1
dhi-faig 8071
5090
4
bbj-faja 4271
fjbd-faja 2760
cbg-faja 59
bagj-faja 981
5095
1
decj-fajf 8071
5096
1
caec-fajg 8071
5100
2
cbdf-fbaa 5090
fjbh-fbaa 2981
5103
1
bgi-fbad 8071
5107
1
dh-fbah 8071
5109
1
ccef-fbaj 8071
5114
1
gfej-fbbe 8071
5117
1
gcja-fbbh 8071
5121
1
begf-fbcb 8071
5123
1
babb-fbcd 8071
5124
1
dbbe-fbce 8071
5127
2
fcig-fbch 4240
fgah-fbch 3831
5129
1
cgfi-fbcj 8071
5133
2
ba-fbdd 838
ffff-fbdd 7233
5136
1
ejfi-fbdg 8071
5138
1
bhd-fbdi 8071
5143
1
fjej-fbed 8071
5149
1
djff-fbej 8071
5154
1
caaa-fbfe 8071
5160
1
fhfj-fbga 8071
5161
1
bdfc-fbgb 8071
5171
1
dbci-fbhb 8071
5177
1
fbcb-fbhh 8071
5178
1
deaf-fbhi 8071
5180
1
gei-fbia 8071
5181
1
ecfe-fbib 8071
5183
1
ddfj-fbid 8071
5190
1
bih-fbja 8071
5191
1
iee-fbjb 8071
5194
1
bfab-fbje 8071
5196
1
hdbg-fbjg 8071
5200
1
egji-fcaa 8071
5202
1
digc-fcac 8071
5204
1
gagg-fcae 8071
5207
1
ehgj-fcah 8071
5208
1
eeab-fcai 8071
5210
1
jfe-fcba 8071
5215
1
gfig-fcbf 8071
5217
1
dbc-fcbh 8071
5218
1
fih-fcbi 8071
5220
1
ciia-fcca 8071
5225
1
gfaj-fccf 8071
5227
1
bbae-fcch 8071
5229
1
ef-fccj 8071
5230
1
eabj-fcda 8071
5234
1
geb-fcde 8071
5235
2
caai-fcdf 6391
biji-fcdf 1680
5237
1
diec-fcdh 8071
5241
1
cfbc-fceb 8071
5245
2
hbie-fcef 4901
gajb-fcef 3170
5248
1
djgf-fcei 8071
5250
1
jef-fcfa 8071
5257
1
eghc-fcfh 8071
5259
1
eiaj-fcfj 8071
5260
1
decb-fcga 8071
5263
2
eged-fcgd 1680
h-fcgd 6391
5264
2
ghi-fcge 6467
bji-fcge 1604
5269
1
hgai-fcgj 8071
5271
1
bbhd-fchb 8071
5273
1
cdcc-fchd 8071
5274
2
iea-fche 5347
g-fche 2724
5276
1
hcd-fchg 8071
5278
1
eadi-fchi 8071
5284
2
cgj-fcie 2358
fic-fcie 5713
5286
2
bhj-fcig 4028
ffj-fcig 4043
5287
1
eih-fcih 8071
5290
2
gbjd-fcja 6701
giba-fcja 1370
5294
2
ecg-fcje 4247
bcaf-fcje 3824
5303
1
hbgj-fdad 8071
5306
1
bhfd-fdag 8071
5307
1
hdaj-fdah 8071
5309
2
hddc-fdaj 3960
bedb-fdaj 4111
5313
1
fcgd-fdbd 8071
5318
1
daia-fdbi 8071
5319
2
cfai-fdbj 4252
fbch-fdbj 3819
5320
1
gcdf-fdca 8071
5322
1
cdji-fdcc 8071
5323
2
hhhd-fdcd 4534
fgdg-fdcd 3537
5328
1
bi-fdci 8071
5329
1
bfih-fdcj 8071
5330
1
ecf-fdda 8071
5335
2
eeje-fddf 7126
edha-fddf 945
5338
1
fbej-fddi 8071
5350
1
ccdf-fdfa 8071
5351
2
biej-fdfb 3287
gig-fdfb 4784
5355
2
fhh-fdff 3347
dgf-fdff 4724
5358
1
bc-fdfi 8071
5359
1
cdai-fdfj 8071
5361
1
bagi-fdgb 8071
5372
1
ddaj-fdhc 8071
5374
1
ggid-fdhe 8071
5378
1
fahj-fdhi 8071
5383
1
ggdg-fdid 8071
5385
1
ciba-fdif 8071
5389
1
bdih-fdij 8071
5397
1
eige-fdjh 8071
5398
1
cehb-fdji 8071
5400
1
baja-feaa 8071
5401
1
hghj-feab 8071
5404
1
fida-feae 8071
5405
2
heig-feaf 4727
bjej-feaf 3344
5406
1
hgjh-feag 8071
5408
1
hiaf-feai 8071
5414
1
dbd-febe 8071
5417
1
edgd-febh 8071
5419
1
eibi-febj 8071
5420
1
gaia-feca 8071
5421
1
fifb-fecb 8071
5430
1
chfc-feda 8071
5431
1
ib-fedb 8071
5433
1
cajd-fedd 8071
5439
1
dadb-fedj 8071
5440
1
ffhb-feea 8071
5442
1
bich-feec 8071
5443
1
bhe-feed 8071
5446
2
diia-feeg 4500
ebai-feeg 3571
5447
1
edfj-feeh 8071
5450
1
bejb-fefa 8071
5459
1
fgb-fefj 8071
5468
1
h-fegi 8071
5469
1
gadj-fegj 8071
5475
1
fhcg-fehf 8071
5476
1
fgjd-fehg 8071
5477
2
g-fehh 7126
fijf-fehh 945
5478
1
cgf-fehi 8071
5480
1
dfgf-feia 8071
5482
2
eaaf-feic 1729
bhhj-feic 6342
5484
1
jgg-feie 8071
5491
1
cehf-fejb 8071
5492
1
hj-fejc 8071
5494
1
cacj-feje 8071
5501
1
cchj-ffab 8071
5502
1
dgj-ffac 8071
5504
1
bjdj-ffae 8071
5506
1
b-ffag 8071
5508
1
dehe-ffai 8071
5511
1
bfja-ffbb 8071
5515
1
gahf-ffbf 8071
5523
1
hbg-ffcd 8071
5524
1
didd-ffce 8071
5525
1
baij-ffcf 8071
5526
1
gc-ffcg 8071
5529
2
hdg-ffcj 8051
hcb-ffcj 20
5530
1
fcac-ffda 8071
5531
1
dbg-ffdb 8071
5535
1
dicc-ffdf 8071
5536
1
gbe-ffdg 8071
5542
1
db-ffec 8071
5543
1
fba-ffed 8071
5545
2
ccdh-ffef 5456
ejeg-ffef 2615
5546
1
bjg-ffeg 8071
5547
1
dbdi-ffeh 8071
5548
1
dacd-ffei 8071
5555
1
dggd-ffff 8071
5556
2
egg-fffg 5371
ehe-fffg 2700
5558
1
bghb-fffi 8071
5562
1
bcja-ffgc 8071
5571
2
gifa-ffhb 3733
faca-ffhb 4338
5578
1
dgfb-ffhi 8071
5585
1
gjdh-ffif 8071
5586
1
cjae-ffig 8071
5587
1
geec-ffih 8071
5589
1
hada-ffij 8071
5591
1
eeh-ffjb 8071
5592
1
chjb-ffjc 8071
5595
1
ibf-ffjf 8071
5597
1
bcge-ffjh 8071
5605
1
hgff-fgaf 8071
5607
2
fbch-fgah 4229
dgg-fgah 3842
5610
1
ecfd-fgba 8071
5613
1
hjea-fgbd 8071
5614
1
fbhh-fgbe 8071
5615
1
ij-fgbf 8071
5617
1
ehf-fgbh 8071
5622
1
ggh-fgcc 8071
5628
1
giih-fgci 8071
5630
1
dbhf-fgda 8071
5636
1
hfci-fgdg 8071
5639
1
icc-fgdj 8071
5643
1
ghac-fged 8071
5648
1
hdcc-fgei 8071
5655
1
cee-fgff 8071
5660
2
cdea-fgga 3356
ccea-fgga 4715
5666
1
efd-fggg 8071
5667
1
bfhb-fggh 8071
5668
1
bfj-fggi 8071
5674
1
cjjb-fghe 8071
5678
1
bef-fghi 8071
5679
1
jg-fghj 8071
5690
1
bbhb-fgja 8071
5693
1
bhf-fgjd 8071
5706
1
ef-fhag 8071
5715
1
iai-fhbf 8071
5717
1
i-fhbh 8071
5720
1
egef-fhca 8071
5721
1
cai-fhcb 8071
5722
3
bjjj-fhcc 4074
cfb-fhcc 537
bjeh-fhcc 3460
5723
1
debj-fhcd 8071
5724
2
bcgd-fhce 4227
cecj-fhce 3844
5725
1
h-fhcf 8071
5726
1
bdbg-fhcg 8071
5730
1
bfbi-fhda 8071
5736
1
bcaa-fhdg 8071
5740
1
heg-fhea 8071
5743
2
bgee-fhed 4898
feg-fhed 3173
5746
2
bfbg-fheg 7394
cjjd-fheg 677
5748
1
bede-fhei 8071
5750
1
bgei-fhfa 8071
5752
3
dcfj-fhfc 3800
haae-fhfc 3571
biec-fhfc 700
5755
2
gcef-fhff 627
egda-fhff 7444
5759
1
gfbb-fhfj 8071
5760
2
cdf-fhga 3833
bbe-fhga 4238
5764
1
bb-fhge 8071
5766
1
chih-fhgg 8071
5768
1
cghg-fhgi 8071
5774
1
bfi-fhhe 8071
5776
1
fggi-fhhg 8071
5777
1
ecfa-fhhh 8071
5782
1
cab-fhic 8071
5784
2
gabi-fhie 6175
efic-fhie 1896
5785
1
biag-fhif 8071
5794
1
efa-fhje 8071
5795
1
dhaf-fhjf 8071
5797
1
bji-fhjh 8071
5800
1
dabf-fiaa 8071
5801
1
iie-fiab 8071
5804
1
bbje-fiae 8071
5805
1
fbj-fiaf 8071
5807
1
gi-fiah 8071
5808
1
ggji-fiai 8071
5809
1
caed-fiaj 8071
5810
1
bgfa-fiba 8071
5812
1
eiag-fibc 8071
5813
1
dfcc-fibd 8071
5819
1
cdf-fibj 8071
5827
1
eb-fich 8071
5828
1
dfhf-fici 8071
5830
1
bagg-fida 8071
5832
1
hcia-fidc 8071
5837
1
hefb-fidh 8071
5846
1
bei-fieg 8071
5848
2
eeda-fiei 7390
gaga-fiei 681
5851
1
dhdj-fifb 8071
5853
1
hbae-fifd 8071
5854
1
gijg-fife 8071
5856
1
jda-fifg 8071
5857
1
hbbh-fifh 8071
5859
1
cejf-fifj 8071
5861
1
gdcd-figb 8071
5870
1
jd-fiha 8071
5873
1
caie-fihd 8071
5881
1
gcei-fiib 8071
5884
1
bdaa-fiie 8071
5894
1
dcfd-fije 8071
5895
1
dhbb-fijf 8071
5898
1
cdjd-fiji 8071
5908
1
fjf-fjai 8071
5911
1
fa-fjbb 8071
5913
1
ceg-fjbd 8071
5915
1
bjfa-fjbf 8071
5917
1
hbgi-fjbh 8071
5922
2
iaf-fjcc 4964
caii-fjcc 3107
5923
3
eai-fjcd 199
ccae-fjcd 97
gihd-fjcd 7775
5924
1
dgdg-fjce 8071
5926
1
cehd-fjcg 8071
5930
1
cbga-fjda 8071
5933
1
cda-fjdd 8071
5935
1
bbd-fjdf 8071
5936
1
fhei-fjdg 8071
5940
1
chj-fjea 8071
5944
1
hbdi-fjee 8071
5948
2
iej-fjei 5744
gifh-fjei 2327
5949
1
bh-fjej 8071
5953
1
ecj-fjfd 8071
5960
1
egji-fjga 8071
5963
1
bdda-fjgd 8071
5966
1
eeh-fjgg 8071
5967
1
hhid-fjgh 8071
5968
1
ci-fjgi 8071
5971
1
bej-fjhb 8071
5972
2
caaa-fjhc 1264
cbhd-fjhc 6807
5973
1
ejbf-fjhd 8071
5974
1
fhcf-fjhe 8071
5976
1
ijg-fjhg 8071
5980
1
gicd-fjia 8071
5985
1
bf-fjif 8071
5992
1
cj-fjjc 8071
5993
1
badj-fjjd 8071
5996
1
dejb-fjjg 8071
5998
1
dce-fjji 8071
6000
1
dfa-gaaa 8071
6001
1
bejg-gaab 8071
6002
1
ggej-gaac 8071
6003
1
ecch-gaad 8071
6005
1
cgie-gaaf 8071
6016
1
gbgh-gabg 8071
6017
1
ehdi-gabh 8071
6018
1
gcga-gabi 8071
6026
1
bgbj-gacg 8071
6033
1
chj-gadd 8071
6036
1
gdda-gadg 8071
6037
1
gghb-gadh 8071
6038
1
cbgc-gadi 8071
6039
1
bife-gadj 8071
6040
1
cj-gaea 8071
6042
1
ggh-gaec 8071
6043
1
cbg-gaed 8071
6049
1
haih-gaej 8071
6051
1
hda-gafb 8071
6055
1
geb-gaff 8071
6057
1
cfaj-gafh 8071
6058
1
g-gafi 8071
6060
2
gbce-gaga 7370
bcba-gaga 701
6065
1
cbji-gagf 8071
6066
1
fig-gagg 8071
6069
1
fdaj-gagj 8071
6070
1
fcie-gaha 8071
6072
1
fibj-gahc 8071
6075
1
hga-gahf 8071
6077
1
dc-gahh 8071
6078
1
cfj-gahi 8071
6079
2
eiii-gahj 4978
g-gahj 3093
6080
1
cijf-gaia 8071
6091
1
ghff-gajb 8071
6092
1
jjh-gajc 8071
6095
1
chj-gajf 8071
6096
1
bchh-gajg 8071
6097
1
edcf-gajh 8071
6099
1
fjg-gajj 8071
6101
1
beb-gbab 8071
6112
1
iea-gbbc 8071
6115
3
bea-gbbf 3549
jfe-gbbf 1489
dai-gbbf 3033
6116
1
fhce-gbbg 8071
6117
1
gacg-gbbh 8071
6124
1
gibh-gbce 8071
6132
1
fjdg-gbdc 8071
6133
1
caci-gbdd 8071
6135
1
ffab-gbdf 8071
6151
1
cfb-gbfb 8071
6154
1
ddhf-gbfe 8071
6156
1
fjbf-gbfg 8071
6163
1
dfef-gbgd 8071
6164
1
ffjc-gbge 8071
6165
2
fhed-gbgf 178
ccgg-gbgf 7893
6167
1
eajj-gbgh 8071
6170
1
fcah-gbha 8071
6171
1
ji-gbhb 8071
6173
1
bchb-gbhd 8071
6181
1
eeb-gbib 8071
6183
1
hd-gbid 8071
6186
1
eiih-gbig 8071
6193
2
ebg-gbjd 6718
fcja-gbjd 1353
6196
1
gcab-gbjg 8071
6197
1
dccc-gbjh 8071
6200
1
dcg-gcaa 8071
6201
1
ghhf-gcab 8071
6202
1
daha-gcac 8071
6209
1
habb-gcaj 8071
6215
1
eiia-gcbf 8071
6216
1
bjie-gcbg 8071
6218
1
ebd-gcbi 8071
6225
1
cc-gccf 8071
6228
1
dadi-gcci 8071
6229
2
cadh-gccj 2329
caif-gccj 5742
6230
1
bca-gcda 8071
6235
1
dbai-gcdf 8071
6245
1
cdbb-gcef 8071
6246
1
cj-gceg 8071
6247
1
dggf-gceh 8071
6248
1
deae-gcei 8071
6254
1
cbeh-gcfe 8071
6256
1
cahg-gcfg 8071
6257
1
gh-gcfh 8071
6260
1
jdh-gcga 8071
6261
1
bbbf-gcgb 8071
6264
2
ciii-gcge 4639
fab-gcge 3432
6265
1
dehg-gcgf 8071
6268
1
faa-gcgi 8071
6270
1
echj-gcha 8071
6272
1
cdaf-gchc 8071
6281
1
ea-gcib 8071
6287
1
ddjb-gcih 8071
6288
1
hc-gcii 8071
6290
1
cbfi-gcja 8071
6295
1
baja-gcjf 8071
6305
1
dei-gdaf 8071
6308
1
fbgb-gdai 8071
6310
1
caa-gdba 8071
6313
1
cfdj-gdbd 8071
6314
1
dhd-gdbe 8071
6315
1
fjce-gdbf 8071
6319
1
cgae-gdbj 8071
6322
1
ddfa-gdcc 8071
6323
1
bfh-gdcd 8071
6324
1
ccbi-gdce 8071
6328
2
jch-gdci 5863
cfdf-gdci 2208
6330
2
ijh-gdda 2660
cecf-gdda 5411
6333
1
hgc-gddd 8071
6336
1
cdaf-gddg 8071
6337
1
dgac-gddh 8071
6339
1
de-gddj 8071
6340
1
dgj-gdea 8071
6341
1
djc-gdeb 8071
6348
1
fjai-gdei 8071
6349
1
gjje-gdej 8071
6351
1
djbj-gdfb 8071
6352
1
ceij-gdfc 8071
6360
1
ccce-gdga 8071
6364
1
bih-gdge 8071
6367
1
ffdg-gdgh 8071
6370
1
dgfe-gdha 8071
6375
1
ghf-gdhf 8071
6378
1
hgag-gdhi 8071
6385
1
bcd-gdif 8071
6389
1
fcca-gdij 8071
6390
1
cfcc-gdja 8071
6393
2
cb-gdjd 3019
gehb-gdjd 5052
6395
1
hcib-gdjf 8071
6405
1
cdcb-geaf 8071
6408
1
haag-geai 8071
6413
1
fe-gebd 8071
6414
1
bb-gebe 8071
6415
2
hfe-gebf 7273
ecj-gebf 798
6423
1
fccf-gecd 8071
6428
1
dibg-geci 8071
6430
1
hhhe-geda 8071
6434
1
hgi-gede 8071
6438
1
ehad-gedi 8071
6442
1
heag-geec 8071
6443
1
echj-geed 8071
6447
1
cigc-geeh 8071
6448
1
ebba-geei 8071
6450
1
gadh-gefa 8071
6452
2
gbgf-gefc 4052
eag-gefc 4019
6454
1
feea-gefe 8071
6462
1
gidj-gegc 8071
6468
1
dejj-gegi 8071
6471
2
hcjc-gehb 3955
cdfg-gehb 4116
6478
1
eccf-gehi 8071
6479
1
iig-gehj 8071
6481
1
baf-geib 8071
6482
1
dbij-geic 8071
6489
1
cbb-geij 8071
6491
1
bc-gejb 8071
6495
1
gcci-gejf 8071
6502
1
bicc-gfac 8071
6505
1
cdhe-gfaf 8071
6506
1
eei-gfag 8071
6507
1
bcfa-gfah 8071
6508
1
eeic-gfai 8071
6509
1
cci-gfaj 8071
6514
1
eidg-gfbe 8071
6516
1
cdej-gfbg 8071
6519
1
egjg-gfbj 8071
6523
1
feaa-gfcd 8071
6524
1
ddf-gfce 8071
6525
1
fhg-gfcf 8071
6530
1
bcc-gfda 8071
6539
1
bda-gfdj 8071
6540
1
gec-gfea 8071
6545
1
dhab-gfef 8071
6548
1
dhi-gfei 8071
6549
1
bice-gfej 8071
6550
1
cja-gffa 8071
6551
1
bdi-gffb 8071
6552
1
fjhb-gffc 8071
6560
1
ffda-gfga 8071
6561
1
fde-gfgb 8071
6567
1
badj-gfgh 8071
6570
1
dbhg-gfha 8071
6578
1
dac-gfhi 8071
6580
1
deec-gfia 8071
6582
1
hcjh-gfic 8071
6586
1
cbde-gfig 8071
6588
1
ceif-gfii 8071
6594
1
gagf-gfje 8071
6601
1
bic-ggab 8071
6606
1
bef-ggag 8071
6607
1
bhfi-ggah 8071
6609
2
jad-ggaj 7903
bfg-ggaj 168
6611
1
cigh-ggbb 8071
6612
1
cbjd-ggbc 8071
6614
1
f-ggbe 8071
6615
1
diha-ggbf 8071
6619
2
bjif-ggbj 3923
daci-ggbj 4148
6633
1
fadg-ggdd 8071
6635
1
dadi-ggdf 8071
6636
1
cdcc-ggdg 8071
6638
2
fh-ggdi 7250
dci-ggdi 821
6639
1
e-ggdj 8071
6641
1
cjhj-ggeb 8071
6643
2
eefj-gged 6037
bigc-gged 2034
6648
1
hhb-ggei 8071
6649
1
dabb-ggej 8071
6652
1
bcb-ggfc 8071
6653
1
edda-ggfd 8071
6654
1
bbc-ggfe 8071
6655
1
ddcg-ggff 8071
6656
1
ffc-ggfg 8071
6659
1
effj-ggfj 8071
6660
1
bbad-ggga 8071
6662
1
feda-gggc 8071
6663
1
cfe-gggd 8071
6669
1
bfji-gggj 8071
6671
1
gjgc-gghb 8071
6673
1
bcdd-gghd 8071
6676
1
ggab-gghg 8071
6683
1
efaj-ggid 8071
6686
1
ieg-ggig 8071
6687
1
ceca-ggih 8071
6690
1
eehf-ggja 8071
6698
1
jbc-ggji 8071
6699
1
cibj-ggjj 8071
6702
1
dhji-ghac 8071
6708
1
bfe-ghai 8071
6712
1
ejfg-ghbc 8071
6718
1
eicc-ghbi 8071
6728
1
cace-ghci 8071
6729
2
ejc-ghcj 4536
hef-ghcj 3535
6730
1
fbib-ghda 8071
6735
1
ciic-ghdf 8071
6739
1
hhda-ghdj 8071
6740
1
fb-ghea 8071
6741
1
cie-gheb 8071
6745
1
gf-ghef 8071
6747
1
cajj-gheh 8071
6755
1
eadj-ghff 8071
6757
1
fbid-ghfh 8071
6764
1
bdij-ghge 8071
6774
1
ehbj-ghhe 8071
6775
2
hch-ghhf 3653
cdhh-ghhf 4418
6777
1
igb-ghhh 8071
6780
1
fgh-ghia 8071
6783
1
difg-ghid 8071
6789
1
gcgi-ghij 8071
6791
1
d-ghjb 8071
6792
1
dejh-ghjc 8071
6798
1
efjb-ghji 8071
6804
1
cihg-giae 8071
6805
2
fa-giaf 2132
dba-giaf 5939
6810
1
bbge-giba 8071
6812
1
ehg-gibc 8071
6813
1
bjh-gibd 8071
6819
1
fac-gibj 8071
6823
1
fad-gicd 8071
6826
1
bff-gicg 8071
6829
1
beeb-gicj 8071
6834
1
gg-gide 8071
6839
2
ejh-gidj 4450
fgh-gidj 3621
6844
1
bhj-giee 8071
6850
1
fafa-gifa 8071
6856
1
cfji-gifg 8071
6857
2
fjei-gifh 5696
bbji-gifh 2375
6866
1
ebhj-gigg 8071
6867
1
bbbf-gigh 8071
6869
1
ihc-gigj 8071
6872
1
djje-gihc 8071
6873
1
feab-gihd 8071
6876
1
cggc-gihg 8071
6878
1
ce-gihi 8071
6881
1
eacf-giib 8071
6887
1
fha-giih 8071
6888
1
heeb-giii 8071
6890
1
cgjb-gija 8071
6892
1
ghci-gijc 8071
6894
1
ehfa-gije 8071
6896
1
cdad-gijg 8071
6898
1
bfjj-giji 8071
6905
1
bgc-gjaf 8071
6909
1
fjcd-gjaj 8071
6912
2
hgeb-gjbc 5758
ife-gjbc 2313
6916
1
hca-gjbg 8071
6917
1
bccc-gjbh 8071
6918
1
ecd-gjbi 8071
6924
1
egh-gjce 8071
6925
1
bgde-gjcf 8071
6936
1
hedd-gjdg 8071
6937
1
bdh-gjdh 8071
6942
1
ccea-gjec 8071
6944
1
cg-gjee 8071
6945
1
dbd-gjef 8071
6950
1
bbbc-gjfa 8071
6962
2
gah-gjgc 6279
ehj-gjgc 1792
6967
1
dj-gjgh 8071
6973
1
ch-gjhd 8071
6979
1
bhi-gjhj 8071
6980
1
cjhb-gjia 8071
6982
1
def-gjic 8071
6986
1
fe-gjig 8071
6991
1
bdfg-gjjb 8071
6994
1
bhha-gjje 8071
7004
1
ecbd-haae 8071
7006
1
ij-haag 8071
7009
1
fidh-haaj 8071
7011
1
bdf-habb 8071
7013
1
fdff-habd 8071
7014
1
jdf-habe 8071
7015
1
bgij-habf 8071
7018
1
eejc-habi 8071
7019
1
bhgg-habj 8071
7020
1
baf-haca 8071
7024
1
ccjd-hace 8071
7029
2
hhja-hacj 6081
hdad-hacj 1990
7030
1
idd-hada 8071
7033
1
ejid-hadd 8071
7038
1
cjee-hadi 8071
7039
1
gfbg-hadj 8071
7043
1
hhfd-haed 8071
7044
1
cfdh-haee 8071
7047
1
dbfc-haeh 8071
7050
2
fcda-hafa 5041
jic-hafa 3030
7053
1
jce-hafd 8071
7056
2
degh-hafg 1748
dg-hafg 6323
7057
1
cbjh-hafh 8071
7058
1
bjid-hafi 8071
7063
1
gajj-hagd 8071
7066
1
djid-hagg 8071
7068
1
fdhe-hagi 8071
7069
1
dbeg-hagj 8071
7074
1
hffa-hahe 8071
7076
1
bgci-hahg 8071
7085
1
fcba-haif 8071
7087
1
bicf-haih 8071
7088
1
bfgb-haii 8071
7096
1
degf-hajg 8071
7100
1
eagb-hbaa 8071
7104
2
ifc-hbae 5424
cggi-hbae 2647
7106
1
cjid-hbag 8071
7109
1
be-hbaj 8071
7111
1
fe-hbbb 8071
7115
2
ccd-hbbf 3666
gf-hbbf 4405
7117
1
ggbb-hbbh 8071
7126
1
fhcc-hbcg 8071
7136
1
caia-hbdg 8071
7138
2
bcb-hbdi 4275
cch-hbdi 3796
7146
1
if-hbeg 8071
7148
2
cbgi-hbei 4133
eh-hbei 3938
7153
1
eihi-hbfd 8071
7157
1
cigh-hbfh 8071
7161
1
dcha-hbgb 8071
7162
1
hij-hbgc 8071
7164
1
gbbf-hbge 8071
7165
1
ehd-hbgf 8071
7167
1
fcja-hbgh 8071
7168
1
dhf-hbgi 8071
7169
1
ddba-hbgj 8071
7172
1
efgi-hbhc 8071
7173
1
bh-hbhd 8071
7175
2
bdhc-hbhf 927
cij-hbhf 7144
7181
1
jch-hbib 8071
7184
1
bbc-hbie 8071
7192
1
cidc-hbjc 8071
7204
1
ffec-hcae 8071
7215
1
bej-hcbf 8071
7216
1
baji-hcbg 8071
7219
1
gdgh-hcbj 8071
7234
1
fhje-hcde 8071
7238
1
ddih-hcdi 8071
7239
1
hfeg-hcdj 8071
7242
2
hefb-hcec 4737
bhee-hcec 3334
7251
1
hjgf-hcfb 8071
7256
1
ccj-hcfg 8071
7266
1
bgbj-hcgg 8071
7272
1
bcef-hchc 8071
7273
1
ccef-hchd 8071
7280
1
bicg-hcia 8071
7281
1
bdeh-hcib 8071
7290
1
eiib-hcja 8071
7292
3
egac-hcjc 2969
ceh-hcjc 991
gehb-hcjc 4111
7296
1
gjbh-hcjg 8071
7297
1
bab-hcjh 8071
7303
2
ggh-hdad 6064
ecja-hdad 2007
7306
1
cdd-hdag 8071
7309
1
dajc-hdaj 8071
7314
1
fiab-hdbe 8071
7315
2
bfbj-hdbf 5776
bfej-hdbf 2295
7316
1
hfee-hdbg 8071
7320
1
cdab-hdca 8071
7322
2
bdhd-hdcc 5221
eebg-hdcc 2850
7327
1
cehf-hdch 8071
7328
1
fcgj-hdci 8071
7332
3
j-hddc 3691
daee-hddc 632
ccgb-hddc 3748
7335
1
cehd-hddf 8071
7342
1
fcdh-hdec 8071
7345
1
bahh-hdef 8071
7350
2
fi-hdfa 3753
bhg-hdfa 4318
7352
1
gedi-hdfc 8071
7355
1
gggd-hdff 8071
7357
1
cfeh-hdfh 8071
7358
1
bddj-hdfi 8071
7359
2
bgge-hdfj 7034
jdb-hdfj 1037
7361
1
cdch-hdgb 8071
7371
1
hif-hdhb 8071
7372
1
bjjc-hdhc 8071
7381
1
ffcg-hdib 8071
7384
1
hifj-hdie 8071
7395
1
fahf-hdjf 8071
7398
1
bcdf-hdji 8071
7406
1
dhjj-heag 8071
7415
1
g-hebf 8071
7417
1
dabd-hebh 8071
7418
1
cjdf-hebi 8071
7420
1
fiib-heca 8071
7422
2
cfhj-hecc 7897
hhdi-hecc 174
7424
1
bdif-hece 8071
7428
1
gejf-heci 8071
7433
1
febj-hedd 8071
7437
2
bbgg-hedh 8048
biac-hedh 23
7441
2
gajg-heeb 6837
egbh-heeb 1234
7450
1
giae-hefa 8071
7451
2
bbf-hefb 4770
hcec-hefb 3301
7453
1
bi-hefd 8071
7460
2
ebi-hega 4675
cadd-hega 3396
7463
2
dbfc-hegd 3829
habe-hegd 4242
7468
1
chef-hegi 8071
7469
1
gai-hegj 8071
7473
1
ccc-hehd 8071
7474
1
cggj-hehe 8071
7475
1
ehaj-hehf 8071
7477
1
cbeh-hehh 8071
7478
1
gjcf-hehi 8071
7482
1
dg-heic 8071
7486
1
gcii-heig 8071
7487
1
efjf-heih 8071
7489
1
jcc-heij 8071
7492
1
cj-hejc 8071
7494
2
eaje-heje 5930
bdii-heje 2141
7495
1
dec-hejf 8071
7498
1
efbg-heji 8071
7500
1
bdjh-hfaa 8071
7502
1
fcdf-hfac 8071
7503
1
efif-hfad 8071
7518
1
gahj-hfbi 8071
7523
1
caca-hfcd 8071
7525
1
hcb-hfcf 8071
7528
1
bgha-hfci 8071
7530
1
hhdc-hfda 8071
7544
1
dhba-hfee 8071
7545
1
cbg-hfef 8071
7546
1
hcjh-hfeg 8071
7550
2
iif-hffa 3168
caia-hffa 4903
7554
1
fcga-hffe 8071
7558
1
djec-hffi 8071
7559
1
daj-hffj 8071
7560
1
cjgd-hfga 8071
7561
1
jbf-hfgb 8071
7566
1
fdb-hfgg 8071
7569
1
gjdg-hfgj 8071
7571
1
fjga-hfhb 8071
7577
1
bjgg-hfhh 8071
7580
1
ehfg-hfia 8071
7581
1
gahj-hfib 8071
7582
1
dcdb-hfic 8071
7589
1
gfbj-hfij 8071
7590
1
bi-hfja 8071
7591
1
df-hfjb 8071
7595
1
bg-hfjf 8071
7599
1
dadc-hfjj 8071
7604
2
faeb-hgae 7316
beca-hgae 755
7606
1
ejb-hgag 8071
7608
1
cbc-hgai 8071
7617
1
dcaj-hgbh 8071
7618
2
bec-hgbi 1981
bdhj-hgbi 6090
7623
1
fhcb-hgcd 8071
7629
1
egjc-hgcj 8071
7632
1
be-hgdc 8071
7638
1
hjf-hgdi 8071
7639
1
hffe-hgdj 8071
7641
2
hdcc-hgeb 5787
gjbc-hgeb 2284
7643
1
hhb-hged 8071
7652
1
ecf-hgfc 8071
7655
1
hhgh-hgff 8071
7673
1
hbbb-hghd 8071
7679
1
bch-hghj 8071
7686
1
fefj-hgig 8071
7693
1
bcbg-hgjd 8071
7696
1
cid-hgjg 8071
7697
1
bbcb-hgjh 8071
7700
1
hgeb-hhaa 8071
7707
1
bhci-hhah 8071
7722
1
cff-hhcc 8071
7730
1
geeh-hhda 8071
7732
1
eeaj-hhdc 8071
7738
1
beah-hhdi 8071
7749
1
cbg-hhej 8071
7753
1
chad-hhfd 8071
7756
1
ffjf-hhfg 8071
7757
1
cceh-hhfh 8071
7758
1
bdjd-hhfi 8071
7762
1
iea-hhgc 8071
7767
2
ejc-hhgh 4177
jf-hhgh 3894
7773
1
deid-hhhd 8071
7774
1
ba-hhhe 8071
7775
1
chdb-hhhf 8071
7783
1
feeh-hhid 8071
7787
1
dedf-hhih 8071
7788
1
gbfe-hhii 8071
7790
1
hega-hhja 8071
7798
1
fcje-hhji 8071
7800
2
bhif-hiaa 4345
diaf-hiaa 3726
7802
1
dj-hiac 8071
7803
1
gic-hiad 8071
7805
1
hh-hiaf 8071
7809
1
bc-hiaj 8071
7813
1
bfff-hibd 8071
7819
1
fiai-hibj 8071
7822
1
egaf-hicc 8071
7830
1
cdcf-hida 8071
7832
1
haii-hidc 8071
7833
1
hieb-hidd 8071
7838
1
fjea-hidi 8071
7841
1
bcca-hieb 8071
7848
1
feeg-hiei 8071
7858
1
ggbc-hifi 8071
7859
1
gahc-hifj 8071
7868
1
bhcc-higi 8071
7887
1
ehej-hiih 8071
7888
1
bafj-hiii 8071
7892
1
cbcb-hijc 8071
7893
1
ffed-hijd 8071
7894
1
ech-hije 8071
7901
1
degf-hjab 8071
7905
1
bbdc-hjaf 8071
7906
1
cbgg-hjag 8071
7920
1
fdcd-hjca 8071
7930
2
f-hjda 3495
gifh-hjda 4576
7940
1
eiae-hjea 8071
7942
2
heeb-hjec 5380
bgcg-hjec 2691
7948
1
ebc-hjei 8071
7955
1
hgcj-hjff 8071
7957
1
fh-hjfh 8071
7959
1
eg-hjfj 8071
7965
1
fajf-hjgf 8071
7967
1
ie-hjgh 8071
7984
1
bcdj-hjie 8071
7985
1
dhfe-hjif 8071
7990
1
effg-hjja 8071
7991
1
bdad-hjjb 8071
7994
1
cdh-hjje 8071
