2394
1
5
bga-b 1
dhb-b 1
dif-b 1
cjce-b 1
fjgd-b 1
2
5
ibd-c 1
ebea-c 1
ehdc-c 1
cge-c 1
gdgd-c 1
3
2
ccie-d 2
dcdf-d 3
4
2
fece-e 3
bcai-e 2
5
3
fbbc-f 3
ehb-f 1
hjda-f 1
6
5
egdf-g 1
bjeh-g 1
ei-g 1
dhdj-g 1
bjah-g 1
7
5
cdea-h 1
hjih-h 1
bggd-h 1
bhha-h 1
fcgd-h 1
8
4
bbfe-i 1
ehig-i 2
baj-i 1
cddg-i 1
9
5
bjaj-j 1
bec-j 1
ejdd-j 1
ddid-j 1
bgjd-j 1
10
4
ecdh-ba 1
feid-ba 1
cedi-ba 2
de-ba 1
11
5
hcce-bb 1
dcjb-bb 1
egda-bb 1
hhaf-bb 1
bfeb-bb 1
12
5
ggcd-bc 1
hgeh-bc 1
cgfi-bc 1
dcc-bc 1
ciji-bc 1
13
5
cjj-bd 1
ddai-bd 1
djah-bd 1
ggja-bd 1
hd-bd 1
14
3
hgdc-be 3
ejc-be 1
fcfd-be 1
15
2
hjf-bf 2
gefc-bf 3
17
5
f-bh 1
gjh-bh 1
bfia-bh 1
fjj-bh 1
dgih-bh 1
18
3
cifi-bi 2
ccfg-bi 1
bdce-bi 2
19
4
hbab-bj 1
ecjg-bj 1
cfhf-bj 2
bbf-bj 1
20
4
dhie-ca 1
cgb-ca 2
bff-ca 1
dbi-ca 1
21
2
ejfg-cb 2
bjia-cb 3
22
4
edh-cc 2
heh-cc 1
dbf-cc 1
bgac-cc 1
23
1
jfc-cd 5
24
2
dabc-ce 1
gdbf-ce 4
25
4
cbfb-cf 1
dehb-cf 2
gaii-cf 1
fidi-cf 1
26
4
degd-cg 1
ehgb-cg 1
fede-cg 2
dcif-cg 1
27
2
daga-ch 4
ccad-ch 1
28
1
ejgi-ci 5
29
5
ggee-cj 1
ciga-cj 1
ff-cj 1
ihe-cj 1
bbcc-cj 1
30
5
efac-da 1
ffg-da 1
fbhh-da 1
bdac-da 1
ifb-da 1
32
3
ecf-dc 2
gahh-dc 1
gijh-dc 2
33
5
dhhh-dd 1
hbcd-dd 1
cjaa-dd 1
cbdh-dd 1
bgig-dd 1
34
3
fbja-de 3
dafc-de 1
bbh-de 1
35
1
bijd-df 5
36
4
bafb-dg 1
j-dg 2
djec-dg 1
ccf-dg 1
37
2
bac-dh 4
egj-dh 1
38
3
bfcf-di 3
bbbh-di 1
fdji-di 1
39
1
becg-dj 5
40
4
effh-ea 2
hdg-ea 1
gcib-ea 1
bbcg-ea 1
41
2
eijb-eb 4
fa-eb 1
42
1
cjbf-ec 5
43
2
ebgd-ed 4
fgh-ed 1
44
3
cbdh-ee 3
gdid-ee 1
bigf-ee 1
45
4
hfjh-ef 2
bici-ef 1
bcgj-ef 1
eace-ef 1
46
1
hbed-eg 5
47
5
bjbj-eh 1
cgbi-eh 1
edgg-eh 1
ia-eh 1
cad-eh 1
48
2
fchg-ei 3
ghih-ei 2
49
4
hbje-ej 1
bbch-ej 1
dh-ej 2
jic-ej 1
50
4
gcjb-fa 1
idd-fa 1
dbi-fa 1
fcaa-fa 2
51
5
dijg-fb 1
cab-fb 1
bjdg-fb 1
haid-fb 1
cb-fb 1
52
2
gebf-fc 4
ffbe-fc 1
53
2
ejj-fd 4
bb-fd 1
54
2
bjha-fe 3
gfad-fe 2
55
1
ecaj-ff 5
56
3
bad-fg 1
hdic-fg 3
dhha-fg 1
57
2
dcf-fh 4
bea-fh 1
58
3
hab-fi 3
ciic-fi 1
cage-fi 1
59
2
fhha-fj 3
cjd-fj 2
60
3
geab-ga 2
g-ga 2
heic-ga 1
61
5
bhjg-gb 1
ehhf-gb 1
cfhb-gb 1
bjd-gb 1
ccch-gb 1
62
2
gjhe-gc 1
bbfb-gc 4
63
2
ehfg-gd 2
cdi-gd 3
64
4
eggf-ge 1
bdbi-ge 1
gagh-ge 2
jae-ge 1
65
3
hija-gf 2
chda-gf 2
ecfg-gf 1
66
1
cgjg-gg 5
67
1
bjdi-gh 5
68
3
f-gi 1
beej-gi 1
ddj-gi 3
69
2
ej-gj 3
gdb-gj 2
70
1
bcg-ha 5
73
5
bdj-hd 1
ghhg-hd 1
bbfb-hd 1
dfij-hd 1
fdje-hd 1
74
2
eaic-he 3
cfj-he 2
75
4
icc-hf 1
cafe-hf 1
dec-hf 2
caie-hf 1
76
2
ggea-hg 3
ciee-hg 2
78
2
bfe-hi 2
dabi-hi 3
79
2
bcjf-hj 4
cabe-hj 1
80
2
fcjc-ia 4
bbg-ia 1
82
2
eggc-ic 3
behj-ic 2
83
4
ebai-id 1
bjbb-id 1
hcbj-id 1
ghae-id 2
84
2
bhbj-ie 4
gaab-ie 1
85
1
dbgj-if 5
86
1
hicd-ig 5
87
3
fdab-ih 3
bcah-ih 1
cfh-ih 1
88
2
dfj-ii 3
baaa-ii 2
89
1
hdgb-ij 5
90
4
bgdf-ja 1
bcfj-ja 1
bedj-ja 1
hagf-ja 2
91
3
fbdd-jb 3
cij-jb 1
iac-jb 1
93
1
edhc-jd 5
94
1
edbg-je 5
95
3
ijg-jf 2
bca-jf 2
fhba-jf 1
96
2
bad-jg 4
fb-jg 1
97
1
dccd-jh 5
98
2
ijh-ji 2
ehf-ji 3
99
4
cfjf-jj 1
gcgi-jj 2
hhce-jj 1
egd-jj 1
100
1
cfhd-baa 5
101
2
dea-bab 4
had-bab 1
102
5
iha-bac 1
dbb-bac 1
ije-bac 1
gdag-bac 1
ggig-bac 1
103
3
ciha-bad 3
bece-bad 1
ih-bad 1
104
1
bihf-bae 5
105
1
geib-baf 5
106
3
bab-bag 1
bafj-bag 1
biga-bag 3
108
1
fbi-bai 5
109
4
cd-baj 2
haa-baj 1
bd-baj 1
fcea-baj 1
111
1
gidb-bbb 5
112
4
baff-bbc 2
biag-bbc 1
ggdh-bbc 1
bjda-bbc 1
113
3
hceh-bbd 1
ciad-bbd 1
cjch-bbd 3
114
5
cdhi-bbe 1
hgc-bbe 1
bgff-bbe 1
ecai-bbe 1
eici-bbe 1
115
4
dhhd-bbf 2
gahd-bbf 1
fcg-bbf 1
ddie-bbf 1
116
2
cj-bbg 2
fec-bbg 3
117
2
edi-bbh 4
ici-bbh 1
118
4
edi-bbi 1
cca-bbi 1
giec-bbi 1
cide-bbi 2
120
2
bihj-bca 1
ej-bca 4
121
2
fjfj-bcb 4
dijf-bcb 1
123
4
gdif-bcd 2
dcha-bcd 1
gcbb-bcd 1
ddbj-bcd 1
126
3
cjbe-bcg 1
bjja-bcg 1
bbd-bcg 3
127
3
cbbh-bch 2
gbb-bch 2
bbbg-bch 1
128
2
fiff-bci 1
gief-bci 4
129
2
dade-bcj 4
bafc-bcj 1
130
2
gdga-bda 2
dgbb-bda 3
131
1
bfci-bdb 5
132
1
gbaa-bdc 5
133
2
dfaj-bdd 4
fdhb-bdd 1
136
3
baa-bdg 1
cia-bdg 3
didi-bdg 1
137
4
eihe-bdh 1
cbbb-bdh 1
fga-bdh 1
bgi-bdh 2
138
1
cch-bdi 5
139
2
feai-bdj 4
becf-bdj 1
140
2
ba-bea 3
ffjf-bea 2
141
2
eiab-beb 4
bhdc-beb 1
142
4
bghi-bec 1
ic-bec 2
hbi-bec 1
jeh-bec 1
143
2
cdaf-bed 3
bea-bed 2
144
1
hhcb-bee 5
146
2
bedf-beg 4
bdcj-beg 1
147
4
bgab-beh 1
ecch-beh 1
cgfe-beh 2
ddb-beh 1
148
4
fdb-bei 2
bgf-bei 1
caec-bei 1
hffd-bei 1
149
2
bicb-bej 4
bfei-bej 1
150
1
ehdi-bfa 5
151
1
cbi-bfb 5
152
2
h-bfc 4
fa-bfc 1
153
3
dd-bfd 1
ccgb-bfd 1
eij-bfd 3
154
2
hfjb-bfe 4
dcgj-bfe 1
155
1
bdb-bff 5
157
5
cidh-bfh 1
efib-bfh 1
jfc-bfh 1
ga-bfh 1
gcfg-bfh 1
158
1
dg-bfi 5
159
2
cacb-bfj 2
bhfd-bfj 3
160
2
eh-bga 4
idj-bga 1
161
1
efee-bgb 5
163
3
cfh-bgd 3
f-bgd 1
gieh-bgd 1
165
2
bgib-bgf 4
fbjb-bgf 1
166
2
ebia-bgg 4
cjf-bgg 1
167
2
dhha-bgh 2
ebga-bgh 3
168
3
cdic-bgi 3
feag-bgi 1
j-bgi 1
169
3
hdeg-bgj 2
hiec-bgj 1
bjbg-bgj 2
170
2
fj-bha 4
e-bha 1
171
1
bjdj-bhb 5
172
2
daec-bhc 4
cg-bhc 1
175
1
dhcf-bhf 5
177
2
fabh-bhh 1
gehe-bhh 4
178
2
efgb-bhi 3
ghbb-bhi 2
179
3
ghd-bhj 2
cggi-bhj 1
fac-bhj 2
180
1
eefd-bia 5
181
1
bbdd-bib 5
187
1
gef-bih 5
188
2
bfhc-bii 4
bbe-bii 1
189
1
hgf-bij 5
190
1
jie-bja 5
192
2
h-bjc 3
id-bjc 2
193
1
bahb-bjd 5
197
1
dchb-bjh 5
198
1
bacg-bji 5
200
1
chag-caa 5
201
1
fgci-cab 5
203
1
fjg-cad 5
204
2
dafb-cae 4
bage-cae 1
206
1
eaf-cag 5
208
2
fic-cai 1
ciec-cai 4
210
1
hfad-cba 5
211
1
fa-cbb 5
212
4
ecd-cbc 1
eabc-cbc 1
bagb-cbc 1
dd-cbc 2
214
2
bgi-cbe 4
djjd-cbe 1
215
1
hghe-cbf 5
216
4
fdc-cbg 2
bfai-cbg 1
dfbj-cbg 1
chfj-cbg 1
218
2
ccgc-cbi 4
bibe-cbi 1
219
2
gbji-cbj 4
eaba-cbj 1
220
2
dhaa-cca 4
eeh-cca 1
222
1
ddji-ccc 5
223
1
hbg-ccd 5
224
4
cfgj-cce 2
edi-cce 1
dai-cce 1
fjgb-cce 1
225
2
eb-ccf 4
efdi-ccf 1
226
1
bej-ccg 5
227
2
gbda-cch 1
chi-cch 4
228
2
gdhb-cci 2
fbe-cci 3
230
2
b-cda 2
cgaf-cda 3
231
2
ebbj-cdb 2
cfif-cdb 3
233
1
ffdj-cdd 5
234
1
hfe-cde 5
235
1
cbjh-cdf 5
237
1
ddig-cdh 5
238
4
ghgd-cdi 1
dcd-cdi 1
ebch-cdi 1
cdad-cdi 2
241
1
jbi-ceb 5
243
1
ii-ced 5
244
2
fcb-cee 1
fgff-cee 4
245
1
daji-cef 5
247
2
cghc-ceh 4
fh-ceh 1
249
2
dcid-cej 3
egic-cej 2
250
3
hbfi-cfa 2
ifa-cfa 1
cbg-cfa 2
255
1
gaec-cff 5
256
2
babj-cfg 4
fa-cfg 1
257
2
gii-cfh 3
hhj-cfh 2
258
1
dcfc-cfi 5
259
1
hf-cfj 5
260
2
ddi-cga 2
gigh-cga 3
261
2
fbia-cgb 4
bai-cgb 1
264
5
ejij-cge 1
eiec-cge 1
bhdc-cge 1
bdeh-cge 1
cgee-cge 1
265
1
eabb-cgf 5
266
5
bbei-cgg 1
bdij-cgg 1
dh-cgg 1
deji-cgg 1
icf-cgg 1
269
1
cjih-cgj 5
271
2
cbg-chb 3
cdgc-chb 2
272
2
dijb-chc 3
efhh-chc 2
275
1
egc-chf 5
276
1
bcdb-chg 5
278
1
gggb-chi 5
279
2
dggf-chj 3
jj-chj 2
280
1
hdaf-cia 5
281
2
edfd-cib 4
gfeg-cib 1
282
1
bcja-cic 5
283
1
befd-cid 5
284
1
gb-cie 5
286
3
djcb-cig 1
dbc-cig 1
bbjj-cig 3
287
3
ebc-cih 3
fgih-cih 1
ehci-cih 1
289
1
cdba-cij 5
290
2
hdbj-cja 4
fafh-cja 1
291
1
ead-cjb 5
292
1
fij-cjc 5
293
1
bhjj-cjd 5
295
5
bdba-cjf 1
bgfa-cjf 1
efid-cjf 1
ggbi-cjf 1
dhbg-cjf 1
296
1
he-cjg 5
297
1
gbge-cjh 5
298
1
ch-cji 5
299
1
djfh-cjj 5
300
2
bhjc-daa 3
iff-daa 2
301
2
fb-dab 3
idi-dab 2
302
3
chai-dac 1
bafd-dac 1
beee-dac 3
304
1
fgbg-dae 5
305
1
edge-daf 5
306
1
bjje-dag 5
308
2
gbbf-dai 4
ghea-dai 1
310
3
gdgj-dba 3
bcgc-dba 1
dag-dba 1
311
1
ef-dbb 5
312
1
fdbb-dbc 5
313
2
hjeh-dbd 2
bade-dbd 3
314
1
behi-dbe 5
315
1
ecii-dbf 5
316
3
fehf-dbg 3
ffdb-dbg 1
eij-dbg 1
317
1
jdc-dbh 5
318
2
fdgh-dbi 4
hcb-dbi 1
319
1
bcia-dbj 5
320
1
dhdi-dca 5
322
1
gehd-dcc 5
323
1
bjbc-dcd 5
325
2
f-dcf 4
cig-dcf 1
326
2
fje-dcg 4
ga-dcg 1
327
1
bhib-dch 5
329
2
jb-dcj 2
efd-dcj 3
331
2
dhe-ddb 2
cgij-ddb 3
332
2
fej-ddc 3
fgb-ddc 2
333
4
bjag-ddd 2
fejh-ddd 1
ih-ddd 1
dij-ddd 1
334
2
beaj-dde 3
hdca-dde 2
335
1
djdj-ddf 5
338
1
ffia-ddi 5
339
2
eibh-ddj 1
fccj-ddj 4
340
1
dbe-dea 5
342
2
ebce-dec 4
cfdh-dec 1
343
1
fh-ded 5
345
1
gigf-def 5
346
1
dac-deg 5
347
1
bbcb-deh 5
348
1
bbcb-dei 5
349
2
hhch-dej 1
eahg-dej 4
350
1
ge-dfa 5
352
1
gb-dfc 5
356
3
caeb-dfg 3
bd-dfg 1
ehbb-dfg 1
359
1
c-dfj 5
360
1
bdih-dga 5
361
3
fe-dgb 3
bbhc-dgb 1
bb-dgb 1
363
2
bdi-dgd 3
hbcd-dgd 2
364
1
cfda-dge 5
365
1
jbe-dgf 5
367
1
faai-dgh 5
370
1
j-dha 5
371
1
hfib-dhb 5
373
1
ca-dhd 5
374
2
ebc-dhe 3
cbb-dhe 2
375
2
j-dhf 3
bh-dhf 2
378
2
faig-dhi 3
ddbe-dhi 2
379
2
gi-dhj 2
fffj-dhj 3
380
3
bdhg-dia 1
figc-dia 2
bbe-dia 2
384
2
fiih-die 2
ded-die 3
385
2
dejj-dif 3
hgji-dif 2
387
1
ba-dih 5
388
1
fjgj-dii 5
389
1
cgde-dij 5
391
1
ebfi-djb 5
393
1
cgbi-djd 5
394
1
cda-dje 5
396
1
biic-djg 5
403
3
ed-ead 3
ihi-ead 1
hhj-ead 1
404
1
gch-eae 5
405
1
ceff-eaf 5
406
2
bcje-eag 2
cbfj-eag 3
410
2
bhj-eba 1
effe-eba 4
411
1
gb-ebb 5
412
2
cdeb-ebc 4
ehjh-ebc 1
413
2
dcdf-ebd 3
ffh-ebd 2
415
1
hdcd-ebf 5
416
2
iih-ebg 1
dbae-ebg 4
418
1
hja-ebi 5
423
1
hjic-ecd 5
424
1
cih-ece 5
425
1
bbi-ecf 5
426
3
fgaa-ecg 3
cgfc-ecg 1
eefe-ecg 1
427
2
bbee-ech 4
bfd-ech 1
429
2
bdig-ecj 2
gcaj-ecj 3
431
1
dcg-edb 5
435
1
bigb-edf 5
437
1
cega-edh 5
438
4
cgii-edi 1
cce-edi 1
cbhg-edi 2
cai-edi 1
440
1
ebd-eea 5
443
1
cded-eed 5
444
1
c-eee 5
447
1
dcgd-eeh 5
450
1
ejdj-efa 5
451
2
fcfa-efb 3
bbb-efb 2
453
2
ife-efd 2
baji-efd 3
457
1
bbf-efh 5
458
1
gfgd-efi 5
459
2
bi-efj 4
bad-efj 1
460
2
gaia-ega 2
hahc-ega 3
462
1
ccda-egc 5
463
1
djgi-egd 5
464
1
figd-ege 5
467
3
jag-egh 1
bgca-egh 1
bgdb-egh 3
469
1
cbhi-egj 5
471
1
bgi-ehb 5
472
1
hei-ehc 5
475
2
hfdj-ehf 4
fhgi-ehf 1
476
1
hge-ehg 5
480
1
bdhe-eia 5
481
1
bcj-eib 5
482
1
bbfh-eic 5
483
1
cgid-eid 5
487
1
bac-eih 5
489
2
faje-eij 3
cjig-eij 2
490
3
gbcb-eja 2
ddhd-eja 1
efcg-eja 2
491
3
cdff-ejb 2
dhhb-ejb 1
bjec-ejb 2
492
1
ghib-ejc 5
493
2
cieb-ejd 4
fddi-ejd 1
494
1
chbd-eje 5
495
2
cjhj-ejf 2
hcg-ejf 3
496
1
bibb-ejg 5
499
1
bdc-ejj 5
502
1
eiif-fac 5
504
1
ecig-fae 5
506
2
cddi-fag 4
chjj-fag 1
507
1
dcj-fah 5
510
1
c-fba 5
511
1
bfh-fbb 5
512
2
dhde-fbc 4
fee-fbc 1
513
1
cidg-fbd 5
514
2
ifa-fbe 4
bfc-fbe 1
515
2
bdij-fbf 1
faje-fbf 4
518
1
faaa-fbi 5
519
1
ccc-fbj 5
520
2
fidb-fca 3
hfa-fca 2
521
1
feac-fcb 5
523
1
fi-fcd 5
526
1
caje-fcg 5
528
2
hdbc-fci 3
fdje-fci 2
531
1
dgjh-fdb 5
532
1
efcd-fdc 5
533
1
cgij-fdd 5
535
1
cgjg-fdf 5
537
2
gee-fdh 4
bgd-fdh 1
540
1
eb-fea 5
542
3
bhfa-fec 1
hbib-fec 3
ebei-fec 1
543
2
bhjh-fed 1
ddc-fed 4
544
3
gih-fee 1
cafd-fee 1
bcgc-fee 3
545
2
iab-fef 3
eabe-fef 2
547
1
died-feh 5
548
1
fhia-fei 5
549
1
gcaa-fej 5
556
2
cgab-ffg 4
bdda-ffg 1
557
1
hfaj-ffh 5
560
1
cfee-fga 5
561
1
fbfh-fgb 5
567
3
bied-fgh 1
ghia-fgh 1
bcfd-fgh 3
568
1
bebj-fgi 5
573
1
cijd-fhd 5
577
2
fag-fhh 4
gebi-fhh 1
578
1
bidj-fhi 5
582
1
cgdh-fic 5
583
2
bij-fid 1
gjhg-fid 4
584
3
fefb-fie 1
eijf-fie 2
faig-fie 2
589
1
bdbg-fij 5
590
1
fehf-fja 5
592
1
ehda-fjc 5
594
2
bgce-fje 2
jg-fje 3
595
1
bidh-fjf 5
596
1
bhea-fjg 5
597
1
fgij-fjh 5
599
1
chej-fjj 5
600
1
hda-gaa 5
601
1
cge-gab 5
602
1
hih-gac 5
603
1
dacf-gad 5
606
1
hagi-gag 5
608
1
hegj-gai 5
611
1
ejg-gbb 5
613
2
gdf-gbd 3
cfa-gbd 2
616
1
fci-gbg 5
619
1
bfii-gbj 5
623
1
bbeg-gcd 5
627
1
cijb-gch 5
630
2
eba-gda 3
ecie-gda 2
631
2
digc-gdb 4
efdd-gdb 1
635
1
bbej-gdf 5
636
1
ifa-gdg 5
639
3
ghec-gdj 3
dgcj-gdj 1
hiag-gdj 1
641
2
gda-geb 3
bjc-geb 2
644
1
cbfj-gee 5
645
1
egeh-gef 5
651
1
fhhh-gfb 5
654
1
chah-gfe 5
660
1
bhja-gga 5
663
2
dcbf-ggd 2
bbeh-ggd 3
665
1
ef-ggf 5
667
1
gaec-ggh 5
668
1
bcg-ggi 5
669
1
bbh-ggj 5
670
1
ffhf-gha 5
673
1
c-ghd 5
675
1
gdhf-ghf 5
676
1
dgig-ghg 5
677
1
bbjj-ghh 5
680
1
bdhh-gia 5
681
2
dice-gib 2
djb-gib 3
686
1
deih-gig 5
687
1
bgjc-gih 5
688
1
bei-gii 5
689
1
fjia-gij 5
691
3
hajc-gjb 2
biba-gjb 1
cfca-gjb 2
692
1
bd-gjc 5
694
1
cgeh-gje 5
696
1
cfgj-gjg 5
697
1
bahj-gjh 5
698
1
gihh-gji 5
699
1
fbdh-gjj 5
700
1
da-haa 5
701
1
cf-hab 5
702
1
ge-hac 5
703
2
djdi-had 4
bjij-had 1
705
1
ggch-haf 5
709
1
biig-haj 5
713
1
cjhg-hbd 5
715
1
hhbh-hbf 5
716
1
fead-hbg 5
718
1
bgad-hbi 5
721
1
bgj-hcb 5
724
2
deji-hce 1
fcef-hce 4
726
1
dece-hcg 5
727
3
hacc-hch 2
ehdd-hch 1
cgb-hch 2
728
1
bafc-hci 5
730
1
edec-hda 5
732
1
dj-hdc 5
735
1
gbif-hdf 5
736
2
bgfh-hdg 4
gcd-hdg 1
741
1
ea-heb 5
743
1
fje-hed 5
744
2
bjbd-hee 2
eeaa-hee 3
747
2
fe-heh 1
defa-heh 4
748
1
efhc-hei 5
749
1
cgaa-hej 5
750
3
fcfg-hfa 2
ddbh-hfa 2
cicc-hfa 1
751
1
eega-hfb 5
754
2
bjbc-hfe 3
cbha-hfe 2
757
1
dhjf-hfh 5
759
1
bca-hfj 5
762
1
fjdi-hgc 5
764
1
ejdc-hge 5
765
1
cbc-hgf 5
766
1
fiha-hgg 5
771
1
faad-hhb 5
775
1
ebdd-hhf 5
779
2
geia-hhj 3
bbcc-hhj 2
784
1
hdjb-hie 5
785
1
dgca-hif 5
787
2
ja-hih 4
cf-hih 1
788
1
hdeh-hii 5
790
1
hecf-hja 5
793
1
ddfi-hjd 5
794
1
d-hje 5
795
2
dibe-hjf 4
dcaj-hjf 1
796
1
edfi-hjg 5
797
1
bii-hjh 5
799
2
bfgd-hjj 2
cej-hjj 3
801
1
digg-iab 5
802
1
bidf-iac 5
805
2
bbee-iaf 2
bd-iaf 3
813
1
dafj-ibd 5
814
1
cegi-ibe 5
817
1
fcd-ibh 5
818
1
bb-ibi 5
821
2
eee-icb 3
bbjh-icb 2
822
1
fca-icc 5
823
1
fejj-icd 5
824
1
hfja-ice 5
825
1
ejib-icf 5
827
1
cgja-ich 5
828
2
cghh-ici 4
df-ici 1
830
1
bdh-ida 5
833
1
deca-idd 5
834
1
ehf-ide 5
837
1
bbgi-idh 5
838
3
ecjg-idi 3
bdii-idi 1
hidj-idi 1
839
1
ddf-idj 5
843
1
bcaf-ied 5
848
1
bich-iei 5
850
3
bfeb-ifa 1
iaf-ifa 2
gjhe-ifa 2
851
1
eh-ifb 5
852
1
edfg-ifc 5
853
1
bgj-ifd 5
854
1
ba-ife 5
855
1
dcej-iff 5
857
1
daba-ifh 5
864
1
beaj-ige 5
865
1
gfha-igf 5
866
3
h-igg 1
dded-igg 1
hbdb-igg 3
870
1
hbgj-iha 5
872
1
bae-ihc 5
874
1
cdjh-ihe 5
878
2
ddjb-ihi 2
bjih-ihi 3
879
1
haf-ihj 5
882
1
cai-iic 5
886
1
gehj-iig 5
887
1
ebd-iih 5
889
1
behi-iij 5
890
1
baf-ija 5
892
1
cici-ijc 5
893
1
bhi-ijd 5
894
1
bjej-ije 5
896
1
ga-ijg 5
897
2
ebij-ijh 2
jj-ijh 3
898
1
bbai-iji 5
899
2
gig-ijj 4
ebcf-ijj 1
904
1
gfgc-jae 5
906
1
bdjf-jag 5
908
1
bbc-jai 5
909
1
dfeh-jaj 5
911
1
gdgc-jbb 5
914
1
dhbh-jbe 5
915
1
bddi-jbf 5
916
1
bhhb-jbg 5
917
2
bfj-jbh 3
cced-jbh 2
918
2
cae-jbi 3
ejab-jbi 2
923
1
gag-jcd 5
926
1
gafc-jcg 5
930
2
bjca-jda 2
dhe-jda 3
932
1
icd-jdc 5
938
2
bga-jdi 2
bjcj-jdi 3
939
1
dbff-jdj 5
944
1
daf-jee 5
945
3
jf-jef 2
bdgi-jef 2
gfbh-jef 1
947
1
dafb-jeh 5
949
2
fcdg-jej 1
fiag-jej 4
950
1
fbj-jfa 5
951
2
ejhc-jfb 4
fbhg-jfb 1
952
3
cdej-jfc 1
bfh-jfc 3
bfia-jfc 1
953
1
bcj-jfd 5
955
2
fid-jff 3
ciii-jff 2
956
1
ecg-jfg 5
959
1
ehjf-jfj 5
960
1
bige-jga 5
962
3
efbi-jgc 2
cbba-jgc 1
bajd-jgc 2
964
1
gbde-jge 5
966
1
ghfb-jgg 5
969
1
ebig-jgj 5
972
3
d-jhc 3
jd-jhc 1
hdg-jhc 1
978
1
bfd-jhi 5
981
1
dii-jib 5
982
2
daef-jic 3
fcfh-jic 2
984
2
bec-jie 3
hcha-jie 2
988
3
cjcc-jii 2
fbfi-jii 1
ce-jii 2
989
1
gaa-jij 5
992
1
cfa-jjc 5
998
1
bhgj-jji 5
999
1
hccd-jjj 5
1000
1
be-baaa 5
1003
1
iic-baad 5
1011
1
dfc-babb 5
1012
1
hbif-babc 5
1019
1
eafj-babj 5
1021
1
hie-bacb 5
1026
1
fbc-bacg 5
1028
1
ebid-baci 5
1029
1
bhia-bacj 5
1031
1
edb-badb 5
1034
1
bdg-bade 5
1037
1
eiid-badh 5
1041
1
bjcj-baeb 5
1045
1
geff-baef 5
1052
2
ffde-bafc 4
cgjc-bafc 1
1053
1
dffi-bafd 5
1054
1
bhjh-bafe 5
1055
1
bgeg-baff 5
1056
1
hgeb-bafg 5
1059
1
cgg-bafj 5
1061
1
dfja-bagb 5
1064
1
jj-bage 5
1067
1
cbjj-bagh 5
1070
1
hce-baha 5
1071
1
cfae-bahb 5
1073
1
bf-bahd 5
1074
1
ddca-bahe 5
1078
1
jff-bahi 5
1079
1
cdie-bahj 5
1081
1
dbg-baib 5
1085
1
bbdb-baif 5
1087
1
bdhg-baih 5
1089
1
djbh-baij 5
1090
1
bffj-baja 5
1093
1
hddj-bajd 5
1094
2
ccbb-baje 3
ebhh-baje 2
1098
3
heaf-baji 3
bjab-baji 1
ia-baji 1
1102
1
cafa-bbac 5
1108
2
bgg-bbai 2
daab-bbai 3
1116
1
bj-bbbg 5
1117
1
dfdh-bbbh 5
1121
2
jjj-bbcb 2
ehcj-bbcb 3
1122
2
cddg-bbcc 3
bggi-bbcc 2
1124
1
ea-bbce 5
1125
1
bfb-bbcf 5
1126
1
bihe-bbcg 5
1127
3
ecej-bbch 2
faig-bbch 2
ejdj-bbch 1
1131
2
ebje-bbdb 3
fjha-bbdb 2
1133
1
dcc-bbdd 5
1134
1
cddd-bbde 5
1143
1
cdaj-bbed 5
1144
1
cgg-bbee 5
1146
1
chbh-bbeg 5
1147
2
gach-bbeh 4
bdgh-bbeh 1
1148
1
begd-bbei 5
1149
1
djij-bbej 5
1151
3
ecij-bbfb 1
gfdd-bbfb 3
dgdh-bbfb 1
1153
1
chac-bbfd 5
1154
1
bfhd-bbfe 5
1156
1
j-bbfg 5
1157
1
hhfc-bbfh 5
1158
1
efj-bbfi 5
1159
3
cajf-bbfj 3
efb-bbfj 1
cce-bbfj 1
1161
1
deda-bbgb 5
1162
1
ciei-bbgc 5
1166
1
gjjd-bbgg 5
1168
1
ifc-bbgi 5
1169
2
bi-bbgj 2
bcd-bbgj 3
1172
3
bdh-bbhc 1
bgd-bbhc 3
hbdd-bbhc 1
1179
2
djja-bbhj 3
cgha-bbhj 2
1184
1
baif-bbie 5
1187
1
id-bbih 5
1193
1
hf-bbjd 5
1197
1
cedi-bbjh 5
1199
2
fieb-bbjj 3
hej-bbjj 2
1201
1
bbee-bcab 5
1205
1
dgai-bcaf 5
1206
1
cdb-bcag 5
1207
1
egei-bcah 5
1208
1
geb-bcai 5
1210
1
gbd-bcba 5
1212
2
cbba-bcbc 4
ddd-bcbc 1
1213
2
jg-bcbd 4
dcg-bcbd 1
1214
1
jff-bcbe 5
1218
1
bbi-bcbi 5
1220
1
ebhf-bcca 5
1222
2
bdba-bccc 4
bbc-bccc 1
1224
3
egfi-bcce 2
eahc-bcce 1
dghi-bcce 2
1229
1
cije-bccj 5
1231
1
bcei-bcdb 5
1240
1
ebbf-bcea 5
1241
1
ja-bceb 5
1245
2
ehec-bcef 4
jej-bcef 1
1248
1
chag-bcei 5
1250
1
gfjf-bcfa 5
1253
2
cjag-bcfd 4
dhcj-bcfd 1
1259
2
fhaf-bcfj 2
efhc-bcfj 3
1262
3
gbdi-bcgc 2
bfbd-bcgc 1
fibh-bcgc 2
1265
2
bcab-bcgf 4
fb-bcgf 1
1269
2
cdjc-bcgj 1
bhb-bcgj 4
1272
1
effg-bchc 5
1280
1
feaa-bcia 5
1281
1
ffie-bcib 5
1282
1
chc-bcic 5
1283
1
egh-bcid 5
1287
1
befa-bcih 5
1289
1
efif-bcij 5
1290
1
ffgc-bcja 5
1291
1
hhcf-bcjb 5
1293
2
dedc-bcjd 2
gihe-bcjd 3
1294
2
dhdb-bcje 4
bbfb-bcje 1
1295
2
ddbd-bcjf 3
gai-bcjf 2
1302
1
ccae-bdac 5
1310
2
cjf-bdba 4
bccc-bdba 1
1316
1
hiib-bdbg 5
1317
2
bdgc-bdbh 3
edgf-bdbh 2
1318
1
ea-bdbi 5
1324
1
cgjg-bdce 5
1326
1
egfg-bdcg 5
1328
1
hf-bdci 5
1329
2
bcbc-bdcj 3
hhhh-bdcj 2
1330
2
digj-bdda 3
cggf-bdda 2
1338
1
bch-bddi 5
1339
1
fhhe-bddj 5
1340
1
ehef-bdea 5
1341
1
fccc-bdeb 5
1344
1
fbij-bdee 5
1347
3
hcib-bdeh 1
fibi-bdeh 3
cb-bdeh 1
1350
1
eggg-bdfa 5
1362
1
hcfa-bdgc 5
1364
1
cee-bdge 5
1366
2
bhca-bdgg 4
jef-bdgg 1
1367
2
dcdj-bdgh 4
cdhe-bdgh 1
1368
2
gaec-bdgi 2
ebgi-bdgi 3
1370
1
cbeg-bdha 5
1371
3
gafi-bdhb 1
bbde-bdhb 1
ejfa-bdhb 3
1374
1
fj-bdhe 5
1376
2
bhdi-bdhg 3
ide-bdhg 2
1377
1
cccf-bdhh 5
1378
1
bbf-bdhi 5
1379
2
dafj-bdhj 2
ceaa-bdhj 3
1386
1
bich-bdig 5
1387
2
bhij-bdih 1
ejgi-bdih 4
1388
1
gdj-bdii 5
1389
3
ccbf-bdij 1
cfei-bdij 2
bcbd-bdij 2
1390
1
bec-bdja 5
1392
2
jbb-bdjc 3
gieb-bdjc 2
1393
1
echd-bdjd 5
1395
1
ehhg-bdjf 5
1397
1
bfc-bdjh 5
1398
1
bdeh-bdji 5
1402
1
edf-beac 5
1404
1
dfhd-beae 5
1406
1
cda-beag 5
1408
2
fede-beai 3
dehf-beai 2
1409
2
cdgi-beaj 2
fie-beaj 3
1419
1
bf-bebj 5
1420
1
dcga-beca 5
1423
1
hhgj-becd 5
1424
2
ebjd-bece 4
gbjd-bece 1
1425
1
gfec-becf 5
1426
2
cigd-becg 4
begi-becg 1
1431
1
fadh-bedb 5
1435
1
hjcd-bedf 5
1437
1
bcca-bedh 5
1439
2
eeig-bedj 3
dhf-bedj 2
1443
1
fhjc-beed 5
1444
2
bdge-beee 4
dac-beee 1
1446
1
bdfa-beeg 5
1449
1
gcih-beej 5
1450
1
cedh-befa 5
1453
1
dbfb-befd 5
1454
1
ecac-befe 5
1455
1
eed-beff 5
1456
1
gg-befg 5
1459
1
ida-befj 5
1460
1
jgc-bega 5
1463
1
ddej-begd 5
1465
2
heb-begf 4
diab-begf 1
1468
1
bjda-begi 5
1472
2
efhb-behc 3
ehcc-behc 2
1473
1
chc-behd 5
1478
2
deg-behi 3
bijf-behi 2
1479
1
befj-behj 5
1485
1
g-beif 5
1490
1
bgg-beja 5
1491
1
bbg-bejb 5
1492
1
jgj-bejc 5
1495
1
ehfa-bejf 5
1496
1
gac-bejg 5
1508
1
bjja-bfai 5
1509
1
diad-bfaj 5
1510
2
cbgj-bfba 3
ceea-bfba 2
1511
1
hfa-bfbb 5
1513
1
cgjj-bfbd 5
1515
1
bgaa-bfbf 5
1525
1
bdjc-bfcf 5
1528
1
gejd-bfci 5
1529
1
eid-bfcj 5
1533
1
jbh-bfdd 5
1534
1
jgg-bfde 5
1536
1
gdb-bfdg 5
1539
1
fgdh-bfdj 5
1541
2
dbjg-bfeb 4
dcii-bfeb 1
1548
1
bgai-bfei 5
1550
1
hbca-bffa 5
1559
1
ffda-bffj 5
1562
1
gbfi-bfgc 5
1563
1
begf-bfgd 5
1572
1
cjf-bfhc 5
1573
1
bgae-bfhd 5
1579
2
cbba-bfhj 2
ca-bfhj 3
1580
1
dia-bfia 5
1582
2
fcbc-bfic 3
je-bfic 2
1588
1
died-bfii 5
1589
1
fhd-bfij 5
1590
2
facf-bfja 4
bgef-bfja 1
1596
1
jii-bfjg 5
1599
1
behc-bfjj 5
1600
1
jb-bgaa 5
1601
1
ffgh-bgab 5
1602
1
cdfh-bgac 5
1603
2
cgeh-bgad 3
bbfj-bgad 2
1604
1
cdi-bgae 5
1608
1
ej-bgai 5
1609
1
cbbe-bgaj 5
1612
2
bbeh-bgbc 4
caif-bgbc 1
1614
1
bgij-bgbe 5
1618
1
ffbj-bgbi 5
1620
1
b-bgca 5
1621
1
ec-bgcb 5
1624
1
bgad-bgce 5
1631
1
heh-bgdb 5
1633
1
hfdg-bgdd 5
1635
1
bj-bgdf 5
1636
2
ciaa-bgdg 2
hj-bgdg 3
1640
1
b-bgea 5
1645
1
ceii-bgef 5
1646
1
bbf-bgeg 5
1648
2
gij-bgei 4
eche-bgei 1
1649
2
ghdh-bgej 3
haj-bgej 2
1650
1
cjc-bgfa 5
1652
1
bdeb-bgfc 5
1653
1
heai-bgfd 5
1655
1
bigj-bgff 5
1657
1
ch-bgfh 5
1660
1
gbj-bgga 5
1662
1
ccac-bggc 5
1663
1
dadh-bggd 5
1664
1
hjd-bgge 5
1666
2
beai-bggg 3
bfbb-bggg 2
1668
2
bcjf-bggi 3
cbag-bggi 2
1672
1
bc-bghc 5
1675
1
ccd-bghf 5
1678
1
chga-bghi 5
1681
2
ebad-bgib 4
ehab-bgib 1
1683
1
bhbb-bgid 5
1685
1
cce-bgif 5
1686
2
hif-bgig 3
eebe-bgig 2
1689
1
bgcb-bgij 5
1690
1
cci-bgja 5
1692
1
dgeg-bgjc 5
1693
1
hcid-bgjd 5
1698
2
ffjd-bgji 4
cbia-bgji 1
1699
1
dicb-bgjj 5
1700
2
dcjh-bhaa 4
bbhc-bhaa 1
1709
3
eahf-bhaj 1
ccgg-bhaj 3
dbde-bhaj 1
1711
2
gbbi-bhbb 1
ehah-bhbb 4
1714
1
jb-bhbe 5
1719
1
chec-bhbj 5
1720
1
cga-bhca 5
1721
1
bdhj-bhcb 5
1732
1
fffd-bhdc 5
1738
1
fd-bhdi 5
1740
1
fcgf-bhea 5
1744
1
edab-bhee 5
1747
1
hjj-bheh 5
1750
1
gbhd-bhfa 5
1753
2
fjfj-bhfd 4
bfdd-bhfd 1
1755
1
gidd-bhff 5
1756
1
bd-bhfg 5
1758
1
ggah-bhfi 5
1759
1
bdea-bhfj 5
1766
1
dg-bhgg 5
1769
1
egh-bhgj 5
1770
1
fbc-bhha 5
1771
2
cdh-bhhb 2
biei-bhhb 3
1780
1
egdj-bhia 5
1781
1
cgja-bhib 5
1783
2
chb-bhid 3
fccb-bhid 2
1785
1
fjja-bhif 5
1787
1
cgaj-bhih 5
1789
1
ghh-bhij 5
1790
1
bcgf-bhja 5
1792
3
chcc-bhjc 2
jbg-bhjc 2
daa-bhjc 1
1794
1
fafi-bhje 5
1796
1
bdhi-bhjg 5
1797
2
cig-bhjh 4
bc-bhjh 1
1798
2
bdjd-bhji 3
fb-bhji 2
1799
1
bhaj-bhjj 5
1800
1
eefi-biaa 5
1802
1
hedh-biac 5
1804
1
dde-biae 5
1806
1
haee-biag 5
1807
1
efeg-biah 5
1808
1
cg-biai 5
1810
2
ic-biba 4
dfda-biba 1
1811
1
i-bibb 5
1814
1
dbd-bibe 5
1821
1
biac-bicb 5
1822
2
gfac-bicc 4
fed-bicc 1
1825
1
cbdg-bicf 5
1827
2
dfg-bich 3
bjah-bich 2
1828
1
figj-bici 5
1829
1
bafe-bicj 5
1831
1
cbcg-bidb 5
1834
1
bdd-bide 5
1835
1
ecg-bidf 5
1837
1
baad-bidh 5
1839
1
baje-bidj 5
1842
1
gfb-biec 5
1843
1
dih-bied 5
1848
1
ejf-biei 5
1854
1
dae-bife 5
1855
1
hjja-biff 5
1856
1
gbjc-bifg 5
1859
1
hci-bifj 5
1860
1
dfab-biga 5
1861
1
badh-bigb 5
1864
1
dgfi-bige 5
1865
1
cagb-bigf 5
1868
1
fae-bigi 5
1869
1
caij-bigj 5
1870
1
fagj-biha 5
1874
1
babc-bihe 5
1875
1
eiah-bihf 5
1879
1
fc-bihj 5
1882
1
dihb-biic 5
1886
1
ich-biig 5
1891
1
ejff-bijb 5
1893
1
ebbg-bijd 5
1895
2
digg-bijf 4
bfja-bijf 1
1896
1
eged-bijg 5
1897
1
haic-bijh 5
1901
1
ejd-bjab 5
1906
1
bbgg-bjag 5
1907
4
dcjb-bjah 2
djca-bjah 1
dabi-bjah 1
hddd-bjah 1
1911
1
dbh-bjbb 5
1912
2
fag-bjbc 1
gchg-bjbc 4
1913
1
bbai-bjbd 5
1916
1
edbg-bjbg 5
1919
1
edca-bjbj 5
1920
1
fdid-bjca 5
1927
1
eifd-bjch 5
1928
1
bejc-bjci 5
1929
2
hi-bjcj 3
fgai-bjcj 2
1930
2
fihe-bjda 2
ceei-bjda 3
1934
2
ddd-bjde 2
cdge-bjde 3
1936
1
dehd-bjdg 5
1939
2
efb-bjdj 4
djae-bjdj 1
1941
1
dedj-bjeb 5
1942
1
had-bjec 5
1946
1
bfbf-bjeg 5
1947
1
gd-bjeh 5
1949
1
dibb-bjej 5
1951
1
bheh-bjfb 5
1955
1
ffeb-bjff 5
1962
1
gfhi-bjgc 5
1963
1
bchc-bjgd 5
1967
1
eedf-bjgh 5
1968
1
ejef-bjgi 5
1970
1
daaf-bjha 5
1980
1
dbj-bjia 5
1983
1
dgb-bjid 5
1987
2
fhac-bjih 2
ihi-bjih 3
1988
1
gj-bjii 5
1989
1
dgcj-bjij 5
1990
2
giaf-bjja 3
bcg-bjja 2
1994
1
dacf-bjje 5
1995
1
fjgg-bjjf 5
1998
1
gceb-bjji 5
2002
1
faie-caac 5
2004
1
efca-caae 5
2005
1
ca-caaf 5
2007
1
eabe-caah 5
2010
1
hfji-caba 5
2011
1
eacg-cabb 5
2014
1
faff-cabe 5
2015
1
bcjb-cabf 5
2021
2
caeb-cacb 2
bdgg-cacb 3
2022
1
cahe-cacc 5
2038
1
ced-cadi 5
2039
1
ddfc-cadj 5
2041
2
ehdf-caeb 2
cacb-caeb 3
2042
4
cbdj-caec 1
dbdc-caec 1
fiff-caec 1
ecg-caec 2
2048
1
bcce-caei 5
2050
2
caah-cafa 2
cge-cafa 3
2051
3
gghh-cafb 3
bgji-cafb 1
gbjb-cafb 1
2053
1
cfab-cafd 5
2054
1
gdhe-cafe 5
2061
1
g-cagb 5
2064
1
ddb-cage 5
2069
2
bea-cagj 3
ghii-cagj 2
2071
2
gedg-cahb 4
beca-cahb 1
2072
1
eddi-cahc 5
2074
1
dej-cahe 5
2075
1
eae-cahf 5
2076
1
fgaj-cahg 5
2078
1
faab-cahi 5
2081
1
bbgc-caib 5
2082
1
bbce-caic 5
2084
1
fihd-caie 5
2085
1
beed-caif 5
2087
1
ccgd-caih 5
2088
1
ghib-caii 5
2089
1
hedb-caij 5
2093
1
dba-cajd 5
2094
1
cbc-caje 5
2095
2
geee-cajf 2
bbfj-cajf 3
2102
1
badb-cbac 5
2104
1
gega-cbae 5
2106
1
ddje-cbag 5
2107
1
hfai-cbah 5
2110
2
degb-cbba 4
dadf-cbba 1
2111
1
cef-cbbb 5
2114
1
bhji-cbbe 5
2117
1
dfja-cbbh 5
2119
1
hafe-cbbj 5
2126
2
bja-cbcg 3
cdci-cbcg 2
2134
2
dega-cbde 3
fddi-cbde 2
2136
1
ddd-cbdg 5
2137
2
ccci-cbdh 3
chdi-cbdh 2
2138
1
fgi-cbdi 5
2139
1
hee-cbdj 5
2140
1
cahb-cbea 5
2142
1
cdji-cbec 5
2145
1
dccc-cbef 5
2146
1
dgb-cbeg 5
2151
1
deid-cbfb 5
2155
1
ffij-cbff 5
2159
2
fcec-cbfj 2
bab-cbfj 3
2160
1
ifh-cbga 5
2162
2
cci-cbgc 3
edec-cbgc 2
2169
1
bcib-cbgj 5
2170
1
hjj-cbha 5
2176
2
diac-cbhg 3
cjcc-cbhg 2
2178
1
egid-cbhi 5
2180
1
bedh-cbia 5
2186
1
hiee-cbig 5
2188
1
fehd-cbii 5
2193
1
bdh-cbjd 5
2197
1
fdde-cbjh 5
2199
1
ffdg-cbjj 5
2201
1
bijf-ccab 5
2202
1
beac-ccac 5
2203
1
bgid-ccad 5
2204
1
efdh-ccae 5
2211
1
bhj-ccbb 5
2215
1
cbah-ccbf 5
2216
2
eieg-ccbg 4
dcfg-ccbg 1
2219
1
cgbe-ccbj 5
2220
1
chbb-ccca 5
2225
1
bcbi-cccf 5
2227
1
dac-ccch 5
2228
3
hjef-ccci 3
dada-ccci 1
cgjb-ccci 1
2230
1
ecde-ccda 5
2235
1
djg-ccdf 5
2236
1
gab-ccdg 5
2243
1
ee-cced 5
2244
1
ebdi-ccee 5
2254
1
def-ccfe 5
2256
1
ece-ccfg 5
2258
1
gcje-ccfi 5
2259
1
hdf-ccfj 5
2261
1
ebac-ccgb 5
2262
2
hibg-ccgc 3
cdd-ccgc 2
2263
1
babb-ccgd 5
2264
1
eica-ccge 5
2266
2
ddhe-ccgg 4
bhaj-ccgg 1
2272
1
cjb-cchc 5
2278
1
dcdb-cchi 5
2280
1
hhii-ccia 5
2283
1
cidh-ccid 5
2284
1
dchc-ccie 5
2296
1
dadg-ccjg 5
2299
1
beg-ccjj 5
2303
1
gh-cdad 5
2305
1
hfaa-cdaf 5
2309
1
cbc-cdaj 5
2310
1
beff-cdba 5
2321
1
bji-cdcb 5
2325
1
feja-cdcf 5
2327
1
ebfg-cdch 5
2328
1
ied-cdci 5
2332
2
hecg-cddc 4
hajg-cddc 1
2333
1
cdgi-cddd 5
2336
2
dge-cddg 2
cbc-cddg 3
2337
1
bbfd-cddh 5
2338
1
idi-cddi 5
2340
1
cgaa-cdea 5
2341
1
dai-cdeb 5
2342
1
cjah-cdec 5
2343
1
fhh-cded 5
2345
1
dgf-cdef 5
2349
2
bggi-cdej 4
jfc-cdej 1
2351
1
deha-cdfb 5
2354
1
cid-cdfe 5
2355
1
bci-cdff 5
2357
1
bbjd-cdfh 5
2359
1
gahg-cdfj 5
2362
1
edhh-cdgc 5
2364
1
deag-cdge 5
2368
2
dbai-cdgi 2
ca-cdgi 3
2369
1
ejha-cdgj 5
2370
1
ebi-cdha 5
2374
1
hd-cdhe 5
2375
2
dhhb-cdhf 3
bgga-cdhf 2
2378
1
dfg-cdhi 5
2379
1
gib-cdhj 5
2380
1
fedd-cdia 5
2382
1
bb-cdic 5
2384
1
fbcc-cdie 5
2392
1
bdja-cdjc 5
2397
1
gfaa-cdjh 5
2398
1
jee-cdji 5
2400
1
hhgc-ceaa 5
2413
1
gdjc-cebd 5
2416
1
bdd-cebg 5
2417
1
cifj-cebh 5
2418
1
ebgg-cebi 5
2422
1
jgc-cecc 5
2425
1
ebci-cecf 5
2437
1
ciab-cedh 5
2438
2
chbd-cedi 3
bddj-cedi 2
2440
1
gi-ceea 5
2444
1
ee-ceee 5
2448
1
bdgh-ceei 5
2453
1
jjc-cefd 5
2455
1
gigb-ceff 5
2460
1
baef-cega 5
2461
2
dich-cegb 3
bijb-cegb 2
2468
1
dbhi-cegi 5
2474
1
dgai-cehe 5
2475
2
fjig-cehf 3
hdch-cehf 2
2484
1
bhfj-ceie 5
2488
1
jga-ceii 5
2490
2
ehea-ceja 2
ghii-ceja 3
2492
2
bich-cejc 4
dbdd-cejc 1
2501
1
baha-cfab 5
2503
1
hgbd-cfad 5
2504
1
eadc-cfae 5
2510
1
ebde-cfba 5
2512
1
dhca-cfbc 5
2520
2
bggg-cfca 4
gjb-cfca 1
2530
1
caba-cfda 5
2537
1
degg-cfdh 5
2544
1
edej-cfee 5
2548
1
ciei-cfei 5
2566
1
bh-cfgg 5
2569
2
gjfh-cfgj 4
hjgg-cfgj 1
2571
1
cbac-cfhb 5
2573
1
eeba-cfhd 5
2575
1
beh-cfhf 5
2578
1
dajj-cfhi 5
2585
1
gjgj-cfif 5
2586
1
baib-cfig 5
2595
1
chj-cfjf 5
2596
1
fbgd-cfjg 5
2600
2
ebfj-cgaa 4
gich-cgaa 1
2601
1
eiid-cgab 5
2605
1
efcf-cgaf 5
2607
1
chfh-cgah 5
2609
1
fdd-cgaj 5
2612
1
bjid-cgbc 5
2614
1
dgd-cgbe 5
2618
2
gbbd-cgbi 2
ccg-cgbi 3
2630
2
cdgj-cgda 3
gad-cgda 2
2634
1
bgbi-cgde 5
2637
1
fca-cgdh 5
2640
1
cgff-cgea 5
2644
1
ceie-cgee 5
2646
1
ge-cgeg 5
2647
1
bha-cgeh 5
2652
1
fjjh-cgfc 5
2654
1
cjia-cgfe 5
2655
1
dbaj-cgff 5
2658
1
bac-cgfi 5
2660
1
bfjj-cgga 5
2665
1
ccci-cggf 5
2667
1
cfca-cggh 5
2668
1
hdjc-cggi 5
2670
1
ihj-cgha 5
2672
1
dhd-cghc 5
2676
1
edff-cghg 5
2677
1
fihd-cghh 5
2682
1
diid-cgic 5
2683
1
daaf-cgid 5
2688
1
fdf-cgii 5
2689
2
hfde-cgij 3
daid-cgij 2
2690
2
cg-cgja 3
eece-cgja 2
2691
2
jie-cgjb 3
bfij-cgjb 2
2692
1
djji-cgjc 5
2696
2
ejb-cgjg 1
die-cgjg 4
2699
1
ea-cgjj 5
2702
1
dbcb-chac 5
2703
1
eagb-chad 5
2706
2
bejf-chag 2
bfe-chag 3
2707
1
behd-chah 5
2708
1
bghf-chai 5
2711
1
eih-chbb 5
2713
1
gjb-chbd 5
2717
2
hied-chbh 1
bjgd-chbh 4
2722
1
efbe-chcc 5
2723
1
fcea-chcd 5
2730
2
dej-chda 2
beh-chda 3
2737
1
dhjc-chdh 5
2738
1
fgbb-chdi 5
2742
1
bggc-chec 5
2749
1
ij-chej 5
2752
1
gjbf-chfc 5
2757
1
cbea-chfh 5
2759
3
fjhb-chfj 1
ddcg-chfj 3
cbg-chfj 1
2760
2
gchg-chga 1
dfji-chga 4
2768
1
eh-chgi 5
2774
1
cdi-chhe 5
2785
1
eja-chif 5
2794
1
giii-chje 5
2799
1
bgja-chjj 5
2800
1
cecf-ciaa 5
2801
1
bide-ciab 5
2803
1
bgif-ciad 5
2810
1
ee-ciba 5
2816
1
ceee-cibg 5
2817
1
fcgh-cibh 5
2818
1
dgci-cibi 5
2821
2
ciii-cicb 3
bag-cicb 2
2822
1
befe-cicc 5
2825
1
dafb-cicf 5
2827
1
ijd-cich 5
2828
1
cj-cici 5
2829
2
bhif-cicj 4
ebga-cicj 1
2834
1
eaaa-cide 5
2836
1
bfic-cidg 5
2837
2
ciba-cidh 4
gibc-cidh 1
2841
2
ejd-cieb 2
fheh-cieb 3
2842
2
ccfe-ciec 4
bage-ciec 1
2844
1
cejc-ciee 5
2848
2
ebdd-ciei 3
gdj-ciei 2
2855
1
bcjd-ciff 5
2858
1
ddeh-cifi 5
2859
1
cfad-cifj 5
2860
1
djgc-ciga 5
2863
1
bhji-cigd 5
2866
1
gbfj-cigg 5
2870
2
ehad-ciha 2
hfcb-ciha 3
2871
1
dejh-cihb 5
2875
1
cjf-cihf 5
2876
1
eejg-cihg 5
2880
1
fcca-ciia 5
2882
2
h-ciic 4
fi-ciic 1
2887
1
ebce-ciih 5
2888
2
hegj-ciii 4
cfg-ciii 1
2891
1
fba-cijb 5
2893
1
fchj-cijd 5
2894
2
dhdd-cije 4
cgjb-cije 1
2898
1
bbd-ciji 5
2899
1
ehba-cijj 5
2900
1
cadi-cjaa 5
2901
1
bfa-cjab 5
2904
1
ffig-cjae 5
2906
1
gdje-cjag 5
2907
1
dc-cjah 5
2914
1
bcb-cjbe 5
2915
1
biai-cjbf 5
2917
1
fgjb-cjbh 5
2918
1
h-cjbi 5
2921
1
bgca-cjcb 5
2922
2
hii-cjcc 3
jii-cjcc 2
2924
2
fjea-cjce 4
ejhc-cjce 1
2927
1
iig-cjch 5
2946
1
bii-cjeg 5
2947
1
gjhj-cjeh 5
2951
1
cegb-cjfb 5
2954
1
bacj-cjfe 5
2969
1
hjh-cjgj 5
2970
1
jic-cjha 5
2971
1
cjab-cjhb 5
2976
1
bfh-cjhg 5
2979
1
ggeb-cjhj 5
2980
1
cebd-cjia 5
2985
1
ggd-cjif 5
2986
1
bcag-cjig 5
2987
1
cabb-cjih 5
2991
1
caib-cjjb 5
2994
1
dhac-cjje 5
3001
1
cich-daab 5
3005
2
jfa-daaf 4
hcdd-daaf 1
3010
1
bcce-daba 5
3012
1
cfgg-dabc 5
3014
1
bcef-dabe 5
3018
2
dfed-dabi 1
bc-dabi 4
3025
2
fcfh-dacf 2
cahb-dacf 3
3030
1
fbf-dada 5
3034
1
fdjc-dade 5
3035
2
eeaf-dadf 2
fiie-dadf 3
3036
1
cbbj-dadg 5
3037
1
iij-dadh 5
3042
1
hd-daec 5
3044
1
hddc-daee 5
3045
1
bgf-daef 5
3047
2
gehd-daeh 2
fheh-daeh 3
3051
2
gdac-dafb 4
gfee-dafb 1
3052
1
hjec-dafc 5
3059
2
bdhj-dafj 2
dfbf-dafj 3
3060
1
bdij-daga 5
3075
1
dgh-dahf 5
3079
1
ejdb-dahj 5
3082
1
cgda-daic 5
3083
1
bjfb-daid 5
3098
1
feib-daji 5
3099
1
bbg-dajj 5
3104
1
gaic-dbae 5
3108
1
gd-dbai 5
3109
1
fed-dbaj 5
3116
1
ccbg-dbbg 5
3121
1
bj-dbcb 5
3132
1
dgci-dbdc 5
3133
1
egac-dbdd 5
3134
1
gggi-dbde 5
3145
2
dif-dbef 3
dfji-dbef 2
3151
1
hifi-dbfb 5
3152
1
diic-dbfc 5
3155
1
hbd-dbff 5
3156
1
cddc-dbfg 5
3160
1
chdh-dbga 5
3169
1
daeh-dbgj 5
3178
1
dgfj-dbhi 5
3181
1
cf-dbib 5
3196
1
gje-dbjg 5
3198
1
hcdj-dbji 5
3200
1
dfhi-dcaa 5
3209
1
bec-dcaj 5
3215
1
bhid-dcbf 5
3218
2
fjcc-dcbi 3
fjc-dcbi 2
3222
1
biah-dccc 5
3223
1
gfdi-dccd 5
3231
1
bjjf-dcdb 5
3235
2
hefh-dcdf 2
eifb-dcdf 3
3239
1
ddde-dcdj 5
3248
1
cecc-dcei 5
3249
1
fbd-dcej 5
3250
1
bbi-dcfa 5
3252
1
cicb-dcfc 5
3256
2
bdbh-dcfg 4
ccbg-dcfg 1
3260
1
fbij-dcga 5
3263
1
biae-dcgd 5
3269
1
iji-dcgj 5
3270
2
daic-dcha 3
bei-dcha 2
3271
1
cbdi-dchb 5
3272
1
hfh-dchc 5
3273
1
bdci-dchd 5
3276
1
fgbg-dchg 5
3283
1
ebaa-dcid 5
3285
1
ffja-dcif 5
3288
1
cije-dcii 5
3291
2
bjah-dcjb 4
baci-dcjb 1
3297
1
bgbc-dcjh 5
3301
1
ccgc-ddab 5
3303
1
cja-ddad 5
3306
1
cjf-ddag 5
3308
1
ccdf-ddai 5
3313
1
cfbc-ddbd 5
3314
1
fagi-ddbe 5
3317
1
biba-ddbh 5
3319
1
fhig-ddbj 5
3320
1
cbj-ddca 5
3321
1
eje-ddcb 5
3323
1
cgbc-ddcd 5
3325
1
fec-ddcf 5
3326
1
gaed-ddcg 5
3330
1
dgie-ddda 5
3334
1
bgig-ddde 5
3339
2
cih-dddj 2
ebf-dddj 3
3341
1
jbh-ddeb 5
3343
1
bcid-dded 5
3347
1
cjfe-ddeh 5
3349
1
jfj-ddej 5
3352
2
djfi-ddfc 4
hafh-ddfc 1
3356
1
dbbg-ddfg 5
3358
1
hhbi-ddfi 5
3361
1
cagj-ddgb 5
3362
1
cacb-ddgc 5
3366
2
i-ddgg 4
dfaa-ddgg 1
3373
1
cehe-ddhd 5
3374
2
ccgg-ddhe 1
effe-ddhe 4
3378
1
bdh-ddhi 5
3383
1
ejb-ddid 5
3384
1
fjij-ddie 5
3386
1
gabh-ddig 5
3388
1
fiia-ddii 5
3391
1
hiaj-ddjb 5
3394
1
difc-ddje 5
3398
1
eaad-ddji 5
3402
2
cdch-deac 2
fbde-deac 3
3405
1
bgjj-deaf 5
3406
1
beee-deag 5
3420
1
cbhg-deca 5
3421
2
ccf-decb 4
gdae-decb 1
3424
1
hbha-dece 5
3427
1
ecib-dech 5
3429
2
hfcd-decj 2
giig-decj 3
3430
1
hhij-deda 5
3432
1
hagj-dedc 5
3439
1
ef-dedj 5
3448
1
ege-deei 5
3449
1
fahc-deej 5
3450
1
dgfj-defa 5
3458
1
geb-defi 5
3460
1
ebch-dega 5
3461
2
daf-degb 2
chcd-degb 3
3463
1
beh-degd 5
3466
1
bcbc-degg 5
3470
1
fcfe-deha 5
3471
1
fgfd-dehb 5
3473
2
ciic-dehd 1
hddd-dehd 4
3475
1
djhf-dehf 5
3480
1
cca-deia 5
3482
1
cjhb-deic 5
3483
1
gf-deid 5
3487
1
behc-deih 5
3488
1
cgeg-deii 5
3497
1
cbe-dejh 5
3498
1
bgej-deji 5
3499
2
fdii-dejj 1
ji-dejj 4
3500
1
jf-dfaa 5
3501
1
deii-dfab 5
3509
1
dgfb-dfaj 5
3513
1
eaha-dfbd 5
3515
1
cchi-dfbf 5
3518
1
ggi-dfbi 5
3519
2
gbij-dfbj 2
cbg-dfbj 3
3530
1
hade-dfda 5
3537
1
ddgg-dfdh 5
3543
1
cf-dfed 5
3547
1
beb-dfeh 5
3548
1
chgi-dfei 5
3551
1
bhfg-dffb 5
3558
1
diga-dffi 5
3573
1
cdhf-dfhd 5
3575
1
ijc-dfhf 5
3578
1
eh-dfhi 5
3584
1
beai-dfie 5
3589
1
cibh-dfij 5
3590
2
bjde-dfja 4
jcg-dfja 1
3598
2
fafa-dfji 4
dbef-dfji 1
3608
2
gdj-dgai 3
edbe-dgai 2
3611
1
ehbc-dgbb 5
3618
1
fc-dgbi 5
3620
1
fcjh-dgca 5
3621
1
jib-dgcb 5
3628
3
gjig-dgci 2
bjch-dgci 2
fdii-dgci 1
3629
2
efgd-dgcj 4
jh-dgcj 1
3637
1
efca-dgdh 5
3644
1
dia-dgee 5
3646
1
ijj-dgeg 5
3649
1
ccdg-dgej 5
3650
1
bgea-dgfa 5
3651
1
bceb-dgfb 5
3658
1
cff-dgfi 5
3659
2
ih-dgfj 2
cahi-dgfj 3
3662
1
bb-dggc 5
3663
1
edcj-dggd 5
3665
1
ceb-dggf 5
3677
2
igg-dghh 3
jii-dghh 2
3678
1
ddj-dghi 5
3684
1
caii-dgie 5
3686
1
bcce-dgig 5
3687
1
gjja-dgih 5
3688
1
cih-dgii 5
3689
1
bfjg-dgij 5
3697
1
de-dgjh 5
3700
1
caaf-dhaa 5
3702
1
efie-dhac 5
3709
1
dggc-dhaj 5
3716
1
ddd-dhbg 5
3717
1
ebie-dhbh 5
3720
1
fgjj-dhca 5
3725
1
cieb-dhcf 5
3728
1
dijc-dhci 5
3729
2
bhff-dhcj 4
ccjj-dhcj 1
3731
1
dbfg-dhdb 5
3733
2
fgeh-dhdd 4
gf-dhdd 1
3734
1
cfig-dhde 5
3738
1
eea-dhdi 5
3739
1
hih-dhdj 5
3748
1
dddj-dhei 5
3762
1
fdba-dhgc 5
3770
2
cjif-dhha 3
cj-dhha 2
3771
2
cdhf-dhhb 3
gadj-dhhb 2
3773
1
ei-dhhd 5
3776
1
baji-dhhg 5
3777
1
ddgg-dhhh 5
3784
1
eecj-dhie 5
3787
1
efa-dhih 5
3790
1
ie-dhja 5
3792
1
begf-dhjc 5
3795
1
bhf-dhjf 5
3799
1
ie-dhjj 5
3801
1
bbch-diab 5
3802
1
hjfa-diac 5
3803
1
dggd-diad 5
3811
1
ehjg-dibb 5
3814
1
gda-dibe 5
3817
1
edad-dibh 5
3821
1
ejdb-dicb 5
3822
1
de-dicc 5
3824
1
ji-dice 5
3827
1
ggei-dich 5
3838
2
gjib-didi 1
bdg-didi 4
3843
1
cafb-died 5
3852
1
cacc-difc 5
3855
1
bijh-diff 5
3860
1
gfbe-diga 5
3862
1
b-digc 5
3866
2
biaa-digg 4
efhe-digg 1
3869
1
bjii-digj 5
3871
1
jhi-dihb 5
3882
1
eag-diic 5
3883
2
fjf-diid 4
jhc-diid 1
3891
1
ebg-dijb 5
3892
1
gfif-dijc 5
3894
1
bgdd-dije 5
3895
1
djfg-dijf 5
3896
1
cdec-dijg 5
3904
2
hafc-djae 4
fbhj-djae 1
3907
1
ddag-djah 5
3909
1
deaf-djaj 5
3916
1
bdji-djbg 5
3917
1
bcje-djbh 5
3920
1
hdhi-djca 5
3921
1
bbgj-djcb 5
3934
1
eeee-djde 5
3938
1
cjcb-djdi 5
3939
1
bbac-djdj 5
3940
1
bbe-djea 5
3942
1
dhaj-djec 5
3956
1
dhjj-djfg 5
3957
1
bgaj-djfh 5
3958
1
cfi-djfi 5
3960
1
cib-djga 5
3962
1
dadf-djgc 5
3965
2
fcei-djgf 4
caa-djgf 1
3968
1
ggf-djgi 5
3971
1
bei-djhb 5
3975
1
eag-djhf 5
3983
2
bdbh-djid 4
dgd-djid 1
3989
1
dhj-djij 5
3990
1
bch-djja 5
3993
1
cce-djjd 5
3998
1
gieb-djji 5
4000
1
ebah-eaaa 5
4001
1
hgcc-eaab 5
4003
1
ija-eaad 5
4010
1
jdi-eaba 5
4011
1
ecfb-eabb 5
4012
1
gebh-eabc 5
4014
3
cdha-eabe 3
fef-eabe 1
jaj-eabe 1
4017
1
cggh-eabh 5
4020
1
cejc-eaca 5
4024
1
ecgi-eace 5
4026
1
cafb-eacg 5
4032
1
deac-eadc 5
4034
1
bfaj-eade 5
4035
1
chfc-eadf 5
4045
1
ciff-eaef 5
4059
1
fdfe-eafj 5
4061
1
fije-eagb 5
4067
1
ecff-eagh 5
4070
1
ddeb-eaha 5
4072
1
dffb-eahc 5
4075
1
biff-eahf 5
4076
1
ijh-eahg 5
4080
1
fdaa-eaia 5
4082
1
bfdg-eaic 5
4090
1
bbe-eaja 5
4100
1
gfab-ebaa 5
4102
1
hce-ebac 5
4103
1
habg-ebad 5
4107
1
egdh-ebah 5
4108
1
hhaa-ebai 5
4109
1
fdij-ebaj 5
4111
1
bicj-ebbb 5
4115
1
djde-ebbf 5
4116
1
gjag-ebbg 5
4119
1
ejhb-ebbj 5
4121
1
dha-ebcb 5
4124
1
hac-ebce 5
4125
1
hed-ebcf 5
4127
2
cdi-ebch 3
id-ebch 2
4128
1
gcda-ebci 5
4133
2
bcea-ebdd 4
be-ebdd 1
4134
1
fcjj-ebde 5
4138
2
fgaa-ebdi 4
djhb-ebdi 1
4140
1
cgf-ebea 5
4148
1
efi-ebei 5
4156
1
bhih-ebfg 5
4158
1
bccc-ebfi 5
4159
1
dahj-ebfj 5
4160
2
hcec-ebga 3
cijj-ebga 2
4163
1
edhe-ebgd 5
4166
1
dije-ebgg 5
4168
1
hg-ebgi 5
4171
2
fdab-ebhb 2
ecgh-ebhb 3
4175
1
eaef-ebhf 5
4177
1
bhcb-ebhh 5
4180
1
hagf-ebia 5
4183
2
fdag-ebid 3
cebi-ebid 2
4184
1
ejbd-ebie 5
4186
1
cfjg-ebig 5
4189
1
hdje-ebij 5
4193
1
bgib-ebjd 5
4194
1
ebhb-ebje 5
4202
2
hcdj-ecac 1
bbe-ecac 4
4207
1
hjf-ecah 5
4208
1
gagj-ecai 5
4209
1
cbi-ecaj 5
4220
1
gfe-ecca 5
4227
1
ifd-ecch 5
4229
1
dcj-eccj 5
4230
1
dfbj-ecda 5
4234
1
bdcg-ecde 5
4237
1
decj-ecdh 5
4249
1
dd-ecej 5
4251
1
ibe-ecfb 5
4255
1
gdhj-ecff 5
4256
1
chje-ecfg 5
4262
1
fhbg-ecgc 5
4266
1
hjii-ecgg 5
4267
1
bbfi-ecgh 5
4268
1
hhda-ecgi 5
4273
2
dbga-echd 2
fec-echd 3
4274
1
g-eche 5
4281
1
bjh-ecib 5
4284
1
hhf-ecie 5
4286
1
hahg-ecig 5
4288
1
gc-ecii 5
4289
1
cjg-ecij 5
4296
2
bgbe-ecjg 1
ig-ecjg 4
4301
2
jfb-edab 4
hahc-edab 1
4303
1
eiia-edad 5
4307
1
hhb-edah 5
4314
1
jgc-edbe 5
4316
2
cdfb-edbg 3
ciih-edbg 2
4320
1
cbig-edca 5
4329
1
igg-edcj 5
4338
1
feda-eddi 5
4342
2
ejcj-edec 2
dchg-edec 3
4349
1
fdcb-edej 5
4352
1
gffc-edfc 5
4353
2
bdha-edfd 4
ghii-edfd 1
4355
1
ccci-edff 5
4356
1
dfbi-edfg 5
4358
1
cicj-edfi 5
4364
2
hcac-edge 4
gfce-edge 1
4365
1
bbch-edgf 5
4366
2
ggjj-edgg 1
gfbc-edgg 4
4372
1
dhhg-edhc 5
4374
1
eggj-edhe 5
4377
1
dbib-edhh 5
4381
1
ehdg-edib 5
4400
1
eeha-eeaa 5
4405
1
fjab-eeaf 5
4408
1
di-eeai 5
4410
1
bejb-eeba 5
4414
1
dchd-eebe 5
4422
1
caei-eecc 5
4424
1
hd-eece 5
4429
1
dcbi-eecj 5
4432
1
fei-eedc 5
4435
1
eecc-eedf 5
4444
1
chad-eeee 5
4453
1
bbhc-eefd 5
4454
1
hd-eefe 5
4455
1
edah-eeff 5
4456
1
eib-eefg 5
4458
1
cdef-eefi 5
4460
1
ecgc-eega 5
4464
1
bhc-eege 5
4470
1
hdej-eeha 5
4475
2
gcbh-eehf 4
ggja-eehf 1
4486
1
bigi-eeig 5
4496
1
ejai-eejg 5
4498
1
bbfg-eeji 5
4500
1
djd-efaa 5
4502
1
fg-efac 5
4514
1
hddi-efbe 5
4518
1
bgji-efbi 5
4520
1
daa-efca 5
4523
1
bhfi-efcd 5
4525
1
deic-efcf 5
4526
1
bih-efcg 5
4533
1
fbea-efdd 5
4534
1
ddcf-efde 5
4537
1
bifg-efdh 5
4538
1
bjeg-efdi 5
4544
1
bda-efee 5
4546
1
dghh-efeg 5
4554
2
bicc-effe 4
hhie-effe 1
4556
1
bghc-effg 5
4557
1
bafj-effh 5
4561
1
bhbe-efgb 5
4563
1
jdi-efgd 5
4566
1
bgbc-efgg 5
4571
1
bc-efhb 5
4572
2
cbii-efhc 4
hdeg-efhc 1
4574
1
hchc-efhe 5
4577
2
dbg-efhh 3
cigg-efhh 2
4581
1
fee-efib 5
4583
1
eade-efid 5
4584
1
cabf-efie 5
4585
1
dgci-efif 5
4596
1
bjgi-efjg 5
4602
1
cbf-egac 5
4630
1
dgej-egda 5
4635
1
cg-egdf 5
4637
1
bcgj-egdh 5
4639
1
fhbe-egdj 5
4643
2
dgii-eged 4
fcgd-eged 1
4647
1
dhei-egeh 5
4648
1
ee-egei 5
4656
1
bh-egfg 5
4658
1
dec-egfi 5
4662
1
gaij-eggc 5
4665
1
bcic-eggf 5
4666
1
ebg-eggg 5
4667
1
ciha-eggh 5
4669
1
jfd-eggj 5
4682
1
gceb-egic 5
4683
1
bei-egid 5
4698
2
heba-egji 4
fbha-egji 1
4701
1
efhh-ehab 5
4703
1
bdjh-ehad 5
4707
1
ccfj-ehah 5
4710
1
cjfb-ehba 5
4711
1
ehfg-ehbb 5
4712
1
ccjg-ehbc 5
4722
2
gjeg-ehcc 3
bgj-ehcc 2
4728
1
cbjd-ehci 5
4729
1
ibi-ehcj 5
4730
1
dd-ehda 5
4732
1
efd-ehdc 5
4733
1
ggeb-ehdd 5
4735
1
ihc-ehdf 5
4736
1
gjdg-ehdg 5
4738
2
ja-ehdi 4
eadf-ehdi 1
4740
1
fcej-ehea 5
4742
1
cdcb-ehec 5
4745
1
ehcc-ehef 5
4749
1
icb-ehej 5
4750
1
fheg-ehfa 5
4753
1
bcfd-ehfd 5
4756
2
bdeh-ehfg 3
cbde-ehfg 2
4761
1
fadf-ehgb 5
4762
1
chhe-ehgc 5
4775
1
cgga-ehhf 5
4776
1
die-ehhg 5
4782
1
gia-ehic 5
4786
1
dg-ehig 5
4788
1
eefg-ehii 5
4795
1
bccj-ehjf 5
4796
1
cihb-ehjg 5
4797
1
baje-ehjh 5
4799
1
fcae-ehjj 5
4801
1
fejg-eiab 5
4807
1
ha-eiah 5
4813
1
bib-eibd 5
4814
1
cjeh-eibe 5
4815
1
cfhi-eibf 5
4817
1
dca-eibh 5
4819
1
ghgb-eibj 5
4820
1
cdf-eica 5
4828
1
hhge-eici 5
4836
1
gfbe-eidg 5
4842
1
ef-eiec 5
4845
1
gbic-eief 5
4846
1
cc-eieg 5
4849
1
cjjb-eiej 5
4851
1
eege-eifb 5
4853
1
hdc-eifd 5
4874
1
fjgc-eihe 5
4875
1
ehic-eihf 5
4878
1
ibh-eihi 5
4880
2
fdhi-eiia 2
ffae-eiia 3
4883
1
ega-eiid 5
4885
1
dje-eiif 5
4891
1
dd-eijb 5
4895
1
cag-eijf 5
4901
1
idh-ejab 5
4908
1
cibi-ejai 5
4913
1
echd-ejbd 5
4929
1
efde-ejcj 5
4931
1
dgb-ejdb 5
4932
1
hi-ejdc 5
4933
1
cajf-ejdd 5
4939
1
jef-ejdj 5
4945
1
bahe-ejef 5
4950
1
gjhh-ejfa 5
4954
1
deac-ejfe 5
4955
1
cib-ejff 5
4956
1
bdg-ejfg 5
4967
1
beg-ejgh 5
4968
2
bdih-ejgi 1
cebh-ejgi 4
4970
1
fdch-ejha 5
4971
1
bffa-ejhb 5
4972
2
diff-ejhc 1
jfb-ejhc 4
4980
1
bbed-ejia 5
4981
1
e-ejib 5
4989
1
cdfj-ejij 5
4992
1
bjgc-ejjc 5
5000
1
bdhb-faaa 5
5001
1
fcid-faab 5
5003
1
bee-faad 5
5008
1
gdde-faai 5
5016
1
beh-fabg 5
5017
1
cbe-fabh 5
5019
1
ccge-fabj 5
5023
1
feh-facd 5
5025
1
cjgj-facf 5
5034
1
da-fade 5
5035
1
ddhe-fadf 5
5037
1
caec-fadh 5
5055
1
cehf-faff 5
5057
1
gc-fafh 5
5058
1
eibf-fafi 5
5068
1
cbgc-fagi 5
5069
1
hjia-fagj 5
5072
1
ecah-fahc 5
5073
1
dcha-fahd 5
5084
1
gchb-faie 5
5086
3
dhi-faig 3
gcba-faig 1
eiia-faig 1
5094
2
efaa-faje 1
fbf-faje 4
5112
2
fhjd-fbbc 4
ggd-fbbc 1
5122
1
ccee-fbcc 5
5128
1
fdha-fbci 5
5133
1
fcee-fbdd 5
5134
1
ejjc-fbde 5
5137
1
jfg-fbdh 5
5140
1
cge-fbea 5
5157
1
chif-fbfh 5
5158
1
hjba-fbfi 5
5163
1
gbah-fbgd 5
5170
1
bbc-fbha 5
5176
1
hf-fbhg 5
5177
1
gbjh-fbhh 5
5179
1
fahd-fbhj 5
5180
1
cgah-fbia 5
5189
2
hdgj-fbij 4
fef-fbij 1
5190
1
caac-fbja 5
5191
1
gjc-fbjb 5
5193
1
ddfc-fbjd 5
5200
1
egji-fcaa 5
5204
1
cbae-fcae 5
5206
1
hbgg-fcag 5
5212
1
cbec-fcbc 5
5218
1
ddhi-fcbi 5
5220
1
bicf-fcca 5
5221
1
cahf-fccb 5
5222
1
djbg-fccc 5
5228
1
bagh-fcci 5
5229
1
bjc-fccj 5
5236
1
djaj-fcdg 5
5240
2
id-fcea 2
icb-fcea 3
5242
1
fdjd-fcec 5
5244
1
bcje-fcee 5
5245
1
igf-fcef 5
5248
1
fijc-fcei 5
5249
1
fagj-fcej 5
5250
1
dfhf-fcfa 5
5253
1
fdah-fcfd 5
5254
1
fhh-fcfe 5
5256
1
djea-fcfg 5
5257
2
dhf-fcfh 4
ddii-fcfh 1
5263
2
bfcj-fcgd 3
eged-fcgd 2
5265
1
beb-fcgf 5
5267
2
bcd-fcgh 2
ehc-fcgh 3
5273
1
cihg-fchd 5
5276
2
i-fchg 2
iei-fchg 3
5279
1
gcfc-fchj 5
5283
2
dgee-fcid 2
deei-fcid 3
5292
1
feih-fcjc 5
5297
1
gbhc-fcjh 5
5299
1
jda-fcjj 5
5300
1
dbji-fdaa 5
5301
2
ebhb-fdab 4
bcfj-fdab 1
5303
1
bi-fdad 5
5306
1
cch-fdag 5
5307
1
chg-fdah 5
5309
1
bedb-fdaj 5
5310
1
dcbi-fdba 5
5311
1
bjeb-fdbb 5
5321
1
baih-fdcb 5
5327
1
bbhj-fdch 5
5331
1
ggee-fddb 5
5334
1
ja-fdde 5
5338
1
hhfa-fddi 5
5354
1
eia-fdfe 5
5364
1
cjbi-fdge 5
5367
1
cahc-fdgh 5
5370
1
ggdh-fdha 5
5371
1
beag-fdhb 5
5374
1
gdfe-fdhe 5
5378
1
cdia-fdhi 5
5383
1
ecdh-fdid 5
5388
2
dejj-fdii 4
facd-fdii 1
5389
1
eaca-fdij 5
5392
1
cicb-fdjc 5
5393
1
cde-fdjd 5
5394
2
ehej-fdje 4
dfg-fdje 1
5398
1
fabj-fdji 5
5400
1
gffe-feaa 5
5402
1
gbcf-feac 5
5403
1
cba-fead 5
5406
1
cjbh-feag 5
5408
1
bgh-feai 5
5413
1
bbih-febd 5
5424
1
haaa-fece 5
5430
1
ccab-feda 5
5433
1
cajd-fedd 5
5434
1
gfda-fede 5
5448
1
bdhb-feei 5
5451
1
bag-fefb 5
5473
1
c-fehd 5
5475
2
bbgj-fehf 2
gf-fehf 3
5481
1
bbgb-feib 5
5483
1
caih-feid 5
5487
1
hhhh-feih 5
5490
1
bedj-feja 5
5496
1
cbga-fejg 5
5497
1
cgea-fejh 5
5499
1
cjje-fejj 5
5502
1
habj-ffac 5
5504
1
bjdj-ffae 5
5506
1
b-ffag 5
5513
1
haa-ffbd 5
5514
1
hbdf-ffbe 5
5519
1
dcei-ffbj 5
5528
1
bhh-ffci 5
5530
1
cej-ffda 5
5531
1
bgei-ffdb 5
5534
1
jcd-ffde 5
5536
1
gdgh-ffdg 5
5539
1
hch-ffdj 5
5541
1
edgg-ffeb 5
5550
1
bhaa-fffa 5
5553
2
hifa-fffd 1
gagd-fffd 4
5559
1
hfhc-fffj 5
5562
1
cgic-ffgc 5
5567
1
fg-ffgh 5
5575
1
ffag-ffhf 5
5580
1
bdee-ffia 5
5584
1
feei-ffie 5
5586
1
gj-ffig 5
5589
1
hada-ffij 5
5590
1
ffac-ffja 5
5593
1
jai-ffjd 5
5595
1
chfj-ffjf 5
5599
2
gebi-ffjj 4
ehjj-ffjj 1
5600
2
jji-fgaa 4
ebdi-fgaa 1
5608
1
fggi-fgai 5
5609
1
jbf-fgaj 5
5611
1
fjh-fgbb 5
5616
2
cc-fgbg 4
cdej-fgbg 1
5626
1
hiia-fgcg 5
5628
1
giih-fgci 5
5637
1
febd-fgdh 5
5647
1
hdhd-fgeh 5
5648
1
bfh-fgei 5
5653
1
fcgh-fgfd 5
5655
1
bfgc-fgff 5
5668
1
fhhg-fggi 5
5687
1
hbgd-fgih 5
5689
1
fee-fgij 5
5691
1
cfg-fgjb 5
5692
1
cebg-fgjc 5
5699
1
eic-fgjj 5
5702
1
ddgc-fhac 5
5703
1
cbj-fhad 5
5705
1
dbg-fhaf 5
5710
1
ci-fhba 5
5714
1
fja-fhbe 5
5716
1
eibj-fhbg 5
5746
1
bcfa-fheg 5
5747
2
fea-fheh 2
hfid-fheh 3
5751
1
cbcg-fhfb 5
5768
1
cghg-fhgi 5
5770
1
gccf-fhha 5
5774
1
fhi-fhhe 5
5775
1
ccid-fhhf 5
5776
1
bfi-fhhg 5
5777
1
fhhf-fhhh 5
5780
1
cefd-fhia 5
5786
1
hdjg-fhig 5
5792
1
fhfb-fhjc 5
5793
1
hifh-fhjd 5
5806
1
dfie-fiag 5
5815
1
dc-fibf 5
5817
1
ccca-fibh 5
5818
1
ccfi-fibi 5
5831
1
ebbb-fidb 5
5838
1
fddb-fidi 5
5841
1
iaf-fieb 5
5855
2
efd-fiff 4
fcag-fiff 1
5862
1
fffa-figc 5
5863
1
hfb-figd 5
5869
1
hbf-figj 5
5870
1
cee-fiha 5
5873
2
hefh-fihd 4
bfde-fihd 1
5874
1
eabe-fihe 5
5880
1
ejf-fiia 5
5883
1
fbb-fiid 5
5884
1
djid-fiie 5
5887
1
ghg-fiih 5
5892
1
bgh-fijc 5
5894
1
fg-fije 5
5901
1
hdee-fjab 5
5919
1
bh-fjbj 5
5922
1
fade-fjcc 5
5924
1
bhb-fjce 5
5938
1
cga-fjdi 5
5940
1
chj-fjea 5
5959
2
ebcb-fjfj 1
ech-fjfj 4
5961
1
fdh-fjgb 5
5962
2
hagc-fjgc 4
bcgf-fjgc 1
5963
1
bahd-fjgd 5
5966
1
bh-fjgg 5
5969
1
hjdd-fjgj 5
5970
1
di-fjha 5
5971
1
cjeg-fjhb 5
5980
1
eidg-fjia 5
5986
1
ffbd-fjig 5
5989
1
dahf-fjij 5
5990
1
ddab-fjja 5
5997
1
fbci-fjjh 5
6001
2
ceh-gaab 2
bejg-gaab 3
6005
1
bjih-gaaf 5
6017
1
ehdi-gabh 5
6027
1
baja-gach 5
6039
1
bife-gadj 5
6042
2
dab-gaec 2
bdgi-gaec 3
6043
1
baj-gaed 5
6052
1
hee-gafc 5
6058
1
bhaj-gafi 5
6062
1
gfdh-gagc 5
6063
1
hgdc-gagd 5
6067
1
hgeg-gagh 5
6069
1
djgf-gagj 5
6073
1
idi-gahd 5
6076
1
hjg-gahg 5
6077
1
biec-gahh 5
6079
1
eibe-gahj 5
6080
1
he-gaia 5
6082
1
didi-gaic 5
6088
1
cbgc-gaii 5
6089
1
bci-gaij 5
6096
1
bcih-gajg 5
6100
1
cdcf-gbaa 5
6107
1
dfhi-gbah 5
6113
1
hgbg-gbbd 5
6115
1
dhci-gbbf 5
6118
2
baj-gbbi 4
efh-gbbi 1
6121
1
ej-gbcb 5
6125
1
i-gbcf 5
6130
1
gb-gbda 5
6134
1
dibh-gbde 5
6138
1
bjdg-gbdi 5
6153
1
cja-gbfd 5
6158
1
fibf-gbfi 5
6159
1
hejb-gbfj 5
6164
1
ddgb-gbge 5
6165
1
dga-gbgf 5
6172
1
dghh-gbhc 5
6173
1
da-gbhd 5
6176
1
bbcf-gbhg 5
6182
1
ffci-gbic 5
6185
1
jhc-gbif 5
6189
1
bfd-gbij 5
6191
1
eeai-gbjb 5
6192
1
ffjj-gbjc 5
6193
1
bafg-gbjd 5
6197
1
ceh-gbjh 5
6198
1
biha-gbji 5
6200
1
fiid-gcaa 5
6209
1
habb-gcaj 5
6210
1
bhh-gcba 5
6211
1
hjbj-gcbb 5
6217
1
dcf-gcbh 5
6225
1
cc-gccf 5
6230
1
bacb-gcda 5
6241
1
bfba-gceb 5
6250
1
fbjd-gcfa 5
6252
1
hfa-gcfc 5
6256
1
cahg-gcfg 5
6268
1
ghij-gcgi 5
6271
1
hhha-gchb 5
6276
2
bhjc-gchg 1
chga-gchg 4
6281
1
edfc-gcib 5
6287
1
eaia-gcih 5
6291
1
dghh-gcjb 5
6294
1
bfdj-gcje 5
6302
1
eedc-gdac 5
6304
1
cfba-gdae 5
6306
1
cjha-gdag 5
6315
1
fjce-gdbf 5
6321
1
dfbd-gdcb 5
6334
1
hdbg-gdde 5
6354
1
bjff-gdfe 5
6360
1
dfei-gdga 5
6362
1
ghij-gdgc 5
6363
1
bac-gdgd 5
6367
1
cchc-gdgh 5
6369
1
chda-gdgj 5
6371
1
cdfe-gdhb 5
6374
1
dbfc-gdhe 5
6375
1
beae-gdhf 5
6379
1
dhj-gdhj 5
6383
2
fgjc-gdid 4
if-gdid 1
6385
1
bbd-gdif 5
6392
1
hcbb-gdjc 5
6394
1
hhij-gdje 5
6395
1
bhfd-gdjf 5
6401
1
hhbe-geab 5
6415
1
ecj-gebf 5
6417
1
bhaa-gebh 5
6418
2
higc-gebi 2
ffjj-gebi 3
6436
1
hgif-gedg 5
6444
1
bidb-geee 5
6452
1
gbgf-gefc 5
6455
1
dhi-geff 5
6460
1
gaab-gega 5
6473
2
caec-gehd 2
daeh-gehd 3
6474
1
fie-gehe 5
6479
1
bhjc-gehj 5
6480
1
ggh-geia 5
6481
1
eagh-geib 5
6493
1
befg-gejd 5
6500
1
deej-gfaa 5
6501
1
cie-gfab 5
6502
1
dhih-gfac 5
6503
1
dddj-gfad 5
6512
1
hg-gfbc 5
6514
2
ffg-gfbe 1
gbbi-gfbe 4
6517
1
fhad-gfbh 5
6520
1
bda-gfca 5
6524
1
ebid-gfce 5
6530
2
dei-gfda 3
bega-gfda 2
6533
1
bgdg-gfdd 5
6537
1
cae-gfdh 5
6538
1
bece-gfdi 5
6542
1
bahi-gfec 5
6544
1
bgge-gfee 5
6546
1
bjji-gfeg 5
6552
1
defi-gffc 5
6554
1
gdg-gffe 5
6562
1
djid-gfgc 5
6563
1
dhgc-gfgd 5
6570
1
ecgg-gfha 5
6571
1
fjgc-gfhb 5
6578
1
cbff-gfhi 5
6585
1
hfgg-gfif 5
6595
1
jge-gfjf 5
6607
1
eaja-ggah 5
6618
1
dde-ggbi 5
6623
1
ecda-ggcd 5
6627
1
ijj-ggch 5
6637
3
ccbj-ggdh 3
ed-ggdh 1
cgj-ggdh 1
6640
1
caic-ggea 5
6641
2
gfhb-ggeb 3
bcbd-ggeb 2
6644
1
bac-ggee 5
6648
1
gdcb-ggei 5
6661
1
ggdh-gggb 5
6668
1
fag-gggi 5
6677
1
fabg-gghh 5
6682
1
fci-ggic 5
6685
1
bch-ggif 5
6686
1
haii-ggig 5
6690
2
eehf-ggja 2
jda-ggja 3
6699
2
bbc-ggjj 2
ehg-ggjj 3
6704
2
cbde-ghae 3
cic-ghae 2
6711
1
bhbb-ghbb 5
6737
1
fee-ghdh 5
6740
1
fbe-ghea 5
6742
1
ggj-ghec 5
6751
1
fgei-ghfb 5
6761
1
bjci-ghgb 5
6763
1
dch-ghgd 5
6776
1
gi-ghhg 5
6781
2
ddcd-ghib 2
baeb-ghib 3
6787
1
hfe-ghih 5
6788
3
edfd-ghii 1
ceja-ghii 2
cagj-ghii 2
6789
2
cehf-ghij 4
dhja-ghij 1
6805
1
dba-giaf 5
6812
1
ebaj-gibc 5
6827
1
cicf-gich 5
6833
1
bcd-gidd 5
6841
2
bdjc-gieb 4
cddc-gieb 1
6842
1
hj-giec 5
6845
1
ech-gief 5
6847
1
gbhg-gieh 5
6861
1
bdj-gigb 5
6865
1
ccia-gigf 5
6867
1
eiej-gigh 5
6874
1
gahj-gihe 5
6877
1
hdij-gihh 5
6886
1
gjj-giig 5
6887
1
dbef-giih 5
6888
1
bdhb-giii 5
6897
1
efj-gijh 5
6906
1
ciec-gjag 5
6915
1
chfj-gjbf 5
6936
1
hfgj-gjdg 5
6946
1
becd-gjeg 5
6957
1
cdhj-gjfh 5
6969
1
gab-gjgj 5
6974
2
ejia-gjhe 2
fgh-gjhe 3
6976
1
dcfg-gjhg 5
6977
1
gagc-gjhh 5
6979
1
bhi-gjhj 5
6981
1
gbfd-gjib 5
6986
1
bbhj-gjig 5
6990
1
haci-gjja 5
6993
1
g-gjjd 5
7000
1
ddda-haaa 5
7011
1
bhje-habb 5
7016
1
bfhj-habg 5
7019
1
bhgg-habj 5
7022
1
gjg-hacc 5
7028
1
fcbi-haci 5
7030
1
egh-hada 5
7034
1
id-hade 5
7044
1
fid-haee 5
7052
1
dgfa-hafc 5
7054
1
bcjd-hafe 5
7057
1
bed-hafh 5
7062
1
beeg-hagc 5
7065
1
hch-hagf 5
7068
1
fdhe-hagi 5
7069
1
hiba-hagj 5
7072
2
ddad-hahc 3
edab-hahc 2
7076
1
effe-hahg 5
7082
1
bej-haic 5
7083
1
eehf-haid 5
7088
1
bfic-haii 5
7092
1
bhid-hajc 5
7096
1
dcfa-hajg 5
7101
1
ehii-hbab 5
7120
1
bfh-hbca 5
7123
2
gha-hbcd 4
bj-hbcd 1
7131
1
cicj-hbdb 5
7133
1
fdge-hbdd 5
7135
1
hje-hbdf 5
7143
1
bgfd-hbed 5
7158
1
dicc-hbfi 5
7163
1
eibd-hbgd 5
7166
1
eggh-hbgg 5
7169
1
fdad-hbgj 5
7170
1
dgij-hbha 5
7181
1
gbg-hbib 5
7185
1
bifj-hbif 5
7194
1
eeji-hbje 5
7202
1
jbi-hcac 5
7211
1
beif-hcbb 5
7219
1
eief-hcbj 5
7223
1
ce-hccd 5
7224
1
cc-hcce 5
7233
1
ebb-hcdd 5
7239
2
ecac-hcdj 1
fcci-hcdj 4
7242
1
bhee-hcec 5
7247
1
cfa-hceh 5
7250
1
eihi-hcfa 5
7270
1
eabh-hcha 5
7272
1
bcef-hchc 5
7281
1
gdjf-hcib 5
7283
1
efjg-hcid 5
7305
1
dech-hdaf 5
7312
1
caae-hdbc 5
7316
1
ecca-hdbg 5
7319
1
fhgc-hdbj 5
7320
1
hied-hdca 5
7323
1
eaab-hdcd 5
7327
1
ehgc-hdch 5
7332
1
fdaj-hddc 5
7333
2
bjah-hddd 3
edib-hddd 2
7338
1
fdh-hddi 5
7339
1
edgg-hddj 5
7344
1
bgfc-hdee 5
7346
2
bbi-hdeg 1
deh-hdeg 4
7347
1
dc-hdeh 5
7349
1
gji-hdej 5
7361
1
cbef-hdgb 5
7369
1
ddcb-hdgj 5
7373
1
cadj-hdhd 5
7378
1
cjae-hdhi 5
7382
1
daee-hdic 5
7389
1
heia-hdij 5
7391
1
ffdb-hdjb 5
7392
1
deia-hdjc 5
7394
1
dbd-hdje 5
7396
1
jhc-hdjg 5
7405
1
dgbi-heaf 5
7408
1
ehfd-heai 5
7410
1
eihf-heba 5
7425
1
cgda-hecf 5
7426
1
eccj-hecg 5
7431
1
ddfg-hedb 5
7437
1
ceja-hedh 5
7441
1
gajg-heeb 5
7456
1
bcbe-hefg 5
7457
2
eg-hefh 3
bfja-hefh 2
7469
1
decb-hegj 5
7480
1
eba-heia 5
7482
1
gaaf-heic 5
7491
1
hiaa-hejb 5
7500
1
bjgh-hfaa 5
7503
1
fgh-hfad 5
7508
1
baj-hfai 5
7509
1
dba-hfaj 5
7521
1
ba-hfcb 5
7523
1
dgcb-hfcd 5
7534
1
da-hfde 5
7536
1
becg-hfdg 5
7539
1
edi-hfdj 5
7553
1
cdhj-hffd 5
7566
1
gb-hfgg 5
7572
1
hjjh-hfhc 5
7581
1
eja-hfib 5
7583
1
gga-hfid 5
7590
1
ehae-hfja 5
7591
1
fd-hfjb 5
7597
1
di-hfjh 5
7598
1
ecj-hfji 5
7613
1
eeff-hgbd 5
7616
1
bcij-hgbg 5
7622
1
ggic-hgcc 5
7632
2
ghf-hgdc 4
be-hgdc 1
7641
1
cddh-hgeb 5
7646
1
bggg-hgeg 5
7647
1
dg-hgeh 5
7674
1
bcba-hghe 5
7685
1
ei-hgif 5
7698
1
bbfj-hgji 5
7700
1
ciia-hhaa 5
7705
1
bijg-hhaf 5
7714
1
eba-hhbe 5
7717
1
chb-hhbh 5
7718
1
gbd-hhbi 5
7721
1
dhcj-hhcb 5
7724
1
cafa-hhce 5
7725
1
gcfa-hhcf 5
7727
2
ejfe-hhch 4
ddc-hhch 1
7730
1
bia-hhda 5
7750
2
diid-hhfa 2
bdda-hhfa 3
7752
1
fi-hhfc 5
7762
1
beja-hhgc 5
7764
1
jdj-hhge 5
7769
1
dfja-hhgj 5
7770
1
cji-hhha 5
7777
2
bcd-hhhh 3
bdcj-hhhh 2
7784
1
cdb-hhie 5
7788
1
ice-hhii 5
7789
2
gfca-hhij 3
fchd-hhij 2
7800
1
bgd-hiaa 5
7806
1
djga-hiag 5
7809
1
ejgh-hiaj 5
7810
1
eja-hiba 5
7816
1
hefg-hibg 5
7823
1
chf-hicd 5
7839
2
dcaa-hidj 3
fgcg-hidj 2
7842
1
hfj-hiec 5
7843
2
chbh-hied 1
dej-hied 4
7844
1
cibg-hiee 5
7857
1
egji-hifh 5
7858
1
fb-hifi 5
7862
1
bhc-higc 5
7880
1
dhdd-hiia 5
7881
1
jij-hiib 5
7910
1
cihf-hjba 5
7919
1
efgg-hjbj 5
7923
1
bhhb-hjcd 5
7930
1
bfj-hjda 5
7933
1
jf-hjdd 5
7942
1
heeb-hjec 5
7945
1
bfhj-hjef 5
7947
1
fjbj-hjeh 5
7950
1
fah-hjfa 5
7966
1
dfa-hjgg 5
7980
1
ead-hjia 5
7982
1
dabe-hjic 5
7987
1
ici-hjih 5
7988
1
cj-hjii 5
7990
1
djgf-hjja 5
7997
1
ii-hjjh 5
