2607
1
6
dif-b 1
dhb-b 1
ege-b 1
fjgd-b 1
bga-b 1
cjce-b 1
2
6
gdgd-c 1
ebea-c 1
ehdc-c 1
ibd-c 1
cge-c 1
cjbi-c 1
3
2
ccie-d 5
dcdf-d 1
4
3
feab-e 3
bcai-e 2
fece-e 1
5
4
hjda-f 3
fbbc-f 1
ehb-f 1
bdcb-f 1
6
6
bjeh-g 1
dhdj-g 1
bjah-g 1
ei-g 1
ebej-g 1
egdf-g 1
7
5
cdea-h 2
fcgd-h 1
caia-h 1
hjih-h 1
bggd-h 1
8
6
baj-i 1
bbcb-i 1
cddg-i 1
jgf-i 1
ehig-i 1
bdei-i 1
9
6
ddid-j 1
bjaj-j 1
bec-j 1
ejdd-j 1
bgjd-j 1
cgec-j 1
10
6
de-ba 1
cfeb-ba 1
fbdf-ba 1
feid-ba 1
ecdh-ba 1
cedi-ba 1
11
6
ea-bb 1
egda-bb 1
bfeb-bb 1
dcjb-bb 1
hcce-bb 1
cba-bb 1
12
6
ggcd-bc 1
hijf-bc 1
dcc-bc 1
ciji-bc 1
cgfi-bc 1
hgeh-bc 1
13
3
ggja-bd 2
cjj-bd 3
ddai-bd 1
14
6
hfif-be 1
fcfd-be 1
ejc-be 1
heg-be 1
ghjf-be 1
hgdc-be 1
15
2
hjf-bf 4
ffge-bf 2
17
6
f-bh 1
gjh-bh 1
fjj-bh 1
bfia-bh 1
cfbi-bh 1
hjb-bh 1
18
4
djj-bi 1
ccfg-bi 1
cifi-bi 3
iba-bi 1
19
3
hbab-bj 1
bbf-bj 2
ecjg-bj 3
20
5
dcgg-ca 1
bff-ca 2
dbi-ca 1
cgb-ca 1
dhie-ca 1
21
3
ejfg-cb 3
chbc-cb 2
bjia-cb 1
22
5
cdja-cc 2
bgac-cc 1
edh-cc 1
dbf-cc 1
heh-cc 1
23
4
jfc-cd 1
fba-cd 1
eehd-cd 2
cic-cd 2
24
2
gdbf-ce 2
dabc-ce 4
25
4
gic-cf 1
dehb-cf 2
gaii-cf 1
djfe-cf 2
26
4
ehgb-cg 1
dich-cg 2
dcif-cg 1
fede-cg 2
27
5
hhc-ch 1
cbh-ch 1
dib-ch 1
daga-ch 2
ccad-ch 1
28
2
ejgi-ci 5
heef-ci 1
29
6
ggee-cj 1
ciga-cj 1
ff-cj 1
bbcc-cj 1
dhfj-cj 1
ihe-cj 1
30
5
efac-da 2
ffg-da 1
fbhh-da 1
ifb-da 1
bdac-da 1
31
1
geaa-db 6
32
3
gahh-dc 1
gijh-dc 4
ecf-dc 1
33
6
cjaa-dd 1
cbdh-dd 1
bgig-dd 1
bjfd-dd 1
dhhh-dd 1
hbcd-dd 1
34
3
daje-de 3
dafc-de 2
fbja-de 1
35
1
bijd-df 6
36
5
bafb-dg 1
ccf-dg 1
bfi-dg 1
j-dg 2
djec-dg 1
37
1
bac-dh 6
38
2
fdji-di 5
bfcf-di 1
39
1
jbg-dj 6
40
4
effh-ea 1
ejgj-ea 3
hdg-ea 1
bcjg-ea 1
41
3
hah-eb 2
eijb-eb 3
fa-eb 1
42
2
cjbf-ec 4
bgcb-ec 2
43
2
fgh-ed 5
ebgd-ed 1
44
4
gdid-ee 2
cbdh-ee 1
bigf-ee 1
bjdd-ee 2
45
3
bcgj-ef 3
bici-ef 1
eace-ef 2
46
3
hbed-eg 4
bch-eg 1
bfbd-eg 1
47
6
cad-eh 1
cgbi-eh 1
ia-eh 1
edgg-eh 1
bhca-eh 1
bjbj-eh 1
48
3
baca-ei 3
ghih-ei 1
fchg-ei 2
49
6
jic-ej 1
bbch-ej 1
ddb-ej 1
bch-ej 1
hbje-ej 1
chjf-ej 1
50
4
bhh-fa 1
fcaa-fa 1
idd-fa 1
gcjb-fa 3
51
5
bjdg-fb 1
haid-fb 1
cb-fb 1
dijg-fb 1
cab-fb 2
52
2
ffbe-fc 1
gebf-fc 5
53
2
bb-fd 4
ejj-fd 2
54
2
bjha-fe 5
gfad-fe 1
55
1
ecaj-ff 6
56
1
dhha-fg 6
57
4
bea-fh 2
dcf-fh 1
bdai-fh 1
behg-fh 2
58
3
cage-fi 3
bidd-fi 1
ciic-fi 2
59
4
fhha-fj 3
ehfh-fj 1
cjd-fj 1
fdab-fj 1
60
5
heic-ga 1
jdd-ga 1
bghb-ga 1
g-ga 2
geab-ga 1
61
4
ccch-gb 1
cfhb-gb 2
ehhf-gb 2
bjd-gb 1
62
2
gjhe-gc 3
bbfb-gc 3
63
2
cdi-gd 2
ehfg-gd 4
64
6
bdbi-ge 1
gagh-ge 1
jae-ge 1
eggf-ge 1
dcfh-ge 1
cgdj-ge 1
65
2
hija-gf 5
chda-gf 1
66
3
fgec-gg 3
ggdh-gg 2
cgjg-gg 1
67
1
bjdi-gh 6
68
3
beej-gi 2
ddj-gi 3
f-gi 1
69
4
ej-gj 1
gdb-gj 1
bceg-gj 3
edjj-gj 1
70
1
bcg-ha 6
71
1
gabf-hb 6
73
5
ghhg-hd 1
bbfb-hd 1
fdje-hd 1
bdj-hd 2
dhga-hd 1
74
2
eaic-he 5
cfj-he 1
75
5
fjai-hf 1
dec-hf 2
cafe-hf 1
defd-hf 1
caie-hf 1
76
1
ciee-hg 6
78
3
dabi-hi 3
bjh-hi 2
bfe-hi 1
79
2
cabe-hj 4
bcjf-hj 2
80
5
fcjc-ia 1
hgaj-ia 1
hdji-ia 2
cahh-ia 1
caif-ia 1
81
1
gica-ib 6
82
2
eggc-ic 5
behj-ic 1
83
4
bjbb-id 2
ghae-id 1
hcbj-id 2
ebai-id 1
84
2
hfhj-ie 5
bhbj-ie 1
85
2
bcid-if 3
dbgj-if 3
86
1
hicd-ig 6
87
3
bcah-ih 1
cfh-ih 4
cfjh-ih 1
88
2
baaa-ii 3
dfj-ii 3
89
2
djfb-ij 4
hdgb-ij 2
90
4
hagf-ja 1
bedj-ja 3
bcfj-ja 1
bgdf-ja 1
91
3
iac-jb 4
fbdd-jb 1
cij-jb 1
92
1
degf-jc 6
93
2
edhc-jd 2
jhf-jd 4
94
2
edbg-je 2
diic-je 4
95
3
dfaa-jf 3
ijg-jf 1
fhba-jf 2
96
2
fb-jg 5
bad-jg 1
97
1
dccd-jh 6
98
3
cfb-ji 4
ijh-ji 1
ehf-ji 1
99
4
giac-jj 2
hhce-jj 1
cfjf-jj 2
egd-jj 1
100
2
fbfi-baa 5
cfhd-baa 1
101
1
dea-bab 6
102
5
fgeg-bac 2
ggig-bac 1
iha-bac 1
ije-bac 1
dbb-bac 1
103
2
ciha-bad 1
bece-bad 5
104
1
bihf-bae 6
105
4
dgeh-baf 1
geib-baf 3
fdbj-baf 1
eghb-baf 1
106
3
biga-bag 3
bafj-bag 1
bab-bag 2
108
1
fbi-bai 6
109
4
haa-baj 3
fcea-baj 1
cd-baj 1
bd-baj 1
110
1
bbgf-bba 6
111
2
gidb-bbb 1
fhcg-bbb 5
112
4
ggdh-bbc 3
i-bbc 1
gggj-bbc 1
biag-bbc 1
113
2
ciad-bbd 5
hceh-bbd 1
114
4
eici-bbe 3
gdhb-bbe 1
ecai-bbe 1
hgc-bbe 1
115
4
dhhd-bbf 1
ee-bbf 1
gahd-bbf 1
bij-bbf 3
116
1
cj-bbg 6
117
1
ici-bbh 6
118
4
giec-bbi 2
cca-bbi 1
edi-bbi 1
cide-bbi 2
119
1
fcjd-bbj 6
120
1
bihj-bca 6
121
3
difi-bcb 2
fjfj-bcb 2
dijf-bcb 2
123
3
ddbj-bcd 2
gcbb-bcd 1
dcha-bcd 3
124
1
bbeb-bce 6
126
3
cjbe-bcg 1
bjja-bcg 4
bbd-bcg 1
127
4
cbbh-bch 2
gbb-bch 1
hghj-bch 1
cjgd-bch 2
128
1
gief-bci 6
129
3
hcic-bcj 2
bafc-bcj 1
dade-bcj 3
130
1
gdga-bda 6
131
1
bfci-bdb 6
132
1
gbaa-bdc 6
133
3
dfaj-bdd 2
fdhb-bdd 1
hiha-bdd 3
136
2
didi-bdg 1
baa-bdg 5
137
4
fga-bdh 3
eihe-bdh 1
bgi-bdh 1
chbc-bdh 1
138
1
cch-bdi 6
139
3
bebc-bdj 3
feai-bdj 1
becf-bdj 2
140
2
ffjf-bea 5
ba-bea 1
141
2
eiab-beb 2
cedb-beb 4
142
4
bghi-bec 1
jeh-bec 2
ic-bec 2
hbi-bec 1
143
1
bea-bed 6
144
1
iig-bee 6
145
1
chj-bef 6
146
1
bedf-beg 6
147
2
cgfe-beh 2
ecch-beh 4
148
3
caec-bei 4
hffd-bei 1
bgf-bei 1
149
2
bicb-bej 5
bfei-bej 1
150
1
ehdi-bfa 6
151
1
cbi-bfb 6
152
2
h-bfc 5
gfhb-bfc 1
153
3
dd-bfd 2
ccgb-bfd 2
eij-bfd 2
154
3
dcgj-bfe 4
hfjb-bfe 1
cehe-bfe 1
155
1
bdb-bff 6
156
1
bfga-bfg 6
157
4
ga-bfh 3
dgbg-bfh 1
cidh-bfh 1
efib-bfh 1
158
3
dg-bfi 2
ida-bfi 2
hed-bfi 2
159
2
cacb-bfj 3
bhfd-bfj 3
160
2
eh-bga 5
idj-bga 1
161
1
efee-bgb 6
162
2
eh-bgc 2
eajf-bgc 4
163
2
f-bgd 5
gieh-bgd 1
165
2
fbjb-bgf 3
bgib-bgf 3
166
2
cjf-bgg 4
ebia-bgg 2
167
3
hjgg-bgh 2
dhha-bgh 1
ebga-bgh 3
168
4
j-bgi 1
fch-bgi 1
feag-bgi 3
cdic-bgi 1
169
4
bjbg-bgj 2
hdeg-bgj 1
hiec-bgj 1
cchf-bgj 2
170
2
e-bha 5
fj-bha 1
171
1
bjdj-bhb 6
172
2
cg-bhc 2
daec-bhc 4
175
1
dhcf-bhf 6
177
4
cgej-bhh 1
bfae-bhh 1
gehe-bhh 1
fabh-bhh 3
178
2
ghbb-bhi 5
efgb-bhi 1
179
3
ghd-bhj 2
fac-bhj 3
cggi-bhj 1
180
1
eefd-bia 6
181
2
bbdd-bib 4
faaf-bib 2
184
1
iib-bie 6
188
2
bfhc-bii 2
bbe-bii 4
189
2
hgf-bij 1
dfhj-bij 5
190
1
jie-bja 6
192
1
id-bjc 6
193
2
bahb-bjd 1
fccd-bjd 5
195
2
dgc-bjf 3
cihh-bjf 3
197
1
bffc-bjh 6
198
1
bacg-bji 6
199
1
bfdf-bjj 6
200
1
chag-caa 6
201
1
fgci-cab 6
203
1
fjg-cad 6
204
2
bage-cae 5
dafb-cae 1
205
1
cfhc-caf 6
206
2
eaf-cag 1
djj-cag 5
208
2
fic-cai 2
ciec-cai 4
210
1
eih-cba 6
211
2
fa-cbb 2
geij-cbb 4
212
4
dd-cbc 2
ecd-cbc 1
eabc-cbc 1
edg-cbc 2
214
2
bgi-cbe 3
djjd-cbe 3
215
1
hghe-cbf 6
216
4
fdc-cbg 2
bfai-cbg 2
chfj-cbg 1
dfbj-cbg 1
217
1
bjhj-cbh 6
218
2
ccgc-cbi 3
bibe-cbi 3
219
3
eaba-cbj 4
gaad-cbj 1
gbji-cbj 1
220
2
dhaa-cca 4
eeh-cca 2
222
1
ddji-ccc 6
223
1
djbe-ccd 6
224
3
cfgj-cce 1
edi-cce 4
dai-cce 1
225
2
efdi-ccf 4
eb-ccf 2
226
1
bej-ccg 6
227
2
chi-cch 1
gbda-cch 5
228
4
fbe-cci 1
bhbd-cci 1
dbab-cci 1
gdhb-cci 3
230
4
bgff-cda 1
cgaf-cda 1
b-cda 1
hdhg-cda 3
231
1
cfif-cdb 6
233
1
ffdj-cdd 6
234
1
hfe-cde 6
235
2
gdb-cdf 4
cbjh-cdf 2
237
1
ddig-cdh 6
238
2
ebch-cdi 4
cdad-cdi 2
241
1
jbi-ceb 6
243
1
ii-ced 6
244
2
fgff-cee 1
fcb-cee 5
247
3
eicb-ceh 1
fh-ceh 1
cghc-ceh 4
248
1
bggj-cei 6
249
2
dcid-cej 5
egic-cej 1
250
3
hbfi-cfa 1
ifa-cfa 1
cbg-cfa 4
251
1
dhac-cfb 6
255
2
gaec-cff 5
gjd-cff 1
256
2
fa-cfg 4
babj-cfg 2
257
1
gii-cfh 6
258
2
eaea-cfi 4
dcfc-cfi 2
259
1
hf-cfj 6
260
3
ddi-cga 3
gigh-cga 2
ice-cga 1
261
2
bai-cgb 5
fbia-cgb 1
264
6
bhdc-cge 1
cgee-cge 1
fai-cge 1
eiec-cge 1
bdeh-cge 1
ejij-cge 1
265
1
eabb-cgf 6
266
4
icf-cgg 2
bdij-cgg 1
dh-cgg 2
deji-cgg 1
267
1
eiaa-cgh 6
269
2
cjih-cgj 1
bhda-cgj 5
271
3
cdgc-chb 2
cbg-chb 1
bcih-chb 3
272
2
biab-chc 5
efhh-chc 1
275
1
egc-chf 6
276
1
bcdb-chg 6
278
1
gggb-chi 6
279
2
dggf-chj 3
efge-chj 3
281
1
gfeg-cib 6
282
3
jfi-cic 3
fhdh-cic 1
bcja-cic 2
283
1
befd-cid 6
284
1
gb-cie 6
286
3
djcb-cig 4
bbjj-cig 1
bgdg-cig 1
287
4
hiai-cih 3
ebc-cih 1
fgih-cih 1
ehci-cih 1
289
1
cdba-cij 6
290
2
hdbj-cja 3
fafh-cja 3
291
1
ead-cjb 6
293
1
bhjj-cjd 6
295
4
dchb-cjf 1
ggbi-cjf 1
dhbg-cjf 3
efid-cjf 1
296
1
he-cjg 6
298
1
ch-cji 6
299
1
djfh-cjj 6
300
3
eggh-daa 4
iff-daa 1
bhjc-daa 1
301
2
idi-dab 5
fb-dab 1
302
2
beee-dac 4
bafd-dac 2
304
1
fgbg-dae 6
305
2
edge-daf 3
ibh-daf 3
306
3
bjje-dag 4
ggbg-dag 1
dbef-dag 1
307
1
bbfe-dah 6
308
1
gbbf-dai 6
310
3
gdgj-dba 3
dag-dba 1
bcgc-dba 2
311
1
ef-dbb 6
313
1
bade-dbd 6
314
1
behi-dbe 6
315
1
ecii-dbf 6
316
2
ffdb-dbg 4
fehf-dbg 2
317
1
jdc-dbh 6
318
1
hcb-dbi 6
319
1
bcia-dbj 6
320
1
dhdi-dca 6
322
1
gehd-dcc 6
325
3
dgif-dcf 1
cig-dcf 3
f-dcf 2
326
2
ga-dcg 5
fje-dcg 1
329
2
efd-dcj 3
jb-dcj 3
331
3
ebe-ddb 3
fifh-ddb 1
dhe-ddb 2
332
1
fej-ddc 6
333
4
fejh-ddd 2
ih-ddd 2
dij-ddd 1
bjag-ddd 1
334
3
gaih-dde 2
beaj-dde 1
hdca-dde 3
335
1
djdj-ddf 6
338
1
ffia-ddi 6
339
1
eibh-ddj 6
340
1
dbe-dea 6
342
2
cfdh-dec 3
ebce-dec 3
343
1
fh-ded 6
345
2
jje-def 5
gigf-def 1
346
2
fhg-deg 5
dac-deg 1
347
1
hdeg-deh 6
348
3
bbcb-dei 3
cgbd-dei 1
ebfa-dei 2
349
2
hhch-dej 5
cahe-dej 1
350
2
ge-dfa 5
fae-dfa 1
352
1
gb-dfc 6
355
1
bdj-dff 6
356
2
jdh-dfg 3
ehbb-dfg 3
359
1
c-dfj 6
360
1
fjh-dga 6
361
2
bb-dgb 5
fe-dgb 1
362
1
cjfh-dgc 6
363
2
hbcd-dgd 5
bdi-dgd 1
364
1
cfda-dge 6
365
1
jbe-dgf 6
370
1
j-dha 6
371
1
hfib-dhb 6
373
1
ca-dhd 6
374
1
cbb-dhe 6
375
2
j-dhf 3
bh-dhf 3
378
2
faig-dhi 2
ddbe-dhi 4
379
3
gi-dhj 4
fffj-dhj 1
hhj-dhj 1
380
2
bdhg-dia 2
figc-dia 4
381
1
hihf-dib 6
383
1
gbib-did 6
384
2
ded-die 4
fiih-die 2
385
1
dejj-dif 6
387
1
ba-dih 6
388
2
fjgj-dii 2
bdbf-dii 4
389
1
cgde-dij 6
391
1
ebfi-djb 6
393
1
cgbi-djd 6
394
1
cda-dje 6
396
2
biic-djg 4
dde-djg 2
399
2
dcf-djj 4
chei-djj 2
401
1
ifd-eab 6
402
2
i-eac 5
eig-eac 1
403
2
ed-ead 4
ihi-ead 2
404
2
gch-eae 4
cd-eae 2
405
1
ceff-eaf 6
406
2
cbfj-eag 4
bcje-eag 2
408
1
je-eai 6
410
2
effe-eba 3
bhj-eba 3
412
1
ehjh-ebc 6
413
2
ffh-ebd 5
dcdf-ebd 1
414
1
bejb-ebe 6
415
1
hhi-ebf 6
416
1
iih-ebg 6
418
1
hja-ebi 6
423
1
hjic-ecd 6
424
1
cih-ece 6
425
1
bbi-ecf 6
426
4
cgfc-ecg 3
eefe-ecg 1
fba-ecg 1
fgaa-ecg 1
427
2
bbee-ech 3
bfd-ech 3
429
2
bdig-ecj 5
gcaj-ecj 1
431
1
dcg-edb 6
432
1
dddf-edc 6
433
1
hba-edd 6
434
1
cjbe-ede 6
435
1
bigb-edf 6
436
1
cdag-edg 6
437
1
cega-edh 6
438
3
cbhg-edi 4
cai-edi 1
cgii-edi 1
440
2
ebd-eea 4
fhef-eea 2
443
1
cded-eed 6
444
1
c-eee 6
447
1
dcgd-eeh 6
448
1
egef-eei 6
450
3
fgcb-efa 2
ejdj-efa 1
igf-efa 3
451
2
fcfa-efb 3
bbb-efb 3
452
2
bjdi-efc 4
hfd-efc 2
453
3
bhgc-efd 2
ife-efd 1
baji-efd 3
457
1
bbf-efh 6
458
2
djg-efi 5
gfgd-efi 1
459
1
bad-efj 6
460
2
hahc-ega 5
gaia-ega 1
462
1
ccda-egc 6
463
1
djgi-egd 6
464
2
figd-ege 2
cghj-ege 4
467
3
jag-egh 3
bgca-egh 2
bgdb-egh 1
471
1
bgi-ehb 6
475
3
hfdj-ehf 3
fhgi-ehf 1
eiac-ehf 2
476
1
hge-ehg 6
480
1
bdhe-eia 6
481
1
bcj-eib 6
482
1
bbfh-eic 6
486
1
eg-eig 6
487
2
chhd-eih 3
bac-eih 3
489
1
faje-eij 6
490
2
cegb-eja 5
gbcb-eja 1
491
3
bjec-ejb 1
fjhg-ejb 1
dhhb-ejb 4
492
2
ghib-ejc 2
bi-ejc 4
493
2
cieb-ejd 1
fddi-ejd 5
494
2
chbd-eje 3
hdcd-eje 3
496
2
bibb-ejg 4
iba-ejg 2
498
1
gacj-eji 6
499
1
bdc-ejj 6
502
1
eiif-fac 6
503
1
fghi-fad 6
504
2
eddc-fae 1
ecig-fae 5
506
3
chjj-fag 2
cddi-fag 1
fhh-fag 3
507
1
dcj-fah 6
508
1
gdca-fai 6
510
3
c-fba 4
ghc-fba 1
djbb-fba 1
511
2
bfh-fbb 5
bicc-fbb 1
512
1
fee-fbc 6
513
1
cidg-fbd 6
514
1
bfc-fbe 6
515
2
faje-fbf 2
bdij-fbf 4
516
1
fcgg-fbg 6
518
1
faaa-fbi 6
519
1
ccc-fbj 6
520
1
fidb-fca 6
521
1
feac-fcb 6
527
1
gjah-fch 6
532
2
cff-fdc 5
efcd-fdc 1
533
1
cgij-fdd 6
535
1
cgjg-fdf 6
537
2
bgd-fdh 5
faee-fdh 1
540
2
eb-fea 4
bacg-fea 2
542
2
bhfa-fec 3
ebei-fec 3
543
2
ccdh-fed 3
bhjh-fed 3
544
3
bcgc-fee 1
cafd-fee 2
gih-fee 3
545
2
iab-fef 4
eabe-fef 2
547
1
died-feh 6
548
2
fhia-fei 5
bh-fei 1
549
1
gcaa-fej 6
552
1
cbc-ffc 6
556
3
cgab-ffg 1
bdda-ffg 1
edie-ffg 4
557
1
hfaj-ffh 6
560
2
dej-fga 4
cfee-fga 2
561
1
bhhi-fgb 6
563
1
gdih-fgd 6
566
1
bjje-fgg 6
567
2
ghia-fgh 2
bied-fgh 4
569
1
gcjc-fgj 6
573
2
cijd-fhd 3
fbfi-fhd 3
576
1
cic-fhg 6
577
3
gebi-fhh 4
fag-fhh 1
bgci-fhh 1
578
1
bidj-fhi 6
582
1
cgdh-fic 6
583
2
gjhg-fid 3
bij-fid 3
584
3
faig-fie 1
eijf-fie 4
fefb-fie 1
586
1
daja-fig 6
590
1
fehf-fja 6
592
1
ehda-fjc 6
593
1
ch-fjd 6
594
4
jg-fje 1
cebc-fje 1
ehbf-fje 3
bgce-fje 1
595
1
bidh-fjf 6
596
1
bhea-fjg 6
597
2
bagc-fjh 1
fgij-fjh 5
599
1
chej-fjj 6
601
1
cge-gab 6
603
1
dacf-gad 6
605
1
dbee-gaf 6
606
1
hagi-gag 6
608
1
cbj-gai 6
610
1
hgj-gba 6
611
1
ejg-gbb 6
613
2
cfa-gbd 1
gdf-gbd 5
619
2
bfii-gbj 5
ich-gbj 1
623
1
bbeg-gcd 6
627
1
cijb-gch 6
630
1
eba-gda 6
631
4
dffj-gdb 2
efdd-gdb 2
gj-gdb 1
digc-gdb 1
632
1
beia-gdc 6
635
1
bbej-gdf 6
636
1
ifa-gdg 6
638
1
bbfg-gdi 6
639
2
ghec-gdj 4
dgcj-gdj 2
641
1
bjc-geb 6
644
1
geeb-gee 6
651
1
fhhh-gfb 6
657
1
bfc-gfh 6
660
1
bhja-gga 6
663
2
bbeh-ggd 5
dcbf-ggd 1
664
1
bi-gge 6
665
3
ef-ggf 2
dcgf-ggf 3
ghdg-ggf 1
668
1
bcg-ggi 6
669
1
bbh-ggj 6
670
1
ffhf-gha 6
672
1
bbci-ghc 6
673
1
c-ghd 6
675
2
gdhf-ghf 5
eai-ghf 1
676
1
dgig-ghg 6
677
1
bbjj-ghh 6
680
1
bdhh-gia 6
681
2
dice-gib 2
djb-gib 4
682
1
fdbd-gic 6
685
1
fhgb-gif 6
686
1
deih-gig 6
687
2
bgjc-gih 2
cf-gih 4
688
1
bei-gii 6
689
1
fjia-gij 6
691
3
hajc-gjb 4
cfca-gjb 1
biba-gjb 1
692
1
bd-gjc 6
693
1
ia-gjd 6
694
1
cgeh-gje 6
696
1
cfgj-gjg 6
697
1
bahj-gjh 6
698
1
gihh-gji 6
699
2
heai-gjj 5
fbdh-gjj 1
700
1
da-haa 6
702
1
ge-hac 6
703
1
bjij-had 6
705
1
ggch-haf 6
707
1
eejh-hah 6
709
1
biig-haj 6
710
1
eac-hba 6
713
1
cjhg-hbd 6
715
1
hhbh-hbf 6
718
1
bgad-hbi 6
721
1
bgj-hcb 6
724
2
fcef-hce 2
deji-hce 4
727
3
ehdd-hch 1
cgb-hch 1
hacc-hch 4
735
1
gbif-hdf 6
736
2
gcd-hdg 3
bgfh-hdg 3
743
2
badh-hed 4
fje-hed 2
744
2
eeaa-hee 2
bjbd-hee 4
746
1
hibb-heg 6
747
2
defa-heh 3
fe-heh 3
749
1
cgaa-hej 6
750
2
cicc-hfa 5
ddbh-hfa 1
751
1
eega-hfb 6
753
1
dfdb-hfd 6
754
2
bjbc-hfe 4
cbha-hfe 2
757
1
dhjf-hfh 6
759
1
bca-hfj 6
761
1
efd-hgb 6
762
1
fjdi-hgc 6
764
1
ejdc-hge 6
765
1
cbc-hgf 6
766
1
fiha-hgg 6
769
2
dgba-hgj 5
bddj-hgj 1
772
2
jji-hhc 5
dii-hhc 1
776
1
gbga-hhg 6
777
1
daeh-hhh 6
778
1
daa-hhi 6
779
1
deg-hhj 6
784
1
hdjb-hie 6
785
1
dgca-hif 6
787
1
ja-hih 6
788
1
hdeh-hii 6
789
1
bcgb-hij 6
790
1
hecf-hja 6
791
1
cida-hjb 6
793
1
ddfi-hjd 6
794
1
d-hje 6
795
2
dibe-hjf 3
dcaj-hjf 3
796
1
edfi-hjg 6
797
1
bii-hjh 6
799
1
cej-hjj 6
800
1
ehgi-iaa 6
801
1
digg-iab 6
802
2
bfae-iac 5
bidf-iac 1
805
2
hifh-iaf 1
bbee-iaf 5
810
2
hbfe-iba 4
fcce-iba 2
812
1
eici-ibc 6
813
1
dafj-ibd 6
814
1
cegi-ibe 6
815
2
djcf-ibf 3
dagg-ibf 3
817
1
dgge-ibh 6
821
2
eee-icb 5
bbjh-icb 1
822
1
gihg-icc 6
823
1
fejj-icd 6
824
2
hfja-ice 2
hhii-ice 4
825
1
ejib-icf 6
827
2
cgja-ich 3
bdgi-ich 3
828
2
cghh-ici 5
df-ici 1
830
1
bdh-ida 6
833
1
deca-idd 6
834
1
ehf-ide 6
837
1
bbgi-idh 6
838
3
bdii-idi 2
hidj-idi 1
ecjg-idi 3
839
1
ddf-idj 6
847
1
bjj-ieh 6
848
1
bich-iei 6
850
2
gjhe-ifa 5
bfeb-ifa 1
851
1
eh-ifb 6
852
1
edfg-ifc 6
853
2
bgj-ifd 4
dghb-ifd 2
854
1
ba-ife 6
855
1
dcej-iff 6
857
1
daba-ifh 6
858
1
gffi-ifi 6
863
1
gffd-igd 6
864
1
beaj-ige 6
865
2
gfha-igf 3
dcif-igf 3
866
3
hbdb-igg 4
h-igg 1
dded-igg 1
870
1
hbgj-iha 6
872
1
bae-ihc 6
874
1
cdjh-ihe 6
875
1
jge-ihf 6
878
2
bjih-ihi 3
ddjb-ihi 3
879
1
haf-ihj 6
881
1
efa-iib 6
882
1
cai-iic 6
886
1
cabh-iig 6
887
1
ebd-iih 6
889
1
behi-iij 6
890
2
baf-ija 2
efb-ija 4
892
1
cici-ijc 6
893
1
bhi-ijd 6
894
2
bjej-ije 1
baje-ije 5
896
2
ga-ijg 5
eea-ijg 1
897
1
jj-ijh 6
898
1
bbai-iji 6
899
2
ebcf-ijj 2
gig-ijj 4
901
1
gee-jab 6
904
2
gfgc-jae 3
cchj-jae 3
906
1
bdjf-jag 6
907
1
fice-jah 6
908
1
bbc-jai 6
912
1
baa-jbc 6
914
1
dhbh-jbe 6
916
1
bijb-jbg 6
917
2
bfj-jbh 3
cced-jbh 3
918
2
ejab-jbi 5
cae-jbi 1
923
1
gag-jcd 6
926
2
gafc-jcg 4
dfja-jcg 2
929
1
f-jcj 6
930
1
bjca-jda 6
932
1
icd-jdc 6
933
1
hijh-jdd 6
937
1
bidh-jdh 6
938
2
bjcj-jdi 2
bga-jdi 4
939
1
dbff-jdj 6
944
1
daf-jee 6
945
2
bdgi-jef 3
gfbh-jef 3
947
1
dafb-jeh 6
949
1
fiag-jej 6
950
2
fbj-jfa 5
hi-jfa 1
951
2
fbhg-jfb 5
ejhc-jfb 1
952
1
bfia-jfc 6
953
1
bcj-jfd 6
954
1
fh-jfe 6
955
3
eefa-jff 3
ciii-jff 2
fid-jff 1
956
3
ecg-jfg 4
degi-jfg 1
cceg-jfg 1
957
1
fga-jfh 6
958
1
fcfc-jfi 6
960
1
bige-jga 6
962
2
efbi-jgc 2
cbba-jgc 4
964
2
gbde-jge 4
fgie-jge 2
965
1
bjfc-jgf 6
966
1
ghfb-jgg 6
969
1
ebig-jgj 6
972
3
jd-jhc 1
d-jhc 4
hdg-jhc 1
975
1
cjca-jhf 6
978
1
bfd-jhi 6
981
2
cjjf-jib 2
dii-jib 4
982
1
daef-jic 6
984
2
hcha-jie 5
bec-jie 1
988
2
ce-jii 3
cjcc-jii 3
992
1
cfa-jjc 6
994
1
fhha-jje 6
998
2
fhbc-jji 2
bhgj-jji 4
999
1
hccd-jjj 6
1000
1
be-baaa 6
1003
1
iic-baad 6
1006
1
bgej-baag 6
1011
1
dfc-babb 6
1019
1
eafj-babj 6
1020
1
higj-baca 6
1021
1
hie-bacb 6
1026
2
fbc-bacg 2
dajf-bacg 4
1028
1
ebid-baci 6
1029
2
bhia-bacj 2
cbie-bacj 4
1031
1
edb-badb 6
1034
1
bdg-bade 6
1037
2
ia-badh 1
eiid-badh 5
1041
2
bgh-baeb 4
bjcj-baeb 2
1045
1
geff-baef 6
1046
1
ffgf-baeg 6
1051
1
baeg-bafb 6
1052
1
ffde-bafc 6
1053
1
dffi-bafd 6
1054
1
bhjh-bafe 6
1056
1
hgeb-bafg 6
1059
1
cgg-bafj 6
1060
1
eabf-baga 6
1062
1
gebg-bagc 6
1064
1
jj-bage 6
1067
1
cbjj-bagh 6
1069
1
bjd-bagj 6
1070
1
hce-baha 6
1071
1
cfae-bahb 6
1073
1
bf-bahd 6
1074
1
ddca-bahe 6
1078
1
jff-bahi 6
1079
2
cdie-bahj 5
cg-bahj 1
1080
1
gchf-baia 6
1082
1
dahi-baic 6
1083
2
dbgg-baid 2
hgfi-baid 4
1085
1
bbdb-baif 6
1087
1
bdhg-baih 6
1089
2
djbh-baij 5
edhi-baij 1
1090
1
bffj-baja 6
1094
3
ebhh-baje 3
ccbb-baje 1
dcie-baje 2
1096
1
hjhd-bajg 6
1098
2
bjab-baji 1
heaf-baji 5
1102
1
cafa-bbac 6
1107
1
b-bbah 6
1108
2
bgg-bbai 5
daab-bbai 1
1114
1
ejc-bbbe 6
1121
2
jjj-bbcb 3
dei-bbcb 3
1122
2
dcac-bbcc 5
cddg-bbcc 1
1125
1
bfb-bbcf 6
1127
3
ejdj-bbch 1
ecej-bbch 4
faig-bbch 1
1128
1
be-bbci 6
1131
2
ebje-bbdb 3
fjha-bbdb 3
1133
1
dcc-bbdd 6
1134
1
cddd-bbde 6
1141
2
ghf-bbeb 5
hf-bbeb 1
1143
1
cdaj-bbed 6
1144
1
cgg-bbee 6
1146
1
chbh-bbeg 6
1147
2
gach-bbeh 5
bdgh-bbeh 1
1149
1
djij-bbej 6
1151
3
gfdd-bbfb 2
ecij-bbfb 1
dgdh-bbfb 3
1153
1
chac-bbfd 6
1154
1
bba-bbfe 6
1156
2
j-bbfg 3
cbaj-bbfg 3
1157
1
hhfc-bbfh 6
1159
3
cce-bbfj 4
hjfj-bbfj 1
efb-bbfj 1
1162
1
ciei-bbgc 6
1165
1
dag-bbgf 6
1166
2
fhjb-bbgg 3
gjjd-bbgg 3
1168
1
ifc-bbgi 6
1169
3
bi-bbgj 2
bcd-bbgj 1
bjff-bbgj 3
1170
1
fgg-bbha 6
1172
2
hbdd-bbhc 1
bdh-bbhc 5
1176
1
djda-bbhg 6
1179
3
cgha-bbhj 4
djja-bbhj 1
befi-bbhj 1
1184
1
baif-bbie 6
1187
1
id-bbih 6
1192
1
bjfh-bbjc 6
1193
1
hf-bbjd 6
1197
1
cedi-bbjh 6
1199
3
hej-bbjj 1
fieb-bbjj 2
cig-bbjj 3
1200
3
fgb-bcaa 3
fghb-bcaa 1
fbg-bcaa 2
1204
1
dj-bcae 6
1207
1
egei-bcah 6
1208
1
geb-bcai 6
1210
1
gbd-bcba 6
1212
2
ddd-bcbc 5
cbba-bcbc 1
1213
2
dcg-bcbd 4
jg-bcbd 2
1214
1
jff-bcbe 6
1218
1
bbi-bcbi 6
1219
1
dijf-bcbj 6
1220
1
ebhf-bcca 6
1222
1
bdba-bccc 6
1224
2
eahc-bcce 5
egfi-bcce 1
1229
1
cfhj-bccj 6
1231
1
bcei-bcdb 6
1241
1
ja-bceb 6
1245
1
ehec-bcef 6
1246
1
ehac-bceg 6
1247
1
bjfj-bceh 6
1248
1
chag-bcei 6
1249
1
hgab-bcej 6
1250
1
gfjf-bcfa 6
1253
1
dhcj-bcfd 6
1259
2
efhc-bcfj 5
fhaf-bcfj 1
1261
1
cei-bcgb 6
1262
3
bfbd-bcgc 1
fibh-bcgc 3
gbdi-bcgc 2
1265
1
fb-bcgf 6
1269
2
bhb-bcgj 3
cdjc-bcgj 3
1272
1
effg-bchc 6
1280
1
feaa-bcia 6
1281
1
ffie-bcib 6
1282
1
chc-bcic 6
1283
2
egh-bcid 3
ggf-bcid 3
1287
2
befa-bcih 5
gajg-bcih 1
1289
1
efif-bcij 6
1290
1
ffgc-bcja 6
1291
1
hhcf-bcjb 6
1293
1
gihe-bcjd 6
1294
2
dhdb-bcje 5
bbfb-bcje 1
1295
1
ddbd-bcjf 6
1296
1
cabb-bcjg 6
1302
1
ccae-bdac 6
1308
2
djdb-bdai 4
bffh-bdai 2
1310
1
cjf-bdba 6
1311
1
chb-bdbb 6
1315
1
cige-bdbf 6
1317
1
edgf-bdbh 6
1318
1
ea-bdbi 6
1321
1
gba-bdcb 6
1326
1
egfg-bdcg 6
1327
1
bfie-bdch 6
1329
1
bcbc-bdcj 6
1330
2
digj-bdda 3
cggf-bdda 3
1335
1
eji-bddf 6
1339
3
fhhe-bddj 3
deci-bddj 1
cedi-bddj 2
1340
1
ehef-bdea 6
1341
1
fccc-bdeb 6
1344
1
fbij-bdee 6
1347
3
cb-bdeh 4
hcib-bdeh 1
fibi-bdeh 1
1348
1
eab-bdei 6
1350
1
eggg-bdfa 6
1364
1
cee-bdge 6
1366
1
bhca-bdgg 6
1367
3
dhcg-bdgh 4
cdhe-bdgh 1
hibe-bdgh 1
1368
2
gaec-bdgi 5
bf-bdgi 1
1371
2
ejfa-bdhb 5
bbde-bdhb 1
1374
1
fj-bdhe 6
1376
2
ide-bdhg 4
bhdi-bdhg 2
1377
1
cccf-bdhh 6
1379
2
dafj-bdhj 5
ceaa-bdhj 1
1386
1
bich-bdig 6
1387
1
bhij-bdih 6
1388
1
gdj-bdii 6
1389
3
cfei-bdij 2
ccbf-bdij 3
bcbd-bdij 1
1390
1
bec-bdja 6
1392
1
gieb-bdjc 6
1393
1
echd-bdjd 6
1395
2
ehhg-bdjf 3
ej-bdjf 3
1398
1
bdeh-bdji 6
1402
1
edf-beac 6
1404
2
gjj-beae 3
dfhd-beae 3
1406
1
cda-beag 6
1408
2
dehf-beai 4
fede-beai 2
1409
2
fie-beaj 2
cdgi-beaj 4
1412
1
befj-bebc 6
1420
1
dcga-beca 6
1423
1
hhgj-becd 6
1424
2
gbjd-bece 4
ebjd-bece 2
1425
1
gfec-becf 6
1426
1
cigd-becg 6
1427
1
cfbi-bech 6
1430
1
baeb-beda 6
1435
1
hjcd-bedf 6
1437
1
bcca-bedh 6
1439
2
dhf-bedj 5
eeig-bedj 1
1443
1
fhjc-beed 6
1444
1
bdge-beee 6
1446
1
bdfa-beeg 6
1449
1
gcih-beej 6
1450
1
cedh-befa 6
1453
1
dbfb-befd 6
1454
1
ecac-befe 6
1455
2
baf-beff 4
eed-beff 2
1456
1
gg-befg 6
1458
1
cbec-befi 6
1459
2
ida-befj 5
cgjj-befj 1
1460
1
jgc-bega 6
1465
2
diab-begf 4
djbf-begf 2
1472
2
ehcc-behc 2
efhb-behc 4
1476
1
eja-behg 6
1478
2
deg-behi 4
bijf-behi 2
1479
1
befj-behj 6
1480
1
hijb-beia 6
1485
1
g-beif 6
1490
1
bgg-beja 6
1491
3
bfga-bejb 1
cge-bejb 2
bbg-bejb 3
1492
1
jgj-bejc 6
1495
1
ehfa-bejf 6
1500
1
bfbc-bfaa 6
1504
2
feaj-bfae 2
gcjg-bfae 4
1508
1
bjja-bfai 6
1509
1
diad-bfaj 6
1510
2
ceea-bfba 4
cbgj-bfba 2
1511
1
hfa-bfbb 6
1512
1
bgie-bfbc 6
1513
2
cjac-bfbd 2
cgjj-bfbd 4
1515
1
bgaa-bfbf 6
1516
1
db-bfbg 6
1525
1
bdjc-bfcf 6
1528
1
gejd-bfci 6
1529
1
fiah-bfcj 6
1533
1
jbh-bfdd 6
1534
1
jgg-bfde 6
1535
1
eada-bfdf 6
1536
1
gdb-bfdg 6
1539
1
fgdh-bfdj 6
1540
1
ceaa-bfea 6
1541
2
dcii-bfeb 4
dbjg-bfeb 2
1548
1
bgai-bfei 6
1552
1
efi-bffc 6
1553
1
daih-bffd 6
1557
1
jib-bffh 6
1559
1
ffda-bffj 6
1560
2
chgd-bfga 3
hhfc-bfga 3
1562
1
gbfi-bfgc 6
1572
1
cjf-bfhc 6
1574
1
cc-bfhe 6
1579
2
ca-bfhj 5
cbba-bfhj 1
1580
1
dia-bfia 6
1582
2
je-bfic 5
fcbc-bfic 1
1584
1
chdg-bfie 6
1588
1
died-bfii 6
1589
1
fhd-bfij 6
1590
2
facf-bfja 4
bgef-bfja 2
1599
1
behc-bfjj 6
1600
1
jb-bgaa 6
1602
1
cdfh-bgac 6
1603
2
cgeh-bgad 3
bbfj-bgad 3
1608
1
ej-bgai 6
1609
1
cbbe-bgaj 6
1612
2
bbeh-bgbc 4
caif-bgbc 2
1614
1
bgij-bgbe 6
1618
1
ffbj-bgbi 6
1620
1
b-bgca 6
1621
2
ec-bgcb 5
ejg-bgcb 1
1624
2
bgad-bgce 4
fje-bgce 2
1628
1
j-bgci 6
1631
1
heh-bgdb 6
1633
1
hfdg-bgdd 6
1635
1
bj-bgdf 6
1636
3
ciaa-bgdg 3
cgga-bgdg 1
hj-bgdg 2
1640
1
b-bgea 6
1645
1
ceii-bgef 6
1648
2
gij-bgei 2
eche-bgei 4
1649
3
c-bgej 4
haj-bgej 1
ghdh-bgej 1
1652
1
bdeb-bgfc 6
1653
2
heai-bgfd 2
ei-bgfd 4
1655
1
bbe-bgff 6
1657
1
ch-bgfh 6
1660
1
gbj-bgga 6
1662
1
ccac-bggc 6
1663
1
dadh-bggd 6
1664
1
hjd-bgge 6
1666
2
bfbb-bggg 2
beai-bggg 4
1669
1
bbbe-bggj 6
1671
1
baid-bghb 6
1672
1
bc-bghc 6
1678
1
chga-bghi 6
1681
3
ehab-bgib 2
giah-bgib 1
ebad-bgib 3
1683
1
bhbb-bgid 6
1684
1
ebcf-bgie 6
1685
1
cce-bgif 6
1686
1
hif-bgig 6
1689
1
bgcb-bgij 6
1690
1
cci-bgja 6
1692
1
dgeg-bgjc 6
1693
1
hcid-bgjd 6
1698
2
cbia-bgji 5
ffjd-bgji 1
1700
2
bbhc-bhaa 2
dcjh-bhaa 4
1709
2
dbde-bhaj 5
eahf-bhaj 1
1711
2
ehah-bhbb 1
gbbi-bhbb 5
1713
1
ihf-bhbd 6
1714
1
jb-bhbe 6
1719
1
chec-bhbj 6
1720
2
ibf-bhca 4
cga-bhca 2
1721
1
bdhj-bhcb 6
1730
1
cd-bhda 6
1732
1
fffd-bhdc 6
1734
1
cgfd-bhde 6
1738
1
fd-bhdi 6
1740
1
fcgf-bhea 6
1744
2
edab-bhee 4
bdgh-bhee 2
1750
1
gbhd-bhfa 6
1751
1
jah-bhfb 6
1753
2
bfdd-bhfd 5
fjfj-bhfd 1
1755
1
gidd-bhff 6
1756
1
bd-bhfg 6
1758
1
ggah-bhfi 6
1759
2
ca-bhfj 2
bdea-bhfj 4
1762
1
cfi-bhgc 6
1766
1
dg-bhgg 6
1769
1
egh-bhgj 6
1771
1
cdh-bhhb 6
1775
1
ceib-bhhf 6
1778
1
hjac-bhhi 6
1779
1
eac-bhhj 6
1780
1
egdj-bhia 6
1783
2
chb-bhid 3
fccb-bhid 3
1785
1
fjja-bhif 6
1787
1
cgaj-bhih 6
1789
1
ghh-bhij 6
1790
1
bcgf-bhja 6
1792
2
chcc-bhjc 3
daa-bhjc 3
1794
1
fafi-bhje 6
1797
2
bc-bhjh 3
cig-bhjh 3
1798
2
fb-bhji 3
bdjd-bhji 3
1799
1
bhaj-bhjj 6
1800
1
eefi-biaa 6
1801
1
baid-biab 6
1802
1
hedh-biac 6
1804
2
dde-biae 4
dcgd-biae 2
1806
1
haee-biag 6
1807
1
efeg-biah 6
1808
1
cg-biai 6
1810
2
ic-biba 5
dfda-biba 1
1811
2
fffe-bibb 5
i-bibb 1
1814
1
dbd-bibe 6
1819
1
fcca-bibj 6
1821
1
biac-bicb 6
1822
2
gfac-bicc 5
fa-bicc 1
1825
1
cbdg-bicf 6
1827
3
bjah-bich 3
dfg-bich 1
bibb-bich 2
1828
1
figj-bici 6
1829
2
bafe-bicj 1
bbgj-bicj 5
1833
1
gedc-bidd 6
1834
1
bdd-bide 6
1835
1
ecg-bidf 6
1836
1
bfcj-bidg 6
1837
2
chc-bidh 4
baad-bidh 2
1839
1
baje-bidj 6
1842
1
gfb-biec 6
1843
1
dih-bied 6
1848
1
cfga-biei 6
1854
1
dae-bife 6
1855
2
hjja-biff 2
eahf-biff 4
1856
1
gbjc-bifg 6
1857
1
fjbi-bifh 6
1860
2
dfab-biga 3
gaf-biga 3
1861
2
bbj-bigb 5
badh-bigb 1
1864
1
dgfi-bige 6
1865
1
cagb-bigf 6
1868
1
fae-bigi 6
1870
1
fagj-biha 6
1875
1
eiah-bihf 6
1879
1
fc-bihj 6
1882
1
dihb-biic 6
1886
1
ich-biig 6
1891
1
ejff-bijb 6
1893
1
ebbg-bijd 6
1894
1
baaa-bije 6
1895
1
bfja-bijf 6
1897
2
haic-bijh 1
gbhh-bijh 5
1900
1
bbfj-bjaa 6
1901
1
ejd-bjab 6
1906
1
bbgg-bjag 6
1907
4
hddd-bjah 2
djca-bjah 1
dabi-bjah 2
dcjb-bjah 1
1911
1
dbh-bjbb 6
1912
1
fag-bjbc 6
1913
1
bbai-bjbd 6
1916
1
edbg-bjbg 6
1919
2
ghac-bjbj 5
edca-bjbj 1
1920
1
fdid-bjca 6
1928
1
bejc-bjci 6
1929
2
fgai-bjcj 4
hi-bjcj 2
1933
1
baga-bjdd 6
1934
1
ddd-bjde 6
1936
1
dehd-bjdg 6
1938
1
ga-bjdi 6
1939
2
efb-bjdj 3
djae-bjdj 3
1942
1
had-bjec 6
1946
1
bfbf-bjeg 6
1947
1
gd-bjeh 6
1949
1
dibb-bjej 6
1951
1
hiei-bjfb 6
1952
1
ejbc-bjfc 6
1953
1
dde-bjfd 6
1955
2
daad-bjff 2
ffeb-bjff 4
1957
1
igd-bjfh 6
1959
1
eidc-bjfj 6
1962
1
gfhi-bjgc 6
1963
1
bchc-bjgd 6
1968
1
ejef-bjgi 6
1970
1
daaf-bjha 6
1975
1
i-bjhf 6
1979
1
hhhj-bjhj 6
1980
1
dbj-bjia 6
1983
1
dgb-bjid 6
1987
2
fhac-bjih 3
ihi-bjih 3
1988
1
gj-bjii 6
1989
1
dgcj-bjij 6
1990
2
bcg-bjja 3
giaf-bjja 3
1994
2
fdbg-bjje 4
dacf-bjje 2
1995
1
fjgg-bjjf 6
1998
1
gceb-bjji 6
2002
1
faie-caac 6
2005
1
ca-caaf 6
2007
2
eabe-caah 4
hjea-caah 2
2010
1
hfji-caba 6
2011
3
cjih-cabb 4
eacg-cabb 1
ch-cabb 1
2014
1
faff-cabe 6
2015
1
bcjb-cabf 6
2017
1
e-cabh 6
2021
2
caeb-cacb 3
bdgg-cacb 3
2031
1
cbgg-cadb 6
2038
1
ced-cadi 6
2041
1
ehdf-caeb 6
2042
3
ecg-caec 1
cbdj-caec 4
dbdc-caec 1
2043
1
baic-caed 6
2048
1
bcej-caei 6
2050
2
caah-cafa 2
cge-cafa 4
2051
3
bgji-cafb 4
gghh-cafb 1
gbjb-cafb 1
2053
1
cfab-cafd 6
2054
1
gdhe-cafe 6
2061
1
g-cagb 6
2064
1
ddb-cage 6
2068
1
hbea-cagi 6
2069
1
bea-cagj 6
2071
2
beca-cahb 2
gedg-cahb 4
2074
1
fhej-cahe 6
2075
1
eae-cahf 6
2077
1
gaig-cahh 6
2078
1
faab-cahi 6
2080
1
eegd-caia 6
2081
1
bbgc-caib 6
2084
1
fihd-caie 6
2085
3
beed-caif 3
dbja-caif 1
ia-caif 2
2087
1
ccgd-caih 6
2088
1
ghib-caii 6
2093
1
dba-cajd 6
2095
1
bbfj-cajf 6
2102
1
badb-cbac 6
2104
1
gega-cbae 6
2107
1
hfai-cbah 6
2109
1
bjf-cbaj 6
2110
2
degb-cbba 5
dadf-cbba 1
2114
1
bhji-cbbe 6
2117
1
dfja-cbbh 6
2123
1
ba-cbcd 6
2126
1
bja-cbcg 6
2134
2
dega-cbde 2
fddi-cbde 4
2136
1
ddd-cbdg 6
2137
2
ccci-cbdh 5
chdi-cbdh 1
2139
1
hee-cbdj 6
2140
1
cahb-cbea 6
2142
2
cdji-cbec 5
biga-cbec 1
2145
1
dccc-cbef 6
2155
1
ffij-cbff 6
2159
1
fcec-cbfj 6
2160
1
ifh-cbga 6
2162
2
edec-cbgc 4
cci-cbgc 2
2166
1
ehhg-cbgg 6
2169
1
bcib-cbgj 6
2170
1
hjj-cbha 6
2176
2
cjcc-cbhg 3
diac-cbhg 3
2179
1
ej-cbhj 6
2180
1
bedh-cbia 6
2184
1
bb-cbie 6
2186
1
hiee-cbig 6
2188
1
fehd-cbii 6
2193
1
bdh-cbjd 6
2197
3
faaj-cbjh 2
cdf-cbjh 1
fdde-cbjh 3
2199
1
ffdg-cbjj 6
2202
1
beac-ccac 6
2203
1
bgid-ccad 6
2204
1
efdh-ccae 6
2210
1
dcda-ccba 6
2211
1
bhj-ccbb 6
2215
1
cbah-ccbf 6
2216
1
eieg-ccbg 6
2219
1
cgbe-ccbj 6
2220
1
chbb-ccca 6
2225
1
bcbi-cccf 6
2227
1
dac-ccch 6
2228
3
hjef-ccci 4
cgjb-ccci 1
dada-ccci 1
2230
1
ecde-ccda 6
2235
1
djg-ccdf 6
2236
1
gab-ccdg 6
2237
1
chgb-ccdh 6
2243
1
ee-cced 6
2244
1
ebdi-ccee 6
2245
1
dadb-ccef 6
2246
2
ib-cceg 2
jfg-cceg 4
2254
1
def-ccfe 6
2255
1
cgab-ccff 6
2256
1
ece-ccfg 6
2258
1
gcje-ccfi 6
2259
1
hdf-ccfj 6
2261
2
ebac-ccgb 5
chji-ccgb 1
2262
2
cdd-ccgc 2
hibg-ccgc 4
2263
1
babb-ccgd 6
2264
1
eica-ccge 6
2266
1
bhaj-ccgg 6
2272
1
cjb-cchc 6
2275
1
cdda-cchf 6
2277
1
ec-cchh 6
2278
1
dcdb-cchi 6
2279
1
cbg-cchj 6
2280
2
hhii-ccia 5
ddjg-ccia 1
2283
1
cidh-ccid 6
2284
1
dchc-ccie 6
2297
1
fei-ccjh 6
2303
1
gh-cdad 6
2306
1
ggda-cdag 6
2309
1
cbc-cdaj 6
2310
1
beff-cdba 6
2317
1
fgd-cdbh 6
2321
1
bji-cdcb 6
2325
2
edd-cdcf 3
feja-cdcf 3
2327
1
ebfg-cdch 6
2330
2
eiaf-cdda 5
fi-cdda 1
2332
2
hajg-cddc 5
hecg-cddc 1
2333
1
cdgi-cddd 6
2336
2
dge-cddg 3
cbc-cddg 3
2337
1
bbfd-cddh 6
2338
1
idi-cddi 6
2340
2
cgaa-cdea 4
fage-cdea 2
2342
2
cjah-cdec 3
cgh-cdec 3
2343
1
fhh-cded 6
2345
2
dgf-cdef 4
dff-cdef 2
2351
1
deha-cdfb 6
2354
2
cid-cdfe 4
gcee-cdfe 2
2357
1
bbjd-cdfh 6
2359
1
gahg-cdfj 6
2362
1
edhh-cdgc 6
2368
2
ca-cdgi 5
dbai-cdgi 1
2369
1
ejha-cdgj 6
2370
1
ebi-cdha 6
2374
1
hd-cdhe 6
2375
2
bgga-cdhf 5
dhhb-cdhf 1
2379
1
gib-cdhj 6
2380
1
fedd-cdia 6
2382
1
bb-cdic 6
2384
1
fbcc-cdie 6
2387
1
bbjj-cdih 6
2390
1
bdch-cdja 6
2392
1
bdja-cdjc 6
2397
1
gfaa-cdjh 6
2398
1
jee-cdji 6
2400
1
hhgc-ceaa 6
2402
1
eege-ceac 6
2408
1
baia-ceai 6
2412
2
hhcg-cebc 5
bce-cebc 1
2413
2
hgbc-cebd 5
gdjc-cebd 1
2416
1
bdd-cebg 6
2418
1
ebgg-cebi 6
2422
1
jgc-cecc 6
2425
1
ebci-cecf 6
2431
1
bgji-cedb 6
2437
1
ciab-cedh 6
2438
3
dah-cedi 4
chbd-cedi 1
bddj-cedi 1
2440
1
gi-ceea 6
2442
1
eba-ceec 6
2444
1
ee-ceee 6
2447
1
bjbj-ceeh 6
2453
2
jjc-cefd 4
fhia-cefd 2
2455
1
gigb-ceff 6
2460
1
baef-cega 6
2461
3
bijb-cegb 3
dich-cegb 1
dd-cegb 2
2468
1
dbhi-cegi 6
2472
1
bcbj-cehc 6
2474
1
dgai-cehe 6
2475
1
fjig-cehf 6
2481
1
bacj-ceib 6
2484
1
bhfj-ceie 6
2488
1
jga-ceii 6
2490
1
ghii-ceja 6
2492
2
bich-cejc 5
dbdd-cejc 1
2498
1
jab-ceji 6
2501
1
baha-cfab 6
2504
1
eadc-cfae 6
2507
1
egad-cfah 6
2508
1
fad-cfai 6
2512
1
dhca-cfbc 6
2518
2
gjai-cfbi 2
cfah-cfbi 4
2520
2
bggg-cfca 2
gjb-cfca 4
2530
1
caba-cfda 6
2537
1
degg-cfdh 6
2540
2
edae-cfea 3
cgfc-cfea 3
2541
1
fgic-cfeb 6
2544
1
edej-cfee 6
2548
1
ciei-cfei 6
2560
1
hd-cfga 6
2566
1
bh-cfgg 6
2569
2
gjfh-cfgj 5
hjgg-cfgj 1
2571
1
cbac-cfhb 6
2572
1
cdbh-cfhc 6
2573
1
eeba-cfhd 6
2578
1
dajj-cfhi 6
2579
1
bffd-cfhj 6
2585
1
gjgj-cfif 6
2595
1
chj-cfjf 6
2596
1
fbgd-cfjg 6
2597
1
bib-cfjh 6
2600
2
gich-cgaa 3
ebfj-cgaa 3
2601
2
eaee-cgab 3
eiid-cgab 3
2605
1
efcf-cgaf 6
2607
1
chfh-cgah 6
2609
1
fdd-cgaj 6
2612
1
bjid-cgbc 6
2613
1
ebac-cgbd 6
2614
1
dgd-cgbe 6
2618
2
ccg-cgbi 4
gbbd-cgbi 2
2619
1
djjg-cgbj 6
2630
2
cdgj-cgda 4
gad-cgda 2
2634
1
bgbi-cgde 6
2637
1
fca-cgdh 6
2638
1
bc-cgdi 6
2639
1
chcf-cgdj 6
2640
1
cgff-cgea 6
2642
1
bhde-cgec 6
2644
1
ceie-cgee 6
2646
1
ge-cgeg 6
2647
1
bha-cgeh 6
2649
1
jfa-cgej 6
2652
2
fjjh-cgfc 5
ecg-cgfc 1
2653
1
bgc-cgfd 6
2654
1
cjia-cgfe 6
2655
1
dbaj-cgff 6
2658
1
bac-cgfi 6
2660
2
hdgg-cgga 2
bfjj-cgga 4
2665
1
ccci-cggf 6
2667
2
cfca-cggh 2
ceac-cggh 4
2668
1
hdjc-cggi 6
2670
1
ihj-cgha 6
2672
1
dhd-cghc 6
2676
1
edff-cghg 6
2677
1
fihd-cghh 6
2679
1
cjf-cghj 6
2682
1
diid-cgic 6
2688
1
fdf-cgii 6
2689
1
hfde-cgij 6
2690
1
eece-cgja 6
2691
2
jie-cgjb 4
bfij-cgjb 2
2696
2
ejb-cgjg 5
die-cgjg 1
2699
1
ea-cgjj 6
2702
1
dbcb-chac 6
2705
1
hgb-chaf 6
2706
3
bejf-chag 3
iaa-chag 1
bfe-chag 2
2711
1
eih-chbb 6
2712
2
def-chbc 4
bibj-chbc 2
2713
1
gjb-chbd 6
2717
2
bjgd-chbh 5
hied-chbh 1
2722
1
efbe-chcc 6
2723
1
fcea-chcd 6
2725
1
edc-chcf 6
2726
1
heed-chcg 6
2730
2
dej-chda 3
beh-chda 3
2736
1
ie-chdg 6
2737
1
dhjc-chdh 6
2738
1
fgbb-chdi 6
2742
1
bggc-chec 6
2748
2
cda-chei 5
fdbd-chei 1
2749
1
ij-chej 6
2752
1
gjbf-chfc 6
2757
1
cbea-chfh 6
2759
3
fjhb-chfj 2
cbg-chfj 1
ddcg-chfj 3
2760
1
gchg-chga 6
2761
1
fagh-chgb 6
2763
1
fijc-chgd 6
2768
1
eh-chgi 6
2773
1
cga-chhd 6
2779
1
jf-chhj 6
2783
1
dhj-chid 6
2795
1
eje-chjf 6
2798
1
eiei-chji 6
2799
1
bgja-chjj 6
2800
1
cecf-ciaa 6
2801
1
bide-ciab 6
2803
1
bgif-ciad 6
2810
1
ee-ciba 6
2816
1
ceee-cibg 6
2821
2
bag-cicb 4
ciii-cicb 2
2822
1
befe-cicc 6
2825
1
dafb-cicf 6
2827
2
jc-cich 5
ijd-cich 1
2828
1
cj-cici 6
2829
2
bhif-cicj 5
ebga-cicj 1
2830
1
haji-cida 6
2834
1
eaaa-cide 6
2835
1
bef-cidf 6
2836
1
bfic-cidg 6
2837
2
ciba-cidh 2
gibc-cidh 4
2841
2
ejd-cieb 1
fheh-cieb 5
2842
2
ccfe-ciec 4
bage-ciec 2
2844
1
cejc-ciee 6
2847
1
hbgf-cieh 6
2848
2
ebdd-ciei 2
gdj-ciei 4
2854
1
ffaf-cife 6
2855
1
bcjd-ciff 6
2858
1
ddeh-cifi 6
2860
1
djgc-ciga 6
2863
1
bhji-cigd 6
2864
1
cbjh-cige 6
2866
1
gbfj-cigg 6
2870
1
hfcb-ciha 6
2871
1
dejh-cihb 6
2875
1
ebcg-cihf 6
2877
1
jfh-cihh 6
2880
2
fcca-ciia 2
cadb-ciia 4
2882
2
h-ciic 4
fi-ciic 2
2887
1
ebce-ciih 6
2888
2
cfg-ciii 3
hegj-ciii 3
2891
1
fba-cijb 6
2893
1
fchj-cijd 6
2894
1
cgjb-cije 6
2898
1
bbd-ciji 6
2899
1
ehba-cijj 6
2900
1
cadi-cjaa 6
2901
1
bfa-cjab 6
2902
1
cehc-cjac 6
2904
1
ffig-cjae 6
2907
3
dc-cjah 1
hjah-cjah 3
cdec-cjah 2
2914
2
bcb-cjbe 4
gdc-cjbe 2
2915
1
biai-cjbf 6
2917
1
fgjb-cjbh 6
2918
2
h-cjbi 5
ecbf-cjbi 1
2920
1
baag-cjca 6
2922
2
hii-cjcc 4
jii-cjcc 2
2924
1
ejhc-cjce 6
2946
1
bii-cjeg 6
2947
1
gjhj-cjeh 6
2951
1
cegb-cjfb 6
2954
1
bacj-cjfe 6
2957
1
haac-cjfh 6
2963
1
ebbd-cjgd 6
2964
1
gge-cjge 6
2969
1
hjh-cjgj 6
2971
1
cjab-cjhb 6
2976
1
bfh-cjhg 6
2980
1
cebd-cjia 6
2985
1
ggd-cjif 6
2987
2
feei-cjih 1
cabb-cjih 5
2991
1
caib-cjjb 6
2993
1
hdfc-cjjd 6
2994
1
dhac-cjje 6
2995
1
ehf-cjjf 6
3001
1
cich-daab 6
3003
1
cgbj-daad 6
3005
1
jfa-daaf 6
3010
2
dheh-daba 4
bcce-daba 2
3012
1
cfgg-dabc 6
3014
1
bcef-dabe 6
3018
2
bc-dabi 2
dfed-dabi 4
3023
1
cbb-dacd 6
3024
1
fag-dace 6
3025
2
fcfh-dacf 4
cahb-dacf 2
3030
1
fbf-dada 6
3031
1
dfjc-dadb 6
3034
2
fdjc-dade 5
bcj-dade 1
3035
2
eeaf-dadf 5
fiie-dadf 1
3037
1
iij-dadh 6
3042
2
bajg-daec 5
hd-daec 1
3045
1
bgf-daef 6
3047
3
gehd-daeh 4
dbgj-daeh 1
fheh-daeh 1
3050
1
bjaa-dafa 6
3051
2
gfee-dafb 5
gdac-dafb 1
3052
1
hjec-dafc 6
3059
2
dfbf-dafj 1
bdhj-dafj 5
3060
2
bdij-daga 5
hhh-daga 1
3066
1
gfjg-dagg 6
3078
1
fbhc-dahi 6
3079
1
ejdb-dahj 6
3082
1
cgda-daic 6
3087
1
fica-daih 6
3090
1
ffii-daja 6
3093
1
gih-dajd 6
3094
1
ji-daje 6
3095
1
bagj-dajf 6
3099
1
bbg-dajj 6
3101
1
be-dbab 6
3108
1
gd-dbai 6
3109
1
fed-dbaj 6
3121
1
bj-dbcb 6
3132
1
dgci-dbdc 6
3133
1
egac-dbdd 6
3134
1
gggi-dbde 6
3142
1
ebjc-dbec 6
3144
1
jae-dbee 6
3145
2
dfji-dbef 2
ejhj-dbef 4
3151
1
hifi-dbfb 6
3152
1
diic-dbfc 6
3155
1
hbd-dbff 6
3156
1
cddc-dbfg 6
3160
1
chdh-dbga 6
3166
1
fig-dbgg 6
3169
2
bbc-dbgj 1
daeh-dbgj 5
3174
1
gcaa-dbhe 6
3178
1
dgfj-dbhi 6
3181
2
hejd-dbib 2
cf-dbib 4
3190
2
ggbg-dbja 5
caif-dbja 1
3196
1
gje-dbjg 6
3198
1
hcdj-dbji 6
3200
1
dfhi-dcaa 6
3202
1
cbcd-dcac 6
3209
1
bec-dcaj 6
3213
1
biei-dcbd 6
3215
1
bhid-dcbf 6
3218
2
fjc-dcbi 3
fjcc-dcbi 3
3222
1
biah-dccc 6
3223
1
gfdi-dccd 6
3229
1
eb-dccj 6
3230
1
ceec-dcda 6
3231
1
bjjf-dcdb 6
3235
2
eifb-dcdf 1
hefh-dcdf 5
3248
1
cecc-dcei 6
3249
1
fbd-dcej 6
3250
1
bbi-dcfa 6
3252
1
cicb-dcfc 6
3256
1
ccbg-dcfg 6
3257
1
caa-dcfh 6
3260
1
fbij-dcga 6
3262
1
eeag-dcgc 6
3263
2
biae-dcgd 3
gdda-dcgd 3
3265
1
chid-dcgf 6
3266
1
dag-dcgg 6
3269
1
iji-dcgj 6
3270
2
daic-dcha 4
bei-dcha 2
3271
1
deh-dchb 6
3272
1
hfh-dchc 6
3283
1
ebaa-dcid 6
3284
1
bhhj-dcie 6
3285
2
dccj-dcif 5
ffja-dcif 1
3288
1
cije-dcii 6
3291
2
baci-dcjb 5
bjah-dcjb 1
3297
1
bgbc-dcjh 6
3301
1
ccgc-ddab 6
3303
1
cja-ddad 6
3308
1
ccdf-ddai 6
3313
1
cfbc-ddbd 6
3314
1
fagi-ddbe 6
3317
1
biba-ddbh 6
3319
1
fhig-ddbj 6
3320
1
cbj-ddca 6
3321
1
eje-ddcb 6
3323
1
cgbc-ddcd 6
3325
1
fec-ddcf 6
3326
1
gaed-ddcg 6
3327
1
bbcc-ddch 6
3330
1
dgie-ddda 6
3335
1
ggec-dddf 6
3339
1
cih-dddj 6
3341
1
jbh-ddeb 6
3343
1
bcid-dded 6
3347
1
cjfe-ddeh 6
3352
1
djfi-ddfc 6
3358
1
hhbi-ddfi 6
3362
1
cacb-ddgc 6
3366
1
dfaa-ddgg 6
3374
1
ccgg-ddhe 6
3383
1
ejb-ddid 6
3386
1
gabh-ddig 6
3391
1
hiaj-ddjb 6
3396
1
ghhh-ddjg 6
3398
1
eaad-ddji 6
3402
2
cdch-deac 5
fbde-deac 1
3403
1
bhh-dead 6
3420
1
cbhg-deca 6
3421
1
ccf-decb 6
3428
1
h-deci 6
3429
2
hfcd-decj 4
giig-decj 2
3447
1
cgj-deeh 6
3448
1
ege-deei 6
3449
1
fahc-deej 6
3450
1
dgfj-defa 6
3453
1
fdc-defd 6
3460
1
ebch-dega 6
3461
2
chcd-degb 5
daf-degb 1
3465
1
gifd-degf 6
3466
1
bcbc-degg 6
3468
1
bjhf-degi 6
3470
1
fcfe-deha 6
3471
1
fgfd-dehb 6
3473
2
ciic-dehd 5
hddd-dehd 1
3475
1
djhf-dehf 6
3480
1
cca-deia 6
3482
1
cjhb-deic 6
3487
1
behc-deih 6
3488
1
cgeg-deii 6
3497
1
cbe-dejh 6
3498
1
bgej-deji 6
3499
2
fdii-dejj 4
ji-dejj 2
3500
2
jf-dfaa 4
bb-dfaa 2
3501
1
deii-dfab 6
3509
1
dgfb-dfaj 6
3512
1
hfbf-dfbc 6
3513
1
eaha-dfbd 6
3515
2
cchi-dfbf 1
chaf-dfbf 5
3518
1
ggi-dfbi 6
3519
3
cbg-dfbj 2
ceji-dfbj 1
gbij-dfbj 3
3530
1
hade-dfda 6
3531
1
bfbg-dfdb 6
3540
1
gg-dfea 6
3543
1
cf-dfed 6
3548
1
chgi-dfei 6
3549
1
ci-dfej 6
3551
1
bhfg-dffb 6
3558
1
diga-dffi 6
3559
2
gdb-dffj 3
ffc-dffj 3
3561
1
dgeg-dfgb 6
3573
2
beae-dfhd 4
cdhf-dfhd 2
3575
1
ijc-dfhf 6
3578
1
eh-dfhi 6
3579
1
bbjc-dfhj 6
3584
1
beai-dfie 6
3590
3
ghhj-dfja 4
bjde-dfja 1
jcg-dfja 1
3592
1
jfg-dfjc 6
3598
1
fafa-dfji 6
3608
1
gfh-dgai 6
3610
1
bafb-dgba 6
3616
1
bahj-dgbg 6
3618
1
fc-dgbi 6
3620
1
fcjh-dgca 6
3621
1
jib-dgcb 6
3628
2
fdii-dgci 2
gjig-dgci 4
3629
2
efgd-dgcj 4
jh-dgcj 2
3637
2
efca-dgdh 4
gffh-dgdh 2
3642
1
djfj-dgec 6
3646
2
ijj-dgeg 5
hchc-dgeg 1
3647
1
efa-dgeh 6
3648
1
fcdh-dgei 6
3649
1
ccdg-dgej 6
3650
1
bgea-dgfa 6
3651
1
bceb-dgfb 6
3658
1
cff-dgfi 6
3659
2
cahi-dgfj 3
ih-dgfj 3
3662
1
bb-dggc 6
3663
1
edcj-dggd 6
3664
1
cjah-dgge 6
3665
1
ceb-dggf 6
3666
1
eahh-dggg 6
3671
1
if-dghb 6
3673
1
ebbh-dghd 6
3677
2
igg-dghh 5
jii-dghh 1
3681
1
bjf-dgib 6
3684
1
caii-dgie 6
3685
1
ia-dgif 6
3686
1
bcce-dgig 6
3688
1
cih-dgii 6
3700
1
caaf-dhaa 6
3702
2
hgj-dhac 2
efie-dhac 4
3709
1
dggc-dhaj 6
3716
1
ddd-dhbg 6
3717
1
ebie-dhbh 6
3720
1
fgjj-dhca 6
3724
1
cchh-dhce 6
3725
1
cieb-dhcf 6
3726
1
cidf-dhcg 6
3728
1
dijc-dhci 6
3729
1
bhff-dhcj 6
3731
1
dbfg-dhdb 6
3733
1
gf-dhdd 6
3737
1
cagi-dhdh 6
3738
1
eea-dhdi 6
3739
1
hih-dhdj 6
3747
1
bcaa-dheh 6
3759
1
deeh-dhfj 6
3760
1
gcdb-dhga 6
3762
1
fdba-dhgc 6
3770
2
cj-dhha 4
cjif-dhha 2
3771
2
cdhf-dhhb 3
gadj-dhhb 3
3773
1
ei-dhhd 6
3776
1
baji-dhhg 6
3777
1
ddgg-dhhh 6
3784
1
eecj-dhie 6
3787
1
efa-dhih 6
3792
1
begf-dhjc 6
3795
1
bhf-dhjf 6
3799
1
ie-dhjj 6
3801
1
bbch-diab 6
3802
1
hjfa-diac 6
3803
1
dggd-diad 6
3805
1
cj-diaf 6
3811
1
ehjg-dibb 6
3814
1
gda-dibe 6
3817
1
edad-dibh 6
3822
1
de-dicc 6
3824
1
ji-dice 6
3827
2
dfea-dich 5
ggei-dich 1
3838
1
gjib-didi 6
3843
1
cafb-died 6
3855
1
bijh-diff 6
3858
1
dbhe-difi 6
3860
1
gfbe-diga 6
3862
1
b-digc 6
3866
1
biaa-digg 6
3869
1
bjii-digj 6
3870
1
bbf-diha 6
3871
1
jhi-dihb 6
3882
2
bccj-diic 5
eag-diic 1
3883
2
fjf-diid 5
jhc-diid 1
3892
1
gfif-dijc 6
3894
1
bgdd-dije 6
3895
2
djfg-dijf 4
bcb-dijf 2
3896
1
cdec-dijg 6
3904
2
fbhj-djae 5
hafc-djae 1
3911
1
faba-djbb 6
3914
1
ggf-djbe 6
3915
1
cci-djbf 6
3916
1
bdji-djbg 6
3917
1
bcje-djbh 6
3920
1
hdhi-djca 6
3921
1
bbgj-djcb 6
3925
1
bcae-djcf 6
3930
1
cci-djda 6
3931
1
fdie-djdb 6
3939
1
bbac-djdj 6
3942
1
dhaj-djec 6
3951
1
ebbh-djfb 6
3954
1
fhd-djfe 6
3956
1
dhjj-djfg 6
3957
1
bgaj-djfh 6
3958
1
cfi-djfi 6
3959
1
fed-djfj 6
3962
1
dadf-djgc 6
3965
2
caa-djgf 5
fcei-djgf 1
3968
1
ggf-djgi 6
3971
1
bei-djhb 6
3975
1
eag-djhf 6
3983
2
dgd-djid 5
bdbh-djid 1
3988
1
ffbb-djii 6
3989
1
dhj-djij 6
3990
1
bch-djja 6
3991
1
ggfe-djjb 6
3993
1
cce-djjd 6
3996
1
ej-djjg 6
4000
1
ebah-eaaa 6
4001
1
bgce-eaab 6
4003
1
ija-eaad 6
4010
1
jdi-eaba 6
4011
1
ecfb-eabb 6
4012
1
gebh-eabc 6
4014
2
fef-eabe 5
cdha-eabe 1
4015
1
hcai-eabf 6
4017
2
hhag-eabh 2
cggh-eabh 4
4020
1
cejc-eaca 6
4024
1
ecgi-eace 6
4026
1
cafb-eacg 6
4030
1
eae-eada 6
4032
1
deac-eadc 6
4034
1
bfaj-eade 6
4035
1
chfc-eadf 6
4040
1
hbii-eaea 6
4044
1
ede-eaee 6
4045
1
ciff-eaef 6
4059
1
fdfe-eafj 6
4067
1
ecff-eagh 6
4070
1
ddeb-eaha 6
4072
1
dffb-eahc 6
4075
2
biff-eahf 3
caf-eahf 3
4077
1
bijh-eahh 6
4080
1
fdaa-eaia 6
4082
1
bfdg-eaic 6
4090
1
bbe-eaja 6
4095
1
chhj-eajf 6
4100
1
gfab-ebaa 6
4102
2
ccgb-ebac 5
hce-ebac 1
4103
1
habg-ebad 6
4107
1
egdh-ebah 6
4108
1
hhaa-ebai 6
4109
1
fdij-ebaj 6
4111
1
bicj-ebbb 6
4113
1
bbha-ebbd 6
4116
1
gjag-ebbg 6
4117
2
djfb-ebbh 5
gdfh-ebbh 1
4121
1
dha-ebcb 6
4124
1
hac-ebce 6
4125
2
did-ebcf 4
hed-ebcf 2
4126
1
ehaa-ebcg 6
4127
2
id-ebch 5
cdi-ebch 1
4128
1
gcda-ebci 6
4133
1
be-ebdd 6
4138
2
fgaa-ebdi 4
djhb-ebdi 2
4140
1
cgf-ebea 6
4148
1
efi-ebei 6
4149
1
bfg-ebej 6
4150
1
ceeh-ebfa 6
4156
1
bhih-ebfg 6
4158
1
bccc-ebfi 6
4159
1
dahj-ebfj 6
4160
2
hcec-ebga 3
cijj-ebga 3
4163
1
edhe-ebgd 6
4166
1
dije-ebgg 6
4171
2
fdab-ebhb 5
jd-ebhb 1
4175
1
eaef-ebhf 6
4177
1
bhcb-ebhh 6
4180
1
hagf-ebia 6
4183
2
cebi-ebid 5
fdag-ebid 1
4184
1
ejbd-ebie 6
4186
1
cfjg-ebig 6
4192
1
edgj-ebjc 6
4193
2
bgib-ebjd 1
bjfb-ebjd 5
4194
1
ebhb-ebje 6
4202
2
hcdj-ecac 3
bbe-ecac 3
4207
1
hjf-ecah 6
4208
1
gagj-ecai 6
4209
1
cbi-ecaj 6
4215
1
dgec-ecbf 6
4227
1
ifd-ecch 6
4229
1
dcj-eccj 6
4230
1
dfbj-ecda 6
4234
1
bdcg-ecde 6
4237
1
decj-ecdh 6
4239
1
cefd-ecdj 6
4249
1
dd-ecej 6
4251
2
ibe-ecfb 5
cjah-ecfb 1
4255
1
gdhj-ecff 6
4262
1
fhbg-ecgc 6
4266
1
hjii-ecgg 6
4267
1
ehah-ecgh 6
4268
1
hhda-ecgi 6
4273
2
fec-echd 3
dbga-echd 3
4274
1
g-eche 6
4286
1
hahg-ecig 6
4288
1
gc-ecii 6
4289
1
cjg-ecij 6
4296
2
ig-ecjg 5
bgbe-ecjg 1
4301
2
jfb-edab 1
hahc-edab 5
4303
1
eiia-edad 6
4304
1
diaf-edae 6
4316
2
cdfb-edbg 4
ciih-edbg 2
4320
1
cbig-edca 6
4329
1
igg-edcj 6
4332
1
feja-eddc 6
4342
1
ejcj-edec 6
4349
1
fdcb-edej 6
4355
1
ccci-edff 6
4356
1
dfbi-edfg 6
4358
1
cicj-edfi 6
4364
2
gfce-edge 5
hcac-edge 1
4365
1
bbch-edgf 6
4366
2
gfbc-edgg 1
ggjj-edgg 5
4369
1
dffj-edgj 6
4372
1
dhhg-edhc 6
4374
1
eggj-edhe 6
4377
1
dbib-edhh 6
4378
1
eibb-edhi 6
4381
1
ehdg-edib 6
4384
1
cdef-edie 6
4399
1
hdea-edjj 6
4400
1
eeha-eeaa 6
4405
1
fjab-eeaf 6
4406
1
gahg-eeag 6
4408
2
caah-eeai 4
di-eeai 2
4410
1
bejb-eeba 6
4424
1
hd-eece 6
4429
1
dcbi-eecj 6
4432
1
fei-eedc 6
4450
1
daec-eefa 6
4453
1
bbhc-eefd 6
4454
1
hd-eefe 6
4456
1
eib-eefg 6
4458
1
cdef-eefi 6
4460
1
ecgc-eega 6
4464
2
bhc-eege 3
dfg-eege 3
4470
1
hdej-eeha 6
4473
1
gjci-eehd 6
4475
2
ggja-eehf 3
gcbh-eehf 3
4486
1
bigi-eeig 6
4497
1
bifh-eejh 6
4498
1
bbfg-eeji 6
4500
1
djd-efaa 6
4502
1
fg-efac 6
4514
1
hddi-efbe 6
4518
1
bgji-efbi 6
4520
1
daa-efca 6
4523
1
bhfi-efcd 6
4525
1
deic-efcf 6
4533
1
fbea-efdd 6
4534
1
ddcf-efde 6
4537
2
bhee-efdh 3
bifg-efdh 3
4538
1
bjeg-efdi 6
4544
1
bda-efee 6
4546
1
dghh-efeg 6
4554
2
hhie-effe 4
bicc-effe 2
4556
1
bghc-effg 6
4557
1
bafj-effh 6
4561
1
bhbe-efgb 6
4563
1
jdi-efgd 6
4564
1
bbhg-efge 6
4566
1
bgbc-efgg 6
4571
1
bc-efhb 6
4572
1
cbii-efhc 6
4577
3
cigg-efhh 4
dbg-efhh 1
ecgh-efhh 1
4581
1
fee-efib 6
4583
1
eade-efid 6
4584
1
cabf-efie 6
4585
1
dgci-efif 6
4596
1
bjgi-efjg 6
4602
1
cbf-egac 6
4603
1
dafa-egad 6
4617
1
ifi-egbh 6
4630
1
dgej-egda 6
4635
1
cg-egdf 6
4637
1
bcgj-egdh 6
4639
1
fhbe-egdj 6
4643
1
dgii-eged 6
4645
1
ceai-egef 6
4648
1
ee-egei 6
4656
1
bh-egfg 6
4658
1
dec-egfi 6
4662
1
gaij-eggc 6
4665
1
bcic-eggf 6
4666
1
ebg-eggg 6
4667
1
ccba-eggh 6
4669
1
jfd-eggj 6
4671
1
ieh-eghb 6
4679
1
djii-eghj 6
4682
1
gceb-egic 6
4698
2
heba-egji 5
fbha-egji 1
4700
1
dg-ehaa 6
4701
1
efhh-ehab 6
4702
1
eiad-ehac 6
4707
2
ehgc-ehah 4
ccfj-ehah 2
4710
1
cjfb-ehba 6
4711
1
ehfg-ehbb 6
4715
1
bbgg-ehbf 6
4722
2
gjeg-ehcc 3
bgj-ehcc 3
4728
1
cbjd-ehci 6
4730
1
dd-ehda 6
4732
1
efd-ehdc 6
4733
1
ggeb-ehdd 6
4735
1
ihc-ehdf 6
4736
1
gjdg-ehdg 6
4738
2
eadf-ehdi 2
ja-ehdi 4
4742
1
cdcb-ehec 6
4745
1
ehcc-ehef 6
4749
1
icb-ehej 6
4750
1
fheg-ehfa 6
4753
1
bcfd-ehfd 6
4756
2
bdeh-ehfg 1
cbde-ehfg 5
4757
1
geii-ehfh 6
4761
1
fadf-ehgb 6
4762
1
ba-ehgc 6
4768
1
gbcc-ehgi 6
4775
1
cgga-ehhf 6
4776
2
bdjf-ehhg 5
die-ehhg 1
4782
1
gia-ehic 6
4786
1
dg-ehig 6
4788
1
eefg-ehii 6
4796
2
ija-ehjg 5
cihb-ehjg 1
4797
1
baje-ehjh 6
4799
1
fcae-ehjj 6
4800
1
fbb-eiaa 6
4801
1
fejg-eiab 6
4802
1
cich-eiac 6
4803
1
cife-eiad 6
4805
1
djjb-eiaf 6
4807
1
ha-eiah 6
4811
1
bicj-eibb 6
4813
1
bib-eibd 6
4814
1
cjeh-eibe 6
4815
1
cfhi-eibf 6
4817
1
dca-eibh 6
4819
1
ghgb-eibj 6
4820
1
cdf-eica 6
4821
1
gj-eicb 6
4828
1
hhge-eici 6
4832
1
dfej-eidc 6
4836
1
gfbe-eidg 6
4842
1
ef-eiec 6
4845
1
gbic-eief 6
4846
1
cc-eieg 6
4848
1
ch-eiei 6
4849
1
cjjb-eiej 6
4851
1
eege-eifb 6
4856
1
hegd-eifg 6
4874
1
fjgc-eihe 6
4875
1
ehic-eihf 6
4880
2
fdhi-eiia 4
ffae-eiia 2
4883
1
ega-eiid 6
4885
1
dje-eiif 6
4891
1
dd-eijb 6
4895
1
cag-eijf 6
4901
1
idh-ejab 6
4912
1
bddf-ejbc 6
4913
1
echd-ejbd 6
4929
1
efde-ejcj 6
4931
1
dgb-ejdb 6
4932
1
hi-ejdc 6
4933
1
cajf-ejdd 6
4939
1
jef-ejdj 6
4945
1
bahe-ejef 6
4950
1
gjhh-ejfa 6
4954
1
deac-ejfe 6
4955
2
dfbc-ejff 3
cib-ejff 3
4956
1
bdg-ejfg 6
4967
1
beg-ejgh 6
4968
1
bdih-ejgi 6
4969
1
fgj-ejgj 6
4970
1
fdch-ejha 6
4972
2
diff-ejhc 3
jfb-ejhc 3
4976
1
dgei-ejhg 6
4979
1
beb-ejhj 6
4980
1
bbed-ejia 6
4981
1
e-ejib 6
4989
1
cdfj-ejij 6
4992
1
bjgc-ejjc 6
5000
1
bdhb-faaa 6
5001
1
fcid-faab 6
5005
1
ggec-faaf 6
5009
1
beda-faaj 6
5010
1
cjge-faba 6
5016
1
beh-fabg 6
5017
1
cbe-fabh 6
5019
1
ccge-fabj 6
5023
2
feh-facd 3
dgfj-facd 3
5025
1
cjgj-facf 6
5027
1
cebc-fach 6
5034
1
da-fade 6
5035
1
ddhe-fadf 6
5039
1
eeai-fadj 6
5044
1
ccjh-faee 6
5055
1
cehf-faff 6
5057
1
gc-fafh 6
5058
1
eibf-fafi 6
5064
1
dga-fage 6
5067
1
g-fagh 6
5068
1
cbgc-fagi 6
5069
1
hjia-fagj 6
5072
1
ecah-fahc 6
5073
1
dcha-fahd 6
5084
1
gchb-faie 6
5086
3
dhi-faig 1
eiia-faig 1
gcba-faig 4
5094
2
efaa-faje 3
fbf-faje 3
5108
1
bhfj-fbai 6
5112
2
fhjd-fbbc 2
ggd-fbbc 4
5122
1
ccee-fbcc 6
5128
1
fdha-fbci 6
5133
1
fcee-fbdd 6
5134
1
ejjc-fbde 6
5135
1
cbjh-fbdf 6
5137
1
jfg-fbdh 6
5140
1
cge-fbea 6
5146
1
bbah-fbeg 6
5158
2
hjba-fbfi 5
fcda-fbfi 1
5163
2
gbah-fbgd 4
cag-fbgd 2
5170
1
bbc-fbha 6
5172
1
ijg-fbhc 6
5174
1
cgai-fbhe 6
5176
1
hf-fbhg 6
5177
1
gbjh-fbhh 6
5179
1
fahd-fbhj 6
5180
1
cgah-fbia 6
5187
1
bbhj-fbih 6
5189
2
fef-fbij 3
hdgj-fbij 3
5190
1
caac-fbja 6
5191
1
gjc-fbjb 6
5193
1
ddfc-fbjd 6
5200
1
egji-fcaa 6
5204
1
cbae-fcae 6
5212
1
cbec-fcbc 6
5220
2
ciia-fcca 2
bicf-fcca 4
5221
1
cahf-fccb 6
5222
1
djbg-fccc 6
5223
1
dcbd-fccd 6
5224
1
fjhe-fcce 6
5228
1
bagh-fcci 6
5230
1
geej-fcda 6
5237
1
cebd-fcdh 6
5240
2
id-fcea 3
icb-fcea 3
5242
1
fdjd-fcec 6
5244
1
bcje-fcee 6
5245
1
igf-fcef 6
5248
1
fijc-fcei 6
5250
1
dfhf-fcfa 6
5252
1
dade-fcfc 6
5253
1
fdah-fcfd 6
5254
1
fhh-fcfe 6
5257
1
dhf-fcfh 6
5263
1
eged-fcgd 6
5265
1
beb-fcgf 6
5266
1
cd-fcgg 6
5267
1
bcd-fcgh 6
5276
2
iei-fchg 4
i-fchg 2
5279
1
gcfc-fchj 6
5283
1
deei-fcid 6
5292
1
feih-fcjc 6
5293
1
fbhh-fcjd 6
5297
1
gbhc-fcjh 6
5300
2
dbji-fdaa 5
bbeb-fdaa 1
5301
2
ebhb-fdab 2
bcfj-fdab 4
5303
1
bi-fdad 6
5306
1
cch-fdag 6
5307
1
chg-fdah 6
5310
1
dcbi-fdba 6
5313
2
chei-fdbd 2
hf-fdbd 4
5316
1
bceh-fdbg 6
5319
1
fbih-fdbj 6
5321
1
baih-fdcb 6
5327
1
bbhj-fdch 6
5330
1
cfai-fdda 6
5334
1
ja-fdde 6
5338
1
hhfa-fddi 6
5354
1
eia-fdfe 6
5364
1
cjbi-fdge 6
5370
1
ggdh-fdha 6
5371
1
beag-fdhb 6
5374
1
gdfe-fdhe 6
5378
1
cdia-fdhi 6
5383
1
ecdh-fdid 6
5384
1
baij-fdie 6
5388
2
dejj-fdii 1
facd-fdii 5
5389
1
eaca-fdij 6
5391
1
fadj-fdjb 6
5392
1
cicb-fdjc 6
5393
1
cde-fdjd 6
5394
1
ehej-fdje 6
5398
1
fabj-fdji 6
5400
1
gffe-feaa 6
5401
1
dfhd-feab 6
5402
1
gbcf-feac 6
5406
1
cjbh-feag 6
5408
1
bgh-feai 6
5409
1
diha-feaj 6
5413
1
bbih-febd 6
5424
1
haaa-fece 6
5433
1
cajd-fedd 6
5434
1
gfda-fede 6
5448
2
bdhb-feei 2
cdda-feei 4
5451
1
bag-fefb 6
5472
1
ddb-fehc 6
5473
1
c-fehd 6
5475
3
cdih-fehf 1
gf-fehf 4
bbgj-fehf 1
5483
1
caih-feid 6
5487
1
hhhh-feih 6
5490
2
bedj-feja 4
cdcf-feja 2
5496
1
cbga-fejg 6
5497
1
cgea-fejh 6
5499
1
cjje-fejj 6
5502
1
habj-ffac 6
5504
1
bjdj-ffae 6
5505
1
fgih-ffaf 6
5506
1
b-ffag 6
5511
1
cjhg-ffbb 6
5513
1
haa-ffbd 6
5514
1
hbdf-ffbe 6
5519
1
dcei-ffbj 6
5528
1
bhh-ffci 6
5530
1
cej-ffda 6
5531
1
bgei-ffdb 6
5534
1
jcd-ffde 6
5536
1
gdgh-ffdg 6
5539
1
hch-ffdj 6
5541
1
edgg-ffeb 6
5550
1
bhaa-fffa 6
5553
1
gagd-fffd 6
5554
1
caed-fffe 6
5559
1
hfhc-fffj 6
5562
1
cgic-ffgc 6
5564
1
bee-ffge 6
5565
1
hbef-ffgf 6
5573
1
biae-ffhd 6
5575
1
ffag-ffhf 6
5580
1
bdee-ffia 6
5584
1
feei-ffie 6
5586
1
gj-ffig 6
5588
1
eaab-ffii 6
5589
1
hada-ffij 6
5590
1
ffac-ffja 6
5592
1
fbgd-ffjc 6
5593
2
bddj-ffjd 5
jai-ffjd 1
5595
1
chfj-ffjf 6
5599
2
ehjj-ffjj 5
gebi-ffjj 1
5600
2
jji-fgaa 3
ebdi-fgaa 3
5608
1
fggi-fgai 6
5611
1
fjh-fgbb 6
5616
1
cc-fgbg 6
5621
1
hhc-fgcb 6
5626
1
hiia-fgcg 6
5628
1
giih-fgci 6
5637
1
febd-fgdh 6
5642
1
jj-fgec 6
5646
1
fbhe-fgeg 6
5648
1
bfh-fgei 6
5653
1
fcgh-fgfd 6
5655
1
bfgc-fgff 6
5667
1
dead-fggh 6
5668
1
fhhg-fggi 6
5671
1
iaf-fghb 6
5678
1
bhhf-fghi 6
5682
1
gibi-fgic 6
5684
1
beff-fgie 6
5687
2
hbgd-fgih 3
cih-fgih 3
5689
1
fee-fgij 6
5691
1
cfg-fgjb 6
5692
1
cebg-fgjc 6
5699
1
eic-fgjj 6
5700
1
cceg-fhaa 6
5702
1
ddgc-fhac 6
5703
1
cbj-fhad 6
5705
1
dbg-fhaf 6
5710
1
ci-fhba 6
5712
1
fea-fhbc 6
5714
1
fja-fhbe 6
5716
1
eibj-fhbg 6
5726
1
fehf-fhcg 6
5737
1
dace-fhdh 6
5745
1
bech-fhef 6
5746
2
bcfa-fheg 2
cjjd-fheg 4
5747
2
hfid-fheh 4
fea-fheh 2
5749
1
gbbg-fhej 6
5751
1
cbcg-fhfb 6
5761
1
hbac-fhgb 6
5768
1
cghg-fhgi 6
5770
2
gccf-fhha 5
fj-fhha 1
5774
2
bfi-fhhe 5
fhi-fhhe 1
5775
1
ccid-fhhf 6
5776
1
bfi-fhhg 6
5777
1
fhhf-fhhh 6
5780
2
cefd-fhia 4
dhdh-fhia 2
5786
1
hdjg-fhig 6
5791
1
ffjc-fhjb 6
5792
1
fhfb-fhjc 6
5793
1
hifh-fhjd 6
5806
1
dfie-fiag 6
5807
1
gddj-fiah 6
5815
1
dc-fibf 6
5817
1
ccca-fibh 6
5818
1
ccfi-fibi 6
5820
1
cda-fica 6
5824
1
bdd-fice 6
5831
1
ebbb-fidb 6
5841
1
iaf-fieb 6
5857
1
bddj-fifh 6
5862
1
fffa-figc 6
5863
1
hfb-figd 6
5867
1
jff-figh 6
5869
1
hbf-figj 6
5870
1
cee-fiha 6
5873
2
hefh-fihd 5
bfde-fihd 1
5883
1
fbb-fiid 6
5884
1
djid-fiie 6
5887
1
ghg-fiih 6
5892
2
bgh-fijc 4
dfgb-fijc 2
5901
1
hdee-fjab 6
5908
1
ije-fjai 6
5918
1
cfea-fjbi 6
5922
1
fade-fjcc 6
5924
1
bhb-fjce 6
5938
1
cga-fjdi 6
5959
2
ebcb-fjfj 4
ech-fjfj 2
5962
2
hagc-fjgc 2
bije-fjgc 4
5963
1
bahd-fjgd 6
5966
1
bh-fjgg 6
5969
1
hjdd-fjgj 6
5970
1
di-fjha 6
5971
1
cjeg-fjhb 6
5974
1
cf-fjhe 6
5976
1
ijg-fjhg 6
5980
1
eidg-fjia 6
5986
1
ffbd-fjig 6
5990
1
ddab-fjja 6
5997
1
fbci-fjjh 6
6001
1
ceh-gaab 6
6003
1
ffg-gaad 6
6005
1
bjih-gaaf 6
6015
1
gfba-gabf 6
6017
1
ehdi-gabh 6
6027
1
baja-gach 6
6029
1
eifg-gacj 6
6039
1
bife-gadj 6
6042
1
dab-gaec 6
6043
1
baj-gaed 6
6052
1
hee-gafc 6
6062
1
gfdh-gagc 6
6063
1
hgdc-gagd 6
6067
1
hgeg-gagh 6
6069
1
djgf-gagj 6
6073
1
idi-gahd 6
6076
2
bgc-gahg 4
hjg-gahg 2
6077
1
biec-gahh 6
6079
1
eibe-gahj 6
6080
1
he-gaia 6
6086
1
eei-gaig 6
6087
1
jcj-gaih 6
6088
1
cbgc-gaii 6
6089
1
bci-gaij 6
6096
2
bcih-gajg 4
heeb-gajg 2
6100
1
cdcf-gbaa 6
6107
1
dfhi-gbah 6
6111
1
ejb-gbbb 6
6113
1
hgbg-gbbd 6
6115
1
dhci-gbbf 6
6116
1
gecj-gbbg 6
6118
2
baj-gbbi 1
efh-gbbi 5
6121
1
ej-gbcb 6
6122
1
bidg-gbcc 6
6125
1
i-gbcf 6
6130
1
gb-gbda 6
6134
1
dibh-gbde 6
6138
1
bjdg-gbdi 6
6153
1
cja-gbfd 6
6158
1
fibf-gbfi 6
6159
1
hejb-gbfj 6
6160
1
jcg-gbga 6
6172
1
dghh-gbhc 6
6173
1
da-gbhd 6
6176
1
bbcf-gbhg 6
6177
1
daga-gbhh 6
6181
1
caei-gbib 6
6182
1
ffci-gbic 6
6185
1
jhc-gbif 6
6189
1
bfd-gbij 6
6191
1
eeai-gbjb 6
6192
1
ffjj-gbjc 6
6193
1
bafg-gbjd 6
6197
1
ceh-gbjh 6
6198
1
biha-gbji 6
6200
2
fiid-gcaa 4
ehjg-gcaa 2
6209
1
habb-gcaj 6
6210
1
bhh-gcba 6
6211
1
hjbj-gcbb 6
6217
1
dcf-gcbh 6
6225
1
cc-gccf 6
6230
1
bacb-gcda 6
6231
1
iha-gcdb 6
6241
1
bfba-gceb 6
6244
1
facd-gcee 6
6250
1
fbjd-gcfa 6
6252
1
hfa-gcfc 6
6271
1
hhha-gchb 6
6275
1
ccd-gchf 6
6276
1
bhjc-gchg 6
6287
1
eaia-gcih 6
6291
1
dghh-gcjb 6
6292
1
chcg-gcjc 6
6294
1
bfdj-gcje 6
6296
1
ggbd-gcjg 6
6302
1
eedc-gdac 6
6315
2
fjce-gdbf 3
ebjd-gdbf 3
6320
1
hcbh-gdca 6
6321
1
dfbd-gdcb 6
6330
1
ddch-gdda 6
6339
1
de-gddj 6
6354
1
bjff-gdfe 6
6357
1
begf-gdfh 6
6360
1
dfei-gdga 6
6363
1
bac-gdgd 6
6367
1
cchc-gdgh 6
6369
1
chda-gdgj 6
6371
1
cdfe-gdhb 6
6374
1
dbfc-gdhe 6
6375
1
beae-gdhf 6
6379
1
dhj-gdhj 6
6383
2
if-gdid 2
fgjc-gdid 4
6387
1
jee-gdih 6
6392
1
hcbb-gdjc 6
6395
1
bhfd-gdjf 6
6400
1
ge-geaa 6
6401
1
hhbe-geab 6
6415
1
ecj-gebf 6
6416
1
fggh-gebg 6
6417
1
bhaa-gebh 6
6418
2
higc-gebi 3
ffjj-gebi 3
6429
2
gai-gecj 1
fach-gecj 5
6432
1
fbai-gedc 6
6436
1
hgif-gedg 6
6441
1
cggh-geeb 6
6449
1
dhce-geej 6
6455
1
dhi-geff 6
6460
1
gaab-gega 6
6473
2
daeh-gehd 4
caec-gehd 2
6474
1
fie-gehe 6
6481
1
eagh-geib 6
6488
1
fdh-geii 6
6489
1
ibc-geij 6
6493
1
befg-gejd 6
6500
1
deej-gfaa 6
6501
1
cie-gfab 6
6502
1
dhih-gfac 6
6503
1
dddj-gfad 6
6510
1
fh-gfba 6
6512
1
hg-gfbc 6
6514
2
ffg-gfbe 2
gbbi-gfbe 4
6517
1
fhad-gfbh 6
6524
1
ebid-gfce 6
6530
2
bega-gfda 3
dei-gfda 3
6533
1
bgdg-gfdd 6
6537
2
hjfj-gfdh 4
cae-gfdh 2
6538
1
bece-gfdi 6
6542
1
bahi-gfec 6
6544
1
bgge-gfee 6
6546
1
bjji-gfeg 6
6553
1
gif-gffd 6
6554
1
gdg-gffe 6
6557
1
bfea-gffh 6
6558
1
eabb-gffi 6
6562
1
djid-gfgc 6
6563
1
dhgc-gfgd 6
6570
1
ecgg-gfha 6
6571
1
fjgc-gfhb 6
6578
1
cbff-gfhi 6
6585
1
hfgg-gfif 6
6595
1
jge-gfjf 6
6596
1
gg-gfjg 6
6607
1
eaja-ggah 6
6613
1
biff-ggbd 6
6616
2
dbja-ggbg 4
bgib-ggbg 2
6618
1
dde-ggbi 6
6623
1
ecda-ggcd 6
6627
1
ijj-ggch 6
6630
1
bhfb-ggda 6
6637
4
ed-ggdh 1
bbc-ggdh 2
ccbj-ggdh 1
cgj-ggdh 2
6641
1
bcbd-ggeb 6
6642
1
bcaa-ggec 6
6648
1
gdcb-ggei 6
6654
1
eabh-ggfe 6
6661
1
ggdh-gggb 6
6668
1
fag-gggi 6
6669
1
ccae-gggj 6
6677
1
fabg-gghh 6
6685
1
bch-ggif 6
6686
1
haii-ggig 6
6690
2
jda-ggja 5
eehf-ggja 1
6699
1
ehg-ggjj 6
6702
1
fehc-ghac 6
6704
2
cic-ghae 5
cbde-ghae 1
6711
1
bhbb-ghbb 6
6736
1
bfe-ghdg 6
6737
1
fee-ghdh 6
6742
1
ggj-ghec 6
6751
1
fgei-ghfb 6
6761
1
bjci-ghgb 6
6776
1
gi-ghhg 6
6777
1
fbeg-ghhh 6
6779
1
baf-ghhj 6
6781
2
ddcd-ghib 4
baeb-ghib 2
6787
1
hfe-ghih 6
6788
1
cagj-ghii 6
6795
1
gije-ghjf 6
6802
1
bfaa-giac 6
6805
1
dba-giaf 6
6807
1
daba-giah 6
6812
1
ebaj-gibc 6
6818
1
gihj-gibi 6
6820
1
gdi-gica 6
6827
1
cicf-gich 6
6833
1
bcd-gidd 6
6841
1
cddc-gieb 6
6842
1
hj-giec 6
6845
1
ech-gief 6
6847
1
gbhg-gieh 6
6853
1
ibf-gifd 6
6861
1
bdj-gigb 6
6865
1
ccia-gigf 6
6867
1
eiej-gigh 6
6874
1
gahj-gihe 6
6876
1
ge-gihg 6
6877
1
hdij-gihh 6
6879
1
bac-gihj 6
6886
1
gjj-giig 6
6887
1
dbef-giih 6
6894
1
ehfa-gije 6
6895
1
ccef-gijf 6
6897
1
efj-gijh 6
6906
1
ciec-gjag 6
6907
1
hbcf-gjah 6
6908
1
ejhg-gjai 6
6915
1
chfj-gjbf 6
6928
1
cgj-gjci 6
6936
1
hfgj-gjdg 6
6946
1
becd-gjeg 6
6957
1
cdhj-gjfh 6
6969
1
gab-gjgj 6
6974
2
ejia-gjhe 5
fgh-gjhe 1
6976
1
dcfg-gjhg 6
6977
1
gagc-gjhh 6
6979
1
bhi-gjhj 6
6981
1
gbfd-gjib 6
6986
1
bbhj-gjig 6
6993
1
g-gjjd 6
7000
1
ddda-haaa 6
7002
1
cdea-haac 6
7011
1
bhje-habb 6
7016
1
bfhj-habg 6
7019
1
bhgg-habj 6
7022
1
gjg-hacc 6
7030
1
egh-hada 6
7034
1
id-hade 6
7044
1
fid-haee 6
7052
1
dgfa-hafc 6
7062
1
beeg-hagc 6
7065
1
hch-hagf 6
7068
1
fdhe-hagi 6
7072
2
edab-hahc 4
ddad-hahc 2
7076
1
effe-hahg 6
7082
1
bej-haic 6
7083
1
eehf-haid 6
7088
1
bfic-haii 6
7092
1
bhid-hajc 6
7096
1
dcfa-hajg 6
7098
1
ffhd-haji 6
7101
1
ehii-hbab 6
7102
1
gagc-hbac 6
7123
2
gha-hbcd 5
bj-hbcd 1
7125
1
gbj-hbcf 6
7131
1
cicj-hbdb 6
7133
1
fdge-hbdd 6
7135
1
hje-hbdf 6
7140
1
cbhj-hbea 6
7143
1
bgfd-hbed 6
7145
1
dcgc-hbef 6
7154
1
fj-hbfe 6
7158
1
dicc-hbfi 6
7163
1
eibd-hbgd 6
7165
1
bie-hbgf 6
7169
2
fdad-hbgj 4
fje-hbgj 2
7188
1
hij-hbii 6
7194
1
eeji-hbje 6
7202
1
jbi-hcac 6
7208
1
cb-hcai 6
7211
1
beif-hcbb 6
7217
1
gdbf-hcbh 6
7219
1
eief-hcbj 6
7223
1
ce-hccd 6
7224
1
cc-hcce 6
7239
2
ecac-hcdj 5
fcci-hcdj 1
7242
1
bhee-hcec 6
7247
1
cfa-hceh 6
7270
1
eabh-hcha 6
7272
1
icc-hchc 6
7281
1
gdjf-hcib 6
7282
1
jbc-hcic 6
7283
1
efjg-hcid 6
7319
1
fhgc-hdbj 6
7320
2
hied-hdca 2
dei-hdca 4
7323
1
ebf-hdcd 6
7333
2
edib-hddd 3
bjah-hddd 3
7338
1
fdh-hddi 6
7340
1
bejb-hdea 6
7344
1
bgfc-hdee 6
7346
2
bbi-hdeg 5
bgj-hdeg 1
7347
1
dc-hdeh 6
7349
1
gji-hdej 6
7352
1
bdgh-hdfc 6
7361
1
cbef-hdgb 6
7363
1
hb-hdgd 6
7366
1
dgib-hdgg 6
7369
1
ddcb-hdgj 6
7376
1
efc-hdhg 6
7378
1
cjae-hdhi 6
7389
1
heia-hdij 6
7391
1
ffdb-hdjb 6
7392
1
deia-hdjc 6
7396
1
jhc-hdjg 6
7398
1
bigb-hdji 6
7405
1
dgbi-heaf 6
7408
2
bgfd-heai 5
ehfd-heai 1
7410
1
eihf-heba 6
7425
1
cgda-hecf 6
7426
1
eccj-hecg 6
7437
1
ceja-hedh 6
7441
2
gajg-heeb 4
egbh-heeb 2
7443
1
figh-heed 6
7445
1
cgdi-heef 6
7456
1
bcbe-hefg 6
7457
2
bfja-hefh 1
eg-hefh 5
7463
1
fdjb-hegd 6
7469
1
decb-hegj 6
7480
1
eba-heia 6
7482
1
gaaf-heic 6
7491
1
hiaa-hejb 6
7493
1
jfe-hejd 6
7508
1
baj-hfai 6
7509
1
dba-hfaj 6
7515
1
bfhe-hfbf 6
7521
1
ba-hfcb 6
7523
1
dgcb-hfcd 6
7534
1
da-hfde 6
7536
1
becg-hfdg 6
7539
1
edi-hfdj 6
7553
1
cdhj-hffd 6
7566
1
gb-hfgg 6
7572
1
hjjh-hfhc 6
7579
1
ij-hfhj 6
7581
1
eja-hfib 6
7583
1
gga-hfid 6
7585
1
efhh-hfif 6
7590
1
ehae-hfja 6
7591
1
fd-hfjb 6
7598
1
ecj-hfji 6
7601
1
dghd-hgab 6
7609
1
fjd-hgaj 6
7612
1
dajd-hgbc 6
7616
1
bcij-hgbg 6
7632
2
be-hgdc 4
ghf-hgdc 2
7641
1
cddh-hgeb 6
7646
1
bggg-hgeg 6
7647
1
dg-hgeh 6
7658
1
gbbg-hgfi 6
7674
1
bcba-hghe 6
7679
1
dacd-hghj 6
7685
1
ei-hgif 6
7700
1
ciia-hhaa 6
7706
1
bdai-hhag 6
7714
1
eba-hhbe 6
7717
1
chb-hhbh 6
7718
1
gbd-hhbi 6
7724
1
cafa-hhce 6
7725
1
gcfa-hhcf 6
7726
1
bdbb-hhcg 6
7727
2
ddc-hhch 5
ejfe-hhch 1
7730
1
bia-hhda 6
7750
2
diid-hhfa 5
bdda-hhfa 1
7752
2
fi-hhfc 5
bh-hhfc 1
7762
2
beja-hhgc 5
dggg-hhgc 1
7764
2
cfea-hhge 4
jdj-hhge 2
7769
1
dfja-hhgj 6
7770
1
cji-hhha 6
7777
1
bdcj-hhhh 6
7779
1
hdgd-hhhj 6
7784
1
cdb-hhie 6
7788
2
ice-hhii 5
ccia-hhii 1
7800
1
bgd-hiaa 6
7808
1
fdda-hiai 6
7809
1
ejgh-hiaj 6
7811
1
dbec-hibb 6
7814
1
ccff-hibe 6
7816
1
hefg-hibg 6
7823
1
chf-hicd 6
7839
2
fgcg-hidj 3
dcaa-hidj 3
7842
1
hfj-hiec 6
7843
2
dej-hied 4
chbh-hied 2
7844
1
cibg-hiee 6
7848
1
dfbf-hiei 6
7857
1
egji-hifh 6
7858
1
fb-hifi 6
7862
1
bhc-higc 6
7869
1
cieh-higj 6
7870
1
hhg-hiha 6
7875
1
fdaa-hihf 6
7880
1
dhdd-hiia 6
7891
1
dgdh-hijb 6
7895
1
bich-hijf 6
7897
1
ecdj-hijh 6
7902
1
gbbb-hjac 6
7907
1
efc-hjah 6
7910
1
cihf-hjba 6
7919
1
efgg-hjbj 6
7923
1
bhhb-hjcd 6
7930
1
bfj-hjda 6
7933
1
jf-hjdd 6
7940
1
dbib-hjea 6
7942
1
heeb-hjec 6
7945
1
bfhj-hjef 6
7950
1
fah-hjfa 6
7959
2
baf-hjfj 4
eg-hjfj 2
7966
1
dfa-hjgg 6
7973
1
bgi-hjhd 6
7980
1
ead-hjia 6
7982
1
dabe-hjic 6
7987
1
ici-hjih 6
7988
1
cj-hjii 6
7990
1
djgf-hjja 6
7997
1
ii-hjjh 6
