499
0
1
eji-a 5
1
2
ejj-b 2
a-b 3
2
1
b-c 5
3
2
ejj-d 1
c-d 4
4
1
d-e 5
5
2
e-f 3
ejj-f 2
6
1
f-g 5
7
2
g-h 2
ejj-h 3
8
1
h-i 5
9
1
i-j 5
10
1
j-ba 5
11
2
ejj-bb 2
ba-bb 3
12
1
bb-bc 5
13
2
ejj-bd 2
bc-bd 3
14
1
bd-be 5
15
2
be-bf 4
ejj-bf 1
16
1
bf-bg 5
17
2
bg-bh 4
ejj-bh 1
18
1
bh-bi 5
19
2
bi-bj 3
ejj-bj 2
20
1
bj-ca 5
21
2
ca-cb 3
ejj-cb 2
22
1
cb-cc 5
23
2
ejj-cd 3
cc-cd 2
24
1
cd-ce 5
25
2
ce-cf 2
ejj-cf 3
26
1
cf-cg 5
27
2
cg-ch 3
ejj-ch 2
28
1
ch-ci 5
29
2
ejj-cj 2
ci-cj 3
30
1
cj-da 5
31
2
ejj-db 2
da-db 3
32
1
db-dc 5
33
2
dc-dd 4
ejj-dd 1
34
1
dd-de 5
35
2
de-df 4
ejj-df 1
36
1
df-dg 5
37
2
dg-dh 3
ejj-dh 2
38
1
dh-di 5
39
2
ejj-dj 2
di-dj 3
40
1
dj-ea 5
41
1
ea-eb 5
42
1
eb-ec 5
43
1
ec-ed 5
44
1
ed-ee 5
45
2
ee-ef 4
ejj-ef 1
46
1
ef-eg 5
47
2
ejj-eh 4
eg-eh 1
48
1
eh-ei 5
49
2
ejj-ej 2
ei-ej 3
50
1
ej-fa 5
51
1
fa-fb 5
52
1
fb-fc 5
53
1
fc-fd 5
54
1
fd-fe 5
55
2
fe-ff 2
ejj-ff 2
56
1
ff-fg 5
57
2
fg-fh 2
ejj-fh 2
58
1
fh-fi 5
59
2
ejj-fj 2
fi-fj 3
60
1
fj-ga 5
61
2
ejj-gb 3
ga-gb 2
62
1
gb-gc 5
63
2
gc-gd 3
ejj-gd 2
64
1
gd-ge 5
65
1
ge-gf 5
66
1
gf-gg 5
67
2
gg-gh 4
ejj-gh 2
68
1
gh-gi 5
69
2
ejj-gj 1
gi-gj 4
70
1
gj-ha 5
71
2
ha-hb 4
ejj-hb 1
72
1
hb-hc 5
73
2
hc-hd 4
ejj-hd 1
74
1
hd-he 5
75
2
he-hf 4
ejj-hf 1
76
1
hf-hg 5
77
2
hg-hh 3
ejj-hh 2
78
1
hh-hi 5
79
2
ejj-hj 2
hi-hj 2
80
1
hj-ia 5
81
2
ia-ib 4
ejj-ib 1
82
1
ib-ic 5
83
2
ic-id 3
ejj-id 2
84
1
id-ie 5
85
2
ie-if 4
ejj-if 2
86
1
if-ig 5
87
2
ig-ih 3
ejj-ih 2
88
1
ih-ii 5
89
2
ejj-ij 4
ii-ij 1
90
1
ij-ja 5
91
2
ejj-jb 1
ja-jb 4
92
1
jb-jc 5
93
2
ejj-jd 1
jc-jd 4
94
1
jd-je 5
95
2
je-jf 4
ejj-jf 1
96
1
jf-jg 5
97
2
ejj-jh 2
jg-jh 3
98
1
jh-ji 5
99
1
ji-jj 5
100
1
jj-baa 5
101
2
ejj-bab 1
baa-bab 4
102
1
bab-bac 5
103
2
ejj-bad 1
bac-bad 4
104
1
bad-bae 5
105
2
bae-baf 3
ejj-baf 2
106
1
baf-bag 5
107
2
ejj-bah 2
bag-bah 3
108
1
bah-bai 5
109
2
bai-baj 3
ejj-baj 2
110
1
baj-bba 5
111
2
bba-bbb 3
ejj-bbb 2
112
1
bbb-bbc 5
113
2
bbc-bbd 4
ejj-bbd 1
114
1
bbd-bbe 5
115
2
bbe-bbf 4
ejj-bbf 1
116
1
bbf-bbg 5
117
2
ejj-bbh 3
bbg-bbh 2
118
1
bbh-bbi 5
119
2
bbi-bbj 3
ejj-bbj 2
120
1
bbj-bca 5
121
2
ejj-bcb 3
bca-bcb 2
122
1
bcb-bcc 5
123
2
ejj-bcd 4
bcc-bcd 1
124
1
bcd-bce 5
125
2
ejj-bcf 1
bce-bcf 4
126
1
bcf-bcg 5
127
2
ejj-bch 2
bcg-bch 3
128
1
bch-bci 5
129
2
ejj-bcj 3
bci-bcj 2
130
1
bcj-bda 5
131
2
bda-bdb 3
ejj-bdb 2
132
1
bdb-bdc 5
133
2
bdc-bdd 3
ejj-bdd 2
134
1
bdd-bde 5
135
2
bde-bdf 4
ejj-bdf 1
136
1
bdf-bdg 5
137
2
ejj-bdh 1
bdg-bdh 4
138
1
bdh-bdi 5
139
2
bdi-bdj 4
ejj-bdj 2
140
1
bdj-bea 5
141
2
bea-beb 3
ejj-beb 2
142
1
beb-bec 5
143
2
bec-bed 2
ejj-bed 2
144
1
bed-bee 5
145
2
ejj-bef 2
bee-bef 3
146
1
bef-beg 5
147
2
beg-beh 4
ejj-beh 1
148
1
beh-bei 5
149
2
ejj-bej 2
bei-bej 3
150
1
bej-bfa 5
151
2
ejj-bfb 1
bfa-bfb 4
152
1
bfb-bfc 5
153
2
bfc-bfd 3
ejj-bfd 2
154
1
bfd-bfe 5
155
2
ejj-bff 2
bfe-bff 3
156
1
bff-bfg 5
157
2
ejj-bfh 2
bfg-bfh 3
158
1
bfh-bfi 5
159
2
bfi-bfj 4
ejj-bfj 1
160
1
bfj-bga 5
161
1
bga-bgb 5
162
1
bgb-bgc 5
163
2
ejj-bgd 2
bgc-bgd 3
164
1
bgd-bge 5
165
2
ejj-bgf 3
bge-bgf 2
166
1
bgf-bgg 5
167
2
ejj-bgh 2
bgg-bgh 3
168
1
bgh-bgi 5
169
2
bgi-bgj 4
ejj-bgj 1
170
1
bgj-bha 5
171
2
bha-bhb 4
ejj-bhb 1
172
1
bhb-bhc 5
173
1
bhc-bhd 5
174
1
bhd-bhe 5
175
2
bhe-bhf 3
ejj-bhf 2
176
1
bhf-bhg 5
177
2
ejj-bhh 4
bhg-bhh 1
178
1
bhh-bhi 5
179
2
bhi-bhj 4
ejj-bhj 1
180
1
bhj-bia 5
181
2
ejj-bib 2
bia-bib 3
182
1
bib-bic 5
183
2
bic-bid 3
ejj-bid 2
184
1
bid-bie 5
185
2
bie-bif 3
ejj-bif 2
186
1
bif-big 5
187
2
big-bih 4
ejj-bih 2
188
1
bih-bii 5
189
2
ejj-bij 2
bii-bij 2
190
1
bij-bja 5
191
2
bja-bjb 4
ejj-bjb 1
192
1
bjb-bjc 5
193
2
bjc-bjd 3
ejj-bjd 2
194
1
bjd-bje 5
195
1
bje-bjf 5
196
1
bjf-bjg 5
197
2
bjg-bjh 4
ejj-bjh 1
198
1
bjh-bji 5
199
2
ejj-bjj 1
bji-bjj 4
200
1
bjj-caa 5
201
2
caa-cab 4
ejj-cab 1
202
1
cab-cac 5
203
2
ejj-cad 2
cac-cad 3
204
1
cad-cae 5
205
2
ejj-caf 2
cae-caf 3
206
1
caf-cag 5
207
1
cag-cah 5
208
1
cah-cai 5
209
2
cai-caj 3
ejj-caj 2
210
1
caj-cba 5
211
2
cba-cbb 3
ejj-cbb 2
212
1
cbb-cbc 5
213
2
cbc-cbd 4
ejj-cbd 1
214
1
cbd-cbe 5
215
2
cbe-cbf 3
ejj-cbf 2
216
1
cbf-cbg 5
217
2
ejj-cbh 3
cbg-cbh 2
218
1
cbh-cbi 5
219
2
cbi-cbj 4
ejj-cbj 1
220
1
cbj-cca 5
221
2
cca-ccb 4
ejj-ccb 1
222
1
ccb-ccc 5
223
2
ccc-ccd 4
ejj-ccd 1
224
1
ccd-cce 5
225
2
cce-ccf 3
ejj-ccf 2
226
1
ccf-ccg 5
227
2
ccg-cch 4
ejj-cch 1
228
1
cch-cci 5
229
2
ejj-ccj 2
cci-ccj 3
230
1
ccj-cda 5
231
2
cda-cdb 3
ejj-cdb 2
232
1
cdb-cdc 5
233
2
ejj-cdd 2
cdc-cdd 3
234
1
cdd-cde 5
235
2
cde-cdf 4
ejj-cdf 1
236
1
cdf-cdg 5
237
2
cdg-cdh 4
ejj-cdh 1
238
1
cdh-cdi 5
239
2
cdi-cdj 2
ejj-cdj 3
240
1
cdj-cea 5
241
2
cea-ceb 4
ejj-ceb 1
242
1
ceb-cec 5
243
2
cec-ced 4
ejj-ced 1
244
1
ced-cee 5
245
2
ejj-cef 2
cee-cef 3
246
1
cef-ceg 5
247
2
ceg-ceh 4
ejj-ceh 1
248
1
ceh-cei 5
249
1
cei-cej 5
250
1
cej-cfa 5
251
2
ejj-cfb 2
cfa-cfb 3
252
1
cfb-cfc 5
253
2
ejj-cfd 3
cfc-cfd 2
254
1
cfd-cfe 5
255
2
ejj-cff 2
cfe-cff 2
256
1
cff-cfg 5
257
2
cfg-cfh 4
ejj-cfh 1
258
1
cfh-cfi 5
259
2
ejj-cfj 2
cfi-cfj 3
260
1
cfj-cga 5
261
2
cga-cgb 4
ejj-cgb 1
262
1
cgb-cgc 5
263
2
ejj-cgd 3
cgc-cgd 2
264
1
cgd-cge 5
265
2
cge-cgf 4
ejj-cgf 1
266
1
cgf-cgg 5
267
2
cgg-cgh 4
ejj-cgh 1
268
1
cgh-cgi 5
269
1
cgi-cgj 5
270
1
cgj-cha 5
271
2
ejj-chb 3
cha-chb 2
272
1
chb-chc 5
273
2
chc-chd 2
ejj-chd 2
274
1
chd-che 5
275
2
che-chf 3
ejj-chf 2
276
1
chf-chg 5
277
1
chg-chh 4
278
1
chh-chi 5
279
2
ejj-chj 2
chi-chj 3
280
1
chj-cia 5
281
2
cia-cib 4
ejj-cib 1
282
1
cib-cic 5
283
1
cic-cid 5
284
1
cid-cie 5
285
2
cie-cif 4
ejj-cif 1
286
1
cif-cig 5
287
2
cig-cih 3
ejj-cih 2
288
1
cih-cii 5
289
1
cii-cij 5
290
1
cij-cja 5
291
2
ejj-cjb 1
cja-cjb 4
292
1
cjb-cjc 5
293
2
cjc-cjd 4
ejj-cjd 2
294
1
cjd-cje 5
295
2
cje-cjf 2
ejj-cjf 3
296
1
cjf-cjg 5
297
2
cjg-cjh 3
ejj-cjh 2
298
1
cjh-cji 5
299
2
ejj-cjj 2
cji-cjj 3
300
1
cjj-daa 5
301
1
daa-dab 5
302
1
dab-dac 5
303
2
ejj-dad 2
dac-dad 3
304
1
dad-dae 5
305
2
dae-daf 4
ejj-daf 1
306
1
daf-dag 5
307
2
dag-dah 2
ejj-dah 2
308
1
dah-dai 5
309
2
dai-daj 4
ejj-daj 1
310
1
daj-dba 5
311
2
ejj-dbb 2
dba-dbb 2
312
1
dbb-dbc 5
313
2
dbc-dbd 4
ejj-dbd 1
314
1
dbd-dbe 5
315
2
ejj-dbf 1
dbe-dbf 4
316
1
dbf-dbg 5
317
2
dbg-dbh 4
ejj-dbh 1
318
1
dbh-dbi 5
319
2
dbi-dbj 4
ejj-dbj 1
320
1
dbj-dca 5
321
2
dca-dcb 3
ejj-dcb 2
322
1
dcb-dcc 5
323
1
dcc-dcd 5
324
1
dcd-dce 5
325
2
dce-dcf 4
ejj-dcf 1
326
1
dcf-dcg 5
327
2
dcg-dch 3
ejj-dch 2
328
1
dch-dci 5
329
2
dci-dcj 3
ejj-dcj 2
330
1
dcj-dda 5
331
2
ejj-ddb 2
dda-ddb 3
332
1
ddb-ddc 5
333
1
ddc-ddd 4
334
1
ddd-dde 5
335
2
dde-ddf 3
ejj-ddf 2
336
1
ddf-ddg 5
337
1
ddg-ddh 5
338
1
ddh-ddi 5
339
2
ejj-ddj 2
ddi-ddj 3
340
1
ddj-dea 5
341
2
dea-deb 2
ejj-deb 3
342
1
deb-dec 5
343
2
dec-ded 2
ejj-ded 3
344
1
ded-dee 5
345
2
dee-def 4
ejj-def 1
346
1
def-deg 5
347
2
deg-deh 4
ejj-deh 1
348
1
deh-dei 5
349
2
dei-dej 4
ejj-dej 1
350
1
dej-dfa 5
351
1
dfa-dfb 5
352
1
dfb-dfc 5
353
1
dfc-dfd 5
354
1
dfd-dfe 5
355
2
dfe-dff 4
ejj-dff 1
356
1
dff-dfg 5
357
2
ejj-dfh 2
dfg-dfh 3
358
1
dfh-dfi 5
359
2
dfi-dfj 3
ejj-dfj 2
360
1
dfj-dga 5
361
2
ejj-dgb 2
dga-dgb 3
362
1
dgb-dgc 5
363
2
dgc-dgd 3
ejj-dgd 2
364
1
dgd-dge 5
365
2
ejj-dgf 2
dge-dgf 3
366
1
dgf-dgg 5
367
2
dgg-dgh 4
ejj-dgh 1
368
1
dgh-dgi 5
369
2
ejj-dgj 2
dgi-dgj 3
370
1
dgj-dha 5
371
2
dha-dhb 4
ejj-dhb 1
372
1
dhb-dhc 5
373
2
dhc-dhd 3
ejj-dhd 2
374
1
dhd-dhe 5
375
2
dhe-dhf 3
ejj-dhf 2
376
1
dhf-dhg 5
377
2
ejj-dhh 1
dhg-dhh 4
378
1
dhh-dhi 5
379
1
dhi-dhj 4
380
1
dhj-dia 5
381
2
dia-dib 4
ejj-dib 1
382
1
dib-dic 5
383
2
ejj-did 2
dic-did 2
384
1
did-die 5
385
2
ejj-dif 1
die-dif 4
386
1
dif-dig 5
387
2
ejj-dih 2
dig-dih 3
388
1
dih-dii 5
389
2
dii-dij 4
ejj-dij 1
390
1
dij-dja 5
391
2
dja-djb 3
ejj-djb 2
392
1
djb-djc 5
393
2
djc-djd 4
ejj-djd 1
394
1
djd-dje 5
395
1
dje-djf 5
396
1
djf-djg 5
397
2
djg-djh 2
ejj-djh 2
398
1
djh-dji 5
399
2
ejj-djj 1
dji-djj 4
400
1
djj-eaa 5
401
2
eaa-eab 4
ejj-eab 1
402
1
eab-eac 5
403
2
eac-ead 4
ejj-ead 1
404
1
ead-eae 5
405
2
eae-eaf 2
ejj-eaf 2
406
1
eaf-eag 5
407
2
eag-eah 4
ejj-eah 1
408
1
eah-eai 5
409
2
ejj-eaj 2
eai-eaj 2
410
1
eaj-eba 5
411
2
eba-ebb 4
ejj-ebb 1
412
1
ebb-ebc 5
413
2
ebc-ebd 4
ejj-ebd 1
414
1
ebd-ebe 5
415
2
ebe-ebf 4
ejj-ebf 1
416
1
ebf-ebg 5
417
2
ebg-ebh 3
ejj-ebh 2
418
1
ebh-ebi 5
419
2
ebi-ebj 4
ejj-ebj 1
420
1
ebj-eca 5
421
2
eca-ecb 4
ejj-ecb 1
422
1
ecb-ecc 5
423
2
ecc-ecd 4
ejj-ecd 2
424
1
ecd-ece 5
425
2
ece-ecf 4
ejj-ecf 1
426
1
ecf-ecg 5
427
2
ecg-ech 4
ejj-ech 1
428
1
ech-eci 5
429
2
eci-ecj 4
ejj-ecj 1
430
1
ecj-eda 5
431
2
eda-edb 2
ejj-edb 3
432
1
edb-edc 5
433
2
ejj-edd 1
edc-edd 4
434
1
edd-ede 5
435
2
ejj-edf 1
ede-edf 4
436
1
edf-edg 5
437
2
edg-edh 3
ejj-edh 2
438
1
edh-edi 5
439
2
ejj-edj 2
edi-edj 3
440
1
edj-eea 5
441
2
eea-eeb 2
ejj-eeb 2
442
1
eeb-eec 5
443
2
eec-eed 4
ejj-eed 1
444
1
eed-eee 5
445
2
eee-eef 4
ejj-eef 2
446
1
eef-eeg 5
447
2
ejj-eeh 2
eeg-eeh 3
448
1
eeh-eei 5
449
1
eei-eej 5
450
1
eej-efa 5
451
2
efa-efb 4
ejj-efb 1
452
1
efb-efc 5
453
2
ejj-efd 3
efc-efd 2
454
1
efd-efe 5
455
2
ejj-eff 2
efe-eff 3
456
1
eff-efg 5
457
2
ejj-efh 2
efg-efh 3
458
1
efh-efi 5
459
2
efi-efj 4
ejj-efj 2
460
1
efj-ega 5
461
2
ega-egb 4
ejj-egb 1
462
1
egb-egc 5
463
2
egc-egd 4
ejj-egd 1
464
1
egd-ege 5
465
2
ege-egf 2
ejj-egf 2
466
1
egf-egg 5
467
2
ejj-egh 4
egg-egh 1
468
1
egh-egi 5
469
2
egi-egj 4
ejj-egj 1
470
1
egj-eha 5
471
2
eha-ehb 3
ejj-ehb 2
472
1
ehb-ehc 5
473
2
ehc-ehd 4
ejj-ehd 1
474
1
ehd-ehe 5
475
2
ehe-ehf 4
ejj-ehf 2
476
1
ehf-ehg 5
477
2
ehg-ehh 4
ejj-ehh 1
478
1
ehh-ehi 5
479
2
ehi-ehj 3
ejj-ehj 2
480
1
ehj-eia 5
481
2
eia-eib 4
ejj-eib 1
482
1
eib-eic 5
483
2
eic-eid 4
ejj-eid 1
484
1
eid-eie 5
485
2
ejj-eif 1
eie-eif 4
486
1
eif-eig 5
487
1
eig-eih 5
488
1
eih-eii 5
489
2
eii-eij 2
ejj-eij 3
490
1
eij-eja 5
491
2
ejj-ejb 2
eja-ejb 3
492
1
ejb-ejc 5
493
2
ejc-ejd 3
ejj-ejd 2
494
1
ejd-eje 5
495
2
eje-ejf 4
ejj-ejf 1
496
1
ejf-ejg 5
497
2
ejg-ejh 4
ejj-ejh 1
498
1
ejh-eji 5
