495
0
1
eji-a 8
1
1
a-b 8
2
1
b-c 8
3
1
c-d 8
4
1
d-e 8
5
1
ejj-f 8
6
1
f-g 8
7
2
ejj-h 1
g-h 7
8
1
h-i 8
9
1
i-j 8
10
1
j-ba 8
11
1
ba-bb 8
12
1
bb-bc 8
13
1
bc-bd 8
14
1
bd-be 8
15
2
be-bf 1
ejj-bf 7
16
1
bf-bg 8
17
2
ejj-bh 1
bg-bh 7
18
1
bh-bi 8
19
2
bi-bj 3
ejj-bj 5
20
1
bj-ca 8
21
2
ejj-cb 7
ca-cb 1
22
1
cb-cc 8
23
2
ejj-cd 6
cc-cd 2
24
1
cd-ce 8
25
1
ejj-cf 8
26
1
cf-cg 8
27
2
ejj-ch 3
cg-ch 5
28
1
ch-ci 8
29
2
ci-cj 1
ejj-cj 7
30
1
cj-da 8
31
2
ejj-db 5
da-db 3
32
1
db-dc 8
33
2
ejj-dd 1
dc-dd 7
34
1
dd-de 8
35
2
ejj-df 1
de-df 7
36
1
df-dg 8
37
2
ejj-dh 7
dg-dh 1
38
1
dh-di 8
39
2
ejj-dj 3
di-dj 5
40
1
dj-ea 8
41
1
ea-eb 8
42
1
eb-ec 8
43
1
ec-ed 8
44
1
ed-ee 8
45
1
ee-ef 8
46
1
ef-eg 8
47
1
ejj-eh 8
48
1
eh-ei 8
49
2
ejj-ej 1
ei-ej 7
50
1
ej-fa 8
51
2
fa-fb 4
ejj-fb 4
52
1
fb-fc 8
53
1
fc-fd 8
54
1
fd-fe 8
55
1
fe-ff 8
56
1
ff-fg 8
57
2
ejj-fh 4
fg-fh 4
58
1
fh-fi 8
59
2
fi-fj 1
ejj-fj 7
60
1
fj-ga 8
61
2
ejj-gb 2
ga-gb 6
62
1
gb-gc 8
63
2
ejj-gd 2
gc-gd 6
64
1
gd-ge 8
65
1
ge-gf 8
66
1
gf-gg 8
67
1
gg-gh 8
68
1
gh-gi 8
69
2
ejj-gj 1
gi-gj 7
70
1
gj-ha 8
71
1
ha-hb 8
72
1
hb-hc 8
73
2
ejj-hd 5
hc-hd 3
74
1
hd-he 8
75
2
ejj-hf 2
he-hf 6
76
1
hf-hg 8
77
1
hg-hh 8
78
1
hh-hi 8
79
1
hi-hj 8
80
1
hj-ia 8
81
2
ejj-ib 1
ia-ib 7
82
1
ib-ic 8
83
2
ic-id 1
ejj-id 7
84
1
id-ie 8
85
2
ejj-if 5
ie-if 3
86
1
if-ig 8
87
2
ejj-ih 1
ig-ih 7
88
1
ih-ii 8
89
2
ejj-ij 1
ii-ij 7
90
1
ij-ja 8
91
2
ejj-jb 5
ja-jb 3
92
1
jb-jc 8
93
1
jc-jd 8
94
1
jd-je 8
95
2
ejj-jf 2
je-jf 6
96
1
jf-jg 8
97
2
ejj-jh 1
jg-jh 7
98
1
jh-ji 8
99
2
ejj-jj 6
ji-jj 2
100
1
jj-baa 8
101
1
baa-bab 8
102
1
bab-bac 8
103
1
bac-bad 8
104
1
bad-bae 8
105
2
ejj-baf 3
bae-baf 5
106
1
baf-bag 8
107
2
ejj-bah 1
bag-bah 7
108
1
bah-bai 8
109
2
ejj-baj 7
bai-baj 1
110
1
baj-bba 8
111
1
bba-bbb 8
112
1
bbb-bbc 8
113
2
ejj-bbd 2
bbc-bbd 6
114
1
bbd-bbe 8
115
1
bbe-bbf 8
116
1
bbf-bbg 8
117
1
ejj-bbh 8
118
1
bbh-bbi 8
119
2
ejj-bbj 5
bbi-bbj 3
120
1
bbj-bca 8
123
1
ejj-bcd 8
124
1
bcd-bce 8
125
2
ejj-bcf 3
bce-bcf 5
126
1
bcf-bcg 8
127
2
bcg-bch 1
ejj-bch 7
128
1
bch-bci 8
129
2
ejj-bcj 5
bci-bcj 3
130
1
bcj-bda 8
131
2
bda-bdb 1
ejj-bdb 7
132
1
bdb-bdc 8
133
1
bdc-bdd 8
134
1
bdd-bde 8
135
2
ejj-bdf 1
bde-bdf 7
136
1
bdf-bdg 8
137
2
ejj-bdh 7
bdg-bdh 1
138
1
bdh-bdi 8
139
1
bdi-bdj 8
140
1
bdj-bea 8
141
1
ejj-beb 8
142
1
beb-bec 8
143
2
ejj-bed 7
bec-bed 1
144
1
bed-bee 8
145
1
bee-bef 8
146
1
bef-beg 8
147
1
beg-beh 8
149
2
ejj-bej 1
bei-bej 7
150
1
bej-bfa 8
151
2
bfa-bfb 1
ejj-bfb 7
152
1
bfb-bfc 8
153
1
bfc-bfd 8
154
1
bfd-bfe 8
155
2
ejj-bff 4
bfe-bff 4
156
1
bff-bfg 8
157
2
bfg-bfh 5
ejj-bfh 3
158
1
bfh-bfi 8
159
2
ejj-bfj 3
bfi-bfj 5
160
1
bfj-bga 8
161
1
bga-bgb 8
162
1
bgb-bgc 8
163
2
ejj-bgd 2
bgc-bgd 6
164
1
bgd-bge 8
165
2
ejj-bgf 1
bge-bgf 7
166
1
bgf-bgg 8
167
2
ejj-bgh 4
bgg-bgh 4
168
1
bgh-bgi 8
169
1
bgi-bgj 8
170
1
bgj-bha 8
171
1
bha-bhb 8
172
1
bhb-bhc 8
173
1
bhc-bhd 8
174
1
bhd-bhe 8
175
1
bhe-bhf 8
176
1
bhf-bhg 8
177
2
ejj-bhh 5
bhg-bhh 3
178
1
bhh-bhi 8
179
1
bhi-bhj 8
180
1
bhj-bia 8
181
2
ejj-bib 3
bia-bib 5
182
1
bib-bic 8
183
2
ejj-bid 7
bic-bid 1
184
1
bid-bie 8
185
2
ejj-bif 4
bie-bif 4
186
1
bif-big 8
187
2
ejj-bih 3
big-bih 5
188
1
bih-bii 8
189
2
bii-bij 5
ejj-bij 3
190
1
bij-bja 8
191
2
bja-bjb 1
ejj-bjb 7
192
1
bjb-bjc 8
193
2
bjc-bjd 1
ejj-bjd 7
194
1
bjd-bje 8
195
2
ejj-bjf 5
bje-bjf 3
196
1
bjf-bjg 8
197
2
bjg-bjh 1
ejj-bjh 7
198
1
bjh-bji 8
199
1
bji-bjj 8
200
1
bjj-caa 8
201
1
caa-cab 8
202
1
cab-cac 8
203
1
cac-cad 8
204
1
cad-cae 8
205
1
cae-caf 8
206
1
caf-cag 8
209
1
ejj-caj 8
210
1
caj-cba 8
211
2
ejj-cbb 1
cba-cbb 7
212
1
cbb-cbc 8
213
1
cbc-cbd 8
214
1
cbd-cbe 8
215
2
ejj-cbf 3
cbe-cbf 5
216
1
cbf-cbg 8
217
1
cbg-cbh 8
218
1
cbh-cbi 8
219
1
cbi-cbj 8
220
1
cbj-cca 8
221
2
cca-ccb 1
ejj-ccb 7
222
1
ccb-ccc 8
223
2
ejj-ccd 5
ccc-ccd 3
224
1
ccd-cce 8
225
2
ejj-ccf 5
cce-ccf 3
226
1
ccf-ccg 8
227
2
ccg-cch 1
ejj-cch 7
228
1
cch-cci 8
229
2
ejj-ccj 4
cci-ccj 4
230
1
ccj-cda 8
231
2
cda-cdb 1
ejj-cdb 7
232
1
cdb-cdc 8
233
2
ejj-cdd 1
cdc-cdd 7
234
1
cdd-cde 8
235
1
cde-cdf 8
236
1
cdf-cdg 8
237
1
cdg-cdh 8
238
1
cdh-cdi 8
239
2
ejj-cdj 2
cdi-cdj 6
240
1
cdj-cea 8
241
2
ejj-ceb 3
cea-ceb 5
242
1
ceb-cec 8
243
2
cec-ced 1
ejj-ced 7
244
1
ced-cee 8
245
2
ejj-cef 1
cee-cef 7
246
1
cef-ceg 8
247
1
ceg-ceh 8
248
1
ceh-cei 8
249
1
cei-cej 8
250
1
cej-cfa 8
251
1
cfa-cfb 8
252
1
cfb-cfc 8
253
1
cfc-cfd 8
254
1
cfd-cfe 8
255
1
ejj-cff 8
256
1
cff-cfg 8
257
2
cfg-cfh 1
ejj-cfh 7
258
1
cfh-cfi 8
259
2
ejj-cfj 2
cfi-cfj 6
260
1
cfj-cga 8
261
2
ejj-cgb 3
cga-cgb 5
262
1
cgb-cgc 8
263
2
ejj-cgd 3
cgc-cgd 5
264
1
cgd-cge 8
265
2
ejj-cgf 7
cge-cgf 1
266
1
cgf-cgg 8
267
1
cgg-cgh 8
268
1
cgh-cgi 8
269
1
cgi-cgj 8
270
1
cgj-cha 8
271
1
cha-chb 8
272
1
chb-chc 8
273
2
ejj-chd 5
chc-chd 3
274
1
chd-che 8
275
2
che-chf 1
ejj-chf 7
276
1
chf-chg 8
277
1
chg-chh 8
278
1
chh-chi 8
279
2
ejj-chj 4
chi-chj 4
280
1
chj-cia 8
281
2
ejj-cib 1
cia-cib 7
282
1
cib-cic 8
283
1
cic-cid 8
284
1
cid-cie 8
285
2
ejj-cif 7
cie-cif 1
286
1
cif-cig 8
287
1
cig-cih 8
288
1
cih-cii 8
289
1
cii-cij 8
290
1
cij-cja 8
291
2
ejj-cjb 5
cja-cjb 3
292
1
cjb-cjc 8
293
1
cjc-cjd 8
294
1
cjd-cje 8
295
2
ejj-cjf 5
cje-cjf 3
296
1
cjf-cjg 8
297
2
ejj-cjh 3
cjg-cjh 5
298
1
cjh-cji 8
299
2
cji-cjj 1
ejj-cjj 7
300
1
cjj-daa 8
301
1
daa-dab 8
302
1
dab-dac 8
303
2
ejj-dad 5
dac-dad 3
304
1
dad-dae 8
305
1
dae-daf 8
306
1
daf-dag 8
307
2
ejj-dah 5
dag-dah 3
308
1
dah-dai 8
309
1
dai-daj 8
310
1
daj-dba 8
311
2
ejj-dbb 6
dba-dbb 2
312
1
dbb-dbc 8
313
1
dbc-dbd 8
314
1
dbd-dbe 8
315
2
ejj-dbf 6
dbe-dbf 2
316
1
dbf-dbg 8
317
1
dbg-dbh 8
318
1
dbh-dbi 8
319
2
ejj-dbj 1
dbi-dbj 7
320
1
dbj-dca 8
321
2
ejj-dcb 1
dca-dcb 7
322
1
dcb-dcc 8
323
2
ejj-dcd 7
dcc-dcd 1
324
1
dcd-dce 8
325
2
ejj-dcf 5
dce-dcf 3
326
1
dcf-dcg 8
327
2
dcg-dch 1
ejj-dch 7
328
1
dch-dci 8
329
1
dci-dcj 8
330
1
dcj-dda 8
331
2
ejj-ddb 1
dda-ddb 7
332
1
ddb-ddc 8
333
2
ejj-ddd 1
ddc-ddd 7
334
1
ddd-dde 8
335
2
dde-ddf 5
ejj-ddf 3
336
1
ddf-ddg 8
337
1
ddg-ddh 8
338
1
ddh-ddi 8
339
1
ddi-ddj 8
340
1
ddj-dea 8
341
1
ejj-deb 8
342
1
deb-dec 8
343
2
ejj-ded 3
dec-ded 5
344
1
ded-dee 8
345
1
dee-def 8
346
1
def-deg 8
347
2
ejj-deh 3
deg-deh 5
348
1
deh-dei 8
349
2
dei-dej 1
ejj-dej 7
350
1
dej-dfa 8
351
1
dfa-dfb 8
352
1
dfb-dfc 8
353
1
dfc-dfd 8
354
1
dfd-dfe 8
355
1
dfe-dff 8
356
1
dff-dfg 8
357
2
ejj-dfh 1
dfg-dfh 7
358
1
dfh-dfi 8
359
2
dfi-dfj 6
ejj-dfj 2
360
1
dfj-dga 8
361
2
ejj-dgb 6
dga-dgb 2
362
1
dgb-dgc 8
363
2
dgc-dgd 1
ejj-dgd 7
364
1
dgd-dge 8
365
1
dge-dgf 8
366
1
dgf-dgg 8
367
1
dgg-dgh 8
368
1
dgh-dgi 8
369
2
dgi-dgj 1
ejj-dgj 7
370
1
dgj-dha 8
371
1
dha-dhb 8
372
1
dhb-dhc 8
373
2
ejj-dhd 1
dhc-dhd 7
374
1
dhd-dhe 8
375
2
ejj-dhf 1
dhe-dhf 7
376
1
dhf-dhg 8
377
2
ejj-dhh 3
dhg-dhh 5
378
1
dhh-dhi 8
379
2
dhi-dhj 1
ejj-dhj 7
380
1
dhj-dia 8
381
1
dia-dib 8
382
1
dib-dic 8
383
2
ejj-did 4
dic-did 4
384
1
did-die 8
385
2
ejj-dif 2
die-dif 6
386
1
dif-dig 8
387
1
dig-dih 8
388
1
dih-dii 8
389
2
dii-dij 1
ejj-dij 7
390
1
dij-dja 8
391
2
ejj-djb 5
dja-djb 3
392
1
djb-djc 8
393
2
ejj-djd 3
djc-djd 5
394
1
djd-dje 8
395
1
dje-djf 8
396
1
djf-djg 8
397
2
ejj-djh 1
djg-djh 7
398
1
djh-dji 8
399
2
ejj-djj 1
dji-djj 7
400
1
djj-eaa 8
401
1
eaa-eab 8
402
1
eab-eac 8
403
2
ejj-ead 1
eac-ead 7
404
1
ead-eae 8
405
2
ejj-eaf 1
eae-eaf 7
406
1
eaf-eag 8
407
2
ejj-eah 6
eag-eah 2
408
1
eah-eai 8
409
2
ejj-eaj 3
eai-eaj 5
410
1
eaj-eba 8
411
2
ejj-ebb 6
eba-ebb 2
412
1
ebb-ebc 8
413
1
ebc-ebd 8
414
1
ebd-ebe 8
415
2
ejj-ebf 4
ebe-ebf 4
416
1
ebf-ebg 8
417
1
ebg-ebh 8
418
1
ebh-ebi 8
419
2
ejj-ebj 5
ebi-ebj 3
420
1
ebj-eca 8
421
2
ejj-ecb 6
eca-ecb 2
422
1
ecb-ecc 8
423
2
ecc-ecd 1
ejj-ecd 7
424
1
ecd-ece 8
425
2
ejj-ecf 6
ece-ecf 2
426
1
ecf-ecg 8
427
1
ecg-ech 8
428
1
ech-eci 8
429
2
eci-ecj 1
ejj-ecj 7
430
1
ecj-eda 8
431
2
ejj-edb 2
eda-edb 6
432
1
edb-edc 8
433
2
ejj-edd 2
edc-edd 6
434
1
edd-ede 8
435
2
ejj-edf 1
ede-edf 7
436
1
edf-edg 8
437
2
ejj-edh 5
edg-edh 3
438
1
edh-edi 8
439
2
ejj-edj 7
edi-edj 1
440
1
edj-eea 8
441
2
ejj-eeb 5
eea-eeb 3
442
1
eeb-eec 8
443
2
eec-eed 1
ejj-eed 7
444
1
eed-eee 8
445
2
ejj-eef 1
eee-eef 7
446
1
eef-eeg 8
447
1
eeg-eeh 8
448
1
eeh-eei 8
449
1
eei-eej 8
450
1
eej-efa 8
451
1
efa-efb 8
452
1
efb-efc 8
453
2
efc-efd 7
ejj-efd 1
454
1
efd-efe 8
455
2
ejj-eff 7
efe-eff 1
456
1
eff-efg 8
457
1
efg-efh 8
458
1
efh-efi 8
459
2
efi-efj 1
ejj-efj 7
460
1
efj-ega 8
461
2
ejj-egb 3
ega-egb 5
462
1
egb-egc 8
463
1
egc-egd 8
464
1
egd-ege 8
465
2
ejj-egf 5
ege-egf 3
466
1
egf-egg 8
467
2
ejj-egh 5
egg-egh 3
468
1
egh-egi 8
469
1
egi-egj 8
470
1
egj-eha 8
471
2
ejj-ehb 2
eha-ehb 6
472
1
ehb-ehc 8
473
1
ehc-ehd 8
474
1
ehd-ehe 8
475
2
ehe-ehf 1
ejj-ehf 7
476
1
ehf-ehg 8
477
2
ejj-ehh 5
ehg-ehh 3
478
1
ehh-ehi 8
479
2
ejj-ehj 4
ehi-ehj 4
480
1
ehj-eia 8
481
2
ejj-eib 1
eia-eib 7
482
1
eib-eic 8
483
1
eic-eid 8
484
1
eid-eie 8
485
2
eie-eif 2
ejj-eif 6
486
1
eif-eig 8
487
1
eig-eih 8
488
1
eih-eii 8
489
1
ejj-eij 8
490
1
eij-eja 8
491
2
ejj-ejb 5
eja-ejb 3
492
1
ejb-ejc 8
493
2
ejj-ejd 1
ejc-ejd 7
494
1
ejd-eje 8
495
2
ejj-ejf 6
eje-ejf 2
496
1
ejf-ejg 8
497
2
ejj-ejh 3
ejg-ejh 5
498
1
ejh-eji 8
499
8
bic-ejj 1
he-ejj 1
bje-ejj 1
dbg-ejj 1
eha-ejj 1
ia-ejj 1
cjg-ejj 1
bbg-ejj 1
