500
0
1
eji-a 2
1
2
ejj-b 2
a-b 2
2
1
b-c 2
3
2
c-d 1
ejj-d 3
4
1
d-e 2
5
2
e-f 2
ejj-f 2
6
1
f-g 2
7
2
g-h 1
ejj-h 3
8
1
h-i 2
9
2
i-j 3
ejj-j 1
10
1
j-ba 2
11
2
ejj-bb 3
ba-bb 1
12
1
bb-bc 2
13
2
bc-bd 3
ejj-bd 1
14
1
bd-be 2
15
2
be-bf 3
ejj-bf 1
16
1
bf-bg 2
17
2
ejj-bh 2
bg-bh 2
18
1
bh-bi 2
19
2
bi-bj 1
ejj-bj 3
20
1
bj-ca 2
21
2
ca-cb 1
ejj-cb 3
22
1
cb-cc 2
23
2
cc-cd 3
ejj-cd 1
24
1
cd-ce 2
25
2
ejj-cf 3
ce-cf 1
26
1
cf-cg 2
27
2
ejj-ch 3
cg-ch 1
28
1
ch-ci 2
29
2
ci-cj 1
ejj-cj 3
30
1
cj-da 2
31
2
ejj-db 1
da-db 3
32
1
db-dc 2
33
2
ejj-dd 1
dc-dd 3
34
1
dd-de 2
35
2
de-df 1
ejj-df 3
36
1
df-dg 2
37
2
ejj-dh 3
dg-dh 1
38
1
dh-di 2
39
2
di-dj 3
ejj-dj 1
40
1
dj-ea 2
41
2
ejj-eb 1
ea-eb 3
42
1
eb-ec 2
43
2
ejj-ed 3
ec-ed 1
44
1
ed-ee 2
45
2
ejj-ef 3
ee-ef 1
46
1
ef-eg 2
47
2
ejj-eh 2
eg-eh 2
48
1
eh-ei 2
49
2
ei-ej 3
ejj-ej 1
50
1
ej-fa 2
51
2
ejj-fb 3
fa-fb 1
52
1
fb-fc 2
53
1
fc-fd 2
54
1
fd-fe 2
55
2
ejj-ff 3
fe-ff 1
56
1
ff-fg 2
57
2
ejj-fh 3
fg-fh 1
58
1
fh-fi 2
59
2
fi-fj 1
ejj-fj 3
60
1
fj-ga 2
61
2
ejj-gb 2
ga-gb 2
62
1
gb-gc 2
63
2
ejj-gd 2
gc-gd 2
64
1
gd-ge 2
65
2
ge-gf 1
ejj-gf 3
66
1
gf-gg 2
67
2
ejj-gh 2
gg-gh 2
68
1
gh-gi 2
69
2
ejj-gj 1
gi-gj 3
70
1
gj-ha 2
71
2
ha-hb 2
ejj-hb 2
72
1
hb-hc 2
73
2
hc-hd 2
ejj-hd 2
74
1
hd-he 2
75
2
ejj-hf 3
he-hf 1
76
1
hf-hg 2
77
2
hg-hh 3
ejj-hh 1
78
1
hh-hi 2
79
2
hi-hj 1
ejj-hj 3
80
1
hj-ia 2
81
2
ia-ib 1
ejj-ib 3
82
1
ib-ic 2
83
2
ejj-id 3
ic-id 1
84
1
id-ie 2
85
2
ejj-if 3
ie-if 1
86
1
if-ig 2
87
2
ig-ih 1
ejj-ih 3
88
1
ih-ii 2
89
2
ii-ij 3
ejj-ij 1
90
1
ij-ja 2
91
2
ja-jb 2
ejj-jb 2
92
1
jb-jc 2
93
2
ejj-jd 3
jc-jd 1
94
1
jd-je 2
95
2
ejj-jf 3
je-jf 1
96
1
jf-jg 2
97
2
jg-jh 1
ejj-jh 3
98
1
jh-ji 2
99
2
ejj-jj 2
ji-jj 2
100
1
jj-baa 2
101
1
baa-bab 4
102
1
bab-bac 2
103
2
ejj-bad 1
bac-bad 3
104
1
bad-bae 2
105
2
ejj-baf 3
bae-baf 1
106
1
baf-bag 2
107
2
ejj-bah 3
bag-bah 1
108
1
bah-bai 2
109
2
bai-baj 2
ejj-baj 2
110
1
baj-bba 2
111
2
ejj-bbb 3
bba-bbb 1
112
1
bbb-bbc 2
113
2
ejj-bbd 3
bbc-bbd 1
114
1
bbd-bbe 2
115
2
bbe-bbf 3
ejj-bbf 1
116
1
bbf-bbg 2
117
2
ejj-bbh 2
bbg-bbh 2
118
1
bbh-bbi 2
119
2
ejj-bbj 3
bbi-bbj 1
120
1
bbj-bca 2
121
2
bca-bcb 2
ejj-bcb 2
122
1
bcb-bcc 2
123
2
ejj-bcd 1
bcc-bcd 3
124
1
bcd-bce 2
125
2
ejj-bcf 3
bce-bcf 1
126
1
bcf-bcg 2
127
2
ejj-bch 3
bcg-bch 1
128
1
bch-bci 2
129
2
ejj-bcj 2
bci-bcj 2
130
1
bcj-bda 2
131
2
bda-bdb 3
ejj-bdb 1
132
1
bdb-bdc 2
133
2
ejj-bdd 2
bdc-bdd 2
134
1
bdd-bde 2
135
2
bde-bdf 2
ejj-bdf 2
136
1
bdf-bdg 2
137
2
ejj-bdh 3
bdg-bdh 1
138
1
bdh-bdi 2
139
2
bdi-bdj 3
ejj-bdj 1
140
1
bdj-bea 2
141
2
ejj-beb 1
bea-beb 3
142
1
beb-bec 2
143
2
bec-bed 3
ejj-bed 1
144
1
bed-bee 2
145
2
ejj-bef 3
bee-bef 1
146
1
bef-beg 2
147
2
beg-beh 2
ejj-beh 2
148
1
beh-bei 2
149
2
ejj-bej 2
bei-bej 2
150
1
bej-bfa 2
151
2
bfa-bfb 1
ejj-bfb 3
152
1
bfb-bfc 2
153
2
bfc-bfd 2
ejj-bfd 2
154
1
bfd-bfe 2
155
2
bfe-bff 3
ejj-bff 1
156
1
bff-bfg 2
157
2
bfg-bfh 3
ejj-bfh 1
158
1
bfh-bfi 2
159
2
bfi-bfj 2
ejj-bfj 2
160
1
bfj-bga 2
161
1
bga-bgb 2
162
1
bgb-bgc 2
163
2
ejj-bgd 3
bgc-bgd 1
164
1
bgd-bge 2
165
2
ejj-bgf 3
bge-bgf 1
166
1
bgf-bgg 2
167
2
bgg-bgh 2
ejj-bgh 2
168
1
bgh-bgi 2
169
2
ejj-bgj 3
bgi-bgj 1
170
1
bgj-bha 2
171
2
bha-bhb 1
ejj-bhb 3
172
1
bhb-bhc 2
173
2
ejj-bhd 2
bhc-bhd 2
174
1
bhd-bhe 2
175
2
bhe-bhf 1
ejj-bhf 3
176
1
bhf-bhg 2
177
2
ejj-bhh 3
bhg-bhh 1
178
1
bhh-bhi 2
179
2
bhi-bhj 3
ejj-bhj 1
180
1
bhj-bia 2
181
2
ejj-bib 2
bia-bib 2
182
1
bib-bic 2
183
2
ejj-bid 1
bic-bid 3
184
1
bid-bie 2
185
2
bie-bif 2
ejj-bif 2
186
1
bif-big 2
187
2
ejj-bih 3
big-bih 1
188
1
bih-bii 2
189
2
ejj-bij 3
bii-bij 1
190
1
bij-bja 2
191
2
ejj-bjb 2
bja-bjb 2
192
1
bjb-bjc 2
193
2
ejj-bjd 2
bjc-bjd 2
194
1
bjd-bje 2
195
2
bje-bjf 1
ejj-bjf 3
196
1
bjf-bjg 2
197
2
ejj-bjh 1
bjg-bjh 3
198
1
bjh-bji 2
199
2
bji-bjj 1
ejj-bjj 3
200
1
bjj-caa 2
201
2
ejj-cab 2
caa-cab 2
202
1
cab-cac 2
203
2
ejj-cad 3
cac-cad 1
204
1
cad-cae 2
205
2
cae-caf 2
ejj-caf 2
206
1
caf-cag 2
207
2
cag-cah 3
ejj-cah 1
208
1
cah-cai 2
209
2
cai-caj 1
ejj-caj 3
210
1
caj-cba 2
211
2
cba-cbb 1
ejj-cbb 3
212
1
cbb-cbc 2
213
2
cbc-cbd 1
ejj-cbd 3
214
1
cbd-cbe 2
215
2
ejj-cbf 3
cbe-cbf 1
216
1
cbf-cbg 2
217
2
ejj-cbh 3
cbg-cbh 1
218
1
cbh-cbi 2
219
2
ejj-cbj 2
cbi-cbj 2
220
1
cbj-cca 2
221
2
ejj-ccb 1
cca-ccb 3
222
1
ccb-ccc 2
223
2
ejj-ccd 1
ccc-ccd 3
224
1
ccd-cce 2
225
2
cce-ccf 2
ejj-ccf 2
226
1
ccf-ccg 2
227
2
ejj-cch 2
ccg-cch 2
228
1
cch-cci 2
229
2
ejj-ccj 1
cci-ccj 3
230
1
ccj-cda 2
231
2
ejj-cdb 1
cda-cdb 3
232
1
cdb-cdc 2
233
2
ejj-cdd 2
cdc-cdd 2
234
1
cdd-cde 2
235
2
cde-cdf 3
ejj-cdf 1
236
1
cdf-cdg 2
237
2
cdg-cdh 3
ejj-cdh 1
238
1
cdh-cdi 2
239
2
cdi-cdj 3
ejj-cdj 1
240
1
cdj-cea 2
241
2
ejj-ceb 3
cea-ceb 1
242
1
ceb-cec 2
243
2
cec-ced 1
ejj-ced 3
244
1
ced-cee 2
245
2
ejj-cef 3
cee-cef 1
246
1
cef-ceg 2
247
2
ceg-ceh 3
ejj-ceh 1
248
1
ceh-cei 2
249
1
cei-cej 2
250
1
cej-cfa 2
251
1
cfa-cfb 4
252
1
cfb-cfc 2
253
2
ejj-cfd 1
cfc-cfd 3
254
1
cfd-cfe 2
255
2
ejj-cff 3
cfe-cff 1
256
1
cff-cfg 2
257
2
cfg-cfh 1
ejj-cfh 3
258
1
cfh-cfi 2
259
2
ejj-cfj 2
cfi-cfj 2
260
1
cfj-cga 2
261
2
ejj-cgb 1
cga-cgb 3
262
1
cgb-cgc 2
263
2
cgc-cgd 3
ejj-cgd 1
264
1
cgd-cge 2
265
2
cge-cgf 1
ejj-cgf 3
266
1
cgf-cgg 2
267
2
ejj-cgh 2
cgg-cgh 2
268
1
cgh-cgi 2
269
1
cgi-cgj 2
270
1
cgj-cha 2
271
2
cha-chb 2
ejj-chb 2
272
1
chb-chc 2
273
2
ejj-chd 3
chc-chd 1
274
1
chd-che 2
275
2
ejj-chf 3
che-chf 1
276
1
chf-chg 2
277
1
chg-chh 4
278
1
chh-chi 2
279
2
ejj-chj 3
chi-chj 1
280
1
chj-cia 2
281
2
cia-cib 2
ejj-cib 2
282
1
cib-cic 2
283
2
ejj-cid 3
cic-cid 1
284
1
cid-cie 2
285
2
ejj-cif 2
cie-cif 2
286
1
cif-cig 2
287
2
cig-cih 3
ejj-cih 1
288
1
cih-cii 2
289
1
cii-cij 2
290
1
cij-cja 2
291
2
cja-cjb 1
ejj-cjb 3
292
1
cjb-cjc 2
293
2
cjc-cjd 1
ejj-cjd 3
294
1
cjd-cje 2
295
2
ejj-cjf 1
cje-cjf 3
296
1
cjf-cjg 2
297
2
cjg-cjh 3
ejj-cjh 1
298
1
cjh-cji 2
299
2
ejj-cjj 3
cji-cjj 1
300
1
cjj-daa 2
301
2
ejj-dab 2
daa-dab 2
302
1
dab-dac 2
303
2
ejj-dad 1
dac-dad 3
304
1
dad-dae 2
305
2
dae-daf 2
ejj-daf 2
306
1
daf-dag 2
307
2
dag-dah 2
ejj-dah 2
308
1
dah-dai 2
309
2
ejj-daj 3
dai-daj 1
310
1
daj-dba 2
311
2
ejj-dbb 1
dba-dbb 3
312
1
dbb-dbc 2
313
2
ejj-dbd 3
dbc-dbd 1
314
1
dbd-dbe 2
315
2
ejj-dbf 1
dbe-dbf 3
316
1
dbf-dbg 2
317
2
dbg-dbh 3
ejj-dbh 1
318
1
dbh-dbi 2
319
2
ejj-dbj 2
dbi-dbj 2
320
1
dbj-dca 2
321
2
ejj-dcb 1
dca-dcb 3
322
1
dcb-dcc 2
323
2
dcc-dcd 1
ejj-dcd 3
324
1
dcd-dce 2
325
2
ejj-dcf 2
dce-dcf 2
326
1
dcf-dcg 2
327
2
dcg-dch 1
ejj-dch 3
328
1
dch-dci 2
329
2
ejj-dcj 1
dci-dcj 3
330
1
dcj-dda 2
331
2
dda-ddb 1
ejj-ddb 3
332
1
ddb-ddc 2
333
2
ejj-ddd 1
ddc-ddd 3
334
1
ddd-dde 2
335
2
dde-ddf 3
ejj-ddf 1
336
1
ddf-ddg 2
337
2
ejj-ddh 2
ddg-ddh 2
338
1
ddh-ddi 2
339
2
ejj-ddj 2
ddi-ddj 2
340
1
ddj-dea 2
341
2
dea-deb 1
ejj-deb 3
342
1
deb-dec 2
343
2
ejj-ded 3
dec-ded 1
344
1
ded-dee 2
345
2
dee-def 2
ejj-def 2
346
1
def-deg 2
347
2
ejj-deh 1
deg-deh 3
348
1
deh-dei 2
349
2
ejj-dej 1
dei-dej 3
350
1
dej-dfa 2
351
1
dfa-dfb 2
352
1
dfb-dfc 2
353
2
ejj-dfd 3
dfc-dfd 1
354
1
dfd-dfe 2
355
2
dfe-dff 1
ejj-dff 3
356
1
dff-dfg 2
357
2
ejj-dfh 3
dfg-dfh 1
358
1
dfh-dfi 2
359
2
ejj-dfj 3
dfi-dfj 1
360
1
dfj-dga 2
361
2
ejj-dgb 1
dga-dgb 3
362
1
dgb-dgc 2
363
2
ejj-dgd 2
dgc-dgd 2
364
1
dgd-dge 2
365
2
ejj-dgf 3
dge-dgf 1
366
1
dgf-dgg 2
367
2
dgg-dgh 3
ejj-dgh 1
368
1
dgh-dgi 2
369
2
ejj-dgj 2
dgi-dgj 2
370
1
dgj-dha 2
371
2
ejj-dhb 3
dha-dhb 1
372
1
dhb-dhc 2
373
2
ejj-dhd 3
dhc-dhd 1
374
1
dhd-dhe 2
375
2
ejj-dhf 2
dhe-dhf 2
376
1
dhf-dhg 2
377
2
dhg-dhh 1
ejj-dhh 3
378
1
dhh-dhi 2
379
2
dhi-dhj 1
ejj-dhj 3
380
1
dhj-dia 2
381
1
dia-dib 4
382
1
dib-dic 2
383
2
ejj-did 3
dic-did 1
384
1
did-die 2
385
2
ejj-dif 2
die-dif 2
386
1
dif-dig 2
387
2
dig-dih 2
ejj-dih 2
388
1
dih-dii 2
389
2
dii-dij 1
ejj-dij 3
390
1
dij-dja 2
391
2
ejj-djb 1
dja-djb 3
392
1
djb-djc 2
393
2
djc-djd 1
ejj-djd 3
394
1
djd-dje 2
395
1
dje-djf 2
396
1
djf-djg 2
397
2
ejj-djh 1
djg-djh 3
398
1
djh-dji 2
399
2
ejj-djj 1
dji-djj 3
400
1
djj-eaa 2
401
2
eaa-eab 1
ejj-eab 3
402
1
eab-eac 2
403
2
eac-ead 1
ejj-ead 3
404
1
ead-eae 2
405
2
eae-eaf 2
ejj-eaf 2
406
1
eaf-eag 2
407
2
ejj-eah 3
eag-eah 1
408
1
eah-eai 2
409
2
eai-eaj 2
ejj-eaj 2
410
1
eaj-eba 2
411
2
ejj-ebb 2
eba-ebb 2
412
1
ebb-ebc 2
413
2
ebc-ebd 2
ejj-ebd 2
414
1
ebd-ebe 2
415
2
ejj-ebf 2
ebe-ebf 2
416
1
ebf-ebg 2
417
2
ejj-ebh 3
ebg-ebh 1
418
1
ebh-ebi 2
419
2
ebi-ebj 3
ejj-ebj 1
420
1
ebj-eca 2
421
2
eca-ecb 3
ejj-ecb 1
422
1
ecb-ecc 2
423
2
ejj-ecd 1
ecc-ecd 3
424
1
ecd-ece 2
425
2
ejj-ecf 3
ece-ecf 1
426
1
ecf-ecg 2
427
2
ecg-ech 1
ejj-ech 3
428
1
ech-eci 2
429
2
eci-ecj 1
ejj-ecj 3
430
1
ecj-eda 2
431
2
ejj-edb 2
eda-edb 2
432
1
edb-edc 2
433
2
edc-edd 3
ejj-edd 1
434
1
edd-ede 2
435
2
ejj-edf 1
ede-edf 3
436
1
edf-edg 2
437
2
ejj-edh 1
edg-edh 3
438
1
edh-edi 2
439
2
edi-edj 1
ejj-edj 3
440
1
edj-eea 2
441
2
eea-eeb 3
ejj-eeb 1
442
1
eeb-eec 2
443
2
ejj-eed 2
eec-eed 2
444
1
eed-eee 2
445
2
ejj-eef 3
eee-eef 1
446
1
eef-eeg 2
447
2
eeg-eeh 3
ejj-eeh 1
448
1
eeh-eei 2
449
1
eei-eej 2
450
1
eej-efa 2
451
2
efa-efb 2
ejj-efb 2
452
1
efb-efc 2
453
2
ejj-efd 1
efc-efd 3
454
1
efd-efe 2
455
2
ejj-eff 2
efe-eff 2
456
1
eff-efg 2
457
2
ejj-efh 2
efg-efh 2
458
1
efh-efi 2
459
2
ejj-efj 3
efi-efj 1
460
1
efj-ega 2
461
2
ega-egb 3
ejj-egb 1
462
1
egb-egc 2
463
2
egc-egd 2
ejj-egd 2
464
1
egd-ege 2
465
2
ejj-egf 3
ege-egf 1
466
1
egf-egg 2
467
2
egg-egh 3
ejj-egh 1
468
1
egh-egi 2
469
2
egi-egj 3
ejj-egj 1
470
1
egj-eha 2
471
2
eha-ehb 3
ejj-ehb 1
472
1
ehb-ehc 2
473
2
ejj-ehd 3
ehc-ehd 1
474
1
ehd-ehe 2
475
2
ehe-ehf 1
ejj-ehf 3
476
1
ehf-ehg 2
477
2
ejj-ehh 3
ehg-ehh 1
478
1
ehh-ehi 2
479
2
ejj-ehj 2
ehi-ehj 2
480
1
ehj-eia 2
481
2
ejj-eib 1
eia-eib 3
482
1
eib-eic 2
483
2
ejj-eid 2
eic-eid 2
484
1
eid-eie 2
485
2
eie-eif 3
ejj-eif 1
486
1
eif-eig 2
487
1
eig-eih 2
488
1
eih-eii 2
489
2
ejj-eij 1
eii-eij 3
490
1
eij-eja 2
491
2
eja-ejb 3
ejj-ejb 1
492
1
ejb-ejc 2
493
2
ejc-ejd 1
ejj-ejd 3
494
1
ejd-eje 2
495
2
eje-ejf 3
ejj-ejf 1
496
1
ejf-ejg 2
497
2
ejg-ejh 2
ejj-ejh 2
498
1
ejh-eji 2
499
225
cee-ejj 1
bee-ejj 1
dg-ejj 1
caa-ejj 1
cdi-ejj 1
cae-ejj 1
cie-ejj 1
gg-ejj 1
bda-ejj 1
cjg-ejj 1
bgg-ejj 1
dba-ejj 1
ccg-ejj 1
eii-ejj 1
ceg-ejj 1
bha-ejj 1
cgi-ejj 1
e-ejj 1
big-ejj 1
dhg-ejj 1
bde-ejj 1
cbc-ejj 1
daa-ejj 1
dcc-ejj 1
cfg-ejj 1
bei-ejj 1
i-ejj 1
cge-ejj 1
egg-ejj 1
dc-ejj 1
ecc-ejj 1
bhc-ejj 1
fa-ejj 1
je-ejj 1
eeg-ejj 1
cii-ejj 1
bfi-ejj 1
di-ejj 1
ddc-ejj 1
cgg-ejj 1
dja-ejj 1
dig-ejj 1
bc-ejj 1
dac-ejj 1
cig-ejj 1
ia-ejj 1
eee-ejj 1
ejc-ejj 1
a-ejj 1
bdi-ejj 1
cde-ejj 1
dhc-ejj 1
bec-ejj 1
ic-ejj 1
ge-ejj 1
cfa-ejj 1
ga-ejj 1
egi-ejj 1
bbc-ejj 1
efi-ejj 1
bhg-ejj 1
dae-ejj 1
chc-ejj 1
efe-ejj 1
edi-ejj 1
chg-ejj 1
ehg-ejj 1
cha-ejj 1
eji-ejj 1
fe-ejj 1
fg-ejj 1
bba-ejj 1
bga-ejj 1
bic-ejj 1
baa-ejj 1
hc-ejj 1
ccc-ejj 1
eai-ejj 1
bai-ejj 1
dei-ejj 1
ebi-ejj 1
bjc-ejj 1
cdc-ejj 1
g-ejj 1
bie-ejj 1
eac-ejj 1
cfi-ejj 1
bdg-ejj 1
eie-ejj 1
bjg-ejj 1
eia-ejj 1
ig-ejj 1
bfg-ejj 1
dee-ejj 1
bja-ejj 1
dai-ejj 1
dci-ejj 1
cac-ejj 1
ja-ejj 1
bfc-ejj 1
dag-ejj 1
bae-ejj 1
bhe-ejj 1
dje-ejj 1
dce-ejj 1
ee-ejj 1
cic-ejj 1
fc-ejj 1
bii-ejj 1
cc-ejj 1
cec-ejj 1
dhe-ejj 1
cea-ejj 1
eag-ejj 1
bcg-ejj 1
eig-ejj 1
ebc-ejj 1
cei-ejj 1
che-ejj 1
dfi-ejj 1
bdc-ejj 1
cci-ejj 1
ede-ejj 1
dge-ejj 1
djg-ejj 1
dea-ejj 1
dfg-ejj 1
ebg-ejj 1
fi-ejj 1
dha-ejj 1
djc-ejj 1
ehe-ejj 1
bag-ejj 1
cja-ejj 1
ece-ejj 1
cg-ejj 1
he-ejj 1
efc-ejj 1
cia-ejj 1
dde-ejj 1
gc-ejj 1
bge-ejj 1
bgc-ejj 1
edg-ejj 1
bbg-ejj 1
cdg-ejj 1
cgc-ejj 1
eci-ejj 1
bje-ejj 1
jg-ejj 1
bgi-ejj 1
ci-ejj 1
dga-ejj 1
ehc-ejj 1
gi-ejj 1
bia-ejj 1
eea-ejj 1
ehi-ejj 1
ce-ejj 1
egc-ejj 1
eae-ejj 1
bci-ejj 1
ecg-ejj 1
cca-ejj 1
bbe-ejj 1
eha-ejj 1
cfc-ejj 1
dda-ejj 1
jc-ejj 1
eda-ejj 1
cjc-ejj 1
bcc-ejj 1
dec-ejj 1
dhi-ejj 1
chi-ejj 1
be-ejj 1
bfa-ejj 1
dgi-ejj 1
cbg-ejj 1
cce-ejj 1
bhi-ejj 1
eic-ejj 1
edc-ejj 1
efa-ejj 1
dbg-ejj 1
ie-ejj 1
dji-ejj 2
dca-ejj 1
bi-ejj 1
die-ejj 6
ba-ejj 12
de-ejj 1
ji-ejj 2
dfc-ejj 2
beg-ejj 7
dcg-ejj 2
eec-ejj 1
ha-ejj 1
ec-ejj 12
ejg-ejj 1
cbe-ejj 1
bfe-ejj 14
dia-ejj 2
cji-ejj 5
ddg-ejj 4
eba-ejj 3
cda-ejj 3
dii-ejj 5
ca-ejj 5
ddi-ejj 1
hi-ejj 14
deg-ejj 3
bac-ejj 33
eje-ejj 6
hg-ejj 4
bea-ejj 16
eaa-ejj 5
cje-ejj 9
eja-ejj 1
ege-ejj 10
dic-ejj 2
eg-ejj 5
ebe-ejj 35
eca-ejj 5
eei-ejj 22
