500
0
1
eji-a 21
1
2
ejj-b 9
a-b 13
2
1
b-c 21
3
2
ejj-d 7
c-d 15
4
1
d-e 21
5
2
e-f 13
ejj-f 9
6
1
f-g 21
7
2
g-h 8
ejj-h 13
8
1
h-i 21
9
2
i-j 19
ejj-j 3
10
1
j-ba 21
11
2
ejj-bb 8
ba-bb 14
12
1
bb-bc 21
13
2
ejj-bd 10
bc-bd 12
14
1
bd-be 21
15
2
be-bf 15
ejj-bf 6
16
1
bf-bg 21
17
2
bg-bh 17
ejj-bh 4
18
1
bh-bi 21
19
2
bi-bj 13
ejj-bj 8
20
1
bj-ca 21
21
2
ca-cb 12
ejj-cb 10
22
1
cb-cc 21
23
2
ejj-cd 12
cc-cd 9
24
1
cd-ce 21
25
2
ce-cf 9
ejj-cf 13
26
1
cf-cg 21
27
2
cg-ch 13
ejj-ch 9
28
1
ch-ci 21
29
2
ejj-cj 10
ci-cj 12
30
1
cj-da 21
31
2
ejj-db 7
da-db 14
32
1
db-dc 21
33
2
dc-dd 18
ejj-dd 4
34
1
dd-de 21
35
2
de-df 16
ejj-df 6
36
1
df-dg 21
37
2
dg-dh 13
ejj-dh 9
38
1
dh-di 21
39
2
ejj-dj 9
di-dj 12
40
1
dj-ea 21
41
2
ea-eb 19
ejj-eb 3
42
1
eb-ec 21
43
2
ec-ed 19
ejj-ed 3
44
1
ed-ee 21
45
2
ee-ef 17
ejj-ef 4
46
1
ef-eg 21
47
2
ejj-eh 16
eg-eh 6
48
1
eh-ei 21
49
2
ejj-ej 7
ei-ej 14
50
1
ej-fa 21
51
2
fa-fb 19
ejj-fb 2
52
1
fb-fc 21
53
1
fc-fd 21
54
1
