500
0
1
eji-a 20
1
2
ejj-b 8
a-b 12
2
1
b-c 20
3
2
ejj-d 6
c-d 15
4
1
d-e 20
5
2
e-f 12
ejj-f 8
6
1
f-g 20
7
2
g-h 8
ejj-h 13
8
1
h-i 20
9
2
i-j 19
ejj-j 2
10
1
j-ba 20
11
2
ejj-bb 8
ba-bb 13
12
1
bb-bc 20
13
2
ejj-bd 10
bc-bd 11
14
1
bd-be 20
15
2
be-bf 15
ejj-bf 6
16
1
bf-bg 20
17
2
bg-bh 17
ejj-bh 4
18
1
bh-bi 20
19
2
bi-bj 13
ejj-bj 8
20
1
bj-ca 20
21
2
ca-cb 12
ejj-cb 9
22
1
cb-cc 20
23
2
ejj-cd 12
cc-cd 9
24
1
cd-ce 20
25
2
ce-cf 8
ejj-cf 12
26
1
cf-cg 20
27
2
cg-ch 12
ejj-ch 8
28
1
ch-ci 20
29
2
ejj-cj 10
ci-cj 11
30
1
cj-da 20
31
2
ejj-db 7
da-db 14
32
1
db-dc 20
33
2
dc-dd 17
ejj-dd 4
34
1
dd-de 20
35
2
de-df 16
ejj-df 6
36
1
df-dg 20
37
2
dg-dh 12
ejj-dh 8
38
1
dh-di 20
39
2
ejj-dj 9
di-dj 12
40
1
dj-ea 20
41
2
ea-eb 19
ejj-eb 2
42
1
eb-ec 20
43
2
ec-ed 19
ejj-ed 2
44
1
ed-ee 20
45
2
ee-ef 17
ejj-ef 4
46
1
ef-eg 20
47
2
ejj-eh 16
eg-eh 6
48
1
eh-ei 20
49
2
ejj-ej 7
ei-ej 14
50
1
ej-fa 20
51
2
fa-fb 19
ejj-fb 2
52
1
fb-fc 20
53
1
fc-fd 20
54
1
fd-fe 20
55
2
fe-ff 10
ejj-ff 10
56
1
ff-fg 20
57
2
fg-fh 10
ejj-fh 10
58
1
fh-fi 20
59
2
ejj-fj 8
fi-fj 13
60
1
fj-ga 20
61
2
ejj-gb 14
ga-gb 7
62
1
gb-gc 20
63
2
gc-gd 12
ejj-gd 8
64
1
gd-ge 20
65
2
ge-gf 19
ejj-gf 2
66
1
gf-gg 20
67
2
gg-gh 14
ejj-gh 6
68
1
gh-gi 20
69
2
ejj-gj 6
gi-gj 16
70
1
gj-ha 20
71
2
ha-hb 15
ejj-hb 6
72
1
hb-hc 20
73
2
hc-hd 16
ejj-hd 6
74
1
hd-he 20
75
2
he-hf 16
ejj-hf 5
76
1
hf-hg 20
77
2
hg-hh 12
ejj-hh 8
78
1
hh-hi 20
79
2
ejj-hj 10
hi-hj 10
80
1
hj-ia 20
81
2
ia-ib 15
ejj-ib 6
82
1
ib-ic 20
83
2
ic-id 12
ejj-id 9
84
1
id-ie 20
85
2
ie-if 14
ejj-if 6
86
1
if-ig 20
87
2
ig-ih 14
ejj-ih 7
88
1
ih-ii 20
89
2
ejj-ij 15
ii-ij 6
90
1
ij-ja 20
91
2
ejj-jb 6
ja-jb 15
92
1
jb-jc 20
93
2
ejj-jd 4
jc-jd 17
94
1
jd-je 20
95
2
je-jf 16
ejj-jf 5
96
1
jf-jg 20
97
2
ejj-jh 10
jg-jh 11
98
1
jh-ji 20
99
2
ji-jj 19
ejj-jj 2
100
1
jj-baa 20
101
2
ejj-bab 4
baa-bab 16
102
1
bab-bac 20
103
2
ejj-bad 6
bac-bad 16
104
1
bad-bae 20
105
2
bae-baf 13
ejj-baf 8
106
1
baf-bag 20
107
2
ejj-bah 9
bag-bah 12
108
1
bah-bai 20
109
2
bai-baj 14
ejj-baj 7
110
1
baj-bba 20
111
2
bba-bbb 14
ejj-bbb 7
112
1
bbb-bbc 20
113
2
bbc-bbd 17
ejj-bbd 4
114
1
bbd-bbe 20
115
2
bbe-bbf 16
ejj-bbf 6
116
1
bbf-bbg 20
117
2
ejj-bbh 14
bbg-bbh 7
118
1
bbh-bbi 20
119
2
bbi-bbj 12
ejj-bbj 8
120
1
bbj-bca 20
121
2
ejj-bcb 12
bca-bcb 8
122
1
bcb-bcc 20
123
2
ejj-bcd 15
bcc-bcd 6
124
1
bcd-bce 20
125
2
ejj-bcf 4
bce-bcf 16
126
1
bcf-bcg 20
127
2
ejj-bch 7
bcg-bch 14
128
1
bch-bci 20
129
2
ejj-bcj 13
bci-bcj 8
130
1
bcj-bda 20
131
2
bda-bdb 12
ejj-bdb 9
132
1
bdb-bdc 20
133
2
bdc-bdd 13
ejj-bdd 8
134
1
bdd-bde 20
135
2
bde-bdf 16
ejj-bdf 5
136
1
bdf-bdg 20
137
2
ejj-bdh 4
bdg-bdh 16
138
1
bdh-bdi 20
139
2
bdi-bdj 14
ejj-bdj 6
140
1
bdj-bea 20
141
2
bea-beb 13
ejj-beb 8
142
1
beb-bec 20
143
2
bec-bed 10
ejj-bed 10
144
1
bed-bee 20
145
2
ejj-bef 9
bee-bef 12
146
1
bef-beg 20
147
2
beg-beh 16
ejj-beh 4
148
1
beh-bei 20
149
2
ejj-bej 9
bei-bej 12
150
1
bej-bfa 20
151
2
ejj-bfb 5
bfa-bfb 16
152
1
bfb-bfc 20
153
2
bfc-bfd 14
ejj-bfd 7
154
1
bfd-bfe 20
155
2
ejj-bff 8
bfe-bff 13
156
1
bff-bfg 20
157
2
ejj-bfh 8
bfg-bfh 12
158
1
bfh-bfi 20
159
2
bfi-bfj 16
ejj-bfj 6
160
1
bfj-bga 20
161
1
bga-bgb 20
162
1
bgb-bgc 20
163
2
ejj-bgd 8
bgc-bgd 13
164
1
bgd-bge 20
165
2
ejj-bgf 12
bge-bgf 9
166
1
bgf-bgg 20
167
2
ejj-bgh 10
bgg-bgh 11
168
1
bgh-bgi 20
169
2
bgi-bgj 18
ejj-bgj 3
170
1
bgj-bha 20
171
2
bha-bhb 17
ejj-bhb 4
172
1
bhb-bhc 20
173
2
bhc-bhd 19
ejj-bhd 2
174
1
bhd-bhe 20
175
2
bhe-bhf 12
ejj-bhf 9
176
1
bhf-bhg 20
177
2
ejj-bhh 16
bhg-bhh 6
178
1
bhh-bhi 20
179
2
bhi-bhj 18
ejj-bhj 3
180
1
bhj-bia 20
181
2
ejj-bib 8
bia-bib 13
182
1
bib-bic 20
183
2
bic-bid 12
ejj-bid 8
184
1
bid-bie 20
185
2
bie-bif 12
ejj-bif 9
186
1
bif-big 20
187
2
big-bih 14
ejj-bih 6
188
1
bih-bii 20
189
2
ejj-bij 10
bii-bij 10
190
1
bij-bja 20
191
2
bja-bjb 16
ejj-bjb 4
192
1
bjb-bjc 20
193
2
bjc-bjd 14
ejj-bjd 7
194
1
bjd-bje 20
195
2
bje-bjf 19
ejj-bjf 2
196
1
bjf-bjg 20
197
2
bjg-bjh 16
ejj-bjh 4
198
1
bjh-bji 20
199
2
ejj-bjj 3
bji-bjj 18
200
1
bjj-caa 20
201
2
caa-cab 16
ejj-cab 4
202
1
cab-cac 20
203
2
ejj-cad 9
cac-cad 12
204
1
cad-cae 20
205
2
ejj-caf 7
cae-caf 14
206
1
caf-cag 20
207
1
cag-cah 20
208
1
cah-cai 20
209
2
cai-caj 12
ejj-caj 8
210
1
caj-cba 20
211
2
cba-cbb 14
ejj-cbb 7
212
1
cbb-cbc 20
213
2
cbc-cbd 15
ejj-cbd 6
214
1
cbd-cbe 20
215
2
cbe-cbf 12
ejj-cbf 8
216
1
cbf-cbg 20
217
2
ejj-cbh 12
cbg-cbh 9
218
1
cbh-cbi 20
219
2
cbi-cbj 15
ejj-cbj 6
220
1
cbj-cca 20
221
2
cca-ccb 15
ejj-ccb 6
222
1
ccb-ccc 20
223
2
ccc-ccd 16
ejj-ccd 6
224
1
ccd-cce 20
225
2
cce-ccf 13
ejj-ccf 8
226
1
ccf-ccg 20
227
2
ccg-cch 16
ejj-cch 4
228
1
cch-cci 20
229
2
ejj-ccj 10
cci-ccj 11
230
1
ccj-cda 20
231
2
cda-cdb 12
ejj-cdb 9
232
1
cdb-cdc 20
233
2
ejj-cdd 8
cdc-cdd 13
234
1
cdd-cde 20
235
2
cde-cdf 16
ejj-cdf 4
236
1
cdf-cdg 20
237
2
cdg-cdh 16
ejj-cdh 4
238
1
cdh-cdi 20
239
2
cdi-cdj 9
ejj-cdj 12
240
1
cdj-cea 20
241
2
cea-ceb 16
ejj-ceb 5
242
1
ceb-cec 20
243
2
cec-ced 15
ejj-ced 6
244
1
ced-cee 20
245
2
ejj-cef 9
cee-cef 12
246
1
cef-ceg 20
247
2
ceg-ceh 18
ejj-ceh 3
248
1
ceh-cei 20
249
1
cei-cej 20
250
1
cej-cfa 20
251
2
ejj-cfb 7
cfa-cfb 14
252
1
cfb-cfc 20
253
2
ejj-cfd 12
cfc-cfd 8
254
1
cfd-cfe 20
255
2
ejj-cff 10
cfe-cff 10
256
1
cff-cfg 20
257
2
cfg-cfh 16
ejj-cfh 5
258
1
cfh-cfi 20
259
2
ejj-cfj 8
cfi-cfj 12
260
1
cfj-cga 20
261
2
cga-cgb 18
ejj-cgb 3
262
1
cgb-cgc 20
263
2
ejj-cgd 14
cgc-cgd 7
264
1
cgd-cge 20
265
2
cge-cgf 17
ejj-cgf 4
266
1
cgf-cgg 20
267
2
cgg-cgh 17
ejj-cgh 4
268
1
cgh-cgi 20
269
1
cgi-cgj 20
270
1
cgj-cha 20
271
2
ejj-chb 12
cha-chb 9
272
1
chb-chc 20
273
2
chc-chd 10
ejj-chd 10
274
1
chd-che 20
275
2
che-chf 13
ejj-chf 8
276
1
chf-chg 20
277
2
chg-chh 18
ejj-chh 2
278
1
chh-chi 20
279
2
ejj-chj 9
chi-chj 12
280
1
chj-cia 20
281
2
cia-cib 17
ejj-cib 4
282
1
cib-cic 20
283
2
cic-cid 19
ejj-cid 2
284
1
cid-cie 20
285
2
cie-cif 16
ejj-cif 4
286
1
cif-cig 20
287
2
cig-cih 14
ejj-cih 7
288
1
cih-cii 20
289
1
cii-cij 20
290
1
cij-cja 20
291
2
ejj-cjb 6
cja-cjb 15
292
1
cjb-cjc 20
293
2
cjc-cjd 14
ejj-cjd 6
294
1
cjd-cje 20
295
2
cje-cjf 8
ejj-cjf 12
296
1
cjf-cjg 20
297
2
cjg-cjh 13
ejj-cjh 8
298
1
cjh-cji 20
299
2
ejj-cjj 9
cji-cjj 12
300
1
cjj-daa 20
301
1
daa-dab 20
302
1
dab-dac 20
303
2
ejj-dad 8
dac-dad 13
304
1
dad-dae 20
305
2
dae-daf 16
ejj-daf 4
306
1
daf-dag 20
307
2
dag-dah 10
ejj-dah 10
308
1
dah-dai 20
309
2
dai-daj 15
ejj-daj 6
310
1
daj-dba 20
311
2
ejj-dbb 10
dba-dbb 10
312
1
dbb-dbc 20
313
2
dbc-dbd 16
ejj-dbd 5
314
1
dbd-dbe 20
315
2
ejj-dbf 4
dbe-dbf 16
316
1
dbf-dbg 20
317
2
dbg-dbh 16
ejj-dbh 5
318
1
dbh-dbi 20
319
2
dbi-dbj 17
ejj-dbj 4
320
1
dbj-dca 20
321
2
dca-dcb 13
ejj-dcb 8
322
1
dcb-dcc 20
323
2
dcc-dcd 19
ejj-dcd 2
324
1
dcd-dce 20
325
2
dce-dcf 17
ejj-dcf 4
326
1
dcf-dcg 20
327
2
dcg-dch 12
ejj-dch 9
328
1
dch-dci 20
329
2
dci-dcj 13
ejj-dcj 8
330
1
dcj-dda 20
331
2
ejj-ddb 7
dda-ddb 14
332
1
ddb-ddc 20
333
2
ddc-ddd 18
ejj-ddd 2
334
1
ddd-dde 20
335
2
dde-ddf 13
ejj-ddf 8
336
1
ddf-ddg 20
337
1
ddg-ddh 20
338
1
ddh-ddi 20
339
2
ejj-ddj 8
ddi-ddj 13
340
1
ddj-dea 20
341
2
dea-deb 9
ejj-deb 12
342
1
deb-dec 20
343
2
dec-ded 10
ejj-ded 11
344
1
ded-dee 20
345
2
dee-def 16
ejj-def 6
346
1
def-deg 20
347
2
deg-deh 18
ejj-deh 3
348
1
deh-dei 20
349
2
dei-dej 16
ejj-dej 4
350
1
dej-dfa 20
351
1
dfa-dfb 20
352
1
dfb-dfc 20
353
1
dfc-dfd 20
354
1
dfd-dfe 20
355
2
dfe-dff 16
ejj-dff 6
356
1
dff-dfg 20
357
2
ejj-dfh 9
dfg-dfh 12
358
1
dfh-dfi 20
359
2
dfi-dfj 11
ejj-dfj 10
360
1
dfj-dga 20
361
2
ejj-dgb 7
dga-dgb 14
362
1
dgb-dgc 20
363
2
dgc-dgd 14
ejj-dgd 7
364
1
dgd-dge 20
365
2
ejj-dgf 7
dge-dgf 14
366
1
dgf-dgg 20
367
2
dgg-dgh 17
ejj-dgh 4
368
1
dgh-dgi 20
369
2
ejj-dgj 7
dgi-dgj 14
370
1
dgj-dha 20
371
2
dha-dhb 16
ejj-dhb 4
372
1
dhb-dhc 20
373
2
dhc-dhd 13
ejj-dhd 8
374
1
dhd-dhe 20
375
2
dhe-dhf 13
ejj-dhf 8
376
1
dhf-dhg 20
377
2
ejj-dhh 6
dhg-dhh 15
378
1
dhh-dhi 20
379
2
dhi-dhj 18
ejj-dhj 2
380
1
dhj-dia 20
381
2
dia-dib 18
ejj-dib 3
382
1
dib-dic 20
383
2
ejj-did 10
dic-did 10
384
1
did-die 20
385
2
ejj-dif 3
die-dif 18
386
1
dif-dig 20
387
2
ejj-dih 8
dig-dih 13
388
1
dih-dii 20
389
2
dii-dij 16
ejj-dij 4
390
1
dij-dja 20
391
2
dja-djb 13
ejj-djb 8
392
1
djb-djc 20
393
2
djc-djd 17
ejj-djd 4
394
1
djd-dje 20
395
1
dje-djf 20
396
1
djf-djg 20
397
2
djg-djh 10
ejj-djh 10
398
1
djh-dji 20
399
2
ejj-djj 6
dji-djj 16
400
1
djj-eaa 20
401
2
eaa-eab 18
ejj-eab 3
402
1
eab-eac 20
403
2
eac-ead 15
ejj-ead 6
404
1
ead-eae 20
405
2
eae-eaf 10
ejj-eaf 10
406
1
eaf-eag 20
407
2
eag-eah 17
ejj-eah 4
408
1
eah-eai 20
409
2
ejj-eaj 10
eai-eaj 10
410
1
eaj-eba 20
411
2
eba-ebb 17
ejj-ebb 4
412
1
ebb-ebc 20
413
2
ebc-ebd 16
ejj-ebd 5
414
1
ebd-ebe 20
415
2
ebe-ebf 16
ejj-ebf 5
416
1
ebf-ebg 20
417
2
ebg-ebh 13
ejj-ebh 8
418
1
ebh-ebi 20
419
2
ebi-ebj 16
ejj-ebj 5
420
1
ebj-eca 20
421
2
eca-ecb 16
ejj-ecb 6
422
1
ecb-ecc 20
423
2
ecc-ecd 14
ejj-ecd 6
424
1
ecd-ece 20
425
2
ece-ecf 15
ejj-ecf 6
426
1
ecf-ecg 20
427
2
ecg-ech 16
ejj-ech 5
428
1
ech-eci 20
429
2
eci-ecj 15
ejj-ecj 6
430
1
ecj-eda 20
431
2
eda-edb 8
ejj-edb 12
432
1
edb-edc 20
433
2
ejj-edd 6
edc-edd 15
434
1
edd-ede 20
435
2
ejj-edf 4
ede-edf 17
436
1
edf-edg 20
437
2
edg-edh 13
ejj-edh 8
438
1
edh-edi 20
439
2
ejj-edj 7
edi-edj 14
440
1
edj-eea 20
441
2
eea-eeb 10
ejj-eeb 10
442
1
eeb-eec 20
443
2
eec-eed 16
ejj-eed 6
444
1
eed-eee 20
445
2
eee-eef 14
ejj-eef 6
446
1
eef-eeg 20
447
2
ejj-eeh 9
eeg-eeh 12
448
1
eeh-eei 20
449
1
eei-eej 20
450
1
eej-efa 20
451
2
efa-efb 16
ejj-efb 6
452
1
efb-efc 20
453
2
ejj-efd 12
efc-efd 9
454
1
efd-efe 20
455
2
ejj-eff 10
efe-eff 11
456
1
eff-efg 20
457
2
ejj-efh 7
efg-efh 14
458
1
efh-efi 20
459
2
efi-efj 14
ejj-efj 6
460
1
efj-ega 20
461
2
ega-egb 16
ejj-egb 5
462
1
egb-egc 20
463
2
egc-egd 17
ejj-egd 4
464
1
egd-ege 20
465
2
ege-egf 10
ejj-egf 10
466
1
egf-egg 20
467
2
ejj-egh 16
egg-egh 5
468
1
egh-egi 20
469
2
egi-egj 17
ejj-egj 4
470
1
egj-eha 20
471
2
eha-ehb 11
ejj-ehb 10
472
1
ehb-ehc 20
473
2
ehc-ehd 16
ejj-ehd 4
474
1
ehd-ehe 20
475
2
ehe-ehf 14
ejj-ehf 6
476
1
ehf-ehg 20
477
2
ehg-ehh 16
ejj-ehh 5
478
1
ehh-ehi 20
479
2
ehi-ehj 12
ejj-ehj 9
480
1
ehj-eia 20
481
2
eia-eib 16
ejj-eib 6
482
1
eib-eic 20
483
2
eic-eid 16
ejj-eid 6
484
1
eid-eie 20
485
2
ejj-eif 4
eie-eif 16
486
1
eif-eig 20
487
1
eig-eih 20
488
1
eih-eii 20
489
2
eii-eij 9
ejj-eij 12
490
1
eij-eja 20
491
2
ejj-ejb 10
eja-ejb 11
492
1
ejb-ejc 20
493
2
ejc-ejd 11
ejj-ejd 10
494
1
ejd-eje 20
495
2
eje-ejf 15
ejj-ejf 6
496
1
ejf-ejg 20
497
2
ejg-ejh 15
ejj-ejh 6
498
1
ejh-eji 20
499
221
i-ejj 1
eja-ejj 1
be-ejj 1
hi-ejj 1
hg-ejj 1
eii-ejj 1
bha-ejj 1
dfc-ejj 1
ege-ejj 1
ecc-ejj 1
cic-ejj 1
chg-ejj 1
bdc-ejj 1
je-ejj 1
dda-ejj 1
eg-ejj 1
dge-ejj 1
cae-ejj 1
bei-ejj 1
cg-ejj 1
gi-ejj 1
dee-ejj 1
dg-ejj 1
cfa-ejj 1
bhg-ejj 1
egc-ejj 1
dea-ejj 1
dca-ejj 1
ca-ejj 1
cde-ejj 1
bhe-ejj 1
bda-ejj 1
bac-ejj 1
cci-ejj 1
bbc-ejj 1
bie-ejj 1
ic-ejj 1
ig-ejj 1
dae-ejj 1
ejc-ejj 1
caa-ejj 1
edi-ejj 1
fc-ejj 1
dcg-ejj 1
cea-ejj 1
bee-ejj 1
dag-ejj 1
djg-ejj 1
bi-ejj 1
ehi-ejj 1
bag-ejj 1
eda-ejj 1
big-ejj 1
cdi-ejj 1
baa-ejj 1
bea-ejj 1
dia-ejj 1
bbg-ejj 1
dhe-ejj 1
bgi-ejj 1
egg-ejj 1
ee-ejj 1
eci-ejj 1
cgg-ejj 1
dde-ejj 1
ehg-ejj 1
dhg-ejj 1
cfi-ejj 1
cjg-ejj 1
dha-ejj 1
eca-ejj 1
ece-ejj 1
ba-ejj 1
dhc-ejj 1
bia-ejj 1
ebg-ejj 1
cee-ejj 1
ie-ejj 1
eeg-ejj 1
he-ejj 1
cca-ejj 1
eji-ejj 1
efa-ejj 1
cie-ejj 1
eie-ejj 1
cia-ejj 1
cha-ejj 1
chc-ejj 1
bde-ejj 1
dja-ejj 1
ji-ejj 1
che-ejj 1
bec-ejj 1
ccg-ejj 1
eac-ejj 1
die-ejj 1
cje-ejj 1
efe-ejj 1
fi-ejj 1
eag-ejj 1
ga-ejj 1
ebe-ejj 1
dji-ejj 1
cc-ejj 1
bbe-ejj 1
dbg-ejj 1
bae-ejj 1
ec-ejj 1
efc-ejj 1
bgc-ejj 1
dei-ejj 1
bc-ejj 1
bjg-ejj 1
bge-ejj 1
cge-ejj 1
cdg-ejj 1
cda-ejj 1
cii-ejj 1
cbe-ejj 1
dba-ejj 1
dii-ejj 1
ede-ejj 1
eei-ejj 1
eia-ejj 1
daa-ejj 1
dfg-ejj 1
dga-ejj 1
bga-ejj 1
dfi-ejj 1
eig-ejj 1
eae-ejj 1
cji-ejj 1
dac-ejj 1
fe-ejj 1
dce-ejj 1
cac-ejj 1
cfg-ejj 1
ccc-ejj 1
ehe-ejj 1
ci-ejj 1
eaa-ejj 1
cgi-ejj 1
cig-ejj 1
bje-ejj 1
bgg-ejj 1
eic-ejj 1
cei-ejj 1
eje-ejj 1
fa-ejj 1
dje-ejj 1
bba-ejj 1
dic-ejj 1
eai-ejj 1
bcc-ejj 1
bdi-ejj 1
ja-ejj 1
efi-ejj 1
cbg-ejj 1
bhc-ejj 1
ha-ejj 1
bcg-ejj 1
cja-ejj 1
eha-ejj 1
egi-ejj 1
dcc-ejj 1
ddi-ejj 1
bii-ejj 1
jc-ejj 1
eea-ejj 1
gc-ejj 1
bhi-ejj 1
bfc-ejj 1
bjc-ejj 1
edg-ejj 1
dai-ejj 1
ddc-ejj 1
dc-ejj 1
bfa-ejj 1
bic-ejj 1
ge-ejj 1
eee-ejj 1
ddg-ejj 1
djc-ejj 1
e-ejj 1
cfc-ejj 1
de-ejj 1
bai-ejj 1
g-ejj 1
bfi-ejj 1
a-ejj 1
cjc-ejj 1
eba-ejj 1
ehc-ejj 1
dec-ejj 1
hc-ejj 1
ce-ejj 1
ceg-ejj 1
bfe-ejj 1
beg-ejj 1
jg-ejj 1
fg-ejj 1
bfg-ejj 1
di-ejj 1
ebc-ejj 1
dhi-ejj 1
edc-ejj 1
ejg-ejj 1
ecg-ejj 1
dig-ejj 1
gg-ejj 1
ebi-ejj 1
cbc-ejj 1
cgc-ejj 1
cdc-ejj 1
dci-ejj 1
bci-ejj 1
cec-ejj 1
bdg-ejj 1
ia-ejj 1
dgi-ejj 1
bja-ejj 1
