500
0
1
eji-a 21
1
2
ejj-b 9
a-b 13
2
1
b-c 21
3
2
ejj-d 7
c-d 15
4
1
d-e 21
5
2
e-f 13
ejj-f 9
6
1
f-g 21
7
2
g-h 9
ejj-h 13
8
1
h-i 21
9
2
i-j 19
ejj-j 3
10
1
j-ba 21
11
2
ejj-bb 8
ba-bb 14
12
1
bb-bc 21
13
2
ejj-bd 10
bc-bd 12
14
1
bd-be 21
15
2
be-bf 16
ejj-bf 6
16
1
bf-bg 21
17
2
bg-bh 17
ejj-bh 5
18
1
bh-bi 21
19
2
bi-bj 14
ejj-bj 8
20
1
bj-ca 21
21
2
ca-cb 12
ejj-cb 10
22
1
cb-cc 21
23
2
ejj-cd 12
cc-cd 10
24
1
cd-ce 21
25
2
ce-cf 9
ejj-cf 13
26
1
cf-cg 21
27
2
cg-ch 13
ejj-ch 9
28
1
ch-ci 21
29
2
ejj-cj 10
ci-cj 12
30
1
cj-da 21
31
2
ejj-db 8
da-db 14
32
1
db-dc 21
33
2
dc-dd 18
ejj-dd 4
34
1
dd-de 21
35
2
de-df 16
ejj-df 6
36
1
df-dg 21
37
2
dg-dh 13
ejj-dh 9
38
1
dh-di 21
39
2
ejj-dj 9
di-dj 13
40
1
dj-ea 21
41
2
ea-eb 19
ejj-eb 3
42
1
eb-ec 21
43
2
ec-ed 19
ejj-ed 3
44
1
ed-ee 21
45
2
ee-ef 18
ejj-ef 4
46
1
ef-eg 21
47
2
ejj-eh 16
eg-eh 6
48
1
eh-ei 21
49
2
ejj-ej 8
ei-ej 14
50
1
ej-fa 21
51
2
fa-fb 19
ejj-fb 3
52
1
fb-fc 21
53
1
fc-fd 21
54
1
fd-fe 21
55
2
fe-ff 11
ejj-ff 11
56
1
ff-fg 21
57
2
fg-fh 11
ejj-fh 11
58
1
fh-fi 21
59
2
ejj-fj 8
fi-fj 14
60
1
fj-ga 21
61
2
ejj-gb 14
ga-gb 8
62
1
gb-gc 21
63
2
gc-gd 13
ejj-gd 9
64
1
gd-ge 21
65
2
ge-gf 19
ejj-gf 3
66
1
gf-gg 21
67
2
gg-gh 15
ejj-gh 7
68
1
gh-gi 21
69
2
ejj-gj 6
gi-gj 16
70
1
gj-ha 21
71
2
ha-hb 16
ejj-hb 6
72
1
hb-hc 21
73
2
hc-hd 16
ejj-hd 6
74
1
hd-he 21
75
2
he-hf 16
ejj-hf 6
76
1
hf-hg 21
77
2
hg-hh 13
ejj-hh 9
78
1
hh-hi 21
79
2
ejj-hj 11
hi-hj 11
80
1
hj-ia 21
81
2
ia-ib 15
ejj-ib 7
82
1
ib-ic 21
83
2
ic-id 12
ejj-id 10
84
1
id-ie 21
85
2
ie-if 15
ejj-if 7
86
1
if-ig 21
87
2
ig-ih 14
ejj-ih 8
88
1
ih-ii 21
89
2
ejj-ij 15
ii-ij 7
90
1
ij-ja 21
91
2
ejj-jb 7
ja-jb 15
92
1
jb-jc 21
93
2
ejj-jd 5
jc-jd 17
94
1
jd-je 21
95
2
je-jf 16
ejj-jf 6
96
1
jf-jg 21
97
2
ejj-jh 10
jg-jh 12
98
1
jh-ji 21
99
2
ji-jj 19
ejj-jj 3
100
1
jj-baa 21
101
2
ejj-bab 5
baa-bab 17
102
1
bab-bac 21
103
2
ejj-bad 6
bac-bad 16
104
1
bad-bae 21
105
2
bae-baf 14
ejj-baf 8
106
1
baf-bag 21
107
2
ejj-bah 10
bag-bah 12
108
1
bah-bai 21
109
2
bai-baj 14
ejj-baj 8
110
1
baj-bba 21
111
2
bba-bbb 14
ejj-bbb 8
112
1
bbb-bbc 21
113
2
bbc-bbd 18
ejj-bbd 4
114
1
bbd-bbe 21
115
2
bbe-bbf 16
ejj-bbf 6
116
1
bbf-bbg 21
117
2
ejj-bbh 14
bbg-bbh 8
118
1
bbh-bbi 21
119
2
bbi-bbj 13
ejj-bbj 9
120
1
bbj-bca 21
121
2
ejj-bcb 13
bca-bcb 9
122
1
bcb-bcc 21
123
2
ejj-bcd 15
bcc-bcd 7
124
1
bcd-bce 21
125
2
ejj-bcf 5
bce-bcf 17
126
1
bcf-bcg 21
127
2
ejj-bch 8
bcg-bch 14
128
1
bch-bci 21
129
2
ejj-bcj 14
bci-bcj 8
130
1
bcj-bda 21
131
2
bda-bdb 12
ejj-bdb 10
132
1
bdb-bdc 21
133
2
bdc-bdd 14
ejj-bdd 8
134
1
bdd-bde 21
135
2
bde-bdf 16
ejj-bdf 6
136
1
bdf-bdg 21
137
2
ejj-bdh 5
bdg-bdh 17
138
1
bdh-bdi 21
139
2
bdi-bdj 15
ejj-bdj 7
140
1
bdj-bea 21
141
2
bea-beb 14
ejj-beb 8
142
1
beb-bec 21
143
2
bec-bed 11
ejj-bed 11
144
1
bed-bee 21
145
2
ejj-bef 10
bee-bef 12
146
1
bef-beg 21
147
2
beg-beh 17
ejj-beh 5
148
1
beh-bei 21
149
2
ejj-bej 10
bei-bej 12
150
1
bej-bfa 21
151
2
ejj-bfb 5
bfa-bfb 17
152
1
bfb-bfc 21
153
2
bfc-bfd 14
ejj-bfd 8
154
1
bfd-bfe 21
155
2
ejj-bff 8
bfe-bff 14
156
1
bff-bfg 21
157
2
ejj-bfh 9
bfg-bfh 13
158
1
bfh-bfi 21
159
2
bfi-bfj 16
ejj-bfj 6
160
1
bfj-bga 21
161
1
bga-bgb 21
162
1
bgb-bgc 21
163
2
ejj-bgd 8
bgc-bgd 14
164
1
bgd-bge 21
165
2
ejj-bgf 12
bge-bgf 10
166
1
bgf-bgg 21
167
2
ejj-bgh 10
bgg-bgh 12
168
1
bgh-bgi 21
169
2
bgi-bgj 19
ejj-bgj 3
170
1
bgj-bha 21
171
2
bha-bhb 18
ejj-bhb 4
172
1
bhb-bhc 21
173
2
bhc-bhd 19
ejj-bhd 3
174
1
bhd-bhe 21
175
2
bhe-bhf 12
ejj-bhf 10
176
1
bhf-bhg 21
177
2
ejj-bhh 16
bhg-bhh 6
178
1
bhh-bhi 21
179
2
bhi-bhj 18
ejj-bhj 4
180
1
bhj-bia 21
181
2
ejj-bib 8
bia-bib 14
182
1
bib-bic 21
183
2
bic-bid 13
ejj-bid 9
184
1
bid-bie 21
185
2
bie-bif 12
ejj-bif 10
186
1
bif-big 21
187
2
big-bih 15
ejj-bih 7
188
1
bih-bii 21
189
2
ejj-bij 11
bii-bij 11
190
1
bij-bja 21
191
2
bja-bjb 17
ejj-bjb 5
192
1
bjb-bjc 21
193
2
bjc-bjd 14
ejj-bjd 8
194
1
bjd-bje 21
195
2
bje-bjf 19
ejj-bjf 3
196
1
bjf-bjg 21
197
2
bjg-bjh 17
ejj-bjh 5
198
1
bjh-bji 21
199
2
ejj-bjj 4
bji-bjj 18
200
1
bjj-caa 21
201
2
caa-cab 17
ejj-cab 5
202
1
cab-cac 21
203
2
ejj-cad 10
cac-cad 12
204
1
cad-cae 21
205
2
ejj-caf 8
cae-caf 14
206
1
caf-cag 21
207
1
cag-cah 21
208
1
cah-cai 21
209
2
cai-caj 13
ejj-caj 9
210
1
caj-cba 21
211
2
cba-cbb 14
ejj-cbb 8
212
1
cbb-cbc 21
213
2
cbc-cbd 15
ejj-cbd 7
214
1
cbd-cbe 21
215
2
cbe-cbf 13
ejj-cbf 9
216
1
cbf-cbg 21
217
2
ejj-cbh 12
cbg-cbh 10
218
1
cbh-cbi 21
219
2
cbi-cbj 15
ejj-cbj 7
220
1
cbj-cca 21
221
2
cca-ccb 16
ejj-ccb 6
222
1
ccb-ccc 21
223
2
ccc-ccd 16
ejj-ccd 6
224
1
ccd-cce 21
225
2
cce-ccf 14
ejj-ccf 8
226
1
ccf-ccg 21
227
2
ccg-cch 17
ejj-cch 5
228
1
cch-cci 21
229
2
ejj-ccj 10
cci-ccj 12
230
1
ccj-cda 21
231
2
cda-cdb 12
ejj-cdb 10
232
1
cdb-cdc 21
233
2
ejj-cdd 8
cdc-cdd 14
234
1
cdd-cde 21
235
2
cde-cdf 17
ejj-cdf 5
236
1
cdf-cdg 21
237
2
cdg-cdh 17
ejj-cdh 5
238
1
cdh-cdi 21
239
2
cdi-cdj 9
ejj-cdj 13
240
1
cdj-cea 21
241
2
cea-ceb 16
ejj-ceb 6
242
1
ceb-cec 21
243
2
cec-ced 16
ejj-ced 6
244
1
ced-cee 21
245
2
ejj-cef 10
cee-cef 12
246
1
cef-ceg 21
247
2
ceg-ceh 18
ejj-ceh 4
248
1
ceh-cei 21
249
1
cei-cej 21
250
1
cej-cfa 21
251
2
ejj-cfb 8
cfa-cfb 14
252
1
cfb-cfc 21
253
2
ejj-cfd 13
cfc-cfd 9
254
1
cfd-cfe 21
255
2
ejj-cff 11
cfe-cff 11
256
1
cff-cfg 21
257
2
cfg-cfh 17
ejj-cfh 5
258
1
cfh-cfi 21
259
2
ejj-cfj 9
cfi-cfj 13
260
1
cfj-cga 21
261
2
cga-cgb 18
ejj-cgb 4
262
1
cgb-cgc 21
263
2
ejj-cgd 14
cgc-cgd 8
264
1
cgd-cge 21
265
2
cge-cgf 17
ejj-cgf 5
266
1
cgf-cgg 21
267
2
cgg-cgh 18
ejj-cgh 4
268
1
cgh-cgi 21
269
1
cgi-cgj 21
270
1
cgj-cha 21
271
2
ejj-chb 12
cha-chb 10
272
1
chb-chc 21
273
2
chc-chd 11
ejj-chd 11
274
1
chd-che 21
275
2
che-chf 14
ejj-chf 8
276
1
chf-chg 21
277
2
chg-chh 19
ejj-chh 3
278
1
chh-chi 21
279
2
ejj-chj 10
chi-chj 12
280
1
chj-cia 21
281
2
cia-cib 18
ejj-cib 4
282
1
cib-cic 21
283
2
cic-cid 20
ejj-cid 2
284
1
cid-cie 21
285
2
cie-cif 17
ejj-cif 5
286
1
cif-cig 21
287
2
cig-cih 14
ejj-cih 8
288
1
cih-cii 21
289
1
cii-cij 21
290
1
cij-cja 21
291
2
ejj-cjb 7
cja-cjb 15
292
1
cjb-cjc 21
293
2
cjc-cjd 15
ejj-cjd 7
294
1
cjd-cje 21
295
2
cje-cjf 9
ejj-cjf 13
296
1
cjf-cjg 21
297
2
cjg-cjh 14
ejj-cjh 8
298
1
cjh-cji 21
299
2
ejj-cjj 10
cji-cjj 12
300
1
cjj-daa 21
301
1
daa-dab 21
302
1
dab-dac 21
303
2
ejj-dad 8
dac-dad 14
304
1
dad-dae 21
305
2
dae-daf 17
ejj-daf 5
306
1
daf-dag 21
307
2
dag-dah 11
ejj-dah 11
308
1
dah-dai 21
309
2
dai-daj 15
ejj-daj 7
310
1
daj-dba 21
311
2
ejj-dbb 11
dba-dbb 11
312
1
dbb-dbc 21
313
2
dbc-dbd 16
ejj-dbd 6
314
1
dbd-dbe 21
315
2
ejj-dbf 5
dbe-dbf 17
316
1
dbf-dbg 21
317
2
dbg-dbh 17
ejj-dbh 5
318
1
dbh-dbi 21
319
2
dbi-dbj 17
ejj-dbj 5
320
1
dbj-dca 21
321
2
dca-dcb 14
ejj-dcb 8
322
1
dcb-dcc 21
323
2
dcc-dcd 19
ejj-dcd 3
324
1
dcd-dce 21
325
2
dce-dcf 18
ejj-dcf 4
326
1
dcf-dcg 21
327
2
dcg-dch 12
ejj-dch 10
328
1
dch-dci 21
329
2
dci-dcj 14
ejj-dcj 8
330
1
dcj-dda 21
331
2
ejj-ddb 8
dda-ddb 14
332
1
ddb-ddc 21
333
2
ddc-ddd 19
ejj-ddd 3
334
1
ddd-dde 21
335
2
dde-ddf 13
ejj-ddf 9
336
1
ddf-ddg 21
337
1
ddg-ddh 21
338
1
ddh-ddi 21
339
2
ejj-ddj 8
ddi-ddj 14
340
1
ddj-dea 21
341
2
dea-deb 10
ejj-deb 12
342
1
deb-dec 21
343
2
dec-ded 10
ejj-ded 12
344
1
ded-dee 21
345
2
dee-def 16
ejj-def 6
346
1
def-deg 21
347
2
deg-deh 18
ejj-deh 4
348
1
deh-dei 21
349
2
dei-dej 17
ejj-dej 5
350
1
dej-dfa 21
351
1
dfa-dfb 21
352
1
dfb-dfc 21
353
1
dfc-dfd 21
354
1
dfd-dfe 21
355
2
dfe-dff 16
ejj-dff 6
356
1
dff-dfg 21
357
2
ejj-dfh 10
dfg-dfh 12
358
1
dfh-dfi 21
359
2
dfi-dfj 12
ejj-dfj 10
360
1
dfj-dga 21
361
2
ejj-dgb 7
dga-dgb 15
362
1
dgb-dgc 21
363
2
dgc-dgd 15
ejj-dgd 7
364
1
dgd-dge 21
365
2
ejj-dgf 7
dge-dgf 15
366
1
dgf-dgg 21
367
2
dgg-dgh 17
ejj-dgh 5
368
1
dgh-dgi 21
369
2
ejj-dgj 7
dgi-dgj 15
370
1
dgj-dha 21
371
2
dha-dhb 17
ejj-dhb 5
372
1
dhb-dhc 21
373
2
dhc-dhd 14
ejj-dhd 8
374
1
dhd-dhe 21
375
2
dhe-dhf 14
ejj-dhf 8
376
1
dhf-dhg 21
377
2
ejj-dhh 7
dhg-dhh 15
378
1
dhh-dhi 21
379
2
dhi-dhj 19
ejj-dhj 3
380
1
dhj-dia 21
381
2
dia-dib 18
ejj-dib 4
382
1
dib-dic 21
383
2
ejj-did 11
dic-did 11
384
1
did-die 21
385
2
ejj-dif 4
die-dif 18
386
1
dif-dig 21
387
2
ejj-dih 8
dig-dih 14
388
1
dih-dii 21
389
2
dii-dij 17
ejj-dij 5
390
1
dij-dja 21
391
2
dja-djb 14
ejj-djb 8
392
1
djb-djc 21
393
2
djc-djd 18
ejj-djd 4
394
1
djd-dje 21
395
1
dje-djf 21
396
1
djf-djg 21
397
2
djg-djh 11
ejj-djh 11
398
1
djh-dji 21
399
2
ejj-djj 6
dji-djj 16
400
1
djj-eaa 21
401
2
eaa-eab 18
ejj-eab 4
402
1
eab-eac 21
403
2
eac-ead 16
ejj-ead 6
404
1
ead-eae 21
405
2
eae-eaf 11
ejj-eaf 11
406
1
eaf-eag 21
407
2
eag-eah 17
ejj-eah 5
408
1
eah-eai 21
409
2
ejj-eaj 11
eai-eaj 11
410
1
eaj-eba 21
411
2
eba-ebb 18
ejj-ebb 4
412
1
ebb-ebc 21
413
2
ebc-ebd 17
ejj-ebd 5
414
1
ebd-ebe 21
415
2
ebe-ebf 17
ejj-ebf 5
416
1
ebf-ebg 21
417
2
ebg-ebh 14
ejj-ebh 8
418
1
ebh-ebi 21
419
2
ebi-ebj 16
ejj-ebj 6
420
1
ebj-eca 21
421
2
eca-ecb 16
ejj-ecb 6
422
1
ecb-ecc 21
423
2
ecc-ecd 15
ejj-ecd 7
424
1
ecd-ece 21
425
2
ece-ecf 15
ejj-ecf 7
426
1
ecf-ecg 21
427
2
ecg-ech 17
ejj-ech 5
428
1
ech-eci 21
429
2
eci-ecj 15
ejj-ecj 7
430
1
ecj-eda 21
431
2
eda-edb 9
ejj-edb 13
432
1
edb-edc 21
433
2
ejj-edd 7
edc-edd 15
434
1
edd-ede 21
435
2
ejj-edf 5
ede-edf 17
436
1
edf-edg 21
437
2
edg-edh 14
ejj-edh 8
438
1
edh-edi 21
439
2
ejj-edj 8
edi-edj 14
440
1
edj-eea 21
441
2
eea-eeb 11
ejj-eeb 11
442
1
eeb-eec 21
443
2
eec-eed 16
ejj-eed 6
444
1
eed-eee 21
445
2
eee-eef 15
ejj-eef 7
446
1
eef-eeg 21
447
2
ejj-eeh 10
eeg-eeh 12
448
1
eeh-eei 21
449
1
eei-eej 21
450
1
eej-efa 21
451
2
efa-efb 16
ejj-efb 6
452
1
efb-efc 21
453
2
ejj-efd 12
efc-efd 10
454
1
efd-efe 21
455
2
ejj-eff 10
efe-eff 12
456
1
eff-efg 21
457
2
ejj-efh 7
efg-efh 15
458
1
efh-efi 21
459
2
efi-efj 15
ejj-efj 7
460
1
efj-ega 21
461
2
ega-egb 17
ejj-egb 5
462
1
egb-egc 21
463
2
egc-egd 18
ejj-egd 4
464
1
egd-ege 21
465
2
ege-egf 11
ejj-egf 11
466
1
egf-egg 21
467
2
ejj-egh 17
egg-egh 5
468
1
egh-egi 21
469
2
egi-egj 18
ejj-egj 4
470
1
egj-eha 21
471
2
eha-ehb 12
ejj-ehb 10
472
1
ehb-ehc 21
473
2
ehc-ehd 17
ejj-ehd 5
474
1
ehd-ehe 21
475
2
ehe-ehf 15
ejj-ehf 7
476
1
ehf-ehg 21
477
2
ehg-ehh 17
ejj-ehh 5
478
1
ehh-ehi 21
479
2
ehi-ehj 12
ejj-ehj 10
480
1
ehj-eia 21
481
2
eia-eib 16
ejj-eib 6
482
1
eib-eic 21
483
2
eic-eid 16
ejj-eid 6
484
1
eid-eie 21
485
2
ejj-eif 5
eie-eif 17
486
1
eif-eig 21
487
1
eig-eih 21
488
1
eih-eii 21
489
2
eii-eij 10
ejj-eij 12
490
1
eij-eja 21
491
2
ejj-ejb 10
eja-ejb 12
492
1
ejb-ejc 21
493
2
ejc-ejd 12
ejj-ejd 10
494
1
ejd-eje 21
495
2
eje-ejf 15
ejj-ejf 7
496
1
ejf-ejg 21
497
2
ejg-ejh 16
ejj-ejh 6
498
1
ejh-eji 21
499
221
i-ejj 1
eja-ejj 1
be-ejj 1
hi-ejj 1
hg-ejj 1
eii-ejj 1
bha-ejj 1
dfc-ejj 1
ege-ejj 1
ecc-ejj 1
cic-ejj 1
chg-ejj 1
bdc-ejj 1
je-ejj 1
dda-ejj 1
eg-ejj 1
dge-ejj 1
cae-ejj 1
bei-ejj 1
cg-ejj 1
gi-ejj 1
dee-ejj 1
dg-ejj 1
cfa-ejj 1
bhg-ejj 1
egc-ejj 1
dea-ejj 1
dca-ejj 1
ca-ejj 1
cde-ejj 1
bhe-ejj 1
bda-ejj 1
bac-ejj 1
cci-ejj 1
bbc-ejj 1
bie-ejj 1
ic-ejj 1
ig-ejj 1
dae-ejj 1
ejc-ejj 1
caa-ejj 1
edi-ejj 1
fc-ejj 1
dcg-ejj 1
cea-ejj 1
bee-ejj 1
dag-ejj 1
djg-ejj 1
bi-ejj 1
ehi-ejj 1
bag-ejj 1
eda-ejj 1
big-ejj 1
cdi-ejj 1
baa-ejj 1
bea-ejj 1
dia-ejj 1
bbg-ejj 1
dhe-ejj 1
bgi-ejj 1
egg-ejj 1
ee-ejj 1
eci-ejj 1
cgg-ejj 1
dde-ejj 1
ehg-ejj 1
dhg-ejj 1
cfi-ejj 1
cjg-ejj 1
dha-ejj 1
eca-ejj 1
ece-ejj 1
ba-ejj 1
dhc-ejj 1
bia-ejj 1
ebg-ejj 1
cee-ejj 1
ie-ejj 1
eeg-ejj 1
he-ejj 1
cca-ejj 1
eji-ejj 1
efa-ejj 1
cie-ejj 1
eie-ejj 1
cia-ejj 1
cha-ejj 1
chc-ejj 1
bde-ejj 1
dja-ejj 1
ji-ejj 1
che-ejj 1
bec-ejj 1
ccg-ejj 1
eac-ejj 1
die-ejj 1
cje-ejj 1
efe-ejj 1
fi-ejj 1
eag-ejj 1
ga-ejj 1
ebe-ejj 1
dji-ejj 1
cc-ejj 1
bbe-ejj 1
dbg-ejj 1
bae-ejj 1
ec-ejj 1
efc-ejj 1
bgc-ejj 1
dei-ejj 1
bc-ejj 1
bjg-ejj 1
bge-ejj 1
cge-ejj 1
cdg-ejj 1
cda-ejj 1
cii-ejj 1
cbe-ejj 1
dba-ejj 1
dii-ejj 1
ede-ejj 1
eei-ejj 1
eia-ejj 1
daa-ejj 1
dfg-ejj 1
dga-ejj 1
bga-ejj 1
dfi-ejj 1
eig-ejj 1
eae-ejj 1
cji-ejj 1
dac-ejj 1
fe-ejj 1
dce-ejj 1
cac-ejj 1
cfg-ejj 1
ccc-ejj 1
ehe-ejj 1
ci-ejj 1
eaa-ejj 1
cgi-ejj 1
cig-ejj 1
bje-ejj 1
bgg-ejj 1
eic-ejj 1
cei-ejj 1
eje-ejj 1
fa-ejj 1
dje-ejj 1
bba-ejj 1
dic-ejj 1
eai-ejj 1
bcc-ejj 1
bdi-ejj 1
ja-ejj 1
efi-ejj 1
cbg-ejj 1
bhc-ejj 1
ha-ejj 1
bcg-ejj 1
cja-ejj 1
eha-ejj 1
egi-ejj 1
dcc-ejj 1
ddi-ejj 1
bii-ejj 1
jc-ejj 1
eea-ejj 1
gc-ejj 1
bhi-ejj 1
bfc-ejj 1
bjc-ejj 1
edg-ejj 1
dai-ejj 1
ddc-ejj 1
dc-ejj 1
bfa-ejj 1
bic-ejj 1
ge-ejj 1
eee-ejj 1
ddg-ejj 1
djc-ejj 1
e-ejj 1
cfc-ejj 1
de-ejj 1
bai-ejj 1
g-ejj 1
bfi-ejj 1
a-ejj 1
cjc-ejj 1
eba-ejj 1
ehc-ejj 1
dec-ejj 1
hc-ejj 1
ce-ejj 1
ceg-ejj 1
bfe-ejj 1
beg-ejj 1
jg-ejj 1
fg-ejj 1
bfg-ejj 1
di-ejj 1
ebc-ejj 1
dhi-ejj 1
edc-ejj 1
ejg-ejj 1
ecg-ejj 1
dig-ejj 1
gg-ejj 1
ebi-ejj 1
cbc-ejj 1
cgc-ejj 1
cdc-ejj 1
dci-ejj 1
bci-ejj 1
cec-ejj 1
bdg-ejj 1
ia-ejj 1
dgi-ejj 1
bja-ejj 1
