1662
0
1cd-a 10
1
2dab-b 9
ehb-b 1
2
2fcd-c 9
dgj-c 1
3
2ii-d 5
bcb-d 4
4
1hic-e 10
5
5jbb-f 1
bdjf-f 7
bc-f 1
jcc-f 1
ff-f 1
6
5gic-g 3
ehc-g 1
eie-g 2
iee-g 2
bedj-g 1
7
1bfa-h 10
8
2gie-i 2
geg-i 8
9
2fbj-j 9
heg-j 1
10
1dhf-ba 10
11
4bee-bb 4
bcef-bb 2
bgf-bb 1
cd-bb 1
12
4dgf-bc 5
daa-bc 2
hbf-bc 2
ccj-bc 1
13
2cch-bd 5
bejh-bd 5
14
4beai-be 7
bbbj-be 1
babg-be 1
fec-be 1
15
1hi-bf 10
16
6bdii-bg 6
fib-bg 1
baae-bg 1
jf-bg 1
iag-bg 1
gge-bg 1
17
2ihi-bh 9
bgeh-bh 1
18
2fic-bi 5
babg-bi 5
19
8bc-bj 2
dhf-bj 2
ch-bj 1
dg-bj 1
bdbf-bj 1
db-bj 2
cii-bj 2
hcj-bj 1
20
4gjh-ca 8
dfg-ca 1
bai-ca 1
cd-ca 1
21
3dcc-cb 2
did-cb 2
edb-cb 5
22
4jgi-cc 1
badc-cc 4
dgf-cc 4
ff-cc 1
23
3dbg-cd 5
ffb-cd 4
bhd-cd 1
24
3ef-ce 1
jgf-ce 2
jag-ce 6
25
2eac-cf 7
def-cf 2
26
6bd-cg 3
chb-cg 2
deb-cg 1
eh-cg 1
hhc-cg 1
deg-cg 1
27
6hch-ch 1
jgg-ch 4
bjd-ch 1
dji-ch 2
ddb-ch 1
cd-ch 1
28
3bffg-ci 6
hfh-ci 2
gbg-ci 1
29
3bfgd-cj 9
egd-cj 1
fbi-cj 1
30
6bdf-da 1
beib-da 2
eej-da 1
bcei-da 2
bhd-da 2
fai-da 2
31
3bbde-db 7
cbh-db 1
cd-db 1
32
3iej-dc 9
bbgj-dc 1
ifh-dc 1
33
1babg-dd 10
34
2bhe-de 5
eih-de 5
35
2bfgb-df 8
igi-df 2
36
5bebe-dg 2
bcii-dg 3
hah-dg 3
bcag-dg 1
bgfe-dg 1
37
2bagf-dh 7
hha-dh 2
38
1haf-di 10
39
2ef-dj 5
cbh-dj 5
40
5jjh-ea 3
jff-ea 2
eee-ea 2
cgg-ea 1
fda-ea 2
41
2bbfc-eb 6
cdi-eb 4
42
3cdc-ec 6
ege-ec 2
fi-ec 1
43
3bcia-ed 6
ech-ed 1
bfdc-ed 2
44
3cfb-ee 4
ejg-ee 2
bacc-ee 4
45
4ige-ef 4
beeh-ef 1
cih-ef 3
cij-ef 1
46
1ggg-eg 9
47
4bbfg-eh 4
bbei-eh 1
gdh-eh 5
bjb-eh 1
48
2jfj-ei 8
bcjf-ei 1
49
2baig-ej 9
cd-ej 1
50
3dhe-fa 7
jji-fa 1
bc-fa 1
51
3bdc-fb 5
dfa-fb 3
bcch-fb 2
52
2bfch-fc 7
fif-fc 3
53
2dhe-fd 5
dd-fd 5
54
1jic-fe 10
55
5bdcg-ff 1
gb-ff 6
dbd-ff 1
cje-ff 1
bed-ff 1
56
1bfaf-fg 10
57
7ccb-fh 1
bejb-fh 5
d-fh 1
jie-fh 1
jh-fh 1
jjd-fh 1
bdb-fh 1
58
3bfdg-fi 8
hee-fi 1
fg-fi 1
59
7dbg-fj 5
ifd-fj 2
hfh-fj 1
bea-fj 1
ff-fj 1
bcha-fj 1
ddg-fj 1
60
2fga-ga 7
bi-ga 2
61
2bbjc-gb 9
bbeb-gb 1
62
3gge-gc 5
bdfa-gc 3
eie-gc 2
63
5bfgc-gd 5
cfj-gd 2
dai-gd 1
daj-gd 2
icd-gd 1
64
1g-ge 10
65
1cgh-gf 10
66
2bfjf-gg 6
cdh-gg 4
67
1bddh-gh 10
68
3bcff-gi 9
cbe-gi 1
ch-gi 1
69
3baad-gj 2
gjj-gj 6
edh-gj 2
70
3db-ha 8
bda-ha 1
ecc-ha 1
71
2iaa-hb 3
efh-hb 7
72
2dbf-hc 3
ejc-hc 7
73
074
5gij-he 1
bcjc-he 5
hc-he 1
bgi-he 2
bebb-he 1
75
4hie-hf 5
bdbc-hf 3
da-hf 1
dah-hf 1
76
3bja-hg 6
cgj-hg 2
gbd-hg 2
77
6bjb-hh 2
beic-hh 1
cae-hh 1
bdh-hh 1
gcj-hh 4
jae-hh 1
78
2baec-hi 5
iba-hi 5
79
2jfc-hj 9
gfg-hj 1
80
2bdjd-ia 3
bfeh-ia 7
81
4ghd-ib 4
dea-ib 1
gia-ib 3
dad-ib 1
82
2bedh-ic 9
fdf-ic 1
83
2eab-id 9
gbg-id 1
84
4eeh-ie 2
haj-ie 2
dej-ie 2
fbb-ie 2
85
2bcge-if 7
bfce-if 3
86
1baif-ig 10
87
3cgh-ih 7
bcfj-ih 2
bba-ih 1
88
3chf-ii 6
bacj-ii 2
dgc-ii 1
89
4bcd-ij 5
dbi-ij 1
ife-ij 3
fbc-ij 1
90
1hij-ja 10
91
2bc-jb 5
bhe-jb 5
92
2babi-jc 5
bbjg-jc 4
93
2cae-jd 5
fhj-jd 5
94
5bfc-je 4
bfgb-je 1
fcf-je 1
gdf-je 2
bi-je 2
95
3iae-jf 3
dfc-jf 1
gbd-jf 6
96
1daf-jg 10
97
2bbfg-jh 9
hib-jh 1
98
4idd-ji 1
bccj-ji 2
bdjh-ji 6
beaa-ji 1
99
3fgf-jj 3
bcee-jj 5
dej-jj 2
100
3efg-baa 4
dig-baa 5
fhg-baa 1
101
4eic-bab 3
ede-bab 2
chf-bab 4
jhg-bab 1
102
3gja-bac 4
bfe-bac 6
hj-bac 1
103
3jid-bad 6
bha-bad 3
bfi-bad 1
104
3bdga-bae 8
ceg-bae 1
dgj-bae 1
105
3bdbh-baf 7
bcb-baf 1
cj-baf 1
106
6baab-bag 1
bfce-bag 4
ede-bag 1
bbfi-bag 1
dad-bag 1
fic-bag 1
107
4gjh-bah 6
deg-bah 1
ifd-bah 1
hbf-bah 1
108
2cfj-bai 6
bda-bai 4
109
6chf-baj 2
cjg-baj 1
eg-baj 3
ddb-baj 1
bda-baj 2
db-baj 1
110
5je-bba 1
gdc-bba 4
fbe-bba 3
dic-bba 1
hi-bba 1
111
4d-bbb 4
fdh-bbb 4
edb-bbb 1
bdh-bbb 1
112
2chf-bbc 9
jje-bbc 1
113
2bja-bbd 5
gca-bbd 5
114
3ehd-bbe 7
cb-bbe 2
cie-bbe 2
115
2bei-bbf 6
bage-bbf 3
116
5iff-bbg 4
bbbj-bbg 1
gdc-bbg 3
eba-bbg 1
eg-bbg 1
117
1bacc-bbh 9
118
2beeh-bbi 9
gfd-bbi 1
119
1fag-bbj 9
120
6gae-bca 2
cc-bca 1
eae-bca 3
gaf-bca 1
cji-bca 3
bae-bca 1
121
3fba-bcb 6
bbgc-bcb 2
bbdg-bcb 2
122
2bbff-bcc 8
bbab-bcc 2
123
3eed-bcd 6
ddj-bcd 1
jec-bcd 2
124
5gef-bce 3
gc-bce 1
bagd-bce 1
bi-bce 2
edi-bce 2
125
4ddj-bcf 2
deg-bcf 2
cea-bcf 4
gih-bcf 2
126
6hcj-bcg 1
dgg-bcg 1
dbg-bcg 2
bhj-bcg 1
g-bcg 2
cah-bcg 1
127
4ecb-bch 1
gad-bch 4
fbh-bch 3
bgbf-bch 1
128
3bbhe-bci 7
bagb-bci 2
bcbc-bci 1
129
2iff-bcj 8
bah-bcj 1
130
4dhg-bda 1
ffa-bda 7
dfj-bda 1
eh-bda 1
131
5efd-bdb 6
bhb-bdb 1
jbg-bdb 1
deh-bdb 2
djh-bdb 1
132
5fee-bdc 4
fdc-bdc 1
jbg-bdc 1
bbjh-bdc 1
bfea-bdc 2
133
2bcgc-bdd 6
bece-bdd 3
134
6bdh-bde 1
hhi-bde 1
iah-bde 3
bba-bde 1
gge-bde 3
beec-bde 1
135
4hcg-bdf 5
bbab-bdf 2
gea-bdf 2
gbf-bdf 1
136
4jdg-bdg 1
bahh-bdg 5
bbij-bdg 3
cha-bdg 1
137
4jjg-bdh 5
edg-bdh 2
feh-bdh 2
ce-bdh 1
138
2iic-bdi 8
gci-bdi 2
139
2geh-bdj 5
jfe-bdj 4
140
3dgc-bea 8
fif-bea 1
dgb-bea 1
141
4djg-beb 1
hia-beb 8
edh-beb 1
dci-beb 1
142
5hea-bec 3
hj-bec 2
ii-bec 1
bdei-bec 3
eei-bec 1
143
4cd-bed 7
ica-bed 1
begd-bed 1
feh-bed 1
144
1bgbe-bee 10
145
4dai-bef 4
bjd-bef 1
fgj-bef 4
jei-bef 1
146
5fei-beg 3
hgd-beg 1
bja-beg 1
bef-beg 4
ea-beg 1
147
4ieh-beh 6
hi-beh 1
jbj-beh 1
bab-beh 1
148
3jca-bei 5
bcgi-bei 2
fge-bei 2
149
3fif-bej 6
bec-bej 2
dbi-bej 1
150
5egg-bfa 1
cjd-bfa 6
cdf-bfa 1
ddd-bfa 1
ifi-bfa 1
151
2bdji-bfb 9
fda-bfb 1
152
3dcb-bfc 7
gbi-bfc 1
bafi-bfc 1
153
3haa-bfd 4
cie-bfd 3
jgi-bfd 3
154
4dch-bfe 4
gbc-bfe 1
cgh-bfe 1
baea-bfe 3
155
3eec-bff 4
bcie-bff 2
gfe-bff 4
156
4bgac-bfg 7
hj-bfg 1
hhe-bfg 1
efi-bfg 1
157
4eaa-bfh 5
bae-bfh 2
gcj-bfh 2
baf-bfh 2
158
2bgci-bfi 6
gaa-bfi 3
159
5gce-bfj 1
bii-bfj 3
gif-bfj 2
jjj-bfj 4
ded-bfj 1
160
2hbd-bga 8
efe-bga 2
161
3cgc-bgb 1
hea-bgb 8
bedd-bgb 1
162
6bdeh-bgc 4
cgd-bgc 3
fd-bgc 1
ffi-bgc 1
ehc-bgc 1
cff-bgc 1
163
3edg-bgd 6
bgdh-bgd 2
gd-bgd 1
164
3hci-bge 4
jif-bge 4
d-bge 1
165
4iaa-bgf 8
bd-bgf 1
bie-bgf 1
baih-bgf 1
166
4heh-bgg 2
ehg-bgg 3
bcaa-bgg 3
bdde-bgg 1
167
5cgg-bgh 1
cej-bgh 1
bfgh-bgh 3
dbg-bgh 5
be-bgh 1
168
4daj-bgi 5
cbi-bgi 3
bhh-bgi 1
eij-bgi 1
169
5jai-bgj 2
hch-bgj 3
hbh-bgj 1
djh-bgj 1
bffe-bgj 2
170
2gi-bha 8
bi-bha 1
171
5hhd-bhb 6
cda-bhb 1
fcb-bhb 1
bfbi-bhb 1
ih-bhb 1
172
3bagf-bhc 2
bbfd-bhc 7
bfe-bhc 1
173
4hj-bhd 3
gii-bhd 2
eed-bhd 4
bcb-bhd 1
174
2daa-bhe 9
cfe-bhe 1
175
5bci-bhf 6
ech-bhf 2
jga-bhf 1
dgi-bhf 1
ca-bhf 1
176
4cdi-bhg 7
iga-bhg 1
baf-bhg 1
babb-bhg 1
177
3efe-bhh 6
bai-bhh 2
cch-bhh 2
178
3gbb-bhi 1
ibh-bhi 3
eaj-bhi 5
179
3bafb-bhj 7
ghd-bhj 1
fha-bhj 1
180
4dac-bia 1
hi-bia 3
cch-bia 5
bjg-bia 1
181
1eae-bib 10
182
3baa-bic 5
eee-bic 3
hdc-bic 2
183
4bef-bid 3
beh-bid 3
bajd-bid 2
dec-bid 2
184
4hdd-bie 3
bcai-bie 1
eig-bie 1
bde-bie 2
185
2babf-bif 3
bgcg-bif 7
186
2deg-big 7
bdde-big 3
187
2bcff-bih 8
dcf-bih 2
188
5bga-bii 2
bcej-bii 5
caj-bii 1
ejd-bii 2
dfa-bii 1
189
2cha-bij 5
cia-bij 4
190
2dca-bja 9
ded-bja 1
191
4bcdb-bjb 3
bbee-bjb 5
db-bjb 1
fed-bjb 1
192
2ibe-bjc 2
baad-bjc 6
193
2hdg-bjd 8
ghb-bjd 2
194
2ecd-bje 9
cga-bje 1
195
3hic-bjf 1
baff-bjf 8
ecg-bjf 1
196
3df-bjg 3
cec-bjg 2
dih-bjg 5
197
5cd-bjh 5
bcb-bjh 2
jeb-bjh 1
gfd-bjh 1
djg-bjh 1
198
1beeb-bji 10
199
3baad-bjj 8
gci-bjj 1
jhe-bjj 1
200
5ecb-caa 3
djj-caa 3
hfg-caa 1
bafd-caa 2
jgd-caa 1
201
4cjd-cab 2
bdg-cab 6
jbg-cab 1
bef-cab 1
202
4fid-cac 4
dbf-cac 4
djc-cac 1
bbdh-cac 1
203
3ege-cad 4
icg-cad 4
edd-cad 2
204
5jcd-cae 1
bcb-cae 3
bccg-cae 2
hhb-cae 2
chb-cae 1
205
1bafb-caf 10
206
3cie-cag 7
fbi-cag 1
ebb-cag 1
207
5cce-cah 1
bebe-cah 5
ih-cah 1
bahc-cah 1
fac-cah 1
208
1jda-cai 10
209
4eji-caj 4
ghh-caj 4
eba-caj 1
jh-caj 1
210
2bbjf-cba 6
bgdd-cba 4
211
5ihc-cbb 3
cge-cbb 4
ca-cbb 1
da-cbb 1
be-cbb 1
212
2efg-cbc 7
bcdg-cbc 3
213
2jfc-cbd 9
bcdc-cbd 1
214
1bbcc-cbe 10
215
2cdj-cbf 3
bff-cbf 7
216
2becj-cbg 5
bbfi-cbg 4
217
3bhi-cbh 7
jhi-cbh 2
ej-cbh 1
218
1ede-cbi 10
219
4hi-cbj 1
gjj-cbj 6
dcf-cbj 1
db-cbj 1
220
5ihg-cca 1
bbdb-cca 4
bbi-cca 1
ehi-cca 1
eea-cca 3
221
6ddd-ccb 2
jeh-ccb 2
bjj-ccb 1
eig-ccb 1
d-ccb 1
ejj-ccb 1
222
3jfh-ccc 6
eag-ccc 3
bcda-ccc 1
223
4feh-ccd 1
bajb-ccd 6
cjf-ccd 1
ecd-ccd 1
224
4hdf-cce 1
bceh-cce 7
bdc-cce 1
daf-cce 1
225
3ihi-ccf 8
dca-ccf 1
ga-ccf 1
226
5hjh-ccg 1
hde-ccg 1
ide-ccg 1
bahi-ccg 4
bih-ccg 1
227
2baaf-cch 3
egd-cch 7
228
2bgbg-cci 5
bbfd-cci 5
229
4hji-ccj 6
eeb-ccj 2
gdf-ccj 1
cch-ccj 1
230
3ejd-cda 5
dd-cda 3
jae-cda 2
231
2ejg-cdb 9
jaa-cdb 1
232
4ddj-cdc 5
ccj-cdc 1
fad-cdc 3
hjg-cdc 1
233
2bebi-cdd 8
db-cdd 2
234
4bdia-cde 2
hhb-cde 3
gge-cde 3
bi-cde 1
235
1fjc-cdf 9
236
1dff-cdg 9
237
1bbja-cdh 10
238
2beha-cdi 7
j-cdi 2
239
2hgg-cdj 1
ega-cdj 8
240
2jaj-cea 6
che-cea 4
241
1bdea-ceb 9
242
4bajb-cec 6
bad-cec 2
bbc-cec 1
bdg-cec 1
243
2bbgc-ced 8
cah-ced 1
244
3ic-cee 7
eej-cee 3
jhc-cee 1
245
3bha-cef 4
bfi-cef 4
dab-cef 2
246
3iag-ceg 3
cah-ceg 4
gdg-ceg 3
247
4gdd-ceh 3
eeg-ceh 3
cic-ceh 2
bje-ceh 2
248
5fhi-cei 4
dgf-cei 2
bfb-cei 1
ehj-cei 1
ddf-cei 1
249
4bbeg-cej 2
bh-cej 4
bbee-cej 2
dif-cej 1
250
3gei-cfa 4
bdhb-cfa 5
ice-cfa 1
251
6fgg-cfb 1
g-cfb 2
fhe-cfb 3
baga-cfb 1
gje-cfb 1
cea-cfb 1
252
3gef-cfc 6
ieg-cfc 2
eca-cfc 1
253
5bchd-cfd 6
cje-cfd 2
bcdh-cfd 1
geb-cfd 1
ccg-cfd 1
254
2ijc-cfe 9
jf-cfe 1
255
3hda-cff 1
bafc-cff 3
ejg-cff 6
256
4bbdg-cfg 4
ej-cfg 2
bfdb-cfg 3
gic-cfg 1
257
1cie-cfh 9
258
5chd-cfi 1
dhi-cfi 6
badf-cfi 1
bcfi-cfi 2
eec-cfi 1
259
2cfi-cfj 7
beb-cfj 1
260
3bcjf-cga 7
bhb-cga 1
chf-cga 1
261
3gdf-cgb 2
da-cgb 5
deb-cgb 3
262
5fji-cgc 1
ee-cgc 1
ica-cgc 4
hfc-cgc 3
hdb-cgc 1
263
4dcf-cgd 6
bafi-cgd 1
bafd-cgd 2
dcj-cgd 1
264
5bba-cge 3
bfc-cge 5
cci-cge 1
fh-cge 1
hai-cge 1
265
3bgbh-cgf 5
fcc-cgf 4
ibe-cgf 1
266
5fhc-cgg 6
dib-cgg 1
bdh-cgg 1
bii-cgg 1
bgae-cgg 1
267
1bdhc-cgh 9
268
2baaa-cgi 9
fdh-cgi 1
269
4dgg-cgj 1
eag-cgj 4
ifi-cgj 5
fei-cgj 1
270
5dcb-cha 2
egj-cha 2
ged-cha 3
dhj-cha 1
gfh-cha 2
271
3bcbi-chb 7
fff-chb 2
eci-chb 1
272
4jhd-chc 7
bbfj-chc 2
jfb-chc 1
hba-chc 1
273
4cjc-chd 1
bfbg-chd 8
dfj-chd 1
ebh-chd 1
274
1befj-che 10
275
2eca-chf 9
fch-chf 1
276
3iab-chg 5
edh-chg 3
hja-chg 2
277
2ca-chh 5
cid-chh 5
278
2bbea-chi 2
bbc-chi 7
279
6hhi-chj 5
bgh-chj 1
dia-chj 1
fjd-chj 1
fg-chj 2
jg-chj 1
280
4jj-cia 2
cce-cia 1
jej-cia 3
eie-cia 4
281
3bdhb-cib 1
eha-cib 5
bdhh-cib 3
282
3dhi-cic 8
igc-cic 1
bbi-cic 1
283
6cjb-cid 5
cab-cid 1
fcf-cid 1
hgg-cid 1
ebi-cid 1
dfd-cid 1
284
2jfi-cie 7
gg-cie 3
285
1bcja-cif 9
286
5hbj-cig 6
bbac-cig 2
eef-cig 1
dge-cig 1
hdd-cig 1
287
1icg-cih 10
288
3baha-cii 6
ggd-cii 1
gbi-cii 1
289
3ch-cij 3
dgf-cij 6
bgi-cij 1
290
5bcaa-cja 3
ead-cja 1
hcj-cja 3
ehg-cja 2
ija-cja 1
291
3beba-cjb 8
bagh-cjb 1
jbi-cjb 1
292
3bada-cjc 1
bfgi-cjc 8
bcih-cjc 1
293
2bdaa-cjd 9
eje-cjd 1
294
3cea-cje 6
bbi-cje 3
fje-cje 1
295
2dba-cjf 6
cgb-cjf 4
296
1cgb-cjg 10
297
4hhf-cjh 2
da-cjh 2
jfd-cjh 4
he-cjh 1
298
3bdce-cji 7
hbd-cji 1
id-cji 1
299
2jah-cjj 7
bfeb-cjj 2
300
3bfde-daa 6
bbhc-daa 2
jjb-daa 2
301
2hi-dab 9
bef-dab 1
302
5iid-dac 3
dce-dac 3
fgc-dac 1
bgi-dac 2
de-dac 1
303
4gfd-dad 6
gcb-dad 1
gfe-dad 2
dab-dad 1
304
2fce-dae 1
bcib-dae 8
305
3badi-daf 5
bdcb-daf 3
fbb-daf 1
306
3hcd-dag 7
eb-dag 1
jg-dag 1
307
3ihj-dah 1
ehc-dah 4
ggg-dah 4
308
3bafa-dai 3
bchi-dai 5
ejb-dai 1
309
4fhj-daj 2
geh-daj 6
dhe-daj 1
dce-daj 1
310
3hhj-dba 8
gdh-dba 1
bff-dba 1
311
1eaa-dbb 10
312
2hca-dbc 7
dah-dbc 3
313
3gcb-dbd 7
bdjf-dbd 2
bfg-dbd 1
314
3dfh-dbe 1
bcaf-dbe 9
dac-dbe 1
315
1gib-dbf 9
316
2iag-dbg 9
dab-dbg 1
317
2fha-dbh 8
caa-dbh 1
318
5bcaa-dbi 3
edd-dbi 5
ch-dbi 1
fah-dbi 1
eia-dbi 1
319
4dhd-dbj 4
gjf-dbj 2
dad-dbj 2
bb-dbj 1
320
3jbi-dca 6
bda-dca 1
bdii-dca 2
321
4eda-dcb 4
fi-dcb 1
gad-dcb 4
gbj-dcb 1
322
4jah-dcc 4
di-dcc 3
heg-dcc 1
chf-dcc 2
323
3cg-dcd 4
gda-dcd 2
cfg-dcd 3
324
1jef-dce 10
325
4bbja-dcf 6
fea-dcf 1
cgb-dcf 2
bhe-dcf 1
326
2dca-dcg 9
cd-dcg 1
327
2bdgc-dch 1
jai-dch 9
328
4bcef-dci 5
ehi-dci 2
ddg-dci 1
dae-dci 1
329
2jcg-dcj 8
begb-dcj 2
330
4bjj-dda 5
dai-dda 3
fjj-dda 1
cea-dda 1
331
6bdge-ddb 3
ddd-ddb 2
eig-ddb 1
bcea-ddb 2
bbdj-ddb 2
cjb-ddb 1
332
4dac-ddc 1
beg-ddc 1
bfjb-ddc 6
bja-ddc 2
333
2beef-ddd 8
bci-ddd 1
334
3d-dde 3
ejf-dde 1
ghh-dde 5
335
4fcf-ddf 4
id-ddf 1
eij-ddf 2
eb-ddf 2
336
3eid-ddg 8
cgc-ddg 1
cdi-ddg 1
337
3baa-ddh 8
ech-ddh 1
ef-ddh 1
338
6fib-ddi 1
jja-ddi 1
ef-ddi 3
ehd-ddi 4
bjc-ddi 1
cfa-ddi 1
339
3ecg-ddj 6
haa-ddj 3
ihj-ddj 1
340
4ief-dea 2
edh-dea 2
ejd-dea 5
bgi-dea 1
341
3cbi-deb 8
fei-deb 1
hfg-deb 1
342
3bfg-dec 7
fdc-dec 1
bcgh-dec 2
343
3ihf-ded 5
gij-ded 4
ddc-ded 1
344
3cia-dee 3
fji-dee 6
dej-dee 1
345
2jfi-def 8
bajh-def 1
346
4eec-deg 2
hia-deg 2
fhd-deg 5
cfb-deg 1
347
4ifa-deh 2
iji-deh 3
dj-deh 4
gcf-deh 1
348
1fif-dei 10
349
1bcah-dej 9
350
5fie-dfa 3
eai-dfa 1
ege-dfa 2
hab-dfa 2
bfb-dfa 1
351
2e-dfb 9
ehb-dfb 1
352
5fgj-dfc 4
ca-dfc 2
fgg-dfc 2
eb-dfc 2
ddc-dfc 1
353
3idj-dfd 7
da-dfd 1
bfcc-dfd 1
354
3baac-dfe 7
ii-dfe 2
ejd-dfe 1
355
3gie-dff 2
hii-dff 7
heg-dff 1
356
1eib-dfg 10
357
4bbcb-dfh 2
fee-dfh 2
beci-dfh 2
fhb-dfh 3
358
2hgh-dfi 9
egd-dfi 1
359
2bbah-dfj 9
eb-dfj 1
360
2bcdg-dga 7
fff-dga 2
361
1bcae-dgb 10
362
3jic-dgc 5
fib-dgc 4
bc-dgc 1
363
5badi-dgd 2
bfa-dgd 1
ifb-dgd 1
bajj-dgd 2
bbjf-dgd 4
364
5ef-dge 1
dc-dge 1
bccf-dge 5
beaa-dge 2
hcj-dge 1
365
3bbba-dgf 9
jfj-dgf 1
bffd-dgf 1
366
2bced-dgg 5
bg-dgg 5
367
1idi-dgh 10
368
3deb-dgi 6
cgg-dgi 1
ibf-dgi 3
369
4bea-dgj 3
ghb-dgj 1
gg-dgj 5
bcab-dgj 2
370
3jhi-dha 2
ecg-dha 2
dji-dha 5
371
3ebh-dhb 4
bajb-dhb 4
d-dhb 2
372
4dbg-dhc 8
bdab-dhc 1
bbce-dhc 1
jii-dhc 1
373
5baeg-dhd 3
hfh-dhd 1
dgh-dhd 3
ije-dhd 2
cdi-dhd 1
374
5bbhi-dhe 4
dca-dhe 1
bbii-dhe 3
ieg-dhe 1
bbhb-dhe 1
375
3baga-dhf 6
ebj-dhf 2
cjd-dhf 1
376
3ida-dhg 1
bfe-dhg 7
beab-dhg 2
377
5bdac-dhh 4
dgf-dhh 2
gbg-dhh 1
bbb-dhh 1
bbh-dhh 1
378
5ihg-dhi 7
fhf-dhi 1
ebh-dhi 1
bcab-dhi 1
bbbb-dhi 1
379
4begh-dhj 1
idf-dhj 3
ddj-dhj 5
fce-dhj 1
380
1ecg-dia 10
381
3dhj-dib 6
bgg-dib 2
cfd-dib 2
382
5edj-dic 5
fh-dic 1
ebi-dic 1
jff-dic 1
hhd-dic 1
383
6bab-did 3
bgj-did 2
hid-did 2
eii-did 1
ccj-did 1
dhg-did 2
384
2baag-die 7
fac-die 2
385
1bbdh-dif 10
386
3edj-dig 2
fcd-dig 7
hih-dig 1
387
2bbjg-dih 2
fdg-dih 8
388
2bage-dii 7
bdeg-dii 3
389
2ici-dij 9
hhe-dij 1
390
2bhe-dja 5
bdhi-dja 5
391
2jjj-djb 9
eee-djb 1
392
3jaj-djc 7
ddi-djc 2
dba-djc 1
393
5cie-djd 2
ifd-djd 4
bejh-djd 3
jif-djd 1
jdd-djd 1
394
2beaj-dje 9
bbj-dje 1
395
1eha-djf 10
396
5cji-djg 1
efi-djg 2
hca-djg 4
baa-djg 1
bceg-djg 2
397
4bdef-djh 3
cjc-djh 4
ebi-djh 1
beca-djh 1
398
4hhj-dji 5
cha-dji 2
cic-dji 1
bahj-dji 1
399
3jib-djj 4
bbc-djj 3
dec-djj 2
400
2bee-eaa 9
hjj-eaa 1
401
3chi-eab 1
bdha-eab 1
bbga-eab 8
402
2cej-eac 7
bagg-eac 2
403
4dce-ead 2
caf-ead 7
dj-ead 1
chj-ead 1
404
1icb-eae 9
405
4fgj-eaf 5
ghj-eaf 1
jc-eaf 2
fde-eaf 2
406
4hea-eag 2
gff-eag 6
hgb-eag 1
ca-eag 1
407
2bbcf-eah 9
eca-eah 1
408
1bbec-eai 9
409
3beec-eaj 8
eae-eaj 1
jfa-eaj 1
410
1bif-eba 9
411
5fff-ebb 1
ggb-ebb 1
ffd-ebb 3
iij-ebb 4
beb-ebb 1
412
3baej-ebc 6
bjg-ebc 2
ecb-ebc 2
413
4bdae-ebd 4
badb-ebd 3
dgi-ebd 1
bcce-ebd 1
414
3df-ebe 5
bfhc-ebe 3
ebb-ebe 2
415
3bge-ebf 2
fhf-ebf 3
ijf-ebf 5
416
3dcf-ebg 3
fga-ebg 5
ghg-ebg 2
417
1icg-ebh 10
418
1hfe-ebi 9
419
3djj-ebj 2
jgc-ebj 6
ehi-ebj 2
420
2jga-eca 9
eh-eca 1
421
1bchc-ecb 10
422
2bdch-ecc 8
edi-ecc 1
423
1jfj-ecd 10
424
4eaa-ece 7
ecd-ece 1
ici-ece 2
eeh-ece 1
425
3dgb-ecf 1
beh-ecf 7
cib-ecf 1
426
1bcca-ecg 10
427
2hcd-ech 9
jjc-ech 1
428
2hcg-eci 7
jac-eci 3
429
3fbc-ecj 2
ihi-ecj 6
gbj-ecj 1
430
4dhf-eda 5
bdcg-eda 1
bbdb-eda 2
dgb-eda 1
431
5jj-edb 2
gdd-edb 4
fb-edb 1
gec-edb 1
iia-edb 1
432
4baa-edc 5
ihi-edc 3
dci-edc 1
bhb-edc 1
433
3cbe-edd 7
bdh-edd 2
dfa-edd 1
434
3jh-ede 8
ffi-ede 1
jbb-ede 1
435
4hba-edf 4
bdfe-edf 4
bdag-edf 1
dic-edf 1
436
4cde-edg 4
ie-edg 1
jgh-edg 3
ggd-edg 2
437
4bbgb-edh 7
hcd-edh 2
beb-edh 1
dah-edh 1
438
7gie-edi 2
egf-edi 2
bjd-edi 1
baib-edi 1
eja-edi 2
gah-edi 1
bda-edi 1
439
2egf-edj 9
egj-edj 1
440
4gcc-eea 4
djh-eea 1
bgj-eea 4
igj-eea 1
441
4bab-eeb 1
hgh-eeb 4
dec-eeb 2
hei-eeb 3
442
3dge-eec 4
bha-eec 1
hci-eec 5
443
2iaa-eed 9
fcg-eed 1
444
3idg-eee 6
fgi-eee 3
chb-eee 1
445
2bdg-eef 8
bdcd-eef 1
446
6dji-eeg 2
cfe-eeg 1
bfc-eeg 4
chg-eeg 1
badg-eeg 1
dcc-eeg 1
447
2gbb-eeh 7
fbd-eeh 3
448
1beed-eei 9
449
3bcih-eej 7
bcag-eej 2
bbif-eej 2
450
3bccg-efa 2
jia-efa 4
hch-efa 4
451
3ehc-efb 7
bbgj-efb 1
eib-efb 1
452
3ehd-efc 6
fdg-efc 2
bhh-efc 2
453
1fei-efd 10
454
1bcdb-efe 10
455
3jge-eff 1
bjf-eff 8
hgf-eff 1
456
2iib-efg 5
bcad-efg 5
457
3iic-efh 4
igc-efh 2
ded-efh 3
458
3eec-efi 6
eed-efi 3
icc-efi 1
459
5bbca-efj 3
bbfa-efj 3
fhc-efj 1
gde-efj 1
efe-efj 1
460
3bja-ega 7
bac-ega 1
jca-ega 1
461
2bcdf-egb 7
hic-egb 2
462
2ccj-egc 2
ddc-egc 8
463
2cfa-egd 9
bdhg-egd 1
464
5dib-ege 1
ifi-ege 4
ecb-ege 2
dbb-ege 1
fdb-ege 2
465
3ifd-egf 5
eae-egf 3
fge-egf 2
466
4idd-egg 4
jia-egg 1
die-egg 1
eaj-egg 3
467
2iid-egh 9
cii-egh 1
468
4ghc-egi 1
hef-egi 5
cdi-egi 2
efa-egi 2
469
4jdg-egj 5
dbi-egj 1
baih-egj 2
jj-egj 1
470
1cgh-eha 10
471
1hib-ehb 9
472
2iad-ehc 8
cdh-ehc 2
473
2hcb-ehd 9
bffb-ehd 1
474
3ibh-ehe 7
bebj-ehe 1
hje-ehe 1
475
5cac-ehf 2
fag-ehf 3
caa-ehf 1
jgj-ehf 3
hgh-ehf 1
476
3edf-ehg 5
hda-ehg 3
bdgh-ehg 2
477
3ecf-ehh 8
dad-ehh 1
gcc-ehh 1
478
2bbeg-ehi 1
jfd-ehi 9
479
3hbj-ehj 1
bcgj-ehj 5
eci-ehj 3
480
5efb-eia 1
ddb-eia 3
bfa-eia 3
cjj-eia 1
efc-eia 2
481
2iih-eib 7
bbbe-eib 3
482
2bdfb-eic 6
bfef-eic 4
483
4bdg-eid 3
bddi-eid 1
bfhj-eid 4
hc-eid 1
484
4gbb-eie 5
ffj-eie 4
gcf-eie 1
baf-eie 1
485
4fdf-eif 6
hac-eif 1
daa-eif 2
djj-eif 1
486
4bfeh-eig 5
fdf-eig 2
edi-eig 3
ede-eig 1
487
5jc-eih 1
daa-eih 2
efh-eih 2
cag-eih 2
ifi-eih 4
488
3bfdi-eii 8
cfd-eii 1
bgb-eii 1
489
4ief-eij 1
dcc-eij 2
jae-eij 5
dfg-eij 1
490
3babi-eja 8
iaj-eja 1
hej-eja 1
491
2ibd-ejb 8
bhc-ejb 1
492
4daj-ejc 1
ggd-ejc 2
bcbe-ejc 5
hgb-ejc 1
493
1ige-ejd 10
494
6ebj-eje 2
iei-eje 3
gic-eje 1
ege-eje 1
cif-eje 1
bfj-eje 2
495
2bfja-ejf 8
bgb-ejf 1
496
2feg-ejg 7
chd-ejg 2
497
4egb-ejh 4
idi-ejh 2
bbi-ejh 2
iaa-ejh 2
498
5hfb-eji 3
cdd-eji 2
cgh-eji 1
d-eji 3
dih-eji 1
499
2chf-ejj 9
hif-ejj 1
500
4bbba-faa 6
deg-faa 1
ice-faa 2
dhg-faa 1
501
2dbf-fab 7
dda-fab 3
502
3hbc-fac 3
bbii-fac 6
hdh-fac 1
503
4fgd-fad 1
iej-fad 1
bdjg-fad 1
baei-fad 6
504
2bdia-fae 4
baba-fae 5
505
3hid-faf 4
bcja-faf 5
ice-faf 1
506
1dbf-fag 9
507
1jbj-fah 10
508
2fdh-fai 7
badj-fai 2
509
4bhe-faj 5
ggb-faj 4
ga-faj 1
iii-faj 1
510
1bbdb-fba 9
511
3jgi-fbb 8
jih-fbb 1
fid-fbb 1
512
4ejh-fbc 2
eeg-fbc 3
fej-fbc 2
baag-fbc 3
513
4bih-fbd 2
jhc-fbd 4
hej-fbd 3
eai-fbd 1
514
2bajc-fbe 1
bceh-fbe 9
515
1jbh-fbf 10
516
2dff-fbg 3
edb-fbg 7
517
5bcjg-fbh 2
bc-fbh 2
fdh-fbh 4
fgb-fbh 1
hca-fbh 1
518
3bjb-fbi 5
ebf-fbi 3
cfg-fbi 1
519
1hdc-fbj 9
520
4bccg-fca 4
gaj-fca 4
dce-fca 1
jib-fca 1
521
2bcdf-fcb 8
hbb-fcb 1
522
3bfca-fcc 8
gbd-fcc 1
gic-fcc 1
523
1cba-fcd 9
524
2gia-fce 2
baec-fce 8
525
3baib-fcf 2
ehe-fcf 6
ebi-fcf 1
526
1gcc-fcg 9
527
5ecb-fch 3
eae-fch 3
fcf-fch 1
bcee-fch 2
beaj-fch 1
528
4dfh-fci 3
bbea-fci 2
iba-fci 3
dei-fci 1
529
5heb-fcj 1
hge-fcj 5
ffb-fcj 2
ghc-fcj 1
egd-fcj 2
530
4bbbd-fda 3
cfd-fda 2
bhi-fda 2
edf-fda 2
531
2eha-fdb 9
def-fdb 1
532
5bahi-fdc 6
cif-fdc 2
dad-fdc 1
dhh-fdc 1
bbjb-fdc 1
533
4baei-fdd 4
hid-fdd 1
edd-fdd 3
bfha-fdd 1
534
3jj-fde 6
fih-fde 2
egb-fde 2
535
4fdg-fdf 1
cgg-fdf 1
ibe-fdf 7
gdc-fdf 1
536
4gje-fdg 1
bach-fdg 6
gbh-fdg 1
bdhg-fdg 2
537
4deb-fdh 6
cjd-fdh 1
ffa-fdh 1
cdc-fdh 1
538
1jii-fdi 10
539
2bdfh-fdj 9
hbh-fdj 1
540
3bbia-fea 4
bceb-fea 1
bdcd-fea 4
541
3ieb-feb 6
ibd-feb 1
dfh-feb 2
542
2bfij-fec 1
bfcg-fec 9
543
2hdi-fed 5
bbhb-fed 4
544
4bbaa-fee 4
ecb-fee 2
fff-fee 1
ihf-fee 2
545
2bfdg-fef 8
je-fef 1
546
1hgh-feg 9
547
2hei-feh 2
djg-feh 7
548
3begd-fei 8
bcgi-fei 1
eeg-fei 1
549
4gcg-fej 3
hhe-fej 2
eji-fej 1
dfe-fej 3
550
3bfef-ffa 6
gch-ffa 3
idb-ffa 2
551
5i-ffb 1
dab-ffb 5
ica-ffb 3
jfe-ffb 1
cfd-ffb 1
552
3bdj-ffc 1
bgc-ffc 2
hbb-ffc 7
553
2dij-ffd 9
eia-ffd 1
554
2hdc-ffe 8
baba-ffe 2
555
5hfd-fff 3
baae-fff 3
jbf-fff 1
edi-fff 1
baj-fff 1
556
1ffi-ffg 10
557
1e-ffh 10
558
4bcdd-ffi 4
cdj-ffi 3
gaj-ffi 1
cif-ffi 1
559
4gfi-ffj 6
gih-ffj 1
dfd-ffj 1
baid-ffj 2
560
5eae-fga 2
gei-fga 1
bhe-fga 5
igi-fga 1
cie-fga 1
561
1gff-fgb 9
562
2bagf-fgc 8
dbd-fgc 1
563
4bfic-fgd 6
ffa-fgd 1
bfff-fgd 2
dij-fgd 1
564
1gjf-fge 10
565
2ha-fgf 9
def-fgf 1
566
2ice-fgg 6
bih-fgg 4
567
3jcf-fgh 6
jjf-fgh 2
dbh-fgh 2
568
1dfg-fgi 10
569
2ghj-fgj 9
bdc-fgj 1
570
2fhc-fha 8
bfi-fha 1
571
2bfcb-fhb 8
beeb-fhb 2
572
2bfed-fhc 9
bbi-fhc 1
573
4cih-fhd 5
dgi-fhd 1
hic-fhd 4
dea-fhd 1
574
5dic-fhe 1
hci-fhe 3
jbe-fhe 1
ebh-fhe 4
gge-fhe 1
575
2ffb-fhf 3
gad-fhf 7
576
3bbfh-fhg 6
fjc-fhg 3
da-fhg 1
577
1cba-fhh 10
578
3jcb-fhi 2
bcgj-fhi 1
bja-fhi 7
579
5fag-fhj 4
ii-fhj 3
fgf-fhj 1
gaj-fhj 1
bgde-fhj 2
580
2gcc-fia 8
hga-fia 1
581
3bag-fib 1
fgb-fib 8
gjb-fib 1
582
2bgaj-fic 6
cea-fic 3
583
2bbaa-fid 8
cih-fid 1
584
2efe-fie 6
bccf-fie 4
585
3gge-fif 7
bfcg-fif 2
ibj-fif 1
586
4eib-fig 5
dec-fig 2
ejg-fig 2
bfj-fig 1
587
3id-fih 6
bcc-fih 2
ed-fih 2
588
4bagb-fii 4
gde-fii 3
bcfh-fii 2
haf-fii 1
589
3ebj-fij 6
fdf-fij 2
bdfi-fij 2
590
1edj-fja 10
591
4hae-fjb 5
gef-fjb 3
bggb-fjb 1
caa-fjb 1
592
2cie-fjc 9
hdf-fjc 1
593
2cif-fjd 8
ecc-fjd 2
594
3hci-fje 4
bbac-fje 4
fba-fje 3
595
3fhc-fjf 4
bahg-fjf 3
jhf-fjf 3
596
2bcfe-fjg 9
bhg-fjg 1
597
5baij-fjh 5
g-fjh 2
ei-fjh 1
ddd-fjh 1
fdf-fjh 1
598
6iga-fji 3
jbi-fji 4
fij-fji 1
ejc-fji 1
bddi-fji 1
cdf-fji 1
599
3bbg-fjj 6
gj-fjj 2
ddi-fjj 2
600
1bacj-gaa 10
601
1gdh-gab 10
602
1cca-gac 10
603
3hij-gad 3
jjh-gad 1
bdfe-gad 6
604
5bfi-gae 4
jci-gae 1
hca-gae 2
bd-gae 1
ghc-gae 2
605
1bjh-gaf 10
606
4dgc-gag 4
jij-gag 4
bcba-gag 1
bahg-gag 1
607
5iaf-gah 6
fac-gah 1
ici-gah 1
cdd-gah 1
cjc-gah 1
608
2daa-gai 3
gff-gai 7
609
2bcde-gaj 1
di-gaj 9
610
2bbib-gba 4
bbge-gba 5
611
4eja-gbb 4
cgb-gbb 1
bfjj-gbb 2
dhf-gbb 2
612
3baab-gbc 7
bbhc-gbc 1
hb-gbc 1
613
4fcb-gbd 4
bbcd-gbd 4
cg-gbd 1
gca-gbd 1
614
1bgfd-gbe 10
615
4bdcf-gbf 3
ccj-gbf 3
fgd-gbf 3
bbeh-gbf 2
616
4bbcb-gbg 2
dhh-gbg 5
hhb-gbg 1
dga-gbg 1
617
2dje-gbh 1
ff-gbh 9
618
5bacg-gbi 1
ifc-gbi 4
dbi-gbi 1
bbeh-gbi 4
ej-gbi 1
619
2bbfi-gbj 8
gch-gbj 1
620
7jig-gca 1
bbfc-gca 1
gfd-gca 1
iid-gca 1
haj-gca 2
hbg-gca 3
ddd-gca 1
621
3bfbd-gcb 6
bafh-gcb 1
cab-gcb 3
622
3cdh-gcc 5
bafc-gcc 3
baee-gcc 1
623
4egf-gcd 8
bbjd-gcd 1
ja-gcd 1
bgbi-gcd 1
624
3dhb-gce 2
bdfi-gce 2
fai-gce 6
625
3baii-gcf 4
cgj-gcf 5
daf-gcf 1
626
4ijg-gcg 8
cce-gcg 1
hgd-gcg 1
chg-gcg 1
627
2bdc-gch 8
cih-gch 1
628
3igb-gci 5
bga-gci 2
cea-gci 2
629
2ged-gcj 2
ebb-gcj 8
630
2bdcf-gda 2
ihh-gda 8
631
1eah-gdb 10
632
5cah-gdc 2
ifc-gdc 4
igj-gdc 1
gbe-gdc 1
babf-gdc 2
633
4hfi-gdd 1
bcag-gdd 5
dgb-gdd 2
efh-gdd 1
634
3baeb-gde 7
cdd-gde 2
gah-gde 1
635
2bchf-gdf 5
gfe-gdf 4
636
3bddj-gdg 7
hag-gdg 2
bajh-gdg 1
637
1jci-gdh 10
638
1jcc-gdi 10
639
3gjg-gdj 7
dib-gdj 2
cei-gdj 1
640
4eaa-gea 2
dea-gea 6
edi-gea 2
cda-gea 1
641
3hhd-geb 7
begg-geb 2
hfa-geb 1
642
2ihd-gec 8
ffc-gec 2
643
1bdbj-ged 10
644
1dda-gee 10
645
2dfi-gef 8
bdgj-gef 2
646
4bfcj-geg 5
baaa-geg 1
cie-geg 3
gaj-geg 1
647
1jg-geh 9
648
3iba-gei 3
daf-gei 6
ffa-gei 1
649
2fec-gej 3
hgi-gej 6
650
2hbc-gfa 5
bgeg-gfa 5
651
1jhj-gfb 10
652
3bche-gfc 2
baha-gfc 4
bcb-gfc 4
653
2gch-gfd 3
bdbg-gfd 7
654
2baci-gfe 9
bif-gfe 1
655
2idi-gff 9
ehe-gff 1
656
1bahh-gfg 9
657
4iga-gfh 4
jaj-gfh 3
ffb-gfh 2
bi-gfh 1
658
1becd-gfi 9
659
1bdba-gfj 10
660
1bhe-gga 10
661
2eae-ggb 7
bee-ggb 3
662
2bgae-ggc 8
id-ggc 2
663
3jhh-ggd 7
igd-ggd 1
djj-ggd 1
664
4efd-gge 7
bdc-gge 1
ehc-gge 1
bfid-gge 1
665
3jfj-ggf 7
feh-ggf 1
hab-ggf 1
666
1dij-ggg 9
667
1cab-ggh 10
668
2cgh-ggi 8
bfc-ggi 2
669
0670
3ifc-gha 5
gdh-gha 3
gii-gha 1
671
5bbfg-ghb 4
idb-ghb 3
bgae-ghb 2
bgef-ghb 1
bbff-ghb 1
672
4cib-ghc 2
fhi-ghc 2
beid-ghc 5
bch-ghc 1
673
3egj-ghd 8
bae-ghd 1
did-ghd 2
674
3cji-ghe 5
ccb-ghe 3
ggg-ghe 2
675
1ggb-ghf 10
676
4fhb-ghg 6
cej-ghg 2
dhh-ghg 1
fdj-ghg 1
677
3fdi-ghh 1
cbc-ghh 8
bacj-ghh 1
678
3daf-ghi 8
cic-ghi 1
hai-ghi 1
679
2bcbc-ghj 9
fcd-ghj 1
680
3egg-gia 4
ied-gia 3
hbf-gia 3
681
1bbhf-gib 10
682
3dhi-gic 7
fed-gic 1
bjc-gic 1
683
1cjj-gid 10
684
2ici-gie 1
iih-gie 9
685
3hge-gif 7
jea-gif 2
bcig-gif 1
686
4ijf-gig 4
gj-gig 2
bbe-gig 2
cec-gig 2
687
2die-gih 2
badc-gih 8
688
2baab-gii 8
ib-gii 2
689
5ehh-gij 1
bei-gij 3
ibd-gij 5
ehf-gij 1
fgh-gij 1
690
2ecd-gja 9
bajc-gja 1
691
1ebc-gjb 10
692
3behb-gjc 3
hji-gjc 2
gbe-gjc 4
693
1gad-gjd 10
694
4bhc-gje 6
bbdf-gje 2
b-gje 1
eca-gje 1
695
3ieg-gjf 5
dig-gjf 3
hdh-gjf 1
696
5behg-gjg 4
bbic-gjg 2
bdda-gjg 3
egg-gjg 1
bfb-gjg 1
697
2cbg-gjh 9
dfd-gjh 1
698
2bbgf-gji 3
ghe-gji 7
699
4iii-gjj 8
hhe-gjj 1
cg-gjj 1
fbi-gjj 1
700
4dbe-haa 1
bjj-haa 3
bcea-haa 5
dg-haa 1
701
3bcfg-hab 5
gc-hab 2
fij-hab 3
702
3bcbg-hac 3
gdb-hac 6
eif-hac 1
703
1iec-had 10
704
4bbic-hae 5
hea-hae 1
chi-hae 3
idb-hae 1
705
1jda-haf 10
706
5hje-hag 6
ecj-hag 1
bcgb-hag 1
dic-hag 1
beje-hag 1
707
2fda-hah 7
efj-hah 2
708
2hfh-hai 8
bce-hai 2
709
1bdjj-haj 10
710
2bdbi-hba 7
bega-hba 3
711
4cgj-hbb 1
fac-hbb 6
cfb-hbb 2
eee-hbb 1
712
2ffc-hbc 5
jdg-hbc 5
713
3bei-hbd 1
eij-hbd 1
bdff-hbd 8
714
2fc-hbe 6
fji-hbe 4
715
3fcf-hbf 8
dga-hbf 1
jf-hbf 1
716
5gde-hbg 2
bdjf-hbg 3
ife-hbg 3
egh-hbg 1
jh-hbg 1
717
2babe-hbh 7
ci-hbh 3
718
2jfh-hbi 7
egd-hbi 3
719
2bedf-hbj 8
jge-hbj 2
720
5hcf-hca 2
cib-hca 1
ibe-hca 4
jid-hca 2
ead-hca 1
721
1bahd-hcb 9
722
2iee-hcc 5
cie-hcc 5
723
2bgi-hcd 2
jee-hcd 8
724
4ejf-hce 3
bchf-hce 3
eab-hce 2
beaf-hce 1
725
5gad-hcf 6
b-hcf 2
bbae-hcf 1
hhc-hcf 1
cih-hcf 1
726
3ibf-hcg 6
ja-hcg 2
baed-hcg 3
727
4gdg-hch 4
fci-hch 3
ghe-hch 1
jcb-hch 1
728
4bdff-hci 2
ggi-hci 5
fbf-hci 1
geh-hci 2
729
2bbgd-hcj 6
eec-hcj 3
730
3dec-hda 5
idc-hda 2
ffb-hda 3
731
2bfhg-hdb 7
bejg-hdb 2
732
3befb-hdc 4
bdac-hdc 3
jbf-hdc 3
733
1bdg-hdd 9
734
2jfh-hde 7
bbjf-hde 2
735
3bbha-hdf 5
dci-hdf 2
gbh-hdf 2
736
1fjc-hdg 9
737
2fec-hdh 6
ihb-hdh 3
738
2beah-hdi 9
iae-hdi 1
739
2haa-hdj 6
eci-hdj 3
740
5befg-hea 4
fdf-hea 1
djb-hea 2
bdfd-hea 1
jjg-hea 1
741
2icg-heb 9
fab-heb 1
742
4bdhc-hec 5
fai-hec 1
bfjg-hec 2
bdda-hec 1
743
3bcbg-hed 6
bfei-hed 1
ffe-hed 3
744
2bfhd-hee 7
gbf-hee 3
745
2bjd-hef 8
bfch-hef 1
746
2bcdd-heg 9
fid-heg 1
747
3hii-heh 7
dcb-heh 2
ggc-heh 1
748
3if-hei 6
fad-hei 3
ie-hei 1
749
4bgbd-hej 4
cec-hej 3
ccd-hej 2
gcc-hej 1
750
4dgc-hfa 5
jhg-hfa 1
befe-hfa 3
bdi-hfa 1
751
5icd-hfb 5
bff-hfb 2
gc-hfb 1
beh-hfb 1
egc-hfb 1
752
3gjh-hfc 7
bcdc-hfc 3
gab-hfc 1
753
4bad-hfd 2
eih-hfd 6
ddc-hfd 1
bcec-hfd 1
754
3bahd-hfe 6
ejg-hfe 3
gac-hfe 1
755
3hge-hff 5
bbci-hff 2
bacc-hff 2
756
1bbac-hfg 10
757
3ede-hfh 8
ihf-hfh 1
bbaj-hfh 1
758
1beih-hfi 10
759
2bfhi-hfj 9
gaa-hfj 1
760
2bbg-hga 8
fdb-hga 2
761
6bccd-hgb 1
hfc-hgb 4
bdf-hgb 1
iaj-hgb 1
gcc-hgb 1
dfj-hgb 1
762
4hje-hgc 5
fea-hgc 1
fia-hgc 4
dej-hgc 1
763
2bedb-hgd 4
bbfa-hgd 6
764
2beff-hge 9
efg-hge 1
765
3icd-hgf 3
fea-hgf 2
bafe-hgf 5
766
3ddc-hgg 3
ehf-hgg 4
baib-hgg 3
767
1dej-hgh 10
768
2cdb-hgi 2
baja-hgi 8
769
1bbjj-hgj 10
770
5ihj-hha 6
ii-hha 1
hdd-hha 1
baad-hha 1
bi-hha 1
771
4dfa-hhb 2
bbaj-hhb 1
gfa-hhb 2
bbaa-hhb 5
772
1beff-hhc 10
773
2gaa-hhd 9
bdec-hhd 1
774
4dji-hhe 1
eff-hhe 7
gja-hhe 1
bdfa-hhe 1
775
3bafj-hhf 4
dag-hhf 1
bcf-hhf 4
776
2hbb-hhg 3
dgd-hhg 6
777
2ebd-hhh 4
haa-hhh 6
778
1bdci-hhi 10
779
4bfag-hhj 6
jec-hhj 2
hie-hhj 1
beb-hhj 1
780
3jdd-hia 7
dbf-hia 1
bbie-hia 2
781
2bbi-hib 9
bbfb-hib 1
782
3bgcf-hic 7
dhd-hic 1
dcc-hic 1
783
1bgdg-hid 10
784
2bjg-hie 2
bgbb-hie 8
785
3ggc-hif 3
cii-hif 3
fje-hif 4
786
2fig-hig 9
che-hig 1
787
3ddh-hih 7
bfg-hih 1
iaf-hih 2
788
1cgi-hii 9
789
4dif-hij 3
bji-hij 5
hag-hij 1
jff-hij 1
790
2gbd-hja 4
fae-hja 6
791
1cfh-hjb 9
792
2bbfi-hjc 5
bfhe-hjc 5
793
1fef-hjd 10
794
2fgj-hje 4
bdja-hje 6
795
2edj-hjf 8
beji-hjf 2
796
6cfa-hjg 3
gdj-hjg 1
jgg-hjg 2
jdh-hjg 1
eda-hjg 1
gci-hjg 1
797
2caj-hjh 7
bcg-hjh 3
798
1hfj-hji 10
799
4bgc-hjj 1
fgd-hjj 4
gah-hjj 4
bace-hjj 1
800
2dhc-iaa 5
jcg-iaa 4
801
2ech-iab 8
bdbh-iab 1
802
3hbi-iac 7
hia-iac 2
eic-iac 1
803
3cgd-iad 7
d-iad 1
cba-iad 1
804
2bcd-iae 1
cdf-iae 9
805
3gjf-iaf 8
ecj-iaf 1
ejf-iaf 1
806
1bage-iag 9
807
2dad-iah 8
fei-iah 2
808
2beja-iai 1
dje-iai 9
809
3bddg-iaj 8
gbh-iaj 1
gci-iaj 1
810
3bafb-iba 4
bcb-iba 1
bbba-iba 4
811
2iha-ibb 9
bead-ibb 1
812
2egb-ibc 2
bbgf-ibc 8
813
2bgcj-ibd 7
bdhd-ibd 3
814
2fba-ibe 4
bbcc-ibe 6
815
3bffh-ibf 5
dje-ibf 2
dih-ibf 3
816
4fhg-ibg 6
bafg-ibg 2
efj-ibg 1
ceb-ibg 1
817
2babb-ibh 6
eja-ibh 4
818
4bjc-ibi 2
fdi-ibi 6
jib-ibi 1
fii-ibi 1
819
4hae-ibj 1
bbcd-ibj 2
dfd-ibj 5
bbdb-ibj 3
820
4becf-ica 6
dgi-ica 3
bcfh-ica 1
edc-ica 1
821
1hfi-icb 10
822
2fdh-icc 7
edb-icc 3
823
4jaj-icd 4
jaa-icd 1
hj-icd 5
hcd-icd 1
824
1ehd-ice 9
825
3fce-icf 7
cih-icf 1
dbb-icf 2
826
2bcdi-icg 2
bjj-icg 8
827
2beei-ich 9
djd-ich 1
828
1jc-ici 9
829
2jie-icj 9
hbe-icj 1
830
2bcfd-ida 9
hee-ida 1
831
5bach-idb 3
ghi-idb 3
fce-idb 2
cdh-idb 1
cii-idb 1
832
2gjg-idc 9
iij-idc 1
833
4bfda-idd 7
fj-idd 1
bbah-idd 1
fih-idd 1
834
1fgc-ide 10
835
3efa-idf 2
dh-idf 4
dii-idf 3
836
2dhd-idg 8
bfi-idg 2
837
3bad-idh 3
gdg-idh 3
hhg-idh 3
838
3bgfa-idi 7
bbdd-idi 1
ech-idi 2
839
2bcc-idj 5
fdj-idj 5
840
2bebf-iea 9
bij-iea 1
841
2fhb-ieb 8
bbie-ieb 2
842
1hfg-iec 9
843
3jac-ied 4
bbid-ied 5
hhb-ied 1
844
3efc-iee 4
bdcd-iee 2
baje-iee 4
845
4ea-ief 1
bbah-ief 4
bfc-ief 5
hag-ief 1
846
4fjj-ieg 1
idd-ieg 6
ffh-ieg 2
hcd-ieg 1
847
3bchj-ieh 8
caj-ieh 1
bge-ieh 1
848
4efg-iei 4
hgi-iei 4
bcgb-iei 1
behf-iei 1
849
1bbh-iej 10
850
3bbbi-ifa 1
ccc-ifa 2
hcf-ifa 6
851
2dfh-ifb 6
bagh-ifb 3
852
3bchg-ifc 7
jid-ifc 1
ejj-ifc 1
853
2bbhd-ifd 7
cf-ifd 3
854
2dad-ife 3
hjf-ife 7
855
2efe-iff 8
jgf-iff 1
856
2be-ifg 4
bgeb-ifg 6
857
3cid-ifh 6
baga-ifh 2
baai-ifh 2
858
2bcci-ifi 7
badf-ifi 3
859
0860
2ebb-iga 8
gfj-iga 2
861
1cif-igb 10
862
2bcgi-igc 8
eaf-igc 1
863
3ggg-igd 6
ife-igd 4
hfd-igd 1
864
3dbj-ige 2
hjc-ige 7
dbi-ige 1
865
1egi-igf 10
866
1babd-igg 10
867
1hag-igh 10
868
3bbg-igi 4
bcbj-igi 5
gag-igi 1
869
3jba-igj 5
dde-igj 2
bdie-igj 3
870
3bcdj-iha 8
hgf-iha 1
jfa-iha 1
871
2bbcj-ihb 9
eii-ihb 1
872
3eba-ihc 1
ehj-ihc 7
jfd-ihc 1
873
2behh-ihd 5
bbdd-ihd 5
874
3hdi-ihe 3
hdg-ihe 6
hdj-ihe 1
875
3bbad-ihf 8
ijj-ihf 1
bfcc-ihf 1
876
3gbf-ihg 1
gij-ihg 5
cdj-ihg 3
877
3cib-ihh 7
gih-ihh 2
eef-ihh 1
878
1bdgf-ihi 10
879
2caf-ihj 8
cef-ihj 2
880
2fgb-iia 9
fid-iia 1
881
2id-iib 2
baeb-iib 7
882
3jje-iic 4
fag-iic 5
iie-iic 1
883
4bfei-iid 1
iae-iid 1
ffa-iid 7
cej-iid 1
884
5jee-iie 3
bejf-iie 4
bgc-iie 1
bec-iie 1
cbb-iie 1
885
2bbei-iif 6
hif-iif 4
886
2hcg-iig 9
ddg-iig 1
887
1hbj-iih 10
888
1bbib-iii 10
889
1baaa-iij 10
890
3iaa-ija 4
dbj-ija 4
bcfe-ija 2
891
1ega-ijb 10
892
4cgi-ijc 4
bbf-ijc 3
hg-ijc 2
bcij-ijc 1
893
2beda-ijd 9
hfi-ijd 1
894
3bbbj-ije 2
beef-ije 7
bef-ije 1
895
1bj-ijf 10
896
1behi-ijg 10
897
2bii-ijh 7
hhg-ijh 3
898
1gd-iji 10
899
2iaf-ijj 8
cff-ijj 2
900
3bbjh-jaa 9
cf-jaa 1
jbg-jaa 1
901
2gbe-jab 8
djh-jab 2
902
5ibb-jac 2
hca-jac 1
ghg-jac 2
ejj-jac 2
bgg-jac 2
903
3bcij-jad 8
dgj-jad 1
djc-jad 1
904
2bbih-jae 9
cja-jae 1
905
2bdig-jaf 8
bgd-jaf 2
906
3cbc-jag 6
cg-jag 3
bdij-jag 1
907
3baia-jah 4
bchh-jah 4
fie-jah 1
908
4bbbg-jai 4
gbj-jai 4
bffi-jai 1
efa-jai 1
909
2ebd-jaj 9
iic-jaj 1
910
3gej-jba 8
bdef-jba 1
cgd-jba 1
911
2gjc-jbb 4
dhg-jbb 6
912
2jca-jbc 8
gbg-jbc 2
913
3dij-jbd 3
bfad-jbd 5
bgh-jbd 2
914
3de-jbe 1
bbig-jbe 1
fbj-jbe 7
915
3bedi-jbf 8
hai-jbf 1
gfg-jbf 1
916
3bdid-jbg 1
baie-jbg 4
ehd-jbg 5
917
2babf-jbh 5
dbd-jbh 5
918
1bdcc-jbi 10
919
5hdc-jbj 3
ejd-jbj 3
daa-jbj 2
ieg-jbj 1
jhb-jbj 2
920
3jfg-jca 7
idf-jca 2
fdh-jca 1
921
4faj-jcb 4
hhf-jcb 2
gae-jcb 4
ihh-jcb 1
922
3fej-jcc 1
gfb-jcc 8
fjg-jcc 1
923
4ied-jcd 1
hgh-jcd 5
jcc-jcd 4
bagh-jcd 1
924
1bafi-jce 10
925
3djc-jcf 1
igj-jcf 7
ghe-jcf 1
926
1ggg-jcg 10
927
0928
2bfbf-jci 8
gih-jci 2
929
0930
1bdig-jda 10
931
5hge-jdb 4
jhc-jdb 2
cgf-jdb 3
bbaj-jdb 1
jji-jdb 1
932
3hbh-jdc 1
gdh-jdc 7
jc-jdc 2
933
3dic-jdd 2
dhc-jdd 7
ffh-jdd 1
934
1bi-jde 9
935
0936
5bhb-jdg 2
dhj-jdg 4
gea-jdg 1
ibi-jdg 2
cjh-jdg 1
937
1ea-jdh 10
938
1dfb-jdi 10
939
4jfj-jdj 7
eic-jdj 2
ja-jdj 1
dhb-jdj 1
940
1ije-jea 10
941
1jad-jeb 10
942
4ehc-jec 5
dae-jec 2
bdfg-jec 2
badg-jec 2
943
1djc-jed 10
944
1hjb-jee 9
945
3fad-jef 1
badj-jef 6
bbje-jef 3
946
2bbj-jeg 9
baib-jeg 1
947
3bgdb-jeh 6
ddj-jeh 3
bafe-jeh 1
948
2eff-jei 5
jja-jei 5
949
2dch-jej 5
ehb-jej 5
950
4fdj-jfa 5
iec-jfa 1
bhe-jfa 3
chb-jfa 1
951
3bbdb-jfb 2
cge-jfb 1
ebb-jfb 6
952
2cgh-jfc 1
jgb-jfc 9
953
2babc-jfd 7
fbd-jfd 3
954
2bfgb-jfe 9
c-jfe 1
955
2egg-jff 6
bfeb-jff 4
956
2bccb-jfg 5
ega-jfg 4
957
3fdf-jfh 2
gfb-jfh 7
bffj-jfh 1
958
2befa-jfi 5
bbj-jfi 4
959
1bdhe-jfj 9
960
1bfcd-jga 9
961
1ecd-jgb 10
962
4babj-jgc 2
ibd-jgc 5
ied-jgc 2
bba-jgc 1
963
1ghb-jgd 10
964
4bcgj-jge 7
bedj-jge 2
gbf-jge 1
bagf-jge 1
965
3i-jgf 6
hhj-jgf 3
bhg-jgf 1
966
3bajc-jgg 4
heh-jgg 5
cfd-jgg 1
967
2dfc-jgh 6
jcb-jgh 4
968
1iae-jgi 10
969
0970
2ghd-jha 4
jia-jha 5
971
1ejg-jhb 10
972
4eej-jhc 6
ced-jhc 2
hei-jhc 1
gga-jhc 1
973
2gba-jhd 9
geb-jhd 1
974
3bbai-jhe 7
jae-jhe 2
jih-jhe 1
975
3bajj-jhf 6
behe-jhf 3
fch-jhf 1
976
2hde-jhg 8
fbi-jhg 2
977
2bfia-jhh 8
gab-jhh 2
978
2bagi-jhi 2
bcj-jhi 8
979
1eei-jhj 10
980
5bded-jia 6
ecc-jia 1
bje-jia 1
ddg-jia 1
baac-jia 1
981
4iac-jib 5
gda-jib 1
bjf-jib 3
bab-jib 2
982
2igj-jic 9
hff-jic 1
983
4jff-jid 3
bgfj-jid 5
bdgd-jid 1
cag-jid 1
984
3baih-jie 7
hdb-jie 1
cij-jie 1
985
3hah-jif 5
dge-jif 1
bb-jif 4
986
3bbe-jig 1
gha-jig 8
bafi-jig 2
987
3bfa-jih 6
gfi-jih 2
jhi-jih 2
988
2ddf-jii 9
cei-jii 1
989
1ge-jij 10
990
1idh-jja 10
991
5hja-jjb 5
jif-jjb 1
bdi-jjb 2
ieg-jjb 1
cjc-jjb 1
992
3bcgb-jjc 8
jhg-jjc 1
jbg-jjc 1
993
1daj-jjd 10
994
3bbcg-jje 5
baig-jje 4
badd-jje 1
995
2hja-jjf 8
ccf-jjf 2
996
2efa-jjg 3
gfc-jjg 7
997
1geh-jjh 10
998
2hef-jji 9
j-jji 1
999
1bcci-jjj 10
1000
1fgi-baaa 10
1001
3jeg-baab 5
ifd-baab 3
efi-baab 1
1002
2jbh-baac 9
hig-baac 1
1003
4ceb-baad 7
bbbh-baad 2
ehj-baad 1
jcd-baad 1
1004
2eje-baae 9
dib-baae 1
1005
2baae-baaf 9
bdej-baaf 1
1006
2jci-baag 8
ffj-baag 1
1007
2baef-baah 9
jab-baah 1
1008
4baha-baai 5
bacb-baai 3
dgd-baai 1
igj-baai 1
1009
01010
2ehi-baba 9
dfi-baba 1
1011
2djh-babb 9
ggi-babb 1
1012
4jga-babc 1
beag-babc 7
if-babc 2
baif-babc 1
1013
2dfe-babd 9
gec-babd 1
1014
2ebj-babe 9
ije-babe 1
1015
1begj-babf 10
1016
2beba-babg 6
bdhd-babg 4
1017
2cbg-babh 5
baia-babh 5
1018
2baij-babi 7
cdb-babi 3
1019
3bbcg-babj 4
fdc-babj 5
bfib-babj 1
1020
1igh-baca 10
1021
4jg-bacb 3
heb-bacb 1
bgbj-bacb 3
bcje-bacb 2
1022
1gdb-bacc 9
1023
1jgf-bacd 10
1024
2dhb-bace 4
bbcd-bace 6
1025
1ifd-bacf 10
1026
2cja-bacg 4
bgdb-bacg 6
1027
2bih-bach 9
baag-bach 1
1028
1ejc-baci 10
1029
2iha-bacj 9
bada-bacj 1
1030
4gdb-bada 4
hej-bada 2
bbcf-bada 3
ecj-bada 1
1031
3bdf-badb 7
bddf-badb 2
dcd-badb 1
1032
2ifg-badc 9
hfg-badc 1
1033
1bcac-badd 9
1034
1ega-bade 10
1035
1fgh-badf 10
1036
2jhi-badg 6
bbbf-badg 4
1037
1bbgj-badh 10
1038
1bbdi-badi 10
1039
2bjf-badj 9
bbhf-badj 1
1040
2hdd-baea 8
cid-baea 1
1041
2bdcj-baeb 9
iag-baeb 1
1042
3jha-baec 6
hbg-baec 3
jaa-baec 1
1043
1djc-baed 10
1044
1baeg-baee 10
1045
4fi-baef 8
gj-baef 1
bdbf-baef 1
efd-baef 1
1046
3bcef-baeg 6
hhd-baeg 2
jdc-baeg 2
1047
1dfd-baeh 10
1048
2bagg-baei 4
bcig-baei 5
1049
2bdfj-baej 4
bbhh-baej 6
1050
3babe-bafa 4
dgj-bafa 4
jdj-bafa 2
1051
3gdg-bafb 7
bbbd-bafb 2
baah-bafb 1
1052
3hii-bafc 8
gfg-bafc 1
bbef-bafc 1
1053
2cfa-bafd 9
fei-bafd 1
1054
1fdd-bafe 10
1055
1bfif-baff 10
1056
1fdd-bafg 10
1057
1jbd-bafh 10
1058
3chi-bafi 2
bhj-bafi 6
bag-bafi 2
1059
1hef-bafj 10
1060
2bbag-baga 9
ded-baga 1
1061
1fhb-bagb 10
1062
1gie-bagc 10
1063
3hgd-bagd 8
beg-bagd 2
ibg-bagd 1
1064
2jhf-bage 9
jfb-bage 1
1065
2bgd-bagf 1
bede-bagf 9
1066
3baie-bagg 2
fcb-bagg 6
hgb-bagg 2
1067
5gje-bagh 3
cgf-bagh 3
ijg-bagh 1
cde-bagh 1
eab-bagh 1
1068
3ehh-bagi 1
ggh-bagi 1
bcac-bagi 9
1069
1jhd-bagj 10
1070
2bgcc-baha 7
bcgf-baha 3
1071
2cgc-bahb 2
bgah-bahb 8
1072
1hbg-bahc 10
1073
2beij-bahd 1
dbb-bahd 8
1074
1bcdi-bahe 10
1075
2bagd-bahf 8
ffi-bahf 2
1076
1gjc-bahg 10
1077
3bedg-bahh 4
bahg-bahh 4
hea-bahh 2
1078
3ghc-bahi 8
hab-bahi 1
ceh-bahi 1
1079
2fbe-bahj 6
ghi-bahj 4
1080
1bgg-baia 9
1081
2hih-baib 4
iac-baib 6
1082
3iaa-baic 3
bcgg-baic 3
babi-baic 3
1083
2bejd-baid 7
ib-baid 3
1084
5efc-baie 2
iaf-baie 3
chg-baie 1
bade-baie 2
bai-baie 1
1085
1jcb-baif 10
1086
4edd-baig 4
jgh-baig 2
hif-baig 4
ihc-baig 1
1087
4becj-baih 6
bcej-baih 1
bbgd-baih 1
gcf-baih 2
1088
2bbab-baii 8
ffj-baii 2
1089
2ife-baij 9
bha-baij 1
1090
3cdh-baja 3
bcfj-baja 5
bif-baja 2
1091
3ji-bajb 3
bafj-bajb 5
bdfg-bajb 2
1092
3dhb-bajc 5
bbae-bajc 4
hih-bajc 1
1093
3hha-bajd 7
edc-bajd 1
bfjc-bajd 2
1094
3gfi-baje 5
iej-baje 3
bdab-baje 1
1095
2bbgi-bajf 9
jcd-bajf 1
1096
2fi-bajg 7
cgf-bajg 3
1097
2hba-bajh 6
bia-bajh 4
1098
1baje-baji 10
1099
1bajf-bajj 10
1100
1bcfa-bbaa 10
1101
1bbfc-bbab 10
1102
4dce-bbac 8
fed-bbac 1
iif-bbac 1
bejd-bbac 1
1103
2bbag-bbad 5
jbh-bbad 5
1104
2gc-bbae 8
bgba-bbae 1
1105
2eff-bbaf 9
hhg-bbaf 1
1106
1gff-bbag 10
1107
3beci-bbah 4
cja-bbah 3
fhe-bbah 2
1108
2bhj-bbai 9
bdch-bbai 1
1109
1ich-bbaj 10
1110
3hdb-bbba 8
jid-bbba 1
cgd-bbba 1
1111
1hed-bbbb 10
1112
01113
3bbh-bbbd 1
baec-bbbd 5
bgab-bbbd 4
1114
3bccj-bbbe 6
dhj-bbbe 2
bcc-bbbe 2
1115
2cef-bbbf 8
faj-bbbf 2
1116
2icb-bbbg 4
ief-bbbg 6
1117
2ehg-bbbh 8
bagc-bbbh 2
1118
2bac-bbbi 9
gee-bbbi 1
1119
3bgdj-bbbj 6
bahe-bbbj 2
big-bbbj 1
1120
2jcc-bbca 9
bdd-bbca 1
1121
4jfd-bbcb 3
hih-bbcb 3
iee-bbcb 1
djj-bbcb 2
1122
2hbd-bbcc 9
bgf-bbcc 1
1123
2gje-bbcd 4
baii-bbcd 5
1124
2iff-bbce 7
gde-bbce 3
1125
1fhc-bbcf 10
1126
3ccj-bbcg 6
fcg-bbcg 1
bdid-bbcg 3
1127
1icb-bbch 10
1128
1babh-bbci 10
1129
2hee-bbcj 8
bbbb-bbcj 2
1130
2jde-bbda 9
bbji-bbda 1
1131
4idc-bbdb 4
ifa-bbdb 4
bfdj-bbdb 1
hjj-bbdb 1
1132
1jh-bbdc 10
1133
4bci-bbdd 6
gid-bbdd 1
beb-bbdd 1
eii-bbdd 1
1134
1jif-bbde 10
1135
2gbi-bbdf 8
baed-bbdf 1
1136
3bgdc-bbdg 6
bhc-bbdg 3
bid-bbdg 1
1137
2ghb-bbdh 7
bcjd-bbdh 3
1138
3hbh-bbdi 7
baee-bbdi 2
bcba-bbdi 1
1139
1ghi-bbdj 10
1140
2cga-bbea 2
df-bbea 8
1141
3ihd-bbeb 5
bbae-bbeb 2
bbde-bbeb 2
1142
1bcie-bbec 10
1143
1jc-bbed 10
1144
2bdee-bbee 9
gcj-bbee 1
1145
2fjb-bbef 8
badd-bbef 1
1146
3eca-bbeg 5
bgbc-bbeg 1
bcjg-bbeg 4
1147
1eg-bbeh 10
1148
2eif-bbei 4
gej-bbei 6
1149
3bcbb-bbej 7
fci-bbej 2
fja-bbej 2
1150
1bacc-bbfa 10
1151
3baji-bbfb 5
bbgg-bbfb 3
bdah-bbfb 1
1152
1ibh-bbfc 10
1153
3eaa-bbfd 6
bdcj-bbfd 3
bdje-bbfd 1
1154
2bbgi-bbfe 9
chg-bbfe 1
1155
4fcc-bbff 4
bdjd-bbff 4
hg-bbff 1
ihi-bbff 2
1156
2bfee-bbfg 9
fea-bbfg 1
1157
2bbjg-bbfh 8
gec-bbfh 1
1158
2bbej-bbfi 8
bfhb-bbfi 2
1159
2cbc-bbfj 2
ifc-bbfj 8
1160
2eji-bbga 1
jbc-bbga 9
1161
4hi-bbgb 7
iic-bbgb 1
hgd-bbgb 1
jff-bbgb 1
1162
1bafa-bbgc 10
1163
1bgag-bbgd 10
1164
3bbff-bbge 5
eb-bbge 4
ddd-bbge 1
1165
1fcj-bbgf 10
1166
4bdai-bbgg 6
ca-bbgg 1
bcde-bbgg 2
gfh-bbgg 1
1167
1bbei-bbgh 10
1168
2jgi-bbgi 9
bfi-bbgi 1
1169
3bejh-bbgj 5
eah-bbgj 4
bbcj-bbgj 1
1170
2begi-bbha 9
fbe-bbha 1
1171
1iec-bbhb 10
1172
2cbh-bbhc 9
bca-bbhc 1
1173
4j-bbhd 5
bced-bbhd 2
bdb-bbhd 3
ece-bbhd 1
1174
3gfe-bbhe 1
bbgb-bbhe 8
id-bbhe 1
1175
1dia-bbhf 10
1176
01177
2beee-bbhh 9
bcjf-bbhh 1
1178
2hgi-bbhi 9
bfge-bbhi 1
1179
1c-bbhj 10
1180
3edb-bbia 4
ij-bbia 1
ei-bbia 4
1181
1bdi-bbib 10
1182
1iab-bbic 10
1183
1bbdd-bbid 10
1184
3def-bbie 6
dee-bbie 3
bbhj-bbie 1
1185
2dcj-bbif 9
bij-bbif 1
1186
1cig-bbig 10
1187
2gc-bbih 9
bfd-bbih 1
1188
1bfgf-bbii 10
1189
1bbdf-bbij 10
1190
2fec-bbja 8
bacb-bbja 2
1191
2ffj-bbjb 8
gje-bbjb 2
1192
2ii-bbjc 9
bbha-bbjc 1
1193
1jig-bbjd 10
1194
1cbd-bbje 10
1195
2haj-bbjf 7
jbg-bbjf 3
1196
2bagj-bbjg 8
bbfe-bbjg 2
1197
2bcjb-bbjh 8
jih-bbjh 2
1198
3ijh-bbji 3
hhi-bbji 4
bch-bbji 3
1199
1cig-bbjj 10
1200
2bgb-bcaa 9
bbie-bcaa 1
1201
4bchi-bcab 3
gce-bcab 4
jjj-bcab 2
dfi-bcab 1
1202
3fa-bcac 7
had-bcac 1
hac-bcac 2
1203
2bgcb-bcad 7
bdf-bcad 3
1204
2ibg-bcae 7
bdaj-bcae 3
1205
2bcda-bcaf 7
bbha-bcaf 2
1206
2bgch-bcag 9
babb-bcag 1
1207
1eed-bcah 10
1208
1bbcj-bcai 10
1209
1bbji-bcaj 10
1210
2ejb-bcba 7
gfc-bcba 3
1211
3die-bcbb 5
bdbj-bcbb 4
hag-bcbb 1
1212
4bafj-bcbc 7
ef-bcbc 1
dbe-bcbc 2
bbai-bcbc 1
1213
1baca-bcbd 10
1214
2gda-bcbe 4
bdd-bcbe 6
1215
2igc-bcbf 4
bged-bcbf 6
1216
3iea-bcbg 8
behc-bcbg 1
dbh-bcbg 1
1217
01218
3jdd-bcbi 7
bfcf-bcbi 1
jcf-bcbi 2
1219
3hjj-bcbj 6
hgc-bcbj 2
bcch-bcbj 1
1220
1jfe-bcca 10
1221
2egb-bccb 4
cid-bccb 5
1222
01223
2bfed-bccd 7
behg-bccd 3
1224
2eci-bcce 7
iib-bcce 3
1225
2bfhd-bccf 9
bajb-bccf 1
1226
2begg-bccg 8
badf-bccg 2
1227
1hjg-bcch 10
1228
2hjd-bcci 9
bcae-bcci 1
1229
4hci-bccj 2
gbe-bccj 5
cfg-bccj 2
bg-bccj 1
1230
2dh-bcda 8
ijd-bcda 2
1231
1bbeb-bcdb 9
1232
2bccd-bcdc 9
bcj-bcdc 1
1233
3bagh-bcdd 7
bdid-bcdd 2
bbfh-bcdd 2
1234
5beje-bcde 4
cba-bcde 1
gic-bcde 1
bcha-bcde 1
baji-bcde 3
1235
1bbef-bcdf 10
1236
3hjc-bcdg 6
jje-bcdg 1
chc-bcdg 2
1237
2faf-bcdh 8
bchf-bcdh 2
1238
2cfg-bcdi 6
hee-bcdi 4
1239
1fdb-bcdj 10
1240
1becb-bcea 10
1241
1idj-bceb 10
1242
1dgj-bcec 10
1243
1bcjd-bced 10
1244
6gdf-bcee 1
ejh-bcee 1
ffd-bcee 2
bdja-bcee 3
iai-bcee 2
bdca-bcee 1
1245
2fbj-bcef 9
fbb-bcef 1
1246
1cca-bceg 10
1247
3bbdf-bceh 4
bdae-bceh 5
fab-bceh 1
1248
1bci-bcei 10
1249
3jfh-bcej 6
gif-bcej 3
ef-bcej 1
1250
1jfh-bcfa 10
1251
01252
1cig-bcfc 10
1253
1idg-bcfd 9
1254
1jh-bcfe 10
1255
4hfh-bcff 2
begg-bcff 6
iie-bcff 2
ddd-bcff 1
1256
2fjj-bcfg 9
bcje-bcfg 1
1257
1egd-bcfh 10
1258
1ihe-bcfi 10
1259
2bchb-bcfj 9
ibc-bcfj 1
1260
1ghc-bcga 10
1261
2eai-bcgb 7
jae-bcgb 3
1262
2beih-bcgc 9
bahc-bcgc 1
1263
1gba-bcgd 10
1264
2baih-bcge 8
bgh-bcge 2
1265
1bbga-bcgf 10
1266
1bfhf-bcgg 10
1267
2bdjg-bcgh 9
cbj-bcgh 1
1268
3bge-bcgi 1
fca-bcgi 4
hce-bcgi 4
1269
3beae-bcgj 5
bdbg-bcgj 3
bfci-bcgj 2
1270
2deh-bcha 8
dgg-bcha 2
1271
2bdfj-bchb 9
hhd-bchb 1
1272
2cej-bchc 9
bdb-bchc 1
1273
2bdaf-bchd 5
jbd-bchd 5
1274
2becg-bche 5
gcd-bche 5
1275
2bfag-bchf 9
hdj-bchf 1
1276
3hhj-bchg 2
hga-bchg 2
bebi-bchg 6
1277
4hhi-bchh 1
bbij-bchh 2
bcjj-bchh 6
bcjb-bchh 1
1278
2ifh-bchi 4
bcdj-bchi 6
1279
1jcd-bchj 10
1280
4bgec-bcia 7
hid-bcia 1
baid-bcia 1
hhg-bcia 1
1281
3bfgd-bcib 4
bje-bcib 4
dde-bcib 1
1282
01283
01284
2eic-bcie 9
bbgh-bcie 1
1285
2jhh-bcif 1
bdjb-bcif 9
1286
1fae-bcig 10
1287
1cae-bcih 10
1288
3jeh-bcii 5
cga-bcii 4
bafh-bcii 1
1289
1ebd-bcij 10
1290
3hhd-bcja 6
bbfi-bcja 3
ica-bcja 1
1291
2bcaa-bcjb 3
dba-bcjb 7
1292
2bbaf-bcjc 5
bbdg-bcjc 5
1293
1hdf-bcjd 10
1294
1bbfh-bcje 10
1295
3bdjc-bcjf 6
dde-bcjf 3
bedc-bcjf 1
1296
2eii-bcjg 9
jce-bcjg 1
1297
1dch-bcjh 10
1298
2ida-bcji 9
dg-bcji 1
1299
2fig-bcjj 4
bfgi-bcjj 6
1300
3edh-bdaa 8
eba-bdaa 1
gcj-bdaa 2
1301
2iji-bdab 6
bdib-bdab 4
1302
2gba-bdac 4
cgb-bdac 6
1303
3ch-bdad 6
dja-bdad 3
jdi-bdad 1
1304
2bbif-bdae 5
bahi-bdae 5
1305
1ga-bdaf 10
1306
1badg-bdag 10
1307
2beeg-bdah 4
ibd-bdah 6
1308
2baij-bdai 7
bajh-bdai 3
1309
2je-bdaj 5
hed-bdaj 5
1310
1bbch-bdba 10
1311
1jeh-bdbb 10
1312
1bcgf-bdbc 10
1313
01314
1hh-bdbe 10
1315
1hf-bdbf 10
1316
3bfii-bdbg 4
hdj-bdbg 3
ddc-bdbg 3
1317
1jhg-bdbh 10
1318
2dbc-bdbi 8
bfbc-bdbi 2
1319
4jfa-bdbj 3
dhe-bdbj 2
gid-bdbj 4
bbci-bdbj 1
1320
1fej-bdca 10
1321
2ibj-bdcb 8
cii-bdcb 2
1322
2iig-bdcc 1
bdhf-bdcc 9
1323
2bdgd-bdcd 6
bbcb-bdcd 4
1324
1jfc-bdce 10
1325
1faa-bdcf 10
1326
1bce-bdcg 10
1327
2cac-bdch 4
hgc-bdch 6
1328
2efh-bdci 8
ci-bdci 2
1329
2feb-bdcj 4
jjc-bdcj 6
1330
2efh-bdda 8
bebj-bdda 2
1331
1bbbg-bddb 10
1332
01333
2bcbf-bddd 6
daa-bddd 4
1334
2jif-bdde 9
bid-bdde 1
1335
3bbcc-bddf 5
bbbg-bddf 4
gig-bddf 1
1336
1badj-bddg 10
1337
1bffa-bddh 10
1338
1fjg-bddi 10
1339
2bbbe-bddj 5
bcaf-bddj 5
1340
1dc-bdea 10
1341
2bdif-bdeb 7
jaf-bdeb 3
1342
2bfaf-bdec 9
ida-bdec 1
1343
2befd-bded 9
bbbi-bded 1
1344
3gii-bdee 6
bcie-bdee 2
cgc-bdee 1
1345
2hbe-bdef 9
bbeg-bdef 1
1346
3iai-bdeg 2
bgfb-bdeg 4
hdh-bdeg 4
1347
2cfc-bdeh 7
ecj-bdeh 3
1348
1bccd-bdei 10
1349
2bfaa-bdej 4
jag-bdej 6
1350
3bje-bdfa 4
hdb-bdfa 6
jjf-bdfa 1
1351
1ijg-bdfb 10
1352
1hdc-bdfc 10
1353
2bec-bdfd 8
efb-bdfd 2
1354
2gdf-bdfe 6
bfeg-bdfe 4
1355
1jga-bdff 10
1356
2bdic-bdfg 9
bib-bdfg 1
1357
2bacc-bdfh 7
bege-bdfh 3
1358
1becc-bdfi 10
1359
2bbjf-bdfj 2
hae-bdfj 8
1360
4ehh-bdga 1
ihf-bdga 5
begc-bdga 1
bafa-bdga 3
1361
2bead-bdgb 9
hig-bdgb 1
1362
1eba-bdgc 10
1363
2gbc-bdgd 9
gga-bdgd 1
1364
1baej-bdge 10
1365
2bfbe-bdgf 8
fcc-bdgf 2
1366
1fbh-bdgg 10
1367
2ghj-bdgh 6
eea-bdgh 4
1368
2bdjb-bdgi 4
bdj-bdgi 6
1369
2bgdi-bdgj 8
hhh-bdgj 2
1370
3behi-bdha 6
daj-bdha 3
gfj-bdha 1
1371
2hbh-bdhb 9
haf-bdhb 1
1372
1bahg-bdhc 10
1373
2bcbg-bdhd 8
bae-bdhd 2
1374
3ecc-bdhe 1
bagb-bdhe 8
jjj-bdhe 1
1375
2bfae-bdhf 9
bcdh-bdhf 1
1376
1efd-bdhg 10
1377
1bdfd-bdhh 10
1378
3ccf-bdhi 8
ihe-bdhi 1
hb-bdhi 1
1379
1iah-bdhj 10
1380
2jgg-bdia 7
bgff-bdia 3
1381
1bcfi-bdib 10
1382
1hhg-bdic 10
1383
1beh-bdid 10
1384
1igc-bdie 10
1385
2fgc-bdif 6
f-bdif 4
1386
1bdge-bdig 10
1387
1ijf-bdih 10
1388
1cch-bdii 10
1389
1fbg-bdij 10
1390
1bbhb-bdja 10
1391
1bchd-bdjb 10
1392
2ifh-bdjc 4
bfbb-bdjc 6
1393
1eca-bdjd 10
1394
3bacj-bdje 8
bbjb-bdje 1
cge-bdje 1
1395
1jig-bdjf 10
1396
1bdef-bdjg 10
1397
2bfdf-bdjh 9
baj-bdjh 1
1398
1egb-bdji 10
1399
1bccf-bdjj 10
1400
2eeb-beaa 5
bcfj-beaa 5
1401
2bdde-beab 6
baai-beab 4
1402
01403
2bib-bead 8
bafg-bead 2
1404
1bdch-beae 10
1405
1geb-beaf 10
1406
1cci-beag 10
1407
3bgfc-beah 7
jie-beah 1
bche-beah 2
1408
1ida-beai 10
1409
2dea-beaj 9
bcea-beaj 1
1410
3bbf-beba 6
bbcb-beba 3
bfg-beba 1
1411
1bgf-bebb 10
1412
1bbah-bebc 10
1413
2bejj-bebd 9
babc-bebd 1
1414
1bccd-bebe 10
1415
2bbfj-bebf 9
ghb-bebf 1
1416
1idj-bebg 10
1417
2bbgc-bebh 5
dag-bebh 5
1418
1fad-bebi 10
1419
1bbec-bebj 10
1420
2jjf-beca 7
ddg-beca 3
1421
2bfbj-becb 8
bcg-becb 1
1422
2haf-becc 9
bcc-becc 1
1423
2bbii-becd 7
fba-becd 3
1424
1fii-bece 10
1425
2fed-becf 2
hce-becf 8
1426
1bagi-becg 10
1427
1dfj-bech 10
1428
1bbgj-beci 10
1429
1hec-becj 10
1430
2bfhh-beda 5
cbd-beda 4
1431
1bebd-bedb 10
1432
2bfaj-bedc 8
baic-bedc 2
1433
1ceg-bedd 10
1434
2bbda-bede 9
hf-bede 1
1435
1ebh-bedf 10
1436
1jbg-bedg 10
1437
2bgai-bedh 6
baha-bedh 4
1438
1iib-bedi 10
1439
1igd-bedj 10
1440
01441
2hcf-beeb 8
bbee-beeb 2
1442
1jba-beec 10
1443
2becd-beed 6
bfih-beed 4
1444
2eff-beee 9
hhc-beee 1
1445
2icf-beef 9
hhf-beef 1
1446
2bdeb-beeg 6
he-beeg 3
1447
1bdgc-beeh 10
1448
1bdcg-beei 10
1449
1cge-beej 10
1450
2cbc-befa 9
ebe-befa 1
1451
1babd-befb 10
1452
1bchf-befc 10
1453
3iia-befd 7
dci-befd 2
chj-befd 1
1454
1fif-befe 10
1455
1fid-beff 10
1456
1bah-befg 10
1457
1heh-befh 10
1458
1bahf-befi 10
1459
1bdgc-befj 10
1460
1gca-bega 10
1461
1iie-begb 10
1462
2ghf-begc 5
bgad-begc 5
1463
1bdgi-begd 10
1464
2babb-bege 7
bdci-bege 3
1465
01466
2ifb-begg 8
bfai-begg 2
1467
1eac-begh 10
1468
1cff-begi 10
1469
1bbfb-begj 10
1470
2hcj-beha 8
cji-beha 2
1471
1bfdh-behb 10
1472
1ifa-behc 10
1473
1eda-behd 10
1474
3bgaa-behe 7
ihd-behe 2
baja-behe 2
1475
1hdf-behf 10
1476
1iei-behg 10
1477
1bcgg-behh 10
1478
2bgde-behi 9
bjh-behi 1
1479
3dbd-behj 5
dcd-behj 3
ihb-behj 2
1480
1ffd-beia 10
1481
1bdaj-beib 10
1482
3dg-beic 8
ec-beic 1
bbb-beic 1
1483
2iai-beid 7
bdje-beid 3
1484
01485
2gab-beif 9
hfb-beif 1
1486
2baf-beig 3
bedd-beig 7
1487
2ijd-beih 8
dcc-beih 2
1488
1cbe-beii 10
1489
1bah-beij 10
1490
1cid-beja 10
1491
1bace-bejb 10
1492
01493
1badc-bejd 10
1494
1baag-beje 10
1495
1jhi-bejf 10
1496
2cha-bejg 2
bcag-bejg 8
1497
1bdaa-bejh 10
1498
2ifa-beji 3
dcf-beji 7
1499
1cdg-bejj 10
1500
2ccd-bfaa 7
bhf-bfaa 3
1501
1fbi-bfab 10
1502
01503
1jhc-bfad 10
1504
2ecc-bfae 5
bfah-bfae 5
1505
1bedh-bfaf 10
1506
2jai-bfag 9
bdad-bfag 1
1507
1jbf-bfah 10
1508
1bcaj-bfai 10
1509
1bcjd-bfaj 10
1510
1bdgg-bfba 10
1511
1hda-bfbb 10
1512
1ijd-bfbc 10
1513
3fia-bfbd 6
dcg-bfbd 4
bbjd-bfbd 1
1514
1behh-bfbe 10
1515
2bdga-bfbf 4
efe-bfbf 6
1516
1hih-bfbg 10
1517
01518
1jjc-bfbi 10
1519
1beif-bfbj 10
1520
1ghc-bfca 10
1521
2bbba-bfcb 3
gaj-bfcb 7
1522
1gga-bfcc 10
1523
2bdbj-bfcd 6
bcdc-bfcd 4
1524
1jh-bfce 10
1525
1bca-bfcf 10
1526
3cjc-bfcg 6
bgdj-bfcg 3
bfgg-bfcg 1
1527
1bafe-bfch 10
1528
1fjb-bfci 10
1529
2dif-bfcj 6
gh-bfcj 4
1530
1baai-bfda 10
1531
1iih-bfdb 10
1532
1bfbc-bfdc 10
1533
01534
1jgf-bfde 10
1535
1ddf-bfdf 10
1536
1bdfi-bfdg 10
1537
1bdec-bfdh 10
1538
2ihc-bfdi 1
fgc-bfdi 9
1539
2bddd-bfdj 9
dgg-bfdj 1
1540
1jdg-bfea 10
1541
1ggf-bfeb 10
1542
2edg-bfec 7
bdge-bfec 3
1543
2iia-bfed 5
iea-bfed 5
1544
2fhi-bfee 5
dae-bfee 5
1545
4bgda-bfef 1
ied-bfef 7
faa-bfef 2
bgaf-bfef 1
1546
1dfb-bfeg 10
1547
1fdc-bfeh 10
1548
1cbf-bfei 10
1549
1bdia-bfej 10
1550
1iab-bffa 10
1551
1bda-bffb 10
1552
1iai-bffc 10
1553
1egi-bffd 10
1554
01555
1becg-bfff 10
1556
1gci-bffg 10
1557
1ghi-bffh 10
1558
1ed-bffi 10
1559
1eda-bffj 10
1560
2dcg-bfga 5
bfj-bfga 5
1561
2beif-bfgb 9
bcfj-bfgb 1
1562
1bdac-bfgc 10
1563
1ihj-bfgd 10
1564
1chj-bfge 10
1565
1bgga-bfgf 10
1566
1ec-bfgg 10
1567
1bbie-bfgh 10
1568
2bgej-bfgi 9
fea-bfgi 1
1569
01570
1cga-bfha 10
1571
1bhg-bfhb 10
1572
1dgd-bfhc 10
1573
1bdgb-bfhd 10
1574
1bfi-bfhe 10
1575
1jjj-bfhf 10
1576
2bfhi-bfhg 8
ibi-bfhg 2
1577
1ibh-bfhh 10
1578
1ice-bfhi 10
1579
2gih-bfhj 2
bejj-bfhj 8
1580
1df-bfia 10
1581
1bdca-bfib 10
1582
2bgfg-bfic 4
igc-bfic 6
1583
1hfa-bfid 10
1584
1ceh-bfie 10
1585
1dfi-bfif 10
1586
01587
1cif-bfih 10
1588
2hjg-bfii 8
edc-bfii 2
1589
1gih-bfij 10
1590
1bie-bfja 10
1591
1icj-bfjb 10
1592
1bej-bfjc 10
1593
1bajd-bfjd 10
1594
1bfba-bfje 10
1595
1cdg-bfjf 10
1596
1bdej-bfjg 10
1597
1bcga-bfjh 10
1598
01599
1hhg-bfjj 10
1600
1bcdd-bgaa 10
1601
1fga-bgab 10
1602
1babg-bgac 10
1603
1bdba-bgad 10
1604
1bajd-bgae 10
1605
1beab-bgaf 10
1606
1bed-bgag 10
1607
1bdhi-bgah 10
1608
1baji-bgai 10
1609
1egb-bgaj 10
1610
1ddd-bgba 10
1611
1dib-bgbb 10
1612
1bba-bgbc 10
1613
2bfje-bgbd 8
bfb-bgbd 2
1614
1bfhe-bgbe 10
1615
1bbfa-bgbf 10
1616
1dff-bgbg 10
1617
2bgfh-bgbh 7
ece-bgbh 3
1618
1bfjc-bgbi 10
1619
1cbj-bgbj 10
1620
1hjh-bgca 10
1621
1icd-bgcb 10
1622
2dga-bgcc 9
bdbe-bgcc 1
1623
01624
1bacd-bgce 10
1625
1cib-bgcf 10
1626
1cba-bgcg 10
1627
1cga-bgch 10
1628
2hje-bgci 9
bda-bgci 1
1629
1beeg-bgcj 10
1630
1bcai-bgda 10
1631
1jdd-bgdb 10
1632
1gbb-bgdc 10
1633
2ede-bgdd 9
bhf-bgdd 1
1634
1beic-bgde 10
1635
1bbia-bgdf 10
1636
1baf-bgdg 10
1637
1hhh-bgdh 10
1638
2bach-bgdi 9
jdi-bgdi 1
1639
1jdb-bgdj 10
1640
1bcia-bgea 10
1641
1ega-bgeb 10
1642
2djd-bgec 6
bacg-bgec 4
1643
1behi-bged 10
1644
1hjf-bgee 10
1645
1fed-bgef 10
1646
1baca-bgeg 10
1647
1bece-bgeh 10
1648
1bgca-bgei 10
1649
1jej-bgej 10
1650
1bddj-bgfa 10
1651
1bhh-bgfb 10
1652
1bfjg-bgfc 10
1653
1gif-bgfd 10
1654
1bfcf-bgfe 10
1655
1bcgh-bgff 10
1656
1bce-bgfg 10
1657
1bgbi-bgfh 10
1658
1bie-bgfi 10
1659
1eef-bgfj 10
1660
1bdhi-bgga 10
1661
1bdhg-bggb 10
