1632
0
1
cd-a 21
1
2
dab-b 18
ehb-b 3
2
3
fcd-c 19
dgj-c 2
dgc-c 2
3
6
ii-d 10
hcj-d 2
bcb-d 9
bjg-d 1
cbd-d 1
cd-d 2
4
1
hic-e 21
5
5
jbb-f 3
bdjf-f 15
bc-f 2
jcc-f 2
ff-f 2
6
5
gic-g 7
ehc-g 3
eie-g 6
iee-g 6
bedj-g 2
7
1
bfa-h 21
8
3
gie-i 4
geg-i 17
bahi-i 1
9
3
fbj-j 19
ce-j 1
heg-j 2
10
1
dhf-ba 21
11
7
bae-bb 2
bee-bb 9
bcea-bb 2
bcef-bb 6
bgf-bb 3
cd-bb 2
bcb-bb 2
12
6
dgf-bc 10
daa-bc 4
hbf-bc 5
ccj-bc 2
ddf-bc 1
baid-bc 1
13
2
cch-bd 10
bejh-bd 11
14
4
beai-be 15
bbbj-be 3
babg-be 3
fec-be 2
15
1
hi-bf 21
16
6
bdii-bg 12
fib-bg 2
baae-bg 2
jf-bg 2
iag-bg 2
gge-bg 4
17
3
ihi-bh 18
bgeh-bh 3
hjd-bh 1
18
5
fic-bi 11
babg-bi 10
feh-bi 1
hej-bi 1
bc-bi 1
19
8
bc-bj 4
dhf-bj 5
ch-bj 2
dg-bj 2
bdbf-bj 2
db-bj 4
cii-bj 4
hcj-bj 2
20
4
gjh-ca 17
dfg-ca 3
bai-ca 2
cd-ca 2
21
3
dcc-cb 6
did-cb 6
edb-cb 11
22
4
jgi-cc 3
badc-cc 8
dgf-cc 8
ff-cc 3
23
6
dbg-cd 11
ffb-cd 8
bhd-cd 2
gfa-cd 1
bcaj-cd 1
fae-cd 1
24
3
ef-ce 3
jgf-ce 6
jag-ce 13
25
4
eac-cf 15
fhg-cf 1
def-cf 5
bbci-cf 2
26
6
bd-cg 7
chb-cg 6
deb-cg 3
eh-cg 3
hhc-cg 4
deg-cg 3
27
6
hch-ch 3
jgg-ch 8
bjd-ch 3
dji-ch 5
ddb-ch 3
cd-ch 2
28
5
bffg-ci 13
befi-ci 1
hfh-ci 5
gbg-ci 3
hif-ci 1
29
3
bfgd-cj 18
egd-cj 2
fbi-cj 2
30
8
bdf-da 3
beib-da 4
gda-da 1
eej-da 2
bcei-da 5
ea-da 1
bhd-da 4
fai-da 5
31
6
bbde-db 15
cbh-db 3
bc-db 2
cfj-db 2
gi-db 2
cd-db 2
32
6
iej-dc 18
bbgj-dc 2
ifh-dc 2
ecg-dc 1
iag-dc 1
jbf-dc 1
33
1
babg-dd 21
34
2
bhe-de 11
eih-de 11
35
5
bfgb-df 17
igi-df 4
iei-df 1
ibf-df 1
gc-df 1
36
7
bebe-dg 5
bcii-dg 6
hah-dg 6
bcag-dg 3
bdfc-dg 1
bgfe-dg 2
cee-dg 2
37
4
bagf-dh 16
gcd-dh 1
hha-dh 6
db-dh 1
38
1
haf-di 21
39
2
ef-dj 11
cbh-dj 11
40
5
jjh-ea 7
jff-ea 5
eee-ea 5
cgg-ea 3
fda-ea 5
41
3
bbfc-eb 12
cdi-eb 9
hac-eb 1
42
5
cdc-ec 14
ege-ec 4
fi-ec 3
ci-ec 2
fc-ec 2
43
4
bcia-ed 13
ech-ed 4
bfdc-ed 5
eb-ed 2
44
3
cfb-ee 9
ejg-ee 5
bacc-ee 9
45
7
ige-ef 9
beeh-ef 3
egh-ef 1
cih-ef 7
cij-ef 2
bgd-ef 1
bgb-ef 1
46
4
bcd-eg 1
ggg-eg 19
cbg-eg 1
ffd-eg 1
47
5
bbfg-eh 8
bbei-eh 3
gdh-eh 10
bjb-eh 2
fdd-eh 1
48
4
jfj-ei 16
bcjf-ei 4
cbh-ei 2
bbje-ei 2
49
3
baig-ej 18
cd-ej 3
jia-ej 1
50
5
dhe-fa 16
bcb-fa 1
jji-fa 3
bc-fa 3
hg-fa 1
51
3
bdc-fb 11
dfa-fb 7
bcch-fb 4
52
5
bfch-fc 15
fif-fc 6
eab-fc 1
jb-fc 1
bcj-fc 1
53
2
dhe-fd 11
dd-fd 11
54
1
jic-fe 21
55
7
bdcg-ff 2
gb-ff 13
dbd-ff 2
cje-ff 3
bed-ff 2
ic-ff 1
bdf-ff 1
56
1
bfaf-fg 21
57
7
ccb-fh 3
bejb-fh 11
d-fh 3
jie-fh 2
jh-fh 2
jjd-fh 2
bdb-fh 2
58
3
bfdg-fi 17
hee-fi 3
fg-fi 2
59
7
dbg-fj 10
ifd-fj 4
hfh-fj 2
bea-fj 2
ff-fj 2
bcha-fj 3
ddg-fj 2
60
6
fga-ga 14
bi-ga 6
dac-ga 1
eah-ga 1
cg-ga 1
cih-ga 1
61
2
bbjc-gb 20
bbeb-gb 2
62
5
gge-gc 11
bdfa-gc 7
eie-gc 4
bga-gc 1
j-gc 1
63
5
bfgc-gd 10
cfj-gd 4
dai-gd 3
daj-gd 4
icd-gd 2
64
1
g-ge 21
65
1
cgh-gf 21
66
5
bfjf-gg 13
cdh-gg 8
jhg-gg 1
jdj-gg 1
idf-gg 1
67
1
bddh-gh 21
68
3
bcff-gi 18
cbe-gi 2
ch-gi 2
69
3
baad-gj 5
gjj-gj 13
edh-gj 5
70
3
db-ha 17
bda-ha 3
ecc-ha 3
71
2
iaa-hb 7
efh-hb 15
72
3
dbf-hc 6
ejc-hc 15
cif-hc 1
74
7
gij-he 3
bcd-he 1
bcjc-he 10
hc-he 3
bgi-he 4
bebb-he 3
gig-he 1
75
4
hie-hf 11
bdbc-hf 7
da-hf 3
dah-hf 3
76
4
bja-hg 13
cgj-hg 4
gbd-hg 4
dfj-hg 2
77
7
bjb-hh 5
beic-hh 2
cae-hh 4
bdh-hh 2
gcj-hh 9
jae-hh 2
caa-hh 2
78
3
baec-hi 10
iba-hi 10
ihf-hi 2
79
2
jfc-hj 19
gfg-hj 3
80
2
bdjd-ia 7
bfeh-ia 14
81
4
ghd-ib 9
dea-ib 4
gia-ib 7
dad-ib 4
82
2
bedh-ic 18
fdf-ic 4
83
4
eab-id 19
gbg-id 2
ebd-id 1
ej-id 1
84
4
eeh-ie 6
haj-ie 6
dej-ie 6
fbb-ie 6
85
2
bcge-if 15
bfce-if 6
86
1
baif-ig 21
87
3
cgh-ih 15
bcfj-ih 4
bba-ih 3
88
6
chf-ii 14
eig-ii 1
bacj-ii 5
bacd-ii 1
bgfi-ii 2
dgc-ii 2
89
4
bcd-ij 11
dbi-ij 3
ife-ij 7
fbc-ij 3
90
2
hij-ja 20
bei-ja 2
91
2
bc-jb 11
bhe-jb 11
92
6
babi-jc 12
bbjg-jc 10
gbe-jc 1
fci-jc 1
gii-jc 1
hj-jc 1
93
2
cae-jd 11
fhj-jd 11
94
6
bfc-je 8
bfgb-je 3
fcf-je 2
gdf-je 6
bi-je 5
bbi-je 1
95
3
iae-jf 7
dfc-jf 4
gbd-jf 12
96
3
daf-jg 20
beb-jg 1
ec-jg 1
97
6
bbfg-jh 18
hib-jh 2
bcbf-jh 1
dai-jh 2
ecj-jh 1
ei-jh 1
98
5
idd-ji 2
bccj-ji 5
bdjh-ji 13
beaa-ji 3
gbe-ji 1
99
3
fgf-jj 7
bcee-jj 10
dej-jj 5
100
4
efg-baa 9
dig-baa 10
bfg-baa 2
fhg-baa 2
101
4
eic-bab 6
ede-bab 5
chf-bab 9
jhg-bab 3
102
4
gja-bac 8
bfe-bac 12
da-bac 1
hj-bac 2
103
3
jid-bad 12
bha-bad 7
bfi-bad 3
104
4
bdga-bae 17
ceg-bae 2
dgj-bae 2
cd-bae 1
105
5
bdbh-baf 15
bcb-baf 2
cj-baf 4
cgb-baf 2
cbg-baf 2
106
6
baab-bag 3
bfce-bag 8
ede-bag 3
bbfi-bag 3
dad-bag 3
fic-bag 3
107
6
gjh-bah 12
deg-bah 3
ifd-bah 3
bbcc-bah 2
hbf-bah 3
ddf-bah 1
108
2
cfj-bai 13
bda-bai 9
109
6
chf-baj 5
cjg-baj 3
eg-baj 7
ddb-baj 3
bda-baj 5
db-baj 3
110
5
je-bba 3
gdc-bba 9
fbe-bba 7
dic-bba 3
hi-bba 2
111
4
d-bbb 8
fdh-bbb 9
edb-bbb 4
bdh-bbb 2
112
4
chf-bbc 18
jje-bbc 2
dgb-bbc 1
gbg-bbc 1
113
2
bja-bbd 11
gca-bbd 11
114
3
ehd-bbe 14
cb-bbe 4
cie-bbe 4
115
5
bei-bbf 12
bage-bbf 8
dfc-bbf 1
fj-bbf 2
bej-bbf 1
116
6
iff-bbg 9
bbbj-bbg 2
gdc-bbg 6
eba-bbg 2
eg-bbg 4
cbd-bbg 1
117
3
bacc-bbh 20
gjh-bbh 1
ehi-bbh 1
118
8
beeh-bbi 19
gfd-bbi 2
beb-bbi 1
bech-bbi 1
cbb-bbi 1
ib-bbi 1
cea-bbi 1
ige-bbi 1
119
5
fag-bbj 19
eh-bbj 2
ige-bbj 1
bbag-bbj 2
baja-bbj 1
120
6
gae-bca 4
cc-bca 2
eae-bca 7
gaf-bca 2
cji-bca 7
bae-bca 2
121
4
fba-bcb 13
bbgc-bcb 4
bbdg-bcb 5
bdea-bcb 1
122
5
bbff-bcc 17
bbab-bcc 4
bebg-bcc 1
hgb-bcc 1
jg-bcc 1
123
4
eed-bcd 13
ddj-bcd 3
jec-bcd 5
iie-bcd 2
124
8
gef-bce 7
gc-bce 4
bagd-bce 4
bi-bce 4
edi-bce 4
ccc-bce 1
fed-bce 1
bb-bce 1
125
4
ddj-bcf 6
deg-bcf 4
cea-bcf 9
gih-bcf 4
126
6
hcj-bcg 3
dgg-bcg 3
dbg-bcg 6
bhj-bcg 3
g-bcg 6
cah-bcg 3
127
6
ecb-bch 4
gad-bch 8
fbh-bch 7
bgbf-bch 3
bfc-bch 1
dfd-bch 1
128
7
bbhe-bci 14
bbf-bci 1
bagb-bci 4
bcbc-bci 3
bbc-bci 1
fag-bci 1
fi-bci 1
129
7
iff-bcj 16
bah-bcj 2
icj-bcj 2
cjg-bcj 1
bbf-bcj 2
cjh-bcj 1
eac-bcj 1
130
6
dhg-bda 3
ffa-bda 14
dfj-bda 4
eh-bda 3
fbe-bda 1
ia-bda 1
131
8
efd-bdb 12
bhb-bdb 2
jbg-bdb 2
deh-bdb 4
djh-bdb 2
bfc-bdb 1
fib-bdb 1
cda-bdb 1
132
9
bbfe-bdc 2
fee-bdc 8
fdc-bdc 3
jbg-bdc 2
bbjh-bdc 2
bfea-bdc 5
cfc-bdc 1
bbah-bdc 1
bec-bdc 1
133
5
bcgc-bdd 14
bece-bdd 6
efa-bdd 1
bjf-bdd 1
bja-bdd 1
134
6
bdh-bde 2
hhi-bde 2
iah-bde 7
bba-bde 4
gge-bde 7
beec-bde 4
135
6
hcg-bdf 11
bbab-bdf 5
gea-bdf 5
gbf-bdf 2
hc-bdf 1
bhe-bdf 1
136
7
jdg-bdg 2
bahh-bdg 11
bbij-bdg 6
djj-bdg 1
ch-bdg 1
cha-bdg 2
dhi-bdg 1
137
4
jjg-bdh 10
edg-bdh 4
feh-bdh 6
ce-bdh 3
138
6
iic-bdi 16
gci-bdi 4
jbe-bdi 1
bffi-bdi 1
bcfj-bdi 1
ich-bdi 1
139
6
geh-bdj 11
jfe-bdj 8
bbbh-bdj 1
igg-bdj 1
hhc-bdj 2
igb-bdj 1
140
3
dgc-bea 17
fif-bea 2
dgb-bea 3
141
7
djg-beb 2
hia-beb 16
edh-beb 2
ffd-beb 1
dci-beb 2
fe-beb 1
cbg-beb 2
142
8
hea-bec 7
hj-bec 4
ii-bec 3
bdei-bec 7
eei-bec 2
ica-bec 1
hff-bec 1
bdh-bec 1
143
5
cd-bed 16
ica-bed 2
begd-bed 3
feh-bed 2
cfa-bed 1
144
4
bgbe-bee 20
gjd-bee 1
dfg-bee 1
bbej-bee 1
145
4
dai-bef 9
bjd-bef 3
fgj-bef 8
jei-bef 3
146
5
fei-beg 7
hgd-beg 3
bja-beg 3
bef-beg 9
ea-beg 3
147
9
ieh-beh 13
hi-beh 3
jbj-beh 2
gdd-beh 1
bab-beh 2
ccg-beh 1
ih-beh 1
cia-beh 2
ef-beh 1
148
5
jca-bei 11
bcgi-bei 4
fge-bei 6
jbi-bei 2
becg-bei 1
149
5
fif-bej 14
cdi-bej 1
bec-bej 5
dbi-bej 2
bdb-bej 1
150
5
egg-bfa 3
cjd-bfa 13
cdf-bfa 3
ddd-bfa 2
ifi-bfa 2
151
2
bdji-bfb 20
fda-bfb 2
152
8
dcb-bfc 15
gbi-bfc 2
bafi-bfc 3
ifh-bfc 2
fbb-bfc 1
fcb-bfc 1
cei-bfc 1
dhb-bfc 1
153
3
haa-bfd 9
cie-bfd 7
jgi-bfd 7
154
5
dch-bfe 9
gbc-bfe 3
cgh-bfe 3
baea-bfe 8
hff-bfe 1
155
4
eec-bff 10
bcie-bff 4
gfe-bff 8
fdh-bff 2
156
7
bgac-bfg 15
hj-bfg 2
hhe-bfg 3
efi-bfg 2
fh-bfg 1
bef-bfg 1
be-bfg 1
157
4
eaa-bfh 11
bae-bfh 4
gcj-bfh 4
baf-bfh 4
158
7
bgci-bfi 14
gaa-bfi 7
idg-bfi 1
bacf-bfi 1
jhe-bfi 1
ich-bfi 1
ecj-bfi 1
159
5
gce-bfj 2
bii-bfj 7
gif-bfj 4
jjj-bfj 9
ded-bfj 2
160
2
hbd-bga 17
efe-bga 5
161
6
cgc-bgb 3
hea-bgb 16
bedd-bgb 2
bahe-bgb 1
bcga-bgb 1
dff-bgb 1
162
6
bdeh-bgc 10
cgd-bgc 7
fd-bgc 2
ffi-bgc 2
ehc-bgc 2
cff-bgc 2
163
5
edg-bgd 12
bgdh-bgd 6
f-bgd 2
gd-bgd 3
dbj-bgd 2
164
3
hci-bge 10
jif-bge 10
d-bge 3
165
4
iaa-bgf 18
bd-bgf 2
bie-bgf 2
baih-bgf 2
166
6
heh-bgg 6
ehg-bgg 7
babe-bgg 1
bcaa-bgg 7
bdde-bgg 2
id-bgg 1
167
5
cgg-bgh 2
cej-bgh 3
bfgh-bgh 7
dbg-bgh 10
be-bgh 2
168
8
daj-bgi 11
cbi-bgi 6
bhh-bgi 3
baa-bgi 1
eij-bgi 2
dda-bgi 1
bc-bgi 1
cej-bgi 1
169
5
jai-bgj 5
hch-bgj 7
hbh-bgj 3
djh-bgj 3
bffe-bgj 5
170
6
ddd-bha 1
bff-bha 1
gi-bha 17
edd-bha 1
bde-bha 2
bi-bha 2
171
5
hhd-bhb 14
cda-bhb 2
fcb-bhb 3
bfbi-bhb 3
ih-bhb 3
172
6
bagf-bhc 5
bbfd-bhc 14
bfe-bhc 2
gfg-bhc 1
edf-bhc 1
eje-bhc 1
173
4
hj-bhd 7
gii-bhd 4
eed-bhd 9
bcb-bhd 2
174
5
daa-bhe 18
cfe-bhe 2
bgj-bhe 1
chd-bhe 1
ebi-bhe 1
175
5
bci-bhf 12
ech-bhf 5
jga-bhf 2
dgi-bhf 3
ca-bhf 2
176
6
cdi-bhg 16
bci-bhg 1
iga-bhg 2
cfi-bhg 1
baf-bhg 2
babb-bhg 2
177
3
efe-bhh 13
bai-bhh 5
cch-bhh 5
178
5
gbb-bhi 3
ibh-bhi 7
eaj-bhi 12
cdb-bhi 1
bacb-bhi 1
179
6
bafb-bhj 16
ghd-bhj 2
hg-bhj 2
hbc-bhj 2
cb-bhj 2
fha-bhj 2
180
4
dac-bia 3
hi-bia 7
cch-bia 11
bjg-bia 3
181
3
eae-bib 21
fhc-bib 1
hjj-bib 1
182
3
baa-bic 11
eee-bic 7
hdc-bic 4
183
4
bef-bid 7
beh-bid 7
bajd-bid 4
dec-bid 4
184
11
hdd-bie 7
bcai-bie 3
bae-bie 2
eig-bie 3
bef-bie 2
bcc-bie 2
bde-bie 4
cdc-bie 2
dbe-bie 2
cfe-bie 2
bbc-bie 2
185
5
babf-bif 7
bgcg-bif 14
bahf-bif 1
je-bif 1
cji-bif 1
186
2
deg-big 15
bdde-big 7
187
4
bcff-bih 17
dcf-bih 4
ccj-bih 1
hef-bih 1
188
5
bga-bii 4
bcej-bii 10
caj-bii 2
ejd-bii 4
dfa-bii 3
189
6
cha-bij 10
eab-bij 2
gfi-bij 2
ba-bij 2
cia-bij 8
bcj-bij 2
190
3
dca-bja 19
ded-bja 2
dig-bja 1
191
4
bcdb-bjb 7
bbee-bjb 10
db-bjb 3
fed-bjb 2
192
5
ibe-bjc 5
baad-bjc 14
ggh-bjc 2
bagc-bjc 2
eia-bjc 2
193
3
hdg-bjd 16
bij-bjd 1
ghb-bjd 5
194
4
ecd-bje 18
cga-bje 3
eja-bje 1
dgf-bje 1
195
6
hic-bjf 3
baff-bjf 16
hii-bjf 1
ecg-bjf 2
hie-bjf 1
bccc-bjf 1
196
3
df-bjg 7
cec-bjg 4
dih-bjg 11
197
5
cd-bjh 11
bcb-bjh 6
jeb-bjh 3
gfd-bjh 2
djg-bjh 2
198
1
beeb-bji 21
199
4
baad-bjj 16
gci-bjj 4
jhe-bjj 2
edg-bjj 1
200
5
ecb-caa 6
djj-caa 7
hfg-caa 3
bafd-caa 5
jgd-caa 2
201
6
cjd-cab 5
bdg-cab 13
jbg-cab 2
jca-cab 1
daf-cab 1
bef-cab 2
202
5
fid-cac 9
dbf-cac 10
djc-cac 3
bbdh-cac 2
cgd-cac 1
203
3
ege-cad 9
icg-cad 9
edd-cad 5
204
8
jcd-cae 2
bcb-cae 7
gdi-cae 2
bccg-cae 5
hhb-cae 6
chb-cae 2
cci-cae 1
bea-cae 1
205
2
bafb-caf 20
gag-caf 2
206
3
cie-cag 15
fbi-cag 4
ebb-cag 4
207
6
cce-cah 3
bebe-cah 11
ih-cah 3
bahc-cah 4
fac-cah 3
fde-cah 2
208
1
jda-cai 21
209
4
eji-caj 9
ghh-caj 9
eba-caj 3
jh-caj 3
210
4
bccb-cba 1
bbjf-cba 13
bgdd-cba 8
bfi-cba 1
211
5
ihc-cbb 7
cge-cbb 9
ca-cbb 2
da-cbb 2
be-cbb 3
212
2
efg-cbc 14
bcdg-cbc 7
213
8
jfc-cbd 18
bcdc-cbd 2
cec-cbd 1
jej-cbd 1
eag-cbd 1
bif-cbd 1
ehe-cbd 1
chb-cbd 1
214
1
bbcc-cbe 21
215
2
cdj-cbf 7
bff-cbf 14
216
4
becj-cbg 12
bbfi-cbg 9
bdg-cbg 1
hjj-cbg 1
217
5
bhi-cbh 14
jhi-cbh 5
bfg-cbh 2
ej-cbh 2
caj-cbh 2
218
2
ede-cbi 20
ebh-cbi 1
219
5
hi-cbj 3
gjj-cbj 14
dcf-cbj 4
jec-cbj 2
db-cbj 3
220
5
ihg-cca 3
bbdb-cca 9
bbi-cca 3
ehi-cca 3
eea-cca 7
221
6
ddd-ccb 6
jeh-ccb 6
bjj-ccb 3
eig-ccb 3
d-ccb 3
ejj-ccb 3
222
3
jfh-ccc 13
eag-ccc 6
bcda-ccc 3
223
6
feh-ccd 3
bajb-ccd 12
cjf-ccd 3
dhh-ccd 2
eae-ccd 2
ecd-ccd 2
224
4
hdf-cce 3
bceh-cce 14
bdc-cce 3
daf-cce 3
225
7
ihi-ccf 17
dca-ccf 3
ga-ccf 2
ghd-ccf 1
hcc-ccf 1
jeg-ccf 1
bfdd-ccf 1
226
5
hjh-ccg 4
hde-ccg 4
ide-ccg 4
bahi-ccg 9
bih-ccg 4
227
3
baaf-cch 7
egd-cch 14
ice-cch 1
228
3
bgbg-cci 11
bbfd-cci 10
haf-cci 2
229
6
hji-ccj 12
eeb-ccj 4
gdf-ccj 3
cch-ccj 2
j-ccj 1
bch-ccj 1
230
3
ejd-cda 11
dd-cda 7
jae-cda 4
231
4
ejg-cdb 19
jaa-cdb 2
bff-cdb 1
fcf-cdb 1
232
6
ddj-cdc 10
ccj-cdc 2
fad-cdc 7
eb-cdc 2
gac-cdc 2
hjg-cdc 2
233
2
bebi-cdd 16
db-cdd 6
234
7
bdia-cde 5
hhb-cde 7
gge-cde 6
bi-cde 3
bjb-cde 2
fff-cde 2
bj-cde 2
235
5
fjc-cdf 19
dfa-cdf 1
iee-cdf 1
bhj-cdf 1
badh-cdf 1
236
6
dff-cdg 19
bdf-cdg 1
bfjd-cdg 2
gcf-cdg 1
eif-cdg 1
cid-cdg 1
237
3
bbja-cdh 20
gfd-cdh 1
gd-cdh 1
238
4
beha-cdi 15
deb-cdi 1
j-cdi 5
jbc-cdi 2
239
3
chh-cdj 2
hgg-cdj 4
ega-cdj 17
240
6
jaj-cea 12
che-cea 8
cfi-cea 1
gbi-cea 2
cac-cea 1
be-cea 1
241
6
bdea-ceb 19
bfj-ceb 1
cii-ceb 1
dhh-ceb 1
dfe-ceb 1
bch-ceb 1
242
4
bajb-cec 13
bad-cec 6
bbc-cec 2
bdg-cec 3
243
3
bbgc-ced 17
cah-ced 4
efg-ced 2
244
3
ic-cee 14
eej-cee 6
jhc-cee 2
245
4
bha-cef 9
bfi-cef 8
dab-cef 5
bbec-cef 2
246
4
iag-ceg 7
cah-ceg 8
gdg-ceg 7
bfa-ceg 2
247
4
gdd-ceh 7
eeg-ceh 7
cic-ceh 4
bje-ceh 4
248
5
fhi-cei 8
dgf-cei 6
bfb-cei 3
ehj-cei 3
ddf-cei 3
249
8
bbeg-cej 6
bh-cej 8
bbee-cej 5
dif-cej 3
bda-cej 1
jej-cej 1
gig-cej 1
ef-cej 1
250
5
gei-cfa 8
bdhb-cfa 10
hdi-cfa 2
ice-cfa 3
eb-cfa 1
251
7
fgg-cfb 3
g-cfb 4
fhe-cfb 8
baga-cfb 3
gje-cfb 3
fc-cfb 2
cea-cfb 3
252
3
gef-cfc 13
ieg-cfc 6
eca-cfc 3
253
6
bchd-cfd 12
cje-cfd 4
bcdh-cfd 2
geb-cfd 3
a-cfd 1
ccg-cfd 2
254
2
ijc-cfe 18
jf-cfe 3
255
5
hda-cff 3
bafc-cff 7
ejg-cff 12
egj-cff 1
hjf-cff 1
256
4
bbdg-cfg 10
ej-cfg 4
bfdb-cfg 7
gic-cfg 2
257
7
cie-cfh 19
fjh-cfh 1
bee-cfh 1
bbee-cfh 1
cid-cfh 1
baj-cfh 1
gbg-cfh 1
258
5
chd-cfi 3
dhi-cfi 12
badf-cfi 3
bcfi-cfi 4
eec-cfi 3
259
6
cfi-cfj 15
beb-cfj 4
bd-cfj 2
fh-cfj 2
efb-cfj 2
dib-cfj 2
260
6
bcjf-cga 16
cgd-cga 1
chj-cga 1
bhb-cga 3
cah-cga 1
chf-cga 2
261
4
gdf-cgb 5
da-cgb 10
deb-cgb 6
dhd-cgb 1
262
5
fji-cgc 2
ee-cgc 3
ica-cgc 8
hfc-cgc 7
hdb-cgc 3
263
6
dcf-cgd 12
bafi-cgd 2
bafd-cgd 6
bec-cgd 2
dcj-cgd 2
bajg-cgd 1
264
5
bba-cge 6
bfc-cge 10
cci-cge 3
fh-cge 2
hai-cge 2
265
4
bgbh-cgf 11
fcc-cgf 9
gie-cgf 1
ibe-cgf 2
266
5
fhc-cgg 13
dib-cgg 2
bdh-cgg 3
bii-cgg 2
bgae-cgg 3
267
5
bdhc-cgh 19
hc-cgh 1
cag-cgh 1
babb-cgh 1
hif-cgh 1
268
5
baaa-cgi 18
daf-cgi 1
fdh-cgi 3
djh-cgi 1
ia-cgi 1
269
4
dgg-cgj 2
eag-cgj 8
ifi-cgj 10
fei-cgj 3
270
6
dcb-cha 5
egj-cha 5
ged-cha 8
dhj-cha 2
gfh-cha 4
bhi-cha 1
271
3
bcbi-chb 14
fff-chb 6
eci-chb 2
272
4
jhd-chc 14
bbfj-chc 5
jfb-chc 2
hba-chc 2
273
4
cjc-chd 2
bfbg-chd 17
dfj-chd 2
ebh-chd 2
274
2
befj-che 20
dbj-che 1
275
5
eca-chf 19
fch-chf 2
ehb-chf 1
did-chf 1
hfb-chf 1
276
3
iab-chg 11
edh-chg 7
hja-chg 4
277
2
ca-chh 11
cid-chh 11
278
6
bbea-chi 5
bbc-chi 15
ibj-chi 1
cee-chi 1
jeh-chi 2
hga-chi 1
279
6
hhi-chj 11
bgh-chj 2
dia-chj 2
fjd-chj 2
fg-chj 4
jg-chj 2
280
4
jj-cia 4
cce-cia 2
jej-cia 7
eie-cia 9
281
5
bdhb-cib 2
eha-cib 11
bdhh-cib 8
hh-cib 1
bcce-cib 2
282
3
dhi-cic 17
igc-cic 2
bbi-cic 2
283
11
cjb-cid 11
cab-cid 2
fcf-cid 3
hgg-cid 2
bii-cid 1
dfa-cid 1
bdh-cid 2
ebi-cid 2
ehb-cid 1
dfd-cid 2
fic-cid 1
284
3
jfi-cie 14
gg-cie 7
bih-cie 1
285
8
bcja-cif 19
bbai-cif 1
dae-cif 1
baed-cif 1
dcb-cif 1
gfe-cif 1
dgb-cif 1
idd-cif 1
286
5
hbj-cig 13
bbac-cig 4
eef-cig 2
dge-cig 2
hdd-cig 2
287
2
icg-cih 21
cda-cih 1
288
6
baha-cii 13
ggd-cii 4
gbi-cii 3
gc-cii 1
dad-cii 2
cah-cii 2
289
3
ch-cij 6
dgf-cij 14
bgi-cij 3
290
5
bcaa-cja 7
ead-cja 4
hcj-cja 7
ehg-cja 4
ija-cja 2
291
3
beba-cjb 18
bagh-cjb 2
jbi-cjb 3
292
4
bada-cjc 4
bfgi-cjc 17
bcih-cjc 2
db-cjc 1
293
2
bdaa-cjd 18
eje-cjd 4
294
3
cea-cje 13
bbi-cje 7
fje-cje 2
295
2
dba-cjf 13
cgb-cjf 9
296
1
cgb-cjg 21
297
4
hhf-cjh 5
da-cjh 5
jfd-cjh 10
he-cjh 3
298
6
bee-cji 2
bdce-cji 15
hbd-cji 2
bdcg-cji 2
id-cji 3
dbj-cji 2
299
6
jah-cjj 16
bfeb-cjj 5
bgh-cjj 1
cc-cjj 1
bcie-cjj 1
fci-cjj 1
300
6
bfde-daa 12
bbhc-daa 4
jjb-daa 5
fh-daa 1
edd-daa 1
ih-daa 1
301
6
hi-dab 18
bef-dab 2
icf-dab 1
cjh-dab 1
bace-dab 2
ede-dab 1
302
5
iid-dac 7
dce-dac 6
fgc-dac 3
bgi-dac 5
de-dac 2
303
4
gfd-dad 13
gcb-dad 3
gfe-dad 5
dab-dad 2
304
4
fce-dae 4
ebf-dae 1
bcib-dae 17
baaa-dae 1
305
7
badi-daf 11
bdcb-daf 7
fbb-daf 4
jae-daf 1
bddb-daf 1
cha-daf 1
bdag-daf 1
306
3
hcd-dag 15
eb-dag 4
jg-dag 4
307
3
ihj-dah 4
ehc-dah 9
ggg-dah 9
308
5
bafa-dai 7
bchi-dai 12
ebd-dai 2
ejb-dai 2
chh-dai 2
309
6
fhj-daj 5
geh-daj 13
dhe-daj 2
dce-daj 2
fae-daj 1
ebb-daj 1
310
3
hhj-dba 18
gdh-dba 3
bff-dba 2
311
4
eaa-dbb 20
cjb-dbb 1
dfc-dbb 1
dgi-dbb 1
312
2
hca-dbc 14
dah-dbc 7
313
5
gcb-dbd 15
ceg-dbd 1
bdjf-dbd 5
bfg-dbd 2
bbg-dbd 1
314
3
dfh-dbe 2
bcaf-dbe 18
dac-dbe 2
315
7
gib-dbf 19
gdc-dbf 1
eid-dbf 1
bbcb-dbf 1
baad-dbf 2
dac-dbf 1
ei-dbf 1
316
3
iag-dbg 20
dab-dbg 2
ffg-dbg 1
317
5
fha-dbh 17
caa-dbh 3
cid-dbh 2
gfj-dbh 2
cdb-dbh 2
318
5
bcaa-dbi 7
edd-dbi 10
ch-dbi 2
fah-dbi 2
eia-dbi 2
319
6
dhd-dbj 8
gjf-dbj 5
cgb-dbj 2
dad-dbj 5
bb-dbj 3
cg-dbj 2
320
5
jbi-dca 14
bda-dca 4
bdii-dca 5
badg-dca 1
a-dca 1
321
6
eda-dcb 8
fi-dcb 3
gad-dcb 9
gbj-dcb 2
efg-dcb 1
jia-dcb 2
322
9
gdi-dcc 1
jah-dcc 9
di-dcc 6
heg-dcc 2
cdd-dcc 1
ddf-dcc 1
chf-dcc 4
fbb-dcc 1
eie-dcc 1
323
3
cg-dcd 10
gda-dcd 5
cfg-dcd 7
324
3
jef-dce 20
ebg-dce 1
cce-dce 1
325
5
bbja-dcf 13
fea-dcf 3
cgb-dcf 4
bhe-dcf 2
fce-dcf 2
326
2
dca-dcg 19
cd-dcg 2
327
4
bdgc-dch 2
jai-dch 19
cjc-dch 1
dh-dch 1
328
5
bcef-dci 11
ehi-dci 5
ddg-dci 4
dae-dci 4
cge-dci 1
329
5
jcg-dcj 16
begb-dcj 4
bde-dcj 1
dhd-dcj 1
dbj-dcj 1
330
4
bjj-dda 12
dai-dda 6
fjj-dda 3
cea-dda 3
331
6
bdge-ddb 6
ddd-ddb 4
eig-ddb 3
bcea-ddb 4
bbdj-ddb 4
cjb-ddb 3
332
5
dac-ddc 3
beg-ddc 2
bfjb-ddc 12
bja-ddc 5
ia-ddc 1
333
4
beef-ddd 17
bci-ddd 3
hed-ddd 1
gfa-ddd 1
334
8
d-dde 7
gaa-dde 1
bbj-dde 2
ejf-dde 2
ghh-dde 10
dbe-dde 2
fbe-dde 2
ifj-dde 1
335
7
fcf-ddf 10
id-ddf 3
eij-ddf 5
eb-ddf 4
jh-ddf 1
bei-ddf 1
chf-ddf 1
336
3
eid-ddg 17
cgc-ddg 3
cdi-ddg 2
337
4
baa-ddh 16
ech-ddh 3
ef-ddh 4
edi-ddh 1
338
6
fib-ddi 2
jja-ddi 2
ef-ddi 7
ehd-ddi 8
bjc-ddi 2
cfa-ddi 2
339
6
dia-ddj 1
ecg-ddj 12
haa-ddj 7
ihj-ddj 2
ccd-ddj 1
ehi-ddj 1
340
6
ief-dea 5
edh-dea 4
ejd-dea 10
dia-dea 2
bgi-dea 3
ebe-dea 2
341
5
cbi-deb 16
fei-deb 3
hfg-deb 3
hgj-deb 2
hha-deb 1
342
5
bfg-dec 14
fdc-dec 3
bcgh-dec 4
ba-dec 1
bg-dec 2
343
5
ihf-ded 11
gij-ded 8
ddc-ded 2
bdbb-ded 2
jab-ded 1
344
3
cia-dee 7
fji-dee 12
dej-dee 3
345
3
jfi-def 17
bajh-def 4
ceb-def 1
346
5
eec-deg 4
hia-deg 4
fhd-deg 11
cfb-deg 2
cdh-deg 1
347
4
ifa-deh 4
iji-deh 7
dj-deh 9
gcf-deh 2
348
1
fif-dei 21
349
4
dif-dej 1
bcah-dej 20
fda-dej 1
babg-dej 1
350
5
fie-dfa 7
eai-dfa 3
ege-dfa 6
hab-dfa 6
bfb-dfa 3
351
3
e-dfb 19
ehb-dfb 2
bde-dfb 2
352
5
fgj-dfc 9
ca-dfc 5
fgg-dfc 4
eb-dfc 4
ddc-dfc 2
353
6
idj-dfd 15
da-dfd 2
gcb-dfd 1
bga-dfd 2
bfcc-dfd 3
bbae-dfd 1
354
4
baac-dfe 15
ii-dfe 4
badc-dfe 1
ejd-dfe 3
355
5
gie-dff 5
hii-dff 15
heg-dff 2
jha-dff 1
ife-dff 1
356
3
eib-dfg 20
dhf-dfg 1
cdj-dfg 1
357
5
bbcb-dfh 5
hg-dfh 1
fee-dfh 6
beci-dfh 5
fhb-dfh 8
358
3
hgh-dfi 18
egd-dfi 4
baac-dfi 1
359
3
bbah-dfj 18
eb-dfj 2
ejd-dfj 2
360
5
cb-dga 1
bcdg-dga 16
fff-dga 5
g-dga 1
dgi-dga 1
361
1
bcae-dgb 21
362
5
jic-dgc 10
fib-dgc 8
jja-dgc 1
bc-dgc 2
bdbb-dgc 1
363
7
badi-dgd 5
bfa-dgd 2
ifb-dgd 3
bajj-dgd 4
bbjf-dgd 8
feh-dgd 2
ebc-dgd 1
364
6
ef-dge 3
dc-dge 3
bccf-dge 11
beaa-dge 4
hcj-dge 3
ifc-dge 1
365
4
bbba-dgf 18
jfj-dgf 2
bffd-dgf 2
dhf-dgf 1
366
2
bced-dgg 11
bg-dgg 11
367
1
idi-dgh 21
368
5
deb-dgi 12
cgg-dgi 2
ibf-dgi 6
bbf-dgi 2
ceb-dgi 2
369
4
bea-dgj 6
ghb-dgj 2
gg-dgj 11
bcab-dgj 4
370
3
jhi-dha 6
ecg-dha 6
dji-dha 11
371
3
ebh-dhb 8
bajb-dhb 9
d-dhb 5
372
7
dbg-dhc 16
bdab-dhc 2
bbce-dhc 3
jii-dhc 2
ccd-dhc 1
bbed-dhc 1
dfg-dhc 1
373
6
baeg-dhd 7
hfh-dhd 2
dgh-dhd 7
ije-dhd 6
cdi-dhd 2
fhc-dhd 1
374
6
bbhi-dhe 10
dca-dhe 2
bbii-dhe 6
ieg-dhe 2
bbhb-dhe 4
ehb-dhe 1
375
5
baga-dhf 13
ebj-dhf 6
ich-dhf 2
bcf-dhf 1
cjd-dhf 3
376
4
ida-dhg 2
bfe-dhg 15
beab-dhg 5
begf-dhg 1
377
5
bdac-dhh 9
dgf-dhh 5
gbg-dhh 3
bbb-dhh 3
bbh-dhh 3
378
6
ihg-dhi 15
fhf-dhi 3
ebh-dhi 2
bcab-dhi 2
fjf-dhi 2
bbbb-dhi 2
379
7
begh-dhj 2
idc-dhj 2
idf-dhj 7
ddj-dhj 10
fce-dhj 2
icc-dhj 1
ecj-dhj 1
380
4
ecg-dia 20
hge-dia 1
bdc-dia 1
jcc-dia 1
381
4
dhj-dib 13
bgg-dib 4
ffd-dib 2
cfd-dib 5
382
8
edj-dic 11
fh-dic 3
bbgj-dic 1
ebi-dic 4
jff-dic 2
hc-dic 1
dih-dic 1
hhd-dic 3
383
6
bab-did 7
bgj-did 4
hid-did 4
eii-did 2
ccj-did 2
dhg-did 5
384
6
baag-die 14
fac-die 5
fea-die 2
jeb-die 1
fig-die 1
dci-die 1
385
1
bbdh-dif 21
386
3
edj-dig 5
fcd-dig 14
hih-dig 4
387
2
bbjg-dih 4
fdg-dih 17
388
2
bage-dii 15
bdeg-dii 7
389
5
ici-dij 18
cga-dij 1
hhe-dij 3
eai-dij 1
bacf-dij 1
390
2
bhe-dja 11
bdhi-dja 11
391
2
jjj-djb 19
eee-djb 3
392
3
jaj-djc 15
ddi-djc 4
dba-djc 3
393
5
cie-djd 4
ifd-djd 9
bejh-djd 7
jif-djd 2
jdd-djd 2
394
7
ddc-dje 1
beaj-dje 18
bbj-dje 2
dbh-dje 1
dbi-dje 1
he-dje 1
hag-dje 1
395
1
eha-djf 21
396
7
cji-djg 2
efi-djg 5
hca-djg 8
baa-djg 2
bceg-djg 4
bcc-djg 2
jbc-djg 2
397
9
bdef-djh 7
cjc-djh 10
bif-djh 1
ebi-djh 3
beca-djh 2
gdg-djh 2
gai-djh 1
djb-djh 1
bdh-djh 1
398
4
hhj-dji 11
cha-dji 5
cic-dji 3
bahj-dji 3
399
6
jib-djj 9
bbc-djj 7
egi-djj 1
dec-djj 4
caj-djj 1
dda-djj 1
400
7
bee-eaa 18
jbb-eaa 1
hjj-eaa 3
eji-eaa 1
hbg-eaa 1
bif-eaa 1
ghi-eaa 1
401
4
chi-eab 3
bdha-eab 2
fh-eab 1
bbga-eab 17
402
5
cej-eac 15
bagg-eac 5
jhi-eac 1
bcc-eac 1
big-eac 1
403
4
dce-ead 5
caf-ead 14
dj-ead 2
chj-ead 2
404
7
icb-eae 20
bic-eae 1
gdc-eae 1
fed-eae 1
fhi-eae 1
edd-eae 1
gai-eae 1
405
4
fgj-eaf 10
ghj-eaf 2
jc-eaf 5
fde-eaf 5
406
5
hea-eag 4
gff-eag 13
hgb-eag 3
cfa-eag 2
ca-eag 3
407
5
bbcf-eah 18
eca-eah 3
gdj-eah 1
bcaj-eah 1
cgd-eah 1
408
4
bbec-eai 19
efh-eai 2
be-eai 1
ffa-eai 1
409
4
beec-eaj 16
eae-eaj 3
jfa-eaj 3
dfj-eaj 1
410
6
bif-eba 18
bebc-eba 2
feb-eba 2
gih-eba 1
cee-eba 1
bjj-eba 1
411
7
fff-ebb 3
ggb-ebb 2
ffd-ebb 6
iij-ebb 9
fac-ebb 1
beb-ebb 3
ebg-ebb 1
412
3
baej-ebc 13
bjg-ebc 5
ecb-ebc 5
413
8
had-ebd 1
bdae-ebd 10
badb-ebd 8
dgi-ebd 2
ejb-ebd 2
cbb-ebd 1
cag-ebd 1
bcce-ebd 2
414
5
df-ebe 10
bfhc-ebe 6
hfg-ebe 2
dgb-ebe 2
ebb-ebe 5
415
3
bge-ebf 4
fhf-ebf 7
ijf-ebf 11
416
3
dcf-ebg 7
fga-ebg 11
ghg-ebg 4
417
3
icg-ebh 20
hdg-ebh 1
bahf-ebh 2
418
3
hfe-ebi 19
ebd-ebi 2
ebc-ebi 2
419
5
djj-ebj 5
jgc-ebj 13
igf-ebj 1
ehi-ebj 4
ghd-ebj 1
420
5
jga-eca 18
dbf-eca 1
eh-eca 3
jff-eca 1
dhi-eca 1
421
2
bchc-ecb 20
daj-ecb 1
422
8
bdch-ecc 17
edi-ecc 2
babd-ecc 1
cd-ecc 2
bdie-ecc 1
gce-ecc 1
idf-ecc 1
fbe-ecc 1
423
3
jfj-ecd 20
dha-ecd 1
fba-ecd 1
424
4
eaa-ece 15
ecd-ece 2
ici-ece 4
eeh-ece 2
425
4
dgb-ecf 4
beh-ecf 14
cib-ecf 4
dh-ecf 2
426
3
bcca-ecg 20
dfa-ecg 1
fbc-ecg 1
427
5
hcd-ech 19
dbh-ech 1
jjc-ech 2
bajd-ech 1
fcf-ech 1
428
4
hcg-eci 14
jac-eci 6
dh-eci 2
cei-eci 1
429
3
fbc-ecj 6
ihi-ecj 14
gbj-ecj 3
430
7
dhf-eda 12
igj-eda 1
bdcg-eda 2
bbdb-eda 6
eai-eda 1
dgb-eda 2
hbd-eda 1
431
6
jj-edb 5
gdd-edb 10
fb-edb 3
gec-edb 4
iia-edb 3
ff-edb 1
432
4
baa-edc 12
ihi-edc 7
dci-edc 2
bhb-edc 2
433
6
cbe-edd 14
bdh-edd 4
gag-edd 2
dfa-edd 2
ebd-edd 1
bai-edd 1
434
4
jh-ede 17
ffi-ede 2
jbb-ede 3
ejb-ede 1
435
6
hba-edf 10
bdfe-edf 8
ci-edf 1
bdag-edf 2
dic-edf 2
fah-edf 2
436
5
cde-edg 8
ie-edg 3
jgh-edg 6
ggd-edg 5
ddc-edg 1
437
5
bbgb-edh 14
hcd-edh 4
beb-edh 2
cfj-edh 2
dah-edh 2
438
9
gie-edi 5
egf-edi 5
bjd-edi 2
baib-edi 3
eja-edi 4
ccg-edi 1
gah-edi 3
bda-edi 2
cfj-edi 1
439
3
egf-edj 19
egj-edj 3
cfb-edj 1
440
4
gcc-eea 9
djh-eea 3
bgj-eea 9
igj-eea 3
441
4
bab-eeb 3
hgh-eeb 10
dec-eeb 4
hei-eeb 6
442
3
dge-eec 10
bha-eec 3
hci-eec 10
443
4
iaa-eed 18
jhc-eed 1
fcg-eed 3
gcd-eed 1
444
3
idg-eee 13
fgi-eee 7
chb-eee 2
445
5
bdg-eef 16
bdcd-eef 3
dej-eef 2
jad-eef 1
bie-eef 2
446
6
dji-eeg 5
cfe-eeg 3
bfc-eeg 9
chg-eeg 2
badg-eeg 3
dcc-eeg 3
447
2
gbb-eeh 15
fbd-eeh 7
448
5
beed-eei 19
bih-eei 2
fii-eei 1
haj-eei 1
ejc-eei 1
449
4
bcih-eej 14
bcag-eej 4
chc-eej 1
bbif-eej 4
450
6
bccg-efa 4
jia-efa 9
hch-efa 8
egc-efa 1
cbb-efa 1
dhd-efa 1
451
3
ehc-efb 15
bbgj-efb 4
eib-efb 4
452
4
ehd-efc 13
fdg-efc 4
bhh-efc 4
hd-efc 2
453
3
fei-efd 20
iac-efd 1
igj-efd 1
454
2
bcdb-efe 20
ija-efe 1
455
5
jge-eff 3
fff-eff 1
bjf-eff 17
hgf-eff 2
bbed-eff 1
456
4
iib-efg 10
bcad-efg 11
bbj-efg 1
fii-efg 1
457
7
iic-efh 9
igc-efh 4
ded-efh 8
bbeg-efh 1
dci-efh 1
fde-efh 1
ibb-efh 1
458
3
eec-efi 13
eed-efi 6
icc-efi 3
459
6
bbca-efj 7
bbfa-efj 7
fhc-efj 2
gde-efj 3
efe-efj 3
fje-efj 2
460
8
bja-ega 14
feh-ega 2
bac-ega 3
cbg-ega 1
jca-ega 4
cgd-ega 1
icf-ega 1
bbac-ega 1
461
6
bcdf-egb 15
cdg-egb 1
hic-egb 5
jg-egb 2
fdb-egb 1
efi-egb 1
462
2
ccj-egc 6
ddc-egc 16
463
3
cfa-egd 19
bdhg-egd 2
bbf-egd 1
464
6
dib-ege 3
ifi-ege 8
bg-ege 2
ecb-ege 6
dbb-ege 3
fdb-ege 4
465
4
ifd-egf 10
eae-egf 8
fge-egf 5
cha-egf 1
466
5
idd-egg 10
jia-egg 4
die-egg 3
eaj-egg 7
ed-egg 1
467
2
iid-egh 19
cii-egh 3
468
4
ghc-egi 3
hef-egi 11
cdi-egi 5
efa-egi 5
469
6
jdg-egj 11
dbi-egj 3
baih-egj 5
jj-egj 3
ibi-egj 1
ij-egj 1
470
6
cgh-eha 20
bbi-eha 1
eid-eha 1
bjj-eha 1
fgd-eha 1
bcbi-eha 1
471
4
hib-ehb 20
fei-ehb 1
bfc-ehb 1
bj-ehb 1
472
2
iad-ehc 17
cdh-ehc 5
473
4
hcb-ehd 19
hjj-ehd 1
bffb-ehd 2
dfd-ehd 1
474
4
ibh-ehe 15
bebj-ehe 4
di-ehe 1
hje-ehe 3
475
5
cac-ehf 5
fag-ehf 7
caa-ehf 3
jgj-ehf 7
hgh-ehf 3
476
5
edf-ehg 10
hda-ehg 6
bdgh-ehg 5
cgg-ehg 1
ddb-ehg 1
477
5
ecf-ehh 16
dcc-ehh 1
dad-ehh 3
gcc-ehh 3
had-ehh 1
478
3
bbeg-ehi 3
jfd-ehi 18
fef-ehi 1
479
4
hbj-ehj 4
bcgj-ehj 11
eci-ehj 7
baeh-ehj 2
480
5
efb-eia 3
ddb-eia 7
bfa-eia 7
cjj-eia 3
efc-eia 5
481
4
iih-eib 15
bcji-eib 1
bbbe-eib 6
dg-eib 1
482
5
bdfb-eic 12
bfef-eic 8
fhi-eic 1
ebb-eic 1
befh-eic 1
483
6
bdg-eid 6
bddi-eid 3
bfhj-eid 9
hc-eid 3
ejg-eid 2
fbg-eid 2
484
5
bbaf-eie 1
gbb-eie 11
ffj-eie 8
gcf-eie 2
baf-eie 2
485
4
fdf-eif 14
hac-eif 3
daa-eif 4
djj-eif 3
486
4
bfeh-eig 10
fdf-eig 4
edi-eig 6
ede-eig 3
487
5
jc-eih 3
daa-eih 4
efh-eih 4
cag-eih 4
ifi-eih 8
488
4
bfdi-eii 17
cfd-eii 2
bgb-eii 3
fij-eii 1
489
5
ief-eij 3
dcc-eij 6
jae-eij 10
dfg-eij 4
bje-eij 1
490
3
babi-eja 17
iaj-eja 3
hej-eja 2
491
3
ibd-ejb 17
bhc-ejb 4
cdi-ejb 2
492
6
daj-ejc 2
ggd-ejc 6
bcbe-ejc 11
gji-ejc 2
hgb-ejc 3
eia-ejc 2
493
2
ige-ejd 20
iic-ejd 1
494
6
ebj-eje 5
iei-eje 7
gic-eje 3
ege-eje 3
cif-eje 3
bfj-eje 4
495
3
bfja-ejf 17
bgb-ejf 3
ecf-ejf 2
496
4
feg-ejg 15
chd-ejg 5
eb-ejg 1
ghb-ejg 1
497
4
egb-ejh 9
idi-ejh 5
bbi-ejh 5
iaa-ejh 5
498
5
hfb-eji 7
cdd-eji 4
cgh-eji 4
d-eji 6
dih-eji 3
499
2
chf-ejj 19
hif-ejj 3
500
5
bbba-faa 12
deg-faa 3
ice-faa 4
dhg-faa 3
dfb-faa 1
501
2
dbf-fab 14
dda-fab 7
502
5
hbc-fac 6
bbii-fac 12
hdh-fac 3
cbh-fac 1
cbi-fac 1
503
6
fgd-fad 3
iej-fad 4
bdjg-fad 3
baei-fad 13
dih-fad 1
cfh-fad 1
504
4
bdia-fae 9
baba-fae 12
fje-fae 1
fej-fae 1
505
3
hid-faf 9
bcja-faf 11
ice-faf 3
506
5
dbf-fag 19
bahb-fag 1
jif-fag 1
hcd-fag 1
ggd-fag 1
507
1
jbj-fah 21
508
4
fdh-fai 16
gdj-fai 2
badj-fai 4
bcj-fai 2
509
4
bhe-faj 10
ggb-faj 8
ga-faj 2
iii-faj 2
510
4
bbdb-fba 20
dii-fba 1
cdi-fba 1
bge-fba 1
511
5
jgi-fbb 16
geh-fbb 1
jih-fbb 2
fid-fbb 2
fic-fbb 1
512
4
ejh-fbc 5
eeg-fbc 7
fej-fbc 5
baag-fbc 7
513
5
bih-fbd 5
jhc-fbd 10
hej-fbd 6
eai-fbd 2
ejj-fbd 1
514
3
bajc-fbe 2
bceh-fbe 18
fgi-fbe 2
515
1
jbh-fbf 21
516
2
dff-fbg 7
edb-fbg 15
517
6
bcjg-fbh 4
bc-fbh 6
fdh-fbh 8
fgb-fbh 3
hca-fbh 2
ib-fbh 2
518
5
bjb-fbi 12
ebf-fbi 6
cfg-fbi 3
eah-fbi 2
dcc-fbi 2
519
6
hdc-fbj 18
fch-fbj 2
ieg-fbj 1
hb-fbj 1
beig-fbj 2
fdc-fbj 1
520
5
bccg-fca 9
gaj-fca 9
dce-fca 2
jib-fca 3
bcie-fca 1
521
5
h-fcb 1
bcdf-fcb 17
bhb-fcb 2
hbb-fcb 3
fij-fcb 1
522
4
bfca-fcc 16
gbd-fcc 3
gic-fcc 3
fjh-fcc 2
523
4
cba-fcd 20
ghf-fcd 1
cae-fcd 1
hib-fcd 1
524
3
gia-fce 5
baec-fce 16
gjh-fce 1
525
7
baib-fcf 5
cce-fcf 2
ehe-fcf 12
cgf-fcf 1
ebi-fcf 3
bff-fcf 2
ejd-fcf 1
526
4
bcah-fcg 2
gcc-fcg 18
bbe-fcg 2
eig-fcg 2
527
8
ecb-fch 7
eae-fch 7
fcf-fch 2
bcee-fch 5
beaj-fch 2
hfc-fch 1
bfgh-fch 1
cjb-fch 1
528
7
dfh-fci 7
bbea-fci 5
iba-fci 7
dei-fci 2
fhg-fci 2
dfd-fci 1
iei-fci 1
529
5
heb-fcj 3
hge-fcj 10
ffb-fcj 4
ghc-fcj 3
egd-fcj 4
530
6
bbbd-fda 7
cfd-fda 6
bhi-fda 5
edf-fda 5
bhj-fda 2
gca-fda 1
531
4
eha-fdb 19
def-fdb 3
ffg-fdb 1
bcga-fdb 1
532
6
bahi-fdc 12
cif-fdc 4
dad-fdc 2
dhh-fdc 3
bbjb-fdc 2
eg-fdc 1
533
9
bei-fdd 2
baei-fdd 9
hid-fdd 2
eaf-fdd 2
edd-fdd 7
bfha-fdd 2
dfb-fdd 1
baif-fdd 1
bfie-fdd 1
534
3
jj-fde 13
fih-fde 5
egb-fde 5
535
6
fdg-fdf 3
cgg-fdf 2
ibe-fdf 14
gdc-fdf 3
fbj-fdf 1
bade-fdf 1
536
5
gje-fdg 2
bach-fdg 12
gbh-fdg 3
bdhg-fdg 5
bhi-fdg 2
537
7
deb-fdh 13
cjd-fdh 2
ffa-fdh 4
hjd-fdh 2
cdc-fdh 2
bcjh-fdh 1
gf-fdh 1
538
2
jii-fdi 20
bh-fdi 1
539
2
bdfh-fdj 18
hbh-fdj 3
540
5
bbia-fea 9
caf-fea 1
bceb-fea 3
bdcd-fea 9
ee-fea 1
541
6
ieb-feb 14
ibd-feb 4
dfh-feb 4
hgh-feb 1
cid-feb 1
ih-feb 1
542
3
bfij-fec 3
bfcg-fec 18
ffe-fec 1
543
5
hdi-fed 12
bbhb-fed 8
fdh-fed 2
eac-fed 1
fjd-fed 1
544
5
bbaa-fee 8
ecb-fee 6
be-fee 2
fff-fee 3
ihf-fee 6
545
5
bfdg-fef 17
je-fef 4
bbfh-fef 2
dfe-fef 1
bdad-fef 1
546
6
hgh-feg 19
bcgj-feg 2
ihh-feg 1
bi-feg 1
bd-feg 1
ijc-feg 1
547
5
hei-feh 4
djg-feh 15
chc-feh 1
bch-feh 1
bbdc-feh 1
548
6
begd-fei 17
bcgi-fei 2
eeg-fei 2
fbi-fei 1
ffc-fei 1
dbc-fei 1
549
4
gcg-fej 7
hhe-fej 6
eji-fej 2
dfe-fej 7
550
5
bfef-ffa 12
gch-ffa 6
idb-ffa 4
dce-ffa 1
df-ffa 1
551
7
i-ffb 2
dab-ffb 11
ica-ffb 6
jfe-ffb 3
cfd-ffb 2
cbd-ffb 1
gda-ffb 1
552
4
bdj-ffc 2
bgc-ffc 4
hbb-ffc 16
ejg-ffc 1
553
3
dij-ffd 19
eia-ffd 2
jaf-ffd 2
554
2
hdc-ffe 16
baba-ffe 6
555
6
hfd-fff 7
baae-fff 6
jbf-fff 4
edi-fff 2
baj-fff 4
fgj-fff 2
556
1
ffi-ffg 21
557
2
e-ffh 20
fja-ffh 2
558
5
bcdd-ffi 9
cdj-ffi 7
gaj-ffi 3
cif-ffi 4
fed-ffi 2
559
4
gfi-ffj 13
gih-ffj 3
dfd-ffj 3
baid-ffj 4
560
8
eae-fga 5
gei-fga 3
bhe-fga 10
igi-fga 2
ceb-fga 1
bdib-fga 1
cie-fga 2
bbhg-fga 1
561
3
gff-fgb 20
eei-fgb 1
dba-fgb 2
562
5
bagf-fgc 18
cjb-fgc 1
dbd-fgc 2
dgd-fgc 2
jad-fgc 1
563
6
bfic-fgd 12
ffa-fgd 2
bfff-fgd 6
bie-fgd 1
fb-fgd 1
dij-fgd 2
564
2
gjf-fge 20
ibf-fge 2
565
2
ha-fgf 18
def-fgf 3
566
2
ice-fgg 13
bih-fgg 9
567
3
jcf-fgh 13
jjf-fgh 5
dbh-fgh 4
568
4
dfg-fgi 20
eeh-fgi 1
bcbi-fgi 1
hjf-fgi 1
569
4
ghj-fgj 19
bdc-fgj 2
gbh-fgj 1
egh-fgj 1
570
3
fhc-fha 18
bfig-fha 2
bfi-fha 3
571
5
bfcb-fhb 16
beeb-fhb 5
feb-fhb 1
beaa-fhb 1
hfe-fhb 1
572
5
bgea-fhc 2
bfed-fhc 18
bbi-fhc 2
ijj-fhc 1
hch-fhc 1
573
4
cih-fhd 10
dgi-fhd 3
hic-fhd 8
dea-fhd 2
574
5
dic-fhe 2
hci-fhe 7
jbe-fhe 3
ebh-fhe 8
gge-fhe 3
575
2
ffb-fhf 7
gad-fhf 15
576
4
bbfh-fhg 12
fjc-fhg 7
da-fhg 3
jbb-fhg 1
577
1
cba-fhh 21
578
4
jcb-fhi 5
bcgj-fhi 3
bja-fhi 14
idd-fhi 1
579
5
fag-fhj 9
ii-fhj 6
fgf-fhj 2
gaj-fhj 3
bgde-fhj 4
580
4
gcc-fia 17
hga-fia 4
cdd-fia 1
bb-fia 1
581
3
bag-fib 3
fgb-fib 17
gjb-fib 3
582
6
bgaj-fic 13
cea-fic 7
hgg-fic 1
ifh-fic 1
ijd-fic 1
cif-fic 1
583
6
bbaa-fid 18
fh-fid 1
cih-fid 3
gif-fid 1
hh-fid 1
cdd-fid 1
584
3
efe-fie 12
bccf-fie 9
ffb-fie 1
585
4
gge-fif 14
bfcg-fif 5
ibj-fif 3
bbc-fif 1
586
6
eib-fig 10
bjc-fig 1
dec-fig 5
ejg-fig 4
bfj-fig 3
gfa-fig 1
587
3
id-fih 13
bcc-fih 5
ed-fih 5
588
4
bagb-fii 9
gde-fii 7
bcfh-fii 5
haf-fii 2
589
3
ebj-fij 13
fdf-fij 5
bdfi-fij 5
590
2
edj-fja 20
cih-fja 1
591
9
hae-fjb 10
gef-fjb 7
bggb-fjb 2
caa-fjb 2
cja-fjb 1
hc-fjb 1
egg-fjb 1
cij-fjb 2
gcg-fjb 1
592
5
cie-fjc 18
bcff-fjc 1
hdf-fjc 3
baee-fjc 1
dbg-fjc 1
593
2
cif-fjd 17
ecc-fjd 5
594
3
hci-fje 8
bbac-fje 8
fba-fje 7
595
3
fhc-fjf 9
bahg-fjf 7
jhf-fjf 7
596
2
bcfe-fjg 19
bhg-fjg 3
597
5
baij-fjh 12
g-fjh 5
ei-fjh 2
ddd-fjh 2
fdf-fjh 2
598
9
iga-fji 6
jbi-fji 8
fij-fji 2
ehf-fji 2
ejc-fji 2
hh-fji 1
bddi-fji 2
cdf-fji 2
bgb-fji 1
599
3
bbg-fjj 13
gj-fjj 4
ddi-fjj 5
600
3
bacj-gaa 20
gbb-gaa 1
gie-gaa 1
601
3
gdh-gab 21
ca-gab 1
ejg-gab 1
602
1
cca-gac 21
603
5
hij-gad 7
jjh-gad 2
bdfe-gad 12
bjc-gad 1
bf-gad 2
604
6
bfi-gae 10
jci-gae 2
hca-gae 4
bd-gae 3
ghc-gae 4
eig-gae 2
605
1
bjh-gaf 21
606
4
dgc-gag 8
jij-gag 8
bcba-gag 3
bahg-gag 3
607
5
iaf-gah 14
fac-gah 4
ici-gah 2
cdd-gah 3
cjc-gah 2
608
2
daa-gai 7
gff-gai 14
609
2
bcde-gaj 4
di-gaj 18
610
5
bbib-gba 8
bbge-gba 12
fdi-gba 2
hgc-gba 1
gcb-gba 1
611
6
eja-gbb 9
cgb-gbb 3
bfjj-gbb 5
dhf-gbb 5
becb-gbb 1
efh-gbb 1
612
6
baab-gbc 14
bej-gbc 1
bbhc-gbc 3
hb-gbc 3
bbh-gbc 1
ga-gbc 1
613
4
fcb-gbd 9
bbcd-gbd 9
cg-gbd 3
gca-gbd 2
614
1
bgfd-gbe 21
615
4
bdcf-gbf 6
ccj-gbf 7
fgd-gbf 6
bbeh-gbf 4
616
4
bbcb-gbg 5
dhh-gbg 12
hhb-gbg 4
dga-gbg 3
617
2
dje-gbh 3
ff-gbh 18
618
7
bacg-gbi 3
ifc-gbi 9
dbi-gbi 2
dib-gbi 1
bbeh-gbi 8
ej-gbi 2
cfd-gbi 1
619
4
bbfi-gbj 17
gch-gbj 3
jej-gbj 2
eaa-gbj 2
620
7
jig-gca 2
bbfc-gca 2
gfd-gca 4
iid-gca 2
haj-gca 5
hbg-gca 7
ddd-gca 4
621
6
bfbd-gcb 12
bafh-gcb 2
bch-gcb 1
cab-gcb 7
bbbb-gcb 1
jca-gcb 1
622
8
bbii-gcc 2
baad-gcc 1
cdh-gcc 10
bafc-gcc 7
baee-gcc 2
ejb-gcc 1
iie-gcc 1
gaj-gcc 1
623
4
egf-gcd 16
bbjd-gcd 3
ja-gcd 2
bgbi-gcd 2
624
3
dhb-gce 5
bdfi-gce 5
fai-gce 13
625
3
baii-gcf 9
cgj-gcf 11
daf-gcf 2
626
4
ijg-gcg 17
cce-gcg 2
hgd-gcg 3
chg-gcg 2
627
5
bdc-gch 17
fjh-gch 2
ffb-gch 1
cih-gch 3
eja-gch 1
628
6
igb-gci 11
bga-gci 4
cea-gci 5
gid-gci 1
fdc-gci 1
ghh-gci 1
629
2
ged-gcj 4
ebb-gcj 18
630
2
bdcf-gda 6
ihh-gda 16
631
4
eah-gdb 20
bbg-gdb 1
bdci-gdb 1
cb-gdb 1
632
5
cah-gdc 5
ifc-gdc 8
igj-gdc 3
gbe-gdc 3
babf-gdc 5
633
4
hfi-gdd 3
bcag-gdd 11
dgb-gdd 6
efh-gdd 3
634
4
baeb-gde 15
cdd-gde 5
hed-gde 1
gah-gde 2
635
4
bhc-gdf 2
bchf-gdf 11
hjh-gdf 2
gfe-gdf 9
636
5
bddj-gdg 15
hag-gdg 4
db-gdg 1
bajh-gdg 2
gfd-gdg 1
637
4
jci-gdh 20
bdfd-gdh 1
iih-gdh 1
if-gdh 1
638
1
jcc-gdi 21
639
3
gjg-gdj 15
dib-gdj 5
cei-gdj 2
640
4
eaa-gea 4
dea-gea 12
edi-gea 5
cda-gea 2
641
5
hhd-geb 14
begg-geb 4
hfa-geb 3
eff-geb 1
fcb-geb 1
642
2
ihd-gec 17
ffc-gec 5
643
1
bdbj-ged 21
644
1
dda-gee 21
645
3
dfi-gef 17
bdgj-gef 4
gfh-gef 1
646
4
bfcj-geg 12
baaa-geg 2
cie-geg 6
gaj-geg 3
647
4
jg-geh 20
iai-geh 1
bjh-geh 1
gah-geh 1
648
4
iba-gei 6
daf-gei 12
ffa-gei 3
eeb-gei 1
649
5
fec-gej 7
hgi-gej 12
cab-gej 2
bge-gej 1
gda-gej 1
650
2
hbc-gfa 10
bgeg-gfa 11
651
4
jhj-gfb 20
gfj-gfb 1
g-gfb 1
bcbi-gfb 1
652
3
bche-gfc 6
baha-gfc 8
bcb-gfc 8
653
3
gch-gfd 6
bdbg-gfd 15
hjb-gfd 2
654
3
baci-gfe 19
bif-gfe 2
hfa-gfe 2
655
7
eci-gff 1
idi-gff 18
ehe-gff 2
bga-gff 1
egf-gff 2
hh-gff 1
jbi-gff 1
656
4
bahh-gfg 18
chc-gfg 2
cef-gfg 2
jaj-gfg 2
657
4
iga-gfh 9
jaj-gfh 7
ffb-gfh 5
bi-gfh 2
658
5
becd-gfi 20
ech-gfi 2
ghc-gfi 1
jeh-gfi 1
dbd-gfi 1
659
1
bdba-gfj 21
660
2
gbc-gga 2
bhe-gga 20
661
3
eae-ggb 15
bee-ggb 6
bej-ggb 2
662
2
bgae-ggc 16
id-ggc 5
663
4
jhh-ggd 16
cjh-ggd 2
igd-ggd 3
djj-ggd 3
664
9
efd-gge 14
beg-gge 1
bdc-gge 3
ehc-gge 2
beai-gge 2
ifg-gge 1
bfid-gge 2
gaj-gge 1
eeb-gge 1
665
5
jfj-ggf 15
feh-ggf 4
ibj-ggf 2
hab-ggf 2
bcdj-ggf 2
666
4
dij-ggg 20
die-ggg 1
bih-ggg 1
caf-ggg 1
667
1
cab-ggh 21
668
3
cgh-ggi 16
bfc-ggi 5
cbc-ggi 1
670
4
ifc-gha 12
gdh-gha 7
gii-gha 3
bfgj-gha 1
671
6
bbfg-ghb 8
idb-ghb 6
bgae-ghb 4
bgef-ghb 3
bbff-ghb 2
ccg-ghb 1
672
8
cib-ghc 5
fhi-ghc 4
beid-ghc 10
begg-ghc 2
bch-ghc 4
fea-ghc 1
efi-ghc 1
jjf-ghc 1
673
3
egj-ghd 16
bae-ghd 2
did-ghd 4
674
3
cji-ghe 11
ccb-ghe 7
ggg-ghe 5
675
1
ggb-ghf 21
676
4
fhb-ghg 13
cej-ghg 5
dhh-ghg 3
fdj-ghg 2
677
3
fdi-ghh 2
cbc-ghh 17
bacj-ghh 3
678
4
daf-ghi 16
cic-ghi 3
hai-ghi 3
bge-ghi 1
679
5
bcbc-ghj 18
fcd-ghj 2
hec-ghj 1
eig-ghj 1
fdb-ghj 1
680
4
egg-gia 8
ied-gia 7
ccg-gia 2
hbf-gia 7
681
3
bbhf-gib 20
ehj-gib 1
cic-gib 1
682
5
dhi-gic 16
fed-gic 4
gge-gic 1
bbga-gic 1
bjc-gic 2
683
2
ddg-gid 1
cjj-gid 20
684
3
ici-gie 3
iih-gie 18
ihe-gie 1
685
4
hge-gif 14
jea-gif 5
bcig-gif 3
bcdi-gif 1
686
4
ijf-gig 9
gj-gig 5
bbe-gig 5
cec-gig 5
687
5
die-gih 4
badc-gih 16
fic-gih 1
bbfb-gih 1
baai-gih 1
688
3
baab-gii 16
ib-gii 5
cgf-gii 1
689
5
ehh-gij 3
bei-gij 6
ibd-gij 10
ehf-gij 3
fgh-gij 2
690
2
ecd-gja 18
bajc-gja 3
691
1
ebc-gjb 21
692
5
behb-gjc 8
hji-gjc 5
hg-gjc 1
gbe-gjc 9
ca-gjc 1
693
1
gad-gjd 21
694
4
bhc-gje 14
bbdf-gje 5
b-gje 2
eca-gje 2
695
3
ieg-gjf 11
dig-gjf 7
hdh-gjf 4
696
6
behg-gjg 8
bbic-gjg 4
bdda-gjg 6
egg-gjg 3
dci-gjg 1
bfb-gjg 3
697
3
cbg-gjh 18
cje-gjh 1
dfd-gjh 3
698
2
bbgf-gji 7
ghe-gji 14
699
4
iii-gjj 16
hhe-gjj 3
cg-gjj 2
fbi-gjj 2
700
4
dbe-haa 3
bjj-haa 6
bcea-haa 12
dg-haa 3
701
3
bcfg-hab 10
gc-hab 6
fij-hab 7
702
3
bcbg-hac 7
gdb-hac 12
eif-hac 2
703
1
iec-had 21
704
5
bbic-hae 10
ije-hae 1
hea-hae 3
chi-hae 7
idb-hae 2
705
5
jda-haf 20
jji-haf 1
bbcd-haf 1
gic-haf 1
cdd-haf 1
706
6
hje-hag 13
ecj-hag 2
bcgb-hag 4
dic-hag 3
beje-hag 2
dfg-hag 2
707
4
fda-hah 16
efj-hah 6
dcd-hah 1
ghg-hah 1
708
2
hfh-hai 17
bce-hai 5
709
1
bdjj-haj 21
710
3
bdbi-hba 14
bega-hba 7
gee-hba 1
711
4
cgj-hbb 3
fac-hbb 13
cfb-hbb 5
eee-hbb 2
712
3
ffc-hbc 11
jdg-hbc 10
bdif-hbc 1
713
6
bei-hbd 3
eij-hbd 2
bdff-hbd 17
jjf-hbd 1
iah-hbd 1
bcbd-hbd 1
714
3
fc-hbe 13
fji-hbe 8
edh-hbe 1
715
3
fcf-hbf 17
dga-hbf 2
jf-hbf 4
716
5
gde-hbg 5
bdjf-hbg 7
ife-hbg 6
egh-hbg 3
jh-hbg 2
717
3
babe-hbh 14
ci-hbh 7
dbj-hbh 1
718
2
jfh-hbi 15
egd-hbi 7
719
2
bedf-hbj 16
jge-hbj 5
720
7
hcf-hca 5
cib-hca 3
ibe-hca 8
jid-hca 4
ead-hca 3
g-hca 1
ejj-hca 1
721
5
bahd-hcb 20
bdfa-hcb 1
ffe-hcb 1
cha-hcb 1
jba-hcb 1
722
2
iee-hcc 11
cie-hcc 11
723
5
bgi-hcd 5
jee-hcd 16
bdhb-hcd 2
ghf-hcd 1
hhf-hcd 1
724
7
ejf-hce 7
bchf-hce 6
dha-hce 2
eab-hce 5
beaf-hce 3
gfj-hce 1
bde-hce 1
725
5
gad-hcf 13
b-hcf 4
bbae-hcf 2
hhc-hcf 2
cih-hcf 2
726
4
ibf-hcg 12
ja-hcg 4
jjg-hcg 1
baed-hcg 6
727
4
gdg-hch 9
fci-hch 7
ghe-hch 3
jcb-hch 3
728
5
bdff-hci 5
ggi-hci 10
fbf-hci 2
geh-hci 5
baef-hci 2
729
6
bbgd-hcj 13
eec-hcj 7
ejb-hcj 2
hdb-hcj 1
bbbg-hcj 1
jd-hcj 1
730
5
dec-hda 10
idc-hda 4
ffb-hda 8
eda-hda 1
ea-hda 1
731
4
bfhg-hdb 15
bejg-hdb 6
fei-hdb 1
jh-hdb 1
732
5
befb-hdc 9
bdac-hdc 6
jbf-hdc 6
cbi-hdc 1
gig-hdc 1
733
4
bdg-hdd 18
cih-hdd 2
ejb-hdd 2
bcf-hdd 2
734
3
jfh-hde 16
bbjf-hde 6
gdj-hde 1
735
5
bbha-hdf 12
dci-hdf 4
gbh-hdf 6
bcfg-hdf 2
fad-hdf 1
736
3
fjc-hdg 20
eba-hdg 1
dac-hdg 2
737
3
fec-hdh 14
ihb-hdh 7
baga-hdh 1
738
3
beah-hdi 19
bic-hdi 2
iae-hdi 2
739
4
haa-hdj 13
eci-hdj 7
bci-hdj 2
jbj-hdj 2
740
8
befg-hea 9
fdf-hea 4
djb-hea 6
bdfd-hea 2
cb-hea 1
jjg-hea 2
bcji-hea 2
jb-hea 1
741
2
icg-heb 19
fab-heb 3
742
4
bdhc-hec 11
fai-hec 4
bfjg-hec 5
bdda-hec 4
743
3
bcbg-hed 13
bfei-hed 3
ffe-hed 7
744
3
bfhd-hee 15
gbf-hee 7
ijb-hee 1
745
5
bjd-hef 18
bfch-hef 3
beg-hef 1
bge-hef 1
gha-hef 1
746
2
bcdd-heg 20
fid-heg 2
747
4
hii-heh 15
dcb-heh 4
ggc-heh 3
ed-heh 2
748
3
if-hei 14
fad-hei 7
ie-hei 2
749
4
bgbd-hej 9
cec-hej 7
ccd-hej 4
gcc-hej 2
750
4
dgc-hfa 11
jhg-hfa 4
befe-hfa 7
bdi-hfa 2
751
5
icd-hfb 11
bff-hfb 5
gc-hfb 4
beh-hfb 2
egc-hfb 2
752
3
gjh-hfc 14
bcdc-hfc 6
gab-hfc 2
753
4
bad-hfd 5
eih-hfd 13
ddc-hfd 2
bcec-hfd 3
754
4
bahd-hfe 13
ejg-hfe 7
dfb-hfe 1
gac-hfe 2
755
3
hge-hff 11
bbci-hff 6
bacc-hff 6
756
3
bbac-hfg 20
gfd-hfg 2
ij-hfg 1
757
5
ede-hfh 16
ihf-hfh 3
ibb-hfh 1
bbaj-hfh 2
eci-hfh 1
758
3
beih-hfi 20
eci-hfi 2
heb-hfi 1
759
3
bfhi-hfj 18
gaa-hfj 3
jfc-hfj 1
760
2
bbg-hga 18
fdb-hga 4
761
6
bccd-hgb 4
hfc-hgb 9
bdf-hgb 3
iaj-hgb 3
gcc-hgb 4
dfj-hgb 3
762
4
hje-hgc 10
fea-hgc 3
fia-hgc 8
dej-hgc 2
763
2
bedb-hgd 9
bbfa-hgd 12
764
3
beff-hge 19
efg-hge 2
jdc-hge 1
765
4
icd-hgf 7
fea-hgf 4
bafe-hgf 11
bci-hgf 1
766
3
ddc-hgg 7
ehf-hgg 9
baib-hgg 7
767
2
dej-hgh 20
deg-hgh 1
768
4
cdb-hgi 5
baja-hgi 16
baai-hgi 1
hah-hgi 1
769
1
bbjj-hgj 21
770
6
ihj-hha 12
ii-hha 3
hdd-hha 4
baad-hha 3
bi-hha 2
dag-hha 1
771
5
dfa-hhb 4
bbaj-hhb 2
gfa-hhb 6
fj-hhb 1
bbaa-hhb 11
772
3
beff-hhc 20
fhc-hhc 1
eia-hhc 1
773
4
gaa-hhd 18
ch-hhd 1
bdec-hhd 3
bbd-hhd 1
774
5
dji-hhe 3
eff-hhe 15
gja-hhe 2
bdfa-hhe 3
fcd-hhe 2
775
4
bafj-hhf 9
dag-hhf 4
bcf-hhf 9
ed-hhf 2
776
4
hbb-hhg 7
dgd-hhg 13
ga-hhg 2
bcd-hhg 2
777
2
ebd-hhh 9
haa-hhh 13
778
2
bdci-hhi 20
dcj-hhi 1
779
6
bfag-hhj 13
jec-hhj 5
hie-hhj 2
beb-hhj 3
cbg-hhj 1
idc-hhj 1
780
3
jdd-hia 16
dbf-hia 3
bbie-hia 4
781
3
bbi-hib 19
bbfb-hib 2
ccc-hib 1
782
4
bgcf-hic 16
dhd-hic 4
dcc-hic 3
chh-hic 1
783
1
bgdg-hid 21
784
2
bjg-hie 5
bgbb-hie 16
785
3
ggc-hif 8
cii-hif 6
fje-hif 9
786
2
fig-hig 19
che-hig 3
787
5
ddh-hih 15
bfg-hih 2
iaf-hih 4
eii-hih 2
bdbe-hih 1
788
4
cgi-hii 19
djb-hii 2
fej-hii 1
jaj-hii 1
789
6
dif-hij 8
bji-hij 10
hag-hij 2
bbbd-hij 1
jff-hij 2
fj-hij 1
790
2
gbd-hja 9
fae-hja 12
791
3
cfh-hjb 20
cbb-hjb 1
bde-hjb 1
792
7
bbfi-hjc 10
bfhe-hjc 10
hbi-hjc 1
gaj-hjc 1
ifd-hjc 1
edj-hjc 1
hcc-hjc 1
793
2
fef-hjd 21
bbd-hjd 1
794
2
fgj-hje 9
bdja-hje 13
795
3
edj-hjf 17
beji-hjf 4
gid-hjf 1
796
7
cfa-hjg 7
gdj-hjg 3
igd-hjg 1
jgg-hjg 4
jdh-hjg 3
eda-hjg 3
gci-hjg 3
797
2
caj-hjh 15
bcg-hjh 7
798
3
hfj-hji 20
bba-hji 1
iac-hji 1
799
7
bgc-hjj 2
fgd-hjj 9
fe-hjj 1
gah-hjj 8
bace-hjj 2
cjf-hjj 1
beea-hjj 1
800
6
dhc-iaa 12
jcg-iaa 10
cij-iaa 1
ead-iaa 1
deb-iaa 1
eef-iaa 1
801
3
ech-iab 17
bdbh-iab 4
cdh-iab 1
802
3
hbi-iac 14
hia-iac 5
eic-iac 4
803
5
cgd-iad 16
jcd-iad 1
dd-iad 1
d-iad 3
cba-iad 2
804
5
bcd-iae 2
cdf-iae 19
cib-iae 1
cjg-iae 1
fjd-iae 1
805
4
gjf-iaf 18
ecj-iaf 2
ejf-iaf 2
jd-iaf 1
806
4
bage-iag 19
ejg-iag 1
ihd-iag 2
begg-iag 1
807
2
dad-iah 17
fei-iah 4
808
3
beja-iai 2
dje-iai 19
jh-iai 1
809
3
bddg-iaj 17
gbh-iaj 3
gci-iaj 3
810
5
bafb-iba 9
bcb-iba 3
bbba-iba 9
bbbj-iba 1
ejb-iba 1
811
2
iha-ibb 20
bead-ibb 2
812
2
egb-ibc 4
bbgf-ibc 17
813
2
bgcj-ibd 15
bdhd-ibd 7
814
3
fba-ibe 8
bbcc-ibe 13
jbe-ibe 1
815
3
bffh-ibf 11
dje-ibf 5
dih-ibf 7
816
4
fhg-ibg 14
bafg-ibg 5
efj-ibg 2
ceb-ibg 3
817
3
babb-ibh 12
eja-ibh 9
bahj-ibh 1
818
5
bjc-ibi 6
fdi-ibi 12
jib-ibi 3
fii-ibi 3
gi-ibi 1
819
4
hae-ibj 2
bbcd-ibj 5
dfd-ibj 10
bbdb-ibj 6
820
5
becf-ica 12
jde-ica 1
dgi-ica 6
bcfh-ica 3
edc-ica 2
821
3
hfi-icb 20
fhj-icb 1
fib-icb 1
822
2
fdh-icc 14
edb-icc 7
823
5
jaj-icd 8
jaa-icd 2
hj-icd 10
hcd-icd 3
eig-icd 1
824
3
ehd-ice 20
jfh-ice 1
hgi-ice 1
825
4
fce-icf 15
cih-icf 3
dbb-icf 4
bcha-icf 2
826
3
bcdi-icg 4
bjj-icg 17
gcg-icg 2
827
2
beei-ich 20
djd-ich 2
828
3
cj-ici 2
jc-ici 19
dfa-ici 1
829
2
jie-icj 19
hbe-icj 2
830
5
bcfd-ida 19
hee-ida 2
ehj-ida 1
jbh-ida 1
bhf-ida 1
831
7
bach-idb 7
ghi-idb 8
fce-idb 4
cdh-idb 2
bfjd-idb 2
cii-idb 2
jcb-idb 1
832
3
gjg-idc 19
iij-idc 2
djj-idc 1
833
4
bfda-idd 15
fj-idd 2
bbah-idd 4
fih-idd 2
834
1
fgc-ide 21
835
5
efa-idf 6
dh-idf 9
dii-idf 6
jhi-idf 1
bajg-idf 1
836
4
dhd-idg 17
bfi-idg 4
bagf-idg 1
ic-idg 1
837
3
bad-idh 7
gdg-idh 7
hhg-idh 7
838
5
bgfa-idi 14
bbdd-idi 2
ech-idi 6
hhc-idi 1
baeh-idi 1
839
3
bcc-idj 11
fdj-idj 10
bgf-idj 1
840
4
bebf-iea 19
bij-iea 2
chb-iea 1
eeb-iea 1
841
3
bdaj-ieb 1
fhb-ieb 16
bbie-ieb 5
842
5
hfg-iec 20
iff-iec 1
hfh-iec 1
fgf-iec 1
bbca-iec 1
843
4
jac-ied 9
bbid-ied 10
hhb-ied 2
bche-ied 2
844
3
efc-iee 9
bdcd-iee 4
baje-iee 9
845
4
ea-ief 2
bbah-ief 8
bfc-ief 10
hag-ief 3
846
5
fjj-ieg 2
idd-ieg 13
ffh-ieg 5
hcd-ieg 3
ebg-ieg 1
847
4
bchj-ieh 17
caj-ieh 3
bjg-ieh 1
bge-ieh 2
848
6
efg-iei 9
hgi-iei 9
bcgb-iei 2
dbf-iei 1
behf-iei 2
gdf-iei 1
849
2
bbh-iej 21
bdi-iej 1
850
5
bbbi-ifa 4
ccc-ifa 6
hcf-ifa 12
bdbe-ifa 1
bdih-ifa 1
851
3
dfh-ifb 13
bagh-ifb 8
fgh-ifb 1
852
6
bchg-ifc 15
jid-ifc 4
gfa-ifc 1
ejj-ifc 2
cee-ifc 2
fdj-ifc 1
853
4
bbhd-ifd 15
cf-ifd 6
ijh-ifd 1
bah-ifd 1
854
3
dad-ife 6
hjf-ife 15
bbdj-ife 1
855
5
efe-iff 17
jgf-iff 3
bjb-iff 1
fb-iff 2
cgi-iff 1
856
3
be-ifg 8
bgeb-ifg 13
jci-ifg 1
857
4
cid-ifh 14
baga-ifh 4
baai-ifh 4
eif-ifh 1
858
2
bcci-ifi 16
badf-ifi 6
860
2
ebb-iga 17
gfj-iga 4
861
2
cif-igb 20
gb-igb 2
862
3
bcgi-igc 18
eaf-igc 3
gh-igc 1
863
3
ggg-igd 12
ife-igd 8
hfd-igd 2
864
3
dbj-ige 5
hjc-ige 15
dbi-ige 2
865
1
egi-igf 21
866
1
babd-igg 21
867
1
hag-igh 21
868
3
bbg-igi 10
bcbj-igi 11
gag-igi 2
869
4
jba-igj 10
dde-igj 5
bdie-igj 7
gih-igj 1
870
4
bcdj-iha 16
hgf-iha 4
jfa-iha 2
bbfe-iha 1
871
2
bbcj-ihb 19
eii-ihb 3
872
3
eba-ihc 3
ehj-ihc 15
jfd-ihc 3
873
4
behh-ihd 11
bbdd-ihd 10
fj-ihd 1
bgei-ihd 1
874
3
hdi-ihe 8
hdg-ihe 13
hdj-ihe 2
875
5
bbad-ihf 17
eh-ihf 1
ijj-ihf 2
bfcc-ihf 2
cfb-ihf 1
876
4
gbf-ihg 3
gij-ihg 12
bcj-ihg 1
cdj-ihg 7
877
3
cib-ihh 16
gih-ihh 5
eef-ihh 2
878
5
bdgf-ihi 20
gjh-ihi 1
bebh-ihi 1
hdb-ihi 1
jg-ihi 1
879
2
caf-ihj 16
cef-ihj 6
880
3
fgb-iia 19
hfh-iia 1
fid-iia 2
881
5
id-iib 5
baeb-iib 15
bafa-iib 2
chd-iib 1
cfb-iib 1
882
4
jje-iic 10
fag-iic 10
iie-iic 2
gfa-iic 1
883
4
bfei-iid 2
iae-iid 3
ffa-iid 15
cej-iid 3
884
5
jee-iie 8
bejf-iie 9
bgc-iie 2
bec-iie 3
cbb-iie 3
885
2
bbei-iif 12
hif-iif 9
886
2
hcg-iig 19
ddg-iig 2
887
1
hbj-iih 21
888
1
bbib-iii 21
889
1
baaa-iij 21
890
3
iaa-ija 9
dbj-ija 9
bcfe-ija 5
891
1
ega-ijb 21
892
4
cgi-ijc 8
bbf-ijc 7
hg-ijc 5
bcij-ijc 2
893
3
beda-ijd 18
hfi-ijd 3
gdh-ijd 1
894
4
bbbj-ije 6
beef-ije 14
bef-ije 2
gda-ije 1
895
1
bj-ijf 21
896
2
behi-ijg 20
ig-ijg 2
897
2
bii-ijh 15
hhg-ijh 6
898
1
gd-iji 21
899
2
iaf-ijj 16
cff-ijj 6
900
3
bbjh-jaa 18
cf-jaa 2
jbg-jaa 2
901
2
gbe-jab 17
djh-jab 4
902
5
ibb-jac 5
hca-jac 4
ghg-jac 6
ejj-jac 5
bgg-jac 5
903
3
bcij-jad 17
dgj-jad 3
djc-jad 3
904
3
bbih-jae 18
cja-jae 3
ee-jae 1
905
2
bdig-jaf 16
bgd-jaf 5
906
3
cbc-jag 12
cg-jag 7
bdij-jag 3
907
6
baia-jah 9
bchh-jah 9
fie-jah 4
bcif-jah 1
bajg-jah 1
cfe-jah 1
908
5
bbbg-jai 8
gbj-jai 9
bffi-jai 2
hah-jai 1
efa-jai 3
909
2
ebd-jaj 20
iic-jaj 2
910
3
gej-jba 17
bdef-jba 3
cgd-jba 2
911
2
gjc-jbb 8
dhg-jbb 14
912
2
jca-jbc 17
gbg-jbc 4
913
3
dij-jbd 7
bfad-jbd 10
bgh-jbd 5
914
3
de-jbe 4
bbig-jbe 4
fbj-jbe 15
915
5
bedi-jbf 17
hai-jbf 2
gfg-jbf 2
cc-jbf 1
jbe-jbf 1
916
5
bdid-jbg 3
baie-jbg 8
ehd-jbg 11
bjd-jbg 1
igc-jbg 1
917
3
babf-jbh 10
dbd-jbh 10
bji-jbh 2
918
2
bdcc-jbi 21
hai-jbi 1
919
5
hdc-jbj 6
ejd-jbj 6
daa-jbj 4
ieg-jbj 3
jhb-jbj 4
920
4
jfg-jca 15
idf-jca 5
fdh-jca 2
jde-jca 1
921
4
faj-jcb 9
hhf-jcb 4
gae-jcb 8
ihh-jcb 2
922
3
fej-jcc 3
gfb-jcc 17
fjg-jcc 2
923
4
ied-jcd 3
hgh-jcd 10
jcc-jcd 9
bagh-jcd 2
924
1
bafi-jce 21
925
3
djc-jcf 4
igj-jcf 15
ghe-jcf 4
926
3
ggg-jcg 20
cfj-jcg 1
babe-jcg 1
928
6
bfbf-jci 16
beia-jci 1
gih-jci 5
fch-jci 1
fb-jci 1
hhe-jci 1
930
3
bdig-jda 20
bgdf-jda 2
cjb-jda 1
931
5
hge-jdb 9
jhc-jdb 5
cgf-jdb 6
bbaj-jdb 2
jji-jdb 2
932
3
hbh-jdc 3
gdh-jdc 14
jc-jdc 5
933
3
dic-jdd 6
dhc-jdd 15
ffh-jdd 2
934
6
bi-jde 19
baad-jde 1
ha-jde 1
bcjb-jde 1
bdgi-jde 1
bie-jde 1
936
7
bhb-jdg 4
dhj-jdg 9
gea-jdg 3
bh-jdg 2
ibi-jdg 5
cjh-jdg 2
fbf-jdg 1
937
1
ea-jdh 21
938
1
dfb-jdi 21
939
4
jfj-jdj 15
eic-jdj 4
ja-jdj 2
dhb-jdj 2
940
2
ije-jea 20
ef-jea 1
941
1
jad-jeb 21
942
5
ehc-jec 10
dae-jec 4
bdfg-jec 4
badg-jec 4
bgb-jec 2
943
1
djc-jed 21
944
4
hjb-jee 19
cfg-jee 2
ceg-jee 1
ej-jee 1
945
5
fad-jef 3
badj-jef 12
bbje-jef 7
bbfe-jef 1
beh-jef 1
946
2
bbj-jeg 19
baib-jeg 3
947
3
bgdb-jeh 13
ddj-jeh 7
bafe-jeh 2
948
2
eff-jei 11
jja-jei 11
949
3
dch-jej 11
ehb-jej 11
fgj-jej 1
950
4
fdj-jfa 11
iec-jfa 4
bhe-jfa 6
chb-jfa 2
951
3
bbdb-jfb 5
cge-jfb 3
ebb-jfb 13
952
3
cgh-jfc 4
jgb-jfc 18
egb-jfc 1
953
2
babc-jfd 16
fbd-jfd 6
954
4
bfgb-jfe 18
bcif-jfe 1
c-jfe 3
egf-jfe 1
955
3
egg-jff 12
bfeb-jff 9
ee-jff 1
956
4
bccb-jfg 11
ega-jfg 10
fic-jfg 2
ghc-jfg 1
957
5
fdf-jfh 4
gfb-jfh 14
bffj-jfh 3
eij-jfh 1
ddc-jfh 1
958
4
befa-jfi 11
bbj-jfi 10
dii-jfi 2
eib-jfi 1
959
5
jfa-jfj 1
bdhe-jfj 19
bcc-jfj 1
bcaj-jfj 1
eac-jfj 1
960
5
bfcd-jga 19
bagg-jga 2
fdf-jga 1
bfab-jga 1
bfcf-jga 1
961
1
ecd-jgb 21
962
5
babj-jgc 4
ibd-jgc 12
ied-jgc 4
bba-jgc 2
cfa-jgc 2
963
1
ghb-jgd 21
964
5
bcgj-jge 14
bedj-jge 4
dda-jge 1
gbf-jge 2
bagf-jge 2
965
5
i-jgf 13
hhj-jgf 6
fjd-jgf 1
bhg-jgf 2
fbf-jgf 2
966
3
bajc-jgg 8
heh-jgg 11
cfd-jgg 3
967
2
dfc-jgh 13
jcb-jgh 9
968
2
iae-jgi 20
gjf-jgi 1
970
4
ghd-jha 9
jia-jha 12
bea-jha 2
efh-jha 1
971
1
ejg-jhb 21
972
4
eej-jhc 14
ced-jhc 5
hei-jhc 3
gga-jhc 2
973
2
gba-jhd 18
geb-jhd 3
974
3
bbai-jhe 14
jae-jhe 6
jih-jhe 3
975
4
bajj-jhf 13
behe-jhf 7
gid-jhf 1
fch-jhf 2
976
2
hde-jhg 18
fbi-jhg 4
977
2
bfia-jhh 18
gab-jhh 4
978
3
bagi-jhi 5
bcj-jhi 16
fca-jhi 1
979
1
eei-jhj 21
980
7
bded-jia 13
ecc-jia 3
hdd-jia 1
bje-jia 2
ddg-jia 3
baac-jia 3
baca-jia 1
981
4
iac-jib 11
gda-jib 2
bjf-jib 6
bab-jib 5
982
2
igj-jic 18
hff-jic 3
983
4
jff-jid 7
bgfj-jid 11
bdgd-jid 3
cag-jid 2
984
3
baih-jie 15
hdb-jie 4
cij-jie 4
985
4
hah-jif 11
dge-jif 3
bb-jif 8
bdih-jif 1
986
3
bbe-jig 2
gha-jig 16
bafi-jig 4
987
3
bfa-jih 14
gfi-jih 4
jhi-jih 4
988
3
ddf-jii 18
cei-jii 3
bjh-jii 1
989
1
ge-jij 21
990
1
idh-jja 21
991
6
hja-jjb 11
jif-jjb 3
bdi-jjb 4
ieg-jjb 3
cjc-jjb 3
ihg-jjb 2
992
3
bcgb-jjc 16
jhg-jjc 3
jbg-jjc 4
993
1
daj-jjd 21
994
5
bbcg-jje 11
ej-jje 1
baig-jje 8
hdd-jje 1
badd-jje 2
995
2
hja-jjf 17
ccf-jjf 4
996
2
efa-jjg 7
gfc-jjg 14
997
1
geh-jjh 21
998
2
hef-jji 19
j-jji 3
999
3
bcci-jjj 20
baea-jjj 1
edg-jjj 1
1000
1
fgi-baaa 21
1001
5
jeg-baab 12
ifd-baab 7
bbdf-baab 1
efi-baab 3
bc-baab 2
1002
2
jbh-baac 18
hig-baac 3
1003
4
ceb-baad 15
bbbh-baad 5
ehj-baad 2
jcd-baad 2
1004
2
eje-baae 19
dib-baae 3
1005
2
baae-baaf 18
bdej-baaf 3
1006
5
jci-baag 17
ffj-baag 3
cdc-baag 2
fc-baag 1
beja-baag 1
1007
2
baef-baah 19
jab-baah 2
1008
4
baha-baai 12
bacb-baai 7
dgd-baai 2
igj-baai 3
1010
5
ehi-baba 18
jdf-baba 1
dfi-baba 2
bbfb-baba 2
haj-baba 1
1011
3
djh-babb 19
edh-babb 2
ggi-babb 2
1012
5
jga-babc 2
beag-babc 14
if-babc 4
baif-babc 3
ege-babc 1
1013
3
dfe-babd 18
gec-babd 3
bddi-babd 1
1014
3
ebj-babe 18
ije-babe 3
dbj-babe 1
1015
2
begj-babf 20
ceg-babf 2
1016
3
beba-babg 12
bdhd-babg 9
bbdj-babg 1
1017
2
cbg-babh 11
baia-babh 10
1018
3
baij-babi 15
cdb-babi 7
gd-babi 1
1019
3
bbcg-babj 9
fdc-babj 11
bfib-babj 2
1020
1
igh-baca 21
1021
6
jg-bacb 6
heb-bacb 3
bgbj-bacb 7
bcje-bacb 6
jhb-bacb 1
jce-bacb 2
1022
3
gdb-bacc 19
feg-bacc 1
hbc-bacc 2
1023
1
jgf-bacd 21
1024
2
dhb-bace 10
bbcd-bace 12
1025
1
ifd-bacf 21
1026
2
cja-bacg 9
bgdb-bacg 13
1027
3
fdd-bach 2
bih-bach 18
baag-bach 2
1028
2
ejc-baci 20
egi-baci 2
1029
4
iha-bacj 19
ibj-bacj 2
bada-bacj 2
ib-bacj 1
1030
4
gdb-bada 8
hej-bada 5
bbcf-bada 7
ecj-bada 3
1031
3
bdf-badb 14
bddf-badb 5
dcd-badb 3
1032
3
ifg-badc 18
hfg-badc 3
cad-badc 1
1033
3
gh-badd 2
bcac-badd 19
jc-badd 2
1034
1
ega-bade 21
1035
1
fgh-badf 21
1036
2
jhi-badg 12
bbbf-badg 10
1037
1
bbgj-badh 21
1038
2
bbdi-badi 20
ghg-badi 1
1039
4
bjf-badj 18
bbhf-badj 3
ff-badj 1
ijj-badj 1
1040
3
he-baea 2
hdd-baea 18
cid-baea 3
1041
4
bdcj-baeb 18
iag-baeb 2
bbaf-baeb 1
fd-baeb 1
1042
5
jha-baec 12
hbg-baec 7
jaa-baec 3
ccb-baec 1
bcac-baec 1
1043
1
djc-baed 21
1044
1
baeg-baee 21
1045
4
fi-baef 16
gj-baef 2
bdbf-baef 2
efd-baef 3
1046
4
bcef-baeg 12
hhd-baeg 5
jdc-baeg 5
baic-baeg 1
1047
1
dfd-baeh 21
1048
4
bagg-baei 9
bcig-baei 11
bhc-baei 2
chj-baei 1
1049
4
bdfj-baej 9
bbhh-baej 13
hih-baej 1
bdij-baej 1
1050
5
babe-bafa 8
dgj-bafa 9
jdj-bafa 5
hgc-bafa 1
cff-bafa 1
1051
4
gdg-bafb 14
bbbd-bafb 6
baah-bafb 2
bcji-bafb 1
1052
4
hii-bafc 17
gfg-bafc 2
bbef-bafc 3
jce-bafc 1
1053
2
cfa-bafd 19
fei-bafd 2
1054
3
fdd-bafe 20
dhc-bafe 1
bgf-bafe 1
1055
2
bfif-baff 21
hcj-baff 1
1056
1
fdd-bafg 21
1057
1
jbd-bafh 21
1058
4
chi-bafi 5
bhj-bafi 12
bag-bafi 5
bbgf-bafi 1
1059
3
hef-bafj 20
gfi-bafj 1
bcag-bafj 1
1060
2
bbag-baga 19
ded-baga 3
1061
2
fhb-bagb 21
bcgd-bagb 1
1062
1
gie-bagc 21
1063
3
hgd-bagd 16
beg-bagd 5
ibg-bagd 2
1064
4
jhf-bage 19
jfb-bage 2
bbcj-bage 1
babh-bage 1
1065
2
bgd-bagf 3
bede-bagf 19
1066
5
baie-bagg 4
fcb-bagg 12
hgb-bagg 5
bbgh-bagg 1
jid-bagg 1
1067
6
gje-bagh 7
cgf-bagh 7
ijg-bagh 4
cde-bagh 3
eab-bagh 3
jbd-bagh 1
1068
3
ehh-bagi 2
ggh-bagi 2
bcac-bagi 18
1069
2
jhd-bagj 21
bgj-bagj 1
1070
2
bgcc-baha 15
bcgf-baha 7
1071
2
cgc-bahb 5
bgah-bahb 17
1072
1
hbg-bahc 21
1073
6
beij-bahd 4
dbb-bahd 16
behd-bahd 1
efa-bahd 2
dii-bahd 1
bcgf-bahd 1
1074
1
bcdi-bahe 21
1075
2
bagd-bahf 16
ffi-bahf 6
1076
2
gjc-bahg 21
bgc-bahg 1
1077
4
bedg-bahh 9
bahg-bahh 9
hea-bahh 4
jab-bahh 1
1078
4
ghc-bahi 16
ia-bahi 2
hab-bahi 3
ceh-bahi 2
1079
2
fbe-bahj 12
ghi-bahj 9
1080
3
bgg-baia 20
gaf-baia 1
jif-baia 2
1081
2
hih-baib 8
iac-baib 14
1082
3
iaa-baic 7
bcgg-baic 7
babi-baic 7
1083
2
bejd-baid 14
ib-baid 7
1084
5
efc-baie 5
iaf-baie 7
chg-baie 3
bade-baie 6
bai-baie 3
1085
1
jcb-baif 21
1086
4
edd-baig 8
jgh-baig 5
hif-baig 8
ihc-baig 3
1087
6
eea-baih 2
becj-baih 13
bcej-baih 2
bbgd-baih 2
gcf-baih 4
bcgf-baih 2
1088
2
bbab-baii 16
ffj-baii 5
1089
3
ife-baij 18
bha-baij 3
bfh-baij 1
1090
4
cdh-baja 6
bcfj-baja 11
bif-baja 4
cgg-baja 2
1091
3
ji-bajb 7
bafj-bajb 11
bdfg-bajb 4
1092
3
dhb-bajc 11
bbae-bajc 9
hih-bajc 2
1093
4
hha-bajd 15
edc-bajd 2
bfjc-bajd 4
hhg-bajd 2
1094
4
gfi-baje 12
iej-baje 8
hhe-baje 2
bdab-baje 2
1095
5
jeb-bajf 1
bbgi-bajf 19
jcd-bajf 2
bcje-bajf 1
eca-bajf 1
1096
2
fi-bajg 14
cgf-bajg 7
1097
2
hba-bajh 12
bia-bajh 10
1098
2
baje-baji 21
bhf-baji 1
1099
3
bajf-bajj 20
eci-bajj 2
ejh-bajj 1
1100
3
bcfa-bbaa 21
beeg-bbaa 1
ghb-bbaa 1
1101
2
cde-bbab 2
bbfc-bbab 20
1102
4
dce-bbac 16
fed-bbac 2
iif-bbac 3
bejd-bbac 3
1103
2
bbag-bbad 10
jbh-bbad 12
1104
6
gc-bbae 16
gid-bbae 2
hg-bbae 2
bgba-bbae 2
eah-bbae 1
bcfc-bbae 2
1105
2
eff-bbaf 18
hhg-bbaf 3
1106
1
gff-bbag 21
1107
4
beci-bbah 9
cja-bbah 8
fhe-bbah 5
bfjh-bbah 1
1108
2
bhj-bbai 19
bdch-bbai 2
1109
1
ich-bbaj 21
1110
5
hdb-bbba 18
jid-bbba 2
cgd-bbba 2
hde-bbba 1
babb-bbba 1
1111
1
hed-bbbb 21
1113
3
bbh-bbbd 2
baec-bbbd 11
bgab-bbbd 9
1114
3
bccj-bbbe 13
dhj-bbbe 4
bcc-bbbe 5
1115
2
cef-bbbf 16
faj-bbbf 6
1116
3
icb-bbbg 9
ief-bbbg 13
baci-bbbg 1
1117
2
ehg-bbbh 16
bagc-bbbh 6
1118
2
bac-bbbi 19
gee-bbbi 3
1119
3
bgdj-bbbj 13
bahe-bbbj 6
big-bbbj 4
1120
2
jcc-bbca 19
bdd-bbca 2
1121
6
jfd-bbcb 7
hih-bbcb 7
ccc-bbcb 1
iee-bbcb 3
djj-bbcb 5
fbc-bbcb 2
1122
2
hbd-bbcc 20
bgf-bbcc 2
1123
3
gje-bbcd 9
baii-bbcd 11
jjd-bbcd 2
1124
2
iff-bbce 14
gde-bbce 7
1125
2
fhc-bbcf 21
bbae-bbcf 1
1126
3
ccj-bbcg 14
fcg-bbcg 2
bdid-bbcg 6
1127
1
icb-bbch 21
1128
2
babh-bbci 20
bie-bbci 2
1129
2
hee-bbcj 17
bbbb-bbcj 4
1130
3
jde-bbda 19
bbji-bbda 2
ehh-bbda 1
1131
5
idc-bbdb 9
ifa-bbdb 10
bfdj-bbdb 2
bbf-bbdb 1
hjj-bbdb 2
1132
1
jh-bbdc 21
1133
5
bci-bbdd 12
gid-bbdd 4
beb-bbdd 4
eii-bbdd 3
fgh-bbdd 2
1134
1
jif-bbde 21
1135
3
gbi-bbdf 17
baed-bbdf 4
gbc-bbdf 1
1136
3
bgdc-bbdg 13
bhc-bbdg 7
bid-bbdg 2
1137
3
ghb-bbdh 15
bcjd-bbdh 6
eef-bbdh 2
1138
3
hbh-bbdi 15
baee-bbdi 5
bcba-bbdi 2
1139
1
ghi-bbdj 21
1140
3
cga-bbea 4
df-bbea 17
dfh-bbea 1
1141
5
ihd-bbeb 11
bbae-bbeb 6
bbde-bbeb 4
bffc-bbeb 1
ji-bbeb 2
1142
2
bcie-bbec 21
cai-bbec 1
1143
1
jc-bbed 21
1144
2
bdee-bbee 20
gcj-bbee 2
1145
4
fjb-bbef 17
fjf-bbef 2
badd-bbef 3
ce-bbef 1
1146
3
eca-bbeg 10
bgbc-bbeg 4
bcjg-bbeg 8
1147
1
eg-bbeh 21
1148
2
eif-bbei 9
gej-bbei 13
1149
3
bcbb-bbej 14
fci-bbej 4
fja-bbej 4
1150
2
bacc-bbfa 20
jf-bbfa 1
1151
5
baji-bbfb 12
bbgg-bbfb 7
bdah-bbfb 3
fgd-bbfb 1
ghj-bbfb 1
1152
2
ibh-bbfc 20
bfej-bbfc 2
1153
4
eaa-bbfd 14
bdcj-bbfd 7
bdje-bbfd 2
ebc-bbfd 1
1154
2
bbgi-bbfe 19
chg-bbfe 2
1155
6
fcc-bbff 8
bdjd-bbff 8
hg-bbff 2
ihi-bbff 4
dbh-bbff 2
jig-bbff 1
1156
4
bfee-bbfg 18
fea-bbfg 3
eee-bbfg 1
bcjh-bbfg 1
1157
3
bbjg-bbfh 18
gec-bbfh 4
efd-bbfh 1
1158
3
bbej-bbfi 17
bfhb-bbfi 5
bace-bbfi 1
1159
4
cbc-bbfj 4
ifc-bbfj 17
cje-bbfj 1
babh-bbfj 1
1160
2
eji-bbga 3
jbc-bbga 18
1161
4
hi-bbgb 15
iic-bbgb 2
hgd-bbgb 4
jff-bbgb 2
1162
1
bafa-bbgc 21
1163
1
bgag-bbgd 21
1164
4
bbff-bbge 10
eb-bbge 9
ihg-bbge 1
ddd-bbge 2
1165
1
fcj-bbgf 21
1166
4
bdai-bbgg 12
ca-bbgg 2
bcde-bbgg 5
gfh-bbgg 4
1167
1
bbei-bbgh 21
1168
4
jgi-bbgi 19
bfi-bbgi 2
jab-bbgi 1
bdgi-bbgi 1
1169
4
bejh-bbgj 11
eah-bbgj 9
bbcj-bbgj 3
hjc-bbgj 1
1170
2
begi-bbha 19
fbe-bbha 3
1171
2
iec-bbhb 20
djd-bbhb 1
1172
3
cbh-bbhc 18
bca-bbhc 3
jdi-bbhc 2
1173
4
j-bbhd 10
bced-bbhd 4
bdb-bbhd 7
ece-bbhd 2
1174
4
gfe-bbhe 3
bbgb-bbhe 16
id-bbhe 3
fh-bbhe 1
1175
3
dia-bbhf 20
baif-bbhf 1
bfec-bbhf 1
1177
2
beee-bbhh 19
bcjf-bbhh 2
1178
2
hgi-bbhi 18
bfge-bbhi 3
1179
1
c-bbhj 21
1180
3
edb-bbia 10
ij-bbia 4
ei-bbia 9
1181
1
bdi-bbib 21
1182
2
iab-bbic 20
befc-bbic 1
1183
1
bbdd-bbid 21
1184
3
def-bbie 14
dee-bbie 7
bbhj-bbie 2
1185
2
dcj-bbif 19
bij-bbif 3
1186
1
cig-bbig 21
1187
2
gc-bbih 19
bfd-bbih 3
1188
2
bfgf-bbii 21
jhc-bbii 1
1189
3
bbdf-bbij 20
beci-bbij 1
cdd-bbij 1
1190
2
fec-bbja 17
bacb-bbja 5
1191
2
ffj-bbjb 16
gje-bbjb 6
1192
2
ii-bbjc 20
bbha-bbjc 2
1193
1
jig-bbjd 21
1194
1
cbd-bbje 21
1195
4
haj-bbjf 15
jbg-bbjf 6
fcj-bbjf 1
dji-bbjf 1
1196
3
bagj-bbjg 17
bbfe-bbjg 5
hjb-bbjg 1
1197
2
bcjb-bbjh 18
jih-bbjh 4
1198
3
ijh-bbji 6
hhi-bbji 9
bch-bbji 7
1199
1
cig-bbjj 21
1200
2
bgb-bcaa 19
bbie-bcaa 3
1201
4
bchi-bcab 7
gce-bcab 9
jjj-bcab 5
dfi-bcab 3
1202
3
fa-bcac 15
had-bcac 2
hac-bcac 5
1203
3
bgcb-bcad 14
bdf-bcad 7
hcd-bcad 1
1204
2
ibg-bcae 16
bdaj-bcae 6
1205
3
bcda-bcaf 16
bbha-bcaf 6
jh-bcaf 1
1206
2
bgch-bcag 19
babb-bcag 2
1207
1
eed-bcah 21
1208
1
bbcj-bcai 21
1209
1
bbji-bcaj 21
1210
2
ejb-bcba 14
gfc-bcba 7
1211
3
die-bcbb 11
bdbj-bcbb 9
hag-bcbb 2
1212
5
bafj-bcbc 14
ef-bcbc 2
dbe-bcbc 4
bbai-bcbc 2
bcij-bcbc 2
1213
1
baca-bcbd 21
1214
2
gda-bcbe 8
bdd-bcbe 14
1215
2
igc-bcbf 9
bged-bcbf 12
1216
3
iea-bcbg 17
behc-bcbg 3
dbh-bcbg 2
1218
3
jdd-bcbi 15
bfcf-bcbi 3
jcf-bcbi 4
1219
3
hjj-bcbj 13
hgc-bcbj 6
bcch-bcbj 3
1220
4
jfe-bcca 20
behj-bcca 1
bdhj-bcca 1
fb-bcca 1
1221
3
egb-bccb 10
cid-bccb 12
bcag-bccb 1
1223
3
bfed-bccd 14
behg-bccd 7
ced-bccd 2
1224
2
eci-bcce 15
iib-bcce 6
1225
2
bfhd-bccf 19
bajb-bccf 2
1226
2
begg-bccg 17
badf-bccg 5
1227
1
hjg-bcch 21
1228
2
hjd-bcci 19
bcae-bcci 2
1229
5
hci-bccj 5
gbe-bccj 11
cfg-bccj 4
dci-bccj 1
bg-bccj 2
1230
3
dh-bcda 16
ijd-bcda 5
beii-bcda 1
1231
3
bbeb-bcdb 20
bddd-bcdb 1
baci-bcdb 2
1232
4
bccd-bcdc 18
bcj-bcdc 3
bfga-bcdc 1
ghb-bcdc 1
1233
3
bagh-bcdd 14
bdid-bcdd 5
bbfh-bcdd 4
1234
5
beje-bcde 8
cba-bcde 3
gic-bcde 3
bcha-bcde 2
baji-bcde 7
1235
1
bbef-bcdf 21
1236
3
hjc-bcdg 14
jje-bcdg 4
chc-bcdg 5
1237
2
faf-bcdh 17
bchf-bcdh 4
1238
3
cfg-bcdi 13
hee-bcdi 8
becb-bcdi 1
1239
1
fdb-bcdj 21
1240
1
becb-bcea 21
1241
1
idj-bceb 21
1242
1
dgj-bcec 21
1243
1
bcjd-bced 21
1244
6
gdf-bcee 3
ejh-bcee 3
ffd-bcee 6
bdja-bcee 7
iai-bcee 4
bdca-bcee 2
1245
2
fbj-bcef 20
fbb-bcef 2
1246
1
cca-bceg 21
1247
4
bbdf-bceh 8
bdae-bceh 12
fab-bceh 2
bge-bceh 2
1248
1
bci-bcei 21
1249
3
jfh-bcej 14
gif-bcej 6
ef-bcej 3
1250
2
jfh-bcfa 20
djh-bcfa 1
1252
1
cig-bcfc 21
1253
3
idg-bcfd 19
jeh-bcfd 1
beie-bcfd 1
1254
1
jh-bcfe 21
1255
4
hfh-bcff 5
begg-bcff 12
iie-bcff 4
ddd-bcff 2
1256
2
fjj-bcfg 19
bcje-bcfg 3
1257
1
egd-bcfh 21
1258
1
ihe-bcfi 21
1259
4
bchb-bcfj 19
ibc-bcfj 2
cig-bcfj 2
jii-bcfj 1
1260
1
ghc-bcga 21
1261
2
eai-bcgb 15
jae-bcgb 6
1262
2
beih-bcgc 19
bahc-bcgc 3
1263
1
gba-bcgd 21
1264
2
baih-bcge 16
bgh-bcge 6
1265
1
bbga-bcgf 21
1266
2
bfhf-bcgg 21
beej-bcgg 1
1267
2
bdjg-bcgh 18
cbj-bcgh 3
1268
4
bge-bcgi 4
fca-bcgi 9
hce-bcgi 9
bfh-bcgi 2
1269
3
beae-bcgj 11
bdbg-bcgj 7
bfci-bcgj 4
1270
2
deh-bcha 16
dgg-bcha 5
1271
2
bdfj-bchb 18
hhd-bchb 4
1272
2
cej-bchc 19
bdb-bchc 3
1273
2
bdaf-bchd 10
jbd-bchd 11
1274
2
becg-bche 11
gcd-bche 11
1275
2
bfag-bchf 18
hdj-bchf 4
1276
4
hhj-bchg 4
hga-bchg 5
bebi-bchg 13
idc-bchg 2
1277
5
hhi-bchh 4
bbij-bchh 5
bcjj-bchh 12
bcjb-bchh 2
cjb-bchh 2
1278
2
ifh-bchi 10
bcdj-bchi 12
1279
1
jcd-bchj 21
1280
5
bgec-bcia 15
hid-bcia 2
baid-bcia 2
hhg-bcia 2
ibc-bcia 2
1281
4
bfgd-bcib 9
bje-bcib 9
dde-bcib 3
bdcc-bcib 1
1284
2
eic-bcie 19
bbgh-bcie 2
1285
2
jhh-bcif 4
bdjb-bcif 18
1286
1
fae-bcig 21
1287
1
cae-bcih 21
1288
3
jeh-bcii 11
cga-bcii 8
bafh-bcii 3
1289
1
ebd-bcij 21
1290
3
hhd-bcja 13
bbfi-bcja 8
ica-bcja 2
1291
2
bcaa-bcjb 8
dba-bcjb 14
1292
2
bbaf-bcjc 11
bbdg-bcjc 11
1293
1
hdf-bcjd 21
1294
1
bbfh-bcje 21
1295
4
bdjc-bcjf 12
dde-bcjf 7
bedc-bcjf 3
fda-bcjf 1
1296
2
eii-bcjg 18
jce-bcjg 4
1297
1
dch-bcjh 21
1298
2
ida-bcji 19
dg-bcji 3
1299
2
fig-bcjj 9
bfgi-bcjj 13
1300
3
edh-bdaa 16
eba-bdaa 2
gcj-bdaa 4
1301
2
iji-bdab 12
bdib-bdab 9
1302
2
gba-bdac 9
cgb-bdac 12
1303
3
ch-bdad 12
dja-bdad 7
jdi-bdad 2
1304
2
bbif-bdae 10
bahi-bdae 11
1305
1
ga-bdaf 21
1306
1
badg-bdag 21
1307
2
beeg-bdah 8
ibd-bdah 14
1308
2
baij-bdai 14
bajh-bdai 7
1309
2
je-bdaj 10
hed-bdaj 11
1310
1
bbch-bdba 21
1311
1
jeh-bdbb 21
1312
1
bcgf-bdbc 21
1314
1
hh-bdbe 21
1315
1
hf-bdbf 21
1316
3
bfii-bdbg 8
hdj-bdbg 7
ddc-bdbg 7
1317
1
jhg-bdbh 21
1318
2
dbc-bdbi 17
bfbc-bdbi 5
1319
4
jfa-bdbj 7
dhe-bdbj 4
gid-bdbj 9
bbci-bdbj 2
1320
1
fej-bdca 21
1321
2
ibj-bdcb 17
cii-bdcb 5
1322
2
iig-bdcc 3
bdhf-bdcc 18
1323
2
bdgd-bdcd 13
bbcb-bdcd 9
1324
1
jfc-bdce 21
1325
1
faa-bdcf 21
1326
1
bce-bdcg 21
1327
2
cac-bdch 8
hgc-bdch 14
1328
2
efh-bdci 17
ci-bdci 5
1329
2
feb-bdcj 9
jjc-bdcj 12
1330
2
efh-bdda 18
bebj-bdda 4
1331
1
bbbg-bddb 21
1333
2
bcbf-bddd 13
daa-bddd 8
1334
2
jif-bdde 18
bid-bdde 3
1335
3
bbcc-bddf 12
bbbg-bddf 8
gig-bddf 3
1336
1
badj-bddg 21
1337
1
bffa-bddh 21
1338
1
fjg-bddi 21
1339
3
bbbe-bddj 11
bcaf-bddj 10
bj-bddj 1
1340
1
dc-bdea 21
1341
2
bdif-bdeb 14
jaf-bdeb 8
1342
4
bfaf-bdec 19
ida-bdec 2
bfeg-bdec 1
cca-bdec 1
1343
2
befd-bded 20
bbbi-bded 2
1344
3
gii-bdee 14
bcie-bdee 6
cgc-bdee 3
1345
2
hbe-bdef 19
bbeg-bdef 3
1346
3
iai-bdeg 5
bgfb-bdeg 9
hdh-bdeg 8
1347
2
cfc-bdeh 15
ecj-bdeh 7
1348
1
bccd-bdei 21
1349
2
bfaa-bdej 9
jag-bdej 12
1350
3
bje-bdfa 8
hdb-bdfa 12
jjf-bdfa 2
1351
2
ijg-bdfb 21
icf-bdfb 1
1352
1
hdc-bdfc 21
1353
2
bec-bdfd 18
efb-bdfd 4
1354
2
gdf-bdfe 13
bfeg-bdfe 9
1355
1
jga-bdff 21
1356
2
bdic-bdfg 19
bib-bdfg 2
1357
2
bacc-bdfh 15
bege-bdfh 7
1358
2
becc-bdfi 20
jcf-bdfi 1
1359
2
bbjf-bdfj 5
hae-bdfj 17
1360
4
ehh-bdga 4
ihf-bdga 11
begc-bdga 3
bafa-bdga 6
1361
3
bead-bdgb 19
fca-bdgb 1
hig-bdgb 2
1362
2
eba-bdgc 21
bcbd-bdgc 1
1363
2
gbc-bdgd 19
gga-bdgd 2
1364
1
baej-bdge 21
1365
2
bfbe-bdgf 17
fcc-bdgf 4
1366
1
fbh-bdgg 21
1367
2
ghj-bdgh 14
eea-bdgh 8
1368
2
bdjb-bdgi 9
bdj-bdgi 13
1369
2
bgdi-bdgj 17
hhh-bdgj 5
1370
3
behi-bdha 12
daj-bdha 7
gfj-bdha 4
1371
2
hbh-bdhb 19
haf-bdhb 2
1372
2
bahg-bdhc 21
jei-bdhc 1
1373
2
bcbg-bdhd 16
bae-bdhd 5
1374
4
ecc-bdhe 2
bagb-bdhe 17
jjj-bdhe 3
baia-bdhe 1
1375
2
bfae-bdhf 19
bcdh-bdhf 2
1376
1
efd-bdhg 21
1377
1
bdfd-bdhh 21
1378
3
ccf-bdhi 18
ihe-bdhi 3
hb-bdhi 2
1379
1
iah-bdhj 21
1380
2
jgg-bdia 15
bgff-bdia 7
1381
1
bcfi-bdib 21
1382
1
hhg-bdic 21
1383
1
beh-bdid 21
1384
1
igc-bdie 21
1385
2
fgc-bdif 13
f-bdif 8
1386
2
bdge-bdig 21
bajc-bdig 1
1387
1
ijf-bdih 21
1388
2
cch-bdii 20
fbg-bdii 1
1389
1
fbg-bdij 21
1390
2
bbhb-bdja 20
bdeb-bdja 1
1391
1
bchd-bdjb 21
1392
2
ifh-bdjc 9
bfbb-bdjc 13
1393
1
eca-bdjd 21
1394
3
bacj-bdje 18
bbjb-bdje 2
cge-bdje 2
1395
1
jig-bdjf 21
1396
1
bdef-bdjg 21
1397
2
bfdf-bdjh 18
baj-bdjh 4
1398
1
egb-bdji 21
1399
2
bccf-bdjj 21
cb-bdjj 1
1400
2
eeb-beaa 10
bcfj-beaa 12
1401
2
bdde-beab 12
baai-beab 9
1403
2
bib-bead 17
bafg-bead 4
1404
1
bdch-beae 21
1405
1
geb-beaf 21
1406
1
cci-beag 21
1407
3
bgfc-beah 16
jie-beah 2
bche-beah 4
1408
1
ida-beai 21
1409
2
dea-beaj 20
bcea-beaj 2
1410
3
bbf-beba 13
bbcb-beba 7
bfg-beba 2
1411
1
bgf-bebb 21
1412
1
bbah-bebc 21
1413
2
bejj-bebd 20
babc-bebd 2
1414
1
bccd-bebe 21
1415
2
bbfj-bebf 19
ghb-bebf 3
1416
1
idj-bebg 21
1417
2
bbgc-bebh 11
dag-bebh 11
1418
1
fad-bebi 21
1419
1
bbec-bebj 21
1420
2
jjf-beca 15
ddg-beca 7
1421
3
bfbj-becb 18
bcg-becb 3
jed-becb 1
1422
2
haf-becc 19
bcc-becc 3
1423
2
bbii-becd 14
fba-becd 7
1424
1
fii-bece 21
1425
2
fed-becf 5
hce-becf 17
1426
1
bagi-becg 21
1427
1
dfj-bech 21
1428
1
bbgj-beci 21
1429
2
hec-becj 20
bdbi-becj 1
1430
3
bfhh-beda 11
cbd-beda 10
bc-beda 1
1431
1
bebd-bedb 21
1432
2
bfaj-bedc 17
baic-bedc 4
1433
1
ceg-bedd 21
1434
2
bbda-bede 19
hf-bede 2
1435
2
ebh-bedf 21
djf-bedf 1
1436
1
jbg-bedg 21
1437
2
bgai-bedh 13
baha-bedh 9
1438
2
iib-bedi 21
bfba-bedi 1
1439
1
igd-bedj 21
1441
2
hcf-beeb 17
bbee-beeb 4
1442
1
jba-beec 21
1443
3
becd-beed 13
bfih-beed 8
dgj-beed 1
1444
2
eff-beee 18
hhc-beee 3
1445
2
icf-beef 19
hhf-beef 3
1446
3
bdeb-beeg 13
he-beeg 8
befc-beeg 2
1447
1
bdgc-beeh 21
1448
1
bdcg-beei 21
1449
1
cge-beej 21
1450
2
cbc-befa 19
ebe-befa 3
1451
1
babd-befb 21
1452
1
bchf-befc 21
1453
3
iia-befd 15
dci-befd 6
chj-befd 2
1454
1
fif-befe 21
1455
2
fid-beff 20
hc-beff 1
1456
1
bah-befg 21
1457
1
heh-befh 21
1458
1
bahf-befi 21
1459
1
bdgc-befj 21
1460
1
gca-bega 21
1461
1
iie-begb 21
1462
2
ghf-begc 10
bgad-begc 12
1463
1
bdgi-begd 21
1464
2
babb-bege 14
bdci-bege 7
1466
2
ifb-begg 17
bfai-begg 5
1467
1
eac-begh 21
1468
1
cff-begi 21
1469
2
bbfb-begj 20
eef-begj 1
1470
3
hcj-beha 16
cji-beha 5
bebd-beha 1
1471
1
bfdh-behb 21
1472
1
ifa-behc 21
1473
1
eda-behd 21
1474
3
bgaa-behe 14
ihd-behe 4
baja-behe 4
1475
1
hdf-behf 21
1476
1
iei-behg 21
1477
1
bcgg-behh 21
1478
2
bgde-behi 18
bjh-behi 3
1479
3
dbd-behj 11
dcd-behj 7
ihb-behj 4
1480
1
ffd-beia 21
1481
1
bdaj-beib 21
1482
3
dg-beic 17
ec-beic 3
bbb-beic 3
1483
2
iai-beid 15
bdje-beid 6
1485
3
gab-beif 19
hfb-beif 2
cii-beif 1
1486
2
baf-beig 7
bedd-beig 14
1487
2
ijd-beih 18
dcc-beih 4
1488
1
cbe-beii 21
1489
2
bah-beij 20
che-beij 1
1490
1
cid-beja 21
1491
1
bace-bejb 21
1493
1
badc-bejd 21
1494
1
baag-beje 21
1495
1
jhi-bejf 21
1496
2
cha-bejg 4
bcag-bejg 17
1497
1
bdaa-bejh 21
1498
2
ifa-beji 7
dcf-beji 15
1499
1
cdg-bejj 21
1500
2
ccd-bfaa 14
bhf-bfaa 7
1501
1
fbi-bfab 21
1503
1
jhc-bfad 21
1504
3
bai-bfae 2
ecc-bfae 11
bfah-bfae 10
1505
2
bedh-bfaf 21
hbb-bfaf 1
1506
2
jai-bfag 19
bdad-bfag 2
1507
1
jbf-bfah 21
1508
1
bcaj-bfai 21
1509
1
bcjd-bfaj 21
1510
1
bdgg-bfba 21
1511
1
hda-bfbb 21
1512
1
ijd-bfbc 21
1513
3
fia-bfbd 12
dcg-bfbd 8
bbjd-bfbd 2
1514
1
behh-bfbe 21
1515
2
bdga-bfbf 8
efe-bfbf 13
1516
1
hih-bfbg 21
1518
1
jjc-bfbi 21
1519
1
beif-bfbj 21
1520
1
ghc-bfca 21
1521
3
bbba-bfcb 6
gaj-bfcb 15
gfa-bfcb 1
1522
1
gga-bfcc 21
1523
3
bdbj-bfcd 12
bcdc-bfcd 9
ggc-bfcd 1
1524
1
jh-bfce 21
1525
1
bca-bfcf 21
1526
3
cjc-bfcg 14
bgdj-bfcg 7
bfgg-bfcg 2
1527
1
bafe-bfch 21
1528
1
fjb-bfci 21
1529
2
dif-bfcj 12
gh-bfcj 10
1530
2
baai-bfda 20
bgce-bfda 1
1531
1
iih-bfdb 21
1532
1
bfbc-bfdc 21
1534
1
jgf-bfde 21
1535
1
ddf-bfdf 21
1536
1
bdfi-bfdg 21
1537
1
bdec-bfdh 21
1538
2
ihc-bfdi 4
fgc-bfdi 18
1539
2
bddd-bfdj 18
dgg-bfdj 3
1540
1
jdg-bfea 21
1541
1
ggf-bfeb 21
1542
2
edg-bfec 14
bdge-bfec 7
1543
2
iia-bfed 11
iea-bfed 11
1544
2
fhi-bfee 11
dae-bfee 10
1545
4
bgda-bfef 2
ied-bfef 15
faa-bfef 4
bgaf-bfef 2
1546
1
dfb-bfeg 21
1547
1
fdc-bfeh 21
1548
1
cbf-bfei 21
1549
1
bdia-bfej 21
1550
1
iab-bffa 21
1551
1
bda-bffb 21
1552
1
iai-bffc 21
1553
1
egi-bffd 21
1555
1
becg-bfff 21
1556
1
gci-bffg 21
1557
1
ghi-bffh 21
1558
1
ed-bffi 21
1559
1
eda-bffj 21
1560
2
dcg-bfga 11
bfj-bfga 11
1561
2
beif-bfgb 19
bcfj-bfgb 3
1562
1
bdac-bfgc 21
1563
1
ihj-bfgd 21
1564
1
chj-bfge 21
1565
2
bgga-bfgf 20
eig-bfgf 1
1566
1
ec-bfgg 21
1567
1
bbie-bfgh 21
1568
3
bgej-bfgi 19
fea-bfgi 3
bgee-bfgi 1
1570
1
cga-bfha 21
1571
1
bhg-bfhb 21
1572
1
dgd-bfhc 21
1573
1
bdgb-bfhd 21
1574
1
bfi-bfhe 21
1575
2
jjj-bfhf 20
ded-bfhf 2
1576
2
bfhi-bfhg 17
ibi-bfhg 4
1577
1
ibh-bfhh 21
1578
1
ice-bfhi 21
1579
2
gih-bfhj 4
bejj-bfhj 17
1580
1
df-bfia 21
1581
1
bdca-bfib 21
1582
2
bgfg-bfic 10
igc-bfic 12
1583
1
hfa-bfid 21
1584
1
ceh-bfie 21
1585
2
dfi-bfif 20
caa-bfif 1
1587
1
cif-bfih 21
1588
2
hjg-bfii 16
edc-bfii 5
1589
1
gih-bfij 21
1590
1
bie-bfja 21
1591
1
icj-bfjb 21
1592
1
bej-bfjc 21
1593
1
bajd-bfjd 21
1594
1
bfba-bfje 21
1595
1
cdg-bfjf 21
1596
1
bdej-bfjg 21
1597
1
bcga-bfjh 21
1599
1
hhg-bfjj 21
1600
1
bcdd-bgaa 21
1601
1
fga-bgab 21
1602
1
babg-bgac 21
1603
1
bdba-bgad 21
1604
1
bajd-bgae 21
1605
1
beab-bgaf 21
1606
1
bed-bgag 21
1607
1
bdhi-bgah 21
1608
1
baji-bgai 21
1609
1
egb-bgaj 21
1610
1
ddd-bgba 21
1611
1
dib-bgbb 21
1612
1
bba-bgbc 21
1613
2
bfje-bgbd 16
bfb-bgbd 6
1614
1
bfhe-bgbe 21
1615
1
bbfa-bgbf 21
1616
1
dff-bgbg 21
1617
2
bgfh-bgbh 16
ece-bgbh 6
1618
1
bfjc-bgbi 21
1619
1
cbj-bgbj 21
1620
1
hjh-bgca 21
1621
1
icd-bgcb 21
1622
2
dga-bgcc 20
bdbe-bgcc 2
1624
1
bacd-bgce 21
1625
1
cib-bgcf 21
1626
1
cba-bgcg 21
1627
1
cga-bgch 21
1628
2
hje-bgci 19
bda-bgci 3
1629
1
beeg-bgcj 21
1630
1
bcai-bgda 21
1631
1
jdd-bgdb 21
1632
1
gbb-bgdc 21
1633
3
ede-bgdd 19
bhf-bgdd 2
bffd-bgdd 1
1634
1
beic-bgde 21
1635
1
bbia-bgdf 21
1636
1
baf-bgdg 21
1637
1
hhh-bgdh 21
1638
2
bach-bgdi 18
jdi-bgdi 3
1639
1
jdb-bgdj 21
1640
1
bcia-bgea 21
1641
1
ega-bgeb 21
1642
2
djd-bgec 13
bacg-bgec 8
1643
1
behi-bged 21
1644
1
hjf-bgee 21
1645
1
fed-bgef 21
1646
1
baca-bgeg 21
1647
1
bece-bgeh 21
1648
1
bgca-bgei 21
1649
1
jej-bgej 21
1650
1
bddj-bgfa 21
1651
1
bhh-bgfb 21
1652
1
bfjg-bgfc 21
1653
2
gif-bgfd 20
ddb-bgfd 1
1654
1
bfcf-bgfe 21
1655
1
bcgh-bgff 21
1656
1
bce-bgfg 21
1657
1
bgbi-bgfh 21
1658
1
bie-bgfi 21
1659
1
eef-bgfj 21
1660
1
bdhi-bgga 21
1661
1
bdhg-bggb 21
