1632
0
1
cd-a 20
1
2
dab-b 18
ehb-b 3
2
3
fcd-c 18
dgj-c 2
dgc-c 1
3
6
ii-d 10
hcj-d 1
bcb-d 8
bjg-d 1
cbd-d 1
cd-d 1
4
1
hic-e 20
5
5
jbb-f 3
bdjf-f 14
bc-f 2
jcc-f 2
ff-f 2
6
5
gic-g 7
ehc-g 3
eie-g 6
iee-g 6
bedj-g 2
7
1
bfa-h 20
8
3
gie-i 4
geg-i 16
bahi-i 1
9
3
fbj-j 19
ce-j 1
heg-j 2
10
1
dhf-ba 20
11
7
bae-bb 1
bee-bb 9
bcea-bb 1
bcef-bb 5
bgf-bb 3
cd-bb 2
bcb-bb 1
12
6
dgf-bc 10
daa-bc 4
hbf-bc 5
ccj-bc 2
ddf-bc 1
baid-bc 1
13
2
cch-bd 10
bejh-bd 11
14
4
beai-be 15
bbbj-be 3
babg-be 2
fec-be 2
15
1
hi-bf 20
16
6
bdii-bg 12
fib-bg 2
baae-bg 2
jf-bg 2
iag-bg 2
gge-bg 3
17
3
ihi-bh 18
bgeh-bh 3
hjd-bh 1
18
5
fic-bi 11
babg-bi 10
feh-bi 1
hej-bi 1
bc-bi 1
19
8
bc-bj 4
dhf-bj 5
ch-bj 2
dg-bj 2
bdbf-bj 2
db-bj 4
cii-bj 4
hcj-bj 2
20
4
gjh-ca 16
dfg-ca 3
bai-ca 2
cd-ca 2
21
3
dcc-cb 6
did-cb 6
edb-cb 10
22
4
jgi-cc 3
badc-cc 8
dgf-cc 8
ff-cc 3
23
6
dbg-cd 11
ffb-cd 8
bhd-cd 2
gfa-cd 1
bcaj-cd 1
fae-cd 1
24
3
ef-ce 3
jgf-ce 6
jag-ce 13
25
4
eac-cf 15
fhg-cf 1
def-cf 5
bbci-cf 1
26
6
bd-cg 7
chb-cg 5
deb-cg 2
eh-cg 2
hhc-cg 3
deg-cg 2
27
6
hch-ch 3
jgg-ch 8
bjd-ch 3
dji-ch 4
ddb-ch 3
cd-ch 2
28
5
bffg-ci 13
befi-ci 1
hfh-ci 5
gbg-ci 2
hif-ci 1
29
3
bfgd-cj 18
egd-cj 2
fbi-cj 2
30
8
bdf-da 3
beib-da 4
gda-da 1
eej-da 2
bcei-da 5
ea-da 1
bhd-da 4
fai-da 5
31
6
bbde-db 15
cbh-db 3
bc-db 1
cfj-db 1
gi-db 1
cd-db 2
32
6
iej-dc 18
bbgj-dc 2
ifh-dc 2
ecg-dc 1
iag-dc 1
jbf-dc 1
33
1
babg-dd 20
34
2
bhe-de 10
eih-de 10
35
5
bfgb-df 16
igi-df 4
iei-df 1
ibf-df 1
gc-df 1
36
7
bebe-dg 5
bcii-dg 6
hah-dg 6
bcag-dg 2
bdfc-dg 1
bgfe-dg 2
cee-dg 1
37
4
bagf-dh 15
gcd-dh 1
hha-dh 5
db-dh 1
38
1
haf-di 20
39
2
ef-dj 10
cbh-dj 10
40
5
jjh-ea 6
jff-ea 4
eee-ea 4
cgg-ea 2
fda-ea 4
41
3
bbfc-eb 12
cdi-eb 8
hac-eb 1
42
5
cdc-ec 13
ege-ec 4
fi-ec 3
ci-ec 1
fc-ec 1
43
4
bcia-ed 13
ech-ed 3
bfdc-ed 4
eb-ed 1
44
3
cfb-ee 8
ejg-ee 4
bacc-ee 8
45
7
ige-ef 8
beeh-ef 3
egh-ef 1
cih-ef 7
cij-ef 2
bgd-ef 1
bgb-ef 1
46
4
bcd-eg 1
ggg-eg 19
cbg-eg 1
ffd-eg 1
47
5
bbfg-eh 8
bbei-eh 2
gdh-eh 10
bjb-eh 2
fdd-eh 1
48
4
jfj-ei 16
bcjf-ei 3
cbh-ei 1
bbje-ei 1
49
3
baig-ej 18
cd-ej 3
jia-ej 1
50
5
dhe-fa 15
bcb-fa 1
jji-fa 3
bc-fa 2
hg-fa 1
51
3
bdc-fb 11
dfa-fb 6
bcch-fb 4
52
5
bfch-fc 14
fif-fc 6
eab-fc 1
jb-fc 1
bcj-fc 1
53
2
dhe-fd 10
dd-fd 10
54
1
jic-fe 20
55
7
bdcg-ff 2
gb-ff 12
dbd-ff 2
cje-ff 3
bed-ff 2
ic-ff 1
bdf-ff 1
56
1
bfaf-fg 20
57
7
ccb-fh 3
bejb-fh 10
d-fh 3
jie-fh 2
jh-fh 2
jjd-fh 2
bdb-fh 2
58
3
bfdg-fi 17
hee-fi 3
fg-fi 2
59
7
dbg-fj 10
ifd-fj 4
hfh-fj 2
bea-fj 2
ff-fj 2
bcha-fj 3
ddg-fj 2
60
6
fga-ga 14
bi-ga 5
dac-ga 1
eah-ga 1
cg-ga 1
cih-ga 1
61
2
bbjc-gb 19
bbeb-gb 2
62
5
gge-gc 10
bdfa-gc 7
eie-gc 4
bga-gc 1
j-gc 1
63
5
bfgc-gd 10
cfj-gd 4
dai-gd 3
daj-gd 4
icd-gd 2
64
1
g-ge 20
65
1
cgh-gf 20
66
5
bfjf-gg 12
cdh-gg 8
jhg-gg 1
jdj-gg 1
idf-gg 1
67
1
bddh-gh 20
68
3
bcff-gi 18
cbe-gi 2
ch-gi 2
69
3
baad-gj 4
gjj-gj 12
edh-gj 4
70
3
db-ha 16
bda-ha 2
ecc-ha 2
71
2
iaa-hb 7
efh-hb 14
72
3
dbf-hc 6
ejc-hc 15
cif-hc 1
74
7
gij-he 2
bcd-he 1
bcjc-he 10
hc-he 3
bgi-he 4
bebb-he 2
gig-he 1
75
4
hie-hf 10
bdbc-hf 6
da-hf 2
dah-hf 2
76
4
bja-hg 13
cgj-hg 4
gbd-hg 4
dfj-hg 1
77
7
bjb-hh 5
beic-hh 2
cae-hh 3
bdh-hh 2
gcj-hh 8
jae-hh 2
caa-hh 1
78
3
baec-hi 10
iba-hi 10
ihf-hi 1
79
2
jfc-hj 19
gfg-hj 2
80
2
bdjd-ia 7
bfeh-ia 14
81
4
ghd-ib 9
dea-ib 3
gia-ib 6
dad-ib 3
82
2
bedh-ic 18
fdf-ic 3
83
4
eab-id 19
gbg-id 2
ebd-id 1
ej-id 1
84
4
eeh-ie 6
haj-ie 6
dej-ie 6
fbb-ie 6
85
2
bcge-if 15
bfce-if 6
86
1
baif-ig 20
87
3
cgh-ih 15
bcfj-ih 4
bba-ih 2
88
6
chf-ii 13
eig-ii 1
bacj-ii 4
bacd-ii 1
bgfi-ii 1
dgc-ii 2
89
4
bcd-ij 10
dbi-ij 2
ife-ij 6
fbc-ij 2
90
2
hij-ja 20
bei-ja 2
91
2
bc-jb 10
bhe-jb 10
92
6
babi-jc 11
bbjg-jc 9
gbe-jc 1
fci-jc 1
gii-jc 1
hj-jc 1
93
2
cae-jd 10
fhj-jd 10
94
6
bfc-je 8
bfgb-je 2
fcf-je 2
gdf-je 6
bi-je 5
bbi-je 1
95
3
iae-jf 6
dfc-jf 3
gbd-jf 12
96
3
daf-jg 20
beb-jg 1
ec-jg 1
97
6
bbfg-jh 18
hib-jh 2
bcbf-jh 1
dai-jh 1
ecj-jh 1
ei-jh 1
98
5
idd-ji 2
bccj-ji 5
bdjh-ji 12
beaa-ji 3
gbe-ji 1
99
3
fgf-jj 7
bcee-jj 10
dej-jj 5
100
4
efg-baa 9
dig-baa 10
bfg-baa 1
fhg-baa 2
101
4
eic-bab 6
ede-bab 5
chf-bab 8
jhg-bab 3
102
4
gja-bac 8
bfe-bac 12
da-bac 1
hj-bac 2
103
3
jid-bad 12
bha-bad 7
bfi-bad 3
104
4
bdga-bae 17
ceg-bae 2
dgj-bae 2
cd-bae 1
105
5
bdbh-baf 15
bcb-baf 2
cj-baf 3
cgb-baf 1
cbg-baf 1
106
6
baab-bag 3
bfce-bag 8
ede-bag 3
bbfi-bag 3
dad-bag 3
fic-bag 3
107
6
gjh-bah 12
deg-bah 3
ifd-bah 3
bbcc-bah 1
hbf-bah 3
ddf-bah 1
108
2
cfj-bai 13
bda-bai 8
109
6
chf-baj 4
cjg-baj 2
eg-baj 6
ddb-baj 2
bda-baj 4
db-baj 2
110
5
je-bba 3
gdc-bba 9
fbe-bba 7
dic-bba 3
hi-bba 2
111
4
d-bbb 8
fdh-bbb 9
edb-bbb 3
bdh-bbb 2
112
4
chf-bbc 18
jje-bbc 2
dgb-bbc 1
gbg-bbc 1
113
2
bja-bbd 10
gca-bbd 10
114
3
ehd-bbe 14
cb-bbe 4
cie-bbe 4
115
5
bei-bbf 12
bage-bbf 7
dfc-bbf 1
fj-bbf 1
bej-bbf 1
116
6
iff-bbg 9
bbbj-bbg 2
gdc-bbg 6
eba-bbg 2
eg-bbg 3
cbd-bbg 1
117
3
bacc-bbh 19
gjh-bbh 1
ehi-bbh 1
118
8
beeh-bbi 18
gfd-bbi 2
beb-bbi 1
bech-bbi 1
cbb-bbi 1
ib-bbi 1
cea-bbi 1
ige-bbi 1
119
5
fag-bbj 18
eh-bbj 1
ige-bbj 1
bbag-bbj 1
baja-bbj 1
120
6
gae-bca 4
cc-bca 2
eae-bca 7
gaf-bca 2
cji-bca 7
bae-bca 2
121
4
fba-bcb 13
bbgc-bcb 4
bbdg-bcb 5
bdea-bcb 1
122
5
bbff-bcc 17
bbab-bcc 4
bebg-bcc 1
hgb-bcc 1
jg-bcc 1
123
4
eed-bcd 13
ddj-bcd 3
jec-bcd 5
iie-bcd 1
124
8
gef-bce 6
gc-bce 3
bagd-bce 3
bi-bce 4
edi-bce 4
ccc-bce 1
fed-bce 1
bb-bce 1
125
4
ddj-bcf 6
deg-bcf 4
cea-bcf 9
gih-bcf 4
126
6
hcj-bcg 3
dgg-bcg 3
dbg-bcg 6
bhj-bcg 3
g-bcg 6
cah-bcg 3
127
6
ecb-bch 3
gad-bch 8
fbh-bch 7
bgbf-bch 3
bfc-bch 1
dfd-bch 1
128
7
bbhe-bci 14
bbf-bci 1
bagb-bci 4
bcbc-bci 2
bbc-bci 1
fag-bci 1
fi-bci 1
129
7
iff-bcj 16
bah-bcj 2
icj-bcj 1
cjg-bcj 1
bbf-bcj 1
cjh-bcj 1
eac-bcj 1
130
6
dhg-bda 2
ffa-bda 14
dfj-bda 3
eh-bda 2
fbe-bda 1
ia-bda 1
131
8
efd-bdb 12
bhb-bdb 2
jbg-bdb 2
deh-bdb 4
djh-bdb 2
bfc-bdb 1
fib-bdb 1
cda-bdb 1
132
9
bbfe-bdc 1
fee-bdc 8
fdc-bdc 3
jbg-bdc 2
bbjh-bdc 2
bfea-bdc 5
cfc-bdc 1
bbah-bdc 1
bec-bdc 1
133
5
bcgc-bdd 13
bece-bdd 6
efa-bdd 1
bjf-bdd 1
bja-bdd 1
134
6
bdh-bde 2
hhi-bde 2
iah-bde 6
bba-bde 3
gge-bde 6
beec-bde 3
135
6
hcg-bdf 10
bbab-bdf 4
gea-bdf 5
gbf-bdf 2
hc-bdf 1
bhe-bdf 1
136
7
jdg-bdg 2
bahh-bdg 11
bbij-bdg 6
djj-bdg 1
ch-bdg 1
cha-bdg 2
dhi-bdg 1
137
4
jjg-bdh 10
edg-bdh 4
feh-bdh 6
ce-bdh 3
138
6
iic-bdi 16
gci-bdi 4
jbe-bdi 1
bffi-bdi 1
bcfj-bdi 1
ich-bdi 1
139
6
geh-bdj 11
jfe-bdj 8
bbbh-bdj 1
igg-bdj 1
hhc-bdj 1
igb-bdj 1
140
3
dgc-bea 16
fif-bea 2
dgb-bea 3
141
7
djg-beb 2
hia-beb 16
edh-beb 2
ffd-beb 1
dci-beb 2
fe-beb 1
cbg-beb 1
142
8
hea-bec 7
hj-bec 4
ii-bec 3
bdei-bec 6
eei-bec 2
ica-bec 1
hff-bec 1
bdh-bec 1
143
5
cd-bed 15
ica-bed 2
begd-bed 3
feh-bed 2
cfa-bed 1
144
4
bgbe-bee 20
gjd-bee 1
dfg-bee 1
bbej-bee 1
145
4
dai-bef 9
bjd-bef 2
fgj-bef 8
jei-bef 2
146
5
fei-beg 6
hgd-beg 2
bja-beg 2
bef-beg 8
ea-beg 2
147
9
ieh-beh 13
hi-beh 3
jbj-beh 2
gdd-beh 1
bab-beh 2
ccg-beh 1
ih-beh 1
cia-beh 1
ef-beh 1
148
5
jca-bei 11
bcgi-bei 4
fge-bei 5
jbi-bei 1
becg-bei 1
149
5
fif-bej 13
cdi-bej 1
bec-bej 5
dbi-bej 2
bdb-bej 1
150
5
egg-bfa 3
cjd-bfa 13
cdf-bfa 3
ddd-bfa 2
ifi-bfa 2
151
2
bdji-bfb 19
fda-bfb 2
152
8
dcb-bfc 15
gbi-bfc 2
bafi-bfc 2
ifh-bfc 1
fbb-bfc 1
fcb-bfc 1
cei-bfc 1
dhb-bfc 1
153
3
haa-bfd 9
cie-bfd 6
jgi-bfd 6
154
5
dch-bfe 8
gbc-bfe 3
cgh-bfe 3
baea-bfe 7
hff-bfe 1
155
4
eec-bff 10
bcie-bff 4
gfe-bff 8
fdh-bff 2
156
7
bgac-bfg 15
hj-bfg 2
hhe-bfg 3
efi-bfg 2
fh-bfg 1
bef-bfg 1
be-bfg 1
157
4
eaa-bfh 10
bae-bfh 4
gcj-bfh 4
baf-bfh 4
158
7
bgci-bfi 13
gaa-bfi 7
idg-bfi 1
bacf-bfi 1
jhe-bfi 1
ich-bfi 1
ecj-bfi 1
159
5
gce-bfj 2
bii-bfj 7
gif-bfj 4
jjj-bfj 8
ded-bfj 2
160
2
hbd-bga 17
efe-bga 4
161
6
cgc-bgb 3
hea-bgb 16
bedd-bgb 2
bahe-bgb 1
bcga-bgb 1
dff-bgb 1
162
6
bdeh-bgc 9
cgd-bgc 7
fd-bgc 2
ffi-bgc 2
ehc-bgc 2
cff-bgc 2
163
5
edg-bgd 12
bgdh-bgd 5
f-bgd 1
gd-bgd 2
dbj-bgd 1
164
3
hci-bge 10
jif-bge 10
d-bge 2
165
4
iaa-bgf 17
bd-bgf 2
bie-bgf 2
baih-bgf 2
166
6
heh-bgg 5
ehg-bgg 7
babe-bgg 1
bcaa-bgg 7
bdde-bgg 2
id-bgg 1
167
5
cgg-bgh 2
cej-bgh 3
bfgh-bgh 7
dbg-bgh 10
be-bgh 2
168
8
daj-bgi 10
cbi-bgi 6
bhh-bgi 2
baa-bgi 1
eij-bgi 2
dda-bgi 1
bc-bgi 1
cej-bgi 1
169
5
jai-bgj 5
hch-bgj 7
hbh-bgj 3
djh-bgj 3
bffe-bgj 5
170
6
ddd-bha 1
bff-bha 1
gi-bha 17
edd-bha 1
bde-bha 1
bi-bha 2
171
5
hhd-bhb 13
cda-bhb 2
fcb-bhb 2
bfbi-bhb 3
ih-bhb 2
172
6
bagf-bhc 4
bbfd-bhc 14
bfe-bhc 2
gfg-bhc 1
edf-bhc 1
eje-bhc 1
173
4
hj-bhd 7
gii-bhd 4
eed-bhd 9
bcb-bhd 2
174
5
daa-bhe 18
cfe-bhe 2
bgj-bhe 1
chd-bhe 1
ebi-bhe 1
175
5
bci-bhf 12
ech-bhf 4
jga-bhf 2
dgi-bhf 3
ca-bhf 2
176
6
cdi-bhg 15
bci-bhg 1
iga-bhg 2
cfi-bhg 1
baf-bhg 2
babb-bhg 2
177
3
efe-bhh 13
bai-bhh 4
cch-bhh 4
178
5
gbb-bhi 2
ibh-bhi 7
eaj-bhi 11
cdb-bhi 1
bacb-bhi 1
179
6
bafb-bhj 15
ghd-bhj 2
hg-bhj 1
hbc-bhj 1
cb-bhj 1
fha-bhj 2
180
4
dac-bia 2
hi-bia 6
cch-bia 10
bjg-bia 2
181
3
eae-bib 20
fhc-bib 1
hjj-bib 1
182
3
baa-bic 10
eee-bic 7
hdc-bic 4
183
4
bef-bid 7
beh-bid 7
bajd-bid 4
dec-bid 4
184
11
hdd-bie 6
bcai-bie 3
bae-bie 1
eig-bie 3
bef-bie 1
bcc-bie 1
bde-bie 4
cdc-bie 1
dbe-bie 1
cfe-bie 1
bbc-bie 1
185
5
babf-bif 7
bgcg-bif 14
bahf-bif 1
je-bif 1
cji-bif 1
186
2
deg-big 15
bdde-big 6
187
4
bcff-bih 16
dcf-bih 4
ccj-bih 1
hef-bih 1
188
5
bga-bii 4
bcej-bii 10
caj-bii 2
ejd-bii 4
dfa-bii 3
189
6
cha-bij 10
eab-bij 1
gfi-bij 1
ba-bij 1
cia-bij 8
bcj-bij 1
190
3
dca-bja 19
ded-bja 2
dig-bja 1
191
4
bcdb-bjb 7
bbee-bjb 10
db-bjb 3
fed-bjb 2
192
5
ibe-bjc 4
baad-bjc 14
ggh-bjc 2
bagc-bjc 2
eia-bjc 2
193
3
hdg-bjd 16
bij-bjd 1
ghb-bjd 5
194
4
ecd-bje 18
cga-bje 2
eja-bje 1
dgf-bje 1
195
6
hic-bjf 3
baff-bjf 16
hii-bjf 1
ecg-bjf 2
hie-bjf 1
bccc-bjf 1
196
3
df-bjg 7
cec-bjg 4
dih-bjg 10
197
5
cd-bjh 11
bcb-bjh 5
jeb-bjh 3
gfd-bjh 2
djg-bjh 2
198
1
beeb-bji 20
199
4
baad-bjj 16
gci-bjj 3
jhe-bjj 2
edg-bjj 1
200
5
ecb-caa 6
djj-caa 7
hfg-caa 3
bafd-caa 4
jgd-caa 2
201
6
cjd-cab 5
bdg-cab 12
jbg-cab 2
jca-cab 1
daf-cab 1
bef-cab 2
202
5
fid-cac 8
dbf-cac 9
djc-cac 2
bbdh-cac 2
cgd-cac 1
203
3
ege-cad 8
icg-cad 8
edd-cad 4
204
8
jcd-cae 2
bcb-cae 7
gdi-cae 1
bccg-cae 5
hhb-cae 6
chb-cae 2
cci-cae 1
bea-cae 1
205
2
bafb-caf 20
gag-caf 1
206
3
cie-cag 15
fbi-cag 3
ebb-cag 3
207
6
cce-cah 2
bebe-cah 11
ih-cah 2
bahc-cah 3
fac-cah 2
fde-cah 1
208
1
jda-cai 20
209
4
eji-caj 8
ghh-caj 8
eba-caj 2
jh-caj 2
210
4
bccb-cba 1
bbjf-cba 13
bgdd-cba 8
bfi-cba 1
211
5
ihc-cbb 7
cge-cbb 8
ca-cbb 2
da-cbb 2
be-cbb 3
212
2
efg-cbc 14
bcdg-cbc 7
213
8
jfc-cbd 18
bcdc-cbd 2
cec-cbd 1
jej-cbd 1
eag-cbd 1
bif-cbd 1
ehe-cbd 1
chb-cbd 1
214
1
bbcc-cbe 20
215
2
cdj-cbf 7
bff-cbf 14
216
4
becj-cbg 11
bbfi-cbg 9
bdg-cbg 1
hjj-cbg 1
217
5
bhi-cbh 14
jhi-cbh 4
bfg-cbh 1
ej-cbh 2
caj-cbh 1
218
2
ede-cbi 20
ebh-cbi 1
219
5
hi-cbj 2
gjj-cbj 13
dcf-cbj 3
jec-cbj 1
db-cbj 2
220
5
ihg-cca 2
bbdb-cca 8
bbi-cca 2
ehi-cca 2
eea-cca 6
221
6
ddd-ccb 6
jeh-ccb 6
bjj-ccb 3
eig-ccb 3
d-ccb 3
ejj-ccb 3
222
3
jfh-ccc 13
eag-ccc 6
bcda-ccc 3
223
6
feh-ccd 3
bajb-ccd 12
cjf-ccd 3
dhh-ccd 1
eae-ccd 1
ecd-ccd 2
224
4
hdf-cce 3
bceh-cce 14
bdc-cce 3
daf-cce 3
225
7
ihi-ccf 17
dca-ccf 3
ga-ccf 2
ghd-ccf 1
hcc-ccf 1
jeg-ccf 1
bfdd-ccf 1
226
5
hjh-ccg 3
hde-ccg 3
ide-ccg 3
bahi-ccg 9
bih-ccg 3
227
3
baaf-cch 7
egd-cch 14
ice-cch 1
228
3
bgbg-cci 10
bbfd-cci 10
haf-cci 1
229
6
hji-ccj 12
eeb-ccj 4
gdf-ccj 3
cch-ccj 2
j-ccj 1
bch-ccj 1
230
3
ejd-cda 10
dd-cda 7
jae-cda 4
231
4
ejg-cdb 18
jaa-cdb 2
bff-cdb 1
fcf-cdb 1
232
6
ddj-cdc 10
ccj-cdc 2
fad-cdc 7
eb-cdc 1
gac-cdc 1
hjg-cdc 2
233
2
bebi-cdd 16
db-cdd 5
234
7
bdia-cde 5
hhb-cde 7
gge-cde 6
bi-cde 2
bjb-cde 1
fff-cde 1
bj-cde 1
235
5
fjc-cdf 19
dfa-cdf 1
iee-cdf 1
bhj-cdf 1
badh-cdf 1
236
6
dff-cdg 18
bdf-cdg 1
bfjd-cdg 1
gcf-cdg 1
eif-cdg 1
cid-cdg 1
237
3
bbja-cdh 20
gfd-cdh 1
gd-cdh 1
238
4
beha-cdi 15
deb-cdi 1
j-cdi 4
jbc-cdi 1
239
3
chh-cdj 1
hgg-cdj 3
ega-cdj 17
240
6
jaj-cea 12
che-cea 8
cfi-cea 1
gbi-cea 1
cac-cea 1
be-cea 1
241
6
bdea-ceb 19
bfj-ceb 1
cii-ceb 1
dhh-ceb 1
dfe-ceb 1
bch-ceb 1
242
4
bajb-cec 12
bad-cec 5
bbc-cec 2
bdg-cec 3
243
3
bbgc-ced 17
cah-ced 3
efg-ced 1
244
3
ic-cee 14
eej-cee 6
jhc-cee 2
245
4
bha-cef 8
bfi-cef 8
dab-cef 5
bbec-cef 1
246
4
iag-ceg 6
cah-ceg 8
gdg-ceg 6
bfa-ceg 2
247
4
gdd-ceh 7
eeg-ceh 7
cic-ceh 4
bje-ceh 4
248
5
fhi-cei 8
dgf-cei 6
bfb-cei 3
ehj-cei 3
ddf-cei 3
249
8
bbeg-cej 5
bh-cej 8
bbee-cej 5
dif-cej 3
bda-cej 1
jej-cej 1
gig-cej 1
ef-cej 1
250
5
gei-cfa 8
bdhb-cfa 10
hdi-cfa 1
ice-cfa 2
eb-cfa 1
251
7
fgg-cfb 3
g-cfb 4
fhe-cfb 7
baga-cfb 2
gje-cfb 3
fc-cfb 1
cea-cfb 2
252
3
gef-cfc 13
ieg-cfc 6
eca-cfc 3
253
6
bchd-cfd 12
cje-cfd 4
bcdh-cfd 2
geb-cfd 3
a-cfd 1
ccg-cfd 2
254
2
ijc-cfe 18
jf-cfe 3
255
5
hda-cff 3
bafc-cff 6
ejg-cff 12
egj-cff 1
hjf-cff 1
256
4
bbdg-cfg 9
ej-cfg 4
bfdb-cfg 7
gic-cfg 2
257
7
cie-cfh 19
fjh-cfh 1
bee-cfh 1
bbee-cfh 1
cid-cfh 1
baj-cfh 1
gbg-cfh 1
258
5
chd-cfi 2
dhi-cfi 12
badf-cfi 2
bcfi-cfi 4
eec-cfi 2
259
6
cfi-cfj 15
beb-cfj 3
bd-cfj 1
fh-cfj 1
efb-cfj 1
dib-cfj 1
260
6
bcjf-cga 15
cgd-cga 1
chj-cga 1
bhb-cga 3
cah-cga 1
chf-cga 2
261
4
gdf-cgb 5
da-cgb 10
deb-cgb 6
dhd-cgb 1
262
5
fji-cgc 2
ee-cgc 3
ica-cgc 8
hfc-cgc 7
hdb-cgc 3
263
6
dcf-cgd 12
bafi-cgd 2
bafd-cgd 5
bec-cgd 1
dcj-cgd 2
bajg-cgd 1
264
5
bba-cge 6
bfc-cge 10
cci-cge 3
fh-cge 2
hai-cge 2
265
4
bgbh-cgf 10
fcc-cgf 9
gie-cgf 1
ibe-cgf 2
266
5
fhc-cgg 13
dib-cgg 2
bdh-cgg 3
bii-cgg 2
bgae-cgg 3
267
5
bdhc-cgh 19
hc-cgh 1
cag-cgh 1
babb-cgh 1
hif-cgh 1
268
5
baaa-cgi 18
daf-cgi 1
fdh-cgi 3
djh-cgi 1
ia-cgi 1
269
4
dgg-cgj 2
eag-cgj 8
ifi-cgj 10
fei-cgj 3
270
6
dcb-cha 5
egj-cha 4
ged-cha 7
dhj-cha 2
gfh-cha 4
bhi-cha 1
271
3
bcbi-chb 14
fff-chb 6
eci-chb 2
272
4
jhd-chc 14
bbfj-chc 5
jfb-chc 2
hba-chc 2
273
4
cjc-chd 2
bfbg-chd 17
dfj-chd 2
ebh-chd 2
274
2
befj-che 20
dbj-che 1
275
5
eca-chf 18
fch-chf 2
ehb-chf 1
did-chf 1
hfb-chf 1
276
3
iab-chg 10
edh-chg 7
hja-chg 4
277
2
ca-chh 10
cid-chh 10
278
6
bbea-chi 4
bbc-chi 15
ibj-chi 1
cee-chi 1
jeh-chi 1
hga-chi 1
279
6
hhi-chj 10
bgh-chj 2
dia-chj 2
fjd-chj 2
fg-chj 4
jg-chj 2
280
4
jj-cia 4
cce-cia 2
jej-cia 7
eie-cia 9
281
5
bdhb-cib 2
eha-cib 10
bdhh-cib 7
hh-cib 1
bcce-cib 1
282
3
dhi-cic 17
igc-cic 2
bbi-cic 2
283
11
cjb-cid 11
cab-cid 2
fcf-cid 3
hgg-cid 2
bii-cid 1
dfa-cid 1
bdh-cid 1
ebi-cid 2
ehb-cid 1
dfd-cid 2
fic-cid 1
284
3
jfi-cie 14
gg-cie 7
bih-cie 1
285
8
bcja-cif 19
bbai-cif 1
dae-cif 1
baed-cif 1
dcb-cif 1
gfe-cif 1
dgb-cif 1
idd-cif 1
286
5
hbj-cig 13
bbac-cig 4
eef-cig 2
dge-cig 2
hdd-cig 2
287
2
icg-cih 20
cda-cih 1
288
6
baha-cii 13
ggd-cii 3
gbi-cii 3
gc-cii 1
dad-cii 1
cah-cii 1
289
3
ch-cij 6
dgf-cij 13
bgi-cij 2
290
5
bcaa-cja 7
ead-cja 3
hcj-cja 7
ehg-cja 4
ija-cja 2
291
3
beba-cjb 17
bagh-cjb 2
jbi-cjb 2
292
4
bada-cjc 3
bfgi-cjc 16
bcih-cjc 2
db-cjc 1
293
2
bdaa-cjd 18
eje-cjd 3
294
3
cea-cje 13
bbi-cje 7
fje-cje 2
295
2
dba-cjf 12
cgb-cjf 8
296
1
cgb-cjg 20
297
4
hhf-cjh 5
da-cjh 5
jfd-cjh 9
he-cjh 3
298
6
bee-cji 1
bdce-cji 14
hbd-cji 2
bdcg-cji 1
id-cji 3
dbj-cji 1
299
6
jah-cjj 15
bfeb-cjj 4
bgh-cjj 1
cc-cjj 1
bcie-cjj 1
fci-cjj 1
300
6
bfde-daa 12
bbhc-daa 4
jjb-daa 5
fh-daa 1
edd-daa 1
ih-daa 1
301
6
hi-dab 18
bef-dab 2
icf-dab 1
cjh-dab 1
bace-dab 1
ede-dab 1
302
5
iid-dac 7
dce-dac 6
fgc-dac 3
bgi-dac 5
de-dac 2
303
4
gfd-dad 13
gcb-dad 3
gfe-dad 5
dab-dad 2
304
4
fce-dae 3
ebf-dae 1
bcib-dae 17
baaa-dae 1
305
7
badi-daf 10
bdcb-daf 7
fbb-daf 3
jae-daf 1
bddb-daf 1
cha-daf 1
bdag-daf 1
306
3
hcd-dag 15
eb-dag 3
jg-dag 3
307
3
ihj-dah 3
ehc-dah 9
ggg-dah 9
308
5
bafa-dai 6
bchi-dai 11
ebd-dai 1
ejb-dai 2
chh-dai 1
309
6
fhj-daj 4
geh-daj 13
dhe-daj 2
dce-daj 2
fae-daj 1
ebb-daj 1
310
3
hhj-dba 17
gdh-dba 3
bff-dba 2
311
4
eaa-dbb 20
cjb-dbb 1
dfc-dbb 1
dgi-dbb 1
312
2
hca-dbc 14
dah-dbc 7
313
5
gcb-dbd 15
ceg-dbd 1
bdjf-dbd 4
bfg-dbd 2
bbg-dbd 1
314
3
dfh-dbe 2
bcaf-dbe 18
dac-dbe 2
315
7
gib-dbf 19
gdc-dbf 1
eid-dbf 1
bbcb-dbf 1
baad-dbf 1
dac-dbf 1
ei-dbf 1
316
3
iag-dbg 19
dab-dbg 2
ffg-dbg 1
317
5
fha-dbh 16
caa-dbh 3
cid-dbh 1
gfj-dbh 1
cdb-dbh 1
318
5
bcaa-dbi 6
edd-dbi 10
ch-dbi 2
fah-dbi 2
eia-dbi 2
319
6
dhd-dbj 8
gjf-dbj 5
cgb-dbj 1
dad-dbj 5
bb-dbj 3
cg-dbj 1
320
5
jbi-dca 13
bda-dca 3
bdii-dca 4
badg-dca 1
a-dca 1
321
6
eda-dcb 8
fi-dcb 3
gad-dcb 9
gbj-dcb 2
efg-dcb 1
jia-dcb 1
322
9
gdi-dcc 1
jah-dcc 9
di-dcc 6
heg-dcc 2
cdd-dcc 1
ddf-dcc 1
chf-dcc 4
fbb-dcc 1
eie-dcc 1
323
3
cg-dcd 9
gda-dcd 5
cfg-dcd 7
324
3
jef-dce 20
ebg-dce 1
cce-dce 1
325
5
bbja-dcf 13
fea-dcf 3
cgb-dcf 4
bhe-dcf 2
fce-dcf 1
326
2
dca-dcg 19
cd-dcg 2
327
4
bdgc-dch 2
jai-dch 19
cjc-dch 1
dh-dch 1
328
5
bcef-dci 10
ehi-dci 4
ddg-dci 3
dae-dci 3
cge-dci 1
329
5
jcg-dcj 16
begb-dcj 4
bde-dcj 1
dhd-dcj 1
dbj-dcj 1
330
4
bjj-dda 11
dai-dda 6
fjj-dda 2
cea-dda 2
331
6
bdge-ddb 6
ddd-ddb 4
eig-ddb 2
bcea-ddb 4
bbdj-ddb 4
cjb-ddb 2
332
5
dac-ddc 3
beg-ddc 2
bfjb-ddc 12
bja-ddc 5
ia-ddc 1
333
4
beef-ddd 17
bci-ddd 2
hed-ddd 1
gfa-ddd 1
334
8
d-dde 7
gaa-dde 1
bbj-dde 1
ejf-dde 2
ghh-dde 10
dbe-dde 1
fbe-dde 1
ifj-dde 1
335
7
fcf-ddf 9
id-ddf 2
eij-ddf 5
eb-ddf 4
jh-ddf 1
bei-ddf 1
chf-ddf 1
336
3
eid-ddg 16
cgc-ddg 3
cdi-ddg 2
337
4
baa-ddh 16
ech-ddh 2
ef-ddh 3
edi-ddh 1
338
6
fib-ddi 2
jja-ddi 2
ef-ddi 7
ehd-ddi 8
bjc-ddi 2
cfa-ddi 2
339
6
dia-ddj 1
ecg-ddj 12
haa-ddj 7
ihj-ddj 2
ccd-ddj 1
ehi-ddj 1
340
6
ief-dea 5
edh-dea 4
ejd-dea 10
dia-dea 1
bgi-dea 2
ebe-dea 1
341
5
cbi-deb 16
fei-deb 3
hfg-deb 2
hgj-deb 1
hha-deb 1
342
5
bfg-dec 14
fdc-dec 3
bcgh-dec 4
ba-dec 1
bg-dec 1
343
5
ihf-ded 10
gij-ded 8
ddc-ded 2
bdbb-ded 1
jab-ded 1
344
3
cia-dee 7
fji-dee 12
dej-dee 3
345
3
jfi-def 17
bajh-def 3
ceb-def 1
346
5
eec-deg 4
hia-deg 4
fhd-deg 11
cfb-deg 2
cdh-deg 1
347
4
ifa-deh 4
iji-deh 7
dj-deh 9
gcf-deh 2
348
1
fif-dei 20
349
4
dif-dej 1
bcah-dej 19
fda-dej 1
babg-dej 1
350
5
fie-dfa 6
eai-dfa 3
ege-dfa 5
hab-dfa 5
bfb-dfa 3
351
3
e-dfb 18
ehb-dfb 2
bde-dfb 1
352
5
fgj-dfc 8
ca-dfc 5
fgg-dfc 4
eb-dfc 4
ddc-dfc 2
353
6
idj-dfd 14
da-dfd 2
gcb-dfd 1
bga-dfd 1
bfcc-dfd 3
bbae-dfd 1
354
4
baac-dfe 15
ii-dfe 4
badc-dfe 1
ejd-dfe 2
355
5
gie-dff 5
hii-dff 14
heg-dff 2
jha-dff 1
ife-dff 1
356
3
eib-dfg 20
dhf-dfg 1
cdj-dfg 1
357
5
bbcb-dfh 4
hg-dfh 1
fee-dfh 5
beci-dfh 5
fhb-dfh 7
358
3
hgh-dfi 18
egd-dfi 3
baac-dfi 1
359
3
bbah-dfj 18
eb-dfj 2
ejd-dfj 1
360
5
cb-dga 1
bcdg-dga 15
fff-dga 5
g-dga 1
dgi-dga 1
361
1
bcae-dgb 20
362
5
jic-dgc 10
fib-dgc 8
jja-dgc 1
bc-dgc 2
bdbb-dgc 1
363
7
badi-dgd 5
bfa-dgd 2
ifb-dgd 2
bajj-dgd 4
bbjf-dgd 8
feh-dgd 2
ebc-dgd 1
364
6
ef-dge 3
dc-dge 2
bccf-dge 11
beaa-dge 4
hcj-dge 2
ifc-dge 1
365
4
bbba-dgf 18
jfj-dgf 2
bffd-dgf 2
dhf-dgf 1
366
2
bced-dgg 10
bg-dgg 10
367
1
idi-dgh 20
368
5
deb-dgi 12
cgg-dgi 2
ibf-dgi 6
bbf-dgi 1
ceb-dgi 1
369
4
bea-dgj 6
ghb-dgj 2
gg-dgj 11
bcab-dgj 4
370
3
jhi-dha 6
ecg-dha 6
dji-dha 10
371
3
ebh-dhb 8
bajb-dhb 9
d-dhb 4
372
7
dbg-dhc 16
bdab-dhc 2
bbce-dhc 3
jii-dhc 2
ccd-dhc 1
bbed-dhc 1
dfg-dhc 1
373
6
baeg-dhd 7
hfh-dhd 2
dgh-dhd 6
ije-dhd 5
cdi-dhd 2
fhc-dhd 1
374
6
bbhi-dhe 9
dca-dhe 2
bbii-dhe 6
ieg-dhe 2
bbhb-dhe 3
ehb-dhe 1
375
5
baga-dhf 12
ebj-dhf 5
ich-dhf 1
bcf-dhf 1
cjd-dhf 2
376
4
ida-dhg 2
bfe-dhg 15
beab-dhg 4
begf-dhg 1
377
5
bdac-dhh 9
dgf-dhh 5
gbg-dhh 2
bbb-dhh 2
bbh-dhh 3
378
6
ihg-dhi 14
fhf-dhi 3
ebh-dhi 2
bcab-dhi 2
fjf-dhi 1
bbbb-dhi 2
379
7
begh-dhj 2
idc-dhj 1
idf-dhj 7
ddj-dhj 10
fce-dhj 2
icc-dhj 1
ecj-dhj 1
380
4
ecg-dia 20
hge-dia 1
bdc-dia 1
jcc-dia 1
381
4
dhj-dib 12
bgg-dib 4
ffd-dib 2
cfd-dib 4
382
8
edj-dic 10
fh-dic 3
bbgj-dic 1
ebi-dic 3
jff-dic 2
hc-dic 1
dih-dic 1
hhd-dic 3
383
6
bab-did 7
bgj-did 4
hid-did 4
eii-did 2
ccj-did 2
dhg-did 5
384
6
baag-die 14
fac-die 5
fea-die 1
jeb-die 1
fig-die 1
dci-die 1
385
1
bbdh-dif 20
386
3
edj-dig 4
fcd-dig 14
hih-dig 3
387
2
bbjg-dih 4
fdg-dih 17
388
2
bage-dii 15
bdeg-dii 6
389
5
ici-dij 18
cga-dij 1
hhe-dij 2
eai-dij 1
bacf-dij 1
390
2
bhe-dja 10
bdhi-dja 10
391
2
jjj-djb 19
eee-djb 2
392
3
jaj-djc 15
ddi-djc 4
dba-djc 3
393
5
cie-djd 4
ifd-djd 8
bejh-djd 7
jif-djd 2
jdd-djd 2
394
7
ddc-dje 1
beaj-dje 18
bbj-dje 2
dbh-dje 1
dbi-dje 1
he-dje 1
hag-dje 1
395
1
eha-djf 20
396
7
cji-djg 2
efi-djg 5
hca-djg 8
baa-djg 2
bceg-djg 4
bcc-djg 1
jbc-djg 1
397
9
bdef-djh 7
cjc-djh 9
bif-djh 1
ebi-djh 3
beca-djh 2
gdg-djh 1
gai-djh 1
djb-djh 1
bdh-djh 1
398
4
hhj-dji 11
cha-dji 4
cic-dji 3
bahj-dji 3
399
6
jib-djj 9
bbc-djj 7
egi-djj 1
dec-djj 4
caj-djj 1
dda-djj 1
400
7
bee-eaa 18
jbb-eaa 1
hjj-eaa 3
eji-eaa 1
hbg-eaa 1
bif-eaa 1
ghi-eaa 1
401
4
chi-eab 3
bdha-eab 2
fh-eab 1
bbga-eab 16
402
5
cej-eac 15
bagg-eac 4
jhi-eac 1
bcc-eac 1
big-eac 1
403
4
dce-ead 4
caf-ead 14
dj-ead 2
chj-ead 2
404
7
icb-eae 19
bic-eae 1
gdc-eae 1
fed-eae 1
fhi-eae 1
edd-eae 1
gai-eae 1
405
4
fgj-eaf 10
ghj-eaf 2
jc-eaf 5
fde-eaf 5
406
5
hea-eag 4
gff-eag 12
hgb-eag 2
cfa-eag 1
ca-eag 2
407
5
bbcf-eah 18
eca-eah 2
gdj-eah 1
bcaj-eah 1
cgd-eah 1
408
4
bbec-eai 19
efh-eai 1
be-eai 1
ffa-eai 1
409
4
beec-eaj 16
eae-eaj 2
jfa-eaj 2
dfj-eaj 1
410
6
bif-eba 18
bebc-eba 1
feb-eba 1
gih-eba 1
cee-eba 1
bjj-eba 1
411
7
fff-ebb 2
ggb-ebb 2
ffd-ebb 6
iij-ebb 9
fac-ebb 1
beb-ebb 3
ebg-ebb 1
412
3
baej-ebc 12
bjg-ebc 4
ecb-ebc 4
413
8
had-ebd 1
bdae-ebd 9
badb-ebd 7
dgi-ebd 2
ejb-ebd 1
cbb-ebd 1
cag-ebd 1
bcce-ebd 2
414
5
df-ebe 10
bfhc-ebe 6
hfg-ebe 1
dgb-ebe 1
ebb-ebe 4
415
3
bge-ebf 4
fhf-ebf 7
ijf-ebf 10
416
3
dcf-ebg 7
fga-ebg 10
ghg-ebg 4
417
3
icg-ebh 20
hdg-ebh 1
bahf-ebh 1
418
3
hfe-ebi 19
ebd-ebi 1
ebc-ebi 1
419
5
djj-ebj 4
jgc-ebj 13
igf-ebj 1
ehi-ebj 4
ghd-ebj 1
420
5
jga-eca 18
dbf-eca 1
eh-eca 2
jff-eca 1
dhi-eca 1
421
2
bchc-ecb 20
daj-ecb 1
422
8
bdch-ecc 16
edi-ecc 2
babd-ecc 1
cd-ecc 1
bdie-ecc 1
gce-ecc 1
idf-ecc 1
fbe-ecc 1
423
3
jfj-ecd 20
dha-ecd 1
fba-ecd 1
424
4
eaa-ece 14
ecd-ece 2
ici-ece 4
eeh-ece 2
425
4
dgb-ecf 3
beh-ecf 14
cib-ecf 3
dh-ecf 1
426
3
bcca-ecg 20
dfa-ecg 1
fbc-ecg 1
427
5
hcd-ech 18
dbh-ech 1
jjc-ech 2
bajd-ech 1
fcf-ech 1
428
4
hcg-eci 14
jac-eci 6
dh-eci 1
cei-eci 1
429
3
fbc-ecj 6
ihi-ecj 14
gbj-ecj 2
430
7
dhf-eda 11
igj-eda 1
bdcg-eda 2
bbdb-eda 6
eai-eda 1
dgb-eda 2
hbd-eda 1
431
6
jj-edb 5
gdd-edb 9
fb-edb 2
gec-edb 3
iia-edb 2
ff-edb 1
432
4
baa-edc 11
ihi-edc 7
dci-edc 2
bhb-edc 2
433
6
cbe-edd 14
bdh-edd 4
gag-edd 1
dfa-edd 2
ebd-edd 1
bai-edd 1
434
4
jh-ede 17
ffi-ede 2
jbb-ede 2
ejb-ede 1
435
6
hba-edf 9
bdfe-edf 8
ci-edf 1
bdag-edf 2
dic-edf 2
fah-edf 1
436
5
cde-edg 8
ie-edg 2
jgh-edg 6
ggd-edg 5
ddc-edg 1
437
5
bbgb-edh 14
hcd-edh 4
beb-edh 2
cfj-edh 1
dah-edh 2
438
9
gie-edi 4
egf-edi 5
bjd-edi 2
baib-edi 2
eja-edi 4
ccg-edi 1
gah-edi 2
bda-edi 2
cfj-edi 1
439
3
egf-edj 19
egj-edj 2
cfb-edj 1
440
4
gcc-eea 8
djh-eea 2
bgj-eea 8
igj-eea 2
441
4
bab-eeb 3
hgh-eeb 9
dec-eeb 4
hei-eeb 6
442
3
dge-eec 9
bha-eec 2
hci-eec 10
443
4
iaa-eed 18
jhc-eed 1
fcg-eed 2
gcd-eed 1
444
3
idg-eee 13
fgi-eee 7
chb-eee 2
445
5
bdg-eef 16
bdcd-eef 3
dej-eef 1
jad-eef 1
bie-eef 1
446
6
dji-eeg 5
cfe-eeg 3
bfc-eeg 8
chg-eeg 2
badg-eeg 3
dcc-eeg 3
447
2
gbb-eeh 15
fbd-eeh 6
448
5
beed-eei 19
bih-eei 1
fii-eei 1
haj-eei 1
ejc-eei 1
449
4
bcih-eej 14
bcag-eej 4
chc-eej 1
bbif-eej 4
450
6
bccg-efa 4
jia-efa 8
hch-efa 8
egc-efa 1
cbb-efa 1
dhd-efa 1
451
3
ehc-efb 15
bbgj-efb 3
eib-efb 3
452
4
ehd-efc 12
fdg-efc 4
bhh-efc 4
hd-efc 1
453
3
fei-efd 20
iac-efd 1
igj-efd 1
454
2
bcdb-efe 20
ija-efe 1
455
5
jge-eff 3
fff-eff 1
bjf-eff 17
hgf-eff 2
bbed-eff 1
456
4
iib-efg 10
bcad-efg 10
bbj-efg 1
fii-efg 1
457
7
iic-efh 9
igc-efh 4
ded-efh 7
bbeg-efh 1
dci-efh 1
fde-efh 1
ibb-efh 1
458
3
eec-efi 13
eed-efi 6
icc-efi 3
459
6
bbca-efj 6
bbfa-efj 7
fhc-efj 2
gde-efj 3
efe-efj 3
fje-efj 1
460
8
bja-ega 14
feh-ega 1
bac-ega 2
cbg-ega 1
jca-ega 3
cgd-ega 1
icf-ega 1
bbac-ega 1
461
6
bcdf-egb 15
cdg-egb 1
hic-egb 4
jg-egb 1
fdb-egb 1
efi-egb 1
462
2
ccj-egc 6
ddc-egc 16
463
3
cfa-egd 19
bdhg-egd 2
bbf-egd 1
464
6
dib-ege 2
ifi-ege 8
bg-ege 2
ecb-ege 6
dbb-ege 2
fdb-ege 4
465
4
ifd-egf 10
eae-egf 7
fge-egf 4
cha-egf 1
466
5
idd-egg 9
jia-egg 3
die-egg 2
eaj-egg 6
ed-egg 1
467
2
iid-egh 19
cii-egh 2
468
4
ghc-egi 2
hef-egi 10
cdi-egi 4
efa-egi 4
469
6
jdg-egj 11
dbi-egj 3
baih-egj 5
jj-egj 2
ibi-egj 1
ij-egj 1
470
6
cgh-eha 20
bbi-eha 1
eid-eha 1
bjj-eha 1
fgd-eha 1
bcbi-eha 1
471
4
hib-ehb 19
fei-ehb 1
bfc-ehb 1
bj-ehb 1
472
2
iad-ehc 16
cdh-ehc 5
473
4
hcb-ehd 19
hjj-ehd 1
bffb-ehd 2
dfd-ehd 1
474
4
ibh-ehe 15
bebj-ehe 3
di-ehe 1
hje-ehe 2
475
5
cac-ehf 4
fag-ehf 6
caa-ehf 2
jgj-ehf 6
hgh-ehf 2
476
5
edf-ehg 10
hda-ehg 6
bdgh-ehg 5
cgg-ehg 1
ddb-ehg 1
477
5
ecf-ehh 16
dcc-ehh 1
dad-ehh 2
gcc-ehh 2
had-ehh 1
478
3
bbeg-ehi 3
jfd-ehi 18
fef-ehi 1
479
4
hbj-ehj 3
bcgj-ehj 11
eci-ehj 6
baeh-ehj 1
480
5
efb-eia 2
ddb-eia 6
bfa-eia 6
cjj-eia 2
efc-eia 4
481
4
iih-eib 15
bcji-eib 1
bbbe-eib 6
dg-eib 1
482
5
bdfb-eic 12
bfef-eic 8
fhi-eic 1
ebb-eic 1
befh-eic 1
483
6
bdg-eid 6
bddi-eid 3
bfhj-eid 9
hc-eid 3
ejg-eid 1
fbg-eid 1
484
5
bbaf-eie 1
gbb-eie 11
ffj-eie 8
gcf-eie 2
baf-eie 2
485
4
fdf-eif 13
hac-eif 2
daa-eif 4
djj-eif 2
486
4
bfeh-eig 10
fdf-eig 4
edi-eig 6
ede-eig 3
487
5
jc-eih 2
daa-eih 4
efh-eih 4
cag-eih 4
ifi-eih 8
488
4
bfdi-eii 17
cfd-eii 2
bgb-eii 2
fij-eii 1
489
5
ief-eij 3
dcc-eij 5
jae-eij 10
dfg-eij 3
bje-eij 1
490
3
babi-eja 17
iaj-eja 3
hej-eja 2
491
3
ibd-ejb 17
bhc-ejb 3
cdi-ejb 1
492
6
daj-ejc 2
ggd-ejc 5
bcbe-ejc 10
gji-ejc 1
hgb-ejc 2
eia-ejc 1
493
2
ige-ejd 20
iic-ejd 1
494
6
ebj-eje 5
iei-eje 7
gic-eje 3
ege-eje 3
cif-eje 3
bfj-eje 4
495
3
bfja-ejf 17
bgb-ejf 3
ecf-ejf 1
496
4
feg-ejg 15
chd-ejg 5
eb-ejg 1
ghb-ejg 1
497
4
egb-ejh 8
idi-ejh 4
bbi-ejh 4
iaa-ejh 4
498
5
hfb-eji 7
cdd-eji 4
cgh-eji 3
d-eji 6
dih-eji 2
499
2
chf-ejj 18
hif-ejj 3
500
5
bbba-faa 12
deg-faa 3
ice-faa 4
dhg-faa 2
dfb-faa 1
501
2
dbf-fab 14
dda-fab 7
502
5
hbc-fac 6
bbii-fac 12
hdh-fac 2
cbh-fac 1
cbi-fac 1
503
6
fgd-fad 3
iej-fad 3
bdjg-fad 3
baei-fad 13
dih-fad 1
cfh-fad 1
504
4
bdia-fae 9
baba-fae 11
fje-fae 1
fej-fae 1
505
3
hid-faf 8
bcja-faf 10
ice-faf 2
506
5
dbf-fag 19
bahb-fag 1
jif-fag 1
hcd-fag 1
ggd-fag 1
507
1
jbj-fah 20
508
4
fdh-fai 15
gdj-fai 1
badj-fai 4
bcj-fai 1
509
4
bhe-faj 10
ggb-faj 8
ga-faj 2
iii-faj 2
510
4
bbdb-fba 19
dii-fba 1
cdi-fba 1
bge-fba 1
511
5
jgi-fbb 16
geh-fbb 1
jih-fbb 2
fid-fbb 2
fic-fbb 1
512
4
ejh-fbc 5
eeg-fbc 6
fej-fbc 5
baag-fbc 6
513
5
bih-fbd 5
jhc-fbd 9
hej-fbd 6
eai-fbd 2
ejj-fbd 1
514
3
bajc-fbe 2
bceh-fbe 18
fgi-fbe 1
515
1
jbh-fbf 20
516
2
dff-fbg 6
edb-fbg 15
517
6
bcjg-fbh 4
bc-fbh 5
fdh-fbh 8
fgb-fbh 3
hca-fbh 2
ib-fbh 1
518
5
bjb-fbi 11
ebf-fbi 6
cfg-fbi 2
eah-fbi 1
dcc-fbi 1
519
6
hdc-fbj 18
fch-fbj 1
ieg-fbj 1
hb-fbj 1
beig-fbj 1
fdc-fbj 1
520
5
bccg-fca 9
gaj-fca 9
dce-fca 2
jib-fca 3
bcie-fca 1
521
5
h-fcb 1
bcdf-fcb 17
bhb-fcb 1
hbb-fcb 3
fij-fcb 1
522
4
bfca-fcc 16
gbd-fcc 2
gic-fcc 2
fjh-fcc 1
523
4
cba-fcd 19
ghf-fcd 1
cae-fcd 1
hib-fcd 1
524
3
gia-fce 4
baec-fce 16
gjh-fce 1
525
7
baib-fcf 5
cce-fcf 1
ehe-fcf 12
cgf-fcf 1
ebi-fcf 3
bff-fcf 1
ejd-fcf 1
526
4
bcah-fcg 1
gcc-fcg 18
bbe-fcg 1
eig-fcg 1
527
8
ecb-fch 6
eae-fch 6
fcf-fch 2
bcee-fch 4
beaj-fch 2
hfc-fch 1
bfgh-fch 1
cjb-fch 1
528
7
dfh-fci 7
bbea-fci 5
iba-fci 7
dei-fci 2
fhg-fci 1
dfd-fci 1
iei-fci 1
529
5
heb-fcj 2
hge-fcj 10
ffb-fcj 4
ghc-fcj 2
egd-fcj 4
530
6
bbbd-fda 7
cfd-fda 5
bhi-fda 4
edf-fda 4
bhj-fda 1
gca-fda 1
531
4
eha-fdb 18
def-fdb 3
ffg-fdb 1
bcga-fdb 1
532
6
bahi-fdc 12
cif-fdc 4
dad-fdc 2
dhh-fdc 3
bbjb-fdc 2
eg-fdc 1
533
9
bei-fdd 1
baei-fdd 9
hid-fdd 2
eaf-fdd 1
edd-fdd 7
bfha-fdd 2
dfb-fdd 1
baif-fdd 1
bfie-fdd 1
534
3
jj-fde 12
fih-fde 4
egb-fde 4
535
6
fdg-fdf 2
cgg-fdf 2
ibe-fdf 14
gdc-fdf 3
fbj-fdf 1
bade-fdf 1
536
5
gje-fdg 2
bach-fdg 12
gbh-fdg 2
bdhg-fdg 5
bhi-fdg 2
537
7
deb-fdh 13
cjd-fdh 2
ffa-fdh 3
hjd-fdh 1
cdc-fdh 2
bcjh-fdh 1
gf-fdh 1
538
2
jii-fdi 20
bh-fdi 1
539
2
bdfh-fdj 18
hbh-fdj 3
540
5
bbia-fea 9
caf-fea 1
bceb-fea 3
bdcd-fea 9
ee-fea 1
541
6
ieb-feb 13
ibd-feb 3
dfh-feb 4
hgh-feb 1
cid-feb 1
ih-feb 1
542
3
bfij-fec 3
bfcg-fec 18
ffe-fec 1
543
5
hdi-fed 11
bbhb-fed 8
fdh-fed 1
eac-fed 1
fjd-fed 1
544
5
bbaa-fee 8
ecb-fee 5
be-fee 1
fff-fee 2
ihf-fee 5
545
5
bfdg-fef 16
je-fef 3
bbfh-fef 1
dfe-fef 1
bdad-fef 1
546
6
hgh-feg 19
bcgj-feg 1
ihh-feg 1
bi-feg 1
bd-feg 1
ijc-feg 1
547
5
hei-feh 4
djg-feh 15
chc-feh 1
bch-feh 1
bbdc-feh 1
548
6
begd-fei 16
bcgi-fei 2
eeg-fei 2
fbi-fei 1
ffc-fei 1
dbc-fei 1
549
4
gcg-fej 7
hhe-fej 6
eji-fej 2
dfe-fej 7
550
5
bfef-ffa 12
gch-ffa 6
idb-ffa 4
dce-ffa 1
df-ffa 1
551
7
i-ffb 2
dab-ffb 10
ica-ffb 6
jfe-ffb 2
cfd-ffb 2
cbd-ffb 1
gda-ffb 1
552
4
bdj-ffc 2
bgc-ffc 4
hbb-ffc 15
ejg-ffc 1
553
3
dij-ffd 18
eia-ffd 2
jaf-ffd 1
554
2
hdc-ffe 16
baba-ffe 5
555
6
hfd-fff 7
baae-fff 6
jbf-fff 3
edi-fff 2
baj-fff 3
fgj-fff 1
556
1
ffi-ffg 20
557
2
e-ffh 20
fja-ffh 2
558
5
bcdd-ffi 9
cdj-ffi 6
gaj-ffi 2
cif-ffi 3
fed-ffi 1
559
4
gfi-ffj 13
gih-ffj 3
dfd-ffj 3
baid-ffj 4
560
8
eae-fga 5
gei-fga 3
bhe-fga 10
igi-fga 2
ceb-fga 1
bdib-fga 1
cie-fga 2
bbhg-fga 1
561
3
gff-fgb 19
eei-fgb 1
dba-fgb 1
562
5
bagf-fgc 17
cjb-fgc 1
dbd-fgc 2
dgd-fgc 1
jad-fgc 1
563
6
bfic-fgd 12
ffa-fgd 2
bfff-fgd 6
bie-fgd 1
fb-fgd 1
dij-fgd 2
564
2
gjf-fge 20
ibf-fge 1
565
2
ha-fgf 18
def-fgf 3
566
2
ice-fgg 12
bih-fgg 8
567
3
jcf-fgh 12
jjf-fgh 5
dbh-fgh 4
568
4
dfg-fgi 20
eeh-fgi 1
bcbi-fgi 1
hjf-fgi 1
569
4
ghj-fgj 19
bdc-fgj 2
gbh-fgj 1
egh-fgj 1
570
3
fhc-fha 17
bfig-fha 1
bfi-fha 3
571
5
bfcb-fhb 16
beeb-fhb 5
feb-fhb 1
beaa-fhb 1
hfe-fhb 1
572
5
bgea-fhc 1
bfed-fhc 18
bbi-fhc 2
ijj-fhc 1
hch-fhc 1
573
4
cih-fhd 10
dgi-fhd 3
hic-fhd 8
dea-fhd 2
574
5
dic-fhe 2
hci-fhe 7
jbe-fhe 3
ebh-fhe 8
gge-fhe 3
575
2
ffb-fhf 6
gad-fhf 15
576
4
bbfh-fhg 12
fjc-fhg 7
da-fhg 2
jbb-fhg 1
577
1
cba-fhh 20
578
4
jcb-fhi 5
bcgj-fhi 3
bja-fhi 14
idd-fhi 1
579
5
fag-fhj 9
ii-fhj 6
fgf-fhj 2
gaj-fhj 3
bgde-fhj 4
580
4
gcc-fia 17
hga-fia 3
cdd-fia 1
bb-fia 1
581
3
bag-fib 2
fgb-fib 16
gjb-fib 2
582
6
bgaj-fic 13
cea-fic 7
hgg-fic 1
ifh-fic 1
ijd-fic 1
cif-fic 1
583
6
bbaa-fid 17
fh-fid 1
cih-fid 3
gif-fid 1
hh-fid 1
cdd-fid 1
584
3
efe-fie 12
bccf-fie 8
ffb-fie 1
585
4
gge-fif 14
bfcg-fif 5
ibj-fif 3
bbc-fif 1
586
6
eib-fig 10
bjc-fig 1
dec-fig 4
ejg-fig 4
bfj-fig 3
gfa-fig 1
587
3
id-fih 12
bcc-fih 4
ed-fih 4
588
4
bagb-fii 9
gde-fii 7
bcfh-fii 4
haf-fii 2
589
3
ebj-fij 12
fdf-fij 4
bdfi-fij 4
590
2
edj-fja 20
cih-fja 1
591
9
hae-fjb 10
gef-fjb 7
bggb-fjb 2
caa-fjb 2
cja-fjb 1
hc-fjb 1
egg-fjb 1
cij-fjb 1
gcg-fjb 1
592
5
cie-fjc 18
bcff-fjc 1
hdf-fjc 2
baee-fjc 1
dbg-fjc 1
593
2
cif-fjd 16
ecc-fjd 4
594
3
hci-fje 8
bbac-fje 8
fba-fje 6
595
3
fhc-fjf 9
bahg-fjf 6
jhf-fjf 6
596
2
bcfe-fjg 18
bhg-fjg 3
597
5
baij-fjh 11
g-fjh 5
ei-fjh 2
ddd-fjh 2
fdf-fjh 2
598
9
iga-fji 6
jbi-fji 8
fij-fji 2
ehf-fji 1
ejc-fji 2
hh-fji 1
bddi-fji 2
cdf-fji 2
bgb-fji 1
599
3
bbg-fjj 13
gj-fjj 4
ddi-fjj 5
600
3
bacj-gaa 20
gbb-gaa 1
gie-gaa 1
601
3
gdh-gab 20
ca-gab 1
ejg-gab 1
602
1
cca-gac 20
603
5
hij-gad 7
jjh-gad 2
bdfe-gad 12
bjc-gad 1
bf-gad 1
604
6
bfi-gae 9
jci-gae 2
hca-gae 4
bd-gae 3
ghc-gae 4
eig-gae 1
605
1
bjh-gaf 20
606
4
dgc-gag 8
jij-gag 8
bcba-gag 3
bahg-gag 3
607
5
iaf-gah 13
fac-gah 3
ici-gah 2
cdd-gah 2
cjc-gah 2
608
2
daa-gai 7
gff-gai 14
609
2
bcde-gaj 3
di-gaj 18
610
5
bbib-gba 8
bbge-gba 11
fdi-gba 2
hgc-gba 1
gcb-gba 1
611
6
eja-gbb 9
cgb-gbb 3
bfjj-gbb 5
dhf-gbb 4
becb-gbb 1
efh-gbb 1
612
6
baab-gbc 14
bej-gbc 1
bbhc-gbc 3
hb-gbc 3
bbh-gbc 1
ga-gbc 1
613
4
fcb-gbd 9
bbcd-gbd 9
cg-gbd 2
gca-gbd 2
614
1
bgfd-gbe 20
615
4
bdcf-gbf 6
ccj-gbf 7
fgd-gbf 6
bbeh-gbf 4
616
4
bbcb-gbg 4
dhh-gbg 11
hhb-gbg 3
dga-gbg 3
617
2
dje-gbh 3
ff-gbh 18
618
7
bacg-gbi 2
ifc-gbi 8
dbi-gbi 2
dib-gbi 1
bbeh-gbi 8
ej-gbi 2
cfd-gbi 1
619
4
bbfi-gbj 16
gch-gbj 3
jej-gbj 1
eaa-gbj 1
620
7
jig-gca 2
bbfc-gca 2
gfd-gca 3
iid-gca 2
haj-gca 5
hbg-gca 6
ddd-gca 3
621
6
bfbd-gcb 12
bafh-gcb 2
bch-gcb 1
cab-gcb 6
bbbb-gcb 1
jca-gcb 1
622
8
bbii-gcc 1
baad-gcc 1
cdh-gcc 10
bafc-gcc 7
baee-gcc 2
ejb-gcc 1
iie-gcc 1
gaj-gcc 1
623
4
egf-gcd 16
bbjd-gcd 3
ja-gcd 2
bgbi-gcd 2
624
3
dhb-gce 4
bdfi-gce 4
fai-gce 12
625
3
baii-gcf 9
cgj-gcf 10
daf-gcf 2
626
4
ijg-gcg 16
cce-gcg 2
hgd-gcg 3
chg-gcg 2
627
5
bdc-gch 17
fjh-gch 1
ffb-gch 1
cih-gch 2
eja-gch 1
628
6
igb-gci 11
bga-gci 4
cea-gci 5
gid-gci 1
fdc-gci 1
ghh-gci 1
629
2
ged-gcj 4
ebb-gcj 17
630
2
bdcf-gda 5
ihh-gda 16
631
4
eah-gdb 20
bbg-gdb 1
bdci-gdb 1
cb-gdb 1
632
5
cah-gdc 5
ifc-gdc 8
igj-gdc 3
gbe-gdc 3
babf-gdc 5
633
4
hfi-gdd 3
bcag-gdd 11
dgb-gdd 5
efh-gdd 3
634
4
baeb-gde 15
cdd-gde 5
hed-gde 1
gah-gde 2
635
4
bhc-gdf 1
bchf-gdf 11
hjh-gdf 1
gfe-gdf 9
636
5
bddj-gdg 15
hag-gdg 4
db-gdg 1
bajh-gdg 2
gfd-gdg 1
637
4
jci-gdh 20
bdfd-gdh 1
iih-gdh 1
if-gdh 1
638
1
jcc-gdi 20
639
3
gjg-gdj 15
dib-gdj 4
cei-gdj 2
640
4
eaa-gea 4
dea-gea 12
edi-gea 5
cda-gea 2
641
5
hhd-geb 14
begg-geb 4
hfa-geb 2
eff-geb 1
fcb-geb 1
642
2
ihd-gec 16
ffc-gec 4
643
1
bdbj-ged 20
644
1
dda-gee 20
645
3
dfi-gef 16
bdgj-gef 4
gfh-gef 1
646
4
bfcj-geg 11
baaa-geg 2
cie-geg 6
gaj-geg 3
647
4
jg-geh 19
iai-geh 1
bjh-geh 1
gah-geh 1
648
4
iba-gei 6
daf-gei 12
ffa-gei 3
eeb-gei 1
649
5
fec-gej 7
hgi-gej 12
cab-gej 2
bge-gej 1
gda-gej 1
650
2
hbc-gfa 10
bgeg-gfa 11
651
4
jhj-gfb 20
gfj-gfb 1
g-gfb 1
bcbi-gfb 1
652
3
bche-gfc 6
baha-gfc 8
bcb-gfc 8
653
3
gch-gfd 6
bdbg-gfd 14
hjb-gfd 1
654
3
baci-gfe 18
bif-gfe 2
hfa-gfe 1
655
7
eci-gff 1
idi-gff 18
ehe-gff 2
bga-gff 1
egf-gff 1
hh-gff 1
jbi-gff 1
656
4
bahh-gfg 18
chc-gfg 1
cef-gfg 1
jaj-gfg 1
657
4
iga-gfh 9
jaj-gfh 6
ffb-gfh 5
bi-gfh 2
658
5
becd-gfi 19
ech-gfi 1
ghc-gfi 1
jeh-gfi 1
dbd-gfi 1
659
1
bdba-gfj 20
660
2
gbc-gga 1
bhe-gga 20
661
3
eae-ggb 14
bee-ggb 6
bej-ggb 1
662
2
bgae-ggc 16
id-ggc 5
663
4
jhh-ggd 15
cjh-ggd 1
igd-ggd 2
djj-ggd 3
664
9
efd-gge 14
beg-gge 1
bdc-gge 2
ehc-gge 2
beai-gge 1
ifg-gge 1
bfid-gge 2
gaj-gge 1
eeb-gge 1
665
5
jfj-ggf 15
feh-ggf 3
ibj-ggf 1
hab-ggf 2
bcdj-ggf 1
666
4
dij-ggg 19
die-ggg 1
bih-ggg 1
caf-ggg 1
667
1
cab-ggh 20
668
3
cgh-ggi 16
bfc-ggi 5
cbc-ggi 1
670
4
ifc-gha 11
gdh-gha 7
gii-gha 3
bfgj-gha 1
671
6
bbfg-ghb 8
idb-ghb 6
bgae-ghb 4
bgef-ghb 3
bbff-ghb 2
ccg-ghb 1
672
8
cib-ghc 4
fhi-ghc 4
beid-ghc 10
begg-ghc 1
bch-ghc 3
fea-ghc 1
efi-ghc 1
jjf-ghc 1
673
3
egj-ghd 16
bae-ghd 2
did-ghd 4
674
3
cji-ghe 10
ccb-ghe 6
ggg-ghe 4
675
1
ggb-ghf 20
676
4
fhb-ghg 13
cej-ghg 4
dhh-ghg 3
fdj-ghg 2
677
3
fdi-ghh 2
cbc-ghh 17
bacj-ghh 3
678
4
daf-ghi 16
cic-ghi 2
hai-ghi 3
bge-ghi 1
679
5
bcbc-ghj 18
fcd-ghj 2
hec-ghj 1
eig-ghj 1
fdb-ghj 1
680
4
egg-gia 8
ied-gia 6
ccg-gia 1
hbf-gia 6
681
3
bbhf-gib 20
ehj-gib 1
cic-gib 1
682
5
dhi-gic 15
fed-gic 3
gge-gic 1
bbga-gic 1
bjc-gic 2
683
2
ddg-gid 1
cjj-gid 20
684
3
ici-gie 3
iih-gie 18
ihe-gie 1
685
4
hge-gif 14
jea-gif 5
bcig-gif 2
bcdi-gif 1
686
4
ijf-gig 8
gj-gig 4
bbe-gig 4
cec-gig 4
687
5
die-gih 4
badc-gih 16
fic-gih 1
bbfb-gih 1
baai-gih 1
688
3
baab-gii 16
ib-gii 5
cgf-gii 1
689
5
ehh-gij 3
bei-gij 6
ibd-gij 10
ehf-gij 3
fgh-gij 2
690
2
ecd-gja 18
bajc-gja 3
691
1
ebc-gjb 20
692
5
behb-gjc 7
hji-gjc 5
hg-gjc 1
gbe-gjc 9
ca-gjc 1
693
1
gad-gjd 20
694
4
bhc-gje 13
bbdf-gje 5
b-gje 2
eca-gje 2
695
3
ieg-gjf 11
dig-gjf 7
hdh-gjf 3
696
6
behg-gjg 8
bbic-gjg 4
bdda-gjg 6
egg-gjg 3
dci-gjg 1
bfb-gjg 2
697
3
cbg-gjh 18
cje-gjh 1
dfd-gjh 3
698
2
bbgf-gji 7
ghe-gji 14
699
4
iii-gjj 16
hhe-gjj 3
cg-gjj 2
fbi-gjj 2
700
4
dbe-haa 3
bjj-haa 6
bcea-haa 11
dg-haa 2
701
3
bcfg-hab 10
gc-hab 5
fij-hab 6
702
3
bcbg-hac 7
gdb-hac 12
eif-hac 2
703
1
iec-had 20
704
5
bbic-hae 10
ije-hae 1
hea-hae 3
chi-hae 7
idb-hae 2
705
5
jda-haf 20
jji-haf 1
bbcd-haf 1
gic-haf 1
cdd-haf 1
706
6
hje-hag 12
ecj-hag 2
bcgb-hag 3
dic-hag 2
beje-hag 2
dfg-hag 1
707
4
fda-hah 15
efj-hah 5
dcd-hah 1
ghg-hah 1
708
2
hfh-hai 16
bce-hai 5
709
1
bdjj-haj 20
710
3
bdbi-hba 14
bega-hba 6
gee-hba 1
711
4
cgj-hbb 3
fac-hbb 13
cfb-hbb 5
eee-hbb 2
712
3
ffc-hbc 10
jdg-hbc 10
bdif-hbc 1
713
6
bei-hbd 2
eij-hbd 2
bdff-hbd 17
jjf-hbd 1
iah-hbd 1
bcbd-hbd 1
714
3
fc-hbe 13
fji-hbe 8
edh-hbe 1
715
3
fcf-hbf 16
dga-hbf 2
jf-hbf 3
716
5
gde-hbg 5
bdjf-hbg 7
ife-hbg 6
egh-hbg 3
jh-hbg 2
717
3
babe-hbh 14
ci-hbh 7
dbj-hbh 1
718
2
jfh-hbi 14
egd-hbi 7
719
2
bedf-hbj 16
jge-hbj 5
720
7
hcf-hca 4
cib-hca 3
ibe-hca 8
jid-hca 4
ead-hca 3
g-hca 1
ejj-hca 1
721
5
bahd-hcb 19
bdfa-hcb 1
ffe-hcb 1
cha-hcb 1
jba-hcb 1
722
2
iee-hcc 10
cie-hcc 10
723
5
bgi-hcd 4
jee-hcd 16
bdhb-hcd 1
ghf-hcd 1
hhf-hcd 1
724
7
ejf-hce 7
bchf-hce 6
dha-hce 1
eab-hce 4
beaf-hce 3
gfj-hce 1
bde-hce 1
725
5
gad-hcf 13
b-hcf 4
bbae-hcf 2
hhc-hcf 2
cih-hcf 2
726
4
ibf-hcg 12
ja-hcg 4
jjg-hcg 1
baed-hcg 6
727
4
gdg-hch 9
fci-hch 7
ghe-hch 3
jcb-hch 3
728
5
bdff-hci 4
ggi-hci 10
fbf-hci 2
geh-hci 4
baef-hci 2
729
6
bbgd-hcj 13
eec-hcj 6
ejb-hcj 1
hdb-hcj 1
bbbg-hcj 1
jd-hcj 1
730
5
dec-hda 10
idc-hda 4
ffb-hda 7
eda-hda 1
ea-hda 1
731
4
bfhg-hdb 15
bejg-hdb 5
fei-hdb 1
jh-hdb 1
732
5
befb-hdc 9
bdac-hdc 6
jbf-hdc 6
cbi-hdc 1
gig-hdc 1
733
4
bdg-hdd 18
cih-hdd 1
ejb-hdd 1
bcf-hdd 1
734
3
jfh-hde 15
bbjf-hde 5
gdj-hde 1
735
5
bbha-hdf 11
dci-hdf 4
gbh-hdf 5
bcfg-hdf 1
fad-hdf 1
736
3
fjc-hdg 19
eba-hdg 1
dac-hdg 1
737
3
fec-hdh 13
ihb-hdh 7
baga-hdh 1
738
3
beah-hdi 18
bic-hdi 1
iae-hdi 2
739
4
haa-hdj 13
eci-hdj 7
bci-hdj 1
jbj-hdj 1
740
8
befg-hea 8
fdf-hea 3
djb-hea 6
bdfd-hea 2
cb-hea 1
jjg-hea 2
bcji-hea 1
jb-hea 1
741
2
icg-heb 18
fab-heb 2
742
4
bdhc-hec 11
fai-hec 3
bfjg-hec 4
bdda-hec 3
743
3
bcbg-hed 13
bfei-hed 2
ffe-hed 6
744
3
bfhd-hee 14
gbf-hee 6
ijb-hee 1
745
5
bjd-hef 17
bfch-hef 3
beg-hef 1
bge-hef 1
gha-hef 1
746
2
bcdd-heg 19
fid-heg 2
747
4
hii-heh 14
dcb-heh 4
ggc-heh 3
ed-heh 1
748
3
if-hei 13
fad-hei 6
ie-hei 2
749
4
bgbd-hej 9
cec-hej 7
ccd-hej 4
gcc-hej 2
750
4
dgc-hfa 10
jhg-hfa 3
befe-hfa 6
bdi-hfa 2
751
5
icd-hfb 10
bff-hfb 5
gc-hfb 3
beh-hfb 2
egc-hfb 2
752
3
gjh-hfc 14
bcdc-hfc 6
gab-hfc 2
753
4
bad-hfd 4
eih-hfd 13
ddc-hfd 2
bcec-hfd 3
754
4
bahd-hfe 13
ejg-hfe 7
dfb-hfe 1
gac-hfe 2
755
3
hge-hff 10
bbci-hff 6
bacc-hff 6
756
3
bbac-hfg 20
gfd-hfg 1
ij-hfg 1
757
5
ede-hfh 16
ihf-hfh 3
ibb-hfh 1
bbaj-hfh 2
eci-hfh 1
758
3
beih-hfi 20
eci-hfi 1
heb-hfi 1
759
3
bfhi-hfj 18
gaa-hfj 3
jfc-hfj 1
760
2
bbg-hga 17
fdb-hga 4
761
6
bccd-hgb 3
hfc-hgb 9
bdf-hgb 3
iaj-hgb 2
gcc-hgb 3
dfj-hgb 2
762
4
hje-hgc 10
fea-hgc 3
fia-hgc 8
dej-hgc 2
763
2
bedb-hgd 9
bbfa-hgd 12
764
3
beff-hge 19
efg-hge 2
jdc-hge 1
765
4
icd-hgf 6
fea-hgf 4
bafe-hgf 11
bci-hgf 1
766
3
ddc-hgg 6
ehf-hgg 8
baib-hgg 6
767
2
dej-hgh 20
deg-hgh 1
768
4
cdb-hgi 4
baja-hgi 16
baai-hgi 1
hah-hgi 1
769
1
bbjj-hgj 20
770
6
ihj-hha 12
ii-hha 2
hdd-hha 3
baad-hha 3
bi-hha 2
dag-hha 1
771
5
dfa-hhb 4
bbaj-hhb 2
gfa-hhb 6
fj-hhb 1
bbaa-hhb 10
772
3
beff-hhc 20
fhc-hhc 1
eia-hhc 1
773
4
gaa-hhd 18
ch-hhd 1
bdec-hhd 3
bbd-hhd 1
774
5
dji-hhe 2
eff-hhe 14
gja-hhe 2
bdfa-hhe 3
fcd-hhe 1
775
4
bafj-hhf 9
dag-hhf 3
bcf-hhf 9
ed-hhf 1
776
4
hbb-hhg 6
dgd-hhg 12
ga-hhg 2
bcd-hhg 2
777
2
ebd-hhh 8
haa-hhh 12
778
2
bdci-hhi 20
dcj-hhi 1
779
6
bfag-hhj 13
jec-hhj 4
hie-hhj 2
beb-hhj 3
cbg-hhj 1
idc-hhj 1
780
3
jdd-hia 15
dbf-hia 2
bbie-hia 4
781
3
bbi-hib 19
bbfb-hib 2
ccc-hib 1
782
4
bgcf-hic 15
dhd-hic 3
dcc-hic 3
chh-hic 1
783
1
bgdg-hid 20
784
2
bjg-hie 5
bgbb-hie 16
785
3
ggc-hif 7
cii-hif 6
fje-hif 8
786
2
fig-hig 19
che-hig 2
787
5
ddh-hih 15
bfg-hih 2
iaf-hih 4
eii-hih 1
bdbe-hih 1
788
4
cgi-hii 19
djb-hii 1
fej-hii 1
jaj-hii 1
789
6
dif-hij 7
bji-hij 10
hag-hij 2
bbbd-hij 1
jff-hij 2
fj-hij 1
790
2
gbd-hja 9
fae-hja 12
791
3
cfh-hjb 19
cbb-hjb 1
bde-hjb 1
792
7
bbfi-hjc 10
bfhe-hjc 10
hbi-hjc 1
gaj-hjc 1
ifd-hjc 1
edj-hjc 1
hcc-hjc 1
793
2
fef-hjd 20
bbd-hjd 1
794
2
fgj-hje 8
bdja-hje 13
795
3
edj-hjf 17
beji-hjf 4
gid-hjf 1
796
7
cfa-hjg 6
gdj-hjg 3
igd-hjg 1
jgg-hjg 4
jdh-hjg 2
eda-hjg 3
gci-hjg 3
797
2
caj-hjh 15
bcg-hjh 6
798
3
hfj-hji 20
bba-hji 1
iac-hji 1
799
7
bgc-hjj 2
fgd-hjj 9
fe-hjj 1
gah-hjj 8
bace-hjj 2
cjf-hjj 1
beea-hjj 1
800
6
dhc-iaa 11
jcg-iaa 9
cij-iaa 1
ead-iaa 1
deb-iaa 1
eef-iaa 1
801
3
ech-iab 17
bdbh-iab 3
cdh-iab 1
802
3
hbi-iac 14
hia-iac 4
eic-iac 3
803
5
cgd-iad 15
jcd-iad 1
dd-iad 1
d-iad 3
cba-iad 2
804
5
bcd-iae 2
cdf-iae 19
cib-iae 1
cjg-iae 1
fjd-iae 1
805
4
gjf-iaf 17
ecj-iaf 2
ejf-iaf 2
jd-iaf 1
806
4
bage-iag 19
ejg-iag 1
ihd-iag 1
begg-iag 1
807
2
dad-iah 17
fei-iah 4
808
3
beja-iai 2
dje-iai 19
jh-iai 1
809
3
bddg-iaj 17
gbh-iaj 2
gci-iaj 2
810
5
bafb-iba 9
bcb-iba 3
bbba-iba 9
bbbj-iba 1
ejb-iba 1
811
2
iha-ibb 19
bead-ibb 2
812
2
egb-ibc 4
bbgf-ibc 17
813
2
bgcj-ibd 15
bdhd-ibd 6
814
3
fba-ibe 8
bbcc-ibe 13
jbe-ibe 1
815
3
bffh-ibf 10
dje-ibf 4
dih-ibf 7
816
4
fhg-ibg 13
bafg-ibg 5
efj-ibg 2
ceb-ibg 3
817
3
babb-ibh 12
eja-ibh 9
bahj-ibh 1
818
5
bjc-ibi 5
fdi-ibi 12
jib-ibi 2
fii-ibi 2
gi-ibi 1
819
4
hae-ibj 2
bbcd-ibj 5
dfd-ibj 10
bbdb-ibj 6
820
5
becf-ica 12
jde-ica 1
dgi-ica 6
bcfh-ica 3
edc-ica 2
821
3
hfi-icb 20
fhj-icb 1
fib-icb 1
822
2
fdh-icc 14
edb-icc 7
823
5
jaj-icd 8
jaa-icd 2
hj-icd 10
hcd-icd 3
eig-icd 1
824
3
ehd-ice 19
jfh-ice 1
hgi-ice 1
825
4
fce-icf 14
cih-icf 3
dbb-icf 4
bcha-icf 1
826
3
bcdi-icg 4
bjj-icg 16
gcg-icg 1
827
2
beei-ich 19
djd-ich 2
828
3
cj-ici 1
jc-ici 19
dfa-ici 1
829
2
jie-icj 19
hbe-icj 2
830
5
bcfd-ida 18
hee-ida 2
ehj-ida 1
jbh-ida 1
bhf-ida 1
831
7
bach-idb 7
ghi-idb 7
fce-idb 4
cdh-idb 2
bfjd-idb 1
cii-idb 2
jcb-idb 1
832
3
gjg-idc 19
iij-idc 2
djj-idc 1
833
4
bfda-idd 15
fj-idd 2
bbah-idd 3
fih-idd 2
834
1
fgc-ide 20
835
5
efa-idf 6
dh-idf 9
dii-idf 6
jhi-idf 1
bajg-idf 1
836
4
dhd-idg 17
bfi-idg 4
bagf-idg 1
ic-idg 1
837
3
bad-idh 7
gdg-idh 7
hhg-idh 7
838
5
bgfa-idi 14
bbdd-idi 2
ech-idi 5
hhc-idi 1
baeh-idi 1
839
3
bcc-idj 11
fdj-idj 10
bgf-idj 1
840
4
bebf-iea 19
bij-iea 2
chb-iea 1
eeb-iea 1
841
3
bdaj-ieb 1
fhb-ieb 16
bbie-ieb 4
842
5
hfg-iec 19
iff-iec 1
hfh-iec 1
fgf-iec 1
bbca-iec 1
843
4
jac-ied 9
bbid-ied 10
hhb-ied 2
bche-ied 1
844
3
efc-iee 9
bdcd-iee 4
baje-iee 9
845
4
ea-ief 2
bbah-ief 8
bfc-ief 10
hag-ief 3
846
5
fjj-ieg 2
idd-ieg 13
ffh-ieg 4
hcd-ieg 3
ebg-ieg 1
847
4
bchj-ieh 17
caj-ieh 2
bjg-ieh 1
bge-ieh 2
848
6
efg-iei 9
hgi-iei 9
bcgb-iei 2
dbf-iei 1
behf-iei 2
gdf-iei 1
849
2
bbh-iej 20
bdi-iej 1
850
5
bbbi-ifa 3
ccc-ifa 5
hcf-ifa 12
bdbe-ifa 1
bdih-ifa 1
851
3
dfh-ifb 13
bagh-ifb 7
fgh-ifb 1
852
6
bchg-ifc 14
jid-ifc 3
gfa-ifc 1
ejj-ifc 2
cee-ifc 1
fdj-ifc 1
853
4
bbhd-ifd 14
cf-ifd 6
ijh-ifd 1
bah-ifd 1
854
3
dad-ife 6
hjf-ife 15
bbdj-ife 1
855
5
efe-iff 16
jgf-iff 2
bjb-iff 1
fb-iff 1
cgi-iff 1
856
3
be-ifg 8
bgeb-ifg 13
jci-ifg 1
857
4
cid-ifh 13
baga-ifh 4
baai-ifh 4
eif-ifh 1
858
2
bcci-ifi 15
badf-ifi 6
860
2
ebb-iga 17
gfj-iga 4
861
2
cif-igb 20
gb-igb 1
862
3
bcgi-igc 18
eaf-igc 3
gh-igc 1
863
3
ggg-igd 12
ife-igd 8
hfd-igd 2
864
3
dbj-ige 4
hjc-ige 15
dbi-ige 2
865
1
egi-igf 20
866
1
babd-igg 20
867
1
hag-igh 20
868
3
bbg-igi 9
bcbj-igi 10
gag-igi 2
869
4
jba-igj 10
dde-igj 5
bdie-igj 7
gih-igj 1
870
4
bcdj-iha 16
hgf-iha 3
jfa-iha 2
bbfe-iha 1
871
2
bbcj-ihb 19
eii-ihb 2
872
3
eba-ihc 3
ehj-ihc 15
jfd-ihc 3
873
4
behh-ihd 11
bbdd-ihd 10
fj-ihd 1
bgei-ihd 1
874
3
hdi-ihe 7
hdg-ihe 12
hdj-ihe 2
875
5
bbad-ihf 17
eh-ihf 1
ijj-ihf 2
bfcc-ihf 2
cfb-ihf 1
876
4
gbf-ihg 2
gij-ihg 11
bcj-ihg 1
cdj-ihg 7
877
3
cib-ihh 15
gih-ihh 4
eef-ihh 2
878
5
bdgf-ihi 20
gjh-ihi 1
bebh-ihi 1
hdb-ihi 1
jg-ihi 1
879
2
caf-ihj 16
cef-ihj 5
880
3
fgb-iia 19
hfh-iia 1
fid-iia 2
881
5
id-iib 4
baeb-iib 15
bafa-iib 1
chd-iib 1
cfb-iib 1
882
4
jje-iic 9
fag-iic 10
iie-iic 2
gfa-iic 1
883
4
bfei-iid 2
iae-iid 3
ffa-iid 14
cej-iid 3
884
5
jee-iie 7
bejf-iie 8
bgc-iie 2
bec-iie 3
cbb-iie 3
885
2
bbei-iif 12
hif-iif 9
886
2
hcg-iig 19
ddg-iig 2
887
1
hbj-iih 20
888
1
bbib-iii 20
889
1
baaa-iij 20
890
3
iaa-ija 8
dbj-ija 8
bcfe-ija 4
891
1
ega-ijb 20
892
4
cgi-ijc 8
bbf-ijc 7
hg-ijc 5
bcij-ijc 2
893
3
beda-ijd 18
hfi-ijd 3
gdh-ijd 1
894
4
bbbj-ije 5
beef-ije 14
bef-ije 2
gda-ije 1
895
1
bj-ijf 20
896
2
behi-ijg 20
ig-ijg 1
897
2
bii-ijh 15
hhg-ijh 6
898
1
gd-iji 20
899
2
iaf-ijj 16
cff-ijj 5
900
3
bbjh-jaa 18
cf-jaa 2
jbg-jaa 2
901
2
gbe-jab 17
djh-jab 4
902
5
ibb-jac 5
hca-jac 3
ghg-jac 5
ejj-jac 5
bgg-jac 4
903
3
bcij-jad 16
dgj-jad 2
djc-jad 2
904
3
bbih-jae 18
cja-jae 2
ee-jae 1
905
2
bdig-jaf 16
bgd-jaf 5
906
3
cbc-jag 12
cg-jag 7
bdij-jag 2
907
6
baia-jah 8
bchh-jah 9
fie-jah 3
bcif-jah 1
bajg-jah 1
cfe-jah 1
908
5
bbbg-jai 8
gbj-jai 9
bffi-jai 2
hah-jai 1
efa-jai 3
909
2
ebd-jaj 19
iic-jaj 2
910
3
gej-jba 17
bdef-jba 3
cgd-jba 2
911
2
gjc-jbb 8
dhg-jbb 13
912
2
jca-jbc 17
gbg-jbc 4
913
3
dij-jbd 7
bfad-jbd 10
bgh-jbd 4
914
3
de-jbe 3
bbig-jbe 3
fbj-jbe 15
915
5
bedi-jbf 17
hai-jbf 2
gfg-jbf 2
cc-jbf 1
jbe-jbf 1
916
5
bdid-jbg 3
baie-jbg 8
ehd-jbg 11
bjd-jbg 1
igc-jbg 1
917
3
babf-jbh 10
dbd-jbh 10
bji-jbh 1
918
2
bdcc-jbi 20
hai-jbi 1
919
5
hdc-jbj 6
ejd-jbj 6
daa-jbj 4
ieg-jbj 2
jhb-jbj 4
920
4
jfg-jca 15
idf-jca 4
fdh-jca 2
jde-jca 1
921
4
faj-jcb 8
hhf-jcb 4
gae-jcb 8
ihh-jcb 2
922
3
fej-jcc 3
gfb-jcc 17
fjg-jcc 2
923
4
ied-jcd 2
hgh-jcd 10
jcc-jcd 8
bagh-jcd 2
924
1
bafi-jce 20
925
3
djc-jcf 3
igj-jcf 15
ghe-jcf 3
926
3
ggg-jcg 20
cfj-jcg 1
babe-jcg 1
928
6
bfbf-jci 16
beia-jci 1
gih-jci 5
fch-jci 1
fb-jci 1
hhe-jci 1
930
3
bdig-jda 20
bgdf-jda 1
cjb-jda 1
931
5
hge-jdb 8
jhc-jdb 4
cgf-jdb 6
bbaj-jdb 2
jji-jdb 2
932
3
hbh-jdc 3
gdh-jdc 14
jc-jdc 4
933
3
dic-jdd 6
dhc-jdd 14
ffh-jdd 2
934
6
bi-jde 18
baad-jde 1
ha-jde 1
bcjb-jde 1
bdgi-jde 1
bie-jde 1
936
7
bhb-jdg 4
dhj-jdg 9
gea-jdg 3
bh-jdg 1
ibi-jdg 4
cjh-jdg 2
fbf-jdg 1
937
1
ea-jdh 20
938
1
dfb-jdi 20
939
4
jfj-jdj 15
eic-jdj 4
ja-jdj 2
dhb-jdj 2
940
2
ije-jea 20
ef-jea 1
941
1
jad-jeb 20
942
5
ehc-jec 10
dae-jec 4
bdfg-jec 4
badg-jec 4
bgb-jec 1
943
1
djc-jed 20
944
4
hjb-jee 19
cfg-jee 1
ceg-jee 1
ej-jee 1
945
5
fad-jef 3
badj-jef 12
bbje-jef 7
bbfe-jef 1
beh-jef 1
946
2
bbj-jeg 18
baib-jeg 2
947
3
bgdb-jeh 12
ddj-jeh 7
bafe-jeh 2
948
2
eff-jei 10
jja-jei 10
949
3
dch-jej 10
ehb-jej 11
fgj-jej 1
950
4
fdj-jfa 11
iec-jfa 3
bhe-jfa 6
chb-jfa 2
951
3
bbdb-jfb 5
cge-jfb 3
ebb-jfb 13
952
3
cgh-jfc 3
jgb-jfc 18
egb-jfc 1
953
2
babc-jfd 15
fbd-jfd 6
954
4
bfgb-jfe 18
bcif-jfe 1
c-jfe 3
egf-jfe 1
955
3
egg-jff 12
bfeb-jff 8
ee-jff 1
956
4
bccb-jfg 11
ega-jfg 9
fic-jfg 1
ghc-jfg 1
957
5
fdf-jfh 4
gfb-jfh 14
bffj-jfh 3
eij-jfh 1
ddc-jfh 1
958
4
befa-jfi 11
bbj-jfi 9
dii-jfi 1
eib-jfi 1
959
5
jfa-jfj 1
bdhe-jfj 19
bcc-jfj 1
bcaj-jfj 1
eac-jfj 1
960
5
bfcd-jga 19
bagg-jga 1
fdf-jga 1
bfab-jga 1
bfcf-jga 1
961
1
ecd-jgb 20
962
5
babj-jgc 4
ibd-jgc 11
ied-jgc 4
bba-jgc 2
cfa-jgc 2
963
1
ghb-jgd 20
964
5
bcgj-jge 14
bedj-jge 4
dda-jge 1
gbf-jge 2
bagf-jge 2
965
5
i-jgf 13
hhj-jgf 6
fjd-jgf 1
bhg-jgf 2
fbf-jgf 1
966
3
bajc-jgg 8
heh-jgg 10
cfd-jgg 3
967
2
dfc-jgh 12
jcb-jgh 9
968
2
iae-jgi 20
gjf-jgi 1
970
4
ghd-jha 9
jia-jha 11
bea-jha 1
efh-jha 1
971
1
ejg-jhb 20
972
4
eej-jhc 13
ced-jhc 4
hei-jhc 3
gga-jhc 2
973
2
gba-jhd 18
geb-jhd 3
974
3
bbai-jhe 14
jae-jhe 5
jih-jhe 2
975
4
bajj-jhf 13
behe-jhf 6
gid-jhf 1
fch-jhf 2
976
2
hde-jhg 17
fbi-jhg 4
977
2
bfia-jhh 17
gab-jhh 4
978
3
bagi-jhi 4
bcj-jhi 16
fca-jhi 1
979
1
eei-jhj 20
980
7
bded-jia 12
ecc-jia 3
hdd-jia 1
bje-jia 2
ddg-jia 2
baac-jia 2
baca-jia 1
981
4
iac-jib 10
gda-jib 2
bjf-jib 6
bab-jib 4
982
2
igj-jic 18
hff-jic 3
983
4
jff-jid 6
bgfj-jid 11
bdgd-jid 2
cag-jid 2
984
3
baih-jie 15
hdb-jie 3
cij-jie 3
985
4
hah-jif 10
dge-jif 3
bb-jif 8
bdih-jif 1
986
3
bbe-jig 2
gha-jig 16
bafi-jig 4
987
3
bfa-jih 13
gfi-jih 4
jhi-jih 4
988
3
ddf-jii 18
cei-jii 3
bjh-jii 1
989
1
ge-jij 20
990
1
idh-jja 20
991
6
hja-jjb 11
jif-jjb 2
bdi-jjb 4
ieg-jjb 2
cjc-jjb 2
ihg-jjb 1
992
3
bcgb-jjc 16
jhg-jjc 2
jbg-jjc 3
993
1
daj-jjd 20
994
5
bbcg-jje 10
ej-jje 1
baig-jje 8
hdd-jje 1
badd-jje 2
995
2
hja-jjf 17
ccf-jjf 4
996
2
efa-jjg 7
gfc-jjg 14
997
1
geh-jjh 20
998
2
hef-jji 19
j-jji 2
999
3
bcci-jjj 20
baea-jjj 1
edg-jjj 1
1000
1
fgi-baaa 20
1001
5
jeg-baab 11
ifd-baab 7
bbdf-baab 1
efi-baab 2
bc-baab 1
1002
2
jbh-baac 18
hig-baac 3
1003
4
ceb-baad 14
bbbh-baad 5
ehj-baad 2
jcd-baad 2
1004
2
eje-baae 19
dib-baae 2
1005
2
baae-baaf 18
bdej-baaf 3
1006
5
jci-baag 17
ffj-baag 3
cdc-baag 1
fc-baag 1
beja-baag 1
1007
2
baef-baah 19
jab-baah 2
1008
4
baha-baai 11
bacb-baai 6
dgd-baai 2
igj-baai 2
1010
5
ehi-baba 18
jdf-baba 1
dfi-baba 2
bbfb-baba 1
haj-baba 1
1011
3
djh-babb 19
edh-babb 1
ggi-babb 2
1012
5
jga-babc 2
beag-babc 14
if-babc 4
baif-babc 2
ege-babc 1
1013
3
dfe-babd 18
gec-babd 3
bddi-babd 1
1014
3
ebj-babe 18
ije-babe 3
dbj-babe 1
1015
2
begj-babf 20
ceg-babf 1
1016
3
beba-babg 12
bdhd-babg 9
bbdj-babg 1
1017
2
cbg-babh 11
baia-babh 10
1018
3
baij-babi 14
cdb-babi 6
gd-babi 1
1019
3
bbcg-babj 9
fdc-babj 10
bfib-babj 2
1020
1
igh-baca 20
1021
6
jg-bacb 6
heb-bacb 3
bgbj-bacb 7
bcje-bacb 5
jhb-bacb 1
jce-bacb 1
1022
3
gdb-bacc 19
feg-bacc 1
hbc-bacc 1
1023
1
jgf-bacd 20
1024
2
dhb-bace 9
bbcd-bace 12
1025
1
ifd-bacf 20
1026
2
cja-bacg 8
bgdb-bacg 12
1027
3
fdd-bach 1
bih-bach 18
baag-bach 2
1028
2
ejc-baci 20
egi-baci 1
1029
4
iha-bacj 18
ibj-bacj 1
bada-bacj 2
ib-bacj 1
1030
4
gdb-bada 8
hej-bada 5
bbcf-bada 7
ecj-bada 2
1031
3
bdf-badb 14
bddf-badb 5
dcd-badb 2
1032
3
ifg-badc 18
hfg-badc 3
cad-badc 1
1033
3
gh-badd 1
bcac-badd 19
jc-badd 1
1034
1
ega-bade 20
1035
1
fgh-badf 20
1036
2
jhi-badg 12
bbbf-badg 9
1037
1
bbgj-badh 20
1038
2
bbdi-badi 20
ghg-badi 1
1039
4
bjf-badj 18
bbhf-badj 2
ff-badj 1
ijj-badj 1
1040
3
he-baea 1
hdd-baea 17
cid-baea 3
1041
4
bdcj-baeb 18
iag-baeb 2
bbaf-baeb 1
fd-baeb 1
1042
5
jha-baec 12
hbg-baec 7
jaa-baec 3
ccb-baec 1
bcac-baec 1
1043
1
djc-baed 20
1044
1
baeg-baee 20
1045
4
fi-baef 16
gj-baef 2
bdbf-baef 2
efd-baef 3
1046
4
bcef-baeg 12
hhd-baeg 4
jdc-baeg 5
baic-baeg 1
1047
1
dfd-baeh 20
1048
4
bagg-baei 9
bcig-baei 11
bhc-baei 1
chj-baei 1
1049
4
bdfj-baej 9
bbhh-baej 12
hih-baej 1
bdij-baej 1
1050
5
babe-bafa 8
dgj-bafa 8
jdj-bafa 4
hgc-bafa 1
cff-bafa 1
1051
4
gdg-bafb 14
bbbd-bafb 6
baah-bafb 2
bcji-bafb 1
1052
4
hii-bafc 17
gfg-bafc 2
bbef-bafc 3
jce-bafc 1
1053
2
cfa-bafd 19
fei-bafd 2
1054
3
fdd-bafe 20
dhc-bafe 1
bgf-bafe 1
1055
2
bfif-baff 20
hcj-baff 1
1056
1
fdd-bafg 20
1057
1
jbd-bafh 20
1058
4
chi-bafi 5
bhj-bafi 12
bag-bafi 5
bbgf-bafi 1
1059
3
hef-bafj 20
gfi-bafj 1
bcag-bafj 1
1060
2
bbag-baga 19
ded-baga 2
1061
2
fhb-bagb 20
bcgd-bagb 1
1062
1
gie-bagc 20
1063
3
hgd-bagd 16
beg-bagd 4
ibg-bagd 2
1064
4
jhf-bage 19
jfb-bage 2
bbcj-bage 1
babh-bage 1
1065
2
bgd-bagf 2
bede-bagf 19
1066
5
baie-bagg 4
fcb-bagg 12
hgb-bagg 5
bbgh-bagg 1
jid-bagg 1
1067
6
gje-bagh 7
cgf-bagh 7
ijg-bagh 3
cde-bagh 3
eab-bagh 2
jbd-bagh 1
1068
3
ehh-bagi 2
ggh-bagi 2
bcac-bagi 18
1069
2
jhd-bagj 20
bgj-bagj 1
1070
2
bgcc-baha 15
bcgf-baha 6
1071
2
cgc-bahb 4
bgah-bahb 16
1072
1
hbg-bahc 20
1073
6
beij-bahd 3
dbb-bahd 16
behd-bahd 1
efa-bahd 1
dii-bahd 1
bcgf-bahd 1
1074
1
bcdi-bahe 20
1075
2
bagd-bahf 16
ffi-bahf 6
1076
2
gjc-bahg 20
bgc-bahg 1
1077
4
bedg-bahh 8
bahg-bahh 9
hea-bahh 4
jab-bahh 1
1078
4
ghc-bahi 16
ia-bahi 1
hab-bahi 3
ceh-bahi 2
1079
2
fbe-bahj 12
ghi-bahj 9
1080
3
bgg-baia 19
gaf-baia 1
jif-baia 1
1081
2
hih-baib 8
iac-baib 13
1082
3
iaa-baic 7
bcgg-baic 7
babi-baic 7
1083
2
bejd-baid 14
ib-baid 7
1084
5
efc-baie 5
iaf-baie 7
chg-baie 3
bade-baie 5
bai-baie 3
1085
1
jcb-baif 20
1086
4
edd-baig 8
jgh-baig 5
hif-baig 8
ihc-baig 2
1087
6
eea-baih 1
becj-baih 13
bcej-baih 2
bbgd-baih 2
gcf-baih 4
bcgf-baih 1
1088
2
bbab-baii 16
ffj-baii 5
1089
3
ife-baij 18
bha-baij 3
bfh-baij 1
1090
4
cdh-baja 6
bcfj-baja 10
bif-baja 4
cgg-baja 1
1091
3
ji-bajb 7
bafj-bajb 11
bdfg-bajb 4
1092
3
dhb-bajc 11
bbae-bajc 9
hih-bajc 2
1093
4
hha-bajd 15
edc-bajd 2
bfjc-bajd 4
hhg-bajd 1
1094
4
gfi-baje 11
iej-baje 7
hhe-baje 1
bdab-baje 2
1095
5
jeb-bajf 1
bbgi-bajf 19
jcd-bajf 2
bcje-bajf 1
eca-bajf 1
1096
2
fi-bajg 14
cgf-bajg 7
1097
2
hba-bajh 12
bia-bajh 9
1098
2
baje-baji 20
bhf-baji 1
1099
3
bajf-bajj 20
eci-bajj 1
ejh-bajj 1
1100
3
bcfa-bbaa 20
beeg-bbaa 1
ghb-bbaa 1
1101
2
cde-bbab 1
bbfc-bbab 20
1102
4
dce-bbac 16
fed-bbac 2
iif-bbac 2
bejd-bbac 2
1103
2
bbag-bbad 10
jbh-bbad 11
1104
6
gc-bbae 16
gid-bbae 1
hg-bbae 1
bgba-bbae 2
eah-bbae 1
bcfc-bbae 1
1105
2
eff-bbaf 18
hhg-bbaf 3
1106
1
gff-bbag 20
1107
4
beci-bbah 9
cja-bbah 7
fhe-bbah 5
bfjh-bbah 1
1108
2
bhj-bbai 19
bdch-bbai 2
1109
1
ich-bbaj 20
1110
5
hdb-bbba 17
jid-bbba 2
cgd-bbba 2
hde-bbba 1
babb-bbba 1
1111
1
hed-bbbb 20
1113
3
bbh-bbbd 2
baec-bbbd 10
bgab-bbbd 9
1114
3
bccj-bbbe 13
dhj-bbbe 4
bcc-bbbe 5
1115
2
cef-bbbf 16
faj-bbbf 6
1116
3
icb-bbbg 8
ief-bbbg 12
baci-bbbg 1
1117
2
ehg-bbbh 16
bagc-bbbh 6
1118
2
bac-bbbi 19
gee-bbbi 2
1119
3
bgdj-bbbj 13
bahe-bbbj 5
big-bbbj 3
1120
2
jcc-bbca 19
bdd-bbca 2
1121
6
jfd-bbcb 7
hih-bbcb 7
ccc-bbcb 1
iee-bbcb 3
djj-bbcb 5
fbc-bbcb 1
1122
2
hbd-bbcc 19
bgf-bbcc 2
1123
3
gje-bbcd 9
baii-bbcd 11
jjd-bbcd 1
1124
2
iff-bbce 14
gde-bbce 7
1125
2
fhc-bbcf 20
bbae-bbcf 1
1126
3
ccj-bbcg 13
fcg-bbcg 2
bdid-bbcg 6
1127
1
icb-bbch 20
1128
2
babh-bbci 20
bie-bbci 1
1129
2
hee-bbcj 17
bbbb-bbcj 4
1130
3
jde-bbda 19
bbji-bbda 2
ehh-bbda 1
1131
5
idc-bbdb 8
ifa-bbdb 9
bfdj-bbdb 2
bbf-bbdb 1
hjj-bbdb 2
1132
1
jh-bbdc 20
1133
5
bci-bbdd 12
gid-bbdd 3
beb-bbdd 3
eii-bbdd 3
fgh-bbdd 1
1134
1
jif-bbde 20
1135
3
gbi-bbdf 17
baed-bbdf 3
gbc-bbdf 1
1136
3
bgdc-bbdg 12
bhc-bbdg 7
bid-bbdg 2
1137
3
ghb-bbdh 14
bcjd-bbdh 6
eef-bbdh 1
1138
3
hbh-bbdi 15
baee-bbdi 5
bcba-bbdi 2
1139
1
ghi-bbdj 20
1140
3
cga-bbea 4
df-bbea 17
dfh-bbea 1
1141
5
ihd-bbeb 11
bbae-bbeb 5
bbde-bbeb 4
bffc-bbeb 1
ji-bbeb 1
1142
2
bcie-bbec 20
cai-bbec 1
1143
1
jc-bbed 20
1144
2
bdee-bbee 19
gcj-bbee 2
1145
4
fjb-bbef 17
fjf-bbef 1
badd-bbef 3
ce-bbef 1
1146
3
eca-bbeg 10
bgbc-bbeg 3
bcjg-bbeg 8
1147
1
eg-bbeh 20
1148
2
eif-bbei 8
gej-bbei 13
1149
3
bcbb-bbej 14
fci-bbej 4
fja-bbej 4
1150
2
bacc-bbfa 20
jf-bbfa 1
1151
5
baji-bbfb 11
bbgg-bbfb 7
bdah-bbfb 2
fgd-bbfb 1
ghj-bbfb 1
1152
2
ibh-bbfc 20
bfej-bbfc 1
1153
4
eaa-bbfd 13
bdcj-bbfd 6
bdje-bbfd 2
ebc-bbfd 1
1154
2
bbgi-bbfe 19
chg-bbfe 2
1155
6
fcc-bbff 8
bdjd-bbff 8
hg-bbff 2
ihi-bbff 4
dbh-bbff 1
jig-bbff 1
1156
4
bfee-bbfg 18
fea-bbfg 2
eee-bbfg 1
bcjh-bbfg 1
1157
3
bbjg-bbfh 17
gec-bbfh 3
efd-bbfh 1
1158
3
bbej-bbfi 17
bfhb-bbfi 4
bace-bbfi 1
1159
4
cbc-bbfj 4
ifc-bbfj 16
cje-bbfj 1
babh-bbfj 1
1160
2
eji-bbga 3
jbc-bbga 18
1161
4
hi-bbgb 15
iic-bbgb 2
hgd-bbgb 3
jff-bbgb 2
1162
1
bafa-bbgc 20
1163
1
bgag-bbgd 20
1164
4
bbff-bbge 10
eb-bbge 9
ihg-bbge 1
ddd-bbge 2
1165
1
fcj-bbgf 20
1166
4
bdai-bbgg 12
ca-bbgg 2
bcde-bbgg 5
gfh-bbgg 3
1167
1
bbei-bbgh 20
1168
4
jgi-bbgi 19
bfi-bbgi 2
jab-bbgi 1
bdgi-bbgi 1
1169
4
bejh-bbgj 10
eah-bbgj 9
bbcj-bbgj 2
hjc-bbgj 1
1170
2
begi-bbha 18
fbe-bbha 3
1171
2
iec-bbhb 20
djd-bbhb 1
1172
3
cbh-bbhc 18
bca-bbhc 2
jdi-bbhc 1
1173
4
j-bbhd 10
bced-bbhd 4
bdb-bbhd 7
ece-bbhd 2
1174
4
gfe-bbhe 2
bbgb-bbhe 16
id-bbhe 3
fh-bbhe 1
1175
3
dia-bbhf 20
baif-bbhf 1
bfec-bbhf 1
1177
2
beee-bbhh 19
bcjf-bbhh 2
1178
2
hgi-bbhi 18
bfge-bbhi 3
1179
1
c-bbhj 20
1180
3
edb-bbia 9
ij-bbia 3
ei-bbia 9
1181
1
bdi-bbib 20
1182
2
iab-bbic 20
befc-bbic 1
1183
1
bbdd-bbid 20
1184
3
def-bbie 13
dee-bbie 7
bbhj-bbie 2
1185
2
dcj-bbif 18
bij-bbif 2
1186
1
cig-bbig 20
1187
2
gc-bbih 19
bfd-bbih 2
1188
2
bfgf-bbii 20
jhc-bbii 1
1189
3
bbdf-bbij 20
beci-bbij 1
cdd-bbij 1
1190
2
fec-bbja 17
bacb-bbja 4
1191
2
ffj-bbjb 16
gje-bbjb 6
1192
2
ii-bbjc 19
bbha-bbjc 2
1193
1
jig-bbjd 20
1194
1
cbd-bbje 20
1195
4
haj-bbjf 15
jbg-bbjf 6
fcj-bbjf 1
dji-bbjf 1
1196
3
bagj-bbjg 17
bbfe-bbjg 4
hjb-bbjg 1
1197
2
bcjb-bbjh 17
jih-bbjh 4
1198
3
ijh-bbji 6
hhi-bbji 9
bch-bbji 7
1199
1
cig-bbjj 20
1200
2
bgb-bcaa 19
bbie-bcaa 2
1201
4
bchi-bcab 6
gce-bcab 8
jjj-bcab 4
dfi-bcab 2
1202
3
fa-bcac 15
had-bcac 2
hac-bcac 4
1203
3
bgcb-bcad 14
bdf-bcad 7
hcd-bcad 1
1204
2
ibg-bcae 15
bdaj-bcae 6
1205
3
bcda-bcaf 15
bbha-bcaf 5
jh-bcaf 1
1206
2
bgch-bcag 19
babb-bcag 2
1207
1
eed-bcah 20
1208
1
bbcj-bcai 20
1209
1
bbji-bcaj 20
1210
2
ejb-bcba 14
gfc-bcba 7
1211
3
die-bcbb 11
bdbj-bcbb 9
hag-bcbb 2
1212
5
bafj-bcbc 14
ef-bcbc 2
dbe-bcbc 4
bbai-bcbc 2
bcij-bcbc 1
1213
1
baca-bcbd 20
1214
2
gda-bcbe 8
bdd-bcbe 13
1215
2
igc-bcbf 9
bged-bcbf 12
1216
3
iea-bcbg 16
behc-bcbg 3
dbh-bcbg 2
1218
3
jdd-bcbi 15
bfcf-bcbi 3
jcf-bcbi 4
1219
3
hjj-bcbj 13
hgc-bcbj 6
bcch-bcbj 3
1220
4
jfe-bcca 20
behj-bcca 1
bdhj-bcca 1
fb-bcca 1
1221
3
egb-bccb 9
cid-bccb 11
bcag-bccb 1
1223
3
bfed-bccd 14
behg-bccd 7
ced-bccd 1
1224
2
eci-bcce 15
iib-bcce 6
1225
2
bfhd-bccf 19
bajb-bccf 2
1226
2
begg-bccg 16
badf-bccg 5
1227
1
hjg-bcch 20
1228
2
hjd-bcci 19
bcae-bcci 2
1229
5
hci-bccj 5
gbe-bccj 11
cfg-bccj 4
dci-bccj 1
bg-bccj 2
1230
3
dh-bcda 16
ijd-bcda 5
beii-bcda 1
1231
3
bbeb-bcdb 19
bddd-bcdb 1
baci-bcdb 1
1232
4
bccd-bcdc 18
bcj-bcdc 2
bfga-bcdc 1
ghb-bcdc 1
1233
3
bagh-bcdd 14
bdid-bcdd 4
bbfh-bcdd 4
1234
5
beje-bcde 8
cba-bcde 3
gic-bcde 3
bcha-bcde 2
baji-bcde 7
1235
1
bbef-bcdf 20
1236
3
hjc-bcdg 13
jje-bcdg 3
chc-bcdg 5
1237
2
faf-bcdh 17
bchf-bcdh 4
1238
3
cfg-bcdi 13
hee-bcdi 8
becb-bcdi 1
1239
1
fdb-bcdj 20
1240
1
becb-bcea 20
1241
1
idj-bceb 20
1242
1
dgj-bcec 20
1243
1
bcjd-bced 20
1244
6
gdf-bcee 3
ejh-bcee 3
ffd-bcee 5
bdja-bcee 6
iai-bcee 4
bdca-bcee 2
1245
2
fbj-bcef 19
fbb-bcef 2
1246
1
cca-bceg 20
1247
4
bbdf-bceh 8
bdae-bceh 11
fab-bceh 2
bge-bceh 1
1248
1
bci-bcei 20
1249
3
jfh-bcej 13
gif-bcej 6
ef-bcej 2
1250
2
jfh-bcfa 20
djh-bcfa 1
1252
1
cig-bcfc 20
1253
3
idg-bcfd 19
jeh-bcfd 1
beie-bcfd 1
1254
1
jh-bcfe 20
1255
4
hfh-bcff 4
begg-bcff 12
iie-bcff 4
ddd-bcff 2
1256
2
fjj-bcfg 19
bcje-bcfg 2
1257
1
egd-bcfh 20
1258
1
ihe-bcfi 20
1259
4
bchb-bcfj 18
ibc-bcfj 2
cig-bcfj 1
jii-bcfj 1
1260
1
ghc-bcga 20
1261
2
eai-bcgb 15
jae-bcgb 6
1262
2
beih-bcgc 19
bahc-bcgc 2
1263
1
gba-bcgd 20
1264
2
baih-bcge 16
bgh-bcge 5
1265
1
bbga-bcgf 20
1266
2
bfhf-bcgg 20
beej-bcgg 1
1267
2
bdjg-bcgh 18
cbj-bcgh 3
1268
4
bge-bcgi 3
fca-bcgi 9
hce-bcgi 9
bfh-bcgi 1
1269
3
beae-bcgj 11
bdbg-bcgj 7
bfci-bcgj 4
1270
2
deh-bcha 16
dgg-bcha 5
1271
2
bdfj-bchb 18
hhd-bchb 3
1272
2
cej-bchc 19
bdb-bchc 2
1273
2
bdaf-bchd 10
jbd-bchd 11
1274
2
becg-bche 10
gcd-bche 10
1275
2
bfag-bchf 18
hdj-bchf 3
1276
4
hhj-bchg 4
hga-bchg 5
bebi-bchg 12
idc-bchg 1
1277
5
hhi-bchh 3
bbij-bchh 4
bcjj-bchh 12
bcjb-bchh 2
cjb-bchh 1
1278
2
ifh-bchi 9
bcdj-bchi 12
1279
1
jcd-bchj 20
1280
5
bgec-bcia 15
hid-bcia 2
baid-bcia 2
hhg-bcia 2
ibc-bcia 1
1281
4
bfgd-bcib 9
bje-bcib 9
dde-bcib 3
bdcc-bcib 1
1284
2
eic-bcie 19
bbgh-bcie 2
1285
2
jhh-bcif 3
bdjb-bcif 18
1286
1
fae-bcig 20
1287
1
cae-bcih 20
1288
3
jeh-bcii 11
cga-bcii 8
bafh-bcii 3
1289
1
ebd-bcij 20
1290
3
hhd-bcja 12
bbfi-bcja 7
ica-bcja 2
1291
2
bcaa-bcjb 7
dba-bcjb 14
1292
2
bbaf-bcjc 10
bbdg-bcjc 10
1293
1
hdf-bcjd 20
1294
1
bbfh-bcje 20
1295
4
bdjc-bcjf 12
dde-bcjf 7
bedc-bcjf 3
fda-bcjf 1
1296
2
eii-bcjg 18
jce-bcjg 3
1297
1
dch-bcjh 20
1298
2
ida-bcji 18
dg-bcji 2
1299
2
fig-bcjj 8
bfgi-bcjj 13
1300
3
edh-bdaa 16
eba-bdaa 2
gcj-bdaa 4
1301
2
iji-bdab 12
bdib-bdab 9
1302
2
gba-bdac 9
cgb-bdac 12
1303
3
ch-bdad 12
dja-bdad 7
jdi-bdad 2
1304
2
bbif-bdae 10
bahi-bdae 11
1305
1
ga-bdaf 20
1306
1
badg-bdag 20
1307
2
beeg-bdah 8
ibd-bdah 13
1308
2
baij-bdai 14
bajh-bdai 7
1309
2
je-bdaj 10
hed-bdaj 11
1310
1
bbch-bdba 20
1311
1
jeh-bdbb 20
1312
1
bcgf-bdbc 20
1314
1
hh-bdbe 20
1315
1
hf-bdbf 20
1316
3
bfii-bdbg 8
hdj-bdbg 7
ddc-bdbg 7
1317
1
jhg-bdbh 20
1318
2
dbc-bdbi 16
bfbc-bdbi 5
1319
4
jfa-bdbj 7
dhe-bdbj 4
gid-bdbj 9
bbci-bdbj 2
1320
1
fej-bdca 20
1321
2
ibj-bdcb 16
cii-bdcb 5
1322
2
iig-bdcc 3
bdhf-bdcc 18
1323
2
bdgd-bdcd 12
bbcb-bdcd 9
1324
1
jfc-bdce 20
1325
1
faa-bdcf 20
1326
1
bce-bdcg 20
1327
2
cac-bdch 8
hgc-bdch 13
1328
2
efh-bdci 16
ci-bdci 5
1329
2
feb-bdcj 9
jjc-bdcj 12
1330
2
efh-bdda 17
bebj-bdda 4
1331
1
bbbg-bddb 20
1333
2
bcbf-bddd 13
daa-bddd 8
1334
2
jif-bdde 18
bid-bdde 3
1335
3
bbcc-bddf 11
bbbg-bddf 8
gig-bddf 2
1336
1
badj-bddg 20
1337
1
bffa-bddh 20
1338
1
fjg-bddi 20
1339
3
bbbe-bddj 11
bcaf-bddj 10
bj-bddj 1
1340
1
dc-bdea 20
1341
2
bdif-bdeb 14
jaf-bdeb 7
1342
4
bfaf-bdec 19
ida-bdec 2
bfeg-bdec 1
cca-bdec 1
1343
2
befd-bded 19
bbbi-bded 2
1344
3
gii-bdee 13
bcie-bdee 6
cgc-bdee 3
1345
2
hbe-bdef 18
bbeg-bdef 3
1346
3
iai-bdeg 5
bgfb-bdeg 9
hdh-bdeg 8
1347
2
cfc-bdeh 15
ecj-bdeh 6
1348
1
bccd-bdei 20
1349
2
bfaa-bdej 9
jag-bdej 12
1350
3
bje-bdfa 8
hdb-bdfa 12
jjf-bdfa 2
1351
2
ijg-bdfb 20
icf-bdfb 1
1352
1
hdc-bdfc 20
1353
2
bec-bdfd 17
efb-bdfd 4
1354
2
gdf-bdfe 13
bfeg-bdfe 8
1355
1
jga-bdff 20
1356
2
bdic-bdfg 19
bib-bdfg 2
1357
2
bacc-bdfh 15
bege-bdfh 6
1358
2
becc-bdfi 20
jcf-bdfi 1
1359
2
bbjf-bdfj 5
hae-bdfj 16
1360
4
ehh-bdga 3
ihf-bdga 11
begc-bdga 2
bafa-bdga 6
1361
3
bead-bdgb 19
fca-bdgb 1
hig-bdgb 2
1362
2
eba-bdgc 20
bcbd-bdgc 1
1363
2
gbc-bdgd 19
gga-bdgd 2
1364
1
baej-bdge 20
1365
2
bfbe-bdgf 17
fcc-bdgf 4
1366
1
fbh-bdgg 20
1367
2
ghj-bdgh 13
eea-bdgh 8
1368
2
bdjb-bdgi 9
bdj-bdgi 12
1369
2
bgdi-bdgj 16
hhh-bdgj 4
1370
3
behi-bdha 12
daj-bdha 6
gfj-bdha 3
1371
2
hbh-bdhb 19
haf-bdhb 2
1372
2
bahg-bdhc 20
jei-bdhc 1
1373
2
bcbg-bdhd 16
bae-bdhd 5
1374
4
ecc-bdhe 2
bagb-bdhe 17
jjj-bdhe 3
baia-bdhe 1
1375
2
bfae-bdhf 19
bcdh-bdhf 2
1376
1
efd-bdhg 20
1377
1
bdfd-bdhh 20
1378
3
ccf-bdhi 17
ihe-bdhi 2
hb-bdhi 2
1379
1
iah-bdhj 20
1380
2
jgg-bdia 14
bgff-bdia 7
1381
1
bcfi-bdib 20
1382
1
hhg-bdic 20
1383
1
beh-bdid 20
1384
1
igc-bdie 20
1385
2
fgc-bdif 13
f-bdif 8
1386
2
bdge-bdig 20
bajc-bdig 1
1387
1
ijf-bdih 20
1388
2
cch-bdii 20
fbg-bdii 1
1389
1
fbg-bdij 20
1390
2
bbhb-bdja 20
bdeb-bdja 1
1391
1
bchd-bdjb 20
1392
2
ifh-bdjc 8
bfbb-bdjc 12
1393
1
eca-bdjd 20
1394
3
bacj-bdje 17
bbjb-bdje 2
cge-bdje 2
1395
1
jig-bdjf 20
1396
1
bdef-bdjg 20
1397
2
bfdf-bdjh 18
baj-bdjh 3
1398
1
egb-bdji 20
1399
2
bccf-bdjj 20
cb-bdjj 1
1400
2
eeb-beaa 10
bcfj-beaa 11
1401
2
bdde-beab 12
baai-beab 9
1403
2
bib-bead 17
bafg-bead 4
1404
1
bdch-beae 20
1405
1
geb-beaf 20
1406
1
cci-beag 20
1407
3
bgfc-beah 15
jie-beah 2
bche-beah 4
1408
1
ida-beai 20
1409
2
dea-beaj 19
bcea-beaj 2
1410
3
bbf-beba 13
bbcb-beba 6
bfg-beba 2
1411
1
bgf-bebb 20
1412
1
bbah-bebc 20
1413
2
bejj-bebd 19
babc-bebd 2
1414
1
bccd-bebe 20
1415
2
bbfj-bebf 19
ghb-bebf 2
1416
1
idj-bebg 20
1417
2
bbgc-bebh 10
dag-bebh 10
1418
1
fad-bebi 20
1419
1
bbec-bebj 20
1420
2
jjf-beca 14
ddg-beca 7
1421
3
bfbj-becb 17
bcg-becb 3
jed-becb 1
1422
2
haf-becc 18
bcc-becc 3
1423
2
bbii-becd 14
fba-becd 7
1424
1
fii-bece 20
1425
2
fed-becf 4
hce-becf 16
1426
1
bagi-becg 20
1427
1
dfj-bech 20
1428
1
bbgj-beci 20
1429
2
hec-becj 20
bdbi-becj 1
1430
3
bfhh-beda 11
cbd-beda 9
bc-beda 1
1431
1
bebd-bedb 20
1432
2
bfaj-bedc 17
baic-bedc 4
1433
1
ceg-bedd 20
1434
2
bbda-bede 19
hf-bede 2
1435
2
ebh-bedf 20
djf-bedf 1
1436
1
jbg-bedg 20
1437
2
bgai-bedh 12
baha-bedh 9
1438
2
iib-bedi 20
bfba-bedi 1
1439
1
igd-bedj 20
1441
2
hcf-beeb 17
bbee-beeb 4
1442
1
jba-beec 20
1443
3
becd-beed 13
bfih-beed 8
dgj-beed 1
1444
2
eff-beee 18
hhc-beee 3
1445
2
icf-beef 19
hhf-beef 2
1446
3
bdeb-beeg 13
he-beeg 7
befc-beeg 1
1447
1
bdgc-beeh 20
1448
1
bdcg-beei 20
1449
1
cge-beej 20
1450
2
cbc-befa 18
ebe-befa 3
1451
1
babd-befb 20
1452
1
bchf-befc 20
1453
3
iia-befd 14
dci-befd 5
chj-befd 2
1454
1
fif-befe 20
1455
2
fid-beff 20
hc-beff 1
1456
1
bah-befg 20
1457
1
heh-befh 20
1458
1
bahf-befi 20
1459
1
bdgc-befj 20
1460
1
gca-bega 20
1461
1
iie-begb 20
1462
2
ghf-begc 10
bgad-begc 11
1463
1
bdgi-begd 20
1464
2
babb-bege 14
bdci-bege 7
1466
2
ifb-begg 16
bfai-begg 4
1467
1
eac-begh 20
1468
1
cff-begi 20
1469
2
bbfb-begj 20
eef-begj 1
1470
3
hcj-beha 16
cji-beha 5
bebd-beha 1
1471
1
bfdh-behb 20
1472
1
ifa-behc 20
1473
1
eda-behd 20
1474
3
bgaa-behe 14
ihd-behe 4
baja-behe 4
1475
1
hdf-behf 20
1476
1
iei-behg 20
1477
1
bcgg-behh 20
1478
2
bgde-behi 18
bjh-behi 3
1479
3
dbd-behj 10
dcd-behj 7
ihb-behj 4
1480
1
ffd-beia 20
1481
1
bdaj-beib 20
1482
3
dg-beic 16
ec-beic 2
bbb-beic 2
1483
2
iai-beid 15
bdje-beid 6
1485
3
gab-beif 19
hfb-beif 2
cii-beif 1
1486
2
baf-beig 7
bedd-beig 14
1487
2
ijd-beih 17
dcc-beih 4
1488
1
cbe-beii 20
1489
2
bah-beij 20
che-beij 1
1490
1
cid-beja 20
1491
1
bace-bejb 20
1493
1
badc-bejd 20
1494
1
baag-beje 20
1495
1
jhi-bejf 20
1496
2
cha-bejg 4
bcag-bejg 17
1497
1
bdaa-bejh 20
1498
2
ifa-beji 6
dcf-beji 14
1499
1
cdg-bejj 20
1500
2
ccd-bfaa 14
bhf-bfaa 7
1501
1
fbi-bfab 20
1503
1
jhc-bfad 20
1504
3
bai-bfae 1
ecc-bfae 10
bfah-bfae 10
1505
2
bedh-bfaf 20
hbb-bfaf 1
1506
2
jai-bfag 19
bdad-bfag 2
1507
1
jbf-bfah 20
1508
1
bcaj-bfai 20
1509
1
bcjd-bfaj 20
1510
1
bdgg-bfba 20
1511
1
hda-bfbb 20
1512
1
ijd-bfbc 20
1513
3
fia-bfbd 12
dcg-bfbd 8
bbjd-bfbd 2
1514
1
behh-bfbe 20
1515
2
bdga-bfbf 8
efe-bfbf 13
1516
1
hih-bfbg 20
1518
1
jjc-bfbi 20
1519
1
beif-bfbj 20
1520
1
ghc-bfca 20
1521
3
bbba-bfcb 6
gaj-bfcb 15
gfa-bfcb 1
1522
1
gga-bfcc 20
1523
3
bdbj-bfcd 12
bcdc-bfcd 9
ggc-bfcd 1
1524
1
jh-bfce 20
1525
1
bca-bfcf 20
1526
3
cjc-bfcg 13
bgdj-bfcg 6
bfgg-bfcg 2
1527
1
bafe-bfch 20
1528
1
fjb-bfci 20
1529
2
dif-bfcj 12
gh-bfcj 10
1530
2
baai-bfda 20
bgce-bfda 1
1531
1
iih-bfdb 20
1532
1
bfbc-bfdc 20
1534
1
jgf-bfde 20
1535
1
ddf-bfdf 20
1536
1
bdfi-bfdg 20
1537
1
bdec-bfdh 20
1538
2
ihc-bfdi 3
fgc-bfdi 18
1539
2
bddd-bfdj 18
dgg-bfdj 3
1540
1
jdg-bfea 20
1541
1
ggf-bfeb 20
1542
2
edg-bfec 14
bdge-bfec 7
1543
2
iia-bfed 11
iea-bfed 10
1544
2
fhi-bfee 11
dae-bfee 10
1545
4
bgda-bfef 2
ied-bfef 14
faa-bfef 4
bgaf-bfef 2
1546
1
dfb-bfeg 20
1547
1
fdc-bfeh 20
1548
1
cbf-bfei 20
1549
1
bdia-bfej 20
1550
1
iab-bffa 20
1551
1
bda-bffb 20
1552
1
iai-bffc 20
1553
1
egi-bffd 20
1555
1
becg-bfff 20
1556
1
gci-bffg 20
1557
1
ghi-bffh 20
1558
1
ed-bffi 20
1559
1
eda-bffj 20
1560
2
dcg-bfga 10
bfj-bfga 10
1561
2
beif-bfgb 19
bcfj-bfgb 2
1562
1
bdac-bfgc 20
1563
1
ihj-bfgd 20
1564
1
chj-bfge 20
1565
2
bgga-bfgf 20
eig-bfgf 1
1566
1
ec-bfgg 20
1567
1
bbie-bfgh 20
1568
3
bgej-bfgi 18
fea-bfgi 2
bgee-bfgi 1
1570
1
cga-bfha 20
1571
1
bhg-bfhb 20
1572
1
dgd-bfhc 20
1573
1
bdgb-bfhd 20
1574
1
bfi-bfhe 20
1575
2
jjj-bfhf 20
ded-bfhf 1
1576
2
bfhi-bfhg 17
ibi-bfhg 4
1577
1
ibh-bfhh 20
1578
1
ice-bfhi 20
1579
2
gih-bfhj 4
bejj-bfhj 17
1580
1
df-bfia 20
1581
1
bdca-bfib 20
1582
2
bgfg-bfic 9
igc-bfic 12
1583
1
hfa-bfid 20
1584
1
ceh-bfie 20
1585
2
dfi-bfif 20
caa-bfif 1
1587
1
cif-bfih 20
1588
2
hjg-bfii 16
edc-bfii 5
1589
1
gih-bfij 20
1590
1
bie-bfja 20
1591
1
icj-bfjb 20
1592
1
bej-bfjc 20
1593
1
bajd-bfjd 20
1594
1
bfba-bfje 20
1595
1
cdg-bfjf 20
1596
1
bdej-bfjg 20
1597
1
bcga-bfjh 20
1599
1
hhg-bfjj 20
1600
1
bcdd-bgaa 20
1601
1
fga-bgab 20
1602
1
babg-bgac 20
1603
1
bdba-bgad 20
1604
1
bajd-bgae 20
1605
1
beab-bgaf 20
1606
1
bed-bgag 20
1607
1
bdhi-bgah 20
1608
1
baji-bgai 20
1609
1
egb-bgaj 20
1610
1
ddd-bgba 20
1611
1
dib-bgbb 20
1612
1
bba-bgbc 20
1613
2
bfje-bgbd 16
bfb-bgbd 6
1614
1
bfhe-bgbe 20
1615
1
bbfa-bgbf 20
1616
1
dff-bgbg 20
1617
2
bgfh-bgbh 15
ece-bgbh 6
1618
1
bfjc-bgbi 20
1619
1
cbj-bgbj 20
1620
1
hjh-bgca 20
1621
1
icd-bgcb 20
1622
2
dga-bgcc 19
bdbe-bgcc 2
1624
1
bacd-bgce 20
1625
1
cib-bgcf 20
1626
1
cba-bgcg 20
1627
1
cga-bgch 20
1628
2
hje-bgci 18
bda-bgci 3
1629
1
beeg-bgcj 20
1630
1
bcai-bgda 20
1631
1
jdd-bgdb 20
1632
1
gbb-bgdc 20
1633
3
ede-bgdd 19
bhf-bgdd 2
bffd-bgdd 1
1634
1
beic-bgde 20
1635
1
bbia-bgdf 20
1636
1
baf-bgdg 20
1637
1
hhh-bgdh 20
1638
2
bach-bgdi 18
jdi-bgdi 3
1639
1
jdb-bgdj 20
1640
1
bcia-bgea 20
1641
1
ega-bgeb 20
1642
2
djd-bgec 13
bacg-bgec 8
1643
1
behi-bged 20
1644
1
hjf-bgee 20
1645
1
fed-bgef 20
1646
1
baca-bgeg 20
1647
1
bece-bgeh 20
1648
1
bgca-bgei 20
1649
1
jej-bgej 20
1650
1
bddj-bgfa 20
1651
1
bhh-bgfb 20
1652
1
bfjg-bgfc 20
1653
2
gif-bgfd 20
ddb-bgfd 1
1654
1
bfcf-bgfe 20
1655
1
bcgh-bgff 20
1656
1
bce-bgfg 20
1657
1
bgbi-bgfh 20
1658
1
bie-bgfi 20
1659
1
eef-bgfj 20
1660
1
bdhi-bgga 20
1661
1
bdhg-bggb 20
