1370
1
2
ehb-b 16
dab-b 34
2
4
di-c 32
fcd-c 7
bi-c 1
dgj-c 10
3
2
bcb-d 40
ii-d 10
4
2
cba-e 34
hic-e 16
5
3
bdjf-f 41
bda-f 3
e-f 6
8
1
geg-i 50
9
3
fbj-j 35
heg-j 9
bi-j 6
10
1
bdi-ba 50
11
5
cd-bb 11
gc-bb 3
bgf-bb 22
bcef-bb 10
bee-bb 4
12
1
dgf-bc 50
13
2
bejh-bd 48
cjb-bd 2
14
3
beai-be 27
bbbj-be 2
fec-be 21
15
2
hi-bf 26
dh-bf 24
16
3
baae-bg 6
bdii-bg 38
bi-bg 6
17
2
ihi-bh 8
bgeh-bh 42
18
2
babg-bi 36
fic-bi 14
19
1
bdbf-bj 50
20
1
gjh-ca 50
23
3
ffb-cd 44
bhd-cd 5
dbg-cd 1
24
2
jag-ce 42
bi-ce 8
25
2
def-cf 25
eac-cf 25
28
2
hfh-ci 42
bffg-ci 8
29
1
fbi-cj 50
30
3
bcei-da 7
beib-da 38
bhd-da 5
31
3
bbde-db 15
cbh-db 18
bgj-db 17
32
3
ifh-dc 26
bbgj-dc 17
iej-dc 7
33
2
fc-dd 41
dfg-dd 9
34
1
di-de 50
35
3
gc-df 12
bfgb-df 37
igi-df 1
36
5
bgfe-dg 6
bebe-dg 3
bcii-dg 6
bed-dg 19
hah-dg 16
37
3
dc-dh 17
bagf-dh 11
hha-dh 22
38
1
haf-di 50
39
1
gdb-dj 50
40
3
eee-ea 3
dbb-ea 16
jff-ea 31
41
2
cdi-eb 41
bbfc-eb 9
42
1
cdc-ec 50
43
1
bcia-ed 50
44
1
bacc-ee 50
45
1
cij-ef 50
46
2
bdj-eg 30
ggg-eg 20
47
3
bbei-eh 10
bbfg-eh 6
gdh-eh 34
48
4
jfj-ei 18
bcjf-ei 1
dff-ei 20
bb-ei 11
49
1
baig-ej 50
50
2
bhg-fa 23
dhe-fa 27
52
2
bfch-fc 31
fif-fc 19
53
2
je-fd 13
daf-fd 37
54
1
jic-fe 50
55
1
gb-ff 50
57
1
bejb-fh 50
58
1
bfdg-fi 50
59
1
ifd-fj 50
60
2
bi-ga 28
fga-ga 22
61
2
bbjc-gb 37
bbeb-gb 13
62
4
eie-gc 1
gge-gc 23
bdfa-gc 12
e-gc 14
63
5
gfb-gd 20
je-gd 1
bfgc-gd 3
daj-gd 17
dbf-gd 9
64
1
dfi-ge 50
65
1
cgh-gf 50
66
4
jhg-gg 24
idf-gg 2
bfjf-gg 9
cdh-gg 15
67
3
bddh-gh 10
jci-gh 5
bh-gh 35
68
3
ch-gi 15
bcff-gi 20
cbe-gi 15
71
2
efh-hb 37
iaa-hb 13
72
4
cif-hc 23
ejc-hc 9
gg-hc 8
dbf-hc 10
74
2
bebb-he 29
hc-he 21
75
2
hie-hf 1
bdbc-hf 49
76
1
cgj-hg 50
77
1
bjb-hh 50
78
4
baec-hi 7
iba-hi 16
bac-hi 9
fa-hi 18
79
3
di-hj 39
jfc-hj 4
gfg-hj 7
80
3
bfeh-ia 23
di-ia 16
ccc-ia 11
82
2
cgi-ic 21
bedh-ic 29
83
1
eab-id 50
84
3
haj-ie 34
bjd-ie 10
dej-ie 6
85
3
bfce-if 6
bcge-if 9
di-if 35
86
1
egf-ig 50
88
4
bgfi-ii 10
dgc-ii 23
chf-ii 10
bacj-ii 7
90
1
hij-ja 50
91
2
jc-jb 44
ehi-jb 6
92
4
babi-jc 26
gii-jc 2
fci-jc 7
bbjg-jc 15
94
3
bfc-je 18
gdf-je 21
bi-je 11
95
1
iae-jf 50
96
1
daf-jg 50
97
3
hib-jh 18
bbfg-jh 17
dai-jh 15
98
1
bdjh-ji 50
99
1
dej-jj 50
100
4
dfi-baa 17
efg-baa 11
fhg-baa 13
dig-baa 9
101
1
chf-bab 50
102
3
hfi-bac 17
bfe-bac 10
gja-bac 23
103
2
bha-bad 22
bfi-bad 28
105
1
bdbh-baf 50
106
2
bcc-bag 39
fic-bag 11
107
3
hbf-bah 18
deg-bah 1
gjh-bah 31
110
2
gdc-bba 2
fbe-bba 48
111
1
fdh-bbb 50
112
2
dbb-bbc 24
chf-bbc 26
114
1
cie-bbe 50
115
2
bei-bbf 36
bage-bbf 14
116
3
eg-bbg 1
gdc-bbg 34
iff-bbg 15
117
1
bacc-bbh 50
118
3
bca-bbi 10
gfd-bbi 31
beeh-bbi 9
119
6
bbag-bbj 18
eh-bbj 3
gjh-bbj 2
bbf-bbj 5
ige-bbj 21
fag-bbj 1
120
1
gaf-bca 50
121
1
fba-bcb 50
122
5
bbab-bcc 7
bbff-bcc 5
jg-bcc 5
bebg-bcc 20
bjd-bcc 13
123
3
gc-bcd 36
jec-bcd 9
eed-bcd 5
124
4
gc-bce 10
gef-bce 33
bi-bce 5
bb-bce 2
126
1
di-bcg 50
127
2
fbh-bch 34
gad-bch 16
128
5
fag-bci 15
bagb-bci 1
bbhe-bci 4
bcbc-bci 9
bbc-bci 21
129
1
iff-bcj 50
130
3
ffa-bda 17
eh-bda 16
dhg-bda 17
131
2
deh-bdb 19
efd-bdb 31
132
2
bbjh-bdc 42
fee-bdc 8
133
3
bcgc-bdd 28
bjf-bdd 6
bece-bdd 16
134
1
bba-bde 50
135
4
gbf-bdf 2
gea-bdf 3
hcg-bdf 1
bbab-bdf 44
136
3
bahh-bdg 15
bcc-bdg 5
bbij-bdg 30
138
3
iic-bdi 3
bffi-bdi 3
gci-bdi 44
139
5
hhc-bdj 1
igg-bdj 23
ffb-bdj 1
geh-bdj 22
jfe-bdj 3
140
2
dgc-bea 31
cdh-bea 19
141
3
fe-beb 11
hia-beb 29
cbe-beb 10
142
5
hea-bec 35
bdei-bec 2
ii-bec 2
eei-bec 5
hj-bec 6
143
1
cd-bed 50
144
3
gjd-bee 40
bgbe-bee 2
cfa-bee 8
147
2
hi-beh 18
ieh-beh 32
148
4
jbi-bei 15
fge-bei 24
bcgi-bei 1
jca-bei 10
149
2
bdb-bej 27
fif-bej 23
151
1
bdji-bfb 50
152
3
cdb-bfc 42
dcb-bfc 4
bafi-bfc 4
153
2
cie-bfd 23
bif-bfd 27
154
2
dch-bfe 28
baea-bfe 22
155
1
eec-bff 50
156
1
bgac-bfg 50
158
3
ich-bfi 15
bgci-bfi 27
gaa-bfi 8
159
1
gif-bfj 50
160
3
hbd-bga 2
dij-bga 2
efe-bga 46
161
2
cgc-bgb 12
hea-bgb 38
162
1
cdb-bgc 50
163
1
bgdh-bgd 50
164
1
hci-bge 50
165
1
iaa-bgf 50
166
3
bcaa-bgg 17
heh-bgg 2
ehg-bgg 31
167
2
bfgh-bgh 33
be-bgh 17
168
2
cbi-bgi 25
daj-bgi 25
169
2
bffe-bgj 26
hch-bgj 24
170
3
gi-bha 10
fh-bha 2
ccd-bha 38
171
3
jh-bhb 17
hhd-bhb 1
fcb-bhb 32
172
2
bbfd-bhc 19
bfe-bhc 31
173
2
hj-bhd 42
eed-bhd 8
174
1
daa-bhe 50
175
3
bci-bhf 26
cgi-bhf 8
ech-bhf 16
176
3
cdi-bhg 13
cbg-bhg 7
bci-bhg 30
177
2
cch-bhh 21
cbc-bhh 29
178
2
eaj-bhi 35
ibh-bhi 15
179
1
bafb-bhj 50
181
2
fhc-bib 19
eae-bib 31
182
1
dc-bic 50
184
2
bde-bie 11
bcc-bie 39
185
2
bgcg-bif 19
babf-bif 31
187
2
bcff-bih 36
dcf-bih 14
189
1
ba-bij 50
190
1
dca-bja 50
191
3
bcdb-bjb 16
db-bjb 1
bbee-bjb 33
192
1
baad-bjc 50
193
4
ghb-bjd 16
di-bjd 10
gd-bjd 7
hdg-bjd 17
194
2
ecd-bje 25
cga-bje 25
195
4
bccc-bjf 4
hic-bjf 19
baff-bjf 3
ecg-bjf 24
197
2
eah-bjh 32
cd-bjh 18
198
4
fdj-bji 10
cgh-bji 4
beeb-bji 27
dbg-bji 9
199
3
gci-bjj 7
baad-bjj 20
jhe-bjj 23
200
2
dhc-caa 30
djj-caa 20
201
3
cjd-cab 6
daf-cab 19
bdg-cab 25
202
3
fid-cac 43
dbf-cac 5
cgd-cac 2
203
1
icg-cad 50
204
1
bcb-cae 50
205
3
bafb-caf 7
gag-caf 10
ghc-caf 33
206
2
cie-cag 39
bbg-cag 11
207
1
bebe-cah 50
208
1
gdb-cai 50
210
4
bbjf-cba 16
bfi-cba 10
bgdd-cba 7
bccb-cba 17
212
2
efg-cbc 21
bcdg-cbc 29
213
4
bif-cbd 29
cec-cbd 3
ehe-cbd 13
jfc-cbd 5
214
1
bbcc-cbe 50
215
1
ceb-cbf 50
216
2
becj-cbg 14
bbfi-cbg 36
217
1
bhi-cbh 50
218
2
bdi-cbi 11
ede-cbi 39
219
2
gjj-cbj 15
hi-cbj 35
220
4
eea-cca 1
ihg-cca 26
bbdb-cca 7
cbe-cca 16
221
2
bjj-ccb 26
ejj-ccb 24
222
3
eag-ccc 15
jfh-ccc 18
bcda-ccc 17
223
1
bajb-ccd 50
225
4
jeg-ccf 15
ihi-ccf 13
hcc-ccf 2
ga-ccf 20
226
1
ijd-ccg 50
227
3
baaf-cch 29
bhe-cch 17
egd-cch 4
228
4
bbfd-cci 7
ceb-cci 6
haf-cci 4
bgbg-cci 33
229
1
hji-ccj 50
231
1
ejg-cdb 50
232
2
fad-cdc 28
ddj-cdc 22
233
1
db-cdd 50
235
3
fjc-cdf 14
dfa-cdf 1
bhj-cdf 35
236
1
dff-cdg 50
237
2
gfd-cdh 26
bbja-cdh 24
238
2
beha-cdi 9
j-cdi 41
239
1
ega-cdj 50
240
3
che-cea 9
if-cea 13
jaj-cea 28
241
1
bdea-ceb 50
242
1
bad-cec 50
243
1
bbgc-ced 50
244
1
ic-cee 50
245
2
dab-cef 18
bha-cef 32
249
3
bbee-cej 16
bh-cej 17
bbeg-cej 17
250
3
ice-cfa 17
gei-cfa 18
bdhb-cfa 15
252
1
eca-cfc 50
253
1
bchd-cfd 50
255
3
ejg-cff 14
bafc-cff 1
hda-cff 35
256
4
bbdg-cfg 1
bfdb-cfg 6
gic-cfg 2
ej-cfg 41
257
2
fjh-cfh 17
cie-cfh 33
260
4
bcjf-cga 19
dh-cga 2
bhb-cga 8
chf-cga 21
261
3
da-cgb 13
dch-cgb 4
deb-cgb 33
262
2
hfc-cgc 15
cdb-cgc 35
263
1
dcf-cgd 50
264
1
bfc-cge 50
265
3
bgbh-cgf 20
fcc-cgf 28
dej-cgf 2
267
3
bdhc-cgh 25
cag-cgh 2
hc-cgh 23
268
3
baaa-cgi 16
ia-cgi 1
fdh-cgi 33
270
2
dhj-cha 17
egj-cha 33
272
4
fjc-chc 4
bbfj-chc 4
hba-chc 25
jhd-chc 17
273
1
bfbg-chd 50
274
3
dej-che 32
eah-che 17
befj-che 1
275
1
eca-chf 50
276
2
fc-chg 38
iab-chg 12
278
2
bbea-chi 32
bbc-chi 18
279
1
jg-chj 50
281
4
eha-cib 26
bdhh-cib 6
bcce-cib 4
bdhb-cib 14
282
1
jce-cic 50
283
3
ehb-cid 10
cab-cid 36
cjb-cid 4
284
2
jfi-cie 36
gg-cie 14
285
2
bcja-cif 44
dae-cif 6
286
1
eef-cig 50
287
1
icg-cih 50
288
1
baha-cii 50
289
2
dgf-cij 49
cch-cij 1
290
2
ehg-cja 36
hcj-cja 14
291
3
jbi-cjb 38
eei-cjb 4
beba-cjb 8
292
3
bcih-cjc 18
bada-cjc 17
bfgi-cjc 15
295
1
egf-cjf 50
298
1
bdce-cji 50
299
2
bfeb-cjj 24
jah-cjj 26
300
3
jjb-daa 22
bbhc-daa 10
bfde-daa 18
301
2
bef-dab 9
hi-dab 41
302
1
dce-dac 50
303
2
gfe-dad 26
gfd-dad 24
304
2
fce-dae 39
bcib-dae 11
305
3
bdcb-daf 12
badi-daf 18
fbb-daf 20
307
2
cgi-dah 17
ihj-dah 33
308
2
bchi-dai 44
dhc-dai 6
309
3
dce-daj 11
fae-daj 12
geh-daj 27
310
1
hhj-dba 50
311
2
eaa-dbb 47
cjb-dbb 3
312
2
hca-dbc 25
dah-dbc 25
313
1
gcb-dbd 50
314
1
bcaf-dbe 50
315
2
baad-dbf 36
gib-dbf 14
316
2
dab-dbg 39
iag-dbg 11
317
2
fha-dbh 15
cdb-dbh 35
319
1
dhd-dbj 50
320
4
a-dca 2
jbi-dca 4
bdii-dca 14
bda-dca 30
321
5
fi-dcb 10
gbj-dcb 1
eda-dcb 13
efg-dcb 11
gad-dcb 15
322
4
di-dcc 28
chf-dcc 3
fbb-dcc 14
jah-dcc 5
323
2
gda-dcd 37
gjc-dcd 13
324
2
ebg-dce 3
jef-dce 47
325
1
bbja-dcf 50
326
2
jjj-dcg 22
dca-dcg 28
327
3
jai-dch 23
eca-dch 19
bdgc-dch 8
329
1
jcg-dcj 50
331
1
bdge-ddb 50
332
1
bfjb-ddc 50
334
6
fbe-dde 1
ifj-dde 1
d-dde 1
bbj-dde 2
ehd-dde 29
ghh-dde 16
335
6
eij-ddf 6
id-ddf 4
fcf-ddf 15
chf-ddf 2
jh-ddf 22
eb-ddf 1
336
1
eid-ddg 50
337
1
baa-ddh 50
339
2
haa-ddj 25
ecg-ddj 25
340
5
ief-dea 17
edh-dea 5
ebe-dea 8
ejd-dea 2
dia-dea 18
341
3
hgj-deb 14
cbi-deb 12
hjc-deb 24
342
2
bfg-dec 34
bcgh-dec 16
343
1
gij-ded 50
344
5
cia-dee 1
dej-dee 14
fji-dee 6
fhb-dee 23
dhc-dee 6
345
1
jfi-def 50
346
3
fhd-deg 14
hia-deg 19
bceg-deg 17
347
1
dj-deh 50
348
1
gjc-dei 50
349
2
bcah-dej 49
fda-dej 1
350
1
ege-dfa 50
351
2
ehb-dfb 39
e-dfb 11
352
3
fgg-dfc 25
cjc-dfc 1
ghb-dfc 24
353
1
idj-dfd 50
354
2
baac-dfe 26
ejd-dfe 24
355
3
heg-dff 9
hii-dff 33
gie-dff 8
356
1
eib-dfg 50
357
4
fee-dfh 1
beci-dfh 6
fhb-dfh 5
bbcb-dfh 38
358
2
egd-dfi 49
hgh-dfi 1
360
1
bcdg-dga 50
362
3
jic-dgc 8
fib-dgc 34
c-dgc 8
363
4
bbjf-dgd 24
cbc-dgd 2
ifb-dgd 16
ifg-dgd 8
364
2
bccf-dge 2
dc-dge 48
365
2
bffd-dgf 32
bbba-dgf 18
367
2
dff-dgh 30
idi-dgh 20
368
2
deb-dgi 22
bbf-dgi 28
369
3
bea-dgj 34
gg-dgj 4
bcab-dgj 12
370
2
dji-dha 30
dij-dha 20
371
2
d-dhb 25
ebh-dhb 25
372
5
bbce-dhc 1
jii-dhc 41
bdab-dhc 1
dbg-dhc 1
dfg-dhc 6
373
4
baeg-dhd 1
dgh-dhd 5
ije-dhd 5
cdi-dhd 39
374
4
dca-dhe 16
bbhb-dhe 2
bbhi-dhe 8
bbii-dhe 24
375
1
baga-dhf 50
376
2
ida-dhg 31
bfe-dhg 19
377
1
bbh-dhh 50
378
2
ihg-dhi 48
fjf-dhi 2
379
3
icc-dhj 5
ddj-dhj 1
idf-dhj 44
380
1
ecg-dia 50
382
1
jff-dic 50
384
3
fac-die 6
baag-die 13
fig-die 31
385
1
bbdh-dif 50
386
3
hih-dig 32
fcd-dig 1
edj-dig 17
387
2
fdg-dih 42
bbjg-dih 8
388
2
bdeg-dii 32
bage-dii 18
389
3
bacf-dij 1
hhe-dij 19
ici-dij 30
391
1
jjj-djb 50
392
1
dba-djc 50
393
3
ceb-djd 15
cie-djd 22
bejh-djd 13
394
2
beaj-dje 17
bbj-dje 33
395
2
eha-djf 16
di-djf 34
396
2
bceg-djg 1
efi-djg 49
397
4
beca-djh 20
ebi-djh 1
bdef-djh 16
cjc-djh 13
399
2
jib-djj 26
bbc-djj 24
400
2
hjj-eaa 43
bee-eaa 7
401
2
bbga-eab 32
bdha-eab 18
402
1
cej-eac 50
403
1
dce-ead 50
404
3
bic-eae 10
icb-eae 18
gdc-eae 22
406
1
gff-eag 50
407
4
bcaj-eah 22
bbcf-eah 1
eca-eah 5
gdj-eah 22
408
1
bbec-eai 50
409
1
beec-eaj 50
410
2
bebc-eba 29
bif-eba 21
411
2
ffd-ebb 16
iij-ebb 34
412
1
baej-ebc 50
413
2
bdae-ebd 15
badb-ebd 35
414
4
ebb-ebe 3
ceb-ebe 18
bfhc-ebe 1
df-ebe 28
416
1
fga-ebg 50
417
2
icg-ebh 21
daf-ebh 29
418
1
hfe-ebi 50
419
3
ehi-ebj 9
djj-ebj 1
jgc-ebj 40
420
2
jga-eca 18
eh-eca 32
421
1
bchc-ecb 50
422
4
bdie-ecc 11
jc-ecc 19
bdch-ecc 1
ejd-ecc 19
423
2
dha-ecd 20
jfj-ecd 30
424
1
eaa-ece 50
425
3
beh-ecf 47
eed-ecf 2
dc-ecf 1
426
1
bcca-ecg 50
427
3
dbh-ech 33
hcd-ech 1
jjc-ech 16
428
1
hcg-eci 50
430
3
dhf-eda 24
bdcg-eda 7
bbdb-eda 19
431
1
gdd-edb 50
432
1
ggi-edc 50
433
2
bdh-edd 37
cbe-edd 13
434
3
ffi-ede 20
jh-ede 21
jbb-ede 9
435
4
bdag-edf 1
fah-edf 5
bdfe-edf 4
hba-edf 40
436
1
ie-edg 50
437
2
bbgb-edh 35
hcd-edh 15
439
2
egj-edj 27
egf-edj 23
440
1
bgj-eea 50
441
1
hgh-eeb 50
442
3
dge-eec 19
hci-eec 21
cbe-eec 10
443
3
gcd-eed 35
fcg-eed 5
iaa-eed 10
444
1
idg-eee 50
445
2
dej-eef 15
bdg-eef 35
447
1
bcc-eeh 50
448
2
haj-eei 35
beed-eei 15
449
2
bcih-eej 30
bcag-eej 20
450
2
hch-efa 10
jia-efa 40
452
2
hd-efc 6
ehd-efc 44
453
2
fei-efd 27
bbc-efd 23
454
2
bcdb-efe 47
ija-efe 3
455
5
bbed-eff 12
bjf-eff 1
fff-eff 12
jge-eff 3
hgf-eff 22
456
4
daf-efg 14
bcad-efg 17
fii-efg 1
iib-efg 18
457
1
iic-efh 50
458
1
eec-efi 50
459
2
fhc-efj 28
bbca-efj 22
460
5
bja-ega 16
feh-ega 3
bac-ega 1
icf-ega 13
jca-ega 17
461
4
jg-egb 21
bcdf-egb 2
fdb-egb 7
hic-egb 20
463
2
ebd-egd 44
cfa-egd 6
464
1
ifi-ege 50
465
4
eae-egf 19
fge-egf 3
cha-egf 17
ifd-egf 11
467
1
iid-egh 50
468
1
hef-egi 50
469
2
baih-egj 18
jdg-egj 32
470
2
cgh-eha 14
fgd-eha 36
471
1
hib-ehb 50
473
1
hcb-ehd 50
474
2
ibh-ehe 30
bebj-ehe 20
475
2
jgj-ehf 4
hgh-ehf 46
476
2
edf-ehg 19
bdgh-ehg 31
477
1
ecf-ehh 50
478
2
bbeg-ehi 43
jfd-ehi 7
480
1
cjj-eia 50
481
3
dg-eib 9
bbbe-eib 26
iih-eib 15
482
2
bdfb-eic 40
bfef-eic 10
483
1
bdg-eid 50
484
2
gbb-eie 40
ffj-eie 10
487
1
cag-eih 50
488
1
bfdi-eii 50
489
3
jae-eij 11
ief-eij 38
dcc-eij 1
490
2
babi-eja 40
iaj-eja 10
491
2
ibd-ejb 5
bhc-ejb 45
492
3
gji-ejc 6
ggd-ejc 10
bcbe-ejc 34
493
1
ige-ejd 50
494
1
iei-eje 50
495
1
bfja-ejf 50
496
3
chd-ejg 8
feg-ejg 4
ghb-ejg 38
498
2
cgh-eji 49
d-eji 1
499
1
chf-ejj 50
500
2
ice-faa 42
dfb-faa 8
502
3
cbi-fac 24
bbii-fac 22
hbc-fac 4
503
5
bdjg-fad 8
baei-fad 8
fgd-fad 11
cfh-fad 19
iej-fad 4
504
2
baba-fae 36
bdia-fae 14
505
1
bcja-faf 50
506
2
bahb-fag 41
dbf-fag 9
507
1
bjf-fah 50
508
1
fdh-fai 50
509
1
fgi-faj 50
510
2
bbdb-fba 10
cdi-fba 40
511
1
jgi-fbb 50
513
2
ejj-fbd 34
bih-fbd 16
514
2
bceh-fbe 3
fgi-fbe 47
516
1
dff-fbg 50
517
3
fgb-fbh 12
bc-fbh 6
fdh-fbh 32
518
3
ebf-fbi 20
bjb-fbi 6
eah-fbi 24
519
1
hdc-fbj 50
520
2
bccg-fca 29
gaj-fca 21
521
1
bcdf-fcb 50
522
3
fjh-fcc 11
gic-fcc 8
bfca-fcc 31
523
1
cba-fcd 50
524
1
baec-fce 50
525
3
baib-fcf 26
bff-fcf 7
ehe-fcf 17
526
2
gcc-fcg 44
bcah-fcg 6
527
3
bcee-fch 17
beaj-fch 2
eae-fch 31
528
5
iba-fci 10
dfh-fci 8
bbea-fci 2
iei-fci 13
bjf-fci 17
529
1
fcg-fcj 50
530
3
bhi-fda 48
bbbd-fda 1
cfd-fda 1
531
3
eha-fdb 19
def-fdb 4
ccf-fdb 27
532
1
bahi-fdc 50
533
6
eaf-fdd 1
bfha-fdd 3
bfie-fdd 2
edd-fdd 4
baei-fdd 34
hid-fdd 6
534
1
egb-fde 50
535
2
ibe-fdf 9
fdg-fdf 41
536
1
bach-fdg 50
537
3
cdc-fdh 1
gf-fdh 14
deb-fdh 35
538
1
jii-fdi 50
539
1
bdfh-fdj 50
540
3
ee-fea 29
bdcd-fea 13
bbia-fea 8
541
4
ibd-feb 4
hgh-feb 9
dfh-feb 1
ieb-feb 36
542
2
bfij-fec 24
bfcg-fec 26
543
1
hdi-fed 50
544
2
ecb-fee 41
bbaa-fee 9
545
2
je-fef 28
bfdg-fef 22
546
3
ijc-feg 3
hgh-feg 37
bd-feg 10
547
1
djg-feh 50
548
1
begd-fei 50
550
3
idb-ffa 1
gch-ffa 1
bfef-ffa 48
551
2
ica-ffb 14
dab-ffb 36
552
1
bdj-ffc 50
553
1
dij-ffd 50
555
3
hfd-fff 9
chc-fff 21
fgj-fff 20
557
1
e-ffh 50
558
2
cdj-ffi 19
cif-ffi 31
559
1
gfi-ffj 50
560
5
igi-fga 15
eae-fga 3
cie-fga 1
gei-fga 7
bhe-fga 24
561
2
gff-fgb 26
dba-fgb 24
562
1
bagf-fgc 50
563
2
bfff-fgd 9
bfic-fgd 41
564
1
gjf-fge 50
567
1
dbh-fgh 50
568
1
dfg-fgi 50
569
1
ghj-fgj 50
570
2
bfig-fha 18
fhc-fha 32
571
3
beeb-fhb 11
bfcb-fhb 22
bajf-fhb 17
572
5
bbi-fhc 3
bgea-fhc 5
cba-fhc 6
bfed-fhc 10
hch-fhc 26
573
2
hic-fhd 15
cih-fhd 35
574
2
hci-fhe 21
ebh-fhe 29
575
1
gad-fhf 50
576
2
fjc-fhg 49
bbfh-fhg 1
577
1
cba-fhh 50
578
3
jcb-fhi 8
bja-fhi 40
bcgj-fhi 2
580
2
hga-fia 35
gcc-fia 15
581
2
gjb-fib 5
fgb-fib 45
582
3
cea-fic 31
bgaj-fic 16
ijd-fic 3
583
2
cih-fid 39
bbaa-fid 11
584
1
efe-fie 50
585
2
gge-fif 32
bbc-fif 18
586
4
eib-fig 11
ejg-fig 6
bfj-fig 27
dec-fig 6
588
4
bcfh-fii 12
bagb-fii 6
haf-fii 4
gde-fii 28
590
1
edj-fja 50
591
3
gef-fjb 37
cij-fjb 3
hae-fjb 10
592
3
hdf-fjc 15
cie-fjc 2
bcff-fjc 33
595
3
fhc-fjf 35
bahg-fjf 3
jhf-fjf 12
596
1
bcfe-fjg 50
597
1
baij-fjh 50
598
3
iga-fji 24
cdf-fji 5
hh-fji 21
600
1
bacj-gaa 50
601
1
gdh-gab 50
602
1
cca-gac 50
603
3
bf-gad 25
hij-gad 3
bdfe-gad 22
604
4
ceb-gae 17
hca-gae 1
bfi-gae 20
bd-gae 12
606
3
jij-gag 37
bahg-gag 12
dff-gag 1
607
1
iaf-gah 50
609
3
bcde-gaj 18
iae-gaj 2
di-gaj 30
610
2
bbib-gba 20
bbge-gba 30
611
4
bfjj-gbb 7
dhf-gbb 16
cgb-gbb 5
eja-gbb 22
612
2
baab-gbc 40
bbh-gbc 10
614
1
bgfd-gbe 50
615
1
bdcf-gbf 50
617
2
ejj-gbh 33
ff-gbh 17
618
2
bbeh-gbi 9
ej-gbi 41
619
3
gch-gbj 11
jej-gbj 3
bbfi-gbj 36
620
2
haj-gca 15
hbg-gca 35
621
2
bfbd-gcb 35
cab-gcb 15
622
4
baee-gcc 12
baad-gcc 4
bafc-gcc 15
cdh-gcc 19
624
1
fai-gce 50
625
1
daf-gcf 50
627
1
bdc-gch 50
628
3
bga-gci 11
cea-gci 19
igb-gci 20
629
1
ged-gcj 50
630
1
ihh-gda 50
631
2
bbg-gdb 25
eah-gdb 25
632
4
cah-gdc 5
ifc-gdc 17
babf-gdc 1
gbe-gdc 27
633
1
bcag-gdd 50
634
2
cdd-gde 25
baeb-gde 25
635
2
gfe-gdf 16
bchf-gdf 34
636
3
bajh-gdg 11
bddj-gdg 13
hag-gdg 26
637
2
jci-gdh 18
bdfd-gdh 32
639
1
gjg-gdj 50
640
3
edi-gea 24
jh-gea 14
dea-gea 12
643
1
bdbj-ged 50
645
2
dfi-gef 18
bdgj-gef 32
646
3
bfcj-geg 15
cie-geg 11
gaj-geg 24
647
1
jg-geh 50
648
2
iba-gei 16
daf-gei 34
649
1
hgi-gej 50
651
1
jhj-gfb 50
653
2
gch-gfd 19
bdbg-gfd 31
654
2
baci-gfe 39
hfa-gfe 11
655
5
hh-gff 2
idi-gff 4
bga-gff 14
egf-gff 11
ehe-gff 19
656
1
bahh-gfg 50
658
2
becd-gfi 42
ech-gfi 8
660
1
hhe-gga 50
662
2
bgae-ggc 10
id-ggc 40
663
2
jhh-ggd 32
djj-ggd 18
664
5
beg-gge 21
efd-gge 7
bfid-gge 11
ifg-gge 7
bdc-gge 4
665
3
hab-ggf 13
jfj-ggf 14
bcdj-ggf 23
666
3
die-ggg 13
caf-ggg 10
dij-ggg 27
667
1
cab-ggh 50
668
3
bfc-ggi 10
cgh-ggi 17
cbc-ggi 23
670
4
bfgj-gha 5
ifc-gha 7
gdh-gha 9
gii-gha 29
671
5
bgef-ghb 11
bbfg-ghb 12
idb-ghb 12
bbff-ghb 10
bgae-ghb 5
672
3
beid-ghc 20
bch-ghc 11
cib-ghc 19
673
1
egj-ghd 50
674
1
ggg-ghe 50
676
1
fhb-ghg 50
677
2
cbc-ghh 43
bacj-ghh 7
678
1
daf-ghi 50
679
4
bcbc-ghj 18
fdb-ghj 14
fcd-ghj 13
hec-ghj 5
680
1
hbf-gia 50
681
2
cic-gib 34
bbhf-gib 16
682
1
dhi-gic 50
683
1
cjj-gid 50
684
2
ici-gie 36
iih-gie 14
685
5
bcdi-gif 10
hge-gif 2
bcig-gif 1
jea-gif 9
gdf-gif 28
687
3
die-gih 18
bbfb-gih 25
badc-gih 7
688
1
baab-gii 50
689
2
ehf-gij 43
bei-gij 7
690
1
ecd-gja 50
691
1
ebc-gjb 50
692
3
behb-gjc 21
gbe-gjc 6
hji-gjc 23
694
1
bhc-gje 50
695
2
ieg-gjf 34
dig-gjf 16
696
4
behg-gjg 19
bdda-gjg 14
bfb-gjg 13
bbic-gjg 4
697
1
cbg-gjh 50
699
2
iii-gjj 33
hhe-gjj 17
700
1
bcea-haa 50
701
2
bcfg-hab 9
gc-hab 41
704
4
fac-hae 10
bbic-hae 23
hea-hae 3
chi-hae 14
705
2
jji-haf 12
jda-haf 38
706
4
hje-hag 21
beje-hag 4
bcgb-hag 20
dfg-hag 5
707
2
fda-hah 33
efj-hah 17
709
1
bdjj-haj 50
710
2
bdbi-hba 3
bega-hba 47
712
1
ffc-hbc 50
713
2
bdff-hbd 44
bei-hbd 6
714
2
fc-hbe 34
fji-hbe 16
715
2
jf-hbf 36
fcf-hbf 14
716
4
egh-hbg 6
ife-hbg 12
bdjf-hbg 10
gde-hbg 22
717
3
babe-hbh 43
ifg-hbh 5
ci-hbh 2
719
2
jge-hbj 23
bedf-hbj 27
720
2
ead-hca 9
hcf-hca 41
721
2
bahd-hcb 25
bdfa-hcb 25
722
2
iee-hcc 21
cie-hcc 29
723
3
jee-hcd 32
bgi-hcd 7
bdhb-hcd 11
724
2
beaf-hce 10
ejf-hce 40
725
4
gad-hcf 8
b-hcf 1
bbae-hcf 5
hhc-hcf 36
726
2
ibf-hcg 31
ja-hcg 19
727
2
fci-hch 19
gdg-hch 31
728
3
ggi-hci 26
geh-hci 2
bdff-hci 22
729
3
jd-hcj 19
bbgd-hcj 10
eec-hcj 21
730
2
dec-hda 14
ffb-hda 36
731
4
fei-hdb 20
bfhg-hdb 1
jh-hdb 8
bejg-hdb 21
732
4
bdac-hdc 23
befb-hdc 2
cej-hdc 18
jbf-hdc 7
733
1
bdg-hdd 50
734
2
bbjf-hde 11
jfh-hde 39
735
3
bbha-hdf 15
fad-hdf 27
gbh-hdf 8
736
1
fjc-hdg 50
738
1
beah-hdi 50
739
1
haa-hdj 50
740
3
djb-hea 10
fdf-hea 19
befg-hea 21
742
4
bdda-hec 1
fai-hec 36
bdhc-hec 7
bfjg-hec 6
743
1
bcbg-hed 50
744
1
bfhd-hee 50
745
2
bjd-hef 18
bfch-hef 32
746
2
ceb-heg 29
bcdd-heg 21
747
1
hii-heh 50
748
1
ie-hei 50
749
1
bgbd-hej 50
750
3
jga-hfa 16
dgc-hfa 21
befe-hfa 13
751
1
icd-hfb 50
752
2
gab-hfc 17
gjh-hfc 33
753
1
bcec-hfd 50
754
2
gac-hfe 8
bahd-hfe 42
755
1
bacc-hff 50
756
1
bbac-hfg 50
757
1
ede-hfh 50
758
1
beih-hfi 50
759
2
bfhi-hfj 48
gaa-hfj 2
760
2
bbg-hga 28
fdb-hga 22
761
1
hfc-hgb 50
762
4
fea-hgc 23
hje-hgc 16
fia-hgc 10
dej-hgc 1
763
2
bedb-hgd 49
bbfa-hgd 1
764
2
beff-hge 34
efg-hge 16
765
3
bci-hgf 18
bafe-hgf 22
icd-hgf 10
767
2
deg-hgh 44
dej-hgh 6
768
2
cdb-hgi 46
baja-hgi 4
770
3
ii-hha 5
baad-hha 19
ihj-hha 26
772
3
eia-hhc 6
beff-hhc 13
fhc-hhc 31
773
2
bdec-hhd 47
gaa-hhd 3
774
2
eff-hhe 31
gja-hhe 19
779
3
beb-hhj 16
bfag-hhj 26
chi-hhj 8
780
1
jdd-hia 50
781
1
bbi-hib 50
782
4
chh-hic 3
dhd-hic 24
bgcf-hic 2
dcc-hic 21
783
1
bgdg-hid 50
785
1
ggc-hif 50
786
1
fig-hig 50
787
1
ddh-hih 50
788
1
cgi-hii 50
789
3
dif-hij 6
bbbd-hij 15
bji-hij 29
790
1
fae-hja 50
791
2
bde-hjb 18
cfh-hjb 32
792
4
hcc-hjc 14
bbfi-hjc 10
bfhe-hjc 6
gaj-hjc 20
793
2
bbd-hjd 32
fef-hjd 18
794
2
bdja-hje 31
fgj-hje 19
795
2
beji-hjf 34
edj-hjf 16
796
2
jdh-hjg 18
eda-hjg 32
798
1
hfj-hji 50
799
2
beea-hjj 14
gah-hjj 36
800
4
deb-iaa 3
dhc-iaa 18
eef-iaa 14
jcg-iaa 15
801
3
cdh-iab 31
bdbh-iab 6
ech-iab 13
802
1
eic-iac 50
804
3
cjg-iae 11
cdf-iae 34
bcd-iae 5
805
2
ejf-iaf 35
gjf-iaf 15
806
2
ejg-iag 38
bage-iag 12
807
1
fei-iah 50
808
3
dje-iai 19
gf-iai 23
jh-iai 8
809
1
bddg-iaj 50
810
5
bbbj-iba 2
ejb-iba 3
bafb-iba 5
bcb-iba 18
bbba-iba 22
811
1
bead-ibb 50
813
1
bgcj-ibd 50
814
2
fba-ibe 40
bbcc-ibe 10
815
3
bffh-ibf 10
dih-ibf 12
dje-ibf 28
816
2
bafg-ibg 28
fhg-ibg 22
817
2
eja-ibh 31
babb-ibh 19
818
1
fdi-ibi 50
819
4
bbcd-ibj 17
dfd-ibj 15
bbdb-ibj 2
hae-ibj 16
820
2
dgi-ica 8
becf-ica 42
821
1
hfi-icb 50
823
3
jaj-icd 34
hcd-icd 10
hj-icd 6
824
1
ehd-ice 50
825
2
dbb-icf 11
fce-icf 39
826
3
gcg-icg 11
bjj-icg 2
bcdi-icg 37
828
2
jc-ici 28
cj-ici 22
829
1
jie-icj 50
830
1
bcfd-ida 50
831
2
ghi-idb 15
cdh-idb 35
832
2
iij-idc 34
gjg-idc 16
835
3
efa-idf 23
dh-idf 13
dii-idf 14
836
3
dhd-idg 11
bagf-idg 7
bfi-idg 32
838
4
bgfa-idi 1
ech-idi 12
hhc-idi 16
bbdd-idi 21
839
2
fdj-idj 9
bcc-idj 41
840
2
bij-iea 11
bebf-iea 39
841
2
bbie-ieb 13
fhb-ieb 37
842
1
hfg-iec 50
843
2
bbid-ied 36
jac-ied 14
845
4
bbah-ief 4
ea-ief 18
hag-ief 24
bfc-ief 4
846
2
ffh-ieg 41
hcd-ieg 9
847
3
caj-ieh 1
bge-ieh 13
bchj-ieh 36
848
3
hgi-iei 17
efg-iei 9
bcgb-iei 24
849
1
bbh-iej 50
850
3
hcf-ifa 16
ccc-ifa 23
bbbi-ifa 11
851
1
dfh-ifb 50
852
4
bchg-ifc 1
ejj-ifc 1
cee-ifc 29
jid-ifc 19
853
2
bbhd-ifd 33
cf-ifd 17
854
2
hjf-ife 8
dad-ife 42
855
2
cgi-iff 28
efe-iff 22
856
2
bgeb-ifg 34
be-ifg 16
857
1
baga-ifh 50
858
1
bcci-ifi 50
860
1
ebb-iga 50
861
1
cif-igb 50
862
1
gh-igc 50
863
1
ife-igd 50
864
2
dbj-ige 21
hjc-ige 29
867
1
hag-igh 50
868
1
bbg-igi 50
869
1
dde-igj 50
870
2
hgf-iha 24
bcdj-iha 26
871
1
bbcj-ihb 50
873
3
fj-ihd 28
bbdd-ihd 4
behh-ihd 18
874
2
hdj-ihe 30
hdg-ihe 20
875
1
bbad-ihf 50
876
1
gij-ihg 50
877
1
cib-ihh 50
878
1
bdgf-ihi 50
879
2
cef-ihj 15
caf-ihj 35
880
2
fgb-iia 41
fid-iia 9
881
2
id-iib 25
baeb-iib 25
882
2
jje-iic 44
fag-iic 6
883
1
iae-iid 50
884
1
jee-iie 50
886
2
hcg-iig 21
hjb-iig 29
887
1
hbj-iih 50
889
1
baaa-iij 50
890
1
iaa-ija 50
893
3
hfi-ijd 17
gdh-ijd 22
beda-ijd 11
894
1
beef-ije 50
895
1
hei-ijf 50
896
1
behi-ijg 50
898
1
gd-iji 50
900
1
bbjh-jaa 50
901
2
gbe-jab 37
baej-jab 13
902
2
ejj-jac 37
ibb-jac 13
904
1
bbih-jae 50
905
2
bgd-jaf 18
bdig-jaf 32
906
2
cg-jag 26
cbc-jag 24
907
4
baia-jah 24
bcif-jah 3
fie-jah 12
bchh-jah 11
908
5
gbj-jai 6
bffi-jai 1
efa-jai 4
hah-jai 4
bbbg-jai 35
909
1
ebd-jaj 50
910
2
gej-jba 18
bdef-jba 32
911
2
gjc-jbb 33
dhg-jbb 17
912
1
jca-jbc 50
913
2
bfad-jbd 25
dij-jbd 25
915
1
bedi-jbf 50
916
2
ehd-jbg 5
baie-jbg 45
917
3
babf-jbh 17
bji-jbh 5
dbd-jbh 28
918
1
bdcc-jbi 50
920
2
idf-jca 32
jfg-jca 18
921
2
faj-jcb 28
gae-jcb 22
922
2
fjg-jcc 12
gfb-jcc 38
923
2
jcc-jcd 48
hgh-jcd 2
924
1
bafi-jce 50
925
1
igj-jcf 50
926
1
ggg-jcg 50
928
3
bfbf-jci 26
fch-jci 23
gih-jci 1
930
2
bgdf-jda 14
bdig-jda 36
931
3
cgf-jdb 19
hge-jdb 4
jhc-jdb 27
932
2
hbh-jdc 24
gdh-jdc 26
933
1
dhc-jdd 50
934
1
bi-jde 50
936
3
dhj-jdg 27
bhb-jdg 13
gea-jdg 10
937
1
ea-jdh 50
939
2
jfj-jdj 33
ja-jdj 17
940
1
ije-jea 50
942
1
bdfg-jec 50
943
1
djc-jed 50
944
1
hjb-jee 50
945
2
badj-jef 26
bbje-jef 24
946
1
bbj-jeg 50
947
1
bgdb-jeh 50
948
1
eff-jei 50
949
2
ehb-jej 16
dch-jej 34
950
3
fdj-jfa 4
iec-jfa 27
bhe-jfa 19
951
1
ebb-jfb 50
952
2
cgh-jfc 38
jgb-jfc 12
953
2
fbd-jfd 38
babc-jfd 12
954
3
bfgb-jfe 32
egf-jfe 8
c-jfe 10
955
1
bfeb-jff 50
956
2
ega-jfg 24
bccb-jfg 26
957
3
fdf-jfh 9
gfb-jfh 16
bffj-jfh 25
958
3
dii-jfi 7
bbj-jfi 3
befa-jfi 40
959
2
bdhe-jfj 15
bcc-jfj 35
960
4
fdf-jga 10
bfcd-jga 2
bfab-jga 14
bagg-jga 24
961
1
ecd-jgb 50
962
4
babj-jgc 2
ibd-jgc 7
bba-jgc 27
cfa-jgc 14
964
3
bagf-jge 18
bedj-jge 29
bcgj-jge 3
965
1
i-jgf 50
966
1
bajc-jgg 50
967
1
dfc-jgh 50
968
1
iae-jgi 50
970
3
bea-jha 1
ghd-jha 12
jia-jha 37
971
1
ejg-jhb 50
972
1
eej-jhc 50
973
1
gba-jhd 50
974
1
bbai-jhe 50
975
3
fch-jhf 28
bajj-jhf 6
behe-jhf 16
976
2
hde-jhg 26
fbi-jhg 24
977
2
bfia-jhh 20
gab-jhh 30
979
1
eei-jhj 50
980
4
bded-jia 23
baac-jia 5
ddg-jia 11
ecc-jia 11
981
1
iac-jib 50
982
2
hff-jic 47
igj-jic 3
983
1
bgfj-jid 50
984
1
hdb-jie 50
985
2
bb-jif 5
dge-jif 45
986
2
gha-jig 24
bbe-jig 26
988
2
cei-jii 19
ddf-jii 31
989
2
ge-jij 25
bah-jij 25
991
2
hja-jjb 36
cjc-jjb 14
992
1
bcgb-jjc 50
993
1
daj-jjd 50
994
1
bbcg-jje 50
995
1
ccf-jjf 50
998
1
hef-jji 50
999
1
bcci-jjj 50
1000
1
fgi-baaa 50
1001
3
jeg-baab 11
efi-baab 3
ifd-baab 36
1002
2
hig-baac 28
jbh-baac 22
1003
3
ceb-baad 7
jcd-baad 23
bbbh-baad 20
1004
1
eje-baae 50
1005
1
baae-baaf 50
1006
4
beja-baag 7
jci-baag 28
ffj-baag 1
cdc-baag 14
1007
1
baef-baah 50
1009
1
ceb-baaj 50
1010
4
jdf-baba 11
bbfb-baba 34
ehi-baba 2
dfi-baba 3
1011
2
ggi-babb 29
djh-babb 21
1012
4
baif-babc 9
if-babc 7
jga-babc 20
beag-babc 14
1013
1
dfe-babd 50
1014
2
ebj-babe 23
cjc-babe 27
1015
1
begj-babf 50
1016
2
beba-babg 9
bdhd-babg 41
1017
1
cbg-babh 50
1018
2
baij-babi 15
cdb-babi 35
1019
2
bfib-babj 43
bbcg-babj 7
1020
1
igh-baca 50
1021
2
jhb-bacb 22
bgbj-bacb 28
1022
1
gdb-bacc 50
1023
1
jgf-bacd 50
1027
1
bih-bach 50
1028
1
ejc-baci 50
1029
2
bada-bacj 34
iha-bacj 16
1030
3
hej-bada 17
bbcf-bada 13
gdb-bada 20
1031
2
bddf-badb 14
bdf-badb 36
1032
1
ifg-badc 50
1033
1
bcac-badd 50
1037
1
fhe-badh 50
1038
1
bbdi-badi 50
1039
2
bjf-badj 42
bbhf-badj 8
1040
1
hdd-baea 50
1041
4
fd-baeb 23
bdcj-baeb 1
bbaf-baeb 19
iag-baeb 7
1042
3
jha-baec 3
jaa-baec 25
hbg-baec 22
1044
1
baeg-baee 50
1045
2
efd-baef 25
fi-baef 25
1046
2
bcef-baeg 9
jdc-baeg 41
1048
2
bagg-baei 8
bcig-baei 42
1049
2
bdfj-baej 30
bbhh-baej 20
1050
4
cff-bafa 29
babe-bafa 1
jdj-bafa 7
dgj-bafa 13
1051
3
gdg-bafb 36
baah-bafb 4
bbbd-bafb 10
1052
1
hii-bafc 50
1054
1
fdd-bafe 50
1055
1
bfif-baff 50
1056
1
fdd-bafg 50
1058
2
bhj-bafi 43
bag-bafi 7
1059
1
hef-bafj 50
1060
1
bbag-baga 50
1061
1
fhb-bagb 50
1063
1
ibg-bagd 50
1064
2
jfb-bage 29
jhf-bage 21
1065
1
bede-bagf 50
1066
3
hgb-bagg 18
baie-bagg 7
fcb-bagg 25
1067
3
cde-bagh 14
cgf-bagh 4
gje-bagh 32
1069
2
jhd-bagj 32
bad-bagj 18
1070
2
bcgf-baha 35
bgcc-baha 15
1071
1
bgah-bahb 50
1073
3
behd-bahd 4
dbb-bahd 12
beij-bahd 34
1074
1
bcdi-bahe 50
1076
1
gjc-bahg 50
1077
4
bedg-bahh 9
hea-bahh 17
jab-bahh 13
bahg-bahh 11
1080
1
bgg-baia 50
1082
2
bcgg-baic 41
iaa-baic 9
1084
3
chg-baie 11
efc-baie 32
iaf-baie 7
1085
1
jcb-baif 50
1086
3
hif-baig 13
jgh-baig 29
edd-baig 8
1087
2
gcf-baih 7
becj-baih 43
1089
2
bha-baij 5
ife-baij 45
1090
3
bif-baja 33
bcfj-baja 3
cdh-baja 14
1091
2
ji-bajb 15
bafj-bajb 35
1092
1
dhb-bajc 50
1093
1
hha-bajd 50
1094
3
iej-baje 37
gfi-baje 1
bdab-baje 12
1095
2
jcd-bajf 24
bbgi-bajf 26
1096
1
cgf-bajg 50
1097
1
bia-bajh 50
1098
1
baje-baji 50
1099
2
bajf-bajj 41
eci-bajj 9
1100
1
bcfa-bbaa 50
1101
1
bbfc-bbab 50
1102
2
bejd-bbac 4
dce-bbac 46
1103
2
bbag-bbad 31
jbh-bbad 19
1104
3
bcfc-bbae 7
gc-bbae 33
gid-bbae 10
1105
1
eff-bbaf 50
1106
1
gff-bbag 50
1107
4
bfjh-bbah 1
cja-bbah 1
beci-bbah 23
fhe-bbah 25
1108
1
bhj-bbai 50
1110
3
jid-bbba 26
hdb-bbba 23
cgd-bbba 1
1111
1
hed-bbbb 50
1113
4
baec-bbbd 9
icb-bbbd 21
bgab-bbbd 10
bbh-bbbd 10
1114
3
bccj-bbbe 14
dhj-bbbe 2
bcc-bbbe 34
1116
2
ief-bbbg 11
icb-bbbg 39
1117
1
ehg-bbbh 50
1118
1
bac-bbbi 50
1119
1
bahe-bbbj 50
1120
1
jcc-bbca 50
1121
2
hih-bbcb 38
jfd-bbcb 12
1122
2
bgf-bbcc 32
hbd-bbcc 18
1123
1
gje-bbcd 50
1124
2
gde-bbce 29
iff-bbce 21
1125
2
bbae-bbcf 15
fhc-bbcf 35
1126
2
fcg-bbcg 38
ccj-bbcg 12
1127
1
icb-bbch 50
1128
1
babh-bbci 50
1129
1
bbbb-bbcj 50
1130
1
jde-bbda 50
1131
3
bfdj-bbdb 24
ifa-bbdb 18
idc-bbdb 8
1133
4
beb-bbdd 19
bci-bbdd 10
eii-bbdd 7
gid-bbdd 14
1134
1
jif-bbde 50
1135
1
gbi-bbdf 50
1136
1
bgdc-bbdg 50
1137
1
ghb-bbdh 50
1138
3
bcba-bbdi 1
hbh-bbdi 9
baee-bbdi 40
1140
1
df-bbea 50
1141
4
bbde-bbeb 7
ji-bbeb 2
bbae-bbeb 27
ihd-bbeb 14
1142
1
bcie-bbec 50
1143
1
jc-bbed 50
1144
1
bdee-bbee 50
1145
4
fjf-bbef 13
ce-bbef 5
badd-bbef 11
fjb-bbef 21
1146
2
eca-bbeg 30
bcjg-bbeg 20
1147
2
eg-bbeh 48
ghj-bbeh 2
1148
1
eif-bbei 50
1149
3
bcbb-bbej 13
fci-bbej 23
fja-bbej 14
1150
1
bacc-bbfa 50
1151
3
bdah-bbfb 10
baji-bbfb 11
bbgg-bbfb 29
1152
1
ibh-bbfc 50
1153
3
ebc-bbfd 44
eaa-bbfd 3
bdcj-bbfd 3
1154
1
bbgi-bbfe 50
1155
6
hg-bbff 12
dbh-bbff 1
ihi-bbff 13
jig-bbff 3
fcc-bbff 2
bdjd-bbff 19
1156
3
bfee-bbfg 21
eee-bbfg 18
fea-bbfg 11
1157
1
bbjg-bbfh 50
1158
2
bbej-bbfi 11
bfhb-bbfi 39
1159
2
ifc-bbfj 28
cbc-bbfj 22
1160
2
eji-bbga 48
jbc-bbga 2
1161
2
hgd-bbgb 8
hi-bbgb 42
1162
1
bafa-bbgc 50
1163
1
bgag-bbgd 50
1164
2
eb-bbge 36
bbff-bbge 14
1166
1
bdai-bbgg 50
1168
2
bfi-bbgi 16
jgi-bbgi 34
1169
2
eah-bbgj 32
bejh-bbgj 18
1170
1
begi-bbha 50
1171
1
iec-bbhb 50
1172
1
cbh-bbhc 50
1173
3
j-bbhd 5
bdb-bbhd 20
bced-bbhd 25
1174
4
fh-bbhe 1
gfe-bbhe 5
bbgb-bbhe 1
id-bbhe 43
1175
2
bfec-bbhf 32
dia-bbhf 18
1177
2
beee-bbhh 46
bcjf-bbhh 4
1178
2
hgi-bbhi 19
bfge-bbhi 31
1180
2
ei-bbia 32
edb-bbia 18
1181
1
bdi-bbib 50
1182
2
befc-bbic 42
iab-bbic 8
1183
1
bbdd-bbid 50
1184
3
bbhj-bbie 3
dee-bbie 12
def-bbie 35
1185
1
dcj-bbif 50
1187
1
gc-bbih 50
1188
1
bfgf-bbii 50
1189
2
bbdf-bbij 46
beci-bbij 4
1190
2
bacb-bbja 33
fec-bbja 17
1192
2
bhc-bbjc 16
ii-bbjc 34
1194
1
cbd-bbje 50
1195
3
fcj-bbjf 4
haj-bbjf 8
jbg-bbjf 38
1196
3
hjb-bbjg 32
bbfe-bbjg 2
bagj-bbjg 16
1197
1
bcjb-bbjh 50
1198
1
bch-bbji 50
1199
1
cig-bbjj 50
1200
1
bgb-bcaa 50
1201
2
dfi-bcab 36
gce-bcab 14
1202
2
fa-bcac 1
had-bcac 49
1203
2
bgcb-bcad 10
bdf-bcad 40
1204
1
ibg-bcae 50
1205
2
bbha-bcaf 30
bcda-bcaf 20
1206
1
bgch-bcag 50
1207
1
eed-bcah 50
1208
1
bbcj-bcai 50
1209
1
bbji-bcaj 50
1210
1
ejb-bcba 50
1211
3
die-bcbb 24
hag-bcbb 19
bdbj-bcbb 7
1212
4
ef-bcbc 1
dbe-bcbc 12
bafj-bcbc 6
bcij-bcbc 31
1213
1
baca-bcbd 50
1214
2
bdd-bcbe 47
gda-bcbe 3
1216
3
behc-bcbg 13
dbh-bcbg 5
iea-bcbg 32
1217
1
bhg-bcbh 50
1220
2
behj-bcca 15
jfe-bcca 35
1221
2
cid-bccb 30
egb-bccb 20
1222
1
edj-bccc 50
1223
3
behg-bccd 24
bfed-bccd 21
ced-bccd 5
1224
1
iib-bcce 50
1225
2
bajb-bccf 44
bfhd-bccf 6
1226
1
begg-bccg 50
1228
2
bcae-bcci 40
hjd-bcci 10
1229
5
hci-bccj 1
bg-bccj 4
cfg-bccj 16
gbe-bccj 9
bdeb-bccj 20
1230
3
beii-bcda 3
ijd-bcda 22
dh-bcda 25
1231
1
bbeb-bcdb 50
1232
3
bccd-bcdc 1
bfga-bcdc 21
bcj-bcdc 28
1233
3
bdid-bcdd 22
bagh-bcdd 18
bbfh-bcdd 10
1234
4
beje-bcde 1
bcha-bcde 9
cba-bcde 8
baji-bcde 32
1235
1
bbef-bcdf 50
1236
2
chc-bcdg 17
hjc-bcdg 33
1237
1
faf-bcdh 50
1238
2
hee-bcdi 5
cfg-bcdi 45
1239
1
fdb-bcdj 50
1240
1
becb-bcea 50
1241
1
idj-bceb 50
1243
1
bcjd-bced 50
1244
2
iai-bcee 19
bdja-bcee 31
1245
1
fbj-bcef 50
1246
1
cca-bceg 50
1247
1
bbdf-bceh 50
1248
1
bci-bcei 50
1249
1
jfh-bcej 50
1250
2
jfh-bcfa 43
djh-bcfa 7
1252
1
cig-bcfc 50
1253
2
beie-bcfd 12
idg-bcfd 38
1255
3
begg-bcff 14
hfh-bcff 10
iie-bcff 26
1257
1
egd-bcfh 50
1258
1
ihe-bcfi 50
1259
1
bchb-bcfj 50
1261
2
eai-bcgb 45
jae-bcgb 5
1262
1
beih-bcgc 50
1264
2
baih-bcge 8
bgh-bcge 42
1265
1
bbga-bcgf 50
1266
1
bfhf-bcgg 50
1267
1
bdjg-bcgh 50
1268
1
fca-bcgi 50
1269
2
beae-bcgj 46
bfci-bcgj 4
1271
1
bdfj-bchb 50
1272
1
cej-bchc 50
1273
2
jbd-bchd 35
bdaf-bchd 15
1275
1
bfag-bchf 50
1276
3
hga-bchg 17
hhj-bchg 3
bebi-bchg 30
1277
1
bcjj-bchh 50
1278
1
bcdj-bchi 50
1279
1
jcd-bchj 50
1280
1
bgec-bcia 50
1281
3
dde-bcib 27
bje-bcib 5
bfgd-bcib 18
1284
1
eic-bcie 50
1285
1
bdjb-bcif 50
1286
1
fae-bcig 50
1287
1
cae-bcih 50
1288
1
jeh-bcii 50
1289
1
ebd-bcij 50
1290
3
hhd-bcja 15
ica-bcja 3
bbfi-bcja 32
1291
1
dba-bcjb 50
1293
1
hdf-bcjd 50
1295
3
bedc-bcjf 24
bdjc-bcjf 15
dde-bcjf 11
1296
1
eii-bcjg 50
1297
1
dch-bcjh 50
1299
2
fig-bcjj 28
bfgi-bcjj 22
1300
1
edh-bdaa 50
1301
1
iji-bdab 50
1302
2
cgb-bdac 19
gba-bdac 31
1304
1
bbif-bdae 50
1305
1
ga-bdaf 50
1308
1
baij-bdai 50
1309
1
hed-bdaj 50
1310
1
bbch-bdba 50
1314
1
hh-bdbe 50
1316
3
bfii-bdbg 16
hdj-bdbg 2
ddc-bdbg 32
1317
1
jhg-bdbh 50
1318
1
dbc-bdbi 50
1319
4
jfa-bdbj 21
dhe-bdbj 9
bbci-bdbj 4
gid-bdbj 16
1320
1
fej-bdca 50
1321
1
ibj-bdcb 50
1322
2
bdhf-bdcc 13
iig-bdcc 37
1323
1
bdgd-bdcd 50
1324
1
jfc-bdce 50
1325
1
faa-bdcf 50
1326
1
bce-bdcg 50
1327
2
hgc-bdch 32
cac-bdch 18
1329
2
feb-bdcj 41
jjc-bdcj 9
1330
1
efh-bdda 50
1333
1
bcbf-bddd 50
1336
1
badj-bddg 50
1337
1
bffa-bddh 50
1339
3
bj-bddj 13
bbbe-bddj 25
bcaf-bddj 12
1340
1
dc-bdea 50
1341
2
bdif-bdeb 28
jaf-bdeb 22
1342
3
cca-bdec 4
bfaf-bdec 23
ida-bdec 23
1343
1
befd-bded 50
1344
1
gii-bdee 50
1345
1
hbe-bdef 50
1346
1
bgfb-bdeg 50
1347
1
cfc-bdeh 50
1348
1
bccd-bdei 50
1349
2
jag-bdej 32
bfaa-bdej 18
1350
2
bje-bdfa 24
hdb-bdfa 26
1351
1
ijg-bdfb 50
1353
1
bec-bdfd 50
1354
2
gdf-bdfe 49
bfeg-bdfe 1
1355
1
jga-bdff 50
1356
1
bib-bdfg 50
1357
1
bacc-bdfh 50
1358
2
jcf-bdfi 12
becc-bdfi 38
1359
3
cdf-bdfj 17
bbjf-bdfj 26
hae-bdfj 7
1360
4
begc-bdga 1
bafa-bdga 39
ihf-bdga 1
ehh-bdga 9
1361
1
bead-bdgb 50
1362
2
bcbd-bdgc 33
eba-bdgc 17
1363
1
gbc-bdgd 50
1364
1
baej-bdge 50
1365
3
fcc-bdgf 15
gdb-bdgf 17
bfbe-bdgf 18
1366
1
fbh-bdgg 50
1367
1
ghj-bdgh 50
1368
2
bdj-bdgi 15
bdjb-bdgi 35
1369
1
bgdi-bdgj 50
1370
2
daj-bdha 39
behi-bdha 11
1371
2
haf-bdhb 33
hbh-bdhb 17
1372
2
jei-bdhc 32
bahg-bdhc 18
1373
2
bae-bdhd 18
bcbg-bdhd 32
1374
4
ecc-bdhe 9
bagb-bdhe 2
baia-bdhe 38
jjj-bdhe 1
1375
2
bcdh-bdhf 41
bfae-bdhf 9
1377
1
bdfd-bdhh 50
1378
3
ihe-bdhi 1
hb-bdhi 30
ccf-bdhi 19
1379
1
iah-bdhj 50
1380
2
jgg-bdia 32
bgff-bdia 18
1381
1
bcfi-bdib 50
1383
1
beh-bdid 50
1385
1
f-bdif 50
1386
1
bdge-bdig 50
1388
2
cch-bdii 1
fbg-bdii 49
1389
1
fbg-bdij 50
1390
2
bbhb-bdja 33
bdeb-bdja 17
1391
1
bchd-bdjb 50
1392
1
bfbb-bdjc 50
1393
1
eca-bdjd 50
1394
1
cge-bdje 50
1395
1
jig-bdjf 50
1396
1
bdef-bdjg 50
1397
1
bfdf-bdjh 50
1398
2
egb-bdji 25
bej-bdji 25
1399
1
bccf-bdjj 50
1403
2
bafg-bead 28
bib-bead 22
1404
1
bdch-beae 50
1406
1
cci-beag 50
1407
1
bgfc-beah 50
1408
1
ida-beai 50
1409
1
dea-beaj 50
1410
2
bbcb-beba 41
bbf-beba 9
1411
1
bgf-bebb 50
1413
1
bejj-bebd 50
1414
1
bccd-bebe 50
1415
2
bbfj-bebf 19
ghb-bebf 31
1416
1
idj-bebg 50
1418
1
fad-bebi 50
1419
1
bbec-bebj 50
1420
1
jjf-beca 50
1421
1
bfbj-becb 50
1422
2
bcc-becc 21
haf-becc 29
1423
2
fba-becd 24
bbii-becd 26
1424
1
fii-bece 50
1425
1
hce-becf 50
1426
1
bagi-becg 50
1428
1
bbgj-beci 50
1429
1
hec-becj 50
1430
3
cbd-beda 19
bc-beda 18
bfhh-beda 13
1432
2
bfaj-bedc 23
baic-bedc 27
1434
2
hf-bede 48
bbda-bede 2
1435
2
djf-bedf 21
ebh-bedf 29
1436
1
jbg-bedg 50
1437
2
bgai-bedh 44
baha-bedh 6
1438
1
iib-bedi 50
1439
1
igd-bedj 50
1441
2
hcf-beeb 10
bbee-beeb 40
1442
1
jba-beec 50
1443
2
bfih-beed 33
becd-beed 17
1444
2
hhc-beee 17
eff-beee 33
1445
2
hhf-beef 7
icf-beef 43
1446
2
he-beeg 35
bdeb-beeg 15
1447
1
bdgc-beeh 50
1450
2
ebe-befa 29
cbc-befa 21
1451
1
babd-befb 50
1453
2
dci-befd 42
iia-befd 8
1454
1
fif-befe 50
1455
1
fid-beff 50
1456
1
bah-befg 50
1459
1
bdgc-befj 50
1460
1
gca-bega 50
1462
1
bgad-begc 50
1463
1
bdgi-begd 50
1466
2
bfai-begg 19
ifb-begg 31
1468
1
cff-begi 50
1469
1
bbfb-begj 50
1470
3
hcj-beha 5
cji-beha 32
bebd-beha 13
1471
1
bfdh-behb 50
1473
1
eda-behd 50
1474
3
bgaa-behe 33
ihd-behe 6
baja-behe 11
1476
1
iei-behg 50
1477
1
bcgg-behh 50
1478
2
bgde-behi 34
bjh-behi 16
1479
1
dcd-behj 50
1481
1
bdaj-beib 50
1482
2
dg-beic 24
bbb-beic 26
1483
2
bdje-beid 7
iai-beid 43
1485
3
gab-beif 28
cii-beif 19
hfb-beif 3
1487
2
dcc-beih 48
ijd-beih 2
1489
1
bah-beij 50
1491
1
bace-bejb 50
1493
1
badc-bejd 50
1494
1
baag-beje 50
1496
1
bcag-bejg 50
1497
1
bdaa-bejh 50
1498
1
dcf-beji 50
1499
1
cdg-bejj 50
1500
1
bhf-bfaa 50
1501
1
fbi-bfab 50
1504
2
ecc-bfae 43
bfah-bfae 7
1505
1
bedh-bfaf 50
1506
1
jai-bfag 50
1507
1
jbf-bfah 50
1509
1
bcjd-bfaj 50
1510
1
bdgg-bfba 50
1511
1
hda-bfbb 50
1512
1
ijd-bfbc 50
1513
2
bbjd-bfbd 30
dcg-bfbd 20
1514
1
behh-bfbe 50
1515
2
efe-bfbf 49
bdga-bfbf 1
1516
1
hih-bfbg 50
1519
1
beif-bfbj 50
1520
1
ghc-bfca 50
1521
2
gaj-bfcb 35
bbba-bfcb 15
1523
3
ggc-bfcd 3
bcdc-bfcd 41
bdbj-bfcd 6
1524
1
jh-bfce 50
1526
3
bgdj-bfcg 19
bfgg-bfcg 17
cjc-bfcg 14
1527
1
bafe-bfch 50
1528
1
fjb-bfci 50
1529
2
gh-bfcj 2
dif-bfcj 48
1531
1
iih-bfdb 50
1532
1
bfbc-bfdc 50
1533
1
bcgh-bfdd 50
1534
1
jgf-bfde 50
1535
1
ddf-bfdf 50
1536
1
bdfi-bfdg 50
1537
1
bdec-bfdh 50
1538
1
fgc-bfdi 50
1539
1
bddd-bfdj 50
1540
1
jdg-bfea 50
1541
1
ggf-bfeb 50
1542
2
bdge-bfec 19
edg-bfec 31
1543
2
iea-bfed 18
iia-bfed 32
1544
2
fhi-bfee 49
dae-bfee 1
1545
3
faa-bfef 14
bgda-bfef 24
ied-bfef 12
1546
1
dfb-bfeg 50
1547
1
fdc-bfeh 50
1550
1
iab-bffa 50
1553
1
egi-bffd 50
1555
1
becg-bfff 50
1556
1
gci-bffg 50
1557
1
ghi-bffh 50
1558
1
ed-bffi 50
1559
1
eda-bffj 50
1561
2
beif-bfgb 31
bcfj-bfgb 19
1562
1
bdac-bfgc 50
1563
1
ihj-bfgd 50
1564
1
chj-bfge 50
1565
1
bgga-bfgf 50
1566
1
ec-bfgg 50
1568
3
bgee-bfgi 27
bgej-bfgi 19
fea-bfgi 4
1570
1
cga-bfha 50
1571
1
bhg-bfhb 50
1572
1
dgd-bfhc 50
1573
1
bdgb-bfhd 50
1574
1
bfi-bfhe 50
1575
2
jjj-bfhf 11
ded-bfhf 39
1576
2
bfhi-bfhg 41
ibi-bfhg 9
1577
1
ibh-bfhh 50
1578
1
ice-bfhi 50
1579
1
gih-bfhj 50
1580
1
df-bfia 50
1581
1
bdca-bfib 50
1582
2
igc-bfic 9
bgfg-bfic 41
1583
1
hfa-bfid 50
1584
1
ceh-bfie 50
1585
2
caa-bfif 5
dfi-bfif 45
1587
1
cif-bfih 50
1588
1
hjg-bfii 50
1589
1
gih-bfij 50
1590
1
bie-bfja 50
1591
1
icj-bfjb 50
1592
1
bej-bfjc 50
1594
1
bfba-bfje 50
1595
1
cdg-bfjf 50
1596
1
bdej-bfjg 50
1600
1
bcdd-bgaa 50
1601
1
fga-bgab 50
1602
1
babg-bgac 50
1603
1
bdba-bgad 50
1604
1
bajd-bgae 50
1606
1
bed-bgag 50
1607
1
bdhi-bgah 50
1608
1
baji-bgai 50
1609
1
egb-bgaj 50
1614
1
bfhe-bgbe 50
1616
1
dff-bgbg 50
1617
1
bgfh-bgbh 50
1618
1
bfjc-bgbi 50
1619
1
cbj-bgbj 50
1621
1
icd-bgcb 50
1622
2
dga-bgcc 40
bdbe-bgcc 10
1625
1
cib-bgcf 50
1626
1
cba-bgcg 50
1627
1
cga-bgch 50
1628
2
bda-bgci 32
hje-bgci 18
1629
1
beeg-bgcj 50
1630
1
bcai-bgda 50
1631
1
jdd-bgdb 50
1632
1
gbb-bgdc 50
1633
2
bhf-bgdd 21
ede-bgdd 29
1634
1
beic-bgde 50
1635
1
bbia-bgdf 50
1636
1
baf-bgdg 50
1638
1
bach-bgdi 50
1639
1
jdb-bgdj 50
1640
1
bcia-bgea 50
1641
1
ega-bgeb 50
1642
2
bacg-bgec 42
djd-bgec 8
1643
1
behi-bged 50
1644
1
hjf-bgee 50
1645
1
fed-bgef 50
1647
1
bece-bgeh 50
1649
1
jej-bgej 50
1650
1
bddj-bgfa 50
1652
1
bfjg-bgfc 50
1653
1
gif-bgfd 50
1655
1
bcgh-bgff 50
1656
1
bce-bgfg 50
1657
1
bgbi-bgfh 50
1658
1
bie-bgfi 50
1659
1
eef-bgfj 50
1660
1
bdhi-bgga 50
