1582
1
2
dab-b 14
ehb-b 6
2
6
di-c 6
fcd-c 2
bi-c 3
bih-c 1
dgj-c 4
dgc-c 4
3
2
bcb-d 16
ii-d 4
4
3
hic-e 5
cba-e 7
d-e 8
5
4
bda-f 11
jbb-f 1
e-f 1
bdjf-f 7
6
3
bfg-g 12
iee-g 2
gic-g 6
7
1
bfa-h 20
8
2
geg-i 10
gie-i 10
9
3
heg-j 13
bi-j 1
fbj-j 6
10
1
bdi-ba 20
11
6
bcef-bb 1
gc-bb 9
bcea-bb 3
bgf-bb 2
cd-bb 4
bee-bb 1
12
2
dgf-bc 18
hbf-bc 2
13
3
bejh-bd 9
cch-bd 4
cjb-bd 7
14
4
fec-be 5
bbbj-be 6
beai-be 1
babg-be 8
15
2
hi-bf 9
dh-bf 11
16
3
baae-bg 13
bi-bg 1
bdii-bg 6
17
2
bgeh-bh 14
ihi-bh 6
18
3
fic-bi 11
babg-bi 6
feh-bi 3
19
3
bdbf-bj 4
dhf-bj 15
hcj-bj 1
20
3
cd-ca 7
dfg-ca 10
gjh-ca 3
21
1
edb-cb 20
22
2
badc-cc 9
dgf-cc 11
23
4
ffb-cd 1
bcaj-cd 11
dbg-cd 1
bhd-cd 7
24
2
jag-ce 11
bi-ce 9
25
4
def-cf 3
fhg-cf 2
eac-cf 14
cc-cf 1
26
3
chb-cg 7
hhc-cg 11
bd-cg 2
27
1
dji-ch 20
28
4
hfh-ci 12
befi-ci 4
bffg-ci 2
hif-ci 2
29
2
bfgd-cj 12
fbi-cj 8
30
6
eej-da 4
fai-da 9
beib-da 1
bhd-da 2
bdf-da 3
bcei-da 1
31
3
bbde-db 15
cbh-db 4
bgj-db 1
32
5
ifh-dc 10
iag-dc 2
bbgj-dc 5
ecg-dc 2
iej-dc 1
33
3
babg-dd 6
dfg-dd 4
fc-dd 10
34
2
di-de 18
ghj-de 2
35
4
iei-df 10
bfgb-df 1
gc-df 2
igi-df 7
36
6
bcag-dg 5
hah-dg 1
bcii-dg 2
bed-dg 1
bgfe-dg 1
bebe-dg 10
37
3
bagf-dh 7
dc-dh 8
hha-dh 5
38
1
haf-di 20
39
1
gdb-dj 20
40
5
eee-ea 2
jjh-ea 4
dbb-ea 1
jff-ea 2
fda-ea 11
41
3
hac-eb 15
bbfc-eb 1
cdi-eb 4
42
1
cdc-ec 20
43
4
bcia-ed 9
edf-ed 1
eb-ed 1
bfdc-ed 9
44
2
cfb-ee 17
bacc-ee 3
45
4
ige-ef 4
beeh-ef 4
cij-ef 1
cih-ef 11
46
3
bdj-eg 5
cbg-eg 14
ggg-eg 1
47
3
bbei-eh 4
bbfg-eh 9
gdh-eh 7
48
4
bb-ei 6
jfj-ei 2
dff-ei 8
bcjf-ei 4
49
2
cd-ej 16
baig-ej 4
50
4
dhe-fa 17
jji-fa 1
bhg-fa 1
bc-fa 1
51
2
dfa-fb 4
bdc-fb 16
52
2
fif-fc 4
bfch-fc 16
53
3
je-fd 10
dhe-fd 2
daf-fd 8
54
1
jic-fe 20
55
2
cje-ff 17
gb-ff 3
56
1
bfaf-fg 20
57
1
bejb-fh 20
58
3
fg-fi 11
hee-fi 6
bfdg-fi 3
59
2
ifd-fj 7
dbg-fj 13
60
2
bi-ga 11
fga-ga 9
61
2
bbeb-gb 12
bbjc-gb 8
62
5
eie-gc 5
e-gc 6
gge-gc 5
bdfa-gc 1
j-gc 3
63
6
dai-gd 1
je-gd 3
gfb-gd 3
bfgc-gd 1
dbf-gd 7
daj-gd 5
64
2
g-ge 5
dfi-ge 15
65
1
cgh-gf 20
66
4
cdh-gg 7
idf-gg 5
jhg-gg 3
bfjf-gg 5
67
3
bddh-gh 3
bh-gh 4
jci-gh 13
68
3
ch-gi 1
cbe-gi 1
bcff-gi 18
69
3
baad-gj 7
gjj-gj 7
edh-gj 6
70
3
bda-ha 16
ecc-ha 1
db-ha 3
71
2
iaa-hb 10
efh-hb 10
72
4
cif-hc 1
gg-hc 3
ejc-hc 3
dbf-hc 13
74
4
bcjc-he 5
bgi-he 5
hc-he 8
bebb-he 2
75
2
hie-hf 1
bdbc-hf 19
76
2
cgj-hg 6
bja-hg 14
77
4
cae-hh 11
gcj-hh 1
bjb-hh 1
beic-hh 7
78
5
bac-hi 9
ihf-hi 5
fa-hi 3
baec-hi 2
iba-hi 1
79
3
di-hj 4
gfg-hj 4
jfc-hj 12
80
4
di-ia 2
ccc-ia 1
bdjd-ia 11
bfeh-ia 6
81
1
ghd-ib 20
82
2
bedh-ic 11
cgi-ic 9
83
2
gbg-id 18
eab-id 2
84
3
haj-ie 8
bjd-ie 10
dej-ie 2
85
3
bfce-if 13
bcge-if 1
di-if 6
86
1
egf-ig 20
87
2
bcfj-ih 15
cgh-ih 5
88
5
eig-ii 6
bgfi-ii 3
bacj-ii 2
dgc-ii 8
chf-ii 1
89
1
bcd-ij 20
90
1
hij-ja 20
91
3
ehi-jb 17
bhe-jb 2
jc-jb 1
92
5
gbe-jc 7
babi-jc 1
fci-jc 1
gii-jc 8
bbjg-jc 3
93
2
fhj-jd 5
cae-jd 15
94
6
bbi-je 4
bfc-je 2
bfgb-je 8
bi-je 1
fcf-je 4
gdf-je 1
95
2
gbd-jf 10
iae-jf 10
96
3
daf-jg 1
beb-jg 13
ec-jg 6
97
3
hib-jh 12
bbfg-jh 5
dai-jh 3
98
4
bdjh-ji 15
idd-ji 2
bccj-ji 1
beaa-ji 2
99
3
fgf-jj 17
dej-jj 2
bcee-jj 1
100
4
efg-baa 6
dig-baa 7
dfi-baa 4
fhg-baa 3
101
3
eic-bab 5
chf-bab 13
jhg-bab 2
102
4
hfi-bac 14
hj-bac 2
gja-bac 1
bfe-bac 3
103
3
jid-bad 10
bfi-bad 5
bha-bad 5
104
3
dgj-bae 2
cd-bae 6
bdga-bae 12
105
3
bdbh-baf 11
bcb-baf 5
cj-baf 4
106
4
bcc-bag 5
bfce-bag 3
fic-bag 11
ede-bag 1
107
6
ddf-bah 7
bbcc-bah 2
ifd-bah 4
gjh-bah 5
deg-bah 1
hbf-bah 1
108
2
bda-bai 10
cfj-bai 10
110
2
fbe-bba 15
gdc-bba 5
111
3
d-bbb 8
fdh-bbb 8
edb-bbb 4
112
4
jje-bbc 7
dbb-bbc 3
chf-bbc 1
dgb-bbc 9
114
2
cb-bbe 10
cie-bbe 10
115
3
dfc-bbf 8
bei-bbf 9
bage-bbf 3
116
6
eg-bbg 5
eba-bbg 2
iff-bbg 6
cbd-bbg 1
gdc-bbg 4
bbbj-bbg 2
117
2
bacc-bbh 14
gjh-bbh 6
118
4
bca-bbi 9
cbb-bbi 1
beeh-bbi 9
gfd-bbi 1
119
7
bbag-bbj 11
bbf-bbj 1
eh-bbj 1
baja-bbj 2
gjh-bbj 1
fag-bbj 1
ige-bbj 3
120
4
gaf-bca 7
bae-bca 7
eae-bca 3
gae-bca 3
121
3
bbgc-bcb 2
bbdg-bcb 12
fba-bcb 6
122
6
jg-bcc 9
bebg-bcc 2
bjd-bcc 1
gfi-bcc 4
bbff-bcc 2
bbab-bcc 2
123
4
jec-bcd 14
eed-bcd 1
gc-bcd 1
ddj-bcd 4
124
7
bb-bce 4
bi-bce 5
bagd-bce 5
gef-bce 1
edi-bce 1
ccc-bce 1
gc-bce 3
125
1
cea-bcf 20
126
4
dbg-bcg 14
di-bcg 2
bhj-bcg 2
g-bcg 2
127
4
bgbf-bch 7
ecb-bch 4
gad-bch 5
fbh-bch 4
128
6
bbf-bci 10
bbhe-bci 3
bagb-bci 2
bbc-bci 1
bcbc-bci 2
fag-bci 2
129
2
iff-bcj 10
icj-bcj 10
130
4
dhg-bda 6
ffa-bda 2
dfj-bda 6
eh-bda 6
131
2
efd-bdb 11
deh-bdb 9
132
7
bfea-bdc 1
fee-bdc 1
bbfe-bdc 4
jbg-bdc 1
bbah-bdc 4
bbjh-bdc 6
fdc-bdc 3
133
3
bece-bdd 13
bcgc-bdd 3
bjf-bdd 4
134
3
iah-bde 10
bba-bde 3
gge-bde 7
135
4
gbf-bdf 9
hcg-bdf 1
gea-bdf 9
bbab-bdf 1
136
5
cha-bdg 4
bcc-bdg 2
bbij-bdg 8
jdg-bdg 2
bahh-bdg 4
137
2
jjg-bdh 15
feh-bdh 5
138
4
jbe-bdi 11
bffi-bdi 1
iic-bdi 4
gci-bdi 4
139
6
bbbh-bdj 12
jfe-bdj 4
geh-bdj 1
hhc-bdj 1
ffb-bdj 1
igg-bdj 1
140
3
cdh-bea 2
fif-bea 1
dgc-bea 17
141
5
edh-beb 6
cbe-beb 3
djg-beb 9
fe-beb 1
hia-beb 1
142
6
eei-bec 3
ii-bec 6
ica-bec 2
bdei-bec 2
hj-bec 2
hea-bec 5
143
3
cd-bed 2
begd-bed 14
ica-bed 4
144
4
cfa-bee 6
dfg-bee 4
gjd-bee 3
bgbe-bee 7
145
2
dai-bef 19
fgj-bef 1
146
3
bef-beg 5
bja-beg 14
ea-beg 1
147
6
ieh-beh 5
hi-beh 2
jbj-beh 3
bab-beh 7
ccg-beh 1
gdd-beh 2
148
5
fge-bei 5
bcgi-bei 7
jca-bei 3
jbi-bei 1
becg-bei 4
149
3
bec-bej 15
bdb-bej 3
fif-bej 2
150
3
cjd-bfa 11
egg-bfa 8
cdf-bfa 1
151
1
bdji-bfb 20
152
6
bafi-bfc 6
gbi-bfc 1
ifh-bfc 1
cdb-bfc 6
dcb-bfc 2
fcb-bfc 4
153
4
bif-bfd 11
cie-bfd 2
haa-bfd 4
jgi-bfd 3
154
5
gbc-bfe 5
hff-bfe 4
cgh-bfe 6
baea-bfe 3
dch-bfe 2
155
2
eec-bff 15
gfe-bff 5
156
3
hj-bfg 16
bgac-bfg 3
dae-bfg 1
157
2
bae-bfh 6
eaa-bfh 14
158
5
ich-bfi 3
bgci-bfi 3
idg-bfi 2
gaa-bfi 1
jhe-bfi 11
159
3
jjj-bfj 17
bii-bfj 1
gif-bfj 2
160
3
hbd-bga 1
efe-bga 11
dij-bga 8
161
2
hea-bgb 18
cgc-bgb 2
162
3
cdb-bgc 7
bdeh-bgc 1
cff-bgc 12
163
3
bgdh-bgd 4
gd-bgd 1
edg-bgd 15
164
2
jif-bge 15
hci-bge 5
165
1
iaa-bgf 20
166
5
babe-bgg 2
bdde-bgg 2
heh-bgg 3
bcaa-bgg 3
ehg-bgg 10
167
4
cgg-bgh 2
be-bgh 1
bfgh-bgh 6
dbg-bgh 11
168
5
bhh-bgi 1
dda-bgi 14
baa-bgi 1
daj-bgi 3
cbi-bgi 1
169
3
bffe-bgj 12
hch-bgj 5
djh-bgj 3
170
3
ccd-bha 10
gi-bha 4
fh-bha 6
171
5
ih-bhb 7
fcb-bhb 8
hhd-bhb 1
jh-bhb 2
bfbi-bhb 2
172
3
bfe-bhc 6
bbfd-bhc 9
bagf-bhc 5
173
2
hj-bhd 11
eed-bhd 9
174
2
cfe-bhe 14
daa-bhe 6
175
4
jga-bhf 10
ech-bhf 1
cgi-bhf 3
bci-bhf 6
176
5
cbg-bhg 14
bci-bhg 2
cdi-bhg 1
babb-bhg 2
baf-bhg 1
177
4
cch-bhh 8
cbc-bhh 5
efe-bhh 4
bai-bhh 3
178
3
eaj-bhi 7
gbb-bhi 12
ibh-bhi 1
179
3
ghd-bhj 8
bafb-bhj 2
cb-bhj 10
180
2
cch-bia 18
hi-bia 2
181
2
fhc-bib 13
eae-bib 7
182
2
dc-bic 12
baa-bic 8
183
1
bef-bid 20
184
7
bcc-bie 1
bde-bie 2
bcai-bie 1
bbc-bie 2
hdd-bie 9
bae-bie 2
eig-bie 3
185
2
babf-bif 17
bgcg-bif 3
186
1
deg-big 20
187
3
hef-bih 5
bcff-bih 1
dcf-bih 14
188
3
ejd-bii 6
bga-bii 7
bcej-bii 7
189
3
ba-bij 4
cia-bij 1
cha-bij 15
190
2
dca-bja 8
ded-bja 12
191
3
bcdb-bjb 5
bbee-bjb 11
db-bjb 4
192
2
ibe-bjc 13
baad-bjc 7
193
4
hdg-bjd 10
ghb-bjd 2
gd-bjd 2
di-bjd 6
194
2
cga-bje 11
ecd-bje 9
195
5
bccc-bjf 2
hic-bjf 4
hii-bjf 5
baff-bjf 2
ecg-bjf 7
197
5
jeb-bjh 1
cd-bjh 8
gfd-bjh 3
bcb-bjh 3
eah-bjh 5
198
4
dbg-bji 12
cgh-bji 3
beeb-bji 4
fdj-bji 1
199
4
edg-bjj 10
jhe-bjj 7
baad-bjj 2
gci-bjj 1
200
3
dhc-caa 12
djj-caa 1
ecb-caa 7
201
4
bef-cab 4
cjd-cab 7
bdg-cab 6
daf-cab 3
202
5
bbdh-cac 3
fid-cac 7
dbf-cac 1
djc-cac 7
cgd-cac 2
203
1
icg-cad 20
204
3
bcb-cae 12
bccg-cae 7
hhb-cae 1
205
3
ghc-caf 1
gag-caf 11
bafb-caf 8
206
4
ebb-cag 11
fbi-cag 1
bbg-cag 2
cie-cag 6
207
1
bebe-cah 20
208
1
gdb-cai 20
209
1
jh-caj 20
210
4
bgdd-cba 4
bfi-cba 5
bbjf-cba 1
bccb-cba 10
211
2
ihc-cbb 18
be-cbb 2
212
2
efg-cbc 9
bcdg-cbc 11
213
7
jej-cbd 7
ehe-cbd 1
bif-cbd 3
eag-cbd 1
cec-cbd 2
jfc-cbd 2
bcdc-cbd 4
214
1
bbcc-cbe 20
215
2
cdj-cbf 12
ceb-cbf 8
216
4
bbfi-cbg 3
bdg-cbg 3
becj-cbg 11
hjj-cbg 3
217
1
bhi-cbh 20
218
2
ede-cbi 19
bdi-cbi 1
219
3
hi-cbj 11
gjj-cbj 2
dcf-cbj 7
220
5
cbe-cca 1
eea-cca 13
bbdb-cca 4
bbi-cca 1
ihg-cca 1
221
4
ejj-ccb 4
bjj-ccb 1
jeh-ccb 10
ddd-ccb 5
222
3
jfh-ccc 11
eag-ccc 5
bcda-ccc 4
223
3
feh-ccd 10
eae-ccd 7
bajb-ccd 3
225
5
ihi-ccf 4
dca-ccf 7
hcc-ccf 2
ga-ccf 2
jeg-ccf 5
226
4
bahi-ccg 6
hjh-ccg 5
ijd-ccg 3
bih-ccg 6
227
4
egd-cch 1
bhe-cch 14
baaf-cch 2
ice-cch 3
228
4
bbfd-cci 7
bgbg-cci 4
ceb-cci 1
haf-cci 8
229
3
cch-ccj 7
hji-ccj 7
eeb-ccj 6
230
1
dd-cda 20
231
3
ejg-cdb 8
bff-cdb 10
jaa-cdb 2
232
4
ddj-cdc 5
gac-cdc 5
fad-cdc 6
eb-cdc 4
233
2
db-cdd 18
bebi-cdd 2
234
2
hhb-cde 13
gge-cde 7
235
5
badh-cdf 6
dfa-cdf 7
fjc-cdf 3
iee-cdf 1
bhj-cdf 3
236
4
bdf-cdg 5
dff-cdg 6
bfjd-cdg 8
cid-cdg 1
237
2
bbja-cdh 18
gfd-cdh 2
238
2
beha-cdi 18
j-cdi 2
239
2
ega-cdj 3
chh-cdj 17
240
5
jaj-cea 2
be-cea 5
che-cea 3
gbi-cea 6
if-cea 4
241
3
bdea-ceb 6
bfj-ceb 9
dhh-ceb 5
242
2
bad-cec 5
bajb-cec 15
243
3
bbgc-ced 11
cah-ced 7
efg-ced 2
244
2
ic-cee 9
jhc-cee 11
245
3
bha-cef 9
dab-cef 5
bfi-cef 6
246
1
gdg-ceg 20
248
2
ddf-cei 6
fhi-cei 14
249
5
dif-cej 1
bh-cej 9
ef-cej 6
bbeg-cej 3
bbee-cej 1
250
5
gei-cfa 4
eb-cfa 6
hdi-cfa 4
bdhb-cfa 2
ice-cfa 4
251
2
fgg-cfb 14
fhe-cfb 6
252
2
gef-cfc 12
eca-cfc 8
253
3
bchd-cfd 9
ccg-cfd 9
geb-cfd 2
254
2
ijc-cfe 13
jf-cfe 7
255
5
hda-cff 3
bafc-cff 1
egj-cff 1
hjf-cff 2
ejg-cff 13
256
4
gic-cfg 15
bbdg-cfg 2
ej-cfg 1
bfdb-cfg 2
257
3
bbee-cfh 5
fjh-cfh 6
cie-cfh 9
258
2
bcfi-cfi 14
dhi-cfi 6
259
1
cfi-cfj 20
260
4
dh-cga 3
chf-cga 11
bcjf-cga 5
bhb-cga 1
261
4
da-cgb 16
deb-cgb 1
dch-cgb 1
gdf-cgb 2
262
5
hfc-cgc 5
cdb-cgc 6
fji-cgc 1
ica-cgc 3
ee-cgc 5
263
2
dcf-cgd 16
bafd-cgd 4
264
3
bba-cge 13
ea-cge 4
bfc-cge 3
265
4
fcc-cgf 2
dej-cgf 10
ibe-cgf 6
bgbh-cgf 2
266
2
fhc-cgg 11
bdh-cgg 9
267
4
babb-cgh 6
bdhc-cgh 2
hc-cgh 11
cag-cgh 1
268
5
daf-cgi 2
fdh-cgi 7
baaa-cgi 7
ia-cgi 1
djh-cgi 3
269
3
eag-cgj 13
dgg-cgj 1
ifi-cgj 6
270
5
gfh-cha 3
egj-cha 6
dhj-cha 4
ged-cha 5
dcb-cha 2
271
1
bcbi-chb 20
272
4
bbfj-chc 7
fjc-chc 3
hba-chc 5
jhd-chc 5
273
2
bfbg-chd 15
cjc-chd 5
274
3
dej-che 18
befj-che 1
eah-che 1
275
5
hfb-chf 9
eca-chf 6
ehb-chf 1
fch-chf 1
did-chf 3
276
3
iab-chg 8
fc-chg 9
edh-chg 3
277
2
ddj-chh 18
ca-chh 2
278
5
jeh-chi 2
bbea-chi 8
hga-chi 8
bbc-chi 1
ibj-chi 1
279
1
jg-chj 20
280
3
jj-cia 9
jej-cia 5
eie-cia 6
281
5
bcce-cib 7
bdhh-cib 8
bdhb-cib 2
hh-cib 1
eha-cib 2
282
3
jce-cic 12
ifd-cic 2
dhi-cic 6
283
6
ehb-cid 8
hgg-cid 3
cjb-cid 3
cab-cid 3
fcf-cid 2
dfd-cid 1
284
2
jfi-cie 15
gg-cie 5
285
5
gfe-cif 9
dgb-cif 2
baed-cif 1
dae-cif 7
bcja-cif 1
286
4
hdd-cig 9
hbj-cig 1
eef-cig 8
dge-cig 2
287
1
icg-cih 20
288
2
ggd-cii 6
baha-cii 14
289
3
bgi-cij 3
cch-cij 3
dgf-cij 14
290
4
ead-cja 5
bcaa-cja 3
ehg-cja 8
hcj-cja 4
291
4
eei-cjb 7
beba-cjb 7
bagh-cjb 3
jbi-cjb 3
292
3
bcih-cjc 12
bada-cjc 6
bfgi-cjc 2
293
1
bdaa-cjd 20
294
2
cea-cje 11
bbi-cje 9
295
2
cgb-cjf 12
egf-cjf 8
298
1
bdce-cji 20
299
4
bgh-cjj 9
cc-cjj 5
jah-cjj 1
bfeb-cjj 5
300
4
bbhc-daa 3
ih-daa 8
bfde-daa 2
jjb-daa 7
301
2
bef-dab 1
hi-dab 19
302
3
iid-dac 6
dce-dac 12
bgi-dac 2
303
3
gfe-dad 15
gfd-dad 2
gcb-dad 3
304
3
baaa-dae 6
bcib-dae 10
fce-dae 4
305
4
badi-daf 14
fbb-daf 1
jae-daf 1
bdcb-daf 4
307
4
ihj-dah 8
ehc-dah 5
cgi-dah 3
ggg-dah 4
308
3
bchi-dai 14
dhc-dai 5
bafa-dai 1
309
5
fhj-daj 8
dce-daj 1
fae-daj 5
geh-daj 3
dhe-daj 3
310
1
hhj-dba 20
311
3
cjb-dbb 16
dfc-dbb 1
eaa-dbb 3
312
2
hca-dbc 16
dah-dbc 4
313
3
gcb-dbd 4
bfg-dbd 1
bdjf-dbd 15
314
2
dac-dbe 11
bcaf-dbe 9
315
4
baad-dbf 3
gib-dbf 2
gdc-dbf 5
eid-dbf 10
316
2
iag-dbg 9
dab-dbg 11
317
4
gfj-dbh 5
cdb-dbh 2
fha-dbh 9
caa-dbh 4
318
2
bcaa-dbi 14
edd-dbi 6
319
2
bb-dbj 8
dhd-dbj 12
320
5
a-dca 9
bda-dca 5
bdii-dca 1
badg-dca 1
jbi-dca 4
321
6
efg-dcb 7
jia-dcb 3
fi-dcb 1
eda-dcb 1
gad-dcb 7
gbj-dcb 1
322
7
ddf-dcc 3
fbb-dcc 3
gdi-dcc 1
heg-dcc 1
jah-dcc 6
chf-dcc 1
di-dcc 5
323
3
gda-dcd 5
cg-dcd 10
gjc-dcd 5
324
2
jef-dce 13
ebg-dce 7
325
5
bhe-dcf 2
cgb-dcf 1
bbja-dcf 1
fce-dcf 11
fea-dcf 5
326
2
jjj-dcg 11
dca-dcg 9
327
4
dh-dch 9
eca-dch 1
jai-dch 1
bdgc-dch 9
328
4
dae-dci 11
ehi-dci 5
cge-dci 2
bcef-dci 2
329
2
begb-dcj 11
jcg-dcj 9
330
3
dai-dda 4
bjj-dda 10
cea-dda 6
331
1
bdge-ddb 20
332
3
dac-ddc 15
bja-ddc 4
bfjb-ddc 1
333
1
beef-ddd 20
334
7
d-dde 1
bbj-dde 1
ghh-dde 1
ifj-dde 4
dbe-dde 5
fbe-dde 4
ehd-dde 4
335
7
jh-ddf 3
eb-ddf 1
eij-ddf 1
id-ddf 6
chf-ddf 3
bei-ddf 4
fcf-ddf 2
336
2
eid-ddg 7
cgc-ddg 13
337
3
baa-ddh 12
ech-ddh 3
ef-ddh 5
338
4
bjc-ddi 2
fib-ddi 4
cfa-ddi 6
ef-ddi 8
339
2
haa-ddj 13
ecg-ddj 7
340
6
ebe-dea 3
edh-dea 1
ejd-dea 2
bgi-dea 6
ief-dea 7
dia-dea 1
341
5
hgj-deb 3
fei-deb 1
hfg-deb 9
cbi-deb 6
hjc-deb 1
342
3
fdc-dec 18
bfg-dec 1
bcgh-dec 1
343
2
gij-ded 11
ihf-ded 9
344
5
fhb-dee 2
fji-dee 3
dej-dee 6
cia-dee 3
dhc-dee 6
345
1
jfi-def 20
346
4
bceg-deg 2
hia-deg 6
eec-deg 1
fhd-deg 11
347
2
dj-deh 14
iji-deh 6
348
2
fif-dei 12
gjc-dei 8
349
4
fda-dej 7
dif-dej 8
bcah-dej 2
babg-dej 3
350
2
fie-dfa 16
ege-dfa 4
351
2
e-dfb 16
ehb-dfb 4
352
7
ca-dfc 1
ddc-dfc 1
fgg-dfc 9
ghb-dfc 4
fgj-dfc 2
eb-dfc 2
cjc-dfc 1
353
3
da-dfd 8
idj-dfd 8
bfcc-dfd 4
354
3
ejd-dfe 2
ii-dfe 1
baac-dfe 17
355
4
ife-dff 7
gie-dff 1
heg-dff 10
hii-dff 2
356
2
eib-dfg 13
dhf-dfg 7
357
4
fee-dfh 3
beci-dfh 2
fhb-dfh 10
bbcb-dfh 5
358
2
hgh-dfi 13
egd-dfi 7
359
1
bbah-dfj 20
360
2
fff-dga 9
bcdg-dga 11
361
2
bcae-dgb 19
cad-dgb 1
362
5
bdbb-dgc 6
bc-dgc 3
fib-dgc 6
jic-dgc 1
c-dgc 4
363
6
ifg-dgd 11
cbc-dgd 1
bbjf-dgd 2
badi-dgd 1
bajj-dgd 1
ifb-dgd 4
364
5
bccf-dge 8
dc-dge 2
ef-dge 1
hcj-dge 8
beaa-dge 1
365
3
bffd-dgf 3
bbba-dgf 10
jfj-dgf 7
366
1
bced-dgg 20
367
2
idi-dgh 6
dff-dgh 14
368
2
deb-dgi 10
bbf-dgi 10
369
4
ghb-dgj 10
bcab-dgj 3
bea-dgj 1
gg-dgj 6
370
2
dji-dha 19
dij-dha 1
371
3
ebh-dhb 12
d-dhb 2
bajb-dhb 6
372
6
bbed-dhc 1
bbce-dhc 1
bdab-dhc 6
dfg-dhc 3
jii-dhc 2
dbg-dhc 7
373
5
cdi-dhd 4
hfh-dhd 4
dgh-dhd 7
baeg-dhd 4
ije-dhd 1
374
6
ehb-dhe 3
ieg-dhe 1
bbhi-dhe 4
bbii-dhe 6
bbhb-dhe 1
dca-dhe 5
375
4
baga-dhf 3
ebj-dhf 5
cjd-dhf 3
ich-dhf 9
376
2
ida-dhg 18
bfe-dhg 2
377
3
bbh-dhh 4
bbb-dhh 1
bdac-dhh 15
378
3
fjf-dhi 4
ihg-dhi 9
ebh-dhi 7
379
6
icc-dhj 5
ddj-dhj 3
idf-dhj 6
begh-dhj 4
fce-dhj 1
idc-dhj 1
380
1
ecg-dia 20
381
2
dhj-dib 13
cfd-dib 7
382
5
hhd-dic 5
fh-dic 1
jff-dic 9
edj-dic 3
ebi-dic 2
383
2
ccj-did 15
hid-did 5
384
5
fig-die 7
jeb-die 3
baag-die 4
fac-die 4
fea-die 2
385
1
bbdh-dif 20
386
3
fcd-dig 7
hih-dig 10
edj-dig 3
387
2
fdg-dih 6
bbjg-dih 14
388
2
bdeg-dii 15
bage-dii 5
389
3
bacf-dij 9
ici-dij 2
hhe-dij 9
390
1
bdhi-dja 20
391
2
jjj-djb 9
eee-djb 11
392
3
jaj-djc 9
dba-djc 5
ddi-djc 6
393
4
ifd-djd 9
cie-djd 1
bejh-djd 2
ceb-djd 8
394
3
bbj-dje 10
ddc-dje 6
beaj-dje 4
395
2
eha-djf 14
di-djf 6
396
3
bceg-djg 1
efi-djg 5
hca-djg 14
397
5
bdef-djh 12
gdg-djh 2
cjc-djh 2
ebi-djh 2
beca-djh 2
398
2
cic-dji 16
hhj-dji 4
399
3
bbc-djj 8
dec-djj 4
jib-djj 8
400
5
jbb-eaa 6
eji-eaa 9
bif-eaa 1
bee-eaa 3
hjj-eaa 1
401
3
chi-eab 10
bbga-eab 1
bdha-eab 9
402
3
cej-eac 9
jhi-eac 2
bagg-eac 9
403
2
caf-ead 17
dce-ead 3
404
4
bic-eae 4
icb-eae 1
fhi-eae 12
gdc-eae 3
405
1
jc-eaf 20
406
3
gff-eag 15
hgb-eag 4
ca-eag 1
407
4
bcaj-eah 8
bbcf-eah 1
eca-eah 9
gdj-eah 2
408
3
be-eai 5
ffa-eai 13
bbec-eai 2
409
2
eae-eaj 13
beec-eaj 7
410
6
feb-eba 6
bjj-eba 3
cee-eba 2
bebc-eba 4
gih-eba 3
bif-eba 2
411
4
fac-ebb 8
beb-ebb 6
iij-ebb 5
ffd-ebb 1
412
1
baej-ebc 20
413
7
bcce-ebd 8
had-ebd 1
dgi-ebd 5
bdae-ebd 1
ejb-ebd 1
cag-ebd 3
badb-ebd 1
414
4
bfhc-ebe 7
ceb-ebe 2
ebb-ebe 10
df-ebe 1
415
1
bfd-ebf 20
416
1
fga-ebg 20
417
4
daf-ebh 5
icg-ebh 11
bahf-ebh 3
hdg-ebh 1
418
1
hfe-ebi 20
419
5
ghd-ebj 8
igf-ebj 2
djj-ebj 2
ehi-ebj 7
jgc-ebj 1
420
3
jga-eca 9
dbf-eca 5
eh-eca 6
421
1
bchc-ecb 20
422
8
edi-ecc 1
bdie-ecc 3
ejd-ecc 5
babd-ecc 1
jc-ecc 1
fbe-ecc 1
idf-ecc 4
bdch-ecc 4
423
3
dha-ecd 7
fba-ecd 2
jfj-ecd 11
424
2
eaa-ece 16
ici-ece 4
425
5
cib-ecf 5
dc-ecf 2
beh-ecf 9
eed-ecf 2
dgb-ecf 2
426
3
fbc-ecg 10
bcca-ecg 1
dfa-ecg 9
427
3
hcd-ech 9
jjc-ech 6
dbh-ech 5
428
2
hcg-eci 14
jac-eci 6
429
2
fbc-ecj 19
ihi-ecj 1
430
5
hbd-eda 3
bdcg-eda 1
bbdb-eda 5
dhf-eda 8
igj-eda 3
431
4
jj-edb 11
gdd-edb 7
iia-edb 1
gec-edb 1
432
3
baa-edc 13
ihi-edc 1
ggi-edc 6
433
3
bdh-edd 3
cbe-edd 4
gag-edd 13
434
3
jbb-ede 14
jh-ede 2
ffi-ede 4
435
5
bdag-edf 1
ci-edf 1
fah-edf 2
bdfe-edf 8
hba-edf 8
436
4
cde-edg 13
ggd-edg 2
jgh-edg 1
ie-edg 4
437
4
beb-edh 8
hcd-edh 1
bbgb-edh 8
dah-edh 3
438
5
egf-edi 8
eja-edi 1
bda-edi 1
gie-edi 1
ccg-edi 9
439
2
egj-edj 13
egf-edj 7
440
2
gcc-eea 14
bgj-eea 6
441
3
dec-eeb 7
hei-eeb 12
hgh-eeb 1
442
3
cbe-eec 11
hci-eec 8
dge-eec 1
443
3
fcg-eed 8
gcd-eed 1
iaa-eed 11
444
1
idg-eee 20
445
4
bdg-eef 5
dej-eef 12
jad-eef 2
bdcd-eef 1
446
3
cfe-eeg 8
dji-eeg 10
bfc-eeg 2
447
2
bcc-eeh 10
gbb-eeh 10
448
4
beed-eei 9
haj-eei 6
bih-eei 1
fii-eei 4
449
2
bcih-eej 13
bcag-eej 7
450
4
jia-efa 7
ii-efa 7
bccg-efa 2
hch-efa 4
451
2
ehc-efb 10
eib-efb 10
452
3
hd-efc 5
ehd-efc 1
bhh-efc 14
453
3
fei-efd 9
iac-efd 4
bbc-efd 7
454
2
bcdb-efe 14
ija-efe 6
455
5
jge-eff 4
bbed-eff 2
fff-eff 4
hgf-eff 9
bjf-eff 1
456
5
bcad-efg 2
bbj-efg 1
daf-efg 7
iib-efg 9
fii-efg 1
457
3
ded-efh 7
igc-efh 11
iic-efh 2
458
1
eec-efi 20
459
5
fhc-efj 3
bbfa-efj 1
bbca-efj 4
fje-efj 8
efe-efj 4
460
6
feh-ega 5
jca-ega 1
icf-ega 3
bja-ega 6
cbg-ega 4
bac-ega 1
461
4
hic-egb 5
fdb-egb 4
jg-egb 1
bcdf-egb 10
463
3
ebd-egd 12
cfa-egd 6
bdhg-egd 2
464
3
ecb-ege 12
ifi-ege 7
dbb-ege 1
465
4
eae-egf 7
fge-egf 1
cha-egf 3
ifd-egf 9
466
4
die-egg 7
jia-egg 10
eaj-egg 2
idd-egg 1
467
1
iid-egh 20
468
2
hef-egi 15
ghc-egi 5
469
5
baih-egj 5
jdg-egj 3
jj-egj 6
ibi-egj 2
dbi-egj 4
470
3
bjj-eha 9
cgh-eha 1
fgd-eha 10
471
2
hib-ehb 16
bfc-ehb 4
472
2
iad-ehc 1
cdh-ehc 19
473
4
dfd-ehd 11
hcb-ehd 5
hjj-ehd 3
bffb-ehd 1
474
3
hje-ehe 5
bebj-ehe 14
ibh-ehe 1
475
3
jgj-ehf 8
hgh-ehf 9
caa-ehf 3
476
3
edf-ehg 7
hda-ehg 10
bdgh-ehg 3
477
1
ecf-ehh 20
478
2
bbeg-ehi 4
jfd-ehi 16
479
3
bcgj-ehj 14
hbj-ehj 4
eci-ehj 2
480
2
efc-eia 19
cjj-eia 1
481
3
iih-eib 8
bbbe-eib 5
dg-eib 7
482
4
bdfb-eic 2
ebb-eic 1
fhi-eic 15
bfef-eic 2
483
3
bdg-eid 8
hc-eid 1
bfhj-eid 11
484
3
ffj-eie 7
gbb-eie 10
bbaf-eie 3
485
1
fdf-eif 20
486
1
bfeh-eig 20
487
4
jc-eih 14
ifi-eih 4
cag-eih 1
efh-eih 1
488
1
bfdi-eii 20
489
4
ief-eij 7
dfg-eij 4
dcc-eij 8
jae-eij 1
490
3
babi-eja 8
iaj-eja 1
hej-eja 11
491
2
bhc-ejb 10
ibd-ejb 10
492
6
daj-ejc 9
eia-ejc 6
bcbe-ejc 1
gji-ejc 1
ggd-ejc 2
hgb-ejc 1
493
1
ige-ejd 20
494
4
iei-eje 6
bfj-eje 5
ebj-eje 5
cif-eje 4
495
1
bfja-ejf 20
496
4
chd-ejg 6
ghb-ejg 9
feg-ejg 4
eb-ejg 1
497
2
idi-ejh 19
bbi-ejh 1
498
3
cgh-eji 11
hfb-eji 5
d-eji 4
499
2
hif-ejj 16
chf-ejj 4
500
4
bbba-faa 10
dfb-faa 5
deg-faa 3
ice-faa 2
502
3
hbc-fac 6
bbii-fac 8
cbi-fac 6
503
5
fgd-fad 1
cfh-fad 1
iej-fad 2
baei-fad 12
bdjg-fad 4
504
2
bdia-fae 11
baba-fae 9
505
3
bcja-faf 13
hid-faf 3
ice-faf 4
506
3
bahb-fag 8
dbf-fag 1
hcd-fag 11
507
1
bjf-fah 20
508
3
eff-fai 16
fdh-fai 3
badj-fai 1
509
4
ghi-faj 12
fgi-faj 2
bhe-faj 4
ggb-faj 2
510
3
cdi-fba 5
bbdb-fba 14
dii-fba 1
511
3
jih-fbb 10
geh-fbb 6
jgi-fbb 4
512
2
baag-fbc 6
eeg-fbc 14
513
3
ejj-fbd 6
jhc-fbd 9
bih-fbd 5
514
3
bceh-fbe 17
bajc-fbe 1
fgi-fbe 2
515
1
jbh-fbf 20
516
1
dff-fbg 20
517
4
fdh-fbh 4
fgb-fbh 9
bcjg-fbh 2
bc-fbh 5
518
4
ebf-fbi 7
bjb-fbi 5
eah-fbi 3
dcc-fbi 5
519
3
beig-fbj 7
fch-fbj 5
hdc-fbj 8
520
4
dce-fca 8
gaj-fca 1
jib-fca 4
bccg-fca 7
521
2
h-fcb 6
bcdf-fcb 14
522
4
bfca-fcc 4
fjh-fcc 7
gbd-fcc 4
gic-fcc 5
523
1
cba-fcd 20
524
2
gia-fce 15
baec-fce 5
525
4
baib-fcf 8
ehe-fcf 6
ebi-fcf 5
bff-fcf 1
526
3
bbe-fcg 2
gcc-fcg 16
bcah-fcg 2
527
5
bcee-fch 5
ecb-fch 4
fcf-fch 4
eae-fch 3
beaj-fch 4
528
7
bjf-fci 5
dfh-fci 3
iei-fci 2
dei-fci 5
iba-fci 1
bbea-fci 2
dfd-fci 2
529
5
ffb-fcj 3
fcg-fcj 10
ghc-fcj 4
heb-fcj 1
egd-fcj 2
530
5
bhi-fda 5
bbbd-fda 6
bhj-fda 1
cfd-fda 6
gca-fda 2
531
3
ccf-fdb 12
def-fdb 4
eha-fdb 4
532
5
bahi-fdc 5
dad-fdc 1
eg-fdc 2
cif-fdc 2
dhh-fdc 10
533
7
eaf-fdd 1
bfha-fdd 3
bfie-fdd 3
bei-fdd 2
edd-fdd 6
hid-fdd 3
baei-fdd 2
534
1
egb-fde 20
535
3
fdg-fdf 9
ibe-fdf 5
gdc-fdf 6
536
2
bdhg-fdg 15
bach-fdg 5
537
6
ffa-fdh 1
bcjh-fdh 1
gf-fdh 5
cjd-fdh 7
deb-fdh 5
cdc-fdh 1
538
1
jii-fdi 20
539
2
bdfh-fdj 19
hbh-fdj 1
540
4
ee-fea 10
bbia-fea 2
bdcd-fea 1
bceb-fea 7
541
5
dfh-feb 4
ibd-feb 4
hgh-feb 2
ieb-feb 9
ih-feb 1
542
2
bfcg-fec 16
bfij-fec 4
543
2
hdi-fed 15
bbhb-fed 5
544
5
bbaa-fee 7
fff-fee 6
ihf-fee 1
ecb-fee 3
be-fee 3
545
3
bbfh-fef 4
bfdg-fef 3
je-fef 13
546
4
ijc-feg 7
hgh-feg 6
bd-feg 4
bcgj-feg 3
547
3
hei-feh 7
chc-feh 6
djg-feh 7
548
3
eeg-fei 13
begd-fei 1
bcgi-fei 6
550
5
idb-ffa 3
bfef-ffa 4
dce-ffa 10
gch-ffa 1
df-ffa 2
551
5
dab-ffb 10
jfe-ffb 1
i-ffb 1
cfd-ffb 6
ica-ffb 2
552
2
bdj-ffc 19
hbb-ffc 1
553
2
jaf-ffd 13
dij-ffd 7
555
5
baae-fff 5
fgj-fff 6
chc-fff 4
hfd-fff 3
jbf-fff 2
557
2
fja-ffh 3
e-ffh 17
558
3
cif-ffi 7
bcdd-ffi 1
cdj-ffi 12
559
3
dfd-ffj 15
gfi-ffj 1
baid-ffj 4
560
5
cie-fga 4
gei-fga 5
eae-fga 8
bhe-fga 2
igi-fga 1
561
3
eei-fgb 7
dba-fgb 12
gff-fgb 1
562
1
bagf-fgc 20
563
5
bfic-fgd 12
ffa-fgd 2
dij-fgd 1
bfff-fgd 4
bie-fgd 1
564
2
ibf-fge 17
gjf-fge 3
565
1
ha-fgf 20
566
1
ice-fgg 20
567
3
jcf-fgh 13
dbh-fgh 2
jjf-fgh 5
568
2
dfg-fgi 13
eeh-fgi 7
569
2
bdc-fgj 17
ghj-fgj 3
570
2
fhc-fha 1
bfig-fha 19
571
5
bajf-fhb 10
beaa-fhb 1
bfcb-fhb 1
feb-fhb 6
beeb-fhb 2
572
6
bbi-fhc 10
hch-fhc 2
cba-fhc 3
ijj-fhc 1
bfed-fhc 2
bgea-fhc 2
573
2
cih-fhd 6
hic-fhd 14
574
2
hci-fhe 6
ebh-fhe 14
575
1
gad-fhf 20
576
3
da-fhg 7
bbfh-fhg 10
fjc-fhg 3
577
1
cba-fhh 20
578
3
bja-fhi 4
bcgj-fhi 1
jcb-fhi 15
579
3
bgde-fhj 9
ii-fhj 6
fag-fhj 5
580
2
gcc-fia 8
hga-fia 12
581
3
gjb-fib 1
fgb-fib 6
bag-fib 13
582
3
bgaj-fic 10
cea-fic 1
ijd-fic 9
583
3
cih-fid 12
hh-fid 6
bbaa-fid 2
584
2
efe-fie 19
bccf-fie 1
585
4
ibj-fif 16
gge-fif 1
bfcg-fif 1
bbc-fif 2
586
4
eib-fig 8
dec-fig 10
ejg-fig 1
bfj-fig 1
587
1
id-fih 20
588
4
gde-fii 10
bagb-fii 6
haf-fii 2
bcfh-fii 2
589
1
bdfi-fij 20
590
3
edj-fja 10
cih-fja 4
bhf-fja 6
591
7
bggb-fjb 8
hc-fjb 1
cij-fjb 3
gef-fjb 1
hae-fjb 1
gcg-fjb 1
caa-fjb 5
592
5
hdf-fjc 5
bcff-fjc 1
dbg-fjc 3
cie-fjc 5
baee-fjc 6
593
1
cif-fjd 20
594
4
hdj-fje 13
fba-fje 1
bbac-fje 4
hci-fje 2
595
3
fhc-fjf 5
bahg-fjf 5
jhf-fjf 10
596
1
bcfe-fjg 20
597
2
baij-fjh 18
babb-fjh 2
598
7
bgb-fji 1
fij-fji 1
cdf-fji 1
jbi-fji 1
bddi-fji 9
iga-fji 5
hh-fji 2
599
2
gj-fjj 10
bbg-fjj 10
600
3
gjf-gaa 3
gbb-gaa 4
bacj-gaa 13
601
1
gdh-gab 20
602
1
cca-gac 20
603
6
jjh-gad 1
cdf-gad 1
bdfe-gad 1
bf-gad 1
bjc-gad 14
hij-gad 2
604
6
bfi-gae 9
ghc-gae 2
bd-gae 2
jci-gae 1
ceb-gae 4
hca-gae 2
606
4
jij-gag 1
dgc-gag 6
bahg-gag 7
dff-gag 6
607
3
ici-gah 15
fac-gah 4
iaf-gah 1
609
4
ccf-gaj 10
iae-gaj 8
di-gaj 1
bcde-gaj 1
610
3
bbib-gba 6
fdi-gba 1
bbge-gba 13
611
5
cgb-gbb 3
bfjj-gbb 1
becb-gbb 11
eja-gbb 3
dhf-gbb 2
612
3
bbhc-gbc 16
bbh-gbc 1
baab-gbc 3
613
3
gca-gbd 7
fcb-gbd 10
bbcd-gbd 3
614
1
bgfd-gbe 20
615
4
bdcf-gbf 2
bbeh-gbf 3
fgd-gbf 3
ccj-gbf 12
616
3
bbcb-gbg 8
dhh-gbg 7
dga-gbg 5
617
2
ff-gbh 19
ejj-gbh 1
618
5
bacg-gbi 4
dbi-gbi 1
bbeh-gbi 11
ifc-gbi 1
ej-gbi 3
619
4
bbfi-gbj 3
jej-gbj 9
gch-gbj 4
eaa-gbj 4
620
3
haj-gca 15
gfd-gca 1
hbg-gca 4
621
3
cab-gcb 12
bch-gcb 1
bfbd-gcb 7
622
7
cdh-gcc 2
baad-gcc 3
bafc-gcc 3
gaj-gcc 2
bbii-gcc 2
iie-gcc 6
baee-gcc 2
623
1
egf-gcd 20
624
1
fai-gce 20
625
2
daf-gcf 7
baii-gcf 13
626
3
chg-gcg 7
ijg-gcg 8
hgd-gcg 5
627
2
bdc-gch 11
cih-gch 9
628
3
cea-gci 10
bga-gci 3
igb-gci 7
629
2
ebb-gcj 18
ged-gcj 2
630
2
bdcf-gda 12
ihh-gda 8
631
3
bbg-gdb 1
eah-gdb 12
cb-gdb 7
632
4
babf-gdc 13
gbe-gdc 1
cah-gdc 2
ifc-gdc 4
633
3
hfi-gdd 9
dgb-gdd 1
bcag-gdd 10
634
3
baeb-gde 5
cdd-gde 4
gba-gde 11
635
3
gfe-gdf 13
bhc-gdf 4
bchf-gdf 3
636
4
db-gdg 3
hag-gdg 1
bajh-gdg 3
bddj-gdg 13
637
2
jci-gdh 9
bdfd-gdh 11
638
1
jcc-gdi 20
639
2
gjg-gdj 14
cei-gdj 6
640
5
eaa-gea 8
dea-gea 4
cda-gea 5
edi-gea 1
jh-gea 2
641
2
hhd-geb 17
begg-geb 3
642
1
ihd-gec 20
643
1
bdbj-ged 20
644
1
dda-gee 20
645
4
bdgj-gef 9
gfh-gef 2
dfi-gef 1
gij-gef 8
646
3
gaj-geg 9
cie-geg 6
bfcj-geg 5
647
2
bjh-geh 8
jg-geh 12
648
3
ffa-gei 15
daf-gei 1
iba-gei 4
649
3
fec-gej 12
hgi-gej 5
bge-gej 3
650
2
bgeg-gfa 18
hbc-gfa 2
651
3
bcbi-gfb 4
gfj-gfb 13
jhj-gfb 3
652
3
baha-gfc 6
ccf-gfc 6
bcb-gfc 8
653
3
bdbg-gfd 13
gch-gfd 5
hjb-gfd 2
654
3
bif-gfe 11
hfa-gfe 3
baci-gfe 6
655
6
ehe-gff 1
hh-gff 5
bga-gff 10
egf-gff 1
jbi-gff 1
idi-gff 2
656
1
bahh-gfg 20
657
4
bi-gfh 15
jaj-gfh 3
iga-gfh 1
ffb-gfh 1
658
3
becd-gfi 11
ghc-gfi 5
ech-gfi 4
659
1
bdba-gfj 20
660
2
bhe-gga 6
hhe-gga 14
661
2
eae-ggb 15
bee-ggb 5
662
2
bgae-ggc 8
id-ggc 12
663
2
jhh-ggd 14
djj-ggd 6
664
8
gaj-gge 4
ehc-gge 1
beg-gge 2
ifg-gge 1
bfid-gge 2
bdc-gge 1
beai-gge 1
efd-gge 8
665
4
jfj-ggf 9
bcdj-ggf 3
feh-ggf 7
hab-ggf 1
666
3
caf-ggg 12
dij-ggg 2
die-ggg 6
667
1
cab-ggh 20
668
3
cgh-ggi 14
cbc-ggi 5
bfc-ggi 1
670
4
bfgj-gha 4
gii-gha 5
gdh-gha 7
ifc-gha 4
671
5
bbfg-ghb 7
bbff-ghb 2
idb-ghb 7
bgef-ghb 1
bgae-ghb 3
672
5
fhi-ghc 7
bch-ghc 4
beid-ghc 1
cib-ghc 3
fea-ghc 5
673
3
did-ghd 3
egj-ghd 9
bae-ghd 8
674
2
ggg-ghe 12
ccb-ghe 8
676
2
fhb-ghg 11
dhh-ghg 9
677
2
bacj-ghh 16
cbc-ghh 4
678
3
cic-ghi 3
hai-ghi 13
daf-ghi 4
679
4
fdb-ghj 4
hec-ghj 2
fcd-ghj 3
bcbc-ghj 11
680
3
hbf-gia 5
ied-gia 3
egg-gia 12
681
2
cic-gib 1
bbhf-gib 19
682
4
bbga-gic 5
dhi-gic 1
gge-gic 9
bjc-gic 5
683
2
cjj-gid 5
ddg-gid 15
684
2
iih-gie 18
ici-gie 2
685
5
bcig-gif 3
gdf-gif 7
bcdi-gif 3
hge-gif 6
jea-gif 1
687
4
bbfb-gih 4
die-gih 5
badc-gih 10
baai-gih 1
688
2
baab-gii 8
ib-gii 12
689
4
ehf-gij 11
ehh-gij 2
ibd-gij 2
bei-gij 5
690
1
ecd-gja 20
691
1
ebc-gjb 20
692
5
hji-gjc 6
ca-gjc 5
gbe-gjc 1
hg-gjc 5
behb-gjc 3
693
1
gad-gjd 20
694
3
bbdf-gje 13
bhc-gje 3
b-gje 4
695
3
hdh-gjf 9
dig-gjf 5
ieg-gjf 6
696
5
egg-gjg 2
bbic-gjg 1
behg-gjg 1
bfb-gjg 13
bdda-gjg 3
697
3
cbg-gjh 10
dfd-gjh 5
cje-gjh 5
698
1
bbgf-gji 20
699
3
iii-gjj 2
hhe-gjj 15
fbi-gjj 3
700
3
dbe-haa 9
bjj-haa 1
bcea-haa 10
701
3
fij-hab 10
bcfg-hab 3
gc-hab 7
702
1
bcbg-hac 20
703
1
iec-had 20
704
6
chi-hae 7
idb-hae 1
bbic-hae 1
fac-hae 3
hea-hae 3
ije-hae 5
705
3
jji-haf 10
jda-haf 9
bbcd-haf 1
706
6
ecj-hag 8
dic-hag 2
dfg-hag 7
hje-hag 1
bcgb-hag 1
beje-hag 1
707
2
fda-hah 8
efj-hah 12
708
1
hfh-hai 20
709
1
bdjj-haj 20
710
2
bega-hba 2
bdbi-hba 18
711
3
cfb-hbb 2
cgj-hbb 12
fac-hbb 6
712
2
ffc-hbc 14
jdg-hbc 6
713
3
eij-hbd 7
bei-hbd 6
bdff-hbd 7
714
2
fc-hbe 18
fji-hbe 2
715
2
jf-hbf 17
fcf-hbf 3
716
4
ife-hbg 7
gde-hbg 7
bdjf-hbg 5
egh-hbg 1
717
3
ci-hbh 8
ifg-hbh 6
babe-hbh 6
718
2
jfh-hbi 7
egd-hbi 13
719
2
jge-hbj 8
bedf-hbj 12
720
4
ead-hca 8
cib-hca 2
hcf-hca 6
ibe-hca 4
721
3
jba-hcb 9
bahd-hcb 5
bdfa-hcb 6
722
2
iee-hcc 4
cie-hcc 16
723
3
jee-hcd 7
bgi-hcd 11
bdhb-hcd 2
724
4
bchf-hce 1
beaf-hce 8
eab-hce 7
ejf-hce 4
725
5
gad-hcf 3
hhc-hcf 3
cih-hcf 7
b-hcf 6
bbae-hcf 1
726
3
ibf-hcg 7
baed-hcg 5
ja-hcg 8
727
2
fci-hch 11
gdg-hch 9
728
4
ggi-hci 14
bdff-hci 3
geh-hci 1
fbf-hci 2
729
3
jd-hcj 8
bbgd-hcj 1
eec-hcj 11
730
4
ffb-hda 6
eda-hda 7
idc-hda 5
dec-hda 2
731
4
fei-hdb 11
bfhg-hdb 1
bejg-hdb 2
jh-hdb 6
732
5
jbf-hdc 6
befb-hdc 1
bdac-hdc 3
cej-hdc 3
cbi-hdc 7
733
2
bcf-hdd 19
bdg-hdd 1
734
2
bbjf-hde 18
jfh-hde 2
735
5
bbha-hdf 6
dci-hdf 5
bcfg-hdf 1
fad-hdf 4
gbh-hdf 4
736
3
dac-hdg 13
eba-hdg 5
fjc-hdg 2
737
1
fec-hdh 20
738
1
beah-hdi 20
739
3
haa-hdj 15
jbj-hdj 4
eci-hdj 1
740
7
jjg-hea 7
bdfd-hea 1
befg-hea 6
djb-hea 1
fdf-hea 1
bcji-hea 3
jb-hea 1
741
1
icg-heb 20
742
4
bfjg-hec 4
fai-hec 3
bdhc-hec 11
bdda-hec 2
743
1
bcbg-hed 20
744
2
bfhd-hee 15
gbf-hee 5
745
4
bfch-hef 11
beg-hef 1
bjd-hef 1
gha-hef 7
746
3
bcdd-heg 7
ceb-heg 8
fid-heg 5
747
3
ed-heh 1
hii-heh 18
dcb-heh 1
748
3
fad-hei 6
ie-hei 10
if-hei 4
749
2
bgbd-hej 8
cec-hej 12
750
3
jga-hfa 9
befe-hfa 7
dgc-hfa 4
751
2
icd-hfb 11
bff-hfb 9
752
3
gjh-hfc 15
bcdc-hfc 1
gab-hfc 4
753
3
bcec-hfd 7
bad-hfd 1
eih-hfd 12
754
3
gac-hfe 4
ejg-hfe 12
bahd-hfe 4
755
2
bacc-hff 15
bbci-hff 5
756
2
gfd-hfg 18
bbac-hfg 2
757
3
bbaj-hfh 12
ihf-hfh 4
ede-hfh 4
758
2
eci-hfi 17
beih-hfi 3
759
2
bfhi-hfj 14
gaa-hfj 6
760
2
fdb-hga 5
bbg-hga 15
761
2
bccd-hgb 14
hfc-hgb 6
762
4
hje-hgc 3
dej-hgc 6
fia-hgc 10
fea-hgc 1
763
2
bbfa-hgd 16
bedb-hgd 4
764
2
efg-hge 18
beff-hge 2
765
4
bafe-hgf 9
icd-hgf 2
bci-hgf 2
fea-hgf 7
766
1
baib-hgg 20
767
2
deg-hgh 18
dej-hgh 2
768
2
cdb-hgi 8
baja-hgi 12
770
4
hdd-hha 11
ihj-hha 4
baad-hha 2
ii-hha 3
771
3
gfa-hhb 17
dfa-hhb 1
bbaa-hhb 2
772
3
eia-hhc 1
fhc-hhc 14
beff-hhc 5
773
2
bdec-hhd 13
gaa-hhd 7
774
3
gja-hhe 2
bdfa-hhe 1
eff-hhe 17
775
1
bafj-hhf 20
776
2
hbb-hhg 15
dgd-hhg 5
777
1
haa-hhh 20
778
1
bdci-hhi 20
779
6
beb-hhj 7
hie-hhj 1
chi-hhj 1
cbg-hhj 8
bfag-hhj 2
jec-hhj 1
780
2
jdd-hia 17
bbie-hia 3
781
2
bbi-hib 4
bbfb-hib 16
782
4
chh-hic 3
dhd-hic 12
dcc-hic 3
bgcf-hic 2
783
1
bgdg-hid 20
784
1
bgbb-hie 20
785
3
fje-hif 11
ggc-hif 5
cii-hif 4
786
3
che-hig 5
fig-hig 12
gb-hig 3
787
2
iaf-hih 16
ddh-hih 4
788
3
jaj-hii 12
djb-hii 2
cgi-hii 6
789
5
bbbd-hij 2
dif-hij 1
bji-hij 11
hag-hij 3
fj-hij 3
790
1
fae-hja 20
791
2
cfh-hjb 19
bde-hjb 1
792
4
hcc-hjc 2
bbfi-hjc 7
gaj-hjc 8
bfhe-hjc 3
793
2
bbd-hjd 8
fef-hjd 12
794
2
fgj-hje 12
bdja-hje 8
795
3
edj-hjf 11
gid-hjf 7
beji-hjf 2
796
5
cfa-hjg 9
igd-hjg 1
jgg-hjg 1
jdh-hjg 7
eda-hjg 2
797
2
bcg-hjh 7
caj-hjh 13
798
1
hfj-hji 20
799
7
beea-hjj 3
cjf-hjj 9
bgc-hjj 3
fgd-hjj 2
gah-hjj 1
bace-hjj 1
fe-hjj 1
800
5
dhc-iaa 4
jcg-iaa 1
deb-iaa 2
ead-iaa 1
eef-iaa 12
801
3
bdbh-iab 13
ech-iab 6
cdh-iab 1
802
3
hia-iac 8
eic-iac 2
hbi-iac 10
803
3
cba-iad 4
dd-iad 8
cgd-iad 8
804
5
cjg-iae 1
cib-iae 2
cdf-iae 1
bcd-iae 10
fjd-iae 6
805
4
ejf-iaf 13
jd-iaf 2
gjf-iaf 2
ecj-iaf 3
806
3
bage-iag 6
ejg-iag 6
ihd-iag 8
807
2
dad-iah 2
fei-iah 18
808
3
gf-iai 4
jh-iai 1
dje-iai 15
809
1
bddg-iaj 20
810
5
ejb-iba 12
bafb-iba 1
bbbj-iba 2
bcb-iba 4
bbba-iba 1
811
2
bead-ibb 9
iha-ibb 11
812
2
bbgf-ibc 17
egb-ibc 3
813
2
bgcj-ibd 9
bdhd-ibd 11
814
2
bbcc-ibe 8
fba-ibe 12
815
3
dih-ibf 7
bffh-ibf 9
dje-ibf 4
816
4
bafg-ibg 4
efj-ibg 3
fhg-ibg 10
ceb-ibg 3
817
3
eja-ibh 8
bahj-ibh 7
babb-ibh 5
818
4
fdi-ibi 10
fii-ibi 8
bjc-ibi 1
jib-ibi 1
819
4
bbdb-ibj 9
dfd-ibj 2
bbcd-ibj 5
hae-ibj 4
820
3
bcfh-ica 6
dgi-ica 2
becf-ica 12
821
3
hfi-icb 12
fib-icb 1
fhj-icb 7
823
5
jaj-icd 7
jaa-icd 3
hcd-icd 3
hj-icd 2
eig-icd 5
824
3
jfh-ice 12
ehd-ice 3
hgi-ice 5
825
4
dbb-icf 6
cih-icf 10
fce-icf 1
bcha-icf 3
826
3
bjj-icg 15
gcg-icg 1
bcdi-icg 4
827
1
beei-ich 20
828
2
jc-ici 15
cj-ici 5
829
1
jie-icj 20
830
2
hee-ida 6
bcfd-ida 14
831
4
bach-idb 2
cdh-idb 3
ghi-idb 11
fce-idb 4
832
2
gjg-idc 15
iij-idc 5
833
4
bfda-idd 8
fih-idd 6
bbah-idd 3
fj-idd 3
835
4
efa-idf 6
dh-idf 4
bajg-idf 9
dii-idf 1
836
3
bfi-idg 14
bagf-idg 3
dhd-idg 3
838
4
hhc-idi 3
bbdd-idi 13
ech-idi 1
bgfa-idi 3
839
2
bcc-idj 1
fdj-idj 19
840
3
bebf-iea 14
bij-iea 4
chb-iea 2
841
3
fhb-ieb 8
bdaj-ieb 1
bbie-ieb 11
842
3
hfh-iec 16
bbca-iec 3
hfg-iec 1
843
4
bbid-ied 8
jac-ied 7
bche-ied 3
hhb-ied 2
844
2
efc-iee 11
bdcd-iee 9
845
4
hag-ief 6
ea-ief 3
bfc-ief 5
bbah-ief 6
846
4
ffh-ieg 13
idd-ieg 1
hcd-ieg 4
fjj-ieg 2
847
3
bge-ieh 1
caj-ieh 17
bchj-ieh 2
848
5
bcgb-iei 5
efg-iei 6
behf-iei 2
hgi-iei 6
dbf-iei 1
849
2
bdi-iej 18
bbh-iej 2
850
3
hcf-ifa 8
bbbi-ifa 3
ccc-ifa 9
851
2
bagh-ifb 4
dfh-ifb 16
852
4
ejj-ifc 11
bchg-ifc 7
jid-ifc 1
cee-ifc 1
853
3
bbhd-ifd 9
ijh-ifd 4
cf-ifd 7
854
3
bbdj-ife 3
hjf-ife 14
dad-ife 3
855
3
efe-iff 11
jgf-iff 7
cgi-iff 2
856
3
be-ifg 11
jci-ifg 7
bgeb-ifg 2
857
3
cid-ifh 16
baai-ifh 1
baga-ifh 3
858
1
bcci-ifi 20
860
1
ebb-iga 20
861
1
cif-igb 20
862
3
bcgi-igc 9
eaf-igc 1
gh-igc 10
863
2
ggg-igd 6
ife-igd 14
864
3
hjc-ige 14
dbj-ige 1
dbi-ige 5
865
1
egi-igf 20
866
1
babd-igg 20
867
1
hag-igh 20
868
2
bcbj-igi 15
bbg-igi 5
869
3
dde-igj 6
jba-igj 9
bdie-igj 5
870
3
bcdj-iha 10
jfa-iha 7
hgf-iha 3
871
1
bbcj-ihb 20
872
2
ehj-ihc 13
eba-ihc 7
873
3
fj-ihd 2
bbdd-ihd 5
behh-ihd 13
874
3
hdi-ihe 6
hdj-ihe 13
hdg-ihe 1
875
3
bbad-ihf 6
ijj-ihf 13
bfcc-ihf 1
876
4
cdj-ihg 11
bcj-ihg 5
gij-ihg 2
gbf-ihg 2
877
2
gih-ihh 14
cib-ihh 6
878
4
hdb-ihi 12
bdgf-ihi 3
gjh-ihi 4
bebh-ihi 1
879
2
caf-ihj 5
cef-ihj 15
880
3
fgb-iia 14
fid-iia 4
hfh-iia 2
881
5
baeb-iib 4
id-iib 3
bafa-iib 8
chd-iib 4
cfb-iib 1
882
4
iie-iic 3
gfa-iic 7
jje-iic 1
fag-iic 9
883
3
ffa-iid 10
bfei-iid 3
iae-iid 7
884
4
bec-iie 6
cbb-iie 9
bejf-iie 2
jee-iie 3
885
2
bbei-iif 10
hif-iif 10
886
2
hcg-iig 15
hjb-iig 5
887
1
hbj-iih 20
888
1
bbib-iii 20
889
1
baaa-iij 20
890
2
dbj-ija 10
iaa-ija 10
892
3
cgi-ijc 4
bbf-ijc 10
bcij-ijc 6
893
3
beda-ijd 5
hfi-ijd 9
gdh-ijd 6
894
4
beef-ije 8
bef-ije 1
gda-ije 4
bbbj-ije 7
895
1
hei-ijf 20
896
2
ig-ijg 5
behi-ijg 15
897
1
bii-ijh 20
898
1
gd-iji 20
899
2
iaf-ijj 8
cff-ijj 12
900
1
bbjh-jaa 20
901
2
gbe-jab 16
baej-jab 4
902
5
ghg-jac 11
hca-jac 5
ibb-jac 2
bgg-jac 1
ejj-jac 1
903
2
bcij-jad 12
djc-jad 8
904
1
bbih-jae 20
905
2
bdig-jaf 11
bgd-jaf 9
906
2
cg-jag 12
cbc-jag 8
907
4
fie-jah 2
baia-jah 6
bchh-jah 9
bcif-jah 3
908
5
efa-jai 5
gbj-jai 4
bbbg-jai 2
hah-jai 2
bffi-jai 7
909
2
ebd-jaj 12
iic-jaj 8
910
2
bdef-jba 18
gej-jba 2
911
2
dhg-jbb 1
gjc-jbb 19
912
2
gbg-jbc 12
jca-jbc 8
913
3
bfad-jbd 15
bgh-jbd 1
dij-jbd 4
914
1
de-jbe 20
915
4
gfg-jbf 7
hai-jbf 5
bedi-jbf 1
cc-jbf 7
916
4
ehd-jbg 2
bdid-jbg 2
baie-jbg 15
bjd-jbg 1
917
3
babf-jbh 10
dbd-jbh 8
bji-jbh 2
918
1
bdcc-jbi 20
919
2
ejd-jbj 11
jhb-jbj 9
920
4
idf-jca 4
jfg-jca 5
fdh-jca 3
jde-jca 8
921
2
faj-jcb 19
gae-jcb 1
922
2
gfb-jcc 8
fjg-jcc 12
923
4
hgh-jcd 6
ied-jcd 6
bagh-jcd 3
jcc-jcd 5
924
1
bafi-jce 20
925
3
igj-jcf 12
djc-jcf 7
ghe-jcf 1
926
3
babe-jcg 14
cfj-jcg 3
ggg-jcg 3
928
6
bfbf-jci 6
fb-jci 1
hhe-jci 1
beia-jci 6
fch-jci 1
gih-jci 5
930
3
cjb-jda 3
bdig-jda 2
bgdf-jda 15
931
5
jji-jdb 2
cgf-jdb 6
hge-jdb 8
jhc-jdb 1
bbaj-jdb 3
932
3
hbh-jdc 11
gdh-jdc 3
jc-jdc 6
933
3
dic-jdd 7
dhc-jdd 1
ffh-jdd 12
934
4
ha-jde 9
bcjb-jde 2
bie-jde 1
bi-jde 8
936
5
gea-jdg 3
bh-jdg 1
bhb-jdg 1
ibi-jdg 3
dhj-jdg 12
937
1
ea-jdh 20
939
3
eic-jdj 14
jfj-jdj 1
ja-jdj 5
940
1
ije-jea 20
941
1
jad-jeb 20
942
4
bdfg-jec 9
ehc-jec 5
dae-jec 1
badg-jec 5
943
1
djc-jed 20
944
4
ej-jee 16
hjb-jee 2
ceg-jee 1
cfg-jee 1
945
4
bbfe-jef 4
fad-jef 9
badj-jef 6
bbje-jef 1
946
2
baib-jeg 13
bbj-jeg 7
947
3
bafe-jeh 18
ddj-jeh 1
bgdb-jeh 1
948
1
eff-jei 20
949
2
ehb-jej 19
dch-jej 1
950
4
fdj-jfa 2
iec-jfa 4
chb-jfa 12
bhe-jfa 2
951
3
cge-jfb 7
ebb-jfb 2
bbdb-jfb 11
952
2
jgb-jfc 16
cgh-jfc 4
953
2
fbd-jfd 19
babc-jfd 1
954
3
bfgb-jfe 14
c-jfe 4
egf-jfe 2
955
2
egg-jff 17
bfeb-jff 3
956
3
fic-jfg 16
bccb-jfg 1
ega-jfg 3
957
4
bffj-jfh 4
gfb-jfh 12
eij-jfh 1
fdf-jfh 3
958
4
dii-jfi 4
bbj-jfi 4
eib-jfi 9
befa-jfi 3
959
5
bdhe-jfj 6
bcc-jfj 2
bcaj-jfj 1
jfa-jfj 7
eac-jfj 4
960
4
fdf-jga 15
bagg-jga 1
bfcd-jga 3
bfab-jga 1
961
1
ecd-jgb 20
962
5
bba-jgc 4
cfa-jgc 1
babj-jgc 6
ibd-jgc 1
ied-jgc 8
964
5
dda-jge 9
bedj-jge 1
gbf-jge 3
bcgj-jge 3
bagf-jge 4
965
4
hhj-jgf 7
bhg-jgf 2
fbf-jgf 6
i-jgf 5
966
3
cfd-jgg 5
heh-jgg 7
bajc-jgg 8
967
2
jcb-jgh 6
dfc-jgh 14
968
2
iae-jgi 11
gjf-jgi 9
970
3
jia-jha 5
bea-jha 8
ghd-jha 7
971
1
ejg-jhb 20
972
3
ced-jhc 17
eej-jhc 2
hei-jhc 1
973
2
geb-jhd 12
gba-jhd 8
974
2
bbai-jhe 17
jae-jhe 3
975
4
bajj-jhf 8
behe-jhf 1
gid-jhf 3
fch-jhf 8
976
2
hde-jhg 13
fbi-jhg 7
977
3
gab-jhh 3
bfia-jhh 4
gej-jhh 13
978
2
bagi-jhi 7
bcj-jhi 13
979
1
eei-jhj 20
980
6
bje-jia 13
ddg-jia 1
baca-jia 3
baac-jia 1
ecc-jia 1
bded-jia 1
981
4
bab-jib 13
iac-jib 4
bjf-jib 1
gda-jib 2
982
2
igj-jic 19
hff-jic 1
983
3
bgfj-jid 11
cag-jid 6
jff-jid 3
984
3
hdb-jie 12
cij-jie 7
baih-jie 1
985
3
bb-jif 3
dge-jif 8
hah-jif 9
986
3
gha-jig 18
bafi-jig 1
bbe-jig 1
987
2
bfa-jih 18
gfi-jih 2
988
2
ddf-jii 8
cei-jii 12
989
2
ge-jij 19
bah-jij 1
991
4
cjc-jjb 3
ieg-jjb 9
hja-jjb 7
bdi-jjb 1
992
3
bcgb-jjc 13
jbg-jjc 2
jhg-jjc 5
993
1
daj-jjd 20
994
4
bbcg-jje 5
baig-jje 1
badd-jje 8
ej-jje 6
995
2
ccf-jjf 14
hja-jjf 6
996
1
gfc-jjg 20
997
1
geh-jjh 20
998
1
hef-jji 20
999
3
bcci-jjj 1
baea-jjj 16
edg-jjj 3
1000
1
fgi-baaa 20
1001
4
jeg-baab 10
efi-baab 3
ifd-baab 3
bc-baab 4
1002
2
hig-baac 16
jbh-baac 4
1003
4
ceb-baad 14
bbbh-baad 1
jcd-baad 4
ehj-baad 1
1004
1
eje-baae 20
1005
2
baae-baaf 13
bdej-baaf 7
1006
5
beja-baag 4
jci-baag 4
fc-baag 10
ffj-baag 1
cdc-baag 1
1007
1
baef-baah 20
1008
2
bacb-baai 10
baha-baai 10
1009
1
ceb-baaj 20
1010
4
jdf-baba 3
ehi-baba 2
dfi-baba 5
bbfb-baba 10
1011
3
djh-babb 17
ggi-babb 2
edh-babb 1
1012
4
jga-babc 3
beag-babc 11
baif-babc 3
if-babc 3
1013
2
gec-babd 11
dfe-babd 9
1014
4
ebj-babe 7
ije-babe 4
dbj-babe 6
cjc-babe 3
1015
1
begj-babf 20
1016
2
bdhd-babg 16
beba-babg 4
1017
2
baia-babh 7
cbg-babh 13
1018
2
baij-babi 3
cdb-babi 17
1019
3
bbcg-babj 14
bfib-babj 3
fdc-babj 3
1020
1
igh-baca 20
1021
5
jhb-bacb 1
jg-bacb 4
bgbj-bacb 3
jce-bacb 7
bcje-bacb 5
1022
2
gdb-bacc 13
hbc-bacc 7
1023
1
jgf-bacd 20
1024
2
dhb-bace 13
bbcd-bace 7
1026
2
bgdb-bacg 9
cja-bacg 11
1027
2
bih-bach 11
fdd-bach 9
1028
1
ejc-baci 20
1029
3
iha-bacj 11
ibj-bacj 7
bada-bacj 2
1030
3
bbcf-bada 5
gdb-bada 6
hej-bada 9
1031
3
bddf-badb 12
dcd-badb 6
bdf-badb 2
1032
2
hfg-badc 4
ifg-badc 16
1033
2
bcac-badd 15
jc-badd 5
1034
1
ega-bade 20
1035
1
fgh-badf 20
1036
2
jhi-badg 14
bbbf-badg 6
1037
2
fhe-badh 17
bbgj-badh 3
1038
2
bbdi-badi 14
ghg-badi 6
1039
4
ijj-badj 9
bbhf-badj 3
bjf-badj 5
ff-badj 3
1040
2
jgg-baea 9
hdd-baea 11
1041
4
fd-baeb 1
bdcj-baeb 5
iag-baeb 12
bbaf-baeb 2
1042
4
hbg-baec 7
jaa-baec 4
ccb-baec 4
jha-baec 5
1043
1
djc-baed 20
1044
1
baeg-baee 20
1045
3
fi-baef 13
efd-baef 4
gj-baef 3
1046
3
hhd-baeg 9
bcef-baeg 10
jdc-baeg 1
1047
1
ihg-baeh 20
1048
3
bagg-baei 14
bhc-baei 2
bcig-baei 4
1049
2
bbhh-baej 11
bdfj-baej 9
1050
4
babe-bafa 11
cff-bafa 5
dgj-bafa 3
jdj-bafa 1
1051
3
bbbd-bafb 10
gdg-bafb 2
baah-bafb 8
1052
2
bbef-bafc 16
hii-bafc 4
1053
2
cfa-bafd 14
fei-bafd 6
1054
2
fdd-bafe 18
bgf-bafe 2
1055
2
bfif-baff 12
hcj-baff 8
1056
1
fdd-bafg 20
1057
1
jbd-bafh 20
1058
3
chi-bafi 9
bag-bafi 3
bhj-bafi 8
1059
2
hef-bafj 15
gfi-bafj 5
1060
1
bbag-baga 20
1061
1
fhb-bagb 20
1062
1
gie-bagc 20
1063
3
ibg-bagd 8
hgd-bagd 3
beg-bagd 9
1064
2
jhf-bage 12
jfb-bage 8
1065
2
bgd-bagf 12
bede-bagf 8
1066
3
hgb-bagg 10
baie-bagg 4
fcb-bagg 6
1067
5
gje-bagh 2
cde-bagh 4
cgf-bagh 6
ijg-bagh 5
eab-bagh 3
1068
2
bcac-bagi 19
ggh-bagi 1
1069
3
bad-bagj 3
bgj-bagj 10
jhd-bagj 7
1070
2
bgcc-baha 15
bcgf-baha 5
1071
1
bgah-bahb 20
1072
1
hbg-bahc 20
1073
5
efa-bahd 6
behd-bahd 1
dbb-bahd 5
beij-bahd 5
dii-bahd 3
1074
1
bcdi-bahe 20
1075
2
ffi-bahf 18
bagd-bahf 2
1076
2
gjc-bahg 16
bgc-bahg 4
1077
4
bedg-bahh 9
bahg-bahh 6
hea-bahh 1
jab-bahh 4
1078
3
ia-bahi 16
hab-bahi 2
ghc-bahi 2
1079
1
fbe-bahj 20
1080
1
bgg-baia 20
1081
1
iac-baib 20
1082
2
iaa-baic 10
bcgg-baic 10
1083
1
ib-baid 20
1084
5
chg-baie 3
iaf-baie 7
efc-baie 4
bai-baie 5
bade-baie 1
1085
1
jcb-baif 20
1086
3
edd-baig 13
jgh-baig 5
hif-baig 2
1087
5
becj-baih 7
bbgd-baih 6
gcf-baih 5
bcej-baih 1
eea-baih 1
1088
2
ffj-baii 19
bbab-baii 1
1089
3
bfh-baij 11
bha-baij 8
ife-baij 1
1090
4
cdh-baja 7
cgg-baja 4
bif-baja 7
bcfj-baja 2
1091
3
bafj-bajb 15
bdfg-bajb 2
ji-bajb 3
1092
2
dhb-bajc 12
bbae-bajc 8
1093
2
bfjc-bajd 3
hha-bajd 17
1094
4
iej-baje 8
hhe-baje 9
bdab-baje 2
gfi-baje 1
1095
4
jeb-bajf 4
jcd-bajf 5
bcje-bajf 7
bbgi-bajf 4
1096
2
fi-bajg 8
cgf-bajg 12
1097
2
bia-bajh 11
hba-bajh 9
1098
1
baje-baji 20
1099
3
ejh-bajj 14
eci-bajj 5
bajf-bajj 1
1100
2
beeg-bbaa 17
bcfa-bbaa 3
1101
1
bbfc-bbab 20
1102
4
dce-bbac 10
fed-bbac 1
iif-bbac 6
bejd-bbac 3
1103
2
bbag-bbad 19
jbh-bbad 1
1104
6
eah-bbae 10
gc-bbae 1
gid-bbae 4
hg-bbae 2
bcfc-bbae 2
bgba-bbae 1
1105
1
eff-bbaf 20
1106
1
gff-bbag 20
1107
4
bfjh-bbah 3
beci-bbah 9
cja-bbah 1
fhe-bbah 7
1108
2
bafj-bbai 15
bhj-bbai 5
1109
1
ich-bbaj 20
1110
5
babb-bbba 4
cgd-bbba 13
hdb-bbba 1
jid-bbba 1
hde-bbba 1
1111
1
hed-bbbb 20
1113
4
icb-bbbd 9
bgab-bbbd 7
bbh-bbbd 1
baec-bbbd 3
1114
3
bcc-bbbe 12
bccj-bbbe 2
dhj-bbbe 6
1115
2
gej-bbbf 12
cef-bbbf 8
1116
2
icb-bbbg 16
ief-bbbg 4
1117
2
ehg-bbbh 12
bagc-bbbh 8
1118
1
bac-bbbi 20
1119
3
bgdj-bbbj 13
bahe-bbbj 4
big-bbbj 3
1120
1
jcc-bbca 20
1121
5
jfd-bbcb 3
hih-bbcb 2
djj-bbcb 2
fbc-bbcb 8
iee-bbcb 5
1122
2
bgf-bbcc 18
hbd-bbcc 2
1123
2
baii-bbcd 9
gje-bbcd 11
1124
2
gde-bbce 12
iff-bbce 8
1125
2
fhc-bbcf 2
bbae-bbcf 18
1126
3
fcg-bbcg 14
bdid-bbcg 2
ccj-bbcg 4
1127
1
icb-bbch 20
1128
2
babh-bbci 10
bie-bbci 10
1129
2
bbbb-bbcj 11
hee-bbcj 9
1130
1
jde-bbda 20
1131
5
bbf-bbdb 1
bfdj-bbdb 6
hjj-bbdb 4
idc-bbdb 5
ifa-bbdb 4
1133
5
gid-bbdd 10
beb-bbdd 2
eii-bbdd 1
bci-bbdd 1
fgh-bbdd 6
1134
1
jif-bbde 20
1135
3
baed-bbdf 14
gbc-bbdf 1
gbi-bbdf 5
1136
3
bgdc-bbdg 13
bid-bbdg 1
bhc-bbdg 6
1137
3
eef-bbdh 13
bcjd-bbdh 1
ghb-bbdh 6
1138
3
hbh-bbdi 18
bcba-bbdi 1
baee-bbdi 1
1139
1
ghi-bbdj 20
1140
2
cga-bbea 12
df-bbea 8
1141
5
bffc-bbeb 4
ji-bbeb 6
ihd-bbeb 2
bbde-bbeb 6
bbae-bbeb 2
1142
1
bcie-bbec 20
1143
1
jc-bbed 20
1144
1
bdee-bbee 20
1145
4
fjb-bbef 7
fjf-bbef 2
badd-bbef 10
ce-bbef 1
1146
3
bgbc-bbeg 13
bcjg-bbeg 5
eca-bbeg 2
1147
2
ghj-bbeh 15
eg-bbeh 5
1148
2
gej-bbei 17
eif-bbei 3
1149
3
fja-bbej 16
bcbb-bbej 2
fci-bbej 2
1150
1
bacc-bbfa 20
1151
3
baji-bbfb 13
bbgg-bbfb 4
bdah-bbfb 3
1152
2
ibh-bbfc 14
bfej-bbfc 6
1153
4
ebc-bbfd 2
bdcj-bbfd 5
bdje-bbfd 10
eaa-bbfd 3
1154
1
bbgi-bbfe 20
1155
6
ihi-bbff 1
dbh-bbff 1
jig-bbff 6
bdjd-bbff 1
hg-bbff 5
fcc-bbff 6
1156
3
fea-bbfg 3
bfee-bbfg 6
eee-bbfg 11
1157
2
bbjg-bbfh 17
gec-bbfh 3
1158
3
bfhb-bbfi 16
bace-bbfi 2
bbej-bbfi 2
1159
3
ifc-bbfj 2
cje-bbfj 12
cbc-bbfj 6
1160
2
jbc-bbga 1
eji-bbga 19
1161
4
jff-bbgb 2
hgd-bbgb 1
hi-bbgb 16
iic-bbgb 1
1162
1
bafa-bbgc 20
1163
1
bgag-bbgd 20
1164
4
ddd-bbge 1
bbff-bbge 4
ihg-bbge 12
eb-bbge 3
1165
1
fcj-bbgf 20
1166
4
gfh-bbgg 4
ca-bbgg 2
bdai-bbgg 13
bcde-bbgg 1
1167
1
bbei-bbgh 20
1168
2
jgi-bbgi 18
bfi-bbgi 2
1169
3
bejh-bbgj 9
eah-bbgj 7
bbcj-bbgj 4
1170
2
fbe-bbha 19
begi-bbha 1
1171
1
iec-bbhb 20
1172
2
cbh-bbhc 19
bca-bbhc 1
1173
4
bced-bbhd 12
ece-bbhd 3
j-bbhd 1
bdb-bbhd 4
1174
4
gfe-bbhe 1
id-bbhe 8
bbgb-bbhe 3
fh-bbhe 8
1175
3
bfec-bbhf 10
baif-bbhf 9
dia-bbhf 1
1177
2
beee-bbhh 19
bcjf-bbhh 1
1178
2
bfge-bbhi 9
hgi-bbhi 11
1180
3
edb-bbia 10
ei-bbia 5
ij-bbia 5
1181
1
bdi-bbib 20
1182
2
befc-bbic 18
iab-bbic 2
1183
1
bbdd-bbid 20
1184
3
bbhj-bbie 5
dee-bbie 3
def-bbie 12
1185
2
dcj-bbif 8
bij-bbif 12
1187
2
gc-bbih 19
bfd-bbih 1
1188
2
bfgf-bbii 13
jhc-bbii 7
1189
2
bbdf-bbij 19
beci-bbij 1
1190
2
bacb-bbja 14
fec-bbja 6
1192
2
bhc-bbjc 9
ii-bbjc 11
1194
1
cbd-bbje 20
1195
3
haj-bbjf 10
fcj-bbjf 4
jbg-bbjf 6
1196
3
hjb-bbjg 4
bbfe-bbjg 12
bagj-bbjg 4
1197
2
bcjb-bbjh 8
jih-bbjh 12
1198
3
hhi-bbji 13
ijh-bbji 6
bch-bbji 1
1199
1
cig-bbjj 20
1200
2
bgb-bcaa 18
bbie-bcaa 2
1201
2
gce-bcab 10
dfi-bcab 10
1202
2
had-bcac 11
fa-bcac 9
1203
2
bgcb-bcad 17
bdf-bcad 3
1204
2
bdaj-bcae 19
ibg-bcae 1
1205
2
bbha-bcaf 13
bcda-bcaf 7
1206
1
bgch-bcag 20
1207
1
eed-bcah 20
1208
1
bbcj-bcai 20
1209
1
bbji-bcaj 20
1210
1
ejb-bcba 20
1211
3
die-bcbb 2
hag-bcbb 12
bdbj-bcbb 6
1212
5
bcij-bcbc 9
bafj-bcbc 2
ef-bcbc 5
bbai-bcbc 2
dbe-bcbc 2
1213
1
baca-bcbd 20
1214
2
gda-bcbe 11
bdd-bcbe 9
1215
2
igc-bcbf 9
bged-bcbf 11
1216
3
dbh-bcbg 16
iea-bcbg 2
behc-bcbg 2
1217
1
bhg-bcbh 20
1218
2
jdd-bcbi 18
bfcf-bcbi 2
1219
2
hjj-bcbj 4
hgc-bcbj 16
1220
4
jfe-bcca 10
bdhj-bcca 1
fb-bcca 1
behj-bcca 8
1221
2
cid-bccb 10
egb-bccb 10
1222
1
edj-bccc 20
1223
3
bfed-bccd 6
ced-bccd 13
behg-bccd 1
1224
2
eci-bcce 7
iib-bcce 13
1225
2
bajb-bccf 18
bfhd-bccf 2
1226
2
badf-bccg 9
begg-bccg 11
1228
2
bcae-bcci 16
hjd-bcci 4
1229
6
cfg-bccj 1
bg-bccj 3
bdeb-bccj 3
dci-bccj 4
gbe-bccj 1
hci-bccj 8
1230
3
beii-bcda 8
dh-bcda 1
ijd-bcda 11
1231
3
bbeb-bcdb 11
baci-bcdb 4
bddd-bcdb 5
1232
4
bfga-bcdc 6
bccd-bcdc 7
bcj-bcdc 3
ghb-bcdc 4
1233
3
bbfh-bcdd 14
bdid-bcdd 2
bagh-bcdd 4
1234
5
bcha-bcde 14
cba-bcde 1
gic-bcde 2
baji-bcde 2
beje-bcde 1
1235
1
bbef-bcdf 20
1236
3
hjc-bcdg 6
chc-bcdg 5
jje-bcdg 9
1237
1
faf-bcdh 20
1238
2
hee-bcdi 19
cfg-bcdi 1
1239
1
fdb-bcdj 20
1240
1
becb-bcea 20
1241
2
bfcf-bceb 4
idj-bceb 16
1243
1
bcjd-bced 20
1244
3
ejh-bcee 12
iai-bcee 1
bdja-bcee 7
1245
2
fbb-bcef 17
fbj-bcef 3
1246
1
cca-bceg 20
1247
2
bdae-bceh 16
bbdf-bceh 4
1248
1
bci-bcei 20
1249
3
gif-bcej 5
jfh-bcej 7
ef-bcej 8
1250
2
djh-bcfa 13
jfh-bcfa 7
1252
1
cig-bcfc 20
1253
2
idg-bcfd 1
beie-bcfd 19
1255
4
ddd-bcff 2
iie-bcff 13
begg-bcff 4
hfh-bcff 1
1256
1
fjj-bcfg 20
1257
1
egd-bcfh 20
1258
1
ihe-bcfi 20
1259
3
ibc-bcfj 12
bchb-bcfj 1
cig-bcfj 7
1261
2
jae-bcgb 19
eai-bcgb 1
1262
2
bahc-bcgc 16
beih-bcgc 4
1264
2
baih-bcge 11
bgh-bcge 9
1265
1
bbga-bcgf 20
1266
1
bfhf-bcgg 20
1267
1
bdjg-bcgh 20
1268
3
hce-bcgi 13
fca-bcgi 4
bge-bcgi 3
1269
3
bfci-bcgj 12
beae-bcgj 1
bdbg-bcgj 7
1270
1
deh-bcha 20
1271
2
bdfj-bchb 17
hhd-bchb 3
1272
2
cej-bchc 15
bdb-bchc 5
1273
2
jbd-bchd 19
bdaf-bchd 1
1274
2
becg-bche 19
gcd-bche 1
1275
2
bfag-bchf 19
hdj-bchf 1
1276
4
hhj-bchg 8
hga-bchg 5
idc-bchg 3
bebi-bchg 4
1277
3
bbij-bchh 2
bcjj-bchh 8
cjb-bchh 10
1278
1
bcdj-bchi 20
1279
1
jcd-bchj 20
1280
3
hid-bcia 10
ibc-bcia 7
bgec-bcia 3
1281
3
dde-bcib 16
bje-bcib 3
bfgd-bcib 1
1284
2
eic-bcie 12
bbgh-bcie 8
1285
2
bdjb-bcif 12
jhh-bcif 8
1286
1
fae-bcig 20
1287
1
cae-bcih 20
1288
3
jeh-bcii 1
bafh-bcii 16
cga-bcii 3
1289
1
ebd-bcij 20
1290
3
bbfi-bcja 10
ica-bcja 8
hhd-bcja 2
1291
2
bcaa-bcjb 12
dba-bcjb 8
1292
2
bbaf-bcjc 16
bbdg-bcjc 4
1293
1
hdf-bcjd 20
1294
1
bbfh-bcje 20
1295
3
dde-bcjf 8
bedc-bcjf 4
bdjc-bcjf 8
1296
2
eii-bcjg 13
jce-bcjg 7
1297
1
dch-bcjh 20
1298
1
ida-bcji 20
1299
2
fig-bcjj 17
bfgi-bcjj 3
1300
3
gcj-bdaa 16
eba-bdaa 1
edh-bdaa 3
1301
2
iji-bdab 12
bdib-bdab 8
1302
2
gba-bdac 19
cgb-bdac 1
1303
2
dja-bdad 9
ch-bdad 11
1304
2
bahi-bdae 10
bbif-bdae 10
1305
1
ga-bdaf 20
1307
2
beeg-bdah 14
ibd-bdah 6
1308
2
baij-bdai 5
bajh-bdai 15
1309
2
hed-bdaj 6
je-bdaj 14
1310
1
bbch-bdba 20
1314
1
hh-bdbe 20
1316
3
ddc-bdbg 3
bfii-bdbg 1
hdj-bdbg 16
1317
1
jhg-bdbh 20
1318
2
dbc-bdbi 1
bfbc-bdbi 19
1319
4
gid-bdbj 6
jfa-bdbj 5
dhe-bdbj 7
bbci-bdbj 2
1320
1
fej-bdca 20
1321
2
cii-bdcb 15
ibj-bdcb 5
1322
2
bdhf-bdcc 17
iig-bdcc 3
1323
2
bdgd-bdcd 14
bbcb-bdcd 6
1324
1
jfc-bdce 20
1325
1
faa-bdcf 20
1326
1
bce-bdcg 20
1327
2
hgc-bdch 18
cac-bdch 2
1328
2
ci-bdci 6
efh-bdci 14
1329
2
feb-bdcj 16
jjc-bdcj 4
1330
2
efh-bdda 9
bebj-bdda 11
1333
2
bcbf-bddd 18
daa-bddd 2
1334
1
jif-bdde 20
1335
1
bbbg-bddf 20
1336
1
badj-bddg 20
1337
1
bffa-bddh 20
1339
3
bcaf-bddj 2
bj-bddj 17
bbbe-bddj 1
1340
1
dc-bdea 20
1341
2
bdif-bdeb 17
jaf-bdeb 3
1342
4
bfaf-bdec 15
cca-bdec 1
ida-bdec 1
bfeg-bdec 3
1343
1
befd-bded 20
1344
3
bcie-bdee 11
gii-bdee 6
cgc-bdee 3
1345
2
bbeg-bdef 16
hbe-bdef 4
1346
1
bgfb-bdeg 20
1347
1
cfc-bdeh 20
1348
1
bccd-bdei 20
1349
2
bfaa-bdej 11
jag-bdej 9
1350
2
bje-bdfa 15
hdb-bdfa 5
1351
1
ijg-bdfb 20
1353
2
bec-bdfd 12
efb-bdfd 8
1354
2
gdf-bdfe 17
bfeg-bdfe 3
1355
1
jga-bdff 20
1356
2
bib-bdfg 6
bdic-bdfg 14
1357
2
bege-bdfh 10
bacc-bdfh 10
1358
2
becc-bdfi 12
jcf-bdfi 8
1359
3
hae-bdfj 3
cdf-bdfj 16
bbjf-bdfj 1
1360
4
ehh-bdga 3
ihf-bdga 3
bafa-bdga 13
begc-bdga 1
1361
2
bead-bdgb 15
hig-bdgb 5
1362
2
eba-bdgc 13
bcbd-bdgc 7
1363
1
gbc-bdgd 20
1364
1
baej-bdge 20
1365
3
bfbe-bdgf 9
gdb-bdgf 3
fcc-bdgf 8
1366
1
fbh-bdgg 20
1367
2
ghj-bdgh 14
eea-bdgh 6
1368
2
bdj-bdgi 8
bdjb-bdgi 12
1369
1
bgdi-bdgj 20
1370
2
behi-bdha 15
daj-bdha 5
1371
2
hbh-bdhb 13
haf-bdhb 7
1372
2
jei-bdhc 2
bahg-bdhc 18
1373
2
bcbg-bdhd 16
bae-bdhd 4
1374
4
jjj-bdhe 7
bagb-bdhe 8
baia-bdhe 3
ecc-bdhe 2
1375
2
bfae-bdhf 17
bcdh-bdhf 3
1376
1
efd-bdhg 20
1377
1
bdfd-bdhh 20
1378
3
ihe-bdhi 3
ccf-bdhi 8
hb-bdhi 9
1379
1
iah-bdhj 20
1380
2
bgff-bdia 17
jgg-bdia 3
1381
1
bcfi-bdib 20
1382
1
hhg-bdic 20
1383
1
beh-bdid 20
1384
1
igc-bdie 20
1385
2
f-bdif 19
fgc-bdif 1
1386
2
bajc-bdig 19
bdge-bdig 1
1388
2
fbg-bdii 8
cch-bdii 12
1389
1
fbg-bdij 20
1390
2
bdeb-bdja 8
bbhb-bdja 12
1391
1
bchd-bdjb 20
1392
2
ifh-bdjc 11
bfbb-bdjc 9
1393
1
eca-bdjd 20
1394
2
cge-bdje 6
bacj-bdje 14
1395
1
jig-bdjf 20
1396
1
bdef-bdjg 20
1397
1
bfdf-bdjh 20
1398
2
egb-bdji 16
bej-bdji 4
1399
1
bccf-bdjj 20
1400
2
eeb-beaa 14
bcfj-beaa 6
1403
2
bib-bead 12
bafg-bead 8
1404
1
bdch-beae 20
1406
1
cci-beag 20
1407
2
bche-beah 15
bgfc-beah 5
1408
1
ida-beai 20
1409
2
dea-beaj 11
bcea-beaj 9
1410
3
bbcb-beba 13
bbf-beba 3
bfg-beba 4
1411
1
bgf-bebb 20
1412
1
bbah-bebc 20
1413
1
bejj-bebd 20
1414
1
bccd-bebe 20
1415
2
bbfj-bebf 13
ghb-bebf 7
1416
1
idj-bebg 20
1417
1
bbgc-bebh 20
1418
1
fad-bebi 20
1419
1
bbec-bebj 20
1420
2
jjf-beca 9
ddg-beca 11
1421
2
bfbj-becb 13
bcg-becb 7
1422
2
bcc-becc 19
haf-becc 1
1423
2
bbii-becd 9
fba-becd 11
1424
1
fii-bece 20
1425
2
fed-becf 6
hce-becf 14
1426
1
bagi-becg 20
1428
1
bbgj-beci 20
1429
2
bdbi-becj 19
hec-becj 1
1430
3
bfhh-beda 2
bc-beda 2
cbd-beda 16
1431
1
bebd-bedb 20
1432
2
bfaj-bedc 16
baic-bedc 4
1433
1
ceg-bedd 20
1434
2
hf-bede 3
bbda-bede 17
1435
2
ebh-bedf 15
djf-bedf 5
1436
1
jbg-bedg 20
1437
2
baha-bedh 17
bgai-bedh 3
1438
1
iib-bedi 20
1439
1
igd-bedj 20
1441
2
hcf-beeb 18
bbee-beeb 2
1442
1
jba-beec 20
1443
2
bfih-beed 18
becd-beed 2
1444
2
eff-beee 16
hhc-beee 4
1445
2
icf-beef 19
hhf-beef 1
1446
2
bdeb-beeg 5
he-beeg 15
1447
1
bdgc-beeh 20
1448
1
bdcg-beei 20
1450
2
ebe-befa 16
cbc-befa 4
1451
1
babd-befb 20
1452
1
bchf-befc 20
1453
2
dci-befd 6
iia-befd 14
1454
1
fif-befe 20
1455
2
hc-beff 8
fid-beff 12
1456
1
bah-befg 20
1458
1
bahf-befi 20
1459
1
bdgc-befj 20
1460
1
gca-bega 20
1461
1
iie-begb 20
1462
1
bgad-begc 20
1463
1
bdgi-begd 20
1464
2
babb-bege 11
bdci-bege 9
1466
2
ifb-begg 12
bfai-begg 8
1467
1
eac-begh 20
1468
1
cff-begi 20
1469
2
eef-begj 11
bbfb-begj 9
1470
3
cji-beha 6
bebd-beha 4
hcj-beha 10
1471
1
bfdh-behb 20
1472
1
ifa-behc 20
1473
1
eda-behd 20
1474
3
bgaa-behe 8
ihd-behe 6
baja-behe 6
1475
1
hdf-behf 20
1476
1
iei-behg 20
1477
1
bcgg-behh 20
1478
2
bjh-behi 16
bgde-behi 4
1479
2
ihb-behj 2
dcd-behj 18
1480
1
ffd-beia 20
1481
1
bdaj-beib 20
1482
3
dg-beic 10
bbb-beic 9
ec-beic 1
1483
2
bdje-beid 12
iai-beid 8
1485
3
cii-beif 16
hfb-beif 2
gab-beif 2
1486
1
bedd-beig 20
1487
2
ijd-beih 17
dcc-beih 3
1488
1
cbe-beii 20
1489
1
bah-beij 20
1491
1
bace-bejb 20
1493
1
badc-bejd 20
1494
1
baag-beje 20
1495
1
jhi-bejf 20
1496
1
bcag-bejg 20
1497
1
bdaa-bejh 20
1498
2
dcf-beji 11
ifa-beji 9
1499
1
cdg-bejj 20
1500
2
ccd-bfaa 17
bhf-bfaa 3
1501
1
fbi-bfab 20
1503
1
jhc-bfad 20
1504
2
bfah-bfae 4
ecc-bfae 16
1505
1
bedh-bfaf 20
1506
2
jai-bfag 12
bdad-bfag 8
1507
1
jbf-bfah 20
1508
1
bcaj-bfai 20
1509
1
bcjd-bfaj 20
1510
1
bdgg-bfba 20
1511
1
hda-bfbb 20
1512
1
ijd-bfbc 20
1513
3
bbjd-bfbd 8
fia-bfbd 11
dcg-bfbd 1
1514
1
behh-bfbe 20
1515
2
bdga-bfbf 17
efe-bfbf 3
1516
1
hih-bfbg 20
1518
1
jjc-bfbi 20
1519
1
beif-bfbj 20
1520
1
ghc-bfca 20
1521
3
gaj-bfcb 6
bbba-bfcb 8
gfa-bfcb 6
1522
1
gga-bfcc 20
1523
3
ggc-bfcd 8
bdbj-bfcd 1
bcdc-bfcd 11
1524
1
jh-bfce 20
1525
1
bca-bfcf 20
1526
3
bfgg-bfcg 10
bgdj-bfcg 9
cjc-bfcg 1
1527
1
bafe-bfch 20
1528
1
fjb-bfci 20
1529
2
dif-bfcj 10
gh-bfcj 10
1530
1
baai-bfda 20
1531
1
iih-bfdb 20
1532
1
bfbc-bfdc 20
1533
1
bcgh-bfdd 20
1534
1
jgf-bfde 20
1535
1
ddf-bfdf 20
1536
1
bdfi-bfdg 20
1537
1
bdec-bfdh 20
1538
2
fgc-bfdi 15
ihc-bfdi 5
1539
2
dgg-bfdj 17
bddd-bfdj 3
1540
1
jdg-bfea 20
1541
1
ggf-bfeb 20
1542
2
edg-bfec 17
bdge-bfec 3
1543
2
iea-bfed 14
iia-bfed 6
1544
2
fhi-bfee 16
dae-bfee 4
1545
3
bgda-bfef 14
faa-bfef 2
ied-bfef 4
1546
1
dfb-bfeg 20
1547
1
fdc-bfeh 20
1548
1
cbf-bfei 20
1549
1
bdia-bfej 20
1550
1
iab-bffa 20
1551
1
bda-bffb 20
1552
1
iai-bffc 20
1553
1
egi-bffd 20
1555
1
becg-bfff 20
1556
1
gci-bffg 20
1557
1
ghi-bffh 20
1558
1
ed-bffi 20
1559
1
eda-bffj 20
1561
2
beif-bfgb 16
bcfj-bfgb 4
1562
1
bdac-bfgc 20
1563
1
ihj-bfgd 20
1564
1
chj-bfge 20
1565
2
bgga-bfgf 14
eig-bfgf 6
1566
1
ec-bfgg 20
1567
1
bbie-bfgh 20
1568
3
bgej-bfgi 16
fea-bfgi 2
bgee-bfgi 2
1570
1
cga-bfha 20
1571
1
bhg-bfhb 20
1572
1
dgd-bfhc 20
1573
1
bdgb-bfhd 20
1574
1
bfi-bfhe 20
1575
2
ded-bfhf 6
jjj-bfhf 14
1576
2
ibi-bfhg 9
bfhi-bfhg 11
1577
1
ibh-bfhh 20
1578
1
ice-bfhi 20
1579
2
bejj-bfhj 14
gih-bfhj 6
1580
1
df-bfia 20
1581
1
bdca-bfib 20
1582
2
igc-bfic 15
bgfg-bfic 5
1583
1
hfa-bfid 20
1584
1
ceh-bfie 20
1585
2
caa-bfif 13
dfi-bfif 7
1587
1
cif-bfih 20
1588
2
edc-bfii 18
hjg-bfii 2
1589
1
gih-bfij 20
1590
1
bie-bfja 20
1591
1
icj-bfjb 20
1592
1
bej-bfjc 20
1593
1
bajd-bfjd 20
1594
1
bfba-bfje 20
1595
1
cdg-bfjf 20
1596
1
bdej-bfjg 20
1598
1
bebd-bfji 20
1599
1
hhg-bfjj 20
1600
1
bcdd-bgaa 20
1601
1
fga-bgab 20
1602
1
babg-bgac 20
1603
1
bdba-bgad 20
1604
1
bajd-bgae 20
1606
1
bed-bgag 20
1607
1
bdhi-bgah 20
1608
1
baji-bgai 20
1609
1
egb-bgaj 20
1610
1
ddd-bgba 20
1611
1
dib-bgbb 20
1612
1
bba-bgbc 20
1613
1
bfje-bgbd 20
1614
1
bfhe-bgbe 20
1615
1
bbfa-bgbf 20
1616
1
dff-bgbg 20
1617
2
ece-bgbh 17
bgfh-bgbh 3
1618
1
bfjc-bgbi 20
1619
1
cbj-bgbj 20
1620
1
hjh-bgca 20
1621
1
icd-bgcb 20
1622
2
bdbe-bgcc 14
dga-bgcc 6
1625
1
cib-bgcf 20
1626
1
cba-bgcg 20
1627
1
cga-bgch 20
1628
2
bda-bgci 13
hje-bgci 7
1629
1
beeg-bgcj 20
1630
1
bcai-bgda 20
1631
1
jdd-bgdb 20
1632
1
gbb-bgdc 20
1633
2
ede-bgdd 16
bhf-bgdd 4
1634
1
beic-bgde 20
1635
1
bbia-bgdf 20
1636
1
baf-bgdg 20
1637
1
hhh-bgdh 20
1638
2
jdi-bgdi 11
bach-bgdi 9
1639
1
jdb-bgdj 20
1640
1
bcia-bgea 20
1641
1
ega-bgeb 20
1642
2
bacg-bgec 13
djd-bgec 7
1643
1
behi-bged 20
1644
1
hjf-bgee 20
1645
1
fed-bgef 20
1646
1
baca-bgeg 20
1647
1
bece-bgeh 20
1648
1
bgca-bgei 20
1649
1
jej-bgej 20
1650
1
bddj-bgfa 20
1651
1
bhh-bgfb 20
1652
1
bfjg-bgfc 20
1653
2
ddb-bgfd 3
gif-bgfd 17
1654
1
bfcf-bgfe 20
1655
1
bcgh-bgff 20
1656
1
bce-bgfg 20
1657
1
bgbi-bgfh 20
1658
1
bie-bgfi 20
1659
1
eef-bgfj 20
1660
1
bdhi-bgga 20
1661
1
bdhg-bggb 20
