1523
1
2
dab-b 4
ehb-b 6
2
5
bih-c 4
dgj-c 7
bi-c 5
fcd-c 1
di-c 13
3
2
bcb-d 26
ii-d 4
4
2
cba-e 11
hic-e 4
5
4
jbb-f 2
e-f 29
bdjf-f 2
bda-f 2
6
1
gic-g 30
8
2
geg-i 7
gie-i 8
9
3
fbj-j 1
bi-j 3
heg-j 16
10
1
bdi-ba 10
11
6
bcea-bb 12
bgf-bb 2
bee-bb 1
bcef-bb 5
cd-bb 19
gc-bb 1
12
2
hbf-bc 25
dgf-bc 5
13
2
bejh-bd 13
cjb-bd 2
14
4
bbbj-be 11
babg-be 6
fec-be 1
beai-be 2
15
2
hi-bf 9
dh-bf 1
16
3
baae-bg 9
bdii-bg 12
bi-bg 14
17
2
bgeh-bh 4
ihi-bh 11
18
3
feh-bi 6
babg-bi 17
fic-bi 2
19
2
bdbf-bj 29
dhf-bj 11
20
1
gjh-ca 20
22
1
dgf-cc 20
23
4
bcaj-cd 15
ffb-cd 4
bhd-cd 8
dbg-cd 3
24
2
jag-ce 19
bi-ce 1
25
3
def-cf 16
cc-cf 7
eac-cf 2
28
4
bffg-ci 19
hif-ci 1
hfh-ci 2
befi-ci 3
29
2
bfgd-cj 7
fbi-cj 8
30
5
fai-da 10
bcei-da 11
bdf-da 7
bhd-da 10
beib-da 2
31
3
bbde-db 2
cbh-db 27
bgj-db 6
32
4
iag-dc 14
ifh-dc 1
bbgj-dc 4
iej-dc 11
33
3
fc-dd 8
dfg-dd 4
babg-dd 3
34
2
ghj-de 14
di-de 6
35
4
gc-df 10
bfgb-df 13
igi-df 1
iei-df 1
36
6
bgfe-dg 11
bed-dg 8
hah-dg 7
bcii-dg 5
bebe-dg 3
bcag-dg 6
37
3
dc-dh 15
bagf-dh 9
hha-dh 1
38
1
haf-di 5
39
1
gdb-dj 15
40
4
eee-ea 2
jjh-ea 15
jff-ea 4
dbb-ea 9
41
2
cdi-eb 13
bbfc-eb 2
42
1
cdc-ec 25
43
2
edf-ed 3
bcia-ed 22
44
1
bacc-ee 15
45
3
cij-ef 9
cih-ef 4
ige-ef 22
46
2
ggg-eg 19
bdj-eg 6
47
3
bbfg-eh 1
bbei-eh 23
gdh-eh 1
48
4
bb-ei 22
dff-ei 3
jfj-ei 1
bcjf-ei 4
49
2
cd-ej 6
baig-ej 9
50
4
dhe-fa 11
jji-fa 1
bhg-fa 12
bc-fa 6
51
1
bdc-fb 15
52
2
fif-fc 24
bfch-fc 1
53
3
dhe-fd 10
je-fd 2
daf-fd 8
54
1
jic-fe 5
55
2
gb-ff 27
cje-ff 8
57
1
bejb-fh 35
58
1
bfdg-fi 15
59
2
ifd-fj 7
dbg-fj 28
60
2
fga-ga 20
bi-ga 10
61
2
bbjc-gb 5
bbeb-gb 5
62
4
eie-gc 13
e-gc 8
bdfa-gc 8
gge-gc 1
63
6
dai-gd 5
daj-gd 18
dbf-gd 1
bfgc-gd 2
je-gd 3
gfb-gd 11
64
2
dfi-ge 3
g-ge 7
65
1
cgh-gf 5
66
4
idf-gg 11
bfjf-gg 1
jhg-gg 3
cdh-gg 10
67
3
jci-gh 12
bddh-gh 1
bh-gh 2
68
3
ch-gi 6
cbe-gi 6
bcff-gi 3
69
1
gjj-gj 15
70
1
db-ha 15
71
2
iaa-hb 9
efh-hb 1
72
4
cif-hc 12
dbf-hc 1
ejc-hc 1
gg-hc 6
74
3
hc-he 22
bebb-he 11
bcjc-he 2
75
2
bdbc-hf 1
hie-hf 19
76
2
cgj-hg 6
bja-hg 14
77
2
gcj-hh 16
bjb-hh 19
78
4
bac-hi 10
fa-hi 4
iba-hi 7
baec-hi 4
79
3
gfg-hj 5
di-hj 7
jfc-hj 3
80
4
bdjd-ia 15
bfeh-ia 1
di-ia 1
ccc-ia 3
82
2
cgi-ic 6
bedh-ic 9
83
2
gbg-id 12
eab-id 8
84
3
dej-ie 7
haj-ie 5
bjd-ie 13
85
3
bfce-if 8
di-if 6
bcge-if 1
86
1
egf-ig 10
87
2
cgh-ih 11
bcfj-ih 4
88
5
bgfi-ii 19
chf-ii 1
dgc-ii 3
eig-ii 6
bacj-ii 1
89
1
bcd-ij 20
90
1
hij-ja 15
91
2
ehi-jb 13
jc-jb 7
92
4
bbjg-jc 4
gii-jc 2
fci-jc 18
babi-jc 6
93
2
fhj-jd 8
cae-jd 2
94
5
gdf-je 14
bi-je 11
bfgb-je 2
fcf-je 2
bfc-je 1
95
1
iae-jf 15
96
2
daf-jg 11
beb-jg 4
97
3
bbfg-jh 20
hib-jh 2
dai-jh 8
98
2
bdjh-ji 22
bccj-ji 3
99
3
fgf-jj 3
dej-jj 11
bcee-jj 1
100
4
dig-baa 4
efg-baa 10
dfi-baa 3
fhg-baa 8
101
2
chf-bab 18
jhg-bab 2
102
3
gja-bac 16
hfi-bac 3
bfe-bac 6
103
2
bfi-bad 10
bha-bad 5
104
3
bdga-bae 17
cd-bae 2
dgj-bae 1
105
1
bdbh-baf 25
106
3
bfce-bag 16
fic-bag 1
bcc-bag 18
107
5
gjh-bah 9
hbf-bah 8
deg-bah 2
ifd-bah 8
bbcc-bah 3
108
1
cfj-bai 10
110
2
gdc-bba 12
fbe-bba 13
111
2
fdh-bbb 13
d-bbb 7
112
3
jje-bbc 7
dbb-bbc 8
chf-bbc 10
114
3
cb-bbe 5
cie-bbe 1
ehd-bbe 9
115
4
bage-bbf 11
bei-bbf 6
dfc-bbf 1
bej-bbf 7
116
4
eba-bbg 20
gdc-bbg 4
eg-bbg 5
iff-bbg 1
117
2
bacc-bbh 9
gjh-bbh 6
118
3
bca-bbi 26
gfd-bbi 15
beeh-bbi 4
119
7
baja-bbj 5
gjh-bbj 2
bbag-bbj 1
eh-bbj 8
ige-bbj 8
bbf-bbj 2
fag-bbj 9
120
3
gaf-bca 24
eae-bca 3
gae-bca 3
121
3
fba-bcb 8
bbgc-bcb 4
bbdg-bcb 8
122
6
bebg-bcc 11
bbff-bcc 15
bbab-bcc 2
jg-bcc 2
bjd-bcc 3
gfi-bcc 2
123
4
ddj-bcd 6
eed-bcd 11
gc-bcd 4
jec-bcd 4
124
6
edi-bce 16
bb-bce 4
gef-bce 4
bi-bce 10
ccc-bce 1
gc-bce 5
126
3
dbg-bcg 19
di-bcg 12
bhj-bcg 4
127
3
ecb-bch 26
fbh-bch 3
gad-bch 1
128
6
bcbc-bci 8
fag-bci 12
bbc-bci 1
bbhe-bci 1
bbf-bci 11
bagb-bci 2
129
2
iff-bcj 33
bbf-bcj 2
130
4
dhg-bda 6
ffa-bda 2
dfj-bda 17
eh-bda 5
131
2
deh-bdb 36
efd-bdb 4
132
5
fee-bdc 6
fdc-bdc 1
bbjh-bdc 6
bfea-bdc 16
bec-bdc 16
133
3
bjf-bdd 21
bcgc-bdd 1
bece-bdd 3
134
2
iah-bde 24
bba-bde 6
135
4
bbab-bdf 4
gbf-bdf 11
gea-bdf 12
hcg-bdf 3
136
5
jdg-bdg 23
bbij-bdg 4
cha-bdg 7
bcc-bdg 2
bahh-bdg 4
137
2
feh-bdh 3
jjg-bdh 17
138
3
bffi-bdi 25
iic-bdi 3
gci-bdi 2
139
6
jfe-bdj 16
ffb-bdj 2
igg-bdj 1
hhc-bdj 2
geh-bdj 5
bbbh-bdj 9
140
3
cdh-bea 7
dgc-bea 12
fif-bea 1
141
4
cbe-beb 21
edh-beb 8
hia-beb 4
fe-beb 7
142
6
hj-bec 11
bdei-bec 2
ii-bec 5
hea-bec 2
eei-bec 5
bdh-bec 15
143
3
ica-bed 15
begd-bed 8
cd-bed 7
144
3
gjd-bee 8
bgbe-bee 13
cfa-bee 4
145
3
fgj-bef 10
jei-bef 7
dai-bef 3
146
2
bja-beg 18
bef-beg 7
147
2
ieh-beh 19
hi-beh 26
148
5
fge-bei 7
bcgi-bei 3
jbi-bei 7
jca-bei 5
becg-bei 3
149
4
bdb-bej 9
fif-bej 7
dbi-bej 5
bec-bej 4
150
1
cjd-bfa 25
151
1
bdji-bfb 10
152
3
bafi-bfc 19
dcb-bfc 3
cdb-bfc 23
153
3
jgi-bfd 8
bif-bfd 3
cie-bfd 9
154
3
baea-bfe 17
gbc-bfe 6
dch-bfe 2
155
1
eec-bff 20
156
2
bgac-bfg 30
dae-bfg 10
157
1
bae-bfh 20
158
4
ich-bfi 8
bgci-bfi 1
jhe-bfi 9
gaa-bfi 17
159
3
gif-bfj 11
bii-bfj 9
ded-bfj 5
160
3
efe-bga 6
hbd-bga 7
dij-bga 2
161
2
cgc-bgb 20
hea-bgb 10
162
1
cdb-bgc 35
163
3
bgdh-bgd 12
edg-bgd 7
gd-bgd 6
164
1
hci-bge 15
165
1
iaa-bgf 20
166
4
bcaa-bgg 10
ehg-bgg 5
heh-bgg 1
bdde-bgg 14
167
3
bfgh-bgh 11
be-bgh 3
dbg-bgh 11
168
2
daj-bgi 25
cbi-bgi 15
169
2
bffe-bgj 12
hch-bgj 13
170
3
fh-bha 25
ccd-bha 5
gi-bha 10
171
5
ih-bhb 5
fcb-bhb 5
bfbi-bhb 7
hhd-bhb 10
jh-bhb 3
172
3
bbfd-bhc 7
bagf-bhc 15
bfe-bhc 8
173
2
hj-bhd 7
eed-bhd 13
174
1
daa-bhe 25
175
3
cgi-bhf 5
bci-bhf 19
ech-bhf 6
176
4
cbg-bhg 20
cdi-bhg 5
bci-bhg 7
babb-bhg 3
177
3
cch-bhh 4
cbc-bhh 2
bai-bhh 14
178
3
eaj-bhi 13
gbb-bhi 6
ibh-bhi 6
179
2
ghd-bhj 23
bafb-bhj 12
181
2
fhc-bib 8
eae-bib 7
182
1
dc-bic 20
183
1
bajd-bid 20
184
4
bde-bie 3
eig-bie 7
bcc-bie 44
bcai-bie 1
185
2
babf-bif 23
bgcg-bif 2
186
1
deg-big 10
187
3
bcff-bih 16
dcf-bih 1
hef-bih 3
188
3
ejd-bii 7
bga-bii 1
bcej-bii 17
189
2
ba-bij 19
cia-bij 11
190
2
ded-bja 10
dca-bja 5
191
3
bcdb-bjb 11
bbee-bjb 7
db-bjb 2
192
1
baad-bjc 25
193
4
di-bjd 6
ghb-bjd 5
hdg-bjd 8
gd-bjd 6
194
2
ecd-bje 10
cga-bje 10
195
5
bccc-bjf 7
baff-bjf 6
ecg-bjf 9
hic-bjf 1
hii-bjf 7
197
3
eah-bjh 18
bcb-bjh 6
cd-bjh 6
198
4
cgh-bji 5
beeb-bji 9
dbg-bji 5
fdj-bji 1
199
3
gci-bjj 15
jhe-bjj 2
baad-bjj 3
200
2
djj-caa 14
dhc-caa 16
201
3
cjd-cab 18
bdg-cab 9
daf-cab 3
202
3
dbf-cac 15
fid-cac 4
cgd-cac 6
203
1
icg-cad 15
204
3
hhb-cae 9
bccg-cae 20
bcb-cae 11
205
3
gag-caf 2
bafb-caf 8
ghc-caf 5
206
4
ebb-cag 13
cie-cag 1
bbg-cag 2
fbi-cag 4
207
1
bebe-cah 30
208
1
gdb-cai 10
210
4
bgdd-cba 5
bbjf-cba 13
bccb-cba 1
bfi-cba 1
212
2
bcdg-cbc 3
efg-cbc 7
213
7
ehe-cbd 11
cec-cbd 3
jfc-cbd 5
eag-cbd 4
bif-cbd 8
jej-cbd 1
bcdc-cbd 8
214
1
bbcc-cbe 5
215
1
ceb-cbf 15
216
2
becj-cbg 17
bbfi-cbg 3
217
1
bhi-cbh 25
218
2
bdi-cbi 6
ede-cbi 9
219
2
gjj-cbj 22
hi-cbj 3
220
4
ihg-cca 20
eea-cca 1
cbe-cca 5
bbdb-cca 4
221
2
bjj-ccb 18
ejj-ccb 12
222
3
eag-ccc 6
bcda-ccc 4
jfh-ccc 5
223
2
ecd-ccd 27
bajb-ccd 3
225
6
hcc-ccf 12
ihi-ccf 5
dca-ccf 4
ghd-ccf 6
ga-ccf 4
jeg-ccf 4
226
2
hjh-ccg 31
ijd-ccg 4
227
4
ice-cch 3
bhe-cch 12
baaf-cch 1
egd-cch 4
228
4
haf-cci 4
bbfd-cci 11
bgbg-cci 1
ceb-cci 4
229
1
hji-ccj 30
230
1
dd-cda 15
231
4
fcf-cdb 5
bff-cdb 8
jaa-cdb 3
ejg-cdb 4
232
3
fad-cdc 14
eb-cdc 1
ddj-cdc 15
233
2
bebi-cdd 7
db-cdd 3
234
2
bjb-cde 25
gge-cde 10
235
5
fjc-cdf 12
bhj-cdf 5
badh-cdf 4
iee-cdf 2
dfa-cdf 2
236
3
gcf-cdg 11
bfjd-cdg 15
dff-cdg 4
237
2
bbja-cdh 10
gfd-cdh 5
238
2
beha-cdi 13
j-cdi 7
239
1
ega-cdj 15
240
3
che-cea 19
jaj-cea 2
if-cea 14
241
2
bfj-ceb 19
bdea-ceb 11
242
1
bad-cec 20
243
1
bbgc-ced 15
244
1
ic-cee 15
245
3
bha-cef 9
dab-cef 7
bfi-cef 4
246
1
gdg-ceg 20
248
1
fhi-cei 25
249
4
dif-cej 28
bh-cej 7
bbee-cej 4
bbeg-cej 1
250
4
gei-cfa 10
hdi-cfa 4
bdhb-cfa 7
ice-cfa 4
252
1
eca-cfc 15
253
2
bchd-cfd 18
geb-cfd 12
255
3
hda-cff 10
ejg-cff 12
bafc-cff 3
256
4
gic-cfg 10
bfdb-cfg 2
ej-cfg 6
bbdg-cfg 2
257
3
bbee-cfh 6
cie-cfh 1
fjh-cfh 28
258
1
dhi-cfi 25
259
1
cfi-cfj 30
260
4
chf-cga 2
dh-cga 4
bhb-cga 3
bcjf-cga 26
261
4
deb-cgb 4
da-cgb 4
gdf-cgb 13
dch-cgb 4
262
3
hfc-cgc 10
ica-cgc 11
cdb-cgc 9
263
1
dcf-cgd 30
264
1
bfc-cge 30
265
3
dej-cgf 16
bgbh-cgf 1
fcc-cgf 8
267
3
hc-cgh 16
bdhc-cgh 7
cag-cgh 2
268
3
baaa-cgi 17
ia-cgi 7
fdh-cgi 1
269
1
eag-cgj 20
270
3
dcb-cha 25
egj-cha 1
dhj-cha 4
271
2
eci-chb 11
bcbi-chb 4
272
4
hba-chc 21
fjc-chc 1
bbfj-chc 2
jhd-chc 1
273
1
bfbg-chd 20
274
3
dej-che 10
eah-che 9
befj-che 1
275
2
ehb-chf 14
eca-chf 11
276
2
fc-chg 19
iab-chg 1
277
1
ddj-chh 20
278
3
bbea-chi 18
hga-chi 10
bbc-chi 2
279
2
bgh-chj 14
jg-chj 16
280
2
jej-cia 13
jj-cia 7
281
4
eha-cib 10
bdhb-cib 7
bdhh-cib 6
bcce-cib 2
282
3
ifd-cic 15
jce-cic 6
dhi-cic 4
283
3
ehb-cid 10
cab-cid 11
cjb-cid 34
284
2
jfi-cie 10
gg-cie 5
285
3
baed-cif 11
dae-cif 11
bcja-cif 18
286
3
eef-cig 7
dge-cig 2
hbj-cig 21
287
1
icg-cih 10
288
2
ggd-cii 12
baha-cii 18
289
2
dgf-cij 19
cch-cij 1
290
4
ead-cja 23
ehg-cja 4
hcj-cja 1
ija-cja 2
291
3
beba-cjb 17
jbi-cjb 1
eei-cjb 2
292
3
bcih-cjc 16
bada-cjc 2
bfgi-cjc 2
293
1
bdaa-cjd 10
294
2
cea-cje 12
bbi-cje 3
295
1
egf-cjf 15
298
1
bdce-cji 30
299
3
bgh-cjj 15
bfeb-cjj 1
jah-cjj 14
300
4
bfde-daa 13
jjb-daa 1
bbhc-daa 13
ih-daa 3
301
2
bef-dab 16
hi-dab 14
302
1
dce-dac 25
303
3
gfe-dad 4
gfd-dad 14
gcb-dad 2
304
3
bcib-dae 7
fce-dae 6
baaa-dae 7
305
4
fbb-daf 11
bdcb-daf 10
badi-daf 13
jae-daf 1
307
4
cgi-dah 13
ggg-dah 1
ehc-dah 1
ihj-dah 5
308
3
dhc-dai 14
bchi-dai 6
bafa-dai 10
309
3
geh-daj 18
dce-daj 11
fae-daj 1
310
1
hhj-dba 15
311
3
eaa-dbb 8
dfc-dbb 4
cjb-dbb 8
312
2
dah-dbc 3
hca-dbc 7
313
2
bdjf-dbd 14
gcb-dbd 11
314
1
bcaf-dbe 15
315
2
gib-dbf 20
baad-dbf 15
316
2
iag-dbg 9
dab-dbg 6
317
2
cdb-dbh 18
fha-dbh 7
318
3
eia-dbi 13
edd-dbi 2
bcaa-dbi 10
319
2
dhd-dbj 10
dad-dbj 20
320
4
a-dca 9
bdii-dca 2
jbi-dca 3
bda-dca 11
321
5
fi-dcb 11
efg-dcb 1
eda-dcb 6
gad-dcb 8
gbj-dcb 4
322
5
jah-dcc 12
heg-dcc 7
chf-dcc 6
di-dcc 8
fbb-dcc 12
323
2
gda-dcd 15
gjc-dcd 5
324
2
jef-dce 5
ebg-dce 15
325
2
bbja-dcf 24
bhe-dcf 1
326
2
jjj-dcg 11
dca-dcg 4
327
4
dh-dch 14
eca-dch 1
jai-dch 7
bdgc-dch 3
328
1
bcef-dci 25
329
1
jcg-dcj 25
330
1
bjj-dda 20
331
1
bdge-ddb 30
332
2
bfjb-ddc 10
bja-ddc 15
334
6
ifj-dde 10
bbj-dde 1
ghh-dde 1
fbe-dde 4
ehd-dde 14
d-dde 15
335
6
chf-ddf 21
fcf-ddf 1
eb-ddf 2
eij-ddf 4
id-ddf 3
jh-ddf 4
336
1
eid-ddg 15
337
2
baa-ddh 15
ef-ddh 5
338
1
cfa-ddi 30
339
2
ecg-ddj 15
haa-ddj 15
340
5
ebe-dea 11
ief-dea 8
dia-dea 5
edh-dea 3
ejd-dea 3
341
5
hgj-deb 9
cbi-deb 5
hjc-deb 12
fei-deb 2
hfg-deb 2
342
3
fdc-dec 9
bfg-dec 14
bcgh-dec 2
343
2
gij-ded 16
ihf-ded 9
344
5
fji-dee 7
dhc-dee 4
cia-dee 1
fhb-dee 9
dej-dee 4
345
1
jfi-def 15
346
3
bceg-deg 3
hia-deg 4
fhd-deg 23
347
1
dj-deh 20
348
1
gjc-dei 10
349
3
fda-dej 11
bcah-dej 4
dif-dej 5
350
1
ege-dfa 25
351
2
e-dfb 14
ehb-dfb 1
352
6
fgg-dfc 12
fgj-dfc 4
ddc-dfc 4
eb-dfc 1
ghb-dfc 12
cjc-dfc 2
353
2
idj-dfd 27
da-dfd 3
354
3
ii-dfe 13
ejd-dfe 6
baac-dfe 1
355
3
heg-dff 17
hii-dff 2
gie-dff 6
356
1
eib-dfg 15
357
4
fee-dfh 11
bbcb-dfh 7
beci-dfh 1
fhb-dfh 6
358
2
egd-dfi 9
hgh-dfi 6
359
1
bbah-dfj 15
360
2
bcdg-dga 18
fff-dga 7
362
3
fib-dgc 19
jic-dgc 7
c-dgc 4
363
5
ifb-dgd 17
ifg-dgd 10
bbjf-dgd 5
cbc-dgd 2
badi-dgd 11
364
3
hcj-dge 1
bccf-dge 27
dc-dge 2
365
2
bffd-dgf 5
bbba-dgf 15
367
2
dff-dgh 8
idi-dgh 2
368
2
deb-dgi 13
bbf-dgi 12
369
4
bcab-dgj 9
ghb-dgj 8
bea-dgj 1
gg-dgj 2
370
2
dji-dha 6
dij-dha 14
371
3
bajb-dhb 7
ebh-dhb 5
d-dhb 3
372
5
bbce-dhc 2
jii-dhc 14
dbg-dhc 4
bdab-dhc 10
dfg-dhc 5
373
4
ije-dhd 15
baeg-dhd 7
dgh-dhd 6
cdi-dhd 2
374
4
bbhi-dhe 4
bbhb-dhe 3
dca-dhe 20
bbii-dhe 3
375
2
ebj-dhf 21
baga-dhf 4
376
2
bfe-dhg 19
ida-dhg 1
377
2
bbh-dhh 23
bdac-dhh 2
378
2
fjf-dhi 6
ihg-dhi 24
379
4
icc-dhj 8
idf-dhj 9
ddj-dhj 4
begh-dhj 14
380
1
ecg-dia 20
381
1
dhj-dib 20
382
3
jff-dic 32
edj-dic 6
ebi-dic 2
384
5
fig-die 7
jeb-die 13
baag-die 7
fac-die 2
fea-die 1
385
1
bbdh-dif 5
386
3
fcd-dig 4
edj-dig 3
hih-dig 8
387
2
bbjg-dih 8
fdg-dih 2
388
2
bdeg-dii 7
bage-dii 3
389
3
bacf-dij 16
ici-dij 6
hhe-dij 3
391
1
jjj-djb 10
392
2
jaj-djc 9
dba-djc 6
393
5
bejh-djd 9
ifd-djd 10
cie-djd 1
jdd-djd 7
ceb-djd 3
394
2
beaj-dje 32
bbj-dje 3
395
2
eha-djf 4
di-djf 6
396
3
bceg-djg 1
hca-djg 30
efi-djg 4
397
6
cjc-djh 19
bdef-djh 4
gdg-djh 5
beca-djh 8
ebi-djh 3
gai-djh 6
399
3
bbc-djj 12
jib-djj 7
dec-djj 11
400
2
hjj-eaa 11
bee-eaa 24
401
2
bdha-eab 4
bbga-eab 16
402
1
cej-eac 25
403
2
caf-ead 9
dce-ead 11
404
4
bic-eae 13
gdc-eae 1
gai-eae 20
icb-eae 1
405
1
jc-eaf 20
406
3
ca-eag 5
hgb-eag 19
gff-eag 1
407
4
bbcf-eah 13
eca-eah 5
gdj-eah 6
bcaj-eah 1
408
3
ffa-eai 18
bbec-eai 1
be-eai 1
409
1
beec-eaj 20
410
5
cee-eba 4
feb-eba 7
bebc-eba 4
gih-eba 14
bif-eba 1
411
3
iij-ebb 12
beb-ebb 13
ffd-ebb 10
412
1
baej-ebc 15
413
5
badb-ebd 9
dgi-ebd 4
had-ebd 8
bdae-ebd 3
bcce-ebd 16
414
4
df-ebe 5
ebb-ebe 5
bfhc-ebe 12
ceb-ebe 8
415
1
bfd-ebf 20
416
1
fga-ebg 15
417
3
bahf-ebh 10
daf-ebh 7
icg-ebh 3
418
1
hfe-ebi 15
419
3
ehi-ebj 9
jgc-ebj 5
djj-ebj 11
420
3
eh-eca 8
jga-eca 6
dbf-eca 11
421
1
bchc-ecb 10
422
6
bdie-ecc 6
bdch-ecc 7
babd-ecc 14
ejd-ecc 1
jc-ecc 8
idf-ecc 14
423
3
dha-ecd 4
jfj-ecd 7
fba-ecd 4
424
2
ici-ece 9
eaa-ece 11
425
3
eed-ecf 5
beh-ecf 20
dc-ecf 5
426
3
fbc-ecg 5
dfa-ecg 5
bcca-ecg 5
427
3
dbh-ech 2
hcd-ech 1
jjc-ech 22
428
2
jac-eci 11
hcg-eci 9
429
1
ihi-ecj 15
430
4
hbd-eda 4
bdcg-eda 16
bbdb-eda 10
dhf-eda 5
431
2
gdd-edb 19
jj-edb 16
432
1
ggi-edc 25
433
2
cbe-edd 26
bdh-edd 4
434
3
jbb-ede 14
jh-ede 2
ffi-ede 4
435
5
bdag-edf 1
fah-edf 5
bdfe-edf 5
ci-edf 2
hba-edf 17
436
3
cde-edg 12
ie-edg 9
ggd-edg 9
437
3
hcd-edh 8
bbgb-edh 1
dah-edh 16
438
1
ccg-edi 45
439
2
egj-edj 14
egf-edj 1
440
2
djh-eea 13
bgj-eea 7
441
2
hei-eeb 15
hgh-eeb 5
442
3
cbe-eec 10
dge-eec 6
hci-eec 4
443
3
gcd-eed 3
fcg-eed 2
iaa-eed 15
444
1
idg-eee 15
445
2
bdg-eef 16
dej-eef 9
446
1
badg-eeg 30
447
1
bcc-eeh 15
448
4
haj-eei 15
bih-eei 4
beed-eei 2
fii-eei 4
449
2
bcag-eej 18
bcih-eej 2
450
4
jia-efa 17
ii-efa 3
hch-efa 6
bccg-efa 9
451
1
ehc-efb 15
452
3
hd-efc 5
ehd-efc 10
bhh-efc 5
453
2
bbc-efd 12
fei-efd 8
454
2
bcdb-efe 3
ija-efe 7
455
5
hgf-eff 4
fff-eff 6
bjf-eff 9
jge-eff 2
bbed-eff 4
456
5
bcad-efg 2
daf-efg 15
fii-efg 1
bbj-efg 4
iib-efg 3
457
2
ded-efh 32
iic-efh 3
458
2
eec-efi 10
eed-efi 5
459
3
fhc-efj 23
bbfa-efj 5
bbca-efj 2
460
6
cbg-ega 5
icf-ega 15
feh-ega 9
bja-ega 2
bac-ega 4
jca-ega 5
461
4
hic-egb 4
jg-egb 4
bcdf-egb 2
fdb-egb 20
463
2
ebd-egd 14
cfa-egd 6
464
1
ifi-ege 30
465
4
fge-egf 5
eae-egf 5
cha-egf 1
ifd-egf 9
466
2
eaj-egg 24
idd-egg 1
467
1
iid-egh 15
468
1
hef-egi 20
469
5
dbi-egj 3
ibi-egj 5
jj-egj 12
jdg-egj 2
baih-egj 8
470
3
bjj-eha 19
cgh-eha 10
fgd-eha 1
471
2
fei-ehb 10
hib-ehb 10
472
1
iad-ehc 10
473
3
hjj-ehd 16
hcb-ehd 3
bffb-ehd 1
474
3
ibh-ehe 12
hje-ehe 3
bebj-ehe 5
475
2
jgj-ehf 14
hgh-ehf 11
476
3
hda-ehg 8
edf-ehg 1
bdgh-ehg 16
477
1
ecf-ehh 25
478
2
bbeg-ehi 12
jfd-ehi 3
479
1
hbj-ehj 20
480
3
efc-eia 12
cjj-eia 3
bfa-eia 10
481
3
bbbe-eib 12
iih-eib 1
dg-eib 7
482
4
bdfb-eic 3
bfef-eic 3
fhi-eic 15
ebb-eic 4
483
3
bfhj-eid 23
bdg-eid 3
ejg-eid 4
484
2
ffj-eie 16
gbb-eie 9
485
1
fdf-eif 20
486
1
bfeh-eig 20
487
2
ifi-eih 22
cag-eih 3
488
1
bfdi-eii 20
489
4
jae-eij 9
dfg-eij 4
ief-eij 8
dcc-eij 4
490
2
babi-eja 12
iaj-eja 3
491
2
bhc-ejb 12
ibd-ejb 3
492
6
gji-ejc 8
eia-ejc 6
hgb-ejc 1
daj-ejc 1
ggd-ejc 11
bcbe-ejc 3
493
1
ige-ejd 10
494
3
ege-eje 17
cif-eje 2
iei-eje 11
495
2
ecf-ejf 11
bfja-ejf 4
496
3
chd-ejg 11
feg-ejg 8
ghb-ejg 1
497
1
idi-ejh 20
498
3
d-eji 18
hfb-eji 2
cgh-eji 5
499
1
chf-ejj 10
500
3
dfb-faa 18
ice-faa 5
bbba-faa 2
502
4
hdh-fac 1
cbi-fac 14
bbii-fac 9
hbc-fac 1
503
5
bdjg-fad 22
iej-fad 2
baei-fad 1
fgd-fad 1
cfh-fad 4
504
2
bdia-fae 11
baba-fae 9
505
2
bcja-faf 13
hid-faf 2
506
2
bahb-fag 13
dbf-fag 12
507
1
bjf-fah 10
508
2
fdh-fai 16
badj-fai 9
509
4
ghi-faj 11
ggb-faj 3
fgi-faj 12
bhe-faj 4
510
2
bbdb-fba 14
cdi-fba 6
511
2
geh-fbb 16
jgi-fbb 9
512
1
baag-fbc 20
513
3
jhc-fbd 15
bih-fbd 7
ejj-fbd 3
514
2
bceh-fbe 6
fgi-fbe 9
516
1
dff-fbg 10
517
3
fgb-fbh 25
bc-fbh 2
fdh-fbh 3
518
4
ebf-fbi 4
eah-fbi 1
dcc-fbi 17
bjb-fbi 3
519
3
fch-fbj 8
hdc-fbj 16
beig-fbj 6
520
4
dce-fca 9
gaj-fca 1
jib-fca 1
bccg-fca 14
521
1
bcdf-fcb 25
522
3
fjh-fcc 12
bfca-fcc 5
gic-fcc 3
523
1
cba-fcd 20
524
2
gia-fce 10
baec-fce 5
525
4
ebi-fcf 11
ehe-fcf 5
baib-fcf 7
bff-fcf 12
526
3
bbe-fcg 14
bcah-fcg 1
gcc-fcg 5
527
4
ecb-fch 7
beaj-fch 6
bcee-fch 10
eae-fch 17
528
6
iba-fci 17
bjf-fci 9
bbea-fci 2
dfd-fci 4
iei-fci 4
dfh-fci 4
529
4
egd-fcj 17
heb-fcj 9
fcg-fcj 3
ghc-fcj 1
530
3
bhi-fda 19
bbbd-fda 5
cfd-fda 6
531
3
ccf-fdb 1
eha-fdb 2
def-fdb 22
532
4
bahi-fdc 2
cif-fdc 3
dad-fdc 7
eg-fdc 18
533
6
eaf-fdd 2
bfha-fdd 2
bfie-fdd 3
baei-fdd 13
hid-fdd 9
edd-fdd 16
534
1
egb-fde 15
535
3
fdg-fdf 7
ibe-fdf 19
gdc-fdf 4
536
1
bach-fdg 25
537
3
gf-fdh 14
deb-fdh 8
cdc-fdh 13
538
1
jii-fdi 10
539
2
hbh-fdj 8
bdfh-fdj 2
540
4
ee-fea 5
bbia-fea 1
bceb-fea 7
bdcd-fea 12
541
5
dfh-feb 19
ieb-feb 5
ibd-feb 1
ih-feb 1
hgh-feb 4
542
2
bfij-fec 10
bfcg-fec 5
543
2
bbhb-fed 16
hdi-fed 9
544
3
ecb-fee 17
bbaa-fee 1
ihf-fee 7
545
2
bfdg-fef 23
je-fef 2
546
4
ijc-feg 3
hgh-feg 3
bcgj-feg 12
bd-feg 12
547
1
djg-feh 25
548
2
begd-fei 29
eeg-fei 1
550
4
bfef-ffa 14
idb-ffa 3
df-ffa 7
gch-ffa 1
551
5
cfd-ffb 5
jfe-ffb 1
dab-ffb 9
i-ffb 16
ica-ffb 4
552
2
bdj-ffc 18
hbb-ffc 2
553
1
dij-ffd 15
555
5
chc-fff 8
fgj-fff 11
baae-fff 9
hfd-fff 3
jbf-fff 4
557
2
fja-ffh 3
e-ffh 7
558
3
bcdd-ffi 15
cif-ffi 8
cdj-ffi 2
559
1
gfi-ffj 20
560
5
eae-fga 16
cie-fga 9
bhe-fga 8
igi-fga 6
gei-fga 1
561
2
gff-fgb 7
dba-fgb 8
562
1
bagf-fgc 25
563
3
bfff-fgd 17
ffa-fgd 7
bfic-fgd 6
564
1
gjf-fge 10
565
1
ha-fgf 10
567
1
dbh-fgh 15
568
1
dfg-fgi 20
569
2
bdc-fgj 10
ghj-fgj 10
570
2
bfig-fha 1
fhc-fha 14
571
4
bajf-fhb 7
bfcb-fhb 9
beaa-fhb 12
beeb-fhb 2
572
5
bgea-fhc 8
cba-fhc 4
bfed-fhc 8
hch-fhc 1
bbi-fhc 9
573
2
cih-fhd 12
hic-fhd 8
574
3
gge-fhe 13
hci-fhe 1
ebh-fhe 11
575
1
gad-fhf 10
576
3
bbfh-fhg 12
fjc-fhg 1
da-fhg 7
577
1
cba-fhh 5
578
3
bcgj-fhi 5
jcb-fhi 12
bja-fhi 3
579
2
ii-fhj 19
fag-fhj 6
580
2
gcc-fia 16
hga-fia 4
581
2
gjb-fib 9
fgb-fib 6
582
3
cea-fic 16
ijd-fic 2
bgaj-fic 12
583
3
cih-fid 5
bbaa-fid 12
hh-fid 13
584
2
bccf-fie 7
efe-fie 8
585
3
gge-fif 13
bbc-fif 1
bfcg-fif 6
586
4
bfj-fig 13
eib-fig 1
ejg-fig 5
dec-fig 11
587
1
id-fih 15
588
4
bcfh-fii 10
bagb-fii 3
gde-fii 3
haf-fii 4
590
1
edj-fja 15
591
5
gef-fjb 15
hae-fjb 20
cij-fjb 1
bggb-fjb 6
hc-fjb 3
592
4
cie-fjc 9
bcff-fjc 9
hdf-fjc 3
dbg-fjc 4
593
1
cif-fjd 10
594
2
hdj-fje 8
hci-fje 12
595
3
fhc-fjf 5
jhf-fjf 5
bahg-fjf 5
596
1
bcfe-fjg 10
597
2
baij-fjh 18
babb-fjh 12
598
5
fij-fji 1
bddi-fji 33
iga-fji 8
cdf-fji 1
hh-fji 2
599
2
bbg-fjj 3
gj-fjj 12
600
3
gjf-gaa 7
bacj-gaa 3
gbb-gaa 10
601
1
gdh-gab 15
602
1
cca-gac 5
603
4
bdfe-gad 8
hij-gad 11
bf-gad 1
jjh-gad 10
604
6
jci-gae 8
hca-gae 1
ghc-gae 2
bfi-gae 1
bd-gae 22
ceb-gae 1
606
3
jij-gag 1
dff-gag 16
bahg-gag 8
607
2
iaf-gah 24
fac-gah 1
608
2
daa-gai 9
gff-gai 1
609
3
iae-gaj 10
bcde-gaj 8
di-gaj 2
610
3
hgc-gba 4
bbge-gba 2
bbib-gba 19
611
5
cgb-gbb 24
bfjj-gbb 2
eja-gbb 2
dhf-gbb 1
becb-gbb 1
612
4
hb-gbc 8
bbhc-gbc 3
bbh-gbc 7
baab-gbc 12
614
1
bgfd-gbe 5
615
2
bbeh-gbf 18
bdcf-gbf 2
616
3
dga-gbg 6
dhh-gbg 3
bbcb-gbg 11
617
2
ff-gbh 14
ejj-gbh 1
618
4
bbeh-gbi 17
ej-gbi 6
ifc-gbi 7
bacg-gbi 5
619
3
jej-gbj 17
bbfi-gbj 2
gch-gbj 1
620
2
hbg-gca 26
haj-gca 9
621
2
bfbd-gcb 28
cab-gcb 2
622
4
baad-gcc 14
bafc-gcc 7
cdh-gcc 17
baee-gcc 2
623
1
egf-gcd 20
624
1
fai-gce 15
625
2
baii-gcf 10
daf-gcf 5
627
1
bdc-gch 25
628
3
bga-gci 16
igb-gci 6
cea-gci 8
629
2
ged-gcj 7
ebb-gcj 3
630
2
bdcf-gda 3
ihh-gda 7
631
2
eah-gdb 16
bbg-gdb 4
632
4
babf-gdc 4
cah-gdc 4
gbe-gdc 6
ifc-gdc 11
633
1
bcag-gdd 20
634
3
cdd-gde 13
gba-gde 11
baeb-gde 1
635
3
bchf-gdf 13
bhc-gdf 2
gfe-gdf 5
636
4
bddj-gdg 4
db-gdg 1
bajh-gdg 13
hag-gdg 7
637
2
bdfd-gdh 16
jci-gdh 4
639
1
gjg-gdj 15
640
4
edi-gea 3
dea-gea 8
cda-gea 2
jh-gea 12
641
2
hhd-geb 2
begg-geb 23
642
1
ihd-gec 10
643
1
bdbj-ged 5
644
1
dda-gee 5
645
3
bdgj-gef 9
gfh-gef 8
dfi-gef 3
646
3
gaj-geg 8
cie-geg 6
bfcj-geg 6
647
2
bjh-geh 8
jg-geh 12
648
3
ffa-gei 10
daf-gei 6
iba-gei 4
649
2
fec-gej 15
hgi-gej 10
650
2
hbc-gfa 9
bgeg-gfa 1
651
1
jhj-gfb 20
652
1
bcb-gfc 20
653
2
bdbg-gfd 5
gch-gfd 10
654
2
baci-gfe 12
hfa-gfe 3
655
5
bga-gff 8
ehe-gff 17
hh-gff 8
idi-gff 1
egf-gff 1
656
1
bahh-gfg 20
657
3
bi-gfh 17
ffb-gfh 2
iga-gfh 1
658
2
ech-gfi 15
becd-gfi 10
660
1
hhe-gga 15
661
2
bee-ggb 17
eae-ggb 3
662
2
bgae-ggc 2
id-ggc 8
663
2
djj-ggd 19
jhh-ggd 1
664
5
beg-gge 21
bfid-gge 3
ifg-gge 14
bdc-gge 5
efd-gge 2
665
3
jfj-ggf 14
bcdj-ggf 5
hab-ggf 6
666
3
die-ggg 9
dij-ggg 1
caf-ggg 10
667
1
cab-ggh 5
668
3
cbc-ggi 2
cgh-ggi 7
bfc-ggi 6
670
4
gdh-gha 1
bfgj-gha 3
gii-gha 5
ifc-gha 11
671
5
bbfg-ghb 9
bbff-ghb 7
bgae-ghb 2
bgef-ghb 10
idb-ghb 2
672
4
fhi-ghc 11
beid-ghc 12
cib-ghc 13
bch-ghc 4
673
1
egj-ghd 15
674
1
ggg-ghe 15
676
1
fhb-ghg 20
677
2
cbc-ghh 14
bacj-ghh 1
678
2
hai-ghi 19
daf-ghi 1
679
4
fdb-ghj 14
hec-ghj 7
fcd-ghj 1
bcbc-ghj 3
680
3
ied-gia 11
hbf-gia 7
egg-gia 2
681
2
cic-gib 6
bbhf-gib 9
682
1
dhi-gic 25
683
1
cjj-gid 10
684
2
ici-gie 13
iih-gie 2
685
5
bcig-gif 1
hge-gif 2
gdf-gif 11
bcdi-gif 6
jea-gif 5
687
4
bbfb-gih 10
die-gih 4
badc-gih 6
baai-gih 5
688
1
baab-gii 15
689
3
ehf-gij 20
ibd-gij 1
bei-gij 4
690
1
ecd-gja 10
691
1
ebc-gjb 5
692
4
hji-gjc 6
ca-gjc 1
behb-gjc 9
gbe-gjc 9
694
2
bbdf-gje 13
bhc-gje 7
695
2
dig-gjf 12
ieg-gjf 3
696
5
bbic-gjg 13
bfb-gjg 6
behg-gjg 2
egg-gjg 6
bdda-gjg 3
697
3
cje-gjh 4
cbg-gjh 1
dfd-gjh 10
698
1
bbgf-gji 10
699
3
iii-gjj 12
fbi-gjj 2
hhe-gjj 6
700
2
bcea-haa 7
bjj-haa 13
701
2
gc-hab 10
bcfg-hab 5
703
1
iec-had 5
704
5
chi-hae 3
fac-hae 9
hea-hae 3
ije-hae 11
bbic-hae 4
705
2
jda-haf 1
jji-haf 24
706
5
beje-hag 7
hje-hag 6
bcgb-hag 13
ecj-hag 1
dfg-hag 3
707
2
efj-hah 19
fda-hah 1
708
1
hfh-hai 15
709
1
bdjj-haj 5
710
2
bega-hba 3
bdbi-hba 12
711
2
fac-hbb 14
cgj-hbb 6
712
2
ffc-hbc 13
jdg-hbc 2
713
3
bdff-hbd 14
eij-hbd 11
bei-hbd 5
714
2
fc-hbe 9
fji-hbe 6
715
2
jf-hbf 7
fcf-hbf 8
716
4
gde-hbg 12
bdjf-hbg 2
egh-hbg 8
ife-hbg 3
717
3
babe-hbh 8
ifg-hbh 1
ci-hbh 11
718
1
jfh-hbi 10
719
2
bedf-hbj 6
jge-hbj 4
720
4
hcf-hca 7
ead-hca 1
cib-hca 18
ibe-hca 9
721
2
bdfa-hcb 24
bahd-hcb 1
722
2
iee-hcc 9
cie-hcc 1
723
3
jee-hcd 13
bdhb-hcd 3
bgi-hcd 9
724
3
beaf-hce 13
eab-hce 6
ejf-hce 16
725
5
b-hcf 11
gad-hcf 1
cih-hcf 3
hhc-hcf 4
bbae-hcf 6
726
3
baed-hcg 2
ibf-hcg 4
ja-hcg 14
727
2
fci-hch 10
gdg-hch 10
728
3
geh-hci 7
ggi-hci 12
bdff-hci 6
729
3
eec-hcj 21
bbgd-hcj 4
jd-hcj 5
730
3
ffb-hda 3
dec-hda 12
idc-hda 10
731
4
bejg-hdb 14
jh-hdb 1
fei-hdb 1
bfhg-hdb 4
732
5
befb-hdc 9
bdac-hdc 1
cbi-hdc 9
jbf-hdc 8
cej-hdc 3
733
1
bdg-hdd 20
734
2
bbjf-hde 8
jfh-hde 7
735
3
bbha-hdf 10
gbh-hdf 6
fad-hdf 9
736
1
fjc-hdg 15
737
1
ihb-hdh 15
738
1
beah-hdi 15
739
2
haa-hdj 18
eci-hdj 2
740
4
jjg-hea 18
befg-hea 2
fdf-hea 9
djb-hea 11
741
1
icg-heb 10
742
4
bfjg-hec 10
fai-hec 7
bdhc-hec 1
bdda-hec 2
743
1
bcbg-hed 15
744
1
bfhd-hee 15
745
3
beg-hef 12
bfch-hef 1
bjd-hef 12
746
2
ceb-heg 8
bcdd-heg 7
747
1
hii-heh 20
748
2
if-hei 7
ie-hei 8
749
1
bgbd-hej 20
750
3
jga-hfa 14
dgc-hfa 1
befe-hfa 10
751
2
icd-hfb 22
bff-hfb 3
752
2
gab-hfc 6
gjh-hfc 9
753
2
bcec-hfd 15
eih-hfd 5
754
4
gac-hfe 4
dfb-hfe 11
ejg-hfe 1
bahd-hfe 4
755
1
bacc-hff 15
756
2
gfd-hfg 13
bbac-hfg 2
757
3
bbaj-hfh 16
ede-hfh 1
ihf-hfh 8
758
2
beih-hfi 14
eci-hfi 1
759
2
bfhi-hfj 4
gaa-hfj 11
760
2
bbg-hga 7
fdb-hga 3
761
3
iaj-hgb 22
gcc-hgb 2
hfc-hgb 6
762
4
hje-hgc 9
fia-hgc 3
fea-hgc 6
dej-hgc 2
763
2
bedb-hgd 5
bbfa-hgd 5
764
2
efg-hge 10
beff-hge 5
765
4
icd-hgf 5
bafe-hgf 2
bci-hgf 6
fea-hgf 7
767
2
dej-hgh 7
deg-hgh 3
768
2
baja-hgi 7
cdb-hgi 13
770
4
hdd-hha 7
ii-hha 3
ihj-hha 15
baad-hha 5
771
2
gfa-hhb 11
bbaa-hhb 14
772
3
eia-hhc 2
fhc-hhc 5
beff-hhc 8
773
2
bdec-hhd 13
gaa-hhd 7
774
2
eff-hhe 22
gja-hhe 3
776
2
dgd-hhg 18
hbb-hhg 2
778
1
bdci-hhi 10
779
5
jec-hhj 16
beb-hhj 11
bfag-hhj 1
chi-hhj 6
hie-hhj 1
780
1
jdd-hia 15
781
2
bbfb-hib 13
bbi-hib 2
782
4
chh-hic 8
bgcf-hic 1
dhd-hic 1
dcc-hic 10
783
1
bgdg-hid 5
784
1
bgbb-hie 10
785
2
ggc-hif 3
fje-hif 12
786
3
fig-hig 6
che-hig 6
gb-hig 3
787
2
iaf-hih 11
ddh-hih 14
788
2
cgi-hii 18
jaj-hii 2
789
4
bji-hij 4
hag-hij 9
bbbd-hij 13
dif-hij 4
790
1
fae-hja 10
791
2
cfh-hjb 14
bde-hjb 1
792
4
hcc-hjc 10
gaj-hjc 7
bbfi-hjc 10
bfhe-hjc 8
793
2
bbd-hjd 8
fef-hjd 2
794
2
bdja-hje 9
fgj-hje 1
795
3
edj-hjf 11
gid-hjf 1
beji-hjf 3
796
2
eda-hjg 21
jdh-hjg 14
797
1
bcg-hjh 10
798
1
hfj-hji 15
799
4
beea-hjj 9
gah-hjj 1
fgd-hjj 10
bace-hjj 15
800
5
deb-iaa 1
dhc-iaa 16
ead-iaa 4
jcg-iaa 7
eef-iaa 2
801
3
bdbh-iab 9
cdh-iab 2
ech-iab 4
802
3
hia-iac 3
hbi-iac 5
eic-iac 7
803
1
cgd-iad 25
804
4
fjd-iae 1
cjg-iae 2
cdf-iae 12
bcd-iae 10
805
3
ejf-iaf 16
jd-iaf 2
gjf-iaf 2
806
2
bage-iag 14
ejg-iag 6
807
2
dad-iah 4
fei-iah 6
808
3
gf-iai 5
dje-iai 4
jh-iai 11
809
2
bddg-iaj 5
gci-iaj 10
810
5
bafb-iba 13
ejb-iba 2
bbbj-iba 3
bcb-iba 2
bbba-iba 5
811
2
bead-ibb 9
iha-ibb 1
812
1
bbgf-ibc 10
813
2
bgcj-ibd 2
bdhd-ibd 8
814
2
fba-ibe 11
bbcc-ibe 4
815
3
bffh-ibf 8
dje-ibf 1
dih-ibf 6
816
2
fhg-ibg 16
bafg-ibg 4
817
2
babb-ibh 13
eja-ibh 2
818
3
bjc-ibi 8
jib-ibi 16
fdi-ibi 1
819
4
hae-ibj 7
bbdb-ibj 2
dfd-ibj 2
bbcd-ibj 9
820
2
becf-ica 12
dgi-ica 13
821
1
hfi-icb 15
823
3
jaj-icd 16
hcd-icd 6
hj-icd 3
824
3
ehd-ice 3
jfh-ice 10
hgi-ice 2
825
2
dbb-icf 16
fce-icf 4
826
3
gcg-icg 1
bjj-icg 7
bcdi-icg 7
827
1
beei-ich 10
828
2
jc-ici 10
cj-ici 5
829
1
jie-icj 10
830
1
bcfd-ida 25
831
4
ghi-idb 20
bach-idb 1
cdh-idb 11
fce-idb 3
832
2
gjg-idc 14
iij-idc 1
833
4
bfda-idd 6
fih-idd 7
bbah-idd 4
fj-idd 3
835
3
dh-idf 11
dii-idf 3
efa-idf 11
836
3
dhd-idg 5
bagf-idg 11
bfi-idg 4
838
4
bgfa-idi 7
bbdd-idi 4
ech-idi 3
hhc-idi 11
839
2
fdj-idj 13
bcc-idj 2
840
2
bebf-iea 10
bij-iea 10
841
2
bbie-ieb 9
fhb-ieb 6
842
2
bbca-iec 24
hfg-iec 1
843
4
bche-ied 8
jac-ied 8
hhb-ied 2
bbid-ied 2
844
1
efc-iee 15
845
4
hag-ief 6
ea-ief 7
bbah-ief 5
bfc-ief 2
846
4
hcd-ieg 5
fjj-ieg 16
idd-ieg 1
ffh-ieg 3
847
3
caj-ieh 6
bge-ieh 1
bchj-ieh 13
848
3
efg-iei 11
hgi-iei 6
bcgb-iei 13
849
1
bbh-iej 10
850
3
bbbi-ifa 16
hcf-ifa 5
ccc-ifa 4
851
2
bagh-ifb 7
dfh-ifb 8
852
4
cee-ifc 14
bchg-ifc 4
jid-ifc 1
ejj-ifc 11
853
3
bbhd-ifd 12
ijh-ifd 4
cf-ifd 4
854
3
bbdj-ife 11
dad-ife 3
hjf-ife 1
855
3
jgf-iff 17
cgi-iff 3
efe-iff 5
856
2
be-ifg 8
bgeb-ifg 7
857
2
cid-ifh 18
baga-ifh 2
858
1
bcci-ifi 10
859
1
chb-ifj 5
860
1
ebb-iga 10
861
1
cif-igb 10
862
3
gh-igc 8
bcgi-igc 5
eaf-igc 2
863
2
ife-igd 10
ggg-igd 5
864
3
dbi-ige 9
hjc-ige 1
dbj-ige 5
866
1
babd-igg 5
867
1
hag-igh 5
868
1
bcbj-igi 15
869
1
dde-igj 20
870
3
hgf-iha 6
bcdj-iha 4
jfa-iha 10
871
1
bbcj-ihb 10
873
3
bbdd-ihd 16
fj-ihd 1
behh-ihd 3
874
3
hdg-ihe 12
hdi-ihe 1
hdj-ihe 2
875
1
bbad-ihf 25
876
2
gij-ihg 4
cdj-ihg 16
877
1
cib-ihh 15
878
2
bdgf-ihi 16
bebh-ihi 9
879
2
cef-ihj 2
caf-ihj 8
880
2
fid-iia 10
fgb-iia 5
881
4
chd-iib 15
baeb-iib 6
bafa-iib 2
id-iib 2
882
4
iie-iic 4
jje-iic 5
gfa-iic 7
fag-iic 4
883
2
iae-iid 8
ffa-iid 12
884
2
jee-iie 7
bejf-iie 18
886
3
ddg-iig 1
hcg-iig 9
hjb-iig 5
887
1
hbj-iih 5
888
1
bbib-iii 5
889
1
baaa-iij 5
890
2
dbj-ija 9
iaa-ija 6
892
1
bcij-ijc 20
893
3
hfi-ijd 8
beda-ijd 2
gdh-ijd 5
894
4
beef-ije 7
bbbj-ije 1
gda-ije 5
bef-ije 7
895
1
hei-ijf 10
896
2
ig-ijg 5
behi-ijg 5
897
1
bii-ijh 10
898
1
gd-iji 5
899
1
iaf-ijj 10
900
1
bbjh-jaa 15
901
2
baej-jab 11
gbe-jab 4
902
5
ghg-jac 8
bgg-jac 6
ejj-jac 6
hca-jac 1
ibb-jac 4
903
1
bcij-jad 15
904
1
bbih-jae 15
905
2
bdig-jaf 8
bgd-jaf 2
906
2
cg-jag 10
cbc-jag 5
907
4
fie-jah 19
bchh-jah 1
bcif-jah 8
baia-jah 2
908
5
bbbg-jai 15
bffi-jai 1
gbj-jai 1
hah-jai 5
efa-jai 3
909
2
iic-jaj 7
ebd-jaj 3
910
2
gej-jba 7
bdef-jba 8
911
2
dhg-jbb 1
gjc-jbb 9
912
2
gbg-jbc 6
jca-jbc 4
913
3
bgh-jbd 1
dij-jbd 10
bfad-jbd 4
915
2
gfg-jbf 5
bedi-jbf 20
916
3
baie-jbg 18
ehd-jbg 1
bdid-jbg 6
917
3
babf-jbh 8
bji-jbh 2
dbd-jbh 5
918
1
bdcc-jbi 10
920
4
jde-jca 8
fdh-jca 5
idf-jca 1
jfg-jca 6
921
2
faj-jcb 11
gae-jcb 9
922
2
fjg-jcc 12
gfb-jcc 3
923
2
jcc-jcd 8
hgh-jcd 12
924
1
bafi-jce 5
925
2
igj-jcf 14
djc-jcf 1
926
1
ggg-jcg 15
928
3
fch-jci 13
bfbf-jci 12
gih-jci 5
930
2
bgdf-jda 13
bdig-jda 2
931
4
jhc-jdb 19
cgf-jdb 1
jji-jdb 1
hge-jdb 4
932
3
jc-jdc 2
gdh-jdc 5
hbh-jdc 8
933
3
dhc-jdd 9
ffh-jdd 1
dic-jdd 5
934
1
bi-jde 30
936
5
bh-jdg 14
bhb-jdg 3
dhj-jdg 4
ibi-jdg 7
gea-jdg 7
937
1
ea-jdh 5
939
3
ja-jdj 4
jfj-jdj 14
eic-jdj 2
940
1
ije-jea 10
941
1
jad-jeb 5
942
2
bdfg-jec 24
dae-jec 1
943
1
djc-jed 5
944
2
hjb-jee 18
ceg-jee 2
945
4
badj-jef 12
bbje-jef 1
fad-jef 8
bbfe-jef 4
946
1
bbj-jeg 10
947
1
bgdb-jeh 15
948
1
eff-jei 10
949
2
ehb-jej 14
dch-jej 1
950
4
bhe-jfa 1
fdj-jfa 1
iec-jfa 4
chb-jfa 14
951
2
bbdb-jfb 6
ebb-jfb 9
952
2
jgb-jfc 11
cgh-jfc 4
953
2
babc-jfd 7
fbd-jfd 3
954
3
bfgb-jfe 1
egf-jfe 13
c-jfe 6
955
2
egg-jff 7
bfeb-jff 8
956
3
fic-jfg 6
bccb-jfg 10
ega-jfg 4
957
4
eij-jfh 14
gfb-jfh 1
fdf-jfh 6
bffj-jfh 4
958
3
bbj-jfi 13
befa-jfi 2
dii-jfi 5
959
3
bcc-jfj 10
bcaj-jfj 1
bdhe-jfj 14
960
4
bfcd-jga 9
bfab-jga 11
bagg-jga 1
fdf-jga 4
961
1
ecd-jgb 5
962
5
cfa-jgc 13
bba-jgc 2
babj-jgc 2
ied-jgc 1
ibd-jgc 7
964
4
bagf-jge 3
bedj-jge 5
gbf-jge 4
bcgj-jge 13
965
2
i-jgf 11
hhj-jgf 14
966
1
bajc-jgg 15
967
1
dfc-jgh 10
968
1
iae-jgi 10
970
4
efh-jha 3
bea-jha 1
ghd-jha 14
jia-jha 2
971
1
ejg-jhb 5
972
3
ced-jhc 10
eej-jhc 4
hei-jhc 6
973
2
gba-jhd 6
geb-jhd 4
974
2
jih-jhe 4
bbai-jhe 11
975
3
bajj-jhf 6
fch-jhf 7
behe-jhf 7
976
2
hde-jhg 9
fbi-jhg 1
977
2
bfia-jhh 12
gab-jhh 3
978
2
bcj-jhi 9
bagi-jhi 6
979
1
eei-jhj 5
980
4
baac-jia 13
ddg-jia 1
bded-jia 1
ecc-jia 20
981
2
bab-jib 6
iac-jib 14
982
2
hff-jic 9
igj-jic 1
983
3
cag-jid 10
bgfj-jid 5
jff-jid 5
984
2
baih-jie 9
hdb-jie 6
985
3
bb-jif 2
dge-jif 4
hah-jif 14
986
3
bafi-jig 9
gha-jig 5
bbe-jig 1
987
2
gfi-jih 11
bfa-jih 4
988
2
ddf-jii 8
cei-jii 12
989
2
bah-jij 6
ge-jij 4
991
3
jif-jjb 12
hja-jjb 17
cjc-jjb 1
992
3
jbg-jjc 6
bcgb-jjc 4
jhg-jjc 5
993
1
daj-jjd 5
994
4
badd-jje 5
bbcg-jje 4
ej-jje 11
baig-jje 5
995
1
ccf-jjf 10
996
2
efa-jjg 8
gfc-jjg 2
997
1
geh-jjh 5
998
1
hef-jji 10
999
3
baea-jjj 8
edg-jjj 2
bcci-jjj 5
1000
1
fgi-baaa 5
1001
4
ifd-baab 8
bc-baab 9
efi-baab 2
jeg-baab 6
1002
2
jbh-baac 5
hig-baac 5
1003
4
ehj-baad 13
ceb-baad 1
bbbh-baad 3
jcd-baad 3
1004
1
eje-baae 10
1005
2
bdej-baaf 7
baae-baaf 3
1006
4
beja-baag 3
ffj-baag 15
cdc-baag 1
jci-baag 6
1007
1
baef-baah 10
1008
1
baha-baai 20
1009
1
ceb-baaj 5
1010
4
jdf-baba 1
dfi-baba 1
bbfb-baba 6
ehi-baba 17
1011
3
edh-babb 7
ggi-babb 6
djh-babb 2
1012
4
jga-babc 9
baif-babc 10
beag-babc 4
if-babc 2
1013
2
gec-babd 7
dfe-babd 8
1014
4
cjc-babe 7
ije-babe 7
ebj-babe 1
dbj-babe 5
1015
1
begj-babf 10
1016
2
beba-babg 5
bdhd-babg 10
1017
2
cbg-babh 6
baia-babh 4
1018
2
baij-babi 13
cdb-babi 2
1019
3
bbcg-babj 11
fdc-babj 3
bfib-babj 1
1020
1
igh-baca 5
1021
3
jhb-bacb 12
bgbj-bacb 7
bcje-bacb 11
1022
1
gdb-bacc 15
1023
1
jgf-bacd 5
1024
1
bbcd-bace 10
1026
1
bgdb-bacg 10
1027
1
bih-bach 15
1028
1
ejc-baci 10
1029
3
iha-bacj 1
bada-bacj 9
ibj-bacj 10
1030
3
gdb-bada 13
hej-bada 2
bbcf-bada 5
1031
2
bddf-badb 13
bdf-badb 2
1032
2
hfg-badc 11
ifg-badc 4
1033
1
bcac-badd 15
1034
1
ega-bade 5
1035
1
fgh-badf 5
1036
1
jhi-badg 10
1037
2
fhe-badh 9
bbgj-badh 1
1038
1
bbdi-badi 10
1039
4
ijj-badj 15
bbhf-badj 3
bjf-badj 1
ff-badj 1
1040
1
hdd-baea 20
1041
4
iag-baeb 7
bbaf-baeb 1
bdcj-baeb 4
fd-baeb 8
1042
3
jaa-baec 19
jha-baec 3
hbg-baec 3
1043
1
djc-baed 5
1044
1
baeg-baee 5
1045
3
gj-baef 16
fi-baef 3
efd-baef 1
1046
2
bcef-baeg 10
jdc-baeg 10
1048
2
bagg-baei 16
bcig-baei 4
1049
2
bdfj-baej 13
bbhh-baej 7
1050
4
cff-bafa 8
babe-bafa 2
dgj-bafa 3
jdj-bafa 12
1051
3
gdg-bafb 11
bbbd-bafb 6
baah-bafb 3
1052
2
hii-bafc 15
gfg-bafc 5
1054
1
fdd-bafe 15
1055
2
hcj-baff 8
bfif-baff 2
1056
1
fdd-bafg 5
1058
2
bhj-bafi 9
bag-bafi 11
1059
1
hef-bafj 15
1060
1
bbag-baga 10
1061
1
fhb-bagb 10
1063
3
ibg-bagd 8
hgd-bagd 3
beg-bagd 4
1064
3
jhf-bage 7
babh-bage 5
jfb-bage 8
1065
2
bede-bagf 9
bgd-bagf 1
1066
3
fcb-bagg 19
hgb-bagg 3
baie-bagg 3
1067
5
eab-bagh 12
ijg-bagh 9
gje-bagh 1
cgf-bagh 3
cde-bagh 5
1068
1
bcac-bagi 15
1069
2
bad-bagj 12
jhd-bagj 3
1070
2
bgcc-baha 9
bcgf-baha 1
1071
1
bgah-bahb 10
1073
5
dii-bahd 9
efa-bahd 3
dbb-bahd 10
beij-bahd 1
behd-bahd 7
1074
1
bcdi-bahe 5
1075
1
bagd-bahf 10
1076
1
gjc-bahg 10
1077
4
hea-bahh 4
bedg-bahh 2
jab-bahh 3
bahg-bahh 11
1078
2
ia-bahi 9
ghc-bahi 11
1080
1
bgg-baia 15
1081
1
iac-baib 10
1082
2
bcgg-baic 7
iaa-baic 8
1084
4
bade-baie 7
iaf-baie 8
efc-baie 2
chg-baie 8
1085
1
jcb-baif 5
1086
3
edd-baig 13
jgh-baig 5
hif-baig 2
1087
3
bbgd-baih 14
becj-baih 2
gcf-baih 14
1088
1
bbab-baii 10
1089
3
ife-baij 8
bfh-baij 3
bha-baij 4
1090
3
bif-baja 13
bcfj-baja 3
cdh-baja 4
1091
3
bafj-bajb 10
bdfg-bajb 4
ji-bajb 1
1092
2
dhb-bajc 14
bbae-bajc 1
1093
1
hha-bajd 20
1094
3
gfi-baje 11
bdab-baje 5
iej-baje 4
1095
3
bcje-bajf 16
bbgi-bajf 4
jcd-bajf 5
1096
1
cgf-bajg 10
1097
2
bia-bajh 2
hba-bajh 8
1098
1
baje-baji 10
1099
2
eci-bajj 4
bajf-bajj 11
1100
1
bcfa-bbaa 15
1101
1
bbfc-bbab 10
1102
3
bejd-bbac 6
dce-bbac 4
fed-bbac 10
1103
2
bbag-bbad 9
jbh-bbad 1
1104
3
gid-bbae 18
bcfc-bbae 9
gc-bbae 3
1105
1
eff-bbaf 10
1106
1
gff-bbag 5
1107
4
bfjh-bbah 12
cja-bbah 1
fhe-bbah 5
beci-bbah 2
1108
1
bhj-bbai 15
1110
5
jid-bbba 8
babb-bbba 10
hdb-bbba 1
hde-bbba 1
cgd-bbba 5
1111
1
hed-bbbb 5
1113
4
bgab-bbbd 10
baec-bbbd 3
icb-bbbd 3
bbh-bbbd 4
1114
3
bcc-bbbe 11
dhj-bbbe 1
bccj-bbbe 3
1116
2
icb-bbbg 10
ief-bbbg 5
1117
1
ehg-bbbh 10
1118
1
bac-bbbi 10
1119
3
big-bbbj 1
bahe-bbbj 7
bgdj-bbbj 7
1120
1
jcc-bbca 10
1121
5
djj-bbcb 6
iee-bbcb 2
jfd-bbcb 4
hih-bbcb 14
fbc-bbcb 4
1122
2
bgf-bbcc 8
hbd-bbcc 2
1123
2
baii-bbcd 14
gje-bbcd 1
1124
2
gde-bbce 2
iff-bbce 8
1125
2
fhc-bbcf 4
bbae-bbcf 6
1126
2
fcg-bbcg 11
ccj-bbcg 4
1127
1
icb-bbch 5
1128
1
babh-bbci 10
1129
2
hee-bbcj 5
bbbb-bbcj 5
1130
1
jde-bbda 15
1131
4
bfdj-bbdb 20
hjj-bbdb 3
idc-bbdb 1
ifa-bbdb 1
1133
4
gid-bbdd 12
eii-bbdd 7
bci-bbdd 3
beb-bbdd 3
1134
1
jif-bbde 5
1135
3
gbi-bbdf 10
baed-bbdf 4
gbc-bbdf 1
1136
2
bgdc-bbdg 14
bhc-bbdg 1
1137
3
ghb-bbdh 4
eef-bbdh 1
bcjd-bbdh 10
1138
3
bcba-bbdi 4
baee-bbdi 5
hbh-bbdi 6
1139
1
ghi-bbdj 5
1140
1
df-bbea 15
1141
4
bbde-bbeb 4
ihd-bbeb 3
ji-bbeb 3
bbae-bbeb 15
1142
1
bcie-bbec 10
1143
1
jc-bbed 5
1144
1
bdee-bbee 10
1145
4
badd-bbef 1
fjb-bbef 10
fjf-bbef 2
ce-bbef 7
1146
3
bgbc-bbeg 3
bcjg-bbeg 4
eca-bbeg 8
1147
2
eg-bbeh 7
ghj-bbeh 3
1148
1
eif-bbei 10
1149
3
fja-bbej 6
bcbb-bbej 2
fci-bbej 7
1150
1
bacc-bbfa 10
1151
3
baji-bbfb 12
bbgg-bbfb 5
bdah-bbfb 8
1152
2
bfej-bbfc 7
ibh-bbfc 3
1153
3
bdcj-bbfd 1
ebc-bbfd 16
eaa-bbfd 3
1154
1
bbgi-bbfe 10
1155
6
jig-bbff 2
bdjd-bbff 1
fcc-bbff 2
ihi-bbff 14
hg-bbff 9
dbh-bbff 2
1156
3
bfee-bbfg 11
fea-bbfg 5
eee-bbfg 4
1157
1
bbjg-bbfh 15
1158
2
bfhb-bbfi 8
bbej-bbfi 7
1159
2
ifc-bbfj 17
cbc-bbfj 3
1160
2
eji-bbga 4
jbc-bbga 6
1161
2
hi-bbgb 16
hgd-bbgb 4
1162
1
bafa-bbgc 5
1163
1
bgag-bbgd 5
1164
3
bbff-bbge 5
ihg-bbge 13
eb-bbge 2
1165
1
fcj-bbgf 5
1166
4
gfh-bbgg 4
bdai-bbgg 3
bcde-bbgg 7
ca-bbgg 6
1167
1
bbei-bbgh 5
1168
2
jgi-bbgi 13
bfi-bbgi 7
1169
3
bejh-bbgj 11
eah-bbgj 6
bbcj-bbgj 3
1170
2
fbe-bbha 9
begi-bbha 1
1171
2
iec-bbhb 8
djd-bbhb 2
1172
2
cbh-bbhc 14
bca-bbhc 1
1173
3
j-bbhd 2
bdb-bbhd 2
bced-bbhd 16
1174
4
id-bbhe 13
fh-bbhe 3
bbgb-bbhe 2
gfe-bbhe 2
1175
3
dia-bbhf 5
baif-bbhf 1
bfec-bbhf 9
1177
2
bcjf-bbhh 7
beee-bbhh 3
1178
2
hgi-bbhi 8
bfge-bbhi 2
1180
3
ij-bbia 5
edb-bbia 9
ei-bbia 1
1181
1
bdi-bbib 5
1182
2
befc-bbic 6
iab-bbic 4
1183
1
bbdd-bbid 5
1184
3
bbhj-bbie 4
dee-bbie 10
def-bbie 1
1185
1
dcj-bbif 10
1187
1
gc-bbih 10
1188
1
bfgf-bbii 10
1189
2
bbdf-bbij 14
beci-bbij 1
1190
2
bacb-bbja 4
fec-bbja 6
1192
2
bhc-bbjc 14
ii-bbjc 1
1194
1
cbd-bbje 5
1195
3
haj-bbjf 10
fcj-bbjf 3
jbg-bbjf 7
1196
3
bagj-bbjg 1
hjb-bbjg 3
bbfe-bbjg 11
1197
2
jih-bbjh 9
bcjb-bbjh 1
1198
3
bch-bbji 1
hhi-bbji 10
ijh-bbji 4
1199
1
cig-bbjj 5
1200
1
bgb-bcaa 10
1201
2
gce-bcab 16
dfi-bcab 4
1202
2
had-bcac 12
fa-bcac 3
1203
2
bgcb-bcad 5
bdf-bcad 10
1204
1
ibg-bcae 10
1205
2
bcda-bcaf 3
bbha-bcaf 12
1206
1
bgch-bcag 10
1207
1
eed-bcah 5
1208
1
bbcj-bcai 5
1209
1
bbji-bcaj 5
1210
1
ejb-bcba 10
1211
3
die-bcbb 4
bdbj-bcbb 8
hag-bcbb 3
1212
5
ef-bcbc 6
bbai-bcbc 2
dbe-bcbc 13
bafj-bcbc 2
bcij-bcbc 2
1213
1
baca-bcbd 5
1214
2
gda-bcbe 6
bdd-bcbe 4
1215
1
igc-bcbf 10
1216
3
behc-bcbg 6
iea-bcbg 8
dbh-bcbg 1
1217
1
bhg-bcbh 5
1218
1
jdd-bcbi 15
1219
2
hjj-bcbj 9
hgc-bcbj 6
1220
4
fb-bcca 2
jfe-bcca 10
behj-bcca 7
bdhj-bcca 1
1221
2
cid-bccb 10
egb-bccb 5
1222
1
edj-bccc 5
1223
3
behg-bccd 3
ced-bccd 7
bfed-bccd 5
1224
2
iib-bcce 9
eci-bcce 1
1225
2
bfhd-bccf 8
bajb-bccf 2
1226
1
begg-bccg 10
1228
2
bcae-bcci 6
hjd-bcci 4
1229
5
cfg-bccj 11
gbe-bccj 5
bg-bccj 3
bdeb-bccj 3
hci-bccj 8
1230
3
beii-bcda 11
ijd-bcda 2
dh-bcda 2
1231
2
baci-bcdb 6
bbeb-bcdb 9
1232
3
bfga-bcdc 3
bcj-bcdc 3
bccd-bcdc 14
1233
3
bagh-bcdd 6
bbfh-bcdd 1
bdid-bcdd 8
1234
4
bcha-bcde 5
cba-bcde 4
beje-bcde 14
baji-bcde 2
1235
1
bbef-bcdf 5
1236
3
hjc-bcdg 6
jje-bcdg 1
chc-bcdg 8
1237
1
faf-bcdh 10
1238
2
hee-bcdi 2
cfg-bcdi 13
1239
1
fdb-bcdj 5
1240
1
becb-bcea 5
1241
1
idj-bceb 10
1243
1
bcjd-bced 5
1244
3
ejh-bcee 22
iai-bcee 5
bdja-bcee 3
1245
2
fbb-bcef 3
fbj-bcef 7
1246
1
cca-bceg 5
1247
2
bdae-bceh 17
bbdf-bceh 3
1248
1
bci-bcei 5
1249
2
gif-bcej 12
jfh-bcej 3
1250
2
jfh-bcfa 9
djh-bcfa 1
1252
1
cig-bcfc 10
1253
2
beie-bcfd 7
idg-bcfd 8
1255
3
iie-bcff 5
hfh-bcff 10
begg-bcff 5
1256
1
fjj-bcfg 10
1257
1
egd-bcfh 5
1258
1
ihe-bcfi 5
1259
1
bchb-bcfj 20
1261
2
jae-bcgb 5
eai-bcgb 5
1262
1
beih-bcgc 10
1264
2
baih-bcge 8
bgh-bcge 7
1265
1
bbga-bcgf 5
1266
1
bfhf-bcgg 10
1267
1
bdjg-bcgh 10
1268
1
fca-bcgi 20
1269
3
beae-bcgj 9
bdbg-bcgj 1
bfci-bcgj 5
1271
2
bdfj-bchb 7
hhd-bchb 3
1272
2
cej-bchc 1
bdb-bchc 9
1273
2
jbd-bchd 2
bdaf-bchd 8
1274
1
becg-bche 10
1275
1
bfag-bchf 10
1276
3
hga-bchg 15
hhj-bchg 1
bebi-bchg 4
1277
2
bbij-bchh 23
bcjj-bchh 2
1278
1
bcdj-bchi 10
1279
1
jcd-bchj 5
1280
2
ibc-bcia 23
bgec-bcia 2
1281
3
dde-bcib 6
bje-bcib 13
bfgd-bcib 1
1284
2
bbgh-bcie 9
eic-bcie 6
1285
2
bdjb-bcif 5
jhh-bcif 5
1286
1
fae-bcig 5
1287
1
cae-bcih 5
1288
2
jeh-bcii 7
cga-bcii 8
1289
1
ebd-bcij 5
1290
3
bbfi-bcja 3
hhd-bcja 1
ica-bcja 11
1291
2
dba-bcjb 6
bcaa-bcjb 4
1292
1
bbdg-bcjc 10
1293
1
hdf-bcjd 5
1294
1
bbfh-bcje 5
1295
3
bedc-bcjf 12
bdjc-bcjf 3
dde-bcjf 5
1296
1
eii-bcjg 10
1297
1
dch-bcjh 5
1299
2
bfgi-bcjj 9
fig-bcjj 1
1300
3
eba-bdaa 2
edh-bdaa 4
gcj-bdaa 9
1301
2
iji-bdab 6
bdib-bdab 4
1302
2
cgb-bdac 3
gba-bdac 7
1304
2
bahi-bdae 7
bbif-bdae 3
1305
1
ga-bdaf 5
1307
2
ibd-bdah 8
beeg-bdah 2
1308
1
baij-bdai 10
1309
2
hed-bdaj 1
je-bdaj 9
1310
1
bbch-bdba 5
1314
1
hh-bdbe 5
1316
3
hdj-bdbg 13
ddc-bdbg 1
bfii-bdbg 1
1317
1
jhg-bdbh 5
1318
2
bfbc-bdbi 2
dbc-bdbi 8
1319
4
dhe-bdbj 5
gid-bdbj 3
jfa-bdbj 9
bbci-bdbj 3
1320
1
fej-bdca 5
1321
1
ibj-bdcb 10
1322
2
bdhf-bdcc 9
iig-bdcc 1
1323
2
bbcb-bdcd 8
bdgd-bdcd 2
1324
1
jfc-bdce 5
1325
1
faa-bdcf 5
1326
1
bce-bdcg 5
1327
2
hgc-bdch 7
cac-bdch 3
1328
1
ci-bdci 10
1329
2
feb-bdcj 4
jjc-bdcj 6
1330
2
efh-bdda 9
bebj-bdda 1
1333
1
bcbf-bddd 10
1334
1
bid-bdde 10
1335
1
bbbg-bddf 15
1336
1
badj-bddg 5
1337
1
bffa-bddh 5
1339
3
bbbe-bddj 7
bj-bddj 2
bcaf-bddj 6
1340
1
dc-bdea 5
1341
2
bdif-bdeb 7
jaf-bdeb 3
1342
4
bfeg-bdec 2
bfaf-bdec 15
cca-bdec 1
ida-bdec 2
1343
1
befd-bded 10
1344
3
cgc-bdee 4
bcie-bdee 2
gii-bdee 9
1345
1
hbe-bdef 10
1346
1
bgfb-bdeg 15
1347
1
cfc-bdeh 10
1348
1
bccd-bdei 5
1349
2
bfaa-bdej 1
jag-bdej 9
1350
2
hdb-bdfa 12
bje-bdfa 3
1351
1
ijg-bdfb 10
1353
2
efb-bdfd 2
bec-bdfd 8
1354
2
bfeg-bdfe 9
gdf-bdfe 1
1355
1
jga-bdff 5
1356
2
bdic-bdfg 7
bib-bdfg 3
1357
2
bacc-bdfh 6
bege-bdfh 4
1358
2
jcf-bdfi 8
becc-bdfi 2
1359
3
hae-bdfj 8
cdf-bdfj 5
bbjf-bdfj 2
1360
4
ihf-bdga 8
begc-bdga 2
bafa-bdga 3
ehh-bdga 7
1361
2
bead-bdgb 13
hig-bdgb 2
1362
2
eba-bdgc 4
bcbd-bdgc 6
1363
1
gbc-bdgd 10
1364
1
baej-bdge 5
1365
3
fcc-bdgf 5
gdb-bdgf 2
bfbe-bdgf 8
1366
1
fbh-bdgg 5
1367
2
ghj-bdgh 5
eea-bdgh 5
1368
2
bdj-bdgi 1
bdjb-bdgi 9
1369
1
bgdi-bdgj 10
1370
2
daj-bdha 9
behi-bdha 6
1371
2
haf-bdhb 7
hbh-bdhb 3
1372
2
jei-bdhc 2
bahg-bdhc 8
1373
2
bcbg-bdhd 3
bae-bdhd 7
1374
4
jjj-bdhe 11
baia-bdhe 6
bagb-bdhe 1
ecc-bdhe 2
1375
1
bfae-bdhf 10
1376
1
efd-bdhg 5
1377
1
bdfd-bdhh 5
1378
3
ccf-bdhi 4
ihe-bdhi 1
hb-bdhi 10
1379
1
iah-bdhj 5
1380
2
jgg-bdia 6
bgff-bdia 4
1381
1
bcfi-bdib 5
1382
1
hhg-bdic 5
1383
1
beh-bdid 5
1384
1
igc-bdie 5
1385
2
fgc-bdif 5
f-bdif 5
1386
1
bdge-bdig 10
1388
2
fbg-bdii 3
cch-bdii 7
1389
1
fbg-bdij 5
1390
2
bdeb-bdja 8
bbhb-bdja 2
1391
1
bchd-bdjb 5
1392
2
bfbb-bdjc 7
ifh-bdjc 3
1393
1
eca-bdjd 5
1394
2
cge-bdje 11
bacj-bdje 4
1395
1
jig-bdjf 5
1396
1
bdef-bdjg 5
1397
1
bfdf-bdjh 10
1398
2
egb-bdji 3
bej-bdji 7
1399
1
bccf-bdjj 10
1400
1
eeb-beaa 10
1403
2
bib-bead 8
bafg-bead 2
1404
1
bdch-beae 5
1406
1
cci-beag 5
1407
1
bgfc-beah 15
1408
1
ida-beai 5
1409
1
dea-beaj 10
1410
2
bbf-beba 6
bbcb-beba 9
1411
1
bgf-bebb 5
1412
1
bbah-bebc 5
1413
1
bejj-bebd 10
1414
1
bccd-bebe 5
1415
2
bbfj-bebf 7
ghb-bebf 3
1416
1
idj-bebg 5
1417
1
bbgc-bebh 10
1418
1
fad-bebi 5
1419
1
bbec-bebj 5
1420
2
jjf-beca 9
ddg-beca 1
1421
2
bfbj-becb 5
bcg-becb 10
1422
2
bcc-becc 9
haf-becc 1
1423
2
bbii-becd 7
fba-becd 3
1424
1
fii-bece 5
1425
1
hce-becf 10
1426
1
bagi-becg 5
1428
1
bbgj-beci 5
1429
1
hec-becj 10
1430
3
bc-beda 6
bfhh-beda 1
cbd-beda 8
1431
1
bebd-bedb 5
1432
2
bfaj-bedc 5
baic-bedc 5
1433
1
ceg-bedd 5
1434
2
hf-bede 3
bbda-bede 7
1435
2
djf-bedf 8
ebh-bedf 2
1436
1
jbg-bedg 10
1437
2
baha-bedh 8
bgai-bedh 2
1438
1
iib-bedi 10
1439
1
igd-bedj 5
1441
2
bbee-beeb 8
hcf-beeb 2
1442
1
jba-beec 5
1443
2
becd-beed 7
bfih-beed 8
1444
2
eff-beee 3
hhc-beee 7
1445
2
hhf-beef 2
icf-beef 8
1446
2
bdeb-beeg 9
he-beeg 6
1447
1
bdgc-beeh 5
1448
1
bdcg-beei 5
1450
2
cbc-befa 3
ebe-befa 7
1451
1
babd-befb 5
1453
2
dci-befd 8
iia-befd 7
1454
1
fif-befe 5
1455
2
fid-beff 6
hc-beff 4
1456
1
bah-befg 5
1458
1
bahf-befi 5
1459
1
bdgc-befj 5
1460
1
gca-bega 5
1462
1
bgad-begc 10
1463
1
bdgi-begd 5
1464
2
babb-bege 9
bdci-bege 1
1466
2
bfai-begg 7
ifb-begg 3
1467
1
eac-begh 5
1468
1
cff-begi 5
1469
2
bbfb-begj 4
eef-begj 6
1470
3
bebd-beha 7
hcj-beha 2
cji-beha 6
1471
1
bfdh-behb 5
1473
1
eda-behd 5
1474
3
ihd-behe 10
baja-behe 1
bgaa-behe 4
1476
1
iei-behg 5
1477
1
bcgg-behh 5
1478
2
bgde-behi 7
bjh-behi 3
1479
1
dcd-behj 15
1481
1
bdaj-beib 5
1482
2
bbb-beic 4
dg-beic 11
1483
2
bdje-beid 2
iai-beid 8
1485
3
gab-beif 9
hfb-beif 4
cii-beif 2
1486
1
bedd-beig 10
1487
2
ijd-beih 4
dcc-beih 6
1488
1
cbe-beii 5
1489
1
bah-beij 10
1491
1
bace-bejb 5
1493
1
badc-bejd 5
1494
1
baag-beje 5
1495
1
jhi-bejf 5
1496
1
bcag-bejg 10
1497
1
bdaa-bejh 5
1498
1
dcf-beji 10
1499
1
cdg-bejj 5
1500
2
bhf-bfaa 5
ccd-bfaa 5
1501
1
fbi-bfab 5
1503
1
jhc-bfad 5
1504
2
bfah-bfae 14
ecc-bfae 1
1505
1
bedh-bfaf 10
1506
1
jai-bfag 10
1507
1
jbf-bfah 5
1508
1
bcaj-bfai 5
1509
1
bcjd-bfaj 5
1510
1
bdgg-bfba 5
1511
1
hda-bfbb 5
1512
1
ijd-bfbc 5
1513
3
bbjd-bfbd 4
dcg-bfbd 4
fia-bfbd 7
1514
1
behh-bfbe 5
1515
2
efe-bfbf 9
bdga-bfbf 1
1516
1
hih-bfbg 5
1518
1
jjc-bfbi 5
1519
1
beif-bfbj 5
1520
1
ghc-bfca 5
1521
3
gfa-bfcb 2
gaj-bfcb 1
bbba-bfcb 12
1523
3
ggc-bfcd 3
bdbj-bfcd 1
bcdc-bfcd 11
1524
1
jh-bfce 5
1525
1
bca-bfcf 5
1526
3
bfgg-bfcg 4
cjc-bfcg 9
bgdj-bfcg 2
1527
1
bafe-bfch 5
1528
1
fjb-bfci 5
1529
2
gh-bfcj 9
dif-bfcj 1
1530
1
baai-bfda 10
1531
1
iih-bfdb 5
1532
1
bfbc-bfdc 5
1533
1
bcgh-bfdd 5
1534
1
jgf-bfde 5
1535
1
ddf-bfdf 5
1536
1
bdfi-bfdg 5
1537
1
bdec-bfdh 5
1538
1
fgc-bfdi 10
1539
1
bddd-bfdj 10
1540
1
jdg-bfea 5
1541
1
ggf-bfeb 5
1542
2
bdge-bfec 9
edg-bfec 1
1543
2
iea-bfed 4
iia-bfed 6
1544
2
fhi-bfee 7
dae-bfee 3
1545
3
ied-bfef 17
bgda-bfef 1
faa-bfef 2
1546
1
dfb-bfeg 5
1547
1
fdc-bfeh 5
1549
1
bdia-bfej 5
1550
1
iab-bffa 5
1551
1
bda-bffb 5
1553
1
egi-bffd 5
1555
1
becg-bfff 5
1556
1
gci-bffg 5
1557
1
ghi-bffh 5
1558
1
ed-bffi 5
1559
1
eda-bffj 5
1560
1
bfj-bfga 10
1561
2
bcfj-bfgb 5
beif-bfgb 5
1562
1
bdac-bfgc 5
1563
1
ihj-bfgd 5
1564
1
chj-bfge 5
1565
1
bgga-bfgf 10
1566
1
ec-bfgg 5
1567
1
bbie-bfgh 5
1568
3
fea-bfgi 9
bgee-bfgi 1
bgej-bfgi 5
1570
1
cga-bfha 5
1571
1
bhg-bfhb 5
1572
1
dgd-bfhc 5
1573
1
bdgb-bfhd 5
1574
1
bfi-bfhe 5
1575
2
ded-bfhf 6
jjj-bfhf 4
1576
2
ibi-bfhg 5
bfhi-bfhg 5
1577
1
ibh-bfhh 5
1578
1
ice-bfhi 5
1579
2
bejj-bfhj 9
gih-bfhj 1
1580
1
df-bfia 5
1581
1
bdca-bfib 5
1582
2
igc-bfic 5
bgfg-bfic 5
1583
1
hfa-bfid 5
1584
1
ceh-bfie 5
1585
2
caa-bfif 9
dfi-bfif 1
1587
1
cif-bfih 5
1588
1
hjg-bfii 10
1589
1
gih-bfij 5
1590
1
bie-bfja 5
1591
1
icj-bfjb 5
1592
1
bej-bfjc 5
1593
1
bajd-bfjd 5
1594
1
bfba-bfje 5
1595
1
cdg-bfjf 5
1596
1
bdej-bfjg 5
1599
1
hhg-bfjj 5
1600
1
bcdd-bgaa 5
1601
1
fga-bgab 5
1602
1
babg-bgac 5
1603
1
bdba-bgad 5
1604
1
bajd-bgae 5
1606
1
bed-bgag 5
1607
1
bdhi-bgah 5
1608
1
baji-bgai 5
1609
1
egb-bgaj 5
1611
1
dib-bgbb 5
1612
1
bba-bgbc 5
1613
1
bfje-bgbd 10
1614
1
bfhe-bgbe 5
1616
1
dff-bgbg 5
1617
2
bgfh-bgbh 8
ece-bgbh 2
1618
1
bfjc-bgbi 5
1619
1
cbj-bgbj 5
1621
1
icd-bgcb 5
1622
2
bdbe-bgcc 4
dga-bgcc 6
1625
1
cib-bgcf 5
1626
1
cba-bgcg 5
1627
1
cga-bgch 5
1628
2
hje-bgci 8
bda-bgci 2
1629
1
beeg-bgcj 5
1630
1
bcai-bgda 5
1631
1
jdd-bgdb 5
1632
1
gbb-bgdc 5
1633
2
ede-bgdd 6
bhf-bgdd 9
1634
1
beic-bgde 5
1635
1
bbia-bgdf 5
1636
1
baf-bgdg 5
1638
1
bach-bgdi 10
1639
1
jdb-bgdj 5
1640
1
bcia-bgea 5
1641
1
ega-bgeb 5
1642
2
bacg-bgec 4
djd-bgec 6
1643
1
behi-bged 5
1644
1
hjf-bgee 5
1645
1
fed-bgef 5
1646
1
baca-bgeg 5
1647
1
bece-bgeh 5
1649
1
jej-bgej 5
1650
1
bddj-bgfa 5
1651
1
bhh-bgfb 5
1652
1
bfjg-bgfc 5
1653
2
ddb-bgfd 3
gif-bgfd 7
1654
1
bfcf-bgfe 5
1655
1
bcgh-bgff 5
1656
1
bce-bgfg 5
1657
1
bgbi-bgfh 5
1658
1
bie-bgfi 5
1659
1
eef-bgfj 5
1660
1
bdhi-bgga 5
1661
1
bdhg-bggb 5
