1525
1
2
ehb-b 16
dab-b 4
2
5
dgj-c 2
fcd-c 2
di-c 6
bih-c 9
bi-c 1
3
2
ii-d 14
bcb-d 6
4
3
cba-e 14
hic-e 5
d-e 1
5
4
jbb-f 1
bda-f 3
e-f 13
bdjf-f 3
6
3
gic-g 13
iee-g 1
bfg-g 6
8
2
gie-i 7
geg-i 13
9
3
fbj-j 4
bi-j 1
heg-j 15
10
1
bdi-ba 20
11
6
bcea-bb 2
cd-bb 4
bee-bb 5
gc-bb 3
bgf-bb 2
bcef-bb 4
12
2
dgf-bc 17
hbf-bc 3
13
3
bejh-bd 15
cch-bd 3
cjb-bd 2
14
4
beai-be 7
bbbj-be 2
fec-be 1
babg-be 10
15
2
dh-bf 8
hi-bf 12
16
3
baae-bg 4
bi-bg 2
bdii-bg 14
17
2
ihi-bh 8
bgeh-bh 12
18
2
babg-bi 16
fic-bi 4
19
2
bdbf-bj 15
dhf-bj 5
20
2
dfg-ca 3
gjh-ca 17
22
1
dgf-cc 20
23
4
ffb-cd 4
bhd-cd 6
bcaj-cd 9
dbg-cd 1
24
2
bi-ce 3
jag-ce 17
25
4
fhg-cf 5
eac-cf 3
cc-cf 6
def-cf 6
26
2
bd-cg 12
chb-cg 8
28
3
hfh-ci 2
bffg-ci 10
hif-ci 8
29
2
bfgd-cj 5
fbi-cj 15
30
5
bcei-da 5
bhd-da 2
beib-da 1
bdf-da 1
fai-da 11
31
3
bbde-db 13
bgj-db 2
cbh-db 5
32
5
iej-dc 5
ifh-dc 1
bbgj-dc 11
iag-dc 1
ecg-dc 2
33
3
dfg-dd 6
fc-dd 10
babg-dd 4
34
2
ghj-de 16
di-de 4
35
4
iei-df 7
gc-df 2
igi-df 3
bfgb-df 8
36
6
bgfe-dg 1
bcag-dg 3
hah-dg 5
bcii-dg 6
bed-dg 1
bebe-dg 4
37
3
hha-dh 11
dc-dh 6
bagf-dh 3
38
1
haf-di 20
39
1
gdb-dj 20
40
4
eee-ea 11
jjh-ea 2
dbb-ea 6
jff-ea 1
41
2
bbfc-eb 13
cdi-eb 7
42
1
cdc-ec 20
43
3
edf-ed 9
bcia-ed 6
bfdc-ed 5
44
1
bacc-ee 20
45
4
ige-ef 15
beeh-ef 2
cij-ef 2
cih-ef 1
46
2
bdj-eg 10
ggg-eg 10
47
3
bbfg-eh 1
bbei-eh 15
gdh-eh 4
48
4
bb-ei 17
jfj-ei 1
bcjf-ei 1
dff-ei 1
49
2
baig-ej 9
cd-ej 11
50
4
dhe-fa 4
jji-fa 4
bhg-fa 10
bc-fa 2
51
1
bdc-fb 20
52
2
bfch-fc 11
fif-fc 9
53
3
dhe-fd 13
je-fd 1
daf-fd 6
54
1
jic-fe 20
55
2
gb-ff 7
cje-ff 13
57
1
bejb-fh 20
58
2
bfdg-fi 17
hee-fi 3
59
1
ifd-fj 20
60
2
fga-ga 19
bi-ga 1
61
2
bbeb-gb 19
bbjc-gb 1
62
4
eie-gc 1
gge-gc 3
bdfa-gc 12
e-gc 4
63
6
je-gd 1
bfgc-gd 1
dbf-gd 2
daj-gd 5
dai-gd 10
gfb-gd 1
64
2
dfi-ge 17
g-ge 3
65
1
cgh-gf 20
66
4
idf-gg 6
bfjf-gg 5
jhg-gg 4
cdh-gg 5
67
3
bddh-gh 10
jci-gh 5
bh-gh 5
68
3
ch-gi 15
bcff-gi 1
cbe-gi 4
69
1
gjj-gj 20
70
2
bda-ha 16
db-ha 4
71
2
efh-hb 17
iaa-hb 3
72
4
dbf-hc 3
ejc-hc 9
gg-hc 5
cif-hc 3
74
4
hc-he 10
bcjc-he 4
bgi-he 5
bebb-he 1
75
2
hie-hf 1
bdbc-hf 19
76
2
cgj-hg 12
bja-hg 8
77
3
bjb-hh 14
beic-hh 4
gcj-hh 2
78
5
ihf-hi 3
bac-hi 1
baec-hi 3
iba-hi 5
fa-hi 8
79
3
di-hj 13
gfg-hj 6
jfc-hj 1
80
4
di-ia 6
bdjd-ia 8
bfeh-ia 5
ccc-ia 1
81
1
ghd-ib 20
82
2
cgi-ic 11
bedh-ic 9
83
2
eab-id 13
gbg-id 7
84
3
dej-ie 12
haj-ie 2
bjd-ie 6
85
3
bfce-if 6
bcge-if 9
di-if 5
86
1
egf-ig 20
87
2
cgh-ih 16
bcfj-ih 4
88
5
eig-ii 3
bacj-ii 3
bgfi-ii 4
dgc-ii 3
chf-ii 7
89
1
bcd-ij 20
90
1
hij-ja 20
91
2
ehi-jb 17
jc-jb 3
92
4
babi-jc 9
fci-jc 6
bbjg-jc 1
gii-jc 4
93
1
fhj-jd 20
94
6
fcf-je 1
bfgb-je 10
bbi-je 1
bfc-je 6
gdf-je 1
bi-je 1
95
1
iae-jf 20
96
2
daf-jg 12
beb-jg 8
97
3
bbfg-jh 10
hib-jh 5
dai-jh 5
98
2
bdjh-ji 10
bccj-ji 10
99
3
dej-jj 6
fgf-jj 1
bcee-jj 13
100
4
fhg-baa 11
dig-baa 6
efg-baa 2
dfi-baa 1
101
2
chf-bab 17
jhg-bab 3
102
3
hfi-bac 8
gja-bac 9
bfe-bac 3
103
2
bfi-bad 13
bha-bad 7
104
3
bdga-bae 6
cd-bae 6
dgj-bae 8
105
2
bdbh-baf 9
cj-baf 11
106
3
bfce-bag 13
bcc-bag 6
fic-bag 1
107
5
bbcc-bah 2
hbf-bah 8
ifd-bah 8
deg-bah 1
gjh-bah 1
108
1
cfj-bai 20
110
2
gdc-bba 2
fbe-bba 18
111
3
d-bbb 2
fdh-bbb 11
edb-bbb 7
112
3
chf-bbc 14
dbb-bbc 3
jje-bbc 3
114
2
cb-bbe 16
cie-bbe 4
115
3
bei-bbf 1
dfc-bbf 5
bage-bbf 14
116
4
eg-bbg 1
gdc-bbg 14
iff-bbg 1
eba-bbg 4
117
2
bacc-bbh 19
gjh-bbh 1
118
4
gfd-bbi 1
beeh-bbi 3
cbb-bbi 1
bca-bbi 15
119
7
gjh-bbj 2
baja-bbj 1
bbf-bbj 5
ige-bbj 1
fag-bbj 1
eh-bbj 1
bbag-bbj 9
120
2
gaf-bca 1
gae-bca 19
121
3
bbgc-bcb 9
fba-bcb 1
bbdg-bcb 10
122
6
bbab-bcc 7
bbff-bcc 3
gfi-bcc 2
jg-bcc 5
bjd-bcc 1
bebg-bcc 2
123
4
gc-bcd 5
eed-bcd 3
ddj-bcd 8
jec-bcd 4
124
6
gef-bce 3
bi-bce 4
gc-bce 1
bb-bce 1
ccc-bce 4
edi-bce 7
126
4
g-bcg 13
bhj-bcg 3
di-bcg 3
dbg-bcg 1
127
3
fbh-bch 14
gad-bch 5
ecb-bch 1
128
6
bcbc-bci 5
bbf-bci 4
bbc-bci 2
fag-bci 4
bagb-bci 1
bbhe-bci 4
129
2
icj-bcj 13
iff-bcj 7
130
4
dfj-bda 3
ffa-bda 10
dhg-bda 4
eh-bda 3
131
2
deh-bdb 19
efd-bdb 1
132
5
fee-bdc 5
fdc-bdc 9
bbah-bdc 3
bbjh-bdc 1
bfea-bdc 2
133
3
bcgc-bdd 14
bece-bdd 4
bjf-bdd 2
134
2
bba-bde 18
iah-bde 2
135
4
gbf-bdf 2
gea-bdf 3
hcg-bdf 1
bbab-bdf 14
136
5
cha-bdg 9
bahh-bdg 1
bbij-bdg 3
jdg-bdg 2
bcc-bdg 5
137
1
feh-bdh 20
138
3
iic-bdi 3
bffi-bdi 3
gci-bdi 14
139
6
hhc-bdj 1
igg-bdj 3
ffb-bdj 1
geh-bdj 2
bbbh-bdj 10
jfe-bdj 3
140
3
dgc-bea 9
fif-bea 2
cdh-bea 9
141
5
cbe-beb 5
djg-beb 1
edh-beb 5
hia-beb 5
fe-beb 4
142
6
hea-bec 4
hj-bec 5
ica-bec 6
bdei-bec 2
ii-bec 2
eei-bec 1
143
3
cd-bed 16
ica-bed 2
begd-bed 2
144
4
bgbe-bee 1
gjd-bee 1
cfa-bee 1
dfg-bee 17
145
2
dai-bef 16
fgj-bef 4
146
1
bef-beg 20
147
4
gdd-beh 12
hi-beh 1
bab-beh 5
ieh-beh 2
148
5
jca-bei 1
jbi-bei 9
becg-bei 5
fge-bei 4
bcgi-bei 1
149
3
bdb-bej 7
fif-bej 1
bec-bej 12
150
1
cjd-bfa 20
151
1
bdji-bfb 20
152
4
dcb-bfc 6
bafi-bfc 5
ifh-bfc 5
cdb-bfc 4
153
3
bif-bfd 15
jgi-bfd 2
cie-bfd 3
154
4
cgh-bfe 8
baea-bfe 3
gbc-bfe 4
dch-bfe 5
155
1
eec-bff 20
156
3
bgac-bfg 14
dae-bfg 4
hj-bfg 2
157
1
bae-bfh 20
158
5
ich-bfi 2
gaa-bfi 4
jhe-bfi 9
bgci-bfi 3
idg-bfi 2
159
3
gif-bfj 6
jjj-bfj 4
bii-bfj 10
160
3
hbd-bga 3
dij-bga 11
efe-bga 6
161
2
cgc-bgb 12
hea-bgb 8
162
1
cdb-bgc 20
163
3
bgdh-bgd 12
gd-bgd 7
edg-bgd 1
164
1
hci-bge 20
165
1
iaa-bgf 20
166
4
bcaa-bgg 12
bdde-bgg 5
heh-bgg 2
ehg-bgg 1
167
3
bfgh-bgh 13
be-bgh 3
dbg-bgh 4
168
3
cbi-bgi 5
daj-bgi 3
bhh-bgi 12
169
2
bffe-bgj 6
hch-bgj 14
170
3
gi-bha 10
fh-bha 2
ccd-bha 8
171
4
hhd-bhb 17
jh-bhb 1
fcb-bhb 1
ih-bhb 1
172
3
bagf-bhc 13
bbfd-bhc 6
bfe-bhc 1
173
2
hj-bhd 2
eed-bhd 18
174
1
daa-bhe 20
175
3
bci-bhf 6
cgi-bhf 8
ech-bhf 6
176
5
bci-bhg 3
babb-bhg 3
cdi-bhg 6
baf-bhg 1
cbg-bhg 7
177
4
bai-bhh 1
cbc-bhh 1
efe-bhh 10
cch-bhh 8
178
3
eaj-bhi 4
gbb-bhi 1
ibh-bhi 15
179
2
ghd-bhj 5
bafb-bhj 15
180
2
cch-bia 10
hi-bia 10
181
2
fhc-bib 19
eae-bib 1
182
2
baa-bic 10
dc-bic 10
184
5
bde-bie 1
bbc-bie 5
bcai-bie 5
bcc-bie 6
eig-bie 3
185
2
bgcg-bif 19
babf-bif 1
187
3
bcff-bih 13
hef-bih 3
dcf-bih 4
188
3
bcej-bii 6
bga-bii 3
ejd-bii 11
189
3
ba-bij 3
cha-bij 13
cia-bij 4
190
2
dca-bja 10
ded-bja 10
191
3
bcdb-bjb 16
db-bjb 1
bbee-bjb 3
192
2
baad-bjc 4
ibe-bjc 16
193
4
ghb-bjd 6
gd-bjd 7
hdg-bjd 3
di-bjd 4
194
2
ecd-bje 16
cga-bje 4
195
5
bccc-bjf 4
hic-bjf 2
ecg-bjf 1
hii-bjf 6
baff-bjf 7
197
5
gfd-bjh 2
jeb-bjh 7
eah-bjh 1
bcb-bjh 2
cd-bjh 8
198
4
fdj-bji 10
cgh-bji 1
dbg-bji 3
beeb-bji 6
199
3
gci-bjj 7
baad-bjj 1
jhe-bjj 12
200
3
dhc-caa 5
ecb-caa 5
djj-caa 10
201
4
cjd-cab 6
daf-cab 9
bdg-cab 3
bef-cab 2
202
4
dbf-cac 5
fid-cac 3
cgd-cac 5
bbdh-cac 7
203
1
icg-cad 20
204
4
jcd-cae 4
bccg-cae 5
hhb-cae 7
bcb-cae 4
205
3
bafb-caf 7
gag-caf 10
ghc-caf 3
206
4
cie-cag 5
fbi-cag 8
ebb-cag 6
bbg-cag 1
207
1
bebe-cah 20
208
1
gdb-cai 20
210
4
bccb-cba 15
bbjf-cba 1
bgdd-cba 1
bfi-cba 3
211
1
ihc-cbb 20
212
2
efg-cbc 1
bcdg-cbc 19
213
6
jej-cbd 5
jfc-cbd 4
cec-cbd 1
eag-cbd 2
ehe-cbd 1
bif-cbd 7
214
1
bbcc-cbe 20
215
1
ceb-cbf 20
216
2
becj-cbg 14
bbfi-cbg 6
217
1
bhi-cbh 20
218
2
bdi-cbi 11
ede-cbi 9
219
2
gjj-cbj 15
hi-cbj 5
220
4
eea-cca 10
ihg-cca 4
cbe-cca 3
bbdb-cca 3
221
2
ejj-ccb 14
bjj-ccb 6
222
3
jfh-ccc 6
eag-ccc 7
bcda-ccc 7
223
2
bajb-ccd 16
eae-ccd 4
225
5
hcc-ccf 10
ga-ccf 1
dca-ccf 1
jeg-ccf 3
ihi-ccf 5
226
2
hjh-ccg 15
ijd-ccg 5
227
3
baaf-cch 6
egd-cch 3
bhe-cch 11
228
4
bbfd-cci 7
ceb-cci 6
haf-cci 4
bgbg-cci 3
229
2
eeb-ccj 9
hji-ccj 11
230
1
dd-cda 20
231
3
jaa-cdb 8
bff-cdb 2
ejg-cdb 10
232
2
ddj-cdc 12
fad-cdc 8
233
2
bebi-cdd 12
db-cdd 8
234
1
gge-cde 20
235
4
fjc-cdf 15
dfa-cdf 1
bhj-cdf 3
badh-cdf 1
236
1
dff-cdg 20
237
2
bbja-cdh 19
gfd-cdh 1
238
2
beha-cdi 9
j-cdi 11
239
1
ega-cdj 20
240
3
jaj-cea 8
if-cea 10
che-cea 2
241
2
bdea-ceb 19
bfj-ceb 1
242
1
bad-cec 20
243
1
bbgc-ced 20
244
1
ic-cee 20
245
3
bfi-cef 8
dab-cef 10
bha-cef 2
246
1
gdg-ceg 20
248
1
ddf-cei 20
249
4
dif-cej 11
bbee-cej 2
bbeg-cej 3
bh-cej 4
250
4
ice-cfa 6
hdi-cfa 9
bdhb-cfa 2
gei-cfa 3
252
1
eca-cfc 20
253
1
bchd-cfd 20
255
3
ejg-cff 14
bafc-cff 1
hda-cff 5
256
4
bbdg-cfg 1
bfdb-cfg 6
gic-cfg 2
ej-cfg 11
257
3
fjh-cfh 16
bbee-cfh 1
cie-cfh 3
258
2
dhi-cfi 18
bcfi-cfi 2
259
1
cfi-cfj 20
260
4
chf-cga 11
bcjf-cga 1
bhb-cga 7
dh-cga 1
261
4
da-cgb 1
gdf-cgb 12
dch-cgb 4
deb-cgb 3
262
3
hfc-cgc 12
ica-cgc 3
cdb-cgc 5
263
1
dcf-cgd 20
264
2
bfc-cge 6
bba-cge 14
265
3
fcc-cgf 8
bgbh-cgf 1
dej-cgf 11
266
1
fhc-cgg 20
267
4
bdhc-cgh 5
cag-cgh 1
babb-cgh 1
hc-cgh 13
268
4
baaa-cgi 1
djh-cgi 15
ia-cgi 1
fdh-cgi 3
269
2
eag-cgj 11
ifi-cgj 9
270
4
dcb-cha 2
ged-cha 5
dhj-cha 10
egj-cha 3
271
1
bcbi-chb 20
272
4
bbfj-chc 8
hba-chc 5
fjc-chc 1
jhd-chc 6
273
1
bfbg-chd 20
274
3
befj-che 10
dej-che 2
eah-che 8
275
2
eca-chf 11
hfb-chf 9
276
2
fc-chg 8
iab-chg 12
278
3
bbea-chi 12
bbc-chi 1
hga-chi 7
279
1
jg-chj 20
280
2
jej-cia 16
jj-cia 4
281
5
hh-cib 12
bcce-cib 4
eha-cib 1
bdhh-cib 1
bdhb-cib 2
282
3
dhi-cic 12
jce-cic 2
ifd-cic 6
283
4
cab-cid 14
ehb-cid 2
cjb-cid 2
hgg-cid 2
284
2
jfi-cie 16
gg-cie 4
285
4
dae-cif 5
baed-cif 4
gfe-cif 7
bcja-cif 4
286
3
dge-cig 3
eef-cig 3
hbj-cig 14
287
1
icg-cih 20
288
1
baha-cii 20
289
2
cch-cij 15
dgf-cij 5
290
4
bcaa-cja 16
hcj-cja 1
ehg-cja 1
ead-cja 2
291
3
jbi-cjb 12
beba-cjb 6
eei-cjb 2
292
3
bcih-cjc 15
bfgi-cjc 3
bada-cjc 2
293
1
bdaa-cjd 20
294
2
bbi-cje 19
cea-cje 1
295
1
egf-cjf 20
298
1
bdce-cji 20
299
3
jah-cjj 7
bfeb-cjj 8
bgh-cjj 5
300
4
jjb-daa 1
ih-daa 1
bbhc-daa 10
bfde-daa 8
301
2
bef-dab 9
hi-dab 11
302
2
iid-dac 5
dce-dac 15
303
3
gfe-dad 7
gfd-dad 2
gcb-dad 11
304
3
fce-dae 16
baaa-dae 3
bcib-dae 1
305
4
fbb-daf 2
jae-daf 3
bdcb-daf 7
badi-daf 8
307
4
cgi-dah 7
ggg-dah 10
ihj-dah 1
ehc-dah 2
308
3
bchi-dai 8
bafa-dai 6
dhc-dai 6
309
4
fae-daj 3
geh-daj 1
dce-daj 1
dhe-daj 15
310
1
hhj-dba 20
311
3
dfc-dbb 4
eaa-dbb 13
cjb-dbb 3
312
2
dah-dbc 8
hca-dbc 12
313
2
bdjf-dbd 15
gcb-dbd 5
314
2
dac-dbe 13
bcaf-dbe 7
315
3
baad-dbf 14
gdc-dbf 2
gib-dbf 4
316
2
iag-dbg 17
dab-dbg 3
317
2
fha-dbh 15
cdb-dbh 5
318
2
edd-dbi 10
bcaa-dbi 10
319
2
dhd-dbj 9
bb-dbj 11
320
4
a-dca 1
bda-dca 1
jbi-dca 4
bdii-dca 14
321
5
gbj-dcb 1
fi-dcb 3
efg-dcb 7
eda-dcb 4
gad-dcb 5
322
6
fbb-dcc 3
heg-dcc 2
jah-dcc 3
chf-dcc 5
ddf-dcc 4
di-dcc 3
323
3
gda-dcd 8
cg-dcd 9
gjc-dcd 3
324
2
ebg-dce 3
jef-dce 17
325
3
cgb-dcf 10
bhe-dcf 3
bbja-dcf 7
326
2
dca-dcg 13
jjj-dcg 7
327
4
bdgc-dch 3
eca-dch 4
jai-dch 7
dh-dch 6
328
3
ehi-dci 11
cge-dci 4
bcef-dci 5
329
1
jcg-dcj 20
330
1
bjj-dda 20
331
1
bdge-ddb 20
332
2
bfjb-ddc 13
bja-ddc 7
333
1
beef-ddd 20
334
7
fbe-dde 1
ifj-dde 1
d-dde 3
ehd-dde 3
dbe-dde 5
bbj-dde 1
ghh-dde 6
335
7
eij-ddf 6
id-ddf 1
chf-ddf 1
bei-ddf 2
fcf-ddf 7
jh-ddf 2
eb-ddf 1
336
2
cgc-ddg 19
eid-ddg 1
337
2
ef-ddh 12
baa-ddh 8
338
2
cfa-ddi 10
bjc-ddi 10
339
2
haa-ddj 5
ecg-ddj 15
340
6
ief-dea 10
ejd-dea 2
ebe-dea 1
dia-dea 1
bgi-dea 3
edh-dea 3
341
5
hgj-deb 6
hjc-deb 1
hfg-deb 7
cbi-deb 5
fei-deb 1
342
2
bfg-dec 14
bcgh-dec 6
343
2
ihf-ded 8
gij-ded 12
344
5
cia-dee 1
fhb-dee 10
dej-dee 3
dhc-dee 1
fji-dee 5
345
1
jfi-def 20
346
4
bceg-deg 8
fhd-deg 1
eec-deg 5
hia-deg 6
347
2
dj-deh 15
iji-deh 5
348
1
gjc-dei 20
349
3
bcah-dej 8
dif-dej 1
fda-dej 11
350
1
ege-dfa 20
351
2
ehb-dfb 19
e-dfb 1
352
6
fgg-dfc 1
ddc-dfc 4
cjc-dfc 8
eb-dfc 2
ghb-dfc 4
fgj-dfc 1
353
2
da-dfd 16
idj-dfd 4
354
3
baac-dfe 6
ejd-dfe 1
ii-dfe 13
355
3
heg-dff 2
gie-dff 7
hii-dff 11
356
1
eib-dfg 20
357
4
fee-dfh 1
beci-dfh 6
fhb-dfh 5
bbcb-dfh 8
358
2
egd-dfi 9
hgh-dfi 11
359
1
bbah-dfj 20
360
2
bcdg-dga 10
fff-dga 10
361
1
bcae-dgb 20
362
4
bdbb-dgc 8
fib-dgc 4
c-dgc 5
jic-dgc 3
363
5
ifg-dgd 4
cbc-dgd 2
ifb-dgd 9
badi-dgd 3
bbjf-dgd 2
364
5
beaa-dge 11
bccf-dge 1
dc-dge 2
hcj-dge 3
ef-dge 3
365
2
bffd-dgf 12
bbba-dgf 8
366
1
bced-dgg 20
367
2
idi-dgh 17
dff-dgh 3
368
2
deb-dgi 2
bbf-dgi 18
369
4
ghb-dgj 14
gg-dgj 1
bea-dgj 4
bcab-dgj 1
370
2
dji-dha 10
dij-dha 10
371
3
ebh-dhb 18
bajb-dhb 1
d-dhb 1
372
6
bbce-dhc 1
jii-dhc 1
bdab-dhc 1
dfg-dhc 1
bbed-dhc 9
dbg-dhc 7
373
5
baeg-dhd 1
dgh-dhd 5
ije-dhd 5
cdi-dhd 8
hfh-dhd 1
374
5
dca-dhe 6
bbii-dhe 10
bbhb-dhe 1
ieg-dhe 1
bbhi-dhe 2
375
3
baga-dhf 14
ebj-dhf 2
cjd-dhf 4
376
2
bfe-dhg 19
ida-dhg 1
377
3
bbb-dhh 7
bbh-dhh 2
bdac-dhh 11
378
2
ihg-dhi 18
fjf-dhi 2
379
4
icc-dhj 1
begh-dhj 4
ddj-dhj 1
idf-dhj 14
380
1
ecg-dia 20
381
1
dhj-dib 20
382
4
fh-dic 11
edj-dic 3
hhd-dic 4
jff-dic 2
384
5
fac-die 5
fea-die 1
baag-die 3
fig-die 1
jeb-die 10
385
1
bbdh-dif 20
386
3
fcd-dig 8
hih-dig 5
edj-dig 7
387
2
fdg-dih 12
bbjg-dih 8
388
2
bdeg-dii 3
bage-dii 17
389
3
ici-dij 1
bacf-dij 1
hhe-dij 18
391
2
eee-djb 9
jjj-djb 11
392
3
jaj-djc 8
dba-djc 4
ddi-djc 8
393
4
ceb-djd 9
ifd-djd 6
cie-djd 2
bejh-djd 3
394
2
beaj-dje 17
bbj-dje 3
395
2
eha-djf 16
di-djf 4
396
3
bceg-djg 1
efi-djg 1
hca-djg 18
397
5
beca-djh 1
bdef-djh 4
gdg-djh 5
ebi-djh 7
cjc-djh 3
399
2
bbc-djj 7
jib-djj 13
400
3
bee-eaa 7
hjj-eaa 11
jbb-eaa 2
401
2
bbga-eab 12
bdha-eab 8
402
2
cej-eac 8
bagg-eac 12
403
2
dce-ead 14
caf-ead 6
404
4
bic-eae 8
gdc-eae 2
icb-eae 1
fhi-eae 9
405
1
jc-eaf 20
406
3
hgb-eag 3
gff-eag 2
ca-eag 15
407
4
bbcf-eah 3
eca-eah 13
bcaj-eah 2
gdj-eah 2
408
3
ffa-eai 11
be-eai 2
bbec-eai 7
409
2
beec-eaj 14
eae-eaj 6
410
4
bebc-eba 1
cee-eba 8
bif-eba 4
feb-eba 7
411
3
ffd-ebb 6
iij-ebb 13
beb-ebb 1
412
1
baej-ebc 20
413
6
ejb-ebd 9
dgi-ebd 1
had-ebd 3
bcce-ebd 2
badb-ebd 1
bdae-ebd 4
414
4
ebb-ebe 1
df-ebe 2
ceb-ebe 8
bfhc-ebe 9
415
1
bfd-ebf 20
416
1
fga-ebg 20
417
3
icg-ebh 1
daf-ebh 12
bahf-ebh 7
418
1
hfe-ebi 20
419
3
djj-ebj 10
jgc-ebj 1
ehi-ebj 9
420
3
dbf-eca 17
jga-eca 1
eh-eca 2
421
1
bchc-ecb 20
422
8
bdie-ecc 5
fbe-ecc 4
idf-ecc 1
bdch-ecc 1
jc-ecc 1
ejd-ecc 2
babd-ecc 1
edi-ecc 5
423
3
jfj-ecd 7
dha-ecd 10
fba-ecd 3
424
2
eaa-ece 10
ici-ece 10
425
3
beh-ecf 7
eed-ecf 2
dc-ecf 11
426
3
fbc-ecg 3
bcca-ecg 8
dfa-ecg 9
427
3
jjc-ech 13
hcd-ech 2
dbh-ech 5
428
1
hcg-eci 20
429
1
ihi-ecj 20
430
5
bbdb-eda 2
igj-eda 7
dhf-eda 5
bdcg-eda 1
hbd-eda 5
431
2
gdd-edb 9
jj-edb 11
432
1
ggi-edc 20
433
2
bdh-edd 17
cbe-edd 3
434
3
jbb-ede 9
ffi-ede 1
jh-ede 10
435
4
bdag-edf 1
fah-edf 9
hba-edf 6
bdfe-edf 4
436
3
ie-edg 3
ggd-edg 14
cde-edg 3
437
4
beb-edh 15
hcd-edh 1
bbgb-edh 3
dah-edh 1
438
2
gie-edi 6
ccg-edi 14
439
2
egj-edj 8
egf-edj 12
440
1
bgj-eea 20
441
3
hgh-eeb 16
hei-eeb 1
dec-eeb 3
442
3
dge-eec 1
cbe-eec 18
hci-eec 1
443
4
iaa-eed 1
gcd-eed 14
fcg-eed 2
jhc-eed 3
444
1
idg-eee 20
445
3
dej-eef 15
bdg-eef 3
jad-eef 2
447
1
bcc-eeh 20
448
4
bih-eei 15
beed-eei 1
haj-eei 2
fii-eei 2
449
2
bcih-eej 10
bcag-eej 10
450
4
hch-efa 1
ii-efa 9
jia-efa 1
bccg-efa 9
451
1
ehc-efb 20
452
3
hd-efc 6
ehd-efc 3
bhh-efc 11
453
2
bbc-efd 15
fei-efd 5
454
2
ija-efe 18
bcdb-efe 2
455
5
jge-eff 8
hgf-eff 4
bjf-eff 1
fff-eff 1
bbed-eff 6
456
5
bbj-efg 11
fii-efg 1
iib-efg 1
daf-efg 1
bcad-efg 6
457
3
igc-efh 11
iic-efh 1
ded-efh 8
458
1
eec-efi 20
459
3
bbfa-efj 18
bbca-efj 1
fhc-efj 1
460
6
icf-ega 13
jca-ega 2
bja-ega 1
feh-ega 1
cbg-ega 2
bac-ega 1
461
4
bcdf-egb 3
fdb-egb 7
hic-egb 8
jg-egb 2
463
2
cfa-egd 5
ebd-egd 15
464
2
ifi-ege 3
ecb-ege 17
465
4
fge-egf 2
cha-egf 9
eae-egf 8
ifd-egf 1
466
3
idd-egg 11
eaj-egg 2
die-egg 7
467
1
iid-egh 20
468
1
hef-egi 20
469
4
ibi-egj 15
baih-egj 1
jj-egj 2
jdg-egj 2
470
3
cgh-eha 14
fgd-eha 1
bjj-eha 5
471
2
bfc-ehb 9
hib-ehb 11
472
1
iad-ehc 20
473
3
hcb-ehd 14
bffb-ehd 4
hjj-ehd 2
474
3
bebj-ehe 4
ibh-ehe 1
hje-ehe 15
475
3
jgj-ehf 9
caa-ehf 5
hgh-ehf 6
476
3
edf-ehg 17
hda-ehg 2
bdgh-ehg 1
477
1
ecf-ehh 20
478
2
jfd-ehi 18
bbeg-ehi 2
479
2
bcgj-ehj 9
hbj-ehj 11
480
2
cjj-eia 10
efc-eia 10
481
3
dg-eib 9
bbbe-eib 6
iih-eib 5
482
3
bfef-eic 9
fhi-eic 7
bdfb-eic 4
483
3
bfhj-eid 7
hc-eid 9
bdg-eid 4
484
2
ffj-eie 13
gbb-eie 7
486
1
bfeh-eig 20
487
2
cag-eih 12
ifi-eih 8
488
1
bfdi-eii 20
489
4
jae-eij 2
dfg-eij 7
dcc-eij 2
ief-eij 9
490
2
iaj-eja 19
babi-eja 1
491
2
ibd-ejb 15
bhc-ejb 5
492
6
gji-ejc 5
hgb-ejc 1
ggd-ejc 6
eia-ejc 1
daj-ejc 3
bcbe-ejc 4
493
1
ige-ejd 20
494
3
cif-eje 5
iei-eje 5
bfj-eje 10
495
1
bfja-ejf 20
496
4
ghb-ejg 5
chd-ejg 3
feg-ejg 8
eb-ejg 4
497
1
idi-ejh 20
498
3
hfb-eji 8
cgh-eji 1
d-eji 11
499
1
chf-ejj 20
500
3
dfb-faa 7
ice-faa 2
bbba-faa 11
502
3
bbii-fac 6
hbc-fac 9
cbi-fac 5
503
5
bdjg-fad 6
iej-fad 1
cfh-fad 1
baei-fad 8
fgd-fad 4
504
2
baba-fae 16
bdia-fae 4
505
2
hid-faf 15
bcja-faf 5
506
2
bahb-fag 1
dbf-fag 19
507
1
bjf-fah 20
508
2
fdh-fai 10
badj-fai 10
509
4
fgi-faj 8
ggb-faj 1
bhe-faj 3
ghi-faj 8
510
3
bbdb-fba 7
dii-fba 3
cdi-fba 10
511
1
jgi-fbb 20
512
1
baag-fbc 20
513
3
jhc-fbd 10
ejj-fbd 4
bih-fbd 6
514
2
bceh-fbe 13
fgi-fbe 7
515
1
jbh-fbf 20
516
1
dff-fbg 20
517
4
bcjg-fbh 7
fgb-fbh 5
bc-fbh 6
fdh-fbh 2
518
4
ebf-fbi 1
bjb-fbi 5
eah-fbi 5
dcc-fbi 9
519
3
fch-fbj 8
beig-fbj 1
hdc-fbj 11
520
3
bccg-fca 9
gaj-fca 9
jib-fca 2
521
1
bcdf-fcb 20
522
3
fjh-fcc 11
gic-fcc 8
bfca-fcc 1
523
1
cba-fcd 20
524
2
gia-fce 10
baec-fce 10
525
4
baib-fcf 6
bff-fcf 2
ebi-fcf 5
ehe-fcf 7
526
3
bcah-fcg 5
bbe-fcg 7
gcc-fcg 8
527
4
bcee-fch 17
beaj-fch 1
ecb-fch 1
eae-fch 1
528
6
iei-fci 3
bjf-fci 3
dfd-fci 2
iba-fci 2
dfh-fci 8
bbea-fci 2
529
4
ghc-fcj 10
egd-fcj 3
fcg-fcj 3
ffb-fcj 4
530
3
bhi-fda 8
bbbd-fda 1
cfd-fda 11
531
3
ccf-fdb 14
eha-fdb 5
def-fdb 1
532
3
bahi-fdc 5
cif-fdc 11
eg-fdc 4
533
6
baei-fdd 1
eaf-fdd 1
bfha-fdd 2
bfie-fdd 2
edd-fdd 8
hid-fdd 6
534
1
egb-fde 20
535
3
ibe-fdf 5
gdc-fdf 4
fdg-fdf 11
536
2
bdhg-fdg 4
bach-fdg 16
537
4
cdc-fdh 1
gf-fdh 3
ffa-fdh 11
deb-fdh 5
538
1
jii-fdi 20
539
2
bdfh-fdj 12
hbh-fdj 8
540
4
ee-fea 2
bbia-fea 14
bceb-fea 3
bdcd-fea 1
541
5
ibd-feb 13
dfh-feb 1
ieb-feb 1
hgh-feb 2
ih-feb 3
542
2
bfij-fec 4
bfcg-fec 16
543
2
hdi-fed 17
bbhb-fed 3
544
4
bbaa-fee 3
ihf-fee 2
ecb-fee 10
be-fee 5
545
3
bbfh-fef 6
je-fef 2
bfdg-fef 12
546
4
ijc-feg 1
bd-feg 6
bcgj-feg 6
hgh-feg 7
547
1
djg-feh 20
548
1
begd-fei 20
550
4
idb-ffa 1
gch-ffa 1
bfef-ffa 17
df-ffa 1
551
4
cfd-ffb 10
ica-ffb 1
i-ffb 3
dab-ffb 6
552
1
bdj-ffc 20
553
1
dij-ffd 20
555
5
jbf-fff 8
hfd-fff 1
chc-fff 1
fgj-fff 5
baae-fff 5
557
2
e-ffh 16
fja-ffh 4
558
3
cdj-ffi 5
bcdd-ffi 14
cif-ffi 1
559
1
gfi-ffj 20
560
5
igi-fga 6
bhe-fga 9
eae-fga 3
cie-fga 1
gei-fga 1
561
2
gff-fgb 6
dba-fgb 14
562
1
bagf-fgc 20
563
3
bfff-fgd 9
bfic-fgd 1
ffa-fgd 10
564
1
gjf-fge 20
565
1
ha-fgf 20
567
2
jcf-fgh 13
dbh-fgh 7
568
1
dfg-fgi 20
569
2
ghj-fgj 14
bdc-fgj 6
570
2
bfig-fha 18
fhc-fha 2
571
4
beeb-fhb 3
bajf-fhb 8
bfcb-fhb 8
beaa-fhb 1
572
5
bgea-fhc 4
hch-fhc 7
bbi-fhc 3
bfed-fhc 4
cba-fhc 2
573
2
hic-fhd 15
cih-fhd 5
574
2
ebh-fhe 16
hci-fhe 4
575
1
gad-fhf 20
576
3
bbfh-fhg 16
da-fhg 2
fjc-fhg 2
577
1
cba-fhh 20
578
3
jcb-fhi 8
bja-fhi 1
bcgj-fhi 11
579
3
fag-fhj 12
ii-fhj 3
bgde-fhj 5
580
2
hga-fia 15
gcc-fia 5
581
2
gjb-fib 5
fgb-fib 15
582
3
cea-fic 11
bgaj-fic 6
ijd-fic 3
583
3
cih-fid 4
hh-fid 15
bbaa-fid 1
584
1
efe-fie 20
585
4
ibj-fif 4
bfcg-fif 2
gge-fif 6
bbc-fif 8
586
4
dec-fig 7
bfj-fig 3
eib-fig 1
ejg-fig 9
587
1
id-fih 20
588
4
gde-fii 10
bcfh-fii 2
bagb-fii 6
haf-fii 2
590
1
edj-fja 20
591
6
hae-fjb 6
caa-fjb 1
hc-fjb 7
bggb-fjb 3
cij-fjb 2
gef-fjb 1
592
4
hdf-fjc 13
dbg-fjc 2
cie-fjc 2
bcff-fjc 3
593
1
cif-fjd 20
594
2
hci-fje 13
hdj-fje 7
595
3
jhf-fjf 15
bahg-fjf 4
fhc-fjf 1
596
1
bcfe-fjg 20
597
2
babb-fjh 6
baij-fjh 14
598
6
bddi-fji 1
fij-fji 4
cdf-fji 4
hh-fji 1
jbi-fji 4
iga-fji 6
599
2
gj-fjj 18
bbg-fjj 2
600
3
bacj-gaa 8
gjf-gaa 4
gbb-gaa 8
601
1
gdh-gab 20
602
1
cca-gac 20
603
5
hij-gad 8
bdfe-gad 1
jjh-gad 1
bf-gad 3
bjc-gad 7
604
6
ghc-gae 10
ceb-gae 6
jci-gae 1
hca-gae 1
bfi-gae 1
bd-gae 1
606
3
jij-gag 9
dff-gag 8
bahg-gag 3
607
2
iaf-gah 13
fac-gah 7
609
3
di-gaj 2
bcde-gaj 6
iae-gaj 12
610
3
bbge-gba 11
bbib-gba 7
fdi-gba 2
611
5
bfjj-gbb 3
cgb-gbb 4
dhf-gbb 1
eja-gbb 3
becb-gbb 9
612
2
bbh-gbc 4
baab-gbc 16
614
1
bgfd-gbe 20
615
3
bdcf-gbf 7
bbeh-gbf 8
fgd-gbf 5
616
3
dhh-gbg 17
dga-gbg 2
bbcb-gbg 1
617
2
ejj-gbh 13
ff-gbh 7
618
5
ifc-gbi 9
ej-gbi 1
bbeh-gbi 5
bacg-gbi 1
dbi-gbi 4
619
3
jej-gbj 13
gch-gbj 1
bbfi-gbj 6
620
2
hbg-gca 16
haj-gca 4
621
2
bfbd-gcb 6
cab-gcb 14
622
4
baee-gcc 11
cdh-gcc 1
baad-gcc 4
bafc-gcc 4
623
1
egf-gcd 20
624
1
fai-gce 20
625
1
daf-gcf 20
626
1
chg-gcg 20
627
1
bdc-gch 20
628
3
bga-gci 1
cea-gci 9
igb-gci 10
629
2
ged-gcj 10
ebb-gcj 10
630
2
ihh-gda 11
bdcf-gda 9
631
2
eah-gdb 6
bbg-gdb 14
632
4
cah-gdc 2
babf-gdc 3
ifc-gdc 8
gbe-gdc 7
633
2
dgb-gdd 6
bcag-gdd 14
634
3
baeb-gde 18
gba-gde 1
cdd-gde 1
635
3
bhc-gdf 6
gfe-gdf 10
bchf-gdf 4
636
4
bajh-gdg 4
hag-gdg 7
bddj-gdg 8
db-gdg 1
637
2
jci-gdh 9
bdfd-gdh 11
639
2
cei-gdj 11
gjg-gdj 9
640
5
edi-gea 5
cda-gea 9
jh-gea 4
dea-gea 1
eaa-gea 1
641
2
hhd-geb 10
begg-geb 10
643
1
bdbj-ged 20
644
1
dda-gee 20
645
4
gij-gef 10
gfh-gef 7
dfi-gef 1
bdgj-gef 2
646
3
bfcj-geg 6
gaj-geg 9
cie-geg 5
647
2
jg-geh 18
bjh-geh 2
648
3
ffa-gei 9
iba-gei 7
daf-gei 4
649
2
fec-gej 10
hgi-gej 10
650
1
bgeg-gfa 20
651
1
jhj-gfb 20
652
2
bcb-gfc 13
ccf-gfc 7
653
3
hjb-gfd 14
gch-gfd 5
bdbg-gfd 1
654
2
baci-gfe 19
hfa-gfe 1
655
5
hh-gff 1
egf-gff 1
idi-gff 1
ehe-gff 3
bga-gff 14
656
1
bahh-gfg 20
657
2
iga-gfh 19
bi-gfh 1
658
3
ech-gfi 7
becd-gfi 10
ghc-gfi 3
660
2
bhe-gga 19
hhe-gga 1
661
2
bee-ggb 18
eae-ggb 2
662
2
id-ggc 11
bgae-ggc 9
663
2
jhh-ggd 12
djj-ggd 8
664
6
beg-gge 1
efd-gge 3
gaj-gge 2
bdc-gge 2
bfid-gge 11
ifg-gge 1
665
4
bcdj-ggf 9
hab-ggf 4
jfj-ggf 1
feh-ggf 6
666
3
dij-ggg 10
die-ggg 3
caf-ggg 7
667
1
cab-ggh 20
668
3
bfc-ggi 7
cbc-ggi 3
cgh-ggi 10
670
4
bfgj-gha 5
ifc-gha 6
gii-gha 1
gdh-gha 8
671
5
bgef-ghb 1
bbfg-ghb 4
bgae-ghb 8
idb-ghb 2
bbff-ghb 5
672
5
bch-ghc 2
cib-ghc 6
beid-ghc 4
fhi-ghc 6
fea-ghc 2
673
3
egj-ghd 1
did-ghd 8
bae-ghd 11
674
1
ggg-ghe 20
676
2
dhh-ghg 19
fhb-ghg 1
677
2
bacj-ghh 8
cbc-ghh 12
678
2
daf-ghi 18
hai-ghi 2
679
4
fcd-ghj 5
hec-ghj 9
bcbc-ghj 4
fdb-ghj 2
680
3
egg-gia 18
ied-gia 1
hbf-gia 1
681
2
cic-gib 14
bbhf-gib 6
682
3
dhi-gic 8
gge-gic 2
bbga-gic 10
683
1
cjj-gid 20
684
2
ici-gie 16
iih-gie 4
685
5
hge-gif 2
gdf-gif 1
bcig-gif 4
bcdi-gif 6
jea-gif 7
687
4
badc-gih 9
bbfb-gih 2
baai-gih 5
die-gih 4
688
2
baab-gii 14
ib-gii 6
689
3
ehf-gij 3
bei-gij 7
ibd-gij 10
690
1
ecd-gja 20
691
1
ebc-gjb 20
692
5
hji-gjc 11
gbe-gjc 1
ca-gjc 4
behb-gjc 2
hg-gjc 2
693
1
gad-gjd 20
694
2
bhc-gje 8
bbdf-gje 12
695
3
ieg-gjf 4
dig-gjf 7
hdh-gjf 9
696
5
egg-gjg 1
behg-gjg 5
bbic-gjg 3
bdda-gjg 4
bfb-gjg 7
697
3
dfd-gjh 6
cje-gjh 9
cbg-gjh 5
699
3
iii-gjj 13
hhe-gjj 1
fbi-gjj 6
700
2
bcea-haa 16
bjj-haa 4
701
2
bcfg-hab 9
gc-hab 11
703
1
iec-had 20
704
6
bbic-hae 11
ije-hae 2
hea-hae 1
fac-hae 2
chi-hae 1
idb-hae 3
705
2
jji-haf 12
jda-haf 8
706
6
ecj-hag 1
beje-hag 1
dic-hag 3
dfg-hag 10
bcgb-hag 4
hje-hag 1
707
2
efj-hah 14
fda-hah 6
708
1
hfh-hai 20
709
1
bdjj-haj 20
710
2
bdbi-hba 3
bega-hba 17
711
1
cgj-hbb 20
712
2
ffc-hbc 6
jdg-hbc 14
713
3
bei-hbd 7
bdff-hbd 1
eij-hbd 12
714
2
fc-hbe 14
fji-hbe 6
715
2
jf-hbf 16
fcf-hbf 4
716
4
egh-hbg 6
ife-hbg 2
gde-hbg 10
bdjf-hbg 2
717
3
ifg-hbh 7
babe-hbh 1
ci-hbh 12
718
2
jfh-hbi 13
egd-hbi 7
719
2
bedf-hbj 11
jge-hbj 9
720
4
ead-hca 9
hcf-hca 1
ibe-hca 8
cib-hca 2
721
2
bahd-hcb 5
bdfa-hcb 15
722
2
iee-hcc 1
cie-hcc 19
723
3
jee-hcd 12
bgi-hcd 7
bdhb-hcd 1
724
3
beaf-hce 4
eab-hce 6
ejf-hce 10
725
5
gad-hcf 4
hhc-hcf 5
bbae-hcf 7
cih-hcf 2
b-hcf 2
726
3
ibf-hcg 1
baed-hcg 10
ja-hcg 9
727
2
fci-hch 19
gdg-hch 1
728
3
geh-hci 8
bdff-hci 2
ggi-hci 10
729
3
jd-hcj 9
eec-hcj 10
bbgd-hcj 1
730
3
idc-hda 12
dec-hda 2
ffb-hda 6
731
4
bfhg-hdb 9
bejg-hdb 1
jh-hdb 8
fei-hdb 2
732
5
befb-hdc 4
jbf-hdc 1
cej-hdc 9
cbi-hdc 2
bdac-hdc 4
733
1
bdg-hdd 20
734
2
jfh-hde 17
bbjf-hde 3
735
4
gbh-hdf 3
dci-hdf 2
bbha-hdf 10
fad-hdf 5
736
1
fjc-hdg 20
737
1
fec-hdh 20
738
1
beah-hdi 20
739
2
eci-hdj 11
haa-hdj 9
740
4
befg-hea 10
fdf-hea 5
jjg-hea 3
djb-hea 2
742
4
bdda-hec 1
fai-hec 3
bfjg-hec 13
bdhc-hec 3
743
1
bcbg-hed 20
744
1
bfhd-hee 20
745
3
bjd-hef 15
gha-hef 3
bfch-hef 2
746
2
ceb-heg 19
bcdd-heg 1
747
2
dcb-heh 14
hii-heh 6
748
3
fad-hei 9
if-hei 3
ie-hei 8
749
1
bgbd-hej 20
750
3
jga-hfa 16
dgc-hfa 1
befe-hfa 3
751
2
icd-hfb 10
bff-hfb 10
752
3
bcdc-hfc 14
gab-hfc 3
gjh-hfc 3
753
2
bcec-hfd 1
eih-hfd 19
754
3
gac-hfe 12
ejg-hfe 6
bahd-hfe 2
755
1
bacc-hff 20
756
2
bbac-hfg 4
gfd-hfg 16
757
3
bbaj-hfh 4
ihf-hfh 7
ede-hfh 9
758
2
eci-hfi 3
beih-hfi 17
759
2
gaa-hfj 16
bfhi-hfj 4
760
2
bbg-hga 8
fdb-hga 12
761
1
hfc-hgb 20
762
4
hje-hgc 7
fea-hgc 2
dej-hgc 10
fia-hgc 1
763
2
bedb-hgd 9
bbfa-hgd 11
764
2
efg-hge 19
beff-hge 1
765
4
icd-hgf 5
fea-hgf 12
bci-hgf 1
bafe-hgf 2
766
1
baib-hgg 20
767
2
dej-hgh 18
deg-hgh 2
768
2
baja-hgi 13
cdb-hgi 7
770
4
ihj-hha 5
baad-hha 6
ii-hha 3
hdd-hha 6
771
1
gfa-hhb 20
772
3
eia-hhc 16
beff-hhc 3
fhc-hhc 1
773
2
bdec-hhd 7
gaa-hhd 13
774
2
gja-hhe 16
eff-hhe 4
775
1
bafj-hhf 20
776
1
dgd-hhg 20
778
1
bdci-hhi 20
779
5
chi-hhj 3
hie-hhj 9
jec-hhj 1
beb-hhj 3
bfag-hhj 4
780
2
bbie-hia 7
jdd-hia 13
781
1
bbi-hib 20
782
4
chh-hic 3
dhd-hic 4
bgcf-hic 2
dcc-hic 11
783
1
bgdg-hid 20
784
1
bgbb-hie 20
785
2
ggc-hif 2
fje-hif 18
786
3
gb-hig 11
che-hig 3
fig-hig 6
787
1
ddh-hih 20
788
3
jaj-hii 5
cgi-hii 11
djb-hii 4
789
4
bji-hij 4
dif-hij 2
bbbd-hij 2
hag-hij 12
790
1
fae-hja 20
791
2
bde-hjb 18
cfh-hjb 2
792
4
bfhe-hjc 10
hcc-hjc 1
gaj-hjc 3
bbfi-hjc 6
793
2
bbd-hjd 12
fef-hjd 8
794
2
fgj-hje 14
bdja-hje 6
795
3
beji-hjf 1
gid-hjf 14
edj-hjf 5
796
3
jdh-hjg 18
eda-hjg 1
cfa-hjg 1
797
1
bcg-hjh 20
798
1
hfj-hji 20
799
5
beea-hjj 10
fgd-hjj 2
bace-hjj 2
gah-hjj 3
fe-hjj 3
800
5
ead-iaa 1
eef-iaa 1
deb-iaa 1
dhc-iaa 12
jcg-iaa 5
801
3
bdbh-iab 9
cdh-iab 8
ech-iab 3
802
3
hbi-iac 3
eic-iac 9
hia-iac 8
803
1
cgd-iad 20
804
4
cjg-iae 1
cdf-iae 4
bcd-iae 6
fjd-iae 9
805
2
ejf-iaf 6
gjf-iaf 14
806
3
bage-iag 11
ejg-iag 7
ihd-iag 2
807
2
dad-iah 17
fei-iah 3
808
3
dje-iai 2
jh-iai 17
gf-iai 1
809
1
bddg-iaj 20
810
5
bbbj-iba 2
ejb-iba 3
bafb-iba 3
bbba-iba 2
bcb-iba 10
811
2
iha-ibb 10
bead-ibb 10
812
1
bbgf-ibc 20
813
2
bgcj-ibd 6
bdhd-ibd 14
814
2
bbcc-ibe 3
fba-ibe 17
815
3
bffh-ibf 2
dje-ibf 8
dih-ibf 10
816
2
bafg-ibg 8
fhg-ibg 12
817
2
eja-ibh 1
babb-ibh 19
818
3
jib-ibi 8
bjc-ibi 7
fdi-ibi 5
819
4
bbcd-ibj 2
bbdb-ibj 12
hae-ibj 3
dfd-ibj 3
820
3
dgi-ica 8
becf-ica 6
bcfh-ica 6
821
3
hfi-icb 10
fib-icb 9
fhj-icb 1
823
4
hj-icd 5
jaj-icd 8
jaa-icd 1
hcd-icd 6
824
3
ehd-ice 6
jfh-ice 7
hgi-ice 7
825
4
dbb-icf 12
fce-icf 4
cih-icf 2
bcha-icf 2
826
3
gcg-icg 11
bjj-icg 2
bcdi-icg 7
827
1
beei-ich 20
828
2
cj-ici 17
jc-ici 3
829
1
jie-icj 20
830
1
bcfd-ida 20
831
4
ghi-idb 5
cdh-idb 5
bach-idb 2
fce-idb 8
832
2
iij-idc 14
gjg-idc 6
833
2
fih-idd 18
bfda-idd 2
835
4
dh-idf 4
efa-idf 3
dii-idf 7
bajg-idf 6
836
3
dhd-idg 11
bagf-idg 7
bfi-idg 2
838
4
bgfa-idi 1
ech-idi 2
hhc-idi 6
bbdd-idi 11
839
2
fdj-idj 9
bcc-idj 11
840
2
bij-iea 11
bebf-iea 9
841
3
bdaj-ieb 4
bbie-ieb 9
fhb-ieb 7
842
3
hfg-iec 11
bbca-iec 6
hfh-iec 3
843
3
bche-ied 10
bbid-ied 6
jac-ied 4
844
1
efc-iee 20
845
4
bbah-ief 2
hag-ief 2
ea-ief 2
bfc-ief 14
846
4
ffh-ieg 1
hcd-ieg 5
idd-ieg 1
fjj-ieg 13
847
3
caj-ieh 1
bge-ieh 13
bchj-ieh 6
848
3
hgi-iei 16
bcgb-iei 1
efg-iei 3
849
1
bbh-iej 20
850
3
bbbi-ifa 5
hcf-ifa 1
ccc-ifa 14
851
2
dfh-ifb 17
bagh-ifb 3
852
4
bchg-ifc 1
ejj-ifc 1
cee-ifc 9
jid-ifc 9
853
3
bbhd-ifd 11
ijh-ifd 2
cf-ifd 7
854
2
hjf-ife 8
dad-ife 12
855
3
jgf-iff 8
efe-iff 1
cgi-iff 11
856
3
bgeb-ifg 14
be-ifg 1
jci-ifg 5
857
2
baga-ifh 6
cid-ifh 14
858
1
bcci-ifi 20
860
1
ebb-iga 20
861
1
cif-igb 20
862
3
bcgi-igc 7
eaf-igc 6
gh-igc 7
863
2
ife-igd 9
ggg-igd 11
864
3
hjc-ige 11
dbj-ige 7
dbi-ige 2
866
1
babd-igg 20
867
1
hag-igh 20
868
2
bbg-igi 15
bcbj-igi 5
869
3
jba-igj 17
dde-igj 2
bdie-igj 1
870
3
hgf-iha 4
bcdj-iha 3
jfa-iha 13
871
1
bbcj-ihb 20
872
1
ehj-ihc 20
873
3
bbdd-ihd 12
behh-ihd 5
fj-ihd 3
874
3
hdg-ihe 17
hdj-ihe 1
hdi-ihe 2
875
3
bfcc-ihf 14
ijj-ihf 2
bbad-ihf 4
876
3
bcj-ihg 4
cdj-ihg 4
gij-ihg 12
877
1
cib-ihh 20
878
2
bdgf-ihi 18
bebh-ihi 2
879
2
cef-ihj 15
caf-ihj 5
880
3
fid-iia 9
fgb-iia 4
hfh-iia 7
881
4
baeb-iib 6
id-iib 1
chd-iib 11
bafa-iib 2
882
4
jje-iic 1
iie-iic 3
fag-iic 7
gfa-iic 9
883
2
iae-iid 11
ffa-iid 9
884
2
jee-iie 15
bejf-iie 5
886
2
hjb-iig 4
hcg-iig 16
887
1
hbj-iih 20
888
1
bbib-iii 20
889
1
baaa-iij 20
890
2
dbj-ija 3
iaa-ija 17
892
1
bcij-ijc 20
893
3
hfi-ijd 9
beda-ijd 8
gdh-ijd 3
894
4
beef-ije 1
bbbj-ije 4
bef-ije 11
gda-ije 4
895
1
hei-ijf 20
896
2
behi-ijg 1
ig-ijg 19
897
1
bii-ijh 20
898
1
gd-iji 20
899
2
cff-ijj 16
iaf-ijj 4
900
1
bbjh-jaa 20
901
2
gbe-jab 17
baej-jab 3
902
5
hca-jac 1
ghg-jac 1
bgg-jac 5
ejj-jac 10
ibb-jac 3
903
2
bcij-jad 13
djc-jad 7
904
1
bbih-jae 20
905
2
bdig-jaf 9
bgd-jaf 11
906
2
cg-jag 6
cbc-jag 14
907
4
bcif-jah 7
fie-jah 11
baia-jah 1
bchh-jah 1
908
5
gbj-jai 1
hah-jai 5
bffi-jai 1
efa-jai 8
bbbg-jai 5
909
2
ebd-jaj 2
iic-jaj 18
910
2
gej-jba 18
bdef-jba 2
911
2
gjc-jbb 13
dhg-jbb 7
912
2
jca-jbc 19
gbg-jbc 1
913
3
bfad-jbd 2
bgh-jbd 3
dij-jbd 15
915
2
gfg-jbf 14
bedi-jbf 6
916
4
ehd-jbg 5
baie-jbg 1
bdid-jbg 6
bjd-jbg 8
917
3
dbd-jbh 16
babf-jbh 1
bji-jbh 3
918
1
bdcc-jbi 20
920
3
idf-jca 12
jfg-jca 6
jde-jca 2
921
2
faj-jcb 8
gae-jcb 12
922
2
fjg-jcc 2
gfb-jcc 18
923
3
jcc-jcd 9
hgh-jcd 10
ied-jcd 1
924
1
bafi-jce 20
925
2
djc-jcf 18
igj-jcf 2
926
2
ggg-jcg 17
cfj-jcg 3
928
4
bfbf-jci 7
fch-jci 2
gih-jci 10
beia-jci 1
930
2
bdig-jda 5
bgdf-jda 15
931
4
jhc-jdb 7
jji-jdb 2
hge-jdb 1
cgf-jdb 10
932
3
hbh-jdc 15
gdh-jdc 1
jc-jdc 4
933
3
ffh-jdd 13
dic-jdd 6
dhc-jdd 1
934
2
ha-jde 17
bi-jde 3
936
5
gea-jdg 7
bhb-jdg 8
dhj-jdg 1
bh-jdg 1
ibi-jdg 3
937
1
ea-jdh 20
939
3
jfj-jdj 7
eic-jdj 6
ja-jdj 7
940
1
ije-jea 20
941
1
jad-jeb 20
942
2
dae-jec 12
bdfg-jec 8
943
1
djc-jed 20
944
3
hjb-jee 3
ceg-jee 15
ej-jee 2
945
3
badj-jef 14
fad-jef 2
bbje-jef 4
946
2
bbj-jeg 11
baib-jeg 9
947
2
bgdb-jeh 15
bafe-jeh 5
948
1
eff-jei 20
949
2
ehb-jej 16
dch-jej 4
950
4
fdj-jfa 4
iec-jfa 7
bhe-jfa 7
chb-jfa 2
951
2
cge-jfb 14
ebb-jfb 6
952
2
cgh-jfc 18
jgb-jfc 2
953
2
fbd-jfd 18
babc-jfd 2
954
3
bfgb-jfe 10
c-jfe 2
egf-jfe 8
955
2
egg-jff 9
bfeb-jff 11
956
3
ega-jfg 4
bccb-jfg 7
fic-jfg 9
957
4
bffj-jfh 6
eij-jfh 1
fdf-jfh 12
gfb-jfh 1
958
3
dii-jfi 10
befa-jfi 7
bbj-jfi 3
959
5
jfa-jfj 12
bdhe-jfj 1
eac-jfj 2
bcc-jfj 2
bcaj-jfj 3
960
4
bagg-jga 8
fdf-jga 2
bfcd-jga 2
bfab-jga 8
961
1
ecd-jgb 20
962
5
babj-jgc 1
ied-jgc 1
ibd-jgc 7
bba-jgc 7
cfa-jgc 4
964
4
gbf-jge 7
bcgj-jge 10
bagf-jge 1
bedj-jge 2
965
4
bhg-jgf 6
fbf-jgf 10
i-jgf 3
hhj-jgf 1
966
2
bajc-jgg 17
heh-jgg 3
967
1
dfc-jgh 20
968
1
iae-jgi 20
970
3
bea-jha 1
ghd-jha 12
jia-jha 7
971
1
ejg-jhb 20
972
3
ced-jhc 12
hei-jhc 1
eej-jhc 7
973
2
gba-jhd 18
geb-jhd 2
974
1
bbai-jhe 20
975
3
fch-jhf 4
behe-jhf 14
bajj-jhf 2
976
2
hde-jhg 8
fbi-jhg 12
977
2
gab-jhh 2
bfia-jhh 18
978
2
bagi-jhi 15
bcj-jhi 5
979
1
eei-jhj 20
980
5
baac-jia 8
ddg-jia 1
bded-jia 1
bje-jia 9
ecc-jia 1
981
3
iac-jib 14
bab-jib 5
bjf-jib 1
982
2
hff-jic 7
igj-jic 13
983
3
cag-jid 3
bgfj-jid 8
jff-jid 9
984
2
baih-jie 15
hdb-jie 5
985
3
bb-jif 1
hah-jif 14
dge-jif 5
986
3
bbe-jig 5
gha-jig 10
bafi-jig 5
987
1
bfa-jih 20
988
2
cei-jii 19
ddf-jii 1
989
2
ge-jij 5
bah-jij 15
991
3
hja-jjb 9
bdi-jjb 7
cjc-jjb 4
992
3
bcgb-jjc 11
jbg-jjc 3
jhg-jjc 6
993
1
daj-jjd 20
994
4
baig-jje 15
badd-jje 1
bbcg-jje 2
ej-jje 2
995
1
ccf-jjf 20
996
1
gfc-jjg 20
997
1
geh-jjh 20
998
1
hef-jji 20
999
3
baea-jjj 4
bcci-jjj 1
edg-jjj 15
1000
1
fgi-baaa 20
1001
4
jeg-baab 10
efi-baab 3
bc-baab 1
ifd-baab 6
1002
2
hig-baac 8
jbh-baac 12
1003
4
ceb-baad 10
bbbh-baad 1
ehj-baad 7
jcd-baad 2
1004
1
eje-baae 20
1005
2
bdej-baaf 18
baae-baaf 2
1006
5
beja-baag 7
jci-baag 8
ffj-baag 1
cdc-baag 2
fc-baag 2
1007
1
baef-baah 20
1008
2
baha-baai 14
bacb-baai 6
1009
1
ceb-baaj 20
1010
4
jdf-baba 2
bbfb-baba 3
ehi-baba 2
dfi-baba 13
1011
3
edh-babb 15
ggi-babb 4
djh-babb 1
1012
4
baif-babc 9
if-babc 7
beag-babc 1
jga-babc 3
1013
1
dfe-babd 20
1014
4
ebj-babe 1
ije-babe 2
cjc-babe 5
dbj-babe 12
1015
1
begj-babf 20
1016
2
beba-babg 9
bdhd-babg 11
1017
2
baia-babh 19
cbg-babh 1
1018
2
baij-babi 15
cdb-babi 5
1019
3
bbcg-babj 14
fdc-babj 1
bfib-babj 5
1020
1
igh-baca 20
1021
4
jhb-bacb 2
bgbj-bacb 8
jg-bacb 3
bcje-bacb 7
1022
1
gdb-bacc 20
1023
1
jgf-bacd 20
1024
2
dhb-bace 8
bbcd-bace 12
1026
2
cja-bacg 12
bgdb-bacg 8
1027
1
bih-bach 20
1028
1
ejc-baci 20
1029
3
ibj-bacj 11
bada-bacj 3
iha-bacj 6
1030
3
hej-bada 10
gdb-bada 7
bbcf-bada 3
1031
3
bddf-badb 14
bdf-badb 1
dcd-badb 5
1032
2
hfg-badc 16
ifg-badc 4
1033
1
bcac-badd 20
1034
1
ega-bade 20
1035
1
fgh-badf 20
1037
2
fhe-badh 11
bbgj-badh 9
1038
2
bbdi-badi 18
ghg-badi 2
1039
4
bbhf-badj 8
ff-badj 6
bjf-badj 3
ijj-badj 3
1040
2
hdd-baea 17
jgg-baea 3
1041
4
fd-baeb 3
bdcj-baeb 1
bbaf-baeb 9
iag-baeb 7
1042
3
jha-baec 8
hbg-baec 5
jaa-baec 7
1043
1
djc-baed 20
1044
1
baeg-baee 20
1045
3
efd-baef 5
fi-baef 5
gj-baef 10
1046
2
bcef-baeg 19
jdc-baeg 1
1047
1
ihg-baeh 20
1048
3
bagg-baei 1
bhc-baei 17
bcig-baei 2
1049
2
bbhh-baej 12
bdfj-baej 8
1050
4
cff-bafa 9
babe-bafa 1
jdj-bafa 7
dgj-bafa 3
1051
3
bbbd-bafb 3
gdg-bafb 13
baah-bafb 4
1052
2
hii-bafc 15
bbef-bafc 5
1054
2
fdd-bafe 19
bgf-bafe 1
1055
2
hcj-baff 4
bfif-baff 16
1056
1
fdd-bafg 20
1058
2
bag-bafi 9
bhj-bafi 11
1059
2
gfi-bafj 11
hef-bafj 9
1060
1
bbag-baga 20
1061
1
fhb-bagb 20
1063
2
ibg-bagd 19
beg-bagd 1
1064
2
jfb-bage 19
jhf-bage 1
1065
2
bgd-bagf 9
bede-bagf 11
1066
3
hgb-bagg 5
fcb-bagg 13
baie-bagg 2
1067
5
cde-bagh 6
eab-bagh 1
ijg-bagh 1
gje-bagh 6
cgf-bagh 6
1068
2
ggh-bagi 9
bcac-bagi 11
1069
2
jhd-bagj 12
bad-bagj 8
1070
2
bcgf-baha 15
bgcc-baha 5
1071
1
bgah-bahb 20
1073
5
behd-bahd 5
dii-bahd 9
dbb-bahd 2
beij-bahd 2
efa-bahd 2
1074
1
bcdi-bahe 20
1075
1
bagd-bahf 20
1076
1
gjc-bahg 20
1077
4
hea-bahh 2
bedg-bahh 14
jab-bahh 3
bahg-bahh 1
1078
2
ghc-bahi 9
ia-bahi 11
1080
1
bgg-baia 20
1081
1
iac-baib 20
1082
2
iaa-baic 15
bcgg-baic 5
1084
4
chg-baie 5
bade-baie 6
efc-baie 3
iaf-baie 6
1085
1
jcb-baif 20
1086
3
hif-baig 2
edd-baig 11
jgh-baig 7
1087
3
gcf-baih 7
becj-baih 11
bbgd-baih 2
1088
2
bbab-baii 14
ffj-baii 6
1089
3
bha-baij 5
ife-baij 11
bfh-baij 4
1090
4
bif-baja 12
cgg-baja 1
bcfj-baja 3
cdh-baja 4
1091
3
ji-bajb 15
bafj-bajb 4
bdfg-bajb 1
1092
2
dhb-bajc 9
bbae-bajc 11
1093
2
bfjc-bajd 12
hha-bajd 8
1094
4
hhe-baje 10
iej-baje 7
gfi-baje 1
bdab-baje 2
1095
3
bcje-bajf 11
jcd-bajf 3
bbgi-bajf 6
1096
2
cgf-bajg 9
fi-bajg 11
1097
2
bia-bajh 9
hba-bajh 11
1098
1
baje-baji 20
1099
2
eci-bajj 17
bajf-bajj 3
1100
1
bcfa-bbaa 20
1101
1
bbfc-bbab 20
1102
3
bejd-bbac 4
dce-bbac 1
fed-bbac 15
1103
2
bbag-bbad 11
jbh-bbad 9
1104
5
gid-bbae 1
bcfc-bbae 4
eah-bbae 2
gc-bbae 7
bgba-bbae 6
1105
1
eff-bbaf 20
1106
1
gff-bbag 20
1107
4
bfjh-bbah 1
cja-bbah 4
fhe-bbah 5
beci-bbah 10
1108
2
bafj-bbai 12
bhj-bbai 8
1110
5
jid-bbba 6
hdb-bbba 3
cgd-bbba 1
babb-bbba 9
hde-bbba 1
1111
1
hed-bbbb 20
1113
4
bbh-bbbd 3
baec-bbbd 6
icb-bbbd 1
bgab-bbbd 10
1114
3
bccj-bbbe 14
dhj-bbbe 2
bcc-bbbe 4
1116
2
ief-bbbg 11
icb-bbbg 9
1117
1
ehg-bbbh 20
1118
1
bac-bbbi 20
1119
2
bgdj-bbbj 19
bahe-bbbj 1
1120
1
jcc-bbca 20
1121
4
hih-bbcb 8
djj-bbcb 8
iee-bbcb 2
jfd-bbcb 2
1122
2
hbd-bbcc 15
bgf-bbcc 5
1123
2
baii-bbcd 6
gje-bbcd 14
1124
2
gde-bbce 9
iff-bbce 11
1125
2
bbae-bbcf 15
fhc-bbcf 5
1126
2
fcg-bbcg 18
ccj-bbcg 2
1127
1
icb-bbch 20
1128
2
babh-bbci 9
bie-bbci 11
1129
2
bbbb-bbcj 17
hee-bbcj 3
1130
1
jde-bbda 20
1131
4
hjj-bbdb 2
idc-bbdb 2
bfdj-bbdb 10
ifa-bbdb 6
1133
4
eii-bbdd 16
gid-bbdd 1
beb-bbdd 2
bci-bbdd 1
1134
1
jif-bbde 20
1135
2
baed-bbdf 19
gbi-bbdf 1
1136
2
bhc-bbdg 17
bgdc-bbdg 3
1137
3
eef-bbdh 6
ghb-bbdh 8
bcjd-bbdh 6
1138
3
bcba-bbdi 10
baee-bbdi 1
hbh-bbdi 9
1140
1
df-bbea 20
1141
4
bbde-bbeb 7
ji-bbeb 2
bbae-bbeb 7
ihd-bbeb 4
1142
1
bcie-bbec 20
1143
1
jc-bbed 20
1144
1
bdee-bbee 20
1145
4
fjf-bbef 9
fjb-bbef 4
ce-bbef 5
badd-bbef 2
1146
3
eca-bbeg 9
bgbc-bbeg 1
bcjg-bbeg 10
1147
2
eg-bbeh 8
ghj-bbeh 12
1148
1
eif-bbei 20
1149
3
bcbb-bbej 13
fci-bbej 4
fja-bbej 3
1150
1
bacc-bbfa 20
1151
3
bdah-bbfb 1
baji-bbfb 1
bbgg-bbfb 18
1152
2
ibh-bbfc 11
bfej-bbfc 9
1153
3
ebc-bbfd 4
eaa-bbfd 13
bdcj-bbfd 3
1154
1
bbgi-bbfe 20
1155
6
hg-bbff 6
jig-bbff 3
fcc-bbff 2
bdjd-bbff 1
dbh-bbff 1
ihi-bbff 7
1156
3
eee-bbfg 9
fea-bbfg 10
bfee-bbfg 1
1157
1
bbjg-bbfh 20
1158
2
bbej-bbfi 11
bfhb-bbfi 9
1159
3
ifc-bbfj 8
cbc-bbfj 4
cje-bbfj 8
1160
2
jbc-bbga 19
eji-bbga 1
1161
3
hgd-bbgb 8
hi-bbgb 5
jff-bbgb 7
1162
1
bafa-bbgc 20
1163
1
bgag-bbgd 20
1164
4
ihg-bbge 14
eb-bbge 1
ddd-bbge 1
bbff-bbge 4
1165
1
fcj-bbgf 20
1166
4
ca-bbgg 5
gfh-bbgg 7
bdai-bbgg 1
bcde-bbgg 7
1168
2
jgi-bbgi 12
bfi-bbgi 8
1169
3
bbcj-bbgj 3
eah-bbgj 9
bejh-bbgj 8
1170
2
begi-bbha 1
fbe-bbha 19
1171
1
iec-bbhb 20
1172
1
cbh-bbhc 20
1173
3
j-bbhd 5
bdb-bbhd 1
bced-bbhd 14
1174
4
fh-bbhe 1
gfe-bbhe 5
bbgb-bbhe 1
id-bbhe 13
1175
3
dia-bbhf 17
bfec-bbhf 1
baif-bbhf 2
1177
2
beee-bbhh 6
bcjf-bbhh 14
1178
2
hgi-bbhi 19
bfge-bbhi 1
1180
3
ei-bbia 4
ij-bbia 8
edb-bbia 8
1181
1
bdi-bbib 20
1182
2
befc-bbic 2
iab-bbic 18
1183
1
bbdd-bbid 20
1184
3
bbhj-bbie 3
dee-bbie 12
def-bbie 5
1185
2
dcj-bbif 6
bij-bbif 14
1187
1
gc-bbih 20
1188
1
bfgf-bbii 20
1189
2
bbdf-bbij 6
beci-bbij 14
1190
2
bacb-bbja 13
fec-bbja 7
1192
2
bhc-bbjc 16
ii-bbjc 4
1194
1
cbd-bbje 20
1195
3
fcj-bbjf 12
jbg-bbjf 2
haj-bbjf 6
1196
3
bbfe-bbjg 6
hjb-bbjg 8
bagj-bbjg 6
1197
2
bcjb-bbjh 16
jih-bbjh 4
1198
3
bch-bbji 14
hhi-bbji 1
ijh-bbji 5
1199
1
cig-bbjj 20
1200
1
bgb-bcaa 20
1201
2
dfi-bcab 17
gce-bcab 3
1202
2
fa-bcac 1
had-bcac 19
1203
2
bgcb-bcad 10
bdf-bcad 10
1204
2
bdaj-bcae 10
ibg-bcae 10
1205
2
bbha-bcaf 10
bcda-bcaf 10
1206
1
bgch-bcag 20
1207
1
eed-bcah 20
1208
1
bbcj-bcai 20
1209
1
bbji-bcaj 20
1210
1
ejb-bcba 20
1211
3
bdbj-bcbb 4
hag-bcbb 2
die-bcbb 14
1212
5
ef-bcbc 1
dbe-bcbc 9
bcij-bcbc 3
bafj-bcbc 1
bbai-bcbc 6
1213
1
baca-bcbd 20
1214
2
bdd-bcbe 18
gda-bcbe 2
1215
1
bged-bcbf 20
1216
3
behc-bcbg 13
dbh-bcbg 5
iea-bcbg 2
1217
1
bhg-bcbh 20
1218
1
jdd-bcbi 20
1219
2
hgc-bcbj 15
hjj-bcbj 5
1220
4
bdhj-bcca 12
behj-bcca 1
fb-bcca 2
jfe-bcca 5
1221
2
egb-bccb 18
cid-bccb 2
1222
1
edj-bccc 20
1223
3
bfed-bccd 5
ced-bccd 12
behg-bccd 3
1224
2
eci-bcce 9
iib-bcce 11
1225
2
bfhd-bccf 5
bajb-bccf 15
1226
2
begg-bccg 7
badf-bccg 13
1228
2
hjd-bcci 13
bcae-bcci 7
1229
5
hci-bccj 1
bg-bccj 4
cfg-bccj 5
bdeb-bccj 1
gbe-bccj 9
1230
3
beii-bcda 3
ijd-bcda 2
dh-bcda 15
1231
2
bbeb-bcdb 11
baci-bcdb 9
1232
3
bccd-bcdc 1
bfga-bcdc 1
bcj-bcdc 18
1233
3
bdid-bcdd 1
bbfh-bcdd 11
bagh-bcdd 8
1234
5
beje-bcde 1
bcha-bcde 1
cba-bcde 1
gic-bcde 5
baji-bcde 12
1235
1
bbef-bcdf 20
1236
3
chc-bcdg 13
jje-bcdg 4
hjc-bcdg 3
1237
1
faf-bcdh 20
1238
2
cfg-bcdi 14
hee-bcdi 6
1239
1
fdb-bcdj 20
1240
1
becb-bcea 20
1241
2
idj-bceb 8
bfcf-bceb 12
1243
1
bcjd-bced 20
1244
3
ejh-bcee 7
iai-bcee 12
bdja-bcee 1
1245
1
fbj-bcef 20
1246
1
cca-bceg 20
1247
2
bbdf-bceh 19
bdae-bceh 1
1248
1
bci-bcei 20
1249
2
jfh-bcej 17
gif-bcej 3
1250
2
djh-bcfa 14
jfh-bcfa 6
1252
1
cig-bcfc 20
1253
2
beie-bcfd 12
idg-bcfd 8
1255
3
iie-bcff 8
begg-bcff 6
hfh-bcff 6
1256
1
fjj-bcfg 20
1257
1
egd-bcfh 20
1258
1
ihe-bcfi 20
1259
1
bchb-bcfj 20
1261
2
jae-bcgb 14
eai-bcgb 6
1262
1
beih-bcgc 20
1264
2
baih-bcge 8
bgh-bcge 12
1265
1
bbga-bcgf 20
1266
1
bfhf-bcgg 20
1267
1
bdjg-bcgh 20
1268
2
fca-bcgi 13
hce-bcgi 7
1269
3
beae-bcgj 6
bfci-bcgj 1
bdbg-bcgj 13
1270
1
deh-bcha 20
1271
2
bdfj-bchb 11
hhd-bchb 9
1272
2
bdb-bchc 12
cej-bchc 8
1273
2
jbd-bchd 15
bdaf-bchd 5
1274
1
becg-bche 20
1275
1
bfag-bchf 20
1276
3
bebi-bchg 10
hga-bchg 7
hhj-bchg 3
1277
3
bbij-bchh 13
bcjj-bchh 2
cjb-bchh 5
1278
1
bcdj-bchi 20
1279
1
jcd-bchj 20
1280
2
ibc-bcia 4
bgec-bcia 16
1281
3
dde-bcib 7
bje-bcib 5
bfgd-bcib 8
1284
1
eic-bcie 20
1285
1
bdjb-bcif 20
1286
1
fae-bcig 20
1287
1
cae-bcih 20
1288
3
jeh-bcii 1
bafh-bcii 13
cga-bcii 6
1289
1
ebd-bcij 20
1290
3
hhd-bcja 15
ica-bcja 3
bbfi-bcja 2
1291
2
bcaa-bcjb 11
dba-bcjb 9
1292
1
bbdg-bcjc 20
1293
1
hdf-bcjd 20
1294
1
bbfh-bcje 20
1295
3
bdjc-bcjf 9
bedc-bcjf 10
dde-bcjf 1
1296
2
jce-bcjg 7
eii-bcjg 13
1297
1
dch-bcjh 20
1299
2
bfgi-bcjj 14
fig-bcjj 6
1300
3
edh-bdaa 10
eba-bdaa 7
gcj-bdaa 3
1301
2
bdib-bdab 12
iji-bdab 8
1302
2
cgb-bdac 19
gba-bdac 1
1304
2
bahi-bdae 11
bbif-bdae 9
1305
1
ga-bdaf 20
1308
2
bajh-bdai 6
baij-bdai 14
1309
2
hed-bdaj 18
je-bdaj 2
1310
1
bbch-bdba 20
1314
1
hh-bdbe 20
1316
3
bfii-bdbg 16
hdj-bdbg 2
ddc-bdbg 2
1317
1
jhg-bdbh 20
1318
2
bfbc-bdbi 14
dbc-bdbi 6
1319
4
dhe-bdbj 10
jfa-bdbj 1
bbci-bdbj 3
gid-bdbj 6
1320
1
fej-bdca 20
1321
2
cii-bdcb 4
ibj-bdcb 16
1322
2
bdhf-bdcc 13
iig-bdcc 7
1323
2
bbcb-bdcd 14
bdgd-bdcd 6
1324
1
jfc-bdce 20
1325
1
faa-bdcf 20
1326
1
bce-bdcg 20
1327
2
hgc-bdch 12
cac-bdch 8
1328
2
ci-bdci 13
efh-bdci 7
1329
2
jjc-bdcj 18
feb-bdcj 2
1330
2
efh-bdda 4
bebj-bdda 16
1333
1
bcbf-bddd 20
1334
1
jif-bdde 20
1335
1
bbbg-bddf 20
1336
1
badj-bddg 20
1337
1
bffa-bddh 20
1339
3
bj-bddj 13
bbbe-bddj 5
bcaf-bddj 2
1340
1
dc-bdea 20
1341
2
bdif-bdeb 18
jaf-bdeb 2
1342
4
cca-bdec 7
ida-bdec 1
bfeg-bdec 6
bfaf-bdec 6
1343
1
befd-bded 20
1344
3
gii-bdee 3
bcie-bdee 14
cgc-bdee 3
1345
1
hbe-bdef 20
1346
1
bgfb-bdeg 20
1347
1
cfc-bdeh 20
1348
1
bccd-bdei 20
1349
2
jag-bdej 12
bfaa-bdej 8
1350
2
bje-bdfa 4
hdb-bdfa 16
1351
1
ijg-bdfb 20
1353
2
bec-bdfd 14
efb-bdfd 6
1354
2
gdf-bdfe 9
bfeg-bdfe 11
1355
1
jga-bdff 20
1356
2
bib-bdfg 10
bdic-bdfg 10
1357
2
bege-bdfh 14
bacc-bdfh 6
1358
2
jcf-bdfi 12
becc-bdfi 8
1359
3
hae-bdfj 4
cdf-bdfj 13
bbjf-bdfj 3
1360
4
ihf-bdga 1
begc-bdga 1
bafa-bdga 1
ehh-bdga 17
1361
2
hig-bdgb 17
bead-bdgb 3
1362
2
bcbd-bdgc 13
eba-bdgc 7
1363
1
gbc-bdgd 20
1364
1
baej-bdge 20
1365
3
fcc-bdgf 12
bfbe-bdgf 3
gdb-bdgf 5
1366
1
fbh-bdgg 20
1367
2
eea-bdgh 16
ghj-bdgh 4
1368
2
bdj-bdgi 15
bdjb-bdgi 5
1369
1
bgdi-bdgj 20
1370
2
daj-bdha 19
behi-bdha 1
1371
2
hbh-bdhb 15
haf-bdhb 5
1372
2
jei-bdhc 12
bahg-bdhc 8
1373
2
bae-bdhd 18
bcbg-bdhd 2
1374
4
ecc-bdhe 9
bagb-bdhe 1
jjj-bdhe 1
baia-bdhe 9
1375
2
bcdh-bdhf 1
bfae-bdhf 19
1376
1
efd-bdhg 20
1377
1
bdfd-bdhh 20
1378
3
ihe-bdhi 1
hb-bdhi 10
ccf-bdhi 9
1379
1
iah-bdhj 20
1380
2
bgff-bdia 13
jgg-bdia 7
1381
1
bcfi-bdib 20
1382
1
hhg-bdic 20
1383
1
beh-bdid 20
1384
1
igc-bdie 20
1385
2
f-bdif 16
fgc-bdif 4
1386
2
bdge-bdig 2
bajc-bdig 18
1388
2
cch-bdii 1
fbg-bdii 19
1389
1
fbg-bdij 20
1390
2
bbhb-bdja 13
bdeb-bdja 7
1391
1
bchd-bdjb 20
1392
2
ifh-bdjc 19
bfbb-bdjc 1
1393
1
eca-bdjd 20
1394
2
cge-bdje 1
bacj-bdje 19
1395
1
jig-bdjf 20
1396
1
bdef-bdjg 20
1397
1
bfdf-bdjh 20
1398
2
egb-bdji 5
bej-bdji 15
1399
1
bccf-bdjj 20
1400
1
eeb-beaa 20
1403
2
bib-bead 13
bafg-bead 7
1404
1
bdch-beae 20
1406
1
cci-beag 20
1407
1
bgfc-beah 20
1408
1
ida-beai 20
1409
1
dea-beaj 20
1410
3
bfg-beba 5
bbcb-beba 6
bbf-beba 9
1411
1
bgf-bebb 20
1412
1
bbah-bebc 20
1413
1
bejj-bebd 20
1414
1
bccd-bebe 20
1415
2
bbfj-bebf 9
ghb-bebf 11
1416
1
idj-bebg 20
1417
1
bbgc-bebh 20
1418
1
fad-bebi 20
1419
1
bbec-bebj 20
1420
1
jjf-beca 20
1421
2
bcg-becb 7
bfbj-becb 13
1422
2
haf-becc 10
bcc-becc 10
1423
2
bbii-becd 5
fba-becd 15
1424
1
fii-bece 20
1425
2
fed-becf 6
hce-becf 14
1426
1
bagi-becg 20
1428
1
bbgj-beci 20
1429
1
hec-becj 20
1430
3
bfhh-beda 13
cbd-beda 6
bc-beda 1
1431
1
bebd-bedb 20
1432
2
bfaj-bedc 3
baic-bedc 17
1433
1
ceg-bedd 20
1434
2
hf-bede 8
bbda-bede 12
1435
2
ebh-bedf 13
djf-bedf 7
1436
1
jbg-bedg 20
1437
2
baha-bedh 8
bgai-bedh 12
1438
1
iib-bedi 20
1439
1
igd-bedj 20
1441
2
hcf-beeb 10
bbee-beeb 10
1442
1
jba-beec 20
1443
2
bfih-beed 13
becd-beed 7
1444
2
eff-beee 18
hhc-beee 2
1445
2
hhf-beef 17
icf-beef 3
1446
2
bdeb-beeg 10
he-beeg 10
1447
1
bdgc-beeh 20
1448
1
bdcg-beei 20
1450
2
ebe-befa 10
cbc-befa 10
1451
1
babd-befb 20
1453
2
dci-befd 2
iia-befd 18
1454
1
fif-befe 20
1455
2
hc-beff 9
fid-beff 11
1456
1
bah-befg 20
1459
1
bdgc-befj 20
1460
1
gca-bega 20
1462
1
bgad-begc 20
1463
1
bdgi-begd 20
1464
2
babb-bege 13
bdci-bege 7
1466
2
bfai-begg 19
ifb-begg 1
1467
1
eac-begh 20
1468
1
cff-begi 20
1469
2
bbfb-begj 3
eef-begj 17
1470
3
hcj-beha 15
cji-beha 2
bebd-beha 3
1471
1
bfdh-behb 20
1472
1
ifa-behc 20
1473
1
eda-behd 20
1474
3
ihd-behe 17
bgaa-behe 2
baja-behe 1
1476
1
iei-behg 20
1477
1
bcgg-behh 20
1478
2
bgde-behi 14
bjh-behi 6
1479
2
dcd-behj 16
ihb-behj 4
1480
1
ffd-beia 20
1481
1
bdaj-beib 20
1482
2
bbb-beic 12
dg-beic 8
1483
2
bdje-beid 7
iai-beid 13
1485
3
gab-beif 7
hfb-beif 11
cii-beif 2
1486
1
bedd-beig 20
1487
2
dcc-beih 18
ijd-beih 2
1488
1
cbe-beii 20
1489
1
bah-beij 20
1491
1
bace-bejb 20
1493
1
badc-bejd 20
1494
1
baag-beje 20
1495
1
jhi-bejf 20
1496
1
bcag-bejg 20
1497
1
bdaa-bejh 20
1498
1
dcf-beji 20
1499
1
cdg-bejj 20
1500
2
bhf-bfaa 12
ccd-bfaa 8
1501
1
fbi-bfab 20
1503
1
jhc-bfad 20
1504
2
bfah-bfae 18
ecc-bfae 2
1505
1
bedh-bfaf 20
1506
1
jai-bfag 20
1507
1
jbf-bfah 20
1508
1
bcaj-bfai 20
1509
1
bcjd-bfaj 20
1510
1
bdgg-bfba 20
1511
1
hda-bfbb 20
1512
1
ijd-bfbc 20
1513
3
bbjd-bfbd 11
dcg-bfbd 7
fia-bfbd 2
1514
1
behh-bfbe 20
1515
2
efe-bfbf 9
bdga-bfbf 11
1516
1
hih-bfbg 20
1519
1
beif-bfbj 20
1520
1
ghc-bfca 20
1521
3
gfa-bfcb 6
gaj-bfcb 9
bbba-bfcb 5
1522
1
gga-bfcc 20
1523
3
ggc-bfcd 3
bcdc-bfcd 1
bdbj-bfcd 16
1524
1
jh-bfce 20
1525
1
bca-bfcf 20
1526
3
bfgg-bfcg 16
cjc-bfcg 2
bgdj-bfcg 2
1527
1
bafe-bfch 20
1528
1
fjb-bfci 20
1529
2
gh-bfcj 2
dif-bfcj 18
1530
1
baai-bfda 20
1531
1
iih-bfdb 20
1532
1
bfbc-bfdc 20
1533
1
bcgh-bfdd 20
1534
1
jgf-bfde 20
1535
1
ddf-bfdf 20
1536
1
bdfi-bfdg 20
1537
1
bdec-bfdh 20
1538
1
fgc-bfdi 20
1539
2
bddd-bfdj 12
dgg-bfdj 8
1540
1
jdg-bfea 20
1541
1
ggf-bfeb 20
1542
2
edg-bfec 18
bdge-bfec 2
1543
2
iea-bfed 18
iia-bfed 2
1544
2
dae-bfee 13
fhi-bfee 7
1545
3
faa-bfef 14
bgda-bfef 4
ied-bfef 2
1546
1
dfb-bfeg 20
1547
1
fdc-bfeh 20
1549
1
bdia-bfej 20
1550
1
iab-bffa 20
1551
1
bda-bffb 20
1553
1
egi-bffd 20
1555
1
becg-bfff 20
1556
1
gci-bffg 20
1557
1
ghi-bffh 20
1558
1
ed-bffi 20
1559
1
eda-bffj 20
1561
2
beif-bfgb 11
bcfj-bfgb 9
1562
1
bdac-bfgc 20
1563
1
ihj-bfgd 20
1564
1
chj-bfge 20
1565
1
bgga-bfgf 20
1566
1
ec-bfgg 20
1567
1
bbie-bfgh 20
1568
3
fea-bfgi 7
bgej-bfgi 6
bgee-bfgi 7
1570
1
cga-bfha 20
1571
1
bhg-bfhb 20
1572
1
dgd-bfhc 20
1573
1
bdgb-bfhd 20
1574
1
bfi-bfhe 20
1575
2
jjj-bfhf 11
ded-bfhf 9
1576
2
ibi-bfhg 18
bfhi-bfhg 2
1577
1
ibh-bfhh 20
1578
1
ice-bfhi 20
1579
2
gih-bfhj 15
bejj-bfhj 5
1580
1
df-bfia 20
1581
1
bdca-bfib 20
1582
2
igc-bfic 9
bgfg-bfic 11
1583
1
hfa-bfid 20
1584
1
ceh-bfie 20
1585
2
caa-bfif 15
dfi-bfif 5
1587
1
cif-bfih 20
1588
1
hjg-bfii 20
1589
1
gih-bfij 20
1590
1
bie-bfja 20
1591
1
icj-bfjb 20
1592
1
bej-bfjc 20
1594
1
bfba-bfje 20
1595
1
cdg-bfjf 20
1596
1
bdej-bfjg 20
1599
1
hhg-bfjj 20
1600
1
bcdd-bgaa 20
1601
1
fga-bgab 20
1602
1
babg-bgac 20
1603
1
bdba-bgad 20
1604
1
bajd-bgae 20
1606
1
bed-bgag 20
1607
1
bdhi-bgah 20
1608
1
baji-bgai 20
1609
1
egb-bgaj 20
1610
1
ddd-bgba 20
1611
1
dib-bgbb 20
1612
1
bba-bgbc 20
1613
1
bfje-bgbd 20
1614
1
bfhe-bgbe 20
1616
1
dff-bgbg 20
1617
2
bgfh-bgbh 19
ece-bgbh 1
1618
1
bfjc-bgbi 20
1619
1
cbj-bgbj 20
1621
1
icd-bgcb 20
1622
2
bdbe-bgcc 6
dga-bgcc 14
1625
1
cib-bgcf 20
1626
1
cba-bgcg 20
1627
1
cga-bgch 20
1628
2
bda-bgci 12
hje-bgci 8
1629
1
beeg-bgcj 20
1630
1
bcai-bgda 20
1631
1
jdd-bgdb 20
1632
1
gbb-bgdc 20
1633
2
bhf-bgdd 11
ede-bgdd 9
1634
1
beic-bgde 20
1635
1
bbia-bgdf 20
1636
1
baf-bgdg 20
1637
1
hhh-bgdh 20
1638
2
jdi-bgdi 1
bach-bgdi 19
1639
1
jdb-bgdj 20
1640
1
bcia-bgea 20
1641
1
ega-bgeb 20
1642
2
bacg-bgec 2
djd-bgec 18
1643
1
behi-bged 20
1644
1
hjf-bgee 20
1645
1
fed-bgef 20
1646
1
baca-bgeg 20
1647
1
bece-bgeh 20
1649
1
jej-bgej 20
1650
1
bddj-bgfa 20
1651
1
bhh-bgfb 20
1652
1
bfjg-bgfc 20
1653
2
ddb-bgfd 3
gif-bgfd 17
1655
1
bcgh-bgff 20
1656
1
bce-bgfg 20
1657
1
bgbi-bgfh 20
1658
1
bie-bgfi 20
1659
1
eef-bgfj 20
1660
1
bdhi-bgga 20
1661
1
bdhg-bggb 20
