1547
1
2
dab-b 6
ehb-b 2
2
6
dgc-c 9
bih-c 5
di-c 2
dgj-c 4
bi-c 2
fcd-c 2
3
2
ii-d 21
bcb-d 3
4
3
d-e 4
hic-e 5
cba-e 3
5
4
bda-f 17
bdjf-f 1
e-f 9
jbb-f 1
6
2
iee-g 9
gic-g 15
8
2
geg-i 7
gie-i 5
9
3
fbj-j 9
bi-j 4
heg-j 3
10
1
bdi-ba 8
11
6
bee-bb 8
cd-bb 2
bcea-bb 5
bcef-bb 5
gc-bb 6
bgf-bb 6
12
3
dgf-bc 19
daa-bc 1
hbf-bc 4
13
3
cch-bd 6
cjb-bd 2
bejh-bd 4
14
4
fec-be 11
babg-be 2
bbbj-be 1
beai-be 2
15
2
hi-bf 5
dh-bf 3
16
3
baae-bg 1
bi-bg 17
bdii-bg 10
17
2
bgeh-bh 10
ihi-bh 2
18
2
fic-bi 11
babg-bi 9
19
4
bdbf-bj 4
hcj-bj 2
dhf-bj 5
bc-bj 21
20
2
gjh-ca 11
dfg-ca 5
22
1
dgf-cc 16
23
4
bcaj-cd 1
ffb-cd 1
bhd-cd 10
dbg-cd 12
24
4
bi-ce 6
ef-ce 1
jgf-ce 2
jag-ce 7
25
3
def-cf 1
eac-cf 4
cc-cf 15
26
2
chb-cg 14
bd-cg 14
28
4
bffg-ci 7
hif-ci 5
befi-ci 1
hfh-ci 7
29
2
bfgd-cj 8
fbi-cj 4
30
6
fai-da 7
bcei-da 4
bdf-da 7
eej-da 8
bhd-da 2
beib-da 4
31
3
bbde-db 19
bgj-db 6
cbh-db 3
32
4
iag-dc 4
ifh-dc 3
bbgj-dc 9
iej-dc 8
33
2
fc-dd 3
dfg-dd 9
34
2
ghj-de 10
di-de 6
35
5
ibf-df 15
iei-df 2
igi-df 1
bfgb-df 1
gc-df 1
36
6
bgfe-dg 12
bed-dg 2
hah-dg 7
bebe-dg 3
bcag-dg 2
bcii-dg 6
37
4
gcd-dh 1
dc-dh 6
hha-dh 1
bagf-dh 12
38
1
haf-di 4
39
1
gdb-dj 12
40
4
eee-ea 6
jjh-ea 1
jff-ea 7
dbb-ea 10
41
2
bbfc-eb 4
cdi-eb 8
42
1
cdc-ec 20
43
3
bfdc-ed 15
bcia-ed 3
edf-ed 2
44
1
bacc-ee 12
45
3
cih-ef 6
cij-ef 2
ige-ef 20
46
2
ggg-eg 3
bdj-eg 17
47
3
bbei-eh 4
bbfg-eh 13
gdh-eh 3
48
4
jfj-ei 2
bb-ei 3
dff-ei 15
bcjf-ei 4
49
2
baig-ej 6
cd-ej 6
50
4
dhe-fa 8
jji-fa 13
bc-fa 1
bhg-fa 2
52
2
bfch-fc 5
fif-fc 15
53
3
je-fd 12
daf-fd 3
dhe-fd 1
54
1
jic-fe 4
55
2
gb-ff 17
cje-ff 11
56
1
bfaf-fg 4
57
1
bejb-fh 28
58
2
fg-fi 9
bfdg-fi 3
59
2
dbg-fj 18
ifd-fj 10
60
2
fga-ga 16
bi-ga 8
61
2
bbjc-gb 6
bbeb-gb 2
62
4
eie-gc 10
gge-gc 8
e-gc 3
bdfa-gc 3
63
6
gfb-gd 12
dbf-gd 1
bfgc-gd 6
je-gd 4
daj-gd 8
dai-gd 1
64
2
g-ge 1
dfi-ge 7
65
1
cgh-gf 4
66
4
bfjf-gg 8
jhg-gg 6
idf-gg 3
cdh-gg 3
67
3
bddh-gh 6
bh-gh 5
jci-gh 1
68
3
ch-gi 9
cbe-gi 1
bcff-gi 2
69
1
gjj-gj 12
70
2
db-ha 9
bda-ha 3
71
2
efh-hb 2
iaa-hb 6
72
4
ejc-hc 6
gg-hc 1
dbf-hc 1
cif-hc 8
74
3
hc-he 9
bcjc-he 6
bebb-he 13
75
2
hie-hf 1
bdbc-hf 15
76
2
bja-hg 14
cgj-hg 2
77
3
bjb-hh 16
beic-hh 2
gcj-hh 10
78
5
bac-hi 7
ihf-hi 1
fa-hi 4
iba-hi 2
baec-hi 6
79
3
gfg-hj 4
jfc-hj 1
di-hj 7
80
4
bfeh-ia 2
ccc-ia 3
di-ia 6
bdjd-ia 5
81
1
ghd-ib 16
82
2
cgi-ic 9
bedh-ic 3
83
2
eab-id 15
gbg-id 1
84
3
bjd-ie 6
dej-ie 8
haj-ie 6
85
3
bfce-if 2
bcge-if 3
di-if 7
86
1
egf-ig 8
87
2
bcfj-ih 7
cgh-ih 5
88
5
eig-ii 6
bgfi-ii 1
chf-ii 12
dgc-ii 2
bacj-ii 3
89
1
bcd-ij 16
90
1
hij-ja 12
91
3
jc-jb 7
ehi-jb 4
bhe-jb 5
92
4
bbjg-jc 12
babi-jc 3
gii-jc 7
fci-jc 2
93
2
cae-jd 4
fhj-jd 4
94
6
bi-je 9
bbi-je 1
fcf-je 7
gdf-je 1
bfc-je 5
bfgb-je 1
95
1
iae-jf 12
96
2
daf-jg 5
beb-jg 7
97
3
dai-jh 8
bbfg-jh 12
hib-jh 4
98
3
bdjh-ji 10
bccj-ji 4
beaa-ji 6
99
3
bcee-jj 2
fgf-jj 1
dej-jj 9
100
4
fhg-baa 5
dfi-baa 2
dig-baa 1
efg-baa 12
101
2
chf-bab 10
jhg-bab 6
102
3
hfi-bac 14
gja-bac 5
bfe-bac 1
103
2
bfi-bad 11
bha-bad 1
104
4
cd-bae 8
dgj-bae 2
ceg-bae 5
bdga-bae 1
105
2
bdbh-baf 19
bcb-baf 1
106
3
fic-bag 10
bcc-bag 3
bfce-bag 15
107
5
hbf-bah 9
ifd-bah 6
bbcc-bah 7
gjh-bah 1
deg-bah 1
108
1
cfj-bai 8
110
2
gdc-bba 12
fbe-bba 8
111
2
d-bbb 11
fdh-bbb 5
112
3
jje-bbc 10
chf-bbc 1
dbb-bbc 9
114
3
cb-bbe 2
cie-bbe 7
ehd-bbe 3
115
4
bage-bbf 5
bei-bbf 9
bej-bbf 2
dfc-bbf 4
116
5
gdc-bbg 7
iff-bbg 4
bbbj-bbg 7
eba-bbg 3
eg-bbg 3
117
3
bacc-bbh 10
ehi-bbh 1
gjh-bbh 1
118
4
gfd-bbi 6
bca-bbi 3
cbb-bbi 2
beeh-bbi 25
119
7
eh-bbj 5
baja-bbj 2
bbag-bbj 1
gjh-bbj 4
fag-bbj 3
ige-bbj 9
bbf-bbj 4
120
3
gaf-bca 21
gae-bca 2
bae-bca 1
121
3
bbdg-bcb 8
fba-bcb 5
bbgc-bcb 3
122
6
bjd-bcc 3
jg-bcc 1
bbff-bcc 1
bebg-bcc 8
gfi-bcc 7
bbab-bcc 8
123
4
eed-bcd 5
gc-bcd 1
jec-bcd 13
ddj-bcd 1
124
6
bb-bce 16
gc-bce 2
gef-bce 2
bi-bce 3
ccc-bce 5
edi-bce 4
125
1
ddj-bcf 16
126
4
bhj-bcg 10
g-bcg 2
dbg-bcg 2
di-bcg 14
127
4
fbh-bch 12
bgbf-bch 1
gad-bch 2
ecb-bch 9
128
6
bagb-bci 22
bcbc-bci 1
fag-bci 1
bbc-bci 1
bbf-bci 1
bbhe-bci 2
129
3
iff-bcj 10
icj-bcj 14
bbf-bcj 4
130
4
ffa-bda 12
dfj-bda 6
eh-bda 2
dhg-bda 4
131
2
deh-bdb 15
efd-bdb 17
132
6
bbjh-bdc 6
bbah-bdc 4
fdc-bdc 8
fee-bdc 1
bfea-bdc 10
bbfe-bdc 7
133
3
bjf-bdd 5
bcgc-bdd 1
bece-bdd 14
134
2
iah-bde 10
bba-bde 14
135
4
gea-bdf 13
hcg-bdf 1
bbab-bdf 1
gbf-bdf 9
136
5
bbij-bdg 5
cha-bdg 7
bcc-bdg 1
jdg-bdg 15
bahh-bdg 4
137
2
ce-bdh 4
feh-bdh 12
138
3
iic-bdi 8
bffi-bdi 11
gci-bdi 5
139
6
ffb-bdj 4
geh-bdj 5
igg-bdj 3
jfe-bdj 7
hhc-bdj 4
bbbh-bdj 5
140
3
dgc-bea 13
fif-bea 1
cdh-bea 2
141
4
fe-beb 6
cbe-beb 21
hia-beb 4
edh-beb 1
142
5
hea-bec 11
bdei-bec 1
eei-bec 5
hj-bec 10
ii-bec 5
143
3
begd-bed 14
ica-bed 6
cd-bed 4
144
4
gjd-bee 1
cfa-bee 1
dfg-bee 11
bgbe-bee 7
145
3
dai-bef 5
fgj-bef 1
jei-bef 10
146
2
bja-beg 13
bef-beg 7
147
4
gdd-beh 14
hi-beh 12
ieh-beh 8
bab-beh 2
148
5
fge-bei 1
bcgi-bei 6
jbi-bei 6
jca-bei 4
becg-bei 3
149
4
bdb-bej 1
fif-bej 6
bec-bej 5
dbi-bej 8
150
1
cjd-bfa 20
151
1
bdji-bfb 8
152
3
bafi-bfc 8
dcb-bfc 22
cdb-bfc 6
153
3
cie-bfd 9
jgi-bfd 6
bif-bfd 1
154
3
baea-bfe 17
gbc-bfe 1
dch-bfe 2
155
1
eec-bff 16
156
3
dae-bfg 9
hj-bfg 6
bgac-bfg 17
157
1
bae-bfh 16
158
5
ich-bfi 3
bgci-bfi 6
jhe-bfi 8
idg-bfi 3
gaa-bfi 8
159
4
gif-bfj 10
jjj-bfj 3
ded-bfj 5
bii-bfj 2
160
3
hbd-bga 6
dij-bga 4
efe-bga 2
161
3
cgc-bgb 16
bedd-bgb 1
hea-bgb 7
162
2
cdb-bgc 19
cgd-bgc 9
163
3
bgdh-bgd 2
gd-bgd 9
edg-bgd 9
164
1
hci-bge 12
165
1
iaa-bgf 16
166
4
bcaa-bgg 19
heh-bgg 1
ehg-bgg 2
bdde-bgg 2
167
4
bfgh-bgh 9
cej-bgh 4
dbg-bgh 1
be-bgh 6
168
3
daj-bgi 13
cbi-bgi 14
bhh-bgi 5
169
2
bffe-bgj 4
hch-bgj 16
170
3
gi-bha 13
ccd-bha 5
fh-bha 14
171
6
jh-bhb 6
ih-bhb 12
bfbi-bhb 1
cda-bhb 2
hhd-bhb 2
fcb-bhb 1
172
4
bagf-bhc 13
gfg-bhc 2
bbfd-bhc 7
bfe-bhc 2
173
2
hj-bhd 7
eed-bhd 9
174
2
cfe-bhe 9
daa-bhe 11
175
3
cgi-bhf 10
bci-bhf 4
ech-bhf 10
176
4
bci-bhg 5
babb-bhg 6
cdi-bhg 5
cbg-bhg 12
177
4
cch-bhh 5
efe-bhh 3
cbc-bhh 3
bai-bhh 5
178
3
gbb-bhi 11
ibh-bhi 7
eaj-bhi 2
179
2
bafb-bhj 19
ghd-bhj 9
180
2
hi-bia 13
cch-bia 3
181
2
fhc-bib 5
eae-bib 7
182
2
dc-bic 15
baa-bic 1
183
1
bajd-bid 16
184
5
bcc-bie 20
eig-bie 5
bde-bie 7
bbc-bie 3
bcai-bie 9
185
2
babf-bif 13
bgcg-bif 7
187
3
bcff-bih 6
dcf-bih 9
hef-bih 1
188
3
bcej-bii 14
bga-bii 5
ejd-bii 1
189
3
ba-bij 1
cha-bij 11
cia-bij 12
190
2
ded-bja 4
dca-bja 8
191
3
bbee-bjb 8
bcdb-bjb 6
db-bjb 2
192
1
baad-bjc 20
193
4
hdg-bjd 2
di-bjd 8
gd-bjd 3
ghb-bjd 7
194
2
ecd-bje 14
cga-bje 2
195
5
bccc-bjf 1
ecg-bjf 8
hic-bjf 10
hii-bjf 4
baff-bjf 1
197
4
eah-bjh 10
cd-bjh 5
bcb-bjh 1
gfd-bjh 8
198
4
cgh-bji 4
dbg-bji 7
beeb-bji 4
fdj-bji 1
199
4
baad-bjj 6
jhe-bjj 5
gci-bjj 3
edg-bjj 2
200
3
dhc-caa 13
ecb-caa 6
djj-caa 5
201
4
cjd-cab 7
bef-cab 14
daf-cab 2
bdg-cab 1
202
4
cgd-cac 6
dbf-cac 12
bbdh-cac 1
fid-cac 1
203
1
icg-cad 12
204
4
cci-cae 29
hhb-cae 1
bccg-cae 1
bcb-cae 1
205
3
ghc-caf 1
gag-caf 7
bafb-caf 4
206
3
bbg-cag 10
ebb-cag 1
cie-cag 5
207
3
ih-cah 2
bebe-cah 12
fac-cah 10
208
1
gdb-cai 8
209
1
ghh-caj 16
210
4
bbjf-cba 4
bfi-cba 4
bgdd-cba 2
bccb-cba 6
211
1
ihc-cbb 20
212
2
bcdg-cbc 7
efg-cbc 1
213
7
ehe-cbd 4
bif-cbd 3
bcdc-cbd 15
jfc-cbd 2
eag-cbd 2
jej-cbd 1
cec-cbd 5
214
1
bbcc-cbe 4
215
1
ceb-cbf 12
216
3
becj-cbg 4
bdg-cbg 6
bbfi-cbg 6
217
1
bhi-cbh 20
218
2
bdi-cbi 8
ede-cbi 4
219
2
hi-cbj 18
gjj-cbj 2
220
4
bbdb-cca 9
eea-cca 1
cbe-cca 9
ihg-cca 5
221
3
ejj-ccb 14
jeh-ccb 6
bjj-ccb 4
222
3
bcda-ccc 3
jfh-ccc 3
eag-ccc 6
223
1
bajb-ccd 24
224
1
bceh-cce 16
225
6
ghd-ccf 15
jeg-ccf 1
hcc-ccf 6
ga-ccf 2
dca-ccf 2
ihi-ccf 2
226
2
hjh-ccg 27
ijd-ccg 1
227
4
ice-cch 7
bhe-cch 4
baaf-cch 1
egd-cch 4
228
4
bbfd-cci 11
bgbg-cci 1
ceb-cci 3
haf-cci 1
229
2
cch-ccj 23
hji-ccj 1
230
1
ejd-cda 12
231
4
ejg-cdb 6
jaa-cdb 3
bff-cdb 2
fcf-cdb 5
232
3
ddj-cdc 16
eb-cdc 2
fad-cdc 6
233
2
db-cdd 2
bebi-cdd 6
234
2
bjb-cde 15
gge-cde 13
235
5
bhj-cdf 8
dfa-cdf 6
fjc-cdf 2
iee-cdf 1
badh-cdf 3
236
2
dff-cdg 15
cid-cdg 9
237
2
bbja-cdh 4
gfd-cdh 8
238
2
beha-cdi 11
j-cdi 5
239
1
ega-cdj 12
240
4
che-cea 21
be-cea 1
jaj-cea 2
if-cea 4
241
2
bfj-ceb 21
bdea-ceb 3
242
1
bad-cec 16
243
1
bbgc-ced 12
244
1
ic-cee 12
245
3
bha-cef 1
bfi-cef 6
dab-cef 9
246
2
cah-ceg 12
gdg-ceg 4
248
1
fhi-cei 20
249
5
ef-cej 8
bbee-cej 3
bh-cej 1
dif-cej 19
bbeg-cej 1
250
5
gei-cfa 3
ice-cfa 7
hdi-cfa 3
bdhb-cfa 6
eb-cfa 1
252
1
eca-cfc 12
253
2
geb-cfd 7
bchd-cfd 17
254
1
ijc-cfe 8
255
3
hda-cff 2
ejg-cff 10
bafc-cff 8
256
4
gic-cfg 3
bbdg-cfg 10
ej-cfg 1
bfdb-cfg 2
257
3
bbee-cfh 22
fjh-cfh 5
cie-cfh 1
258
1
dhi-cfi 20
259
1
cfi-cfj 24
260
4
bcjf-cga 6
chf-cga 16
dh-cga 4
bhb-cga 2
261
4
deb-cgb 13
da-cgb 3
gdf-cgb 1
dch-cgb 3
262
3
hfc-cgc 2
ica-cgc 15
cdb-cgc 7
263
2
bafi-cgd 15
dcf-cgd 9
264
2
bfc-cge 12
bba-cge 12
265
3
fcc-cgf 7
bgbh-cgf 7
dej-cgf 6
267
3
hc-cgh 8
cag-cgh 2
bdhc-cgh 10
268
4
djh-cgi 13
fdh-cgi 5
baaa-cgi 1
ia-cgi 1
269
2
ifi-cgj 5
eag-cgj 11
270
4
dhj-cha 18
dcb-cha 2
egj-cha 3
gfh-cha 1
271
2
eci-chb 8
bcbi-chb 4
272
4
jhd-chc 7
fjc-chc 8
bbfj-chc 1
hba-chc 4
273
1
bfbg-chd 16
274
3
eah-che 3
dej-che 4
befj-che 9
275
3
eca-chf 15
ehb-chf 1
did-chf 4
276
2
fc-chg 13
iab-chg 3
277
1
ddj-chh 16
278
5
jeh-chi 10
bbc-chi 1
ibj-chi 1
hga-chi 6
bbea-chi 6
279
2
bgh-chj 20
jg-chj 4
280
3
cce-cia 13
jej-cia 1
jj-cia 2
281
5
eha-cib 5
bdhh-cib 3
hh-cib 1
bcce-cib 9
bdhb-cib 2
282
3
ifd-cic 2
jce-cic 7
dhi-cic 11
283
5
fcf-cid 10
cab-cid 1
ehb-cid 2
bdh-cid 30
cjb-cid 1
284
2
gg-cie 10
jfi-cie 2
285
4
gfe-cif 15
dae-cif 8
bcja-cif 1
idd-cif 8
286
3
eef-cig 16
hbj-cig 6
dge-cig 2
287
1
icg-cih 8
288
2
baha-cii 23
ggd-cii 1
289
3
dgf-cij 14
bgi-cij 1
cch-cij 1
290
5
ija-cja 1
hcj-cja 1
ehg-cja 5
bcaa-cja 13
ead-cja 4
291
3
beba-cjb 9
jbi-cjb 3
eei-cjb 4
292
3
bcih-cjc 12
bada-cjc 2
bfgi-cjc 2
293
1
bdaa-cjd 8
294
2
bbi-cje 9
cea-cje 3
295
1
egf-cjf 12
298
1
bdce-cji 24
299
3
bgh-cjj 1
jah-cjj 14
bfeb-cjj 9
300
5
jjb-daa 5
bbhc-daa 5
edd-daa 4
ih-daa 6
bfde-daa 4
301
2
bef-dab 18
hi-dab 6
302
1
dce-dac 20
303
3
gfe-dad 8
gcb-dad 6
gfd-dad 2
304
3
fce-dae 5
baaa-dae 5
bcib-dae 6
305
4
bdcb-daf 15
jae-daf 8
badi-daf 3
fbb-daf 2
306
1
eb-dag 12
307
4
ggg-dah 8
ehc-dah 2
cgi-dah 2
ihj-dah 4
308
3
dhc-dai 14
bafa-dai 7
bchi-dai 3
309
4
dce-daj 13
fhj-daj 9
geh-daj 1
fae-daj 1
310
1
hhj-dba 12
311
3
dfc-dbb 8
cjb-dbb 5
eaa-dbb 3
312
2
dah-dbc 6
hca-dbc 2
313
2
bdjf-dbd 7
gcb-dbd 13
314
1
bcaf-dbe 12
315
2
baad-dbf 27
gib-dbf 1
316
2
iag-dbg 3
dab-dbg 9
317
2
fha-dbh 13
cdb-dbh 7
318
2
bcaa-dbi 9
edd-dbi 11
319
2
dhd-dbj 6
dad-dbj 18
320
4
a-dca 1
bda-dca 15
jbi-dca 2
bdii-dca 2
321
5
gbj-dcb 10
fi-dcb 2
gad-dcb 7
eda-dcb 1
efg-dcb 4
322
6
fbb-dcc 2
jah-dcc 1
heg-dcc 10
ddf-dcc 5
chf-dcc 17
di-dcc 1
323
3
gda-dcd 5
cg-dcd 6
gjc-dcd 5
324
2
jef-dce 13
ebg-dce 3
325
2
bbja-dcf 18
cgb-dcf 2
326
2
jjj-dcg 11
dca-dcg 1
327
4
eca-dch 10
jai-dch 3
dh-dch 3
bdgc-dch 4
328
3
cge-dci 2
bcef-dci 10
ehi-dci 8
329
1
jcg-dcj 20
330
1
bjj-dda 16
331
3
bbdj-ddb 3
bdge-ddb 17
ddd-ddb 4
332
2
bja-ddc 15
bfjb-ddc 5
333
1
beef-ddd 16
334
6
ifj-dde 5
ehd-dde 3
ghh-dde 4
fbe-dde 6
d-dde 2
bbj-dde 16
335
6
eij-ddf 3
chf-ddf 1
id-ddf 4
eb-ddf 5
jh-ddf 9
fcf-ddf 6
336
1
eid-ddg 12
337
2
baa-ddh 11
ef-ddh 5
338
2
cfa-ddi 10
fib-ddi 14
339
2
ecg-ddj 4
haa-ddj 20
340
6
ief-dea 4
ejd-dea 3
edh-dea 2
bgi-dea 3
ebe-dea 3
dia-dea 9
341
5
hgj-deb 3
fei-deb 4
hjc-deb 7
hfg-deb 9
cbi-deb 1
342
3
bcgh-dec 15
fdc-dec 2
bfg-dec 3
343
2
gij-ded 9
ihf-ded 11
344
5
fji-dee 13
dej-dee 1
fhb-dee 3
cia-dee 2
dhc-dee 1
345
1
jfi-def 12
346
4
fhd-deg 12
eec-deg 2
bceg-deg 1
hia-deg 9
347
1
dj-deh 16
348
1
gjc-dei 8
349
4
fda-dej 7
dif-dej 2
babg-dej 2
bcah-dej 5
350
2
hab-dfa 19
ege-dfa 1
351
2
ehb-dfb 9
e-dfb 3
352
6
fgg-dfc 1
eb-dfc 11
fgj-dfc 4
ghb-dfc 1
ddc-dfc 10
cjc-dfc 1
353
2
idj-dfd 1
da-dfd 23
354
3
ii-dfe 1
ejd-dfe 12
baac-dfe 3
355
4
hii-dff 10
jha-dff 1
heg-dff 8
gie-dff 1
356
2
eib-dfg 3
cdj-dfg 9
357
4
fhb-dfh 6
fee-dfh 6
bbcb-dfh 6
beci-dfh 2
358
2
hgh-dfi 7
egd-dfi 5
359
1
bbah-dfj 12
360
2
bcdg-dga 19
fff-dga 1
361
1
bcae-dgb 8
362
4
bdbb-dgc 8
c-dgc 9
fib-dgc 2
jic-dgc 5
363
5
cbc-dgd 25
ifb-dgd 3
bbjf-dgd 1
ifg-dgd 5
badi-dgd 2
364
5
dc-dge 3
ef-dge 7
beaa-dge 4
bccf-dge 1
hcj-dge 9
365
2
bffd-dgf 9
bbba-dgf 7
366
1
bg-dgg 12
367
2
dff-dgh 4
idi-dgh 4
368
2
deb-dgi 7
bbf-dgi 13
369
4
gg-dgj 13
bea-dgj 1
bcab-dgj 1
ghb-dgj 1
370
3
dji-dha 1
jhi-dha 1
dij-dha 14
371
3
ebh-dhb 3
d-dhb 8
bajb-dhb 1
372
5
bbce-dhc 2
jii-dhc 8
dbg-dhc 6
dfg-dhc 10
bdab-dhc 2
373
5
dgh-dhd 1
hfh-dhd 4
cdi-dhd 2
ije-dhd 12
baeg-dhd 5
374
5
bbhi-dhe 2
bbhb-dhe 15
dca-dhe 3
ehb-dhe 1
bbii-dhe 3
375
3
cjd-dhf 17
ebj-dhf 1
baga-dhf 2
376
3
beab-dhg 2
bfe-dhg 12
ida-dhg 2
377
2
bdac-dhh 19
bbh-dhh 1
378
2
fjf-dhi 23
ihg-dhi 1
379
4
icc-dhj 9
ddj-dhj 14
idf-dhj 2
begh-dhj 3
380
1
ecg-dia 16
381
1
dhj-dib 16
382
5
edj-dic 18
ebi-dic 4
jff-dic 2
hhd-dic 5
dih-dic 3
383
2
hid-did 13
dhg-did 11
384
5
jeb-die 14
baag-die 2
fea-die 2
fig-die 1
fac-die 5
385
1
bbdh-dif 4
386
3
hih-dig 5
edj-dig 1
fcd-dig 6
387
2
fdg-dih 5
bbjg-dih 3
388
2
bdeg-dii 5
bage-dii 3
389
3
bacf-dij 12
ici-dij 1
hhe-dij 7
391
2
eee-djb 5
jjj-djb 3
392
3
ddi-djc 3
dba-djc 7
jaj-djc 2
393
5
ifd-djd 1
cie-djd 1
bejh-djd 3
ceb-djd 1
jdd-djd 18
394
2
beaj-dje 18
bbj-dje 10
395
2
di-djf 7
eha-djf 1
396
3
bceg-djg 10
hca-djg 5
efi-djg 13
397
6
gai-djh 8
cjc-djh 7
beca-djh 8
gdg-djh 5
bdef-djh 1
ebi-djh 7
399
3
jib-djj 11
dec-djj 4
bbc-djj 9
400
2
hjj-eaa 20
bee-eaa 8
401
3
chi-eab 10
bbga-eab 5
bdha-eab 1
402
3
bagg-eac 8
jhi-eac 10
cej-eac 2
403
2
caf-ead 2
dce-ead 14
404
5
gai-eae 8
icb-eae 8
fhi-eae 7
bic-eae 1
gdc-eae 4
405
1
jc-eaf 16
406
3
gff-eag 11
hgb-eag 1
ca-eag 8
407
4
bbcf-eah 2
bcaj-eah 6
eca-eah 10
gdj-eah 2
408
3
be-eai 4
ffa-eai 10
bbec-eai 2
409
2
eae-eaj 13
beec-eaj 3
410
6
bebc-eba 3
gih-eba 1
feb-eba 2
cee-eba 5
bif-eba 1
bjj-eba 12
411
4
fac-ebb 11
beb-ebb 11
ffd-ebb 5
iij-ebb 1
412
1
baej-ebc 12
413
5
badb-ebd 15
bdae-ebd 9
had-ebd 1
bcce-ebd 5
dgi-ebd 2
414
4
ceb-ebe 8
ebb-ebe 3
df-ebe 6
bfhc-ebe 7
415
2
bfd-ebf 7
ijf-ebf 9
416
1
fga-ebg 12
417
3
daf-ebh 1
icg-ebh 6
bahf-ebh 9
418
1
hfe-ebi 12
419
4
jgc-ebj 12
ghd-ebj 1
djj-ebj 5
ehi-ebj 2
420
3
jga-eca 5
dbf-eca 13
eh-eca 2
421
1
bchc-ecb 8
422
7
bdie-ecc 3
fbe-ecc 5
edi-ecc 11
idf-ecc 17
bdch-ecc 1
ejd-ecc 2
jc-ecc 1
423
3
dha-ecd 3
fba-ecd 6
jfj-ecd 3
424
2
ici-ece 12
eaa-ece 4
425
5
cib-ecf 4
eed-ecf 5
dgb-ecf 10
beh-ecf 3
dc-ecf 2
426
3
dfa-ecg 7
fbc-ecg 3
bcca-ecg 2
427
3
hcd-ech 9
jjc-ech 2
dbh-ech 9
428
2
jac-eci 12
hcg-eci 4
429
1
ihi-ecj 12
430
5
dhf-eda 5
hbd-eda 5
igj-eda 11
bbdb-eda 3
bdcg-eda 4
431
2
jj-edb 10
gdd-edb 18
432
2
ggi-edc 7
baa-edc 13
433
3
dfa-edd 11
cbe-edd 7
bdh-edd 6
434
3
jh-ede 7
ffi-ede 5
jbb-ede 4
435
6
bdag-edf 1
fah-edf 4
ci-edf 3
dic-edf 2
hba-edf 3
bdfe-edf 11
436
4
jgh-edg 1
ie-edg 12
cde-edg 2
ggd-edg 9
437
4
bbgb-edh 14
beb-edh 2
dah-edh 2
hcd-edh 2
438
3
ccg-edi 5
baib-edi 25
gie-edi 6
439
2
egj-edj 11
egf-edj 1
440
3
djh-eea 2
bgj-eea 3
gcc-eea 11
441
2
hei-eeb 15
hgh-eeb 1
442
3
hci-eec 11
dge-eec 3
cbe-eec 2
443
3
gcd-eed 3
fcg-eed 2
iaa-eed 11
444
1
idg-eee 12
445
2
bdg-eef 13
dej-eef 7
446
1
badg-eeg 24
447
1
bcc-eeh 12
448
4
beed-eei 2
haj-eei 11
bih-eei 3
fii-eei 4
449
2
bcih-eej 12
bcag-eej 4
450
4
bccg-efa 14
jia-efa 5
hch-efa 1
ii-efa 8
451
1
ehc-efb 12
452
3
hd-efc 1
ehd-efc 3
bhh-efc 12
453
2
bbc-efd 11
fei-efd 5
454
2
bcdb-efe 3
ija-efe 5
455
5
jge-eff 2
hgf-eff 3
bbed-eff 6
fff-eff 8
bjf-eff 1
456
5
iib-efg 7
fii-efg 4
bbj-efg 6
bcad-efg 1
daf-efg 2
457
3
ded-efh 15
igc-efh 11
iic-efh 2
458
2
eed-efi 8
eec-efi 4
459
4
efe-efj 4
fhc-efj 4
bbca-efj 7
bbfa-efj 9
460
6
bja-ega 12
cbg-ega 1
bac-ega 1
jca-ega 7
icf-ega 1
feh-ega 10
461
4
jg-egb 14
bcdf-egb 2
hic-egb 1
fdb-egb 7
463
3
bdhg-egd 8
ebd-egd 2
cfa-egd 6
464
1
ifi-ege 24
465
4
fge-egf 9
eae-egf 1
cha-egf 1
ifd-egf 5
466
3
die-egg 13
eaj-egg 6
idd-egg 1
467
1
iid-egh 12
468
1
hef-egi 16
469
4
jdg-egj 17
ibi-egj 1
baih-egj 4
jj-egj 2
470
3
fgd-eha 13
cgh-eha 7
bjj-eha 4
471
3
bfc-ehb 4
fei-ehb 6
hib-ehb 6
472
1
iad-ehc 8
473
4
dfd-ehd 10
hjj-ehd 1
bffb-ehd 1
hcb-ehd 4
474
3
hje-ehe 5
bebj-ehe 6
ibh-ehe 5
475
3
jgj-ehf 4
hgh-ehf 1
caa-ehf 15
476
3
edf-ehg 8
bdgh-ehg 9
hda-ehg 3
477
1
ecf-ehh 20
478
2
bbeg-ehi 6
jfd-ehi 6
479
2
bcgj-ehj 10
hbj-ehj 6
480
2
efc-eia 18
cjj-eia 2
481
3
iih-eib 3
dg-eib 1
bbbe-eib 12
482
3
bdfb-eic 6
fhi-eic 4
bfef-eic 10
483
3
bdg-eid 7
bfhj-eid 11
ejg-eid 6
484
3
gcf-eie 4
ffj-eie 1
gbb-eie 15
485
1
fdf-eif 16
486
1
bfeh-eig 16
487
2
cag-eih 13
ifi-eih 7
488
2
bfdi-eii 7
fij-eii 9
489
4
dcc-eij 12
dfg-eij 1
jae-eij 1
ief-eij 6
490
2
iaj-eja 11
babi-eja 1
491
2
ibd-ejb 5
bhc-ejb 7
492
6
eia-ejc 8
daj-ejc 2
hgb-ejc 1
bcbe-ejc 1
gji-ejc 7
ggd-ejc 5
493
2
iic-ejd 5
ige-ejd 3
494
4
iei-eje 10
bfj-eje 2
ege-eje 2
cif-eje 10
495
2
ecf-ejf 6
bfja-ejf 6
496
4
chd-ejg 4
eb-ejg 7
ghb-ejg 4
feg-ejg 1
497
1
idi-ejh 16
498
3
hfb-eji 14
cgh-eji 5
d-eji 1
499
1
chf-ejj 8
500
4
deg-faa 8
ice-faa 8
dfb-faa 3
bbba-faa 1
502
4
hdh-fac 6
hbc-fac 9
bbii-fac 1
cbi-fac 4
503
5
iej-fad 12
baei-fad 4
bdjg-fad 1
cfh-fad 3
fgd-fad 4
504
2
bdia-fae 15
baba-fae 1
505
3
hid-faf 5
bcja-faf 1
ice-faf 6
506
2
dbf-fag 9
bahb-fag 11
507
1
bjf-fah 8
508
2
badj-fai 16
fdh-fai 4
509
4
ggb-faj 5
bhe-faj 2
ghi-faj 13
fgi-faj 4
510
3
dii-fba 12
cdi-fba 3
bbdb-fba 1
511
2
jgi-fbb 10
geh-fbb 10
512
1
baag-fbc 16
513
3
ejj-fbd 4
jhc-fbd 13
bih-fbd 3
514
2
bceh-fbe 10
fgi-fbe 2
515
1
jbh-fbf 4
516
1
dff-fbg 8
517
4
bcjg-fbh 5
fdh-fbh 6
fgb-fbh 11
bc-fbh 2
518
4
eah-fbi 11
dcc-fbi 4
ebf-fbi 1
bjb-fbi 4
519
3
beig-fbj 16
hdc-fbj 7
fch-fbj 1
520
4
dce-fca 9
jib-fca 2
bccg-fca 6
gaj-fca 3
521
2
bhb-fcb 6
bcdf-fcb 14
522
4
gic-fcc 8
bfca-fcc 4
fjh-fcc 3
gbd-fcc 1
523
1
cba-fcd 16
524
2
gia-fce 7
baec-fce 5
525
4
baib-fcf 7
bff-fcf 3
ebi-fcf 2
ehe-fcf 16
526
3
bbe-fcg 6
gcc-fcg 8
bcah-fcg 2
527
4
beaj-fch 9
eae-fch 4
bcee-fch 8
ecb-fch 11
528
6
dfh-fci 7
iei-fci 10
bjf-fci 3
bbea-fci 6
dfd-fci 1
iba-fci 5
529
5
ffb-fcj 7
fcg-fcj 1
egd-fcj 1
ghc-fcj 8
heb-fcj 7
530
4
bhi-fda 9
bbbd-fda 1
cfd-fda 4
edf-fda 10
531
3
eha-fdb 11
def-fdb 3
ccf-fdb 6
532
4
cif-fdc 1
eg-fdc 2
bahi-fdc 14
dad-fdc 7
533
6
hid-fdd 1
eaf-fdd 3
baei-fdd 1
bfie-fdd 4
bfha-fdd 20
edd-fdd 7
534
1
egb-fde 12
535
3
ibe-fdf 16
gdc-fdf 1
fdg-fdf 7
536
2
bach-fdg 15
bdhg-fdg 5
537
5
gf-fdh 6
ffa-fdh 13
cjd-fdh 1
deb-fdh 3
cdc-fdh 5
538
1
jii-fdi 8
539
2
bdfh-fdj 7
hbh-fdj 1
540
4
ee-fea 2
bdcd-fea 1
bbia-fea 16
bceb-fea 1
541
5
hgh-feb 7
ieb-feb 4
ih-feb 7
ibd-feb 1
dfh-feb 5
542
2
bfcg-fec 7
bfij-fec 5
543
2
bbhb-fed 6
hdi-fed 14
544
4
ihf-fee 12
be-fee 1
ecb-fee 5
bbaa-fee 2
545
3
bbfh-fef 4
bfdg-fef 5
je-fef 11
546
4
ijc-feg 13
bcgj-feg 2
hgh-feg 1
bd-feg 8
547
2
chc-feh 14
djg-feh 6
548
3
eeg-fei 5
fbi-fei 12
begd-fei 7
550
4
bfef-ffa 5
df-ffa 6
gch-ffa 3
idb-ffa 6
551
5
i-ffb 9
cfd-ffb 9
jfe-ffb 2
dab-ffb 4
ica-ffb 4
552
2
hbb-ffc 14
bdj-ffc 2
553
2
jaf-ffd 4
dij-ffd 8
555
5
fgj-fff 9
chc-fff 8
hfd-fff 6
jbf-fff 3
baae-fff 2
557
2
e-ffh 3
fja-ffh 5
558
3
cif-ffi 7
cdj-ffi 11
bcdd-ffi 2
559
1
gfi-ffj 16
560
5
cie-fga 8
bhe-fga 5
eae-fga 1
gei-fga 10
igi-fga 8
561
3
dba-fgb 4
eei-fgb 3
gff-fgb 5
562
1
bagf-fgc 20
563
3
bfic-fgd 12
ffa-fgd 1
bfff-fgd 11
564
1
gjf-fge 8
565
1
ha-fgf 8
567
1
dbh-fgh 12
568
1
dfg-fgi 16
569
2
bdc-fgj 11
ghj-fgj 5
570
2
bfig-fha 4
fhc-fha 8
571
4
beaa-fhb 19
bfcb-fhb 2
bajf-fhb 1
beeb-fhb 2
572
5
bfed-fhc 4
cba-fhc 2
hch-fhc 14
bgea-fhc 1
bbi-fhc 3
573
2
hic-fhd 13
cih-fhd 3
574
3
hci-fhe 2
ebh-fhe 2
jbe-fhe 16
575
1
gad-fhf 8
576
3
da-fhg 10
bbfh-fhg 1
fjc-fhg 5
577
1
cba-fhh 4
578
3
bja-fhi 5
jcb-fhi 1
bcgj-fhi 10
579
3
ii-fhj 14
fag-fhj 2
bgde-fhj 4
580
2
hga-fia 9
gcc-fia 7
581
2
gjb-fib 9
fgb-fib 3
582
3
bgaj-fic 19
cea-fic 1
ijd-fic 4
583
4
cih-fid 8
bbaa-fid 4
gif-fid 4
hh-fid 8
584
1
efe-fie 12
585
4
ibj-fif 2
bbc-fif 6
bfcg-fif 6
gge-fif 2
586
4
eib-fig 2
ejg-fig 9
dec-fig 5
bfj-fig 8
587
1
id-fih 12
588
4
bcfh-fii 1
gde-fii 1
bagb-fii 6
haf-fii 8
589
1
ebj-fij 12
590
1
edj-fja 12
591
6
hc-fjb 3
cij-fjb 2
hae-fjb 11
gef-fjb 10
caa-fjb 8
bggb-fjb 2
592
4
bcff-fjc 3
hdf-fjc 7
cie-fjc 4
dbg-fjc 6
593
1
cif-fjd 8
594
3
fba-fje 8
hdj-fje 2
hci-fje 6
595
3
bahg-fjf 5
fhc-fjf 1
jhf-fjf 6
596
1
bcfe-fjg 8
597
3
g-fjh 17
baij-fjh 1
babb-fjh 6
598
6
fij-fji 1
bddi-fji 8
hh-fji 2
jbi-fji 1
cdf-fji 16
iga-fji 8
599
2
gj-fjj 10
bbg-fjj 2
600
3
gbb-gaa 5
gjf-gaa 6
bacj-gaa 5
601
1
gdh-gab 12
602
1
cca-gac 4
603
5
bjc-gad 2
hij-gad 2
jjh-gad 15
bdfe-gad 2
bf-gad 3
604
6
bfi-gae 10
bd-gae 5
ceb-gae 2
jci-gae 1
ghc-gae 8
hca-gae 2
606
3
jij-gag 6
dff-gag 1
bahg-gag 13
607
2
fac-gah 7
iaf-gah 13
608
2
gff-gai 5
daa-gai 3
609
4
ccf-gaj 2
iae-gaj 8
di-gaj 2
bcde-gaj 4
610
4
bbge-gba 13
hgc-gba 3
fdi-gba 1
bbib-gba 3
611
5
bfjj-gbb 10
becb-gbb 10
eja-gbb 1
cgb-gbb 2
dhf-gbb 1
612
4
hb-gbc 8
bbhc-gbc 1
bbh-gbc 6
baab-gbc 9
613
1
fcb-gbd 16
614
1
bgfd-gbe 4
615
2
bbeh-gbf 14
bdcf-gbf 2
616
3
bbcb-gbg 6
dga-gbg 8
dhh-gbg 2
617
2
ff-gbh 11
ejj-gbh 1
618
4
bbeh-gbi 13
ej-gbi 4
ifc-gbi 3
bacg-gbi 8
619
3
jej-gbj 10
gch-gbj 4
bbfi-gbj 2
620
2
haj-gca 15
hbg-gca 13
621
2
cab-gcb 12
bfbd-gcb 12
622
4
baad-gcc 14
baee-gcc 4
bafc-gcc 3
cdh-gcc 11
623
1
egf-gcd 16
624
1
fai-gce 12
625
2
baii-gcf 5
daf-gcf 7
627
2
bdc-gch 5
fjh-gch 15
628
3
igb-gci 14
bga-gci 2
cea-gci 8
629
2
ebb-gcj 5
ged-gcj 3
630
2
ihh-gda 2
bdcf-gda 6
631
2
bbg-gdb 9
eah-gdb 7
632
4
babf-gdc 9
cah-gdc 1
ifc-gdc 3
gbe-gdc 7
633
3
dgb-gdd 12
hfi-gdd 1
bcag-gdd 3
634
2
baeb-gde 19
cdd-gde 1
635
3
gfe-gdf 7
bchf-gdf 7
bhc-gdf 2
636
4
db-gdg 6
hag-gdg 1
bddj-gdg 3
bajh-gdg 10
637
2
bdfd-gdh 9
jci-gdh 7
639
1
gjg-gdj 12
640
3
edi-gea 6
dea-gea 12
jh-gea 2
641
2
begg-geb 19
hhd-geb 1
642
1
ihd-gec 8
643
1
bdbj-ged 4
644
1
dda-gee 4
645
3
gfh-gef 10
bdgj-gef 5
gij-gef 1
646
3
gaj-geg 2
bfcj-geg 12
cie-geg 2
647
2
jg-geh 15
bjh-geh 1
648
3
iba-gei 7
daf-gei 7
ffa-gei 2
649
2
fec-gej 8
hgi-gej 12
650
2
bgeg-gfa 6
hbc-gfa 2
651
2
gfj-gfb 14
jhj-gfb 2
652
2
bcb-gfc 2
ccf-gfc 14
653
3
bdbg-gfd 10
hjb-gfd 1
gch-gfd 1
654
2
hfa-gfe 6
baci-gfe 6
655
5
hh-gff 12
ehe-gff 1
egf-gff 5
bga-gff 8
idi-gff 2
656
2
chc-gfg 15
bahh-gfg 1
657
3
iga-gfh 12
ffb-gfh 1
bi-gfh 3
658
2
becd-gfi 16
ech-gfi 4
659
1
bdba-gfj 4
660
1
hhe-gga 12
661
2
bee-ggb 4
eae-ggb 12
662
2
bgae-ggc 4
id-ggc 4
663
2
djj-ggd 13
jhh-ggd 3
664
6
bfid-gge 1
beg-gge 8
efd-gge 4
bdc-gge 12
ifg-gge 9
gaj-gge 2
665
4
jfj-ggf 5
feh-ggf 8
hab-ggf 4
bcdj-ggf 3
666
3
die-ggg 3
dij-ggg 9
caf-ggg 4
667
1
cab-ggh 4
668
3
bfc-ggi 6
cbc-ggi 2
cgh-ggi 4
670
4
ifc-gha 1
bfgj-gha 1
gii-gha 11
gdh-gha 3
671
5
bgae-ghb 6
bbfg-ghb 4
bgef-ghb 4
idb-ghb 2
bbff-ghb 8
672
5
cib-ghc 5
fea-ghc 8
bch-ghc 10
beid-ghc 3
fhi-ghc 6
673
3
bae-ghd 7
did-ghd 1
egj-ghd 4
674
1
ggg-ghe 12
676
1
fhb-ghg 16
677
2
cbc-ghh 7
bacj-ghh 5
678
2
hai-ghi 8
daf-ghi 8
679
4
bcbc-ghj 8
fdb-ghj 1
hec-ghj 5
fcd-ghj 6
680
3
egg-gia 13
hbf-gia 1
ied-gia 2
681
2
cic-gib 9
bbhf-gib 3
682
3
dhi-gic 11
bbga-gic 3
gge-gic 6
683
1
cjj-gid 8
684
2
iih-gie 10
ici-gie 2
685
5
bcig-gif 1
hge-gif 4
bcdi-gif 8
gdf-gif 5
jea-gif 2
687
4
die-gih 8
baai-gih 1
badc-gih 1
bbfb-gih 10
688
2
baab-gii 11
ib-gii 1
689
4
ehf-gij 15
ibd-gij 1
ehh-gij 1
bei-gij 3
690
1
ecd-gja 8
691
1
ebc-gjb 4
692
4
ca-gjc 13
hji-gjc 2
gbe-gjc 2
behb-gjc 3
694
2
bbdf-gje 14
bhc-gje 2
695
3
ieg-gjf 8
dig-gjf 1
hdh-gjf 3
696
5
bfb-gjg 7
behg-gjg 13
bdda-gjg 1
egg-gjg 2
bbic-gjg 1
697
3
cje-gjh 6
cbg-gjh 3
dfd-gjh 3
698
1
bbgf-gji 8
699
3
fbi-gjj 8
iii-gjj 1
hhe-gjj 7
700
3
dbe-haa 10
bcea-haa 5
bjj-haa 1
701
2
gc-hab 4
bcfg-hab 8
703
1
iec-had 4
704
5
fac-hae 13
hea-hae 1
chi-hae 1
ije-hae 6
bbic-hae 3
705
3
jji-haf 3
bbcd-haf 15
jda-haf 2
706
6
beje-hag 8
bcgb-hag 1
dic-hag 5
ecj-hag 4
dfg-hag 3
hje-hag 3
707
2
fda-hah 13
efj-hah 3
708
2
bce-hai 9
hfh-hai 3
709
1
bdjj-haj 4
710
2
bega-hba 3
bdbi-hba 9
711
2
fac-hbb 14
cgj-hbb 2
712
2
jdg-hbc 1
ffc-hbc 11
713
3
bdff-hbd 16
bei-hbd 5
eij-hbd 3
714
2
fc-hbe 9
fji-hbe 3
715
2
fcf-hbf 11
jf-hbf 1
716
4
egh-hbg 7
bdjf-hbg 2
gde-hbg 1
ife-hbg 10
717
3
ci-hbh 9
babe-hbh 1
ifg-hbh 6
718
2
egd-hbi 4
jfh-hbi 4
719
2
bedf-hbj 5
jge-hbj 3
720
4
ibe-hca 2
cib-hca 7
ead-hca 9
hcf-hca 10
721
2
bahd-hcb 10
bdfa-hcb 10
722
2
iee-hcc 4
cie-hcc 4
723
3
bdhb-hcd 5
jee-hcd 10
bgi-hcd 5
724
4
beaf-hce 6
eab-hce 1
ejf-hce 15
dha-hce 6
725
5
gad-hcf 2
hhc-hcf 4
b-hcf 3
bbae-hcf 1
cih-hcf 10
726
3
baed-hcg 5
ja-hcg 3
ibf-hcg 8
727
2
fci-hch 10
gdg-hch 6
728
3
geh-hci 14
bdff-hci 1
ggi-hci 5
729
3
bbgd-hcj 9
jd-hcj 9
eec-hcj 6
730
3
ffb-hda 18
dec-hda 1
idc-hda 1
731
4
bfhg-hdb 1
bejg-hdb 1
jh-hdb 1
fei-hdb 13
732
5
befb-hdc 8
bdac-hdc 2
jbf-hdc 10
cej-hdc 3
cbi-hdc 1
733
1
bdg-hdd 16
734
2
jfh-hde 5
bbjf-hde 7
735
4
dci-hdf 4
bbha-hdf 11
gbh-hdf 1
fad-hdf 4
736
2
fjc-hdg 7
eba-hdg 5
737
2
fec-hdh 8
ihb-hdh 4
738
1
beah-hdi 12
739
2
eci-hdj 9
haa-hdj 7
740
6
jjg-hea 7
fdf-hea 1
befg-hea 5
djb-hea 1
jb-hea 3
bdfd-hea 15
741
1
icg-heb 8
742
4
bdhc-hec 6
bdda-hec 1
bfjg-hec 1
fai-hec 8
743
1
bcbg-hed 12
744
1
bfhd-hee 12
745
4
bfch-hef 3
bjd-hef 9
gha-hef 3
beg-hef 5
746
2
ceb-heg 11
bcdd-heg 1
747
2
dcb-heh 8
hii-heh 8
748
3
if-hei 6
ie-hei 2
fad-hei 4
749
1
bgbd-hej 16
750
3
dgc-hfa 1
jga-hfa 16
befe-hfa 3
751
2
bff-hfb 19
icd-hfb 1
752
2
gjh-hfc 11
gab-hfc 1
753
2
bcec-hfd 13
eih-hfd 3
754
4
gac-hfe 3
ejg-hfe 1
dfb-hfe 7
bahd-hfe 5
755
1
bacc-hff 12
756
2
gfd-hfg 10
bbac-hfg 2
757
3
bbaj-hfh 9
ede-hfh 1
ihf-hfh 10
758
2
beih-hfi 3
eci-hfi 9
759
2
bfhi-hfj 10
gaa-hfj 2
760
2
fdb-hga 6
bbg-hga 2
761
2
hfc-hgb 5
iaj-hgb 19
762
4
fea-hgc 9
hje-hgc 1
dej-hgc 3
fia-hgc 3
763
2
bbfa-hgd 6
bedb-hgd 2
764
2
efg-hge 4
beff-hge 8
765
4
bafe-hgf 2
fea-hgf 9
bci-hgf 3
icd-hgf 2
767
2
deg-hgh 6
dej-hgh 2
768
2
baja-hgi 14
cdb-hgi 2
770
4
hdd-hha 2
baad-hha 3
ii-hha 18
ihj-hha 1
771
2
bbaa-hhb 5
gfa-hhb 15
772
3
eia-hhc 1
beff-hhc 4
fhc-hhc 7
773
2
gaa-hhd 3
bdec-hhd 13
774
2
gja-hhe 4
eff-hhe 16
775
2
bcf-hhf 3
bafj-hhf 13
776
2
hbb-hhg 15
dgd-hhg 1
778
1
bdci-hhi 8
779
5
chi-hhj 7
jec-hhj 4
bfag-hhj 2
beb-hhj 13
hie-hhj 2
780
2
jdd-hia 8
bbie-hia 4
781
2
bbfb-hib 1
bbi-hib 11
782
4
chh-hic 7
dcc-hic 6
bgcf-hic 1
dhd-hic 2
783
1
bgdg-hid 4
784
1
bgbb-hie 8
785
2
fje-hif 7
ggc-hif 5
786
3
gb-hig 5
fig-hig 1
che-hig 6
787
2
iaf-hih 18
ddh-hih 2
788
3
jaj-hii 12
djb-hii 3
cgi-hii 1
789
5
bji-hij 11
bbbd-hij 8
dif-hij 2
fj-hij 1
hag-hij 2
790
2
gbd-hja 1
fae-hja 7
791
2
cfh-hjb 7
bde-hjb 5
792
5
hcc-hjc 1
bfhe-hjc 5
gaj-hjc 4
bbfi-hjc 16
hbi-hjc 2
793
2
bbd-hjd 4
fef-hjd 4
794
2
bdja-hje 4
fgj-hje 4
795
3
beji-hjf 6
edj-hjf 5
gid-hjf 1
796
4
eda-hjg 13
jgg-hjg 2
jdh-hjg 7
cfa-hjg 6
797
2
caj-hjh 2
bcg-hjh 6
798
1
hfj-hji 12
799
4
beea-hjj 15
fgd-hjj 1
fe-hjj 1
gah-hjj 11
800
5
eef-iaa 7
jcg-iaa 8
dhc-iaa 1
deb-iaa 7
ead-iaa 1
801
3
bdbh-iab 3
cdh-iab 8
ech-iab 1
802
3
hia-iac 3
hbi-iac 5
eic-iac 4
803
1
cgd-iad 20
804
4
cjg-iae 3
cdf-iae 7
fjd-iae 1
bcd-iae 9
805
3
ejf-iaf 7
gjf-iaf 4
jd-iaf 5
806
4
bage-iag 8
begg-iag 1
ejg-iag 6
ihd-iag 1
807
2
fei-iah 4
dad-iah 4
808
3
gf-iai 12
jh-iai 3
dje-iai 1
809
1
bddg-iaj 12
810
5
bafb-iba 1
bbbj-iba 4
bcb-iba 8
ejb-iba 3
bbba-iba 4
811
2
bead-ibb 1
iha-ibb 7
812
1
bbgf-ibc 8
813
2
bdhd-ibd 7
bgcj-ibd 1
814
2
bbcc-ibe 6
fba-ibe 6
815
3
dje-ibf 2
dih-ibf 1
bffh-ibf 9
816
3
efj-ibg 4
fhg-ibg 11
bafg-ibg 1
817
3
eja-ibh 3
babb-ibh 2
bahj-ibh 7
818
3
fdi-ibi 16
jib-ibi 1
bjc-ibi 3
819
4
dfd-ibj 10
bbdb-ibj 4
hae-ibj 1
bbcd-ibj 1
820
3
dgi-ica 10
becf-ica 2
bcfh-ica 8
821
1
hfi-icb 12
823
5
hcd-icd 6
eig-icd 6
jaj-icd 1
hj-icd 6
jaa-icd 1
824
3
hgi-ice 2
ehd-ice 9
jfh-ice 1
825
3
dbb-icf 6
cih-icf 6
fce-icf 4
826
3
gcg-icg 1
bjj-icg 7
bcdi-icg 4
827
1
beei-ich 8
828
2
cj-ici 9
jc-ici 3
829
1
jie-icj 8
830
1
bcfd-ida 20
831
4
fce-idb 12
ghi-idb 10
bach-idb 4
cdh-idb 2
832
2
iij-idc 9
gjg-idc 3
833
4
fj-idd 2
fih-idd 1
bfda-idd 2
bbah-idd 11
835
3
efa-idf 9
dii-idf 4
dh-idf 7
836
3
dhd-idg 2
bagf-idg 1
bfi-idg 13
838
4
hhc-idi 6
bgfa-idi 5
bbdd-idi 5
ech-idi 4
839
2
fdj-idj 6
bcc-idj 6
840
2
bebf-iea 14
bij-iea 2
841
2
bbie-ieb 9
fhb-ieb 3
842
2
bbca-iec 19
hfg-iec 1
843
4
jac-ied 13
bche-ied 1
hhb-ied 1
bbid-ied 1
844
1
efc-iee 12
845
4
hag-ief 2
ea-ief 3
bfc-ief 2
bbah-ief 9
846
4
ffh-ieg 4
hcd-ieg 9
idd-ieg 1
fjj-ieg 6
847
3
caj-ieh 1
bchj-ieh 1
bge-ieh 14
848
3
bcgb-iei 17
hgi-iei 3
efg-iei 4
849
1
bbh-iej 8
850
3
ccc-ifa 6
hcf-ifa 5
bbbi-ifa 9
851
2
dfh-ifb 10
bagh-ifb 2
852
4
bchg-ifc 10
cee-ifc 8
jid-ifc 1
ejj-ifc 5
853
3
bbhd-ifd 8
cf-ifd 1
ijh-ifd 7
854
3
bbdj-ife 2
hjf-ife 1
dad-ife 9
855
3
cgi-iff 11
jgf-iff 5
efe-iff 4
856
3
jci-ifg 4
be-ifg 3
bgeb-ifg 5
857
3
cid-ifh 2
baai-ifh 4
baga-ifh 10
858
1
bcci-ifi 8
859
1
chb-ifj 4
860
1
ebb-iga 8
861
1
cif-igb 8
862
3
gh-igc 9
eaf-igc 2
bcgi-igc 1
863
2
ggg-igd 7
ife-igd 5
864
3
hjc-ige 6
dbi-ige 5
dbj-ige 1
866
1
babd-igg 4
867
1
hag-igh 4
868
2
bbg-igi 9
bcbj-igi 3
869
2
dde-igj 8
bdie-igj 8
870
3
hgf-iha 6
bcdj-iha 4
jfa-iha 6
871
1
bbcj-ihb 8
872
1
ehj-ihc 12
873
4
fj-ihd 3
behh-ihd 2
bbdd-ihd 9
bgei-ihd 2
874
3
hdg-ihe 6
hdi-ihe 5
hdj-ihe 1
875
2
bbad-ihf 4
ijj-ihf 16
876
3
cdj-ihg 8
bcj-ihg 1
gij-ihg 7
877
1
cib-ihh 12
878
3
bebh-ihi 12
bdgf-ihi 4
gjh-ihi 4
879
2
caf-ihj 6
cef-ihj 2
880
3
fgb-iia 7
hfh-iia 3
fid-iia 2
881
3
chd-iib 8
id-iib 10
baeb-iib 2
882
4
gfa-iic 11
fag-iic 3
jje-iic 1
iie-iic 1
883
2
iae-iid 12
ffa-iid 4
884
4
jee-iie 6
bejf-iie 11
bgc-iie 1
bec-iie 2
886
3
hcg-iig 7
hjb-iig 3
ddg-iig 2
887
1
hbj-iih 4
888
1
bbib-iii 4
889
1
baaa-iij 4
890
2
dbj-ija 11
iaa-ija 1
892
2
bbf-ijc 13
bcij-ijc 3
893
3
gdh-ijd 9
hfi-ijd 2
beda-ijd 1
894
4
bbbj-ije 6
beef-ije 1
gda-ije 2
bef-ije 7
895
2
bj-ijf 6
hei-ijf 2
896
2
ig-ijg 5
behi-ijg 3
897
1
bii-ijh 8
898
1
gd-iji 4
899
2
iaf-ijj 7
cff-ijj 1
900
1
bbjh-jaa 12
901
2
baej-jab 3
gbe-jab 9
902
5
bgg-jac 5
ghg-jac 3
hca-jac 1
ibb-jac 10
ejj-jac 1
903
1
bcij-jad 12
904
1
bbih-jae 12
905
2
bgd-jaf 7
bdig-jaf 1
906
2
cbc-jag 6
cg-jag 6
907
4
bcif-jah 19
fie-jah 1
bchh-jah 1
baia-jah 3
908
5
efa-jai 7
hah-jai 2
bbbg-jai 2
gbj-jai 7
bffi-jai 2
909
2
iic-jaj 5
ebd-jaj 3
910
2
bdef-jba 6
gej-jba 6
911
2
dhg-jbb 5
gjc-jbb 3
912
2
gbg-jbc 5
jca-jbc 3
913
3
dij-jbd 7
bgh-jbd 4
bfad-jbd 1
914
1
fbj-jbe 12
915
2
gfg-jbf 17
bedi-jbf 3
916
4
bjd-jbg 8
bdid-jbg 8
baie-jbg 1
ehd-jbg 3
917
3
babf-jbh 4
dbd-jbh 2
bji-jbh 6
918
1
bdcc-jbi 8
920
3
idf-jca 13
jfg-jca 1
jde-jca 2
921
2
faj-jcb 8
gae-jcb 8
922
2
gfb-jcc 8
fjg-jcc 4
923
3
hgh-jcd 4
jcc-jcd 7
bagh-jcd 5
924
1
bafi-jce 4
925
2
djc-jcf 8
igj-jcf 4
926
1
ggg-jcg 12
928
3
bfbf-jci 11
gih-jci 1
fch-jci 12
930
2
bgdf-jda 7
bdig-jda 5
931
4
cgf-jdb 4
jji-jdb 1
jhc-jdb 1
hge-jdb 14
932
3
gdh-jdc 4
hbh-jdc 3
jc-jdc 5
933
3
ffh-jdd 8
dic-jdd 3
dhc-jdd 1
934
3
bi-jde 17
ha-jde 1
bcjb-jde 6
936
5
dhj-jdg 11
bhb-jdg 1
gea-jdg 1
bh-jdg 10
ibi-jdg 5
937
1
ea-jdh 4
939
3
jfj-jdj 2
eic-jdj 5
ja-jdj 9
940
1
ije-jea 8
941
1
jad-jeb 4
942
2
bdfg-jec 14
dae-jec 6
943
1
djc-jed 4
944
2
hjb-jee 14
ceg-jee 2
945
4
bbfe-jef 6
bbje-jef 2
fad-jef 7
badj-jef 5
946
2
bbj-jeg 3
baib-jeg 5
947
2
bafe-jeh 8
bgdb-jeh 4
948
1
eff-jei 8
949
2
ehb-jej 11
dch-jej 1
950
4
fdj-jfa 5
bhe-jfa 1
chb-jfa 7
iec-jfa 3
951
3
bbdb-jfb 2
cge-jfb 1
ebb-jfb 9
952
2
jgb-jfc 8
cgh-jfc 4
953
2
babc-jfd 7
fbd-jfd 1
954
4
bfgb-jfe 3
bcif-jfe 1
egf-jfe 2
c-jfe 10
955
2
bfeb-jff 11
egg-jff 1
956
3
bccb-jfg 6
fic-jfg 6
ega-jfg 4
957
4
fdf-jfh 16
eij-jfh 1
gfb-jfh 1
bffj-jfh 2
958
3
dii-jfi 8
bbj-jfi 2
befa-jfi 6
959
5
bdhe-jfj 3
bcaj-jfj 1
jfa-jfj 1
bcc-jfj 3
eac-jfj 12
960
4
bfab-jga 15
bagg-jga 1
bfcd-jga 3
fdf-jga 1
961
1
ecd-jgb 4
962
5
babj-jgc 3
cfa-jgc 6
ibd-jgc 2
ied-jgc 7
bba-jgc 2
964
4
bagf-jge 8
gbf-jge 5
bcgj-jge 5
bedj-jge 2
965
3
fbf-jgf 6
hhj-jgf 2
i-jgf 12
966
2
heh-jgg 5
bajc-jgg 7
967
2
jcb-jgh 7
dfc-jgh 1
968
1
iae-jgi 8
970
3
bea-jha 2
jia-jha 4
ghd-jha 10
971
1
ejg-jhb 4
972
3
ced-jhc 6
hei-jhc 9
eej-jhc 1
973
2
geb-jhd 7
gba-jhd 1
974
2
bbai-jhe 7
jih-jhe 5
975
3
behe-jhf 4
bajj-jhf 8
fch-jhf 4
976
2
hde-jhg 2
fbi-jhg 6
977
2
bfia-jhh 6
gab-jhh 6
978
2
bagi-jhi 6
bcj-jhi 6
979
1
eei-jhj 4
980
5
ecc-jia 15
bje-jia 3
bded-jia 1
ddg-jia 3
baac-jia 6
981
3
bab-jib 6
iac-jib 7
bjf-jib 3
982
2
igj-jic 3
hff-jic 5
983
3
cag-jid 10
bgfj-jid 5
jff-jid 1
984
3
hdb-jie 8
cij-jie 3
baih-jie 1
985
3
hah-jif 4
bb-jif 1
dge-jif 11
986
2
bbe-jig 6
gha-jig 6
987
2
bfa-jih 11
gfi-jih 1
988
2
ddf-jii 8
cei-jii 8
989
2
ge-jij 4
bah-jij 4
991
4
jif-jjb 18
hja-jjb 4
bdi-jjb 1
cjc-jjb 1
992
3
bcgb-jjc 1
jbg-jjc 6
jhg-jjc 5
993
1
daj-jjd 4
994
4
bbcg-jje 3
badd-jje 6
baig-jje 2
ej-jje 9
995
2
hja-jjf 7
ccf-jjf 1
996
1
gfc-jjg 8
997
1
geh-jjh 4
998
1
hef-jji 8
999
3
baea-jjj 4
bcci-jjj 1
edg-jjj 7
1000
1
fgi-baaa 4
1001
4
jeg-baab 6
efi-baab 7
ifd-baab 5
bc-baab 2
1002
2
hig-baac 6
jbh-baac 2
1003
4
ceb-baad 2
bbbh-baad 8
ehj-baad 1
jcd-baad 5
1004
1
eje-baae 8
1005
1
baae-baaf 8
1006
5
beja-baag 2
ffj-baag 6
jci-baag 4
fc-baag 6
cdc-baag 2
1007
1
baef-baah 8
1008
2
baha-baai 11
igj-baai 5
1009
1
ceb-baaj 4
1010
4
jdf-baba 3
ehi-baba 6
dfi-baba 8
bbfb-baba 3
1011
3
djh-babb 2
ggi-babb 6
edh-babb 4
1012
4
jga-babc 3
if-babc 3
baif-babc 8
beag-babc 6
1013
1
dfe-babd 12
1014
4
dbj-babe 1
cjc-babe 1
ebj-babe 8
ije-babe 6
1015
1
begj-babf 8
1016
2
bdhd-babg 5
beba-babg 7
1017
2
cbg-babh 2
baia-babh 6
1018
2
baij-babi 9
cdb-babi 3
1019
3
bbcg-babj 2
bfib-babj 7
fdc-babj 3
1020
1
igh-baca 4
1021
3
jhb-bacb 14
bgbj-bacb 4
bcje-bacb 6
1022
1
gdb-bacc 12
1023
1
jgf-bacd 4
1024
1
dhb-bace 8
1026
2
bgdb-bacg 3
cja-bacg 5
1027
1
bih-bach 12
1028
1
ejc-baci 8
1029
3
iha-bacj 13
ibj-bacj 1
bada-bacj 2
1030
4
ecj-bada 11
bbcf-bada 2
hej-bada 1
gdb-bada 2
1031
3
dcd-badb 5
bddf-badb 5
bdf-badb 2
1032
2
hfg-badc 10
ifg-badc 2
1033
1
bcac-badd 12
1034
1
ega-bade 4
1035
1
fgh-badf 4
1036
1
jhi-badg 8
1037
2
bbgj-badh 6
fhe-badh 2
1038
1
bbdi-badi 8
1039
4
bjf-badj 10
ff-badj 3
bbhf-badj 1
ijj-badj 2
1040
1
hdd-baea 16
1041
4
fd-baeb 6
iag-baeb 2
bdcj-baeb 7
bbaf-baeb 1
1042
4
jaa-baec 12
jha-baec 1
ccb-baec 6
hbg-baec 1
1043
1
djc-baed 4
1044
1
baeg-baee 4
1045
2
efd-baef 5
fi-baef 11
1046
2
bcef-baeg 7
jdc-baeg 9
1047
1
ihg-baeh 8
1048
3
bcig-baei 6
bagg-baei 7
bhc-baei 3
1049
2
bbhh-baej 15
bdfj-baej 1
1050
4
cff-bafa 8
dgj-bafa 3
babe-bafa 8
jdj-bafa 1
1051
3
baah-bafb 2
bbbd-bafb 4
gdg-bafb 10
1052
3
hii-bafc 3
gfg-bafc 6
bbef-bafc 7
1054
2
fdd-bafe 11
bgf-bafe 1
1055
2
hcj-baff 6
bfif-baff 2
1056
1
fdd-bafg 4
1058
3
bhj-bafi 9
bag-bafi 5
chi-bafi 2
1059
1
hef-bafj 12
1060
1
bbag-baga 8
1061
1
fhb-bagb 8
1063
3
ibg-bagd 5
beg-bagd 3
hgd-bagd 4
1064
3
jhf-bage 8
jfb-bage 7
babh-bage 1
1065
2
bede-bagf 7
bgd-bagf 1
1066
3
hgb-bagg 13
baie-bagg 1
fcb-bagg 6
1067
5
eab-bagh 6
gje-bagh 6
ijg-bagh 1
cgf-bagh 1
cde-bagh 10
1068
2
ggh-bagi 9
bcac-bagi 3
1069
2
jhd-bagj 9
bad-bagj 3
1070
2
bcgf-baha 7
bgcc-baha 1
1071
1
bgah-bahb 8
1073
5
behd-bahd 8
dii-bahd 4
beij-bahd 3
dbb-bahd 7
efa-bahd 2
1074
1
bcdi-bahe 4
1075
2
ffi-bahf 6
bagd-bahf 2
1076
1
gjc-bahg 8
1077
4
bahg-bahh 7
bedg-bahh 1
hea-bahh 1
jab-bahh 7
1078
2
ghc-bahi 14
ia-bahi 2
1079
1
ghi-bahj 8
1080
1
bgg-baia 12
1081
2
iac-baib 3
hih-baib 5
1082
2
bcgg-baic 9
iaa-baic 3
1084
4
chg-baie 6
efc-baie 5
bade-baie 1
iaf-baie 8
1085
1
jcb-baif 4
1086
3
hif-baig 6
jgh-baig 2
edd-baig 8
1087
3
becj-baih 11
gcf-baih 4
bbgd-baih 9
1088
2
bbab-baii 6
ffj-baii 2
1089
3
bfh-baij 4
ife-baij 3
bha-baij 5
1090
3
bif-baja 10
cdh-baja 4
bcfj-baja 2
1091
3
bdfg-bajb 8
ji-bajb 1
bafj-bajb 3
1092
2
bbae-bajc 9
dhb-bajc 3
1093
2
hha-bajd 13
bfjc-bajd 3
1094
3
gfi-baje 7
iej-baje 8
bdab-baje 1
1095
4
bbgi-bajf 5
bcje-bajf 7
jcd-bajf 5
jeb-bajf 3
1096
1
cgf-bajg 8
1097
2
bia-bajh 4
hba-bajh 4
1098
1
baje-baji 8
1099
2
eci-bajj 11
bajf-bajj 1
1100
1
bcfa-bbaa 12
1101
1
bbfc-bbab 8
1102
3
dce-bbac 10
fed-bbac 1
bejd-bbac 5
1103
2
jbh-bbad 4
bbag-bbad 4
1104
4
bcfc-bbae 11
bgba-bbae 5
gc-bbae 7
gid-bbae 1
1105
1
eff-bbaf 8
1106
1
gff-bbag 4
1107
4
bfjh-bbah 4
cja-bbah 1
fhe-bbah 1
beci-bbah 10
1108
1
bhj-bbai 12
1110
5
hde-bbba 4
cgd-bbba 7
babb-bbba 1
jid-bbba 2
hdb-bbba 6
1111
1
hed-bbbb 4
1113
4
icb-bbbd 8
baec-bbbd 1
bgab-bbbd 1
bbh-bbbd 6
1114
3
bccj-bbbe 1
bcc-bbbe 9
dhj-bbbe 2
1116
2
icb-bbbg 11
ief-bbbg 1
1117
1
ehg-bbbh 8
1118
1
bac-bbbi 8
1119
2
bahe-bbbj 10
bgdj-bbbj 2
1120
1
jcc-bbca 8
1121
4
jfd-bbcb 11
iee-bbcb 6
djj-bbcb 4
hih-bbcb 3
1122
2
bgf-bbcc 6
hbd-bbcc 2
1123
2
baii-bbcd 5
gje-bbcd 7
1124
2
gde-bbce 4
iff-bbce 4
1125
2
fhc-bbcf 7
bbae-bbcf 1
1126
3
fcg-bbcg 8
ccj-bbcg 1
bdid-bbcg 3
1127
1
icb-bbch 4
1128
2
babh-bbci 2
bie-bbci 6
1129
2
hee-bbcj 5
bbbb-bbcj 3
1130
1
jde-bbda 12
1131
3
bfdj-bbdb 5
idc-bbdb 9
ifa-bbdb 6
1133
4
bci-bbdd 4
eii-bbdd 7
gid-bbdd 2
beb-bbdd 7
1134
1
jif-bbde 4
1135
3
gbc-bbdf 3
baed-bbdf 4
gbi-bbdf 5
1136
2
bgdc-bbdg 11
bhc-bbdg 1
1137
3
bcjd-bbdh 10
eef-bbdh 1
ghb-bbdh 1
1138
3
bcba-bbdi 4
hbh-bbdi 3
baee-bbdi 5
1139
1
ghi-bbdj 4
1140
2
df-bbea 9
cga-bbea 3
1141
4
ihd-bbeb 12
bbde-bbeb 5
ji-bbeb 2
bbae-bbeb 1
1142
1
bcie-bbec 8
1143
1
jc-bbed 4
1144
1
bdee-bbee 8
1145
4
ce-bbef 3
fjb-bbef 3
badd-bbef 9
fjf-bbef 1
1146
3
bgbc-bbeg 8
eca-bbeg 1
bcjg-bbeg 3
1147
2
ghj-bbeh 4
eg-bbeh 4
1148
1
eif-bbei 8
1149
3
bcbb-bbej 2
fci-bbej 6
fja-bbej 4
1150
1
bacc-bbfa 8
1151
3
baji-bbfb 16
bbgg-bbfb 1
bdah-bbfb 3
1152
2
bfej-bbfc 6
ibh-bbfc 2
1153
3
ebc-bbfd 1
eaa-bbfd 13
bdcj-bbfd 2
1154
1
bbgi-bbfe 8
1155
6
bdjd-bbff 9
ihi-bbff 1
fcc-bbff 3
hg-bbff 3
dbh-bbff 3
jig-bbff 5
1156
3
bfee-bbfg 12
eee-bbfg 1
fea-bbfg 3
1157
2
bbjg-bbfh 5
gec-bbfh 7
1158
2
bbej-bbfi 8
bfhb-bbfi 4
1159
3
ifc-bbfj 6
cbc-bbfj 4
babh-bbfj 6
1160
2
eji-bbga 5
jbc-bbga 3
1161
3
hgd-bbgb 13
jff-bbgb 1
hi-bbgb 2
1162
1
bafa-bbgc 4
1163
1
bgag-bbgd 4
1164
4
ddd-bbge 8
bbff-bbge 1
eb-bbge 1
ihg-bbge 6
1165
1
fcj-bbgf 4
1166
4
gfh-bbgg 4
ca-bbgg 3
bcde-bbgg 8
bdai-bbgg 1
1167
1
bbei-bbgh 4
1168
2
jgi-bbgi 14
bfi-bbgi 2
1169
3
eah-bbgj 4
bejh-bbgj 4
bbcj-bbgj 8
1170
2
begi-bbha 7
fbe-bbha 1
1171
2
iec-bbhb 6
djd-bbhb 2
1172
2
cbh-bbhc 11
bca-bbhc 1
1173
3
j-bbhd 4
bced-bbhd 1
bdb-bbhd 11
1174
4
id-bbhe 1
fh-bbhe 3
bbgb-bbhe 8
gfe-bbhe 4
1175
3
bfec-bbhf 7
dia-bbhf 3
baif-bbhf 2
1177
2
beee-bbhh 4
bcjf-bbhh 4
1178
2
bfge-bbhi 5
hgi-bbhi 3
1180
3
edb-bbia 5
ei-bbia 5
ij-bbia 2
1181
1
bdi-bbib 4
1182
2
befc-bbic 3
iab-bbic 5
1183
1
bbdd-bbid 4
1184
3
bbhj-bbie 4
dee-bbie 7
def-bbie 1
1185
2
bij-bbif 5
dcj-bbif 3
1187
1
gc-bbih 8
1188
1
bfgf-bbii 8
1189
2
bbdf-bbij 6
beci-bbij 6
1190
2
bacb-bbja 6
fec-bbja 2
1192
2
bhc-bbjc 5
ii-bbjc 7
1194
1
cbd-bbje 4
1195
3
haj-bbjf 4
fcj-bbjf 10
jbg-bbjf 2
1196
3
hjb-bbjg 8
bbfe-bbjg 3
bagj-bbjg 1
1197
2
jih-bbjh 1
bcjb-bbjh 7
1198
3
ijh-bbji 5
hhi-bbji 3
bch-bbji 4
1199
1
cig-bbjj 4
1200
2
bbie-bcaa 3
bgb-bcaa 5
1201
2
gce-bcab 14
dfi-bcab 2
1202
2
fa-bcac 1
had-bcac 11
1203
2
bdf-bcad 10
bgcb-bcad 2
1204
1
ibg-bcae 8
1205
2
bbha-bcaf 7
bcda-bcaf 5
1206
2
babb-bcag 7
bgch-bcag 1
1207
1
eed-bcah 4
1208
1
bbcj-bcai 4
1209
1
bbji-bcaj 4
1210
1
ejb-bcba 8
1211
3
die-bcbb 2
hag-bcbb 8
bdbj-bcbb 2
1212
5
dbe-bcbc 4
bbai-bcbc 2
ef-bcbc 5
bafj-bcbc 8
bcij-bcbc 1
1213
1
baca-bcbd 4
1214
2
gda-bcbe 7
bdd-bcbe 1
1215
2
bged-bcbf 5
igc-bcbf 3
1216
3
iea-bcbg 1
behc-bcbg 8
dbh-bcbg 3
1217
1
bhg-bcbh 4
1218
1
jdd-bcbi 12
1219
2
hjj-bcbj 8
hgc-bcbj 4
1220
3
behj-bcca 13
bdhj-bcca 1
jfe-bcca 2
1221
2
cid-bccb 11
egb-bccb 1
1222
1
edj-bccc 4
1223
3
ced-bccd 4
bfed-bccd 7
behg-bccd 1
1224
2
eci-bcce 6
iib-bcce 2
1225
2
bfhd-bccf 7
bajb-bccf 1
1226
1
begg-bccg 8
1228
2
bcae-bcci 4
hjd-bcci 4
1229
5
hci-bccj 3
cfg-bccj 6
bg-bccj 1
bdeb-bccj 1
gbe-bccj 13
1230
3
beii-bcda 2
ijd-bcda 2
dh-bcda 8
1231
2
bbeb-bcdb 11
baci-bcdb 1
1232
3
bccd-bcdc 9
bcj-bcdc 4
bfga-bcdc 3
1233
3
bagh-bcdd 5
bbfh-bcdd 4
bdid-bcdd 3
1234
5
bcha-bcde 1
gic-bcde 2
beje-bcde 3
baji-bcde 1
cba-bcde 13
1235
1
bbef-bcdf 4
1236
3
chc-bcdg 3
jje-bcdg 6
hjc-bcdg 3
1237
1
faf-bcdh 8
1238
2
hee-bcdi 7
cfg-bcdi 5
1239
1
fdb-bcdj 4
1240
1
becb-bcea 4
1241
1
idj-bceb 8
1243
1
bcjd-bced 4
1244
3
ejh-bcee 6
iai-bcee 15
bdja-bcee 3
1245
2
fbb-bcef 5
fbj-bcef 3
1246
1
cca-bceg 4
1247
2
bdae-bceh 12
bbdf-bceh 4
1248
1
bci-bcei 4
1249
2
gif-bcej 9
jfh-bcej 3
1250
2
jfh-bcfa 6
djh-bcfa 2
1252
1
cig-bcfc 8
1253
2
beie-bcfd 7
idg-bcfd 5
1255
3
begg-bcff 7
iie-bcff 2
hfh-bcff 7
1256
1
fjj-bcfg 8
1257
1
egd-bcfh 4
1258
1
ihe-bcfi 4
1259
1
bchb-bcfj 16
1261
2
jae-bcgb 7
eai-bcgb 1
1262
1
beih-bcgc 8
1264
2
baih-bcge 8
bgh-bcge 4
1265
1
bbga-bcgf 4
1266
1
bfhf-bcgg 8
1267
1
bdjg-bcgh 8
1268
2
fca-bcgi 11
hce-bcgi 5
1269
3
bdbg-bcgj 2
bfci-bcgj 6
beae-bcgj 4
1271
2
hhd-bchb 7
bdfj-bchb 1
1272
2
cej-bchc 4
bdb-bchc 4
1273
2
jbd-bchd 7
bdaf-bchd 1
1274
1
becg-bche 8
1275
1
bfag-bchf 8
1276
3
hhj-bchg 8
bebi-bchg 3
hga-bchg 5
1277
4
cjb-bchh 5
bcjb-bchh 4
bbij-bchh 7
bcjj-bchh 4
1278
2
ifh-bchi 4
bcdj-bchi 4
1279
1
jcd-bchj 4
1280
2
bgec-bcia 18
ibc-bcia 2
1281
3
bfgd-bcib 8
bje-bcib 6
dde-bcib 2
1284
2
eic-bcie 2
bbgh-bcie 10
1285
1
bdjb-bcif 8
1286
1
fae-bcig 4
1287
1
cae-bcih 4
1288
3
bafh-bcii 1
cga-bcii 8
jeh-bcii 3
1289
1
ebd-bcij 4
1290
3
hhd-bcja 7
ica-bcja 3
bbfi-bcja 2
1291
2
bcaa-bcjb 6
dba-bcjb 2
1292
1
bbdg-bcjc 8
1293
1
hdf-bcjd 4
1294
1
bbfh-bcje 4
1295
3
bedc-bcjf 5
dde-bcjf 7
bdjc-bcjf 4
1296
2
eii-bcjg 6
jce-bcjg 2
1297
1
dch-bcjh 4
1299
2
fig-bcjj 7
bfgi-bcjj 1
1300
3
eba-bdaa 8
gcj-bdaa 2
edh-bdaa 2
1301
2
iji-bdab 2
bdib-bdab 6
1302
2
cgb-bdac 3
gba-bdac 5
1304
2
bahi-bdae 6
bbif-bdae 2
1305
1
ga-bdaf 4
1307
2
beeg-bdah 5
ibd-bdah 3
1308
2
bajh-bdai 1
baij-bdai 7
1309
2
hed-bdaj 5
je-bdaj 3
1310
1
bbch-bdba 4
1314
1
hh-bdbe 4
1316
3
ddc-bdbg 5
bfii-bdbg 5
hdj-bdbg 2
1317
1
jhg-bdbh 4
1318
2
bfbc-bdbi 7
dbc-bdbi 1
1319
4
gid-bdbj 3
bbci-bdbj 5
jfa-bdbj 4
dhe-bdbj 4
1320
1
fej-bdca 4
1321
2
ibj-bdcb 4
cii-bdcb 4
1322
1
iig-bdcc 8
1323
2
bdgd-bdcd 2
bbcb-bdcd 6
1324
1
jfc-bdce 4
1325
1
faa-bdcf 4
1326
1
bce-bdcg 4
1327
2
hgc-bdch 6
cac-bdch 2
1328
2
ci-bdci 3
efh-bdci 5
1329
2
jjc-bdcj 3
feb-bdcj 5
1330
2
bebj-bdda 4
efh-bdda 4
1333
1
bcbf-bddd 8
1334
1
bid-bdde 8
1335
1
bbbg-bddf 12
1336
1
badj-bddg 4
1337
1
bffa-bddh 4
1339
3
bcaf-bddj 7
bbbe-bddj 1
bj-bddj 4
1340
1
dc-bdea 4
1341
2
jaf-bdeb 6
bdif-bdeb 2
1342
4
cca-bdec 6
ida-bdec 4
bfaf-bdec 1
bfeg-bdec 5
1343
1
befd-bded 8
1344
3
bcie-bdee 5
gii-bdee 2
cgc-bdee 5
1345
1
hbe-bdef 8
1346
1
bgfb-bdeg 12
1347
1
cfc-bdeh 8
1348
1
bccd-bdei 4
1349
2
jag-bdej 2
bfaa-bdej 6
1350
2
bje-bdfa 8
hdb-bdfa 4
1351
1
ijg-bdfb 8
1353
2
efb-bdfd 6
bec-bdfd 2
1354
2
bfeg-bdfe 6
gdf-bdfe 2
1355
1
jga-bdff 4
1356
2
bib-bdfg 2
bdic-bdfg 6
1357
2
bacc-bdfh 7
bege-bdfh 1
1358
2
becc-bdfi 1
jcf-bdfi 7
1359
3
cdf-bdfj 5
bbjf-bdfj 5
hae-bdfj 2
1360
4
begc-bdga 1
ehh-bdga 1
ihf-bdga 8
bafa-bdga 6
1361
2
hig-bdgb 11
bead-bdgb 1
1362
2
bcbd-bdgc 7
eba-bdgc 1
1363
1
gbc-bdgd 8
1364
1
baej-bdge 4
1365
3
gdb-bdgf 7
bfbe-bdgf 2
fcc-bdgf 3
1366
1
fbh-bdgg 4
1367
2
ghj-bdgh 6
eea-bdgh 2
1368
2
bdjb-bdgi 4
bdj-bdgi 4
1369
1
bgdi-bdgj 8
1370
2
behi-bdha 11
daj-bdha 1
1371
2
haf-bdhb 7
hbh-bdhb 1
1372
2
jei-bdhc 6
bahg-bdhc 2
1373
2
bcbg-bdhd 7
bae-bdhd 1
1374
4
ecc-bdhe 9
jjj-bdhe 4
baia-bdhe 2
bagb-bdhe 1
1375
2
bcdh-bdhf 7
bfae-bdhf 1
1376
1
efd-bdhg 4
1377
1
bdfd-bdhh 4
1378
3
ihe-bdhi 4
ccf-bdhi 2
hb-bdhi 6
1379
1
iah-bdhj 4
1380
2
jgg-bdia 1
bgff-bdia 7
1381
1
bcfi-bdib 4
1382
1
hhg-bdic 4
1383
1
beh-bdid 4
1384
1
igc-bdie 4
1385
2
f-bdif 7
fgc-bdif 1
1386
1
bdge-bdig 8
1388
2
fbg-bdii 4
cch-bdii 4
1389
1
fbg-bdij 4
1390
2
bbhb-bdja 5
bdeb-bdja 3
1391
1
bchd-bdjb 4
1392
2
bfbb-bdjc 7
ifh-bdjc 1
1393
1
eca-bdjd 4
1394
2
cge-bdje 2
bacj-bdje 10
1395
1
jig-bdjf 4
1396
1
bdef-bdjg 4
1397
1
bfdf-bdjh 8
1398
2
bej-bdji 7
egb-bdji 1
1399
1
bccf-bdjj 8
1400
2
eeb-beaa 6
bcfj-beaa 2
1401
1
baai-beab 8
1403
2
bafg-bead 6
bib-bead 2
1404
1
bdch-beae 4
1406
1
cci-beag 4
1407
1
bgfc-beah 12
1408
1
ida-beai 4
1409
1
dea-beaj 8
1410
3
bfg-beba 6
bbcb-beba 1
bbf-beba 5
1411
1
bgf-bebb 4
1413
1
bejj-bebd 8
1414
1
bccd-bebe 4
1415
2
bbfj-bebf 6
ghb-bebf 2
1416
1
idj-bebg 4
1417
2
dag-bebh 7
bbgc-bebh 1
1418
1
fad-bebi 4
1419
1
bbec-bebj 4
1420
1
jjf-beca 8
1421
2
bcg-becb 9
bfbj-becb 3
1422
2
haf-becc 6
bcc-becc 2
1423
2
fba-becd 4
bbii-becd 4
1424
1
fii-bece 4
1425
1
hce-becf 8
1426
1
bagi-becg 4
1428
1
bbgj-beci 4
1429
1
hec-becj 8
1430
3
cbd-beda 8
bc-beda 1
bfhh-beda 3
1431
1
bebd-bedb 4
1432
2
bfaj-bedc 6
baic-bedc 2
1433
1
ceg-bedd 4
1434
2
hf-bede 7
bbda-bede 1
1435
2
ebh-bedf 3
djf-bedf 5
1436
1
jbg-bedg 8
1437
2
baha-bedh 2
bgai-bedh 6
1438
1
iib-bedi 8
1439
1
igd-bedj 4
1441
2
hcf-beeb 7
bbee-beeb 1
1442
1
jba-beec 4
1443
2
bfih-beed 5
becd-beed 7
1444
2
hhc-beee 4
eff-beee 4
1445
2
icf-beef 3
hhf-beef 5
1446
2
he-beeg 4
bdeb-beeg 8
1447
1
bdgc-beeh 4
1448
1
bdcg-beei 4
1450
2
cbc-befa 2
ebe-befa 6
1451
1
babd-befb 4
1453
2
iia-befd 3
dci-befd 9
1454
1
fif-befe 4
1455
2
fid-beff 5
hc-beff 3
1456
1
bah-befg 4
1458
1
bahf-befi 4
1459
1
bdgc-befj 4
1460
1
gca-bega 4
1462
1
bgad-begc 8
1463
1
bdgi-begd 4
1464
2
babb-bege 5
bdci-bege 3
1466
2
ifb-begg 7
bfai-begg 1
1467
1
eac-begh 4
1468
1
cff-begi 4
1469
2
eef-begj 4
bbfb-begj 4
1470
3
bebd-beha 8
cji-beha 1
hcj-beha 3
1471
1
bfdh-behb 4
1473
1
eda-behd 4
1474
3
baja-behe 6
ihd-behe 4
bgaa-behe 2
1476
1
iei-behg 4
1477
1
bcgg-behh 4
1478
2
bjh-behi 4
bgde-behi 4
1479
2
dcd-behj 8
ihb-behj 4
1481
1
bdaj-beib 4
1482
3
dg-beic 5
bbb-beic 4
ec-beic 3
1483
2
iai-beid 7
bdje-beid 1
1485
3
cii-beif 2
gab-beif 3
hfb-beif 7
1486
1
bedd-beig 8
1487
2
ijd-beih 3
dcc-beih 5
1488
1
cbe-beii 4
1489
1
bah-beij 8
1491
1
bace-bejb 4
1493
1
badc-bejd 4
1494
1
baag-beje 4
1495
1
jhi-bejf 4
1496
1
bcag-bejg 8
1497
1
bdaa-bejh 4
1498
2
ifa-beji 4
dcf-beji 4
1499
1
cdg-bejj 4
1500
2
ccd-bfaa 6
bhf-bfaa 2
1501
1
fbi-bfab 4
1503
1
jhc-bfad 4
1504
2
ecc-bfae 10
bfah-bfae 2
1505
1
bedh-bfaf 8
1506
1
jai-bfag 8
1507
1
jbf-bfah 4
1508
1
bcaj-bfai 4
1509
1
bcjd-bfaj 4
1510
1
bdgg-bfba 4
1511
1
hda-bfbb 4
1512
1
ijd-bfbc 4
1513
3
fia-bfbd 1
bbjd-bfbd 6
dcg-bfbd 5
1514
1
behh-bfbe 4
1515
2
efe-bfbf 3
bdga-bfbf 5
1516
1
hih-bfbg 4
1518
1
jjc-bfbi 4
1519
1
beif-bfbj 4
1520
1
ghc-bfca 4
1521
3
gaj-bfcb 7
gfa-bfcb 4
bbba-bfcb 1
1523
3
bcdc-bfcd 6
bdbj-bfcd 1
ggc-bfcd 5
1524
1
jh-bfce 4
1526
3
bgdj-bfcg 7
cjc-bfcg 1
bfgg-bfcg 4
1527
1
bafe-bfch 4
1528
1
fjb-bfci 4
1529
2
gh-bfcj 5
dif-bfcj 3
1530
1
baai-bfda 8
1531
1
iih-bfdb 4
1532
1
bfbc-bfdc 4
1533
1
bcgh-bfdd 4
1534
1
jgf-bfde 4
1535
1
ddf-bfdf 4
1536
1
bdfi-bfdg 4
1537
1
bdec-bfdh 4
1538
1
fgc-bfdi 8
1539
2
bddd-bfdj 6
dgg-bfdj 2
1540
1
jdg-bfea 4
1541
1
ggf-bfeb 4
1542
2
edg-bfec 1
bdge-bfec 7
1543
2
iia-bfed 6
iea-bfed 2
1544
2
dae-bfee 5
fhi-bfee 3
1545
3
ied-bfef 8
faa-bfef 7
bgda-bfef 1
1546
1
dfb-bfeg 4
1547
1
fdc-bfeh 4
1549
1
bdia-bfej 4
1550
1
iab-bffa 4
1551
1
bda-bffb 4
1553
1
egi-bffd 4
1554
1
jai-bffe 4
1555
1
becg-bfff 4
1556
1
gci-bffg 4
1557
1
ghi-bffh 4
1558
1
ed-bffi 4
1559
1
eda-bffj 4
1560
1
bfj-bfga 8
1561
2
beif-bfgb 5
bcfj-bfgb 3
1562
1
bdac-bfgc 4
1563
1
ihj-bfgd 4
1564
1
chj-bfge 4
1565
1
bgga-bfgf 8
1566
1
ec-bfgg 4
1567
1
bbie-bfgh 4
1568
3
bgee-bfgi 7
fea-bfgi 3
bgej-bfgi 2
1570
1
cga-bfha 4
1571
1
bhg-bfhb 4
1572
1
dgd-bfhc 4
1573
1
bdgb-bfhd 4
1574
1
bfi-bfhe 4
1575
2
ded-bfhf 6
jjj-bfhf 2
1576
2
bfhi-bfhg 6
ibi-bfhg 2
1577
1
ibh-bfhh 4
1578
1
ice-bfhi 4
1579
2
bejj-bfhj 3
gih-bfhj 5
1580
1
df-bfia 4
1581
1
bdca-bfib 4
1582
2
igc-bfic 6
bgfg-bfic 2
1583
1
hfa-bfid 4
1584
1
ceh-bfie 4
1585
2
caa-bfif 5
dfi-bfif 3
1587
1
cif-bfih 4
1588
2
hjg-bfii 4
edc-bfii 4
1589
1
gih-bfij 4
1590
1
bie-bfja 4
1591
1
icj-bfjb 4
1592
1
bej-bfjc 4
1594
1
bfba-bfje 4
1595
1
cdg-bfjf 4
1596
1
bdej-bfjg 4
1598
1
bebd-bfji 4
1599
1
hhg-bfjj 4
1600
1
bcdd-bgaa 4
1601
1
fga-bgab 4
1602
1
babg-bgac 4
1603
1
bdba-bgad 4
1604
1
bajd-bgae 4
1606
1
bed-bgag 4
1607
1
bdhi-bgah 4
1608
1
baji-bgai 4
1609
1
egb-bgaj 4
1610
1
ddd-bgba 4
1611
1
dib-bgbb 4
1612
1
bba-bgbc 4
1613
1
bfje-bgbd 8
1614
1
bfhe-bgbe 4
1615
1
bbfa-bgbf 4
1616
1
dff-bgbg 4
1617
2
ece-bgbh 6
bgfh-bgbh 2
1618
1
bfjc-bgbi 4
1619
1
cbj-bgbj 4
1620
1
hjh-bgca 4
1621
1
icd-bgcb 4
1622
2
bdbe-bgcc 6
dga-bgcc 2
1625
1
cib-bgcf 4
1626
1
cba-bgcg 4
1627
1
cga-bgch 4
1628
2
bda-bgci 1
hje-bgci 7
1629
1
beeg-bgcj 4
1630
1
bcai-bgda 4
1631
1
jdd-bgdb 4
1632
1
gbb-bgdc 4
1633
2
bhf-bgdd 11
ede-bgdd 1
1634
1
beic-bgde 4
1635
1
bbia-bgdf 4
1636
1
baf-bgdg 4
1637
1
hhh-bgdh 4
1638
1
bach-bgdi 8
1639
1
jdb-bgdj 4
1640
1
bcia-bgea 4
1641
1
ega-bgeb 4
1642
2
bacg-bgec 6
djd-bgec 2
1643
1
behi-bged 4
1644
1
hjf-bgee 4
1645
1
fed-bgef 4
1646
1
baca-bgeg 4
1647
1
bece-bgeh 4
1648
1
bgca-bgei 4
1649
1
jej-bgej 4
1650
1
bddj-bgfa 4
1652
1
bfjg-bgfc 4
1653
2
gif-bgfd 4
ddb-bgfd 4
1655
1
bcgh-bgff 4
1656
1
bce-bgfg 4
1657
1
bgbi-bgfh 4
1658
1
bie-bgfi 4
1659
1
eef-bgfj 4
1660
1
bdhi-bgga 4
1661
1
bdhg-bggb 4
