1612
1
2
dab-b 2
ehb-b 2
2
6
bi-c 6
dgc-c 2
dgj-c 1
di-c 1
fcd-c 1
bih-c 1
3
3
bcb-d 6
hcj-d 2
ii-d 4
4
3
hic-e 3
cba-e 1
d-e 2
5
4
e-f 1
bda-f 3
bdjf-f 6
jbb-f 4
6
5
bedj-g 2
bfg-g 2
gic-g 4
iee-g 1
eie-g 3
7
1
bfa-h 2
8
2
geg-i 1
gie-i 5
9
3
heg-j 6
bi-j 1
fbj-j 1
10
1
bdi-ba 4
11
6
bcef-bb 8
cd-bb 2
bcea-bb 1
bgf-bb 1
gc-bb 1
bee-bb 3
12
4
baid-bc 1
hbf-bc 1
dgf-bc 3
ccj-bc 7
13
3
cjb-bd 3
cch-bd 2
bejh-bd 1
14
4
beai-be 2
fec-be 1
babg-be 3
bbbj-be 2
15
2
hi-bf 1
dh-bf 3
16
3
baae-bg 2
bi-bg 8
bdii-bg 4
17
2
ihi-bh 3
bgeh-bh 3
18
3
babg-bi 5
feh-bi 3
fic-bi 2
19
4
dhf-bj 1
bdbf-bj 3
cii-bj 7
hcj-bj 5
20
2
gjh-ca 7
dfg-ca 1
21
3
dcc-cb 4
did-cb 1
edb-cb 1
22
2
badc-cc 2
dgf-cc 6
23
5
bhd-cd 1
dbg-cd 1
gfa-cd 3
bcaj-cd 3
ffb-cd 4
24
4
jgf-ce 3
jag-ce 3
bi-ce 1
ef-ce 1
25
4
def-cf 1
cc-cf 5
eac-cf 1
fhg-cf 3
26
3
bd-cg 8
chb-cg 2
hhc-cg 4
27
1
dji-ch 12
28
4
befi-ci 3
bffg-ci 3
hfh-ci 3
hif-ci 1
29
2
fbi-cj 5
bfgd-cj 1
30
7
fai-da 3
bcei-da 1
bhd-da 3
bdf-da 1
eej-da 4
gda-da 2
beib-da 2
31
5
bgj-db 5
cbh-db 4
cd-db 1
bbde-db 1
bc-db 3
32
5
iag-dc 1
ecg-dc 8
iej-dc 1
ifh-dc 1
bbgj-dc 1
33
3
fc-dd 1
dfg-dd 2
babg-dd 3
34
2
di-de 1
ghj-de 7
35
5
iei-df 2
ibf-df 3
bfgb-df 1
gc-df 3
igi-df 1
36
7
bdfc-dg 3
bebe-dg 5
hah-dg 1
bcag-dg 1
bcii-dg 3
bed-dg 2
bgfe-dg 1
37
5
gcd-dh 3
dc-dh 1
bagf-dh 1
db-dh 4
hha-dh 1
38
1
haf-di 2
39
1
gdb-dj 6
40
5
dbb-ea 1
eee-ea 1
jjh-ea 2
fda-ea 3
jff-ea 5
41
3
hac-eb 4
cdi-eb 1
bbfc-eb 1
42
3
ege-ec 8
cdc-ec 1
fi-ec 1
43
5
edf-ed 2
eb-ed 3
bcia-ed 1
ech-ed 3
bfdc-ed 1
44
2
bacc-ee 4
cfb-ee 2
45
5
ige-ef 4
beeh-ef 3
cij-ef 1
cih-ef 1
bgb-ef 5
46
2
ggg-eg 9
bdj-eg 1
47
4
fdd-eh 4
bbei-eh 1
gdh-eh 3
bbfg-eh 2
48
4
bb-ei 2
jfj-ei 1
dff-ei 3
bcjf-ei 6
49
2
baig-ej 1
cd-ej 5
50
5
bc-fa 4
jji-fa 2
bcb-fa 1
bhg-fa 2
dhe-fa 3
51
2
bdc-fb 4
dfa-fb 2
52
3
fif-fc 2
eab-fc 2
bfch-fc 6
53
3
dhe-fd 6
daf-fd 1
je-fd 1
54
1
jic-fe 2
55
3
gb-ff 1
cje-ff 2
bed-ff 11
56
1
bfaf-fg 2
57
2
bejb-fh 11
d-fh 3
58
3
hee-fi 4
fg-fi 1
bfdg-fi 1
59
2
ifd-fj 7
dbg-fj 7
60
2
bi-ga 3
fga-ga 9
61
2
bbjc-gb 3
bbeb-gb 1
62
5
bdfa-gc 1
j-gc 2
eie-gc 3
gge-gc 2
e-gc 4
63
8
dbf-gd 1
je-gd 1
gfb-gd 5
daj-gd 1
cfj-gd 3
bfgc-gd 1
dai-gd 1
icd-gd 3
64
2
dfi-ge 3
g-ge 1
65
1
cgh-gf 2
66
4
bfjf-gg 2
idf-gg 3
cdh-gg 3
jhg-gg 2
67
3
bddh-gh 4
bh-gh 1
jci-gh 1
68
3
ch-gi 3
cbe-gi 2
bcff-gi 1
69
3
edh-gj 1
gjj-gj 4
baad-gj 1
70
3
bda-ha 4
db-ha 1
ecc-ha 1
71
2
efh-hb 1
iaa-hb 3
72
4
cif-hc 4
ejc-hc 1
dbf-hc 1
gg-hc 2
74
4
bcjc-he 6
hc-he 3
bgi-he 1
bebb-he 4
75
3
hie-hf 5
bdbc-hf 1
dah-hf 2
76
2
bja-hg 6
cgj-hg 2
77
6
caa-hh 2
bjb-hh 1
bdh-hh 5
cae-hh 1
gcj-hh 4
beic-hh 1
78
5
bac-hi 2
baec-hi 5
iba-hi 1
ihf-hi 1
fa-hi 1
79
3
jfc-hj 2
gfg-hj 1
di-hj 3
80
4
di-ia 2
ccc-ia 3
bfeh-ia 2
bdjd-ia 1
81
3
ghd-ib 4
gia-ib 3
dad-ib 1
82
2
bedh-ic 3
cgi-ic 3
83
2
eab-id 6
gbg-id 2
84
3
bjd-ie 7
dej-ie 2
haj-ie 1
85
3
bfce-if 2
bcge-if 3
di-if 1
86
1
egf-ig 4
87
2
bcfj-ih 5
cgh-ih 1
88
5
chf-ii 2
eig-ii 1
dgc-ii 3
bgfi-ii 3
bacj-ii 3
89
2
ife-ij 7
bcd-ij 1
90
1
hij-ja 6
91
3
ehi-jb 4
bhe-jb 1
jc-jb 3
92
6
gii-jc 2
bbjg-jc 1
babi-jc 2
fci-jc 1
hj-jc 4
gbe-jc 2
93
2
cae-jd 3
fhj-jd 1
94
6
bfgb-je 2
fcf-je 1
gdf-je 2
bfc-je 4
bi-je 1
bbi-je 2
95
2
gbd-jf 4
iae-jf 2
96
3
beb-jg 3
ec-jg 1
daf-jg 2
97
4
bcbf-jh 8
bbfg-jh 1
dai-jh 1
hib-jh 2
98
4
bccj-ji 5
bdjh-ji 1
idd-ji 1
beaa-ji 3
99
3
dej-jj 1
bcee-jj 2
fgf-jj 3
100
5
dig-baa 2
bfg-baa 1
efg-baa 1
dfi-baa 5
fhg-baa 1
101
4
ede-bab 2
eic-bab 1
jhg-bab 2
chf-bab 3
102
5
gja-bac 3
bfe-bac 1
hj-bac 1
hfi-bac 2
da-bac 3
103
3
bfi-bad 4
jid-bad 1
bha-bad 1
104
4
dgj-bae 1
ceg-bae 5
cd-bae 1
bdga-bae 1
105
3
bcb-baf 1
bdbh-baf 3
cj-baf 6
106
5
fic-bag 1
bbfi-bag 8
dad-bag 1
bcc-bag 3
bfce-bag 1
107
6
hbf-bah 2
ddf-bah 1
bbcc-bah 2
ifd-bah 3
deg-bah 3
gjh-bah 1
108
2
cfj-bai 3
bda-bai 1
110
4
hi-bba 1
gdc-bba 1
fbe-bba 4
dic-bba 4
111
4
fdh-bbb 1
edb-bbb 2
bdh-bbb 4
d-bbb 1
112
5
jje-bbc 2
dbb-bbc 1
dgb-bbc 1
chf-bbc 5
gbg-bbc 1
113
1
gca-bbd 4
114
2
cb-bbe 2
cie-bbe 4
115
3
bei-bbf 2
dfc-bbf 2
bage-bbf 6
116
5
gdc-bbg 5
eg-bbg 2
iff-bbg 1
bbbj-bbg 1
eba-bbg 3
117
3
bacc-bbh 2
ehi-bbh 3
gjh-bbh 1
118
5
beeh-bbi 5
bca-bbi 6
gfd-bbi 1
cbb-bbi 2
bech-bbi 4
119
7
eh-bbj 4
bbf-bbj 2
baja-bbj 1
bbag-bbj 1
gjh-bbj 4
fag-bbj 1
ige-bbj 1
120
5
gaf-bca 3
bae-bca 1
eae-bca 1
cji-bca 4
gae-bca 3
121
3
bbgc-bcb 1
bbdg-bcb 6
fba-bcb 1
122
7
bbab-bcc 1
bjd-bcc 3
bbff-bcc 4
hgb-bcc 1
gfi-bcc 3
bebg-bcc 1
jg-bcc 1
123
5
ddj-bcd 4
iie-bcd 3
eed-bcd 1
jec-bcd 1
gc-bcd 1
124
7
bagd-bce 3
edi-bce 1
gef-bce 3
ccc-bce 1
bi-bce 1
gc-bce 6
bb-bce 1
125
3
ddj-bcf 4
cea-bcf 2
gih-bcf 2
126
5
g-bcg 4
di-bcg 3
cah-bcg 1
dbg-bcg 1
bhj-bcg 5
127
4
bgbf-bch 2
fbh-bch 1
ecb-bch 8
gad-bch 1
128
7
bbf-bci 2
fi-bci 2
fag-bci 3
bbhe-bci 2
bbc-bci 1
bcbc-bci 3
bagb-bci 1
129
3
eac-bcj 7
icj-bcj 3
iff-bcj 4
130
5
dfj-bda 6
ffa-bda 1
ia-bda 3
eh-bda 1
dhg-bda 1
131
5
bfc-bdb 10
djh-bdb 1
efd-bdb 1
deh-bdb 1
jbg-bdb 3
132
7
jbg-bdc 1
bbah-bdc 2
fee-bdc 1
bbjh-bdc 2
fdc-bdc 3
bfea-bdc 6
bbfe-bdc 3
133
3
bcgc-bdd 5
bjf-bdd 1
bece-bdd 4
134
3
bba-bde 3
iah-bde 1
gge-bde 8
135
4
hcg-bdf 3
bbab-bdf 2
gea-bdf 5
gbf-bdf 2
136
6
jdg-bdg 8
bbij-bdg 4
bahh-bdg 1
djj-bdg 1
cha-bdg 1
bcc-bdg 1
137
3
jjg-bdh 1
feh-bdh 1
ce-bdh 6
138
3
iic-bdi 6
gci-bdi 1
bffi-bdi 5
139
6
hhc-bdj 3
bbbh-bdj 1
geh-bdj 1
igg-bdj 1
ffb-bdj 4
jfe-bdj 4
140
4
dgb-bea 5
dgc-bea 1
fif-bea 1
cdh-bea 1
141
7
edh-beb 2
fe-beb 2
djg-beb 6
cbg-beb 1
dci-beb 1
cbe-beb 3
hia-beb 1
142
6
hea-bec 9
ii-bec 3
eei-bec 1
bdei-bec 1
ica-bec 1
hj-bec 1
143
5
bhc-bed 3
ica-bed 5
begd-bed 1
cd-bed 2
feh-bed 1
144
5
dfg-bee 3
bgbe-bee 1
gjd-bee 1
bbej-bee 3
cfa-bee 2
145
3
bjd-bef 3
fgj-bef 1
dai-bef 4
146
4
bef-beg 3
bja-beg 4
fei-beg 1
ea-beg 2
147
8
cia-beh 2
ef-beh 1
gdd-beh 4
ccg-beh 1
hi-beh 5
jbj-beh 2
ieh-beh 2
bab-beh 1
148
5
bcgi-bei 3
jbi-bei 1
fge-bei 2
jca-bei 2
becg-bei 2
149
3
fif-bej 5
bec-bej 1
bdb-bej 4
150
3
cjd-bfa 6
egg-bfa 3
cdf-bfa 1
151
1
bdji-bfb 4
152
7
ifh-bfc 1
cei-bfc 3
gbi-bfc 2
fcb-bfc 1
cdb-bfc 6
dcb-bfc 2
bafi-bfc 3
153
4
bif-bfd 1
jgi-bfd 2
haa-bfd 3
cie-bfd 2
154
4
baea-bfe 4
gbc-bfe 1
cgh-bfe 3
dch-bfe 2
155
2
gfe-bff 6
eec-bff 2
156
4
hj-bfg 9
hhe-bfg 2
dae-bfg 1
bgac-bfg 4
157
3
bae-bfh 3
gcj-bfh 1
eaa-bfh 4
158
5
gaa-bfi 1
ich-bfi 1
idg-bfi 2
bgci-bfi 4
jhe-bfi 6
159
4
ded-bfj 1
gif-bfj 4
bii-bfj 1
jjj-bfj 4
160
3
hbd-bga 3
efe-bga 1
dij-bga 2
161
3
cgc-bgb 7
bedd-bgb 4
hea-bgb 1
162
3
cgd-bgc 8
cdb-bgc 3
bdeh-bgc 3
163
3
gd-bgd 8
bgdh-bgd 1
edg-bgd 1
164
1
hci-bge 6
165
1
iaa-bgf 8
166
5
ehg-bgg 4
bdde-bgg 1
bcaa-bgg 1
heh-bgg 1
babe-bgg 5
167
4
bfgh-bgh 3
dbg-bgh 2
be-bgh 2
cej-bgh 3
168
6
bc-bgi 5
cbi-bgi 1
baa-bgi 4
eij-bgi 1
daj-bgi 4
bhh-bgi 1
169
3
bffe-bgj 4
djh-bgj 1
hch-bgj 5
170
3
fh-bha 5
ccd-bha 10
gi-bha 1
171
6
bfbi-bhb 5
jh-bhb 2
hhd-bhb 1
ih-bhb 2
cda-bhb 1
fcb-bhb 1
172
6
edf-bhc 4
bfe-bhc 1
gfg-bhc 1
eje-bhc 4
bbfd-bhc 1
bagf-bhc 1
173
2
eed-bhd 7
hj-bhd 1
174
2
daa-bhe 9
cfe-bhe 1
175
4
cgi-bhf 6
ca-bhf 1
bci-bhf 3
ech-bhf 2
176
5
baf-bhg 2
cbg-bhg 5
babb-bhg 4
cdi-bhg 1
bci-bhg 2
177
4
cch-bhh 1
efe-bhh 3
bai-bhh 2
cbc-bhh 2
178
3
eaj-bhi 7
gbb-bhi 2
ibh-bhi 1
179
4
bafb-bhj 1
cb-bhj 6
ghd-bhj 2
fha-bhj 5
180
3
dac-bia 4
cch-bia 1
hi-bia 3
181
2
eae-bib 2
fhc-bib 4
182
2
dc-bic 1
baa-bic 7
183
2
beh-bid 3
bajd-bid 5
184
8
cdc-bie 6
eig-bie 1
bcc-bie 5
dbe-bie 2
hdd-bie 1
bde-bie 1
bcai-bie 4
bbc-bie 2
185
3
babf-bif 3
bahf-bif 1
bgcg-bif 6
186
2
bdde-big 2
deg-big 2
187
3
bcff-bih 5
hef-bih 2
dcf-bih 1
188
5
caj-bii 1
bcej-bii 4
dfa-bii 1
bga-bii 3
ejd-bii 1
189
4
ba-bij 1
gfi-bij 1
cia-bij 3
cha-bij 7
190
2
ded-bja 4
dca-bja 2
191
3
db-bjb 5
bbee-bjb 1
bcdb-bjb 2
192
3
baad-bjc 4
ibe-bjc 2
ggh-bjc 4
193
4
hdg-bjd 3
ghb-bjd 5
di-bjd 1
gd-bjd 1
194
2
cga-bje 7
ecd-bje 1
195
5
bccc-bjf 1
hic-bjf 1
hii-bjf 5
ecg-bjf 3
baff-bjf 2
197
5
jeb-bjh 3
bcb-bjh 1
gfd-bjh 1
eah-bjh 5
cd-bjh 2
198
4
beeb-bji 2
fdj-bji 1
cgh-bji 1
dbg-bji 4
199
4
jhe-bjj 3
gci-bjj 2
baad-bjj 2
edg-bjj 1
200
5
jgd-caa 6
bafd-caa 1
djj-caa 2
ecb-caa 1
dhc-caa 2
201
4
cjd-cab 1
daf-cab 4
bdg-cab 4
bef-cab 3
202
5
dbf-cac 1
fid-cac 2
djc-cac 1
cgd-cac 4
bbdh-cac 2
203
1
icg-cad 6
204
7
bccg-cae 4
hhb-cae 2
bcb-cae 2
jcd-cae 1
chb-cae 4
cci-cae 1
bea-cae 2
205
3
gag-caf 2
bafb-caf 1
ghc-caf 3
206
4
fbi-cag 3
ebb-cag 1
bbg-cag 2
cie-cag 2
207
4
fac-cah 6
cce-cah 3
bebe-cah 2
ih-cah 1
208
1
gdb-cai 4
209
4
eji-caj 2
eba-caj 1
ghh-caj 2
jh-caj 3
210
4
bgdd-cba 4
bccb-cba 1
bfi-cba 1
bbjf-cba 2
211
2
ihc-cbb 3
be-cbb 7
212
2
efg-cbc 3
bcdg-cbc 1
213
7
bcdc-cbd 2
jej-cbd 2
jfc-cbd 6
eag-cbd 1
bif-cbd 1
cec-cbd 3
ehe-cbd 1
214
1
bbcc-cbe 2
215
2
bff-cbf 4
ceb-cbf 2
216
4
bbfi-cbg 3
hjj-cbg 1
becj-cbg 1
bdg-cbg 3
217
1
bhi-cbh 10
218
2
ede-cbi 3
bdi-cbi 3
219
2
gjj-cbj 5
hi-cbj 5
220
6
ehi-cca 3
bbdb-cca 5
bbi-cca 1
eea-cca 1
ihg-cca 1
cbe-cca 1
221
4
bjj-ccb 4
ejj-ccb 6
jeh-ccb 1
ddd-ccb 1
222
3
bcda-ccc 1
jfh-ccc 2
eag-ccc 3
223
4
feh-ccd 6
cjf-ccd 2
eae-ccd 1
bajb-ccd 3
224
2
bdc-cce 5
bceh-cce 3
225
5
dca-ccf 3
jeg-ccf 3
ihi-ccf 2
hcc-ccf 5
ga-ccf 1
226
5
bih-ccg 1
ijd-ccg 9
fhh-ccg 1
bahi-ccg 2
hjh-ccg 1
227
4
baaf-cch 5
bhe-cch 1
egd-cch 1
ice-cch 1
228
4
bbfd-cci 1
ceb-cci 2
bgbg-cci 1
haf-cci 4
229
4
gdf-ccj 7
cch-ccj 3
eeb-ccj 1
hji-ccj 1
230
2
ejd-cda 5
dd-cda 1
231
4
fcf-cdb 4
bff-cdb 2
jaa-cdb 1
ejg-cdb 1
232
5
eb-cdc 3
gac-cdc 5
ddj-cdc 1
fad-cdc 1
ccj-cdc 2
233
2
bebi-cdd 1
db-cdd 3
234
4
bdia-cde 8
hhb-cde 1
bjb-cde 4
gge-cde 1
235
5
bhj-cdf 5
fjc-cdf 1
iee-cdf 1
dfa-cdf 2
badh-cdf 1
236
5
cid-cdg 6
bdf-cdg 1
dff-cdg 1
eif-cdg 3
bfjd-cdg 1
237
2
bbja-cdh 4
gfd-cdh 2
238
3
j-cdi 1
beha-cdi 5
jbc-cdi 2
239
2
ega-cdj 3
hgg-cdj 3
240
5
cfi-cea 5
jaj-cea 1
che-cea 1
be-cea 3
if-cea 4
241
4
bfj-ceb 1
dhh-ceb 1
bdea-ceb 3
cii-ceb 7
242
3
bad-cec 5
bajb-cec 1
bdg-cec 2
243
3
efg-ced 2
bbgc-ced 2
cah-ced 2
244
3
jhc-cee 2
eej-cee 1
ic-cee 3
245
4
bha-cef 2
bfi-cef 1
dab-cef 3
bbec-cef 2
246
3
cah-ceg 6
iag-ceg 1
gdg-ceg 1
247
2
gdd-ceh 6
cic-ceh 2
248
4
ddf-cei 2
fhi-cei 3
ehj-cei 1
dgf-cei 4
249
5
bbee-cej 7
bh-cej 2
ef-cej 1
dif-cej 3
bbeg-cej 3
250
5
hdi-cfa 1
bdhb-cfa 1
gei-cfa 1
ice-cfa 4
eb-cfa 3
251
3
g-cfb 10
fgg-cfb 1
fhe-cfb 3
252
2
eca-cfc 5
gef-cfc 1
253
4
geb-cfd 1
bchd-cfd 5
ccg-cfd 5
bcdh-cfd 1
254
2
jf-cfe 3
ijc-cfe 1
255
5
hda-cff 3
egj-cff 1
ejg-cff 1
hjf-cff 4
bafc-cff 1
256
4
bfdb-cfg 4
bbdg-cfg 1
ej-cfg 1
gic-cfg 2
257
4
bee-cfh 4
bbee-cfh 5
fjh-cfh 4
cie-cfh 1
258
2
dhi-cfi 8
bcfi-cfi 2
259
3
efb-cfj 2
beb-cfj 3
cfi-cfj 7
260
6
bcjf-cga 3
cgd-cga 4
bhb-cga 3
chj-cga 1
chf-cga 1
dh-cga 2
261
4
gdf-cgb 6
dch-cgb 1
da-cgb 1
deb-cgb 2
262
5
hfc-cgc 1
cdb-cgc 6
ee-cgc 3
hdb-cgc 1
ica-cgc 1
263
4
bafd-cgd 3
bafi-cgd 1
dcf-cgd 1
bajg-cgd 7
264
3
bba-cge 8
ea-cge 2
bfc-cge 2
265
4
ibe-cgf 1
dej-cgf 2
bgbh-cgf 3
fcc-cgf 4
266
2
fhc-cgg 5
bii-cgg 5
267
5
hc-cgh 1
cag-cgh 1
bdhc-cgh 4
babb-cgh 1
hif-cgh 3
268
4
djh-cgi 3
ia-cgi 2
baaa-cgi 4
fdh-cgi 1
269
2
eag-cgj 4
ifi-cgj 4
270
5
egj-cha 2
dhj-cha 1
gfh-cha 4
ged-cha 1
dcb-cha 4
271
3
eci-chb 2
bcbi-chb 3
fff-chb 1
272
5
bbfj-chc 4
jhd-chc 1
fjc-chc 1
jfb-chc 1
hba-chc 3
273
1
bfbg-chd 8
274
3
eah-che 4
befj-che 2
dej-che 2
275
5
fch-chf 4
hfb-chf 1
ehb-chf 1
did-chf 3
eca-chf 1
276
3
edh-chg 1
iab-chg 3
fc-chg 4
277
1
ddj-chh 8
278
5
bbc-chi 1
hga-chi 3
bbea-chi 6
jeh-chi 1
ibj-chi 1
279
4
jg-chj 6
fg-chj 3
hhi-chj 1
bgh-chj 2
280
3
jej-cia 4
cce-cia 1
jj-cia 3
281
5
bcce-cib 3
bdhh-cib 1
hh-cib 1
bdhb-cib 1
eha-cib 4
282
4
ifd-cic 2
igc-cic 2
jce-cic 2
dhi-cic 4
283
7
cab-cid 4
fcf-cid 1
bii-cid 5
hgg-cid 4
ehb-cid 3
bdh-cid 4
cjb-cid 1
284
3
bih-cie 2
gg-cie 2
jfi-cie 2
285
6
gfe-cif 7
idd-cif 1
dgb-cif 1
baed-cif 1
dae-cif 5
bcja-cif 1
286
4
hai-cig 5
dge-cig 1
hbj-cig 1
eef-cig 5
287
1
icg-cih 4
288
4
ggd-cii 4
gbi-cii 1
baha-cii 6
gc-cii 1
289
3
bgi-cij 2
cch-cij 5
dgf-cij 1
290
4
ead-cja 6
bcaa-cja 1
hcj-cja 1
ehg-cja 4
291
4
eei-cjb 1
bagh-cjb 2
beba-cjb 2
jbi-cjb 3
292
4
bcih-cjc 5
db-cjc 1
bfgi-cjc 1
bada-cjc 1
293
1
bdaa-cjd 4
294
2
bbi-cje 5
cea-cje 1
295
3
cgb-cjf 4
egf-cjf 1
dba-cjf 1
297
2
hhf-cjh 6
jfd-cjh 4
298
1
bdce-cji 12
299
5
bgh-cjj 3
bfeb-cjj 1
cc-cjj 1
jah-cjj 1
fci-cjj 6
300
5
fh-daa 6
ih-daa 2
bfde-daa 2
bbhc-daa 1
jjb-daa 1
301
2
hi-dab 6
bef-dab 6
302
3
dce-dac 3
bgi-dac 2
iid-dac 5
303
3
gfd-dad 4
gfe-dad 3
gcb-dad 1
304
3
fce-dae 2
bcib-dae 1
baaa-dae 5
305
6
badi-daf 4
bdcb-daf 2
bddb-daf 1
cha-daf 1
jae-daf 4
fbb-daf 2
306
2
hcd-dag 4
eb-dag 2
307
4
ihj-dah 3
cgi-dah 1
ehc-dah 1
ggg-dah 3
308
3
bchi-dai 5
dhc-dai 1
bafa-dai 6
309
6
dce-daj 1
fae-daj 1
geh-daj 1
ebb-daj 5
dhe-daj 1
fhj-daj 3
310
3
hhj-dba 2
bff-dba 3
gdh-dba 1
311
3
cjb-dbb 3
dfc-dbb 4
eaa-dbb 1
312
2
dah-dbc 1
hca-dbc 3
313
3
gcb-dbd 4
bdjf-dbd 4
bfg-dbd 2
314
3
dfh-dbe 1
bcaf-dbe 1
dac-dbe 4
315
5
bbcb-dbf 1
eid-dbf 1
baad-dbf 9
gdc-dbf 2
gib-dbf 1
316
3
iag-dbg 3
ffg-dbg 1
dab-dbg 2
317
2
cdb-dbh 6
fha-dbh 4
318
3
edd-dbi 5
bcaa-dbi 2
fah-dbi 3
319
3
gjf-dbj 4
bb-dbj 3
dhd-dbj 5
320
5
a-dca 3
bda-dca 1
bdii-dca 1
badg-dca 1
jbi-dca 4
321
6
eda-dcb 1
gad-dcb 1
efg-dcb 1
fi-dcb 1
gbj-dcb 6
jia-dcb 2
322
7
ddf-dcc 3
heg-dcc 2
jah-dcc 1
fbb-dcc 2
chf-dcc 3
di-dcc 4
gdi-dcc 3
323
4
cfg-dcd 1
gda-dcd 1
gjc-dcd 5
cg-dcd 1
324
3
jef-dce 4
cce-dce 1
ebg-dce 3
325
4
cgb-dcf 3
bhe-dcf 1
bbja-dcf 1
fea-dcf 5
326
3
dca-dcg 2
jjj-dcg 2
cd-dcg 2
327
4
jai-dch 3
bdgc-dch 2
dh-dch 4
eca-dch 1
328
4
bcef-dci 4
cge-dci 2
ehi-dci 3
dae-dci 1
329
3
dhd-dcj 6
jcg-dcj 1
begb-dcj 3
330
2
bjj-dda 7
dai-dda 1
331
3
bbdj-ddb 1
ddd-ddb 6
bdge-ddb 5
332
4
ia-ddc 3
dac-ddc 3
bfjb-ddc 3
bja-ddc 1
333
1
beef-ddd 8
334
8
ifj-dde 6
bbj-dde 1
fbe-dde 1
ejf-dde 1
d-dde 1
ghh-dde 1
dbe-dde 3
ehd-dde 4
335
7
bei-ddf 3
id-ddf 1
jh-ddf 1
eij-ddf 1
eb-ddf 1
chf-ddf 4
fcf-ddf 3
336
3
cgc-ddg 2
cdi-ddg 1
eid-ddg 3
337
3
baa-ddh 2
ef-ddh 1
ech-ddh 5
338
6
cfa-ddi 6
ef-ddi 1
ehd-ddi 1
bjc-ddi 2
fib-ddi 1
jja-ddi 1
339
4
dia-ddj 1
ecg-ddj 4
ihj-ddj 1
haa-ddj 6
340
6
ebe-dea 3
ief-dea 1
ejd-dea 1
bgi-dea 1
edh-dea 5
dia-dea 1
341
5
hgj-deb 3
cbi-deb 1
hfg-deb 3
hjc-deb 4
fei-deb 1
342
3
bcgh-dec 5
fdc-dec 3
bfg-dec 2
343
4
jab-ded 4
gij-ded 2
ihf-ded 1
ddc-ded 3
344
5
fji-dee 4
cia-dee 1
dej-dee 1
dhc-dee 1
fhb-dee 3
345
3
bajh-def 3
jfi-def 1
ceb-def 2
346
4
hia-deg 7
eec-deg 3
fhd-deg 1
bceg-deg 1
347
2
dj-deh 2
iji-deh 6
348
2
fif-dei 2
gjc-dei 2
349
4
fda-dej 3
babg-dej 3
bcah-dej 1
dif-dej 1
350
4
bfb-dfa 5
eai-dfa 1
hab-dfa 1
ege-dfa 3
351
2
ehb-dfb 5
e-dfb 1
352
7
fgg-dfc 2
fgj-dfc 1
ddc-dfc 3
ca-dfc 2
cjc-dfc 3
eb-dfc 1
ghb-dfc 2
353
5
gcb-dfd 2
bbae-dfd 1
idj-dfd 2
bga-dfd 1
da-dfd 6
354
4
baac-dfe 1
ii-dfe 3
ejd-dfe 1
badc-dfe 3
355
5
gie-dff 1
jha-dff 3
hii-dff 1
heg-dff 1
ife-dff 4
356
3
cdj-dfg 4
eib-dfg 1
dhf-dfg 1
357
4
fhb-dfh 5
beci-dfh 1
fee-dfh 1
bbcb-dfh 3
358
2
hgh-dfi 5
egd-dfi 1
359
3
ejd-dfj 1
bbah-dfj 3
eb-dfj 2
360
2
fff-dga 9
bcdg-dga 1
361
2
cad-dgb 3
bcae-dgb 1
362
5
bdbb-dgc 1
jic-dgc 7
c-dgc 1
bc-dgc 2
fib-dgc 1
363
7
bajj-dgd 1
cbc-dgd 2
ifb-dgd 4
bbjf-dgd 6
ifg-dgd 3
badi-dgd 1
bfa-dgd 1
364
5
beaa-dge 2
bccf-dge 4
dc-dge 2
ef-dge 2
hcj-dge 2
365
3
bffd-dgf 1
jfj-dgf 3
bbba-dgf 4
366
2
bg-dgg 3
bced-dgg 3
367
2
idi-dgh 1
dff-dgh 3
368
4
cgg-dgi 3
bbf-dgi 3
deb-dgi 3
ibf-dgi 1
369
4
gg-dgj 5
ghb-dgj 1
bcab-dgj 1
bea-dgj 1
370
3
dji-dha 2
dij-dha 5
jhi-dha 1
371
3
bajb-dhb 4
d-dhb 1
ebh-dhb 1
372
6
dbg-dhc 1
bbce-dhc 2
bdab-dhc 1
jii-dhc 2
dfg-dhc 5
bbed-dhc 3
373
6
ije-dhd 1
dgh-dhd 2
baeg-dhd 3
cdi-dhd 1
hfh-dhd 3
fhc-dhd 2
374
6
ehb-dhe 5
bbhi-dhe 1
bbii-dhe 1
ieg-dhe 1
bbhb-dhe 1
dca-dhe 3
375
4
baga-dhf 3
ebj-dhf 1
cjd-dhf 4
ich-dhf 2
376
4
begf-dhg 3
beab-dhg 1
ida-dhg 2
bfe-dhg 2
377
4
bbb-dhh 6
bbh-dhh 1
bdac-dhh 1
dgf-dhh 2
378
4
fhf-dhi 6
ihg-dhi 2
ebh-dhi 1
fjf-dhi 3
379
6
icc-dhj 5
idc-dhj 1
fce-dhj 3
begh-dhj 1
ddj-dhj 1
idf-dhj 3
380
2
ecg-dia 7
jcc-dia 1
381
3
dhj-dib 2
cfd-dib 1
bgg-dib 5
382
5
hhd-dic 12
edj-dic 1
fh-dic 1
bbgj-dic 1
jff-dic 1
383
5
eii-did 1
bab-did 5
ccj-did 2
hid-did 3
dhg-did 1
384
6
jeb-die 2
baag-die 2
fig-die 4
fac-die 1
fea-die 2
dci-die 1
385
1
bbdh-dif 2
386
3
edj-dig 4
fcd-dig 1
hih-dig 1
387
2
fdg-dih 3
bbjg-dih 1
388
2
bage-dii 3
bdeg-dii 1
389
4
bacf-dij 3
cga-dij 4
hhe-dij 1
ici-dij 2
390
1
bdhi-dja 4
391
2
eee-djb 3
jjj-djb 1
392
3
ddi-djc 2
jaj-djc 3
dba-djc 1
393
4
bejh-djd 4
ifd-djd 3
cie-djd 3
ceb-djd 2
394
3
bbj-dje 5
hag-dje 7
beaj-dje 2
395
2
di-djf 3
eha-djf 1
396
4
jbc-djg 7
hca-djg 1
bceg-djg 1
efi-djg 5
397
7
gdg-djh 6
ebi-djh 4
bdef-djh 1
bif-djh 4
cjc-djh 1
gai-djh 1
beca-djh 1
398
2
bahj-dji 6
hhj-dji 2
399
3
jib-djj 3
bbc-djj 3
dec-djj 6
400
4
hjj-eaa 4
bee-eaa 7
eji-eaa 1
jbb-eaa 2
401
3
bdha-eab 2
bbga-eab 3
chi-eab 3
402
4
cej-eac 4
bagg-eac 3
big-eac 1
jhi-eac 2
403
2
dce-ead 5
caf-ead 3
404
5
fhi-eae 3
bic-eae 4
gdc-eae 1
icb-eae 1
fed-eae 5
405
3
fde-eaf 1
jc-eaf 1
fgj-eaf 6
406
4
gff-eag 3
ca-eag 5
hea-eag 1
hgb-eag 1
407
4
bcaj-eah 2
bbcf-eah 6
gdj-eah 1
eca-eah 1
408
4
bbec-eai 4
be-eai 2
efh-eai 1
ffa-eai 1
409
2
beec-eaj 2
eae-eaj 6
410
6
bif-eba 3
gih-eba 1
cee-eba 3
feb-eba 1
bjj-eba 1
bebc-eba 3
411
6
fff-ebb 2
beb-ebb 1
ffd-ebb 4
fac-ebb 3
iij-ebb 2
ggb-ebb 2
412
1
baej-ebc 6
413
7
badb-ebd 1
cag-ebd 1
bcce-ebd 4
bdae-ebd 2
had-ebd 2
dgi-ebd 2
ejb-ebd 4
414
4
df-ebe 2
bfhc-ebe 3
ceb-ebe 3
ebb-ebe 4
415
1
bfd-ebf 8
416
1
fga-ebg 6
417
4
hdg-ebh 4
icg-ebh 1
bahf-ebh 1
daf-ebh 2
418
2
hfe-ebi 3
ebd-ebi 3
419
4
djj-ebj 2
ehi-ebj 6
ghd-ebj 1
jgc-ebj 1
420
3
jga-eca 5
dbf-eca 1
eh-eca 4
421
2
daj-ecb 3
bchc-ecb 1
422
9
bdie-ecc 6
fbe-ecc 5
cd-ecc 2
babd-ecc 2
edi-ecc 1
bdch-ecc 1
idf-ecc 1
ejd-ecc 1
jc-ecc 1
423
3
dha-ecd 3
fba-ecd 2
jfj-ecd 1
424
4
eeh-ece 3
ecd-ece 1
eaa-ece 1
ici-ece 3
425
5
dgb-ecf 3
eed-ecf 1
dc-ecf 4
beh-ecf 3
cib-ecf 1
426
3
dfa-ecg 4
bcca-ecg 1
fbc-ecg 1
427
3
dbh-ech 7
hcd-ech 2
jjc-ech 1
428
3
jac-eci 3
hcg-eci 1
dh-eci 4
429
2
gbj-ecj 1
ihi-ecj 5
430
5
bbdb-eda 2
dhf-eda 1
bdcg-eda 4
hbd-eda 6
igj-eda 1
431
5
iia-edb 3
jj-edb 7
fb-edb 2
gdd-edb 1
gec-edb 1
432
3
baa-edc 8
ihi-edc 1
ggi-edc 1
433
4
bdh-edd 1
ebd-edd 8
gag-edd 2
cbe-edd 1
434
3
ffi-ede 2
jh-ede 2
jbb-ede 4
435
5
bdag-edf 1
fah-edf 1
bdfe-edf 3
ci-edf 1
hba-edf 6
436
5
ie-edg 8
bgd-edg 1
jgh-edg 1
ggd-edg 1
cde-edg 1
437
5
beb-edh 1
dah-edh 4
cfj-edh 3
bbgb-edh 1
hcd-edh 1
438
4
egf-edi 7
gie-edi 1
eja-edi 2
ccg-edi 8
439
2
egj-edj 5
egf-edj 1
440
3
djh-eea 1
bgj-eea 6
gcc-eea 1
441
3
dec-eeb 2
hgh-eeb 4
hei-eeb 2
442
3
cbe-eec 3
hci-eec 3
dge-eec 2
443
4
iaa-eed 1
jhc-eed 2
fcg-eed 1
gcd-eed 4
444
2
chb-eee 3
idg-eee 3
445
4
bdg-eef 4
dej-eef 2
jad-eef 2
bdcd-eef 2
446
4
cfe-eeg 5
bfc-eeg 1
badg-eeg 4
dji-eeg 2
447
3
gbb-eeh 2
fbd-eeh 3
bcc-eeh 1
448
4
bih-eei 6
fii-eei 1
beed-eei 1
haj-eei 2
449
3
bcih-eej 5
bcag-eej 1
bbif-eej 2
450
5
hch-efa 6
bccg-efa 1
jia-efa 4
ii-efa 1
dhd-efa 2
451
2
ehc-efb 4
bbgj-efb 2
452
3
hd-efc 1
ehd-efc 1
bhh-efc 6
453
2
bbc-efd 7
fei-efd 1
454
2
bcdb-efe 3
ija-efe 1
455
5
jge-eff 1
fff-eff 1
bbed-eff 2
hgf-eff 1
bjf-eff 5
456
5
iib-efg 2
daf-efg 3
fii-efg 3
bbj-efg 1
bcad-efg 1
457
3
iic-efh 7
ded-efh 6
igc-efh 1
458
1
eec-efi 6
459
6
efe-efj 1
fhc-efj 1
fje-efj 1
bbfa-efj 3
bbca-efj 3
gde-efj 3
460
7
cbg-ega 6
jca-ega 1
bbac-ega 1
bja-ega 1
bac-ega 1
icf-ega 2
feh-ega 4
461
4
bcdf-egb 1
fdb-egb 3
hic-egb 3
jg-egb 5
462
1
ddc-egc 4
463
3
bdhg-egd 4
cfa-egd 3
ebd-egd 1
464
4
dbb-ege 6
fdb-ege 3
ifi-ege 2
ecb-ege 1
465
4
fge-egf 2
eae-egf 1
ifd-egf 2
cha-egf 3
466
4
jia-egg 3
die-egg 3
eaj-egg 3
idd-egg 1
467
1
iid-egh 6
468
1
hef-egi 8
469
4
ibi-egj 4
jj-egj 6
baih-egj 1
jdg-egj 1
470
4
bjj-eha 9
cgh-eha 1
bbi-eha 1
fgd-eha 1
471
2
hib-ehb 7
bfc-ehb 1
472
2
iad-ehc 3
cdh-ehc 1
473
4
dfd-ehd 2
hjj-ehd 1
bffb-ehd 2
hcb-ehd 3
474
4
hje-ehe 1
bebj-ehe 5
di-ehe 1
ibh-ehe 1
475
4
cac-ehf 1
caa-ehf 1
jgj-ehf 1
hgh-ehf 7
476
3
edf-ehg 4
bdgh-ehg 1
hda-ehg 5
477
2
gcc-ehh 9
ecf-ehh 1
478
3
jfd-ehi 4
fef-ehi 1
bbeg-ehi 1
479
3
bcgj-ehj 5
eci-ehj 1
hbj-ehj 2
480
2
cjj-eia 9
efc-eia 1
481
3
iih-eib 4
bbbe-eib 2
dg-eib 2
482
4
bdfb-eic 2
bfef-eic 1
ebb-eic 5
fhi-eic 2
483
3
hc-eid 5
bfhj-eid 2
bdg-eid 5
484
2
ffj-eie 6
gbb-eie 4
485
2
fdf-eif 5
daa-eif 3
486
2
fdf-eig 3
bfeh-eig 5
487
4
jc-eih 3
daa-eih 3
cag-eih 2
ifi-eih 2
488
3
bgb-eii 5
bfdi-eii 1
fij-eii 2
489
4
dcc-eij 2
jae-eij 1
ief-eij 4
dfg-eij 3
490
3
babi-eja 3
iaj-eja 1
hej-eja 2
491
2
bhc-ejb 5
ibd-ejb 1
492
6
gji-ejc 1
daj-ejc 3
hgb-ejc 1
ggd-ejc 4
eia-ejc 2
bcbe-ejc 1
493
2
iic-ejd 1
ige-ejd 3
494
5
bfj-eje 7
iei-eje 1
ebj-eje 2
gic-eje 1
cif-eje 1
495
1
bfja-ejf 6
496
4
eb-ejg 2
feg-ejg 1
ghb-ejg 2
chd-ejg 3
497
2
idi-ejh 1
bbi-ejh 7
498
5
hfb-eji 4
cdd-eji 1
d-eji 1
cgh-eji 1
dih-eji 3
499
2
chf-ejj 2
hif-ejj 2
500
4
ice-faa 6
bbba-faa 1
dfb-faa 1
deg-faa 2
501
1
dbf-fab 4
502
4
hbc-fac 2
cbi-fac 6
bbii-fac 1
hdh-fac 1
503
5
baei-fad 3
fgd-fad 5
iej-fad 1
bdjg-fad 1
cfh-fad 2
504
2
bdia-fae 7
baba-fae 1
505
3
ice-faf 1
hid-faf 4
bcja-faf 1
506
3
bahb-fag 8
dbf-fag 1
hcd-fag 1
507
2
jbj-fah 2
bjf-fah 2
508
4
bcj-fai 2
fdh-fai 6
badj-fai 1
eff-fai 1
509
6
iii-faj 4
fgi-faj 1
bhe-faj 3
ggb-faj 2
ga-faj 1
ghi-faj 1
510
3
cdi-fba 3
dii-fba 3
bbdb-fba 2
511
3
geh-fbb 6
jih-fbb 2
jgi-fbb 2
512
1
baag-fbc 8
513
4
hej-fbd 3
bih-fbd 3
ejj-fbd 1
jhc-fbd 3
514
2
bceh-fbe 4
fgi-fbe 2
515
1
jbh-fbf 2
516
1
dff-fbg 4
517
4
fdh-fbh 4
bc-fbh 1
fgb-fbh 5
bcjg-fbh 2
518
5
ebf-fbi 3
dcc-fbi 3
bjb-fbi 1
eah-fbi 1
cfg-fbi 2
519
5
beig-fbj 1
hdc-fbj 1
hb-fbj 3
fch-fbj 2
fdc-fbj 5
520
4
bccg-fca 3
jib-fca 1
gaj-fca 3
dce-fca 3
521
4
bcdf-fcb 3
bhb-fcb 5
h-fcb 1
hbb-fcb 1
522
4
bfca-fcc 2
gic-fcc 1
fjh-fcc 4
gbd-fcc 1
523
2
ghf-fcd 3
cba-fcd 5
524
2
baec-fce 5
gia-fce 1
525
4
baib-fcf 2
ebi-fcf 10
ehe-fcf 1
bff-fcf 1
526
3
gcc-fcg 1
bbe-fcg 1
bcah-fcg 6
527
7
eae-fch 6
ecb-fch 1
fcf-fch 1
cjb-fch 1
beaj-fch 4
bcee-fch 1
hfc-fch 2
528
8
dfh-fci 2
iei-fci 3
dfd-fci 3
fhg-fci 1
bjf-fci 2
iba-fci 3
dei-fci 1
bbea-fci 1
529
5
ghc-fcj 5
heb-fcj 4
ffb-fcj 1
egd-fcj 1
fcg-fcj 1
530
5
bbbd-fda 2
bhj-fda 1
bhi-fda 2
cfd-fda 3
edf-fda 4
531
4
eha-fdb 3
bcga-fdb 1
ccf-fdb 5
def-fdb 1
532
6
cif-fdc 1
dhh-fdc 2
bahi-fdc 2
dad-fdc 5
eg-fdc 1
bbjb-fdc 1
533
6
hid-fdd 4
bfie-fdd 6
baei-fdd 1
edd-fdd 1
eaf-fdd 1
bfha-fdd 5
534
2
egb-fde 4
jj-fde 2
535
5
cgg-fdf 2
gdc-fdf 1
ibe-fdf 1
fdg-fdf 6
fbj-fdf 2
536
3
gje-fdg 4
bdhg-fdg 4
bach-fdg 2
537
6
bcjh-fdh 1
gf-fdh 1
ffa-fdh 1
cdc-fdh 4
cjd-fdh 6
deb-fdh 1
538
1
jii-fdi 4
539
2
bdfh-fdj 3
hbh-fdj 1
540
4
ee-fea 4
bdcd-fea 3
bceb-fea 1
bbia-fea 2
541
5
ieb-feb 5
dfh-feb 2
hgh-feb 2
ibd-feb 1
ih-feb 2
542
2
bfcg-fec 2
bfij-fec 4
543
4
fdh-fed 6
hdi-fed 1
fjd-fed 2
bbhb-fed 1
544
5
ecb-fee 3
fff-fee 3
bbaa-fee 2
ihf-fee 1
be-fee 1
545
4
bbfh-fef 4
bfdg-fef 3
je-fef 1
dfe-fef 2
546
5
ijc-feg 1
bcgj-feg 1
hgh-feg 1
bi-feg 4
bd-feg 5
547
5
hei-feh 1
djg-feh 5
bch-feh 1
chc-feh 1
bbdc-feh 2
548
3
begd-fei 2
bcgi-fei 5
eeg-fei 5
550
5
gch-ffa 1
idb-ffa 1
df-ffa 1
bfef-ffa 6
dce-ffa 1
551
5
cfd-ffb 9
dab-ffb 1
ica-ffb 1
jfe-ffb 1
i-ffb 2
552
3
hbb-ffc 4
bgc-ffc 2
bdj-ffc 2
553
2
jaf-ffd 5
dij-ffd 1
555
6
edi-fff 3
baae-fff 5
jbf-fff 1
hfd-fff 3
fgj-fff 1
chc-fff 1
556
1
ffi-ffg 2
557
2
e-ffh 2
fja-ffh 2
558
3
cif-ffi 1
cdj-ffi 8
bcdd-ffi 1
559
4
gfi-ffj 1
dfd-ffj 3
gih-ffj 3
baid-ffj 1
560
5
igi-fga 1
cie-fga 3
bhe-fga 1
gei-fga 4
eae-fga 7
561
3
gff-fgb 4
eei-fgb 1
dba-fgb 1
562
2
dgd-fgc 5
bagf-fgc 5
563
4
fb-fgd 3
bfff-fgd 1
ffa-fgd 2
bfic-fgd 6
564
2
gjf-fge 3
ibf-fge 1
565
2
def-fgf 3
ha-fgf 1
566
1
ice-fgg 4
567
3
jjf-fgh 2
dbh-fgh 3
jcf-fgh 1
568
2
dfg-fgi 7
eeh-fgi 1
569
2
bdc-fgj 4
ghj-fgj 4
570
3
bfig-fha 1
fhc-fha 1
bfi-fha 4
571
5
beaa-fhb 2
feb-fhb 1
bfcb-fhb 4
bajf-fhb 3
beeb-fhb 2
572
6
bgea-fhc 6
hch-fhc 2
ijj-fhc 1
bfed-fhc 1
bbi-fhc 1
cba-fhc 1
573
4
cih-fhd 1
hic-fhd 1
dea-fhd 4
dgi-fhd 2
574
2
hci-fhe 9
ebh-fhe 1
575
2
gad-fhf 1
ffb-fhf 3
576
3
bbfh-fhg 2
da-fhg 1
fjc-fhg 5
577
1
cba-fhh 2
578
3
jcb-fhi 6
bcgj-fhi 1
bja-fhi 1
579
5
fag-fhj 6
gaj-fhj 1
fgf-fhj 1
bgde-fhj 1
ii-fhj 1
580
2
gcc-fia 5
hga-fia 3
581
2
gjb-fib 3
fgb-fib 3
582
3
ijd-fic 9
cea-fic 1
bgaj-fic 2
583
4
cih-fid 5
gif-fid 1
hh-fid 5
bbaa-fid 1
584
2
bccf-fie 3
efe-fie 3
585
4
bfcg-fif 2
gge-fif 1
ibj-fif 3
bbc-fif 2
586
4
ejg-fig 2
bfj-fig 2
eib-fig 4
dec-fig 4
587
1
id-fih 6
588
4
bagb-fii 3
bcfh-fii 1
gde-fii 1
haf-fii 3
589
2
ebj-fij 5
bdfi-fij 1
590
2
edj-fja 5
cih-fja 1
591
8
caa-fjb 4
cja-fjb 2
gcg-fjb 2
gef-fjb 2
bggb-fjb 3
hae-fjb 3
hc-fjb 1
cij-fjb 1
592
5
baee-fjc 1
cie-fjc 1
hdf-fjc 3
bcff-fjc 1
dbg-fjc 4
593
2
ecc-fjd 2
cif-fjd 2
594
4
hdj-fje 2
fba-fje 1
hci-fje 3
bbac-fje 2
595
3
fhc-fjf 3
bahg-fjf 1
jhf-fjf 2
596
1
bcfe-fjg 4
597
3
baij-fjh 6
babb-fjh 5
g-fjh 1
598
7
fij-fji 4
hh-fji 2
cdf-fji 5
iga-fji 3
bgb-fji 1
jbi-fji 1
bddi-fji 2
599
3
gj-fjj 4
ddi-fjj 1
bbg-fjj 1
600
3
gjf-gaa 3
bacj-gaa 3
gbb-gaa 2
601
1
gdh-gab 6
602
1
cca-gac 2
603
5
jjh-gad 2
hij-gad 1
bf-gad 4
bjc-gad 2
bdfe-gad 3
604
7
ceb-gae 2
eig-gae 1
jci-gae 3
ghc-gae 1
bfi-gae 5
hca-gae 1
bd-gae 1
606
4
jij-gag 5
dgc-gag 2
bahg-gag 1
dff-gag 2
607
4
cjc-gah 4
cdd-gah 2
iaf-gah 1
fac-gah 3
608
1
daa-gai 4
609
4
ccf-gaj 2
di-gaj 1
bcde-gaj 1
iae-gaj 4
610
4
bbge-gba 3
hgc-gba 1
bbib-gba 1
fdi-gba 5
611
5
cgb-gbb 3
eja-gbb 2
bfjj-gbb 1
dhf-gbb 4
becb-gbb 2
612
3
bbh-gbc 8
bbhc-gbc 1
baab-gbc 3
613
3
fcb-gbd 6
gca-gbd 1
bbcd-gbd 1
614
1
bgfd-gbe 2
615
4
fgd-gbf 1
ccj-gbf 1
bbeh-gbf 3
bdcf-gbf 3
616
3
bbcb-gbg 5
dhh-gbg 1
dga-gbg 2
617
2
ff-gbh 2
ejj-gbh 4
618
5
ifc-gbi 2
dbi-gbi 1
bbeh-gbi 7
bacg-gbi 1
ej-gbi 3
619
3
gch-gbj 5
jej-gbj 1
bbfi-gbj 2
620
2
haj-gca 6
hbg-gca 8
621
4
cab-gcb 8
bfbd-gcb 1
bch-gcb 2
bafh-gcb 1
622
7
iie-gcc 1
baad-gcc 3
gaj-gcc 1
cdh-gcc 6
bafc-gcc 1
bbii-gcc 2
baee-gcc 2
623
1
egf-gcd 8
624
1
fai-gce 6
625
3
baii-gcf 2
daf-gcf 3
cgj-gcf 1
626
4
cce-gcg 3
ijg-gcg 1
hgd-gcg 1
chg-gcg 3
627
3
fjh-gch 4
cih-gch 1
bdc-gch 5
628
3
cea-gci 1
igb-gci 5
bga-gci 6
629
2
ged-gcj 1
ebb-gcj 3
630
2
ihh-gda 2
bdcf-gda 2
631
3
eah-gdb 2
bbg-gdb 3
cb-gdb 3
632
5
cah-gdc 3
babf-gdc 2
gbe-gdc 2
igj-gdc 1
ifc-gdc 2
633
3
dgb-gdd 1
hfi-gdd 4
bcag-gdd 3
634
4
baeb-gde 2
gba-gde 2
gah-gde 3
cdd-gde 3
635
4
hjh-gdf 4
gfe-gdf 1
bchf-gdf 2
bhc-gdf 1
636
4
db-gdg 7
bddj-gdg 1
hag-gdg 1
bajh-gdg 1
637
3
jci-gdh 5
bdfd-gdh 1
if-gdh 2
638
1
jcc-gdi 2
639
3
gjg-gdj 2
dib-gdj 3
cei-gdj 1
640
5
edi-gea 2
cda-gea 1
jh-gea 3
eaa-gea 3
dea-gea 1
641
3
hfa-geb 4
begg-geb 1
hhd-geb 5
642
1
ihd-gec 4
643
1
bdbj-ged 2
644
1
dda-gee 2
645
4
dfi-gef 2
bdgj-gef 1
gij-gef 1
gfh-gef 4
646
3
gaj-geg 1
cie-geg 4
bfcj-geg 3
647
2
jg-geh 7
bjh-geh 1
648
3
daf-gei 4
iba-gei 1
ffa-gei 3
649
2
hgi-gej 4
fec-gej 6
650
2
bgeg-gfa 2
hbc-gfa 2
651
4
g-gfb 2
jhj-gfb 1
gfj-gfb 3
bcbi-gfb 2
652
2
bcb-gfc 6
ccf-gfc 2
653
3
bdbg-gfd 4
hjb-gfd 1
gch-gfd 1
654
3
baci-gfe 1
bif-gfe 1
hfa-gfe 4
655
7
ehe-gff 3
egf-gff 1
bga-gff 1
hh-gff 1
eci-gff 3
jbi-gff 3
idi-gff 2
656
3
bahh-gfg 6
chc-gfg 1
jaj-gfg 1
657
4
iga-gfh 1
jaj-gfh 1
bi-gfh 4
ffb-gfh 2
658
4
ghc-gfi 5
jeh-gfi 1
ech-gfi 3
becd-gfi 1
659
1
bdba-gfj 2
660
2
bhe-gga 1
hhe-gga 5
661
2
eae-ggb 3
bee-ggb 5
662
2
bgae-ggc 3
id-ggc 1
663
3
djj-ggd 4
jhh-ggd 3
cjh-ggd 1
664
8
gaj-gge 7
efd-gge 1
beg-gge 1
bfid-gge 1
ehc-gge 1
beai-gge 1
bdc-gge 5
ifg-gge 1
665
4
jfj-ggf 3
feh-ggf 1
hab-ggf 1
bcdj-ggf 5
666
3
caf-ggg 1
dij-ggg 1
die-ggg 6
667
1
cab-ggh 2
668
3
bfc-ggi 4
cbc-ggi 1
cgh-ggi 1
670
4
gii-gha 1
ifc-gha 1
bfgj-gha 3
gdh-gha 3
671
5
bgef-ghb 4
idb-ghb 1
bgae-ghb 3
bbfg-ghb 1
bbff-ghb 3
672
6
beid-ghc 1
fhi-ghc 5
bch-ghc 1
fea-ghc 2
cib-ghc 6
begg-ghc 1
673
3
did-ghd 1
egj-ghd 4
bae-ghd 1
674
3
cji-ghe 2
ccb-ghe 3
ggg-ghe 1
675
1
ggb-ghf 2
676
2
fhb-ghg 3
dhh-ghg 5
677
2
bacj-ghh 4
cbc-ghh 2
678
3
hai-ghi 4
cic-ghi 3
daf-ghi 1
679
4
fcd-ghj 3
fdb-ghj 3
hec-ghj 2
bcbc-ghj 2
680
3
egg-gia 1
ied-gia 5
hbf-gia 2
681
2
bbhf-gib 4
cic-gib 2
682
5
gge-gic 3
dhi-gic 1
fed-gic 1
bjc-gic 1
bbga-gic 4
683
1
cjj-gid 4
684
2
ici-gie 4
iih-gie 2
685
5
bcig-gif 1
bcdi-gif 1
jea-gif 4
hge-gif 3
gdf-gif 1
686
1
ijf-gig 8
687
4
die-gih 2
bbfb-gih 6
baai-gih 1
badc-gih 1
688
2
baab-gii 1
ib-gii 5
689
4
ehh-gij 5
ibd-gij 1
ehf-gij 3
bei-gij 1
690
1
ecd-gja 4
691
1
ebc-gjb 2
692
5
hg-gjc 1
ca-gjc 2
hji-gjc 4
behb-gjc 2
gbe-gjc 1
693
1
gad-gjd 2
694
3
bhc-gje 4
b-gje 3
bbdf-gje 1
695
3
dig-gjf 2
hdh-gjf 3
ieg-gjf 1
696
5
bfb-gjg 2
bbic-gjg 3
behg-gjg 2
bdda-gjg 2
egg-gjg 3
697
3
cbg-gjh 2
dfd-gjh 3
cje-gjh 1
698
1
bbgf-gji 4
699
3
hhe-gjj 3
iii-gjj 4
fbi-gjj 1
700
3
bcea-haa 5
dbe-haa 2
bjj-haa 1
701
3
gc-hab 3
fij-hab 1
bcfg-hab 2
702
2
gdb-hac 5
bcbg-hac 3
703
1
iec-had 2
704
6
bbic-hae 1
hea-hae 2
ije-hae 1
chi-hae 5
idb-hae 2
fac-hae 1
705
4
bbcd-haf 4
jda-haf 1
cdd-haf 1
jji-haf 4
706
6
dfg-hag 2
ecj-hag 3
hje-hag 4
dic-hag 1
bcgb-hag 1
beje-hag 1
707
2
fda-hah 7
efj-hah 1
708
2
hfh-hai 5
bce-hai 1
709
1
bdjj-haj 2
710
2
bega-hba 1
bdbi-hba 5
711
4
fac-hbb 3
cfb-hbb 1
cgj-hbb 1
eee-hbb 3
712
2
jdg-hbc 5
ffc-hbc 1
713
3
bdff-hbd 3
eij-hbd 7
bei-hbd 2
714
2
fji-hbe 4
fc-hbe 2
715
2
jf-hbf 5
fcf-hbf 1
716
4
egh-hbg 5
bdjf-hbg 2
gde-hbg 1
ife-hbg 2
717
4
babe-hbh 3
dbj-hbh 1
ifg-hbh 1
ci-hbh 3
718
2
egd-hbi 1
jfh-hbi 3
719
2
jge-hbj 3
bedf-hbj 1
720
5
jid-hca 4
hcf-hca 6
ibe-hca 1
ead-hca 1
cib-hca 2
721
3
jba-hcb 4
bdfa-hcb 5
bahd-hcb 1
722
2
cie-hcc 2
iee-hcc 2
723
3
bgi-hcd 5
jee-hcd 1
bdhb-hcd 4
724
5
eab-hce 5
beaf-hce 1
dha-hce 2
bchf-hce 1
ejf-hce 5
725
5
bbae-hcf 1
gad-hcf 1
hhc-hcf 1
cih-hcf 6
b-hcf 1
726
4
baed-hcg 3
ibf-hcg 1
ja-hcg 3
jjg-hcg 1
727
4
ghe-hch 4
jcb-hch 1
fci-hch 1
gdg-hch 2
728
5
ggi-hci 3
baef-hci 1
bdff-hci 3
geh-hci 2
fbf-hci 1
729
5
eec-hcj 3
bbgd-hcj 1
ejb-hcj 1
jd-hcj 6
bbbg-hcj 1
730
3
ffb-hda 8
dec-hda 1
idc-hda 1
731
4
bfhg-hdb 2
jh-hdb 1
fei-hdb 2
bejg-hdb 3
732
5
jbf-hdc 3
cbi-hdc 3
bdac-hdc 1
befb-hdc 1
cej-hdc 4
733
1
bdg-hdd 8
734
2
jfh-hde 4
bbjf-hde 2
735
5
bbha-hdf 5
dci-hdf 1
bcfg-hdf 2
gbh-hdf 1
fad-hdf 1
736
3
dac-hdg 3
eba-hdg 1
fjc-hdg 2
737
2
ihb-hdh 5
fec-hdh 1
738
2
iae-hdi 4
beah-hdi 2
739
2
haa-hdj 2
eci-hdj 6
740
8
bcji-hea 4
cb-hea 1
djb-hea 1
befg-hea 1
jb-hea 3
jjg-hea 2
fdf-hea 1
bdfd-hea 3
741
1
icg-heb 4
742
4
bdda-hec 3
bdhc-hec 1
fai-hec 3
bfjg-hec 1
743
2
bfei-hed 3
bcbg-hed 3
744
2
bfhd-hee 3
gbf-hee 3
745
4
bjd-hef 6
bfch-hef 2
gha-hef 1
beg-hef 1
746
3
fid-heg 1
ceb-heg 4
bcdd-heg 1
747
3
dcb-heh 2
ed-heh 3
hii-heh 3
748
3
fad-hei 3
ie-hei 2
if-hei 1
749
2
bgbd-hej 5
cec-hej 3
750
4
jga-hfa 4
befe-hfa 2
dgc-hfa 1
jhg-hfa 3
751
5
gc-hfb 2
egc-hfb 2
icd-hfb 1
beh-hfb 3
bff-hfb 2
752
3
bcdc-hfc 3
gjh-hfc 2
gab-hfc 1
753
3
bcec-hfd 5
ddc-hfd 2
eih-hfd 1
754
3
gac-hfe 2
bahd-hfe 4
ejg-hfe 2
755
1
bacc-hff 6
756
2
bbac-hfg 5
gfd-hfg 1
757
3
ede-hfh 6
bbaj-hfh 1
ihf-hfh 3
758
2
beih-hfi 2
eci-hfi 4
759
2
gaa-hfj 5
bfhi-hfj 1
760
2
bbg-hga 3
fdb-hga 1
761
5
gcc-hgb 1
hfc-hgb 2
dfj-hgb 5
bccd-hgb 3
bdf-hgb 1
762
4
dej-hgc 5
fia-hgc 1
hje-hgc 1
fea-hgc 1
763
2
bbfa-hgd 2
bedb-hgd 2
764
2
beff-hge 3
efg-hge 3
765
4
icd-hgf 2
bci-hgf 4
bafe-hgf 1
fea-hgf 1
766
2
baib-hgg 5
ehf-hgg 1
767
2
dej-hgh 2
deg-hgh 2
768
2
cdb-hgi 3
baja-hgi 5
770
5
ihj-hha 5
ii-hha 2
baad-hha 1
bi-hha 1
hdd-hha 3
771
3
gfa-hhb 3
bbaa-hhb 3
dfa-hhb 4
772
3
eia-hhc 2
fhc-hhc 2
beff-hhc 2
773
2
gaa-hhd 3
bdec-hhd 5
774
5
bdfa-hhe 3
fcd-hhe 1
gja-hhe 1
dji-hhe 4
eff-hhe 1
775
3
bcf-hhf 1
bafj-hhf 6
dag-hhf 1
776
3
bcd-hhg 6
hbb-hhg 1
dgd-hhg 1
777
2
ebd-hhh 3
haa-hhh 1
778
1
bdci-hhi 4
779
6
hie-hhj 1
beb-hhj 1
chi-hhj 1
cbg-hhj 4
jec-hhj 4
bfag-hhj 3
780
2
jdd-hia 2
bbie-hia 4
781
2
bbfb-hib 2
bbi-hib 4
782
4
chh-hic 1
dcc-hic 4
bgcf-hic 1
dhd-hic 2
783
1
bgdg-hid 2
784
1
bgbb-hie 4
785
3
ggc-hif 2
cii-hif 1
fje-hif 3
786
3
fig-hig 1
gb-hig 3
che-hig 2
787
4
ddh-hih 6
iaf-hih 1
bfg-hih 2
bdbe-hih 1
788
3
jaj-hii 4
cgi-hii 2
djb-hii 2
789
6
fj-hij 5
dif-hij 2
bbbd-hij 1
bji-hij 1
jff-hij 1
hag-hij 2
790
2
fae-hja 1
gbd-hja 3
791
3
bde-hjb 4
cfh-hjb 1
cbb-hjb 1
792
5
hcc-hjc 9
bfhe-hjc 1
bbfi-hjc 1
hbi-hjc 2
gaj-hjc 1
793
2
fef-hjd 2
bbd-hjd 2
794
2
bdja-hje 1
fgj-hje 3
795
3
edj-hjf 4
beji-hjf 1
gid-hjf 1
796
5
cfa-hjg 3
gdj-hjg 4
jdh-hjg 3
jgg-hjg 1
eda-hjg 3
797
2
caj-hjh 2
bcg-hjh 2
798
1
hfj-hji 6
799
7
beea-hjj 1
bace-hjj 1
bgc-hjj 1
fe-hjj 1
cjf-hjj 3
fgd-hjj 6
gah-hjj 1
800
5
deb-iaa 3
dhc-iaa 1
eef-iaa 1
jcg-iaa 6
ead-iaa 1
801
3
bdbh-iab 3
ech-iab 1
cdh-iab 2
802
3
hia-iac 1
eic-iac 3
hbi-iac 2
803
2
cba-iad 6
cgd-iad 4
804
5
cjg-iae 1
cib-iae 1
fjd-iae 1
cdf-iae 3
bcd-iae 4
805
3
jd-iaf 4
gjf-iaf 3
ejf-iaf 1
806
4
bage-iag 3
ejg-iag 2
ihd-iag 1
begg-iag 2
807
2
fei-iah 2
dad-iah 2
808
4
jh-iai 2
dje-iai 1
beja-iai 4
gf-iai 1
809
2
bddg-iaj 3
gbh-iaj 3
810
5
bafb-iba 1
ejb-iba 1
bbbj-iba 1
bbba-iba 3
bcb-iba 4
811
2
bead-ibb 2
iha-ibb 2
812
2
bbgf-ibc 3
egb-ibc 1
813
2
bdhd-ibd 2
bgcj-ibd 2
814
3
jbe-ibe 2
bbcc-ibe 1
fba-ibe 3
815
3
dih-ibf 1
dje-ibf 1
bffh-ibf 4
816
4
bafg-ibg 3
ceb-ibg 1
fhg-ibg 1
efj-ibg 3
817
3
eja-ibh 3
babb-ibh 2
bahj-ibh 1
818
4
fii-ibi 2
fdi-ibi 2
jib-ibi 4
bjc-ibi 2
819
4
bbdb-ibj 4
hae-ibj 1
dfd-ibj 2
bbcd-ibj 1
820
3
dgi-ica 3
becf-ica 3
bcfh-ica 4
821
2
fib-icb 5
fhj-icb 1
823
5
jaa-icd 3
hj-icd 4
hcd-icd 1
eig-icd 1
jaj-icd 1
824
3
ehd-ice 3
hgi-ice 2
jfh-ice 1
825
4
cih-icf 4
fce-icf 1
bcha-icf 1
dbb-icf 2
826
3
bjj-icg 2
gcg-icg 1
bcdi-icg 3
827
1
beei-ich 4
828
2
cj-ici 5
jc-ici 1
829
1
jie-icj 4
830
4
bcfd-ida 4
bhf-ida 1
hee-ida 1
ehj-ida 4
831
6
cdh-idb 6
ghi-idb 1
jcb-idb 3
bach-idb 1
fce-idb 2
bfjd-idb 1
832
3
djj-idc 3
iij-idc 1
gjg-idc 2
833
4
bbah-idd 1
fj-idd 1
bfda-idd 1
fih-idd 5
835
4
dh-idf 1
dii-idf 2
efa-idf 6
bajg-idf 1
836
3
bagf-idg 3
bfi-idg 2
dhd-idg 3
837
1
bad-idh 6
838
4
hhc-idi 4
bgfa-idi 2
ech-idi 1
bbdd-idi 3
839
2
bcc-idj 2
fdj-idj 4
840
3
bij-iea 1
chb-iea 4
bebf-iea 3
841
3
bdaj-ieb 4
bbie-ieb 1
fhb-ieb 1
842
4
iff-iec 3
bbca-iec 2
hfg-iec 3
hfh-iec 2
843
4
hhb-ied 3
bche-ied 1
jac-ied 3
bbid-ied 1
844
3
baje-iee 2
efc-iee 3
bdcd-iee 1
845
4
bbah-ief 2
ea-ief 3
bfc-ief 1
hag-ief 2
846
4
ffh-ieg 4
hcd-ieg 1
fjj-ieg 3
idd-ieg 2
847
3
bge-ieh 1
caj-ieh 2
bchj-ieh 5
848
5
behf-iei 1
bcgb-iei 5
dbf-iei 1
efg-iei 4
hgi-iei 1
849
2
bbh-iej 3
bdi-iej 1
850
3
ccc-ifa 5
bbbi-ifa 1
hcf-ifa 4
851
2
bagh-ifb 5
dfh-ifb 1
852
5
bchg-ifc 4
ejj-ifc 2
jid-ifc 1
cee-ifc 3
gfa-ifc 2
853
3
ijh-ifd 5
bbhd-ifd 1
cf-ifd 2
854
3
dad-ife 2
bbdj-ife 1
hjf-ife 3
855
4
jgf-iff 3
fb-iff 1
cgi-iff 2
efe-iff 4
856
3
jci-ifg 4
bgeb-ifg 1
be-ifg 1
857
3
cid-ifh 5
baai-ifh 1
baga-ifh 2
858
1
bcci-ifi 4
859
1
chb-ifj 2
860
1
ebb-iga 4
861
1
cif-igb 4
862
3
gh-igc 2
eaf-igc 3
bcgi-igc 1
863
2
ife-igd 2
ggg-igd 4
864
3
dbi-ige 1
hjc-ige 1
dbj-ige 4
866
1
babd-igg 2
867
1
hag-igh 2
868
3
bcbj-igi 1
gag-igi 1
bbg-igi 4
869
4
jba-igj 2
gih-igj 1
bdie-igj 2
dde-igj 3
870
4
jfa-iha 3
bcdj-iha 1
hgf-iha 2
bbfe-iha 2
871
2
eii-ihb 2
bbcj-ihb 2
872
2
ehj-ihc 5
jfd-ihc 1
873
4
fj-ihd 3
behh-ihd 3
bgei-ihd 1
bbdd-ihd 1
874
3
hdi-ihe 1
hdj-ihe 3
hdg-ihe 2
875
4
ijj-ihf 5
eh-ihf 1
bfcc-ihf 3
bbad-ihf 1
876
3
gij-ihg 2
bcj-ihg 5
cdj-ihg 1
877
2
gih-ihh 5
cib-ihh 1
878
4
bdgf-ihi 3
bebh-ihi 4
hdb-ihi 2
gjh-ihi 1
879
2
caf-ihj 3
cef-ihj 1
880
3
hfh-iia 1
fgb-iia 1
fid-iia 4
881
5
id-iib 2
baeb-iib 1
cfb-iib 1
chd-iib 3
bafa-iib 3
882
4
fag-iic 2
jje-iic 1
iie-iic 4
gfa-iic 1
883
3
iae-iid 5
cej-iid 1
ffa-iid 2
884
5
bec-iie 1
jee-iie 1
cbb-iie 6
bejf-iie 1
bgc-iie 1
885
2
bbei-iif 3
hif-iif 1
886
2
hcg-iig 2
hjb-iig 4
887
1
hbj-iih 2
888
1
bbib-iii 2
889
1
baaa-iij 2
890
2
dbj-ija 5
iaa-ija 1
892
3
cgi-ijc 2
bbf-ijc 4
bcij-ijc 2
893
3
hfi-ijd 4
gdh-ijd 1
beda-ijd 1
894
4
bbbj-ije 3
gda-ije 2
bef-ije 1
beef-ije 2
895
2
hei-ijf 3
bj-ijf 1
896
2
ig-ijg 1
behi-ijg 3
897
2
bii-ijh 3
hhg-ijh 1
898
1
gd-iji 2
899
2
iaf-ijj 3
cff-ijj 1
900
1
bbjh-jaa 6
901
2
baej-jab 5
gbe-jab 1
902
5
bgg-jac 4
ghg-jac 1
ibb-jac 1
hca-jac 3
ejj-jac 1
903
2
bcij-jad 3
djc-jad 3
904
2
cja-jae 5
bbih-jae 1
905
2
bgd-jaf 3
bdig-jaf 1
906
2
cg-jag 2
cbc-jag 4
907
5
fie-jah 1
baia-jah 1
bajg-jah 1
bcif-jah 8
bchh-jah 1
908
5
gbj-jai 1
efa-jai 4
hah-jai 2
bffi-jai 2
bbbg-jai 1
909
2
ebd-jaj 1
iic-jaj 3
910
2
gej-jba 2
bdef-jba 4
911
2
gjc-jbb 1
dhg-jbb 3
912
2
gbg-jbc 3
jca-jbc 1
913
3
bfad-jbd 3
bgh-jbd 1
dij-jbd 2
914
1
bbig-jbe 6
915
4
bedi-jbf 1
gfg-jbf 2
hai-jbf 6
cc-jbf 1
916
4
bjd-jbg 5
ehd-jbg 1
baie-jbg 3
bdid-jbg 1
917
3
babf-jbh 2
dbd-jbh 2
bji-jbh 2
918
1
bdcc-jbi 4
919
3
daa-jbj 4
ejd-jbj 4
hdc-jbj 2
920
4
jfg-jca 5
fdh-jca 1
jde-jca 1
idf-jca 1
921
3
faj-jcb 5
hhf-jcb 1
gae-jcb 2
922
2
gfb-jcc 4
fjg-jcc 2
923
4
ied-jcd 4
jcc-jcd 1
hgh-jcd 2
bagh-jcd 1
924
1
bafi-jce 2
925
3
igj-jcf 2
djc-jcf 1
ghe-jcf 3
926
3
babe-jcg 4
ggg-jcg 1
cfj-jcg 1
928
6
gih-jci 2
beia-jci 5
bfbf-jci 1
fch-jci 2
fb-jci 1
hhe-jci 1
930
3
bgdf-jda 3
cjb-jda 2
bdig-jda 1
931
5
jji-jdb 2
bbaj-jdb 1
hge-jdb 5
cgf-jdb 1
jhc-jdb 1
932
3
hbh-jdc 3
gdh-jdc 1
jc-jdc 2
933
3
ffh-jdd 4
dic-jdd 1
dhc-jdd 1
934
4
bcjb-jde 4
bi-jde 3
ha-jde 4
bie-jde 1
936
7
ibi-jdg 6
bhb-jdg 1
cjh-jdg 1
dhj-jdg 1
fbf-jdg 2
gea-jdg 2
bh-jdg 1
937
1
ea-jdh 2
939
3
ja-jdj 3
jfj-jdj 2
eic-jdj 3
940
1
ije-jea 4
941
1
jad-jeb 2
942
4
badg-jec 3
bdfg-jec 1
dae-jec 4
ehc-jec 2
943
1
djc-jed 2
944
4
ej-jee 4
hjb-jee 1
cfg-jee 1
ceg-jee 2
945
4
bbfe-jef 5
badj-jef 1
fad-jef 3
bbje-jef 1
946
2
bbj-jeg 2
baib-jeg 2
947
3
bafe-jeh 4
bgdb-jeh 1
ddj-jeh 1
948
1
eff-jei 4
949
2
ehb-jej 5
dch-jej 1
950
4
fdj-jfa 5
iec-jfa 1
chb-jfa 1
bhe-jfa 1
951
3
bbdb-jfb 2
ebb-jfb 1
cge-jfb 3
952
2
cgh-jfc 5
jgb-jfc 1
953
2
fbd-jfd 3
babc-jfd 1
954
4
bcif-jfe 3
bfgb-jfe 3
c-jfe 1
egf-jfe 1
955
2
bfeb-jff 5
egg-jff 1
956
4
ghc-jfg 3
bccb-jfg 1
fic-jfg 3
ega-jfg 1
957
4
gfb-jfh 4
fdf-jfh 2
eij-jfh 2
bffj-jfh 2
958
4
bbj-jfi 2
dii-jfi 1
eib-jfi 4
befa-jfi 1
959
5
bcc-jfj 1
bdhe-jfj 1
jfa-jfj 1
bcaj-jfj 6
eac-jfj 1
960
4
bagg-jga 6
bfcd-jga 1
fdf-jga 1
bfab-jga 2
961
1
ecd-jgb 2
962
5
ied-jgc 3
cfa-jgc 1
ibd-jgc 3
babj-jgc 2
bba-jgc 1
963
1
ghb-jgd 2
964
5
bagf-jge 3
bcgj-jge 1
dda-jge 1
bedj-jge 1
gbf-jge 4
965
4
fbf-jgf 2
i-jgf 3
bhg-jgf 1
hhj-jgf 4
966
3
cfd-jgg 2
heh-jgg 2
bajc-jgg 2
967
2
dfc-jgh 3
jcb-jgh 1
968
1
iae-jgi 4
970
3
bea-jha 2
jia-jha 1
ghd-jha 5
971
1
ejg-jhb 2
972
3
eej-jhc 4
ced-jhc 1
hei-jhc 3
973
2
gba-jhd 2
geb-jhd 2
974
3
jih-jhe 3
bbai-jhe 2
jae-jhe 1
975
3
behe-jhf 1
fch-jhf 3
bajj-jhf 4
976
2
hde-jhg 2
fbi-jhg 2
977
2
bfia-jhh 5
gab-jhh 1
978
2
bcj-jhi 3
bagi-jhi 3
979
1
eei-jhj 2
980
6
baca-jia 1
bje-jia 1
ecc-jia 1
baac-jia 3
bded-jia 1
ddg-jia 7
981
4
bab-jib 3
iac-jib 1
bjf-jib 2
gda-jib 2
982
2
hff-jic 3
igj-jic 1
983
4
bgfj-jid 3
bdgd-jid 1
cag-jid 3
jff-jid 1
984
3
baih-jie 3
cij-jie 1
hdb-jie 2
985
3
bb-jif 5
hah-jif 1
dge-jif 2
986
3
gha-jig 4
bbe-jig 1
bafi-jig 1
987
2
gfi-jih 2
bfa-jih 4
988
2
ddf-jii 7
cei-jii 1
989
2
bah-jij 2
ge-jij 2
990
1
idh-jja 2
991
5
ihg-jjb 7
cjc-jjb 1
jif-jjb 1
bdi-jjb 1
hja-jjb 2
992
3
jhg-jjc 2
bcgb-jjc 3
jbg-jjc 1
993
1
daj-jjd 2
994
5
bbcg-jje 5
hdd-jje 1
badd-jje 2
ej-jje 1
baig-jje 1
995
2
hja-jjf 3
ccf-jjf 1
996
2
gfc-jjg 2
efa-jjg 2
997
1
geh-jjh 2
998
1
hef-jji 4
999
3
edg-jjj 2
baea-jjj 2
bcci-jjj 2
1000
1
fgi-baaa 2
1001
4
ifd-baab 6
bc-baab 1
efi-baab 1
jeg-baab 2
1002
2
jbh-baac 2
hig-baac 2
1003
4
ceb-baad 2
bbbh-baad 3
jcd-baad 1
ehj-baad 2
1004
2
dib-baae 2
eje-baae 2
1005
2
baae-baaf 1
bdej-baaf 3
1006
5
beja-baag 1
cdc-baag 1
jci-baag 1
ffj-baag 5
fc-baag 2
1007
1
baef-baah 4
1008
4
dgd-baai 5
baha-baai 1
bacb-baai 1
igj-baai 1
1009
1
ceb-baaj 2
1010
4
jdf-baba 3
ehi-baba 1
dfi-baba 1
bbfb-baba 5
1011
3
djh-babb 3
ggi-babb 1
edh-babb 2
1012
4
beag-babc 3
baif-babc 1
jga-babc 3
if-babc 3
1013
2
dfe-babd 5
gec-babd 1
1014
4
dbj-babe 3
ebj-babe 1
cjc-babe 3
ije-babe 1
1015
2
ceg-babf 3
begj-babf 1
1016
2
bdhd-babg 4
beba-babg 2
1017
2
cbg-babh 2
baia-babh 2
1018
3
baij-babi 3
cdb-babi 1
gd-babi 2
1019
3
bbcg-babj 2
bfib-babj 1
fdc-babj 3
1020
1
igh-baca 2
1021
6
jhb-bacb 2
heb-bacb 3
jg-bacb 1
jce-bacb 2
bcje-bacb 1
bgbj-bacb 3
1022
3
feg-bacc 4
hbc-bacc 1
gdb-bacc 1
1023
1
jgf-bacd 2
1024
2
dhb-bace 3
bbcd-bace 1
1025
1
ifd-bacf 2
1026
2
bgdb-bacg 2
cja-bacg 2
1027
1
bih-bach 6
1028
2
ejc-baci 3
egi-baci 1
1029
3
iha-bacj 5
ibj-bacj 1
bada-bacj 2
1030
4
hej-bada 5
ecj-bada 1
gdb-bada 1
bbcf-bada 1
1031
3
bddf-badb 1
dcd-badb 3
bdf-badb 2
1032
2
ifg-badc 2
hfg-badc 4
1033
2
bcac-badd 1
jc-badd 5
1034
1
ega-bade 2
1035
1
fgh-badf 2
1036
2
jhi-badg 3
bbbf-badg 1
1037
2
fhe-badh 3
bbgj-badh 1
1038
2
bbdi-badi 2
ghg-badi 2
1039
4
ff-badj 3
bjf-badj 1
bbhf-badj 3
ijj-badj 1
1040
2
jgg-baea 5
hdd-baea 3
1041
4
bbaf-baeb 5
bdcj-baeb 1
iag-baeb 1
fd-baeb 1
1042
5
jha-baec 1
ccb-baec 6
jaa-baec 1
hbg-baec 1
bcac-baec 1
1043
1
djc-baed 2
1044
1
baeg-baee 2
1045
3
fi-baef 3
gj-baef 3
efd-baef 2
1046
4
hhd-baeg 3
baic-baeg 2
bcef-baeg 2
jdc-baeg 1
1047
1
ihg-baeh 4
1048
4
chj-baei 4
bagg-baei 1
bhc-baei 1
bcig-baei 2
1049
2
bbhh-baej 7
bdfj-baej 1
1050
4
babe-bafa 2
dgj-bafa 5
cff-bafa 2
jdj-bafa 1
1051
3
bbbd-bafb 4
baah-bafb 2
gdg-bafb 2
1052
4
gfg-bafc 2
bbef-bafc 4
hii-bafc 1
jce-bafc 1
1053
2
cfa-bafd 2
fei-bafd 2
1054
2
fdd-bafe 5
bgf-bafe 1
1055
2
bfif-baff 2
hcj-baff 2
1056
1
fdd-bafg 2
1057
1
jbd-bafh 2
1058
3
bag-bafi 2
chi-bafi 5
bhj-bafi 1
1059
2
hef-bafj 4
gfi-bafj 2
1060
1
bbag-baga 4
1061
1
fhb-bagb 4
1062
1
gie-bagc 2
1063
3
hgd-bagd 4
ibg-bagd 1
beg-bagd 1
1064
4
jfb-bage 1
jhf-bage 1
bbcj-bage 3
babh-bage 3
1065
1
bgd-bagf 4
1066
3
fcb-bagg 3
hgb-bagg 1
baie-bagg 6
1067
5
ijg-bagh 2
gje-bagh 2
eab-bagh 2
cde-bagh 3
cgf-bagh 3
1068
2
bcac-bagi 3
ggh-bagi 3
1069
3
bgj-bagj 4
jhd-bagj 1
bad-bagj 1
1070
2
bcgf-baha 3
bgcc-baha 1
1071
1
bgah-bahb 4
1072
1
hbg-bahc 2
1073
5
dii-bahd 8
behd-bahd 1
dbb-bahd 1
beij-bahd 1
efa-bahd 1
1074
1
bcdi-bahe 2
1075
2
ffi-bahf 2
bagd-bahf 2
1076
2
gjc-bahg 2
bgc-bahg 2
1077
4
jab-bahh 2
bedg-bahh 3
bahg-bahh 1
hea-bahh 2
1078
4
ceh-bahi 1
hab-bahi 1
ia-bahi 3
ghc-bahi 3
1079
1
fbe-bahj 4
1080
1
bgg-baia 6
1081
2
hih-baib 2
iac-baib 2
1082
3
babi-baic 3
iaa-baic 1
bcgg-baic 2
1083
2
ib-baid 2
bejd-baid 2
1084
5
bade-baie 1
efc-baie 3
iaf-baie 3
bai-baie 1
chg-baie 2
1085
1
jcb-baif 2
1086
4
ihc-baig 4
edd-baig 2
hif-baig 1
jgh-baig 1
1087
6
bcgf-baih 2
gcf-baih 1
bcej-baih 1
eea-baih 2
becj-baih 2
bbgd-baih 4
1088
2
ffj-baii 3
bbab-baii 1
1089
3
bha-baij 4
bfh-baij 1
ife-baij 1
1090
4
bif-baja 1
bcfj-baja 1
cdh-baja 5
cgg-baja 1
1091
3
bdfg-bajb 3
ji-bajb 2
bafj-bajb 1
1092
2
bbae-bajc 4
dhb-bajc 2
1093
2
hha-bajd 5
bfjc-bajd 3
1094
4
bdab-baje 1
gfi-baje 1
hhe-baje 5
iej-baje 1
1095
4
bbgi-bajf 3
jeb-bajf 5
bcje-bajf 1
jcd-bajf 1
1096
2
fi-bajg 3
cgf-bajg 1
1097
2
hba-bajh 2
bia-bajh 2
1098
2
baje-baji 3
bhf-baji 1
1099
3
eci-bajj 2
ejh-bajj 3
bajf-bajj 1
1100
2
bcfa-bbaa 5
beeg-bbaa 1
1101
1
bbfc-bbab 4
1102
4
dce-bbac 2
fed-bbac 1
bejd-bbac 4
iif-bbac 1
1103
2
jbh-bbad 2
bbag-bbad 2
1104
6
bgba-bbae 4
eah-bbae 1
bcfc-bbae 1
gc-bbae 1
hg-bbae 4
gid-bbae 1
1105
1
eff-bbaf 4
1106
1
gff-bbag 2
1107
4
fhe-bbah 1
bfjh-bbah 4
beci-bbah 2
cja-bbah 1
1108
2
bhj-bbai 2
bafj-bbai 4
1109
1
ich-bbaj 2
1110
5
hdb-bbba 2
hde-bbba 1
babb-bbba 3
cgd-bbba 2
jid-bbba 2
1111
1
hed-bbbb 2
1113
4
baec-bbbd 1
bgab-bbbd 1
bbh-bbbd 5
icb-bbbd 1
1114
3
bccj-bbbe 3
bcc-bbbe 1
dhj-bbbe 2
1115
2
cef-bbbf 2
gej-bbbf 4
1116
3
ief-bbbg 3
icb-bbbg 1
baci-bbbg 2
1117
2
bagc-bbbh 3
ehg-bbbh 1
1118
1
bac-bbbi 4
1119
3
bgdj-bbbj 2
bahe-bbbj 1
big-bbbj 3
1120
2
jcc-bbca 2
bdd-bbca 2
1121
4
djj-bbcb 6
iee-bbcb 2
jfd-bbcb 2
hih-bbcb 2
1122
2
hbd-bbcc 3
bgf-bbcc 1
1123
3
jjd-bbcd 3
baii-bbcd 2
gje-bbcd 1
1124
2
iff-bbce 1
gde-bbce 3
1125
2
fhc-bbcf 2
bbae-bbcf 2
1126
3
ccj-bbcg 4
bdid-bbcg 1
fcg-bbcg 1
1127
1
icb-bbch 2
1128
2
babh-bbci 3
bie-bbci 1
1129
2
hee-bbcj 1
bbbb-bbcj 3
1130
2
jde-bbda 4
ehh-bbda 2
1131
4
bfdj-bbdb 4
idc-bbdb 1
ifa-bbdb 2
hjj-bbdb 3
1132
1
jh-bbdc 2
1133
5
gid-bbdd 4
fgh-bbdd 2
bci-bbdd 1
eii-bbdd 2
beb-bbdd 1
1134
1
jif-bbde 2
1135
3
gbc-bbdf 3
baed-bbdf 2
gbi-bbdf 1
1136
3
bhc-bbdg 2
bgdc-bbdg 3
bid-bbdg 1
1137
3
bcjd-bbdh 3
ghb-bbdh 2
eef-bbdh 1
1138
3
baee-bbdi 3
bcba-bbdi 2
hbh-bbdi 1
1139
1
ghi-bbdj 2
1140
2
cga-bbea 5
df-bbea 1
1141
4
bbde-bbeb 3
ihd-bbeb 1
bbae-bbeb 1
ji-bbeb 5
1142
1
bcie-bbec 4
1143
1
jc-bbed 2
1144
1
gcj-bbee 4
1145
4
badd-bbef 1
ce-bbef 3
fjb-bbef 1
fjf-bbef 3
1146
3
eca-bbeg 1
bgbc-bbeg 2
bcjg-bbeg 3
1147
2
eg-bbeh 3
ghj-bbeh 1
1148
2
gej-bbei 3
eif-bbei 1
1149
3
bcbb-bbej 1
fci-bbej 1
fja-bbej 4
1150
1
bacc-bbfa 4
1151
4
ghj-bbfb 4
bbgg-bbfb 3
bdah-bbfb 2
baji-bbfb 1
1152
2
ibh-bbfc 2
bfej-bbfc 2
1153
4
ebc-bbfd 1
eaa-bbfd 1
bdje-bbfd 1
bdcj-bbfd 5
1154
1
bbgi-bbfe 4
1155
6
hg-bbff 2
fcc-bbff 1
dbh-bbff 3
jig-bbff 2
bdjd-bbff 1
ihi-bbff 3
1156
3
eee-bbfg 6
fea-bbfg 1
bfee-bbfg 1
1157
3
bbjg-bbfh 1
gec-bbfh 3
efd-bbfh 2
1158
3
bbej-bbfi 3
bace-bbfi 1
bfhb-bbfi 2
1159
4
cje-bbfj 2
babh-bbfj 3
ifc-bbfj 1
cbc-bbfj 2
1160
2
jbc-bbga 3
eji-bbga 1
1161
4
jff-bbgb 3
iic-bbgb 1
hgd-bbgb 3
hi-bbgb 1
1162
1
bafa-bbgc 2
1163
1
bgag-bbgd 2
1164
4
ihg-bbge 4
ddd-bbge 1
eb-bbge 1
bbff-bbge 2
1165
1
fcj-bbgf 2
1166
4
gfh-bbgg 3
bcde-bbgg 1
ca-bbgg 3
bdai-bbgg 1
1167
1
bbei-bbgh 2
1168
3
jgi-bbgi 1
bdgi-bbgi 5
bfi-bbgi 2
1169
4
eah-bbgj 1
hjc-bbgj 1
bbcj-bbgj 1
bejh-bbgj 5
1170
2
fbe-bbha 3
begi-bbha 1
1171
2
djd-bbhb 1
iec-bbhb 3
1172
2
cbh-bbhc 5
bca-bbhc 1
1173
4
j-bbhd 3
bdb-bbhd 1
bced-bbhd 1
ece-bbhd 3
1174
4
fh-bbhe 4
id-bbhe 1
bbgb-bbhe 2
gfe-bbhe 1
1175
3
dia-bbhf 2
bfec-bbhf 2
baif-bbhf 2
1177
2
bcjf-bbhh 3
beee-bbhh 1
1178
2
hgi-bbhi 1
bfge-bbhi 3
1180
3
ei-bbia 3
ij-bbia 1
edb-bbia 2
1181
1
bdi-bbib 2
1182
2
iab-bbic 3
befc-bbic 1
1183
1
bbdd-bbid 2
1184
3
dee-bbie 1
bbhj-bbie 4
def-bbie 1
1185
2
bij-bbif 1
dcj-bbif 3
1186
1
cig-bbig 2
1187
2
bfd-bbih 1
gc-bbih 3
1188
2
bfgf-bbii 3
jhc-bbii 1
1189
2
beci-bbij 4
bbdf-bbij 2
1190
2
fec-bbja 3
bacb-bbja 1
1191
1
ffj-bbjb 4
1192
3
bbha-bbjc 1
bhc-bbjc 4
ii-bbjc 1
1193
1
jig-bbjd 2
1194
1
cbd-bbje 2
1195
4
dji-bbjf 1
fcj-bbjf 4
haj-bbjf 2
jbg-bbjf 1
1196
3
bbfe-bbjg 1
bagj-bbjg 1
hjb-bbjg 4
1197
2
jih-bbjh 3
bcjb-bbjh 1
1198
3
bch-bbji 3
ijh-bbji 2
hhi-bbji 1
1199
1
cig-bbjj 2
1200
2
bgb-bcaa 3
bbie-bcaa 1
1201
2
dfi-bcab 4
gce-bcab 4
1202
3
had-bcac 3
fa-bcac 1
hac-bcac 2
1203
2
bdf-bcad 5
bgcb-bcad 1
1204
2
bdaj-bcae 2
ibg-bcae 2
1205
2
bcda-bcaf 4
bbha-bcaf 2
1206
2
babb-bcag 3
bgch-bcag 1
1207
1
eed-bcah 2
1208
1
bbcj-bcai 2
1209
1
bbji-bcaj 2
1210
1
ejb-bcba 4
1211
3
die-bcbb 4
bdbj-bcbb 1
hag-bcbb 1
1212
5
ef-bcbc 5
bbai-bcbc 2
dbe-bcbc 1
bcij-bcbc 1
bafj-bcbc 1
1213
1
baca-bcbd 2
1214
2
bdd-bcbe 3
gda-bcbe 1
1215
2
igc-bcbf 2
bged-bcbf 2
1216
3
iea-bcbg 4
dbh-bcbg 1
behc-bcbg 1
1217
1
bhg-bcbh 2
1218
2
bfcf-bcbi 4
jdd-bcbi 2
1219
2
hjj-bcbj 3
hgc-bcbj 3
1220
4
bdhj-bcca 3
fb-bcca 3
jfe-bcca 1
behj-bcca 1
1221
2
cid-bccb 3
egb-bccb 3
1222
1
edj-bccc 2
1223
3
ced-bccd 4
bfed-bccd 1
behg-bccd 1
1224
2
iib-bcce 1
eci-bcce 3
1225
2
bajb-bccf 3
bfhd-bccf 1
1226
2
badf-bccg 2
begg-bccg 2
1228
2
hjd-bcci 3
bcae-bcci 1
1229
6
bg-bccj 2
cfg-bccj 1
dci-bccj 1
bdeb-bccj 6
hci-bccj 1
gbe-bccj 1
1230
3
ijd-bcda 4
dh-bcda 1
beii-bcda 1
1231
3
bddd-bcdb 3
bbeb-bcdb 2
baci-bcdb 1
1232
4
ghb-bcdc 1
bfga-bcdc 5
bccd-bcdc 1
bcj-bcdc 1
1233
3
bbfh-bcdd 4
bagh-bcdd 1
bdid-bcdd 1
1234
5
cba-bcde 1
gic-bcde 1
bcha-bcde 5
beje-bcde 2
baji-bcde 1
1235
1
bbef-bcdf 2
1236
3
jje-bcdg 2
chc-bcdg 1
hjc-bcdg 3
1237
2
faf-bcdh 3
bchf-bcdh 1
1238
2
hee-bcdi 5
cfg-bcdi 1
1239
1
fdb-bcdj 2
1240
1
becb-bcea 2
1241
2
bfcf-bceb 2
idj-bceb 2
1243
1
bcjd-bced 2
1244
5
ffd-bcee 2
bdja-bcee 3
iai-bcee 2
gdf-bcee 4
ejh-bcee 1
1245
1
fbj-bcef 4
1246
1
cca-bceg 2
1247
3
bbdf-bceh 6
fab-bceh 1
bdae-bceh 1
1248
1
bci-bcei 2
1249
2
jfh-bcej 4
gif-bcej 2
1250
2
jfh-bcfa 3
djh-bcfa 1
1252
1
cig-bcfc 4
1253
3
idg-bcfd 1
jeh-bcfd 1
beie-bcfd 4
1254
1
jh-bcfe 2
1255
4
begg-bcff 2
iie-bcff 3
ddd-bcff 2
hfh-bcff 1
1256
1
fjj-bcfg 4
1257
1
egd-bcfh 2
1258
1
ihe-bcfi 2
1259
2
bchb-bcfj 5
cig-bcfj 3
1260
1
ghc-bcga 2
1261
2
jae-bcgb 3
eai-bcgb 1
1262
2
beih-bcgc 2
bahc-bcgc 2
1264
2
baih-bcge 5
bgh-bcge 1
1265
1
bbga-bcgf 2
1266
1
bfhf-bcgg 4
1267
2
cbj-bcgh 3
bdjg-bcgh 1
1268
3
fca-bcgi 5
hce-bcgi 1
bfh-bcgi 2
1269
3
bfci-bcgj 2
beae-bcgj 2
bdbg-bcgj 2
1270
1
deh-bcha 4
1271
2
bdfj-bchb 2
hhd-bchb 2
1272
2
cej-bchc 1
bdb-bchc 3
1273
2
jbd-bchd 2
bdaf-bchd 2
1274
2
becg-bche 3
gcd-bche 1
1275
2
bfag-bchf 2
hdj-bchf 2
1276
4
idc-bchg 3
bebi-bchg 2
hga-bchg 2
hhj-bchg 1
1277
5
cjb-bchh 1
hhi-bchh 1
bbij-bchh 4
bcjj-bchh 1
bcjb-bchh 3
1278
2
ifh-bchi 2
bcdj-bchi 2
1279
1
jcd-bchj 2
1280
3
bgec-bcia 8
hid-bcia 1
ibc-bcia 1
1281
3
bfgd-bcib 4
bje-bcib 1
dde-bcib 3
1284
3
bebd-bcie 2
eic-bcie 1
bbgh-bcie 3
1285
2
bdjb-bcif 3
jhh-bcif 1
1286
1
fae-bcig 2
1287
1
cae-bcih 2
1288
3
bafh-bcii 1
cga-bcii 4
jeh-bcii 1
1289
1
ebd-bcij 2
1290
3
hhd-bcja 3
ica-bcja 1
bbfi-bcja 2
1291
2
dba-bcjb 1
bcaa-bcjb 3
1292
2
bbaf-bcjc 1
bbdg-bcjc 3
1293
1
hdf-bcjd 2
1294
1
bbfh-bcje 2
1295
3
bedc-bcjf 4
bdjc-bcjf 1
dde-bcjf 3
1296
2
eii-bcjg 3
jce-bcjg 1
1297
1
dch-bcjh 2
1298
1
ida-bcji 4
1299
2
fig-bcjj 3
bfgi-bcjj 1
1300
3
edh-bdaa 4
eba-bdaa 1
gcj-bdaa 1
1301
2
bdib-bdab 3
iji-bdab 1
1302
2
gba-bdac 3
cgb-bdac 1
1303
2
dja-bdad 5
ch-bdad 1
1304
2
bahi-bdae 3
bbif-bdae 1
1305
1
ga-bdaf 2
1307
2
beeg-bdah 2
ibd-bdah 2
1308
2
bajh-bdai 2
baij-bdai 2
1309
2
hed-bdaj 3
je-bdaj 1
1310
1
bbch-bdba 2
1312
1
bcgf-bdbc 2
1314
1
hh-bdbe 2
1316
3
hdj-bdbg 4
bfii-bdbg 1
ddc-bdbg 1
1317
1
jhg-bdbh 2
1318
2
dbc-bdbi 3
bfbc-bdbi 1
1319
4
bbci-bdbj 1
gid-bdbj 2
jfa-bdbj 1
dhe-bdbj 4
1320
1
fej-bdca 2
1321
2
cii-bdcb 3
ibj-bdcb 1
1322
2
iig-bdcc 3
bdhf-bdcc 1
1323
2
bbcb-bdcd 3
bdgd-bdcd 1
1324
1
jfc-bdce 2
1325
1
faa-bdcf 2
1326
1
bce-bdcg 2
1327
2
hgc-bdch 3
cac-bdch 1
1328
2
efh-bdci 2
ci-bdci 2
1329
2
jjc-bdcj 3
feb-bdcj 1
1330
2
bebj-bdda 3
efh-bdda 1
1331
1
bbbg-bddb 2
1333
2
bcbf-bddd 3
daa-bddd 1
1334
2
bid-bdde 2
jif-bdde 2
1335
3
bbbg-bddf 2
bbcc-bddf 3
gig-bddf 1
1336
1
badj-bddg 2
1337
1
bffa-bddh 2
1338
1
fjg-bddi 2
1339
3
bbbe-bddj 2
bj-bddj 3
bcaf-bddj 1
1340
1
dc-bdea 2
1341
2
bdif-bdeb 1
jaf-bdeb 3
1342
4
cca-bdec 1
bfeg-bdec 1
bfaf-bdec 5
ida-bdec 1
1343
2
befd-bded 3
bbbi-bded 1
1344
3
bcie-bdee 4
gii-bdee 1
cgc-bdee 1
1345
2
hbe-bdef 1
bbeg-bdef 3
1346
3
bgfb-bdeg 3
iai-bdeg 2
hdh-bdeg 1
1347
1
cfc-bdeh 4
1348
1
bccd-bdei 2
1349
2
jag-bdej 2
bfaa-bdej 2
1350
3
bje-bdfa 2
jjf-bdfa 3
hdb-bdfa 1
1351
1
ijg-bdfb 4
1352
1
hdc-bdfc 2
1353
2
efb-bdfd 2
bec-bdfd 2
1354
2
bfeg-bdfe 3
gdf-bdfe 1
1355
1
jga-bdff 2
1356
2
bib-bdfg 2
bdic-bdfg 2
1357
2
bacc-bdfh 1
bege-bdfh 3
1358
2
becc-bdfi 1
jcf-bdfi 3
1359
3
cdf-bdfj 2
bbjf-bdfj 2
hae-bdfj 2
1360
4
ihf-bdga 2
bafa-bdga 3
begc-bdga 2
ehh-bdga 1
1361
2
bead-bdgb 4
hig-bdgb 2
1362
2
eba-bdgc 1
bcbd-bdgc 3
1363
2
gbc-bdgd 3
gga-bdgd 1
1364
1
baej-bdge 2
1365
3
bfbe-bdgf 2
fcc-bdgf 3
gdb-bdgf 1
1366
1
fbh-bdgg 2
1367
2
eea-bdgh 2
ghj-bdgh 2
1368
2
bdjb-bdgi 1
bdj-bdgi 3
1369
1
bgdi-bdgj 4
1370
2
behi-bdha 4
daj-bdha 2
1371
2
hbh-bdhb 1
haf-bdhb 3
1372
2
jei-bdhc 2
bahg-bdhc 2
1373
2
bcbg-bdhd 3
bae-bdhd 1
1374
4
baia-bdhe 1
jjj-bdhe 5
ecc-bdhe 1
bagb-bdhe 1
1375
2
bcdh-bdhf 3
bfae-bdhf 1
1376
1
efd-bdhg 2
1377
1
bdfd-bdhh 2
1378
3
ihe-bdhi 3
hb-bdhi 2
ccf-bdhi 1
1379
1
iah-bdhj 2
1380
2
bgff-bdia 1
jgg-bdia 3
1381
1
bcfi-bdib 2
1382
1
hhg-bdic 2
1383
1
beh-bdid 2
1384
1
igc-bdie 2
1385
2
f-bdif 3
fgc-bdif 1
1386
2
bajc-bdig 3
bdge-bdig 1
1388
2
fbg-bdii 2
cch-bdii 2
1389
1
fbg-bdij 2
1390
2
bbhb-bdja 1
bdeb-bdja 3
1391
1
bchd-bdjb 2
1392
2
bfbb-bdjc 3
ifh-bdjc 1
1393
1
eca-bdjd 2
1394
2
cge-bdje 3
bacj-bdje 3
1395
1
jig-bdjf 2
1396
1
bdef-bdjg 2
1397
1
bfdf-bdjh 4
1398
2
egb-bdji 2
bej-bdji 2
1399
1
bccf-bdjj 4
1400
2
eeb-beaa 3
bcfj-beaa 1
1401
1
baai-beab 4
1403
2
bib-bead 3
bafg-bead 1
1404
1
bdch-beae 2
1405
1
geb-beaf 2
1406
1
cci-beag 2
1407
2
bche-beah 5
bgfc-beah 1
1408
1
ida-beai 2
1409
1
dea-beaj 4
1410
3
bbcb-beba 1
bfg-beba 1
bbf-beba 4
1411
1
bgf-bebb 2
1412
1
bbah-bebc 2
1413
2
bejj-bebd 1
babc-bebd 3
1414
1
bccd-bebe 2
1415
2
bbfj-bebf 1
ghb-bebf 3
1416
1
idj-bebg 2
1417
2
dag-bebh 2
bbgc-bebh 2
1418
1
fad-bebi 2
1419
1
bbec-bebj 2
1420
2
jjf-beca 2
ddg-beca 2
1421
2
bcg-becb 3
bfbj-becb 3
1422
2
bcc-becc 3
haf-becc 1
1423
2
bbii-becd 2
fba-becd 2
1424
1
fii-bece 2
1425
2
hce-becf 2
fed-becf 2
1426
1
bagi-becg 2
1427
1
dfj-bech 2
1428
1
bbgj-beci 2
1429
2
hec-becj 3
bdbi-becj 1
1430
3
cbd-beda 3
bfhh-beda 2
bc-beda 1
1431
1
bebd-bedb 2
1432
2
baic-bedc 3
bfaj-bedc 1
1433
1
ceg-bedd 2
1434
2
hf-bede 3
bbda-bede 1
1435
2
ebh-bedf 3
djf-bedf 1
1436
1
jbg-bedg 4
1437
2
baha-bedh 3
bgai-bedh 1
1438
1
iib-bedi 4
1439
1
igd-bedj 2
1441
2
hcf-beeb 2
bbee-beeb 2
1442
1
jba-beec 2
1443
2
bfih-beed 1
becd-beed 5
1444
2
eff-beee 1
hhc-beee 3
1445
2
icf-beef 3
hhf-beef 1
1446
3
he-beeg 4
bdeb-beeg 1
befc-beeg 1
1447
1
bdgc-beeh 2
1448
1
bdcg-beei 2
1450
2
ebe-befa 2
cbc-befa 2
1451
1
babd-befb 2
1452
1
bchf-befc 2
1453
3
chj-befd 2
iia-befd 2
dci-befd 2
1454
1
fif-befe 2
1455
2
fid-beff 3
hc-beff 1
1456
1
bah-befg 2
1458
1
bahf-befi 2
1459
1
bdgc-befj 2
1460
1
gca-bega 2
1461
1
iie-begb 2
1462
2
ghf-begc 3
bgad-begc 1
1463
1
bdgi-begd 2
1464
2
babb-bege 3
bdci-bege 1
1466
2
ifb-begg 1
bfai-begg 3
1467
1
eac-begh 2
1468
1
cff-begi 2
1469
2
bbfb-begj 2
eef-begj 2
1470
3
bebd-beha 4
hcj-beha 1
cji-beha 1
1471
1
bfdh-behb 2
1472
1
ifa-behc 2
1473
1
eda-behd 2
1474
3
ihd-behe 3
bgaa-behe 2
baja-behe 1
1475
1
hdf-behf 2
1476
1
iei-behg 2
1477
1
bcgg-behh 2
1478
2
bgde-behi 1
bjh-behi 3
1479
3
dcd-behj 4
dbd-behj 1
ihb-behj 1
1480
1
ffd-beia 2
1481
1
bdaj-beib 2
1482
3
dg-beic 2
ec-beic 1
bbb-beic 3
1483
2
iai-beid 3
bdje-beid 1
1484
1
cgc-beie 2
1485
3
gab-beif 3
cii-beif 2
hfb-beif 1
1486
1
bedd-beig 4
1487
2
ijd-beih 1
dcc-beih 3
1488
1
cbe-beii 2
1489
1
bah-beij 4
1490
1
cid-beja 2
1491
1
bace-bejb 2
1493
1
badc-bejd 2
1494
1
baag-beje 2
1495
1
jhi-bejf 2
1496
2
bcag-bejg 3
cha-bejg 1
1497
1
bdaa-bejh 2
1498
2
dcf-beji 2
ifa-beji 2
1499
1
cdg-bejj 2
1500
2
ccd-bfaa 2
bhf-bfaa 2
1501
1
fbi-bfab 2
1503
1
jhc-bfad 2
1504
2
ecc-bfae 2
bfah-bfae 4
1505
2
bedh-bfaf 1
hbb-bfaf 3
1506
2
bdad-bfag 3
jai-bfag 1
1507
1
jbf-bfah 2
1508
1
bcaj-bfai 2
1509
1
bcjd-bfaj 2
1510
1
bdgg-bfba 2
1511
1
hda-bfbb 2
1512
1
ijd-bfbc 2
1513
3
bbjd-bfbd 3
dcg-bfbd 1
fia-bfbd 2
1514
1
behh-bfbe 2
1515
2
efe-bfbf 2
bdga-bfbf 2
1516
1
hih-bfbg 2
1518
1
jjc-bfbi 2
1519
1
beif-bfbj 2
1520
1
ghc-bfca 2
1521
3
gaj-bfcb 4
gfa-bfcb 1
bbba-bfcb 1
1522
1
gga-bfcc 2
1523
3
bcdc-bfcd 3
bdbj-bfcd 2
ggc-bfcd 1
1524
1
jh-bfce 2
1525
1
bca-bfcf 2
1526
3
bfgg-bfcg 1
cjc-bfcg 4
bgdj-bfcg 1
1527
1
bafe-bfch 2
1528
1
fjb-bfci 2
1529
2
gh-bfcj 3
dif-bfcj 1
1530
1
baai-bfda 4
1531
1
iih-bfdb 2
1532
1
bfbc-bfdc 2
1533
1
bcgh-bfdd 2
1534
1
jgf-bfde 2
1535
1
ddf-bfdf 2
1536
1
bdfi-bfdg 2
1537
1
bdec-bfdh 2
1538
2
fgc-bfdi 1
ihc-bfdi 3
1539
2
dgg-bfdj 1
bddd-bfdj 3
1540
1
jdg-bfea 2
1541
1
ggf-bfeb 2
1542
2
edg-bfec 3
bdge-bfec 1
1543
2
iia-bfed 3
iea-bfed 1
1544
2
dae-bfee 1
fhi-bfee 3
1545
3
bgda-bfef 4
ied-bfef 1
faa-bfef 3
1546
1
dfb-bfeg 2
1547
1
fdc-bfeh 2
1548
1
cbf-bfei 2
1549
1
bdia-bfej 2
1550
1
iab-bffa 2
1551
1
bda-bffb 2
1553
1
egi-bffd 2
1555
1
becg-bfff 2
1556
1
gci-bffg 2
1557
1
ghi-bffh 2
1558
1
ed-bffi 2
1559
1
eda-bffj 2
1560
2
bfj-bfga 3
dcg-bfga 1
1561
2
beif-bfgb 3
bcfj-bfgb 1
1562
1
bdac-bfgc 2
1563
1
ihj-bfgd 2
1564
1
chj-bfge 2
1565
2
eig-bfgf 3
bgga-bfgf 1
1566
1
ec-bfgg 2
1567
1
bbie-bfgh 2
1568
3
fea-bfgi 4
bgej-bfgi 1
bgee-bfgi 1
1570
1
cga-bfha 2
1571
1
bhg-bfhb 2
1572
1
dgd-bfhc 2
1573
1
bdgb-bfhd 2
1574
1
bfi-bfhe 2
1575
2
jjj-bfhf 3
ded-bfhf 1
1576
2
ibi-bfhg 3
bfhi-bfhg 1
1577
1
ibh-bfhh 2
1578
1
ice-bfhi 2
1579
2
gih-bfhj 3
bejj-bfhj 1
1580
1
df-bfia 2
1581
1
bdca-bfib 2
1582
2
igc-bfic 3
bgfg-bfic 1
1583
1
hfa-bfid 2
1584
1
ceh-bfie 2
1585
2
dfi-bfif 1
caa-bfif 3
1587
1
cif-bfih 2
1588
2
hjg-bfii 3
edc-bfii 1
1589
1
gih-bfij 2
1590
1
bie-bfja 2
1591
1
icj-bfjb 2
1592
1
bej-bfjc 2
1593
1
bajd-bfjd 2
1594
1
bfba-bfje 2
1595
1
cdg-bfjf 2
1596
1
bdej-bfjg 2
1598
1
bebd-bfji 2
1599
1
hhg-bfjj 2
1600
1
bcdd-bgaa 2
1601
1
fga-bgab 2
1602
1
babg-bgac 2
1603
1
bdba-bgad 2
1604
1
bajd-bgae 2
1606
1
bed-bgag 2
1607
1
bdhi-bgah 2
1608
1
baji-bgai 2
1609
1
egb-bgaj 2
1610
1
ddd-bgba 2
1611
1
dib-bgbb 2
1612
1
bba-bgbc 2
1613
1
bfje-bgbd 4
1614
1
bfhe-bgbe 2
1615
1
bbfa-bgbf 2
1616
1
dff-bgbg 2
1617
2
bgfh-bgbh 3
ece-bgbh 1
1618
1
bfjc-bgbi 2
1619
1
cbj-bgbj 2
1620
1
hjh-bgca 2
1621
1
icd-bgcb 2
1622
2
bdbe-bgcc 2
dga-bgcc 2
1625
1
cib-bgcf 2
1626
1
cba-bgcg 2
1627
1
cga-bgch 2
1628
2
bda-bgci 1
hje-bgci 3
1629
1
beeg-bgcj 2
1630
1
bcai-bgda 2
1631
1
jdd-bgdb 2
1632
1
gbb-bgdc 2
1633
2
bhf-bgdd 5
ede-bgdd 1
1634
1
beic-bgde 2
1635
1
bbia-bgdf 2
1636
1
baf-bgdg 2
1637
1
hhh-bgdh 2
1638
2
jdi-bgdi 1
bach-bgdi 3
1639
1
jdb-bgdj 2
1640
1
bcia-bgea 2
1641
1
ega-bgeb 2
1642
2
djd-bgec 2
bacg-bgec 2
1643
1
behi-bged 2
1644
1
hjf-bgee 2
1645
1
fed-bgef 2
1646
1
baca-bgeg 2
1647
1
bece-bgeh 2
1648
1
bgca-bgei 2
1649
1
jej-bgej 2
1650
1
bddj-bgfa 2
1651
1
bhh-bgfb 2
1652
1
bfjg-bgfc 2
1653
2
ddb-bgfd 3
gif-bgfd 1
1654
1
bfcf-bgfe 2
1655
1
bcgh-bgff 2
1656
1
bce-bgfg 2
1657
1
bgbi-bgfh 2
1658
1
bie-bgfi 2
1659
1
eef-bgfj 2
1660
1
bdhi-bgga 2
1661
1
bdhg-bggb 2
