734
2
2
di-c 1
bi-c 1
4
1
hic-e 2
5
1
e-f 2
8
1
geg-i 2
9
1
fbj-j 2
10
1
bdi-ba 2
11
2
bee-bb 1
gc-bb 1
14
1
beai-be 2
15
1
dh-bf 2
17
2
bgeh-bh 1
ihi-bh 1
18
2
fic-bi 1
babg-bi 1
19
1
bdbf-bj 2
23
1
dbg-cd 2
24
1
jag-ce 2
25
2
def-cf 1
eac-cf 1
28
1
bffg-ci 2
32
2
bbgj-dc 1
iej-dc 1
34
1
di-de 2
36
2
bgfe-dg 1
bcii-dg 1
37
2
dc-dh 1
bagf-dh 1
38
1
haf-di 2
39
1
gdb-dj 2
40
1
eee-ea 2
41
1
cdi-eb 2
46
1
bdj-eg 2
48
1
dff-ei 2
50
1
bhg-fa 2
52
1
bfch-fc 2
55
1
gb-ff 2
57
1
bejb-fh 2
60
1
fga-ga 2
61
1
bbjc-gb 2
62
2
bdfa-gc 1
gge-gc 1
63
2
gfb-gd 1
bfgc-gd 1
64
1
dfi-ge 2
66
2
bfjf-gg 1
cdh-gg 1
67
2
jci-gh 1
bh-gh 1
68
1
ch-gi 2
71
1
efh-hb 2
72
2
ejc-hc 1
cif-hc 1
75
1
hie-hf 2
78
2
baec-hi 1
iba-hi 1
79
2
di-hj 1
jfc-hj 1
82
1
cgi-ic 2
84
1
dej-ie 2
85
2
bfce-if 1
bcge-if 1
86
1
egf-ig 2
88
1
bgfi-ii 2
91
1
ehi-jb 2
92
2
babi-jc 1
bbjg-jc 1
94
1
gdf-je 2
96
1
daf-jg 2
97
1
bbfg-jh 2
98
1
bdjh-ji 2
100
1
dfi-baa 2
106
1
bcc-bag 2
111
1
fdh-bbb 2
112
2
chf-bbc 1
dbb-bbc 1
114
1
cie-bbe 2
116
2
eg-bbg 1
gdc-bbg 1
117
1
bacc-bbh 2
118
2
beeh-bbi 1
bca-bbi 1
119
1
fag-bbj 2
120
1
gaf-bca 2
122
2
bbab-bcc 1
bbff-bcc 1
123
1
gc-bcd 2
126
1
di-bcg 2
128
1
bbhe-bci 2
130
1
ffa-bda 2
131
1
deh-bdb 2
133
1
bcgc-bdd 2
135
2
gea-bdf 1
hcg-bdf 1
136
2
bcc-bdg 1
bahh-bdg 1
138
1
iic-bdi 2
139
2
hhc-bdj 1
geh-bdj 1
140
1
cdh-bea 2
142
2
hj-bec 1
eei-bec 1
143
1
cd-bed 2
144
2
cfa-bee 1
bgbe-bee 1
148
1
fge-bei 2
158
2
gaa-bfi 1
bgci-bfi 1
160
1
hbd-bga 2
166
2
bcaa-bgg 1
ehg-bgg 1
167
2
bfgh-bgh 1
be-bgh 1
168
1
daj-bgi 2
170
2
fh-bha 1
gi-bha 1
174
1
daa-bhe 2
175
2
cgi-bhf 1
bci-bhf 1
176
2
cdi-bhg 1
bci-bhg 1
178
1
eaj-bhi 2
181
2
eae-bib 1
fhc-bib 1
184
1
bde-bie 2
185
2
bgcg-bif 1
babf-bif 1
190
1
dca-bja 2
193
2
gd-bjd 1
ghb-bjd 1
194
1
ecd-bje 2
195
2
hic-bjf 1
baff-bjf 1
198
2
cgh-bji 1
fdj-bji 1
199
1
baad-bjj 2
200
2
djj-caa 1
dhc-caa 1
202
1
fid-cac 2
205
2
bafb-caf 1
ghc-caf 1
206
1
cie-cag 2
210
2
bbjf-cba 1
bccb-cba 1
212
2
efg-cbc 1
bcdg-cbc 1
213
2
bif-cbd 1
jfc-cbd 1
216
1
becj-cbg 2
217
1
bhi-cbh 2
218
1
ede-cbi 2
219
1
gjj-cbj 2
220
1
eea-cca 2
222
1
jfh-ccc 2
225
2
ihi-ccf 1
ga-ccf 1
226
1
ijd-ccg 2
227
1
bhe-cch 2
228
2
haf-cci 1
bgbg-cci 1
231
1
ejg-cdb 2
235
1
fjc-cdf 2
236
1
dff-cdg 2
237
1
bbja-cdh 2
238
2
beha-cdi 1
j-cdi 1
240
1
che-cea 2
241
1
bdea-ceb 2
249
1
bh-cej 2
250
1
bdhb-cfa 2
257
1
cie-cfh 2
260
1
dh-cga 2
261
1
da-cgb 2
262
1
cdb-cgc 2
265
1
bgbh-cgf 2
267
2
bdhc-cgh 1
hc-cgh 1
268
2
baaa-cgi 1
fdh-cgi 1
272
2
bbfj-chc 1
fjc-chc 1
273
1
bfbg-chd 2
274
1
befj-che 2
275
1
eca-chf 2
278
1
bbc-chi 2
281
1
eha-cib 2
284
2
jfi-cie 1
gg-cie 1
285
2
bcja-cif 1
dae-cif 1
286
1
eef-cig 2
287
1
icg-cih 2
291
1
eei-cjb 2
292
1
bfgi-cjc 2
298
1
bdce-cji 2
299
1
jah-cjj 2
300
2
bbhc-daa 1
bfde-daa 1
302
1
dce-dac 2
303
1
gfd-dad 2
304
1
bcib-dae 2
305
2
fbb-daf 1
bdcb-daf 1
307
1
cgi-dah 2
308
1
dhc-dai 2
309
2
dce-daj 1
geh-daj 1
310
1
hhj-dba 2
311
1
eaa-dbb 2
313
1
gcb-dbd 2
315
1
gib-dbf 2
316
1
iag-dbg 2
320
2
jbi-dca 1
a-dca 1
321
1
efg-dcb 2
324
2
ebg-dce 1
jef-dce 1
326
1
jjj-dcg 2
327
2
bdgc-dch 1
eca-dch 1
335
1
eij-ddf 2
340
1
ief-dea 2
341
2
hgj-deb 1
cbi-deb 1
343
1
gij-ded 2
344
2
cia-dee 1
fhb-dee 1
345
1
jfi-def 2
349
1
bcah-dej 2
354
1
baac-dfe 2
355
1
hii-dff 2
356
1
eib-dfg 2
358
2
egd-dfi 1
hgh-dfi 1
363
2
ifg-dgd 1
cbc-dgd 1
364
1
dc-dge 2
367
1
dff-dgh 2
370
1
dij-dha 2
372
1
dbg-dhc 2
373
2
baeg-dhd 1
dgh-dhd 1
376
1
ida-dhg 2
380
1
ecg-dia 2
384
1
baag-die 2
389
2
ici-dij 1
bacf-dij 1
393
1
ceb-djd 2
394
1
beaj-dje 2
395
1
di-djf 2
396
1
efi-djg 2
397
2
beca-djh 1
ebi-djh 1
399
2
bbc-djj 1
jib-djj 1
400
2
bee-eaa 1
hjj-eaa 1
402
1
cej-eac 2
404
1
icb-eae 2
407
1
bbcf-eah 2
408
1
bbec-eai 2
409
1
beec-eaj 2
410
1
bif-eba 2
411
1
ffd-ebb 2
414
2
ebb-ebe 1
ceb-ebe 1
417
1
icg-ebh 2
418
1
hfe-ebi 2
419
2
jgc-ebj 1
djj-ebj 1
420
1
jga-eca 2
422
2
bdch-ecc 1
jc-ecc 1
423
1
jfj-ecd 2
424
1
eaa-ece 2
426
1
bcca-ecg 2
427
1
hcd-ech 2
434
2
jh-ede 1
ffi-ede 1
435
2
hba-edf 1
bdag-edf 1
437
2
bbgb-edh 1
hcd-edh 1
439
1
egf-edj 2
443
2
iaa-eed 1
fcg-eed 1
445
1
bdg-eef 2
448
1
beed-eei 2
453
2
fei-efd 1
bbc-efd 1
454
1
bcdb-efe 2
455
1
bjf-eff 2
456
2
bcad-efg 1
iib-efg 1
458
1
eec-efi 2
460
2
feh-ega 1
bja-ega 1
461
1
bcdf-egb 2
463
1
cfa-egd 2
465
2
fge-egf 1
ifd-egf 1
470
1
cgh-eha 2
471
1
hib-ehb 2
473
1
hcb-ehd 2
475
1
hgh-ehf 2
476
1
edf-ehg 2
478
1
jfd-ehi 2
481
2
iih-eib 1
dg-eib 1
482
1
bdfb-eic 2
489
1
jae-eij 2
492
1
bcbe-ejc 2
495
1
bfja-ejf 2
496
2
feg-ejg 1
chd-ejg 1
500
1
ice-faa 2
502
1
cbi-fac 2
503
2
baei-fad 1
bdjg-fad 1
504
1
baba-fae 2
506
1
dbf-fag 2
509
1
fgi-faj 2
511
1
jgi-fbb 2
514
1
fgi-fbe 2
517
2
fgb-fbh 1
fdh-fbh 1
519
1
hdc-fbj 2
520
1
gaj-fca 2
522
1
bfca-fcc 2
526
1
gcc-fcg 2
529
1
fcg-fcj 2
531
2
eha-fdb 1
ccf-fdb 1
533
2
bfie-fdd 1
baei-fdd 1
537
1
deb-fdh 2
539
1
bdfh-fdj 2
541
1
ieb-feb 2
542
1
bfcg-fec 2
543
1
hdi-fed 2
545
2
bfdg-fef 1
je-fef 1
546
2
ijc-feg 1
hgh-feg 1
547
1
djg-feh 2
548
1
begd-fei 2
550
2
idb-ffa 1
gch-ffa 1
557
1
e-ffh 2
558
2
cdj-ffi 1
cif-ffi 1
560
2
cie-fga 1
bhe-fga 1
561
2
dba-fgb 1
gff-fgb 1
564
1
gjf-fge 2
568
1
dfg-fgi 2
569
1
ghj-fgj 2
571
2
beeb-fhb 1
bfcb-fhb 1
572
2
bfed-fhc 1
bgea-fhc 1
574
1
ebh-fhe 2
577
1
cba-fhh 2
578
1
bja-fhi 2
581
1
fgb-fib 2
582
2
cea-fic 1
bgaj-fic 1
583
2
cih-fid 1
bbaa-fid 1
588
1
haf-fii 2
592
2
hdf-fjc 1
cie-fjc 1
600
1
bacj-gaa 2
601
1
gdh-gab 2
604
1
ceb-gae 2
606
1
bahg-gag 2
607
1
iaf-gah 2
609
2
bcde-gaj 1
di-gaj 1
610
2
bbge-gba 1
bbib-gba 1
614
1
bgfd-gbe 2
617
1
ff-gbh 2
619
2
jej-gbj 1
bbfi-gbj 1
620
1
haj-gca 2
621
1
bfbd-gcb 2
622
2
baad-gcc 1
cdh-gcc 1
628
2
igb-gci 1
bga-gci 1
631
1
eah-gdb 2
632
1
gbe-gdc 2
635
1
bchf-gdf 2
636
2
bajh-gdg 1
bddj-gdg 1
637
1
jci-gdh 2
640
1
edi-gea 2
645
1
dfi-gef 2
646
1
bfcj-geg 2
647
1
jg-geh 2
651
1
jhj-gfb 2
653
1
bdbg-gfd 2
655
1
idi-gff 2
658
1
becd-gfi 2
664
2
beg-gge 1
efd-gge 1
666
2
die-ggg 1
dij-ggg 1
668
2
bfc-ggi 1
cbc-ggi 1
670
1
gdh-gha 2
671
1
bgef-ghb 2
672
1
beid-ghc 2
674
1
ggg-ghe 2
676
1
fhb-ghg 2
679
2
bcbc-ghj 1
hec-ghj 1
681
1
bbhf-gib 2
683
1
cjj-gid 2
685
1
hge-gif 2
687
1
badc-gih 2
689
1
ehf-gij 2
692
2
behb-gjc 1
hji-gjc 1
695
1
ieg-gjf 2
697
1
cbg-gjh 2
699
1
iii-gjj 2
704
2
chi-hae 1
bbic-hae 1
705
2
jda-haf 1
jji-haf 1
709
1
bdjj-haj 2
710
2
bdbi-hba 1
bega-hba 1
713
1
bei-hbd 2
714
1
fc-hbe 2
717
2
ci-hbh 1
babe-hbh 1
719
1
bedf-hbj 2
721
1
bahd-hcb 2
723
2
bgi-hcd 1
jee-hcd 1
724
2
beaf-hce 1
ejf-hce 1
726
1
ibf-hcg 2
728
1
ggi-hci 2
729
1
bbgd-hcj 2
731
1
bfhg-hdb 2
732
2
befb-hdc 1
cej-hdc 1
734
1
bbjf-hde 2
735
2
gbh-hdf 1
fad-hdf 1
738
1
beah-hdi 2
742
2
bdda-hec 1
bfjg-hec 1
745
1
bjd-hef 2
748
1
ie-hei 2
749
1
bgbd-hej 2
752
2
gab-hfc 1
gjh-hfc 1
754
2
gac-hfe 1
bahd-hfe 1
756
1
bbac-hfg 2
758
1
beih-hfi 2
759
1
bfhi-hfj 2
760
1
bbg-hga 2
762
1
hje-hgc 2
764
1
beff-hge 2
765
2
bci-hgf 1
bafe-hgf 1
767
1
dej-hgh 2
768
1
baja-hgi 2
770
1
baad-hha 2
773
1
gaa-hhd 2
779
1
bfag-hhj 2
781
1
bbi-hib 2
782
2
chh-hic 1
bgcf-hic 1
788
1
cgi-hii 2
791
1
cfh-hjb 2
792
2
bfhe-hjc 1
bbfi-hjc 1
793
1
fef-hjd 2
794
2
bdja-hje 1
fgj-hje 1
795
2
beji-hjf 1
edj-hjf 1
796
1
jdh-hjg 2
798
1
hfj-hji 2
799
2
gah-hjj 1
beea-hjj 1
800
2
deb-iaa 1
jcg-iaa 1
801
2
cdh-iab 1
ech-iab 1
804
1
cdf-iae 2
805
1
ejf-iaf 2
806
1
bage-iag 2
807
1
fei-iah 2
808
1
dje-iai 2
810
1
bbbj-iba 2
813
1
bgcj-ibd 2
817
1
babb-ibh 2
819
1
bbcd-ibj 2
820
2
becf-ica 1
dgi-ica 1
821
1
hfi-icb 2
823
1
hj-icd 2
824
1
ehd-ice 2
826
2
gcg-icg 1
bjj-icg 1
828
1
jc-ici 2
830
1
bcfd-ida 2
831
1
ghi-idb 2
836
2
bfi-idg 1
dhd-idg 1
838
2
bgfa-idi 1
ech-idi 1
840
1
bebf-iea 2
841
2
bbie-ieb 1
fhb-ieb 1
842
1
hfg-iec 2
845
2
ea-ief 1
bbah-ief 1
846
1
ffh-ieg 2
848
1
hgi-iei 2
849
1
bbh-iej 2
852
2
bchg-ifc 1
ejj-ifc 1
853
2
bbhd-ifd 1
cf-ifd 1
854
2
dad-ife 1
hjf-ife 1
856
2
be-ifg 1
bgeb-ifg 1
861
1
cif-igb 2
870
2
bcdj-iha 1
hgf-iha 1
875
1
bbad-ihf 2
878
1
bdgf-ihi 2
879
1
caf-ihj 2
880
1
fgb-iia 2
881
1
baeb-iib 2
882
1
jje-iic 2
883
1
iae-iid 2
886
1
hjb-iig 2
887
1
hbj-iih 2
889
1
baaa-iij 2
893
2
beda-ijd 1
hfi-ijd 1
895
1
hei-ijf 2
896
1
behi-ijg 2
901
1
baej-jab 2
906
2
cg-jag 1
cbc-jag 1
907
1
baia-jah 2
908
1
gbj-jai 2
910
2
bdef-jba 1
gej-jba 1
913
1
bfad-jbd 2
917
1
dbd-jbh 2
918
1
bdcc-jbi 2
926
1
ggg-jcg 2
928
2
bfbf-jci 1
gih-jci 1
930
2
bdig-jda 1
bgdf-jda 1
931
2
cgf-jdb 1
hge-jdb 1
934
1
bi-jde 2
944
1
hjb-jee 2
945
2
badj-jef 1
bbje-jef 1
948
1
eff-jei 2
949
1
ehb-jej 2
950
1
fdj-jfa 2
952
1
jgb-jfc 2
953
1
babc-jfd 2
954
1
bfgb-jfe 2
957
1
gfb-jfh 2
958
2
befa-jfi 1
bbj-jfi 1
959
1
bdhe-jfj 2
960
1
bfcd-jga 2
961
1
ecd-jgb 2
962
1
ibd-jgc 2
965
1
i-jgf 2
966
1
bajc-jgg 2
968
1
iae-jgi 2
970
2
bea-jha 1
jia-jha 1
973
1
gba-jhd 2
975
1
bajj-jhf 2
979
1
eei-jhj 2
980
1
bded-jia 2
981
1
iac-jib 2
985
1
bb-jif 2
992
1
bcgb-jjc 2
999
1
bcci-jjj 2
1000
1
fgi-baaa 2
1003
1
ceb-baad 2
1006
1
jci-baag 2
1010
1
ehi-baba 2
1011
1
djh-babb 2
1012
2
beag-babc 1
if-babc 1
1013
1
dfe-babd 2
1014
1
ebj-babe 2
1015
1
begj-babf 2
1016
1
bdhd-babg 2
1018
2
cdb-babi 1
baij-babi 1
1021
1
bgbj-bacb 2
1022
1
gdb-bacc 2
1029
2
iha-bacj 1
bada-bacj 1
1030
1
hej-bada 2
1032
1
ifg-badc 2
1033
1
bcac-badd 2
1041
1
bdcj-baeb 2
1042
1
jha-baec 2
1048
2
bagg-baei 1
bcig-baei 1
1049
2
bdfj-baej 1
bbhh-baej 1
1051
2
bbbd-bafb 1
gdg-bafb 1
1054
1
fdd-bafe 2
1055
1
bfif-baff 2
1059
1
hef-bafj 2
1061
1
fhb-bagb 2
1064
1
jhf-bage 2
1065
1
bede-bagf 2
1066
1
hgb-bagg 2
1067
1
cgf-bagh 2
1069
1
jhd-bagj 2
1070
1
bgcc-baha 2
1073
2
behd-bahd 1
dbb-bahd 1
1076
1
gjc-bahg 2
1077
1
bedg-bahh 2
1080
1
bgg-baia 2
1087
1
gcf-baih 2
1089
2
bha-baij 1
ife-baij 1
1090
1
cdh-baja 2
1092
1
dhb-bajc 2
1094
1
gfi-baje 2
1095
1
bbgi-bajf 2
1098
1
baje-baji 2
1099
1
bajf-bajj 2
1100
1
bcfa-bbaa 2
1102
1
dce-bbac 2
1103
1
jbh-bbad 2
1104
2
gid-bbae 1
gc-bbae 1
1107
1
bfjh-bbah 2
1110
1
hdb-bbba 2
1113
2
bgab-bbbd 1
icb-bbbd 1
1122
1
hbd-bbcc 2
1125
2
bbae-bbcf 1
fhc-bbcf 1
1127
1
icb-bbch 2
1130
1
jde-bbda 2
1134
1
jif-bbde 2
1141
2
bbde-bbeb 1
ji-bbeb 1
1142
1
bcie-bbec 2
1145
2
badd-bbef 1
ce-bbef 1
1151
1
bdah-bbfb 2
1155
2
hg-bbff 1
bdjd-bbff 1
1156
1
bfee-bbfg 2
1158
1
bfhb-bbfi 2
1159
1
ifc-bbfj 2
1161
2
hi-bbgb 1
hgd-bbgb 1
1163
1
bgag-bbgd 2
1164
1
eb-bbge 2
1168
1
jgi-bbgi 2
1169
1
eah-bbgj 2
1171
1
iec-bbhb 2
1172
1
cbh-bbhc 2
1173
2
j-bbhd 1
bdb-bbhd 1
1174
1
bbgb-bbhe 2
1175
1
dia-bbhf 2
1177
1
beee-bbhh 2
1180
1
ei-bbia 2
1181
1
bdi-bbib 2
1182
2
befc-bbic 1
iab-bbic 1
1184
2
bbhj-bbie 1
dee-bbie 1
1188
1
bfgf-bbii 2
1190
2
bacb-bbja 1
fec-bbja 1
1192
1
ii-bbjc 2
1194
1
cbd-bbje 2
1195
1
haj-bbjf 2
1196
2
hjb-bbjg 1
bagj-bbjg 1
1199
1
cig-bbjj 2
1201
1
dfi-bcab 2
1202
1
fa-bcac 2
1203
2
bdf-bcad 1
bgcb-bcad 1
1205
1
bcda-bcaf 2
1207
1
eed-bcah 2
1212
2
ef-bcbc 1
bafj-bcbc 1
1214
1
bdd-bcbe 2
1217
1
bhg-bcbh 2
1220
1
jfe-bcca 2
1221
1
egb-bccb 2
1223
2
bfed-bccd 1
behg-bccd 1
1225
1
bfhd-bccf 2
1228
1
hjd-bcci 2
1230
2
beii-bcda 1
dh-bcda 1
1231
1
bbeb-bcdb 2
1232
2
bccd-bcdc 1
bfga-bcdc 1
1234
2
beje-bcde 1
cba-bcde 1
1235
1
bbef-bcdf 2
1236
1
hjc-bcdg 2
1239
1
fdb-bcdj 2
1244
1
iai-bcee 2
1249
1
jfh-bcej 2
1250
1
jfh-bcfa 2
1253
1
idg-bcfd 2
1261
1
eai-bcgb 2
1262
1
beih-bcgc 2
1264
2
baih-bcge 1
bgh-bcge 1
1266
1
bfhf-bcgg 2
1273
1
jbd-bchd 2
1275
1
bfag-bchf 2
1276
2
bebi-bchg 1
hga-bchg 1
1280
1
bgec-bcia 2
1281
2
bje-bcib 1
bfgd-bcib 1
1284
1
eic-bcie 2
1286
1
fae-bcig 2
1288
1
jeh-bcii 2
1290
2
hhd-bcja 1
ica-bcja 1
1297
1
dch-bcjh 2
1302
1
cgb-bdac 2
1310
1
bbch-bdba 2
1316
1
bfii-bdbg 2
1319
2
gid-bdbj 1
jfa-bdbj 1
1321
1
ibj-bdcb 2
1322
1
bdhf-bdcc 2
1324
1
jfc-bdce 2
1327
2
hgc-bdch 1
cac-bdch 1
1329
2
feb-bdcj 1
jjc-bdcj 1
1339
2
bcaf-bddj 1
bj-bddj 1
1340
1
dc-bdea 2
1342
2
bfaf-bdec 1
cca-bdec 1
1343
1
befd-bded 2
1345
1
hbe-bdef 2
1349
1
jag-bdej 2
1350
1
bje-bdfa 2
1351
1
ijg-bdfb 2
1357
1
bacc-bdfh 2
1358
2
becc-bdfi 1
jcf-bdfi 1
1359
2
cdf-bdfj 1
hae-bdfj 1
1360
2
ihf-bdga 1
begc-bdga 1
1361
1
bead-bdgb 2
1362
1
eba-bdgc 2
1364
1
baej-bdge 2
1365
2
fcc-bdgf 1
bfbe-bdgf 1
1366
1
fbh-bdgg 2
1368
2
bdj-bdgi 1
bdjb-bdgi 1
1371
1
hbh-bdhb 2
1372
2
jei-bdhc 1
bahg-bdhc 1
1373
1
bae-bdhd 2
1374
2
jjj-bdhe 1
bagb-bdhe 1
1375
2
bcdh-bdhf 1
bfae-bdhf 1
1378
2
ccf-bdhi 1
hb-bdhi 1
1379
1
iah-bdhj 2
1386
1
bdge-bdig 2
1390
1
bbhb-bdja 2
1391
1
bchd-bdjb 2
1393
1
eca-bdjd 2
1394
1
cge-bdje 2
1397
1
bfdf-bdjh 2
1399
1
bccf-bdjj 2
1403
1
bib-bead 2
1404
1
bdch-beae 2
1406
1
cci-beag 2
1407
1
bgfc-beah 2
1408
1
ida-beai 2
1409
1
dea-beaj 2
1415
1
bbfj-bebf 2
1418
1
fad-bebi 2
1422
2
bcc-becc 1
haf-becc 1
1423
1
bbii-becd 2
1424
1
fii-bece 2
1425
1
hce-becf 2
1429
1
hec-becj 2
1430
2
bfhh-beda 1
cbd-beda 1
1434
2
hf-bede 1
bbda-bede 1
1435
1
ebh-bedf 2
1436
1
jbg-bedg 2
1437
2
bgai-bedh 1
baha-bedh 1
1442
1
jba-beec 2
1443
2
bfih-beed 1
becd-beed 1
1444
1
eff-beee 2
1447
1
bdgc-beeh 2
1450
2
cbc-befa 1
ebe-befa 1
1451
1
babd-befb 2
1455
1
fid-beff 2
1459
1
bdgc-befj 2
1460
1
gca-bega 2
1462
1
bgad-begc 2
1463
1
bdgi-begd 2
1469
1
bbfb-begj 2
1470
2
hcj-beha 1
cji-beha 1
1471
1
bfdh-behb 2
1476
1
iei-behg 2
1477
1
bcgg-behh 2
1478
1
bgde-behi 2
1482
2
dg-beic 1
bbb-beic 1
1483
2
bdje-beid 1
iai-beid 1
1485
1
gab-beif 2
1487
1
ijd-beih 2
1499
1
cdg-bejj 2
1504
1
ecc-bfae 2
1505
1
bedh-bfaf 2
1506
1
jai-bfag 2
1510
1
bdgg-bfba 2
1513
1
bbjd-bfbd 2
1514
1
behh-bfbe 2
1515
2
efe-bfbf 1
bdga-bfbf 1
1519
1
beif-bfbj 2
1520
1
ghc-bfca 2
1521
2
gaj-bfcb 1
bbba-bfcb 1
1523
2
bdbj-bfcd 1
bcdc-bfcd 1
1526
2
bgdj-bfcg 1
cjc-bfcg 1
1529
1
gh-bfcj 2
1534
1
jgf-bfde 2
1535
1
ddf-bfdf 2
1536
1
bdfi-bfdg 2
1537
1
bdec-bfdh 2
1542
1
bdge-bfec 2
1543
2
iea-bfed 1
iia-bfed 1
1544
2
dae-bfee 1
fhi-bfee 1
1556
1
gci-bffg 2
1561
1
beif-bfgb 2
1562
1
bdac-bfgc 2
1563
1
ihj-bfgd 2
1565
1
bgga-bfgf 2
1568
1
bgej-bfgi 2
1571
1
bhg-bfhb 2
1573
1
bdgb-bfhd 2
1574
1
bfi-bfhe 2
1575
2
jjj-bfhf 1
ded-bfhf 1
1576
1
bfhi-bfhg 2
1577
1
ibh-bfhh 2
1578
1
ice-bfhi 2
1579
1
gih-bfhj 2
1584
1
ceh-bfie 2
1585
2
dfi-bfif 1
caa-bfif 1
1587
1
cif-bfih 2
1588
1
hjg-bfii 2
1590
1
bie-bfja 2
1594
1
bfba-bfje 2
1595
1
cdg-bfjf 2
1596
1
bdej-bfjg 2
1601
1
fga-bgab 2
1603
1
bdba-bgad 2
1606
1
bed-bgag 2
1608
1
baji-bgai 2
1609
1
egb-bgaj 2
1614
1
bfhe-bgbe 2
1616
1
dff-bgbg 2
1617
1
bgfh-bgbh 2
1619
1
cbj-bgbj 2
1621
1
icd-bgcb 2
1625
1
cib-bgcf 2
1626
1
cba-bgcg 2
1628
2
hje-bgci 1
bda-bgci 1
1634
1
beic-bgde 2
1635
1
bbia-bgdf 2
1639
1
jdb-bgdj 2
1640
1
bcia-bgea 2
1641
1
ega-bgeb 2
1642
1
bacg-bgec 2
1645
1
fed-bgef 2
1647
1
bece-bgeh 2
1649
1
jej-bgej 2
1650
1
bddj-bgfa 2
1652
1
bfjg-bgfc 2
1653
1
gif-bgfd 2
1657
1
bgbi-bgfh 2
1658
1
bie-bgfi 2
1660
1
bdhi-bgga 2
