1148
1
2
dab-b 53
ehb-b 47
2
4
di-c 39
bi-c 1
dgj-c 42
fcd-c 18
3
1
ii-d 100
4
2
hic-e 81
cba-e 19
5
1
e-f 100
8
1
geg-i 100
9
2
fbj-j 44
bi-j 56
10
1
bdi-ba 100
11
3
gc-bb 14
bgf-bb 32
bee-bb 54
12
1
dgf-bc 100
13
2
bejh-bd 98
cjb-bd 2
14
1
beai-be 100
15
1
dh-bf 100
16
1
bi-bg 100
17
2
ihi-bh 8
bgeh-bh 92
18
2
babg-bi 36
fic-bi 64
19
1
bdbf-bj 100
23
2
ffb-cd 99
dbg-cd 1
24
1
jag-ce 100
25
2
def-cf 25
eac-cf 75
28
1
bffg-ci 100
30
2
bcei-da 7
beib-da 93
32
2
bbgj-dc 43
iej-dc 57
33
1
dfg-dd 100
34
1
di-de 100
35
1
bfgb-df 100
36
5
bgfe-dg 9
bcii-dg 6
bed-dg 41
bebe-dg 28
hah-dg 16
37
3
bagf-dh 28
hha-dh 23
dc-dh 49
38
1
haf-di 100
39
1
gdb-dj 100
40
2
eee-ea 53
dbb-ea 47
41
2
cdi-eb 91
bbfc-eb 9
44
1
bacc-ee 100
46
2
bdj-eg 30
ggg-eg 70
47
2
gdh-eh 60
bbfg-eh 40
48
2
jfj-ei 19
dff-ei 81
49
1
baig-ej 100
50
2
bhg-fa 23
dhe-fa 77
52
1
bfch-fc 100
53
1
je-fd 100
55
1
gb-ff 100
57
1
bejb-fh 100
58
1
bfdg-fi 100
60
1
fga-ga 100
61
2
bbjc-gb 37
bbeb-gb 63
62
3
eie-gc 1
gge-gc 23
bdfa-gc 76
63
4
je-gd 21
bfgc-gd 20
dbf-gd 18
gfb-gd 41
64
1
dfi-ge 100
66
2
bfjf-gg 35
cdh-gg 65
67
3
bddh-gh 10
jci-gh 5
bh-gh 85
68
2
ch-gi 15
bcff-gi 85
71
2
efh-hb 37
iaa-hb 63
72
4
cif-hc 23
ejc-hc 9
gg-hc 8
dbf-hc 60
74
1
hc-he 100
75
1
hie-hf 100
76
1
cgj-hg 100
78
4
baec-hi 7
iba-hi 16
bac-hi 9
fa-hi 68
79
3
di-hj 39
jfc-hj 54
gfg-hj 7
80
3
bfeh-ia 23
di-ia 16
ccc-ia 61
82
1
cgi-ic 100
83
1
eab-id 100
84
3
bjd-ie 44
dej-ie 8
haj-ie 48
85
3
bfce-if 6
bcge-if 9
di-if 85
86
1
egf-ig 100
88
4
bgfi-ii 10
dgc-ii 23
chf-ii 10
bacj-ii 57
90
1
hij-ja 100
91
2
jc-jb 44
ehi-jb 56
92
2
babi-jc 35
bbjg-jc 65
94
3
gdf-je 39
bi-je 13
bfc-je 48
96
1
daf-jg 100
97
2
hib-jh 68
bbfg-jh 32
98
1
bdjh-ji 100
99
1
dej-jj 100
100
4
efg-baa 28
fhg-baa 31
dfi-baa 32
dig-baa 9
101
1
chf-bab 100
102
1
bfe-bac 100
105
1
bdbh-baf 100
106
1
bcc-bag 100
107
2
hbf-bah 19
gjh-bah 81
111
1
fdh-bbb 100
112
2
chf-bbc 54
dbb-bbc 46
114
1
cie-bbe 100
115
2
bei-bbf 86
bage-bbf 14
116
3
eg-bbg 1
gdc-bbg 34
iff-bbg 65
117
1
bacc-bbh 100
118
2
bca-bbi 41
beeh-bbi 59
119
4
bbag-bbj 23
bbf-bbj 5
ige-bbj 21
fag-bbj 51
120
1
gaf-bca 100
122
3
bbab-bcc 7
bbff-bcc 30
bjd-bcc 63
123
3
gc-bcd 36
jec-bcd 9
eed-bcd 55
124
2
bb-bce 60
gef-bce 40
126
1
di-bcg 100
128
3
bagb-bci 16
bbhe-bci 13
bbc-bci 71
130
2
ffa-bda 17
eh-bda 83
131
1
deh-bdb 100
132
1
fee-bdc 100
133
2
bcgc-bdd 34
bece-bdd 66
135
3
gbf-bdf 2
gea-bdf 3
hcg-bdf 95
136
3
bahh-bdg 15
bcc-bdg 55
bbij-bdg 30
138
1
iic-bdi 100
139
5
hhc-bdj 1
igg-bdj 23
ffb-bdj 1
geh-bdj 72
jfe-bdj 3
140
2
cdh-bea 65
dgc-bea 35
141
2
hia-beb 40
cbe-beb 60
142
3
eei-bec 44
hj-bec 15
hea-bec 41
143
1
cd-bed 100
144
3
gjd-bee 40
bgbe-bee 2
cfa-bee 58
147
2
hi-beh 18
ieh-beh 82
148
2
fge-bei 40
jca-bei 60
151
1
bdji-bfb 100
152
2
cdb-bfc 42
dcb-bfc 58
153
2
cie-bfd 73
bif-bfd 27
154
2
dch-bfe 28
baea-bfe 72
156
1
bgac-bfg 100
158
2
bgci-bfi 42
gaa-bfi 58
159
1
gif-bfj 100
160
2
hbd-bga 2
dij-bga 98
161
1
cgc-bgb 100
162
1
cdb-bgc 100
164
1
hci-bge 100
165
1
iaa-bgf 100
166
2
bcaa-bgg 19
ehg-bgg 81
167
2
bfgh-bgh 33
be-bgh 67
168
2
cbi-bgi 25
daj-bgi 75
169
1
bffe-bgj 100
170
2
gi-bha 10
fh-bha 90
172
1
bbfd-bhc 100
173
1
eed-bhd 100
174
1
daa-bhe 100
175
2
bci-bhf 26
cgi-bhf 74
176
3
cdi-bhg 13
cbg-bhg 7
bci-bhg 80
177
1
cch-bhh 100
178
1
eaj-bhi 100
181
2
fhc-bib 19
eae-bib 81
182
1
dc-bic 100
184
1
bde-bie 100
185
2
babf-bif 63
bgcg-bif 37
190
1
dca-bja 100
193
4
ghb-bjd 16
di-bjd 10
gd-bjd 7
hdg-bjd 67
194
1
ecd-bje 100
195
4
bccc-bjf 4
hic-bjf 22
ecg-bjf 47
baff-bjf 27
197
2
eah-bjh 32
cd-bjh 68
198
4
fdj-bji 10
cgh-bji 4
beeb-bji 77
dbg-bji 9
199
1
baad-bjj 100
200
2
dhc-caa 30
djj-caa 70
201
2
cjd-cab 75
bdg-cab 25
202
1
fid-cac 100
203
1
icg-cad 100
205
3
bafb-caf 7
gag-caf 10
ghc-caf 83
206
2
cie-cag 39
bbg-cag 61
208
1
gdb-cai 100
210
4
bfi-cba 33
bccb-cba 22
bbjf-cba 21
bgdd-cba 24
212
2
efg-cbc 21
bcdg-cbc 79
213
2
jfc-cbd 73
bif-cbd 27
214
1
bbcc-cbe 100
215
1
ceb-cbf 100
216
1
becj-cbg 100
217
1
bhi-cbh 100
218
2
bdi-cbi 11
ede-cbi 89
219
1
gjj-cbj 100
220
2
eea-cca 34
cbe-cca 66
221
1
bjj-ccb 100
222
2
bcda-ccc 65
jfh-ccc 35
225
2
ihi-ccf 30
ga-ccf 70
226
1
ijd-ccg 100
227
2
bhe-cch 46
egd-cch 54
228
4
bbfd-cci 7
ceb-cci 6
haf-cci 4
bgbg-cci 83
231
1
ejg-cdb 100
232
1
ddj-cdc 100
235
2
dfa-cdf 54
fjc-cdf 46
236
1
dff-cdg 100
237
2
bbja-cdh 59
gfd-cdh 41
238
2
beha-cdi 9
j-cdi 91
240
3
if-cea 22
jaj-cea 36
che-cea 42
241
1
bdea-ceb 100
243
1
bbgc-ced 100
245
1
dab-cef 100
249
2
bbee-cej 16
bh-cej 84
250
3
ice-cfa 17
gei-cfa 18
bdhb-cfa 65
255
2
ejg-cff 15
hda-cff 85
256
4
bbdg-cfg 1
bfdb-cfg 6
gic-cfg 2
ej-cfg 91
257
1
cie-cfh 100
260
3
bcjf-cga 19
dh-cga 10
chf-cga 71
261
2
da-cgb 13
dch-cgb 87
262
1
cdb-cgc 100
264
1
bfc-cge 100
265
2
bgbh-cgf 48
dej-cgf 52
267
3
bdhc-cgh 25
cag-cgh 2
hc-cgh 73
268
3
baaa-cgi 16
ia-cgi 1
fdh-cgi 83
272
3
bbfj-chc 33
jhd-chc 20
fjc-chc 47
273
1
bfbg-chd 100
274
3
eah-che 49
befj-che 1
dej-che 50
275
1
eca-chf 100
276
1
fc-chg 100
278
2
bbea-chi 32
bbc-chi 68
279
1
jg-chj 100
281
3
eha-cib 32
bcce-cib 44
bdhh-cib 24
283
3
cab-cid 54
ehb-cid 42
cjb-cid 4
284
2
jfi-cie 36
gg-cie 64
285
2
bcja-cif 44
dae-cif 56
286
1
eef-cig 100
287
1
icg-cih 100
288
1
baha-cii 100
290
1
hcj-cja 100
291
2
eei-cjb 92
beba-cjb 8
292
3
bcih-cjc 18
bada-cjc 17
bfgi-cjc 65
295
1
egf-cjf 100
298
1
bdce-cji 100
299
2
bfeb-cjj 24
jah-cjj 76
300
3
jjb-daa 22
bbhc-daa 10
bfde-daa 68
301
2
bef-dab 9
hi-dab 91
302
1
dce-dac 100
303
2
gfe-dad 26
gfd-dad 74
304
1
bcib-dae 100
305
3
bdcb-daf 12
badi-daf 68
fbb-daf 20
307
1
cgi-dah 100
308
1
dhc-dai 100
309
2
dce-daj 23
geh-daj 77
310
1
hhj-dba 100
311
2
eaa-dbb 97
cjb-dbb 3
313
1
gcb-dbd 100
314
1
bcaf-dbe 100
315
1
gib-dbf 100
316
1
iag-dbg 100
317
2
fha-dbh 15
cdb-dbh 85
320
4
a-dca 2
jbi-dca 4
bdii-dca 14
bda-dca 80
321
3
eda-dcb 24
efg-dcb 11
gad-dcb 65
322
3
di-dcc 28
chf-dcc 17
jah-dcc 55
323
1
gjc-dcd 100
324
2
ebg-dce 3
jef-dce 97
326
2
dca-dcg 53
jjj-dcg 47
327
3
jai-dch 23
eca-dch 19
bdgc-dch 58
329
1
jcg-dcj 100
331
1
bdge-ddb 100
332
1
bfjb-ddc 100
334
4
fbe-dde 1
ifj-dde 1
d-dde 32
ghh-dde 66
335
1
eij-ddf 100
337
1
baa-ddh 100
339
2
haa-ddj 25
ecg-ddj 75
340
2
ief-dea 30
ejd-dea 70
341
3
hgj-deb 14
cbi-deb 12
hjc-deb 74
342
1
bfg-dec 100
343
1
gij-ded 100
344
3
cia-dee 21
fhb-dee 73
dhc-dee 6
345
1
jfi-def 100
347
1
dj-deh 100
348
1
gjc-dei 100
349
1
bcah-dej 100
350
1
ege-dfa 100
351
2
e-dfb 55
ehb-dfb 45
352
2
fgg-dfc 25
cjc-dfc 75
354
1
baac-dfe 100
355
3
heg-dff 9
hii-dff 33
gie-dff 58
356
1
eib-dfg 100
357
4
fee-dfh 1
beci-dfh 6
fhb-dfh 5
bbcb-dfh 88
358
2
egd-dfi 49
hgh-dfi 51
360
1
bcdg-dga 100
362
3
fib-dgc 57
jic-dgc 35
c-dgc 8
363
4
cbc-dgd 26
ifb-dgd 16
ifg-dgd 16
bbjf-dgd 42
364
2
bccf-dge 52
dc-dge 48
365
1
bffd-dgf 100
367
1
dff-dgh 100
368
2
deb-dgi 22
bbf-dgi 78
369
3
gg-dgj 38
bcab-dgj 37
bea-dgj 25
370
1
dij-dha 100
371
1
ebh-dhb 100
372
3
bbce-dhc 42
bdab-dhc 51
dbg-dhc 7
373
2
baeg-dhd 1
dgh-dhd 99
374
2
bbhi-dhe 26
bbii-dhe 74
375
1
baga-dhf 100
376
2
ida-dhg 31
bfe-dhg 69
378
1
ihg-dhi 100
379
2
icc-dhj 5
ddj-dhj 95
380
1
ecg-dia 100
382
1
jff-dic 100
384
3
fac-die 6
baag-die 63
fig-die 31
385
1
bbdh-dif 100
386
1
fcd-dig 100
387
1
bbjg-dih 100
388
1
bdeg-dii 100
389
3
bacf-dij 1
hhe-dij 19
ici-dij 80
391
1
jjj-djb 100
393
2
ceb-djd 15
cie-djd 85
394
2
beaj-dje 17
bbj-dje 83
395
1
di-djf 100
396
2
bceg-djg 1
efi-djg 99
397
4
beca-djh 20
bdef-djh 17
cjc-djh 33
ebi-djh 30
399
2
jib-djj 26
bbc-djj 74
400
2
hjj-eaa 43
bee-eaa 57
401
1
bbga-eab 100
402
1
cej-eac 100
404
3
bic-eae 10
icb-eae 18
gdc-eae 72
407
2
bbcf-eah 23
eca-eah 77
408
1
bbec-eai 100
409
1
beec-eaj 100
410
1
bif-eba 100
411
1
ffd-ebb 100
412
1
baej-ebc 100
413
2
badb-ebd 55
bdae-ebd 45
414
3
ebb-ebe 3
ceb-ebe 68
bfhc-ebe 29
417
1
icg-ebh 100
418
1
hfe-ebi 100
419
3
djj-ebj 10
jgc-ebj 41
ehi-ebj 49
420
1
jga-eca 100
421
1
bchc-ecb 100
422
4
bdie-ecc 11
jc-ecc 19
bdch-ecc 1
ejd-ecc 69
423
1
jfj-ecd 100
424
1
eaa-ece 100
425
3
beh-ecf 47
eed-ecf 2
dc-ecf 51
426
1
bcca-ecg 100
427
1
hcd-ech 100
430
3
dhf-eda 74
bdcg-eda 7
bbdb-eda 19
432
1
ggi-edc 100
433
2
bdh-edd 37
cbe-edd 63
434
3
ffi-ede 41
jbb-ede 29
jh-ede 30
435
3
bdag-edf 1
fah-edf 9
hba-edf 90
436
1
ie-edg 100
437
2
bbgb-edh 35
hcd-edh 65
439
1
egf-edj 100
440
1
bgj-eea 100
442
3
hci-eec 40
cbe-eec 20
dge-eec 40
443
3
gcd-eed 35
fcg-eed 5
iaa-eed 60
445
2
bdg-eef 51
dej-eef 49
448
1
beed-eei 100
449
1
bcag-eej 100
450
1
hch-efa 100
452
1
ehd-efc 100
453
2
fei-efd 27
bbc-efd 73
454
1
bcdb-efe 100
455
3
bjf-eff 13
fff-eff 15
hgf-eff 72
456
2
bcad-efg 32
iib-efg 68
458
1
eec-efi 100
459
1
bbca-efj 100
460
2
bja-ega 16
feh-ega 84
461
2
bcdf-egb 23
fdb-egb 77
463
2
cfa-egd 64
ebd-egd 36
464
1
ifi-ege 100
465
3
eae-egf 19
fge-egf 20
ifd-egf 61
467
1
iid-egh 100
468
1
hef-egi 100
470
2
cgh-eha 14
fgd-eha 86
471
1
hib-ehb 100
473
1
hcb-ehd 100
475
2
jgj-ehf 54
hgh-ehf 46
476
2
edf-ehg 19
bdgh-ehg 81
477
1
ecf-ehh 100
478
1
jfd-ehi 100
481
3
dg-eib 9
bbbe-eib 26
iih-eib 65
482
1
bdfb-eic 100
487
1
cag-eih 100
489
2
jae-eij 49
dcc-eij 51
490
2
babi-eja 90
iaj-eja 10
491
1
bhc-ejb 100
492
3
gji-ejc 6
ggd-ejc 10
bcbe-ejc 84
493
1
ige-ejd 100
494
1
iei-eje 100
495
1
bfja-ejf 100
496
2
chd-ejg 8
feg-ejg 92
498
1
d-eji 100
499
1
chf-ejj 100
500
2
ice-faa 42
dfb-faa 58
502
1
cbi-fac 100
503
4
bdjg-fad 8
baei-fad 8
fgd-fad 11
cfh-fad 73
504
2
bdia-fae 53
baba-fae 47
505
1
bcja-faf 100
506
2
bahb-fag 41
dbf-fag 59
507
1
bjf-fah 100
508
1
fdh-fai 100
509
1
fgi-faj 100
510
1
bbdb-fba 100
511
1
jgi-fbb 100
513
1
ejj-fbd 100
514
2
bceh-fbe 53
fgi-fbe 47
516
1
dff-fbg 100
517
2
fgb-fbh 18
fdh-fbh 82
518
2
ebf-fbi 26
eah-fbi 74
519
1
hdc-fbj 100
520
1
gaj-fca 100
522
1
bfca-fcc 100
523
1
cba-fcd 100
526
2
gcc-fcg 44
bcah-fcg 56
528
3
iba-fci 10
dfh-fci 73
bjf-fci 17
529
1
fcg-fcj 100
531
2
eha-fdb 23
ccf-fdb 77
532
1
bahi-fdc 100
533
5
eaf-fdd 4
bfie-fdd 2
edd-fdd 30
bfha-fdd 24
baei-fdd 40
535
1
ibe-fdf 100
537
3
cdc-fdh 1
gf-fdh 14
deb-fdh 85
539
1
bdfh-fdj 100
540
1
ee-fea 100
541
3
ibd-feb 13
dfh-feb 1
ieb-feb 86
542
2
bfij-fec 24
bfcg-fec 76
543
1
hdi-fed 100
544
1
bbaa-fee 100
545
2
je-fef 28
bfdg-fef 72
546
2
ijc-feg 53
hgh-feg 47
547
1
djg-feh 100
548
1
begd-fei 100
550
3
idb-ffa 1
gch-ffa 1
bfef-ffa 98
551
2
ica-ffb 14
dab-ffb 86
555
2
hfd-fff 30
fgj-fff 70
557
1
e-ffh 100
558
2
cdj-ffi 19
cif-ffi 81
560
3
eae-fga 18
cie-fga 8
bhe-fga 74
561
2
gff-fgb 26
dba-fgb 74
563
2
bfff-fgd 9
bfic-fgd 91
564
1
gjf-fge 100
567
1
dbh-fgh 100
568
1
dfg-fgi 100
569
1
ghj-fgj 100
570
2
bfig-fha 18
fhc-fha 82
571
3
beeb-fhb 11
bfcb-fhb 72
bajf-fhb 17
572
3
bgea-fhc 14
bfed-fhc 44
cba-fhc 42
574
1
ebh-fhe 100
575
1
gad-fhf 100
576
2
fjc-fhg 49
bbfh-fhg 51
577
1
cba-fhh 100
578
2
jcb-fhi 8
bja-fhi 92
580
1
gcc-fia 100
581
2
gjb-fib 5
fgb-fib 95
582
3
bgaj-fic 61
cea-fic 36
ijd-fic 3
583
2
cih-fid 39
bbaa-fid 61
584
1
efe-fie 100
586
1
bfj-fig 100
588
3
bagb-fii 18
haf-fii 32
bcfh-fii 50
590
1
edj-fja 100
591
2
gef-fjb 40
hae-fjb 60
592
2
cie-fjc 50
hdf-fjc 50
595
1
bahg-fjf 100
596
1
bcfe-fjg 100
600
1
bacj-gaa 100
601
1
gdh-gab 100
603
2
hij-gad 28
bdfe-gad 72
604
3
ceb-gae 18
bfi-gae 20
bd-gae 62
606
3
jij-gag 37
bahg-gag 12
dff-gag 51
607
1
iaf-gah 100
609
3
bcde-gaj 20
di-gaj 48
iae-gaj 32
610
2
bbib-gba 20
bbge-gba 80
611
2
bfjj-gbb 7
dhf-gbb 93
614
1
bgfd-gbe 100
615
1
bdcf-gbf 100
617
2
ejj-gbh 33
ff-gbh 67
618
1
bbeh-gbi 100
619
2
bbfi-gbj 61
jej-gbj 39
620
2
hbg-gca 56
haj-gca 44
621
2
bfbd-gcb 85
cab-gcb 15
622
4
baee-gcc 12
baad-gcc 4
bafc-gcc 15
cdh-gcc 69
624
1
fai-gce 100
627
1
bdc-gch 100
628
3
bga-gci 30
igb-gci 31
cea-gci 39
631
2
bbg-gdb 25
eah-gdb 75
632
2
babf-gdc 73
gbe-gdc 27
634
1
baeb-gde 100
635
2
gfe-gdf 16
bchf-gdf 84
636
2
bajh-gdg 11
bddj-gdg 89
637
1
jci-gdh 100
639
1
gjg-gdj 100
640
3
edi-gea 38
dea-gea 36
jh-gea 26
645
2
bdgj-gef 57
dfi-gef 43
646
1
bfcj-geg 100
647
1
jg-geh 100
648
1
iba-gei 100
651
1
jhj-gfb 100
653
2
bdbg-gfd 54
gch-gfd 46
654
1
baci-gfe 100
655
2
hh-gff 2
idi-gff 98
656
1
bahh-gfg 100
658
1
becd-gfi 100
660
1
hhe-gga 100
663
1
jhh-ggd 100
664
2
beg-gge 21
efd-gge 79
665
2
jfj-ggf 27
bcdj-ggf 73
666
3
die-ggg 13
caf-ggg 10
dij-ggg 77
668
3
bfc-ggi 10
cgh-ggi 17
cbc-ggi 73
670
3
bfgj-gha 5
ifc-gha 7
gdh-gha 88
671
2
bgef-ghb 73
idb-ghb 27
672
1
beid-ghc 100
674
1
ggg-ghe 100
676
1
fhb-ghg 100
677
1
cbc-ghh 100
679
2
bcbc-ghj 45
hec-ghj 55
681
2
cic-gib 34
bbhf-gib 66
682
1
dhi-gic 100
683
1
cjj-gid 100
684
1
iih-gie 100
685
4
jea-gif 22
gdf-gif 38
hge-gif 2
bcig-gif 38
687
2
die-gih 43
badc-gih 57
688
1
baab-gii 100
689
1
ehf-gij 100
690
1
ecd-gja 100
691
1
ebc-gjb 100
692
3
behb-gjc 27
hji-gjc 44
gbe-gjc 29
694
1
bhc-gje 100
695
2
ieg-gjf 84
dig-gjf 16
696
2
bfb-gjg 61
behg-gjg 39
697
1
cbg-gjh 100
699
2
iii-gjj 33
hhe-gjj 67
700
1
bcea-haa 100
704
2
bbic-hae 36
chi-hae 64
705
2
jji-haf 12
jda-haf 88
706
1
dfg-hag 100
707
1
efj-hah 100
709
1
bdjj-haj 100
710
2
bdbi-hba 3
bega-hba 97
713
2
bdff-hbd 44
bei-hbd 56
714
1
fc-hbe 100
715
1
jf-hbf 100
716
3
egh-hbg 6
ife-hbg 12
bdjf-hbg 82
717
3
babe-hbh 43
ifg-hbh 5
ci-hbh 52
719
1
bedf-hbj 100
721
1
bahd-hcb 100
722
2
iee-hcc 21
cie-hcc 79
723
3
jee-hcd 32
bgi-hcd 7
bdhb-hcd 61
724
2
beaf-hce 10
ejf-hce 90
725
3
gad-hcf 58
b-hcf 6
hhc-hcf 36
726
2
ibf-hcg 31
ja-hcg 69
728
2
ggi-hci 26
geh-hci 74
729
2
bbgd-hcj 29
eec-hcj 71
730
1
dec-hda 100
731
4
fei-hdb 20
bfhg-hdb 9
bejg-hdb 41
jh-hdb 30
732
2
befb-hdc 25
cej-hdc 75
733
1
bdg-hdd 100
734
1
bbjf-hde 100
735
3
bbha-hdf 15
fad-hdf 27
gbh-hdf 58
736
1
fjc-hdg 100
738
1
beah-hdi 100
740
1
djb-hea 100
742
4
bdda-hec 1
fai-hec 36
bdhc-hec 7
bfjg-hec 56
745
2
bjd-hef 18
bfch-hef 82
746
1
ceb-heg 100
748
1
ie-hei 100
749
1
bgbd-hej 100
750
1
jga-hfa 100
752
2
gab-hfc 17
gjh-hfc 83
753
1
bcec-hfd 100
754
2
gac-hfe 58
bahd-hfe 42
756
1
bbac-hfg 100
758
1
beih-hfi 100
759
1
bfhi-hfj 100
760
1
bbg-hga 100
762
3
fea-hgc 23
hje-hgc 16
fia-hgc 61
764
1
beff-hge 100
765
2
bci-hgf 18
bafe-hgf 82
767
1
dej-hgh 100
768
2
cdb-hgi 46
baja-hgi 54
770
2
baad-hha 24
ihj-hha 76
772
2
fhc-hhc 56
beff-hhc 44
773
1
gaa-hhd 100
774
2
eff-hhe 31
gja-hhe 69
779
2
bfag-hhj 42
chi-hhj 58
780
1
jdd-hia 100
781
1
bbi-hib 100
782
3
chh-hic 3
dhd-hic 24
bgcf-hic 73
787
1
ddh-hih 100
788
1
cgi-hii 100
789
1
bji-hij 100
791
1
cfh-hjb 100
792
4
hcc-hjc 14
bbfi-hjc 10
bfhe-hjc 6
gaj-hjc 70
793
2
bbd-hjd 32
fef-hjd 68
794
2
bdja-hje 31
fgj-hje 69
795
2
beji-hjf 34
edj-hjf 66
796
1
jdh-hjg 100
798
1
hfj-hji 100
799
2
beea-hjj 14
gah-hjj 86
800
4
deb-iaa 3
dhc-iaa 18
eef-iaa 14
jcg-iaa 65
801
2
cdh-iab 37
ech-iab 63
802
1
eic-iac 100
804
2
bcd-iae 61
cdf-iae 39
805
2
ejf-iaf 85
gjf-iaf 15
806
2
ejg-iag 88
bage-iag 12
807
1
fei-iah 100
808
1
dje-iai 100
809
1
bddg-iaj 100
810
3
bbbj-iba 5
bafb-iba 23
bbba-iba 72
813
1
bgcj-ibd 100
814
1
fba-ibe 100
815
2
bffh-ibf 22
dje-ibf 78
816
1
fhg-ibg 100
817
2
eja-ibh 81
babb-ibh 19
819
1
bbcd-ibj 100
820
2
dgi-ica 8
becf-ica 92
821
1
hfi-icb 100
823
3
jaj-icd 34
hcd-icd 10
hj-icd 56
824
1
ehd-ice 100
825
1
dbb-icf 100
826
2
gcg-icg 11
bjj-icg 89
828
1
jc-ici 100
829
1
jie-icj 100
830
1
bcfd-ida 100
831
2
ghi-idb 65
cdh-idb 35
832
1
gjg-idc 100
836
2
dhd-idg 18
bfi-idg 82
838
2
bgfa-idi 1
ech-idi 99
839
1
fdj-idj 100
840
2
bij-iea 11
bebf-iea 89
841
2
bbie-ieb 13
fhb-ieb 87
842
1
hfg-iec 100
845
3
bbah-ief 4
ea-ief 42
bfc-ief 54
846
1
ffh-ieg 100
847
2
caj-ieh 14
bchj-ieh 86
848
2
efg-iei 51
hgi-iei 49
849
1
bbh-iej 100
850
1
ccc-ifa 100
851
1
dfh-ifb 100
852
3
bchg-ifc 1
ejj-ifc 30
jid-ifc 69
853
2
bbhd-ifd 33
cf-ifd 67
854
2
hjf-ife 8
dad-ife 92
855
1
efe-iff 100
856
2
bgeb-ifg 34
be-ifg 66
858
1
bcci-ifi 100
861
1
cif-igb 100
862
1
gh-igc 100
864
1
hjc-ige 100
867
1
hag-igh 100
869
1
dde-igj 100
870
2
hgf-iha 24
bcdj-iha 76
873
2
bbdd-ihd 32
behh-ihd 68
874
1
hdg-ihe 100
875
1
bbad-ihf 100
878
1
bdgf-ihi 100
879
2
cef-ihj 15
caf-ihj 85
880
2
fgb-iia 41
fid-iia 59
881
2
id-iib 25
baeb-iib 75
882
2
jje-iic 44
fag-iic 56
883
1
iae-iid 100
886
1
hjb-iig 100
887
1
hbj-iih 100
889
1
baaa-iij 100
893
2
hfi-ijd 89
beda-ijd 11
894
1
beef-ije 100
895
1
hei-ijf 100
896
1
behi-ijg 100
898
1
gd-iji 100
901
2
baej-jab 71
gbe-jab 29
904
1
bbih-jae 100
906
2
cg-jag 26
cbc-jag 74
907
2
baia-jah 39
bchh-jah 61
908
4
gbj-jai 6
bffi-jai 1
efa-jai 8
bbbg-jai 85
909
1
ebd-jaj 100
910
2
gej-jba 18
bdef-jba 82
911
2
gjc-jbb 33
dhg-jbb 67
912
1
jca-jbc 100
913
1
bfad-jbd 100
915
1
bedi-jbf 100
916
2
ehd-jbg 5
baie-jbg 95
917
2
babf-jbh 22
dbd-jbh 78
918
1
bdcc-jbi 100
920
1
jfg-jca 100
921
2
faj-jcb 28
gae-jcb 72
922
2
fjg-jcc 62
gfb-jcc 38
923
2
jcc-jcd 48
hgh-jcd 52
926
1
ggg-jcg 100
928
2
bfbf-jci 49
gih-jci 51
930
2
bgdf-jda 64
bdig-jda 36
931
2
cgf-jdb 69
hge-jdb 31
932
1
hbh-jdc 100
933
1
dhc-jdd 100
934
1
bi-jde 100
936
1
gea-jdg 100
939
1
jfj-jdj 100
940
1
ije-jea 100
942
1
bdfg-jec 100
944
1
hjb-jee 100
945
2
badj-jef 76
bbje-jef 24
946
1
bbj-jeg 100
948
1
eff-jei 100
949
2
dch-jej 53
ehb-jej 47
950
2
fdj-jfa 4
iec-jfa 96
952
2
cgh-jfc 38
jgb-jfc 62
953
2
fbd-jfd 38
babc-jfd 62
954
2
bfgb-jfe 90
c-jfe 10
955
1
bfeb-jff 100
956
2
ega-jfg 24
bccb-jfg 76
957
2
bffj-jfh 59
gfb-jfh 41
958
3
dii-jfi 10
befa-jfi 47
bbj-jfi 43
959
1
bdhe-jfj 100
960
3
fdf-jga 10
bfcd-jga 2
bfab-jga 88
961
1
ecd-jgb 100
962
2
babj-jgc 2
ibd-jgc 98
964
1
bagf-jge 100
965
1
i-jgf 100
966
1
bajc-jgg 100
967
1
dfc-jgh 100
968
1
iae-jgi 100
970
3
bea-jha 1
ghd-jha 12
jia-jha 87
973
1
gba-jhd 100
975
2
bajj-jhf 84
behe-jhf 16
976
1
hde-jhg 100
977
1
gab-jhh 100
979
1
eei-jhj 100
980
1
bded-jia 100
981
1
iac-jib 100
982
1
igj-jic 100
983
1
bgfj-jid 100
984
1
hdb-jie 100
985
1
bb-jif 100
986
1
gha-jig 100
989
1
ge-jij 100
991
1
cjc-jjb 100
992
1
bcgb-jjc 100
993
1
daj-jjd 100
994
1
bbcg-jje 100
995
1
ccf-jjf 100
998
1
hef-jji 100
999
1
bcci-jjj 100
1000
1
fgi-baaa 100
1001
1
jeg-baab 100
1002
1
jbh-baac 100
1003
2
ceb-baad 30
bbbh-baad 70
1006
3
beja-baag 7
jci-baag 29
cdc-baag 64
1007
1
baef-baah 100
1009
1
ceb-baaj 100
1010
4
jdf-baba 45
ehi-baba 2
dfi-baba 14
bbfb-baba 39
1011
1
djh-babb 100
1012
3
baif-babc 9
if-babc 27
beag-babc 64
1013
1
dfe-babd 100
1014
1
ebj-babe 100
1015
1
begj-babf 100
1016
2
beba-babg 9
bdhd-babg 91
1018
2
baij-babi 15
cdb-babi 85
1020
1
igh-baca 100
1021
1
bgbj-bacb 100
1022
1
gdb-bacc 100
1027
1
bih-bach 100
1028
1
ejc-baci 100
1029
2
bada-bacj 34
iha-bacj 66
1030
2
hej-bada 17
bbcf-bada 83
1031
1
bdf-badb 100
1032
1
ifg-badc 100
1033
1
bcac-badd 100
1038
1
bbdi-badi 100
1039
1
bjf-badj 100
1040
1
hdd-baea 100
1041
2
fd-baeb 23
bdcj-baeb 77
1042
2
jha-baec 28
hbg-baec 72
1044
1
baeg-baee 100
1045
2
efd-baef 25
fi-baef 75
1046
2
bcef-baeg 59
jdc-baeg 41
1048
2
bagg-baei 58
bcig-baei 42
1049
2
bbhh-baej 52
bdfj-baej 48
1050
2
jdj-bafa 37
dgj-bafa 63
1051
3
gdg-bafb 36
baah-bafb 4
bbbd-bafb 60
1052
1
hii-bafc 100
1054
1
fdd-bafe 100
1055
1
bfif-baff 100
1056
1
fdd-bafg 100
1059
1
hef-bafj 100
1060
1
bbag-baga 100
1061
1
fhb-bagb 100
1064
1
jhf-bage 100
1065
1
bede-bagf 100
1066
2
hgb-bagg 18
baie-bagg 82
1067
2
cgf-bagh 68
gje-bagh 32
1069
1
jhd-bagj 100
1070
2
bgcc-baha 74
bcgf-baha 26
1073
3
behd-bahd 16
beij-bahd 38
dbb-bahd 46
1076
1
gjc-bahg 100
1077
4
bedg-bahh 39
bahg-bahh 20
hea-bahh 17
jab-bahh 24
1080
1
bgg-baia 100
1082
1
iaa-baic 100
1084
2
chg-baie 11
efc-baie 89
1086
2
hif-baig 13
jgh-baig 87
1087
1
gcf-baih 100
1089
2
bha-baij 5
ife-baij 95
1090
2
bcfj-baja 36
cdh-baja 64
1092
1
dhb-bajc 100
1094
2
gfi-baje 50
iej-baje 50
1095
2
jcd-bajf 74
bbgi-bajf 26
1097
1
bia-bajh 100
1098
1
baje-baji 100
1099
1
bajf-bajj 100
1100
1
bcfa-bbaa 100
1102
2
bejd-bbac 4
dce-bbac 96
1103
2
bbag-bbad 31
jbh-bbad 69
1104
3
bcfc-bbae 7
gc-bbae 33
gid-bbae 60
1106
1
gff-bbag 100
1107
3
bfjh-bbah 1
cja-bbah 49
beci-bbah 50
1110
1
hdb-bbba 100
1113
2
icb-bbbd 30
bgab-bbbd 70
1114
3
bccj-bbbe 14
dhj-bbbe 2
bcc-bbbe 84
1116
2
ief-bbbg 11
icb-bbbg 89
1117
1
ehg-bbbh 100
1120
1
jcc-bbca 100
1121
1
hih-bbcb 100
1122
1
hbd-bbcc 100
1125
2
bbae-bbcf 15
fhc-bbcf 85
1126
1
fcg-bbcg 100
1127
1
icb-bbch 100
1130
1
jde-bbda 100
1131
3
bfdj-bbdb 42
idc-bbdb 32
ifa-bbdb 26
1133
2
beb-bbdd 19
bci-bbdd 81
1134
1
jif-bbde 100
1135
1
gbi-bbdf 100
1136
1
bgdc-bbdg 100
1138
1
bcba-bbdi 100
1140
1
df-bbea 100
1141
4
bbde-bbeb 7
ji-bbeb 2
bbae-bbeb 27
ihd-bbeb 64
1142
1
bcie-bbec 100
1143
1
jc-bbed 100
1144
1
bdee-bbee 100
1145
4
fjf-bbef 13
ce-bbef 5
badd-bbef 11
fjb-bbef 71
1147
1
eg-bbeh 100
1149
3
bcbb-bbej 13
fci-bbej 23
fja-bbej 64
1151
2
bdah-bbfb 60
baji-bbfb 40
1152
1
ibh-bbfc 100
1153
1
eaa-bbfd 100
1154
1
bbgi-bbfe 100
1155
5
hg-bbff 12
dbh-bbff 1
ihi-bbff 16
fcc-bbff 2
bdjd-bbff 69
1156
1
bfee-bbfg 100
1157
1
bbjg-bbfh 100
1158
2
bbej-bbfi 11
bfhb-bbfi 89
1159
2
ifc-bbfj 28
cbc-bbfj 72
1160
2
jbc-bbga 59
eji-bbga 41
1161
2
hgd-bbgb 8
hi-bbgb 92
1162
1
bafa-bbgc 100
1163
1
bgag-bbgd 100
1164
2
eb-bbge 36
bbff-bbge 64
1168
2
bfi-bbgi 66
jgi-bbgi 34
1169
2
eah-bbgj 32
bejh-bbgj 68
1170
1
begi-bbha 100
1171
1
iec-bbhb 100
1172
1
cbh-bbhc 100
1173
3
j-bbhd 5
bdb-bbhd 20
bced-bbhd 75
1174
4
fh-bbhe 1
gfe-bbhe 5
bbgb-bbhe 1
id-bbhe 93
1175
2
dia-bbhf 77
bfec-bbhf 23
1177
2
beee-bbhh 46
bcjf-bbhh 54
1178
2
hgi-bbhi 19
bfge-bbhi 81
1180
1
ei-bbia 100
1181
1
bdi-bbib 100
1182
2
befc-bbic 42
iab-bbic 58
1184
3
bbhj-bbie 3
dee-bbie 12
def-bbie 85
1185
1
dcj-bbif 100
1187
1
gc-bbih 100
1188
1
bfgf-bbii 100
1189
2
beci-bbij 64
bbdf-bbij 36
1190
2
bacb-bbja 33
fec-bbja 67
1192
2
ii-bbjc 54
bhc-bbjc 46
1194
1
cbd-bbje 100
1195
3
fcj-bbjf 12
jbg-bbjf 42
haj-bbjf 46
1196
3
hjb-bbjg 34
bagj-bbjg 48
bbfe-bbjg 18
1199
1
cig-bbjj 100
1200
1
bgb-bcaa 100
1201
2
gce-bcab 56
dfi-bcab 44
1202
2
fa-bcac 1
had-bcac 99
1203
2
bgcb-bcad 10
bdf-bcad 90
1204
1
ibg-bcae 100
1205
2
bbha-bcaf 30
bcda-bcaf 70
1206
1
bgch-bcag 100
1207
1
eed-bcah 100
1208
1
bbcj-bcai 100
1211
2
die-bcbb 43
bdbj-bcbb 57
1212
3
ef-bcbc 1
dbe-bcbc 12
bafj-bcbc 87
1213
1
baca-bcbd 100
1214
1
bdd-bcbe 100
1216
3
behc-bcbg 13
dbh-bcbg 5
iea-bcbg 82
1217
1
bhg-bcbh 100
1220
1
jfe-bcca 100
1221
2
cid-bccb 30
egb-bccb 70
1223
3
bfed-bccd 45
ced-bccd 12
behg-bccd 43
1224
1
iib-bcce 100
1225
1
bfhd-bccf 100
1228
2
bcae-bcci 40
hjd-bcci 60
1229
4
hci-bccj 1
bg-bccj 4
cfg-bccj 66
gbe-bccj 29
1230
3
beii-bcda 3
ijd-bcda 22
dh-bcda 75
1231
1
bbeb-bcdb 100
1232
2
bccd-bcdc 1
bfga-bcdc 99
1233
2
bdid-bcdd 72
bagh-bcdd 28
1234
4
beje-bcde 1
bcha-bcde 59
cba-bcde 8
baji-bcde 32
1235
1
bbef-bcdf 100
1236
2
chc-bcdg 17
hjc-bcdg 83
1237
1
faf-bcdh 100
1239
1
fdb-bcdj 100
1240
1
becb-bcea 100
1241
1
idj-bceb 100
1243
1
bcjd-bced 100
1244
2
iai-bcee 19
bdja-bcee 81
1245
1
fbj-bcef 100
1248
1
bci-bcei 100
1249
1
jfh-bcej 100
1250
1
jfh-bcfa 100
1252
1
cig-bcfc 100
1253
1
idg-bcfd 100
1255
1
begg-bcff 100
1257
1
egd-bcfh 100
1258
1
ihe-bcfi 100
1259
1
bchb-bcfj 100
1261
2
jae-bcgb 74
eai-bcgb 26
1262
1
beih-bcgc 100
1264
2
baih-bcge 8
bgh-bcge 92
1265
1
bbga-bcgf 100
1266
1
bfhf-bcgg 100
1267
1
bdjg-bcgh 100
1271
1
bdfj-bchb 100
1272
1
cej-bchc 100
1273
1
jbd-bchd 100
1275
1
bfag-bchf 100
1276
2
hga-bchg 20
bebi-bchg 80
1277
1
bcjj-bchh 100
1279
1
jcd-bchj 100
1280
1
bgec-bcia 100
1281
3
dde-bcib 27
bje-bcib 5
bfgd-bcib 68
1284
1
eic-bcie 100
1286
1
fae-bcig 100
1287
1
cae-bcih 100
1288
1
jeh-bcii 100
1290
2
ica-bcja 52
hhd-bcja 48
1293
1
hdf-bcjd 100
1295
2
bedc-bcjf 39
dde-bcjf 61
1297
1
dch-bcjh 100
1299
1
bfgi-bcjj 100
1300
1
edh-bdaa 100
1301
1
iji-bdab 100
1302
1
cgb-bdac 100
1304
1
bbif-bdae 100
1309
1
hed-bdaj 100
1310
1
bbch-bdba 100
1316
2
bfii-bdbg 18
ddc-bdbg 82
1317
1
jhg-bdbh 100
1319
3
jfa-bdbj 21
dhe-bdbj 13
gid-bdbj 66
1321
1
ibj-bdcb 100
1322
1
bdhf-bdcc 100
1324
1
jfc-bdce 100
1325
1
faa-bdcf 100
1326
1
bce-bdcg 100
1327
2
hgc-bdch 32
cac-bdch 68
1329
2
feb-bdcj 91
jjc-bdcj 9
1333
1
bcbf-bddd 100
1336
1
badj-bddg 100
1337
1
bffa-bddh 100
1339
3
bj-bddj 13
bbbe-bddj 25
bcaf-bddj 62
1340
1
dc-bdea 100
1342
2
cca-bdec 54
bfaf-bdec 46
1343
1
befd-bded 100
1344
1
gii-bdee 100
1345
1
hbe-bdef 100
1346
1
bgfb-bdeg 100
1349
2
jag-bdej 32
bfaa-bdej 68
1350
1
bje-bdfa 100
1351
1
ijg-bdfb 100
1353
1
bec-bdfd 100
1354
2
gdf-bdfe 49
bfeg-bdfe 51
1355
1
jga-bdff 100
1356
1
bib-bdfg 100
1357
1
bacc-bdfh 100
1358
2
jcf-bdfi 12
becc-bdfi 88
1359
3
bbjf-bdfj 43
hae-bdfj 21
cdf-bdfj 36
1360
4
begc-bdga 1
bafa-bdga 39
ihf-bdga 1
ehh-bdga 59
1361
1
bead-bdgb 100
1362
2
eba-bdgc 61
bcbd-bdgc 39
1364
1
baej-bdge 100
1365
2
fcc-bdgf 32
bfbe-bdgf 68
1366
1
fbh-bdgg 100
1367
1
ghj-bdgh 100
1368
2
bdj-bdgi 15
bdjb-bdgi 85
1369
1
bgdi-bdgj 100
1370
1
behi-bdha 100
1371
2
haf-bdhb 33
hbh-bdhb 67
1372
2
jei-bdhc 32
bahg-bdhc 68
1373
2
bae-bdhd 18
bcbg-bdhd 82
1374
4
ecc-bdhe 9
bagb-bdhe 2
baia-bdhe 38
jjj-bdhe 51
1375
2
bcdh-bdhf 41
bfae-bdhf 59
1377
1
bdfd-bdhh 100
1378
3
ihe-bdhi 1
hb-bdhi 30
ccf-bdhi 69
1379
1
iah-bdhj 100
1380
1
bgff-bdia 100
1381
1
bcfi-bdib 100
1383
1
beh-bdid 100
1386
1
bdge-bdig 100
1388
1
cch-bdii 100
1389
1
fbg-bdij 100
1390
1
bbhb-bdja 100
1391
1
bchd-bdjb 100
1393
1
eca-bdjd 100
1394
1
cge-bdje 100
1395
1
jig-bdjf 100
1396
1
bdef-bdjg 100
1397
1
bfdf-bdjh 100
1398
1
egb-bdji 100
1399
1
bccf-bdjj 100
1403
2
bib-bead 47
bafg-bead 53
1404
1
bdch-beae 100
1406
1
cci-beag 100
1407
1
bgfc-beah 100
1408
1
ida-beai 100
1409
1
dea-beaj 100
1410
2
bbcb-beba 91
bbf-beba 9
1414
1
bccd-bebe 100
1415
1
bbfj-bebf 100
1418
1
fad-bebi 100
1420
1
jjf-beca 100
1422
2
bcc-becc 21
haf-becc 79
1423
2
fba-becd 24
bbii-becd 76
1424
1
fii-bece 100
1425
1
hce-becf 100
1426
1
bagi-becg 100
1428
1
bbgj-beci 100
1429
1
hec-becj 100
1430
3
bc-beda 53
cbd-beda 34
bfhh-beda 13
1432
1
bfaj-bedc 100
1434
2
hf-bede 48
bbda-bede 52
1435
1
ebh-bedf 100
1436
1
jbg-bedg 100
1437
2
baha-bedh 68
bgai-bedh 32
1438
1
iib-bedi 100
1441
2
hcf-beeb 10
bbee-beeb 90
1442
1
jba-beec 100
1443
2
bfih-beed 33
becd-beed 67
1444
2
eff-beee 57
hhc-beee 43
1445
1
icf-beef 100
1446
1
he-beeg 100
1447
1
bdgc-beeh 100
1450
2
ebe-befa 29
cbc-befa 71
1451
1
babd-befb 100
1453
2
dci-befd 42
iia-befd 58
1455
1
fid-beff 100
1459
1
bdgc-befj 100
1460
1
gca-bega 100
1462
1
bgad-begc 100
1463
1
bdgi-begd 100
1466
1
bfai-begg 100
1468
1
cff-begi 100
1469
1
bbfb-begj 100
1470
2
hcj-beha 55
cji-beha 45
1471
1
bfdh-behb 100
1473
1
eda-behd 100
1474
3
ihd-behe 39
baja-behe 38
bgaa-behe 23
1476
1
iei-behg 100
1477
1
bcgg-behh 100
1478
2
bgde-behi 34
bjh-behi 66
1481
1
bdaj-beib 100
1482
2
dg-beic 24
bbb-beic 76
1483
2
bdje-beid 7
iai-beid 93
1485
2
gab-beif 78
cii-beif 22
1487
2
dcc-beih 98
ijd-beih 2
1489
1
bah-beij 100
1494
1
baag-beje 100
1496
1
bcag-bejg 100
1497
1
bdaa-bejh 100
1499
1
cdg-bejj 100
1500
1
bhf-bfaa 100
1501
1
fbi-bfab 100
1504
2
ecc-bfae 43
bfah-bfae 57
1505
1
bedh-bfaf 100
1506
1
jai-bfag 100
1507
1
jbf-bfah 100
1509
1
bcjd-bfaj 100
1510
1
bdgg-bfba 100
1512
1
ijd-bfbc 100
1513
2
bbjd-bfbd 30
dcg-bfbd 70
1514
1
behh-bfbe 100
1515
2
efe-bfbf 49
bdga-bfbf 51
1516
1
hih-bfbg 100
1519
1
beif-bfbj 100
1520
1
ghc-bfca 100
1521
2
gaj-bfcb 35
bbba-bfcb 65
1523
3
ggc-bfcd 3
bcdc-bfcd 41
bdbj-bfcd 56
1524
1
jh-bfce 100
1526
2
bgdj-bfcg 36
cjc-bfcg 64
1527
1
bafe-bfch 100
1529
2
gh-bfcj 2
dif-bfcj 98
1532
1
bfbc-bfdc 100
1533
1
bcgh-bfdd 100
1534
1
jgf-bfde 100
1535
1
ddf-bfdf 100
1536
1
bdfi-bfdg 100
1537
1
bdec-bfdh 100
1539
1
bddd-bfdj 100
1541
1
ggf-bfeb 100
1542
2
bdge-bfec 69
edg-bfec 31
1543
2
iea-bfed 18
iia-bfed 82
1544
2
fhi-bfee 49
dae-bfee 51
1545
1
bgda-bfef 100
1546
1
dfb-bfeg 100
1547
1
fdc-bfeh 100
1550
1
iab-bffa 100
1553
1
egi-bffd 100
1555
1
becg-bfff 100
1556
1
gci-bffg 100
1558
1
ed-bffi 100
1559
1
eda-bffj 100
1561
1
beif-bfgb 100
1562
1
bdac-bfgc 100
1563
1
ihj-bfgd 100
1564
1
chj-bfge 100
1565
1
bgga-bfgf 100
1568
1
bgej-bfgi 100
1570
1
cga-bfha 100
1571
1
bhg-bfhb 100
1572
1
dgd-bfhc 100
1573
1
bdgb-bfhd 100
1574
1
bfi-bfhe 100
1575
2
ded-bfhf 50
jjj-bfhf 50
1576
1
bfhi-bfhg 100
1577
1
ibh-bfhh 100
1578
1
ice-bfhi 100
1579
1
gih-bfhj 100
1582
2
igc-bfic 9
bgfg-bfic 91
1584
1
ceh-bfie 100
1585
2
caa-bfif 55
dfi-bfif 45
1587
1
cif-bfih 100
1588
1
hjg-bfii 100
1589
1
gih-bfij 100
1590
1
bie-bfja 100
1591
1
icj-bfjb 100
1594
1
bfba-bfje 100
1595
1
cdg-bfjf 100
1596
1
bdej-bfjg 100
1600
1
bcdd-bgaa 100
1601
1
fga-bgab 100
1602
1
babg-bgac 100
1603
1
bdba-bgad 100
1606
1
bed-bgag 100
1608
1
baji-bgai 100
1609
1
egb-bgaj 100
1614
1
bfhe-bgbe 100
1616
1
dff-bgbg 100
1617
1
bgfh-bgbh 100
1619
1
cbj-bgbj 100
1621
1
icd-bgcb 100
1622
1
dga-bgcc 100
1625
1
cib-bgcf 100
1626
1
cba-bgcg 100
1627
1
cga-bgch 100
1628
2
bda-bgci 32
hje-bgci 68
1629
1
beeg-bgcj 100
1630
1
bcai-bgda 100
1632
1
gbb-bgdc 100
1633
1
ede-bgdd 100
1634
1
beic-bgde 100
1635
1
bbia-bgdf 100
1636
1
baf-bgdg 100
1638
1
bach-bgdi 100
1639
1
jdb-bgdj 100
1640
1
bcia-bgea 100
1641
1
ega-bgeb 100
1642
1
bacg-bgec 100
1643
1
behi-bged 100
1645
1
fed-bgef 100
1647
1
bece-bgeh 100
1649
1
jej-bgej 100
1650
1
bddj-bgfa 100
1652
1
bfjg-bgfc 100
1653
1
gif-bgfd 100
1655
1
bcgh-bgff 100
1656
1
bce-bgfg 100
1657
1
bgbi-bgfh 100
1658
1
bie-bgfi 100
1659
1
eef-bgfj 100
1660
1
bdhi-bgga 100
