1573
1
2
ehb-b 5
dab-b 1
2
6
di-c 4
dgj-c 5
bih-c 1
fcd-c 1
bi-c 1
dgc-c 6
3
3
bcb-d 2
hcj-d 12
ii-d 4
4
3
cba-e 5
d-e 2
hic-e 2
5
4
e-f 11
bda-f 1
bdjf-f 5
jbb-f 4
6
3
bfg-g 5
gic-g 3
iee-g 10
7
1
bfa-h 3
8
2
gie-i 5
geg-i 4
9
3
heg-j 9
fbj-j 1
bi-j 2
10
1
bdi-ba 6
11
6
bcea-bb 3
cd-bb 1
bee-bb 1
bgf-bb 10
bcef-bb 6
gc-bb 3
12
3
ccj-bc 16
dgf-bc 1
hbf-bc 1
13
3
bejh-bd 3
cch-bd 1
cjb-bd 5
14
4
bbbj-be 4
fec-be 4
beai-be 1
babg-be 3
15
2
dh-bf 4
hi-bf 2
16
3
baae-bg 10
bi-bg 2
bdii-bg 9
17
3
ihi-bh 6
hjd-bh 2
bgeh-bh 1
18
3
babg-bi 7
feh-bi 7
fic-bi 1
19
3
bdbf-bj 17
dhf-bj 3
hcj-bj 4
20
2
dfg-ca 3
gjh-ca 9
22
1
dgf-cc 12
23
5
dbg-cd 1
ffb-cd 2
bhd-cd 2
gfa-cd 8
bcaj-cd 5
24
3
jgf-ce 2
bi-ce 2
jag-ce 8
25
5
def-cf 3
bbci-cf 1
fhg-cf 1
cc-cf 4
eac-cf 6
26
3
bd-cg 10
hhc-cg 2
chb-cg 9
28
4
befi-ci 3
hif-ci 6
hfh-ci 3
bffg-ci 3
29
2
fbi-cj 6
bfgd-cj 3
30
6
eej-da 10
fai-da 5
beib-da 1
bcei-da 3
bhd-da 2
bdf-da 3
31
4
bgj-db 10
bbde-db 2
bc-db 7
cbh-db 2
32
5
ifh-dc 5
bbgj-dc 1
ecg-dc 4
iag-dc 4
iej-dc 4
33
3
dfg-dd 6
babg-dd 2
fc-dd 1
34
2
di-de 10
ghj-de 2
35
4
bfgb-df 8
iei-df 5
gc-df 1
igi-df 1
36
6
bcag-dg 4
bed-dg 2
hah-dg 4
bcii-dg 8
bebe-dg 3
bgfe-dg 3
37
4
hha-dh 8
db-dh 1
bagf-dh 1
dc-dh 5
38
1
haf-di 3
39
1
gdb-dj 9
40
5
eee-ea 2
dbb-ea 4
jff-ea 2
jjh-ea 5
fda-ea 5
41
2
cdi-eb 7
bbfc-eb 2
42
3
fi-ec 11
ege-ec 1
cdc-ec 3
43
3
bcia-ed 1
edf-ed 4
bfdc-ed 10
44
2
bacc-ee 7
cfb-ee 2
45
4
beeh-ef 14
cih-ef 1
cij-ef 4
ige-ef 2
46
2
ggg-eg 14
bdj-eg 1
47
3
bbei-eh 3
bbfg-eh 2
gdh-eh 10
48
4
jfj-ei 7
bb-ei 7
dff-ei 2
bcjf-ei 2
49
2
baig-ej 6
cd-ej 3
50
4
bc-fa 8
bhg-fa 3
jji-fa 4
dhe-fa 3
51
2
bdc-fb 4
dfa-fb 5
52
2
fif-fc 14
bfch-fc 1
53
3
je-fd 8
dhe-fd 3
daf-fd 1
54
1
jic-fe 3
55
2
gb-ff 14
cje-ff 7
57
2
bejb-fh 17
d-fh 4
58
2
hee-fi 5
bfdg-fi 4
59
2
dbg-fj 15
ifd-fj 6
60
2
bi-ga 3
fga-ga 15
61
2
bbjc-gb 5
bbeb-gb 1
62
4
e-gc 10
bdfa-gc 1
gge-gc 4
eie-gc 3
63
7
icd-gd 5
dbf-gd 3
gfb-gd 7
bfgc-gd 3
dai-gd 1
daj-gd 1
je-gd 4
64
2
g-ge 3
dfi-ge 3
65
1
cgh-gf 3
66
4
idf-gg 3
cdh-gg 1
jhg-gg 5
bfjf-gg 6
67
3
bddh-gh 1
bh-gh 7
jci-gh 1
68
3
ch-gi 1
bcff-gi 2
cbe-gi 6
69
2
edh-gj 1
gjj-gj 8
70
2
db-ha 3
bda-ha 6
71
2
efh-hb 2
iaa-hb 4
72
4
cif-hc 6
gg-hc 3
dbf-hc 2
ejc-hc 1
74
4
bgi-he 9
bcjc-he 4
bebb-he 1
hc-he 7
75
2
hie-hf 1
bdbc-hf 11
76
2
cgj-hg 10
bja-hg 2
77
3
bjb-hh 12
beic-hh 1
gcj-hh 8
78
5
ihf-hi 3
baec-hi 3
fa-hi 4
bac-hi 1
iba-hi 4
79
3
jfc-hj 4
gfg-hj 1
di-hj 4
80
4
bdjd-ia 4
bfeh-ia 1
di-ia 3
ccc-ia 4
81
1
ghd-ib 12
82
2
bedh-ic 6
cgi-ic 3
83
2
eab-id 2
gbg-id 10
84
3
haj-ie 1
bjd-ie 7
dej-ie 7
85
3
di-if 3
bcge-if 1
bfce-if 5
86
1
egf-ig 6
87
2
cgh-ih 8
bcfj-ih 1
88
5
bgfi-ii 7
chf-ii 1
dgc-ii 3
bacj-ii 6
eig-ii 1
89
1
bcd-ij 12
90
1
hij-ja 9
91
3
bhe-jb 7
jc-jb 2
ehi-jb 3
92
5
babi-jc 11
bbjg-jc 1
gbe-jc 2
fci-jc 1
gii-jc 3
93
2
fhj-jd 5
cae-jd 1
94
6
bi-je 7
bfgb-je 5
gdf-je 1
bbi-je 1
fcf-je 1
bfc-je 3
95
1
iae-jf 9
96
3
beb-jg 1
ec-jg 6
daf-jg 2
97
4
hib-jh 5
dai-jh 1
bcbf-jh 8
bbfg-jh 4
98
4
bccj-ji 1
bdjh-ji 5
idd-ji 1
beaa-ji 8
99
3
fgf-jj 7
dej-jj 1
bcee-jj 1
100
4
dfi-baa 4
efg-baa 5
fhg-baa 1
dig-baa 5
101
2
chf-bab 10
jhg-bab 2
102
4
hj-bac 4
bfe-bac 1
gja-bac 6
hfi-bac 4
103
2
bha-bad 7
bfi-bad 2
104
3
dgj-bae 3
cd-bae 4
bdga-bae 5
105
2
bdbh-baf 11
cj-baf 4
106
4
bbfi-bag 4
bfce-bag 13
bcc-bag 3
fic-bag 1
107
5
deg-bah 8
gjh-bah 1
bbcc-bah 6
ifd-bah 2
hbf-bah 1
108
2
bda-bai 3
cfj-bai 3
110
2
gdc-bba 12
fbe-bba 3
111
2
d-bbb 9
fdh-bbb 3
112
3
jje-bbc 10
chf-bbc 2
dbb-bbc 3
114
3
cb-bbe 2
cie-bbe 1
ehd-bbe 6
115
4
bage-bbf 1
dfc-bbf 2
bei-bbf 5
bej-bbf 7
116
5
iff-bbg 7
eba-bbg 5
gdc-bbg 1
bbbj-bbg 3
eg-bbg 2
117
3
ehi-bbh 5
bacc-bbh 3
gjh-bbh 1
118
4
bca-bbi 12
beeh-bbi 1
gfd-bbi 5
cbb-bbi 9
119
7
bbag-bbj 4
baja-bbj 1
eh-bbj 1
bbf-bbj 2
ige-bbj 4
fag-bbj 4
gjh-bbj 5
120
5
gaf-bca 1
bae-bca 8
gae-bca 3
eae-bca 2
cji-bca 4
121
3
fba-bcb 6
bbdg-bcb 5
bbgc-bcb 1
122
6
bbab-bcc 4
gfi-bcc 1
jg-bcc 2
bjd-bcc 3
bebg-bcc 1
bbff-bcc 10
123
4
jec-bcd 11
gc-bcd 1
ddj-bcd 1
eed-bcd 2
124
6
gef-bce 4
edi-bce 2
bb-bce 9
gc-bce 1
ccc-bce 6
bi-bce 2
126
4
bhj-bcg 9
di-bcg 10
dbg-bcg 1
g-bcg 1
127
4
ecb-bch 4
fbh-bch 2
bgbf-bch 1
gad-bch 11
128
6
bagb-bci 6
bcbc-bci 1
bbc-bci 4
bbf-bci 8
bbhe-bci 1
fag-bci 1
129
3
bbf-bcj 18
icj-bcj 1
iff-bcj 2
130
4
ffa-bda 6
dhg-bda 1
eh-bda 1
dfj-bda 10
131
2
efd-bdb 10
deh-bdb 14
132
6
fdc-bdc 10
bbjh-bdc 4
bbah-bdc 1
bfea-bdc 1
fee-bdc 3
bbfe-bdc 8
133
3
bcgc-bdd 6
bjf-bdd 5
bece-bdd 4
134
3
gge-bde 1
iah-bde 4
bba-bde 13
135
4
bbab-bdf 4
gbf-bdf 5
gea-bdf 2
hcg-bdf 7
136
5
jdg-bdg 11
bbij-bdg 1
bcc-bdg 8
bahh-bdg 1
cha-bdg 3
137
2
feh-bdh 10
ce-bdh 2
138
3
bffi-bdi 11
gci-bdi 1
iic-bdi 6
139
6
jfe-bdj 14
geh-bdj 1
bbbh-bdj 1
hhc-bdj 1
igg-bdj 1
ffb-bdj 3
140
3
dgc-bea 5
cdh-bea 6
fif-bea 1
141
6
edh-beb 4
fe-beb 15
dci-beb 1
hia-beb 1
djg-beb 1
cbe-beb 2
142
6
ica-bec 15
bdei-bec 5
eei-bec 1
hj-bec 1
hea-bec 1
ii-bec 1
143
4
begd-bed 3
bhc-bed 5
cd-bed 3
ica-bed 7
144
4
gjd-bee 8
dfg-bee 2
bgbe-bee 4
cfa-bee 1
145
4
dai-bef 2
bjd-bef 3
fgj-bef 3
jei-bef 4
146
3
bja-beg 7
bef-beg 7
ea-beg 1
147
5
ccg-beh 4
gdd-beh 1
hi-beh 7
bab-beh 7
ieh-beh 8
148
5
bcgi-bei 5
jbi-bei 2
becg-bei 4
jca-bei 2
fge-bei 2
149
4
bdb-bej 6
dbi-bej 6
bec-bej 1
fif-bej 2
150
2
egg-bfa 10
cjd-bfa 5
151
1
bdji-bfb 6
152
7
gbi-bfc 11
ifh-bfc 3
fcb-bfc 1
cdb-bfc 2
bafi-bfc 4
cei-bfc 2
dcb-bfc 4
153
4
cie-bfd 5
haa-bfd 1
bif-bfd 3
jgi-bfd 3
154
4
cgh-bfe 2
gbc-bfe 10
baea-bfe 1
dch-bfe 2
155
1
eec-bff 12
156
4
hj-bfg 11
hhe-bfg 2
bgac-bfg 10
dae-bfg 1
157
1
bae-bfh 12
158
6
idg-bfi 1
ich-bfi 1
ecj-bfi 7
bgci-bfi 4
jhe-bfi 3
gaa-bfi 5
159
4
bii-bfj 6
ded-bfj 6
jjj-bfj 1
gif-bfj 2
160
3
hbd-bga 3
dij-bga 5
efe-bga 1
161
2
cgc-bgb 8
hea-bgb 10
162
2
bdeh-bgc 2
cdb-bgc 19
163
3
bgdh-bgd 1
edg-bgd 8
gd-bgd 6
164
1
hci-bge 9
165
1
iaa-bgf 12
166
4
bcaa-bgg 4
bdde-bgg 2
ehg-bgg 10
heh-bgg 2
167
3
bfgh-bgh 1
dbg-bgh 6
be-bgh 8
168
3
cbi-bgi 10
bhh-bgi 9
daj-bgi 5
169
2
bffe-bgj 11
hch-bgj 4
170
3
gi-bha 17
ccd-bha 2
fh-bha 5
171
5
fcb-bhb 5
bfbi-bhb 5
jh-bhb 3
ih-bhb 4
hhd-bhb 1
172
4
bfe-bhc 1
edf-bhc 1
bbfd-bhc 7
bagf-bhc 9
173
2
eed-bhd 2
hj-bhd 10
174
2
daa-bhe 14
cfe-bhe 1
175
3
cgi-bhf 8
ech-bhf 9
bci-bhf 1
176
5
baf-bhg 3
cdi-bhg 1
bci-bhg 2
cbg-bhg 5
babb-bhg 10
177
4
efe-bhh 4
cch-bhh 4
cbc-bhh 2
bai-bhh 2
178
3
gbb-bhi 13
ibh-bhi 1
eaj-bhi 1
179
3
fha-bhj 18
bafb-bhj 2
ghd-bhj 1
180
2
hi-bia 11
cch-bia 1
181
2
eae-bib 6
fhc-bib 3
182
2
dc-bic 11
baa-bic 1
183
2
bajd-bid 9
beh-bid 3
184
5
bbc-bie 10
bcai-bie 2
eig-bie 5
bde-bie 4
bcc-bie 12
185
2
babf-bif 8
bgcg-bif 7
186
1
deg-big 6
187
3
hef-bih 3
bcff-bih 1
dcf-bih 8
188
3
bcej-bii 11
bga-bii 1
ejd-bii 3
189
3
ba-bij 4
cia-bij 4
cha-bij 10
190
2
ded-bja 4
dca-bja 5
191
3
bcdb-bjb 2
db-bjb 2
bbee-bjb 8
192
2
ibe-bjc 8
baad-bjc 7
193
4
hdg-bjd 1
di-bjd 1
ghb-bjd 12
gd-bjd 1
194
2
ecd-bje 7
cga-bje 5
195
5
bccc-bjf 1
hic-bjf 9
ecg-bjf 5
baff-bjf 2
hii-bjf 1
197
5
cd-bjh 10
bcb-bjh 1
gfd-bjh 1
jeb-bjh 1
eah-bjh 5
198
4
beeb-bji 4
dbg-bji 2
fdj-bji 1
cgh-bji 5
199
4
gci-bjj 1
jhe-bjj 8
baad-bjj 2
edg-bjj 1
200
3
dhc-caa 12
ecb-caa 1
djj-caa 5
201
4
bef-cab 4
bdg-cab 2
cjd-cab 1
daf-cab 11
202
5
dbf-cac 4
fid-cac 3
cgd-cac 3
djc-cac 1
bbdh-cac 4
203
1
icg-cad 9
204
5
jcd-cae 5
hhb-cae 2
bcb-cae 6
bccg-cae 4
cci-cae 7
205
3
gag-caf 2
bafb-caf 4
ghc-caf 3
206
4
fbi-cag 3
cie-cag 7
ebb-cag 1
bbg-cag 1
207
2
bahc-cah 3
bebe-cah 15
208
1
gdb-cai 6
209
1
eji-caj 12
210
4
bbjf-cba 4
bgdd-cba 3
bfi-cba 3
bccb-cba 2
211
1
ihc-cbb 15
212
2
efg-cbc 4
bcdg-cbc 2
213
7
cec-cbd 1
ehe-cbd 1
bif-cbd 6
bcdc-cbd 10
jej-cbd 1
jfc-cbd 2
eag-cbd 3
214
1
bbcc-cbe 3
215
1
ceb-cbf 9
216
3
becj-cbg 3
bdg-cbg 6
bbfi-cbg 3
217
2
bhi-cbh 8
bfg-cbh 7
218
2
bdi-cbi 6
ede-cbi 3
219
3
hi-cbj 8
db-cbj 2
gjj-cbj 5
220
5
bbi-cca 3
bbdb-cca 1
cbe-cca 4
ihg-cca 2
eea-cca 8
221
3
jeh-ccb 16
bjj-ccb 1
ejj-ccb 1
222
3
eag-ccc 2
bcda-ccc 3
jfh-ccc 4
223
3
bajb-ccd 8
feh-ccd 3
eae-ccd 7
224
1
bdc-cce 12
225
6
hcc-ccf 1
ihi-ccf 1
dca-ccf 3
ga-ccf 10
jeg-ccf 5
ghd-ccf 1
226
4
hde-ccg 1
hjh-ccg 5
ijd-ccg 12
bih-ccg 3
227
4
bhe-cch 6
egd-cch 1
ice-cch 2
baaf-cch 3
228
4
bgbg-cci 4
haf-cci 1
ceb-cci 2
bbfd-cci 5
229
4
eeb-ccj 7
cch-ccj 3
gdf-ccj 1
hji-ccj 7
230
1
dd-cda 9
231
4
fcf-cdb 5
jaa-cdb 1
ejg-cdb 1
bff-cdb 5
232
4
gac-cdc 10
ddj-cdc 1
fad-cdc 6
eb-cdc 1
233
2
db-cdd 4
bebi-cdd 2
234
3
gge-cde 18
hhb-cde 2
bjb-cde 1
235
5
bhj-cdf 5
fjc-cdf 1
iee-cdf 6
dfa-cdf 2
badh-cdf 1
236
3
bdf-cdg 5
dff-cdg 2
bfjd-cdg 11
237
2
bbja-cdh 4
gfd-cdh 5
238
2
beha-cdi 6
j-cdi 6
239
1
ega-cdj 9
240
5
jaj-cea 1
be-cea 4
che-cea 7
if-cea 6
gbi-cea 3
241
2
bfj-ceb 10
bdea-ceb 8
242
2
bad-cec 5
bajb-cec 7
243
2
efg-ced 8
bbgc-ced 1
244
2
jhc-cee 5
ic-cee 4
245
3
bha-cef 2
bfi-cef 4
dab-cef 6
246
3
gdg-ceg 6
iag-ceg 3
cah-ceg 3
248
4
fhi-cei 2
dgf-cei 2
ehj-cei 1
ddf-cei 10
249
5
ef-cej 8
bh-cej 7
bbeg-cej 3
dif-cej 4
bbee-cej 2
250
5
gei-cfa 3
eb-cfa 1
ice-cfa 3
bdhb-cfa 4
hdi-cfa 4
251
2
fhe-cfb 8
fgg-cfb 13
252
2
eca-cfc 7
gef-cfc 2
253
2
geb-cfd 15
bchd-cfd 3
254
1
ijc-cfe 6
255
3
bafc-cff 2
ejg-cff 4
hda-cff 9
256
4
gic-cfg 6
bfdb-cfg 1
ej-cfg 1
bbdg-cfg 4
257
3
fjh-cfh 6
cie-cfh 12
bbee-cfh 3
258
2
dhi-cfi 4
bcfi-cfi 11
259
1
cfi-cfj 18
260
4
chf-cga 8
dh-cga 1
bhb-cga 7
bcjf-cga 5
261
5
da-cgb 8
gdf-cgb 3
dch-cgb 1
dhd-cgb 1
deb-cgb 2
262
4
ica-cgc 5
cdb-cgc 9
hfc-cgc 2
ee-cgc 2
263
3
bafi-cgd 9
dcf-cgd 1
bafd-cgd 8
264
3
bfc-cge 13
bba-cge 4
ea-cge 1
265
4
ibe-cgf 3
bgbh-cgf 1
fcc-cgf 2
dej-cgf 9
266
2
fhc-cgg 5
bii-cgg 10
267
4
hc-cgh 8
cag-cgh 3
babb-cgh 2
bdhc-cgh 2
268
4
ia-cgi 2
djh-cgi 1
fdh-cgi 10
baaa-cgi 2
269
2
eag-cgj 10
ifi-cgj 2
270
4
dhj-cha 4
egj-cha 2
gfh-cha 6
dcb-cha 6
271
2
eci-chb 5
bcbi-chb 4
272
4
fjc-chc 2
hba-chc 5
jhd-chc 5
bbfj-chc 3
273
1
bfbg-chd 12
274
3
dej-che 2
befj-che 1
eah-che 9
275
4
ehb-chf 6
fch-chf 3
eca-chf 2
hfb-chf 4
276
2
fc-chg 6
iab-chg 6
277
1
ddj-chh 12
278
5
ibj-chi 4
jeh-chi 2
bbc-chi 1
hga-chi 3
bbea-chi 8
279
2
jg-chj 15
bgh-chj 3
280
2
jej-cia 5
jj-cia 7
281
5
bcce-cib 5
bdhb-cib 2
eha-cib 1
hh-cib 2
bdhh-cib 5
282
3
dhi-cic 10
jce-cic 2
ifd-cic 3
283
6
hgg-cid 8
dfa-cid 11
cab-cid 2
ehb-cid 9
bdh-cid 2
cjb-cid 1
284
3
bih-cie 4
gg-cie 3
jfi-cie 2
285
5
bcja-cif 11
dae-cif 4
gfe-cif 7
baed-cif 1
idd-cif 1
286
4
hai-cig 4
eef-cig 9
dge-cig 4
hbj-cig 1
287
1
icg-cih 6
288
3
gbi-cii 7
ggd-cii 10
baha-cii 1
289
3
bgi-cij 3
dgf-cij 6
cch-cij 3
290
5
hcj-cja 12
ehg-cja 3
ead-cja 1
ija-cja 1
bcaa-cja 1
291
3
jbi-cjb 2
eei-cjb 5
beba-cjb 5
292
3
bcih-cjc 6
bfgi-cjc 5
bada-cjc 1
293
2
bdaa-cjd 3
eje-cjd 3
294
2
cea-cje 4
bbi-cje 5
295
1
egf-cjf 9
297
1
hhf-cjh 15
298
1
bdce-cji 18
299
3
jah-cjj 10
bgh-cjj 5
bfeb-cjj 3
300
5
bfde-daa 6
jjb-daa 2
fh-daa 1
bbhc-daa 5
ih-daa 4
301
2
hi-dab 15
bef-dab 3
302
2
dce-dac 14
iid-dac 1
303
3
gfe-dad 3
gcb-dad 5
gfd-dad 4
304
3
baaa-dae 6
bcib-dae 2
fce-dae 4
305
4
badi-daf 11
fbb-daf 1
jae-daf 6
bdcb-daf 3
306
1
hcd-dag 9
307
4
ggg-dah 5
cgi-dah 3
ihj-dah 3
ehc-dah 1
308
3
bafa-dai 13
dhc-dai 2
bchi-dai 3
309
6
fae-daj 6
ebb-daj 2
dce-daj 1
dhe-daj 2
fhj-daj 1
geh-daj 6
310
1
hhj-dba 9
311
3
cjb-dbb 7
dfc-dbb 4
eaa-dbb 1
312
2
dah-dbc 4
hca-dbc 2
313
2
gcb-dbd 4
bdjf-dbd 11
314
2
bcaf-dbe 5
dac-dbe 4
315
4
gdc-dbf 12
baad-dbf 2
eid-dbf 6
gib-dbf 1
316
3
ffg-dbg 1
dab-dbg 7
iag-dbg 1
317
2
cdb-dbh 13
fha-dbh 2
318
2
edd-dbi 9
bcaa-dbi 6
319
3
bb-dbj 14
dhd-dbj 2
dad-dbj 2
320
4
a-dca 3
bda-dca 3
jbi-dca 1
bdii-dca 8
321
5
gad-dcb 9
fi-dcb 1
gbj-dcb 4
efg-dcb 2
eda-dcb 2
322
6
heg-dcc 4
jah-dcc 4
chf-dcc 2
ddf-dcc 6
di-dcc 8
fbb-dcc 3
323
4
gda-dcd 3
cfg-dcd 1
gjc-dcd 3
cg-dcd 5
324
3
cce-dce 4
jef-dce 4
ebg-dce 4
325
4
bhe-dcf 3
cgb-dcf 4
fea-dcf 6
bbja-dcf 2
326
3
jjj-dcg 2
dca-dcg 5
cd-dcg 2
327
4
jai-dch 7
bdgc-dch 2
eca-dch 4
dh-dch 2
328
4
bcef-dci 6
cge-dci 1
dae-dci 2
ehi-dci 6
329
1
jcg-dcj 15
330
2
dai-dda 4
bjj-dda 8
331
2
bbdj-ddb 7
bdge-ddb 11
332
2
bfjb-ddc 1
bja-ddc 14
333
1
beef-ddd 12
334
7
ifj-dde 1
bbj-dde 1
ghh-dde 2
d-dde 9
fbe-dde 2
ehd-dde 9
dbe-dde 3
335
7
id-ddf 2
jh-ddf 2
eij-ddf 2
bei-ddf 1
eb-ddf 10
chf-ddf 2
fcf-ddf 2
336
2
eid-ddg 3
cgc-ddg 6
337
2
ef-ddh 8
baa-ddh 4
338
4
cfa-ddi 3
ehd-ddi 12
bjc-ddi 1
fib-ddi 2
339
2
ecg-ddj 6
haa-ddj 12
340
6
ief-dea 3
edh-dea 1
ejd-dea 4
ebe-dea 2
bgi-dea 3
dia-dea 5
341
5
cbi-deb 1
hgj-deb 1
hfg-deb 6
hjc-deb 9
fei-deb 1
342
3
fdc-dec 3
bcgh-dec 6
bfg-dec 6
343
2
ihf-ded 3
gij-ded 12
344
5
cia-dee 6
dej-dee 1
fji-dee 1
dhc-dee 1
fhb-dee 6
345
1
jfi-def 9
346
5
hia-deg 9
cdh-deg 1
fhd-deg 1
bceg-deg 2
eec-deg 5
347
2
dj-deh 6
iji-deh 6
348
2
fif-dei 4
gjc-dei 2
349
4
babg-dej 4
fda-dej 1
bcah-dej 5
dif-dej 2
350
3
hab-dfa 3
ege-dfa 5
eai-dfa 7
351
2
e-dfb 8
ehb-dfb 1
352
7
fgg-dfc 1
cjc-dfc 5
eb-dfc 6
fgj-dfc 6
ca-dfc 1
ddc-dfc 1
ghb-dfc 1
353
3
idj-dfd 4
da-dfd 5
gcb-dfd 9
354
3
baac-dfe 6
ejd-dfe 4
ii-dfe 2
355
4
jha-dff 3
gie-dff 4
hii-dff 2
heg-dff 6
356
1
eib-dfg 9
357
4
bbcb-dfh 5
fhb-dfh 8
beci-dfh 1
fee-dfh 1
358
2
egd-dfi 7
hgh-dfi 2
359
1
bbah-dfj 9
360
2
fff-dga 4
bcdg-dga 11
361
1
bcae-dgb 6
362
4
bdbb-dgc 2
c-dgc 3
fib-dgc 2
jic-dgc 11
363
7
ifg-dgd 6
bfa-dgd 1
ifb-dgd 3
bajj-dgd 1
bbjf-dgd 12
cbc-dgd 2
badi-dgd 2
364
5
dc-dge 6
hcj-dge 1
ef-dge 6
beaa-dge 1
bccf-dge 4
365
3
bbba-dgf 1
bffd-dgf 10
jfj-dgf 1
366
1
bced-dgg 9
367
2
idi-dgh 4
dff-dgh 2
368
3
bbf-dgi 9
cgg-dgi 4
deb-dgi 2
369
4
ghb-dgj 1
bea-dgj 1
bcab-dgj 9
gg-dgj 1
370
2
dji-dha 10
dij-dha 2
371
3
ebh-dhb 5
bajb-dhb 1
d-dhb 3
372
6
bdab-dhc 5
dfg-dhc 1
dbg-dhc 2
bbce-dhc 7
bbed-dhc 5
jii-dhc 1
373
6
dgh-dhd 2
hfh-dhd 1
ije-dhd 1
fhc-dhd 6
cdi-dhd 5
baeg-dhd 3
374
6
ehb-dhe 7
dca-dhe 3
bbhi-dhe 1
ieg-dhe 1
bbii-dhe 5
bbhb-dhe 1
375
3
ebj-dhf 7
cjd-dhf 7
baga-dhf 1
376
4
begf-dhg 4
ida-dhg 1
beab-dhg 1
bfe-dhg 6
377
3
bbh-dhh 10
bdac-dhh 1
dgf-dhh 4
378
3
fhf-dhi 10
ihg-dhi 4
fjf-dhi 4
379
4
icc-dhj 5
ddj-dhj 7
begh-dhj 5
idf-dhj 4
380
1
ecg-dia 12
381
1
dhj-dib 12
382
5
hhd-dic 5
edj-dic 3
ebi-dic 5
fh-dic 4
jff-dic 7
383
1
dhg-did 18
384
5
baag-die 8
jeb-die 1
fig-die 3
fac-die 3
fea-die 3
385
1
bbdh-dif 3
386
3
edj-dig 1
fcd-dig 5
hih-dig 3
387
2
fdg-dih 1
bbjg-dih 5
388
2
bage-dii 3
bdeg-dii 3
389
3
bacf-dij 3
ici-dij 7
hhe-dij 5
390
1
bhe-dja 6
391
2
jjj-djb 5
eee-djb 1
392
3
ddi-djc 2
jaj-djc 5
dba-djc 2
393
5
ceb-djd 1
cie-djd 6
bejh-djd 1
jdd-djd 1
ifd-djd 9
394
2
beaj-dje 18
bbj-dje 3
395
2
di-djf 3
eha-djf 3
396
4
bceg-djg 4
bcc-djg 4
efi-djg 6
hca-djg 7
397
8
bdef-djh 2
cjc-djh 1
bif-djh 1
ebi-djh 3
gdg-djh 11
gai-djh 7
djb-djh 1
beca-djh 1
399
3
bbc-djj 10
jib-djj 3
dec-djj 5
400
4
eji-eaa 7
jbb-eaa 8
hjj-eaa 1
bee-eaa 5
401
3
bbga-eab 6
bdha-eab 3
chi-eab 3
402
3
cej-eac 10
jhi-eac 3
bagg-eac 2
403
2
caf-ead 6
dce-ead 6
404
6
gdc-eae 8
gai-eae 2
fed-eae 4
fhi-eae 3
icb-eae 2
bic-eae 2
405
3
jc-eaf 4
fgj-eaf 7
fde-eaf 1
406
3
hgb-eag 2
ca-eag 8
gff-eag 5
407
4
bcaj-eah 7
bbcf-eah 1
gdj-eah 1
eca-eah 6
408
3
bbec-eai 6
be-eai 3
ffa-eai 3
409
2
beec-eaj 9
eae-eaj 3
410
6
bif-eba 7
feb-eba 2
gih-eba 1
bebc-eba 1
cee-eba 5
bjj-eba 2
411
5
iij-ebb 7
fff-ebb 5
beb-ebb 5
ffd-ebb 1
fac-ebb 3
412
1
baej-ebc 9
413
7
bdae-ebd 11
badb-ebd 4
bcce-ebd 2
cag-ebd 3
had-ebd 1
ejb-ebd 2
dgi-ebd 1
414
4
bfhc-ebe 7
df-ebe 2
ebb-ebe 4
ceb-ebe 5
415
1
bfd-ebf 12
416
1
fga-ebg 9
417
3
icg-ebh 7
bahf-ebh 1
daf-ebh 4
418
1
hfe-ebi 9
419
4
ghd-ebj 7
ehi-ebj 2
djj-ebj 3
jgc-ebj 3
420
3
jga-eca 6
eh-eca 2
dbf-eca 7
421
2
bchc-ecb 3
daj-ecb 3
422
9
bdie-ecc 3
fbe-ecc 13
ejd-ecc 5
idf-ecc 1
edi-ecc 1
cd-ecc 2
babd-ecc 1
bdch-ecc 1
jc-ecc 3
423
3
jfj-ecd 1
dha-ecd 7
fba-ecd 1
424
3
eaa-ece 8
ecd-ece 3
ici-ece 1
425
4
dc-ecf 6
eed-ecf 9
beh-ecf 1
dgb-ecf 2
426
3
dfa-ecg 6
fbc-ecg 1
bcca-ecg 2
427
3
dbh-ech 7
hcd-ech 6
jjc-ech 2
428
3
jac-eci 8
dh-eci 1
hcg-eci 3
429
1
ihi-ecj 9
430
5
dhf-eda 3
bdcg-eda 6
hbd-eda 1
igj-eda 9
bbdb-eda 2
431
3
gdd-edb 8
jj-edb 1
fb-edb 12
432
3
ggi-edc 12
baa-edc 2
ihi-edc 1
433
2
cbe-edd 14
bdh-edd 4
434
3
ffi-ede 10
jh-ede 1
jbb-ede 1
435
5
bdag-edf 1
fah-edf 9
hba-edf 1
bdfe-edf 6
ci-edf 1
436
4
jgh-edg 7
ie-edg 3
cde-edg 6
ggd-edg 2
437
5
cfj-edh 5
dah-edh 2
bbgb-edh 1
beb-edh 1
hcd-edh 6
438
2
gie-edi 15
ccg-edi 12
439
2
egf-edj 5
egj-edj 4
440
3
bgj-eea 4
djh-eea 7
gcc-eea 1
441
3
dec-eeb 9
hgh-eeb 1
hei-eeb 2
442
3
hci-eec 8
cbe-eec 2
dge-eec 2
443
4
jhc-eed 3
fcg-eed 1
gcd-eed 7
iaa-eed 1
444
1
idg-eee 9
445
3
jad-eef 2
bdg-eef 7
dej-eef 6
446
2
bfc-eeg 9
badg-eeg 9
447
1
bcc-eeh 9
448
4
fii-eei 4
bih-eei 4
beed-eei 1
haj-eei 6
449
2
bcag-eej 10
bcih-eej 2
450
4
hch-efa 2
jia-efa 1
ii-efa 15
bccg-efa 3
451
1
ehc-efb 9
452
3
hd-efc 1
ehd-efc 6
bhh-efc 5
453
2
fei-efd 7
bbc-efd 5
454
2
bcdb-efe 1
ija-efe 5
455
5
fff-eff 3
bjf-eff 5
bbed-eff 5
jge-eff 1
hgf-eff 1
456
5
iib-efg 2
fii-efg 4
bcad-efg 4
bbj-efg 2
daf-efg 3
457
3
igc-efh 3
ded-efh 5
iic-efh 13
458
2
eec-efi 7
eed-efi 2
459
5
bbfa-efj 4
bbca-efj 2
efe-efj 1
gde-efj 1
fhc-efj 10
460
7
bja-ega 12
bac-ega 1
feh-ega 4
icf-ega 2
jca-ega 2
bbac-ega 1
cbg-ega 2
461
4
hic-egb 7
jg-egb 4
bcdf-egb 3
fdb-egb 4
463
2
cfa-egd 5
ebd-egd 7
464
3
ifi-ege 4
ecb-ege 3
fdb-ege 11
465
4
fge-egf 3
eae-egf 1
cha-egf 7
ifd-egf 1
466
4
die-egg 4
idd-egg 1
jia-egg 8
eaj-egg 2
467
1
iid-egh 9
468
2
efa-egi 6
hef-egi 6
469
4
baih-egj 6
jdg-egj 2
jj-egj 3
ibi-egj 7
470
3
fgd-eha 13
cgh-eha 3
bjj-eha 2
471
3
fei-ehb 6
hib-ehb 1
bfc-ehb 5
472
1
iad-ehc 6
473
4
hcb-ehd 4
dfd-ehd 3
bffb-ehd 2
hjj-ehd 3
474
4
di-ehe 4
ibh-ehe 3
hje-ehe 2
bebj-ehe 3
475
3
jgj-ehf 12
hgh-ehf 1
caa-ehf 2
476
3
bdgh-ehg 11
hda-ehg 2
edf-ehg 2
477
1
ecf-ehh 15
478
3
jfd-ehi 5
bbeg-ehi 1
fef-ehi 3
479
3
hbj-ehj 7
bcgj-ehj 4
eci-ehj 1
480
2
efc-eia 14
cjj-eia 1
481
3
dg-eib 5
bbbe-eib 3
iih-eib 4
482
3
bdfb-eic 11
bfef-eic 1
fhi-eic 3
483
4
bdg-eid 8
ejg-eid 7
hc-eid 1
bfhj-eid 2
484
2
ffj-eie 13
gbb-eie 2
486
2
bfeh-eig 9
fdf-eig 3
487
4
daa-eih 7
jc-eih 1
ifi-eih 1
cag-eih 6
488
2
bfdi-eii 11
fij-eii 1
489
4
dcc-eij 7
ief-eij 4
jae-eij 1
dfg-eij 3
490
3
hej-eja 5
babi-eja 3
iaj-eja 1
491
2
ibd-ejb 5
bhc-ejb 4
492
6
gji-ejc 4
ggd-ejc 1
hgb-ejc 1
eia-ejc 8
daj-ejc 3
bcbe-ejc 1
493
1
ige-ejd 6
494
4
iei-eje 12
ege-eje 4
bfj-eje 1
cif-eje 1
495
2
bfja-ejf 2
ecf-ejf 7
496
3
ghb-ejg 3
eb-ejg 8
chd-ejg 1
497
2
bbi-ejh 10
idi-ejh 2
498
4
cgh-eji 3
d-eji 2
hfb-eji 2
dih-eji 8
499
2
chf-ejj 3
hif-ejj 3
500
4
deg-faa 7
bbba-faa 2
dfb-faa 2
ice-faa 4
501
1
dda-fab 6
502
4
bbii-fac 8
hbc-fac 3
hdh-fac 2
cbi-fac 2
503
5
baei-fad 5
fgd-fad 5
bdjg-fad 1
cfh-fad 6
iej-fad 1
504
2
baba-fae 8
bdia-fae 4
505
3
hid-faf 5
bcja-faf 1
ice-faf 3
506
2
bahb-fag 13
dbf-fag 2
507
1
bjf-fah 6
508
3
badj-fai 7
eff-fai 2
fdh-fai 6
509
5
iii-faj 6
ghi-faj 5
bhe-faj 2
ggb-faj 1
fgi-faj 4
510
3
bbdb-fba 4
cdi-fba 1
dii-fba 7
511
2
geh-fbb 14
jgi-fbb 1
512
1
baag-fbc 12
513
3
bih-fbd 3
ejj-fbd 2
jhc-fbd 10
514
2
fgi-fbe 7
bceh-fbe 2
515
1
jbh-fbf 3
516
1
dff-fbg 6
517
4
bc-fbh 3
fdh-fbh 5
fgb-fbh 2
bcjg-fbh 8
518
4
ebf-fbi 5
dcc-fbi 6
eah-fbi 1
bjb-fbi 3
519
4
beig-fbj 3
hb-fbj 3
fch-fbj 1
hdc-fbj 11
520
4
bccg-fca 7
dce-fca 1
jib-fca 2
gaj-fca 5
521
2
bcdf-fcb 6
h-fcb 9
522
4
gbd-fcc 7
gic-fcc 1
fjh-fcc 2
bfca-fcc 2
523
2
hib-fcd 7
cba-fcd 5
524
2
gia-fce 4
baec-fce 5
525
4
bff-fcf 4
ebi-fcf 5
ehe-fcf 11
baib-fcf 1
526
3
bbe-fcg 4
gcc-fcg 4
bcah-fcg 4
527
6
beaj-fch 4
ecb-fch 1
cjb-fch 6
hfc-fch 7
bcee-fch 5
eae-fch 1
528
7
iba-fci 13
dfh-fci 1
dfd-fci 1
bjf-fci 1
iei-fci 3
dei-fci 3
bbea-fci 2
529
4
fcg-fcj 4
egd-fcj 12
ffb-fcj 1
ghc-fcj 1
530
4
bhi-fda 9
bbbd-fda 6
cfd-fda 2
edf-fda 1
531
4
ccf-fdb 4
bcga-fdb 4
eha-fdb 6
def-fdb 1
532
4
cif-fdc 7
eg-fdc 4
dad-fdc 2
bahi-fdc 5
533
6
bfie-fdd 10
bfha-fdd 10
edd-fdd 4
hid-fdd 1
baei-fdd 1
eaf-fdd 1
534
2
egb-fde 8
jj-fde 1
535
5
cgg-fdf 4
gdc-fdf 2
fdg-fdf 3
ibe-fdf 7
fbj-fdf 2
536
2
bdhg-fdg 13
bach-fdg 2
537
6
ffa-fdh 1
deb-fdh 1
bcjh-fdh 1
gf-fdh 3
cjd-fdh 11
cdc-fdh 4
538
2
bh-fdi 5
jii-fdi 1
539
2
hbh-fdj 5
bdfh-fdj 1
540
4
ee-fea 2
bbia-fea 4
bdcd-fea 8
bceb-fea 1
541
5
ieb-feb 2
dfh-feb 9
ih-feb 1
hgh-feb 3
ibd-feb 3
542
2
bfcg-fec 2
bfij-fec 7
543
3
hdi-fed 8
bbhb-fed 6
fdh-fed 1
544
4
ihf-fee 6
ecb-fee 2
be-fee 4
bbaa-fee 3
545
5
bdad-fef 5
je-fef 2
bbfh-fef 2
bfdg-fef 1
dfe-fef 5
546
4
ijc-feg 10
bd-feg 1
bcgj-feg 6
hgh-feg 1
547
4
chc-feh 3
djg-feh 1
hei-feh 3
bbdc-feh 8
548
3
begd-fei 11
eeg-fei 1
bcgi-fei 6
550
4
gch-ffa 3
bfef-ffa 1
idb-ffa 4
df-ffa 7
551
5
i-ffb 7
ica-ffb 1
dab-ffb 4
cfd-ffb 5
jfe-ffb 4
552
2
bdj-ffc 11
hbb-ffc 1
553
2
jaf-ffd 4
dij-ffd 5
555
5
hfd-fff 11
fgj-fff 1
chc-fff 1
baae-fff 5
jbf-fff 3
556
1
ffi-ffg 3
557
2
e-ffh 3
fja-ffh 3
558
3
bcdd-ffi 8
cdj-ffi 1
cif-ffi 6
559
2
gfi-ffj 6
gih-ffj 6
560
6
bbhg-fga 4
gei-fga 3
eae-fga 1
cie-fga 5
bhe-fga 8
igi-fga 3
561
3
eei-fgb 4
gff-fgb 1
dba-fgb 4
562
2
bagf-fgc 11
dgd-fgc 4
563
3
bfff-fgd 15
ffa-fgd 1
bfic-fgd 2
564
1
gjf-fge 6
565
1
ha-fgf 6
566
1
ice-fgg 6
567
3
jcf-fgh 4
jjf-fgh 1
dbh-fgh 4
568
1
dfg-fgi 12
569
2
ghj-fgj 7
bdc-fgj 5
570
3
bfig-fha 6
fhc-fha 1
bfi-fha 2
571
4
bfcb-fhb 13
beaa-fhb 3
beeb-fhb 1
bajf-fhb 1
572
6
bfed-fhc 3
hch-fhc 1
cba-fhc 9
bbi-fhc 1
bgea-fhc 3
ijj-fhc 1
573
2
cih-fhd 9
hic-fhd 3
574
2
hci-fhe 8
ebh-fhe 7
575
2
gad-fhf 4
ffb-fhf 2
576
3
da-fhg 6
fjc-fhg 2
bbfh-fhg 4
577
1
cba-fhh 3
578
3
bja-fhi 5
jcb-fhi 3
bcgj-fhi 4
579
3
bgde-fhj 4
fag-fhj 5
ii-fhj 6
580
2
gcc-fia 10
hga-fia 2
581
2
gjb-fib 6
fgb-fib 3
582
3
bgaj-fic 10
ijd-fic 4
cea-fic 4
583
4
hh-fid 6
cih-fid 1
gif-fid 3
bbaa-fid 8
584
2
efe-fie 8
bccf-fie 1
585
4
gge-fif 6
bfcg-fif 3
ibj-fif 1
bbc-fif 2
586
4
dec-fig 3
eib-fig 4
bfj-fig 3
ejg-fig 8
587
1
id-fih 9
588
4
gde-fii 2
haf-fii 8
bagb-fii 1
bcfh-fii 1
589
1
ebj-fij 9
590
1
edj-fja 9
591
6
gef-fjb 5
bggb-fjb 1
hc-fjb 2
hae-fjb 1
cij-fjb 14
caa-fjb 4
592
4
cie-fjc 9
bcff-fjc 3
hdf-fjc 1
dbg-fjc 2
593
1
cif-fjd 6
594
3
fba-fje 9
hdj-fje 2
hci-fje 1
595
3
bahg-fjf 4
jhf-fjf 3
fhc-fjf 2
596
1
bcfe-fjg 6
597
2
babb-fjh 17
baij-fjh 1
598
6
bddi-fji 6
fij-fji 1
jbi-fji 3
iga-fji 6
hh-fji 4
cdf-fji 7
599
3
bbg-fjj 2
gj-fjj 1
ddi-fjj 6
600
3
bacj-gaa 4
gjf-gaa 1
gbb-gaa 7
601
1
gdh-gab 9
602
1
cca-gac 3
603
5
jjh-gad 12
bf-gad 1
bjc-gad 1
hij-gad 1
bdfe-gad 3
604
7
hca-gae 5
ceb-gae 1
ghc-gae 3
eig-gae 3
bfi-gae 5
jci-gae 3
bd-gae 1
606
3
jij-gag 2
bahg-gag 8
dff-gag 5
607
2
iaf-gah 10
fac-gah 5
608
2
gff-gai 4
daa-gai 2
609
4
bcde-gaj 2
iae-gaj 1
ccf-gaj 4
di-gaj 5
610
4
bbge-gba 7
fdi-gba 3
bbib-gba 2
hgc-gba 3
611
5
bfjj-gbb 5
dhf-gbb 5
cgb-gbb 1
becb-gbb 3
eja-gbb 4
612
4
baab-gbc 1
hb-gbc 1
bbhc-gbc 2
bbh-gbc 14
613
2
fcb-gbd 11
bbcd-gbd 1
614
1
bgfd-gbe 3
615
3
ccj-gbf 3
bdcf-gbf 3
bbeh-gbf 6
616
3
dga-gbg 1
dhh-gbg 1
bbcb-gbg 10
617
2
ejj-gbh 7
ff-gbh 2
618
5
ifc-gbi 12
bbeh-gbi 3
dbi-gbi 1
ej-gbi 4
bacg-gbi 1
619
4
bbfi-gbj 1
eaa-gbj 5
jej-gbj 2
gch-gbj 4
620
2
haj-gca 8
hbg-gca 13
621
3
bafh-gcb 14
cab-gcb 3
bfbd-gcb 1
622
5
bafc-gcc 5
cdh-gcc 1
baad-gcc 12
baee-gcc 2
bbii-gcc 4
623
1
egf-gcd 12
624
1
fai-gce 9
625
1
daf-gcf 9
626
2
ijg-gcg 8
chg-gcg 4
627
3
eja-gch 6
bdc-gch 1
fjh-gch 8
628
4
cea-gci 4
bga-gci 1
igb-gci 1
gid-gci 12
629
2
ged-gcj 5
ebb-gcj 1
630
2
ihh-gda 4
bdcf-gda 2
631
2
eah-gdb 7
bbg-gdb 5
632
4
babf-gdc 4
gbe-gdc 4
ifc-gdc 1
cah-gdc 6
633
3
hfi-gdd 6
dgb-gdd 1
bcag-gdd 5
634
3
gba-gde 7
cdd-gde 2
baeb-gde 6
635
4
gfe-gdf 4
bchf-gdf 3
bhc-gdf 1
hjh-gdf 4
636
4
db-gdg 8
bajh-gdg 4
bddj-gdg 2
hag-gdg 1
637
3
if-gdh 5
bdfd-gdh 4
jci-gdh 3
639
2
gjg-gdj 3
cei-gdj 6
640
5
edi-gea 8
jh-gea 2
eaa-gea 2
cda-gea 1
dea-gea 2
641
2
hhd-geb 14
begg-geb 1
642
1
ihd-gec 6
643
1
bdbj-ged 3
644
1
dda-gee 3
645
4
bdgj-gef 1
gfh-gef 5
gij-gef 3
dfi-gef 3
646
3
cie-geg 2
gaj-geg 4
bfcj-geg 6
647
2
jg-geh 6
bjh-geh 6
648
3
ffa-gei 7
daf-gei 1
iba-gei 4
649
2
fec-gej 12
hgi-gej 3
650
2
bgeg-gfa 3
hbc-gfa 3
651
2
bcbi-gfb 1
jhj-gfb 11
652
2
bcb-gfc 10
ccf-gfc 2
653
3
bdbg-gfd 1
hjb-gfd 6
gch-gfd 2
654
2
baci-gfe 2
hfa-gfe 7
655
5
hh-gff 3
bga-gff 9
idi-gff 2
egf-gff 6
ehe-gff 1
656
2
bahh-gfg 6
jaj-gfg 6
657
3
iga-gfh 4
ffb-gfh 1
bi-gfh 7
658
3
ech-gfi 2
ghc-gfi 2
becd-gfi 11
660
2
hhe-gga 8
bhe-gga 1
661
3
bee-ggb 1
eae-ggb 1
igf-ggb 10
662
2
id-ggc 5
bgae-ggc 1
663
3
cjh-ggd 7
djj-ggd 1
jhh-ggd 4
664
6
gaj-gge 10
beg-gge 5
ifg-gge 4
efd-gge 1
bdc-gge 4
bfid-gge 3
665
4
jfj-ggf 6
bcdj-ggf 2
feh-ggf 2
hab-ggf 5
666
3
dij-ggg 6
die-ggg 1
caf-ggg 5
667
1
cab-ggh 3
668
3
bfc-ggi 2
cbc-ggi 2
cgh-ggi 5
670
4
bfgj-gha 1
gdh-gha 6
gii-gha 4
ifc-gha 1
671
5
bgef-ghb 5
bbfg-ghb 7
bgae-ghb 2
idb-ghb 2
bbff-ghb 2
672
6
fhi-ghc 7
fea-ghc 2
cib-ghc 6
beid-ghc 2
begg-ghc 6
bch-ghc 1
673
3
bae-ghd 4
egj-ghd 2
did-ghd 3
674
3
ccb-ghe 2
cji-ghe 1
ggg-ghe 6
676
2
dhh-ghg 9
fhb-ghg 3
677
2
cbc-ghh 6
bacj-ghh 3
678
2
hai-ghi 5
daf-ghi 7
679
4
bcbc-ghj 3
hec-ghj 4
fcd-ghj 5
fdb-ghj 3
680
3
hbf-gia 2
ied-gia 2
egg-gia 8
681
2
bbhf-gib 5
cic-gib 4
682
3
gge-gic 2
dhi-gic 9
bbga-gic 4
683
1
cjj-gid 6
684
2
iih-gie 4
ici-gie 5
685
5
bcig-gif 3
bcdi-gif 1
jea-gif 3
hge-gif 3
gdf-gif 5
687
4
die-gih 3
baai-gih 6
badc-gih 4
bbfb-gih 2
688
2
ib-gii 8
baab-gii 1
689
3
ehf-gij 10
ibd-gij 4
bei-gij 1
690
1
ecd-gja 6
691
1
ebc-gjb 3
692
5
hji-gjc 5
gbe-gjc 1
ca-gjc 1
behb-gjc 6
hg-gjc 2
694
2
bhc-gje 11
bbdf-gje 1
695
3
hdh-gjf 2
dig-gjf 3
ieg-gjf 4
696
5
behg-gjg 5
bfb-gjg 3
bbic-gjg 1
egg-gjg 6
bdda-gjg 3
697
3
dfd-gjh 4
cbg-gjh 4
cje-gjh 1
698
1
bbgf-gji 6
699
3
fbi-gjj 3
iii-gjj 7
hhe-gjj 2
700
3
bcea-haa 7
bjj-haa 1
dbe-haa 4
701
2
bcfg-hab 6
gc-hab 3
703
1
iec-had 3
704
6
bbic-hae 4
hea-hae 6
chi-hae 3
fac-hae 2
ije-hae 2
idb-hae 1
705
3
jji-haf 9
bbcd-haf 2
jda-haf 4
706
6
ecj-hag 3
hje-hag 3
dfg-hag 4
beje-hag 2
dic-hag 5
bcgb-hag 1
707
2
efj-hah 5
fda-hah 7
708
2
bce-hai 8
hfh-hai 1
709
1
bdjj-haj 3
710
2
bdbi-hba 1
bega-hba 8
711
2
cgj-hbb 6
fac-hbb 6
712
2
jdg-hbc 6
ffc-hbc 3
713
4
iah-hbd 9
bei-hbd 4
bdff-hbd 3
eij-hbd 2
714
2
fji-hbe 7
fc-hbe 2
715
2
fcf-hbf 7
jf-hbf 2
716
5
jh-hbg 1
egh-hbg 3
bdjf-hbg 4
ife-hbg 4
gde-hbg 3
717
3
ci-hbh 5
ifg-hbh 6
babe-hbh 1
718
2
egd-hbi 3
jfh-hbi 3
719
2
jge-hbj 2
bedf-hbj 4
720
4
ibe-hca 6
ead-hca 8
hcf-hca 6
cib-hca 1
721
2
bdfa-hcb 11
bahd-hcb 4
722
2
iee-hcc 1
cie-hcc 5
723
3
bdhb-hcd 5
jee-hcd 1
bgi-hcd 9
724
3
beaf-hce 8
ejf-hce 2
eab-hce 11
725
5
hhc-hcf 4
bbae-hcf 6
b-hcf 1
gad-hcf 3
cih-hcf 1
726
3
ibf-hcg 3
baed-hcg 7
ja-hcg 2
727
4
ghe-hch 1
gdg-hch 3
fci-hch 2
jcb-hch 6
728
3
geh-hci 1
bdff-hci 13
ggi-hci 1
729
4
ejb-hcj 1
jd-hcj 1
bbgd-hcj 2
eec-hcj 14
730
3
dec-hda 6
ffb-hda 8
idc-hda 1
731
4
fei-hdb 5
bejg-hdb 5
jh-hdb 1
bfhg-hdb 1
732
5
befb-hdc 9
jbf-hdc 1
bdac-hdc 1
cbi-hdc 6
cej-hdc 1
733
1
bdg-hdd 12
734
2
bbjf-hde 5
jfh-hde 4
735
4
gbh-hdf 8
fad-hdf 5
dci-hdf 1
bbha-hdf 1
736
2
fjc-hdg 5
eba-hdg 4
737
2
fec-hdh 7
ihb-hdh 2
738
1
beah-hdi 9
739
2
eci-hdj 5
haa-hdj 7
740
6
fdf-hea 6
befg-hea 1
jjg-hea 7
jb-hea 4
bdfd-hea 2
djb-hea 4
741
2
fab-heb 5
icg-heb 1
742
4
bfjg-hec 4
fai-hec 1
bdda-hec 6
bdhc-hec 1
743
1
bcbg-hed 9
744
3
gbf-hee 5
bfhd-hee 2
ijb-hee 2
745
4
gha-hef 2
bjd-hef 6
bfch-hef 4
beg-hef 3
746
2
ceb-heg 8
bcdd-heg 1
747
3
hii-heh 7
ed-heh 4
dcb-heh 1
748
3
ie-hei 5
fad-hei 1
if-hei 3
749
2
cec-hej 10
bgbd-hej 2
750
3
jga-hfa 6
dgc-hfa 6
befe-hfa 3
751
3
icd-hfb 4
gc-hfb 2
bff-hfb 9
752
3
gab-hfc 6
gjh-hfc 2
bcdc-hfc 1
753
2
bcec-hfd 5
eih-hfd 7
754
4
gac-hfe 1
bahd-hfe 4
ejg-hfe 1
dfb-hfe 6
755
1
bacc-hff 9
756
2
bbac-hfg 5
gfd-hfg 4
757
4
ihf-hfh 4
eci-hfh 1
ede-hfh 6
bbaj-hfh 4
758
2
eci-hfi 7
beih-hfi 2
759
2
gaa-hfj 8
bfhi-hfj 1
760
2
bbg-hga 2
fdb-hga 4
761
2
hfc-hgb 17
iaj-hgb 1
762
4
dej-hgc 1
fia-hgc 1
fea-hgc 4
hje-hgc 6
763
2
bedb-hgd 5
bbfa-hgd 1
764
2
beff-hge 6
efg-hge 3
765
4
icd-hgf 6
fea-hgf 1
bafe-hgf 4
bci-hgf 1
766
1
baib-hgg 9
767
2
deg-hgh 2
dej-hgh 4
768
2
cdb-hgi 11
baja-hgi 1
770
5
hdd-hha 2
ii-hha 1
ihj-hha 1
bi-hha 3
baad-hha 11
771
3
dfa-hhb 10
gfa-hhb 3
bbaa-hhb 2
772
3
beff-hhc 1
eia-hhc 6
fhc-hhc 2
773
2
bdec-hhd 9
gaa-hhd 3
774
3
eff-hhe 8
gja-hhe 1
fcd-hhe 6
775
2
bafj-hhf 8
dag-hhf 4
776
3
hbb-hhg 1
bcd-hhg 10
dgd-hhg 1
777
1
haa-hhh 6
778
1
bdci-hhi 6
779
5
hie-hhj 7
jec-hhj 6
bfag-hhj 3
beb-hhj 3
chi-hhj 2
780
2
jdd-hia 7
bbie-hia 2
781
2
bbfb-hib 5
bbi-hib 4
782
4
dcc-hic 1
chh-hic 5
dhd-hic 3
bgcf-hic 3
783
1
bgdg-hid 3
784
1
bgbb-hie 6
785
3
fje-hif 2
cii-hif 6
ggc-hif 1
786
3
gb-hig 2
che-hig 5
fig-hig 2
787
2
ddh-hih 1
iaf-hih 14
788
3
cgi-hii 6
jaj-hii 5
djb-hii 1
789
5
dif-hij 8
bji-hij 2
hag-hij 2
jff-hij 5
bbbd-hij 1
790
1
fae-hja 6
791
3
cfh-hjb 5
bde-hjb 1
cbb-hjb 3
792
4
hcc-hjc 3
bbfi-hjc 9
bfhe-hjc 2
gaj-hjc 7
793
2
bbd-hjd 4
fef-hjd 2
794
2
fgj-hje 3
bdja-hje 3
795
3
edj-hjf 7
gid-hjf 1
beji-hjf 1
796
4
jdh-hjg 10
cfa-hjg 1
eda-hjg 2
gdj-hjg 8
797
2
bcg-hjh 5
caj-hjh 1
798
1
hfj-hji 9
799
6
gah-hjj 1
beea-hjj 1
bace-hjj 3
bgc-hjj 3
fgd-hjj 9
fe-hjj 4
800
5
jcg-iaa 4
deb-iaa 8
dhc-iaa 2
eef-iaa 3
ead-iaa 1
801
3
ech-iab 6
bdbh-iab 1
cdh-iab 2
802
3
hia-iac 1
hbi-iac 3
eic-iac 5
803
2
cba-iad 10
cgd-iad 5
804
4
cjg-iae 7
bcd-iae 5
fjd-iae 1
cdf-iae 2
805
3
jd-iaf 9
gjf-iaf 2
ejf-iaf 1
806
4
bage-iag 5
ihd-iag 1
ejg-iag 3
begg-iag 3
807
2
dad-iah 3
fei-iah 3
808
3
jh-iai 4
gf-iai 5
dje-iai 3
809
3
gci-iaj 2
bddg-iaj 6
gbh-iaj 1
810
5
bafb-iba 4
bbba-iba 1
bcb-iba 3
bbbj-iba 6
ejb-iba 1
811
2
iha-ibb 1
bead-ibb 5
812
1
bbgf-ibc 6
813
2
bgcj-ibd 1
bdhd-ibd 5
814
2
fba-ibe 8
bbcc-ibe 1
815
3
dih-ibf 4
bffh-ibf 3
dje-ibf 2
816
3
efj-ibg 3
bafg-ibg 3
fhg-ibg 6
817
2
babb-ibh 6
eja-ibh 3
818
3
jib-ibi 11
fdi-ibi 2
bjc-ibi 2
819
4
bbdb-ibj 4
hae-ibj 3
bbcd-ibj 3
dfd-ibj 2
820
3
becf-ica 4
dgi-ica 10
bcfh-ica 1
821
3
fhj-icb 2
hfi-icb 1
fib-icb 6
823
5
jaj-icd 7
eig-icd 2
hcd-icd 2
jaa-icd 1
hj-icd 3
824
3
ehd-ice 3
hgi-ice 1
jfh-ice 5
825
4
cih-icf 6
dbb-icf 2
fce-icf 1
bcha-icf 3
826
3
bjj-icg 3
gcg-icg 5
bcdi-icg 1
827
1
beei-ich 6
828
2
cj-ici 6
jc-ici 3
829
1
jie-icj 6
830
1
bcfd-ida 15
831
5
cdh-idb 3
bach-idb 2
ghi-idb 9
bfjd-idb 1
fce-idb 6
832
3
gjg-idc 3
djj-idc 1
iij-idc 5
833
4
fj-idd 9
bbah-idd 1
fih-idd 1
bfda-idd 1
835
4
dh-idf 1
bajg-idf 1
dii-idf 4
efa-idf 9
836
3
dhd-idg 8
bagf-idg 2
bfi-idg 2
838
4
ech-idi 4
hhc-idi 3
bgfa-idi 7
bbdd-idi 1
839
2
bcc-idj 5
fdj-idj 4
840
3
eeb-iea 5
bebf-iea 1
bij-iea 6
841
3
fhb-ieb 1
bdaj-ieb 4
bbie-ieb 4
842
4
hfg-iec 11
iff-iec 1
hfh-iec 1
bbca-iec 2
843
4
jac-ied 3
bche-ied 2
hhb-ied 4
bbid-ied 3
844
1
efc-iee 9
845
4
bfc-ief 5
hag-ief 1
ea-ief 3
bbah-ief 3
846
4
ffh-ieg 1
hcd-ieg 4
fjj-ieg 2
idd-ieg 8
847
3
caj-ieh 6
bge-ieh 1
bchj-ieh 5
848
5
efg-iei 2
hgi-iei 6
dbf-iei 3
behf-iei 6
bcgb-iei 1
849
2
bbh-iej 2
bdi-iej 4
850
3
hcf-ifa 9
ccc-ifa 3
bbbi-ifa 3
851
2
bagh-ifb 5
dfh-ifb 4
852
4
cee-ifc 6
bchg-ifc 3
ejj-ifc 3
jid-ifc 6
853
3
bbhd-ifd 9
ijh-ifd 2
cf-ifd 1
854
2
hjf-ife 8
dad-ife 1
855
3
jgf-iff 2
efe-iff 5
cgi-iff 8
856
3
be-ifg 1
bgeb-ifg 2
jci-ifg 6
857
2
baga-ifh 9
cid-ifh 3
858
1
bcci-ifi 6
859
1
chb-ifj 3
860
1
ebb-iga 6
861
1
cif-igb 6
862
3
bcgi-igc 6
eaf-igc 1
gh-igc 2
863
2
ife-igd 6
ggg-igd 3
864
3
hjc-ige 7
dbj-ige 1
dbi-ige 1
865
1
egi-igf 3
866
1
babd-igg 3
867
1
hag-igh 3
868
3
bcbj-igi 7
gag-igi 1
bbg-igi 1
869
4
jba-igj 2
bdie-igj 6
gih-igj 3
dde-igj 1
870
3
bcdj-iha 9
hgf-iha 1
jfa-iha 2
871
1
bbcj-ihb 6
872
1
ehj-ihc 9
873
3
fj-ihd 5
bbdd-ihd 2
behh-ihd 5
874
3
hdg-ihe 3
hdi-ihe 1
hdj-ihe 5
875
3
ijj-ihf 5
bfcc-ihf 5
bbad-ihf 5
876
3
gij-ihg 4
cdj-ihg 3
bcj-ihg 5
877
2
gih-ihh 8
cib-ihh 1
878
4
bebh-ihi 10
gjh-ihi 2
bdgf-ihi 1
hdb-ihi 2
879
2
caf-ihj 1
cef-ihj 5
880
3
fgb-iia 3
fid-iia 4
hfh-iia 2
881
5
cfb-iib 7
id-iib 2
baeb-iib 1
chd-iib 3
bafa-iib 2
882
4
fag-iic 2
iie-iic 3
jje-iic 1
gfa-iic 6
883
2
ffa-iid 10
iae-iid 2
884
3
bec-iie 1
jee-iie 7
bejf-iie 7
885
1
bbei-iif 6
886
3
ddg-iig 4
hcg-iig 3
hjb-iig 2
887
1
hbj-iih 3
888
1
bbib-iii 3
889
1
baaa-iij 3
890
2
iaa-ija 8
dbj-ija 1
891
1
ega-ijb 3
892
2
bcij-ijc 10
bbf-ijc 2
893
3
beda-ijd 3
gdh-ijd 3
hfi-ijd 3
894
4
bef-ije 3
bbbj-ije 1
gda-ije 2
beef-ije 6
895
1
hei-ijf 6
896
2
ig-ijg 5
behi-ijg 1
897
2
hhg-ijh 4
bii-ijh 2
898
1
gd-iji 3
899
2
cff-ijj 1
iaf-ijj 5
900
1
bbjh-jaa 9
901
2
baej-jab 8
gbe-jab 1
902
5
bgg-jac 1
hca-jac 3
ibb-jac 5
ejj-jac 1
ghg-jac 5
903
2
bcij-jad 8
djc-jad 1
904
1
bbih-jae 9
905
2
bgd-jaf 5
bdig-jaf 1
906
2
cg-jag 3
cbc-jag 6
907
4
baia-jah 3
fie-jah 3
bchh-jah 11
bcif-jah 1
908
5
bffi-jai 3
hah-jai 1
bbbg-jai 2
efa-jai 6
gbj-jai 3
909
2
iic-jaj 5
ebd-jaj 1
910
2
bdef-jba 3
gej-jba 6
911
2
dhg-jbb 4
gjc-jbb 2
912
2
jca-jbc 3
gbg-jbc 3
913
3
dij-jbd 6
bfad-jbd 1
bgh-jbd 2
915
3
cc-jbf 3
bedi-jbf 2
gfg-jbf 10
916
4
bdid-jbg 6
baie-jbg 3
ehd-jbg 2
bjd-jbg 4
917
3
babf-jbh 4
bji-jbh 4
dbd-jbh 1
918
1
hai-jbi 6
920
4
jfg-jca 6
fdh-jca 1
jde-jca 3
idf-jca 2
921
2
faj-jcb 1
gae-jcb 11
922
2
gfb-jcc 8
fjg-jcc 1
923
3
ied-jcd 1
hgh-jcd 6
jcc-jcd 5
924
1
bafi-jce 3
925
2
igj-jcf 8
djc-jcf 1
926
2
ggg-jcg 7
cfj-jcg 2
928
5
fb-jci 2
fch-jci 1
gih-jci 1
beia-jci 9
bfbf-jci 5
930
3
bdig-jda 7
bgdf-jda 1
cjb-jda 1
931
4
jhc-jdb 6
cgf-jdb 1
jji-jdb 3
hge-jdb 5
932
3
gdh-jdc 1
hbh-jdc 3
jc-jdc 5
933
3
ffh-jdd 5
dhc-jdd 2
dic-jdd 2
934
4
bie-jde 2
bcjb-jde 8
bi-jde 1
ha-jde 7
936
5
ibi-jdg 14
bhb-jdg 1
dhj-jdg 2
bh-jdg 1
gea-jdg 3
937
1
ea-jdh 3
939
3
jfj-jdj 6
eic-jdj 1
ja-jdj 5
940
1
ije-jea 6
941
1
jad-jeb 3
942
4
bdfg-jec 6
ehc-jec 5
badg-jec 3
dae-jec 1
943
1
djc-jed 3
944
3
ej-jee 5
ceg-jee 3
hjb-jee 4
945
4
bbfe-jef 2
fad-jef 3
badj-jef 5
bbje-jef 5
946
2
bbj-jeg 2
baib-jeg 4
947
2
bgdb-jeh 2
bafe-jeh 7
948
1
eff-jei 6
949
2
ehb-jej 2
dch-jej 7
950
4
chb-jfa 8
fdj-jfa 1
bhe-jfa 1
iec-jfa 2
951
3
ebb-jfb 3
cge-jfb 1
bbdb-jfb 5
952
2
jgb-jfc 2
cgh-jfc 7
953
2
babc-jfd 3
fbd-jfd 3
954
3
egf-jfe 6
c-jfe 3
bfgb-jfe 3
955
2
bfeb-jff 6
egg-jff 3
956
3
ega-jfg 6
fic-jfg 1
bccb-jfg 5
957
4
fdf-jfh 2
gfb-jfh 1
bffj-jfh 3
eij-jfh 9
958
4
eib-jfi 5
befa-jfi 3
bbj-jfi 1
dii-jfi 3
959
5
bdhe-jfj 3
eac-jfj 1
bcc-jfj 7
jfa-jfj 3
bcaj-jfj 1
960
4
fdf-jga 9
bfab-jga 2
bfcd-jga 2
bagg-jga 2
961
1
ecd-jgb 3
962
5
cfa-jgc 2
ibd-jgc 1
bba-jgc 1
ied-jgc 7
babj-jgc 4
963
1
ghb-jgd 3
964
5
bagf-jge 3
bedj-jge 3
bcgj-jge 2
dda-jge 3
gbf-jge 4
965
4
fbf-jgf 6
i-jgf 1
bhg-jgf 4
hhj-jgf 4
966
2
bajc-jgg 6
heh-jgg 3
967
2
dfc-jgh 1
jcb-jgh 5
968
1
iae-jgi 6
970
3
jia-jha 2
bea-jha 9
ghd-jha 1
971
1
ejg-jhb 3
972
3
hei-jhc 5
eej-jhc 2
ced-jhc 5
973
2
gba-jhd 2
geb-jhd 4
974
3
jae-jhe 7
jih-jhe 1
bbai-jhe 1
975
3
bajj-jhf 7
behe-jhf 1
fch-jhf 4
976
2
hde-jhg 3
fbi-jhg 3
977
2
gab-jhh 6
bfia-jhh 3
978
2
bcj-jhi 6
bagi-jhi 3
979
1
eei-jhj 3
980
6
ecc-jia 4
baac-jia 1
baca-jia 1
bded-jia 13
bje-jia 1
ddg-jia 1
981
4
iac-jib 5
gda-jib 4
bjf-jib 2
bab-jib 1
982
2
hff-jic 3
igj-jic 3
983
3
jff-jid 10
bgfj-jid 1
cag-jid 1
984
3
cij-jie 3
hdb-jie 1
baih-jie 5
985
3
bb-jif 1
hah-jif 5
dge-jif 6
986
3
bbe-jig 5
bafi-jig 1
gha-jig 3
987
2
bfa-jih 7
gfi-jih 2
988
2
ddf-jii 9
cei-jii 3
989
2
bah-jij 3
ge-jij 3
991
4
jif-jjb 7
hja-jjb 6
cjc-jjb 1
bdi-jjb 4
992
3
jbg-jjc 6
bcgb-jjc 1
jhg-jjc 2
993
1
daj-jjd 3
994
4
bbcg-jje 3
badd-jje 3
ej-jje 3
baig-jje 6
995
2
ccf-jjf 3
hja-jjf 3
996
1
gfc-jjg 6
997
1
geh-jjh 3
998
1
hef-jji 6
999
3
edg-jjj 1
bcci-jjj 1
baea-jjj 7
1000
1
fgi-baaa 3
1001
4
jeg-baab 4
ifd-baab 2
efi-baab 1
bc-baab 8
1002
2
jbh-baac 3
hig-baac 3
1003
4
jcd-baad 6
bbbh-baad 2
ehj-baad 1
ceb-baad 3
1004
1
eje-baae 6
1005
2
bdej-baaf 2
baae-baaf 4
1006
5
beja-baag 7
cdc-baag 5
fc-baag 1
ffj-baag 1
jci-baag 1
1007
1
baef-baah 6
1008
4
baha-baai 6
bacb-baai 1
dgd-baai 4
igj-baai 1
1009
1
ceb-baaj 3
1010
4
jdf-baba 10
bbfb-baba 2
dfi-baba 1
ehi-baba 2
1011
3
djh-babb 7
ggi-babb 1
edh-babb 1
1012
4
if-babc 2
jga-babc 2
beag-babc 7
baif-babc 4
1013
1
dfe-babd 9
1014
4
ebj-babe 5
cjc-babe 2
ije-babe 4
dbj-babe 1
1015
2
ceg-babf 3
begj-babf 3
1016
2
beba-babg 8
bdhd-babg 1
1017
2
cbg-babh 4
baia-babh 2
1018
2
baij-babi 8
cdb-babi 1
1019
3
fdc-babj 5
bfib-babj 2
bbcg-babj 2
1020
1
igh-baca 3
1021
6
jhb-bacb 8
bgbj-bacb 1
bcje-bacb 1
heb-bacb 1
jg-bacb 1
jce-bacb 6
1022
2
hbc-bacc 8
gdb-bacc 1
1023
1
jgf-bacd 3
1024
2
dhb-bace 1
bbcd-bace 5
1026
2
cja-bacg 5
bgdb-bacg 1
1027
1
bih-bach 9
1028
1
ejc-baci 6
1029
3
ibj-bacj 8
iha-bacj 1
bada-bacj 3
1030
3
hej-bada 5
bbcf-bada 5
gdb-bada 2
1031
3
bdf-badb 7
dcd-badb 1
bddf-badb 1
1032
2
ifg-badc 5
hfg-badc 4
1033
2
jc-badd 4
bcac-badd 5
1034
1
ega-bade 3
1035
1
fgh-badf 3
1036
2
jhi-badg 4
bbbf-badg 2
1037
2
fhe-badh 3
bbgj-badh 3
1038
2
bbdi-badi 5
ghg-badi 1
1039
4
ijj-badj 3
ff-badj 1
bjf-badj 5
bbhf-badj 3
1040
2
jgg-baea 9
hdd-baea 3
1041
4
bbaf-baeb 4
bdcj-baeb 2
iag-baeb 5
fd-baeb 1
1042
4
jha-baec 2
jaa-baec 5
hbg-baec 3
ccb-baec 5
1043
1
djc-baed 3
1044
1
baeg-baee 3
1045
3
gj-baef 9
fi-baef 1
efd-baef 2
1046
4
hhd-baeg 7
baic-baeg 2
bcef-baeg 2
jdc-baeg 1
1047
1
ihg-baeh 6
1048
3
bcig-baei 10
bhc-baei 1
bagg-baei 1
1049
2
bbhh-baej 7
bdfj-baej 5
1050
4
dgj-bafa 5
jdj-bafa 4
cff-bafa 1
babe-bafa 5
1051
3
gdg-bafb 7
bbbd-bafb 1
baah-bafb 4
1052
3
hii-bafc 6
bbef-bafc 2
gfg-bafc 4
1053
2
fei-bafd 5
cfa-bafd 1
1054
2
bgf-bafe 7
fdd-bafe 2
1055
2
bfif-baff 1
hcj-baff 5
1056
1
fdd-bafg 3
1057
1
jbd-bafh 3
1058
3
bag-bafi 5
bhj-bafi 6
chi-bafi 1
1059
2
gfi-bafj 2
hef-bafj 7
1060
1
bbag-baga 6
1061
1
fhb-bagb 6
1062
1
gie-bagc 3
1063
3
hgd-bagd 3
ibg-bagd 3
beg-bagd 3
1064
3
babh-bage 4
jfb-bage 4
jhf-bage 4
1065
2
bede-bagf 2
bgd-bagf 4
1066
3
hgb-bagg 3
baie-bagg 9
fcb-bagg 3
1067
5
cde-bagh 6
ijg-bagh 4
eab-bagh 5
cgf-bagh 2
gje-bagh 1
1068
2
ggh-bagi 3
bcac-bagi 6
1069
2
jhd-bagj 8
bad-bagj 1
1070
2
bcgf-baha 3
bgcc-baha 3
1071
1
bgah-bahb 6
1072
1
hbg-bahc 3
1073
6
behd-bahd 1
efa-bahd 2
dii-bahd 2
beij-bahd 6
bcgf-bahd 4
dbb-bahd 3
1074
1
bcdi-bahe 3
1075
2
bagd-bahf 3
ffi-bahf 3
1076
2
bgc-bahg 4
gjc-bahg 2
1077
4
bahg-bahh 4
hea-bahh 5
bedg-bahh 1
jab-bahh 2
1078
2
ia-bahi 11
ghc-bahi 1
1080
1
bgg-baia 9
1081
1
iac-baib 6
1082
3
iaa-baic 5
bcgg-baic 2
babi-baic 2
1084
5
bade-baie 6
chg-baie 2
bai-baie 1
efc-baie 2
iaf-baie 4
1085
1
jcb-baif 3
1086
4
hif-baig 6
ihc-baig 1
jgh-baig 3
edd-baig 2
1087
4
becj-baih 13
bbgd-baih 2
gcf-baih 1
eea-baih 2
1088
2
bbab-baii 5
ffj-baii 1
1089
3
bha-baij 4
bfh-baij 3
ife-baij 2
1090
4
cdh-baja 4
bif-baja 1
cgg-baja 3
bcfj-baja 4
1091
3
bdfg-bajb 2
ji-bajb 4
bafj-bajb 3
1092
2
bbae-bajc 6
dhb-bajc 3
1093
2
bfjc-bajd 5
hha-bajd 7
1094
4
hhe-baje 4
iej-baje 1
bdab-baje 6
gfi-baje 1
1095
4
bcje-bajf 3
jcd-bajf 2
bbgi-bajf 4
jeb-bajf 6
1096
2
fi-bajg 3
cgf-bajg 3
1097
2
bia-bajh 3
hba-bajh 3
1098
1
baje-baji 6
1099
3
ejh-bajj 2
eci-bajj 6
bajf-bajj 1
1100
1
bcfa-bbaa 9
1101
1
bbfc-bbab 6
1102
4
fed-bbac 5
dce-bbac 4
iif-bbac 1
bejd-bbac 2
1103
2
bbag-bbad 5
jbh-bbad 1
1104
5
eah-bbae 7
gid-bbae 1
bcfc-bbae 5
bgba-bbae 4
gc-bbae 1
1105
1
eff-bbaf 6
1106
1
gff-bbag 3
1107
4
fhe-bbah 1
bfjh-bbah 6
beci-bbah 1
cja-bbah 4
1108
2
bafj-bbai 8
bhj-bbai 1
1109
1
ich-bbaj 3
1110
5
hdb-bbba 4
jid-bbba 1
babb-bbba 4
cgd-bbba 3
hde-bbba 3
1111
1
hed-bbbb 3
1113
4
bbh-bbbd 7
bgab-bbbd 1
baec-bbbd 1
icb-bbbd 3
1114
3
bccj-bbbe 2
dhj-bbbe 6
bcc-bbbe 1
1115
1
cef-bbbf 9
1116
2
ief-bbbg 6
icb-bbbg 3
1117
2
bagc-bbbh 5
ehg-bbbh 1
1118
1
bac-bbbi 6
1119
3
big-bbbj 3
bgdj-bbbj 3
bahe-bbbj 3
1120
1
jcc-bbca 6
1121
4
jfd-bbcb 11
djj-bbcb 1
hih-bbcb 1
iee-bbcb 5
1122
2
hbd-bbcc 1
bgf-bbcc 5
1123
2
gje-bbcd 6
baii-bbcd 3
1124
2
iff-bbce 5
gde-bbce 1
1125
2
bbae-bbcf 3
fhc-bbcf 3
1126
3
bdid-bbcg 2
ccj-bbcg 4
fcg-bbcg 3
1127
1
icb-bbch 3
1128
2
babh-bbci 5
bie-bbci 1
1129
2
bbbb-bbcj 4
hee-bbcj 2
1130
1
jde-bbda 9
1131
4
hjj-bbdb 5
idc-bbdb 4
ifa-bbdb 2
bfdj-bbdb 4
1132
1
jh-bbdc 3
1133
5
eii-bbdd 4
bci-bbdd 6
fgh-bbdd 2
gid-bbdd 2
beb-bbdd 1
1134
1
jif-bbde 3
1135
3
baed-bbdf 6
gbi-bbdf 2
gbc-bbdf 1
1136
3
bhc-bbdg 3
bgdc-bbdg 1
bid-bbdg 5
1137
3
ghb-bbdh 2
bcjd-bbdh 1
eef-bbdh 6
1138
3
baee-bbdi 5
bcba-bbdi 1
hbh-bbdi 3
1140
2
df-bbea 4
cga-bbea 5
1141
4
ihd-bbeb 7
bbae-bbeb 1
ji-bbeb 4
bbde-bbeb 3
1142
1
bcie-bbec 6
1143
1
jc-bbed 3
1144
1
bdee-bbee 6
1145
4
fjb-bbef 1
fjf-bbef 1
ce-bbef 7
badd-bbef 3
1146
3
bgbc-bbeg 6
bcjg-bbeg 2
eca-bbeg 1
1147
2
ghj-bbeh 5
eg-bbeh 1
1148
2
eif-bbei 3
gej-bbei 3
1149
3
bcbb-bbej 4
fja-bbej 1
fci-bbej 4
1150
1
bacc-bbfa 6
1151
3
bdah-bbfb 5
bbgg-bbfb 4
baji-bbfb 6
1152
2
bfej-bbfc 3
ibh-bbfc 3
1153
4
eaa-bbfd 1
ebc-bbfd 7
bdje-bbfd 3
bdcj-bbfd 1
1154
1
bbgi-bbfe 6
1155
6
dbh-bbff 5
ihi-bbff 3
bdjd-bbff 2
fcc-bbff 3
hg-bbff 1
jig-bbff 4
1156
3
fea-bbfg 10
eee-bbfg 1
bfee-bbfg 1
1157
2
bbjg-bbfh 5
gec-bbfh 4
1158
3
bace-bbfi 2
bbej-bbfi 3
bfhb-bbfi 4
1159
3
cbc-bbfj 6
cje-bbfj 3
ifc-bbfj 3
1160
2
jbc-bbga 5
eji-bbga 1
1161
4
iic-bbgb 4
hgd-bbgb 5
hi-bbgb 1
jff-bbgb 2
1162
1
bafa-bbgc 3
1163
1
bgag-bbgd 3
1164
4
ddd-bbge 5
eb-bbge 1
ihg-bbge 5
bbff-bbge 1
1165
1
fcj-bbgf 3
1166
4
ca-bbgg 6
bcde-bbgg 2
bdai-bbgg 2
gfh-bbgg 2
1168
2
jgi-bbgi 11
bfi-bbgi 1
1169
3
eah-bbgj 2
bejh-bbgj 1
bbcj-bbgj 9
1170
2
fbe-bbha 3
begi-bbha 3
1171
2
iec-bbhb 4
djd-bbhb 2
1172
2
bca-bbhc 3
cbh-bbhc 6
1173
4
bced-bbhd 5
ece-bbhd 5
j-bbhd 1
bdb-bbhd 1
1174
4
bbgb-bbhe 4
gfe-bbhe 1
fh-bbhe 2
id-bbhe 5
1175
3
bfec-bbhf 7
dia-bbhf 1
baif-bbhf 1
1177
2
beee-bbhh 3
bcjf-bbhh 3
1178
2
hgi-bbhi 3
bfge-bbhi 3
1180
3
edb-bbia 2
ei-bbia 2
ij-bbia 5
1181
1
bdi-bbib 3
1182
2
befc-bbic 4
iab-bbic 2
1183
1
bbdd-bbid 3
1184
3
bbhj-bbie 1
dee-bbie 6
def-bbie 2
1185
2
dcj-bbif 5
bij-bbif 1
1187
2
gc-bbih 4
bfd-bbih 2
1188
1
bfgf-bbii 6
1189
2
bbdf-bbij 6
beci-bbij 3
1190
2
bacb-bbja 4
fec-bbja 2
1192
3
bbha-bbjc 3
bhc-bbjc 5
ii-bbjc 1
1194
1
cbd-bbje 3
1195
3
jbg-bbjf 8
fcj-bbjf 3
haj-bbjf 1
1196
3
bbfe-bbjg 3
hjb-bbjg 5
bagj-bbjg 1
1197
2
jih-bbjh 5
bcjb-bbjh 1
1198
3
ijh-bbji 6
bch-bbji 1
hhi-bbji 2
1199
1
cig-bbjj 3
1200
1
bgb-bcaa 6
1201
2
gce-bcab 8
dfi-bcab 4
1202
2
had-bcac 3
fa-bcac 6
1203
2
bdf-bcad 2
bgcb-bcad 7
1204
1
ibg-bcae 6
1205
2
bbha-bcaf 1
bcda-bcaf 8
1206
1
bgch-bcag 6
1207
1
eed-bcah 3
1208
1
bbcj-bcai 3
1209
1
bbji-bcaj 3
1210
1
ejb-bcba 6
1211
3
die-bcbb 7
bdbj-bcbb 1
hag-bcbb 1
1212
5
bbai-bcbc 7
bcij-bcbc 1
dbe-bcbc 2
ef-bcbc 1
bafj-bcbc 4
1213
1
baca-bcbd 3
1214
2
bdd-bcbe 4
gda-bcbe 2
1215
2
igc-bcbf 3
bged-bcbf 3
1216
3
iea-bcbg 4
dbh-bcbg 3
behc-bcbg 2
1217
1
bhg-bcbh 3
1218
2
jdd-bcbi 7
bfcf-bcbi 2
1219
2
hjj-bcbj 6
hgc-bcbj 3
1220
4
jfe-bcca 3
behj-bcca 4
fb-bcca 4
bdhj-bcca 1
1221
2
egb-bccb 1
cid-bccb 8
1222
1
edj-bccc 3
1223
3
ced-bccd 7
bfed-bccd 1
behg-bccd 1
1224
2
iib-bcce 5
eci-bcce 1
1225
2
bfhd-bccf 3
bajb-bccf 3
1226
2
begg-bccg 4
badf-bccg 2
1228
2
hjd-bcci 5
bcae-bcci 1
1229
5
bdeb-bccj 6
cfg-bccj 1
hci-bccj 3
bg-bccj 7
gbe-bccj 1
1230
3
beii-bcda 2
dh-bcda 3
ijd-bcda 4
1231
2
bbeb-bcdb 3
baci-bcdb 6
1232
3
bcj-bcdc 8
bfga-bcdc 2
bccd-bcdc 2
1233
3
bagh-bcdd 2
bdid-bcdd 3
bbfh-bcdd 4
1234
5
beje-bcde 1
bcha-bcde 1
cba-bcde 4
gic-bcde 8
baji-bcde 1
1235
1
bbef-bcdf 3
1236
3
hjc-bcdg 6
jje-bcdg 1
chc-bcdg 2
1237
1
faf-bcdh 6
1238
2
hee-bcdi 1
cfg-bcdi 8
1239
1
fdb-bcdj 3
1240
1
becb-bcea 3
1241
2
idj-bceb 3
bfcf-bceb 3
1243
1
bcjd-bced 3
1244
3
ejh-bcee 10
iai-bcee 4
bdja-bcee 4
1245
2
fbb-bcef 1
fbj-bcef 5
1246
1
cca-bceg 3
1247
2
bbdf-bceh 7
bdae-bceh 5
1248
1
bci-bcei 3
1249
2
jfh-bcej 5
gif-bcej 4
1250
2
djh-bcfa 5
jfh-bcfa 1
1252
1
cig-bcfc 6
1253
2
beie-bcfd 6
idg-bcfd 3
1255
3
begg-bcff 4
iie-bcff 1
hfh-bcff 7
1256
1
fjj-bcfg 6
1257
1
egd-bcfh 3
1258
1
ihe-bcfi 3
1259
2
cig-bcfj 5
bchb-bcfj 7
1260
1
ghc-bcga 3
1261
2
eai-bcgb 4
jae-bcgb 2
1262
1
beih-bcgc 6
1264
2
baih-bcge 8
bgh-bcge 1
1265
1
bbga-bcgf 3
1266
1
bfhf-bcgg 6
1267
1
bdjg-bcgh 6
1268
2
fca-bcgi 7
hce-bcgi 5
1269
3
beae-bcgj 6
bdbg-bcgj 2
bfci-bcgj 1
1270
1
deh-bcha 6
1271
2
hhd-bchb 4
bdfj-bchb 2
1272
2
bdb-bchc 5
cej-bchc 1
1273
2
jbd-bchd 4
bdaf-bchd 2
1274
1
becg-bche 6
1275
1
bfag-bchf 6
1276
3
hga-bchg 8
hhj-bchg 2
bebi-bchg 2
1277
4
bbij-bchh 2
hhi-bchh 2
cjb-bchh 5
bcjj-bchh 6
1278
2
ifh-bchi 4
bcdj-bchi 2
1279
1
jcd-bchj 3
1280
2
ibc-bcia 10
bgec-bcia 5
1281
3
bje-bcib 8
dde-bcib 3
bfgd-bcib 1
1284
1
eic-bcie 9
1285
2
jhh-bcif 3
bdjb-bcif 3
1286
1
fae-bcig 3
1287
1
cae-bcih 3
1288
3
jeh-bcii 1
bafh-bcii 6
cga-bcii 2
1289
1
ebd-bcij 3
1290
3
bbfi-bcja 3
ica-bcja 5
hhd-bcja 1
1291
2
dba-bcjb 2
bcaa-bcjb 4
1292
2
bbdg-bcjc 4
bbaf-bcjc 2
1293
1
hdf-bcjd 3
1294
1
bbfh-bcje 3
1295
3
bedc-bcjf 7
dde-bcjf 1
bdjc-bcjf 4
1296
2
eii-bcjg 1
jce-bcjg 5
1297
1
dch-bcjh 3
1299
2
fig-bcjj 2
bfgi-bcjj 4
1300
3
eba-bdaa 3
edh-bdaa 1
gcj-bdaa 5
1301
2
bdib-bdab 3
iji-bdab 3
1302
2
gba-bdac 3
cgb-bdac 3
1303
1
dja-bdad 9
1304
2
bahi-bdae 4
bbif-bdae 2
1305
1
ga-bdaf 3
1307
2
ibd-bdah 2
beeg-bdah 4
1308
2
baij-bdai 3
bajh-bdai 3
1309
2
hed-bdaj 2
je-bdaj 4
1310
1
bbch-bdba 3
1314
1
hh-bdbe 3
1316
3
hdj-bdbg 5
bfii-bdbg 1
ddc-bdbg 3
1317
1
jhg-bdbh 3
1318
2
dbc-bdbi 5
bfbc-bdbi 1
1319
4
gid-bdbj 3
jfa-bdbj 2
bbci-bdbj 4
dhe-bdbj 3
1320
1
fej-bdca 3
1321
2
cii-bdcb 5
ibj-bdcb 1
1322
1
iig-bdcc 6
1323
2
bdgd-bdcd 5
bbcb-bdcd 1
1324
1
jfc-bdce 3
1325
1
faa-bdcf 3
1326
1
bce-bdcg 3
1327
2
hgc-bdch 1
cac-bdch 5
1328
2
ci-bdci 4
efh-bdci 2
1329
2
jjc-bdcj 5
feb-bdcj 1
1330
2
efh-bdda 2
bebj-bdda 4
1333
1
bcbf-bddd 6
1334
2
jif-bdde 4
bid-bdde 2
1335
1
bbbg-bddf 9
1336
1
badj-bddg 3
1337
1
bffa-bddh 3
1339
3
bcaf-bddj 7
bbbe-bddj 1
bj-bddj 1
1340
1
dc-bdea 3
1341
2
bdif-bdeb 3
jaf-bdeb 3
1342
4
ida-bdec 6
bfeg-bdec 4
bfaf-bdec 1
cca-bdec 1
1343
1
befd-bded 6
1344
3
bcie-bdee 6
cgc-bdee 2
gii-bdee 1
1345
2
bbeg-bdef 2
hbe-bdef 4
1346
1
bgfb-bdeg 9
1347
1
cfc-bdeh 6
1348
1
bccd-bdei 3
1349
2
bfaa-bdej 5
jag-bdej 1
1350
2
hdb-bdfa 8
bje-bdfa 1
1351
1
ijg-bdfb 6
1353
2
efb-bdfd 4
bec-bdfd 2
1354
2
bfeg-bdfe 4
gdf-bdfe 2
1355
1
jga-bdff 3
1356
2
bdic-bdfg 5
bib-bdfg 1
1357
2
bacc-bdfh 3
bege-bdfh 3
1358
2
jcf-bdfi 2
becc-bdfi 4
1359
3
cdf-bdfj 4
hae-bdfj 1
bbjf-bdfj 4
1360
4
bafa-bdga 5
ihf-bdga 3
begc-bdga 2
ehh-bdga 2
1361
2
bead-bdgb 8
hig-bdgb 1
1362
2
eba-bdgc 5
bcbd-bdgc 1
1363
1
gbc-bdgd 6
1364
1
baej-bdge 3
1365
3
bfbe-bdgf 4
fcc-bdgf 3
gdb-bdgf 2
1366
1
fbh-bdgg 3
1367
2
ghj-bdgh 5
eea-bdgh 1
1368
2
bdjb-bdgi 3
bdj-bdgi 3
1369
1
bgdi-bdgj 6
1370
2
behi-bdha 5
daj-bdha 4
1371
2
haf-bdhb 5
hbh-bdhb 1
1372
2
bahg-bdhc 1
jei-bdhc 5
1373
2
bae-bdhd 5
bcbg-bdhd 1
1374
4
bagb-bdhe 2
baia-bdhe 4
jjj-bdhe 4
ecc-bdhe 2
1375
2
bfae-bdhf 5
bcdh-bdhf 1
1376
1
efd-bdhg 3
1377
1
bdfd-bdhh 3
1378
3
ccf-bdhi 3
ihe-bdhi 4
hb-bdhi 2
1379
1
iah-bdhj 3
1380
2
jgg-bdia 4
bgff-bdia 2
1381
1
bcfi-bdib 3
1382
1
hhg-bdic 3
1383
1
beh-bdid 3
1384
1
igc-bdie 3
1385
2
f-bdif 1
fgc-bdif 5
1386
2
bdge-bdig 5
bajc-bdig 1
1388
2
fbg-bdii 3
cch-bdii 3
1389
1
fbg-bdij 3
1390
2
bdeb-bdja 5
bbhb-bdja 1
1391
1
bchd-bdjb 3
1392
2
bfbb-bdjc 3
ifh-bdjc 3
1393
1
eca-bdjd 3
1394
2
cge-bdje 1
bacj-bdje 8
1395
1
jig-bdjf 3
1396
1
bdef-bdjg 3
1397
1
bfdf-bdjh 6
1398
2
egb-bdji 5
bej-bdji 1
1399
1
bccf-bdjj 6
1400
2
eeb-beaa 2
bcfj-beaa 4
1401
1
baai-beab 6
1403
2
bafg-bead 5
bib-bead 1
1404
1
bdch-beae 3
1406
1
cci-beag 3
1407
1
bgfc-beah 9
1408
1
ida-beai 3
1409
1
dea-beaj 6
1410
3
bfg-beba 3
bbcb-beba 5
bbf-beba 1
1411
1
bgf-bebb 3
1412
1
bbah-bebc 3
1413
1
bejj-bebd 6
1414
1
bccd-bebe 3
1415
2
bbfj-bebf 1
ghb-bebf 5
1416
1
idj-bebg 3
1417
1
bbgc-bebh 6
1418
1
fad-bebi 3
1419
1
bbec-bebj 3
1420
2
ddg-beca 3
jjf-beca 3
1421
2
bfbj-becb 1
bcg-becb 8
1422
2
bcc-becc 5
haf-becc 1
1423
2
fba-becd 4
bbii-becd 2
1424
1
fii-bece 3
1425
2
fed-becf 4
hce-becf 2
1426
1
bagi-becg 3
1428
1
bbgj-beci 3
1429
1
hec-becj 6
1430
3
bfhh-beda 6
cbd-beda 1
bc-beda 2
1431
1
bebd-bedb 3
1432
2
bfaj-bedc 2
baic-bedc 4
1433
1
ceg-bedd 3
1434
2
hf-bede 3
bbda-bede 3
1435
2
ebh-bedf 1
djf-bedf 5
1436
1
jbg-bedg 6
1437
2
baha-bedh 5
bgai-bedh 1
1438
1
iib-bedi 6
1439
1
igd-bedj 3
1441
2
hcf-beeb 3
bbee-beeb 3
1442
1
jba-beec 3
1443
2
becd-beed 6
bfih-beed 3
1444
2
hhc-beee 5
eff-beee 1
1445
2
icf-beef 5
hhf-beef 1
1446
3
bdeb-beeg 4
befc-beeg 3
he-beeg 2
1447
1
bdgc-beeh 3
1448
1
bdcg-beei 3
1450
2
cbc-befa 5
ebe-befa 1
1451
1
babd-befb 3
1452
1
bchf-befc 3
1453
2
iia-befd 3
dci-befd 6
1454
1
fif-befe 3
1455
2
fid-beff 3
hc-beff 3
1456
1
bah-befg 3
1458
1
bahf-befi 3
1459
1
bdgc-befj 3
1460
1
gca-bega 3
1462
1
bgad-begc 6
1463
1
bdgi-begd 3
1464
2
babb-bege 3
bdci-bege 3
1466
2
bfai-begg 4
ifb-begg 2
1467
1
eac-begh 3
1468
1
cff-begi 3
1469
2
eef-begj 5
bbfb-begj 1
1470
3
cji-beha 5
hcj-beha 1
bebd-beha 3
1471
1
bfdh-behb 3
1472
1
ifa-behc 3
1473
1
eda-behd 3
1474
3
baja-behe 6
bgaa-behe 1
ihd-behe 2
1475
1
hdf-behf 3
1476
1
iei-behg 3
1477
1
bcgg-behh 3
1478
2
bjh-behi 2
bgde-behi 4
1479
3
dcd-behj 4
ihb-behj 3
dbd-behj 2
1480
1
ffd-beia 3
1481
1
bdaj-beib 3
1482
3
dg-beic 2
bbb-beic 2
ec-beic 5
1483
2
bdje-beid 4
iai-beid 2
1485
3
gab-beif 4
hfb-beif 4
cii-beif 1
1486
1
bedd-beig 6
1487
2
dcc-beih 2
ijd-beih 4
1488
1
cbe-beii 3
1489
1
bah-beij 6
1491
1
bace-bejb 3
1493
1
badc-bejd 3
1494
1
baag-beje 3
1495
1
jhi-bejf 3
1496
2
bcag-bejg 5
cha-bejg 1
1497
1
bdaa-bejh 3
1498
2
dcf-beji 4
ifa-beji 2
1499
1
cdg-bejj 3
1500
2
bhf-bfaa 5
ccd-bfaa 1
1501
1
fbi-bfab 3
1503
1
jhc-bfad 3
1504
2
bfah-bfae 4
ecc-bfae 5
1505
1
bedh-bfaf 6
1506
1
jai-bfag 6
1507
1
jbf-bfah 3
1508
1
bcaj-bfai 3
1509
1
bcjd-bfaj 3
1510
1
bdgg-bfba 3
1511
1
hda-bfbb 3
1512
1
ijd-bfbc 3
1513
3
bbjd-bfbd 1
dcg-bfbd 2
fia-bfbd 6
1514
1
behh-bfbe 3
1515
2
efe-bfbf 5
bdga-bfbf 1
1516
1
hih-bfbg 3
1518
1
jjc-bfbi 3
1519
1
beif-bfbj 3
1520
1
ghc-bfca 3
1521
3
gfa-bfcb 7
bbba-bfcb 1
gaj-bfcb 1
1522
1
gga-bfcc 3
1523
3
bdbj-bfcd 7
bcdc-bfcd 1
ggc-bfcd 1
1524
1
jh-bfce 3
1525
1
bca-bfcf 3
1526
3
cjc-bfcg 6
bgdj-bfcg 2
bfgg-bfcg 1
1527
1
bafe-bfch 3
1528
1
fjb-bfci 3
1529
2
dif-bfcj 2
gh-bfcj 4
1530
1
baai-bfda 6
1531
1
iih-bfdb 3
1532
1
bfbc-bfdc 3
1533
1
bcgh-bfdd 3
1534
1
jgf-bfde 3
1535
1
ddf-bfdf 3
1536
1
bdfi-bfdg 3
1537
1
bdec-bfdh 3
1538
1
fgc-bfdi 6
1539
2
bddd-bfdj 2
dgg-bfdj 4
1540
1
jdg-bfea 3
1541
1
ggf-bfeb 3
1542
2
bdge-bfec 2
edg-bfec 4
1543
2
iea-bfed 4
iia-bfed 2
1544
2
fhi-bfee 4
dae-bfee 2
1545
3
bgda-bfef 8
ied-bfef 1
faa-bfef 3
1546
1
dfb-bfeg 3
1547
1
fdc-bfeh 3
1549
1
bdia-bfej 3
1550
1
iab-bffa 3
1551
1
bda-bffb 3
1553
1
egi-bffd 3
1555
1
becg-bfff 3
1556
1
gci-bffg 3
1557
1
ghi-bffh 3
1558
1
ed-bffi 3
1559
1
eda-bffj 3
1560
2
dcg-bfga 3
bfj-bfga 3
1561
2
bcfj-bfgb 4
beif-bfgb 2
1562
1
bdac-bfgc 3
1563
1
ihj-bfgd 3
1564
1
chj-bfge 3
1565
2
bgga-bfgf 4
eig-bfgf 2
1566
1
ec-bfgg 3
1567
1
bbie-bfgh 3
1568
3
fea-bfgi 4
bgej-bfgi 4
bgee-bfgi 1
1570
1
cga-bfha 3
1571
1
bhg-bfhb 3
1572
1
dgd-bfhc 3
1573
1
bdgb-bfhd 3
1574
1
bfi-bfhe 3
1575
2
ded-bfhf 4
jjj-bfhf 2
1576
2
bfhi-bfhg 3
ibi-bfhg 3
1577
1
ibh-bfhh 3
1578
1
ice-bfhi 3
1579
2
bejj-bfhj 5
gih-bfhj 1
1580
1
df-bfia 3
1581
1
bdca-bfib 3
1582
2
igc-bfic 3
bgfg-bfic 3
1583
1
hfa-bfid 3
1584
1
ceh-bfie 3
1585
2
caa-bfif 3
dfi-bfif 3
1587
1
cif-bfih 3
1588
2
edc-bfii 4
hjg-bfii 2
1589
1
gih-bfij 3
1590
1
bie-bfja 3
1591
1
icj-bfjb 3
1592
1
bej-bfjc 3
1593
1
bajd-bfjd 3
1594
1
bfba-bfje 3
1595
1
cdg-bfjf 3
1596
1
bdej-bfjg 3
1598
1
bebd-bfji 3
1599
1
hhg-bfjj 3
1600
1
bcdd-bgaa 3
1601
1
fga-bgab 3
1602
1
babg-bgac 3
1603
1
bdba-bgad 3
1604
1
bajd-bgae 3
1606
1
bed-bgag 3
1607
1
bdhi-bgah 3
1608
1
baji-bgai 3
1609
1
egb-bgaj 3
1610
1
ddd-bgba 3
1611
1
dib-bgbb 3
1612
1
bba-bgbc 3
1613
1
bfje-bgbd 6
1614
1
bfhe-bgbe 3
1615
1
bbfa-bgbf 3
1616
1
dff-bgbg 3
1617
2
bgfh-bgbh 3
ece-bgbh 3
1618
1
bfjc-bgbi 3
1619
1
cbj-bgbj 3
1621
1
icd-bgcb 3
1622
2
dga-bgcc 1
bdbe-bgcc 5
1625
1
cib-bgcf 3
1626
1
cba-bgcg 3
1627
1
cga-bgch 3
1628
2
bda-bgci 4
hje-bgci 2
1629
1
beeg-bgcj 3
1630
1
bcai-bgda 3
1631
1
jdd-bgdb 3
1632
1
gbb-bgdc 3
1633
2
bhf-bgdd 8
ede-bgdd 1
1634
1
beic-bgde 3
1635
1
bbia-bgdf 3
1636
1
baf-bgdg 3
1637
1
hhh-bgdh 3
1638
2
jdi-bgdi 1
bach-bgdi 5
1639
1
jdb-bgdj 3
1640
1
bcia-bgea 3
1641
1
ega-bgeb 3
1642
2
djd-bgec 1
bacg-bgec 5
1643
1
behi-bged 3
1644
1
hjf-bgee 3
1645
1
fed-bgef 3
1646
1
baca-bgeg 3
1647
1
bece-bgeh 3
1649
1
jej-bgej 3
1650
1
bddj-bgfa 3
1651
1
bhh-bgfb 3
1652
1
bfjg-bgfc 3
1653
2
gif-bgfd 4
ddb-bgfd 2
1654
1
bfcf-bgfe 3
1655
1
bcgh-bgff 3
1656
1
bce-bgfg 3
1657
1
bgbi-bgfh 3
1658
1
bie-bgfi 3
1659
1
eef-bgfj 3
1660
1
bdhi-bgga 3
1661
1
bdhg-bggb 3
