1620
1
2
ehb-b 6
dab-b 4
2
6
bih-c 2
di-c 1
dgj-c 2
bi-c 1
fcd-c 1
dgc-c 3
3
4
cbd-d 1
ii-d 1
bjg-d 3
bcb-d 5
4
3
d-e 5
cba-e 1
hic-e 4
5
4
jbb-f 1
bda-f 5
bdjf-f 1
e-f 3
6
4
iee-g 4
eie-g 1
gic-g 3
bfg-g 2
7
1
bfa-h 10
8
2
geg-i 7
gie-i 3
9
3
bi-j 2
fbj-j 7
heg-j 1
10
1
bdi-ba 10
11
6
bcea-bb 1
bgf-bb 1
gc-bb 4
cd-bb 2
bcef-bb 1
bee-bb 1
12
2
dgf-bc 8
hbf-bc 2
13
3
cch-bd 3
bejh-bd 1
cjb-bd 6
14
4
beai-be 3
fec-be 4
bbbj-be 1
babg-be 2
15
2
hi-bf 9
dh-bf 1
16
4
baae-bg 1
bi-bg 4
bdii-bg 4
iag-bg 1
17
2
bgeh-bh 4
ihi-bh 6
18
3
babg-bi 2
fic-bi 3
feh-bi 5
19
5
bdbf-bj 1
hcj-bj 4
dhf-bj 1
dg-bj 1
db-bj 3
20
2
dfg-ca 2
gjh-ca 8
21
3
did-cb 4
dcc-cb 2
edb-cb 4
22
3
dgf-cc 3
badc-cc 3
jgi-cc 4
23
5
dbg-cd 3
ffb-cd 1
bcaj-cd 4
gfa-cd 1
bhd-cd 1
24
3
jag-ce 6
jgf-ce 2
bi-ce 2
25
4
def-cf 1
fhg-cf 1
eac-cf 1
cc-cf 7
26
5
chb-cg 1
bd-cg 2
hhc-cg 1
ca-cg 1
eh-cg 5
27
2
ddb-ch 6
dji-ch 4
28
5
hfh-ci 1
hif-ci 1
befi-ci 1
bffg-ci 4
gbg-ci 3
29
2
bfgd-cj 9
fbi-cj 1
30
7
bdf-da 3
gda-da 1
beib-da 2
bcei-da 1
bhd-da 1
fai-da 1
eej-da 1
31
5
bbde-db 3
gi-db 2
cbh-db 3
cd-db 1
bgj-db 1
32
6
iag-dc 3
ifh-dc 1
ecg-dc 2
bbgj-dc 1
jbf-dc 2
iej-dc 1
33
3
fc-dd 3
babg-dd 6
dfg-dd 1
34
2
ghj-de 5
di-de 5
35
4
bfgb-df 1
igi-df 3
gc-df 1
iei-df 5
36
8
bgfe-dg 1
cee-dg 1
bebe-dg 2
bcag-dg 2
bcii-dg 1
hah-dg 1
bdfc-dg 1
bed-dg 1
37
4
bagf-dh 1
hha-dh 1
gcd-dh 5
dc-dh 3
38
1
haf-di 10
39
2
gdb-dj 5
ef-dj 5
40
5
jjh-ea 4
eee-ea 1
fda-ea 1
dbb-ea 1
jff-ea 3
41
3
cdi-eb 7
bbfc-eb 1
hac-eb 2
42
2
cdc-ec 9
fi-ec 1
43
5
eb-ed 1
bfdc-ed 4
edf-ed 1
bcia-ed 1
ech-ed 3
44
2
cfb-ee 7
bacc-ee 3
45
4
cij-ef 2
ige-ef 1
beeh-ef 6
cih-ef 1
46
3
cbg-eg 7
ggg-eg 2
bdj-eg 1
47
5
bjb-eh 5
gdh-eh 1
bbfg-eh 1
fdd-eh 1
bbei-eh 2
48
5
bcjf-ei 1
bb-ei 4
dff-ei 1
jfj-ei 3
cbh-ei 1
49
2
cd-ej 9
baig-ej 1
50
5
bhg-fa 5
dhe-fa 2
bcb-fa 1
jji-fa 1
bc-fa 1
51
3
bcch-fb 6
dfa-fb 1
bdc-fb 3
52
3
bfch-fc 7
fif-fc 2
eab-fc 1
53
3
daf-fd 3
dhe-fd 4
je-fd 3
54
1
jic-fe 10
55
3
gb-ff 7
bed-ff 1
cje-ff 2
56
1
bfaf-fg 10
57
1
bejb-fh 10
58
3
hee-fi 6
fg-fi 1
bfdg-fi 3
59
4
bea-fj 6
ifd-fj 1
dbg-fj 2
ddg-fj 1
60
2
bi-ga 1
fga-ga 9
61
2
bbjc-gb 6
bbeb-gb 4
62
5
e-gc 4
bdfa-gc 3
eie-gc 1
gge-gc 1
j-gc 1
63
8
je-gd 1
daj-gd 1
dai-gd 1
bfgc-gd 1
cfj-gd 1
gfb-gd 1
icd-gd 2
dbf-gd 2
64
2
dfi-ge 2
g-ge 8
65
1
cgh-gf 10
66
5
bfjf-gg 3
jhg-gg 2
cdh-gg 1
jdj-gg 2
idf-gg 2
67
3
bh-gh 6
bddh-gh 1
jci-gh 3
68
3
ch-gi 1
cbe-gi 3
bcff-gi 6
69
3
baad-gj 2
edh-gj 4
gjj-gj 4
70
3
ecc-ha 6
db-ha 3
bda-ha 1
71
2
efh-hb 5
iaa-hb 5
72
4
ejc-hc 7
dbf-hc 1
gg-hc 1
cif-hc 1
74
4
hc-he 3
bebb-he 1
bgi-he 4
bcjc-he 2
75
4
hie-hf 4
dah-hf 1
bdbc-hf 1
da-hf 4
76
3
bja-hg 7
dfj-hg 1
cgj-hg 2
77
4
beic-hh 4
gcj-hh 4
bjb-hh 1
cae-hh 1
78
5
ihf-hi 4
fa-hi 1
baec-hi 2
iba-hi 1
bac-hi 2
79
3
di-hj 6
gfg-hj 1
jfc-hj 3
80
4
di-ia 2
bdjd-ia 1
ccc-ia 2
bfeh-ia 5
81
2
ghd-ib 8
dad-ib 2
82
2
bedh-ic 8
cgi-ic 2
83
2
gbg-id 1
eab-id 9
84
4
eeh-ie 4
dej-ie 1
bjd-ie 1
haj-ie 4
85
3
bcge-if 4
di-if 4
bfce-if 2
86
2
egf-ig 9
baif-ig 1
87
2
bcfj-ih 5
cgh-ih 5
88
5
dgc-ii 3
chf-ii 1
eig-ii 2
bgfi-ii 3
bacj-ii 1
89
2
bcd-ij 8
ife-ij 2
90
2
bei-ja 8
hij-ja 2
91
3
jc-jb 3
ehi-jb 4
bhe-jb 3
92
6
hj-jc 4
gii-jc 2
babi-jc 1
gbe-jc 1
fci-jc 1
bbjg-jc 1
93
2
fhj-jd 4
cae-jd 6
94
6
bfgb-je 4
fcf-je 1
bi-je 1
bfc-je 2
gdf-je 1
bbi-je 1
95
1
iae-jf 10
96
3
daf-jg 5
ec-jg 1
beb-jg 4
97
4
bbfg-jh 6
dai-jh 1
bcbf-jh 1
hib-jh 2
98
4
idd-ji 2
beaa-ji 3
bdjh-ji 2
bccj-ji 3
99
3
dej-jj 6
bcee-jj 1
fgf-jj 3
100
5
efg-baa 1
bfg-baa 4
dig-baa 1
fhg-baa 3
dfi-baa 1
101
4
eic-bab 3
chf-bab 1
ede-bab 4
jhg-bab 2
102
5
bfe-bac 2
hfi-bac 1
hj-bac 3
gja-bac 3
da-bac 1
103
3
bfi-bad 4
bha-bad 4
jid-bad 2
104
4
ceg-bae 1
dgj-bae 4
cd-bae 3
bdga-bae 2
105
3
bcb-baf 1
bdbh-baf 5
cj-baf 4
106
5
bcc-bag 5
bfce-bag 1
dad-bag 1
bbfi-bag 2
fic-bag 1
107
6
deg-bah 1
ifd-bah 1
ddf-bah 4
gjh-bah 1
bbcc-bah 2
hbf-bah 1
108
2
cfj-bai 9
bda-bai 1
110
3
fbe-bba 4
hi-bba 1
gdc-bba 5
111
3
d-bbb 5
edb-bbb 4
fdh-bbb 1
112
5
chf-bbc 1
jje-bbc 2
gbg-bbc 3
dbb-bbc 3
dgb-bbc 1
114
3
cb-bbe 1
cie-bbe 1
ehd-bbe 8
115
3
bei-bbf 6
bage-bbf 1
dfc-bbf 3
116
6
eg-bbg 4
gdc-bbg 1
bbbj-bbg 2
iff-bbg 1
eba-bbg 1
cbd-bbg 1
117
3
bacc-bbh 6
ehi-bbh 1
gjh-bbh 3
118
6
bech-bbi 2
gfd-bbi 1
cbb-bbi 2
bca-bbi 2
beb-bbi 2
beeh-bbi 1
119
7
ige-bbj 2
baja-bbj 1
bbf-bbj 1
eh-bbj 2
fag-bbj 1
bbag-bbj 1
gjh-bbj 2
120
6
gaf-bca 4
eae-bca 1
cji-bca 1
cc-bca 1
gae-bca 1
bae-bca 2
121
4
bbgc-bcb 2
bbdg-bcb 1
bdea-bcb 5
fba-bcb 2
122
7
gfi-bcc 1
bebg-bcc 1
hgb-bcc 1
jg-bcc 3
bbff-bcc 2
bjd-bcc 1
bbab-bcc 1
123
4
eed-bcd 1
gc-bcd 4
jec-bcd 1
ddj-bcd 4
124
7
bagd-bce 1
gef-bce 1
bb-bce 1
edi-bce 1
gc-bce 1
ccc-bce 4
bi-bce 1
125
1
ddj-bcf 10
126
4
bhj-bcg 4
dbg-bcg 1
di-bcg 3
g-bcg 2
127
4
bgbf-bch 1
fbh-bch 1
ecb-bch 5
gad-bch 3
128
6
bbf-bci 3
bagb-bci 2
bbc-bci 1
bcbc-bci 1
bbhe-bci 1
fag-bci 2
129
3
eac-bcj 5
iff-bcj 4
icj-bcj 1
130
5
ia-bda 3
dhg-bda 1
dfj-bda 2
ffa-bda 1
eh-bda 3
131
6
cda-bdb 1
bfc-bdb 4
efd-bdb 1
jbg-bdb 1
deh-bdb 1
djh-bdb 2
132
7
fdc-bdc 1
bbfe-bdc 1
bbjh-bdc 2
fee-bdc 1
jbg-bdc 1
bbah-bdc 3
bfea-bdc 1
133
3
bcgc-bdd 2
bjf-bdd 4
bece-bdd 4
134
4
iah-bde 2
bdh-bde 2
bba-bde 3
gge-bde 3
135
4
hcg-bdf 1
bbab-bdf 1
gea-bdf 3
gbf-bdf 5
136
7
cha-bdg 4
jdg-bdg 1
bcc-bdg 1
bahh-bdg 1
bbij-bdg 1
ch-bdg 1
djj-bdg 1
137
4
jjg-bdh 1
edg-bdh 2
feh-bdh 2
ce-bdh 5
138
4
jbe-bdi 1
iic-bdi 2
bffi-bdi 5
gci-bdi 2
139
6
igg-bdj 1
bbbh-bdj 1
jfe-bdj 2
ffb-bdj 2
geh-bdj 3
hhc-bdj 1
140
4
dgc-bea 1
cdh-bea 3
fif-bea 5
dgb-bea 1
141
6
dci-beb 3
edh-beb 1
hia-beb 1
fe-beb 1
cbe-beb 2
djg-beb 2
142
7
eei-bec 1
bdei-bec 1
hj-bec 4
hff-bec 1
ii-bec 1
ica-bec 1
hea-bec 1
143
5
bhc-bed 1
cd-bed 2
feh-bed 1
begd-bed 1
ica-bed 5
144
5
bgbe-bee 5
dfg-bee 2
bbej-bee 1
cfa-bee 1
gjd-bee 1
145
2
fgj-bef 2
dai-bef 8
146
4
bef-beg 5
ea-beg 1
bja-beg 1
fei-beg 3
147
7
hi-beh 1
gdd-beh 4
jbj-beh 1
cia-beh 1
ccg-beh 1
ieh-beh 1
bab-beh 1
148
5
bcgi-bei 1
jca-bei 3
fge-bei 1
jbi-bei 1
becg-bei 4
149
3
bdb-bej 7
bec-bej 2
fif-bej 1
150
4
cjd-bfa 6
egg-bfa 1
ifi-bfa 2
cdf-bfa 1
151
2
fda-bfb 9
bdji-bfb 1
152
7
cdb-bfc 3
fcb-bfc 2
gbi-bfc 1
dcb-bfc 1
bafi-bfc 1
cei-bfc 1
ifh-bfc 1
153
4
cie-bfd 4
haa-bfd 3
jgi-bfd 1
bif-bfd 2
154
5
cgh-bfe 4
gbc-bfe 2
hff-bfe 2
baea-bfe 1
dch-bfe 1
155
3
gfe-bff 4
eec-bff 4
bcie-bff 2
156
4
dae-bfg 1
hj-bfg 1
bgac-bfg 1
hhe-bfg 7
157
2
eaa-bfh 3
bae-bfh 7
158
5
bgci-bfi 5
jhe-bfi 2
ich-bfi 1
gaa-bfi 1
idg-bfi 1
159
4
bii-bfj 2
jjj-bfj 1
ded-bfj 3
gif-bfj 4
160
3
hbd-bga 2
dij-bga 7
efe-bga 1
161
4
bedd-bgb 6
bahe-bgb 1
cgc-bgb 1
hea-bgb 2
162
3
cdb-bgc 3
bdeh-bgc 4
cgd-bgc 3
163
3
bgdh-bgd 5
edg-bgd 1
gd-bgd 4
164
3
jif-bge 5
hci-bge 1
d-bge 4
165
3
bie-bgf 3
bd-bgf 3
iaa-bgf 4
166
5
ehg-bgg 2
babe-bgg 1
heh-bgg 1
bdde-bgg 4
bcaa-bgg 2
167
5
cgg-bgh 5
bfgh-bgh 1
cej-bgh 2
be-bgh 1
dbg-bgh 1
168
6
daj-bgi 4
baa-bgi 1
cbi-bgi 1
dda-bgi 1
eij-bgi 2
bhh-bgi 1
169
3
bffe-bgj 2
hch-bgj 1
djh-bgj 7
170
4
bi-bha 5
ccd-bha 2
fh-bha 2
gi-bha 1
171
6
bfbi-bhb 4
fcb-bhb 1
cda-bhb 1
hhd-bhb 1
ih-bhb 1
jh-bhb 2
172
5
bfe-bhc 5
bbfd-bhc 1
eje-bhc 2
edf-bhc 1
bagf-bhc 1
173
3
bcb-bhd 7
eed-bhd 1
hj-bhd 2
174
2
cfe-bhe 5
daa-bhe 5
175
6
bci-bhf 1
ca-bhf 1
ech-bhf 1
cgi-bhf 2
jga-bhf 3
dgi-bhf 2
176
7
cdi-bhg 1
iga-bhg 1
cbg-bhg 1
bci-bhg 4
cfi-bhg 1
babb-bhg 1
baf-bhg 1
177
4
efe-bhh 4
cbc-bhh 1
bai-bhh 2
cch-bhh 3
178
4
eaj-bhi 1
cdb-bhi 4
gbb-bhi 4
ibh-bhi 1
179
3
cb-bhj 4
dbf-bhj 2
ghd-bhj 4
180
3
hi-bia 3
cch-bia 2
bjg-bia 5
181
2
eae-bib 6
fhc-bib 4
182
4
hdc-bic 6
dc-bic 2
baa-bic 1
eee-bic 1
183
3
bef-bid 2
bajd-bid 2
beh-bid 6
184
7
eig-bie 1
bcc-bie 3
dbe-bie 1
bde-bie 1
bbc-bie 2
bcai-bie 1
hdd-bie 1
185
3
babf-bif 7
bgcg-bif 1
cji-bif 2
186
1
deg-big 10
187
4
hef-bih 4
ccj-bih 1
bcff-bih 1
dcf-bih 4
188
4
ejd-bii 6
bga-bii 1
bcej-bii 1
dfa-bii 2
189
4
cha-bij 1
ba-bij 3
cia-bij 4
gfi-bij 2
190
2
dca-bja 4
ded-bja 6
191
4
bbee-bjb 4
bcdb-bjb 2
db-bjb 1
fed-bjb 3
192
4
ibe-bjc 5
ggh-bjc 3
bagc-bjc 1
baad-bjc 1
193
5
hdg-bjd 5
bij-bjd 1
di-bjd 2
gd-bjd 1
ghb-bjd 1
194
2
ecd-bje 8
cga-bje 2
195
5
bccc-bjf 3
ecg-bjf 1
hic-bjf 3
baff-bjf 1
hii-bjf 2
196
1
dih-bjg 10
197
5
bcb-bjh 4
gfd-bjh 1
jeb-bjh 2
eah-bjh 1
cd-bjh 2
198
4
cgh-bji 4
dbg-bji 1
beeb-bji 4
fdj-bji 1
199
4
jhe-bjj 7
baad-bjj 1
gci-bjj 1
edg-bjj 1
200
4
bafd-caa 4
dhc-caa 2
ecb-caa 3
djj-caa 1
201
4
cjd-cab 3
bdg-cab 1
bef-cab 3
daf-cab 3
202
5
dbf-cac 1
djc-cac 5
fid-cac 1
bbdh-cac 2
cgd-cac 1
203
1
icg-cad 10
204
7
bcb-cae 2
jcd-cae 2
bccg-cae 1
bea-cae 2
chb-cae 1
hhb-cae 1
cci-cae 1
205
3
bafb-caf 3
ghc-caf 4
gag-caf 3
206
4
bbg-cag 3
cie-cag 5
ebb-cag 1
fbi-cag 1
207
4
bebe-cah 2
ih-cah 5
fac-cah 1
fde-cah 2
208
2
jda-cai 5
gdb-cai 5
209
2
eji-caj 2
jh-caj 8
210
4
bgdd-cba 2
bccb-cba 2
bfi-cba 5
bbjf-cba 1
211
2
ihc-cbb 4
be-cbb 6
212
2
efg-cbc 4
bcdg-cbc 6
213
7
ehe-cbd 1
cec-cbd 3
jfc-cbd 1
eag-cbd 1
bcdc-cbd 1
bif-cbd 1
jej-cbd 2
214
1
bbcc-cbe 10
215
2
bff-cbf 1
ceb-cbf 9
216
4
bbfi-cbg 3
bdg-cbg 2
becj-cbg 3
hjj-cbg 2
217
2
bhi-cbh 9
ej-cbh 1
218
3
ebh-cbi 6
ede-cbi 2
bdi-cbi 2
219
3
gjj-cbj 5
hi-cbj 3
jec-cbj 2
220
6
eea-cca 1
ihg-cca 1
cbe-cca 1
bbdb-cca 4
bbi-cca 1
ehi-cca 2
221
6
d-ccb 2
jeh-ccb 2
ejj-ccb 1
ddd-ccb 1
eig-ccb 1
bjj-ccb 3
222
3
eag-ccc 6
bcda-ccc 3
jfh-ccc 1
223
5
eae-ccd 1
dhh-ccd 1
feh-ccd 5
bajb-ccd 1
cjf-ccd 2
224
1
bceh-cce 10
225
5
ihi-ccf 3
ga-ccf 1
dca-ccf 1
hcc-ccf 2
jeg-ccf 3
226
5
bahi-ccg 2
ijd-ccg 2
bih-ccg 2
ide-ccg 1
hjh-ccg 3
227
4
baaf-cch 2
egd-cch 1
bhe-cch 1
ice-cch 6
228
4
ceb-cci 1
haf-cci 2
bbfd-cci 2
bgbg-cci 5
229
4
cch-ccj 3
eeb-ccj 4
hji-ccj 2
gdf-ccj 1
230
3
jae-cda 2
dd-cda 1
ejd-cda 7
231
4
bff-cdb 1
fcf-cdb 5
ejg-cdb 2
jaa-cdb 2
232
5
gac-cdc 5
ccj-cdc 1
ddj-cdc 2
fad-cdc 1
eb-cdc 1
233
2
bebi-cdd 2
db-cdd 8
234
4
bdia-cde 4
gge-cde 1
bjb-cde 2
hhb-cde 3
235
5
badh-cdf 3
bhj-cdf 3
iee-cdf 1
fjc-cdf 1
dfa-cdf 2
236
4
dff-cdg 3
bdf-cdg 1
cid-cdg 4
bfjd-cdg 2
237
2
gfd-cdh 6
bbja-cdh 4
238
3
beha-cdi 7
jbc-cdi 1
j-cdi 2
239
2
ega-cdj 5
hgg-cdj 5
240
5
jaj-cea 4
gbi-cea 2
if-cea 2
be-cea 1
che-cea 1
241
5
bfj-ceb 1
dhh-ceb 1
dfe-ceb 1
bdea-ceb 6
cii-ceb 1
242
2
bad-cec 2
bajb-cec 8
243
3
bbgc-ced 2
cah-ced 5
efg-ced 3
244
3
jhc-cee 2
eej-cee 6
ic-cee 2
245
4
bbec-cef 7
bfi-cef 1
dab-cef 1
bha-cef 1
246
3
cah-ceg 6
gdg-ceg 2
iag-ceg 2
247
1
gdd-ceh 10
248
4
fhi-cei 4
bfb-cei 4
dgf-cei 1
ddf-cei 1
249
5
bbeg-cej 1
ef-cej 2
bh-cej 2
bbee-cej 1
dif-cej 4
250
5
hdi-cfa 1
bdhb-cfa 2
ice-cfa 1
gei-cfa 1
eb-cfa 5
251
4
fgg-cfb 2
baga-cfb 2
fhe-cfb 1
g-cfb 5
252
2
eca-cfc 7
gef-cfc 3
253
3
geb-cfd 4
bchd-cfd 2
ccg-cfd 4
254
1
ijc-cfe 10
255
5
hda-cff 5
egj-cff 2
bafc-cff 1
ejg-cff 1
hjf-cff 1
256
4
ej-cfg 1
bfdb-cfg 1
gic-cfg 2
bbdg-cfg 6
257
4
bbee-cfh 1
cie-cfh 3
fjh-cfh 3
bee-cfh 3
258
3
bcfi-cfi 5
dhi-cfi 4
chd-cfi 1
259
2
cfi-cfj 8
beb-cfj 2
260
7
chj-cga 1
bhb-cga 1
dh-cga 1
cah-cga 1
bcjf-cga 1
chf-cga 3
cgd-cga 2
261
4
deb-cgb 5
da-cgb 1
dch-cgb 1
gdf-cgb 3
262
6
hfc-cgc 2
ica-cgc 1
ee-cgc 1
fji-cgc 1
hdb-cgc 1
cdb-cgc 4
263
6
dcj-cgd 1
bajg-cgd 1
dcf-cgd 1
bafi-cgd 1
bec-cgd 5
bafd-cgd 1
264
3
ea-cge 8
bba-cge 1
bfc-cge 1
265
4
fcc-cgf 4
ibe-cgf 4
dej-cgf 1
bgbh-cgf 1
266
4
bdh-cgg 3
bgae-cgg 1
fhc-cgg 1
bii-cgg 5
267
5
hc-cgh 1
babb-cgh 4
hif-cgh 1
bdhc-cgh 2
cag-cgh 2
268
5
daf-cgi 2
fdh-cgi 1
djh-cgi 3
baaa-cgi 1
ia-cgi 3
269
3
fei-cgj 5
eag-cgj 3
ifi-cgj 2
270
5
dcb-cha 1
egj-cha 1
dhj-cha 2
gfh-cha 4
ged-cha 2
271
3
fff-chb 6
bcbi-chb 3
eci-chb 1
272
4
bbfj-chc 3
hba-chc 2
fjc-chc 2
jhd-chc 3
273
4
cjc-chd 6
bfbg-chd 1
dfj-chd 1
ebh-chd 2
274
3
befj-che 1
eah-che 8
dej-che 1
275
5
fch-chf 5
ehb-chf 1
hfb-chf 1
did-chf 2
eca-chf 1
276
3
fc-chg 8
edh-chg 1
iab-chg 1
277
2
ddj-chh 9
cid-chh 1
278
5
bbea-chi 1
jeh-chi 5
ibj-chi 1
hga-chi 1
bbc-chi 2
279
4
fg-chj 4
jg-chj 3
bgh-chj 2
hhi-chj 1
280
2
jj-cia 5
jej-cia 5
281
5
bdhb-cib 3
bcce-cib 4
bdhh-cib 1
eha-cib 1
hh-cib 1
282
3
jce-cic 2
dhi-cic 5
ifd-cic 3
283
9
bdh-cid 1
cjb-cid 1
fcf-cid 1
cab-cid 1
dfd-cid 1
hgg-cid 1
ehb-cid 1
fic-cid 1
ebi-cid 2
284
2
gg-cie 6
jfi-cie 4
285
8
bbai-cif 2
baed-cif 1
idd-cif 1
gfe-cif 1
dae-cif 2
bcja-cif 1
dcb-cif 1
dgb-cif 1
286
3
hbj-cig 1
eef-cig 7
dge-cig 2
287
1
icg-cih 10
288
4
gc-cii 5
gbi-cii 2
baha-cii 1
ggd-cii 2
289
3
cch-cij 8
bgi-cij 1
dgf-cij 1
290
4
ead-cja 3
bcaa-cja 5
hcj-cja 1
ehg-cja 1
291
4
eei-cjb 3
bagh-cjb 4
beba-cjb 1
jbi-cjb 2
292
4
bcih-cjc 3
bada-cjc 5
bfgi-cjc 1
db-cjc 1
293
2
eje-cjd 8
bdaa-cjd 2
294
2
cea-cje 3
bbi-cje 7
295
3
cgb-cjf 2
egf-cjf 4
dba-cjf 4
297
1
dci-cjh 10
298
4
id-cji 5
bee-cji 1
hbd-cji 2
bdce-cji 2
299
6
bcie-cjj 1
bgh-cjj 1
jah-cjj 1
fci-cjj 2
bfeb-cjj 4
cc-cjj 1
300
5
edd-daa 2
ih-daa 1
bbhc-daa 1
bfde-daa 5
jjb-daa 1
301
2
bef-dab 9
hi-dab 1
302
3
bgi-dac 6
dce-dac 1
iid-dac 3
303
3
gfe-dad 1
gfd-dad 7
gcb-dad 2
304
3
baaa-dae 6
bcib-dae 1
fce-dae 3
305
5
badi-daf 2
fbb-daf 1
jae-daf 3
bdcb-daf 2
cha-daf 2
306
1
hcd-dag 10
307
4
cgi-dah 4
ihj-dah 1
ggg-dah 2
ehc-dah 3
308
5
bafa-dai 1
dhc-dai 6
chh-dai 1
bchi-dai 1
ejb-dai 1
309
6
fhj-daj 1
fae-daj 2
dhe-daj 2
geh-daj 3
dce-daj 1
ebb-daj 1
310
3
hhj-dba 7
bff-dba 2
gdh-dba 1
311
3
cjb-dbb 6
eaa-dbb 3
dfc-dbb 1
312
2
dah-dbc 8
hca-dbc 2
313
3
bfg-dbd 2
gcb-dbd 6
bdjf-dbd 2
314
3
bcaf-dbe 3
dac-dbe 5
dfh-dbe 2
315
6
dac-dbf 1
baad-dbf 1
eid-dbf 1
gib-dbf 1
ei-dbf 1
gdc-dbf 5
316
3
iag-dbg 4
ffg-dbg 3
dab-dbg 3
317
3
cdb-dbh 3
fha-dbh 1
caa-dbh 6
318
4
fah-dbi 5
edd-dbi 1
eia-dbi 2
bcaa-dbi 2
319
3
bb-dbj 2
dhd-dbj 6
gjf-dbj 2
320
5
a-dca 5
bdii-dca 1
jbi-dca 1
badg-dca 2
bda-dca 1
321
6
jia-dcb 1
fi-dcb 1
efg-dcb 2
eda-dcb 4
gad-dcb 1
gbj-dcb 1
322
7
jah-dcc 3
fbb-dcc 1
chf-dcc 1
di-dcc 1
ddf-dcc 1
heg-dcc 1
gdi-dcc 2
323
4
gda-dcd 1
cfg-dcd 4
gjc-dcd 3
cg-dcd 2
324
2
ebg-dce 4
jef-dce 6
325
4
cgb-dcf 3
bbja-dcf 1
bhe-dcf 3
fea-dcf 3
326
3
cd-dcg 1
dca-dcg 8
jjj-dcg 1
327
4
jai-dch 1
bdgc-dch 6
dh-dch 2
eca-dch 1
328
5
ddg-dci 2
cge-dci 1
dae-dci 4
bcef-dci 2
ehi-dci 1
329
3
jcg-dcj 4
begb-dcj 5
bde-dcj 1
330
3
bjj-dda 8
dai-dda 1
cea-dda 1
331
4
bbdj-ddb 2
ddd-ddb 1
bdge-ddb 5
bcea-ddb 2
332
5
beg-ddc 5
ia-ddc 2
bja-ddc 1
bfjb-ddc 1
dac-ddc 1
333
1
beef-ddd 10
334
8
bbj-dde 1
ifj-dde 2
ehd-dde 1
dbe-dde 2
fbe-dde 1
ejf-dde 1
ghh-dde 1
d-dde 1
335
7
chf-ddf 2
eij-ddf 1
fcf-ddf 1
jh-ddf 1
eb-ddf 2
id-ddf 2
bei-ddf 1
336
3
eid-ddg 8
cgc-ddg 1
cdi-ddg 1
337
3
baa-ddh 4
ech-ddh 4
ef-ddh 2
338
5
ef-ddi 2
fib-ddi 4
bjc-ddi 1
ehd-ddi 1
cfa-ddi 2
339
4
haa-ddj 2
ecg-ddj 1
dia-ddj 2
ihj-ddj 5
340
6
ebe-dea 1
dia-dea 1
ief-dea 3
bgi-dea 1
ejd-dea 3
edh-dea 1
341
5
hgj-deb 4
hfg-deb 1
fei-deb 3
hjc-deb 1
cbi-deb 1
342
4
bg-dec 4
bfg-dec 1
fdc-dec 3
bcgh-dec 2
343
4
ddc-ded 7
ihf-ded 1
gij-ded 1
jab-ded 1
344
5
dej-dee 2
fhb-dee 5
fji-dee 1
cia-dee 1
dhc-dee 1
345
2
ceb-def 7
jfi-def 3
346
4
eec-deg 2
hia-deg 2
bceg-deg 4
fhd-deg 2
347
3
ifa-deh 8
dj-deh 1
iji-deh 1
348
2
gjc-dei 6
fif-dei 4
349
4
bcah-dej 2
dif-dej 1
babg-dej 1
fda-dej 6
350
5
eai-dfa 2
fie-dfa 1
hab-dfa 4
bfb-dfa 2
ege-dfa 1
351
3
e-dfb 4
bde-dfb 2
ehb-dfb 4
352
7
fgg-dfc 1
cjc-dfc 2
ddc-dfc 2
ca-dfc 1
ghb-dfc 2
fgj-dfc 1
eb-dfc 1
353
4
bbae-dfd 5
idj-dfd 1
da-dfd 1
bfcc-dfd 3
354
4
ejd-dfe 5
badc-dfe 1
ii-dfe 2
baac-dfe 2
355
5
gie-dff 4
jha-dff 1
hii-dff 2
heg-dff 1
ife-dff 2
356
2
dhf-dfg 7
eib-dfg 3
357
5
fee-dfh 1
hg-dfh 1
beci-dfh 3
fhb-dfh 1
bbcb-dfh 4
358
3
baac-dfi 1
egd-dfi 8
hgh-dfi 1
359
3
ejd-dfj 2
eb-dfj 1
bbah-dfj 7
360
3
fff-dga 8
cb-dga 1
bcdg-dga 1
361
2
bcae-dgb 9
cad-dgb 1
362
6
bdbb-dgc 2
jic-dgc 4
bc-dgc 1
jja-dgc 1
c-dgc 1
fib-dgc 1
363
8
bajj-dgd 1
ifg-dgd 1
feh-dgd 2
badi-dgd 1
ifb-dgd 1
bbjf-dgd 1
ebc-dgd 1
cbc-dgd 2
364
5
hcj-dge 5
beaa-dge 1
bccf-dge 2
dc-dge 1
ef-dge 1
365
3
bffd-dgf 1
jfj-dgf 5
bbba-dgf 4
366
1
bced-dgg 10
367
2
dff-dgh 5
idi-dgh 5
368
3
ibf-dgi 2
deb-dgi 6
bbf-dgi 2
369
4
bea-dgj 1
bcab-dgj 1
gg-dgj 5
ghb-dgj 3
370
3
ecg-dha 3
dji-dha 5
dij-dha 2
371
3
bajb-dhb 1
d-dhb 8
ebh-dhb 1
372
7
bbce-dhc 2
dfg-dhc 2
bdab-dhc 1
ccd-dhc 1
dbg-dhc 2
bbed-dhc 1
jii-dhc 1
373
5
cdi-dhd 2
ije-dhd 2
hfh-dhd 4
baeg-dhd 1
dgh-dhd 1
374
6
ehb-dhe 1
bbii-dhe 2
bbhi-dhe 1
bbhb-dhe 3
dca-dhe 2
ieg-dhe 1
375
4
baga-dhf 2
ich-dhf 2
ebj-dhf 4
cjd-dhf 2
376
4
begf-dhg 1
bfe-dhg 3
beab-dhg 2
ida-dhg 4
377
5
bdac-dhh 2
dgf-dhh 1
bbb-dhh 3
bbh-dhh 2
gbg-dhh 2
378
4
ebh-dhi 3
fjf-dhi 2
ihg-dhi 1
fhf-dhi 4
379
5
icc-dhj 1
begh-dhj 6
ddj-dhj 1
fce-dhj 1
idf-dhj 1
380
2
ecg-dia 7
hge-dia 3
381
4
cfd-dib 1
dhj-dib 1
bgg-dib 4
ffd-dib 4
382
4
fh-dic 1
hhd-dic 7
jff-dic 1
edj-dic 1
383
4
ccj-did 5
hid-did 2
bab-did 1
dhg-did 2
384
5
jeb-die 2
baag-die 4
fac-die 1
fig-die 1
fea-die 2
385
1
bbdh-dif 10
386
3
edj-dig 6
fcd-dig 1
hih-dig 3
387
2
fdg-dih 8
bbjg-dih 2
388
2
bage-dii 9
bdeg-dii 1
389
5
hhe-dij 2
eai-dij 2
bacf-dij 1
cga-dij 3
ici-dij 2
390
1
bdhi-dja 10
391
2
eee-djb 5
jjj-djb 5
392
3
ddi-djc 5
jaj-djc 4
dba-djc 1
393
4
bejh-djd 1
ceb-djd 7
ifd-djd 1
cie-djd 1
394
4
beaj-dje 2
dbi-dje 1
bbj-dje 3
hag-dje 4
395
2
eha-djf 4
di-djf 6
396
4
bceg-djg 4
efi-djg 1
cji-djg 1
hca-djg 4
397
7
cjc-djh 1
gai-djh 1
gdg-djh 1
bif-djh 1
bdef-djh 1
beca-djh 3
ebi-djh 2
398
3
bahj-dji 7
hhj-dji 1
cha-dji 2
399
5
dda-djj 2
jib-djj 1
bbc-djj 1
caj-djj 1
dec-djj 5
400
5
eji-eaa 1
ghi-eaa 2
hjj-eaa 2
bee-eaa 3
jbb-eaa 2
401
3
bdha-eab 5
chi-eab 4
bbga-eab 1
402
3
cej-eac 6
bagg-eac 3
jhi-eac 1
403
3
caf-ead 4
chj-ead 4
dce-ead 2
404
5
fed-eae 4
icb-eae 1
fhi-eae 1
gdc-eae 3
bic-eae 1
405
3
fde-eaf 2
jc-eaf 6
fgj-eaf 2
406
5
cfa-eag 4
ca-eag 2
hea-eag 2
gff-eag 1
hgb-eag 1
407
4
bbcf-eah 1
eca-eah 7
gdj-eah 1
bcaj-eah 1
408
4
be-eai 6
bbec-eai 1
ffa-eai 1
efh-eai 2
409
2
eae-eaj 9
beec-eaj 1
410
6
feb-eba 4
bjj-eba 1
gih-eba 1
cee-eba 1
bif-eba 1
bebc-eba 2
411
7
beb-ebb 1
iij-ebb 1
ffd-ebb 1
fff-ebb 1
fac-ebb 3
ggb-ebb 2
ebg-ebb 1
412
1
baej-ebc 10
413
7
dgi-ebd 2
badb-ebd 1
bdae-ebd 1
bcce-ebd 1
cag-ebd 2
ejb-ebd 1
had-ebd 2
414
4
ebb-ebe 5
bfhc-ebe 1
ceb-ebe 3
df-ebe 1
415
2
bfd-ebf 9
fhf-ebf 1
416
3
ghg-ebg 5
dcf-ebg 1
fga-ebg 4
417
4
bahf-ebh 1
daf-ebh 3
icg-ebh 2
hdg-ebh 4
418
1
hfe-ebi 10
419
4
ehi-ebj 1
jgc-ebj 1
ghd-ebj 2
djj-ebj 6
420
3
jga-eca 7
eh-eca 2
dbf-eca 1
421
2
bchc-ecb 7
daj-ecb 3
422
9
jc-ecc 2
cd-ecc 1
edi-ecc 1
idf-ecc 1
fbe-ecc 1
bdch-ecc 1
bdie-ecc 1
ejd-ecc 1
babd-ecc 1
423
3
dha-ecd 8
fba-ecd 1
jfj-ecd 1
424
3
eaa-ece 8
ecd-ece 1
ici-ece 1
425
6
eed-ecf 3
beh-ecf 1
cib-ecf 1
dc-ecf 2
dh-ecf 1
dgb-ecf 2
426
3
bcca-ecg 2
fbc-ecg 6
dfa-ecg 2
427
4
dbh-ech 7
hcd-ech 1
fcf-ech 1
jjc-ech 1
428
4
jac-eci 5
dh-eci 3
cei-eci 1
hcg-eci 1
429
3
gbj-ecj 6
fbc-ecj 3
ihi-ecj 1
430
6
bbdb-eda 2
dgb-eda 1
hbd-eda 1
bdcg-eda 3
igj-eda 2
dhf-eda 1
431
5
gdd-edb 1
iia-edb 1
fb-edb 1
jj-edb 5
gec-edb 2
432
3
ihi-edc 4
baa-edc 1
ggi-edc 5
433
4
cbe-edd 4
gag-edd 3
bdh-edd 1
dfa-edd 2
434
3
ffi-ede 4
jh-ede 4
jbb-ede 2
435
5
bdfe-edf 1
ci-edf 1
bdag-edf 1
fah-edf 1
hba-edf 6
436
5
ie-edg 1
ggd-edg 1
jgh-edg 1
cde-edg 1
bgd-edg 6
437
5
beb-edh 6
dah-edh 1
bbgb-edh 1
hcd-edh 1
cfj-edh 1
438
5
ccg-edi 3
gie-edi 2
bda-edi 1
eja-edi 1
egf-edi 3
439
3
egj-edj 7
cfb-edj 2
egf-edj 1
440
3
djh-eea 3
bgj-eea 3
gcc-eea 4
441
4
bab-eeb 2
dec-eeb 3
hgh-eeb 3
hei-eeb 2
442
4
hci-eec 4
dge-eec 2
bha-eec 1
cbe-eec 3
443
4
jhc-eed 5
iaa-eed 1
fcg-eed 2
gcd-eed 2
444
3
idg-eee 1
chb-eee 6
fgi-eee 3
445
5
dej-eef 2
bdg-eef 2
bie-eef 2
jad-eef 3
bdcd-eef 1
446
4
bfc-eeg 3
cfe-eeg 2
dji-eeg 1
badg-eeg 4
447
2
gbb-eeh 5
bcc-eeh 5
448
4
haj-eei 6
fii-eei 1
bih-eei 2
beed-eei 1
449
3
bbif-eej 3
bcag-eej 6
bcih-eej 1
450
5
bccg-efa 1
ii-efa 2
jia-efa 1
dhd-efa 1
hch-efa 5
451
2
ehc-efb 7
bbgj-efb 3
452
4
hd-efc 2
bhh-efc 3
ehd-efc 2
fdg-efc 3
453
2
fei-efd 3
bbc-efd 7
454
2
bcdb-efe 2
ija-efe 8
455
5
hgf-eff 1
bjf-eff 1
fff-eff 1
bbed-eff 1
jge-eff 6
456
5
fii-efg 2
bbj-efg 1
daf-efg 4
bcad-efg 2
iib-efg 1
457
3
ded-efh 7
igc-efh 2
iic-efh 1
458
2
eed-efi 7
eec-efi 3
459
6
fje-efj 2
gde-efj 1
bbfa-efj 1
bbca-efj 2
efe-efj 1
fhc-efj 3
460
7
bbac-ega 3
bac-ega 1
jca-ega 1
cbg-ega 1
icf-ega 2
feh-ega 1
bja-ega 1
461
6
efi-egb 2
hic-egb 1
fdb-egb 1
cdg-egb 3
bcdf-egb 2
jg-egb 1
463
3
ebd-egd 3
bdhg-egd 6
cfa-egd 1
464
3
ecb-ege 6
ifi-ege 3
dbb-ege 1
465
4
ifd-egf 5
eae-egf 1
cha-egf 2
fge-egf 2
466
5
jia-egg 3
eaj-egg 1
die-egg 1
ed-egg 4
idd-egg 1
467
3
iid-egh 6
cii-egh 3
gah-egh 1
468
2
efa-egi 2
hef-egi 8
469
5
baih-egj 3
ibi-egj 1
jj-egj 4
jdg-egj 1
dbi-egj 1
470
5
bbi-eha 4
fgd-eha 1
bjj-eha 2
bcbi-eha 2
cgh-eha 1
471
2
hib-ehb 9
bfc-ehb 1
472
2
cdh-ehc 9
iad-ehc 1
473
4
hjj-ehd 6
dfd-ehd 2
hcb-ehd 1
bffb-ehd 1
474
4
di-ehe 2
hje-ehe 1
bebj-ehe 6
ibh-ehe 1
475
5
caa-ehf 1
jgj-ehf 3
hgh-ehf 1
fag-ehf 3
cac-ehf 2
476
3
bdgh-ehg 3
edf-ehg 1
hda-ehg 6
477
2
ecf-ehh 2
gcc-ehh 8
478
3
bbeg-ehi 2
jfd-ehi 7
fef-ehi 1
479
4
eci-ehj 7
baeh-ehj 1
hbj-ehj 1
bcgj-ehj 1
480
4
efc-eia 4
efb-eia 1
bfa-eia 2
cjj-eia 3
481
3
iih-eib 5
dg-eib 3
bbbe-eib 2
482
4
fhi-eic 1
bdfb-eic 1
ebb-eic 7
bfef-eic 1
483
4
hc-eid 4
bdg-eid 4
bddi-eid 1
bfhj-eid 1
484
2
gbb-eie 9
ffj-eie 1
485
1
fdf-eif 10
486
3
fdf-eig 3
bfeh-eig 1
ede-eig 6
487
4
efh-eih 1
jc-eih 2
cag-eih 6
ifi-eih 1
488
2
fij-eii 5
bfdi-eii 5
489
5
dfg-eij 1
dcc-eij 1
bje-eij 5
jae-eij 1
ief-eij 2
490
3
babi-eja 5
iaj-eja 1
hej-eja 4
491
2
bhc-ejb 2
ibd-ejb 8
492
6
eia-ejc 4
bcbe-ejc 1
daj-ejc 1
gji-ejc 1
ggd-ejc 2
hgb-ejc 1
493
2
iic-ejd 9
ige-ejd 1
494
6
gic-eje 4
ebj-eje 2
ege-eje 1
iei-eje 1
cif-eje 1
bfj-eje 1
495
1
bfja-ejf 10
496
4
feg-ejg 2
chd-ejg 1
eb-ejg 1
ghb-ejg 6
497
4
idi-ejh 2
iaa-ejh 6
bbi-ejh 1
egb-ejh 1
498
5
d-eji 1
cgh-eji 2
dih-eji 2
hfb-eji 1
cdd-eji 4
499
2
hif-ejj 6
chf-ejj 4
500
4
bbba-faa 4
deg-faa 1
ice-faa 1
dfb-faa 4
502
4
cbi-fac 6
hdh-fac 2
bbii-fac 1
hbc-fac 1
503
5
cfh-fad 2
iej-fad 4
bdjg-fad 1
fgd-fad 1
baei-fad 2
504
3
baba-fae 2
bdia-fae 4
fje-fae 4
505
3
hid-faf 4
ice-faf 5
bcja-faf 1
506
3
bahb-fag 8
dbf-fag 1
hcd-fag 1
507
2
jbj-fah 5
bjf-fah 5
508
4
badj-fai 3
bcj-fai 1
eff-fai 2
fdh-fai 4
509
6
ga-faj 1
iii-faj 2
ggb-faj 2
fgi-faj 3
ghi-faj 1
bhe-faj 1
510
3
cdi-fba 3
dii-fba 6
bbdb-fba 1
511
3
geh-fbb 6
jgi-fbb 2
jih-fbb 2
512
2
ejh-fbc 8
baag-fbc 2
513
5
hej-fbd 2
ejj-fbd 1
jhc-fbd 3
bih-fbd 3
eai-fbd 1
514
2
bceh-fbe 1
fgi-fbe 9
515
1
jbh-fbf 10
516
2
edb-fbg 4
dff-fbg 6
517
6
bc-fbh 3
bcjg-fbh 1
ib-fbh 1
fdh-fbh 1
fgb-fbh 1
hca-fbh 3
518
5
cfg-fbi 5
bjb-fbi 1
dcc-fbi 1
ebf-fbi 1
eah-fbi 2
519
4
fch-fbj 1
hdc-fbj 1
hb-fbj 2
beig-fbj 6
520
4
bccg-fca 6
gaj-fca 1
dce-fca 2
jib-fca 1
521
4
hbb-fcb 2
bhb-fcb 1
bcdf-fcb 5
h-fcb 2
522
4
bfca-fcc 6
gic-fcc 2
gbd-fcc 1
fjh-fcc 1
523
1
cba-fcd 10
524
3
gjh-fce 5
baec-fce 2
gia-fce 3
525
5
bff-fcf 3
baib-fcf 1
cce-fcf 2
ebi-fcf 2
ehe-fcf 2
526
3
bbe-fcg 2
gcc-fcg 2
bcah-fcg 6
527
7
ecb-fch 1
cjb-fch 1
beaj-fch 1
eae-fch 1
hfc-fch 4
bcee-fch 1
fcf-fch 1
528
8
bjf-fci 2
dei-fci 1
fhg-fci 2
iba-fci 1
bbea-fci 1
dfh-fci 1
dfd-fci 1
iei-fci 1
529
6
hge-fcj 3
fcg-fcj 1
ghc-fcj 1
egd-fcj 1
ffb-fcj 1
heb-fcj 3
530
5
cfd-fda 1
bbbd-fda 1
bhi-fda 2
bhj-fda 2
edf-fda 4
531
3
ccf-fdb 3
def-fdb 1
eha-fdb 6
532
6
bahi-fdc 2
bbjb-fdc 1
eg-fdc 2
dad-fdc 1
dhh-fdc 1
cif-fdc 3
533
8
hid-fdd 1
baei-fdd 1
eaf-fdd 1
bei-fdd 1
bfha-fdd 1
bfie-fdd 1
dfb-fdd 3
edd-fdd 1
534
3
jj-fde 6
egb-fde 2
fih-fde 2
535
6
fbj-fdf 1
bade-fdf 1
cgg-fdf 4
fdg-fdf 1
ibe-fdf 1
gdc-fdf 2
536
4
bhi-fdg 1
gje-fdg 2
bach-fdg 6
bdhg-fdg 1
537
6
deb-fdh 1
ffa-fdh 1
bcjh-fdh 1
gf-fdh 4
cjd-fdh 1
cdc-fdh 2
538
1
jii-fdi 10
539
2
hbh-fdj 8
bdfh-fdj 2
540
4
ee-fea 2
bdcd-fea 3
bbia-fea 1
bceb-fea 4
541
5
ieb-feb 4
ibd-feb 1
hgh-feb 2
dfh-feb 2
ih-feb 1
542
3
ffe-fec 5
bfcg-fec 3
bfij-fec 2
543
4
bbhb-fed 6
hdi-fed 1
fjd-fed 1
fdh-fed 2
544
5
fff-fee 3
bbaa-fee 1
be-fee 2
ecb-fee 1
ihf-fee 3
545
4
dfe-fef 3
je-fef 1
bfdg-fef 4
bbfh-fef 2
546
6
bi-feg 1
bd-feg 1
ijc-feg 1
hgh-feg 1
bcgj-feg 3
ihh-feg 3
547
4
bbdc-feh 1
djg-feh 6
chc-feh 1
hei-feh 2
548
3
eeg-fei 5
begd-fei 4
bcgi-fei 1
549
2
gcg-fej 6
dfe-fej 4
550
5
bfef-ffa 6
idb-ffa 1
dce-ffa 1
gch-ffa 1
df-ffa 1
551
5
jfe-ffb 1
cfd-ffb 3
dab-ffb 1
i-ffb 3
ica-ffb 2
552
4
hbb-ffc 2
bdj-ffc 1
bgc-ffc 4
ejg-ffc 3
553
3
dij-ffd 5
eia-ffd 4
jaf-ffd 1
554
2
hdc-ffe 7
baba-ffe 3
555
6
jbf-fff 2
fgj-fff 1
edi-fff 1
chc-fff 2
baae-fff 1
hfd-fff 3
556
1
ffi-ffg 10
557
2
e-ffh 8
fja-ffh 2
558
4
cif-ffi 1
fed-ffi 1
cdj-ffi 1
bcdd-ffi 7
559
4
gfi-ffj 2
dfd-ffj 2
baid-ffj 2
gih-ffj 4
560
5
igi-fga 2
cie-fga 3
gei-fga 3
bhe-fga 1
eae-fga 1
561
3
eei-fgb 7
dba-fgb 2
gff-fgb 1
562
2
bagf-fgc 8
dgd-fgc 2
563
5
ffa-fgd 3
dij-fgd 2
bfff-fgd 1
fb-fgd 3
bfic-fgd 1
564
2
ibf-fge 8
gjf-fge 2
565
2
ha-fgf 4
def-fgf 6
566
1
ice-fgg 10
567
3
jjf-fgh 7
jcf-fgh 2
dbh-fgh 1
568
3
hjf-fgi 3
dfg-fgi 3
eeh-fgi 4
569
3
egh-fgj 3
ghj-fgj 6
bdc-fgj 1
570
2
bfig-fha 6
fhc-fha 4
571
5
bajf-fhb 2
bfcb-fhb 4
feb-fhb 2
beeb-fhb 1
beaa-fhb 1
572
6
bfed-fhc 3
cba-fhc 3
ijj-fhc 1
bbi-fhc 1
bgea-fhc 1
hch-fhc 1
573
4
dea-fhd 5
dgi-fhd 1
hic-fhd 1
cih-fhd 3
574
3
ebh-fhe 6
gge-fhe 2
hci-fhe 2
575
1
gad-fhf 10
576
3
da-fhg 5
fjc-fhg 1
bbfh-fhg 4
577
1
cba-fhh 10
578
4
bja-fhi 4
idd-fhi 1
jcb-fhi 3
bcgj-fhi 2
579
4
bgde-fhj 4
ii-fhj 1
fag-fhj 1
gaj-fhj 4
580
2
gcc-fia 6
hga-fia 4
581
2
gjb-fib 1
fgb-fib 9
582
5
bgaj-fic 2
ijd-fic 1
cea-fic 4
cif-fic 1
hgg-fic 2
583
4
cih-fid 1
gif-fid 4
hh-fid 2
bbaa-fid 3
584
2
bccf-fie 7
efe-fie 3
585
4
bbc-fif 2
gge-fif 6
ibj-fif 1
bfcg-fif 1
586
4
eib-fig 5
bfj-fig 1
ejg-fig 2
dec-fig 2
587
3
ed-fih 3
bcc-fih 6
id-fih 1
588
4
bagb-fii 5
gde-fii 1
bcfh-fii 1
haf-fii 3
589
2
ebj-fij 5
bdfi-fij 5
590
3
cih-fja 4
bhf-fja 2
edj-fja 4
591
8
bggb-fjb 1
hc-fjb 1
egg-fjb 1
cij-fjb 1
gcg-fjb 1
caa-fjb 3
gef-fjb 1
hae-fjb 1
592
5
hdf-fjc 4
baee-fjc 2
bcff-fjc 1
dbg-fjc 2
cie-fjc 1
593
2
ecc-fjd 8
cif-fjd 2
594
4
hci-fje 1
hdj-fje 6
fba-fje 2
bbac-fje 1
595
3
jhf-fjf 5
bahg-fjf 2
fhc-fjf 3
596
2
bcfe-fjg 6
bhg-fjg 4
597
4
babb-fjh 6
ddd-fjh 2
baij-fjh 1
g-fjh 1
598
9
fij-fji 1
bgb-fji 2
jbi-fji 1
ehf-fji 1
hh-fji 1
iga-fji 1
ejc-fji 1
bddi-fji 1
cdf-fji 1
599
3
bbg-fjj 3
gj-fjj 3
ddi-fjj 4
600
3
gbb-gaa 7
bacj-gaa 1
gjf-gaa 2
601
2
gdh-gab 5
ca-gab 5
602
1
cca-gac 10
603
6
bf-gad 1
jjh-gad 1
cdf-gad 1
bjc-gad 5
hij-gad 1
bdfe-gad 1
604
7
jci-gae 4
eig-gae 1
ghc-gae 1
bfi-gae 1
ceb-gae 1
hca-gae 1
bd-gae 1
605
1
bjh-gaf 10
606
4
jij-gag 7
dff-gag 1
dgc-gag 1
bahg-gag 1
607
5
iaf-gah 2
ici-gah 2
cjc-gah 3
fac-gah 1
cdd-gah 2
608
1
daa-gai 10
609
4
iae-gaj 5
ccf-gaj 2
bcde-gaj 1
di-gaj 2
610
4
bbib-gba 4
bbge-gba 1
hgc-gba 1
fdi-gba 4
611
5
bfjj-gbb 5
eja-gbb 1
dhf-gbb 1
becb-gbb 1
cgb-gbb 2
612
4
hb-gbc 6
bbh-gbc 1
baab-gbc 1
bbhc-gbc 2
613
3
fcb-gbd 5
cg-gbd 1
bbcd-gbd 4
614
1
bgfd-gbe 10
615
4
ccj-gbf 4
bbeh-gbf 1
fgd-gbf 3
bdcf-gbf 2
616
4
bbcb-gbg 4
hhb-gbg 1
dga-gbg 4
dhh-gbg 1
617
2
ff-gbh 9
ejj-gbh 1
618
7
bacg-gbi 1
ej-gbi 2
dib-gbi 1
dbi-gbi 1
ifc-gbi 1
cfd-gbi 1
bbeh-gbi 3
619
4
gch-gbj 2
bbfi-gbj 2
eaa-gbj 3
jej-gbj 3
620
2
haj-gca 7
hbg-gca 3
621
4
cab-gcb 3
jca-gcb 1
bfbd-gcb 3
bch-gcb 3
622
8
iie-gcc 1
cdh-gcc 1
baad-gcc 1
bbii-gcc 3
gaj-gcc 1
ejb-gcc 1
baee-gcc 1
bafc-gcc 1
623
2
ja-gcd 8
egf-gcd 2
624
1
fai-gce 10
625
3
cgj-gcf 8
baii-gcf 1
daf-gcf 1
626
3
chg-gcg 5
hgd-gcg 2
ijg-gcg 3
627
4
cih-gch 6
eja-gch 1
bdc-gch 2
fjh-gch 1
628
3
bga-gci 2
igb-gci 1
cea-gci 7
629
2
ged-gcj 6
ebb-gcj 4
630
2
ihh-gda 2
bdcf-gda 8
631
3
eah-gdb 4
bbg-gdb 2
cb-gdb 4
632
5
babf-gdc 3
gbe-gdc 1
cah-gdc 1
ifc-gdc 3
igj-gdc 2
633
3
hfi-gdd 8
dgb-gdd 1
bcag-gdd 1
634
3
baeb-gde 8
cdd-gde 1
gba-gde 1
635
4
gfe-gdf 2
bhc-gdf 4
bchf-gdf 1
hjh-gdf 3
636
4
hag-gdg 6
bajh-gdg 1
bddj-gdg 1
db-gdg 2
637
3
if-gdh 7
jci-gdh 2
bdfd-gdh 1
638
1
jcc-gdi 10
639
3
gjg-gdj 8
dib-gdj 1
cei-gdj 1
640
5
dea-gea 3
edi-gea 1
cda-gea 2
eaa-gea 2
jh-gea 2
641
4
hfa-geb 5
hhd-geb 1
eff-geb 3
begg-geb 1
642
2
ffc-gec 5
ihd-gec 5
643
1
bdbj-ged 10
644
1
dda-gee 10
645
4
gfh-gef 7
dfi-gef 1
bdgj-gef 1
gij-gef 1
646
3
bfcj-geg 4
gaj-geg 5
cie-geg 1
647
4
bjh-geh 4
iai-geh 4
jg-geh 1
gah-geh 1
648
3
daf-gei 6
iba-gei 1
ffa-gei 3
649
4
hgi-gej 3
bge-gej 3
fec-gej 1
gda-gej 3
650
2
hbc-gfa 4
bgeg-gfa 6
651
4
gfj-gfb 2
bcbi-gfb 4
jhj-gfb 1
g-gfb 3
652
4
bche-gfc 2
bcb-gfc 3
baha-gfc 1
ccf-gfc 4
653
3
bdbg-gfd 6
hjb-gfd 1
gch-gfd 3
654
3
hfa-gfe 4
baci-gfe 5
bif-gfe 1
655
7
ehe-gff 2
eci-gff 2
hh-gff 2
bga-gff 1
egf-gff 1
idi-gff 1
jbi-gff 1
656
2
bahh-gfg 7
jaj-gfg 3
657
4
bi-gfh 1
iga-gfh 4
jaj-gfh 3
ffb-gfh 2
658
3
becd-gfi 7
ech-gfi 1
ghc-gfi 2
659
1
bdba-gfj 10
660
2
bhe-gga 7
hhe-gga 3
661
2
bee-ggb 7
eae-ggb 3
662
2
id-ggc 5
bgae-ggc 5
663
3
jhh-ggd 8
djj-ggd 1
igd-ggd 1
664
8
gaj-gge 2
beg-gge 2
ehc-gge 1
eeb-gge 1
bfid-gge 1
efd-gge 1
ifg-gge 1
bdc-gge 1
665
4
jfj-ggf 3
feh-ggf 1
hab-ggf 3
bcdj-ggf 3
666
4
die-ggg 1
dij-ggg 1
caf-ggg 5
bih-ggg 3
667
1
cab-ggh 10
668
3
cbc-ggi 1
bfc-ggi 1
cgh-ggi 8
670
4
bfgj-gha 1
gdh-gha 4
ifc-gha 3
gii-gha 2
671
5
bgae-ghb 3
idb-ghb 2
bbfg-ghb 1
bgef-ghb 1
bbff-ghb 3
672
6
fhi-ghc 3
beid-ghc 1
cib-ghc 2
begg-ghc 2
bch-ghc 1
fea-ghc 1
673
3
egj-ghd 4
did-ghd 1
bae-ghd 5
674
3
ccb-ghe 4
cji-ghe 5
ggg-ghe 1
675
1
ggb-ghf 10
676
2
fhb-ghg 5
dhh-ghg 5
677
2
cbc-ghh 9
bacj-ghh 1
678
4
hai-ghi 1
daf-ghi 5
bge-ghi 2
cic-ghi 2
679
4
hec-ghj 5
bcbc-ghj 1
fcd-ghj 1
fdb-ghj 3
680
4
hbf-gia 3
ied-gia 4
ccg-gia 1
egg-gia 2
681
2
bbhf-gib 7
cic-gib 3
682
5
fed-gic 1
bjc-gic 1
bbga-gic 2
gge-gic 2
dhi-gic 4
683
1
cjj-gid 10
684
2
iih-gie 8
ici-gie 2
685
5
bcig-gif 1
hge-gif 1
gdf-gif 5
bcdi-gif 2
jea-gif 1
686
2
ijf-gig 3
bbe-gig 7
687
5
baai-gih 1
fic-gih 5
die-gih 1
bbfb-gih 2
badc-gih 1
688
2
ib-gii 6
baab-gii 4
689
5
ehf-gij 3
ehh-gij 1
bei-gij 1
ibd-gij 1
fgh-gij 4
690
1
ecd-gja 10
691
1
ebc-gjb 10
692
5
ca-gjc 1
gbe-gjc 1
hg-gjc 3
hji-gjc 2
behb-gjc 3
693
1
gad-gjd 10
694
3
bbdf-gje 4
b-gje 2
bhc-gje 4
695
3
ieg-gjf 5
hdh-gjf 4
dig-gjf 1
696
5
egg-gjg 2
bbic-gjg 1
behg-gjg 5
bdda-gjg 1
bfb-gjg 1
697
3
cbg-gjh 4
dfd-gjh 3
cje-gjh 3
698
1
bbgf-gji 10
699
3
iii-gjj 2
hhe-gjj 6
fbi-gjj 2
700
3
bcea-haa 1
dbe-haa 7
bjj-haa 2
701
3
bcfg-hab 5
fij-hab 1
gc-hab 4
702
2
bcbg-hac 9
gdb-hac 1
703
1
iec-had 10
704
6
idb-hae 2
chi-hae 1
hea-hae 2
ije-hae 2
fac-hae 1
bbic-hae 2
705
4
jda-haf 2
jji-haf 3
cdd-haf 4
bbcd-haf 1
706
6
beje-hag 3
dfg-hag 3
ecj-hag 1
hje-hag 1
dic-hag 1
bcgb-hag 1
707
2
fda-hah 8
efj-hah 2
708
1
hfh-hai 10
709
1
bdjj-haj 10
710
2
bega-hba 4
bdbi-hba 6
711
4
cfb-hbb 4
cgj-hbb 2
fac-hbb 3
eee-hbb 1
712
2
jdg-hbc 3
ffc-hbc 7
713
4
eij-hbd 3
bdff-hbd 2
bei-hbd 2
bcbd-hbd 3
714
2
fc-hbe 3
fji-hbe 7
715
2
jf-hbf 7
fcf-hbf 3
716
4
gde-hbg 3
egh-hbg 4
bdjf-hbg 1
ife-hbg 2
717
4
ifg-hbh 3
ci-hbh 5
babe-hbh 1
dbj-hbh 1
718
2
jfh-hbi 8
egd-hbi 2
719
2
jge-hbj 7
bedf-hbj 3
720
6
hcf-hca 4
g-hca 1
jid-hca 2
ead-hca 1
ibe-hca 1
cib-hca 1
721
4
bdfa-hcb 5
jba-hcb 1
bahd-hcb 1
ffe-hcb 3
722
2
iee-hcc 5
cie-hcc 5
723
4
ghf-hcd 5
jee-hcd 1
bdhb-hcd 2
bgi-hcd 2
724
6
ejf-hce 2
beaf-hce 1
eab-hce 1
dha-hce 3
bde-hce 2
bchf-hce 1
725
5
gad-hcf 2
b-hcf 1
bbae-hcf 2
hhc-hcf 1
cih-hcf 4
726
4
ibf-hcg 5
ja-hcg 3
baed-hcg 1
jjg-hcg 1
727
4
jcb-hch 1
gdg-hch 1
fci-hch 5
ghe-hch 3
728
5
ggi-hci 4
bdff-hci 2
fbf-hci 1
geh-hci 2
baef-hci 1
729
3
eec-hcj 3
bbgd-hcj 3
jd-hcj 4
730
5
idc-hda 3
ea-hda 1
ffb-hda 3
eda-hda 1
dec-hda 2
731
4
bejg-hdb 4
jh-hdb 1
fei-hdb 3
bfhg-hdb 2
732
6
bdac-hdc 1
befb-hdc 1
cej-hdc 2
jbf-hdc 1
gig-hdc 1
cbi-hdc 4
733
1
bdg-hdd 10
734
2
bbjf-hde 8
jfh-hde 2
735
5
fad-hdf 4
bbha-hdf 1
bcfg-hdf 1
gbh-hdf 2
dci-hdf 2
736
3
eba-hdg 5
fjc-hdg 1
dac-hdg 4
737
2
fec-hdh 5
ihb-hdh 5
738
3
beah-hdi 1
bic-hdi 1
iae-hdi 8
739
3
haa-hdj 5
eci-hdj 1
jbj-hdj 4
740
8
cb-hea 1
jjg-hea 1
jb-hea 2
djb-hea 1
bcji-hea 1
befg-hea 2
bdfd-hea 1
fdf-hea 1
741
1
icg-heb 10
742
4
fai-hec 1
bdda-hec 2
bfjg-hec 4
bdhc-hec 3
743
2
bfei-hed 5
bcbg-hed 5
744
2
gbf-hee 5
bfhd-hee 5
745
4
bfch-hef 2
bjd-hef 1
beg-hef 1
gha-hef 6
746
3
bcdd-heg 5
fid-heg 1
ceb-heg 4
747
4
hii-heh 3
ggc-heh 1
dcb-heh 5
ed-heh 1
748
3
if-hei 2
fad-hei 1
ie-hei 7
749
3
cec-hej 6
gcc-hej 2
bgbd-hej 2
750
4
befe-hfa 1
jga-hfa 2
jhg-hfa 3
dgc-hfa 4
751
3
gc-hfb 5
icd-hfb 3
bff-hfb 2
752
3
gjh-hfc 5
bcdc-hfc 1
gab-hfc 4
753
4
eih-hfd 2
ddc-hfd 1
bcec-hfd 6
bad-hfd 1
754
3
gac-hfe 6
ejg-hfe 2
bahd-hfe 2
755
3
bacc-hff 5
hge-hff 1
bbci-hff 4
756
2
gfd-hfg 8
bbac-hfg 2
757
3
bbaj-hfh 6
ede-hfh 1
ihf-hfh 3
758
2
eci-hfi 7
beih-hfi 3
759
3
gaa-hfj 5
bfhi-hfj 1
jfc-hfj 4
760
2
bbg-hga 2
fdb-hga 8
761
5
bdf-hgb 2
gcc-hgb 2
bccd-hgb 3
hfc-hgb 2
dfj-hgb 1
762
4
fea-hgc 1
hje-hgc 1
dej-hgc 7
fia-hgc 1
763
2
bedb-hgd 5
bbfa-hgd 5
764
3
beff-hge 1
efg-hge 4
jdc-hge 5
765
4
bafe-hgf 1
icd-hgf 7
bci-hgf 1
fea-hgf 1
766
3
baib-hgg 6
ddc-hgg 1
ehf-hgg 3
767
2
dej-hgh 6
deg-hgh 4
768
3
hah-hgi 8
baja-hgi 1
cdb-hgi 1
770
6
ii-hha 2
ihj-hha 2
hdd-hha 1
baad-hha 1
dag-hha 1
bi-hha 3
771
3
dfa-hhb 7
bbaa-hhb 2
gfa-hhb 1
772
3
eia-hhc 7
beff-hhc 1
fhc-hhc 2
773
2
bdec-hhd 3
gaa-hhd 7
774
4
gja-hhe 2
bdfa-hhe 1
dji-hhe 1
eff-hhe 6
775
2
bafj-hhf 8
bcf-hhf 2
776
2
dgd-hhg 6
hbb-hhg 4
777
2
ebd-hhh 7
haa-hhh 3
778
1
bdci-hhi 10
779
6
cbg-hhj 4
hie-hhj 2
beb-hhj 1
bfag-hhj 1
chi-hhj 1
jec-hhj 1
780
3
dbf-hia 5
jdd-hia 3
bbie-hia 2
781
2
bbi-hib 4
bbfb-hib 6
782
4
chh-hic 3
dhd-hic 1
dcc-hic 5
bgcf-hic 1
783
1
bgdg-hid 10
784
1
bgbb-hie 10
785
3
fje-hif 1
ggc-hif 7
cii-hif 2
786
3
fig-hig 3
che-hig 4
gb-hig 3
787
3
iaf-hih 1
bfg-hih 3
ddh-hih 6
788
4
jaj-hii 1
cgi-hii 1
djb-hii 7
fej-hii 1
789
6
bji-hij 3
bbbd-hij 1
hag-hij 1
jff-hij 2
fj-hij 1
dif-hij 2
790
2
fae-hja 1
gbd-hja 9
791
3
bde-hjb 2
cfh-hjb 1
cbb-hjb 7
792
5
bbfi-hjc 5
hcc-hjc 1
bfhe-hjc 1
gaj-hjc 1
hbi-hjc 2
793
2
bbd-hjd 8
fef-hjd 2
794
2
bdja-hje 3
fgj-hje 7
795
3
gid-hjf 2
edj-hjf 3
beji-hjf 5
796
5
jdh-hjg 2
jgg-hjg 2
gdj-hjg 4
cfa-hjg 1
eda-hjg 1
797
2
bcg-hjh 7
caj-hjh 3
798
3
hfj-hji 5
bba-hji 2
iac-hji 3
799
7
beea-hjj 1
bgc-hjj 1
cjf-hjj 3
fe-hjj 1
fgd-hjj 1
gah-hjj 2
bace-hjj 1
800
6
dhc-iaa 1
cij-iaa 2
jcg-iaa 2
eef-iaa 2
deb-iaa 1
ead-iaa 2
801
3
bdbh-iab 3
ech-iab 6
cdh-iab 1
802
3
hia-iac 2
hbi-iac 6
eic-iac 2
803
3
cgd-iad 2
cba-iad 2
dd-iad 6
804
5
cjg-iae 3
cdf-iae 3
fjd-iae 2
cib-iae 1
bcd-iae 1
805
3
jd-iaf 4
ejf-iaf 2
gjf-iaf 4
806
4
bage-iag 3
begg-iag 4
ihd-iag 1
ejg-iag 2
807
2
fei-iah 6
dad-iah 4
808
4
dje-iai 2
gf-iai 1
beja-iai 1
jh-iai 6
809
2
bddg-iaj 8
gbh-iaj 2
810
5
bbba-iba 1
bbbj-iba 1
bafb-iba 1
ejb-iba 6
bcb-iba 1
811
2
bead-ibb 7
iha-ibb 3
812
2
bbgf-ibc 7
egb-ibc 3
813
2
bgcj-ibd 9
bdhd-ibd 1
814
2
fba-ibe 7
bbcc-ibe 3
815
3
bffh-ibf 3
dih-ibf 4
dje-ibf 3
816
4
bafg-ibg 4
ceb-ibg 1
efj-ibg 1
fhg-ibg 4
817
3
bahj-ibh 5
babb-ibh 1
eja-ibh 4
818
4
fdi-ibi 4
bjc-ibi 1
jib-ibi 4
fii-ibi 1
819
4
bbcd-ibj 2
bbdb-ibj 4
dfd-ibj 1
hae-ibj 3
820
3
becf-ica 8
dgi-ica 1
bcfh-ica 1
821
3
hfi-icb 6
fib-icb 3
fhj-icb 1
823
5
hj-icd 5
jaj-icd 1
eig-icd 1
jaa-icd 1
hcd-icd 2
824
3
jfh-ice 5
hgi-ice 4
ehd-ice 1
825
4
bcha-icf 3
dbb-icf 3
fce-icf 1
cih-icf 3
826
3
bjj-icg 3
bcdi-icg 2
gcg-icg 5
827
1
beei-ich 10
828
3
jc-ici 6
dfa-ici 1
cj-ici 3
829
2
hbe-icj 7
jie-icj 3
830
3
hee-ida 4
bcfd-ida 1
bhf-ida 5
831
6
cii-idb 1
fce-idb 1
bfjd-idb 1
cdh-idb 2
ghi-idb 4
bach-idb 1
832
2
gjg-idc 3
iij-idc 7
833
4
bfda-idd 3
fih-idd 4
fj-idd 1
bbah-idd 2
834
1
fgc-ide 10
835
4
bajg-idf 7
dh-idf 1
efa-idf 1
dii-idf 1
836
3
bagf-idg 6
bfi-idg 2
dhd-idg 2
837
1
gdg-idh 10
838
4
bbdd-idi 4
bgfa-idi 1
hhc-idi 1
ech-idi 4
839
3
fdj-idj 2
bgf-idj 6
bcc-idj 2
840
4
bij-iea 7
eeb-iea 1
chb-iea 1
bebf-iea 1
841
3
fhb-ieb 4
bbie-ieb 5
bdaj-ieb 1
842
4
iff-iec 2
hfh-iec 5
bbca-iec 2
hfg-iec 1
843
4
bbid-ied 2
hhb-ied 3
bche-ied 3
jac-ied 2
844
3
bdcd-iee 2
baje-iee 4
efc-iee 4
845
4
bbah-ief 6
ea-ief 2
hag-ief 1
bfc-ief 1
846
4
ffh-ieg 4
hcd-ieg 4
fjj-ieg 1
idd-ieg 1
847
3
bge-ieh 1
caj-ieh 3
bchj-ieh 6
848
5
dbf-iei 2
efg-iei 1
hgi-iei 1
behf-iei 5
bcgb-iei 1
849
2
bbh-iej 9
bdi-iej 1
850
4
ccc-ifa 2
bdih-ifa 2
bbbi-ifa 2
hcf-ifa 4
851
2
dfh-ifb 6
bagh-ifb 4
852
5
bchg-ifc 1
ejj-ifc 2
gfa-ifc 5
jid-ifc 1
cee-ifc 1
853
4
cf-ifd 4
ijh-ifd 1
bbhd-ifd 3
bah-ifd 2
854
3
dad-ife 5
hjf-ife 1
bbdj-ife 4
855
3
efe-iff 1
jgf-iff 4
cgi-iff 5
856
3
be-ifg 1
jci-ifg 1
bgeb-ifg 8
857
2
baga-ifh 1
cid-ifh 9
858
2
badf-ifi 1
bcci-ifi 9
859
1
chb-ifj 10
860
2
gfj-iga 2
ebb-iga 8
861
2
gb-igb 7
cif-igb 3
862
3
bcgi-igc 4
gh-igc 4
eaf-igc 2
863
3
hfd-igd 1
ife-igd 6
ggg-igd 3
864
3
hjc-ige 4
dbi-ige 3
dbj-ige 3
866
1
babd-igg 10
867
1
hag-igh 10
868
2
bcbj-igi 7
bbg-igi 3
869
4
dde-igj 2
jba-igj 2
gih-igj 1
bdie-igj 5
870
4
jfa-iha 4
bcdj-iha 1
hgf-iha 3
bbfe-iha 2
871
1
bbcj-ihb 10
872
3
eba-ihc 1
jfd-ihc 3
ehj-ihc 6
873
3
bbdd-ihd 6
fj-ihd 1
behh-ihd 3
874
3
hdi-ihe 7
hdg-ihe 1
hdj-ihe 2
875
3
bfcc-ihf 7
ijj-ihf 1
bbad-ihf 2
876
4
gbf-ihg 1
bcj-ihg 7
cdj-ihg 1
gij-ihg 1
877
3
cib-ihh 1
eef-ihh 5
gih-ihh 4
878
5
gjh-ihi 1
jg-ihi 1
bdgf-ihi 6
hdb-ihi 1
bebh-ihi 1
879
2
caf-ihj 4
cef-ihj 6
880
3
fgb-iia 7
fid-iia 1
hfh-iia 2
881
5
baeb-iib 5
chd-iib 1
bafa-iib 1
id-iib 2
cfb-iib 1
882
4
jje-iic 1
fag-iic 1
gfa-iic 1
iie-iic 7
883
2
ffa-iid 8
iae-iid 2
884
5
cbb-iie 4
bec-iie 1
bejf-iie 2
jee-iie 2
bgc-iie 1
885
2
hif-iif 7
bbei-iif 3
886
2
hcg-iig 5
hjb-iig 5
887
1
hbj-iih 10
888
1
bbib-iii 10
889
1
baaa-iij 10
890
2
dbj-ija 8
iaa-ija 2
892
3
cgi-ijc 4
bbf-ijc 4
bcij-ijc 2
893
3
beda-ijd 5
hfi-ijd 3
gdh-ijd 2
894
4
bef-ije 6
beef-ije 1
bbbj-ije 1
gda-ije 2
895
2
hei-ijf 4
bj-ijf 6
896
2
behi-ijg 7
ig-ijg 3
897
2
hhg-ijh 9
bii-ijh 1
898
1
gd-iji 10
899
2
iaf-ijj 9
cff-ijj 1
900
1
bbjh-jaa 10
901
2
gbe-jab 6
baej-jab 4
902
5
hca-jac 4
ghg-jac 1
ibb-jac 3
bgg-jac 1
ejj-jac 1
903
2
djc-jad 4
bcij-jad 6
904
2
cja-jae 9
bbih-jae 1
905
2
bgd-jaf 7
bdig-jaf 3
906
3
bdij-jag 8
cbc-jag 1
cg-jag 1
907
4
bchh-jah 6
baia-jah 1
fie-jah 2
bcif-jah 1
908
5
efa-jai 1
gbj-jai 2
hah-jai 3
bffi-jai 3
bbbg-jai 1
909
2
iic-jaj 9
ebd-jaj 1
910
3
bdef-jba 4
cgd-jba 4
gej-jba 2
911
2
gjc-jbb 3
dhg-jbb 7
912
2
jca-jbc 1
gbg-jbc 9
913
3
bfad-jbd 5
bgh-jbd 1
dij-jbd 4
914
1
de-jbe 10
915
4
cc-jbf 5
bedi-jbf 1
gfg-jbf 1
hai-jbf 3
916
4
ehd-jbg 4
bdid-jbg 3
baie-jbg 1
bjd-jbg 2
917
3
babf-jbh 5
dbd-jbh 3
bji-jbh 2
918
2
bdcc-jbi 8
hai-jbi 2
919
4
jhb-jbj 4
daa-jbj 2
hdc-jbj 2
ejd-jbj 2
920
4
idf-jca 3
jfg-jca 1
jde-jca 3
fdh-jca 3
921
4
faj-jcb 5
hhf-jcb 1
gae-jcb 1
ihh-jcb 3
922
3
fjg-jcc 6
gfb-jcc 2
fej-jcc 2
923
4
bagh-jcd 4
ied-jcd 4
jcc-jcd 1
hgh-jcd 1
924
1
bafi-jce 10
925
3
djc-jcf 3
igj-jcf 4
ghe-jcf 3
926
3
cfj-jcg 4
babe-jcg 2
ggg-jcg 4
928
6
bfbf-jci 5
gih-jci 1
fb-jci 1
hhe-jci 1
beia-jci 1
fch-jci 1
930
3
cjb-jda 3
bdig-jda 6
bgdf-jda 1
931
5
hge-jdb 1
jji-jdb 4
cgf-jdb 3
jhc-jdb 1
bbaj-jdb 1
932
3
gdh-jdc 4
jc-jdc 2
hbh-jdc 4
933
3
dic-jdd 4
ffh-jdd 3
dhc-jdd 3
934
5
bcjb-jde 2
bi-jde 1
bdgi-jde 1
ha-jde 1
bie-jde 5
936
6
ibi-jdg 4
bh-jdg 1
gea-jdg 1
bhb-jdg 2
dhj-jdg 1
fbf-jdg 1
937
1
ea-jdh 10
939
4
eic-jdj 7
ja-jdj 1
dhb-jdj 1
jfj-jdj 1
940
1
ije-jea 10
941
1
jad-jeb 10
942
4
ehc-jec 1
bdfg-jec 2
badg-jec 1
dae-jec 6
943
1
djc-jed 10
944
4
cfg-jee 6
hjb-jee 1
ceg-jee 2
ej-jee 1
945
5
beh-jef 1
bbfe-jef 5
fad-jef 1
bbje-jef 2
badj-jef 1
946
2
baib-jeg 5
bbj-jeg 5
947
3
bgdb-jeh 7
ddj-jeh 1
bafe-jeh 2
948
1
eff-jei 10
949
2
ehb-jej 9
dch-jej 1
950
4
fdj-jfa 2
iec-jfa 1
bhe-jfa 3
chb-jfa 4
951
3
ebb-jfb 2
cge-jfb 7
bbdb-jfb 1
952
2
cgh-jfc 7
jgb-jfc 3
953
2
fbd-jfd 9
babc-jfd 1
954
4
c-jfe 5
bfgb-jfe 1
bcif-jfe 1
egf-jfe 3
955
2
bfeb-jff 9
egg-jff 1
956
3
fic-jfg 5
bccb-jfg 1
ega-jfg 4
957
5
fdf-jfh 2
ddc-jfh 1
gfb-jfh 3
eij-jfh 2
bffj-jfh 2
958
4
eib-jfi 2
dii-jfi 1
befa-jfi 1
bbj-jfi 6
959
5
bcaj-jfj 1
bdhe-jfj 1
jfa-jfj 1
eac-jfj 1
bcc-jfj 6
960
4
fdf-jga 2
bagg-jga 4
bfcd-jga 1
bfab-jga 3
961
1
ecd-jgb 10
962
5
ibd-jgc 4
bba-jgc 1
ied-jgc 1
babj-jgc 1
cfa-jgc 3
963
1
ghb-jgd 10
964
5
bagf-jge 1
dda-jge 5
bedj-jge 1
bcgj-jge 2
gbf-jge 1
965
5
i-jgf 4
fjd-jgf 2
hhj-jgf 2
fbf-jgf 1
bhg-jgf 1
966
3
heh-jgg 6
cfd-jgg 1
bajc-jgg 3
967
2
jcb-jgh 4
dfc-jgh 6
968
2
gjf-jgi 7
iae-jgi 3
970
3
jia-jha 1
ghd-jha 6
bea-jha 3
971
1
ejg-jhb 10
972
4
hei-jhc 7
gga-jhc 1
ced-jhc 1
eej-jhc 1
973
2
gba-jhd 5
geb-jhd 5
974
3
bbai-jhe 3
jih-jhe 2
jae-jhe 5
975
3
bajj-jhf 2
fch-jhf 6
behe-jhf 2
976
2
fbi-jhg 8
hde-jhg 2
977
3
gab-jhh 3
gej-jhh 1
bfia-jhh 6
978
2
bagi-jhi 7
bcj-jhi 3
979
1
eei-jhj 10
980
6
baac-jia 3
ecc-jia 1
bded-jia 1
baca-jia 1
ddg-jia 3
bje-jia 1
981
4
bjf-jib 5
iac-jib 1
gda-jib 3
bab-jib 1
982
2
hff-jic 2
igj-jic 8
983
4
bgfj-jid 5
bdgd-jid 2
cag-jid 2
jff-jid 1
984
3
hdb-jie 8
baih-jie 1
cij-jie 1
985
3
bb-jif 2
dge-jif 1
hah-jif 7
986
3
gha-jig 4
bafi-jig 5
bbe-jig 1
987
2
gfi-jih 6
bfa-jih 4
988
3
ddf-jii 5
cei-jii 2
ihe-jii 3
989
2
ge-jij 2
bah-jij 8
990
1
idh-jja 10
991
5
jif-jjb 1
bdi-jjb 1
hja-jjb 2
ihg-jjb 5
cjc-jjb 1
992
3
jhg-jjc 6
jbg-jjc 1
bcgb-jjc 3
993
1
daj-jjd 10
994
4
bbcg-jje 5
baig-jje 1
badd-jje 1
ej-jje 3
995
2
ccf-jjf 5
hja-jjf 5
996
2
efa-jjg 1
gfc-jjg 9
997
1
geh-jjh 10
998
1
hef-jji 10
999
3
bcci-jjj 3
edg-jjj 1
baea-jjj 6
1000
1
fgi-baaa 10
1001
5
bbdf-baab 3
jeg-baab 1
ifd-baab 3
efi-baab 2
bc-baab 1
1002
2
hig-baac 1
jbh-baac 9
1003
4
bbbh-baad 5
ehj-baad 2
jcd-baad 1
ceb-baad 2
1004
2
eje-baae 4
dib-baae 6
1005
2
bdej-baaf 9
baae-baaf 1
1006
5
beja-baag 4
fc-baag 1
ffj-baag 1
jci-baag 1
cdc-baag 3
1007
1
baef-baah 10
1008
4
baha-baai 1
dgd-baai 4
igj-baai 1
bacb-baai 4
1009
1
ceb-baaj 10
1010
4
bbfb-baba 1
dfi-baba 1
jdf-baba 1
ehi-baba 7
1011
3
djh-babb 7
ggi-babb 1
edh-babb 2
1012
4
baif-babc 2
jga-babc 2
beag-babc 3
if-babc 3
1013
2
gec-babd 6
dfe-babd 4
1014
4
ebj-babe 5
dbj-babe 2
ije-babe 1
cjc-babe 2
1015
2
begj-babf 7
ceg-babf 3
1016
2
bdhd-babg 6
beba-babg 4
1017
2
baia-babh 7
cbg-babh 3
1018
3
baij-babi 1
cdb-babi 5
gd-babi 4
1019
3
fdc-babj 1
bbcg-babj 2
bfib-babj 7
1020
1
igh-baca 10
1021
6
bcje-bacb 1
jg-bacb 1
bgbj-bacb 1
jhb-bacb 1
jce-bacb 4
heb-bacb 2
1022
3
feg-bacc 7
gdb-bacc 1
hbc-bacc 2
1023
1
jgf-bacd 10
1024
2
dhb-bace 5
bbcd-bace 5
1025
1
ifd-bacf 10
1026
2
bgdb-bacg 8
cja-bacg 2
1027
3
baag-bach 8
fdd-bach 1
bih-bach 1
1028
2
ejc-baci 7
egi-baci 3
1029
3
iha-bacj 2
bada-bacj 3
ibj-bacj 5
1030
4
hej-bada 5
bbcf-bada 1
gdb-bada 1
ecj-bada 3
1031
3
bdf-badb 2
bddf-badb 6
dcd-badb 2
1032
2
hfg-badc 5
ifg-badc 5
1033
3
bcac-badd 4
gh-badd 2
jc-badd 4
1034
1
ega-bade 10
1035
1
fgh-badf 10
1036
2
jhi-badg 2
bbbf-badg 8
1037
2
bbgj-badh 9
fhe-badh 1
1038
2
bbdi-badi 8
ghg-badi 2
1039
4
bbhf-badj 7
ijj-badj 1
bjf-badj 1
ff-badj 1
1040
3
hdd-baea 3
cid-baea 3
jgg-baea 4
1041
4
bdcj-baeb 1
fd-baeb 5
iag-baeb 1
bbaf-baeb 3
1042
4
hbg-baec 2
ccb-baec 1
jha-baec 4
jaa-baec 3
1043
1
djc-baed 10
1044
1
baeg-baee 10
1045
4
fi-baef 6
gj-baef 2
efd-baef 1
bdbf-baef 1
1046
4
jdc-baeg 2
hhd-baeg 3
baic-baeg 4
bcef-baeg 1
1047
2
ihg-baeh 3
dfd-baeh 7
1048
4
bhc-baei 6
bcig-baei 2
chj-baei 1
bagg-baei 1
1049
2
bdfj-baej 9
bbhh-baej 1
1050
5
babe-bafa 3
dgj-bafa 2
cff-bafa 3
hgc-bafa 1
jdj-bafa 1
1051
4
gdg-bafb 1
baah-bafb 1
bbbd-bafb 6
bcji-bafb 2
1052
4
gfg-bafc 3
hii-bafc 1
jce-bafc 1
bbef-bafc 5
1053
2
fei-bafd 7
cfa-bafd 3
1054
3
dhc-bafe 4
fdd-bafe 2
bgf-bafe 4
1055
2
hcj-baff 8
bfif-baff 2
1056
1
fdd-bafg 10
1057
1
jbd-bafh 10
1058
3
bag-bafi 4
chi-bafi 4
bhj-bafi 2
1059
3
gfi-bafj 7
hef-bafj 1
bcag-bafj 2
1060
2
bbag-baga 3
ded-baga 7
1061
1
fhb-bagb 10
1062
1
gie-bagc 10
1063
3
beg-bagd 3
ibg-bagd 5
hgd-bagd 2
1064
4
babh-bage 2
jfb-bage 6
bbcj-bage 1
jhf-bage 1
1065
2
bgd-bagf 2
bede-bagf 8
1066
3
fcb-bagg 6
baie-bagg 3
hgb-bagg 1
1067
5
eab-bagh 2
ijg-bagh 2
gje-bagh 1
cgf-bagh 2
cde-bagh 3
1068
2
bcac-bagi 2
ggh-bagi 8
1069
3
bad-bagj 5
jhd-bagj 4
bgj-bagj 1
1070
2
bgcc-baha 4
bcgf-baha 6
1071
1
bgah-bahb 10
1072
1
hbg-bahc 10
1073
5
behd-bahd 2
efa-bahd 2
beij-bahd 2
dbb-bahd 1
dii-bahd 3
1074
1
bcdi-bahe 10
1075
2
ffi-bahf 8
bagd-bahf 2
1076
2
gjc-bahg 2
bgc-bahg 8
1077
4
bedg-bahh 5
hea-bahh 1
jab-bahh 3
bahg-bahh 1
1078
4
hab-bahi 4
ceh-bahi 1
ia-bahi 4
ghc-bahi 1
1079
1
fbe-bahj 10
1080
2
gaf-baia 8
bgg-baia 2
1081
2
iac-baib 3
hih-baib 7
1082
3
bcgg-baic 6
babi-baic 1
iaa-baic 3
1083
1
bejd-baid 10
1084
5
chg-baie 2
efc-baie 2
iaf-baie 3
bai-baie 2
bade-baie 1
1085
1
jcb-baif 10
1086
4
jgh-baig 7
ihc-baig 1
hif-baig 1
edd-baig 1
1087
5
eea-baih 2
bbgd-baih 2
gcf-baih 1
becj-baih 2
bcej-baih 3
1088
2
bbab-baii 3
ffj-baii 7
1089
3
bha-baij 2
bfh-baij 5
ife-baij 3
1090
4
cgg-baja 6
cdh-baja 1
bif-baja 1
bcfj-baja 2
1091
3
bafj-bajb 5
bdfg-bajb 2
ji-bajb 3
1092
2
bbae-bajc 9
dhb-bajc 1
1093
4
edc-bajd 1
bfjc-bajd 2
hha-bajd 4
hhg-bajd 3
1094
4
hhe-baje 1
bdab-baje 5
gfi-baje 1
iej-baje 3
1095
4
bbgi-bajf 1
jcd-bajf 3
bcje-bajf 2
jeb-bajf 4
1096
2
cgf-bajg 5
fi-bajg 5
1097
2
hba-bajh 8
bia-bajh 2
1098
2
baje-baji 8
bhf-baji 2
1099
3
eci-bajj 3
ejh-bajj 6
bajf-bajj 1
1100
2
beeg-bbaa 6
bcfa-bbaa 4
1101
1
bbfc-bbab 10
1102
4
fed-bbac 5
dce-bbac 1
bejd-bbac 2
iif-bbac 2
1103
2
bbag-bbad 7
jbh-bbad 3
1104
6
gc-bbae 1
gid-bbae 1
bcfc-bbae 3
eah-bbae 1
hg-bbae 3
bgba-bbae 1
1105
2
hhg-bbaf 2
eff-bbaf 8
1106
1
gff-bbag 10
1107
4
beci-bbah 1
bfjh-bbah 6
fhe-bbah 1
cja-bbah 2
1108
3
bafj-bbai 1
bhj-bbai 3
bdch-bbai 6
1109
1
ich-bbaj 10
1110
5
hde-bbba 1
jid-bbba 2
babb-bbba 4
cgd-bbba 1
hdb-bbba 2
1111
1
hed-bbbb 10
1113
4
bgab-bbbd 2
baec-bbbd 1
icb-bbbd 3
bbh-bbbd 4
1114
3
bccj-bbbe 5
bcc-bbbe 1
dhj-bbbe 4
1115
2
cef-bbbf 1
gej-bbbf 9
1116
2
ief-bbbg 5
icb-bbbg 5
1117
2
ehg-bbbh 9
bagc-bbbh 1
1118
2
bac-bbbi 4
gee-bbbi 6
1119
3
bgdj-bbbj 6
big-bbbj 3
bahe-bbbj 1
1120
2
bdd-bbca 5
jcc-bbca 5
1121
5
hih-bbcb 4
fbc-bbcb 1
djj-bbcb 1
iee-bbcb 2
jfd-bbcb 2
1122
2
bgf-bbcc 8
hbd-bbcc 2
1123
3
jjd-bbcd 8
baii-bbcd 1
gje-bbcd 1
1124
2
iff-bbce 4
gde-bbce 6
1125
2
fhc-bbcf 4
bbae-bbcf 6
1126
3
fcg-bbcg 6
ccj-bbcg 1
bdid-bbcg 3
1127
1
icb-bbch 10
1128
2
bie-bbci 8
babh-bbci 2
1129
2
hee-bbcj 7
bbbb-bbcj 3
1130
3
jde-bbda 5
ehh-bbda 4
bbji-bbda 1
1131
5
idc-bbdb 1
bfdj-bbdb 1
hjj-bbdb 2
ifa-bbdb 5
bbf-bbdb 1
1132
1
jh-bbdc 10
1133
5
beb-bbdd 1
bci-bbdd 1
eii-bbdd 1
fgh-bbdd 4
gid-bbdd 3
1134
1
jif-bbde 10
1135
3
baed-bbdf 4
gbc-bbdf 1
gbi-bbdf 5
1136
3
bgdc-bbdg 3
bid-bbdg 1
bhc-bbdg 6
1137
3
ghb-bbdh 3
bcjd-bbdh 6
eef-bbdh 1
1138
3
bcba-bbdi 1
hbh-bbdi 8
baee-bbdi 1
1139
1
ghi-bbdj 10
1140
2
cga-bbea 2
df-bbea 8
1141
5
bbde-bbeb 3
ji-bbeb 1
bbae-bbeb 1
ihd-bbeb 1
bffc-bbeb 4
1142
2
bcie-bbec 4
cai-bbec 6
1143
1
jc-bbed 10
1144
1
bdee-bbee 10
1145
4
badd-bbef 2
ce-bbef 1
fjf-bbef 6
fjb-bbef 1
1146
3
bgbc-bbeg 2
eca-bbeg 1
bcjg-bbeg 7
1147
2
ghj-bbeh 7
eg-bbeh 3
1148
2
gej-bbei 5
eif-bbei 5
1149
3
bcbb-bbej 8
fja-bbej 1
fci-bbej 1
1150
1
bacc-bbfa 10
1151
4
ghj-bbfb 7
bdah-bbfb 1
baji-bbfb 1
bbgg-bbfb 1
1152
2
bfej-bbfc 6
ibh-bbfc 4
1153
4
bdcj-bbfd 1
ebc-bbfd 5
eaa-bbfd 3
bdje-bbfd 1
1154
2
chg-bbfe 7
bbgi-bbfe 3
1155
6
ihi-bbff 1
dbh-bbff 1
jig-bbff 4
fcc-bbff 1
bdjd-bbff 2
hg-bbff 1
1156
4
eee-bbfg 1
bcjh-bbfg 2
bfee-bbfg 2
fea-bbfg 5
1157
3
efd-bbfh 6
bbjg-bbfh 1
gec-bbfh 3
1158
3
bfhb-bbfi 5
bace-bbfi 3
bbej-bbfi 2
1159
4
babh-bbfj 1
ifc-bbfj 1
cbc-bbfj 1
cje-bbfj 7
1160
2
eji-bbga 9
jbc-bbga 1
1161
4
hi-bbgb 2
hgd-bbgb 1
jff-bbgb 6
iic-bbgb 1
1162
1
bafa-bbgc 10
1163
1
bgag-bbgd 10
1164
4
ddd-bbge 3
bbff-bbge 5
eb-bbge 1
ihg-bbge 1
1165
1
fcj-bbgf 10
1166
4
gfh-bbgg 4
ca-bbgg 1
bcde-bbgg 4
bdai-bbgg 1
1167
1
bbei-bbgh 10
1168
4
bdgi-bbgi 1
bfi-bbgi 7
jgi-bbgi 1
jab-bbgi 1
1169
3
bbcj-bbgj 3
eah-bbgj 1
bejh-bbgj 6
1170
2
fbe-bbha 9
begi-bbha 1
1171
2
iec-bbhb 8
djd-bbhb 2
1172
2
cbh-bbhc 9
bca-bbhc 1
1173
4
bdb-bbhd 3
j-bbhd 1
bced-bbhd 2
ece-bbhd 4
1174
4
gfe-bbhe 6
fh-bbhe 1
bbgb-bbhe 1
id-bbhe 2
1175
3
bfec-bbhf 7
baif-bbhf 2
dia-bbhf 1
1177
2
beee-bbhh 9
bcjf-bbhh 1
1178
2
bfge-bbhi 9
hgi-bbhi 1
1180
3
ei-bbia 5
edb-bbia 2
ij-bbia 3
1181
1
bdi-bbib 10
1182
1
befc-bbic 10
1183
1
bbdd-bbid 10
1184
3
dee-bbie 1
bbhj-bbie 8
def-bbie 1
1185
2
bij-bbif 9
dcj-bbif 1
1187
2
bfd-bbih 4
gc-bbih 6
1188
2
bfgf-bbii 5
jhc-bbii 5
1189
2
bbdf-bbij 6
beci-bbij 4
1190
2
fec-bbja 5
bacb-bbja 5
1191
2
gje-bbjb 6
ffj-bbjb 4
1192
3
bbha-bbjc 7
bhc-bbjc 2
ii-bbjc 1
1193
1
jig-bbjd 10
1194
1
cbd-bbje 10
1195
4
dji-bbjf 1
jbg-bbjf 1
fcj-bbjf 6
haj-bbjf 2
1196
3
hjb-bbjg 1
bbfe-bbjg 7
bagj-bbjg 2
1197
2
bcjb-bbjh 8
jih-bbjh 2
1198
3
hhi-bbji 5
bch-bbji 3
ijh-bbji 2
1199
1
cig-bbjj 10
1200
2
bgb-bcaa 9
bbie-bcaa 1
1201
3
dfi-bcab 8
gce-bcab 1
jjj-bcab 1
1202
3
had-bcac 1
fa-bcac 7
hac-bcac 2
1203
3
bdf-bcad 4
hcd-bcad 1
bgcb-bcad 5
1204
2
bdaj-bcae 8
ibg-bcae 2
1205
2
bcda-bcaf 8
bbha-bcaf 2
1206
2
bgch-bcag 4
babb-bcag 6
1207
1
eed-bcah 10
1208
1
bbcj-bcai 10
1209
1
bbji-bcaj 10
1210
2
gfc-bcba 5
ejb-bcba 5
1211
3
hag-bcbb 4
bdbj-bcbb 4
die-bcbb 2
1212
5
bcij-bcbc 3
bbai-bcbc 1
ef-bcbc 4
dbe-bcbc 1
bafj-bcbc 1
1213
1
baca-bcbd 10
1214
2
gda-bcbe 1
bdd-bcbe 9
1215
2
bged-bcbf 5
igc-bcbf 5
1216
3
behc-bcbg 6
iea-bcbg 3
dbh-bcbg 1
1217
1
bhg-bcbh 10
1218
2
jdd-bcbi 9
bfcf-bcbi 1
1219
2
hjj-bcbj 4
hgc-bcbj 6
1220
4
jfe-bcca 4
fb-bcca 1
bdhj-bcca 1
behj-bcca 4
1221
2
egb-bccb 9
cid-bccb 1
1222
1
edj-bccc 10
1223
3
bfed-bccd 5
ced-bccd 4
behg-bccd 1
1224
2
iib-bcce 8
eci-bcce 2
1225
2
bajb-bccf 8
bfhd-bccf 2
1226
2
badf-bccg 1
begg-bccg 9
1227
1
hjg-bcch 10
1228
2
bcae-bcci 6
hjd-bcci 4
1229
6
gbe-bccj 2
hci-bccj 1
bg-bccj 1
dci-bccj 1
cfg-bccj 1
bdeb-bccj 4
1230
3
ijd-bcda 8
dh-bcda 1
beii-bcda 1
1231
3
bbeb-bcdb 2
baci-bcdb 3
bddd-bcdb 5
1232
4
bcj-bcdc 4
ghb-bcdc 1
bfga-bcdc 1
bccd-bcdc 4
1233
3
bagh-bcdd 7
bbfh-bcdd 1
bdid-bcdd 2
1234
5
bcha-bcde 1
beje-bcde 3
cba-bcde 1
baji-bcde 1
gic-bcde 4
1235
1
bbef-bcdf 10
1236
3
chc-bcdg 5
hjc-bcdg 1
jje-bcdg 4
1237
1
faf-bcdh 10
1238
2
hee-bcdi 5
cfg-bcdi 5
1239
1
fdb-bcdj 10
1240
1
becb-bcea 10
1241
2
bfcf-bceb 6
idj-bceb 4
1242
1
dgj-bcec 10
1243
1
bcjd-bced 10
1244
5
iai-bcee 3
ejh-bcee 3
bdja-bcee 2
bdca-bcee 1
ffd-bcee 1
1245
2
fbb-bcef 6
fbj-bcef 4
1246
1
cca-bceg 10
1247
2
bbdf-bceh 4
bdae-bceh 6
1248
1
bci-bcei 10
1249
3
ef-bcej 3
gif-bcej 5
jfh-bcej 2
1250
2
jfh-bcfa 6
djh-bcfa 4
1252
2
cig-bcfc 9
jbj-bcfc 1
1253
2
beie-bcfd 9
idg-bcfd 1
1254
1
jh-bcfe 10
1255
4
ddd-bcff 5
iie-bcff 2
begg-bcff 2
hfh-bcff 1
1256
1
fjj-bcfg 10
1257
1
egd-bcfh 10
1258
1
ihe-bcfi 10
1259
2
bchb-bcfj 3
cig-bcfj 7
1260
1
ghc-bcga 10
1261
2
jae-bcgb 7
eai-bcgb 3
1262
2
bahc-bcgc 6
beih-bcgc 4
1264
2
baih-bcge 7
bgh-bcge 3
1265
1
bbga-bcgf 10
1266
1
bfhf-bcgg 10
1267
2
bdjg-bcgh 8
cbj-bcgh 2
1268
3
hce-bcgi 3
fca-bcgi 1
bge-bcgi 6
1269
3
bfci-bcgj 6
bdbg-bcgj 2
beae-bcgj 2
1270
1
deh-bcha 10
1271
2
bdfj-bchb 7
hhd-bchb 3
1272
2
bdb-bchc 6
cej-bchc 4
1273
2
jbd-bchd 7
bdaf-bchd 3
1274
2
gcd-bche 3
becg-bche 7
1275
2
hdj-bchf 2
bfag-bchf 8
1276
4
hhj-bchg 2
idc-bchg 3
hga-bchg 4
bebi-bchg 1
1277
5
cjb-bchh 1
bbij-bchh 1
hhi-bchh 3
bcjb-bchh 4
bcjj-bchh 1
1278
2
bcdj-bchi 6
ifh-bchi 4
1279
1
jcd-bchj 10
1280
4
ibc-bcia 1
hhg-bcia 7
bgec-bcia 1
hid-bcia 1
1281
3
dde-bcib 6
bje-bcib 3
bfgd-bcib 1
1284
3
bbgh-bcie 2
eic-bcie 3
bebd-bcie 5
1285
2
bdjb-bcif 3
jhh-bcif 7
1286
1
fae-bcig 10
1287
1
cae-bcih 10
1288
3
bafh-bcii 7
cga-bcii 1
jeh-bcii 2
1289
1
ebd-bcij 10
1290
3
bbfi-bcja 4
ica-bcja 2
hhd-bcja 4
1291
2
dba-bcjb 4
bcaa-bcjb 6
1292
2
bbaf-bcjc 6
bbdg-bcjc 4
1293
1
hdf-bcjd 10
1294
1
bbfh-bcje 10
1295
3
bdjc-bcjf 4
dde-bcjf 4
bedc-bcjf 2
1296
2
eii-bcjg 9
jce-bcjg 1
1297
1
dch-bcjh 10
1298
2
ida-bcji 1
dg-bcji 9
1299
2
bfgi-bcjj 4
fig-bcjj 6
1300
3
edh-bdaa 6
eba-bdaa 1
gcj-bdaa 3
1301
2
iji-bdab 6
bdib-bdab 4
1302
2
cgb-bdac 3
gba-bdac 7
1303
2
ch-bdad 4
dja-bdad 6
1304
2
bahi-bdae 9
bbif-bdae 1
1305
1
ga-bdaf 10
1307
2
ibd-bdah 8
beeg-bdah 2
1308
2
bajh-bdai 8
baij-bdai 2
1309
2
je-bdaj 8
hed-bdaj 2
1310
1
bbch-bdba 10
1312
1
bcgf-bdbc 10
1314
1
hh-bdbe 10
1315
1
hf-bdbf 10
1316
3
ddc-bdbg 6
hdj-bdbg 2
bfii-bdbg 2
1317
1
jhg-bdbh 10
1318
2
bfbc-bdbi 2
dbc-bdbi 8
1319
4
jfa-bdbj 5
gid-bdbj 2
dhe-bdbj 1
bbci-bdbj 2
1320
1
fej-bdca 10
1321
2
cii-bdcb 5
ibj-bdcb 5
1322
2
iig-bdcc 7
bdhf-bdcc 3
1323
2
bbcb-bdcd 7
bdgd-bdcd 3
1324
1
jfc-bdce 10
1325
1
faa-bdcf 10
1326
1
bce-bdcg 10
1327
2
hgc-bdch 7
cac-bdch 3
1328
2
ci-bdci 7
efh-bdci 3
1329
2
jjc-bdcj 5
feb-bdcj 5
1330
2
efh-bdda 7
bebj-bdda 3
1333
2
daa-bddd 2
bcbf-bddd 8
1334
2
bid-bdde 8
jif-bdde 2
1335
2
bbcc-bddf 6
bbbg-bddf 4
1336
1
badj-bddg 10
1337
1
bffa-bddh 10
1338
1
fjg-bddi 10
1339
3
bcaf-bddj 4
bj-bddj 5
bbbe-bddj 1
1340
1
dc-bdea 10
1341
2
bdif-bdeb 7
jaf-bdeb 3
1342
4
bfeg-bdec 2
bfaf-bdec 2
ida-bdec 1
cca-bdec 5
1343
2
befd-bded 5
bbbi-bded 5
1344
3
gii-bdee 6
bcie-bdee 1
cgc-bdee 3
1345
2
bbeg-bdef 6
hbe-bdef 4
1346
2
bgfb-bdeg 7
iai-bdeg 3
1347
2
ecj-bdeh 1
cfc-bdeh 9
1348
1
bccd-bdei 10
1349
2
bfaa-bdej 4
jag-bdej 6
1350
3
bje-bdfa 3
hdb-bdfa 4
jjf-bdfa 3
1351
2
ijg-bdfb 5
icf-bdfb 5
1352
1
hdc-bdfc 10
1353
2
bec-bdfd 3
efb-bdfd 7
1354
2
bfeg-bdfe 3
gdf-bdfe 7
1355
1
jga-bdff 10
1356
2
bib-bdfg 6
bdic-bdfg 4
1357
2
bacc-bdfh 7
bege-bdfh 3
1358
2
becc-bdfi 9
jcf-bdfi 1
1359
3
hae-bdfj 5
bbjf-bdfj 2
cdf-bdfj 3
1360
4
ehh-bdga 2
ihf-bdga 1
bafa-bdga 2
begc-bdga 5
1361
2
bead-bdgb 2
hig-bdgb 8
1362
2
eba-bdgc 4
bcbd-bdgc 6
1363
1
gbc-bdgd 10
1364
1
baej-bdge 10
1365
3
gdb-bdgf 7
bfbe-bdgf 1
fcc-bdgf 2
1366
1
fbh-bdgg 10
1367
2
ghj-bdgh 8
eea-bdgh 2
1368
2
bdj-bdgi 1
bdjb-bdgi 9
1369
1
bgdi-bdgj 10
1370
3
daj-bdha 5
gfj-bdha 3
behi-bdha 2
1371
2
haf-bdhb 9
hbh-bdhb 1
1372
2
jei-bdhc 2
bahg-bdhc 8
1373
2
bcbg-bdhd 6
bae-bdhd 4
1374
4
jjj-bdhe 7
bagb-bdhe 1
ecc-bdhe 1
baia-bdhe 1
1375
2
bcdh-bdhf 8
bfae-bdhf 2
1376
1
efd-bdhg 10
1377
1
bdfd-bdhh 10
1378
3
ccf-bdhi 6
hb-bdhi 2
ihe-bdhi 2
1379
1
iah-bdhj 10
1380
2
bgff-bdia 8
jgg-bdia 2
1381
1
bcfi-bdib 10
1382
1
hhg-bdic 10
1383
1
beh-bdid 10
1384
1
igc-bdie 10
1385
2
f-bdif 9
fgc-bdif 1
1386
2
bajc-bdig 9
bdge-bdig 1
1387
1
ijf-bdih 10
1388
2
fbg-bdii 9
cch-bdii 1
1389
1
fbg-bdij 10
1390
2
bdeb-bdja 8
bbhb-bdja 2
1391
1
bchd-bdjb 10
1392
2
ifh-bdjc 8
bfbb-bdjc 2
1393
1
eca-bdjd 10
1394
3
cge-bdje 5
bbjb-bdje 3
bacj-bdje 2
1395
1
jig-bdjf 10
1396
1
bdef-bdjg 10
1397
1
bfdf-bdjh 10
1398
2
bej-bdji 8
egb-bdji 2
1399
1
bccf-bdjj 10
1400
2
eeb-beaa 8
bcfj-beaa 2
1401
2
bdde-beab 8
baai-beab 2
1403
2
bib-bead 3
bafg-bead 7
1404
1
bdch-beae 10
1405
1
geb-beaf 10
1406
1
cci-beag 10
1407
2
bgfc-beah 7
bche-beah 3
1408
1
ida-beai 10
1409
1
dea-beaj 10
1410
3
bfg-beba 5
bbf-beba 1
bbcb-beba 4
1411
1
bgf-bebb 10
1412
1
bbah-bebc 10
1413
2
bejj-bebd 2
babc-bebd 8
1414
1
bccd-bebe 10
1415
2
ghb-bebf 4
bbfj-bebf 6
1416
1
idj-bebg 10
1417
1
bbgc-bebh 10
1418
1
fad-bebi 10
1419
1
bbec-bebj 10
1420
2
ddg-beca 6
jjf-beca 4
1421
2
bfbj-becb 7
bcg-becb 3
1422
2
bcc-becc 9
haf-becc 1
1423
2
fba-becd 8
bbii-becd 2
1424
1
fii-bece 10
1425
2
fed-becf 5
hce-becf 5
1426
1
bagi-becg 10
1427
1
dfj-bech 10
1428
1
bbgj-beci 10
1429
2
bdbi-becj 8
hec-becj 2
1430
3
bfhh-beda 2
cbd-beda 3
bc-beda 5
1431
1
bebd-bedb 10
1432
2
bfaj-bedc 5
baic-bedc 5
1433
1
ceg-bedd 10
1434
2
bbda-bede 7
hf-bede 3
1435
2
ebh-bedf 6
djf-bedf 4
1436
1
jbg-bedg 10
1437
2
baha-bedh 5
bgai-bedh 5
1438
2
bfba-bedi 6
iib-bedi 4
1439
1
igd-bedj 10
1441
2
bbee-beeb 8
hcf-beeb 2
1442
1
jba-beec 10
1443
3
dgj-beed 2
bfih-beed 5
becd-beed 3
1444
2
eff-beee 8
hhc-beee 2
1445
2
icf-beef 8
hhf-beef 2
1446
2
bdeb-beeg 9
he-beeg 1
1447
1
bdgc-beeh 10
1448
1
bdcg-beei 10
1450
2
cbc-befa 8
ebe-befa 2
1451
1
babd-befb 10
1452
1
bchf-befc 10
1453
3
dci-befd 6
iia-befd 3
chj-befd 1
1454
1
fif-befe 10
1455
2
fid-beff 1
hc-beff 9
1456
1
bah-befg 10
1458
1
bahf-befi 10
1459
1
bdgc-befj 10
1460
1
gca-bega 10
1461
1
iie-begb 10
1462
2
bgad-begc 1
ghf-begc 9
1463
1
bdgi-begd 10
1464
2
babb-bege 2
bdci-bege 8
1466
2
bfai-begg 9
ifb-begg 1
1467
1
eac-begh 10
1468
1
cff-begi 10
1469
2
bbfb-begj 9
eef-begj 1
1470
3
cji-beha 4
hcj-beha 1
bebd-beha 5
1471
1
bfdh-behb 10
1472
1
ifa-behc 10
1473
1
eda-behd 10
1474
3
bgaa-behe 2
baja-behe 6
ihd-behe 2
1475
1
hdf-behf 10
1476
1
iei-behg 10
1477
1
bcgg-behh 10
1478
2
bjh-behi 6
bgde-behi 4
1479
2
dcd-behj 5
ihb-behj 5
1480
1
ffd-beia 10
1481
1
bdaj-beib 10
1482
3
ec-beic 3
bbb-beic 6
dg-beic 1
1483
2
bdje-beid 8
iai-beid 2
1484
1
cgc-beie 10
1485
3
hfb-beif 8
gab-beif 1
cii-beif 1
1486
2
bedd-beig 5
baf-beig 5
1487
2
ijd-beih 6
dcc-beih 4
1488
1
cbe-beii 10
1489
1
bah-beij 10
1490
1
cid-beja 10
1491
1
bace-bejb 10
1493
1
badc-bejd 10
1494
1
baag-beje 10
1495
1
jhi-bejf 10
1496
2
bcag-bejg 7
cha-bejg 3
1497
1
bdaa-bejh 10
1498
2
ifa-beji 8
dcf-beji 2
1499
1
cdg-bejj 10
1500
2
ccd-bfaa 6
bhf-bfaa 4
1501
1
fbi-bfab 10
1503
1
jhc-bfad 10
1504
3
bfah-bfae 5
ecc-bfae 3
bai-bfae 2
1505
2
hbb-bfaf 6
bedh-bfaf 4
1506
2
jai-bfag 2
bdad-bfag 8
1507
1
jbf-bfah 10
1508
1
bcaj-bfai 10
1509
1
bcjd-bfaj 10
1510
1
bdgg-bfba 10
1511
1
hda-bfbb 10
1512
1
ijd-bfbc 10
1513
3
dcg-bfbd 1
bbjd-bfbd 8
fia-bfbd 1
1514
1
behh-bfbe 10
1515
2
bdga-bfbf 7
efe-bfbf 3
1516
1
hih-bfbg 10
1518
1
jjc-bfbi 10
1519
1
beif-bfbj 10
1520
1
ghc-bfca 10
1521
3
gaj-bfcb 5
gfa-bfcb 2
bbba-bfcb 3
1522
1
gga-bfcc 10
1523
3
ggc-bfcd 7
bdbj-bfcd 2
bcdc-bfcd 1
1524
1
jh-bfce 10
1525
1
bca-bfcf 10
1526
3
bfgg-bfcg 3
bgdj-bfcg 6
cjc-bfcg 1
1527
1
bafe-bfch 10
1528
1
fjb-bfci 10
1529
2
gh-bfcj 6
dif-bfcj 4
1530
1
baai-bfda 10
1531
1
iih-bfdb 10
1532
1
bfbc-bfdc 10
1533
1
bcgh-bfdd 10
1534
1
jgf-bfde 10
1535
1
ddf-bfdf 10
1536
1
bdfi-bfdg 10
1537
1
bdec-bfdh 10
1538
2
ihc-bfdi 4
fgc-bfdi 6
1539
2
dgg-bfdj 7
bddd-bfdj 3
1540
1
jdg-bfea 10
1541
1
ggf-bfeb 10
1542
2
edg-bfec 8
bdge-bfec 2
1543
2
iea-bfed 4
iia-bfed 6
1544
2
fhi-bfee 6
dae-bfee 4
1545
4
bgaf-bfef 6
ied-bfef 1
bgda-bfef 1
faa-bfef 2
1546
1
dfb-bfeg 10
1547
1
fdc-bfeh 10
1548
1
cbf-bfei 10
1549
1
bdia-bfej 10
1550
1
iab-bffa 10
1551
1
bda-bffb 10
1552
1
iai-bffc 10
1553
1
egi-bffd 10
1554
1
jai-bffe 10
1555
1
becg-bfff 10
1556
1
gci-bffg 10
1557
1
ghi-bffh 10
1558
1
ed-bffi 10
1559
1
eda-bffj 10
1560
2
dcg-bfga 9
bfj-bfga 1
1561
2
beif-bfgb 7
bcfj-bfgb 3
1562
1
bdac-bfgc 10
1563
1
ihj-bfgd 10
1564
1
chj-bfge 10
1565
2
bgga-bfgf 5
eig-bfgf 5
1566
1
ec-bfgg 10
1567
1
bbie-bfgh 10
1568
3
bgej-bfgi 3
bgee-bfgi 6
fea-bfgi 1
1570
1
cga-bfha 10
1571
1
bhg-bfhb 10
1572
1
dgd-bfhc 10
1573
1
bdgb-bfhd 10
1574
1
bfi-bfhe 10
1575
2
ded-bfhf 6
jjj-bfhf 4
1576
2
bfhi-bfhg 7
ibi-bfhg 3
1577
1
ibh-bfhh 10
1578
1
ice-bfhi 10
1579
2
bejj-bfhj 4
gih-bfhj 6
1580
1
df-bfia 10
1581
1
bdca-bfib 10
1582
2
bgfg-bfic 8
igc-bfic 2
1583
1
hfa-bfid 10
1584
1
ceh-bfie 10
1585
2
caa-bfif 9
dfi-bfif 1
1587
1
cif-bfih 10
1588
2
hjg-bfii 9
edc-bfii 1
1589
1
gih-bfij 10
1590
1
bie-bfja 10
1591
1
icj-bfjb 10
1592
1
bej-bfjc 10
1593
1
bajd-bfjd 10
1594
1
bfba-bfje 10
1595
1
cdg-bfjf 10
1596
1
bdej-bfjg 10
1597
1
bcga-bfjh 10
1598
1
bebd-bfji 10
1599
1
hhg-bfjj 10
1600
1
bcdd-bgaa 10
1601
1
fga-bgab 10
1602
1
babg-bgac 10
1603
1
bdba-bgad 10
1604
1
bajd-bgae 10
1605
1
beab-bgaf 10
1606
1
bed-bgag 10
1607
1
bdhi-bgah 10
1608
1
baji-bgai 10
1609
1
egb-bgaj 10
1610
1
ddd-bgba 10
1611
1
dib-bgbb 10
1612
1
bba-bgbc 10
1613
2
bfb-bgbd 9
bfje-bgbd 1
1614
1
bfhe-bgbe 10
1615
1
bbfa-bgbf 10
1616
1
dff-bgbg 10
1617
2
ece-bgbh 8
bgfh-bgbh 2
1618
1
bfjc-bgbi 10
1619
1
cbj-bgbj 10
1620
1
hjh-bgca 10
1621
1
icd-bgcb 10
1622
2
bdbe-bgcc 4
dga-bgcc 6
1625
1
cib-bgcf 10
1626
1
cba-bgcg 10
1627
1
cga-bgch 10
1628
2
hje-bgci 8
bda-bgci 2
1629
1
beeg-bgcj 10
1630
1
bcai-bgda 10
1631
1
jdd-bgdb 10
1632
1
gbb-bgdc 10
1633
2
bhf-bgdd 5
ede-bgdd 5
1634
1
beic-bgde 10
1635
1
bbia-bgdf 10
1636
1
baf-bgdg 10
1637
1
hhh-bgdh 10
1638
2
bach-bgdi 1
jdi-bgdi 9
1639
1
jdb-bgdj 10
1640
1
bcia-bgea 10
1641
1
ega-bgeb 10
1642
2
djd-bgec 6
bacg-bgec 4
1643
1
behi-bged 10
1644
1
hjf-bgee 10
1645
1
fed-bgef 10
1646
1
baca-bgeg 10
1647
1
bece-bgeh 10
1648
1
bgca-bgei 10
1649
1
jej-bgej 10
1650
1
bddj-bgfa 10
1651
1
bhh-bgfb 10
1652
1
bfjg-bgfc 10
1653
2
gif-bgfd 4
ddb-bgfd 6
1654
1
bfcf-bgfe 10
1655
1
bcgh-bgff 10
1656
1
bce-bgfg 10
1657
1
bgbi-bgfh 10
1658
1
bie-bgfi 10
1659
1
eef-bgfj 10
1660
1
bdhi-bgga 10
1661
1
bdhg-bggb 10
