1597
1
2
ehb-b 6
dab-b 4
2
6
bih-c 1
dgj-c 1
fcd-c 2
di-c 1
dgc-c 4
bi-c 1
3
2
ii-d 4
bcb-d 6
4
3
cba-e 4
hic-e 5
d-e 1
5
4
jbb-f 2
bda-f 2
e-f 3
bdjf-f 3
6
4
gic-g 3
iee-g 1
bfg-g 1
eie-g 5
7
1
bfa-h 10
8
2
gie-i 7
geg-i 3
9
3
fbj-j 4
bi-j 1
heg-j 5
10
1
bdi-ba 10
11
6
gc-bb 2
cd-bb 1
bcea-bb 1
bgf-bb 2
bee-bb 1
bcef-bb 3
12
2
dgf-bc 7
hbf-bc 3
13
3
bejh-bd 5
cch-bd 3
cjb-bd 2
14
4
babg-be 3
beai-be 4
bbbj-be 2
fec-be 1
15
2
dh-bf 8
hi-bf 2
16
3
baae-bg 4
bi-bg 2
bdii-bg 4
17
2
ihi-bh 8
bgeh-bh 2
18
3
babg-bi 2
feh-bi 4
fic-bi 4
19
3
bdbf-bj 1
hcj-bj 4
dhf-bj 5
20
2
dfg-ca 3
gjh-ca 7
21
1
edb-cb 10
22
2
jgi-cc 8
dgf-cc 2
23
5
bcaj-cd 3
ffb-cd 1
bhd-cd 1
gfa-cd 4
dbg-cd 1
24
3
bi-ce 3
jag-ce 2
jgf-ce 5
25
4
def-cf 5
eac-cf 1
fhg-cf 2
cc-cf 2
26
4
bd-cg 2
chb-cg 3
hhc-cg 1
eh-cg 4
28
3
hfh-ci 2
bffg-ci 1
hif-ci 7
29
2
bfgd-cj 5
fbi-cj 5
30
7
bcei-da 1
gda-da 4
bhd-da 1
eej-da 1
beib-da 1
bdf-da 1
fai-da 1
31
4
bbde-db 3
bgj-db 2
cbh-db 3
cd-db 2
32
5
iej-dc 5
ifh-dc 1
bbgj-dc 1
iag-dc 1
ecg-dc 2
33
3
dfg-dd 6
fc-dd 1
babg-dd 3
34
2
ghj-de 6
di-de 4
35
4
bfgb-df 3
iei-df 4
gc-df 2
igi-df 1
36
7
bgfe-dg 1
bcag-dg 3
hah-dg 1
bed-dg 1
bebe-dg 1
bdfc-dg 2
bcii-dg 1
37
4
gcd-dh 1
dc-dh 6
bagf-dh 1
hha-dh 2
38
1
haf-di 10
39
1
gdb-dj 10
40
5
eee-ea 1
jjh-ea 2
dbb-ea 1
fda-ea 5
jff-ea 1
41
3
bbfc-eb 3
cdi-eb 6
hac-eb 1
42
2
cdc-ec 4
fi-ec 6
43
5
eb-ed 2
edf-ed 1
ech-ed 2
bfdc-ed 4
bcia-ed 1
44
2
bacc-ee 5
cfb-ee 5
45
4
ige-ef 5
beeh-ef 2
cij-ef 2
cih-ef 1
46
3
ggg-eg 5
cbg-eg 3
bdj-eg 2
47
5
bbfg-eh 1
bbei-eh 4
fdd-eh 1
gdh-eh 1
bjb-eh 3
48
4
bb-ei 7
jfj-ei 1
bcjf-ei 1
dff-ei 1
49
2
baig-ej 9
cd-ej 1
50
5
dhe-fa 4
jji-fa 1
bcb-fa 3
bhg-fa 1
bc-fa 1
51
2
bdc-fb 9
dfa-fb 1
52
3
bfch-fc 1
fif-fc 7
eab-fc 2
53
3
je-fd 4
daf-fd 4
dhe-fd 2
54
1
jic-fe 10
55
3
gb-ff 6
bed-ff 1
cje-ff 3
56
1
bfaf-fg 10
57
1
bejb-fh 10
58
3
bfdg-fi 7
hee-fi 2
fg-fi 1
59
2
dbg-fj 7
ifd-fj 3
60
2
fga-ga 9
bi-ga 1
61
2
bbeb-gb 9
bbjc-gb 1
62
5
eie-gc 1
gge-gc 2
j-gc 1
bdfa-gc 2
e-gc 4
63
8
je-gd 1
bfgc-gd 1
dbf-gd 1
dai-gd 1
daj-gd 1
icd-gd 1
cfj-gd 3
gfb-gd 1
64
2
dfi-ge 7
g-ge 3
65
1
cgh-gf 10
66
4
jhg-gg 4
idf-gg 1
cdh-gg 1
bfjf-gg 4
67
3
jci-gh 5
bh-gh 1
bddh-gh 4
68
3
ch-gi 5
bcff-gi 1
cbe-gi 4
69
3
gjj-gj 1
edh-gj 6
baad-gj 3
70
3
ecc-ha 6
db-ha 1
bda-ha 3
71
2
efh-hb 7
iaa-hb 3
72
4
dbf-hc 2
gg-hc 1
ejc-hc 4
cif-hc 3
74
4
bebb-he 1
bcjc-he 3
bgi-he 5
hc-he 1
75
3
hie-hf 1
bdbc-hf 7
dah-hf 2
76
2
cgj-hg 2
bja-hg 8
77
4
bjb-hh 4
beic-hh 1
cae-hh 3
gcj-hh 2
78
5
ihf-hi 2
fa-hi 1
bac-hi 1
baec-hi 3
iba-hi 3
79
3
di-hj 3
gfg-hj 6
jfc-hj 1
80
4
di-ia 4
bfeh-ia 2
bdjd-ia 3
ccc-ia 1
81
1
ghd-ib 10
82
2
bedh-ic 2
cgi-ic 8
83
2
eab-id 4
gbg-id 6
84
4
eeh-ie 2
haj-ie 2
dej-ie 1
bjd-ie 5
85
3
bfce-if 5
di-if 1
bcge-if 4
86
1
egf-ig 10
87
2
cgh-ih 6
bcfj-ih 4
88
5
dgc-ii 2
eig-ii 1
bacj-ii 1
chf-ii 2
bgfi-ii 4
89
2
bcd-ij 6
ife-ij 4
90
1
hij-ja 10
91
3
ehi-jb 7
jc-jb 1
bhe-jb 2
92
6
hj-jc 5
bbjg-jc 1
gii-jc 1
gbe-jc 1
babi-jc 1
fci-jc 1
93
2
fhj-jd 5
cae-jd 5
94
6
fcf-je 1
bfgb-je 1
bfc-je 1
bbi-je 5
gdf-je 1
bi-je 1
95
1
iae-jf 10
96
3
beb-jg 4
ec-jg 5
daf-jg 1
97
4
hib-jh 1
bcbf-jh 4
dai-jh 3
bbfg-jh 2
98
4
bdjh-ji 1
bccj-ji 1
idd-ji 7
beaa-ji 1
99
3
dej-jj 6
fgf-jj 1
bcee-jj 3
100
5
bfg-baa 1
dig-baa 6
efg-baa 1
fhg-baa 1
dfi-baa 1
101
4
eic-bab 5
ede-bab 2
chf-bab 1
jhg-bab 2
102
4
hj-bac 7
bfe-bac 1
hfi-bac 1
gja-bac 1
103
2
bfi-bad 3
bha-bad 7
104
4
ceg-bae 2
dgj-bae 3
bdga-bae 1
cd-bae 4
105
3
bdbh-baf 1
bcb-baf 8
cj-baf 1
106
5
bfce-bag 2
dad-bag 1
bcc-bag 4
bbfi-bag 2
fic-bag 1
107
6
ifd-bah 1
bbcc-bah 1
hbf-bah 1
ddf-bah 5
deg-bah 1
gjh-bah 1
108
2
cfj-bai 9
bda-bai 1
110
3
gdc-bba 2
fbe-bba 1
hi-bba 7
111
3
d-bbb 2
fdh-bbb 1
edb-bbb 7
112
4
dgb-bbc 4
chf-bbc 1
dbb-bbc 2
jje-bbc 3
114
2
cb-bbe 6
cie-bbe 4
115
3
bei-bbf 1
dfc-bbf 5
bage-bbf 4
116
6
eg-bbg 1
gdc-bbg 1
cbd-bbg 3
iff-bbg 1
eba-bbg 3
bbbj-bbg 1
117
3
bacc-bbh 8
ehi-bbh 1
gjh-bbh 1
118
5
gfd-bbi 1
beeh-bbi 1
bech-bbi 2
cbb-bbi 1
bca-bbi 5
119
7
ige-bbj 1
bbag-bbj 1
gjh-bbj 1
bbf-bbj 1
baja-bbj 4
eh-bbj 1
fag-bbj 1
120
5
gaf-bca 1
eae-bca 1
gae-bca 1
cc-bca 6
cji-bca 1
121
3
bbdg-bcb 1
bbgc-bcb 8
fba-bcb 1
122
7
bbab-bcc 1
gfi-bcc 1
jg-bcc 1
hgb-bcc 4
bbff-bcc 1
bjd-bcc 1
bebg-bcc 1
123
4
gc-bcd 5
eed-bcd 1
jec-bcd 2
ddj-bcd 2
124
6
gef-bce 3
bi-bce 1
edi-bce 3
gc-bce 1
bb-bce 1
ccc-bce 1
125
1
ddj-bcf 10
126
4
g-bcg 3
bhj-bcg 3
di-bcg 3
dbg-bcg 1
127
4
fbh-bch 4
gad-bch 1
bgbf-bch 4
ecb-bch 1
128
6
bcbc-bci 1
fag-bci 4
bagb-bci 1
bbhe-bci 1
bbf-bci 2
bbc-bci 1
129
2
icj-bcj 3
iff-bcj 7
130
5
dfj-bda 3
ffa-bda 1
dhg-bda 3
eh-bda 2
ia-bda 1
131
5
deh-bdb 4
jbg-bdb 2
djh-bdb 1
bfc-bdb 2
efd-bdb 1
132
7
bbfe-bdc 2
fee-bdc 3
fdc-bdc 1
bbah-bdc 1
bbjh-bdc 1
jbg-bdc 1
bfea-bdc 1
133
3
bece-bdd 7
bcgc-bdd 1
bjf-bdd 2
134
3
bba-bde 8
iah-bde 1
gge-bde 1
135
4
gbf-bdf 2
gea-bdf 3
hcg-bdf 1
bbab-bdf 4
136
6
bbij-bdg 3
dhi-bdg 1
jdg-bdg 1
bcc-bdg 1
cha-bdg 3
bahh-bdg 1
137
3
feh-bdh 1
jjg-bdh 3
ce-bdh 6
138
3
iic-bdi 3
bffi-bdi 4
gci-bdi 3
139
6
hhc-bdj 1
igg-bdj 3
ffb-bdj 1
geh-bdj 2
jfe-bdj 1
bbbh-bdj 2
140
4
cdh-bea 2
dgb-bea 3
dgc-bea 4
fif-bea 1
141
6
cbe-beb 1
hia-beb 1
dci-beb 3
djg-beb 1
fe-beb 1
edh-beb 3
142
6
hea-bec 1
ica-bec 3
hj-bec 1
bdei-bec 3
ii-bec 1
eei-bec 1
143
5
feh-bed 6
ica-bed 1
cd-bed 1
begd-bed 1
bhc-bed 1
144
5
bgbe-bee 1
gjd-bee 1
cfa-bee 1
dfg-bee 6
bbej-bee 1
145
2
dai-bef 6
fgj-bef 4
146
4
bef-beg 2
bja-beg 1
fei-beg 1
ea-beg 6
147
7
gdd-beh 2
hi-beh 1
bab-beh 3
ccg-beh 1
cia-beh 1
ieh-beh 1
jbj-beh 1
148
5
jca-bei 1
jbi-bei 1
becg-bei 3
fge-bei 4
bcgi-bei 1
149
3
bdb-bej 7
fif-bej 1
bec-bej 2
150
2
cjd-bfa 8
egg-bfa 2
151
1
bdji-bfb 10
152
7
ifh-bfc 2
dcb-bfc 1
cei-bfc 3
cdb-bfc 1
bafi-bfc 1
fcb-bfc 1
gbi-bfc 1
153
4
bif-bfd 4
haa-bfd 1
jgi-bfd 2
cie-bfd 3
154
5
gbc-bfe 5
dch-bfe 2
cgh-bfe 1
baea-bfe 1
hff-bfe 1
155
2
eec-bff 6
gfe-bff 4
156
4
dae-bfg 7
bgac-bfg 1
hj-bfg 1
hhe-bfg 1
157
2
bae-bfh 5
eaa-bfh 5
158
5
ich-bfi 2
gaa-bfi 3
bgci-bfi 1
jhe-bfi 2
idg-bfi 2
159
4
bii-bfj 5
gif-bfj 1
jjj-bfj 1
ded-bfj 3
160
3
hbd-bga 3
dij-bga 1
efe-bga 6
161
3
cgc-bgb 2
hea-bgb 7
bedd-bgb 1
162
3
bdeh-bgc 5
cdb-bgc 4
cgd-bgc 1
163
3
bgdh-bgd 6
gd-bgd 3
edg-bgd 1
164
1
hci-bge 10
165
1
iaa-bgf 10
166
5
bcaa-bgg 1
babe-bgg 2
bdde-bgg 4
heh-bgg 2
ehg-bgg 1
167
4
bfgh-bgh 1
cej-bgh 2
be-bgh 3
dbg-bgh 4
168
6
cbi-bgi 1
baa-bgi 1
eij-bgi 3
daj-bgi 3
dda-bgi 1
bhh-bgi 1
169
3
bffe-bgj 1
djh-bgj 5
hch-bgj 4
170
3
fh-bha 2
ccd-bha 6
gi-bha 2
171
6
ih-bhb 1
bfbi-bhb 2
cda-bhb 4
jh-bhb 1
hhd-bhb 1
fcb-bhb 1
172
4
bagf-bhc 3
bbfd-bhc 1
edf-bhc 5
bfe-bhc 1
173
2
hj-bhd 2
eed-bhd 8
174
2
cfe-bhe 3
daa-bhe 7
175
6
bci-bhf 2
dgi-bhf 1
ca-bhf 1
ech-bhf 2
cgi-bhf 3
jga-bhf 1
176
6
bci-bhg 1
iga-bhg 1
baf-bhg 1
cbg-bhg 1
babb-bhg 2
cdi-bhg 4
177
4
bai-bhh 1
cbc-bhh 1
cch-bhh 1
efe-bhh 7
178
3
eaj-bhi 4
gbb-bhi 1
ibh-bhi 5
179
3
cb-bhj 1
ghd-bhj 4
bafb-bhj 5
180
2
hi-bia 2
cch-bia 8
181
2
fhc-bib 9
eae-bib 1
182
2
dc-bic 4
baa-bic 6
183
2
bajd-bid 8
beh-bid 2
184
7
bde-bie 1
bcc-bie 1
bbc-bie 4
bcai-bie 1
eig-bie 1
dbe-bie 1
hdd-bie 1
185
3
bgcg-bif 7
cji-bif 2
babf-bif 1
186
1
deg-big 10
187
3
hef-bih 4
bcff-bih 2
dcf-bih 4
188
4
ejd-bii 3
dfa-bii 3
bcej-bii 1
bga-bii 3
189
4
ba-bij 3
cha-bij 4
cia-bij 2
gfi-bij 1
190
2
ded-bja 6
dca-bja 4
191
4
bcdb-bjb 6
db-bjb 1
bbee-bjb 2
fed-bjb 1
192
3
baad-bjc 4
ibe-bjc 3
ggh-bjc 3
193
4
ghb-bjd 4
hdg-bjd 2
gd-bjd 1
di-bjd 3
194
2
ecd-bje 6
cga-bje 4
195
5
bccc-bjf 3
baff-bjf 1
hic-bjf 2
ecg-bjf 1
hii-bjf 3
197
5
gfd-bjh 1
bcb-bjh 1
cd-bjh 1
jeb-bjh 6
eah-bjh 1
198
4
cgh-bji 1
fdj-bji 1
dbg-bji 2
beeb-bji 6
199
3
baad-bjj 8
jhe-bjj 1
gci-bjj 1
200
4
djj-caa 1
dhc-caa 4
ecb-caa 2
bafd-caa 3
201
4
cjd-cab 5
bdg-cab 1
daf-cab 2
bef-cab 2
202
5
djc-cac 3
dbf-cac 1
bbdh-cac 1
fid-cac 3
cgd-cac 2
203
1
icg-cad 10
204
7
cci-cae 3
jcd-cae 1
bccg-cae 2
bcb-cae 1
bea-cae 1
chb-cae 1
hhb-cae 1
205
3
bafb-caf 7
ghc-caf 1
gag-caf 2
206
4
cie-cag 3
ebb-cag 2
fbi-cag 4
bbg-cag 1
207
3
fde-cah 6
bebe-cah 3
ih-cah 1
208
1
gdb-cai 10
209
2
eji-caj 7
jh-caj 3
210
4
bccb-cba 5
bbjf-cba 1
bgdd-cba 1
bfi-cba 3
211
2
ihc-cbb 6
be-cbb 4
212
2
efg-cbc 1
bcdg-cbc 9
213
7
eag-cbd 1
bcdc-cbd 1
ehe-cbd 1
bif-cbd 1
jej-cbd 1
jfc-cbd 4
cec-cbd 1
214
1
bbcc-cbe 10
215
1
ceb-cbf 10
216
4
bbfi-cbg 6
bdg-cbg 1
hjj-cbg 1
becj-cbg 2
217
1
bhi-cbh 10
218
2
ede-cbi 8
bdi-cbi 2
219
2
gjj-cbj 5
hi-cbj 5
220
6
eea-cca 1
ihg-cca 1
bbi-cca 2
cbe-cca 4
bbdb-cca 1
ehi-cca 1
221
4
ddd-ccb 4
bjj-ccb 2
ejj-ccb 1
jeh-ccb 3
222
3
bcda-ccc 5
jfh-ccc 1
eag-ccc 4
223
4
feh-ccd 3
cjf-ccd 1
bajb-ccd 2
eae-ccd 4
225
5
ga-ccf 1
dca-ccf 1
jeg-ccf 3
ihi-ccf 3
hcc-ccf 2
226
3
hjh-ccg 3
bih-ccg 2
ijd-ccg 5
227
4
baaf-cch 6
egd-cch 1
ice-cch 2
bhe-cch 1
228
4
bbfd-cci 3
haf-cci 4
bgbg-cci 1
ceb-cci 2
229
4
gdf-ccj 5
eeb-ccj 2
cch-ccj 2
hji-ccj 1
230
2
ejd-cda 5
dd-cda 5
231
4
ejg-cdb 4
jaa-cdb 4
bff-cdb 1
fcf-cdb 1
232
5
ccj-cdc 2
eb-cdc 3
fad-cdc 3
ddj-cdc 1
gac-cdc 1
233
2
db-cdd 3
bebi-cdd 7
234
4
bjb-cde 4
hhb-cde 2
bdia-cde 1
gge-cde 3
235
4
fjc-cdf 5
dfa-cdf 1
bhj-cdf 3
iee-cdf 1
236
4
bfjd-cdg 4
cid-cdg 2
dff-cdg 3
bdf-cdg 1
237
2
bbja-cdh 9
gfd-cdh 1
238
3
beha-cdi 7
jbc-cdi 2
j-cdi 1
239
2
ega-cdj 7
hgg-cdj 3
240
5
be-cea 2
jaj-cea 5
gbi-cea 1
che-cea 1
if-cea 1
241
4
bdea-ceb 1
bfj-ceb 1
cii-ceb 1
dhh-ceb 7
242
2
bajb-cec 9
bad-cec 1
243
3
bbgc-ced 1
efg-ced 6
cah-ced 3
244
3
jhc-cee 4
ic-cee 5
eej-cee 1
245
4
bfi-cef 7
bbec-cef 1
dab-cef 1
bha-cef 1
246
3
gdg-ceg 1
iag-ceg 5
cah-ceg 4
247
1
gdd-ceh 10
248
3
ddf-cei 4
dgf-cei 2
fhi-cei 4
249
5
ef-cej 1
bbee-cej 1
dif-cej 1
bbeg-cej 3
bh-cej 4
250
5
bdhb-cfa 6
ice-cfa 1
gei-cfa 1
hdi-cfa 1
eb-cfa 1
251
4
g-cfb 2
baga-cfb 1
fgg-cfb 6
fhe-cfb 1
252
2
eca-cfc 7
gef-cfc 3
253
2
geb-cfd 3
bchd-cfd 7
254
1
ijc-cfe 10
255
5
hjf-cff 2
ejg-cff 2
bafc-cff 1
hda-cff 3
egj-cff 2
256
4
bbdg-cfg 1
bfdb-cfg 6
gic-cfg 2
ej-cfg 1
257
4
fjh-cfh 6
bbee-cfh 1
cie-cfh 2
bee-cfh 1
258
3
dhi-cfi 8
bcfi-cfi 1
eec-cfi 1
259
2
cfi-cfj 4
beb-cfj 6
260
5
chf-cga 1
bcjf-cga 1
bhb-cga 1
chj-cga 6
dh-cga 1
261
4
da-cgb 1
gdf-cgb 2
dch-cgb 4
deb-cgb 3
262
5
hfc-cgc 2
ica-cgc 2
ee-cgc 1
cdb-cgc 3
hdb-cgc 2
263
3
bafi-cgd 1
dcf-cgd 2
bafd-cgd 7
264
3
bfc-cge 6
bba-cge 2
ea-cge 2
265
4
fcc-cgf 6
ibe-cgf 2
bgbh-cgf 1
dej-cgf 1
266
2
fhc-cgg 6
bii-cgg 4
267
5
bdhc-cgh 5
cag-cgh 1
babb-cgh 1
hc-cgh 1
hif-cgh 2
268
5
baaa-cgi 1
djh-cgi 1
daf-cgi 4
ia-cgi 1
fdh-cgi 3
269
2
eag-cgj 1
ifi-cgj 9
270
5
dcb-cha 2
ged-cha 2
gfh-cha 3
dhj-cha 1
egj-cha 2
271
3
eci-chb 4
fff-chb 4
bcbi-chb 2
272
4
fjc-chc 4
bbfj-chc 1
jhd-chc 3
hba-chc 2
273
1
bfbg-chd 10
274
3
dej-che 2
eah-che 7
befj-che 1
275
4
eca-chf 4
hfb-chf 1
did-chf 4
fch-chf 1
276
3
fc-chg 5
edh-chg 3
iab-chg 2
277
1
ddj-chh 10
278
5
bbc-chi 3
hga-chi 1
bbea-chi 3
jeh-chi 1
ibj-chi 2
279
4
hhi-chj 3
jg-chj 1
bgh-chj 1
fg-chj 5
280
2
jj-cia 7
jej-cia 3
281
5
bcce-cib 3
hh-cib 3
eha-cib 1
bdhh-cib 1
bdhb-cib 2
282
3
dhi-cic 2
jce-cic 3
ifd-cic 5
283
7
cab-cid 1
bdh-cid 1
fcf-cid 2
ehb-cid 2
cjb-cid 2
hgg-cid 1
dfd-cid 1
284
2
jfi-cie 6
gg-cie 4
285
6
idd-cif 1
dgb-cif 3
dae-cif 1
baed-cif 1
bcja-cif 3
gfe-cif 1
286
3
dge-cig 3
eef-cig 3
hbj-cig 4
287
1
icg-cih 10
288
4
gc-cii 7
gbi-cii 1
baha-cii 1
ggd-cii 1
289
3
bgi-cij 5
dgf-cij 4
cch-cij 1
290
4
bcaa-cja 7
hcj-cja 1
ehg-cja 1
ead-cja 1
291
4
beba-cjb 3
jbi-cjb 1
bagh-cjb 4
eei-cjb 2
292
3
bfgi-cjc 6
bcih-cjc 2
bada-cjc 2
293
1
bdaa-cjd 10
294
2
bbi-cje 9
cea-cje 1
295
3
egf-cjf 2
dba-cjf 2
cgb-cjf 6
298
1
bdce-cji 10
299
4
jah-cjj 5
bgh-cjj 2
bfeb-cjj 1
fci-cjj 2
300
4
jjb-daa 1
ih-daa 1
bbhc-daa 1
bfde-daa 7
301
2
bef-dab 9
hi-dab 1
302
3
iid-dac 5
dce-dac 2
bgi-dac 3
303
3
gfe-dad 7
gfd-dad 2
gcb-dad 1
304
3
fce-dae 6
baaa-dae 3
bcib-dae 1
305
5
fbb-daf 2
badi-daf 1
jae-daf 2
bdcb-daf 3
cha-daf 2
307
4
cgi-dah 7
ihj-dah 1
ehc-dah 1
ggg-dah 1
308
3
dhc-dai 7
bchi-dai 1
bafa-dai 2
309
6
fae-daj 2
fhj-daj 1
geh-daj 1
dce-daj 1
dhe-daj 3
ebb-daj 2
310
3
gdh-dba 2
hhj-dba 1
bff-dba 7
311
3
dfc-dbb 4
eaa-dbb 3
cjb-dbb 3
312
2
dah-dbc 8
hca-dbc 2
313
3
gcb-dbd 6
bfg-dbd 3
bdjf-dbd 1
314
2
bcaf-dbe 7
dac-dbe 3
315
4
baad-dbf 4
gdc-dbf 2
gib-dbf 2
eid-dbf 2
316
3
ffg-dbg 7
dab-dbg 2
iag-dbg 1
317
3
caa-dbh 5
cdb-dbh 2
fha-dbh 3
318
3
bcaa-dbi 6
fah-dbi 1
edd-dbi 3
319
3
gjf-dbj 5
dhd-dbj 4
bb-dbj 1
320
5
a-dca 1
bda-dca 1
jbi-dca 1
badg-dca 3
bdii-dca 4
321
5
gbj-dcb 1
eda-dcb 1
fi-dcb 2
efg-dcb 1
gad-dcb 5
322
7
fbb-dcc 2
gdi-dcc 1
heg-dcc 1
ddf-dcc 1
jah-dcc 2
di-dcc 1
chf-dcc 2
323
4
gda-dcd 1
cfg-dcd 6
gjc-dcd 1
cg-dcd 2
324
2
ebg-dce 3
jef-dce 7
325
4
bhe-dcf 2
cgb-dcf 1
bbja-dcf 4
fea-dcf 3
326
3
jjj-dcg 4
dca-dcg 3
cd-dcg 3
327
4
bdgc-dch 3
eca-dch 1
dh-dch 3
jai-dch 3
328
5
ehi-dci 1
cge-dci 1
ddg-dci 1
dae-dci 2
bcef-dci 5
329
2
jcg-dcj 4
begb-dcj 6
330
3
cea-dda 4
bjj-dda 5
dai-dda 1
331
3
bbdj-ddb 4
bdge-ddb 3
ddd-ddb 3
332
4
bfjb-ddc 3
bja-ddc 1
ia-ddc 4
dac-ddc 2
333
1
beef-ddd 10
334
8
fbe-dde 1
ifj-dde 1
d-dde 1
bbj-dde 1
ghh-dde 1
ehd-dde 3
dbe-dde 1
ejf-dde 1
335
7
fcf-ddf 1
bei-ddf 4
eij-ddf 1
id-ddf 1
jh-ddf 1
chf-ddf 1
eb-ddf 1
336
3
cdi-ddg 6
cgc-ddg 3
eid-ddg 1
337
3
baa-ddh 5
ef-ddh 4
ech-ddh 1
338
5
cfa-ddi 1
bjc-ddi 1
ehd-ddi 1
ef-ddi 3
fib-ddi 4
339
3
haa-ddj 5
ecg-ddj 3
ihj-ddj 2
340
6
ejd-dea 2
ebe-dea 1
dia-dea 2
bgi-dea 2
ief-dea 1
edh-dea 2
341
5
hgj-deb 4
cbi-deb 2
hjc-deb 1
hfg-deb 2
fei-deb 1
342
3
bcgh-dec 5
fdc-dec 4
bfg-dec 1
343
4
ddc-ded 3
ihf-ded 4
jab-ded 1
gij-ded 2
344
5
cia-dee 1
fhb-dee 1
dej-dee 2
dhc-dee 1
fji-dee 5
345
2
jfi-def 7
ceb-def 3
346
4
hia-deg 5
bceg-deg 3
fhd-deg 1
eec-deg 1
347
2
dj-deh 5
iji-deh 5
348
2
fif-dei 4
gjc-dei 6
349
4
fda-dej 1
bcah-dej 5
babg-dej 2
dif-dej 2
350
5
fie-dfa 2
bfb-dfa 3
ege-dfa 1
eai-dfa 1
hab-dfa 3
351
2
ehb-dfb 9
e-dfb 1
352
7
fgg-dfc 1
ddc-dfc 2
eb-dfc 2
cjc-dfc 1
ghb-dfc 1
ca-dfc 2
fgj-dfc 1
353
3
da-dfd 5
bfcc-dfd 1
idj-dfd 4
354
3
baac-dfe 6
ii-dfe 1
ejd-dfe 3
355
5
heg-dff 2
gie-dff 4
ife-dff 1
jha-dff 2
hii-dff 1
356
2
dhf-dfg 9
eib-dfg 1
357
4
fee-dfh 1
beci-dfh 1
bbcb-dfh 5
fhb-dfh 3
358
2
egd-dfi 9
hgh-dfi 1
359
3
bbah-dfj 5
ejd-dfj 1
eb-dfj 4
360
2
fff-dga 2
bcdg-dga 8
361
2
cad-dgb 9
bcae-dgb 1
362
5
bdbb-dgc 2
c-dgc 3
bc-dgc 2
jic-dgc 1
fib-dgc 2
363
7
ifg-dgd 4
cbc-dgd 1
badi-dgd 1
ifb-dgd 1
bajj-dgd 1
bbjf-dgd 1
ebc-dgd 1
364
5
beaa-dge 1
bccf-dge 1
dc-dge 3
hcj-dge 3
ef-dge 2
365
3
bffd-dgf 2
bbba-dgf 1
jfj-dgf 7
366
1
bced-dgg 10
367
2
idi-dgh 7
dff-dgh 3
368
3
deb-dgi 2
bbf-dgi 2
ibf-dgi 6
369
4
ghb-dgj 4
gg-dgj 1
bea-dgj 4
bcab-dgj 1
370
2
dij-dha 1
dji-dha 9
371
3
ebh-dhb 6
bajb-dhb 3
d-dhb 1
372
6
bbce-dhc 1
jii-dhc 1
bdab-dhc 1
dbg-dhc 1
dfg-dhc 1
bbed-dhc 5
373
5
baeg-dhd 1
dgh-dhd 1
cdi-dhd 4
ije-dhd 3
hfh-dhd 1
374
5
dca-dhe 6
bbii-dhe 1
bbhb-dhe 1
bbhi-dhe 1
ieg-dhe 1
375
3
baga-dhf 4
ebj-dhf 2
cjd-dhf 4
376
4
begf-dhg 1
bfe-dhg 6
beab-dhg 2
ida-dhg 1
377
4
bdac-dhh 1
bbb-dhh 6
bbh-dhh 1
dgf-dhh 2
378
4
ihg-dhi 2
fhf-dhi 6
fjf-dhi 1
ebh-dhi 1
379
5
icc-dhj 1
begh-dhj 2
fce-dhj 2
ddj-dhj 1
idf-dhj 4
380
1
ecg-dia 10
381
2
bgg-dib 8
dhj-dib 2
382
4
edj-dic 2
fh-dic 2
hhd-dic 4
jff-dic 2
383
4
dhg-did 3
hid-did 3
ccj-did 2
bab-did 2
384
5
fac-die 1
jeb-die 4
fea-die 1
baag-die 3
fig-die 1
385
1
bbdh-dif 10
386
3
fcd-dig 3
edj-dig 5
hih-dig 2
387
2
fdg-dih 2
bbjg-dih 8
388
2
bdeg-dii 3
bage-dii 7
389
5
ici-dij 1
bacf-dij 1
hhe-dij 1
cga-dij 6
eai-dij 1
390
1
bdhi-dja 10
391
2
eee-djb 9
jjj-djb 1
392
3
ddi-djc 7
jaj-djc 1
dba-djc 2
393
4
cie-djd 7
bejh-djd 1
ceb-djd 1
ifd-djd 1
394
3
hag-dje 6
beaj-dje 1
bbj-dje 3
395
2
di-djf 9
eha-djf 1
396
3
bceg-djg 1
efi-djg 1
hca-djg 8
397
7
ebi-djh 1
beca-djh 1
bdef-djh 1
gai-djh 2
gdg-djh 2
cjc-djh 1
bif-djh 2
398
2
hhj-dji 4
bahj-dji 6
399
3
bbc-djj 7
jib-djj 2
dec-djj 1
400
4
eji-eaa 3
bee-eaa 4
hjj-eaa 1
jbb-eaa 2
401
3
bbga-eab 2
bdha-eab 1
chi-eab 7
402
3
cej-eac 7
jhi-eac 1
bagg-eac 2
403
2
dce-ead 5
caf-ead 5
404
5
icb-eae 1
bic-eae 1
fhi-eae 2
fed-eae 4
gdc-eae 2
405
3
fde-eaf 3
fgj-eaf 4
jc-eaf 3
406
3
hgb-eag 3
gff-eag 2
ca-eag 5
407
4
bbcf-eah 3
eca-eah 3
bcaj-eah 2
gdj-eah 2
408
4
be-eai 3
bbec-eai 3
ffa-eai 1
efh-eai 3
409
2
eae-eaj 7
beec-eaj 3
410
5
bebc-eba 1
cee-eba 1
gih-eba 1
feb-eba 6
bif-eba 1
411
5
ffd-ebb 1
fff-ebb 4
fac-ebb 1
iij-ebb 3
beb-ebb 1
412
1
baej-ebc 10
413
7
had-ebd 2
cag-ebd 1
bcce-ebd 2
badb-ebd 1
bdae-ebd 1
ejb-ebd 2
dgi-ebd 1
414
4
ebb-ebe 1
bfhc-ebe 1
df-ebe 1
ceb-ebe 7
415
1
bfd-ebf 10
416
1
fga-ebg 10
417
4
icg-ebh 1
daf-ebh 2
bahf-ebh 2
hdg-ebh 5
418
1
hfe-ebi 10
419
4
jgc-ebj 1
ehi-ebj 1
ghd-ebj 7
djj-ebj 1
420
3
dbf-eca 7
jga-eca 1
eh-eca 2
421
2
bchc-ecb 6
daj-ecb 4
422
9
bdie-ecc 1
jc-ecc 1
bdch-ecc 1
ejd-ecc 1
babd-ecc 1
edi-ecc 1
fbe-ecc 1
cd-ecc 2
idf-ecc 1
423
3
jfj-ecd 8
dha-ecd 1
fba-ecd 1
424
3
ici-ece 7
eaa-ece 1
ecd-ece 2
425
5
dgb-ecf 3
beh-ecf 4
eed-ecf 1
cib-ecf 1
dc-ecf 1
426
3
dfa-ecg 2
fbc-ecg 1
bcca-ecg 7
427
3
hcd-ech 4
jjc-ech 1
dbh-ech 5
428
2
hcg-eci 3
jac-eci 7
429
1
ihi-ecj 10
430
5
igj-eda 2
bbdb-eda 2
bdcg-eda 1
hbd-eda 4
dhf-eda 1
431
4
gec-edb 5
iia-edb 3
gdd-edb 1
jj-edb 1
432
3
ihi-edc 3
ggi-edc 1
baa-edc 6
433
3
bdh-edd 7
cbe-edd 1
gag-edd 2
434
3
jh-ede 1
jbb-ede 8
ffi-ede 1
435
4
hba-edf 1
bdag-edf 1
fah-edf 4
bdfe-edf 4
436
5
ie-edg 3
ggd-edg 1
bgd-edg 2
jgh-edg 1
cde-edg 3
437
4
beb-edh 5
hcd-edh 1
bbgb-edh 3
dah-edh 1
438
5
eja-edi 2
egf-edi 1
bda-edi 2
gie-edi 1
ccg-edi 4
439
2
egj-edj 8
egf-edj 2
440
3
bgj-eea 3
djh-eea 6
gcc-eea 1
441
3
hgh-eeb 6
hei-eeb 1
dec-eeb 3
442
3
dge-eec 1
cbe-eec 8
hci-eec 1
443
4
iaa-eed 1
gcd-eed 4
fcg-eed 2
jhc-eed 3
444
2
idg-eee 2
chb-eee 8
445
4
dej-eef 2
bdcd-eef 3
bdg-eef 3
jad-eef 2
446
4
dji-eeg 3
bfc-eeg 1
cfe-eeg 1
badg-eeg 5
447
1
bcc-eeh 10
448
4
bih-eei 5
beed-eei 1
haj-eei 2
fii-eei 2
449
2
bcag-eej 6
bcih-eej 4
450
4
hch-efa 1
jia-efa 1
ii-efa 1
bccg-efa 7
451
1
ehc-efb 10
452
3
hd-efc 6
ehd-efc 3
bhh-efc 1
453
2
fei-efd 7
bbc-efd 3
454
2
ija-efe 8
bcdb-efe 2
455
5
bjf-eff 3
fff-eff 1
bbed-eff 1
jge-eff 3
hgf-eff 2
456
5
bbj-efg 1
daf-efg 1
iib-efg 1
fii-efg 1
bcad-efg 6
457
3
iic-efh 2
ded-efh 3
igc-efh 5
458
1
eec-efi 10
459
6
fje-efj 4
efe-efj 1
gde-efj 2
bbfa-efj 1
bbca-efj 1
fhc-efj 1
460
7
icf-ega 3
jca-ega 2
bja-ega 1
feh-ega 1
cbg-ega 1
bbac-ega 1
bac-ega 1
461
4
hic-egb 1
bcdf-egb 2
fdb-egb 5
jg-egb 2
463
3
cfa-egd 5
ebd-egd 2
bdhg-egd 3
464
3
ifi-ege 3
ecb-ege 1
dbb-ege 6
465
4
fge-egf 1
eae-egf 2
cha-egf 6
ifd-egf 1
466
5
idd-egg 2
eaj-egg 1
die-egg 1
jia-egg 3
ed-egg 3
467
1
iid-egh 10
468
1
hef-egi 10
469
4
ibi-egj 5
baih-egj 1
jj-egj 2
jdg-egj 2
470
4
bbi-eha 4
fgd-eha 1
bjj-eha 2
cgh-eha 3
471
2
bfc-ehb 9
hib-ehb 1
472
2
iad-ehc 1
cdh-ehc 9
473
3
hcb-ehd 4
bffb-ehd 4
hjj-ehd 2
474
4
bebj-ehe 2
di-ehe 2
ibh-ehe 1
hje-ehe 5
475
5
jgj-ehf 1
cac-ehf 1
fag-ehf 2
hgh-ehf 5
caa-ehf 1
476
3
edf-ehg 7
hda-ehg 2
bdgh-ehg 1
477
1
ecf-ehh 10
478
3
jfd-ehi 8
bbeg-ehi 1
fef-ehi 1
479
3
eci-ehj 8
bcgj-ehj 1
hbj-ehj 1
480
2
efc-eia 9
cjj-eia 1
481
3
dg-eib 5
iih-eib 4
bbbe-eib 1
482
4
bfef-eic 4
ebb-eic 2
bdfb-eic 3
fhi-eic 1
483
3
bfhj-eid 6
bdg-eid 1
hc-eid 3
484
2
ffj-eie 3
gbb-eie 7
485
1
fdf-eif 10
486
2
bfeh-eig 8
fdf-eig 2
487
4
ifi-eih 3
efh-eih 1
cag-eih 3
jc-eih 3
488
2
bfdi-eii 3
fij-eii 7
489
4
jae-eij 1
ief-eij 1
dfg-eij 7
dcc-eij 1
490
3
iaj-eja 4
hej-eja 5
babi-eja 1
491
2
ibd-ejb 5
bhc-ejb 5
492
6
gji-ejc 2
eia-ejc 1
daj-ejc 2
hgb-ejc 1
bcbe-ejc 1
ggd-ejc 3
493
2
ige-ejd 7
iic-ejd 3
494
5
bfj-eje 2
gic-eje 1
cif-eje 1
ebj-eje 1
iei-eje 5
495
1
bfja-ejf 10
496
4
ghb-ejg 5
chd-ejg 1
eb-ejg 2
feg-ejg 2
497
2
bbi-ejh 6
idi-ejh 4
498
4
d-eji 4
hfb-eji 3
cdd-eji 1
cgh-eji 2
499
2
hif-ejj 4
chf-ejj 6
500
4
dfb-faa 4
deg-faa 3
ice-faa 2
bbba-faa 1
502
4
hdh-fac 4
bbii-fac 1
cbi-fac 1
hbc-fac 4
503
5
bdjg-fad 6
fgd-fad 1
cfh-fad 1
baei-fad 1
iej-fad 1
504
2
baba-fae 6
bdia-fae 4
505
2
hid-faf 5
bcja-faf 5
506
3
bahb-fag 1
dbf-fag 3
hcd-fag 6
507
2
bjf-fah 7
jbj-fah 3
508
3
badj-fai 4
fdh-fai 1
eff-fai 5
509
6
ga-faj 1
iii-faj 1
ghi-faj 5
fgi-faj 1
ggb-faj 1
bhe-faj 1
510
3
bbdb-fba 1
cdi-fba 6
dii-fba 3
511
1
jgi-fbb 10
512
1
baag-fbc 10
513
3
ejj-fbd 2
jhc-fbd 2
bih-fbd 6
514
2
bceh-fbe 3
fgi-fbe 7
515
1
jbh-fbf 10
516
1
dff-fbg 10
517
4
bc-fbh 3
bcjg-fbh 4
fgb-fbh 1
fdh-fbh 2
518
5
ebf-fbi 1
bjb-fbi 1
dcc-fbi 2
cfg-fbi 2
eah-fbi 4
519
4
fch-fbj 1
hb-fbj 7
beig-fbj 1
hdc-fbj 1
520
3
bccg-fca 8
jib-fca 1
gaj-fca 1
521
4
h-fcb 7
bcdf-fcb 1
hbb-fcb 1
bhb-fcb 1
522
4
fjh-fcc 1
gic-fcc 7
gbd-fcc 1
bfca-fcc 1
523
1
cba-fcd 10
524
2
baec-fce 7
gia-fce 3
525
4
baib-fcf 3
ehe-fcf 3
bff-fcf 2
ebi-fcf 2
526
3
gcc-fcg 4
bcah-fcg 1
bbe-fcg 5
527
7
bcee-fch 1
fcf-fch 4
hfc-fch 1
cjb-fch 1
beaj-fch 1
ecb-fch 1
eae-fch 1
528
8
dfh-fci 1
iei-fci 1
fhg-fci 1
bjf-fci 3
dfd-fci 1
dei-fci 1
iba-fci 1
bbea-fci 1
529
4
egd-fcj 3
fcg-fcj 3
ffb-fcj 2
ghc-fcj 2
530
5
cfd-fda 1
bhi-fda 1
edf-fda 4
bhj-fda 3
bbbd-fda 1
531
3
ccf-fdb 4
eha-fdb 5
def-fdb 1
532
4
bahi-fdc 4
bbjb-fdc 1
cif-fdc 1
eg-fdc 4
533
7
baei-fdd 1
eaf-fdd 1
bfha-fdd 1
bei-fdd 1
bfie-fdd 1
hid-fdd 1
edd-fdd 4
534
3
fih-fde 3
egb-fde 1
jj-fde 6
535
6
cgg-fdf 4
ibe-fdf 1
gdc-fdf 2
bade-fdf 1
fbj-fdf 1
fdg-fdf 1
536
3
bdhg-fdg 4
bach-fdg 1
gje-fdg 5
537
5
cdc-fdh 1
gf-fdh 1
bcjh-fdh 2
ffa-fdh 1
deb-fdh 5
538
1
jii-fdi 10
539
2
bdfh-fdj 2
hbh-fdj 8
540
4
ee-fea 2
bbia-fea 4
bceb-fea 3
bdcd-fea 1
541
5
ibd-feb 4
ieb-feb 1
dfh-feb 1
hgh-feb 1
ih-feb 3
542
3
ffe-fec 3
bfij-fec 1
bfcg-fec 6
543
4
hdi-fed 2
fdh-fed 1
fjd-fed 4
bbhb-fed 3
544
5
bbaa-fee 2
fff-fee 1
ihf-fee 2
ecb-fee 1
be-fee 4
545
4
bbfh-fef 2
dfe-fef 4
je-fef 2
bfdg-fef 2
546
6
ijc-feg 1
bd-feg 1
ihh-feg 1
hgh-feg 4
bcgj-feg 2
bi-feg 1
547
4
bbdc-feh 7
hei-feh 1
djg-feh 1
chc-feh 1
548
2
eeg-fei 9
begd-fei 1
549
1
dfe-fej 10
550
5
idb-ffa 1
gch-ffa 1
bfef-ffa 4
dce-ffa 3
df-ffa 1
551
5
ica-ffb 1
cfd-ffb 1
i-ffb 1
jfe-ffb 1
dab-ffb 6
552
2
bdj-ffc 8
hbb-ffc 2
553
1
dij-ffd 10
554
1
baba-ffe 10
555
6
fgj-fff 1
jbf-fff 1
edi-fff 3
baae-fff 3
hfd-fff 1
chc-fff 1
556
1
ffi-ffg 10
557
2
e-ffh 6
fja-ffh 4
558
3
cdj-ffi 5
bcdd-ffi 4
cif-ffi 1
559
4
gfi-ffj 3
dfd-ffj 5
baid-ffj 1
gih-ffj 1
560
5
igi-fga 5
eae-fga 1
bhe-fga 2
cie-fga 1
gei-fga 1
561
3
eei-fgb 3
gff-fgb 3
dba-fgb 4
562
2
bagf-fgc 9
dgd-fgc 1
563
5
ffa-fgd 1
fb-fgd 4
dij-fgd 3
bfff-fgd 1
bfic-fgd 1
564
2
ibf-fge 9
gjf-fge 1
565
2
ha-fgf 7
def-fgf 3
566
1
ice-fgg 10
567
3
jcf-fgh 3
dbh-fgh 5
jjf-fgh 2
568
1
dfg-fgi 10
569
2
ghj-fgj 4
bdc-fgj 6
570
2
bfig-fha 8
fhc-fha 2
571
5
beeb-fhb 1
bfcb-fhb 2
bajf-fhb 1
feb-fhb 5
beaa-fhb 1
572
5
bbi-fhc 3
bgea-fhc 1
bfed-fhc 1
hch-fhc 3
cba-fhc 2
573
4
dea-fhd 5
cih-fhd 1
hic-fhd 3
dgi-fhd 1
574
2
ebh-fhe 6
hci-fhe 4
575
1
gad-fhf 10
576
3
da-fhg 8
fjc-fhg 1
bbfh-fhg 1
577
1
cba-fhh 10
578
3
jcb-fhi 8
bja-fhi 1
bcgj-fhi 1
579
4
gaj-fhj 2
ii-fhj 3
bgde-fhj 2
fag-fhj 3
580
2
hga-fia 5
gcc-fia 5
581
2
gjb-fib 5
fgb-fib 5
582
3
bgaj-fic 2
cea-fic 5
ijd-fic 3
583
4
cih-fid 1
gif-fid 3
hh-fid 5
bbaa-fid 1
584
2
efe-fie 6
bccf-fie 4
585
4
bbc-fif 3
ibj-fif 1
bfcg-fif 2
gge-fif 4
586
4
eib-fig 1
ejg-fig 3
dec-fig 3
bfj-fig 3
587
2
id-fih 4
ed-fih 6
588
4
bcfh-fii 2
bagb-fii 1
gde-fii 5
haf-fii 2
589
1
ebj-fij 10
590
3
cih-fja 5
edj-fja 3
bhf-fja 2
591
8
hae-fjb 1
gcg-fjb 1
egg-fjb 2
bggb-fjb 2
caa-fjb 1
cij-fjb 1
hc-fjb 1
gef-fjb 1
592
5
hdf-fjc 3
dbg-fjc 2
cie-fjc 1
baee-fjc 1
bcff-fjc 3
593
2
ecc-fjd 3
cif-fjd 7
594
4
hci-fje 3
hdj-fje 5
fba-fje 1
bbac-fje 1
595
3
bahg-fjf 8
jhf-fjf 1
fhc-fjf 1
596
1
bcfe-fjg 10
597
3
g-fjh 4
babb-fjh 2
baij-fjh 4
598
8
bddi-fji 1
fij-fji 1
jbi-fji 1
ehf-fji 1
iga-fji 1
cdf-fji 1
bgb-fji 3
hh-fji 1
599
3
ddi-fjj 2
gj-fjj 6
bbg-fjj 2
600
3
bacj-gaa 2
gbb-gaa 6
gjf-gaa 2
601
1
gdh-gab 10
602
1
cca-gac 10
603
6
bf-gad 3
bjc-gad 1
cdf-gad 1
hij-gad 3
bdfe-gad 1
jjh-gad 1
604
7
ceb-gae 1
eig-gae 2
ghc-gae 3
jci-gae 1
hca-gae 1
bfi-gae 1
bd-gae 1
606
4
dgc-gag 6
jij-gag 1
bahg-gag 2
dff-gag 1
607
2
fac-gah 9
iaf-gah 1
608
1
daa-gai 10
609
3
di-gaj 2
bcde-gaj 6
iae-gaj 2
610
4
bbge-gba 1
bbib-gba 5
hgc-gba 2
fdi-gba 2
611
5
bfjj-gbb 1
becb-gbb 2
cgb-gbb 4
dhf-gbb 1
eja-gbb 2
612
3
bbh-gbc 4
baab-gbc 1
bbhc-gbc 5
613
3
fcb-gbd 4
bbcd-gbd 2
cg-gbd 4
614
1
bgfd-gbe 10
615
4
bdcf-gbf 5
fgd-gbf 2
bbeh-gbf 1
ccj-gbf 2
616
3
dhh-gbg 8
dga-gbg 1
bbcb-gbg 1
617
2
ff-gbh 7
ejj-gbh 3
618
5
bbeh-gbi 5
bacg-gbi 1
ifc-gbi 1
dbi-gbi 2
ej-gbi 1
619
3
jej-gbj 3
gch-gbj 1
bbfi-gbj 6
620
2
hbg-gca 6
haj-gca 4
621
3
bch-gcb 5
bfbd-gcb 1
cab-gcb 4
622
6
baee-gcc 1
cdh-gcc 1
baad-gcc 1
iie-gcc 3
bafc-gcc 2
bbii-gcc 2
623
1
egf-gcd 10
624
1
fai-gce 10
625
2
daf-gcf 9
cgj-gcf 1
626
3
chg-gcg 2
ijg-gcg 7
hgd-gcg 1
627
3
cih-gch 7
fjh-gch 1
bdc-gch 2
628
3
igb-gci 1
bga-gci 1
cea-gci 8
629
2
ebb-gcj 7
ged-gcj 3
630
2
bdcf-gda 8
ihh-gda 2
631
3
cb-gdb 5
eah-gdb 1
bbg-gdb 4
632
5
cah-gdc 2
babf-gdc 1
gbe-gdc 2
ifc-gdc 1
igj-gdc 4
633
3
hfi-gdd 1
dgb-gdd 5
bcag-gdd 4
634
3
baeb-gde 8
gba-gde 1
cdd-gde 1
635
4
bhc-gdf 2
hjh-gdf 4
bchf-gdf 1
gfe-gdf 3
636
4
bajh-gdg 1
bddj-gdg 3
hag-gdg 5
db-gdg 1
637
3
if-gdh 8
jci-gdh 1
bdfd-gdh 1
638
1
jcc-gdi 10
639
3
gjg-gdj 2
cei-gdj 3
dib-gdj 5
640
5
edi-gea 1
eaa-gea 3
jh-gea 2
cda-gea 3
dea-gea 1
641
4
begg-geb 4
eff-geb 2
hfa-geb 3
hhd-geb 1
642
1
ihd-gec 10
643
1
bdbj-ged 10
644
1
dda-gee 10
645
4
gfh-gef 7
dfi-gef 1
bdgj-gef 1
gij-gef 1
646
3
bfcj-geg 6
cie-geg 1
gaj-geg 3
647
2
jg-geh 9
bjh-geh 1
648
3
ffa-gei 6
daf-gei 3
iba-gei 1
649
2
hgi-gej 5
fec-gej 5
650
2
hbc-gfa 1
bgeg-gfa 9
651
4
jhj-gfb 5
bcbi-gfb 1
gfj-gfb 2
g-gfb 2
652
2
bcb-gfc 3
ccf-gfc 7
653
3
gch-gfd 5
hjb-gfd 4
bdbg-gfd 1
654
3
baci-gfe 1
bif-gfe 8
hfa-gfe 1
655
7
hh-gff 1
egf-gff 1
idi-gff 1
ehe-gff 1
jbi-gff 1
eci-gff 1
bga-gff 4
656
2
bahh-gfg 8
jaj-gfg 2
657
4
iga-gfh 1
ffb-gfh 4
jaj-gfh 4
bi-gfh 1
658
3
ech-gfi 7
becd-gfi 1
ghc-gfi 2
659
1
bdba-gfj 10
660
2
bhe-gga 9
hhe-gga 1
661
2
bee-ggb 8
eae-ggb 2
662
2
id-ggc 1
bgae-ggc 9
663
2
jhh-ggd 2
djj-ggd 8
664
7
beg-gge 1
efd-gge 2
ehc-gge 1
gaj-gge 2
bdc-gge 2
bfid-gge 1
ifg-gge 1
665
4
jfj-ggf 4
feh-ggf 3
bcdj-ggf 2
hab-ggf 1
666
3
die-ggg 3
dij-ggg 1
caf-ggg 6
667
1
cab-ggh 10
668
3
bfc-ggi 1
cgh-ggi 6
cbc-ggi 3
670
4
bfgj-gha 1
gii-gha 1
gdh-gha 3
ifc-gha 5
671
5
bgef-ghb 1
bbfg-ghb 2
idb-ghb 2
bgae-ghb 1
bbff-ghb 4
672
6
bch-ghc 2
cib-ghc 1
fhi-ghc 3
begg-ghc 2
beid-ghc 1
fea-ghc 1
673
3
egj-ghd 1
did-ghd 8
bae-ghd 1
674
3
ggg-ghe 1
ccb-ghe 5
cji-ghe 4
675
1
ggb-ghf 10
676
2
dhh-ghg 9
fhb-ghg 1
677
2
bacj-ghh 8
cbc-ghh 2
678
3
daf-ghi 6
cic-ghi 2
hai-ghi 2
679
4
fcd-ghj 4
bcbc-ghj 1
hec-ghj 3
fdb-ghj 2
680
3
egg-gia 8
ied-gia 1
hbf-gia 1
681
2
cic-gib 4
bbhf-gib 6
682
5
bbga-gic 1
dhi-gic 1
fed-gic 3
bjc-gic 3
gge-gic 2
683
1
cjj-gid 10
684
2
ici-gie 6
iih-gie 4
685
5
hge-gif 2
gdf-gif 1
jea-gif 1
bcig-gif 3
bcdi-gif 3
687
4
baai-gih 3
badc-gih 3
die-gih 3
bbfb-gih 1
688
2
ib-gii 9
baab-gii 1
689
5
ehf-gij 1
ibd-gij 1
ehh-gij 1
bei-gij 5
fgh-gij 2
690
1
ecd-gja 10
691
1
ebc-gjb 10
692
5
gbe-gjc 2
ca-gjc 4
behb-gjc 1
hji-gjc 1
hg-gjc 2
693
1
gad-gjd 10
694
3
bhc-gje 4
b-gje 4
bbdf-gje 2
695
3
ieg-gjf 2
hdh-gjf 2
dig-gjf 6
696
5
egg-gjg 1
behg-gjg 2
bfb-gjg 3
bbic-gjg 3
bdda-gjg 1
697
3
dfd-gjh 5
cbg-gjh 1
cje-gjh 4
699
3
iii-gjj 3
hhe-gjj 1
fbi-gjj 6
700
3
bcea-haa 3
dbe-haa 6
bjj-haa 1
701
3
bcfg-hab 1
fij-hab 8
gc-hab 1
702
2
bcbg-hac 4
gdb-hac 6
703
1
iec-had 10
704
6
bbic-hae 1
ije-hae 2
hea-hae 1
fac-hae 1
idb-hae 1
chi-hae 4
705
2
jji-haf 2
jda-haf 8
706
6
ecj-hag 1
beje-hag 1
dic-hag 3
dfg-hag 1
bcgb-hag 3
hje-hag 1
707
2
efj-hah 5
fda-hah 5
708
1
hfh-hai 10
709
1
bdjj-haj 10
710
2
bdbi-hba 3
bega-hba 7
711
4
eee-hbb 3
fac-hbb 3
cfb-hbb 3
cgj-hbb 1
712
2
ffc-hbc 6
jdg-hbc 4
713
3
bei-hbd 7
bdff-hbd 1
eij-hbd 2
714
2
fji-hbe 8
fc-hbe 2
715
2
jf-hbf 6
fcf-hbf 4
716
5
jh-hbg 1
egh-hbg 5
ife-hbg 2
bdjf-hbg 1
gde-hbg 1
717
4
dbj-hbh 3
ifg-hbh 4
babe-hbh 1
ci-hbh 2
718
2
egd-hbi 6
jfh-hbi 4
719
2
bedf-hbj 4
jge-hbj 6
720
5
ibe-hca 1
jid-hca 6
ead-hca 1
cib-hca 1
hcf-hca 1
721
3
bahd-hcb 5
bdfa-hcb 1
jba-hcb 4
722
2
iee-hcc 1
cie-hcc 9
723
3
jee-hcd 2
bgi-hcd 7
bdhb-hcd 1
724
4
beaf-hce 1
ejf-hce 3
eab-hce 5
bchf-hce 1
725
5
gad-hcf 4
hhc-hcf 2
cih-hcf 2
b-hcf 1
bbae-hcf 1
726
4
ibf-hcg 1
ja-hcg 1
baed-hcg 7
jjg-hcg 1
727
4
ghe-hch 4
jcb-hch 2
fci-hch 3
gdg-hch 1
728
5
ggi-hci 3
baef-hci 1
fbf-hci 2
geh-hci 2
bdff-hci 2
729
3
eec-hcj 1
jd-hcj 8
bbgd-hcj 1
730
3
dec-hda 4
ffb-hda 1
idc-hda 5
731
4
bfhg-hdb 1
jh-hdb 7
fei-hdb 1
bejg-hdb 1
732
5
befb-hdc 4
jbf-hdc 1
cej-hdc 1
bdac-hdc 1
cbi-hdc 3
733
1
bdg-hdd 10
734
2
jfh-hde 7
bbjf-hde 3
735
5
bcfg-hdf 2
gbh-hdf 1
dci-hdf 2
fad-hdf 1
bbha-hdf 4
736
2
fjc-hdg 9
dac-hdg 1
737
2
ihb-hdh 8
fec-hdh 2
738
2
iae-hdi 5
beah-hdi 5
739
3
haa-hdj 6
eci-hdj 1
jbj-hdj 3
740
7
fdf-hea 1
jb-hea 1
bdfd-hea 3
jjg-hea 2
bcji-hea 1
djb-hea 1
befg-hea 1
741
1
icg-heb 10
742
4
bdda-hec 1
fai-hec 3
bfjg-hec 3
bdhc-hec 3
743
1
bcbg-hed 10
744
2
bfhd-hee 8
gbf-hee 2
745
4
bjd-hef 6
gha-hef 2
bfch-hef 1
beg-hef 1
746
3
ceb-heg 5
fid-heg 4
bcdd-heg 1
747
3
dcb-heh 4
hii-heh 1
ed-heh 5
748
3
ie-hei 4
fad-hei 5
if-hei 1
749
2
bgbd-hej 3
cec-hej 7
750
4
jhg-hfa 5
jga-hfa 1
dgc-hfa 1
befe-hfa 3
751
3
bff-hfb 1
gc-hfb 2
icd-hfb 7
752
3
gab-hfc 5
bcdc-hfc 2
gjh-hfc 3
753
3
bcec-hfd 1
eih-hfd 1
ddc-hfd 8
754
3
gac-hfe 2
ejg-hfe 6
bahd-hfe 2
755
2
bacc-hff 8
bbci-hff 2
756
2
bbac-hfg 4
gfd-hfg 6
757
3
bbaj-hfh 1
ede-hfh 3
ihf-hfh 6
758
2
eci-hfi 3
beih-hfi 7
759
2
bfhi-hfj 8
gaa-hfj 2
760
2
bbg-hga 8
fdb-hga 2
761
4
hfc-hgb 4
dfj-hgb 1
bdf-hgb 3
bccd-hgb 2
762
4
dej-hgc 3
hje-hgc 4
fea-hgc 2
fia-hgc 1
763
2
bedb-hgd 9
bbfa-hgd 1
764
2
efg-hge 9
beff-hge 1
765
4
icd-hgf 5
fea-hgf 2
bci-hgf 1
bafe-hgf 2
766
2
ehf-hgg 2
baib-hgg 8
767
2
dej-hgh 8
deg-hgh 2
768
3
cdb-hgi 4
baai-hgi 2
baja-hgi 4
770
5
ii-hha 4
ihj-hha 1
baad-hha 1
hdd-hha 1
bi-hha 3
771
3
dfa-hhb 8
gfa-hhb 1
bbaa-hhb 1
772
3
eia-hhc 6
beff-hhc 3
fhc-hhc 1
773
2
bdec-hhd 7
gaa-hhd 3
774
4
gja-hhe 4
bdfa-hhe 2
eff-hhe 3
dji-hhe 1
775
2
bcf-hhf 3
bafj-hhf 7
776
2
hbb-hhg 9
dgd-hhg 1
777
2
haa-hhh 9
ebd-hhh 1
778
1
bdci-hhi 10
779
5
chi-hhj 3
beb-hhj 1
hie-hhj 1
jec-hhj 1
bfag-hhj 4
780
2
bbie-hia 7
jdd-hia 3
781
1
bbi-hib 10
782
4
chh-hic 3
dhd-hic 4
bgcf-hic 2
dcc-hic 1
783
1
bgdg-hid 10
784
1
bgbb-hie 10
785
3
ggc-hif 2
fje-hif 6
cii-hif 2
786
3
che-hig 4
fig-hig 1
gb-hig 5
787
2
ddh-hih 7
iaf-hih 3
788
4
jaj-hii 5
cgi-hii 1
djb-hii 1
fej-hii 3
789
6
bji-hij 4
dif-hij 1
fj-hij 1
bbbd-hij 2
hag-hij 1
jff-hij 1
790
2
fae-hja 6
gbd-hja 4
791
2
bde-hjb 8
cfh-hjb 2
792
5
hcc-hjc 1
gaj-hjc 2
hbi-hjc 1
bfhe-hjc 1
bbfi-hjc 5
793
2
bbd-hjd 2
fef-hjd 8
794
2
fgj-hje 4
bdja-hje 6
795
3
beji-hjf 1
gid-hjf 4
edj-hjf 5
796
5
jdh-hjg 3
jgg-hjg 1
gdj-hjg 4
eda-hjg 1
cfa-hjg 1
797
2
bcg-hjh 3
caj-hjh 7
798
1
hfj-hji 10
799
7
beea-hjj 1
fgd-hjj 1
bace-hjj 2
gah-hjj 2
cjf-hjj 1
fe-hjj 1
bgc-hjj 2
800
6
eef-iaa 2
deb-iaa 1
dhc-iaa 1
ead-iaa 1
jcg-iaa 1
cij-iaa 4
801
3
bdbh-iab 7
ech-iab 2
cdh-iab 1
802
3
hbi-iac 2
hia-iac 1
eic-iac 7
803
3
cgd-iad 7
d-iad 1
cba-iad 2
804
5
cjg-iae 1
cdf-iae 1
fjd-iae 2
cib-iae 1
bcd-iae 5
805
3
jd-iaf 5
ejf-iaf 1
gjf-iaf 4
806
4
begg-iag 1
ejg-iag 7
bage-iag 1
ihd-iag 1
807
2
dad-iah 7
fei-iah 3
808
4
dje-iai 1
beja-iai 1
jh-iai 7
gf-iai 1
809
2
bddg-iaj 4
gbh-iaj 6
810
5
bbbj-iba 1
bcb-iba 1
ejb-iba 3
bafb-iba 3
bbba-iba 2
811
2
bead-ibb 7
iha-ibb 3
812
1
bbgf-ibc 10
813
2
bgcj-ibd 6
bdhd-ibd 4
814
2
bbcc-ibe 3
fba-ibe 7
815
3
bffh-ibf 1
dih-ibf 1
dje-ibf 8
816
4
bafg-ibg 2
efj-ibg 3
ceb-ibg 3
fhg-ibg 2
817
3
eja-ibh 1
babb-ibh 1
bahj-ibh 8
818
4
jib-ibi 5
fdi-ibi 2
fii-ibi 1
bjc-ibi 2
819
4
bbcd-ibj 3
bbdb-ibj 1
hae-ibj 3
dfd-ibj 3
820
3
dgi-ica 4
bcfh-ica 4
becf-ica 2
821
3
fib-icb 7
hfi-icb 2
fhj-icb 1
823
5
jaa-icd 4
hj-icd 1
jaj-icd 1
hcd-icd 1
eig-icd 3
824
3
ehd-ice 3
hgi-ice 3
jfh-ice 4
825
4
dbb-icf 2
fce-icf 4
cih-icf 2
bcha-icf 2
826
3
gcg-icg 1
bjj-icg 2
bcdi-icg 7
827
1
beei-ich 10
828
2
jc-ici 9
cj-ici 1
829
2
jie-icj 1
hbe-icj 9
830
3
bcfd-ida 8
hee-ida 1
bhf-ida 1
831
5
ghi-idb 1
bach-idb 3
bfjd-idb 1
cdh-idb 4
fce-idb 1
832
2
gjg-idc 7
iij-idc 3
833
4
fih-idd 4
fj-idd 2
bbah-idd 3
bfda-idd 1
835
4
dh-idf 4
efa-idf 1
bajg-idf 2
dii-idf 3
836
3
bagf-idg 8
bfi-idg 1
dhd-idg 1
838
4
bgfa-idi 1
ech-idi 2
hhc-idi 6
bbdd-idi 1
839
2
fdj-idj 9
bcc-idj 1
840
3
bij-iea 1
bebf-iea 1
chb-iea 8
841
3
fhb-ieb 4
bbie-ieb 1
bdaj-ieb 5
842
4
hfg-iec 2
bbca-iec 5
hfh-iec 1
iff-iec 2
843
4
bbid-ied 1
hhb-ied 5
jac-ied 3
bche-ied 1
844
3
efc-iee 8
baje-iee 1
bdcd-iee 1
845
4
bbah-ief 2
hag-ief 2
ea-ief 2
bfc-ief 4
846
4
ffh-ieg 1
hcd-ieg 5
fjj-ieg 1
idd-ieg 3
847
3
caj-ieh 1
bge-ieh 3
bchj-ieh 6
848
5
hgi-iei 3
behf-iei 3
bcgb-iei 1
efg-iei 1
dbf-iei 2
849
2
bbh-iej 8
bdi-iej 2
850
4
bbbi-ifa 5
hcf-ifa 1
ccc-ifa 1
bdbe-ifa 3
851
2
dfh-ifb 7
bagh-ifb 3
852
5
bchg-ifc 1
ejj-ifc 1
jid-ifc 1
cee-ifc 1
gfa-ifc 6
853
4
ijh-ifd 3
cf-ifd 3
bbhd-ifd 1
bah-ifd 3
854
3
hjf-ife 4
bbdj-ife 4
dad-ife 2
855
3
jgf-iff 8
efe-iff 1
cgi-iff 1
856
3
bgeb-ifg 4
be-ifg 1
jci-ifg 5
857
2
baga-ifh 6
cid-ifh 4
858
1
bcci-ifi 10
859
1
chb-ifj 10
860
1
ebb-iga 10
861
1
cif-igb 10
862
3
bcgi-igc 3
gh-igc 4
eaf-igc 3
863
2
ife-igd 9
ggg-igd 1
864
3
dbj-ige 2
hjc-ige 6
dbi-ige 2
866
1
babd-igg 10
867
1
hag-igh 10
868
2
bbg-igi 6
bcbj-igi 4
869
4
jba-igj 7
dde-igj 1
gih-igj 1
bdie-igj 1
870
4
hgf-iha 4
bcdj-iha 1
bbfe-iha 2
jfa-iha 3
871
1
bbcj-ihb 10
872
3
jfd-ihc 3
eba-ihc 2
ehj-ihc 5
873
3
behh-ihd 7
fj-ihd 1
bbdd-ihd 2
874
3
hdg-ihe 7
hdj-ihe 1
hdi-ihe 2
875
3
ijj-ihf 6
bbad-ihf 2
bfcc-ihf 2
876
3
bcj-ihg 4
cdj-ihg 4
gij-ihg 2
877
2
cib-ihh 6
gih-ihh 4
878
5
hdb-ihi 1
gjh-ihi 1
jg-ihi 3
bdgf-ihi 3
bebh-ihi 2
879
2
cef-ihj 5
caf-ihj 5
880
3
fid-iia 3
hfh-iia 6
fgb-iia 1
881
5
cfb-iib 5
baeb-iib 1
id-iib 1
chd-iib 1
bafa-iib 2
882
4
jje-iic 1
gfa-iic 1
iie-iic 2
fag-iic 6
883
2
iae-iid 1
ffa-iid 9
884
5
bgc-iie 3
jee-iie 1
cbb-iie 1
bejf-iie 1
bec-iie 4
885
2
bbei-iif 1
hif-iif 9
886
2
hjb-iig 4
hcg-iig 6
887
1
hbj-iih 10
888
1
bbib-iii 10
889
1
baaa-iij 10
890
2
dbj-ija 3
iaa-ija 7
892
3
cgi-ijc 3
bbf-ijc 3
bcij-ijc 4
893
3
hfi-ijd 7
gdh-ijd 2
beda-ijd 1
894
4
beef-ije 1
bbbj-ije 4
bef-ije 1
gda-ije 4
895
1
hei-ijf 10
896
2
behi-ijg 1
ig-ijg 9
897
2
bii-ijh 9
hhg-ijh 1
898
1
gd-iji 10
899
2
cff-ijj 6
iaf-ijj 4
900
1
bbjh-jaa 10
901
2
gbe-jab 7
baej-jab 3
902
5
hca-jac 1
ghg-jac 6
ejj-jac 1
ibb-jac 1
bgg-jac 1
903
2
bcij-jad 3
djc-jad 7
904
2
cja-jae 9
bbih-jae 1
905
2
bdig-jaf 9
bgd-jaf 1
906
2
cg-jag 6
cbc-jag 4
907
4
bcif-jah 7
fie-jah 1
baia-jah 1
bchh-jah 1
908
5
gbj-jai 2
hah-jai 3
bbbg-jai 1
bffi-jai 1
efa-jai 3
909
2
ebd-jaj 2
iic-jaj 8
910
2
gej-jba 8
bdef-jba 2
911
2
gjc-jbb 3
dhg-jbb 7
912
2
jca-jbc 1
gbg-jbc 9
913
3
bfad-jbd 2
bgh-jbd 3
dij-jbd 5
915
3
gfg-jbf 4
bedi-jbf 3
cc-jbf 3
916
4
ehd-jbg 3
bjd-jbg 2
baie-jbg 1
bdid-jbg 4
917
3
dbd-jbh 6
babf-jbh 1
bji-jbh 3
918
1
bdcc-jbi 10
919
4
daa-jbj 3
jhb-jbj 1
ejd-jbj 4
hdc-jbj 2
920
4
fdh-jca 2
jfg-jca 6
idf-jca 1
jde-jca 1
921
2
faj-jcb 8
gae-jcb 2
922
2
fjg-jcc 2
gfb-jcc 8
923
4
ied-jcd 1
bagh-jcd 7
jcc-jcd 1
hgh-jcd 1
924
1
bafi-jce 10
925
3
djc-jcf 8
igj-jcf 1
ghe-jcf 1
926
3
cfj-jcg 8
ggg-jcg 1
babe-jcg 1
928
6
beia-jci 1
hhe-jci 4
fb-jci 1
bfbf-jci 1
fch-jci 2
gih-jci 1
930
3
bdig-jda 5
bgdf-jda 2
cjb-jda 3
931
5
cgf-jdb 3
jhc-jdb 4
jji-jdb 1
bbaj-jdb 1
hge-jdb 1
932
3
hbh-jdc 5
gdh-jdc 1
jc-jdc 4
933
3
dic-jdd 4
ffh-jdd 5
dhc-jdd 1
934
4
bie-jde 2
bcjb-jde 3
ha-jde 2
bi-jde 3
936
6
gea-jdg 5
dhj-jdg 1
bh-jdg 1
ibi-jdg 1
bhb-jdg 1
fbf-jdg 1
937
1
ea-jdh 10
939
3
jfj-jdj 3
ja-jdj 4
eic-jdj 3
940
1
ije-jea 10
941
1
jad-jeb 10
942
4
ehc-jec 2
bdfg-jec 1
badg-jec 4
dae-jec 3
943
1
djc-jed 10
944
4
hjb-jee 3
ceg-jee 5
ej-jee 1
cfg-jee 1
945
5
badj-jef 2
beh-jef 4
bbje-jef 1
fad-jef 2
bbfe-jef 1
946
2
bbj-jeg 1
baib-jeg 9
947
3
ddj-jeh 1
bgdb-jeh 4
bafe-jeh 5
948
1
eff-jei 10
949
2
ehb-jej 6
dch-jej 4
950
4
bhe-jfa 3
fdj-jfa 1
iec-jfa 4
chb-jfa 2
951
3
bbdb-jfb 4
ebb-jfb 4
cge-jfb 2
952
2
cgh-jfc 8
jgb-jfc 2
953
2
fbd-jfd 8
babc-jfd 2
954
4
c-jfe 1
bcif-jfe 2
egf-jfe 4
bfgb-jfe 3
955
2
egg-jff 9
bfeb-jff 1
956
3
ega-jfg 3
fic-jfg 1
bccb-jfg 6
957
4
bffj-jfh 6
eij-jfh 1
fdf-jfh 2
gfb-jfh 1
958
4
befa-jfi 1
dii-jfi 1
eib-jfi 5
bbj-jfi 3
959
5
jfa-jfj 2
bdhe-jfj 1
eac-jfj 2
bcc-jfj 2
bcaj-jfj 3
960
4
bfcd-jga 2
bfab-jga 4
bagg-jga 2
fdf-jga 2
961
1
ecd-jgb 10
962
5
babj-jgc 1
ied-jgc 1
ibd-jgc 4
cfa-jgc 3
bba-jgc 1
963
1
ghb-jgd 10
964
5
dda-jge 5
gbf-jge 2
bagf-jge 1
bedj-jge 1
bcgj-jge 1
965
4
bhg-jgf 2
hhj-jgf 4
i-jgf 1
fbf-jgf 3
966
3
heh-jgg 8
bajc-jgg 1
cfd-jgg 1
967
2
jcb-jgh 6
dfc-jgh 4
968
1
iae-jgi 10
970
3
bea-jha 1
ghd-jha 2
jia-jha 7
971
1
ejg-jhb 10
972
3
hei-jhc 3
eej-jhc 5
ced-jhc 2
973
2
gba-jhd 8
geb-jhd 2
974
3
bbai-jhe 4
jih-jhe 1
jae-jhe 5
975
3
fch-jhf 4
behe-jhf 4
bajj-jhf 2
976
2
hde-jhg 8
fbi-jhg 2
977
2
gab-jhh 2
bfia-jhh 8
978
2
bcj-jhi 7
bagi-jhi 3
979
1
eei-jhj 10
980
6
bje-jia 1
ecc-jia 1
baca-jia 1
baac-jia 5
ddg-jia 1
bded-jia 1
981
4
iac-jib 3
gda-jib 1
bab-jib 5
bjf-jib 1
982
2
hff-jic 7
igj-jic 3
983
4
cag-jid 3
bgfj-jid 1
jff-jid 1
bdgd-jid 5
984
3
cij-jie 6
hdb-jie 2
baih-jie 2
985
3
bb-jif 2
hah-jif 3
dge-jif 5
986
3
bbe-jig 5
gha-jig 1
bafi-jig 4
987
2
bfa-jih 6
gfi-jih 4
988
2
cei-jii 9
ddf-jii 1
989
2
ge-jij 5
bah-jij 5
991
5
bdi-jjb 3
ihg-jjb 1
hja-jjb 2
cjc-jjb 3
jif-jjb 1
992
3
jbg-jjc 3
bcgb-jjc 1
jhg-jjc 6
993
1
daj-jjd 10
994
4
badd-jje 6
bbcg-jje 1
baig-jje 1
ej-jje 2
995
2
ccf-jjf 7
hja-jjf 3
996
2
efa-jjg 6
gfc-jjg 4
997
1
geh-jjh 10
998
1
hef-jji 10
999
3
baea-jjj 4
bcci-jjj 1
edg-jjj 5
1000
1
fgi-baaa 10
1001
4
jeg-baab 1
efi-baab 2
bc-baab 1
ifd-baab 6
1002
2
hig-baac 8
jbh-baac 2
1003
4
bbbh-baad 1
ehj-baad 3
ceb-baad 4
jcd-baad 2
1004
2
eje-baae 6
dib-baae 4
1005
2
bdej-baaf 8
baae-baaf 2
1006
5
beja-baag 5
ffj-baag 1
cdc-baag 1
jci-baag 1
fc-baag 2
1007
1
baef-baah 10
1008
4
igj-baai 3
baha-baai 2
bacb-baai 4
dgd-baai 1
1009
1
ceb-baaj 10
1010
4
jdf-baba 2
bbfb-baba 3
ehi-baba 2
dfi-baba 3
1011
3
ggi-babb 7
edh-babb 2
djh-babb 1
1012
4
baif-babc 6
beag-babc 1
jga-babc 2
if-babc 1
1013
2
dfe-babd 9
gec-babd 1
1014
4
ebj-babe 1
ije-babe 2
cjc-babe 5
dbj-babe 2
1015
2
ceg-babf 2
begj-babf 8
1016
2
beba-babg 9
bdhd-babg 1
1017
2
baia-babh 9
cbg-babh 1
1018
3
baij-babi 5
cdb-babi 3
gd-babi 2
1019
3
bbcg-babj 4
fdc-babj 1
bfib-babj 5
1020
1
igh-baca 10
1021
6
jhb-bacb 1
jg-bacb 1
bgbj-bacb 1
bcje-bacb 2
jce-bacb 3
heb-bacb 2
1022
3
gdb-bacc 2
feg-bacc 3
hbc-bacc 5
1023
1
jgf-bacd 10
1024
2
dhb-bace 8
bbcd-bace 2
1026
2
bgdb-bacg 4
cja-bacg 6
1027
3
bih-bach 7
fdd-bach 1
baag-bach 2
1028
1
ejc-baci 10
1029
3
bada-bacj 4
iha-bacj 2
ibj-bacj 4
1030
4
gdb-bada 1
ecj-bada 3
hej-bada 3
bbcf-bada 3
1031
3
bddf-badb 4
bdf-badb 1
dcd-badb 5
1032
2
hfg-badc 6
ifg-badc 4
1033
3
bcac-badd 4
gh-badd 2
jc-badd 4
1034
1
ega-bade 10
1035
1
fgh-badf 10
1036
2
bbbf-badg 9
jhi-badg 1
1037
2
bbgj-badh 5
fhe-badh 5
1038
2
bbdi-badi 8
ghg-badi 2
1039
4
bbhf-badj 4
bjf-badj 3
ijj-badj 1
ff-badj 2
1040
2
hdd-baea 7
jgg-baea 3
1041
4
fd-baeb 3
bdcj-baeb 1
iag-baeb 1
bbaf-baeb 5
1042
4
jha-baec 3
jaa-baec 1
ccb-baec 4
hbg-baec 2
1043
1
djc-baed 10
1044
1
baeg-baee 10
1045
3
gj-baef 2
efd-baef 3
fi-baef 5
1046
4
bcef-baeg 6
hhd-baeg 2
baic-baeg 1
jdc-baeg 1
1047
1
ihg-baeh 10
1048
4
bagg-baei 1
bhc-baei 7
bcig-baei 1
chj-baei 1
1049
2
bbhh-baej 2
bdfj-baej 8
1050
4
jdj-bafa 1
cff-bafa 6
dgj-bafa 2
babe-bafa 1
1051
3
bbbd-bafb 3
gdg-bafb 3
baah-bafb 4
1052
4
bbef-bafc 6
jce-bafc 1
hii-bafc 1
gfg-bafc 2
1053
2
fei-bafd 1
cfa-bafd 9
1054
2
fdd-bafe 9
bgf-bafe 1
1055
2
hcj-baff 4
bfif-baff 6
1056
1
fdd-bafg 10
1057
1
jbd-bafh 10
1058
3
bag-bafi 5
chi-bafi 4
bhj-bafi 1
1059
2
hef-bafj 2
gfi-bafj 8
1060
2
ded-baga 5
bbag-baga 5
1061
1
fhb-bagb 10
1062
1
gie-bagc 10
1063
2
ibg-bagd 9
beg-bagd 1
1064
4
babh-bage 7
jfb-bage 1
bbcj-bage 1
jhf-bage 1
1065
2
bgd-bagf 9
bede-bagf 1
1066
3
hgb-bagg 5
fcb-bagg 3
baie-bagg 2
1067
5
cde-bagh 4
cgf-bagh 2
eab-bagh 1
ijg-bagh 1
gje-bagh 2
1068
2
ggh-bagi 9
bcac-bagi 1
1069
3
jhd-bagj 2
bad-bagj 5
bgj-bagj 3
1070
2
bcgf-baha 6
bgcc-baha 4
1071
1
bgah-bahb 10
1072
1
hbg-bahc 10
1073
5
behd-bahd 1
efa-bahd 3
dbb-bahd 1
dii-bahd 1
beij-bahd 4
1074
1
bcdi-bahe 10
1075
2
ffi-bahf 9
bagd-bahf 1
1076
2
gjc-bahg 1
bgc-bahg 9
1077
4
hea-bahh 2
bedg-bahh 4
jab-bahh 3
bahg-bahh 1
1078
4
hab-bahi 1
ceh-bahi 7
ghc-bahi 1
ia-bahi 1
1079
1
fbe-bahj 10
1080
1
bgg-baia 10
1081
2
iac-baib 1
hih-baib 9
1082
3
iaa-baic 5
bcgg-baic 4
babi-baic 1
1083
1
bejd-baid 10
1084
5
chg-baie 1
efc-baie 3
iaf-baie 1
bade-baie 2
bai-baie 3
1085
1
jcb-baif 10
1086
4
hif-baig 1
ihc-baig 1
edd-baig 1
jgh-baig 7
1087
5
gcf-baih 4
eea-baih 3
becj-baih 1
bbgd-baih 1
bcej-baih 1
1088
2
ffj-baii 5
bbab-baii 5
1089
3
bha-baij 5
ife-baij 1
bfh-baij 4
1090
4
cgg-baja 3
bcfj-baja 3
cdh-baja 1
bif-baja 3
1091
3
ji-bajb 5
bafj-bajb 4
bdfg-bajb 1
1092
2
dhb-bajc 9
bbae-bajc 1
1093
2
hha-bajd 9
bfjc-bajd 1
1094
4
iej-baje 2
hhe-baje 5
gfi-baje 1
bdab-baje 2
1095
4
jcd-bajf 4
bbgi-bajf 1
jeb-bajf 2
bcje-bajf 3
1096
2
cgf-bajg 9
fi-bajg 1
1097
2
bia-bajh 9
hba-bajh 1
1098
2
bhf-baji 9
baje-baji 1
1099
3
eci-bajj 5
ejh-bajj 2
bajf-bajj 3
1100
2
beeg-bbaa 8
bcfa-bbaa 2
1101
1
bbfc-bbab 10
1102
4
bejd-bbac 1
iif-bbac 3
dce-bbac 1
fed-bbac 5
1103
2
jbh-bbad 8
bbag-bbad 2
1104
6
gid-bbae 1
bcfc-bbae 1
hg-bbae 2
bgba-bbae 1
eah-bbae 2
gc-bbae 3
1105
1
eff-bbaf 10
1106
1
gff-bbag 10
1107
4
bfjh-bbah 1
cja-bbah 1
beci-bbah 3
fhe-bbah 5
1108
2
bhj-bbai 3
bafj-bbai 7
1109
1
ich-bbaj 10
1110
5
babb-bbba 1
hde-bbba 3
jid-bbba 2
hdb-bbba 3
cgd-bbba 1
1111
1
hed-bbbb 10
1113
4
bgab-bbbd 1
bbh-bbbd 2
baec-bbbd 6
icb-bbbd 1
1114
3
dhj-bbbe 6
bccj-bbbe 1
bcc-bbbe 3
1115
2
cef-bbbf 1
gej-bbbf 9
1116
2
icb-bbbg 3
ief-bbbg 7
1117
2
ehg-bbbh 7
bagc-bbbh 3
1118
1
bac-bbbi 10
1119
3
big-bbbj 8
bgdj-bbbj 1
bahe-bbbj 1
1120
2
bdd-bbca 9
jcc-bbca 1
1121
4
hih-bbcb 6
iee-bbcb 2
jfd-bbcb 1
djj-bbcb 1
1122
2
hbd-bbcc 5
bgf-bbcc 5
1123
3
jjd-bbcd 2
baii-bbcd 4
gje-bbcd 4
1124
2
gde-bbce 9
iff-bbce 1
1125
2
bbae-bbcf 5
fhc-bbcf 5
1126
3
fcg-bbcg 8
ccj-bbcg 1
bdid-bbcg 1
1127
1
icb-bbch 10
1128
2
babh-bbci 9
bie-bbci 1
1129
2
bbbb-bbcj 8
hee-bbcj 2
1130
2
ehh-bbda 9
jde-bbda 1
1131
4
hjj-bbdb 2
idc-bbdb 2
bfdj-bbdb 1
ifa-bbdb 5
1132
1
jh-bbdc 10
1133
5
eii-bbdd 1
fgh-bbdd 5
gid-bbdd 1
beb-bbdd 2
bci-bbdd 1
1134
1
jif-bbde 10
1135
2
baed-bbdf 9
gbi-bbdf 1
1136
3
bhc-bbdg 7
bgdc-bbdg 2
bid-bbdg 1
1137
3
eef-bbdh 5
bcjd-bbdh 1
ghb-bbdh 4
1138
3
bcba-bbdi 1
hbh-bbdi 1
baee-bbdi 8
1139
1
ghi-bbdj 10
1140
2
df-bbea 7
cga-bbea 3
1141
4
bbde-bbeb 6
ihd-bbeb 1
ji-bbeb 2
bbae-bbeb 1
1142
1
bcie-bbec 10
1143
1
jc-bbed 10
1144
1
bdee-bbee 10
1145
4
fjf-bbef 3
ce-bbef 5
badd-bbef 1
fjb-bbef 1
1146
3
bcjg-bbeg 6
eca-bbeg 3
bgbc-bbeg 1
1147
2
eg-bbeh 8
ghj-bbeh 2
1148
2
eif-bbei 5
gej-bbei 5
1149
3
fci-bbej 7
fja-bbej 1
bcbb-bbej 2
1150
1
bacc-bbfa 10
1151
4
bdah-bbfb 1
baji-bbfb 1
bbgg-bbfb 4
ghj-bbfb 4
1152
2
ibh-bbfc 1
bfej-bbfc 9
1153
4
ebc-bbfd 2
bdje-bbfd 2
eaa-bbfd 3
bdcj-bbfd 3
1154
2
chg-bbfe 5
bbgi-bbfe 5
1155
6
hg-bbff 1
bdjd-bbff 1
dbh-bbff 1
ihi-bbff 3
jig-bbff 3
fcc-bbff 1
1156
3
fea-bbfg 1
eee-bbfg 8
bfee-bbfg 1
1157
2
efd-bbfh 9
bbjg-bbfh 1
1158
3
bbej-bbfi 1
bfhb-bbfi 1
bace-bbfi 8
1159
4
cje-bbfj 3
ifc-bbfj 4
babh-bbfj 1
cbc-bbfj 2
1160
2
eji-bbga 8
jbc-bbga 2
1161
4
hgd-bbgb 3
jff-bbgb 5
hi-bbgb 1
iic-bbgb 1
1162
1
bafa-bbgc 10
1163
1
bgag-bbgd 10
1164
4
eb-bbge 5
ihg-bbge 1
bbff-bbge 1
ddd-bbge 3
1165
1
fcj-bbgf 10
1166
4
bdai-bbgg 3
bcde-bbgg 1
ca-bbgg 1
gfh-bbgg 5
1167
1
bbei-bbgh 10
1168
4
bfi-bbgi 4
bdgi-bbgi 2
jgi-bbgi 3
jab-bbgi 1
1169
3
bejh-bbgj 3
eah-bbgj 1
bbcj-bbgj 6
1170
2
begi-bbha 1
fbe-bbha 9
1171
2
djd-bbhb 7
iec-bbhb 3
1172
1
cbh-bbhc 10
1173
4
j-bbhd 5
bdb-bbhd 1
bced-bbhd 1
ece-bbhd 3
1174
4
fh-bbhe 1
gfe-bbhe 5
bbgb-bbhe 1
id-bbhe 3
1175
3
dia-bbhf 7
bfec-bbhf 1
baif-bbhf 2
1177
2
beee-bbhh 7
bcjf-bbhh 3
1178
2
hgi-bbhi 9
bfge-bbhi 1
1180
3
ei-bbia 2
edb-bbia 2
ij-bbia 6
1181
1
bdi-bbib 10
1182
2
befc-bbic 2
iab-bbic 8
1183
1
bbdd-bbid 10
1184
3
bbhj-bbie 3
dee-bbie 2
def-bbie 5
1185
2
dcj-bbif 6
bij-bbif 4
1187
2
bfd-bbih 4
gc-bbih 6
1188
2
jhc-bbii 8
bfgf-bbii 2
1189
2
bbdf-bbij 6
beci-bbij 4
1190
2
fec-bbja 4
bacb-bbja 6
1191
1
ffj-bbjb 10
1192
3
bhc-bbjc 6
ii-bbjc 1
bbha-bbjc 3
1193
1
jig-bbjd 10
1194
1
cbd-bbje 10
1195
4
fcj-bbjf 2
jbg-bbjf 2
haj-bbjf 1
dji-bbjf 5
1196
3
bbfe-bbjg 4
bagj-bbjg 2
hjb-bbjg 4
1197
2
bcjb-bbjh 6
jih-bbjh 4
1198
3
bch-bbji 4
hhi-bbji 2
ijh-bbji 4
1199
1
cig-bbjj 10
1200
2
bgb-bcaa 5
bbie-bcaa 5
1201
2
dfi-bcab 7
gce-bcab 3
1202
3
fa-bcac 1
had-bcac 2
hac-bcac 7
1203
2
bdf-bcad 9
bgcb-bcad 1
1204
2
ibg-bcae 5
bdaj-bcae 5
1205
2
bcda-bcaf 9
bbha-bcaf 1
1206
2
bgch-bcag 1
babb-bcag 9
1207
1
eed-bcah 10
1208
1
bbcj-bcai 10
1209
1
bbji-bcaj 10
1210
1
ejb-bcba 10
1211
3
bdbj-bcbb 4
hag-bcbb 2
die-bcbb 4
1212
5
ef-bcbc 1
dbe-bcbc 1
bcij-bcbc 1
bafj-bcbc 1
bbai-bcbc 6
1213
1
baca-bcbd 10
1214
2
bdd-bcbe 8
gda-bcbe 2
1215
2
igc-bcbf 7
bged-bcbf 3
1216
3
behc-bcbg 3
dbh-bcbg 5
iea-bcbg 2
1217
1
bhg-bcbh 10
1218
2
bfcf-bcbi 4
jdd-bcbi 6
1219
2
hgc-bcbj 7
hjj-bcbj 3
1220
4
behj-bcca 3
fb-bcca 2
jfe-bcca 1
bdhj-bcca 4
1221
2
egb-bccb 8
cid-bccb 2
1222
1
edj-bccc 10
1223
3
bfed-bccd 5
ced-bccd 2
behg-bccd 3
1224
2
eci-bcce 9
iib-bcce 1
1225
2
bfhd-bccf 5
bajb-bccf 5
1226
2
begg-bccg 7
badf-bccg 3
1228
2
hjd-bcci 3
bcae-bcci 7
1229
6
hci-bccj 1
gbe-bccj 1
bg-bccj 1
bdeb-bccj 1
dci-bccj 1
cfg-bccj 5
1230
3
beii-bcda 3
ijd-bcda 2
dh-bcda 5
1231
3
baci-bcdb 3
bddd-bcdb 6
bbeb-bcdb 1
1232
4
bccd-bcdc 1
bfga-bcdc 1
bcj-bcdc 1
ghb-bcdc 7
1233
3
bdid-bcdd 1
bbfh-bcdd 1
bagh-bcdd 8
1234
5
beje-bcde 1
bcha-bcde 1
cba-bcde 1
gic-bcde 5
baji-bcde 2
1235
1
bbef-bcdf 10
1236
3
chc-bcdg 3
jje-bcdg 5
hjc-bcdg 2
1237
1
faf-bcdh 10
1238
2
hee-bcdi 5
cfg-bcdi 5
1239
1
fdb-bcdj 10
1240
1
becb-bcea 10
1241
2
bfcf-bceb 7
idj-bceb 3
1242
1
dgj-bcec 10
1243
1
bcjd-bced 10
1244
4
ejh-bcee 1
ffd-bcee 6
iai-bcee 2
bdja-bcee 1
1245
1
fbj-bcef 10
1246
1
cca-bceg 10
1247
2
bbdf-bceh 9
bdae-bceh 1
1248
1
bci-bcei 10
1249
3
ef-bcej 7
jfh-bcej 1
gif-bcej 2
1250
2
djh-bcfa 4
jfh-bcfa 6
1252
1
cig-bcfc 10
1253
2
beie-bcfd 2
idg-bcfd 8
1255
4
hfh-bcff 5
iie-bcff 1
ddd-bcff 2
begg-bcff 2
1256
1
fjj-bcfg 10
1257
1
egd-bcfh 10
1258
1
ihe-bcfi 10
1259
2
bchb-bcfj 9
cig-bcfj 1
1260
1
ghc-bcga 10
1261
2
eai-bcgb 5
jae-bcgb 5
1262
2
bahc-bcgc 2
beih-bcgc 8
1264
2
baih-bcge 8
bgh-bcge 2
1265
1
bbga-bcgf 10
1266
1
bfhf-bcgg 10
1267
2
cbj-bcgh 7
bdjg-bcgh 3
1268
3
fca-bcgi 3
hce-bcgi 6
bge-bcgi 1
1269
3
beae-bcgj 6
bfci-bcgj 1
bdbg-bcgj 3
1270
1
deh-bcha 10
1271
2
hhd-bchb 6
bdfj-bchb 4
1272
2
cej-bchc 4
bdb-bchc 6
1273
2
jbd-bchd 6
bdaf-bchd 4
1274
1
becg-bche 10
1275
2
bfag-bchf 5
hdj-bchf 5
1276
4
bebi-bchg 1
hga-bchg 3
idc-bchg 3
hhj-bchg 3
1277
5
bcjb-bchh 3
bcjj-bchh 1
hhi-bchh 1
bbij-bchh 1
cjb-bchh 4
1278
2
bcdj-bchi 8
ifh-bchi 2
1279
1
jcd-bchj 10
1280
4
ibc-bcia 4
bgec-bcia 1
hhg-bcia 2
hid-bcia 3
1281
3
bfgd-bcib 4
dde-bcib 3
bje-bcib 3
1284
3
bebd-bcie 5
bbgh-bcie 4
eic-bcie 1
1285
2
jhh-bcif 6
bdjb-bcif 4
1286
1
fae-bcig 10
1287
1
cae-bcih 10
1288
3
jeh-bcii 1
bafh-bcii 3
cga-bcii 6
1289
1
ebd-bcij 10
1290
3
hhd-bcja 5
ica-bcja 3
bbfi-bcja 2
1291
2
dba-bcjb 6
bcaa-bcjb 4
1292
2
bbdg-bcjc 8
bbaf-bcjc 2
1293
1
hdf-bcjd 10
1294
1
bbfh-bcje 10
1295
3
dde-bcjf 4
bdjc-bcjf 5
bedc-bcjf 1
1296
2
jce-bcjg 7
eii-bcjg 3
1297
1
dch-bcjh 10
1298
1
ida-bcji 10
1299
2
fig-bcjj 8
bfgi-bcjj 2
1300
3
eba-bdaa 4
edh-bdaa 3
gcj-bdaa 3
1301
2
iji-bdab 3
bdib-bdab 7
1302
2
gba-bdac 9
cgb-bdac 1
1303
1
dja-bdad 10
1304
2
bahi-bdae 1
bbif-bdae 9
1305
1
ga-bdaf 10
1307
1
ibd-bdah 10
1308
2
bajh-bdai 6
baij-bdai 4
1309
2
hed-bdaj 1
je-bdaj 9
1310
1
bbch-bdba 10
1312
1
bcgf-bdbc 10
1314
1
hh-bdbe 10
1316
3
bfii-bdbg 6
hdj-bdbg 2
ddc-bdbg 2
1317
1
jhg-bdbh 10
1318
2
dbc-bdbi 5
bfbc-bdbi 5
1319
4
jfa-bdbj 1
dhe-bdbj 1
bbci-bdbj 2
gid-bdbj 6
1320
1
fej-bdca 10
1321
2
cii-bdcb 4
ibj-bdcb 6
1322
2
bdhf-bdcc 3
iig-bdcc 7
1323
2
bdgd-bdcd 7
bbcb-bdcd 3
1324
1
jfc-bdce 10
1325
1
faa-bdcf 10
1326
1
bce-bdcg 10
1327
2
cac-bdch 8
hgc-bdch 2
1328
2
efh-bdci 8
ci-bdci 2
1329
2
jjc-bdcj 8
feb-bdcj 2
1330
2
efh-bdda 4
bebj-bdda 6
1333
2
bcbf-bddd 1
daa-bddd 9
1334
2
jif-bdde 9
bid-bdde 1
1335
2
bbcc-bddf 8
bbbg-bddf 2
1336
1
badj-bddg 10
1337
1
bffa-bddh 10
1339
3
bj-bddj 4
bbbe-bddj 4
bcaf-bddj 2
1340
1
dc-bdea 10
1341
2
bdif-bdeb 8
jaf-bdeb 2
1342
4
cca-bdec 5
bfaf-bdec 2
ida-bdec 1
bfeg-bdec 2
1343
1
befd-bded 10
1344
3
gii-bdee 3
bcie-bdee 4
cgc-bdee 3
1345
2
hbe-bdef 6
bbeg-bdef 4
1346
2
bgfb-bdeg 7
iai-bdeg 3
1347
1
cfc-bdeh 10
1348
1
bccd-bdei 10
1349
2
jag-bdej 2
bfaa-bdej 8
1350
3
bje-bdfa 4
hdb-bdfa 5
jjf-bdfa 1
1351
1
ijg-bdfb 10
1352
1
hdc-bdfc 10
1353
2
bec-bdfd 4
efb-bdfd 6
1354
2
gdf-bdfe 9
bfeg-bdfe 1
1355
1
jga-bdff 10
1356
2
bdic-bdfg 7
bib-bdfg 3
1357
2
bege-bdfh 4
bacc-bdfh 6
1358
2
jcf-bdfi 2
becc-bdfi 8
1359
3
hae-bdfj 4
cdf-bdfj 3
bbjf-bdfj 3
1360
4
ihf-bdga 1
begc-bdga 1
bafa-bdga 1
ehh-bdga 7
1361
2
hig-bdgb 7
bead-bdgb 3
1362
2
bcbd-bdgc 3
eba-bdgc 7
1363
1
gbc-bdgd 10
1364
1
baej-bdge 10
1365
3
fcc-bdgf 2
bfbe-bdgf 3
gdb-bdgf 5
1366
1
fbh-bdgg 10
1367
2
eea-bdgh 6
ghj-bdgh 4
1368
2
bdj-bdgi 5
bdjb-bdgi 5
1369
1
bgdi-bdgj 10
1370
2
daj-bdha 9
behi-bdha 1
1371
2
hbh-bdhb 5
haf-bdhb 5
1372
2
jei-bdhc 2
bahg-bdhc 8
1373
2
bae-bdhd 8
bcbg-bdhd 2
1374
4
jjj-bdhe 1
baia-bdhe 1
ecc-bdhe 7
bagb-bdhe 1
1375
2
bcdh-bdhf 3
bfae-bdhf 7
1376
1
efd-bdhg 10
1377
1
bdfd-bdhh 10
1378
3
ihe-bdhi 1
hb-bdhi 1
ccf-bdhi 8
1379
1
iah-bdhj 10
1380
2
bgff-bdia 3
jgg-bdia 7
1381
1
bcfi-bdib 10
1382
1
hhg-bdic 10
1383
1
beh-bdid 10
1384
1
igc-bdie 10
1385
2
f-bdif 6
fgc-bdif 4
1386
2
bdge-bdig 2
bajc-bdig 8
1388
2
cch-bdii 1
fbg-bdii 9
1389
1
fbg-bdij 10
1390
2
bbhb-bdja 3
bdeb-bdja 7
1391
1
bchd-bdjb 10
1392
2
ifh-bdjc 9
bfbb-bdjc 1
1393
1
eca-bdjd 10
1394
2
cge-bdje 1
bacj-bdje 9
1395
1
jig-bdjf 10
1396
1
bdef-bdjg 10
1397
1
bfdf-bdjh 10
1398
2
egb-bdji 5
bej-bdji 5
1399
1
bccf-bdjj 10
1400
2
bcfj-beaa 8
eeb-beaa 2
1401
2
baai-beab 8
bdde-beab 2
1403
2
bafg-bead 8
bib-bead 2
1404
1
bdch-beae 10
1405
1
geb-beaf 10
1406
1
cci-beag 10
1407
1
bgfc-beah 10
1408
1
ida-beai 10
1409
1
dea-beaj 10
1410
3
bbf-beba 2
bfg-beba 3
bbcb-beba 5
1411
1
bgf-bebb 10
1412
1
bbah-bebc 10
1413
2
babc-bebd 4
bejj-bebd 6
1414
1
bccd-bebe 10
1415
2
bbfj-bebf 9
ghb-bebf 1
1416
1
idj-bebg 10
1417
1
bbgc-bebh 10
1418
1
fad-bebi 10
1419
1
bbec-bebj 10
1420
2
ddg-beca 7
jjf-beca 3
1421
2
bcg-becb 7
bfbj-becb 3
1422
2
bcc-becc 1
haf-becc 9
1423
2
bbii-becd 5
fba-becd 5
1424
1
fii-bece 10
1425
2
fed-becf 6
hce-becf 4
1426
1
bagi-becg 10
1427
1
dfj-bech 10
1428
1
bbgj-beci 10
1429
2
hec-becj 4
bdbi-becj 6
1430
3
cbd-beda 7
bfhh-beda 2
bc-beda 1
1431
1
bebd-bedb 10
1432
2
bfaj-bedc 3
baic-bedc 7
1433
1
ceg-bedd 10
1434
2
hf-bede 8
bbda-bede 2
1435
2
ebh-bedf 3
djf-bedf 7
1436
1
jbg-bedg 10
1437
2
baha-bedh 8
bgai-bedh 2
1438
1
iib-bedi 10
1439
1
igd-bedj 10
1441
2
bbee-beeb 7
hcf-beeb 3
1442
1
jba-beec 10
1443
2
bfih-beed 3
becd-beed 7
1444
2
eff-beee 8
hhc-beee 2
1445
2
hhf-beef 7
icf-beef 3
1446
2
he-beeg 5
bdeb-beeg 5
1447
1
bdgc-beeh 10
1448
1
bdcg-beei 10
1450
2
cbc-befa 9
ebe-befa 1
1451
1
babd-befb 10
1452
1
bchf-befc 10
1453
3
dci-befd 2
iia-befd 1
chj-befd 7
1454
1
fif-befe 10
1455
2
hc-beff 9
fid-beff 1
1456
1
bah-befg 10
1459
1
bdgc-befj 10
1460
1
gca-bega 10
1461
1
iie-begb 10
1462
2
ghf-begc 6
bgad-begc 4
1463
1
bdgi-begd 10
1464
2
bdci-bege 6
babb-bege 4
1466
2
bfai-begg 9
ifb-begg 1
1467
1
eac-begh 10
1468
1
cff-begi 10
1469
2
bbfb-begj 3
eef-begj 7
1470
3
hcj-beha 5
cji-beha 2
bebd-beha 3
1471
1
bfdh-behb 10
1472
1
ifa-behc 10
1473
1
eda-behd 10
1474
3
ihd-behe 7
bgaa-behe 2
baja-behe 1
1475
1
hdf-behf 10
1476
1
iei-behg 10
1477
1
bcgg-behh 10
1478
2
bgde-behi 4
bjh-behi 6
1479
2
dcd-behj 6
ihb-behj 4
1480
1
ffd-beia 10
1481
1
bdaj-beib 10
1482
3
dg-beic 4
bbb-beic 5
ec-beic 1
1483
2
bdje-beid 7
iai-beid 3
1484
1
cgc-beie 10
1485
3
gab-beif 1
hfb-beif 8
cii-beif 1
1486
1
bedd-beig 10
1487
2
dcc-beih 8
ijd-beih 2
1488
1
cbe-beii 10
1489
1
bah-beij 10
1490
1
cid-beja 10
1491
1
bace-bejb 10
1493
1
badc-bejd 10
1494
1
baag-beje 10
1495
1
jhi-bejf 10
1496
1
bcag-bejg 10
1497
1
bdaa-bejh 10
1498
2
ifa-beji 4
dcf-beji 6
1499
1
cdg-bejj 10
1500
2
ccd-bfaa 7
bhf-bfaa 3
1501
1
fbi-bfab 10
1503
1
jhc-bfad 10
1504
3
ecc-bfae 3
bfah-bfae 1
bai-bfae 6
1505
2
hbb-bfaf 9
bedh-bfaf 1
1506
2
jai-bfag 9
bdad-bfag 1
1507
1
jbf-bfah 10
1508
1
bcaj-bfai 10
1509
1
bcjd-bfaj 10
1510
1
bdgg-bfba 10
1511
1
hda-bfbb 10
1512
1
ijd-bfbc 10
1513
3
bbjd-bfbd 2
dcg-bfbd 6
fia-bfbd 2
1514
1
behh-bfbe 10
1515
2
efe-bfbf 9
bdga-bfbf 1
1516
1
hih-bfbg 10
1518
1
jjc-bfbi 10
1519
1
beif-bfbj 10
1520
1
ghc-bfca 10
1521
3
gfa-bfcb 5
bbba-bfcb 1
gaj-bfcb 4
1522
1
gga-bfcc 10
1523
3
ggc-bfcd 3
bcdc-bfcd 1
bdbj-bfcd 6
1524
1
jh-bfce 10
1525
1
bca-bfcf 10
1526
3
bfgg-bfcg 6
cjc-bfcg 2
bgdj-bfcg 2
1527
1
bafe-bfch 10
1528
1
fjb-bfci 10
1529
2
gh-bfcj 2
dif-bfcj 8
1530
1
baai-bfda 10
1531
1
iih-bfdb 10
1532
1
bfbc-bfdc 10
1533
1
bcgh-bfdd 10
1534
1
jgf-bfde 10
1535
1
ddf-bfdf 10
1536
1
bdfi-bfdg 10
1537
1
bdec-bfdh 10
1538
2
fgc-bfdi 7
ihc-bfdi 3
1539
2
bddd-bfdj 3
dgg-bfdj 7
1540
1
jdg-bfea 10
1541
1
ggf-bfeb 10
1542
2
bdge-bfec 9
edg-bfec 1
1543
2
iea-bfed 8
iia-bfed 2
1544
2
fhi-bfee 9
dae-bfee 1
1545
4
faa-bfef 1
bgaf-bfef 3
bgda-bfef 4
ied-bfef 2
1546
1
dfb-bfeg 10
1547
1
fdc-bfeh 10
1549
1
bdia-bfej 10
1550
1
iab-bffa 10
1551
1
bda-bffb 10
1553
1
egi-bffd 10
1555
1
becg-bfff 10
1556
1
gci-bffg 10
1557
1
ghi-bffh 10
1558
1
ed-bffi 10
1559
1
eda-bffj 10
1560
2
bfj-bfga 4
dcg-bfga 6
1561
2
bcfj-bfgb 2
beif-bfgb 8
1562
1
bdac-bfgc 10
1563
1
ihj-bfgd 10
1564
1
chj-bfge 10
1565
2
bgga-bfgf 4
eig-bfgf 6
1566
1
ec-bfgg 10
1567
1
bbie-bfgh 10
1568
3
bgee-bfgi 6
fea-bfgi 1
bgej-bfgi 3
1570
1
cga-bfha 10
1571
1
bhg-bfhb 10
1572
1
dgd-bfhc 10
1573
1
bdgb-bfhd 10
1574
1
bfi-bfhe 10
1575
2
jjj-bfhf 1
ded-bfhf 9
1576
2
ibi-bfhg 8
bfhi-bfhg 2
1577
1
ibh-bfhh 10
1578
1
ice-bfhi 10
1579
2
bejj-bfhj 8
gih-bfhj 2
1580
1
df-bfia 10
1581
1
bdca-bfib 10
1582
2
igc-bfic 9
bgfg-bfic 1
1583
1
hfa-bfid 10
1584
1
ceh-bfie 10
1585
2
caa-bfif 5
dfi-bfif 5
1587
1
cif-bfih 10
1588
2
edc-bfii 9
hjg-bfii 1
1589
1
gih-bfij 10
1590
1
bie-bfja 10
1591
1
icj-bfjb 10
1592
1
bej-bfjc 10
1593
1
bajd-bfjd 10
1594
1
bfba-bfje 10
1595
1
cdg-bfjf 10
1596
1
bdej-bfjg 10
1598
1
bebd-bfji 10
1599
1
hhg-bfjj 10
1600
1
bcdd-bgaa 10
1601
1
fga-bgab 10
1602
1
babg-bgac 10
1603
1
bdba-bgad 10
1604
1
bajd-bgae 10
1605
1
beab-bgaf 10
1606
1
bed-bgag 10
1607
1
bdhi-bgah 10
1608
1
baji-bgai 10
1609
1
egb-bgaj 10
1610
1
ddd-bgba 10
1611
1
dib-bgbb 10
1612
1
bba-bgbc 10
1613
1
bfje-bgbd 10
1614
1
bfhe-bgbe 10
1615
1
bbfa-bgbf 10
1616
1
dff-bgbg 10
1617
2
bgfh-bgbh 9
ece-bgbh 1
1618
1
bfjc-bgbi 10
1619
1
cbj-bgbj 10
1620
1
hjh-bgca 10
1621
1
icd-bgcb 10
1622
2
bdbe-bgcc 7
dga-bgcc 3
1625
1
cib-bgcf 10
1626
1
cba-bgcg 10
1627
1
cga-bgch 10
1628
2
hje-bgci 5
bda-bgci 5
1629
1
beeg-bgcj 10
1630
1
bcai-bgda 10
1631
1
jdd-bgdb 10
1632
1
gbb-bgdc 10
1633
2
bhf-bgdd 1
ede-bgdd 9
1634
1
beic-bgde 10
1635
1
bbia-bgdf 10
1636
1
baf-bgdg 10
1637
1
hhh-bgdh 10
1638
2
jdi-bgdi 1
bach-bgdi 9
1639
1
jdb-bgdj 10
1640
1
bcia-bgea 10
1641
1
ega-bgeb 10
1642
2
bacg-bgec 2
djd-bgec 8
1643
1
behi-bged 10
1644
1
hjf-bgee 10
1645
1
fed-bgef 10
1646
1
baca-bgeg 10
1647
1
bece-bgeh 10
1648
1
bgca-bgei 10
1649
1
jej-bgej 10
1650
1
bddj-bgfa 10
1651
1
bhh-bgfb 10
1652
1
bfjg-bgfc 10
1653
2
ddb-bgfd 3
gif-bgfd 7
1654
1
bfcf-bgfe 10
1655
1
bcgh-bgff 10
1656
1
bce-bgfg 10
1657
1
bgbi-bgfh 10
1658
1
bie-bgfi 10
1659
1
eef-bgfj 10
1660
1
bdhi-bgga 10
1661
1
bdhg-bggb 10
