1630
1
2
dab-b 6
ehb-b 2
2
6
dgj-c 2
bih-c 1
bi-c 1
dgc-c 2
fcd-c 1
di-c 1
3
3
ii-d 5
bcb-d 1
cbd-d 2
4
3
hic-e 2
d-e 3
cba-e 3
5
4
bdjf-f 2
bda-f 1
e-f 3
jbb-f 2
6
5
iee-g 1
eie-g 1
bfg-g 4
bedj-g 1
gic-g 1
7
1
bfa-h 8
8
2
gie-i 4
geg-i 4
9
4
bi-j 3
ce-j 2
heg-j 1
fbj-j 2
10
1
bdi-ba 8
11
5
bcea-bb 3
bcef-bb 1
bee-bb 1
bgf-bb 1
cd-bb 2
12
4
ccj-bc 4
daa-bc 2
dgf-bc 1
hbf-bc 1
13
3
cjb-bd 3
bejh-bd 3
cch-bd 2
14
4
fec-be 3
beai-be 2
babg-be 2
bbbj-be 1
15
2
dh-bf 3
hi-bf 5
16
4
baae-bg 1
bi-bg 2
bdii-bg 1
iag-bg 4
17
2
bgeh-bh 2
ihi-bh 6
18
4
fic-bi 1
feh-bi 2
babg-bi 4
hej-bi 1
19
5
dhf-bj 1
bdbf-bj 4
db-bj 1
cii-bj 1
hcj-bj 1
20
3
gjh-ca 4
dfg-ca 1
bai-ca 3
21
3
did-cb 2
dcc-cb 2
edb-cb 4
22
4
jgi-cc 2
dgf-cc 3
ff-cc 2
badc-cc 1
23
5
bhd-cd 2
dbg-cd 1
ffb-cd 1
gfa-cd 1
bcaj-cd 3
24
4
bi-ce 3
jag-ce 3
jgf-ce 1
ef-ce 1
25
4
def-cf 4
cc-cf 1
fhg-cf 1
eac-cf 2
26
5
chb-cg 1
hhc-cg 1
ca-cg 2
eh-cg 3
bd-cg 1
27
4
jgg-ch 4
hch-ch 1
dji-ch 2
bjd-ch 1
28
5
bffg-ci 1
hfh-ci 1
gbg-ci 2
befi-ci 3
hif-ci 1
29
2
bfgd-cj 5
fbi-cj 3
30
7
beib-da 1
fai-da 1
eej-da 1
bhd-da 1
bcei-da 1
bdf-da 1
gda-da 2
31
6
cd-db 1
bgj-db 1
cbh-db 3
bc-db 1
bbde-db 1
gi-db 1
32
6
ecg-dc 2
iag-dc 1
jbf-dc 1
iej-dc 1
ifh-dc 1
bbgj-dc 2
33
3
dfg-dd 4
babg-dd 2
fc-dd 2
34
2
ghj-de 6
di-de 2
35
5
ibf-df 1
igi-df 1
bfgb-df 1
iei-df 1
gc-df 4
36
8
bcag-dg 1
bed-dg 1
bcii-dg 1
bebe-dg 1
cee-dg 1
bgfe-dg 1
hah-dg 1
bdfc-dg 1
37
5
bagf-dh 1
hha-dh 3
gcd-dh 1
dc-dh 2
db-dh 1
38
1
haf-di 8
39
2
ef-dj 4
gdb-dj 4
40
5
jjh-ea 1
dbb-ea 1
fda-ea 1
eee-ea 1
jff-ea 4
41
3
cdi-eb 4
bbfc-eb 2
hac-eb 2
42
4
cdc-ec 3
ege-ec 1
fi-ec 3
fc-ec 1
43
5
ech-ed 1
bfdc-ed 1
eb-ed 1
edf-ed 4
bcia-ed 1
44
2
bacc-ee 7
cfb-ee 1
45
4
cih-ef 2
beeh-ef 1
cij-ef 3
ige-ef 2
46
4
ggg-eg 4
ffd-eg 1
cbg-eg 1
bdj-eg 2
47
5
bbfg-eh 1
fdd-eh 2
bjb-eh 1
bbei-eh 2
gdh-eh 2
48
4
bcjf-ei 5
dff-ei 1
jfj-ei 1
bb-ei 1
49
2
baig-ej 1
cd-ej 7
50
4
bhg-fa 1
dhe-fa 2
jji-fa 1
bc-fa 4
51
3
dfa-fb 1
bdc-fb 4
bcch-fb 3
52
4
bfch-fc 1
eab-fc 4
fif-fc 1
bcj-fc 2
53
3
je-fd 4
daf-fd 3
dhe-fd 1
54
1
jic-fe 8
55
6
gb-ff 2
dbd-ff 1
bed-ff 1
bdcg-ff 1
cje-ff 2
bdf-ff 1
56
1
bfaf-fg 8
57
2
bejb-fh 7
ccb-fh 1
58
3
bfdg-fi 3
hee-fi 3
fg-fi 2
59
5
bea-fj 1
ff-fj 1
ddg-fj 4
ifd-fj 1
dbg-fj 1
60
4
cg-ga 3
eah-ga 1
bi-ga 1
fga-ga 3
61
2
bbeb-gb 5
bbjc-gb 3
62
5
bdfa-gc 1
eie-gc 1
gge-gc 1
e-gc 2
j-gc 3
63
8
je-gd 1
bfgc-gd 1
dai-gd 1
cfj-gd 1
dbf-gd 1
gfb-gd 1
icd-gd 1
daj-gd 1
64
2
dfi-ge 6
g-ge 2
65
1
cgh-gf 8
66
5
jdj-gg 1
cdh-gg 1
idf-gg 2
bfjf-gg 1
jhg-gg 3
67
3
bh-gh 3
jci-gh 3
bddh-gh 2
68
3
ch-gi 1
cbe-gi 4
bcff-gi 3
69
2
baad-gj 6
gjj-gj 2
70
3
bda-ha 3
ecc-ha 1
db-ha 4
71
2
iaa-hb 3
efh-hb 5
72
4
gg-hc 3
cif-hc 1
ejc-hc 3
dbf-hc 1
74
5
bcjc-he 1
bebb-he 1
gij-he 1
hc-he 2
bgi-he 3
75
4
dah-hf 4
da-hf 2
bdbc-hf 1
hie-hf 1
76
4
gbd-hg 2
bja-hg 4
dfj-hg 1
cgj-hg 1
77
6
cae-hh 1
caa-hh 1
bdh-hh 1
gcj-hh 1
bjb-hh 3
beic-hh 1
78
5
iba-hi 2
baec-hi 1
fa-hi 1
bac-hi 1
ihf-hi 3
79
3
di-hj 5
jfc-hj 1
gfg-hj 2
80
4
bdjd-ia 3
bfeh-ia 2
di-ia 1
ccc-ia 2
81
3
ghd-ib 4
dad-ib 2
gia-ib 2
82
3
fdf-ic 4
cgi-ic 3
bedh-ic 1
83
2
eab-id 4
gbg-id 4
84
4
eeh-ie 4
dej-ie 1
bjd-ie 1
haj-ie 2
85
3
bfce-if 4
bcge-if 1
di-if 3
86
2
baif-ig 5
egf-ig 3
87
2
cgh-ih 4
bcfj-ih 4
88
5
bgfi-ii 2
chf-ii 1
eig-ii 2
bacj-ii 2
dgc-ii 1
89
3
ife-ij 2
fbc-ij 4
bcd-ij 2
90
2
bei-ja 3
hij-ja 5
91
3
bhe-jb 3
jc-jb 1
ehi-jb 4
92
6
bbjg-jc 2
fci-jc 1
hj-jc 1
babi-jc 2
gbe-jc 1
gii-jc 1
93
2
cae-jd 5
fhj-jd 3
94
6
bfc-je 1
fcf-je 1
bfgb-je 1
bbi-je 3
gdf-je 1
bi-je 1
95
2
iae-jf 5
gbd-jf 3
96
3
daf-jg 2
ec-jg 2
beb-jg 4
97
4
bbfg-jh 1
hib-jh 2
dai-jh 1
bcbf-jh 4
98
4
bccj-ji 1
idd-ji 5
beaa-ji 1
bdjh-ji 1
99
3
bcee-jj 3
dej-jj 3
fgf-jj 2
100
5
dig-baa 2
fhg-baa 1
dfi-baa 3
bfg-baa 1
efg-baa 1
101
4
chf-bab 2
ede-bab 1
jhg-bab 3
eic-bab 2
102
5
gja-bac 1
hfi-bac 1
da-bac 1
hj-bac 2
bfe-bac 3
103
3
bha-bad 3
bfi-bad 4
jid-bad 1
104
4
dgj-bae 3
bdga-bae 2
cd-bae 2
ceg-bae 1
105
3
cj-baf 2
bcb-baf 3
bdbh-baf 3
106
5
fic-bag 2
bcc-bag 3
bfce-bag 1
bbfi-bag 1
dad-bag 1
107
6
ddf-bah 1
ifd-bah 1
bbcc-bah 3
gjh-bah 1
deg-bah 1
hbf-bah 1
108
2
bda-bai 5
cfj-bai 3
109
3
eg-baj 5
chf-baj 1
cjg-baj 2
110
5
hi-bba 1
je-bba 1
fbe-bba 3
dic-bba 2
gdc-bba 1
111
4
fdh-bbb 3
d-bbb 2
edb-bbb 2
bdh-bbb 1
112
5
dgb-bbc 1
dbb-bbc 4
jje-bbc 1
chf-bbc 1
gbg-bbc 1
113
1
gca-bbd 8
114
3
cb-bbe 2
ehd-bbe 4
cie-bbe 2
115
3
bei-bbf 1
bage-bbf 4
dfc-bbf 3
116
6
bbbj-bbg 2
cbd-bbg 1
iff-bbg 1
gdc-bbg 1
eba-bbg 1
eg-bbg 2
117
3
ehi-bbh 6
bacc-bbh 1
gjh-bbh 1
118
8
beeh-bbi 1
beb-bbi 1
gfd-bbi 1
bech-bbi 1
ige-bbi 1
cbb-bbi 1
bca-bbi 1
ib-bbi 1
119
7
fag-bbj 1
eh-bbj 1
baja-bbj 1
bbf-bbj 1
ige-bbj 1
bbag-bbj 2
gjh-bbj 1
120
6
cji-bca 1
cc-bca 1
gaf-bca 3
gae-bca 1
eae-bca 1
bae-bca 1
121
4
bbgc-bcb 1
bdea-bcb 1
fba-bcb 2
bbdg-bcb 4
122
7
bjd-bcc 2
gfi-bcc 1
jg-bcc 1
bbff-bcc 1
hgb-bcc 1
bebg-bcc 1
bbab-bcc 1
123
5
iie-bcd 1
eed-bcd 2
jec-bcd 1
ddj-bcd 1
gc-bcd 3
124
7
gc-bce 1
ccc-bce 1
bb-bce 2
gef-bce 1
edi-bce 1
bagd-bce 1
bi-bce 1
125
3
ddj-bcf 2
gih-bcf 5
cea-bcf 1
126
5
cah-bcg 2
bhj-bcg 2
dbg-bcg 2
g-bcg 1
di-bcg 1
127
5
dfd-bch 2
ecb-bch 1
gad-bch 1
bgbf-bch 3
fbh-bch 1
128
6
bcbc-bci 2
bbhe-bci 1
fag-bci 1
bbc-bci 1
bagb-bci 1
bbf-bci 2
129
3
icj-bcj 3
iff-bcj 1
eac-bcj 4
130
5
ia-bda 2
dhg-bda 3
dfj-bda 1
ffa-bda 1
eh-bda 1
131
7
deh-bdb 1
cda-bdb 1
fib-bdb 1
efd-bdb 1
bfc-bdb 2
djh-bdb 1
jbg-bdb 1
132
8
jbg-bdc 1
bbah-bdc 1
fee-bdc 1
cfc-bdc 1
bbjh-bdc 1
bbfe-bdc 1
bfea-bdc 1
fdc-bdc 1
133
3
bcgc-bdd 2
bece-bdd 1
bjf-bdd 5
134
2
bba-bde 5
iah-bde 3
135
4
bbab-bdf 1
hcg-bdf 1
gea-bdf 3
gbf-bdf 3
136
7
dhi-bdg 1
jdg-bdg 2
bbij-bdg 1
bahh-bdg 1
bcc-bdg 1
djj-bdg 1
cha-bdg 1
137
4
jjg-bdh 4
edg-bdh 1
feh-bdh 1
ce-bdh 2
138
4
gci-bdi 2
iic-bdi 1
jbe-bdi 1
bffi-bdi 4
139
6
geh-bdj 3
igg-bdj 1
jfe-bdj 1
hhc-bdj 1
ffb-bdj 1
bbbh-bdj 1
140
4
fif-bea 4
dgc-bea 1
cdh-bea 2
dgb-bea 1
141
7
fe-beb 1
cbe-beb 1
cbg-beb 1
hia-beb 1
edh-beb 2
dci-beb 1
djg-beb 1
142
7
ica-bec 2
hj-bec 1
bdei-bec 1
eei-bec 1
hff-bec 1
ii-bec 1
hea-bec 1
143
5
ica-bed 2
begd-bed 1
bhc-bed 1
cd-bed 3
feh-bed 1
144
5
gjd-bee 4
bgbe-bee 1
bbej-bee 1
dfg-bee 1
cfa-bee 1
145
2
fgj-bef 7
dai-bef 1
146
2
bja-beg 7
bef-beg 1
147
7
ccg-beh 2
ieh-beh 1
jbj-beh 1
cia-beh 1
hi-beh 1
bab-beh 1
gdd-beh 1
148
5
fge-bei 3
bcgi-bei 1
becg-bei 1
jca-bei 2
jbi-bei 1
149
3
bdb-bej 2
fif-bej 1
bec-bej 5
150
5
cdf-bfa 1
egg-bfa 4
cjd-bfa 1
ifi-bfa 1
ddd-bfa 1
151
2
bdji-bfb 7
fda-bfb 1
152
8
bafi-bfc 1
dhb-bfc 1
cei-bfc 1
fcb-bfc 1
ifh-bfc 1
cdb-bfc 1
dcb-bfc 1
gbi-bfc 1
153
4
jgi-bfd 4
haa-bfd 1
bif-bfd 2
cie-bfd 1
154
5
gbc-bfe 2
baea-bfe 1
dch-bfe 1
hff-bfe 1
cgh-bfe 3
155
4
fdh-bff 1
bcie-bff 2
gfe-bff 3
eec-bff 2
156
4
bgac-bfg 3
hj-bfg 2
hhe-bfg 2
dae-bfg 1
157
3
bae-bfh 3
gcj-bfh 1
eaa-bfh 4
158
6
ich-bfi 1
ecj-bfi 2
bgci-bfi 1
gaa-bfi 2
idg-bfi 1
jhe-bfi 1
159
5
bii-bfj 3
jjj-bfj 1
gce-bfj 1
ded-bfj 1
gif-bfj 2
160
3
efe-bga 3
hbd-bga 3
dij-bga 2
161
4
bahe-bgb 3
hea-bgb 1
cgc-bgb 1
bedd-bgb 3
162
3
cgd-bgc 5
bdeh-bgc 2
cdb-bgc 1
163
3
edg-bgd 5
gd-bgd 1
bgdh-bgd 2
164
2
jif-bge 4
hci-bge 4
165
3
bie-bgf 5
iaa-bgf 1
bd-bgf 2
166
5
babe-bgg 3
heh-bgg 2
bcaa-bgg 1
ehg-bgg 1
bdde-bgg 1
167
5
bfgh-bgh 1
dbg-bgh 1
be-bgh 4
cej-bgh 1
cgg-bgh 1
168
7
eij-bgi 1
baa-bgi 2
bhh-bgi 1
bc-bgi 1
cbi-bgi 1
daj-bgi 1
dda-bgi 1
169
4
bffe-bgj 4
jai-bgj 1
djh-bgj 1
hch-bgj 2
170
3
fh-bha 5
gi-bha 1
ccd-bha 2
171
6
ih-bhb 1
jh-bhb 1
fcb-bhb 1
bfbi-bhb 1
cda-bhb 1
hhd-bhb 3
172
6
gfg-bhc 1
edf-bhc 2
eje-bhc 2
bfe-bhc 1
bbfd-bhc 1
bagf-bhc 1
173
3
eed-bhd 6
bcb-bhd 1
hj-bhd 1
174
2
daa-bhe 3
cfe-bhe 5
175
6
jga-bhf 2
ca-bhf 1
ech-bhf 1
cgi-bhf 1
bci-bhf 2
dgi-bhf 1
176
7
cfi-bhg 2
iga-bhg 1
babb-bhg 1
baf-bhg 1
cbg-bhg 1
cdi-bhg 1
bci-bhg 1
177
4
cbc-bhh 1
cch-bhh 3
bai-bhh 1
efe-bhh 3
178
4
eaj-bhi 1
gbb-bhi 2
ibh-bhi 3
cdb-bhi 2
179
6
bafb-bhj 3
cb-bhj 1
ghd-bhj 1
fha-bhj 1
dbf-bhj 1
hg-bhj 1
180
3
dac-bia 5
cch-bia 1
hi-bia 2
181
2
fhc-bib 5
eae-bib 3
182
3
eee-bic 3
dc-bic 3
baa-bic 2
183
2
bef-bid 3
bajd-bid 5
184
8
bcc-bie 1
hdd-bie 1
bae-bie 1
bcai-bie 1
dbe-bie 1
cdc-bie 1
bbc-bie 1
eig-bie 1
185
4
bahf-bif 2
bgcg-bif 2
cji-bif 3
babf-bif 1
186
1
deg-big 8
187
4
dcf-bih 4
bcff-bih 1
hef-bih 1
ccj-bih 2
188
4
dfa-bii 2
bga-bii 2
ejd-bii 2
bcej-bii 2
189
3
ba-bij 4
cia-bij 2
cha-bij 2
190
3
dig-bja 4
dca-bja 3
ded-bja 1
191
4
bbee-bjb 4
fed-bjb 1
db-bjb 1
bcdb-bjb 2
192
5
eia-bjc 1
ibe-bjc 1
bagc-bjc 3
ggh-bjc 2
baad-bjc 1
193
5
gd-bjd 3
hdg-bjd 2
ghb-bjd 1
bij-bjd 1
di-bjd 1
194
2
ecd-bje 2
cga-bje 6
195
5
bccc-bjf 1
ecg-bjf 1
hii-bjf 3
baff-bjf 1
hic-bjf 2
196
1
cec-bjg 8
197
5
cd-bjh 3
jeb-bjh 1
gfd-bjh 2
bcb-bjh 1
eah-bjh 1
198
4
cgh-bji 3
beeb-bji 1
dbg-bji 1
fdj-bji 3
199
4
jhe-bjj 3
gci-bjj 2
baad-bjj 2
edg-bjj 1
200
6
ecb-caa 1
dhc-caa 1
djj-caa 2
jgd-caa 1
hfg-caa 2
bafd-caa 1
201
5
bdg-cab 1
jbg-cab 1
bef-cab 1
cjd-cab 2
daf-cab 3
202
5
fid-cac 2
dbf-cac 1
djc-cac 1
cgd-cac 2
bbdh-cac 2
203
2
ege-cad 4
icg-cad 4
204
8
bcb-cae 1
cci-cae 1
chb-cae 1
hhb-cae 1
gdi-cae 1
jcd-cae 1
bea-cae 1
bccg-cae 1
205
3
bafb-caf 1
gag-caf 5
ghc-caf 2
206
4
fbi-cag 3
cie-cag 3
ebb-cag 1
bbg-cag 1
207
5
ih-cah 2
fac-cah 1
bebe-cah 1
fde-cah 1
cce-cah 3
208
2
jda-cai 5
gdb-cai 3
209
3
jh-caj 3
eji-caj 4
ghh-caj 1
210
4
bgdd-cba 1
bbjf-cba 1
bccb-cba 2
bfi-cba 4
211
4
ca-cbb 1
cge-cbb 2
be-cbb 1
ihc-cbb 4
212
2
bcdg-cbc 7
efg-cbc 1
213
7
bcdc-cbd 1
cec-cbd 1
jfc-cbd 1
ehe-cbd 1
bif-cbd 1
jej-cbd 2
eag-cbd 1
214
1
bbcc-cbe 8
215
2
ceb-cbf 4
bff-cbf 4
216
4
bbfi-cbg 3
hjj-cbg 1
bdg-cbg 3
becj-cbg 1
217
1
bhi-cbh 8
218
2
bdi-cbi 4
ede-cbi 4
219
4
hi-cbj 2
gjj-cbj 2
jec-cbj 2
dcf-cbj 2
220
5
bbi-cca 1
eea-cca 1
bbdb-cca 1
ihg-cca 4
ehi-cca 1
221
5
d-ccb 4
ejj-ccb 1
jeh-ccb 1
bjj-ccb 1
ddd-ccb 1
222
3
bcda-ccc 4
jfh-ccc 3
eag-ccc 1
223
5
eae-ccd 3
dhh-ccd 1
cjf-ccd 1
bajb-ccd 1
feh-ccd 2
224
2
bceh-cce 7
bdc-cce 1
225
5
dca-ccf 2
ihi-ccf 1
jeg-ccf 1
hcc-ccf 3
ga-ccf 1
226
5
hjh-ccg 3
ijd-ccg 2
bih-ccg 1
ide-ccg 1
bahi-ccg 1
227
4
baaf-cch 5
egd-cch 1
ice-cch 1
bhe-cch 1
228
4
bbfd-cci 3
haf-cci 1
bgbg-cci 3
ceb-cci 1
229
5
gdf-ccj 4
bch-ccj 1
eeb-ccj 1
cch-ccj 1
hji-ccj 1
230
3
ejd-cda 4
dd-cda 1
jae-cda 3
231
4
ejg-cdb 3
jaa-cdb 1
bff-cdb 1
fcf-cdb 3
232
5
ddj-cdc 2
ccj-cdc 3
fad-cdc 1
eb-cdc 1
gac-cdc 1
233
2
db-cdd 1
bebi-cdd 7
234
6
bjb-cde 1
hhb-cde 2
bdia-cde 2
gge-cde 1
bj-cde 1
bi-cde 1
235
5
bhj-cdf 1
fjc-cdf 2
badh-cdf 1
iee-cdf 1
dfa-cdf 3
236
5
cid-cdg 2
dff-cdg 1
bdf-cdg 1
bfjd-cdg 1
gcf-cdg 3
237
3
bbja-cdh 4
gfd-cdh 3
gd-cdh 1
238
3
beha-cdi 3
jbc-cdi 4
j-cdi 1
239
2
hgg-cdj 3
ega-cdj 5
240
6
jaj-cea 1
che-cea 1
cfi-cea 1
if-cea 1
gbi-cea 3
be-cea 1
241
4
bdea-ceb 2
dhh-ceb 1
bfj-ceb 1
dfe-ceb 4
242
3
bdg-cec 5
bad-cec 2
bajb-cec 1
243
3
bbgc-ced 4
efg-ced 1
cah-ced 3
244
3
eej-cee 2
ic-cee 1
jhc-cee 5
245
4
bbec-cef 4
dab-cef 2
bfi-cef 1
bha-cef 1
246
4
bfa-ceg 1
iag-ceg 1
cah-ceg 2
gdg-ceg 4
247
2
gdd-ceh 6
cic-ceh 2
248
5
bfb-cei 1
dgf-cei 1
ddf-cei 4
ehj-cei 1
fhi-cei 1
249
6
bbeg-cej 2
ef-cej 1
gig-cej 1
bh-cej 1
dif-cej 1
bbee-cej 2
250
5
gei-cfa 2
hdi-cfa 2
bdhb-cfa 1
ice-cfa 1
eb-cfa 2
251
4
g-cfb 5
fgg-cfb 1
baga-cfb 1
fhe-cfb 1
252
3
eca-cfc 2
ieg-cfc 5
gef-cfc 1
253
4
bchd-cfd 4
ccg-cfd 1
geb-cfd 2
cje-cfd 1
254
2
ijc-cfe 6
jf-cfe 2
255
5
hjf-cff 1
hda-cff 1
egj-cff 3
ejg-cff 2
bafc-cff 1
256
4
ej-cfg 3
bfdb-cfg 1
gic-cfg 1
bbdg-cfg 3
257
4
bee-cfh 3
bbee-cfh 1
fjh-cfh 3
cie-cfh 1
258
5
eec-cfi 1
chd-cfi 1
badf-cfi 3
bcfi-cfi 2
dhi-cfi 1
259
5
efb-cfj 3
dib-cfj 1
cfi-cfj 1
bd-cfj 1
beb-cfj 2
260
6
chj-cga 2
dh-cga 1
chf-cga 1
bhb-cga 2
bcjf-cga 1
cgd-cga 1
261
5
dch-cgb 2
da-cgb 1
deb-cgb 1
dhd-cgb 1
gdf-cgb 3
262
6
ee-cgc 1
hdb-cgc 1
fji-cgc 1
hfc-cgc 2
ica-cgc 2
cdb-cgc 1
263
5
bafi-cgd 2
dcf-cgd 1
bafd-cgd 2
bec-cgd 2
bajg-cgd 1
264
4
bba-cge 3
cci-cge 1
bfc-cge 2
ea-cge 2
265
4
fcc-cgf 1
dej-cgf 2
bgbh-cgf 1
ibe-cgf 4
266
4
fhc-cgg 3
bii-cgg 2
bdh-cgg 2
dib-cgg 1
267
5
cag-cgh 1
hc-cgh 1
bdhc-cgh 1
hif-cgh 1
babb-cgh 4
268
5
baaa-cgi 3
fdh-cgi 2
djh-cgi 1
daf-cgi 1
ia-cgi 1
269
2
eag-cgj 4
ifi-cgj 4
270
5
egj-cha 1
gfh-cha 1
dcb-cha 2
ged-cha 1
dhj-cha 3
271
3
eci-chb 4
bcbi-chb 2
fff-chb 2
272
4
hba-chc 3
jhd-chc 3
bbfj-chc 1
fjc-chc 1
273
4
cjc-chd 2
ebh-chd 4
bfbg-chd 1
dfj-chd 1
274
3
befj-che 1
dej-che 1
eah-che 6
275
5
fch-chf 3
hfb-chf 1
did-chf 1
eca-chf 2
ehb-chf 1
276
3
fc-chg 5
iab-chg 2
edh-chg 1
277
1
ddj-chh 8
278
5
jeh-chi 1
ibj-chi 1
hga-chi 4
bbc-chi 1
bbea-chi 1
279
5
bgh-chj 2
fg-chj 1
hhi-chj 1
jg-chj 3
dia-chj 1
280
4
jej-cia 2
eie-cia 1
cce-cia 1
jj-cia 4
281
5
bcce-cib 1
hh-cib 4
bdhh-cib 1
eha-cib 1
bdhb-cib 1
282
4
dhi-cic 1
jce-cic 3
igc-cic 3
ifd-cic 1
283
8
ebi-cid 1
hgg-cid 1
cab-cid 1
bdh-cid 1
dfd-cid 1
ehb-cid 1
fcf-cid 1
cjb-cid 1
284
2
jfi-cie 3
gg-cie 5
285
8
bbai-cif 1
bcja-cif 1
gfe-cif 1
baed-cif 1
dae-cif 1
dcb-cif 1
dgb-cif 1
idd-cif 1
286
5
hai-cig 1
dge-cig 1
eef-cig 2
hbj-cig 1
bbac-cig 3
287
1
icg-cih 8
288
4
dad-cii 4
ggd-cii 2
baha-cii 1
gbi-cii 1
289
3
cch-cij 4
bgi-cij 3
dgf-cij 1
290
4
ead-cja 3
bcaa-cja 1
ehg-cja 1
hcj-cja 3
291
4
bagh-cjb 1
jbi-cjb 2
beba-cjb 3
eei-cjb 2
292
4
bcih-cjc 3
db-cjc 1
bada-cjc 2
bfgi-cjc 2
293
2
eje-cjd 6
bdaa-cjd 2
294
2
cea-cje 3
bbi-cje 5
295
3
cgb-cjf 3
dba-cjf 1
egf-cjf 4
296
1
cgb-cjg 8
298
4
bdce-cji 1
bee-cji 3
hbd-cji 1
id-cji 3
299
6
jah-cjj 3
bgh-cjj 1
bcie-cjj 1
cc-cjj 1
fci-cjj 1
bfeb-cjj 1
300
4
bfde-daa 1
bbhc-daa 1
jjb-daa 1
ih-daa 5
301
2
bef-dab 4
hi-dab 4
302
4
fgc-dac 1
bgi-dac 1
dce-dac 3
iid-dac 3
303
3
gfd-dad 3
gcb-dad 1
gfe-dad 4
304
3
bcib-dae 4
fce-dae 1
baaa-dae 3
305
7
bddb-daf 2
jae-daf 1
badi-daf 1
bdcb-daf 1
cha-daf 1
fbb-daf 1
bdag-daf 1
306
2
hcd-dag 6
eb-dag 2
307
4
ehc-dah 4
ihj-dah 2
cgi-dah 1
ggg-dah 1
308
3
bafa-dai 1
dhc-dai 2
bchi-dai 5
309
6
fae-daj 3
ebb-daj 1
fhj-daj 1
dce-daj 1
geh-daj 1
dhe-daj 1
310
3
bff-dba 4
hhj-dba 3
gdh-dba 1
311
3
cjb-dbb 6
dfc-dbb 1
eaa-dbb 1
312
2
hca-dbc 7
dah-dbc 1
313
3
bdjf-dbd 2
bfg-dbd 2
gcb-dbd 4
314
3
dac-dbe 4
dfh-dbe 3
bcaf-dbe 1
315
6
bbcb-dbf 1
baad-dbf 1
dac-dbf 1
gib-dbf 1
eid-dbf 1
gdc-dbf 3
316
3
ffg-dbg 2
iag-dbg 2
dab-dbg 4
317
3
fha-dbh 6
caa-dbh 1
cdb-dbh 1
318
4
eia-dbi 2
fah-dbi 1
edd-dbi 2
bcaa-dbi 3
319
3
gjf-dbj 6
bb-dbj 1
dhd-dbj 1
320
5
jbi-dca 1
bda-dca 1
a-dca 1
bdii-dca 3
badg-dca 2
321
6
efg-dcb 1
gbj-dcb 3
gad-dcb 1
fi-dcb 1
jia-dcb 1
eda-dcb 1
322
8
di-dcc 1
ddf-dcc 1
chf-dcc 1
heg-dcc 1
gdi-dcc 1
cdd-dcc 1
fbb-dcc 1
jah-dcc 1
323
4
gda-dcd 1
gjc-dcd 5
cfg-dcd 1
cg-dcd 1
324
3
jef-dce 1
cce-dce 3
ebg-dce 4
325
5
bhe-dcf 2
cgb-dcf 2
fce-dcf 1
fea-dcf 2
bbja-dcf 1
326
3
jjj-dcg 2
dca-dcg 4
cd-dcg 2
327
4
bdgc-dch 2
jai-dch 3
eca-dch 2
dh-dch 1
328
5
ehi-dci 1
bcef-dci 1
ddg-dci 3
cge-dci 1
dae-dci 2
329
2
jcg-dcj 7
begb-dcj 1
330
3
cea-dda 1
dai-dda 3
bjj-dda 4
331
3
bdge-ddb 4
bbdj-ddb 1
ddd-ddb 3
332
4
bfjb-ddc 3
bja-ddc 2
ia-ddc 1
dac-ddc 2
333
2
bci-ddd 3
beef-ddd 5
334
8
gaa-dde 1
d-dde 1
ehd-dde 1
fbe-dde 1
ghh-dde 1
ejf-dde 1
dbe-dde 1
bbj-dde 1
335
7
chf-ddf 1
id-ddf 1
jh-ddf 2
eb-ddf 1
eij-ddf 1
fcf-ddf 1
bei-ddf 1
336
3
cgc-ddg 5
cdi-ddg 1
eid-ddg 2
337
4
baa-ddh 1
ef-ddh 5
edi-ddh 1
ech-ddh 1
338
5
ef-ddi 3
ehd-ddi 1
cfa-ddi 1
fib-ddi 1
bjc-ddi 2
339
4
ecg-ddj 4
haa-ddj 1
ihj-ddj 1
dia-ddj 2
340
6
ief-dea 1
bgi-dea 2
edh-dea 1
ebe-dea 1
ejd-dea 2
dia-dea 1
341
5
hfg-deb 1
hgj-deb 2
fei-deb 3
hjc-deb 1
cbi-deb 1
342
4
bcgh-dec 3
fdc-dec 1
bfg-dec 1
bg-dec 3
343
5
gij-ded 1
jab-ded 1
ddc-ded 2
bdbb-ded 2
ihf-ded 2
344
5
dhc-dee 1
fhb-dee 2
dej-dee 3
fji-dee 1
cia-dee 1
345
2
bajh-def 3
jfi-def 5
346
5
bceg-deg 2
hia-deg 2
eec-deg 2
cdh-deg 1
fhd-deg 1
347
3
dj-deh 6
ifa-deh 1
iji-deh 1
348
2
gjc-dei 5
fif-dei 3
349
4
bcah-dej 3
dif-dej 1
babg-dej 3
fda-dej 1
350
5
bfb-dfa 1
hab-dfa 1
eai-dfa 1
ege-dfa 1
fie-dfa 4
351
2
ehb-dfb 5
e-dfb 3
352
7
fgg-dfc 1
ddc-dfc 2
ca-dfc 1
ghb-dfc 1
fgj-dfc 1
eb-dfc 1
cjc-dfc 1
353
4
da-dfd 1
bfcc-dfd 1
bbae-dfd 3
idj-dfd 3
354
4
badc-dfe 1
ejd-dfe 3
baac-dfe 1
ii-dfe 3
355
5
ife-dff 2
jha-dff 1
hii-dff 1
gie-dff 1
heg-dff 3
356
3
eib-dfg 3
cdj-dfg 2
dhf-dfg 3
357
5
hg-dfh 1
fee-dfh 4
fhb-dfh 1
beci-dfh 1
bbcb-dfh 1
358
3
hgh-dfi 2
baac-dfi 2
egd-dfi 4
359
2
bbah-dfj 7
ejd-dfj 1
360
3
bcdg-dga 2
fff-dga 4
cb-dga 2
361
2
bcae-dgb 6
cad-dgb 2
362
6
bc-dgc 1
bdbb-dgc 1
c-dgc 2
jic-dgc 1
fib-dgc 2
jja-dgc 1
363
8
ebc-dgd 1
ifb-dgd 1
ifg-dgd 1
cbc-dgd 1
feh-dgd 1
bajj-dgd 1
badi-dgd 1
bbjf-dgd 1
364
5
ef-dge 1
hcj-dge 4
dc-dge 1
bccf-dge 1
beaa-dge 1
365
3
bffd-dgf 3
jfj-dgf 1
bbba-dgf 4
366
2
bg-dgg 7
bced-dgg 1
367
2
idi-dgh 4
dff-dgh 4
368
3
deb-dgi 3
bbf-dgi 4
ibf-dgi 1
369
4
gg-dgj 5
ghb-dgj 1
bcab-dgj 1
bea-dgj 1
370
3
jhi-dha 2
dji-dha 1
dij-dha 5
371
3
d-dhb 4
bajb-dhb 3
ebh-dhb 1
372
7
ccd-dhc 1
bdab-dhc 1
bbed-dhc 1
dfg-dhc 2
bbce-dhc 1
jii-dhc 1
dbg-dhc 1
373
6
cdi-dhd 2
baeg-dhd 1
fhc-dhd 1
ije-dhd 1
hfh-dhd 2
dgh-dhd 1
374
6
ieg-dhe 1
dca-dhe 1
bbhb-dhe 1
bbhi-dhe 1
ehb-dhe 1
bbii-dhe 3
375
4
cjd-dhf 3
baga-dhf 1
ich-dhf 3
ebj-dhf 1
376
4
bfe-dhg 1
begf-dhg 3
beab-dhg 3
ida-dhg 1
377
4
bdac-dhh 2
dgf-dhh 4
bbb-dhh 1
bbh-dhh 1
378
4
fhf-dhi 4
fjf-dhi 1
ihg-dhi 1
ebh-dhi 2
379
7
icc-dhj 1
begh-dhj 2
ecj-dhj 1
idc-dhj 1
idf-dhj 1
ddj-dhj 1
fce-dhj 1
380
3
ecg-dia 1
jcc-dia 4
hge-dia 3
381
4
cfd-dib 4
ffd-dib 1
bgg-dib 1
dhj-dib 2
382
6
hhd-dic 1
hc-dic 1
fh-dic 2
jff-dic 1
bbgj-dic 1
edj-dic 2
383
5
dhg-did 1
bgj-did 1
hid-did 3
bab-did 1
ccj-did 2
384
6
fac-die 1
fig-die 1
jeb-die 1
dci-die 3
baag-die 1
fea-die 1
385
1
bbdh-dif 8
386
3
hih-dig 1
edj-dig 5
fcd-dig 2
387
2
bbjg-dih 4
fdg-dih 4
388
2
bdeg-dii 6
bage-dii 2
389
5
ici-dij 1
eai-dij 4
hhe-dij 1
bacf-dij 1
cga-dij 1
390
1
bdhi-dja 8
391
2
eee-djb 5
jjj-djb 3
392
3
dba-djc 4
ddi-djc 1
jaj-djc 3
393
4
bejh-djd 1
ifd-djd 1
ceb-djd 3
cie-djd 3
394
5
beaj-dje 1
hag-dje 1
dbi-dje 1
he-dje 3
bbj-dje 2
395
2
di-djf 7
eha-djf 1
396
5
efi-djg 2
hca-djg 1
cji-djg 1
jbc-djg 1
bceg-djg 3
397
7
gdg-djh 1
gai-djh 1
cjc-djh 2
bdef-djh 1
beca-djh 1
ebi-djh 1
bif-djh 1
398
3
cha-dji 2
bahj-dji 2
hhj-dji 4
399
4
jib-djj 4
caj-djj 2
dec-djj 1
bbc-djj 1
400
5
ghi-eaa 4
hjj-eaa 1
eji-eaa 1
bee-eaa 1
jbb-eaa 1
401
3
bdha-eab 4
chi-eab 2
bbga-eab 2
402
4
cej-eac 4
bagg-eac 1
bcc-eac 2
jhi-eac 1
403
3
caf-ead 4
chj-ead 1
dce-ead 3
404
6
fhi-eae 1
edd-eae 1
fed-eae 1
gdc-eae 1
icb-eae 2
bic-eae 2
405
3
fgj-eaf 3
fde-eaf 1
jc-eaf 4
406
5
hea-eag 2
ca-eag 1
hgb-eag 1
gff-eag 1
cfa-eag 3
407
4
bbcf-eah 1
bcaj-eah 3
eca-eah 2
gdj-eah 2
408
4
ffa-eai 1
efh-eai 2
be-eai 4
bbec-eai 1
409
3
eae-eaj 4
jfa-eaj 3
beec-eaj 1
410
6
cee-eba 3
gih-eba 1
bif-eba 1
bjj-eba 1
feb-eba 1
bebc-eba 1
411
7
fac-ebb 2
beb-ebb 1
fff-ebb 1
ebg-ebb 1
ffd-ebb 1
ggb-ebb 1
iij-ebb 1
412
2
baej-ebc 7
ecb-ebc 1
413
7
bdae-ebd 2
bcce-ebd 1
dgi-ebd 1
had-ebd 1
cag-ebd 1
badb-ebd 1
ejb-ebd 1
414
4
ebb-ebe 2
bfhc-ebe 1
df-ebe 1
ceb-ebe 4
415
2
bfd-ebf 5
fhf-ebf 3
416
3
ghg-ebg 5
fga-ebg 1
dcf-ebg 2
417
4
hdg-ebh 2
bahf-ebh 2
daf-ebh 2
icg-ebh 2
418
2
hfe-ebi 2
ebd-ebi 6
419
4
djj-ebj 1
ehi-ebj 1
ghd-ebj 1
jgc-ebj 5
420
4
eh-eca 1
dbf-eca 1
jff-eca 5
jga-eca 1
421
2
daj-ecb 6
bchc-ecb 2
422
8
bdie-ecc 1
babd-ecc 1
edi-ecc 1
ejd-ecc 1
bdch-ecc 1
cd-ecc 1
fbe-ecc 1
idf-ecc 1
423
3
dha-ecd 1
jfj-ecd 6
fba-ecd 1
424
4
eaa-ece 1
eeh-ece 1
ecd-ece 1
ici-ece 5
425
5
beh-ecf 2
eed-ecf 1
cib-ecf 1
dc-ecf 3
dgb-ecf 1
426
3
dfa-ecg 6
bcca-ecg 1
fbc-ecg 1
427
4
bajd-ech 2
jjc-ech 1
dbh-ech 4
hcd-ech 1
428
4
jac-eci 2
dh-eci 1
hcg-eci 1
cei-eci 4
429
2
gbj-ecj 7
ihi-ecj 1
430
6
hbd-eda 2
dgb-eda 1
igj-eda 1
dhf-eda 1
bdcg-eda 1
bbdb-eda 2
431
6
gdd-edb 1
jj-edb 1
gec-edb 3
ff-edb 1
fb-edb 1
iia-edb 1
432
4
ihi-edc 2
ggi-edc 3
baa-edc 1
dci-edc 2
433
5
gag-edd 1
bdh-edd 1
ebd-edd 1
cbe-edd 1
dfa-edd 4
434
3
jh-ede 4
jbb-ede 2
ffi-ede 2
435
6
bdag-edf 1
fah-edf 3
hba-edf 1
ci-edf 1
bdfe-edf 1
dic-edf 1
436
5
ggd-edg 1
jgh-edg 1
cde-edg 1
ie-edg 1
bgd-edg 4
437
5
hcd-edh 2
bbgb-edh 2
dah-edh 2
cfj-edh 1
beb-edh 1
438
6
gie-edi 1
bjd-edi 1
egf-edi 1
ccg-edi 3
eja-edi 1
bda-edi 1
439
3
cfb-edj 3
egj-edj 1
egf-edj 4
440
3
bgj-eea 3
djh-eea 4
gcc-eea 1
441
4
bab-eeb 2
hei-eeb 2
dec-eeb 1
hgh-eeb 3
442
3
hci-eec 6
cbe-eec 1
dge-eec 1
443
4
fcg-eed 3
iaa-eed 1
jhc-eed 1
gcd-eed 3
444
3
fgi-eee 6
chb-eee 1
idg-eee 1
445
5
jad-eef 2
bdg-eef 1
bie-eef 1
bdcd-eef 1
dej-eef 3
446
3
bfc-eeg 4
dji-eeg 1
badg-eeg 3
447
3
gbb-eeh 5
bcc-eeh 2
fbd-eeh 1
448
4
fii-eei 1
haj-eei 2
beed-eei 3
bih-eei 2
449
3
bcih-eej 1
bcag-eej 5
bbif-eej 2
450
7
dhd-efa 1
bccg-efa 1
hch-efa 1
ii-efa 2
egc-efa 1
cbb-efa 1
jia-efa 1
451
2
ehc-efb 7
bbgj-efb 1
452
4
hd-efc 1
ehd-efc 2
fdg-efc 3
bhh-efc 2
453
3
iac-efd 2
bbc-efd 5
fei-efd 1
454
2
bcdb-efe 3
ija-efe 5
455
5
jge-eff 1
bjf-eff 3
fff-eff 1
bbed-eff 1
hgf-eff 2
456
5
bcad-efg 2
daf-efg 1
fii-efg 1
iib-efg 2
bbj-efg 2
457
5
igc-efh 1
ded-efh 2
dci-efh 3
bbeg-efh 1
iic-efh 1
458
2
eec-efi 1
eed-efi 7
459
6
gde-efj 1
efe-efj 1
bbca-efj 2
fhc-efj 2
fje-efj 1
bbfa-efj 1
460
7
cbg-ega 1
icf-ega 1
bac-ega 1
feh-ega 2
bja-ega 1
jca-ega 1
bbac-ega 1
461
5
jg-egb 4
hic-egb 1
bcdf-egb 1
efi-egb 1
fdb-egb 1
462
2
ccj-egc 4
ddc-egc 4
463
3
ebd-egd 3
cfa-egd 1
bdhg-egd 4
464
4
dbb-ege 2
ifi-ege 4
ecb-ege 1
fdb-ege 1
465
4
ifd-egf 4
fge-egf 1
eae-egf 1
cha-egf 2
466
5
ed-egg 1
jia-egg 2
idd-egg 1
eaj-egg 3
die-egg 1
467
2
iid-egh 6
gah-egh 2
468
1
hef-egi 8
469
6
jj-egj 3
dbi-egj 1
jdg-egj 1
baih-egj 1
ij-egj 1
ibi-egj 1
470
4
fgd-eha 1
bbi-eha 3
bjj-eha 1
cgh-eha 3
471
3
bfc-ehb 2
hib-ehb 4
bj-ehb 2
472
2
iad-ehc 5
cdh-ehc 3
473
4
hcb-ehd 1
hjj-ehd 2
bffb-ehd 3
dfd-ehd 2
474
4
hje-ehe 3
ibh-ehe 1
di-ehe 2
bebj-ehe 2
475
5
jgj-ehf 2
cac-ehf 2
caa-ehf 2
hgh-ehf 1
fag-ehf 1
476
3
hda-ehg 1
bdgh-ehg 6
edf-ehg 1
477
3
dcc-ehh 2
gcc-ehh 5
ecf-ehh 1
478
3
jfd-ehi 5
bbeg-ehi 1
fef-ehi 2
479
4
hbj-ehj 2
bcgj-ehj 4
eci-ehj 1
baeh-ehj 1
480
5
efb-eia 2
efc-eia 3
cjj-eia 1
ddb-eia 1
bfa-eia 1
481
4
bbbe-eib 2
bcji-eib 3
iih-eib 1
dg-eib 2
482
4
fhi-eic 5
bdfb-eic 1
bfef-eic 1
ebb-eic 1
483
4
hc-eid 2
bddi-eid 1
bfhj-eid 1
bdg-eid 4
484
3
gbb-eie 1
ffj-eie 5
baf-eie 2
485
1
fdf-eif 8
486
3
bfeh-eig 2
ede-eig 2
fdf-eig 4
487
5
efh-eih 1
daa-eih 2
jc-eih 2
ifi-eih 1
cag-eih 2
488
3
bfdi-eii 6
bgb-eii 1
fij-eii 1
489
5
jae-eij 4
dfg-eij 1
ief-eij 1
bje-eij 1
dcc-eij 1
490
3
hej-eja 6
babi-eja 1
iaj-eja 1
491
2
bhc-ejb 2
ibd-ejb 6
492
6
eia-ejc 1
daj-ejc 3
gji-ejc 1
hgb-ejc 1
bcbe-ejc 1
ggd-ejc 1
493
2
iic-ejd 6
ige-ejd 2
494
6
iei-eje 3
ebj-eje 1
ege-eje 1
cif-eje 1
gic-eje 1
bfj-eje 1
495
1
bfja-ejf 8
496
4
ghb-ejg 3
chd-ejg 2
feg-ejg 1
eb-ejg 2
497
2
idi-ejh 1
bbi-ejh 7
498
5
hfb-eji 2
d-eji 3
dih-eji 1
cdd-eji 1
cgh-eji 1
499
2
chf-ejj 2
hif-ejj 6
500
5
dfb-faa 3
bbba-faa 2
deg-faa 1
dhg-faa 1
ice-faa 1
501
2
dda-fab 5
dbf-fab 3
502
5
bbii-fac 1
cbi-fac 1
hbc-fac 2
cbh-fac 1
hdh-fac 3
503
5
bdjg-fad 1
baei-fad 1
cfh-fad 1
fgd-fad 4
iej-fad 1
504
3
bdia-fae 5
fje-fae 2
baba-fae 1
505
3
hid-faf 3
bcja-faf 2
ice-faf 3
506
4
dbf-fag 1
hcd-fag 1
bahb-fag 2
ggd-fag 4
507
2
jbj-fah 5
bjf-fah 3
508
5
fdh-fai 1
badj-fai 1
eff-fai 1
gdj-fai 2
bcj-fai 3
509
6
ghi-faj 1
fgi-faj 1
ggb-faj 2
iii-faj 1
bhe-faj 1
ga-faj 2
510
3
bbdb-fba 3
cdi-fba 4
dii-fba 1
511
4
jih-fbb 1
jgi-fbb 1
geh-fbb 1
fid-fbb 5
512
2
fej-fbc 2
baag-fbc 6
513
5
jhc-fbd 2
eai-fbd 2
bih-fbd 1
hej-fbd 1
ejj-fbd 2
514
2
fgi-fbe 7
bceh-fbe 1
515
1
jbh-fbf 8
516
2
dff-fbg 2
edb-fbg 6
517
6
fgb-fbh 1
bc-fbh 1
ib-fbh 3
hca-fbh 1
fdh-fbh 1
bcjg-fbh 1
518
5
bjb-fbi 3
dcc-fbi 1
eah-fbi 1
ebf-fbi 1
cfg-fbi 2
519
6
ieg-fbj 2
fch-fbj 1
fdc-fbj 1
hdc-fbj 1
beig-fbj 1
hb-fbj 2
520
4
jib-fca 3
dce-fca 1
bccg-fca 3
gaj-fca 1
521
4
bcdf-fcb 2
bhb-fcb 3
h-fcb 2
hbb-fcb 1
522
4
bfca-fcc 1
gic-fcc 2
fjh-fcc 4
gbd-fcc 1
523
2
ghf-fcd 3
cba-fcd 5
524
2
baec-fce 7
gia-fce 1
525
5
cce-fcf 4
ehe-fcf 1
baib-fcf 1
ebi-fcf 1
bff-fcf 1
526
3
bbe-fcg 4
bcah-fcg 2
gcc-fcg 2
527
7
ecb-fch 2
beaj-fch 1
hfc-fch 1
cjb-fch 1
eae-fch 1
fcf-fch 1
bcee-fch 1
528
8
bbea-fci 1
dfd-fci 1
iei-fci 1
iba-fci 1
dfh-fci 1
dei-fci 1
bjf-fci 1
fhg-fci 1
529
6
heb-fcj 2
egd-fcj 2
ghc-fcj 1
ffb-fcj 1
hge-fcj 1
fcg-fcj 1
530
5
cfd-fda 4
edf-fda 1
bhi-fda 1
bbbd-fda 1
bhj-fda 1
531
4
def-fdb 2
ccf-fdb 2
eha-fdb 1
bcga-fdb 3
532
5
dad-fdc 2
bbjb-fdc 1
cif-fdc 1
eg-fdc 1
dhh-fdc 3
533
7
hid-fdd 1
edd-fdd 1
bei-fdd 1
baei-fdd 1
bfha-fdd 1
eaf-fdd 1
bfie-fdd 2
534
3
fih-fde 5
jj-fde 2
egb-fde 1
535
6
fdg-fdf 1
bade-fdf 2
ibe-fdf 1
cgg-fdf 1
fbj-fdf 1
gdc-fdf 2
536
4
bdhg-fdg 3
gje-fdg 3
bhi-fdg 1
bach-fdg 1
537
7
bcjh-fdh 1
deb-fdh 1
gf-fdh 1
hjd-fdh 2
cdc-fdh 1
ffa-fdh 1
cjd-fdh 1
538
1
jii-fdi 8
539
2
hbh-fdj 2
bdfh-fdj 6
540
4
bdcd-fea 1
ee-fea 3
bceb-fea 2
bbia-fea 2
541
5
ieb-feb 1
dfh-feb 3
ibd-feb 2
hgh-feb 1
ih-feb 1
542
3
bfij-fec 5
bfcg-fec 1
ffe-fec 2
543
4
fdh-fed 2
bbhb-fed 4
hdi-fed 1
fjd-fed 1
544
5
ecb-fee 1
ihf-fee 1
be-fee 1
bbaa-fee 1
fff-fee 4
545
4
bfdg-fef 3
dfe-fef 3
je-fef 1
bbfh-fef 1
546
6
ijc-feg 3
bd-feg 1
bi-feg 1
hgh-feg 1
bcgj-feg 1
ihh-feg 1
547
5
bch-feh 1
bbdc-feh 1
hei-feh 1
djg-feh 1
chc-feh 4
548
3
bcgi-fei 1
begd-fei 5
eeg-fei 2
549
4
gcg-fej 3
eji-fej 2
dfe-fej 2
hhe-fej 1
550
5
df-ffa 2
gch-ffa 1
bfef-ffa 1
idb-ffa 1
dce-ffa 3
551
6
i-ffb 1
dab-ffb 1
jfe-ffb 1
ica-ffb 1
cfd-ffb 3
cbd-ffb 1
552
3
bgc-ffc 6
bdj-ffc 1
hbb-ffc 1
553
3
jaf-ffd 2
eia-ffd 1
dij-ffd 5
554
2
hdc-ffe 2
baba-ffe 6
555
7
hfd-fff 1
edi-fff 2
chc-fff 1
fgj-fff 1
jbf-fff 1
baae-fff 1
baj-fff 1
556
1
ffi-ffg 8
557
2
e-ffh 4
fja-ffh 4
558
4
fed-ffi 3
cdj-ffi 1
cif-ffi 1
bcdd-ffi 3
559
4
gih-ffj 2
baid-ffj 1
dfd-ffj 1
gfi-ffj 4
560
7
cie-fga 1
gei-fga 1
bbhg-fga 1
eae-fga 1
bhe-fga 1
ceb-fga 1
igi-fga 2
561
3
dba-fgb 2
eei-fgb 1
gff-fgb 5
562
2
dgd-fgc 3
bagf-fgc 5
563
6
bfff-fgd 3
bfic-fgd 1
dij-fgd 1
fb-fgd 1
bie-fgd 1
ffa-fgd 1
564
2
gjf-fge 5
ibf-fge 3
565
2
ha-fgf 3
def-fgf 5
566
1
ice-fgg 8
567
3
dbh-fgh 2
jjf-fgh 1
jcf-fgh 5
568
4
bcbi-fgi 2
hjf-fgi 1
eeh-fgi 4
dfg-fgi 1
569
2
bdc-fgj 4
ghj-fgj 4
570
3
bfig-fha 2
bfi-fha 2
fhc-fha 4
571
6
bajf-fhb 2
feb-fhb 1
beaa-fhb 1
bfcb-fhb 1
hfe-fhb 1
beeb-fhb 2
572
6
bfed-fhc 1
bgea-fhc 1
bbi-fhc 2
ijj-fhc 1
cba-fhc 2
hch-fhc 1
573
4
dea-fhd 4
dgi-fhd 1
cih-fhd 2
hic-fhd 1
574
3
ebh-fhe 2
gge-fhe 5
hci-fhe 1
575
1
gad-fhf 8
576
4
bbfh-fhg 3
da-fhg 1
jbb-fhg 3
fjc-fhg 1
577
1
cba-fhh 8
578
4
idd-fhi 5
jcb-fhi 1
bja-fhi 1
bcgj-fhi 1
579
5
bgde-fhj 1
gaj-fhj 3
fgf-fhj 1
ii-fhj 2
fag-fhj 1
580
2
hga-fia 1
gcc-fia 7
581
2
gjb-fib 4
fgb-fib 4
582
4
ijd-fic 3
cif-fic 1
cea-fic 3
bgaj-fic 1
583
5
bbaa-fid 2
cih-fid 1
fh-fid 1
gif-fid 1
hh-fid 3
584
2
efe-fie 7
bccf-fie 1
585
3
gge-fif 1
ibj-fif 5
bfcg-fif 2
586
4
ejg-fig 4
dec-fig 1
bfj-fig 1
eib-fig 2
587
3
bcc-fih 4
ed-fih 1
id-fih 3
588
4
gde-fii 1
bcfh-fii 1
bagb-fii 1
haf-fii 5
589
3
bdfi-fij 3
fdf-fij 1
ebj-fij 4
590
3
bhf-fja 3
edj-fja 1
cih-fja 4
591
8
cja-fjb 1
hc-fjb 1
bggb-fjb 1
hae-fjb 1
gef-fjb 1
caa-fjb 1
egg-fjb 1
gcg-fjb 1
592
5
baee-fjc 4
hdf-fjc 1
cie-fjc 1
bcff-fjc 1
dbg-fjc 1
593
2
ecc-fjd 7
cif-fjd 1
594
4
hdj-fje 3
fba-fje 1
hci-fje 1
bbac-fje 3
595
3
bahg-fjf 2
jhf-fjf 3
fhc-fjf 3
596
2
bhg-fjg 5
bcfe-fjg 3
597
4
ddd-fjh 1
baij-fjh 1
babb-fjh 4
g-fjh 2
598
8
ehf-fji 1
ejc-fji 1
iga-fji 1
bddi-fji 1
cdf-fji 1
fij-fji 1
bgb-fji 1
jbi-fji 1
599
3
gj-fjj 4
ddi-fjj 2
bbg-fjj 2
600
3
bacj-gaa 5
gbb-gaa 1
gjf-gaa 2
601
2
gdh-gab 3
ca-gab 5
602
1
cca-gac 8
603
6
cdf-gad 2
hij-gad 1
bdfe-gad 1
jjh-gad 1
bjc-gad 1
bf-gad 2
604
7
jci-gae 2
hca-gae 1
bd-gae 1
ceb-gae 1
ghc-gae 1
bfi-gae 1
eig-gae 1
605
1
bjh-gaf 8
606
4
jij-gag 2
dgc-gag 1
bahg-gag 1
dff-gag 4
607
5
cdd-gah 1
cjc-gah 1
fac-gah 1
ici-gah 1
iaf-gah 4
608
1
daa-gai 8
609
4
ccf-gaj 2
di-gaj 1
iae-gaj 3
bcde-gaj 2
610
4
fdi-gba 5
bbge-gba 1
bbib-gba 1
hgc-gba 1
611
6
efh-gbb 1
becb-gbb 1
dhf-gbb 1
cgb-gbb 1
bfjj-gbb 3
eja-gbb 1
612
3
bbhc-gbc 1
baab-gbc 1
bbh-gbc 6
613
4
bbcd-gbd 2
gca-gbd 1
fcb-gbd 3
cg-gbd 2
614
1
bgfd-gbe 8
615
4
bdcf-gbf 4
bbeh-gbf 1
fgd-gbf 1
ccj-gbf 2
616
4
dga-gbg 2
dhh-gbg 1
hhb-gbg 4
bbcb-gbg 1
617
2
ff-gbh 4
ejj-gbh 4
618
7
ej-gbi 2
bacg-gbi 1
dib-gbi 1
dbi-gbi 1
ifc-gbi 1
cfd-gbi 1
bbeh-gbi 1
619
4
bbfi-gbj 3
jej-gbj 2
eaa-gbj 1
gch-gbj 2
620
3
haj-gca 4
hbg-gca 1
jig-gca 3
621
4
jca-gcb 1
bch-gcb 1
cab-gcb 5
bfbd-gcb 1
622
8
ejb-gcc 1
bafc-gcc 1
baad-gcc 1
iie-gcc 1
bbii-gcc 1
cdh-gcc 1
baee-gcc 1
gaj-gcc 1
623
3
egf-gcd 4
bbjd-gcd 2
ja-gcd 2
624
2
fai-gce 5
dhb-gce 3
625
3
baii-gcf 1
daf-gcf 3
cgj-gcf 4
626
4
chg-gcg 1
cce-gcg 2
hgd-gcg 4
ijg-gcg 1
627
4
bdc-gch 1
ffb-gch 2
cih-gch 4
fjh-gch 1
628
3
igb-gci 4
cea-gci 1
bga-gci 3
629
2
ebb-gcj 2
ged-gcj 6
630
2
ihh-gda 7
bdcf-gda 1
631
4
eah-gdb 3
bbg-gdb 1
bdci-gdb 2
cb-gdb 2
632
5
igj-gdc 2
ifc-gdc 1
babf-gdc 2
gbe-gdc 1
cah-gdc 2
633
4
hfi-gdd 5
bcag-gdd 1
dgb-gdd 1
efh-gdd 1
634
4
cdd-gde 2
gah-gde 3
baeb-gde 1
gba-gde 2
635
4
hjh-gdf 4
gfe-gdf 1
bhc-gdf 1
bchf-gdf 2
636
4
db-gdg 3
bddj-gdg 3
bajh-gdg 1
hag-gdg 1
637
3
if-gdh 5
bdfd-gdh 1
jci-gdh 2
638
1
jcc-gdi 8
639
3
dib-gdj 4
cei-gdj 3
gjg-gdj 1
640
5
dea-gea 1
eaa-gea 4
cda-gea 1
jh-gea 1
edi-gea 1
641
4
hhd-geb 4
begg-geb 1
hfa-geb 1
eff-geb 2
642
1
ihd-gec 8
643
1
bdbj-ged 8
644
1
dda-gee 8
645
4
gfh-gef 1
dfi-gef 1
gij-gef 3
bdgj-gef 3
646
4
gaj-geg 2
bfcj-geg 3
baaa-geg 1
cie-geg 2
647
3
jg-geh 2
iai-geh 4
bjh-geh 2
648
3
daf-gei 5
ffa-gei 1
iba-gei 2
649
5
bge-gej 2
hgi-gej 1
gda-gej 1
cab-gej 2
fec-gej 2
650
2
hbc-gfa 7
bgeg-gfa 1
651
4
gfj-gfb 1
g-gfb 3
jhj-gfb 3
bcbi-gfb 1
652
3
baha-gfc 2
bcb-gfc 5
bche-gfc 1
653
3
bdbg-gfd 4
hjb-gfd 3
gch-gfd 1
654
3
bif-gfe 6
baci-gfe 1
hfa-gfe 1
655
7
bga-gff 2
idi-gff 1
jbi-gff 1
ehe-gff 1
egf-gff 1
eci-gff 1
hh-gff 1
656
3
chc-gfg 4
bahh-gfg 2
jaj-gfg 2
657
4
ffb-gfh 4
jaj-gfh 1
bi-gfh 1
iga-gfh 2
658
4
ech-gfi 1
ghc-gfi 3
jeh-gfi 3
becd-gfi 1
659
1
bdba-gfj 8
660
2
hhe-gga 2
bhe-gga 6
661
2
eae-ggb 6
bee-ggb 2
662
2
bgae-ggc 6
id-ggc 2
663
3
djj-ggd 3
igd-ggd 3
jhh-ggd 2
664
8
ehc-gge 1
eeb-gge 1
bdc-gge 1
beai-gge 1
bfid-gge 1
efd-gge 1
gaj-gge 1
ifg-gge 1
665
4
feh-ggf 1
bcdj-ggf 1
jfj-ggf 1
hab-ggf 5
666
4
caf-ggg 3
dij-ggg 1
die-ggg 2
bih-ggg 2
667
1
cab-ggh 8
668
3
cgh-ggi 3
bfc-ggi 3
cbc-ggi 2
670
4
bfgj-gha 1
gii-gha 1
gdh-gha 3
ifc-gha 3
671
5
bgae-ghb 1
bbfg-ghb 1
idb-ghb 1
bbff-ghb 1
bgef-ghb 4
672
6
begg-ghc 2
fhi-ghc 1
cib-ghc 2
beid-ghc 1
bch-ghc 1
fea-ghc 1
673
3
bae-ghd 6
did-ghd 1
egj-ghd 1
674
3
ccb-ghe 3
ggg-ghe 3
cji-ghe 2
675
1
ggb-ghf 8
676
2
fhb-ghg 7
dhh-ghg 1
677
2
bacj-ghh 6
cbc-ghh 2
678
3
hai-ghi 1
daf-ghi 5
cic-ghi 2
679
4
hec-ghj 4
bcbc-ghj 1
fdb-ghj 1
fcd-ghj 2
680
4
hbf-gia 2
egg-gia 4
ied-gia 1
ccg-gia 1
681
3
ehj-gib 1
bbhf-gib 4
cic-gib 3
682
5
fed-gic 2
bjc-gic 1
gge-gic 3
dhi-gic 1
bbga-gic 1
683
1
cjj-gid 8
684
2
ici-gie 6
iih-gie 2
685
5
bcig-gif 1
bcdi-gif 3
gdf-gif 1
jea-gif 2
hge-gif 1
686
3
ijf-gig 3
bbe-gig 2
cec-gig 3
687
3
baai-gih 5
die-gih 1
bbfb-gih 2
688
2
ib-gii 7
baab-gii 1
689
5
bei-gij 1
ehf-gij 1
ehh-gij 2
fgh-gij 3
ibd-gij 1
690
2
bajc-gja 6
ecd-gja 2
691
1
ebc-gjb 8
692
5
hg-gjc 1
behb-gjc 1
ca-gjc 1
gbe-gjc 2
hji-gjc 3
693
1
gad-gjd 8
694
3
b-gje 6
bhc-gje 1
bbdf-gje 1
695
3
dig-gjf 4
hdh-gjf 3
ieg-gjf 1
696
6
bfb-gjg 3
bdda-gjg 1
dci-gjg 1
egg-gjg 1
behg-gjg 1
bbic-gjg 1
697
3
dfd-gjh 1
cbg-gjh 6
cje-gjh 1
698
1
bbgf-gji 8
699
3
iii-gjj 5
fbi-gjj 1
hhe-gjj 2
700
4
dbe-haa 2
bcea-haa 4
dg-haa 1
bjj-haa 1
701
3
gc-hab 4
fij-hab 3
bcfg-hab 1
702
3
bcbg-hac 1
gdb-hac 4
gid-hac 3
703
1
iec-had 8
704
6
idb-hae 2
bbic-hae 1
chi-hae 1
fac-hae 1
hea-hae 2
ije-hae 1
705
5
jji-haf 1
gic-haf 1
jda-haf 3
cdd-haf 2
bbcd-haf 1
706
6
dfg-hag 1
bcgb-hag 1
hje-hag 2
dic-hag 2
ecj-hag 1
beje-hag 1
707
2
fda-hah 5
efj-hah 3
708
2
bce-hai 1
hfh-hai 7
709
1
bdjj-haj 8
710
2
bega-hba 2
bdbi-hba 6
711
4
fac-hbb 1
eee-hbb 1
cgj-hbb 3
cfb-hbb 3
712
2
jdg-hbc 6
ffc-hbc 2
713
5
bdff-hbd 2
iah-hbd 1
bcbd-hbd 1
bei-hbd 1
eij-hbd 3
714
2
fc-hbe 6
fji-hbe 2
715
3
dga-hbf 6
fcf-hbf 1
jf-hbf 1
716
5
ife-hbg 1
bdjf-hbg 1
jh-hbg 1
gde-hbg 1
egh-hbg 4
717
4
ifg-hbh 4
babe-hbh 2
ci-hbh 1
dbj-hbh 1
718
2
jfh-hbi 4
egd-hbi 4
719
2
bedf-hbj 5
jge-hbj 3
720
6
ibe-hca 1
hcf-hca 1
g-hca 1
jid-hca 3
cib-hca 1
ead-hca 1
721
4
ffe-hcb 3
jba-hcb 2
bdfa-hcb 1
bahd-hcb 2
722
2
iee-hcc 3
cie-hcc 5
723
3
bdhb-hcd 3
bgi-hcd 2
jee-hcd 3
724
6
bchf-hce 2
eab-hce 1
bde-hce 1
dha-hce 1
beaf-hce 2
ejf-hce 1
725
5
bbae-hcf 1
b-hcf 2
hhc-hcf 2
gad-hcf 1
cih-hcf 2
726
4
jjg-hcg 2
baed-hcg 1
ja-hcg 1
ibf-hcg 4
727
4
fci-hch 4
jcb-hch 1
ghe-hch 2
gdg-hch 1
728
5
fbf-hci 1
geh-hci 1
ggi-hci 1
bdff-hci 4
baef-hci 1
729
4
bbbg-hcj 2
jd-hcj 3
eec-hcj 1
bbgd-hcj 2
730
5
eda-hda 2
idc-hda 1
ea-hda 3
dec-hda 1
ffb-hda 1
731
4
bejg-hdb 2
jh-hdb 1
fei-hdb 4
bfhg-hdb 1
732
6
jbf-hdc 3
bdac-hdc 1
befb-hdc 1
cej-hdc 1
gig-hdc 1
cbi-hdc 1
733
2
bdg-hdd 2
cih-hdd 6
734
3
bbjf-hde 5
gdj-hde 1
jfh-hde 2
735
5
bbha-hdf 2
dci-hdf 2
gbh-hdf 1
bcfg-hdf 2
fad-hdf 1
736
3
dac-hdg 4
eba-hdg 3
fjc-hdg 1
737
2
fec-hdh 6
ihb-hdh 2
738
3
beah-hdi 3
bic-hdi 1
iae-hdi 4
739
4
haa-hdj 2
eci-hdj 1
bci-hdj 1
jbj-hdj 4
740
8
befg-hea 1
fdf-hea 1
cb-hea 1
jjg-hea 1
bdfd-hea 1
bcji-hea 1
djb-hea 1
jb-hea 1
741
2
icg-heb 5
fab-heb 3
742
4
fai-hec 3
bdhc-hec 2
bdda-hec 2
bfjg-hec 1
743
3
ffe-hed 6
bfei-hed 1
bcbg-hed 1
744
3
ijb-hee 5
bfhd-hee 2
gbf-hee 1
745
4
beg-hef 5
bjd-hef 1
bfch-hef 1
gha-hef 1
746
3
fid-heg 3
ceb-heg 4
bcdd-heg 1
747
4
hii-heh 1
dcb-heh 1
ed-heh 3
ggc-heh 3
748
3
if-hei 4
fad-hei 1
ie-hei 3
749
4
cec-hej 1
gcc-hej 2
ccd-hej 1
bgbd-hej 4
750
4
dgc-hfa 4
befe-hfa 1
jhg-hfa 1
jga-hfa 2
751
4
bff-hfb 1
icd-hfb 1
egc-hfb 5
gc-hfb 1
752
3
gjh-hfc 4
gab-hfc 1
bcdc-hfc 3
753
4
bad-hfd 1
bcec-hfd 2
ddc-hfd 3
eih-hfd 2
754
3
gac-hfe 2
ejg-hfe 3
bahd-hfe 3
755
3
hge-hff 5
bacc-hff 2
bbci-hff 1
756
3
bbac-hfg 4
gfd-hfg 1
ij-hfg 3
757
4
bbaj-hfh 2
eci-hfh 2
ede-hfh 3
ihf-hfh 1
758
2
beih-hfi 6
eci-hfi 2
759
3
bfhi-hfj 2
gaa-hfj 1
jfc-hfj 5
760
2
fdb-hga 5
bbg-hga 3
761
6
hfc-hgb 1
dfj-hgb 1
iaj-hgb 1
gcc-hgb 1
bccd-hgb 1
bdf-hgb 3
762
4
hje-hgc 4
dej-hgc 1
fia-hgc 1
fea-hgc 2
763
2
bbfa-hgd 2
bedb-hgd 6
764
2
beff-hge 7
efg-hge 1
765
4
icd-hgf 3
bci-hgf 1
bafe-hgf 3
fea-hgf 1
766
2
ehf-hgg 4
baib-hgg 4
767
2
dej-hgh 6
deg-hgh 2
768
3
cdb-hgi 6
baja-hgi 1
baai-hgi 1
770
5
baad-hha 4
hdd-hha 1
ihj-hha 1
bi-hha 1
ii-hha 1
771
4
bbaj-hhb 3
dfa-hhb 1
bbaa-hhb 2
gfa-hhb 2
772
3
eia-hhc 3
beff-hhc 2
fhc-hhc 3
773
3
gaa-hhd 3
bdec-hhd 1
ch-hhd 4
774
5
gja-hhe 4
fcd-hhe 1
eff-hhe 1
bdfa-hhe 1
dji-hhe 1
775
3
ed-hhf 4
bcf-hhf 2
bafj-hhf 2
776
4
ga-hhg 3
bcd-hhg 2
hbb-hhg 2
dgd-hhg 1
777
2
haa-hhh 7
ebd-hhh 1
778
1
bdci-hhi 8
779
7
chi-hhj 1
cbg-hhj 1
hie-hhj 1
idc-hhj 2
beb-hhj 1
bfag-hhj 1
jec-hhj 1
780
3
jdd-hia 6
bbie-hia 1
dbf-hia 1
781
2
bbi-hib 4
bbfb-hib 4
782
4
chh-hic 1
bgcf-hic 2
dcc-hic 1
dhd-hic 4
783
1
bgdg-hid 8
784
1
bgbb-hie 8
785
3
fje-hif 6
cii-hif 1
ggc-hif 1
786
3
fig-hig 2
gb-hig 1
che-hig 5
787
4
ddh-hih 3
bdbe-hih 1
iaf-hih 1
bfg-hih 3
788
4
jaj-hii 1
fej-hii 3
djb-hii 3
cgi-hii 1
789
6
dif-hij 1
fj-hij 1
bji-hij 1
bbbd-hij 3
hag-hij 1
jff-hij 1
790
2
gbd-hja 6
fae-hja 2
791
3
cfh-hjb 6
bde-hjb 1
cbb-hjb 1
792
6
gaj-hjc 2
bbfi-hjc 2
bfhe-hjc 1
hcc-hjc 1
ifd-hjc 1
hbi-hjc 1
793
2
bbd-hjd 4
fef-hjd 4
794
2
bdja-hje 5
fgj-hje 3
795
3
edj-hjf 5
beji-hjf 2
gid-hjf 1
796
7
jdh-hjg 2
gdj-hjg 1
igd-hjg 1
cfa-hjg 1
gci-hjg 1
jgg-hjg 1
eda-hjg 1
797
2
bcg-hjh 5
caj-hjh 3
798
3
hfj-hji 4
bba-hji 1
iac-hji 3
799
7
gah-hjj 1
bace-hjj 1
bgc-hjj 1
cjf-hjj 1
fgd-hjj 1
beea-hjj 2
fe-hjj 1
800
6
jcg-iaa 1
cij-iaa 1
eef-iaa 3
deb-iaa 1
dhc-iaa 1
ead-iaa 1
801
3
ech-iab 4
cdh-iab 2
bdbh-iab 2
802
3
hbi-iac 1
hia-iac 3
eic-iac 4
803
4
d-iad 2
cba-iad 1
cgd-iad 2
dd-iad 3
804
5
cjg-iae 2
bcd-iae 1
cdf-iae 2
cib-iae 2
fjd-iae 1
805
2
gjf-iaf 1
jd-iaf 7
806
4
bage-iag 2
ihd-iag 1
ejg-iag 4
begg-iag 1
807
2
dad-iah 1
fei-iah 7
808
4
beja-iai 2
gf-iai 1
dje-iai 1
jh-iai 4
809
2
gbh-iaj 7
bddg-iaj 1
810
5
bbba-iba 2
bafb-iba 1
bcb-iba 1
ejb-iba 1
bbbj-iba 3
811
2
bead-ibb 1
iha-ibb 7
812
2
egb-ibc 5
bbgf-ibc 3
813
2
bgcj-ibd 3
bdhd-ibd 5
814
3
fba-ibe 6
bbcc-ibe 1
jbe-ibe 1
815
3
bffh-ibf 6
dih-ibf 1
dje-ibf 1
816
4
efj-ibg 2
fhg-ibg 2
ceb-ibg 1
bafg-ibg 3
817
3
eja-ibh 1
bahj-ibh 6
babb-ibh 1
818
4
bjc-ibi 1
fdi-ibi 5
fii-ibi 1
jib-ibi 1
819
4
bbdb-ibj 1
hae-ibj 5
dfd-ibj 1
bbcd-ibj 1
820
5
dgi-ica 1
becf-ica 1
edc-ica 3
bcfh-ica 1
jde-ica 2
821
3
hfi-icb 2
fib-icb 1
fhj-icb 5
823
5
jaj-icd 3
hj-icd 1
eig-icd 1
jaa-icd 1
hcd-icd 2
824
3
ehd-ice 5
hgi-ice 2
jfh-ice 1
825
4
bcha-icf 4
fce-icf 2
dbb-icf 1
cih-icf 1
826
3
bjj-icg 2
gcg-icg 3
bcdi-icg 3
827
1
beei-ich 8
828
3
cj-ici 5
jc-ici 2
dfa-ici 1
829
2
hbe-icj 6
jie-icj 2
830
4
hee-ida 3
ehj-ida 2
bcfd-ida 1
bhf-ida 2
831
7
jcb-idb 1
cii-idb 1
ghi-idb 1
bfjd-idb 2
bach-idb 1
fce-idb 1
cdh-idb 1
832
3
iij-idc 6
gjg-idc 1
djj-idc 1
833
4
fj-idd 5
bbah-idd 1
bfda-idd 1
fih-idd 1
834
1
fgc-ide 8
835
5
jhi-idf 1
dh-idf 2
efa-idf 3
bajg-idf 1
dii-idf 1
836
4
bagf-idg 3
ic-idg 2
dhd-idg 1
bfi-idg 2
837
1
gdg-idh 8
838
5
ech-idi 1
bbdd-idi 1
bgfa-idi 1
hhc-idi 4
baeh-idi 1
839
3
fdj-idj 6
bcc-idj 1
bgf-idj 1
840
4
bij-iea 5
bebf-iea 1
chb-iea 1
eeb-iea 1
841
3
bdaj-ieb 5
bbie-ieb 1
fhb-ieb 2
842
4
bbca-iec 1
iff-iec 1
hfh-iec 1
hfg-iec 5
843
4
bbid-ied 2
bche-ied 2
jac-ied 1
hhb-ied 3
844
3
efc-iee 3
baje-iee 4
bdcd-iee 1
845
4
bfc-ief 3
hag-ief 1
ea-ief 1
bbah-ief 3
846
5
hcd-ieg 1
ebg-ieg 4
ffh-ieg 1
idd-ieg 1
fjj-ieg 1
847
4
bjg-ieh 1
bge-ieh 1
caj-ieh 4
bchj-ieh 2
848
5
behf-iei 2
bcgb-iei 1
hgi-iei 1
efg-iei 1
dbf-iei 3
849
2
bdi-iej 3
bbh-iej 5
850
4
bbbi-ifa 1
ccc-ifa 4
hcf-ifa 1
bdbe-ifa 2
851
2
bagh-ifb 7
dfh-ifb 1
852
6
bchg-ifc 1
gfa-ifc 1
jid-ifc 1
ejj-ifc 1
cee-ifc 1
fdj-ifc 3
853
4
ijh-ifd 5
bbhd-ifd 1
cf-ifd 1
bah-ifd 1
854
3
dad-ife 5
hjf-ife 1
bbdj-ife 2
855
5
bjb-iff 3
jgf-iff 1
efe-iff 1
cgi-iff 1
fb-iff 2
856
3
bgeb-ifg 1
be-ifg 6
jci-ifg 1
857
3
baga-ifh 1
cid-ifh 1
baai-ifh 6
858
2
bcci-ifi 7
badf-ifi 1
859
1
chb-ifj 8
860
2
ebb-iga 7
gfj-iga 1
861
2
gb-igb 6
cif-igb 2
862
3
bcgi-igc 5
eaf-igc 1
gh-igc 2
863
3
ggg-igd 3
ife-igd 2
hfd-igd 3
864
3
dbi-ige 4
dbj-ige 1
hjc-ige 3
866
1
babd-igg 8
867
1
hag-igh 8
868
3
gag-igi 5
bcbj-igi 1
bbg-igi 2
869
4
dde-igj 2
gih-igj 4
jba-igj 1
bdie-igj 1
870
4
jfa-iha 3
bbfe-iha 1
hgf-iha 2
bcdj-iha 2
871
2
bbcj-ihb 3
eii-ihb 5
872
3
jfd-ihc 1
eba-ihc 5
ehj-ihc 2
873
4
fj-ihd 2
bgei-ihd 1
behh-ihd 2
bbdd-ihd 3
874
3
hdg-ihe 5
hdi-ihe 2
hdj-ihe 1
875
4
ijj-ihf 2
eh-ihf 2
bfcc-ihf 3
bbad-ihf 1
876
4
gij-ihg 1
gbf-ihg 1
bcj-ihg 5
cdj-ihg 1
877
3
eef-ihh 4
gih-ihh 3
cib-ihh 1
878
5
bdgf-ihi 1
jg-ihi 1
hdb-ihi 2
bebh-ihi 3
gjh-ihi 1
879
2
caf-ihj 4
cef-ihj 4
880
3
fgb-iia 2
hfh-iia 1
fid-iia 5
881
5
bafa-iib 1
id-iib 3
cfb-iib 1
baeb-iib 1
chd-iib 2
882
4
gfa-iic 1
jje-iic 3
iie-iic 3
fag-iic 1
883
3
cej-iid 3
ffa-iid 1
iae-iid 4
884
5
cbb-iie 4
bec-iie 1
jee-iie 1
bejf-iie 1
bgc-iie 1
885
2
bbei-iif 7
hif-iif 1
886
2
hcg-iig 3
hjb-iig 5
887
1
hbj-iih 8
888
1
bbib-iii 8
889
1
baaa-iij 8
890
2
dbj-ija 6
iaa-ija 2
891
1
ega-ijb 8
892
3
cgi-ijc 1
bbf-ijc 4
bcij-ijc 3
893
3
hfi-ijd 6
gdh-ijd 1
beda-ijd 1
894
4
bef-ije 3
bbbj-ije 1
gda-ije 2
beef-ije 2
895
2
bj-ijf 5
hei-ijf 3
896
2
ig-ijg 5
behi-ijg 3
897
2
hhg-ijh 7
bii-ijh 1
898
1
gd-iji 8
899
2
iaf-ijj 6
cff-ijj 2
900
2
bbjh-jaa 3
jbg-jaa 5
901
2
baej-jab 3
gbe-jab 5
902
5
ibb-jac 2
hca-jac 1
ejj-jac 1
ghg-jac 2
bgg-jac 2
903
2
bcij-jad 3
djc-jad 5
904
2
cja-jae 7
bbih-jae 1
905
2
bgd-jaf 7
bdig-jaf 1
906
3
bdij-jag 5
cbc-jag 2
cg-jag 1
907
5
bchh-jah 2
bajg-jah 1
fie-jah 3
bcif-jah 1
baia-jah 1
908
5
bbbg-jai 3
gbj-jai 1
hah-jai 2
efa-jai 1
bffi-jai 1
909
2
iic-jaj 7
ebd-jaj 1
910
3
cgd-jba 2
bdef-jba 2
gej-jba 4
911
2
dhg-jbb 4
gjc-jbb 4
912
2
jca-jbc 4
gbg-jbc 4
913
3
bgh-jbd 5
dij-jbd 2
bfad-jbd 1
914
2
de-jbe 4
bbig-jbe 4
915
4
hai-jbf 1
bedi-jbf 5
cc-jbf 1
gfg-jbf 1
916
4
bdid-jbg 2
ehd-jbg 3
baie-jbg 1
bjd-jbg 2
917
3
babf-jbh 6
bji-jbh 1
dbd-jbh 1
918
2
hai-jbi 6
bdcc-jbi 2
919
4
jhb-jbj 2
daa-jbj 2
hdc-jbj 3
ejd-jbj 1
920
4
idf-jca 5
jfg-jca 1
jde-jca 1
fdh-jca 1
921
4
faj-jcb 1
hhf-jcb 2
ihh-jcb 4
gae-jcb 1
922
3
gfb-jcc 5
fjg-jcc 2
fej-jcc 1
923
4
hgh-jcd 3
jcc-jcd 1
ied-jcd 2
bagh-jcd 2
924
1
bafi-jce 8
925
3
ghe-jcf 3
djc-jcf 4
igj-jcf 1
926
3
cfj-jcg 1
ggg-jcg 3
babe-jcg 4
927
1
hhh-jch 8
928
6
fch-jci 2
hhe-jci 1
gih-jci 1
fb-jci 1
beia-jci 2
bfbf-jci 1
930
3
bdig-jda 5
cjb-jda 2
bgdf-jda 1
931
5
hge-jdb 1
jhc-jdb 1
bbaj-jdb 1
cgf-jdb 4
jji-jdb 1
932
3
hbh-jdc 3
jc-jdc 1
gdh-jdc 4
933
3
ffh-jdd 3
dhc-jdd 1
dic-jdd 4
934
6
baad-jde 2
bie-jde 1
bcjb-jde 1
bi-jde 1
ha-jde 2
bdgi-jde 1
936
6
gea-jdg 2
fbf-jdg 1
ibi-jdg 1
bhb-jdg 1
dhj-jdg 1
bh-jdg 2
937
1
ea-jdh 8
939
4
jfj-jdj 4
dhb-jdj 1
ja-jdj 1
eic-jdj 2
940
1
ije-jea 8
941
1
jad-jeb 8
942
4
dae-jec 3
badg-jec 1
ehc-jec 3
bdfg-jec 1
943
1
djc-jed 8
944
4
ej-jee 4
hjb-jee 1
ceg-jee 1
cfg-jee 2
945
5
beh-jef 1
fad-jef 4
bbfe-jef 1
bbje-jef 1
badj-jef 1
946
2
bbj-jeg 3
baib-jeg 5
947
3
bafe-jeh 6
ddj-jeh 1
bgdb-jeh 1
948
1
eff-jei 8
949
2
dch-jej 6
ehb-jej 2
950
4
bhe-jfa 3
iec-jfa 2
fdj-jfa 1
chb-jfa 2
951
3
bbdb-jfb 6
ebb-jfb 1
cge-jfb 1
952
3
egb-jfc 3
jgb-jfc 1
cgh-jfc 4
953
2
babc-jfd 4
fbd-jfd 4
954
4
egf-jfe 4
bcif-jfe 1
bfgb-jfe 1
c-jfe 2
955
2
bfeb-jff 3
egg-jff 5
956
3
ega-jfg 5
bccb-jfg 1
fic-jfg 2
957
4
bffj-jfh 3
gfb-jfh 1
eij-jfh 2
fdf-jfh 2
958
4
bbj-jfi 1
befa-jfi 4
eib-jfi 1
dii-jfi 2
959
5
eac-jfj 1
bdhe-jfj 1
bcaj-jfj 1
jfa-jfj 1
bcc-jfj 4
960
4
bfcd-jga 2
bagg-jga 3
bfab-jga 2
fdf-jga 1
961
1
ecd-jgb 8
962
5
babj-jgc 2
cfa-jgc 1
ibd-jgc 2
ied-jgc 2
bba-jgc 1
963
1
ghb-jgd 8
964
5
bagf-jge 1
bcgj-jge 1
gbf-jge 1
bedj-jge 1
dda-jge 4
965
5
fbf-jgf 2
bhg-jgf 3
i-jgf 1
hhj-jgf 1
fjd-jgf 1
966
3
cfd-jgg 1
bajc-jgg 2
heh-jgg 5
967
2
dfc-jgh 7
jcb-jgh 1
968
2
gjf-jgi 7
iae-jgi 1
970
3
ghd-jha 2
bea-jha 4
jia-jha 2
971
1
ejg-jhb 8
972
3
ced-jhc 6
hei-jhc 1
eej-jhc 1
973
2
gba-jhd 4
geb-jhd 4
974
3
jih-jhe 2
bbai-jhe 3
jae-jhe 3
975
3
fch-jhf 2
behe-jhf 2
bajj-jhf 4
976
2
hde-jhg 3
fbi-jhg 5
977
3
gab-jhh 3
gej-jhh 3
bfia-jhh 2
978
2
bcj-jhi 6
bagi-jhi 2
979
1
eei-jhj 8
980
6
baca-jia 1
bje-jia 1
bded-jia 1
ecc-jia 3
baac-jia 1
ddg-jia 1
981
4
bab-jib 3
bjf-jib 1
gda-jib 1
iac-jib 3
982
2
hff-jic 2
igj-jic 6
983
4
bgfj-jid 5
jff-jid 1
bdgd-jid 1
cag-jid 1
984
3
baih-jie 6
cij-jie 1
hdb-jie 1
985
2
dge-jif 4
bb-jif 4
986
3
gha-jig 3
bbe-jig 1
bafi-jig 4
987
2
gfi-jih 6
bfa-jih 2
988
2
ihe-jii 7
ddf-jii 1
989
2
ge-jij 3
bah-jij 5
990
1
idh-jja 8
991
6
ieg-jjb 1
hja-jjb 1
jif-jjb 2
bdi-jjb 1
ihg-jjb 2
cjc-jjb 1
992
3
bcgb-jjc 6
jbg-jjc 1
jhg-jjc 1
993
1
daj-jjd 8
994
4
badd-jje 2
ej-jje 1
baig-jje 1
bbcg-jje 4
995
2
hja-jjf 3
ccf-jjf 5
996
2
gfc-jjg 1
efa-jjg 7
997
1
geh-jjh 8
998
1
hef-jji 8
999
3
bcci-jjj 2
edg-jjj 2
baea-jjj 4
1000
1
fgi-baaa 8
1001
5
bc-baab 2
efi-baab 3
jeg-baab 1
ifd-baab 1
bbdf-baab 1
1002
2
hig-baac 5
jbh-baac 3
1003
4
ehj-baad 2
bbbh-baad 2
jcd-baad 3
ceb-baad 1
1004
2
eje-baae 6
dib-baae 2
1005
2
baae-baaf 6
bdej-baaf 2
1006
5
jci-baag 1
beja-baag 3
fc-baag 1
cdc-baag 2
ffj-baag 1
1007
1
baef-baah 8
1008
4
baha-baai 3
igj-baai 3
bacb-baai 1
dgd-baai 1
1009
1
ceb-baaj 8
1010
4
bbfb-baba 1
jdf-baba 2
dfi-baba 4
ehi-baba 1
1011
3
ggi-babb 4
edh-babb 1
djh-babb 3
1012
4
jga-babc 5
if-babc 1
baif-babc 1
beag-babc 1
1013
2
gec-babd 4
dfe-babd 4
1014
4
cjc-babe 2
dbj-babe 3
ebj-babe 2
ije-babe 1
1015
2
begj-babf 2
ceg-babf 6
1016
3
bdhd-babg 4
beba-babg 1
bbdj-babg 3
1017
2
baia-babh 7
cbg-babh 1
1018
3
baij-babi 5
gd-babi 2
cdb-babi 1
1019
3
bfib-babj 4
fdc-babj 1
bbcg-babj 3
1020
1
igh-baca 8
1021
6
jhb-bacb 1
jg-bacb 1
bgbj-bacb 1
heb-bacb 1
bcje-bacb 1
jce-bacb 3
1022
3
hbc-bacc 5
feg-bacc 2
gdb-bacc 1
1023
1
jgf-bacd 8
1024
2
dhb-bace 3
bbcd-bace 5
1025
1
ifd-bacf 8
1026
2
bgdb-bacg 7
cja-bacg 1
1027
3
baag-bach 3
bih-bach 3
fdd-bach 2
1028
2
egi-baci 6
ejc-baci 2
1029
3
bada-bacj 3
ibj-bacj 1
iha-bacj 4
1030
4
ecj-bada 1
hej-bada 1
gdb-bada 1
bbcf-bada 5
1031
3
bddf-badb 3
bdf-badb 2
dcd-badb 3
1032
3
ifg-badc 5
cad-badc 1
hfg-badc 2
1033
3
bcac-badd 6
gh-badd 1
jc-badd 1
1034
1
ega-bade 8
1035
1
fgh-badf 8
1036
2
bbbf-badg 2
jhi-badg 6
1037
2
bbgj-badh 4
fhe-badh 4
1038
2
ghg-badi 5
bbdi-badi 3
1039
4
ijj-badj 4
bbhf-badj 2
bjf-badj 1
ff-badj 1
1040
2
jgg-baea 3
hdd-baea 5
1041
4
fd-baeb 3
bdcj-baeb 1
bbaf-baeb 2
iag-baeb 2
1042
5
jha-baec 1
bcac-baec 2
jaa-baec 1
ccb-baec 1
hbg-baec 3
1043
1
djc-baed 8
1044
1
baeg-baee 8
1045
4
bdbf-baef 1
gj-baef 5
efd-baef 1
fi-baef 1
1046
4
baic-baeg 2
hhd-baeg 1
jdc-baeg 2
bcef-baeg 3
1047
2
dfd-baeh 4
ihg-baeh 4
1048
4
bagg-baei 4
bcig-baei 1
chj-baei 1
bhc-baei 2
1049
2
bbhh-baej 7
bdfj-baej 1
1050
5
hgc-bafa 1
cff-bafa 1
dgj-bafa 4
babe-bafa 1
jdj-bafa 1
1051
4
bbbd-bafb 2
baah-bafb 1
bcji-bafb 3
gdg-bafb 2
1052
4
gfg-bafc 1
hii-bafc 2
bbef-bafc 1
jce-bafc 4
1053
2
cfa-bafd 2
fei-bafd 6
1054
2
dhc-bafe 6
fdd-bafe 2
1055
2
hcj-baff 4
bfif-baff 4
1056
1
fdd-bafg 8
1057
1
jbd-bafh 8
1058
3
chi-bafi 4
bag-bafi 2
bhj-bafi 2
1059
2
gfi-bafj 4
hef-bafj 4
1060
2
bbag-baga 5
ded-baga 3
1061
1
fhb-bagb 8
1062
1
gie-bagc 8
1063
3
hgd-bagd 5
ibg-bagd 2
beg-bagd 1
1064
3
jfb-bage 1
jhf-bage 6
babh-bage 1
1065
1
bgd-bagf 8
1066
4
fcb-bagg 2
baie-bagg 2
bbgh-bagg 3
hgb-bagg 1
1067
5
cgf-bagh 4
ijg-bagh 1
eab-bagh 1
gje-bagh 1
cde-bagh 1
1068
2
bcac-bagi 4
ggh-bagi 4
1069
3
bgj-bagj 5
jhd-bagj 1
bad-bagj 2
1070
2
bcgf-baha 7
bgcc-baha 1
1071
1
bgah-bahb 8
1072
1
hbg-bahc 8
1073
5
dii-bahd 1
dbb-bahd 3
beij-bahd 1
efa-bahd 1
behd-bahd 2
1074
1
bcdi-bahe 8
1075
2
bagd-bahf 7
ffi-bahf 1
1076
2
gjc-bahg 6
bgc-bahg 2
1077
4
jab-bahh 5
bahg-bahh 1
bedg-bahh 1
hea-bahh 1
1078
4
ceh-bahi 3
ghc-bahi 1
ia-bahi 3
hab-bahi 1
1079
2
fbe-bahj 6
ghi-bahj 2
1080
2
gaf-baia 7
bgg-baia 1
1081
2
iac-baib 4
hih-baib 4
1082
3
babi-baic 2
bcgg-baic 2
iaa-baic 4
1083
1
bejd-baid 8
1084
5
efc-baie 1
iaf-baie 1
chg-baie 1
bai-baie 4
bade-baie 1
1085
1
jcb-baif 8
1086
4
edd-baig 4
hif-baig 1
ihc-baig 1
jgh-baig 2
1087
5
bbgd-baih 4
bcej-baih 1
eea-baih 1
becj-baih 1
gcf-baih 1
1088
2
bbab-baii 6
ffj-baii 2
1089
3
bfh-baij 6
bha-baij 1
ife-baij 1
1090
4
bcfj-baja 1
cgg-baja 1
cdh-baja 2
bif-baja 4
1091
3
ji-bajb 3
bdfg-bajb 4
bafj-bajb 1
1092
3
bbae-bajc 1
dhb-bajc 3
hih-bajc 4
1093
3
hha-bajd 5
bfjc-bajd 2
edc-bajd 1
1094
4
gfi-baje 2
iej-baje 1
hhe-baje 1
bdab-baje 4
1095
5
bbgi-bajf 2
jcd-bajf 3
jeb-bajf 1
eca-bajf 1
bcje-bajf 1
1096
2
fi-bajg 3
cgf-bajg 5
1097
2
hba-bajh 4
bia-bajh 4
1098
2
baje-baji 5
bhf-baji 3
1099
3
eci-bajj 3
bajf-bajj 3
ejh-bajj 2
1100
3
bcfa-bbaa 3
beeg-bbaa 4
ghb-bbaa 1
1101
1
bbfc-bbab 8
1102
4
bejd-bbac 1
dce-bbac 1
fed-bbac 1
iif-bbac 5
1103
2
jbh-bbad 2
bbag-bbad 6
1104
6
hg-bbae 1
bcfc-bbae 2
bgba-bbae 2
eah-bbae 1
gc-bbae 1
gid-bbae 1
1105
1
eff-bbaf 8
1106
1
gff-bbag 8
1107
4
fhe-bbah 4
cja-bbah 1
beci-bbah 1
bfjh-bbah 2
1108
2
bhj-bbai 5
bafj-bbai 3
1109
1
ich-bbaj 8
1110
5
hde-bbba 1
jid-bbba 2
cgd-bbba 3
hdb-bbba 1
babb-bbba 1
1111
1
hed-bbbb 8
1113
4
bgab-bbbd 1
bbh-bbbd 2
icb-bbbd 3
baec-bbbd 2
1114
3
bccj-bbbe 5
bcc-bbbe 1
dhj-bbbe 2
1115
3
gej-bbbf 6
cef-bbbf 1
faj-bbbf 1
1116
3
baci-bbbg 5
icb-bbbg 1
ief-bbbg 2
1117
2
ehg-bbbh 4
bagc-bbbh 4
1118
2
bac-bbbi 6
gee-bbbi 2
1119
3
bgdj-bbbj 3
bahe-bbbj 4
big-bbbj 1
1120
2
bdd-bbca 6
jcc-bbca 2
1121
4
djj-bbcb 3
iee-bbcb 2
hih-bbcb 1
jfd-bbcb 2
1122
2
bgf-bbcc 6
hbd-bbcc 2
1123
3
baii-bbcd 4
jjd-bbcd 1
gje-bbcd 3
1124
2
iff-bbce 7
gde-bbce 1
1125
2
fhc-bbcf 5
bbae-bbcf 3
1126
3
ccj-bbcg 1
bdid-bbcg 5
fcg-bbcg 2
1127
1
icb-bbch 8
1128
1
babh-bbci 8
1129
2
hee-bbcj 4
bbbb-bbcj 4
1130
3
ehh-bbda 3
bbji-bbda 3
jde-bbda 2
1131
5
ifa-bbdb 4
bbf-bbdb 1
bfdj-bbdb 1
hjj-bbdb 1
idc-bbdb 1
1132
1
jh-bbdc 8
1133
5
gid-bbdd 4
beb-bbdd 1
eii-bbdd 1
fgh-bbdd 1
bci-bbdd 1
1134
1
jif-bbde 8
1135
3
gbi-bbdf 6
gbc-bbdf 1
baed-bbdf 1
1136
3
bid-bbdg 3
bgdc-bbdg 1
bhc-bbdg 4
1137
3
bcjd-bbdh 2
eef-bbdh 5
ghb-bbdh 1
1138
3
hbh-bbdi 2
bcba-bbdi 5
baee-bbdi 1
1139
1
ghi-bbdj 8
1140
2
df-bbea 5
cga-bbea 3
1141
5
bbde-bbeb 2
bffc-bbeb 1
ihd-bbeb 3
bbae-bbeb 1
ji-bbeb 1
1142
2
bcie-bbec 6
cai-bbec 2
1143
1
jc-bbed 8
1144
2
bdee-bbee 4
gcj-bbee 4
1145
4
fjf-bbef 4
badd-bbef 1
fjb-bbef 1
ce-bbef 2
1146
3
eca-bbeg 5
bcjg-bbeg 1
bgbc-bbeg 2
1147
2
ghj-bbeh 5
eg-bbeh 3
1148
2
eif-bbei 4
gej-bbei 4
1149
3
fci-bbej 4
bcbb-bbej 1
fja-bbej 3
1150
1
bacc-bbfa 8
1151
5
ghj-bbfb 4
baji-bbfb 1
bdah-bbfb 1
bbgg-bbfb 1
fgd-bbfb 1
1152
2
bfej-bbfc 2
ibh-bbfc 6
1153
4
ebc-bbfd 1
bdje-bbfd 3
bdcj-bbfd 3
eaa-bbfd 1
1154
2
bbgi-bbfe 2
chg-bbfe 6
1155
6
ihi-bbff 3
fcc-bbff 1
dbh-bbff 1
hg-bbff 1
bdjd-bbff 1
jig-bbff 1
1156
3
fea-bbfg 1
eee-bbfg 6
bfee-bbfg 1
1157
3
efd-bbfh 5
gec-bbfh 1
bbjg-bbfh 2
1158
3
bace-bbfi 6
bbej-bbfi 1
bfhb-bbfi 1
1159
4
babh-bbfj 5
ifc-bbfj 1
cje-bbfj 1
cbc-bbfj 1
1160
2
jbc-bbga 7
eji-bbga 1
1161
4
hgd-bbgb 2
iic-bbgb 3
hi-bbgb 1
jff-bbgb 2
1162
1
bafa-bbgc 8
1163
1
bgag-bbgd 8
1164
4
ihg-bbge 4
ddd-bbge 1
eb-bbge 2
bbff-bbge 1
1165
1
fcj-bbgf 8
1166
4
gfh-bbgg 5
bcde-bbgg 1
bdai-bbgg 1
ca-bbgg 1
1167
1
bbei-bbgh 8
1168
4
jgi-bbgi 3
jab-bbgi 3
bdgi-bbgi 1
bfi-bbgi 1
1169
4
bbcj-bbgj 1
eah-bbgj 1
hjc-bbgj 1
bejh-bbgj 5
1170
2
fbe-bbha 3
begi-bbha 5
1171
2
djd-bbhb 1
iec-bbhb 7
1172
2
cbh-bbhc 7
bca-bbhc 1
1173
4
bdb-bbhd 1
ece-bbhd 3
bced-bbhd 3
j-bbhd 1
1174
4
bbgb-bbhe 1
fh-bbhe 1
id-bbhe 5
gfe-bbhe 1
1175
3
baif-bbhf 5
bfec-bbhf 2
dia-bbhf 1
1177
2
bcjf-bbhh 5
beee-bbhh 3
1178
2
bfge-bbhi 7
hgi-bbhi 1
1180
3
ij-bbia 2
ei-bbia 2
edb-bbia 4
1181
1
bdi-bbib 8
1182
2
iab-bbic 6
befc-bbic 2
1183
1
bbdd-bbid 8
1184
3
bbhj-bbie 1
dee-bbie 4
def-bbie 3
1185
2
bij-bbif 5
dcj-bbif 3
1186
1
cig-bbig 8
1187
2
gc-bbih 3
bfd-bbih 5
1188
2
bfgf-bbii 6
jhc-bbii 2
1189
2
beci-bbij 5
bbdf-bbij 3
1190
2
bacb-bbja 6
fec-bbja 2
1191
2
gje-bbjb 3
ffj-bbjb 5
1192
3
ii-bbjc 3
bbha-bbjc 4
bhc-bbjc 1
1193
1
jig-bbjd 8
1194
1
cbd-bbje 8
1195
4
haj-bbjf 2
jbg-bbjf 1
dji-bbjf 4
fcj-bbjf 1
1196
3
bagj-bbjg 1
bbfe-bbjg 1
hjb-bbjg 6
1197
2
jih-bbjh 4
bcjb-bbjh 4
1198
3
ijh-bbji 3
bch-bbji 2
hhi-bbji 3
1199
1
cig-bbjj 8
1200
2
bgb-bcaa 7
bbie-bcaa 1
1201
3
dfi-bcab 4
gce-bcab 1
jjj-bcab 3
1202
3
had-bcac 1
hac-bcac 1
fa-bcac 6
1203
3
bdf-bcad 6
bgcb-bcad 1
hcd-bcad 1
1204
2
ibg-bcae 6
bdaj-bcae 2
1205
2
bbha-bcaf 5
bcda-bcaf 3
1206
2
babb-bcag 7
bgch-bcag 1
1207
1
eed-bcah 8
1208
1
bbcj-bcai 8
1209
1
bbji-bcaj 8
1210
2
gfc-bcba 5
ejb-bcba 3
1211
3
bdbj-bcbb 4
die-bcbb 3
hag-bcbb 1
1212
5
bbai-bcbc 3
dbe-bcbc 1
ef-bcbc 2
bafj-bcbc 1
bcij-bcbc 1
1213
1
baca-bcbd 8
1214
2
gda-bcbe 7
bdd-bcbe 1
1215
2
bged-bcbf 5
igc-bcbf 3
1216
3
dbh-bcbg 3
behc-bcbg 1
iea-bcbg 4
1217
1
bhg-bcbh 8
1218
3
jdd-bcbi 2
bfcf-bcbi 3
jcf-bcbi 3
1219
3
hjj-bcbj 4
bcch-bcbj 1
hgc-bcbj 3
1220
4
fb-bcca 1
bdhj-bcca 1
behj-bcca 4
jfe-bcca 2
1221
2
egb-bccb 7
cid-bccb 1
1222
1
edj-bccc 8
1223
3
bfed-bccd 2
behg-bccd 3
ced-bccd 3
1224
2
eci-bcce 5
iib-bcce 3
1225
2
bajb-bccf 6
bfhd-bccf 2
1226
2
begg-bccg 7
badf-bccg 1
1227
1
hjg-bcch 8
1228
2
bcae-bcci 4
hjd-bcci 4
1229
6
cfg-bccj 3
gbe-bccj 1
hci-bccj 1
bg-bccj 1
bdeb-bccj 1
dci-bccj 1
1230
3
dh-bcda 1
beii-bcda 1
ijd-bcda 6
1231
3
bbeb-bcdb 3
baci-bcdb 4
bddd-bcdb 1
1232
4
ghb-bcdc 3
bcj-bcdc 1
bfga-bcdc 2
bccd-bcdc 2
1233
3
bagh-bcdd 1
bdid-bcdd 6
bbfh-bcdd 1
1234
5
gic-bcde 1
bcha-bcde 3
baji-bcde 2
cba-bcde 1
beje-bcde 1
1235
1
bbef-bcdf 8
1236
3
jje-bcdg 5
hjc-bcdg 1
chc-bcdg 2
1237
1
faf-bcdh 8
1238
2
hee-bcdi 5
cfg-bcdi 3
1239
1
fdb-bcdj 8
1240
1
becb-bcea 8
1241
2
idj-bceb 4
bfcf-bceb 4
1242
1
dgj-bcec 8
1243
1
bcjd-bced 8
1244
5
iai-bcee 3
ffd-bcee 1
bdja-bcee 1
bdca-bcee 1
ejh-bcee 2
1245
2
fbj-bcef 4
fbb-bcef 4
1246
1
cca-bceg 8
1247
3
fab-bceh 5
bbdf-bceh 1
bdae-bceh 2
1248
1
bci-bcei 8
1249
3
gif-bcej 2
ef-bcej 4
jfh-bcej 2
1250
2
jfh-bcfa 5
djh-bcfa 3
1252
2
cig-bcfc 7
jbj-bcfc 1
1253
2
idg-bcfd 1
beie-bcfd 7
1254
1
jh-bcfe 8
1255
4
ddd-bcff 3
begg-bcff 3
iie-bcff 1
hfh-bcff 1
1256
2
bcje-bcfg 7
fjj-bcfg 1
1257
1
egd-bcfh 8
1258
1
ihe-bcfi 8
1259
3
bchb-bcfj 4
ibc-bcfj 3
cig-bcfj 1
1260
1
ghc-bcga 8
1261
2
eai-bcgb 5
jae-bcgb 3
1262
2
beih-bcgc 5
bahc-bcgc 3
1264
2
bgh-bcge 6
baih-bcge 2
1265
1
bbga-bcgf 8
1266
2
bfhf-bcgg 2
beej-bcgg 6
1267
2
bdjg-bcgh 6
cbj-bcgh 2
1268
4
fca-bcgi 3
hce-bcgi 1
bge-bcgi 2
bfh-bcgi 2
1269
3
bdbg-bcgj 1
beae-bcgj 3
bfci-bcgj 4
1270
1
deh-bcha 8
1271
2
hhd-bchb 1
bdfj-bchb 7
1272
2
bdb-bchc 4
cej-bchc 4
1273
2
jbd-bchd 3
bdaf-bchd 5
1274
2
becg-bche 3
gcd-bche 5
1275
2
bfag-bchf 6
hdj-bchf 2
1276
4
idc-bchg 3
hhj-bchg 2
hga-bchg 2
bebi-bchg 1
1277
5
bcjj-bchh 1
cjb-bchh 2
hhi-bchh 3
bcjb-bchh 1
bbij-bchh 1
1278
2
bcdj-bchi 6
ifh-bchi 2
1279
1
jcd-bchj 8
1280
4
hhg-bcia 4
hid-bcia 2
bgec-bcia 1
ibc-bcia 1
1281
4
bfgd-bcib 4
bdcc-bcib 1
dde-bcib 1
bje-bcib 2
1284
3
eic-bcie 2
bbgh-bcie 1
bebd-bcie 5
1285
2
bdjb-bcif 7
jhh-bcif 1
1286
1
fae-bcig 8
1287
1
cae-bcih 8
1288
3
jeh-bcii 1
cga-bcii 1
bafh-bcii 6
1289
1
ebd-bcij 8
1290
3
hhd-bcja 4
ica-bcja 2
bbfi-bcja 2
1291
2
bcaa-bcjb 5
dba-bcjb 3
1292
2
bbaf-bcjc 7
bbdg-bcjc 1
1293
1
hdf-bcjd 8
1294
1
bbfh-bcje 8
1295
3
bedc-bcjf 4
bdjc-bcjf 2
dde-bcjf 2
1296
2
jce-bcjg 2
eii-bcjg 6
1297
1
dch-bcjh 8
1298
2
dg-bcji 3
ida-bcji 5
1299
2
fig-bcjj 3
bfgi-bcjj 5
1300
3
edh-bdaa 3
gcj-bdaa 1
eba-bdaa 4
1301
2
bdib-bdab 4
iji-bdab 4
1302
2
gba-bdac 5
cgb-bdac 3
1303
2
dja-bdad 5
ch-bdad 3
1304
2
bahi-bdae 7
bbif-bdae 1
1305
1
ga-bdaf 8
1306
1
badg-bdag 8
1307
2
ibd-bdah 4
beeg-bdah 4
1308
2
bajh-bdai 1
baij-bdai 7
1309
2
je-bdaj 4
hed-bdaj 4
1310
1
bbch-bdba 8
1311
1
jeh-bdbb 8
1312
1
bcgf-bdbc 8
1314
1
hh-bdbe 8
1315
1
hf-bdbf 8
1316
3
bfii-bdbg 2
ddc-bdbg 4
hdj-bdbg 2
1317
1
jhg-bdbh 8
1318
2
dbc-bdbi 7
bfbc-bdbi 1
1319
4
gid-bdbj 2
bbci-bdbj 2
jfa-bdbj 1
dhe-bdbj 3
1320
1
fej-bdca 8
1321
2
ibj-bdcb 4
cii-bdcb 4
1322
2
iig-bdcc 7
bdhf-bdcc 1
1323
2
bdgd-bdcd 7
bbcb-bdcd 1
1324
1
jfc-bdce 8
1325
1
faa-bdcf 8
1326
1
bce-bdcg 8
1327
2
cac-bdch 2
hgc-bdch 6
1328
2
ci-bdci 7
efh-bdci 1
1329
2
feb-bdcj 6
jjc-bdcj 2
1330
2
bebj-bdda 3
efh-bdda 5
1331
1
bbbg-bddb 8
1333
2
bcbf-bddd 7
daa-bddd 1
1334
2
jif-bdde 4
bid-bdde 4
1335
3
bbcc-bddf 3
bbbg-bddf 3
gig-bddf 2
1336
1
badj-bddg 8
1337
1
bffa-bddh 8
1338
1
fjg-bddi 8
1339
3
bbbe-bddj 4
bj-bddj 1
bcaf-bddj 3
1340
1
dc-bdea 8
1341
2
jaf-bdeb 2
bdif-bdeb 6
1342
4
bfaf-bdec 3
cca-bdec 3
bfeg-bdec 1
ida-bdec 1
1343
2
bbbi-bded 1
befd-bded 7
1344
3
gii-bdee 3
cgc-bdee 2
bcie-bdee 3
1345
2
hbe-bdef 5
bbeg-bdef 3
1346
3
hdh-bdeg 1
iai-bdeg 3
bgfb-bdeg 4
1347
1
cfc-bdeh 8
1348
1
bccd-bdei 8
1349
2
bfaa-bdej 3
jag-bdej 5
1350
3
bje-bdfa 3
hdb-bdfa 1
jjf-bdfa 4
1351
2
icf-bdfb 6
ijg-bdfb 2
1352
1
hdc-bdfc 8
1353
2
bec-bdfd 7
efb-bdfd 1
1354
2
gdf-bdfe 7
bfeg-bdfe 1
1355
1
jga-bdff 8
1356
2
bdic-bdfg 5
bib-bdfg 3
1357
2
bacc-bdfh 3
bege-bdfh 5
1358
2
becc-bdfi 4
jcf-bdfi 4
1359
3
bbjf-bdfj 3
cdf-bdfj 3
hae-bdfj 2
1360
4
bafa-bdga 1
ehh-bdga 4
begc-bdga 1
ihf-bdga 2
1361
2
hig-bdgb 7
bead-bdgb 1
1362
2
eba-bdgc 6
bcbd-bdgc 2
1363
2
gga-bdgd 6
gbc-bdgd 2
1364
1
baej-bdge 8
1365
3
fcc-bdgf 3
bfbe-bdgf 1
gdb-bdgf 4
1366
1
fbh-bdgg 8
1367
2
eea-bdgh 6
ghj-bdgh 2
1368
2
bdj-bdgi 5
bdjb-bdgi 3
1369
1
bgdi-bdgj 8
1370
3
gfj-bdha 4
behi-bdha 1
daj-bdha 3
1371
2
hbh-bdhb 4
haf-bdhb 4
1372
2
jei-bdhc 6
bahg-bdhc 2
1373
2
bcbg-bdhd 3
bae-bdhd 5
1374
4
baia-bdhe 5
jjj-bdhe 1
ecc-bdhe 1
bagb-bdhe 1
1375
2
bfae-bdhf 5
bcdh-bdhf 3
1376
1
efd-bdhg 8
1377
1
bdfd-bdhh 8
1378
3
ccf-bdhi 4
ihe-bdhi 1
hb-bdhi 3
1379
1
iah-bdhj 8
1380
2
jgg-bdia 1
bgff-bdia 7
1381
1
bcfi-bdib 8
1382
1
hhg-bdic 8
1383
1
beh-bdid 8
1384
1
igc-bdie 8
1385
2
f-bdif 7
fgc-bdif 1
1386
2
bajc-bdig 7
bdge-bdig 1
1388
2
fbg-bdii 5
cch-bdii 3
1389
1
fbg-bdij 8
1390
2
bdeb-bdja 4
bbhb-bdja 4
1391
1
bchd-bdjb 8
1392
2
bfbb-bdjc 7
ifh-bdjc 1
1393
1
eca-bdjd 8
1394
3
bacj-bdje 1
cge-bdje 2
bbjb-bdje 5
1395
1
jig-bdjf 8
1396
1
bdef-bdjg 8
1397
2
baj-bdjh 4
bfdf-bdjh 4
1398
2
bej-bdji 7
egb-bdji 1
1399
1
bccf-bdjj 8
1400
2
bcfj-beaa 4
eeb-beaa 4
1401
2
bdde-beab 6
baai-beab 2
1403
2
bafg-bead 6
bib-bead 2
1404
1
bdch-beae 8
1405
1
geb-beaf 8
1406
1
cci-beag 8
1407
2
bche-beah 3
bgfc-beah 5
1408
1
ida-beai 8
1409
2
bcea-beaj 4
dea-beaj 4
1410
3
bfg-beba 2
bbcb-beba 3
bbf-beba 3
1411
1
bgf-bebb 8
1412
1
bbah-bebc 8
1413
2
bejj-bebd 7
babc-bebd 1
1414
1
bccd-bebe 8
1415
2
bbfj-bebf 1
ghb-bebf 7
1416
1
idj-bebg 8
1417
2
dag-bebh 2
bbgc-bebh 6
1418
1
fad-bebi 8
1419
1
bbec-bebj 8
1420
2
jjf-beca 3
ddg-beca 5
1421
2
bfbj-becb 7
bcg-becb 1
1422
2
haf-becc 6
bcc-becc 2
1423
2
bbii-becd 4
fba-becd 4
1424
1
fii-bece 8
1425
2
fed-becf 7
hce-becf 1
1426
1
bagi-becg 8
1427
1
dfj-bech 8
1428
1
bbgj-beci 8
1429
2
hec-becj 2
bdbi-becj 6
1430
3
cbd-beda 5
bfhh-beda 2
bc-beda 1
1431
1
bebd-bedb 8
1432
2
bfaj-bedc 4
baic-bedc 4
1433
1
ceg-bedd 8
1434
2
hf-bede 7
bbda-bede 1
1435
2
djf-bedf 7
ebh-bedf 1
1436
1
jbg-bedg 8
1437
2
baha-bedh 4
bgai-bedh 4
1438
2
bfba-bedi 5
iib-bedi 3
1439
1
igd-bedj 8
1441
2
hcf-beeb 5
bbee-beeb 3
1442
1
jba-beec 8
1443
3
bfih-beed 1
becd-beed 4
dgj-beed 3
1444
2
hhc-beee 6
eff-beee 2
1445
2
icf-beef 6
hhf-beef 2
1446
3
bdeb-beeg 1
he-beeg 4
befc-beeg 3
1447
1
bdgc-beeh 8
1448
1
bdcg-beei 8
1449
1
cge-beej 8
1450
2
cbc-befa 4
ebe-befa 4
1451
1
babd-befb 8
1452
1
bchf-befc 8
1453
3
chj-befd 3
iia-befd 2
dci-befd 3
1454
1
fif-befe 8
1455
2
hc-beff 4
fid-beff 4
1456
1
bah-befg 8
1458
1
bahf-befi 8
1459
1
bdgc-befj 8
1460
1
gca-bega 8
1461
1
iie-begb 8
1462
2
ghf-begc 1
bgad-begc 7
1463
1
bdgi-begd 8
1464
2
bdci-bege 5
babb-bege 3
1466
2
ifb-begg 6
bfai-begg 2
1467
1
eac-begh 8
1468
1
cff-begi 8
1469
2
eef-begj 6
bbfb-begj 2
1470
3
bebd-beha 5
cji-beha 2
hcj-beha 1
1471
1
bfdh-behb 8
1472
1
ifa-behc 8
1473
1
eda-behd 8
1474
3
baja-behe 4
ihd-behe 1
bgaa-behe 3
1475
1
hdf-behf 8
1476
1
iei-behg 8
1477
1
bcgg-behh 8
1478
2
bgde-behi 5
bjh-behi 3
1479
3
dcd-behj 4
ihb-behj 2
dbd-behj 2
1480
1
ffd-beia 8
1481
1
bdaj-beib 8
1482
3
ec-beic 5
dg-beic 1
bbb-beic 2
1483
2
iai-beid 4
bdje-beid 4
1484
1
cgc-beie 8
1485
3
cii-beif 6
gab-beif 1
hfb-beif 1
1486
2
baf-beig 2
bedd-beig 6
1487
2
ijd-beih 4
dcc-beih 4
1488
1
cbe-beii 8
1489
2
bah-beij 5
che-beij 3
1490
1
cid-beja 8
1491
1
bace-bejb 8
1493
1
badc-bejd 8
1494
1
baag-beje 8
1495
1
jhi-bejf 8
1496
2
bcag-bejg 3
cha-bejg 5
1497
1
bdaa-bejh 8
1498
2
ifa-beji 6
dcf-beji 2
1499
1
cdg-bejj 8
1500
2
ccd-bfaa 6
bhf-bfaa 2
1501
1
fbi-bfab 8
1503
1
jhc-bfad 8
1504
3
bai-bfae 4
ecc-bfae 3
bfah-bfae 1
1505
2
bedh-bfaf 5
hbb-bfaf 3
1506
2
jai-bfag 7
bdad-bfag 1
1507
1
jbf-bfah 8
1508
1
bcaj-bfai 8
1509
1
bcjd-bfaj 8
1510
1
bdgg-bfba 8
1511
1
hda-bfbb 8
1512
1
ijd-bfbc 8
1513
3
bbjd-bfbd 2
dcg-bfbd 1
fia-bfbd 5
1514
1
behh-bfbe 8
1515
2
efe-bfbf 7
bdga-bfbf 1
1516
1
hih-bfbg 8
1518
1
jjc-bfbi 8
1519
1
beif-bfbj 8
1520
1
ghc-bfca 8
1521
3
gfa-bfcb 6
gaj-bfcb 1
bbba-bfcb 1
1522
1
gga-bfcc 8
1523
3
bcdc-bfcd 3
ggc-bfcd 4
bdbj-bfcd 1
1524
1
jh-bfce 8
1525
1
bca-bfcf 8
1526
3
bgdj-bfcg 1
bfgg-bfcg 6
cjc-bfcg 1
1527
1
bafe-bfch 8
1528
1
fjb-bfci 8
1529
2
dif-bfcj 6
gh-bfcj 2
1530
2
bgce-bfda 7
baai-bfda 1
1531
1
iih-bfdb 8
1532
1
bfbc-bfdc 8
1533
1
bcgh-bfdd 8
1534
1
jgf-bfde 8
1535
1
ddf-bfdf 8
1536
1
bdfi-bfdg 8
1537
1
bdec-bfdh 8
1538
2
ihc-bfdi 4
fgc-bfdi 4
1539
2
bddd-bfdj 7
dgg-bfdj 1
1540
1
jdg-bfea 8
1541
1
ggf-bfeb 8
1542
2
edg-bfec 5
bdge-bfec 3
1543
2
iia-bfed 6
iea-bfed 2
1544
2
dae-bfee 5
fhi-bfee 3
1545
4
faa-bfef 3
bgaf-bfef 1
ied-bfef 3
bgda-bfef 1
1546
1
dfb-bfeg 8
1547
1
fdc-bfeh 8
1548
1
cbf-bfei 8
1549
1
bdia-bfej 8
1550
1
iab-bffa 8
1551
1
bda-bffb 8
1552
1
iai-bffc 8
1553
1
egi-bffd 8
1555
1
becg-bfff 8
1556
1
gci-bffg 8
1557
1
ghi-bffh 8
1558
1
ed-bffi 8
1559
1
eda-bffj 8
1560
2
bfj-bfga 5
dcg-bfga 3
1561
2
beif-bfgb 6
bcfj-bfgb 2
1562
1
bdac-bfgc 8
1563
1
ihj-bfgd 8
1564
1
chj-bfge 8
1565
2
eig-bfgf 5
bgga-bfgf 3
1566
1
ec-bfgg 8
1567
1
bbie-bfgh 8
1568
3
fea-bfgi 6
bgej-bfgi 1
bgee-bfgi 1
1570
1
cga-bfha 8
1571
1
bhg-bfhb 8
1572
1
dgd-bfhc 8
1573
1
bdgb-bfhd 8
1574
1
bfi-bfhe 8
1575
2
ded-bfhf 6
jjj-bfhf 2
1576
2
bfhi-bfhg 5
ibi-bfhg 3
1577
1
ibh-bfhh 8
1578
1
ice-bfhi 8
1579
2
gih-bfhj 6
bejj-bfhj 2
1580
1
df-bfia 8
1581
1
bdca-bfib 8
1582
2
bgfg-bfic 5
igc-bfic 3
1583
1
hfa-bfid 8
1584
1
ceh-bfie 8
1585
2
dfi-bfif 7
caa-bfif 1
1587
1
cif-bfih 8
1588
2
edc-bfii 4
hjg-bfii 4
1589
1
gih-bfij 8
1590
1
bie-bfja 8
1591
1
icj-bfjb 8
1592
1
bej-bfjc 8
1593
1
bajd-bfjd 8
1594
1
bfba-bfje 8
1595
1
cdg-bfjf 8
1596
1
bdej-bfjg 8
1597
1
bcga-bfjh 8
1598
1
bebd-bfji 8
1599
1
hhg-bfjj 8
1600
1
bcdd-bgaa 8
1601
1
fga-bgab 8
1602
1
babg-bgac 8
1603
1
bdba-bgad 8
1604
1
bajd-bgae 8
1605
1
beab-bgaf 8
1606
1
bed-bgag 8
1607
1
bdhi-bgah 8
1608
1
baji-bgai 8
1609
1
egb-bgaj 8
1610
1
ddd-bgba 8
1611
1
dib-bgbb 8
1612
1
bba-bgbc 8
1613
2
bfje-bgbd 4
bfb-bgbd 4
1614
1
bfhe-bgbe 8
1615
1
bbfa-bgbf 8
1616
1
dff-bgbg 8
1617
2
ece-bgbh 6
bgfh-bgbh 2
1618
1
bfjc-bgbi 8
1619
1
cbj-bgbj 8
1620
1
hjh-bgca 8
1621
1
icd-bgcb 8
1622
2
bdbe-bgcc 6
dga-bgcc 2
1624
1
bacd-bgce 8
1625
1
cib-bgcf 8
1626
1
cba-bgcg 8
1627
1
cga-bgch 8
1628
2
bda-bgci 1
hje-bgci 7
1629
1
beeg-bgcj 8
1630
1
bcai-bgda 8
1631
1
jdd-bgdb 8
1632
1
gbb-bgdc 8
1633
2
ede-bgdd 6
bhf-bgdd 2
1634
1
beic-bgde 8
1635
1
bbia-bgdf 8
1636
1
baf-bgdg 8
1637
1
hhh-bgdh 8
1638
2
jdi-bgdi 4
bach-bgdi 4
1639
1
jdb-bgdj 8
1640
1
bcia-bgea 8
1641
1
ega-bgeb 8
1642
2
djd-bgec 7
bacg-bgec 1
1643
1
behi-bged 8
1644
1
hjf-bgee 8
1645
1
fed-bgef 8
1646
1
baca-bgeg 8
1647
1
bece-bgeh 8
1648
1
bgca-bgei 8
1649
1
jej-bgej 8
1650
1
bddj-bgfa 8
1651
1
bhh-bgfb 8
1652
1
bfjg-bgfc 8
1653
2
gif-bgfd 6
ddb-bgfd 2
1654
1
bfcf-bgfe 8
1655
1
bcgh-bgff 8
1656
1
bce-bgfg 8
1657
1
bgbi-bgfh 8
1658
1
bie-bgfi 8
1659
1
eef-bgfj 8
1660
1
bdhi-bgga 8
1661
1
bdhg-bggb 8
