1607
1
2
ehb-b 8
dab-b 1
2
6
fcd-c 3
bi-c 1
dgj-c 1
bih-c 1
di-c 1
dgc-c 2
3
2
bcb-d 6
ii-d 3
4
3
cba-e 1
d-e 7
hic-e 1
5
4
e-f 4
jbb-f 1
bda-f 3
bdjf-f 1
6
4
eie-g 1
gic-g 3
iee-g 2
bfg-g 3
7
1
bfa-h 9
8
2
gie-i 7
geg-i 2
9
4
fbj-j 4
ce-j 1
heg-j 3
bi-j 1
10
1
bdi-ba 9
11
6
bcef-bb 1
bee-bb 1
gc-bb 1
bcea-bb 1
cd-bb 2
bgf-bb 3
12
2
dgf-bc 2
hbf-bc 7
13
3
cjb-bd 1
cch-bd 4
bejh-bd 4
14
4
bbbj-be 2
fec-be 1
babg-be 2
beai-be 4
15
2
hi-bf 8
dh-bf 1
16
3
baae-bg 6
bdii-bg 2
bi-bg 1
17
2
ihi-bh 8
bgeh-bh 1
18
4
fic-bi 1
babg-bi 2
feh-bi 2
hej-bi 4
19
3
bdbf-bj 3
hcj-bj 3
dhf-bj 3
20
3
bai-ca 5
gjh-ca 1
dfg-ca 3
21
2
did-cb 6
edb-cb 3
22
2
dgf-cc 3
jgi-cc 6
23
5
dbg-cd 2
gfa-cd 3
bcaj-cd 1
ffb-cd 2
bhd-cd 1
24
4
jag-ce 6
bi-ce 1
ef-ce 1
jgf-ce 1
25
4
cc-cf 5
def-cf 2
eac-cf 1
fhg-cf 1
26
4
bd-cg 6
chb-cg 1
hhc-cg 1
eh-cg 1
27
2
jgg-ch 5
bjd-ch 4
28
4
hfh-ci 5
gbg-ci 1
bffg-ci 2
hif-ci 1
29
2
fbi-cj 7
bfgd-cj 2
30
7
bcei-da 1
bhd-da 1
fai-da 1
eej-da 1
gda-da 3
beib-da 1
bdf-da 1
31
5
bbde-db 2
cd-db 4
cbh-db 1
bgj-db 1
gi-db 1
32
5
ifh-dc 1
iag-dc 1
ecg-dc 5
iej-dc 1
bbgj-dc 1
33
3
dfg-dd 6
fc-dd 1
babg-dd 2
34
2
ghj-de 7
di-de 2
35
5
iei-df 3
bfgb-df 1
igi-df 1
ibf-df 2
gc-df 2
36
7
bgfe-dg 1
bcii-dg 1
bebe-dg 1
hah-dg 1
bcag-dg 1
bdfc-dg 3
bed-dg 1
37
4
hha-dh 4
gcd-dh 2
dc-dh 2
bagf-dh 1
38
1
haf-di 9
39
1
gdb-dj 9
40
5
eee-ea 1
jff-ea 3
jjh-ea 3
fda-ea 1
dbb-ea 1
41
3
bbfc-eb 3
hac-eb 1
cdi-eb 5
42
3
fc-ec 5
fi-ec 2
cdc-ec 2
43
5
bcia-ed 1
edf-ed 4
eb-ed 1
ech-ed 2
bfdc-ed 1
44
2
bacc-ee 6
cfb-ee 3
45
4
cij-ef 2
cih-ef 1
ige-ef 5
beeh-ef 1
46
4
bdj-eg 3
ggg-eg 2
ffd-eg 3
cbg-eg 1
47
5
bbei-eh 2
fdd-eh 4
bbfg-eh 1
gdh-eh 1
bjb-eh 1
48
4
bcjf-ei 1
dff-ei 2
bb-ei 5
jfj-ei 1
49
2
cd-ej 8
baig-ej 1
50
5
bcb-fa 3
bc-fa 2
dhe-fa 1
jji-fa 2
bhg-fa 1
51
2
bdc-fb 1
dfa-fb 8
52
4
bfch-fc 1
bcj-fc 1
eab-fc 2
fif-fc 5
53
3
dhe-fd 4
daf-fd 4
je-fd 1
54
1
jic-fe 9
55
3
cje-ff 5
gb-ff 2
bed-ff 2
56
1
bfaf-fg 9
57
1
bejb-fh 9
58
3
bfdg-fi 4
fg-fi 1
hee-fi 4
59
2
dbg-fj 8
ifd-fj 1
60
3
fga-ga 2
bi-ga 2
eah-ga 5
61
2
bbjc-gb 3
bbeb-gb 6
62
5
eie-gc 1
gge-gc 1
e-gc 2
j-gc 2
bdfa-gc 3
63
8
cfj-gd 2
je-gd 1
bfgc-gd 1
dai-gd 1
gfb-gd 1
dbf-gd 1
daj-gd 1
icd-gd 1
64
2
dfi-ge 8
g-ge 1
65
1
cgh-gf 9
66
4
cdh-gg 1
jhg-gg 5
idf-gg 2
bfjf-gg 1
67
3
jci-gh 6
bh-gh 1
bddh-gh 2
68
3
ch-gi 6
bcff-gi 2
cbe-gi 1
69
3
baad-gj 2
gjj-gj 1
edh-gj 6
70
3
ecc-ha 6
bda-ha 1
db-ha 2
71
2
efh-hb 1
iaa-hb 8
72
4
dbf-hc 5
gg-hc 2
ejc-hc 1
cif-hc 1
74
5
bebb-he 3
bcjc-he 1
hc-he 3
bgi-he 1
gij-he 1
75
3
hie-hf 1
bdbc-hf 1
dah-hf 7
76
2
cgj-hg 3
bja-hg 6
77
4
bjb-hh 6
gcj-hh 1
beic-hh 1
cae-hh 1
78
5
baec-hi 5
bac-hi 1
fa-hi 1
iba-hi 1
ihf-hi 1
79
3
jfc-hj 4
di-hj 1
gfg-hj 4
80
4
ccc-ia 5
di-ia 1
bfeh-ia 2
bdjd-ia 1
81
1
ghd-ib 9
82
2
cgi-ic 8
bedh-ic 1
83
2
eab-id 7
gbg-id 2
84
4
haj-ie 1
bjd-ie 1
eeh-ie 6
dej-ie 1
85
3
bfce-if 6
bcge-if 1
di-if 2
86
1
egf-ig 9
87
2
bcfj-ih 4
cgh-ih 5
88
5
dgc-ii 4
eig-ii 2
bgfi-ii 1
bacj-ii 1
chf-ii 1
89
2
bcd-ij 6
ife-ij 3
90
1
hij-ja 9
91
3
bhe-jb 2
jc-jb 6
ehi-jb 1
92
6
bbjg-jc 1
fci-jc 1
hj-jc 1
gbe-jc 1
gii-jc 4
babi-jc 1
93
2
cae-jd 8
fhj-jd 1
94
6
gdf-je 3
bi-je 1
fcf-je 1
bfgb-je 2
bfc-je 1
bbi-je 1
95
1
iae-jf 9
96
3
daf-jg 6
beb-jg 2
ec-jg 1
97
4
bbfg-jh 6
hib-jh 1
bcbf-jh 1
dai-jh 1
98
4
bdjh-ji 1
bccj-ji 2
beaa-ji 2
idd-ji 4
99
3
bcee-jj 7
dej-jj 1
fgf-jj 1
100
5
bfg-baa 1
dig-baa 1
fhg-baa 3
dfi-baa 3
efg-baa 1
101
4
chf-bab 3
ede-bab 2
eic-bab 2
jhg-bab 2
102
4
hfi-bac 1
gja-bac 1
hj-bac 6
bfe-bac 1
103
3
bfi-bad 5
bha-bad 1
jid-bad 3
104
4
dgj-bae 1
bdga-bae 3
ceg-bae 4
cd-bae 1
105
3
bdbh-baf 3
cj-baf 2
bcb-baf 4
106
5
bfce-bag 3
fic-bag 1
bcc-bag 1
dad-bag 3
bbfi-bag 1
107
6
deg-bah 1
gjh-bah 1
hbf-bah 1
ifd-bah 1
ddf-bah 1
bbcc-bah 4
108
2
bda-bai 4
cfj-bai 5
109
2
chf-baj 4
eg-baj 5
110
3
gdc-bba 2
fbe-bba 1
hi-bba 6
111
3
d-bbb 4
fdh-bbb 2
edb-bbb 3
112
4
dbb-bbc 3
jje-bbc 3
chf-bbc 1
dgb-bbc 2
114
2
cb-bbe 7
cie-bbe 2
115
3
bei-bbf 3
dfc-bbf 3
bage-bbf 3
116
6
eg-bbg 1
gdc-bbg 1
eba-bbg 1
bbbj-bbg 1
cbd-bbg 4
iff-bbg 1
117
3
bacc-bbh 2
gjh-bbh 1
ehi-bbh 6
118
5
bech-bbi 5
bca-bbi 1
beeh-bbi 1
gfd-bbi 1
cbb-bbi 1
119
7
ige-bbj 2
bbag-bbj 1
gjh-bbj 1
fag-bbj 1
bbf-bbj 1
eh-bbj 1
baja-bbj 2
120
5
gaf-bca 2
gae-bca 1
cc-bca 1
eae-bca 1
cji-bca 4
121
3
fba-bcb 4
bbgc-bcb 2
bbdg-bcb 3
122
7
bbab-bcc 1
hgb-bcc 2
jg-bcc 1
bjd-bcc 1
gfi-bcc 2
bbff-bcc 1
bebg-bcc 1
123
4
eed-bcd 1
ddj-bcd 1
jec-bcd 2
gc-bcd 5
124
7
ccc-bce 1
edi-bce 1
bagd-bce 1
bb-bce 3
gef-bce 1
gc-bce 1
bi-bce 1
125
2
cea-bcf 4
ddj-bcf 5
126
4
g-bcg 3
dbg-bcg 1
bhj-bcg 3
di-bcg 2
127
4
ecb-bch 4
fbh-bch 3
gad-bch 1
bgbf-bch 1
128
6
bbf-bci 2
bbc-bci 1
bcbc-bci 3
bagb-bci 1
bbhe-bci 1
fag-bci 1
129
2
icj-bcj 6
iff-bcj 3
130
5
ia-bda 3
ffa-bda 2
dfj-bda 1
dhg-bda 2
eh-bda 1
131
5
deh-bdb 1
efd-bdb 1
bfc-bdb 3
jbg-bdb 1
djh-bdb 3
132
7
bbjh-bdc 2
fdc-bdc 1
bfea-bdc 1
bbah-bdc 2
fee-bdc 1
jbg-bdc 1
bbfe-bdc 1
133
3
bcgc-bdd 6
bjf-bdd 1
bece-bdd 2
134
3
iah-bde 4
bba-bde 4
gge-bde 1
135
4
gbf-bdf 2
gea-bdf 3
hcg-bdf 2
bbab-bdf 2
136
6
bahh-bdg 1
cha-bdg 2
dhi-bdg 3
bcc-bdg 1
bbij-bdg 1
jdg-bdg 1
137
3
feh-bdh 3
jjg-bdh 5
ce-bdh 1
138
4
iic-bdi 2
jbe-bdi 1
bffi-bdi 3
gci-bdi 3
139
6
hhc-bdj 1
igg-bdj 1
ffb-bdj 1
bbbh-bdj 4
geh-bdj 1
jfe-bdj 1
140
4
dgc-bea 3
fif-bea 1
cdh-bea 2
dgb-bea 3
141
6
djg-beb 2
fe-beb 2
cbe-beb 1
hia-beb 1
edh-beb 1
dci-beb 2
142
7
bdei-bec 1
ica-bec 2
eei-bec 1
ii-bec 1
hea-bec 1
hff-bec 2
hj-bec 1
143
5
cd-bed 1
begd-bed 2
feh-bed 2
bhc-bed 2
ica-bed 2
144
5
gjd-bee 1
bbej-bee 3
bgbe-bee 1
dfg-bee 1
cfa-bee 3
145
2
dai-bef 4
fgj-bef 5
146
4
bja-beg 4
bef-beg 1
fei-beg 3
ea-beg 1
147
7
ieh-beh 1
ccg-beh 1
cia-beh 1
hi-beh 1
jbj-beh 1
bab-beh 1
gdd-beh 3
148
5
jbi-bei 2
becg-bei 1
bcgi-bei 2
jca-bei 1
fge-bei 3
149
3
fif-bej 4
bec-bej 2
bdb-bej 3
150
2
egg-bfa 6
cjd-bfa 3
151
1
bdji-bfb 9
152
7
fcb-bfc 1
bafi-bfc 3
ifh-bfc 1
cei-bfc 1
dcb-bfc 1
cdb-bfc 1
gbi-bfc 1
153
4
bif-bfd 4
jgi-bfd 1
haa-bfd 3
cie-bfd 1
154
5
baea-bfe 2
hff-bfe 4
dch-bfe 1
cgh-bfe 1
gbc-bfe 1
155
2
eec-bff 6
gfe-bff 3
156
4
bgac-bfg 1
hj-bfg 4
dae-bfg 3
hhe-bfg 1
157
2
bae-bfh 6
eaa-bfh 3
158
6
ich-bfi 1
idg-bfi 3
ecj-bfi 2
bgci-bfi 1
gaa-bfi 1
jhe-bfi 1
159
4
jjj-bfj 2
gif-bfj 1
bii-bfj 1
ded-bfj 5
160
3
hbd-bga 1
efe-bga 1
dij-bga 7
161
3
cgc-bgb 3
hea-bgb 1
bedd-bgb 5
162
3
cgd-bgc 5
bdeh-bgc 1
cdb-bgc 3
163
3
bgdh-bgd 4
edg-bgd 3
gd-bgd 2
164
1
hci-bge 9
165
1
iaa-bgf 9
166
5
bcaa-bgg 1
ehg-bgg 1
bdde-bgg 1
babe-bgg 5
heh-bgg 1
167
5
bfgh-bgh 1
cej-bgh 4
cgg-bgh 1
be-bgh 1
dbg-bgh 2
168
6
bhh-bgi 2
cbi-bgi 1
baa-bgi 1
eij-bgi 1
dda-bgi 2
daj-bgi 2
169
4
bffe-bgj 2
jai-bgj 2
djh-bgj 4
hch-bgj 1
170
3
fh-bha 3
ccd-bha 5
gi-bha 1
171
6
fcb-bhb 1
ih-bhb 3
hhd-bhb 1
jh-bhb 2
bfbi-bhb 1
cda-bhb 1
172
5
bagf-bhc 1
bfe-bhc 2
edf-bhc 2
gfg-bhc 3
bbfd-bhc 1
173
2
hj-bhd 6
eed-bhd 3
174
2
cfe-bhe 5
daa-bhe 4
175
6
jga-bhf 2
bci-bhf 2
dgi-bhf 1
ca-bhf 2
ech-bhf 1
cgi-bhf 1
176
6
bci-bhg 3
babb-bhg 1
cbg-bhg 1
iga-bhg 1
cdi-bhg 1
baf-bhg 2
177
4
bai-bhh 3
cbc-bhh 1
efe-bhh 3
cch-bhh 2
178
4
eaj-bhi 4
gbb-bhi 1
ibh-bhi 1
cdb-bhi 3
179
3
ghd-bhj 4
cb-bhj 1
bafb-bhj 4
180
2
cch-bia 8
hi-bia 1
181
2
fhc-bib 3
eae-bib 6
182
2
dc-bic 6
baa-bic 3
183
3
bef-bid 4
bajd-bid 1
beh-bid 4
184
7
bde-bie 1
hdd-bie 1
bcc-bie 1
dbe-bie 3
bcai-bie 1
bbc-bie 1
eig-bie 1
185
3
babf-bif 2
bgcg-bif 1
cji-bif 6
186
1
deg-big 9
187
3
dcf-bih 4
hef-bih 2
bcff-bih 3
188
4
ejd-bii 5
dfa-bii 1
bga-bii 1
bcej-bii 2
189
4
ba-bij 1
cia-bij 1
gfi-bij 5
cha-bij 2
190
2
ded-bja 6
dca-bja 3
191
4
fed-bjb 3
bcdb-bjb 4
db-bjb 1
bbee-bjb 1
192
4
baad-bjc 2
bagc-bjc 5
ibe-bjc 1
ggh-bjc 1
193
5
hdg-bjd 2
bij-bjd 1
ghb-bjd 4
di-bjd 1
gd-bjd 1
194
2
cga-bje 4
ecd-bje 5
195
5
bccc-bjf 1
baff-bjf 1
hii-bjf 2
hic-bjf 4
ecg-bjf 1
197
5
jeb-bjh 2
eah-bjh 1
gfd-bjh 2
bcb-bjh 1
cd-bjh 3
198
4
cgh-bji 2
fdj-bji 1
dbg-bji 2
beeb-bji 4
199
4
jhe-bjj 4
edg-bjj 2
gci-bjj 1
baad-bjj 2
200
5
bafd-caa 2
hfg-caa 1
dhc-caa 1
djj-caa 3
ecb-caa 2
201
4
cjd-cab 3
bdg-cab 3
daf-cab 1
bef-cab 2
202
5
bbdh-cac 3
cgd-cac 2
djc-cac 2
fid-cac 1
dbf-cac 1
203
1
icg-cad 9
204
7
jcd-cae 1
cci-cae 1
bea-cae 1
chb-cae 3
bccg-cae 1
bcb-cae 1
hhb-cae 1
205
3
bafb-caf 7
gag-caf 1
ghc-caf 1
206
4
ebb-cag 2
cie-cag 1
bbg-cag 3
fbi-cag 3
207
4
fac-cah 1
ih-cah 1
bebe-cah 1
fde-cah 6
208
1
gdb-cai 9
209
3
ghh-caj 4
eji-caj 1
jh-caj 4
210
4
bbjf-cba 4
bgdd-cba 2
bccb-cba 1
bfi-cba 2
211
3
be-cbb 4
ihc-cbb 1
ca-cbb 4
212
2
efg-cbc 3
bcdg-cbc 6
213
7
jfc-cbd 1
bcdc-cbd 1
eag-cbd 1
bif-cbd 1
cec-cbd 1
ehe-cbd 1
jej-cbd 3
214
1
bbcc-cbe 9
215
2
bff-cbf 8
ceb-cbf 1
216
4
hjj-cbg 5
bbfi-cbg 2
bdg-cbg 1
becj-cbg 1
217
1
bhi-cbh 9
218
2
ede-cbi 8
bdi-cbi 1
219
3
gjj-cbj 4
jec-cbj 2
hi-cbj 3
220
6
eea-cca 4
ehi-cca 1
bbdb-cca 1
ihg-cca 1
cbe-cca 1
bbi-cca 1
221
4
jeh-ccb 5
bjj-ccb 2
ddd-ccb 1
ejj-ccb 1
222
3
jfh-ccc 6
bcda-ccc 1
eag-ccc 2
223
4
eae-ccd 2
feh-ccd 2
bajb-ccd 3
cjf-ccd 2
224
1
bceh-cce 9
225
5
hcc-ccf 2
dca-ccf 1
ga-ccf 3
ihi-ccf 1
jeg-ccf 2
226
3
hjh-ccg 6
ijd-ccg 1
bih-ccg 2
227
4
baaf-cch 1
egd-cch 1
bhe-cch 4
ice-cch 3
228
4
bbfd-cci 4
haf-cci 3
ceb-cci 1
bgbg-cci 1
229
4
eeb-ccj 1
gdf-ccj 1
hji-ccj 1
cch-ccj 6
230
2
ejd-cda 6
dd-cda 3
231
4
fcf-cdb 1
ejg-cdb 1
bff-cdb 6
jaa-cdb 1
232
5
ddj-cdc 3
eb-cdc 1
gac-cdc 2
ccj-cdc 2
fad-cdc 1
233
2
db-cdd 4
bebi-cdd 5
234
4
gge-cde 2
hhb-cde 1
bjb-cde 4
bdia-cde 2
235
4
fjc-cdf 3
badh-cdf 2
dfa-cdf 1
bhj-cdf 3
236
4
cid-cdg 2
bdf-cdg 2
bfjd-cdg 3
dff-cdg 2
237
2
gfd-cdh 8
bbja-cdh 1
238
3
j-cdi 2
beha-cdi 1
jbc-cdi 6
239
2
hgg-cdj 2
ega-cdj 7
240
5
gbi-cea 4
che-cea 1
jaj-cea 1
be-cea 2
if-cea 1
241
4
bdea-ceb 3
bfj-ceb 1
cii-ceb 1
dhh-ceb 4
242
2
bajb-cec 2
bad-cec 7
243
3
cah-ced 4
bbgc-ced 1
efg-ced 4
244
3
eej-cee 2
ic-cee 6
jhc-cee 1
245
4
bha-cef 5
bfi-cef 1
bbec-cef 2
dab-cef 1
246
3
gdg-ceg 4
iag-ceg 4
cah-ceg 1
247
1
gdd-ceh 9
248
3
ddf-cei 6
fhi-cei 1
dgf-cei 2
249
5
dif-cej 2
bbee-cej 1
ef-cej 3
bbeg-cej 1
bh-cej 2
250
5
gei-cfa 1
eb-cfa 4
ice-cfa 2
hdi-cfa 1
bdhb-cfa 1
251
4
g-cfb 2
fhe-cfb 2
fgg-cfb 1
baga-cfb 4
252
2
gef-cfc 8
eca-cfc 1
253
2
geb-cfd 6
bchd-cfd 3
254
1
ijc-cfe 9
255
4
egj-cff 3
ejg-cff 2
bafc-cff 3
hda-cff 1
256
4
bbdg-cfg 1
ej-cfg 1
bfdb-cfg 5
gic-cfg 2
257
4
fjh-cfh 3
bee-cfh 4
bbee-cfh 1
cie-cfh 1
258
4
dhi-cfi 3
bcfi-cfi 3
chd-cfi 1
eec-cfi 2
259
2
cfi-cfj 8
beb-cfj 1
260
5
chj-cga 1
dh-cga 1
bcjf-cga 1
chf-cga 5
bhb-cga 1
261
5
da-cgb 1
gdf-cgb 3
dch-cgb 2
dhd-cgb 2
deb-cgb 1
262
5
hfc-cgc 3
ica-cgc 1
hdb-cgc 2
cdb-cgc 1
ee-cgc 2
263
4
bafi-cgd 5
dcf-cgd 1
bafd-cgd 1
bec-cgd 2
264
3
bfc-cge 2
ea-cge 4
bba-cge 3
265
4
ibe-cgf 2
fcc-cgf 1
dej-cgf 5
bgbh-cgf 1
266
3
bdh-cgg 5
fhc-cgg 1
bii-cgg 3
267
5
hc-cgh 3
hif-cgh 1
bdhc-cgh 2
babb-cgh 1
cag-cgh 2
268
5
baaa-cgi 1
ia-cgi 3
djh-cgi 1
daf-cgi 3
fdh-cgi 1
269
2
eag-cgj 6
ifi-cgj 3
270
5
gfh-cha 5
dcb-cha 1
ged-cha 1
dhj-cha 1
egj-cha 1
271
3
bcbi-chb 5
fff-chb 1
eci-chb 3
272
4
fjc-chc 4
bbfj-chc 2
jhd-chc 2
hba-chc 1
273
3
bfbg-chd 1
cjc-chd 6
dfj-chd 2
274
3
befj-che 5
eah-che 1
dej-che 3
275
4
fch-chf 5
eca-chf 1
hfb-chf 1
did-chf 2
276
3
iab-chg 4
fc-chg 4
edh-chg 1
277
1
ddj-chh 9
278
5
jeh-chi 1
ibj-chi 2
hga-chi 2
bbc-chi 1
bbea-chi 3
279
4
fg-chj 4
jg-chj 2
bgh-chj 1
hhi-chj 2
280
4
jj-cia 6
cce-cia 1
eie-cia 1
jej-cia 1
281
5
bdhb-cib 4
bdhh-cib 1
bcce-cib 1
hh-cib 1
eha-cib 2
282
3
dhi-cic 3
jce-cic 4
ifd-cic 2
283
7
ehb-cid 2
cab-cid 1
dfd-cid 1
bdh-cid 2
hgg-cid 1
cjb-cid 1
fcf-cid 1
284
2
gg-cie 3
jfi-cie 6
285
6
gfe-cif 1
baed-cif 2
idd-cif 2
dgb-cif 2
bcja-cif 1
dae-cif 1
286
3
eef-cig 7
dge-cig 1
hbj-cig 1
287
1
icg-cih 9
288
4
ggd-cii 6
gc-cii 1
baha-cii 1
gbi-cii 1
289
3
cch-cij 5
bgi-cij 3
dgf-cij 1
290
4
hcj-cja 1
ead-cja 6
bcaa-cja 1
ehg-cja 1
291
4
eei-cjb 3
beba-cjb 1
jbi-cjb 1
bagh-cjb 4
292
4
bada-cjc 4
db-cjc 2
bcih-cjc 2
bfgi-cjc 1
293
2
eje-cjd 8
bdaa-cjd 1
294
2
cea-cje 7
bbi-cje 2
295
3
egf-cjf 5
cgb-cjf 1
dba-cjf 3
298
2
hbd-cji 5
bdce-cji 4
299
4
fci-cjj 6
jah-cjj 1
bfeb-cjj 1
bgh-cjj 1
300
4
jjb-daa 2
ih-daa 2
bbhc-daa 1
bfde-daa 4
301
2
bef-dab 1
hi-dab 8
302
3
bgi-dac 3
iid-dac 2
dce-dac 4
303
3
gcb-dad 6
gfe-dad 2
gfd-dad 1
304
3
fce-dae 3
bcib-dae 1
baaa-dae 5
305
5
fbb-daf 3
badi-daf 1
cha-daf 1
bdcb-daf 1
jae-daf 3
306
1
eb-dag 9
307
4
ggg-dah 4
cgi-dah 1
ehc-dah 3
ihj-dah 1
308
3
bchi-dai 2
bafa-dai 3
dhc-dai 4
309
6
ebb-daj 4
dce-daj 1
geh-daj 1
dhe-daj 1
fae-daj 1
fhj-daj 1
310
3
hhj-dba 5
bff-dba 2
gdh-dba 2
311
3
cjb-dbb 1
dfc-dbb 7
eaa-dbb 1
312
2
dah-dbc 8
hca-dbc 1
313
3
bdjf-dbd 6
gcb-dbd 2
bfg-dbd 1
314
2
dac-dbe 6
bcaf-dbe 3
315
4
gib-dbf 1
eid-dbf 1
baad-dbf 3
gdc-dbf 4
316
3
iag-dbg 1
dab-dbg 6
ffg-dbg 2
317
3
cdb-dbh 7
fha-dbh 1
caa-dbh 1
318
3
bcaa-dbi 2
fah-dbi 5
edd-dbi 2
319
3
gjf-dbj 4
bb-dbj 1
dhd-dbj 4
320
5
a-dca 2
jbi-dca 1
bda-dca 3
bdii-dca 2
badg-dca 1
321
5
fi-dcb 2
eda-dcb 4
efg-dcb 1
gbj-dcb 1
gad-dcb 1
322
7
jah-dcc 1
chf-dcc 1
fbb-dcc 1
heg-dcc 1
ddf-dcc 1
gdi-dcc 3
di-dcc 1
323
4
gda-dcd 1
gjc-dcd 2
cg-dcd 1
cfg-dcd 5
324
2
ebg-dce 3
jef-dce 6
325
5
fea-dcf 3
bhe-dcf 1
cgb-dcf 1
fce-dcf 1
bbja-dcf 3
326
3
cd-dcg 5
dca-dcg 3
jjj-dcg 1
327
4
eca-dch 6
bdgc-dch 1
jai-dch 1
dh-dch 1
328
5
cge-dci 4
dae-dci 1
ehi-dci 1
ddg-dci 2
bcef-dci 1
329
2
jcg-dcj 8
begb-dcj 1
330
3
dai-dda 5
bjj-dda 2
cea-dda 2
331
3
bbdj-ddb 1
bdge-ddb 3
ddd-ddb 5
332
4
bfjb-ddc 4
bja-ddc 3
ia-ddc 1
dac-ddc 1
333
1
beef-ddd 9
334
8
fbe-dde 1
ifj-dde 1
d-dde 1
dbe-dde 1
ejf-dde 1
ehd-dde 2
ghh-dde 1
bbj-dde 1
335
7
fcf-ddf 2
eb-ddf 1
bei-ddf 2
eij-ddf 1
jh-ddf 1
id-ddf 1
chf-ddf 1
336
3
eid-ddg 5
cdi-ddg 1
cgc-ddg 3
337
3
ech-ddh 2
baa-ddh 6
ef-ddh 1
338
5
ehd-ddi 3
cfa-ddi 3
fib-ddi 1
ef-ddi 1
bjc-ddi 1
339
3
haa-ddj 1
ihj-ddj 6
ecg-ddj 2
340
6
bgi-dea 3
ejd-dea 2
ebe-dea 1
dia-dea 1
ief-dea 1
edh-dea 1
341
5
hgj-deb 1
fei-deb 4
cbi-deb 1
hfg-deb 2
hjc-deb 1
342
3
bfg-dec 5
fdc-dec 2
bcgh-dec 2
343
4
ddc-ded 5
jab-ded 2
ihf-ded 1
gij-ded 1
344
5
cia-dee 3
fhb-dee 2
dhc-dee 1
fji-dee 1
dej-dee 2
345
2
ceb-def 4
jfi-def 5
346
5
eec-deg 2
bceg-deg 3
cdh-deg 2
hia-deg 1
fhd-deg 1
347
3
dj-deh 6
ifa-deh 2
iji-deh 1
348
2
fif-dei 7
gjc-dei 2
349
4
fda-dej 5
bcah-dej 2
babg-dej 1
dif-dej 1
350
5
bfb-dfa 5
ege-dfa 1
eai-dfa 1
fie-dfa 1
hab-dfa 1
351
2
ehb-dfb 4
e-dfb 5
352
7
fgg-dfc 1
ddc-dfc 1
ca-dfc 1
ghb-dfc 1
eb-dfc 3
cjc-dfc 1
fgj-dfc 1
353
3
bfcc-dfd 5
da-dfd 2
idj-dfd 2
354
3
baac-dfe 1
ii-dfe 7
ejd-dfe 1
355
5
hii-dff 1
heg-dff 5
gie-dff 1
ife-dff 1
jha-dff 1
356
3
dhf-dfg 2
cdj-dfg 1
eib-dfg 6
357
4
fee-dfh 1
beci-dfh 3
bbcb-dfh 3
fhb-dfh 2
358
2
egd-dfi 4
hgh-dfi 5
359
3
bbah-dfj 6
ejd-dfj 1
eb-dfj 2
360
2
bcdg-dga 5
fff-dga 4
361
2
bcae-dgb 6
cad-dgb 3
362
5
bdbb-dgc 1
bc-dgc 1
c-dgc 1
jic-dgc 5
fib-dgc 1
363
8
ifb-dgd 1
badi-dgd 1
ebc-dgd 1
feh-dgd 1
bajj-dgd 2
ifg-dgd 1
cbc-dgd 1
bbjf-dgd 1
364
5
hcj-dge 1
ef-dge 3
beaa-dge 3
dc-dge 1
bccf-dge 1
365
3
bffd-dgf 4
jfj-dgf 1
bbba-dgf 4
366
2
bced-dgg 5
bg-dgg 4
367
2
idi-dgh 8
dff-dgh 1
368
3
deb-dgi 4
bbf-dgi 1
ibf-dgi 4
369
4
bcab-dgj 3
bea-dgj 4
gg-dgj 1
ghb-dgj 1
370
3
dji-dha 2
jhi-dha 1
dij-dha 6
371
3
d-dhb 5
bajb-dhb 2
ebh-dhb 2
372
6
bbce-dhc 1
jii-dhc 1
bbed-dhc 2
dbg-dhc 2
bdab-dhc 1
dfg-dhc 2
373
6
baeg-dhd 1
dgh-dhd 1
cdi-dhd 1
hfh-dhd 3
ije-dhd 1
fhc-dhd 2
374
5
bbhi-dhe 3
dca-dhe 1
ieg-dhe 3
bbhb-dhe 1
bbii-dhe 1
375
3
baga-dhf 1
cjd-dhf 4
ebj-dhf 4
376
4
begf-dhg 1
ida-dhg 1
beab-dhg 2
bfe-dhg 5
377
4
bbh-dhh 3
bdac-dhh 1
bbb-dhh 1
dgf-dhh 4
378
3
ihg-dhi 1
fjf-dhi 4
fhf-dhi 4
379
5
icc-dhj 1
begh-dhj 3
fce-dhj 1
ddj-dhj 1
idf-dhj 3
380
1
ecg-dia 9
381
2
bgg-dib 8
dhj-dib 1
382
4
jff-dic 1
hhd-dic 1
fh-dic 1
edj-dic 6
383
5
ccj-did 5
hid-did 1
dhg-did 1
bab-did 1
bgj-did 1
384
5
fac-die 4
fea-die 2
baag-die 1
fig-die 1
jeb-die 1
385
1
bbdh-dif 9
386
3
hih-dig 1
fcd-dig 4
edj-dig 4
387
2
fdg-dih 3
bbjg-dih 6
388
2
bage-dii 2
bdeg-dii 7
389
5
bacf-dij 1
hhe-dij 1
ici-dij 1
cga-dij 4
eai-dij 2
390
1
bdhi-dja 9
391
2
eee-djb 4
jjj-djb 5
392
3
jaj-djc 1
dba-djc 1
ddi-djc 7
393
4
bejh-djd 2
ifd-djd 4
cie-djd 2
ceb-djd 1
394
3
hag-dje 7
beaj-dje 1
bbj-dje 1
395
2
eha-djf 7
di-djf 2
396
3
bceg-djg 1
efi-djg 5
hca-djg 3
397
7
beca-djh 1
cjc-djh 1
bdef-djh 1
gai-djh 1
bif-djh 1
gdg-djh 3
ebi-djh 1
398
2
bahj-dji 5
hhj-dji 4
399
3
dec-djj 7
jib-djj 1
bbc-djj 1
400
4
eji-eaa 2
jbb-eaa 5
bee-eaa 1
hjj-eaa 1
401
3
bbga-eab 5
bdha-eab 1
chi-eab 3
402
3
jhi-eac 2
bagg-eac 3
cej-eac 4
403
2
dce-ead 5
caf-ead 4
404
5
bic-eae 1
gdc-eae 1
fhi-eae 1
icb-eae 3
fed-eae 3
405
3
jc-eaf 3
fgj-eaf 2
fde-eaf 4
406
5
gff-eag 4
hgb-eag 1
cfa-eag 1
hea-eag 1
ca-eag 2
407
4
bcaj-eah 4
bbcf-eah 1
eca-eah 1
gdj-eah 3
408
4
bbec-eai 2
ffa-eai 1
efh-eai 1
be-eai 5
409
3
jfa-eaj 7
beec-eaj 1
eae-eaj 1
410
5
bebc-eba 2
bif-eba 2
feb-eba 1
gih-eba 3
cee-eba 1
411
5
ffd-ebb 3
iij-ebb 1
beb-ebb 3
fff-ebb 1
fac-ebb 1
412
1
baej-ebc 9
413
7
bdae-ebd 2
had-ebd 1
dgi-ebd 1
cag-ebd 2
badb-ebd 1
ejb-ebd 1
bcce-ebd 1
414
4
ebb-ebe 3
ceb-ebe 1
bfhc-ebe 1
df-ebe 4
415
1
bfd-ebf 9
416
2
ghg-ebg 4
fga-ebg 5
417
4
hdg-ebh 2
icg-ebh 1
daf-ebh 5
bahf-ebh 1
418
1
hfe-ebi 9
419
4
djj-ebj 1
jgc-ebj 1
ghd-ebj 4
ehi-ebj 3
420
3
eh-eca 6
dbf-eca 2
jga-eca 1
421
2
bchc-ecb 8
daj-ecb 1
422
9
bdie-ecc 1
edi-ecc 1
jc-ecc 1
bdch-ecc 1
ejd-ecc 1
idf-ecc 1
fbe-ecc 1
babd-ecc 1
cd-ecc 1
423
3
jfj-ecd 7
dha-ecd 1
fba-ecd 1
424
3
ecd-ece 2
eaa-ece 1
ici-ece 6
425
5
eed-ecf 3
cib-ecf 1
dc-ecf 1
beh-ecf 1
dgb-ecf 3
426
3
dfa-ecg 5
bcca-ecg 1
fbc-ecg 3
427
4
bajd-ech 3
jjc-ech 3
hcd-ech 1
dbh-ech 2
428
2
hcg-eci 6
jac-eci 3
429
1
ihi-ecj 9
430
5
dhf-eda 1
bbdb-eda 1
bdcg-eda 1
igj-eda 5
hbd-eda 1
431
4
iia-edb 1
gdd-edb 1
jj-edb 6
gec-edb 1
432
4
dci-edc 4
ggi-edc 1
ihi-edc 1
baa-edc 3
433
3
bdh-edd 1
cbe-edd 3
gag-edd 5
434
3
ffi-ede 5
jbb-ede 2
jh-ede 2
435
4
bdag-edf 1
hba-edf 1
fah-edf 2
bdfe-edf 5
436
5
ie-edg 2
cde-edg 1
ggd-edg 1
bgd-edg 3
jgh-edg 2
437
5
beb-edh 5
cfj-edh 1
dah-edh 1
bbgb-edh 1
hcd-edh 1
438
5
gie-edi 1
ccg-edi 2
eja-edi 2
egf-edi 1
bda-edi 3
439
2
egf-edj 7
egj-edj 2
440
3
bgj-eea 2
gcc-eea 2
djh-eea 5
441
3
hgh-eeb 1
dec-eeb 6
hei-eeb 2
442
3
hci-eec 4
cbe-eec 4
dge-eec 1
443
4
gcd-eed 1
jhc-eed 3
iaa-eed 4
fcg-eed 1
444
3
idg-eee 4
chb-eee 3
fgi-eee 2
445
4
jad-eef 6
bdg-eef 1
dej-eef 1
bdcd-eef 1
446
4
bfc-eeg 4
dji-eeg 1
cfe-eeg 1
badg-eeg 3
447
1
gbb-eeh 9
448
4
fii-eei 3
haj-eei 4
bih-eei 1
beed-eei 1
449
2
bcag-eej 6
bcih-eej 3
450
5
hch-efa 1
jia-efa 1
cbb-efa 2
bccg-efa 3
ii-efa 2
451
1
ehc-efb 9
452
3
hd-efc 2
bhh-efc 4
ehd-efc 3
453
2
bbc-efd 6
fei-efd 3
454
2
bcdb-efe 2
ija-efe 7
455
5
hgf-eff 3
bjf-eff 1
fff-eff 3
jge-eff 1
bbed-eff 1
456
5
daf-efg 4
fii-efg 1
bcad-efg 1
iib-efg 1
bbj-efg 2
457
4
igc-efh 2
ded-efh 2
bbeg-efh 2
iic-efh 3
458
1
eec-efi 9
459
6
fhc-efj 1
fje-efj 1
bbfa-efj 4
bbca-efj 1
efe-efj 1
gde-efj 1
460
7
cbg-ega 1
bac-ega 1
icf-ega 1
bbac-ega 3
bja-ega 1
feh-ega 1
jca-ega 1
461
4
jg-egb 3
bcdf-egb 1
hic-egb 1
fdb-egb 4
463
3
bdhg-egd 1
ebd-egd 7
cfa-egd 1
464
3
ifi-ege 5
ecb-ege 2
dbb-ege 2
465
4
fge-egf 3
ifd-egf 1
eae-egf 1
cha-egf 4
466
5
eaj-egg 4
die-egg 1
jia-egg 1
idd-egg 2
ed-egg 1
467
2
iid-egh 1
gah-egh 8
468
1
hef-egi 9
469
5
jdg-egj 1
ibi-egj 1
jj-egj 1
dbi-egj 3
baih-egj 3
470
4
fgd-eha 6
bjj-eha 1
cgh-eha 1
bbi-eha 1
471
2
hib-ehb 8
bfc-ehb 1
472
2
cdh-ehc 5
iad-ehc 4
473
3
hcb-ehd 1
bffb-ehd 1
hjj-ehd 7
474
4
di-ehe 6
ibh-ehe 1
hje-ehe 1
bebj-ehe 1
475
5
hgh-ehf 1
jgj-ehf 1
caa-ehf 1
cac-ehf 1
fag-ehf 5
476
3
bdgh-ehg 2
hda-ehg 1
edf-ehg 6
477
2
ecf-ehh 5
gcc-ehh 4
478
3
bbeg-ehi 3
fef-ehi 4
jfd-ehi 2
479
3
bcgj-ehj 2
hbj-ehj 6
eci-ehj 1
480
2
cjj-eia 3
efc-eia 6
481
3
bbbe-eib 3
dg-eib 5
iih-eib 1
482
4
fhi-eic 2
bdfb-eic 1
ebb-eic 1
bfef-eic 5
483
3
hc-eid 4
bfhj-eid 3
bdg-eid 2
484
2
ffj-eie 6
gbb-eie 3
485
1
fdf-eif 9
486
2
bfeh-eig 7
fdf-eig 2
487
5
daa-eih 2
jc-eih 4
cag-eih 1
ifi-eih 1
efh-eih 1
488
3
bfdi-eii 5
fij-eii 1
bgb-eii 3
489
4
jae-eij 2
ief-eij 2
dcc-eij 2
dfg-eij 3
490
3
iaj-eja 1
babi-eja 4
hej-eja 4
491
2
bhc-ejb 2
ibd-ejb 7
492
6
bcbe-ejc 1
gji-ejc 4
eia-ejc 1
ggd-ejc 1
daj-ejc 1
hgb-ejc 1
493
2
iic-ejd 5
ige-ejd 4
494
5
ebj-eje 5
cif-eje 1
bfj-eje 1
iei-eje 1
gic-eje 1
495
1
bfja-ejf 9
496
4
ghb-ejg 5
chd-ejg 2
eb-ejg 1
feg-ejg 1
497
2
idi-ejh 7
bbi-ejh 2
498
4
cdd-eji 6
d-eji 1
hfb-eji 1
cgh-eji 1
499
2
hif-ejj 6
chf-ejj 3
500
4
bbba-faa 5
deg-faa 2
ice-faa 1
dfb-faa 1
501
1
dda-fab 9
502
5
cbh-fac 1
hbc-fac 3
hdh-fac 2
cbi-fac 1
bbii-fac 2
503
5
bdjg-fad 1
cfh-fad 1
iej-fad 5
fgd-fad 1
baei-fad 1
504
2
bdia-fae 8
baba-fae 1
505
2
bcja-faf 4
hid-faf 5
506
3
bahb-fag 5
dbf-fag 2
hcd-fag 2
507
2
bjf-fah 1
jbj-fah 8
508
3
fdh-fai 7
badj-fai 1
eff-fai 1
509
6
bhe-faj 2
fgi-faj 1
ggb-faj 1
ghi-faj 1
iii-faj 1
ga-faj 3
510
3
bbdb-fba 1
cdi-fba 4
dii-fba 4
511
1
jgi-fbb 9
512
1
baag-fbc 9
513
4
ejj-fbd 4
jhc-fbd 1
hej-fbd 2
bih-fbd 2
514
2
bceh-fbe 8
fgi-fbe 1
515
1
jbh-fbf 9
516
1
dff-fbg 9
517
5
fdh-fbh 1
hca-fbh 2
bc-fbh 2
bcjg-fbh 2
fgb-fbh 2
518
5
ebf-fbi 2
bjb-fbi 1
dcc-fbi 2
cfg-fbi 3
eah-fbi 1
519
4
hb-fbj 2
hdc-fbj 1
beig-fbj 1
fch-fbj 5
520
3
gaj-fca 4
jib-fca 3
bccg-fca 2
521
4
hbb-fcb 3
h-fcb 2
bhb-fcb 3
bcdf-fcb 1
522
4
fjh-fcc 1
bfca-fcc 1
gic-fcc 4
gbd-fcc 3
523
1
cba-fcd 9
524
2
baec-fce 2
gia-fce 7
525
4
baib-fcf 6
ehe-fcf 1
ebi-fcf 1
bff-fcf 1
526
3
gcc-fcg 6
bbe-fcg 2
bcah-fcg 1
527
7
bcee-fch 1
ecb-fch 1
hfc-fch 1
eae-fch 1
fcf-fch 3
cjb-fch 1
beaj-fch 1
528
8
bbea-fci 1
dfh-fci 1
bjf-fci 1
iei-fci 1
dfd-fci 1
dei-fci 1
fhg-fci 2
iba-fci 1
529
4
egd-fcj 6
fcg-fcj 1
ghc-fcj 1
ffb-fcj 1
530
5
bhi-fda 2
edf-fda 1
bbbd-fda 1
cfd-fda 2
bhj-fda 3
531
3
def-fdb 5
eha-fdb 1
ccf-fdb 3
532
4
bahi-fdc 1
eg-fdc 3
bbjb-fdc 3
cif-fdc 2
533
7
eaf-fdd 1
bfha-fdd 3
bfie-fdd 1
bei-fdd 1
baei-fdd 1
edd-fdd 1
hid-fdd 1
534
3
fih-fde 7
egb-fde 1
jj-fde 1
535
6
fdg-fdf 1
bade-fdf 1
fbj-fdf 2
ibe-fdf 3
gdc-fdf 1
cgg-fdf 1
536
4
gje-fdg 4
bach-fdg 1
bdhg-fdg 1
bhi-fdg 3
537
6
cdc-fdh 1
gf-fdh 1
bcjh-fdh 1
cjd-fdh 1
ffa-fdh 2
deb-fdh 3
538
1
jii-fdi 9
539
2
bdfh-fdj 5
hbh-fdj 4
540
4
ee-fea 6
bbia-fea 1
bdcd-fea 1
bceb-fea 1
541
5
hgh-feb 3
ibd-feb 2
ieb-feb 1
dfh-feb 2
ih-feb 1
542
3
bfcg-fec 7
bfij-fec 1
ffe-fec 1
543
4
hdi-fed 4
fdh-fed 1
fjd-fed 3
bbhb-fed 1
544
5
fff-fee 5
bbaa-fee 1
ihf-fee 1
ecb-fee 1
be-fee 1
545
4
bfdg-fef 5
bbfh-fef 2
dfe-fef 1
je-fef 1
546
6
ijc-feg 1
ihh-feg 1
bcgj-feg 1
bi-feg 1
bd-feg 4
hgh-feg 1
547
4
chc-feh 4
bbdc-feh 3
hei-feh 1
djg-feh 1
548
2
begd-fei 5
eeg-fei 4
549
1
dfe-fej 9
550
4
idb-ffa 1
gch-ffa 1
bfef-ffa 1
df-ffa 6
551
5
cfd-ffb 1
ica-ffb 1
i-ffb 1
jfe-ffb 3
dab-ffb 3
552
2
hbb-ffc 4
bdj-ffc 5
553
1
dij-ffd 9
554
2
baba-ffe 5
hdc-ffe 4
555
7
chc-fff 1
baae-fff 1
edi-fff 1
fgj-fff 1
jbf-fff 1
baj-fff 3
hfd-fff 1
556
1
ffi-ffg 9
557
2
e-ffh 8
fja-ffh 1
558
3
cdj-ffi 1
cif-ffi 4
bcdd-ffi 4
559
4
gih-ffj 4
dfd-ffj 1
gfi-ffj 1
baid-ffj 3
560
6
cie-fga 1
eae-fga 1
gei-fga 1
igi-fga 1
bbhg-fga 4
bhe-fga 1
561
3
gff-fgb 6
eei-fgb 2
dba-fgb 1
562
2
bagf-fgc 4
dgd-fgc 5
563
5
bfic-fgd 1
ffa-fgd 1
fb-fgd 5
dij-fgd 1
bfff-fgd 1
564
1
gjf-fge 9
565
2
def-fgf 4
ha-fgf 5
566
1
ice-fgg 9
567
3
dbh-fgh 5
jjf-fgh 1
jcf-fgh 3
568
2
dfg-fgi 6
bcbi-fgi 3
569
2
bdc-fgj 4
ghj-fgj 5
570
2
bfig-fha 1
fhc-fha 8
571
6
beeb-fhb 1
beaa-fhb 1
bfcb-fhb 1
bajf-fhb 1
hfe-fhb 2
feb-fhb 3
572
5
bgea-fhc 5
bfed-fhc 1
cba-fhc 1
bbi-fhc 1
hch-fhc 1
573
4
dgi-fhd 6
hic-fhd 1
cih-fhd 1
dea-fhd 1
574
3
ebh-fhe 4
gge-fhe 3
hci-fhe 2
575
1
gad-fhf 9
576
3
da-fhg 1
fjc-fhg 3
bbfh-fhg 5
577
1
cba-fhh 9
578
3
bcgj-fhi 5
jcb-fhi 3
bja-fhi 1
579
4
fag-fhj 3
gaj-fhj 2
ii-fhj 3
bgde-fhj 1
580
2
hga-fia 8
gcc-fia 1
581
2
gjb-fib 5
fgb-fib 4
582
3
bgaj-fic 7
cea-fic 1
ijd-fic 1
583
4
cih-fid 3
bbaa-fid 1
gif-fid 2
hh-fid 3
584
2
bccf-fie 7
efe-fie 2
585
4
ibj-fif 5
bbc-fif 1
bfcg-fif 2
gge-fif 1
586
4
eib-fig 2
ejg-fig 2
bfj-fig 4
dec-fig 1
587
3
bcc-fih 5
ed-fih 2
id-fih 2
588
4
haf-fii 3
bagb-fii 1
gde-fii 1
bcfh-fii 4
589
1
ebj-fij 9
590
3
bhf-fja 2
cih-fja 5
edj-fja 2
591
8
gef-fjb 2
cij-fjb 1
hc-fjb 1
hae-fjb 1
gcg-fjb 1
egg-fjb 1
bggb-fjb 1
caa-fjb 1
592
5
dbg-fjc 5
baee-fjc 1
hdf-fjc 1
cie-fjc 1
bcff-fjc 1
593
2
ecc-fjd 5
cif-fjd 4
594
4
bbac-fje 6
hci-fje 1
hdj-fje 1
fba-fje 1
595
3
jhf-fjf 1
fhc-fjf 7
bahg-fjf 1
596
1
bcfe-fjg 9
597
3
g-fjh 4
babb-fjh 2
baij-fjh 3
598
9
bddi-fji 1
fij-fji 1
hh-fji 1
jbi-fji 1
ehf-fji 1
iga-fji 1
cdf-fji 1
bgb-fji 1
ejc-fji 1
599
3
ddi-fjj 2
bbg-fjj 2
gj-fjj 5
600
3
bacj-gaa 6
gbb-gaa 2
gjf-gaa 1
601
1
gdh-gab 9
602
1
cca-gac 9
603
5
bdfe-gad 2
bf-gad 1
jjh-gad 1
bjc-gad 3
hij-gad 2
604
7
bfi-gae 1
ceb-gae 1
bd-gae 1
eig-gae 2
ghc-gae 2
jci-gae 1
hca-gae 1
606
4
bahg-gag 4
dff-gag 2
jij-gag 1
dgc-gag 2
607
3
iaf-gah 5
cjc-gah 2
fac-gah 2
608
1
daa-gai 9
609
3
bcde-gaj 3
di-gaj 3
iae-gaj 3
610
4
bbge-gba 3
bbib-gba 1
fdi-gba 4
hgc-gba 1
611
5
bfjj-gbb 1
eja-gbb 3
becb-gbb 1
cgb-gbb 2
dhf-gbb 2
612
3
baab-gbc 4
bbh-gbc 3
bbhc-gbc 2
613
3
cg-gbd 2
bbcd-gbd 2
fcb-gbd 5
614
1
bgfd-gbe 9
615
4
bdcf-gbf 2
bbeh-gbf 4
fgd-gbf 2
ccj-gbf 1
616
3
dga-gbg 4
bbcb-gbg 2
dhh-gbg 3
617
2
ejj-gbh 6
ff-gbh 3
618
5
ej-gbi 5
bbeh-gbi 1
ifc-gbi 1
dbi-gbi 1
bacg-gbi 1
619
4
gch-gbj 1
eaa-gbj 4
bbfi-gbj 3
jej-gbj 1
620
2
haj-gca 6
hbg-gca 3
621
3
cab-gcb 5
bfbd-gcb 1
bch-gcb 3
622
7
baee-gcc 1
bbii-gcc 2
baad-gcc 1
cdh-gcc 2
iie-gcc 1
bafc-gcc 1
ejb-gcc 1
623
1
egf-gcd 9
624
1
fai-gce 9
625
2
daf-gcf 3
cgj-gcf 6
626
3
chg-gcg 5
hgd-gcg 1
ijg-gcg 3
627
3
bdc-gch 4
cih-gch 3
fjh-gch 2
628
3
bga-gci 3
igb-gci 4
cea-gci 2
629
2
ged-gcj 7
ebb-gcj 2
630
2
ihh-gda 8
bdcf-gda 1
631
3
bbg-gdb 7
eah-gdb 1
cb-gdb 1
632
5
cah-gdc 1
gbe-gdc 1
igj-gdc 2
babf-gdc 1
ifc-gdc 4
633
4
efh-gdd 3
hfi-gdd 2
dgb-gdd 3
bcag-gdd 1
634
3
cdd-gde 2
gba-gde 5
baeb-gde 2
635
4
hjh-gdf 6
gfe-gdf 1
bchf-gdf 1
bhc-gdf 1
636
4
bajh-gdg 1
db-gdg 1
bddj-gdg 4
hag-gdg 3
637
3
if-gdh 5
bdfd-gdh 3
jci-gdh 1
638
1
jcc-gdi 9
639
3
cei-gdj 6
dib-gdj 2
gjg-gdj 1
640
5
edi-gea 2
dea-gea 1
jh-gea 1
eaa-gea 3
cda-gea 2
641
4
hfa-geb 2
begg-geb 2
hhd-geb 3
eff-geb 2
642
1
ihd-gec 9
643
1
bdbj-ged 9
644
1
dda-gee 9
645
4
bdgj-gef 1
gij-gef 2
dfi-gef 1
gfh-gef 5
646
3
gaj-geg 5
bfcj-geg 1
cie-geg 3
647
2
bjh-geh 8
jg-geh 1
648
3
iba-gei 4
ffa-gei 3
daf-gei 2
649
2
hgi-gej 7
fec-gej 2
650
2
hbc-gfa 7
bgeg-gfa 2
651
4
bcbi-gfb 3
g-gfb 3
gfj-gfb 1
jhj-gfb 2
652
3
ccf-gfc 6
baha-gfc 1
bcb-gfc 2
653
3
gch-gfd 1
bdbg-gfd 5
hjb-gfd 3
654
3
baci-gfe 2
bif-gfe 1
hfa-gfe 6
655
7
hh-gff 1
ehe-gff 1
idi-gff 1
jbi-gff 1
egf-gff 2
bga-gff 1
eci-gff 2
656
3
jaj-gfg 2
bahh-gfg 5
chc-gfg 2
657
4
bi-gfh 2
iga-gfh 1
ffb-gfh 2
jaj-gfh 4
658
3
becd-gfi 6
ech-gfi 2
ghc-gfi 1
659
1
bdba-gfj 9
660
2
hhe-gga 3
bhe-gga 6
661
2
eae-ggb 6
bee-ggb 3
662
2
id-ggc 5
bgae-ggc 4
663
3
jhh-ggd 5
djj-ggd 3
igd-ggd 1
664
7
beg-gge 1
bfid-gge 1
bdc-gge 1
efd-gge 1
ifg-gge 1
gaj-gge 3
ehc-gge 1
665
4
bcdj-ggf 1
hab-ggf 3
jfj-ggf 1
feh-ggf 4
666
4
die-ggg 4
caf-ggg 1
dij-ggg 3
bih-ggg 1
667
1
cab-ggh 9
668
3
bfc-ggi 1
cbc-ggi 1
cgh-ggi 7
670
4
bfgj-gha 3
gdh-gha 2
ifc-gha 3
gii-gha 1
671
5
bgef-ghb 1
idb-ghb 1
bgae-ghb 5
bbfg-ghb 1
bbff-ghb 1
672
6
cib-ghc 1
fea-ghc 1
bch-ghc 1
fhi-ghc 1
begg-ghc 4
beid-ghc 1
673
3
did-ghd 2
egj-ghd 3
bae-ghd 4
674
3
cji-ghe 3
ggg-ghe 5
ccb-ghe 1
675
1
ggb-ghf 9
676
2
fhb-ghg 2
dhh-ghg 7
677
2
cbc-ghh 7
bacj-ghh 2
678
2
hai-ghi 5
daf-ghi 4
679
4
hec-ghj 1
fdb-ghj 1
fcd-ghj 3
bcbc-ghj 4
680
3
ied-gia 4
hbf-gia 2
egg-gia 3
681
2
cic-gib 7
bbhf-gib 2
682
5
gge-gic 1
dhi-gic 2
bjc-gic 1
fed-gic 2
bbga-gic 3
683
1
cjj-gid 9
684
2
iih-gie 2
ici-gie 7
685
5
bcdi-gif 4
jea-gif 1
gdf-gif 1
hge-gif 2
bcig-gif 1
687
4
bbfb-gih 6
baai-gih 1
badc-gih 1
die-gih 1
688
2
ib-gii 6
baab-gii 3
689
5
ehf-gij 5
ibd-gij 1
ehh-gij 1
fgh-gij 1
bei-gij 1
690
1
ecd-gja 9
691
1
ebc-gjb 9
692
5
hji-gjc 1
hg-gjc 3
ca-gjc 3
behb-gjc 1
gbe-gjc 1
693
1
gad-gjd 9
694
3
bbdf-gje 6
bhc-gje 1
b-gje 2
695
3
ieg-gjf 3
dig-gjf 1
hdh-gjf 5
696
5
egg-gjg 1
bbic-gjg 5
bfb-gjg 1
behg-gjg 1
bdda-gjg 1
697
3
cje-gjh 4
dfd-gjh 2
cbg-gjh 3
699
3
iii-gjj 5
fbi-gjj 1
hhe-gjj 3
700
3
bcea-haa 7
bjj-haa 1
dbe-haa 1
701
3
gc-hab 1
bcfg-hab 1
fij-hab 7
702
2
bcbg-hac 6
gdb-hac 3
703
1
iec-had 9
704
6
chi-hae 1
bbic-hae 1
fac-hae 1
ije-hae 1
idb-hae 2
hea-hae 3
705
2
jji-haf 3
jda-haf 6
706
6
dfg-hag 1
hje-hag 1
ecj-hag 1
bcgb-hag 1
beje-hag 1
dic-hag 4
707
2
fda-hah 2
efj-hah 7
708
1
hfh-hai 9
709
1
bdjj-haj 9
710
2
bdbi-hba 3
bega-hba 6
711
4
cgj-hbb 5
fac-hbb 1
eee-hbb 1
cfb-hbb 2
712
2
jdg-hbc 4
ffc-hbc 5
713
3
bdff-hbd 1
bei-hbd 1
eij-hbd 7
714
2
fji-hbe 8
fc-hbe 1
715
2
jf-hbf 1
fcf-hbf 8
716
5
bdjf-hbg 1
egh-hbg 1
gde-hbg 4
ife-hbg 1
jh-hbg 2
717
4
babe-hbh 3
ci-hbh 1
dbj-hbh 3
ifg-hbh 2
718
2
jfh-hbi 8
egd-hbi 1
719
2
bedf-hbj 7
jge-hbj 2
720
6
hcf-hca 1
g-hca 4
ibe-hca 1
cib-hca 1
ead-hca 1
jid-hca 1
721
4
bahd-hcb 6
ffe-hcb 1
bdfa-hcb 1
jba-hcb 1
722
2
iee-hcc 3
cie-hcc 6
723
3
bdhb-hcd 4
jee-hcd 1
bgi-hcd 4
724
5
beaf-hce 1
ejf-hce 1
bchf-hce 1
dha-hce 1
eab-hce 5
725
5
gad-hcf 1
hhc-hcf 1
bbae-hcf 3
b-hcf 2
cih-hcf 2
726
4
ibf-hcg 2
jjg-hcg 2
ja-hcg 1
baed-hcg 4
727
4
ghe-hch 1
gdg-hch 5
jcb-hch 1
fci-hch 2
728
5
ggi-hci 2
bdff-hci 4
baef-hci 1
fbf-hci 1
geh-hci 1
729
3
jd-hcj 2
eec-hcj 1
bbgd-hcj 6
730
4
dec-hda 6
ffb-hda 1
eda-hda 1
idc-hda 1
731
4
fei-hdb 2
bfhg-hdb 1
bejg-hdb 4
jh-hdb 2
732
5
jbf-hdc 5
befb-hdc 1
cbi-hdc 1
cej-hdc 1
bdac-hdc 1
733
2
cih-hdd 3
bdg-hdd 6
734
2
bbjf-hde 7
jfh-hde 2
735
5
bcfg-hdf 5
bbha-hdf 1
fad-hdf 1
gbh-hdf 1
dci-hdf 1
736
2
dac-hdg 7
fjc-hdg 2
737
2
ihb-hdh 1
fec-hdh 8
738
2
iae-hdi 6
beah-hdi 3
739
4
eci-hdj 2
haa-hdj 4
jbj-hdj 2
bci-hdj 1
740
8
bcji-hea 1
fdf-hea 1
befg-hea 1
jb-hea 1
djb-hea 1
jjg-hea 1
bdfd-hea 1
cb-hea 2
741
2
icg-heb 4
fab-heb 5
742
4
bdda-hec 1
bdhc-hec 1
fai-hec 6
bfjg-hec 1
743
2
bfei-hed 3
bcbg-hed 6
744
3
gbf-hee 1
ijb-hee 7
bfhd-hee 1
745
4
bfch-hef 5
bjd-hef 1
gha-hef 2
beg-hef 1
746
3
ceb-heg 7
fid-heg 1
bcdd-heg 1
747
4
ggc-heh 5
hii-heh 1
dcb-heh 1
ed-heh 2
748
3
if-hei 4
fad-hei 3
ie-hei 2
749
3
bgbd-hej 1
ccd-hej 3
cec-hej 5
750
4
befe-hfa 2
jhg-hfa 4
jga-hfa 1
dgc-hfa 2
751
3
bff-hfb 4
gc-hfb 1
icd-hfb 4
752
3
gab-hfc 7
bcdc-hfc 1
gjh-hfc 1
753
4
bcec-hfd 4
ddc-hfd 2
eih-hfd 1
bad-hfd 2
754
3
gac-hfe 3
ejg-hfe 2
bahd-hfe 4
755
3
bbci-hff 1
bacc-hff 1
hge-hff 7
756
3
bbac-hfg 1
ij-hfg 5
gfd-hfg 3
757
4
bbaj-hfh 2
ede-hfh 1
eci-hfh 5
ihf-hfh 1
758
2
beih-hfi 6
eci-hfi 3
759
2
gaa-hfj 7
bfhi-hfj 2
760
2
fdb-hga 7
bbg-hga 2
761
4
bccd-hgb 2
hfc-hgb 4
bdf-hgb 1
dfj-hgb 2
762
4
fia-hgc 4
dej-hgc 1
hje-hgc 2
fea-hgc 2
763
2
bedb-hgd 4
bbfa-hgd 5
764
2
beff-hge 8
efg-hge 1
765
4
bafe-hgf 1
fea-hgf 3
icd-hgf 4
bci-hgf 1
766
2
baib-hgg 3
ehf-hgg 6
767
2
deg-hgh 8
dej-hgh 1
768
3
baja-hgi 4
cdb-hgi 1
baai-hgi 4
770
5
bi-hha 5
baad-hha 1
ihj-hha 1
ii-hha 1
hdd-hha 1
771
3
bbaa-hhb 5
gfa-hhb 1
dfa-hhb 3
772
3
eia-hhc 1
fhc-hhc 1
beff-hhc 7
773
2
bdec-hhd 2
gaa-hhd 7
774
4
dji-hhe 4
gja-hhe 3
eff-hhe 1
bdfa-hhe 1
775
3
bafj-hhf 5
bcf-hhf 1
ed-hhf 3
776
3
dgd-hhg 1
hbb-hhg 1
ga-hhg 7
777
2
ebd-hhh 6
haa-hhh 3
778
1
bdci-hhi 9
779
6
jec-hhj 2
idc-hhj 2
hie-hhj 2
chi-hhj 1
bfag-hhj 1
beb-hhj 1
780
2
jdd-hia 6
bbie-hia 3
781
1
bbi-hib 9
782
4
chh-hic 1
bgcf-hic 1
dcc-hic 1
dhd-hic 6
783
1
bgdg-hid 9
784
1
bgbb-hie 9
785
3
ggc-hif 7
fje-hif 1
cii-hif 1
786
3
fig-hig 6
che-hig 1
gb-hig 2
787
3
iaf-hih 2
bfg-hih 1
ddh-hih 6
788
4
djb-hii 4
jaj-hii 1
cgi-hii 2
fej-hii 2
789
6
jff-hij 1
hag-hij 2
bji-hij 1
dif-hij 2
fj-hij 2
bbbd-hij 1
790
2
gbd-hja 8
fae-hja 1
791
2
cfh-hjb 4
bde-hjb 5
792
6
hbi-hjc 1
hcc-hjc 3
gaj-hjc 1
bbfi-hjc 1
bfhe-hjc 2
ifd-hjc 1
793
2
bbd-hjd 5
fef-hjd 4
794
2
fgj-hje 5
bdja-hje 4
795
3
beji-hjf 4
gid-hjf 3
edj-hjf 2
796
5
jdh-hjg 1
eda-hjg 1
gdj-hjg 1
cfa-hjg 3
jgg-hjg 3
797
2
caj-hjh 4
bcg-hjh 5
798
1
hfj-hji 9
799
7
beea-hjj 1
fgd-hjj 1
bgc-hjj 1
fe-hjj 2
gah-hjj 2
bace-hjj 1
cjf-hjj 1
800
6
cij-iaa 2
deb-iaa 1
eef-iaa 1
dhc-iaa 1
ead-iaa 3
jcg-iaa 1
801
3
ech-iab 2
cdh-iab 1
bdbh-iab 6
802
3
eic-iac 5
hia-iac 1
hbi-iac 3
803
4
d-iad 6
cgd-iad 1
cba-iad 1
dd-iad 1
804
4
cjg-iae 2
bcd-iae 2
fjd-iae 4
cdf-iae 1
805
3
gjf-iaf 5
ejf-iaf 1
jd-iaf 3
806
4
begg-iag 2
ejg-iag 1
ihd-iag 5
bage-iag 1
807
2
dad-iah 8
fei-iah 1
808
4
dje-iai 1
gf-iai 3
beja-iai 2
jh-iai 3
809
2
bddg-iaj 7
gbh-iaj 2
810
5
bbbj-iba 1
bbba-iba 1
bcb-iba 1
ejb-iba 2
bafb-iba 4
811
2
iha-ibb 5
bead-ibb 4
812
1
bbgf-ibc 9
813
2
bgcj-ibd 1
bdhd-ibd 8
814
2
fba-ibe 4
bbcc-ibe 5
815
3
bffh-ibf 1
dih-ibf 3
dje-ibf 5
816
4
fhg-ibg 3
bafg-ibg 3
efj-ibg 1
ceb-ibg 2
817
3
babb-ibh 2
eja-ibh 1
bahj-ibh 6
818
4
jib-ibi 1
fii-ibi 5
bjc-ibi 2
fdi-ibi 1
819
4
bbcd-ibj 1
bbdb-ibj 6
hae-ibj 1
dfd-ibj 1
820
4
dgi-ica 1
bcfh-ica 5
edc-ica 2
becf-ica 1
821
3
hfi-icb 1
fib-icb 2
fhj-icb 6
823
5
jaa-icd 1
eig-icd 5
jaj-icd 1
hcd-icd 1
hj-icd 1
824
3
jfh-ice 1
ehd-ice 7
hgi-ice 1
825
4
fce-icf 3
bcha-icf 3
dbb-icf 1
cih-icf 2
826
3
gcg-icg 2
bjj-icg 3
bcdi-icg 4
827
1
beei-ich 9
828
2
cj-ici 8
jc-ici 1
829
2
jie-icj 5
hbe-icj 4
830
3
bhf-ida 1
hee-ida 7
bcfd-ida 1
831
6
ghi-idb 1
bach-idb 1
cdh-idb 1
cii-idb 1
fce-idb 4
bfjd-idb 1
832
2
iij-idc 7
gjg-idc 2
833
4
bbah-idd 4
bfda-idd 2
fj-idd 2
fih-idd 1
835
4
efa-idf 5
dh-idf 1
dii-idf 1
bajg-idf 2
836
3
dhd-idg 1
bfi-idg 1
bagf-idg 7
838
4
bgfa-idi 1
ech-idi 1
bbdd-idi 1
hhc-idi 6
839
2
bcc-idj 3
fdj-idj 6
840
4
bij-iea 2
bebf-iea 1
chb-iea 4
eeb-iea 2
841
3
bbie-ieb 5
fhb-ieb 3
bdaj-ieb 1
842
4
hfh-iec 1
hfg-iec 4
iff-iec 3
bbca-iec 1
843
4
jac-ied 1
bche-ied 2
bbid-ied 1
hhb-ied 5
844
2
baje-iee 7
efc-iee 2
845
4
bbah-ief 2
bfc-ief 2
ea-ief 1
hag-ief 4
846
4
ffh-ieg 1
fjj-ieg 2
idd-ieg 2
hcd-ieg 4
847
3
caj-ieh 1
bge-ieh 4
bchj-ieh 4
848
5
dbf-iei 3
behf-iei 1
bcgb-iei 2
hgi-iei 2
efg-iei 1
849
2
bbh-iej 7
bdi-iej 2
850
4
bdbe-ifa 3
ccc-ifa 1
bbbi-ifa 1
hcf-ifa 4
851
2
bagh-ifb 7
dfh-ifb 2
852
5
bchg-ifc 1
ejj-ifc 1
cee-ifc 2
jid-ifc 2
gfa-ifc 3
853
4
ijh-ifd 6
cf-ifd 1
bbhd-ifd 1
bah-ifd 1
854
3
hjf-ife 5
bbdj-ife 3
dad-ife 1
855
3
cgi-iff 1
efe-iff 3
jgf-iff 5
856
3
jci-ifg 6
bgeb-ifg 1
be-ifg 2
857
3
baga-ifh 5
baai-ifh 3
cid-ifh 1
858
2
badf-ifi 8
bcci-ifi 1
859
1
chb-ifj 9
860
1
ebb-iga 9
861
1
cif-igb 9
862
3
eaf-igc 5
gh-igc 1
bcgi-igc 3
863
3
ggg-igd 4
hfd-igd 4
ife-igd 1
864
3
dbi-ige 2
dbj-ige 1
hjc-ige 6
866
1
babd-igg 9
867
1
hag-igh 9
868
2
bbg-igi 8
bcbj-igi 1
869
4
dde-igj 3
gih-igj 2
jba-igj 1
bdie-igj 3
870
4
hgf-iha 6
bcdj-iha 1
jfa-iha 1
bbfe-iha 1
871
1
bbcj-ihb 9
872
3
eba-ihc 6
jfd-ihc 1
ehj-ihc 2
873
4
fj-ihd 1
bbdd-ihd 4
behh-ihd 1
bgei-ihd 3
874
3
hdi-ihe 4
hdg-ihe 4
hdj-ihe 1
875
3
bbad-ihf 3
bfcc-ihf 2
ijj-ihf 4
876
3
bcj-ihg 4
gij-ihg 2
cdj-ihg 3
877
2
cib-ihh 3
gih-ihh 6
878
5
jg-ihi 2
bebh-ihi 1
hdb-ihi 1
gjh-ihi 1
bdgf-ihi 4
879
2
cef-ihj 6
caf-ihj 3
880
3
fgb-iia 4
hfh-iia 1
fid-iia 4
881
5
cfb-iib 2
bafa-iib 4
id-iib 1
baeb-iib 1
chd-iib 1
882
4
jje-iic 1
gfa-iic 4
iie-iic 3
fag-iic 1
883
2
ffa-iid 8
iae-iid 1
884
5
cbb-iie 1
bec-iie 4
jee-iie 1
bgc-iie 2
bejf-iie 1
885
2
hif-iif 4
bbei-iif 5
886
2
hjb-iig 4
hcg-iig 5
887
1
hbj-iih 9
888
1
bbib-iii 9
889
1
baaa-iij 9
890
2
dbj-ija 7
iaa-ija 2
891
1
ega-ijb 9
892
3
cgi-ijc 3
bcij-ijc 1
bbf-ijc 5
893
3
beda-ijd 1
hfi-ijd 7
gdh-ijd 1
894
4
beef-ije 3
bbbj-ije 1
gda-ije 1
bef-ije 4
895
1
hei-ijf 9
896
2
ig-ijg 4
behi-ijg 5
897
2
hhg-ijh 8
bii-ijh 1
898
1
gd-iji 9
899
2
cff-ijj 5
iaf-ijj 4
900
2
jbg-jaa 7
bbjh-jaa 2
901
2
baej-jab 8
gbe-jab 1
902
5
ejj-jac 1
ghg-jac 1
bgg-jac 1
ibb-jac 5
hca-jac 1
903
2
djc-jad 8
bcij-jad 1
904
2
bbih-jae 6
cja-jae 3
905
2
bdig-jaf 8
bgd-jaf 1
906
2
cg-jag 8
cbc-jag 1
907
4
baia-jah 1
fie-jah 2
bchh-jah 3
bcif-jah 3
908
5
gbj-jai 1
hah-jai 5
bffi-jai 1
efa-jai 1
bbbg-jai 1
909
2
iic-jaj 3
ebd-jaj 6
910
3
bdef-jba 1
gej-jba 2
cgd-jba 6
911
2
gjc-jbb 6
dhg-jbb 3
912
2
jca-jbc 6
gbg-jbc 3
913
3
bfad-jbd 4
bgh-jbd 3
dij-jbd 2
914
1
de-jbe 9
915
3
cc-jbf 3
gfg-jbf 4
bedi-jbf 2
916
4
ehd-jbg 3
bjd-jbg 2
baie-jbg 3
bdid-jbg 1
917
3
dbd-jbh 7
babf-jbh 1
bji-jbh 1
918
2
bdcc-jbi 5
hai-jbi 4
919
4
hdc-jbj 2
jhb-jbj 1
daa-jbj 2
ejd-jbj 4
920
4
fdh-jca 2
jde-jca 4
jfg-jca 2
idf-jca 1
921
3
faj-jcb 1
gae-jcb 1
hhf-jcb 7
922
2
fjg-jcc 8
gfb-jcc 1
923
4
bagh-jcd 3
hgh-jcd 1
ied-jcd 4
jcc-jcd 1
924
1
bafi-jce 9
925
3
igj-jcf 6
djc-jcf 1
ghe-jcf 2
926
3
babe-jcg 1
ggg-jcg 7
cfj-jcg 1
928
6
hhe-jci 3
beia-jci 1
gih-jci 2
bfbf-jci 1
fb-jci 1
fch-jci 1
930
3
bdig-jda 5
bgdf-jda 3
cjb-jda 1
931
5
cgf-jdb 2
jji-jdb 3
jhc-jdb 1
hge-jdb 1
bbaj-jdb 2
932
3
gdh-jdc 6
hbh-jdc 1
jc-jdc 2
933
3
dhc-jdd 5
dic-jdd 1
ffh-jdd 3
934
4
bi-jde 2
bie-jde 1
bcjb-jde 2
ha-jde 4
936
6
bhb-jdg 1
ibi-jdg 1
fbf-jdg 2
gea-jdg 2
dhj-jdg 1
bh-jdg 2
937
1
ea-jdh 9
939
3
jfj-jdj 3
eic-jdj 3
ja-jdj 3
940
1
ije-jea 9
941
1
jad-jeb 9
942
4
dae-jec 4
badg-jec 1
ehc-jec 2
bdfg-jec 2
943
1
djc-jed 9
944
4
ej-jee 4
hjb-jee 1
ceg-jee 3
cfg-jee 1
945
4
badj-jef 1
fad-jef 3
beh-jef 2
bbje-jef 3
946
2
bbj-jeg 8
baib-jeg 1
947
3
ddj-jeh 4
bgdb-jeh 3
bafe-jeh 2
948
1
eff-jei 9
949
2
ehb-jej 7
dch-jej 2
950
4
chb-jfa 3
fdj-jfa 1
iec-jfa 1
bhe-jfa 4
951
3
ebb-jfb 3
cge-jfb 1
bbdb-jfb 5
952
2
jgb-jfc 5
cgh-jfc 4
953
2
fbd-jfd 2
babc-jfd 7
954
4
c-jfe 3
bcif-jfe 3
egf-jfe 1
bfgb-jfe 2
955
2
bfeb-jff 3
egg-jff 6
956
3
ega-jfg 7
bccb-jfg 1
fic-jfg 1
957
4
gfb-jfh 6
eij-jfh 1
bffj-jfh 1
fdf-jfh 1
958
4
dii-jfi 1
befa-jfi 1
eib-jfi 1
bbj-jfi 6
959
5
jfa-jfj 3
bdhe-jfj 1
bcaj-jfj 2
bcc-jfj 1
eac-jfj 2
960
4
bagg-jga 1
bfcd-jga 2
bfab-jga 5
fdf-jga 1
961
1
ecd-jgb 9
962
5
babj-jgc 1
cfa-jgc 1
ibd-jgc 1
bba-jgc 1
ied-jgc 5
963
1
ghb-jgd 9
964
5
bedj-jge 3
bcgj-jge 2
gbf-jge 1
dda-jge 2
bagf-jge 1
965
4
fbf-jgf 6
bhg-jgf 1
i-jgf 1
hhj-jgf 1
966
3
heh-jgg 1
cfd-jgg 7
bajc-jgg 1
967
2
dfc-jgh 7
jcb-jgh 2
968
2
iae-jgi 4
gjf-jgi 5
970
3
bea-jha 1
ghd-jha 3
jia-jha 5
971
1
ejg-jhb 9
972
3
hei-jhc 4
eej-jhc 1
ced-jhc 4
973
2
gba-jhd 4
geb-jhd 5
974
3
jae-jhe 3
bbai-jhe 5
jih-jhe 1
975
3
fch-jhf 4
behe-jhf 3
bajj-jhf 2
976
2
hde-jhg 8
fbi-jhg 1
977
2
gab-jhh 8
bfia-jhh 1
978
2
bagi-jhi 8
bcj-jhi 1
979
1
eei-jhj 9
980
6
bded-jia 1
ddg-jia 2
ecc-jia 1
bje-jia 1
baac-jia 3
baca-jia 1
981
4
iac-jib 2
gda-jib 5
bjf-jib 1
bab-jib 1
982
2
igj-jic 7
hff-jic 2
983
4
bdgd-jid 1
cag-jid 3
jff-jid 1
bgfj-jid 4
984
3
hdb-jie 6
cij-jie 2
baih-jie 1
985
3
bb-jif 3
dge-jif 4
hah-jif 2
986
3
gha-jig 6
bbe-jig 1
bafi-jig 2
987
2
gfi-jih 7
bfa-jih 2
988
2
cei-jii 1
ddf-jii 8
989
2
ge-jij 7
bah-jij 2
991
5
cjc-jjb 1
hja-jjb 1
bdi-jjb 1
ihg-jjb 2
jif-jjb 4
992
3
bcgb-jjc 3
jbg-jjc 1
jhg-jjc 5
993
1
daj-jjd 9
994
4
bbcg-jje 3
ej-jje 3
badd-jje 1
baig-jje 2
995
2
hja-jjf 7
ccf-jjf 2
996
2
efa-jjg 4
gfc-jjg 5
997
1
geh-jjh 9
998
1
hef-jji 9
999
3
baea-jjj 5
edg-jjj 3
bcci-jjj 1
1000
1
fgi-baaa 9
1001
4
efi-baab 4
bc-baab 2
jeg-baab 1
ifd-baab 2
1002
2
jbh-baac 4
hig-baac 5
1003
4
bbbh-baad 4
ceb-baad 1
jcd-baad 1
ehj-baad 3
1004
2
eje-baae 8
dib-baae 1
1005
2
baae-baaf 8
bdej-baaf 1
1006
5
beja-baag 1
cdc-baag 1
fc-baag 5
jci-baag 1
ffj-baag 1
1007
1
baef-baah 9
1008
4
dgd-baai 5
bacb-baai 1
baha-baai 1
igj-baai 2
1009
1
ceb-baaj 9
1010
4
ehi-baba 1
jdf-baba 1
dfi-baba 5
bbfb-baba 2
1011
3
edh-babb 7
ggi-babb 1
djh-babb 1
1012
4
beag-babc 1
if-babc 1
baif-babc 5
jga-babc 2
1013
2
gec-babd 8
dfe-babd 1
1014
4
ije-babe 2
ebj-babe 3
cjc-babe 3
dbj-babe 1
1015
2
begj-babf 4
ceg-babf 5
1016
2
bdhd-babg 3
beba-babg 6
1017
2
cbg-babh 7
baia-babh 2
1018
3
gd-babi 3
baij-babi 3
cdb-babi 3
1019
3
bfib-babj 7
fdc-babj 1
bbcg-babj 1
1020
1
igh-baca 9
1021
6
jhb-bacb 1
jg-bacb 1
heb-bacb 2
bgbj-bacb 2
jce-bacb 2
bcje-bacb 1
1022
3
hbc-bacc 4
gdb-bacc 3
feg-bacc 2
1023
1
jgf-bacd 9
1024
2
dhb-bace 3
bbcd-bace 6
1025
1
ifd-bacf 9
1026
2
cja-bacg 5
bgdb-bacg 4
1027
3
bih-bach 1
fdd-bach 7
baag-bach 1
1028
1
ejc-baci 9
1029
3
bada-bacj 4
ibj-bacj 3
iha-bacj 2
1030
4
ecj-bada 3
gdb-bada 1
hej-bada 4
bbcf-bada 1
1031
3
bddf-badb 1
dcd-badb 4
bdf-badb 4
1032
2
ifg-badc 4
hfg-badc 5
1033
3
bcac-badd 3
jc-badd 3
gh-badd 3
1034
1
ega-bade 9
1035
1
fgh-badf 9
1036
2
bbbf-badg 4
jhi-badg 5
1037
2
bbgj-badh 7
fhe-badh 2
1038
2
ghg-badi 6
bbdi-badi 3
1039
4
bjf-badj 5
ff-badj 1
bbhf-badj 1
ijj-badj 2
1040
2
hdd-baea 8
jgg-baea 1
1041
4
fd-baeb 4
iag-baeb 1
bdcj-baeb 1
bbaf-baeb 3
1042
4
hbg-baec 2
jha-baec 5
ccb-baec 1
jaa-baec 1
1043
1
djc-baed 9
1044
1
baeg-baee 9
1045
3
gj-baef 4
efd-baef 3
fi-baef 2
1046
4
bcef-baeg 1
baic-baeg 1
hhd-baeg 3
jdc-baeg 4
1047
1
ihg-baeh 9
1048
4
bagg-baei 4
bcig-baei 3
bhc-baei 1
chj-baei 1
1049
2
bbhh-baej 7
bdfj-baej 2
1050
4
dgj-bafa 2
babe-bafa 1
jdj-bafa 1
cff-bafa 5
1051
3
baah-bafb 3
gdg-bafb 1
bbbd-bafb 5
1052
4
jce-bafc 6
gfg-bafc 1
hii-bafc 1
bbef-bafc 1
1053
2
fei-bafd 4
cfa-bafd 5
1054
2
bgf-bafe 3
fdd-bafe 6
1055
2
bfif-baff 6
hcj-baff 3
1056
1
fdd-bafg 9
1057
1
jbd-bafh 9
1058
3
bhj-bafi 7
bag-bafi 1
chi-bafi 1
1059
2
hef-bafj 3
gfi-bafj 6
1060
2
ded-baga 6
bbag-baga 3
1061
1
fhb-bagb 9
1062
1
gie-bagc 9
1063
3
beg-bagd 6
ibg-bagd 1
hgd-bagd 2
1064
4
babh-bage 1
bbcj-bage 4
jfb-bage 3
jhf-bage 1
1065
2
bede-bagf 1
bgd-bagf 8
1066
4
hgb-bagg 1
baie-bagg 6
fcb-bagg 1
bbgh-bagg 1
1067
5
cde-bagh 2
ijg-bagh 3
cgf-bagh 1
gje-bagh 1
eab-bagh 2
1068
2
bcac-bagi 6
ggh-bagi 3
1069
3
bgj-bagj 4
jhd-bagj 1
bad-bagj 4
1070
2
bcgf-baha 8
bgcc-baha 1
1071
1
bgah-bahb 9
1072
1
hbg-bahc 9
1073
5
behd-bahd 1
dbb-bahd 1
efa-bahd 1
dii-bahd 4
beij-bahd 2
1074
1
bcdi-bahe 9
1075
2
bagd-bahf 5
ffi-bahf 4
1076
2
gjc-bahg 5
bgc-bahg 4
1077
4
bedg-bahh 3
bahg-bahh 1
jab-bahh 1
hea-bahh 4
1078
4
hab-bahi 2
ia-bahi 3
ceh-bahi 1
ghc-bahi 3
1079
1
fbe-bahj 9
1080
1
bgg-baia 9
1081
2
hih-baib 7
iac-baib 2
1082
3
babi-baic 5
iaa-baic 1
bcgg-baic 3
1083
1
bejd-baid 9
1084
5
chg-baie 2
efc-baie 1
iaf-baie 4
bade-baie 1
bai-baie 1
1085
1
jcb-baif 9
1086
4
hif-baig 4
jgh-baig 1
ihc-baig 1
edd-baig 3
1087
5
gcf-baih 2
bbgd-baih 2
bcej-baih 3
becj-baih 1
eea-baih 1
1088
2
ffj-baii 8
bbab-baii 1
1089
3
bha-baij 4
bfh-baij 1
ife-baij 4
1090
4
cdh-baja 3
cgg-baja 2
bif-baja 1
bcfj-baja 3
1091
3
ji-bajb 3
bdfg-bajb 3
bafj-bajb 3
1092
2
dhb-bajc 1
bbae-bajc 8
1093
2
bfjc-bajd 5
hha-bajd 4
1094
4
gfi-baje 2
bdab-baje 2
hhe-baje 1
iej-baje 4
1095
5
bcje-bajf 3
bbgi-bajf 1
jeb-bajf 1
jcd-bajf 1
eca-bajf 3
1096
2
cgf-bajg 2
fi-bajg 7
1097
2
bia-bajh 1
hba-bajh 8
1098
2
bhf-baji 5
baje-baji 4
1099
3
ejh-bajj 5
eci-bajj 1
bajf-bajj 3
1100
2
beeg-bbaa 2
bcfa-bbaa 7
1101
1
bbfc-bbab 9
1102
4
bejd-bbac 4
dce-bbac 1
iif-bbac 2
fed-bbac 2
1103
2
jbh-bbad 8
bbag-bbad 1
1104
6
bcfc-bbae 2
bgba-bbae 1
hg-bbae 1
gid-bbae 1
eah-bbae 2
gc-bbae 2
1105
1
eff-bbaf 9
1106
1
gff-bbag 9
1107
4
bfjh-bbah 1
cja-bbah 5
beci-bbah 1
fhe-bbah 2
1108
2
bhj-bbai 4
bafj-bbai 5
1109
1
ich-bbaj 9
1110
5
babb-bbba 4
cgd-bbba 2
jid-bbba 1
hde-bbba 1
hdb-bbba 1
1111
1
hed-bbbb 9
1113
4
icb-bbbd 3
bgab-bbbd 1
bbh-bbbd 1
baec-bbbd 4
1114
3
dhj-bbbe 6
bccj-bbbe 1
bcc-bbbe 2
1115
2
cef-bbbf 3
gej-bbbf 6
1116
2
ief-bbbg 4
icb-bbbg 5
1117
2
bagc-bbbh 5
ehg-bbbh 4
1118
2
bac-bbbi 5
gee-bbbi 4
1119
3
bgdj-bbbj 2
bahe-bbbj 5
big-bbbj 2
1120
2
bdd-bbca 6
jcc-bbca 3
1121
4
djj-bbcb 2
jfd-bbcb 3
hih-bbcb 2
iee-bbcb 2
1122
2
hbd-bbcc 7
bgf-bbcc 2
1123
3
jjd-bbcd 3
gje-bbcd 3
baii-bbcd 3
1124
2
gde-bbce 2
iff-bbce 7
1125
2
bbae-bbcf 6
fhc-bbcf 3
1126
3
bdid-bbcg 2
ccj-bbcg 5
fcg-bbcg 2
1127
1
icb-bbch 9
1128
2
bie-bbci 2
babh-bbci 7
1129
2
bbbb-bbcj 5
hee-bbcj 4
1130
2
jde-bbda 7
ehh-bbda 2
1131
5
bbf-bbdb 2
ifa-bbdb 1
hjj-bbdb 1
bfdj-bbdb 2
idc-bbdb 3
1132
1
jh-bbdc 9
1133
5
gid-bbdd 1
bci-bbdd 1
beb-bbdd 1
eii-bbdd 5
fgh-bbdd 1
1134
1
jif-bbde 9
1135
2
gbi-bbdf 8
baed-bbdf 1
1136
3
bid-bbdg 7
bhc-bbdg 1
bgdc-bbdg 1
1137
3
ghb-bbdh 4
eef-bbdh 1
bcjd-bbdh 4
1138
3
bcba-bbdi 1
baee-bbdi 5
hbh-bbdi 3
1139
1
ghi-bbdj 9
1140
2
df-bbea 8
cga-bbea 1
1141
5
bbde-bbeb 1
bbae-bbeb 1
ihd-bbeb 1
bffc-bbeb 4
ji-bbeb 2
1142
1
bcie-bbec 9
1143
1
jc-bbed 9
1144
1
bdee-bbee 9
1145
4
badd-bbef 1
fjf-bbef 1
fjb-bbef 2
ce-bbef 5
1146
3
bgbc-bbeg 3
bcjg-bbeg 5
eca-bbeg 1
1147
2
ghj-bbeh 4
eg-bbeh 5
1148
2
eif-bbei 8
gej-bbei 1
1149
3
fja-bbej 4
fci-bbej 4
bcbb-bbej 1
1150
1
bacc-bbfa 9
1151
4
bdah-bbfb 3
bbgg-bbfb 3
baji-bbfb 1
ghj-bbfb 2
1152
2
ibh-bbfc 3
bfej-bbfc 6
1153
4
ebc-bbfd 5
bdje-bbfd 2
bdcj-bbfd 1
eaa-bbfd 1
1154
2
bbgi-bbfe 6
chg-bbfe 3
1155
6
hg-bbff 2
fcc-bbff 1
dbh-bbff 1
bdjd-bbff 1
ihi-bbff 3
jig-bbff 1
1156
3
eee-bbfg 5
bfee-bbfg 3
fea-bbfg 1
1157
3
bbjg-bbfh 6
gec-bbfh 1
efd-bbfh 2
1158
3
bbej-bbfi 2
bfhb-bbfi 2
bace-bbfi 5
1159
4
babh-bbfj 1
cbc-bbfj 2
ifc-bbfj 5
cje-bbfj 1
1160
2
jbc-bbga 7
eji-bbga 2
1161
4
hgd-bbgb 1
iic-bbgb 3
jff-bbgb 4
hi-bbgb 1
1162
1
bafa-bbgc 9
1163
1
bgag-bbgd 9
1164
4
bbff-bbge 3
ddd-bbge 2
eb-bbge 2
ihg-bbge 2
1165
1
fcj-bbgf 9
1166
4
bcde-bbgg 3
bdai-bbgg 4
gfh-bbgg 1
ca-bbgg 1
1167
1
bbei-bbgh 9
1168
4
jgi-bbgi 6
bdgi-bbgi 1
jab-bbgi 1
bfi-bbgi 1
1169
3
bbcj-bbgj 5
eah-bbgj 1
bejh-bbgj 3
1170
2
begi-bbha 1
fbe-bbha 8
1171
2
djd-bbhb 7
iec-bbhb 2
1172
1
cbh-bbhc 9
1173
4
j-bbhd 2
ece-bbhd 3
bdb-bbhd 2
bced-bbhd 2
1174
4
fh-bbhe 1
gfe-bbhe 5
bbgb-bbhe 1
id-bbhe 2
1175
3
baif-bbhf 5
dia-bbhf 2
bfec-bbhf 2
1177
2
bcjf-bbhh 6
beee-bbhh 3
1178
2
bfge-bbhi 5
hgi-bbhi 4
1180
3
ei-bbia 1
ij-bbia 4
edb-bbia 4
1181
1
bdi-bbib 9
1182
2
befc-bbic 6
iab-bbic 3
1183
1
bbdd-bbid 9
1184
3
bbhj-bbie 3
dee-bbie 3
def-bbie 3
1185
2
bij-bbif 5
dcj-bbif 4
1187
2
bfd-bbih 7
gc-bbih 2
1188
2
bfgf-bbii 3
jhc-bbii 6
1189
2
bbdf-bbij 2
beci-bbij 7
1190
2
bacb-bbja 7
fec-bbja 2
1191
1
ffj-bbjb 9
1192
3
bhc-bbjc 7
ii-bbjc 1
bbha-bbjc 1
1193
1
jig-bbjd 9
1194
1
cbd-bbje 9
1195
4
fcj-bbjf 2
haj-bbjf 1
jbg-bbjf 4
dji-bbjf 2
1196
3
bbfe-bbjg 7
bagj-bbjg 1
hjb-bbjg 1
1197
2
jih-bbjh 7
bcjb-bbjh 2
1198
3
hhi-bbji 6
bch-bbji 2
ijh-bbji 1
1199
1
cig-bbjj 9
1200
2
bgb-bcaa 7
bbie-bcaa 2
1201
2
gce-bcab 2
dfi-bcab 7
1202
3
fa-bcac 1
had-bcac 5
hac-bcac 3
1203
3
bgcb-bcad 1
bdf-bcad 2
hcd-bcad 6
1204
2
ibg-bcae 5
bdaj-bcae 4
1205
2
bbha-bcaf 3
bcda-bcaf 6
1206
2
babb-bcag 2
bgch-bcag 7
1207
1
eed-bcah 9
1208
1
bbcj-bcai 9
1209
1
bbji-bcaj 9
1210
2
gfc-bcba 4
ejb-bcba 5
1211
3
die-bcbb 7
bdbj-bcbb 1
hag-bcbb 1
1212
5
ef-bcbc 1
dbe-bcbc 3
bafj-bcbc 1
bbai-bcbc 1
bcij-bcbc 3
1213
1
baca-bcbd 9
1214
2
bdd-bcbe 7
gda-bcbe 2
1215
2
bged-bcbf 8
igc-bcbf 1
1216
3
iea-bcbg 1
behc-bcbg 3
dbh-bcbg 5
1217
1
bhg-bcbh 9
1218
2
bfcf-bcbi 6
jdd-bcbi 3
1219
2
hjj-bcbj 8
hgc-bcbj 1
1220
4
behj-bcca 6
jfe-bcca 1
fb-bcca 1
bdhj-bcca 1
1221
2
cid-bccb 3
egb-bccb 6
1222
1
edj-bccc 9
1223
3
ced-bccd 3
behg-bccd 3
bfed-bccd 3
1224
2
iib-bcce 3
eci-bcce 6
1225
2
bfhd-bccf 6
bajb-bccf 3
1226
2
badf-bccg 3
begg-bccg 6
1228
2
hjd-bcci 7
bcae-bcci 2
1229
6
hci-bccj 1
bg-bccj 2
bdeb-bccj 2
cfg-bccj 1
dci-bccj 2
gbe-bccj 1
1230
3
beii-bcda 4
ijd-bcda 3
dh-bcda 2
1231
3
bbeb-bcdb 3
bddd-bcdb 3
baci-bcdb 3
1232
4
bccd-bcdc 1
bfga-bcdc 4
bcj-bcdc 3
ghb-bcdc 1
1233
3
bdid-bcdd 1
bagh-bcdd 3
bbfh-bcdd 5
1234
5
beje-bcde 1
bcha-bcde 4
baji-bcde 2
gic-bcde 1
cba-bcde 1
1235
1
bbef-bcdf 9
1236
3
chc-bcdg 4
jje-bcdg 4
hjc-bcdg 1
1237
1
faf-bcdh 9
1238
2
hee-bcdi 6
cfg-bcdi 3
1239
1
fdb-bcdj 9
1240
1
becb-bcea 9
1241
2
bfcf-bceb 7
idj-bceb 2
1242
1
dgj-bcec 9
1243
1
bcjd-bced 9
1244
4
ejh-bcee 1
bdja-bcee 3
ffd-bcee 3
iai-bcee 2
1245
1
fbj-bcef 9
1246
1
cca-bceg 9
1247
2
bbdf-bceh 8
bdae-bceh 1
1248
1
bci-bcei 9
1249
3
jfh-bcej 7
ef-bcej 1
gif-bcej 1
1250
2
jfh-bcfa 8
djh-bcfa 1
1252
1
cig-bcfc 9
1253
2
beie-bcfd 3
idg-bcfd 6
1255
4
ddd-bcff 5
hfh-bcff 1
iie-bcff 2
begg-bcff 1
1256
1
fjj-bcfg 9
1257
1
egd-bcfh 9
1258
1
ihe-bcfi 9
1259
2
bchb-bcfj 2
cig-bcfj 7
1260
1
ghc-bcga 9
1261
2
jae-bcgb 2
eai-bcgb 7
1262
2
bahc-bcgc 4
beih-bcgc 5
1264
2
baih-bcge 8
bgh-bcge 1
1265
1
bbga-bcgf 9
1266
1
bfhf-bcgg 9
1267
2
bdjg-bcgh 2
cbj-bcgh 7
1268
3
bge-bcgi 4
fca-bcgi 1
hce-bcgi 4
1269
3
bfci-bcgj 6
beae-bcgj 2
bdbg-bcgj 1
1270
1
deh-bcha 9
1271
2
hhd-bchb 8
bdfj-bchb 1
1272
2
cej-bchc 6
bdb-bchc 3
1273
2
jbd-bchd 8
bdaf-bchd 1
1274
1
becg-bche 9
1275
2
bfag-bchf 6
hdj-bchf 3
1276
4
hga-bchg 2
bebi-bchg 1
hhj-bchg 5
idc-bchg 1
1277
5
bbij-bchh 5
bcjb-bchh 1
bcjj-bchh 1
cjb-bchh 1
hhi-bchh 1
1278
2
ifh-bchi 4
bcdj-bchi 5
1279
1
jcd-bchj 9
1280
4
ibc-bcia 4
bgec-bcia 2
hhg-bcia 2
hid-bcia 1
1281
3
bje-bcib 4
dde-bcib 1
bfgd-bcib 4
1284
3
eic-bcie 6
bbgh-bcie 1
bebd-bcie 2
1285
2
bdjb-bcif 8
jhh-bcif 1
1286
1
fae-bcig 9
1287
1
cae-bcih 9
1288
3
jeh-bcii 1
bafh-bcii 4
cga-bcii 4
1289
1
ebd-bcij 9
1290
3
bbfi-bcja 6
ica-bcja 1
hhd-bcja 2
1291
2
dba-bcjb 6
bcaa-bcjb 3
1292
2
bbaf-bcjc 3
bbdg-bcjc 6
1293
1
hdf-bcjd 9
1294
1
bbfh-bcje 9
1295
3
bedc-bcjf 3
dde-bcjf 4
bdjc-bcjf 2
1296
2
eii-bcjg 2
jce-bcjg 7
1297
1
dch-bcjh 9
1298
1
ida-bcji 9
1299
2
fig-bcjj 1
bfgi-bcjj 8
1300
3
eba-bdaa 4
gcj-bdaa 2
edh-bdaa 3
1301
2
iji-bdab 8
bdib-bdab 1
1302
2
cgb-bdac 2
gba-bdac 7
1303
2
ch-bdad 8
dja-bdad 1
1304
2
bbif-bdae 8
bahi-bdae 1
1305
1
ga-bdaf 9
1307
1
ibd-bdah 9
1308
2
bajh-bdai 6
baij-bdai 3
1309
2
hed-bdaj 6
je-bdaj 3
1310
1
bbch-bdba 9
1312
1
bcgf-bdbc 9
1314
1
hh-bdbe 9
1316
3
ddc-bdbg 5
bfii-bdbg 2
hdj-bdbg 2
1317
1
jhg-bdbh 9
1318
2
dbc-bdbi 8
bfbc-bdbi 1
1319
4
jfa-bdbj 3
dhe-bdbj 1
bbci-bdbj 3
gid-bdbj 2
1320
1
fej-bdca 9
1321
2
cii-bdcb 4
ibj-bdcb 5
1322
2
bdhf-bdcc 4
iig-bdcc 5
1323
2
bdgd-bdcd 3
bbcb-bdcd 6
1324
1
jfc-bdce 9
1325
1
faa-bdcf 9
1326
1
bce-bdcg 9
1327
2
hgc-bdch 5
cac-bdch 4
1328
2
efh-bdci 3
ci-bdci 6
1329
2
feb-bdcj 1
jjc-bdcj 8
1330
2
bebj-bdda 7
efh-bdda 2
1333
2
bcbf-bddd 3
daa-bddd 6
1334
2
jif-bdde 4
bid-bdde 5
1335
2
bbcc-bddf 8
bbbg-bddf 1
1336
1
badj-bddg 9
1337
1
bffa-bddh 9
1339
3
bcaf-bddj 3
bj-bddj 1
bbbe-bddj 5
1340
1
dc-bdea 9
1341
2
jaf-bdeb 8
bdif-bdeb 1
1342
4
bfaf-bdec 1
cca-bdec 1
ida-bdec 2
bfeg-bdec 5
1343
1
befd-bded 9
1344
3
gii-bdee 1
bcie-bdee 7
cgc-bdee 1
1345
2
bbeg-bdef 3
hbe-bdef 6
1346
2
bgfb-bdeg 1
iai-bdeg 8
1347
1
cfc-bdeh 9
1348
1
bccd-bdei 9
1349
2
jag-bdej 5
bfaa-bdej 4
1350
3
bje-bdfa 6
hdb-bdfa 1
jjf-bdfa 2
1351
1
ijg-bdfb 9
1352
1
hdc-bdfc 9
1353
2
efb-bdfd 7
bec-bdfd 2
1354
2
gdf-bdfe 6
bfeg-bdfe 3
1355
1
jga-bdff 9
1356
2
bib-bdfg 3
bdic-bdfg 6
1357
2
bege-bdfh 7
bacc-bdfh 2
1358
2
jcf-bdfi 3
becc-bdfi 6
1359
3
cdf-bdfj 7
hae-bdfj 1
bbjf-bdfj 1
1360
4
begc-bdga 1
bafa-bdga 3
ihf-bdga 1
ehh-bdga 4
1361
2
bead-bdgb 6
hig-bdgb 3
1362
2
eba-bdgc 7
bcbd-bdgc 2
1363
1
gbc-bdgd 9
1364
1
baej-bdge 9
1365
3
fcc-bdgf 5
bfbe-bdgf 1
gdb-bdgf 3
1366
1
fbh-bdgg 9
1367
2
eea-bdgh 7
ghj-bdgh 2
1368
2
bdj-bdgi 6
bdjb-bdgi 3
1369
1
bgdi-bdgj 9
1370
2
behi-bdha 6
daj-bdha 3
1371
2
hbh-bdhb 7
haf-bdhb 2
1372
2
jei-bdhc 5
bahg-bdhc 4
1373
2
bae-bdhd 1
bcbg-bdhd 8
1374
4
bagb-bdhe 2
ecc-bdhe 1
baia-bdhe 1
jjj-bdhe 5
1375
2
bcdh-bdhf 5
bfae-bdhf 4
1376
1
efd-bdhg 9
1377
1
bdfd-bdhh 9
1378
3
ihe-bdhi 1
hb-bdhi 3
ccf-bdhi 5
1379
1
iah-bdhj 9
1380
2
jgg-bdia 5
bgff-bdia 4
1381
1
bcfi-bdib 9
1382
1
hhg-bdic 9
1383
1
beh-bdid 9
1384
1
igc-bdie 9
1385
2
f-bdif 8
fgc-bdif 1
1386
2
bajc-bdig 6
bdge-bdig 3
1388
2
cch-bdii 1
fbg-bdii 8
1389
1
fbg-bdij 9
1390
2
bbhb-bdja 6
bdeb-bdja 3
1391
1
bchd-bdjb 9
1392
2
bfbb-bdjc 5
ifh-bdjc 4
1393
1
eca-bdjd 9
1394
2
cge-bdje 4
bacj-bdje 5
1395
1
jig-bdjf 9
1396
1
bdef-bdjg 9
1397
2
bfdf-bdjh 6
baj-bdjh 3
1398
2
egb-bdji 7
bej-bdji 2
1399
1
bccf-bdjj 9
1400
2
eeb-beaa 8
bcfj-beaa 1
1401
2
bdde-beab 5
baai-beab 4
1403
2
bib-bead 4
bafg-bead 5
1404
1
bdch-beae 9
1405
1
geb-beaf 9
1406
1
cci-beag 9
1407
1
bgfc-beah 9
1408
1
ida-beai 9
1409
1
dea-beaj 9
1410
3
bbf-beba 4
bfg-beba 2
bbcb-beba 3
1411
1
bgf-bebb 9
1412
1
bbah-bebc 9
1413
2
babc-bebd 7
bejj-bebd 2
1414
1
bccd-bebe 9
1415
2
bbfj-bebf 7
ghb-bebf 2
1416
1
idj-bebg 9
1417
2
dag-bebh 7
bbgc-bebh 2
1418
1
fad-bebi 9
1419
1
bbec-bebj 9
1420
2
ddg-beca 8
jjf-beca 1
1421
2
bcg-becb 7
bfbj-becb 2
1422
2
bcc-becc 3
haf-becc 6
1423
2
fba-becd 6
bbii-becd 3
1424
1
fii-bece 9
1425
2
hce-becf 7
fed-becf 2
1426
1
bagi-becg 9
1427
1
dfj-bech 9
1428
1
bbgj-beci 9
1429
2
hec-becj 8
bdbi-becj 1
1430
3
bc-beda 7
bfhh-beda 1
cbd-beda 1
1431
1
bebd-bedb 9
1432
2
bfaj-bedc 5
baic-bedc 4
1433
1
ceg-bedd 9
1434
2
hf-bede 3
bbda-bede 6
1435
2
ebh-bedf 4
djf-bedf 5
1436
1
jbg-bedg 9
1437
2
bgai-bedh 8
baha-bedh 1
1438
1
iib-bedi 9
1439
1
igd-bedj 9
1441
2
bbee-beeb 7
hcf-beeb 2
1442
1
jba-beec 9
1443
2
bfih-beed 6
becd-beed 3
1444
2
hhc-beee 8
eff-beee 1
1445
2
hhf-beef 3
icf-beef 6
1446
2
bdeb-beeg 5
he-beeg 4
1447
1
bdgc-beeh 9
1448
1
bdcg-beei 9
1450
2
ebe-befa 2
cbc-befa 7
1451
1
babd-befb 9
1452
1
bchf-befc 9
1453
3
dci-befd 6
iia-befd 1
chj-befd 2
1454
1
fif-befe 9
1455
2
fid-beff 7
hc-beff 2
1456
1
bah-befg 9
1459
1
bdgc-befj 9
1460
1
gca-bega 9
1461
1
iie-begb 9
1462
2
ghf-begc 7
bgad-begc 2
1463
1
bdgi-begd 9
1464
2
babb-bege 8
bdci-bege 1
1466
2
bfai-begg 1
ifb-begg 8
1467
1
eac-begh 9
1468
1
cff-begi 9
1469
2
bbfb-begj 4
eef-begj 5
1470
3
hcj-beha 1
cji-beha 1
bebd-beha 7
1471
1
bfdh-behb 9
1472
1
ifa-behc 9
1473
1
eda-behd 9
1474
3
baja-behe 6
bgaa-behe 1
ihd-behe 2
1475
1
hdf-behf 9
1476
1
iei-behg 9
1477
1
bcgg-behh 9
1478
2
bgde-behi 8
bjh-behi 1
1479
3
ihb-behj 2
dcd-behj 4
dbd-behj 3
1480
1
ffd-beia 9
1481
1
bdaj-beib 9
1482
3
dg-beic 5
ec-beic 1
bbb-beic 3
1483
2
bdje-beid 7
iai-beid 2
1484
1
cgc-beie 9
1485
3
gab-beif 2
hfb-beif 6
cii-beif 1
1486
2
bedd-beig 5
baf-beig 4
1487
2
ijd-beih 8
dcc-beih 1
1488
1
cbe-beii 9
1489
2
che-beij 6
bah-beij 3
1490
1
cid-beja 9
1491
1
bace-bejb 9
1493
1
badc-bejd 9
1494
1
baag-beje 9
1495
1
jhi-bejf 9
1496
1
bcag-bejg 9
1497
1
bdaa-bejh 9
1498
2
ifa-beji 7
dcf-beji 2
1499
1
cdg-bejj 9
1500
2
bhf-bfaa 3
ccd-bfaa 6
1501
1
fbi-bfab 9
1503
1
jhc-bfad 9
1504
3
ecc-bfae 5
bai-bfae 2
bfah-bfae 2
1505
2
hbb-bfaf 3
bedh-bfaf 6
1506
2
jai-bfag 2
bdad-bfag 7
1507
1
jbf-bfah 9
1508
1
bcaj-bfai 9
1509
1
bcjd-bfaj 9
1510
1
bdgg-bfba 9
1511
1
hda-bfbb 9
1512
1
ijd-bfbc 9
1513
3
bbjd-bfbd 2
fia-bfbd 2
dcg-bfbd 5
1514
1
behh-bfbe 9
1515
2
efe-bfbf 4
bdga-bfbf 5
1516
1
hih-bfbg 9
1518
1
jjc-bfbi 9
1519
1
beif-bfbj 9
1520
1
ghc-bfca 9
1521
3
gfa-bfcb 6
gaj-bfcb 2
bbba-bfcb 1
1522
1
gga-bfcc 9
1523
3
ggc-bfcd 3
bcdc-bfcd 5
bdbj-bfcd 1
1524
1
jh-bfce 9
1525
1
bca-bfcf 9
1526
3
bgdj-bfcg 1
cjc-bfcg 5
bfgg-bfcg 3
1527
1
bafe-bfch 9
1528
1
fjb-bfci 9
1529
2
gh-bfcj 2
dif-bfcj 7
1530
1
baai-bfda 9
1531
1
iih-bfdb 9
1532
1
bfbc-bfdc 9
1533
1
bcgh-bfdd 9
1534
1
jgf-bfde 9
1535
1
ddf-bfdf 9
1536
1
bdfi-bfdg 9
1537
1
bdec-bfdh 9
1538
2
ihc-bfdi 3
fgc-bfdi 6
1539
2
bddd-bfdj 5
dgg-bfdj 4
1540
1
jdg-bfea 9
1541
1
ggf-bfeb 9
1542
2
bdge-bfec 8
edg-bfec 1
1543
2
iia-bfed 3
iea-bfed 6
1544
2
dae-bfee 5
fhi-bfee 4
1545
4
faa-bfef 2
ied-bfef 3
bgda-bfef 3
bgaf-bfef 1
1546
1
dfb-bfeg 9
1547
1
fdc-bfeh 9
1548
1
cbf-bfei 9
1549
1
bdia-bfej 9
1550
1
iab-bffa 9
1551
1
bda-bffb 9
1552
1
iai-bffc 9
1553
1
egi-bffd 9
1555
1
becg-bfff 9
1556
1
gci-bffg 9
1557
1
ghi-bffh 9
1558
1
ed-bffi 9
1559
1
eda-bffj 9
1560
2
bfj-bfga 2
dcg-bfga 7
1561
2
beif-bfgb 4
bcfj-bfgb 5
1562
1
bdac-bfgc 9
1563
1
ihj-bfgd 9
1564
1
chj-bfge 9
1565
2
bgga-bfgf 5
eig-bfgf 4
1566
1
ec-bfgg 9
1567
1
bbie-bfgh 9
1568
3
bgej-bfgi 1
fea-bfgi 6
bgee-bfgi 2
1570
1
cga-bfha 9
1571
1
bhg-bfhb 9
1572
1
dgd-bfhc 9
1573
1
bdgb-bfhd 9
1574
1
bfi-bfhe 9
1575
2
ded-bfhf 5
jjj-bfhf 4
1576
2
bfhi-bfhg 5
ibi-bfhg 4
1577
1
ibh-bfhh 9
1578
1
ice-bfhi 9
1579
2
gih-bfhj 8
bejj-bfhj 1
1580
1
df-bfia 9
1581
1
bdca-bfib 9
1582
2
igc-bfic 1
bgfg-bfic 8
1583
1
hfa-bfid 9
1584
1
ceh-bfie 9
1585
2
caa-bfif 1
dfi-bfif 8
1587
1
cif-bfih 9
1588
2
hjg-bfii 1
edc-bfii 8
1589
1
gih-bfij 9
1590
1
bie-bfja 9
1591
1
icj-bfjb 9
1592
1
bej-bfjc 9
1593
1
bajd-bfjd 9
1594
1
bfba-bfje 9
1595
1
cdg-bfjf 9
1596
1
bdej-bfjg 9
1598
1
bebd-bfji 9
1599
1
hhg-bfjj 9
1600
1
bcdd-bgaa 9
1601
1
fga-bgab 9
1602
1
babg-bgac 9
1603
1
bdba-bgad 9
1604
1
bajd-bgae 9
1605
1
beab-bgaf 9
1606
1
bed-bgag 9
1607
1
bdhi-bgah 9
1608
1
baji-bgai 9
1609
1
egb-bgaj 9
1610
1
ddd-bgba 9
1611
1
dib-bgbb 9
1612
1
bba-bgbc 9
1613
2
bfje-bgbd 8
bfb-bgbd 1
1614
1
bfhe-bgbe 9
1615
1
bbfa-bgbf 9
1616
1
dff-bgbg 9
1617
2
ece-bgbh 7
bgfh-bgbh 2
1618
1
bfjc-bgbi 9
1619
1
cbj-bgbj 9
1620
1
hjh-bgca 9
1621
1
icd-bgcb 9
1622
2
bdbe-bgcc 8
dga-bgcc 1
1625
1
cib-bgcf 9
1626
1
cba-bgcg 9
1627
1
cga-bgch 9
1628
2
bda-bgci 6
hje-bgci 3
1629
1
beeg-bgcj 9
1630
1
bcai-bgda 9
1631
1
jdd-bgdb 9
1632
1
gbb-bgdc 9
1633
2
bhf-bgdd 8
ede-bgdd 1
1634
1
beic-bgde 9
1635
1
bbia-bgdf 9
1636
1
baf-bgdg 9
1637
1
hhh-bgdh 9
1638
2
jdi-bgdi 1
bach-bgdi 8
1639
1
jdb-bgdj 9
1640
1
bcia-bgea 9
1641
1
ega-bgeb 9
1642
2
bacg-bgec 6
djd-bgec 3
1643
1
behi-bged 9
1644
1
hjf-bgee 9
1645
1
fed-bgef 9
1646
1
baca-bgeg 9
1647
1
bece-bgeh 9
1648
1
bgca-bgei 9
1649
1
jej-bgej 9
1650
1
bddj-bgfa 9
1651
1
bhh-bgfb 9
1652
1
bfjg-bgfc 9
1653
2
gif-bgfd 1
ddb-bgfd 8
1654
1
bfcf-bgfe 9
1655
1
bcgh-bgff 9
1656
1
bce-bgfg 9
1657
1
bgbi-bgfh 9
1658
1
bie-bgfi 9
1659
1
eef-bgfj 9
1660
1
bdhi-bgga 9
1661
1
bdhg-bggb 9
