1631
1
2
ehb-b 2
dab-b 5
2
5
di-c 1
bi-c 3
fcd-c 1
bih-c 1
dgj-c 1
3
4
ii-d 4
bcb-d 1
bjg-d 1
cbd-d 1
4
2
hic-e 2
d-e 5
5
4
bda-f 2
bdjf-f 1
jbb-f 1
e-f 3
6
5
ehc-g 2
gic-g 1
iee-g 1
bfg-g 2
eie-g 1
7
1
bfa-h 7
8
2
gie-i 4
geg-i 3
9
4
fbj-j 2
heg-j 2
bi-j 2
ce-j 1
10
1
bdi-ba 7
11
6
cd-bb 1
bgf-bb 2
bcea-bb 1
bae-bb 1
bcef-bb 1
bee-bb 1
12
5
dgf-bc 1
ddf-bc 1
hbf-bc 1
ccj-bc 1
daa-bc 3
13
3
cch-bd 2
cjb-bd 3
bejh-bd 2
14
4
babg-be 2
fec-be 1
bbbj-be 3
beai-be 1
15
2
hi-bf 2
dh-bf 5
16
4
baae-bg 4
iag-bg 1
bdii-bg 1
bi-bg 1
17
3
hjd-bh 5
ihi-bh 1
bgeh-bh 1
18
4
feh-bi 3
fic-bi 2
hej-bi 1
babg-bi 1
19
4
dg-bj 1
bdbf-bj 1
cii-bj 2
dhf-bj 3
20
3
bai-ca 2
dfg-ca 4
gjh-ca 1
21
3
edb-cb 4
dcc-cb 1
did-cb 2
22
4
ff-cc 3
dgf-cc 1
badc-cc 2
jgi-cc 1
23
5
bcaj-cd 2
bhd-cd 1
ffb-cd 1
gfa-cd 1
dbg-cd 2
24
4
jag-ce 1
jgf-ce 1
ef-ce 1
bi-ce 4
25
5
def-cf 1
cc-cf 2
eac-cf 2
fhg-cf 1
bbci-cf 1
26
5
hhc-cg 1
ca-cg 1
eh-cg 1
bd-cg 3
chb-cg 1
27
4
ddb-ch 1
jgg-ch 1
dji-ch 3
bjd-ch 2
28
5
befi-ci 2
hif-ci 2
gbg-ci 1
bffg-ci 1
hfh-ci 1
29
2
bfgd-cj 6
fbi-cj 1
30
5
bcei-da 2
bhd-da 1
beib-da 1
fai-da 2
bdf-da 1
31
6
bgj-db 1
cbh-db 1
bbde-db 1
cd-db 1
gi-db 1
bc-db 2
32
5
bbgj-dc 1
ecg-dc 2
iej-dc 1
iag-dc 2
ifh-dc 1
33
3
fc-dd 1
dfg-dd 5
babg-dd 1
34
2
ghj-de 3
di-de 4
35
5
ibf-df 1
igi-df 3
bfgb-df 1
gc-df 1
iei-df 1
36
7
bcii-dg 1
cee-dg 1
bgfe-dg 1
bebe-dg 1
hah-dg 1
bcag-dg 1
bdfc-dg 1
37
5
bagf-dh 1
db-dh 1
gcd-dh 2
dc-dh 1
hha-dh 2
38
1
haf-di 7
39
2
gdb-dj 6
ef-dj 1
40
5
fda-ea 3
jjh-ea 1
eee-ea 1
jff-ea 1
dbb-ea 1
41
3
cdi-eb 4
hac-eb 2
bbfc-eb 1
42
3
cdc-ec 4
ege-ec 2
fi-ec 1
43
5
eb-ed 3
bfdc-ed 1
edf-ed 1
ech-ed 1
bcia-ed 1
44
2
bacc-ee 4
cfb-ee 3
45
4
ige-ef 2
cij-ef 1
cih-ef 1
beeh-ef 3
46
3
bdj-eg 1
cbg-eg 5
ggg-eg 1
47
5
fdd-eh 2
bbei-eh 1
bbfg-eh 1
bjb-eh 1
gdh-eh 2
48
4
dff-ei 1
bcjf-ei 1
bb-ei 2
jfj-ei 3
49
3
jia-ej 1
cd-ej 5
baig-ej 1
50
5
hg-fa 2
jji-fa 2
bc-fa 1
dhe-fa 1
bhg-fa 1
51
3
bcch-fb 4
bdc-fb 2
dfa-fb 1
52
4
bfch-fc 1
eab-fc 3
fif-fc 1
jb-fc 2
53
3
daf-fd 1
je-fd 4
dhe-fd 2
54
1
jic-fe 7
55
5
cje-ff 1
bdf-ff 2
gb-ff 2
bdcg-ff 1
bed-ff 1
56
1
bfaf-fg 7
57
2
ccb-fh 5
bejb-fh 2
58
3
hee-fi 4
bfdg-fi 1
fg-fi 2
59
5
dbg-fj 1
bea-fj 1
ddg-fj 1
ff-fj 1
ifd-fj 3
60
5
fga-ga 1
bi-ga 1
eah-ga 3
dac-ga 1
cg-ga 1
61
2
bbeb-gb 6
bbjc-gb 1
62
5
gge-gc 3
j-gc 1
e-gc 1
eie-gc 1
bdfa-gc 1
63
7
bfgc-gd 1
cfj-gd 1
dai-gd 1
daj-gd 1
je-gd 1
dbf-gd 1
icd-gd 1
64
2
g-ge 3
dfi-ge 4
65
1
cgh-gf 7
66
5
idf-gg 2
cdh-gg 1
jhg-gg 1
bfjf-gg 2
jdj-gg 1
67
3
bddh-gh 4
jci-gh 2
bh-gh 1
68
3
ch-gi 2
bcff-gi 3
cbe-gi 2
69
2
baad-gj 3
gjj-gj 4
70
3
db-ha 2
ecc-ha 1
bda-ha 4
71
2
efh-hb 2
iaa-hb 5
72
4
dbf-hc 4
ejc-hc 1
gg-hc 1
cif-hc 1
74
6
bcjc-he 1
bgi-he 2
hc-he 1
gig-he 1
gij-he 1
bebb-he 1
75
4
dah-hf 2
hie-hf 1
bdbc-hf 1
da-hf 3
76
4
cgj-hg 1
bja-hg 3
gbd-hg 2
dfj-hg 1
77
5
bdh-hh 1
beic-hh 1
cae-hh 3
gcj-hh 1
bjb-hh 1
78
5
iba-hi 1
ihf-hi 1
fa-hi 1
bac-hi 2
baec-hi 2
79
3
gfg-hj 2
jfc-hj 1
di-hj 4
80
4
bfeh-ia 2
ccc-ia 1
bdjd-ia 1
di-ia 3
81
3
ghd-ib 4
dea-ib 2
dad-ib 1
82
3
fdf-ic 3
bedh-ic 1
cgi-ic 3
83
3
eab-id 4
gbg-id 2
ej-id 1
84
4
eeh-ie 3
dej-ie 1
haj-ie 1
bjd-ie 2
85
3
di-if 5
bcge-if 1
bfce-if 1
86
2
baif-ig 2
egf-ig 5
87
2
bcfj-ih 6
cgh-ih 1
88
6
bacj-ii 1
bgfi-ii 2
bacd-ii 1
eig-ii 1
dgc-ii 1
chf-ii 1
89
2
bcd-ij 4
ife-ij 3
90
1
hij-ja 7
91
3
bc-jb 1
jc-jb 4
ehi-jb 2
92
5
babi-jc 1
hj-jc 1
gii-jc 2
gbe-jc 2
bbjg-jc 1
93
2
fhj-jd 2
cae-jd 5
94
6
bfc-je 2
gdf-je 1
fcf-je 1
bfgb-je 1
bbi-je 1
bi-je 1
95
2
iae-jf 5
gbd-jf 2
96
3
daf-jg 2
ec-jg 1
beb-jg 4
97
4
dai-jh 4
bbfg-jh 1
hib-jh 1
bcbf-jh 1
98
5
beaa-ji 3
bdjh-ji 1
bccj-ji 1
gbe-ji 1
idd-ji 1
99
3
dej-jj 4
fgf-jj 1
bcee-jj 2
100
5
bfg-baa 1
fhg-baa 2
efg-baa 1
dfi-baa 2
dig-baa 1
101
4
eic-bab 2
jhg-bab 2
chf-bab 1
ede-bab 2
102
5
bfe-bac 2
hj-bac 1
hfi-bac 2
da-bac 1
gja-bac 1
103
3
bfi-bad 4
bha-bad 1
jid-bad 2
104
4
cd-bae 2
bdga-bae 3
dgj-bae 1
ceg-bae 1
105
4
cbg-baf 3
bcb-baf 2
bdbh-baf 1
cj-baf 1
106
5
dad-bag 3
bfce-bag 1
fic-bag 1
bcc-bag 1
bbfi-bag 1
107
6
ddf-bah 1
bbcc-bah 2
gjh-bah 1
ifd-bah 1
hbf-bah 1
deg-bah 1
108
2
cfj-bai 6
bda-bai 1
109
3
chf-baj 3
db-baj 1
cjg-baj 3
110
2
fbe-bba 1
gdc-bba 6
111
3
fdh-bbb 3
edb-bbb 1
d-bbb 3
112
4
gbg-bbc 1
chf-bbc 1
dbb-bbc 2
jje-bbc 3
114
3
cb-bbe 3
ehd-bbe 2
cie-bbe 2
115
4
bei-bbf 1
dfc-bbf 2
fj-bbf 1
bage-bbf 3
116
6
cbd-bbg 2
eg-bbg 1
iff-bbg 1
bbbj-bbg 1
gdc-bbg 1
eba-bbg 1
117
3
ehi-bbh 3
gjh-bbh 1
bacc-bbh 3
118
5
bca-bbi 2
beeh-bbi 1
gfd-bbi 1
beb-bbi 1
bech-bbi 2
119
7
bbag-bbj 1
gjh-bbj 1
bbf-bbj 1
baja-bbj 1
eh-bbj 1
fag-bbj 1
ige-bbj 1
120
6
gae-bca 1
eae-bca 1
cc-bca 1
gaf-bca 1
cji-bca 1
bae-bca 2
121
3
bbdg-bcb 1
fba-bcb 5
bbgc-bcb 1
122
7
gfi-bcc 1
bebg-bcc 1
bjd-bcc 1
hgb-bcc 1
bbff-bcc 1
jg-bcc 1
bbab-bcc 1
123
4
jec-bcd 4
ddj-bcd 1
gc-bcd 1
eed-bcd 1
124
7
ccc-bce 1
bb-bce 1
edi-bce 1
bi-bce 1
gc-bce 1
bagd-bce 1
gef-bce 1
125
2
ddj-bcf 3
cea-bcf 4
126
5
g-bcg 3
bhj-bcg 1
dbg-bcg 1
di-bcg 1
cah-bcg 1
127
5
fbh-bch 3
gad-bch 1
bgbf-bch 1
dfd-bch 1
ecb-bch 1
128
6
bagb-bci 2
bcbc-bci 1
bbf-bci 1
bbhe-bci 1
fag-bci 1
bbc-bci 1
129
3
iff-bcj 4
eac-bcj 1
icj-bcj 2
130
5
dhg-bda 1
eh-bda 1
ia-bda 3
ffa-bda 1
dfj-bda 1
131
7
deh-bdb 1
djh-bdb 1
fib-bdb 1
cda-bdb 1
bfc-bdb 1
jbg-bdb 1
efd-bdb 1
132
7
fee-bdc 1
bfea-bdc 1
bbjh-bdc 1
jbg-bdc 1
fdc-bdc 1
bbfe-bdc 1
cfc-bdc 1
133
3
bece-bdd 1
bcgc-bdd 2
bjf-bdd 4
134
5
beec-bde 1
gge-bde 1
bba-bde 1
iah-bde 2
bdh-bde 2
135
4
gea-bdf 1
bbab-bdf 1
hcg-bdf 1
gbf-bdf 4
136
7
bahh-bdg 1
bbij-bdg 1
djj-bdg 1
jdg-bdg 1
dhi-bdg 1
ch-bdg 1
cha-bdg 1
137
3
edg-bdh 3
feh-bdh 3
jjg-bdh 1
138
5
gci-bdi 2
jbe-bdi 1
bffi-bdi 1
iic-bdi 1
bcfj-bdi 2
139
7
bbbh-bdj 1
ffb-bdj 1
hhc-bdj 1
geh-bdj 1
igg-bdj 1
igb-bdj 1
jfe-bdj 1
140
3
dgb-bea 5
dgc-bea 1
cdh-bea 1
141
7
dci-beb 1
hia-beb 1
djg-beb 1
ffd-beb 1
fe-beb 1
cbe-beb 1
edh-beb 1
142
7
hj-bec 1
eei-bec 1
ica-bec 1
hea-bec 1
bdei-bec 1
ii-bec 1
hff-bec 1
143
6
feh-bed 2
bhc-bed 1
begd-bed 1
ica-bed 1
cfa-bed 1
cd-bed 1
144
5
bgbe-bee 1
gjd-bee 1
dfg-bee 1
cfa-bee 2
bbej-bee 2
145
2
dai-bef 3
fgj-bef 4
146
3
bja-beg 4
fei-beg 1
bef-beg 2
147
7
gdd-beh 1
ieh-beh 1
hi-beh 1
ccg-beh 1
bab-beh 1
jbj-beh 1
cia-beh 1
148
5
fge-bei 3
bcgi-bei 1
jbi-bei 1
jca-bei 1
becg-bei 1
149
4
fif-bej 4
bdb-bej 1
bec-bej 1
cdi-bej 1
150
4
ddd-bfa 2
egg-bfa 1
cdf-bfa 2
cjd-bfa 2
151
2
fda-bfb 6
bdji-bfb 1
152
7
fcb-bfc 1
cdb-bfc 1
ifh-bfc 1
bafi-bfc 1
dcb-bfc 1
gbi-bfc 1
dhb-bfc 1
153
4
haa-bfd 1
jgi-bfd 3
bif-bfd 2
cie-bfd 1
154
5
cgh-bfe 1
dch-bfe 1
hff-bfe 3
gbc-bfe 1
baea-bfe 1
155
3
bcie-bff 4
eec-bff 1
gfe-bff 2
156
5
hhe-bfg 1
hj-bfg 1
dae-bfg 3
bgac-bfg 1
bef-bfg 1
157
3
bae-bfh 2
baf-bfh 3
eaa-bfh 2
158
6
idg-bfi 1
ecj-bfi 1
jhe-bfi 1
bgci-bfi 1
ich-bfi 2
gaa-bfi 1
159
5
bii-bfj 1
gif-bfj 1
jjj-bfj 3
ded-bfj 1
gce-bfj 1
160
3
dij-bga 3
efe-bga 2
hbd-bga 2
161
5
cgc-bgb 1
hea-bgb 2
bahe-bgb 1
bedd-bgb 2
bcga-bgb 1
162
4
bdeh-bgc 1
cgd-bgc 1
cdb-bgc 3
cff-bgc 2
163
4
bgdh-bgd 2
dbj-bgd 3
gd-bgd 1
edg-bgd 1
164
3
d-bge 3
jif-bge 3
hci-bge 1
165
3
bd-bgf 2
iaa-bgf 4
bie-bgf 1
166
5
bdde-bgg 1
heh-bgg 3
bcaa-bgg 1
id-bgg 1
ehg-bgg 1
167
5
dbg-bgh 3
be-bgh 1
bfgh-bgh 1
cgg-bgh 1
cej-bgh 1
168
7
cbi-bgi 1
dda-bgi 1
baa-bgi 1
daj-bgi 1
bhh-bgi 1
eij-bgi 1
bc-bgi 1
169
4
hch-bgj 1
djh-bgj 1
bffe-bgj 3
jai-bgj 2
170
4
bi-bha 1
fh-bha 1
ccd-bha 4
gi-bha 1
171
6
jh-bhb 1
hhd-bhb 2
cda-bhb 1
ih-bhb 1
fcb-bhb 1
bfbi-bhb 1
172
6
edf-bhc 1
bbfd-bhc 1
gfg-bhc 1
eje-bhc 1
bfe-bhc 2
bagf-bhc 1
173
4
gii-bhd 3
eed-bhd 1
bcb-bhd 1
hj-bhd 2
174
2
daa-bhe 6
cfe-bhe 1
175
6
cgi-bhf 1
ca-bhf 2
jga-bhf 1
dgi-bhf 1
ech-bhf 1
bci-bhf 1
176
7
iga-bhg 1
cbg-bhg 1
baf-bhg 1
bci-bhg 1
cdi-bhg 1
babb-bhg 1
cfi-bhg 1
177
4
bai-bhh 1
cbc-bhh 3
efe-bhh 1
cch-bhh 2
178
4
ibh-bhi 1
eaj-bhi 1
cdb-bhi 1
gbb-bhi 4
179
6
cb-bhj 1
bafb-bhj 1
ghd-bhj 2
hg-bhj 1
dbf-bhj 1
fha-bhj 1
180
3
cch-bia 1
bjg-bia 2
hi-bia 4
181
2
fhc-bib 6
eae-bib 1
182
3
eee-bic 4
baa-bic 1
dc-bic 2
183
3
bef-bid 5
beh-bid 1
bajd-bid 1
184
7
dbe-bie 1
bbc-bie 1
bde-bie 1
hdd-bie 1
cdc-bie 1
bcai-bie 1
eig-bie 1
185
3
bgcg-bif 5
cji-bif 1
babf-bif 1
186
1
deg-big 7
187
3
hef-bih 3
dcf-bih 2
bcff-bih 2
188
4
bcej-bii 4
ejd-bii 1
dfa-bii 1
bga-bii 1
189
3
cia-bij 1
ba-bij 1
cha-bij 5
190
3
dig-bja 2
dca-bja 1
ded-bja 4
191
4
db-bjb 4
fed-bjb 1
bbee-bjb 1
bcdb-bjb 1
192
4
baad-bjc 1
bagc-bjc 2
eia-bjc 3
ibe-bjc 1
193
5
bij-bjd 3
ghb-bjd 1
hdg-bjd 1
di-bjd 1
gd-bjd 1
194
2
ecd-bje 3
cga-bje 4
195
5
bccc-bjf 2
hii-bjf 1
ecg-bjf 1
hic-bjf 1
baff-bjf 2
196
2
dih-bjg 4
cec-bjg 3
197
5
eah-bjh 3
bcb-bjh 1
cd-bjh 1
jeb-bjh 1
gfd-bjh 1
198
4
fdj-bji 4
beeb-bji 1
dbg-bji 1
cgh-bji 1
199
4
gci-bjj 2
jhe-bjj 2
edg-bjj 1
baad-bjj 2
200
5
djj-caa 1
hfg-caa 1
dhc-caa 2
bafd-caa 1
ecb-caa 2
201
5
cjd-cab 1
daf-cab 3
jca-cab 1
jbg-cab 1
bdg-cab 1
202
4
djc-cac 3
cgd-cac 2
fid-cac 1
dbf-cac 1
203
1
icg-cad 7
204
7
bea-cae 1
bcb-cae 1
bccg-cae 1
hhb-cae 1
jcd-cae 1
gdi-cae 1
chb-cae 1
205
3
gag-caf 2
bafb-caf 1
ghc-caf 4
206
4
ebb-cag 1
bbg-cag 1
cie-cag 1
fbi-cag 4
207
6
bahc-cah 1
fde-cah 2
cce-cah 1
bebe-cah 1
fac-cah 1
ih-cah 1
208
2
gdb-cai 6
jda-cai 1
209
3
ghh-caj 5
eji-caj 1
jh-caj 1
210
4
bbjf-cba 4
bccb-cba 1
bgdd-cba 1
bfi-cba 1
211
3
ihc-cbb 3
ca-cbb 1
cge-cbb 3
212
2
efg-cbc 4
bcdg-cbc 3
213
7
cec-cbd 1
bcdc-cbd 1
jfc-cbd 1
ehe-cbd 1
bif-cbd 1
eag-cbd 1
jej-cbd 1
214
1
bbcc-cbe 7
215
2
ceb-cbf 3
bff-cbf 4
216
4
hjj-cbg 1
bdg-cbg 2
bbfi-cbg 3
becj-cbg 1
217
2
bhi-cbh 6
bfg-cbh 1
218
3
ede-cbi 4
ebh-cbi 1
bdi-cbi 2
219
5
gjj-cbj 1
hi-cbj 2
dcf-cbj 1
db-cbj 1
jec-cbj 2
220
5
bbdb-cca 2
ihg-cca 1
bbi-cca 1
ehi-cca 1
eea-cca 2
221
5
ddd-ccb 2
d-ccb 1
ejj-ccb 2
bjj-ccb 1
jeh-ccb 1
222
3
jfh-ccc 3
bcda-ccc 2
eag-ccc 2
223
4
feh-ccd 1
bajb-ccd 1
cjf-ccd 1
eae-ccd 4
224
3
daf-cce 2
bceh-cce 1
bdc-cce 4
225
5
ihi-ccf 1
jeg-ccf 1
ga-ccf 1
hcc-ccf 3
dca-ccf 1
226
5
hde-ccg 1
bahi-ccg 1
bih-ccg 2
ijd-ccg 2
ide-ccg 1
227
4
bhe-cch 2
ice-cch 3
baaf-cch 1
egd-cch 1
228
4
haf-cci 1
ceb-cci 3
bbfd-cci 2
bgbg-cci 1
229
5
gdf-ccj 1
cch-ccj 3
hji-ccj 1
eeb-ccj 1
bch-ccj 1
230
2
dd-cda 1
ejd-cda 6
231
4
fcf-cdb 4
ejg-cdb 1
jaa-cdb 1
bff-cdb 1
232
5
eb-cdc 3
gac-cdc 1
ccj-cdc 1
fad-cdc 1
ddj-cdc 1
233
2
bebi-cdd 4
db-cdd 3
234
5
hhb-cde 1
bdia-cde 1
bi-cde 1
bjb-cde 3
gge-cde 1
235
5
iee-cdf 1
bhj-cdf 1
badh-cdf 1
dfa-cdf 2
fjc-cdf 2
236
5
cid-cdg 3
bfjd-cdg 1
bdf-cdg 1
dff-cdg 1
gcf-cdg 1
237
2
bbja-cdh 6
gfd-cdh 1
238
4
beha-cdi 4
deb-cdi 1
jbc-cdi 1
j-cdi 1
239
2
ega-cdj 2
hgg-cdj 5
240
4
gbi-cea 1
if-cea 2
jaj-cea 2
che-cea 2
241
4
bdea-ceb 2
dhh-ceb 1
bfj-ceb 1
dfe-ceb 3
242
3
bajb-cec 3
bad-cec 1
bdg-cec 3
243
3
efg-ced 5
cah-ced 1
bbgc-ced 1
244
3
jhc-cee 4
eej-cee 2
ic-cee 1
245
4
bfi-cef 2
bha-cef 1
bbec-cef 1
dab-cef 3
246
4
cah-ceg 3
iag-ceg 1
bfa-ceg 2
gdg-ceg 1
247
1
gdd-ceh 7
248
4
ddf-cei 3
ehj-cei 2
fhi-cei 1
bfb-cei 1
249
6
bbee-cej 1
bh-cej 1
bbeg-cej 1
dif-cej 1
jej-cej 2
gig-cej 1
250
5
eb-cfa 1
ice-cfa 1
bdhb-cfa 2
gei-cfa 1
hdi-cfa 2
251
5
fhe-cfb 2
fgg-cfb 1
fc-cfb 1
baga-cfb 1
g-cfb 2
252
3
gef-cfc 4
eca-cfc 1
ieg-cfc 2
253
3
bchd-cfd 5
geb-cfd 1
ccg-cfd 1
254
1
ijc-cfe 7
255
4
hjf-cff 3
bafc-cff 2
hda-cff 1
ejg-cff 1
256
4
bbdg-cfg 1
ej-cfg 2
bfdb-cfg 3
gic-cfg 1
257
5
fjh-cfh 1
baj-cfh 1
bee-cfh 2
bbee-cfh 2
cie-cfh 1
258
5
bcfi-cfi 1
chd-cfi 1
badf-cfi 2
dhi-cfi 2
eec-cfi 1
259
4
bd-cfj 3
dib-cfj 1
beb-cfj 2
cfi-cfj 1
260
7
chf-cga 1
dh-cga 1
bcjf-cga 1
chj-cga 1
cah-cga 1
bhb-cga 1
cgd-cga 1
261
5
deb-cgb 1
gdf-cgb 1
dhd-cgb 1
dch-cgb 3
da-cgb 1
262
6
hdb-cgc 2
hfc-cgc 1
fji-cgc 1
cdb-cgc 1
ica-cgc 1
ee-cgc 1
263
6
bafd-cgd 1
bec-cgd 1
dcj-cgd 1
dcf-cgd 1
bajg-cgd 2
bafi-cgd 1
264
4
cci-cge 1
ea-cge 1
bfc-cge 4
hai-cge 1
265
5
gie-cgf 1
dej-cgf 1
bgbh-cgf 1
ibe-cgf 2
fcc-cgf 2
266
5
dib-cgg 1
bii-cgg 1
bdh-cgg 1
fhc-cgg 3
bgae-cgg 1
267
5
cag-cgh 1
hc-cgh 1
babb-cgh 1
hif-cgh 1
bdhc-cgh 3
268
5
fdh-cgi 2
baaa-cgi 1
djh-cgi 1
daf-cgi 1
ia-cgi 2
269
3
eag-cgj 3
ifi-cgj 1
fei-cgj 3
270
5
ged-cha 1
gfh-cha 1
egj-cha 1
dhj-cha 2
dcb-cha 2
271
3
fff-chb 2
bcbi-chb 4
eci-chb 1
272
4
hba-chc 1
fjc-chc 4
jhd-chc 1
bbfj-chc 1
273
4
cjc-chd 1
ebh-chd 4
bfbg-chd 1
dfj-chd 1
274
3
dej-che 3
befj-che 2
eah-che 2
275
5
eca-chf 1
did-chf 1
ehb-chf 1
fch-chf 3
hfb-chf 1
276
3
edh-chg 4
fc-chg 2
iab-chg 1
277
3
cid-chh 2
ddj-chh 3
cbb-chh 2
278
5
hga-chi 2
bbc-chi 1
jeh-chi 1
bbea-chi 1
ibj-chi 2
279
6
fg-chj 2
dia-chj 1
fjd-chj 1
hhi-chj 1
bgh-chj 1
jg-chj 1
280
4
cce-cia 3
jj-cia 1
eie-cia 1
jej-cia 2
281
5
bcce-cib 2
eha-cib 1
bdhb-cib 1
bdhh-cib 1
hh-cib 2
282
3
dhi-cic 3
jce-cic 2
ifd-cic 2
283
7
cjb-cid 1
fcf-cid 1
cab-cid 1
fic-cid 1
ebi-cid 1
dfd-cid 1
dfa-cid 1
284
2
jfi-cie 5
gg-cie 2
285
6
bbai-cif 1
gfe-cif 1
bcja-cif 1
dae-cif 1
baed-cif 2
dgb-cif 1
286
6
hdd-cig 1
bbac-cig 1
eef-cig 1
hbj-cig 1
dge-cig 2
hai-cig 1
287
1
icg-cih 7
288
4
ggd-cii 2
baha-cii 1
cah-cii 1
gbi-cii 3
289
3
dgf-cij 2
bgi-cij 1
cch-cij 4
290
4
bcaa-cja 3
ead-cja 1
ehg-cja 1
hcj-cja 2
291
4
eei-cjb 3
beba-cjb 2
bagh-cjb 1
jbi-cjb 1
292
4
db-cjc 3
bfgi-cjc 1
bada-cjc 1
bcih-cjc 2
293
2
eje-cjd 5
bdaa-cjd 2
294
2
bbi-cje 6
cea-cje 1
295
3
dba-cjf 1
egf-cjf 3
cgb-cjf 3
296
1
cgb-cjg 7
297
2
dci-cjh 4
he-cjh 3
298
4
bdce-cji 1
bee-cji 1
hbd-cji 3
id-cji 2
299
6
jah-cjj 1
fci-cjj 2
cc-cjj 1
bfeb-cjj 1
bcie-cjj 1
bgh-cjj 1
300
6
jjb-daa 1
bfde-daa 1
fh-daa 1
edd-daa 1
bbhc-daa 2
ih-daa 1
301
2
bef-dab 2
hi-dab 5
302
4
fgc-dac 2
dce-dac 1
iid-dac 2
bgi-dac 2
303
3
gcb-dad 4
gfd-dad 1
gfe-dad 2
304
3
bcib-dae 2
fce-dae 2
baaa-dae 3
305
6
fbb-daf 1
jae-daf 2
bdag-daf 1
bdcb-daf 1
cha-daf 1
badi-daf 1
306
2
eb-dag 6
hcd-dag 1
307
4
ihj-dah 1
ehc-dah 4
ggg-dah 1
cgi-dah 1
308
5
bchi-dai 1
dhc-dai 1
chh-dai 1
ejb-dai 3
bafa-dai 1
309
5
geh-daj 2
fae-daj 2
dce-daj 1
dhe-daj 1
fhj-daj 1
310
3
hhj-dba 5
bff-dba 1
gdh-dba 1
311
3
cjb-dbb 4
eaa-dbb 1
dfc-dbb 2
312
2
hca-dbc 2
dah-dbc 5
313
3
bdjf-dbd 5
gcb-dbd 1
bfg-dbd 1
314
3
bcaf-dbe 2
dac-dbe 4
dfh-dbe 1
315
5
dac-dbf 1
gdc-dbf 1
baad-dbf 3
eid-dbf 1
gib-dbf 1
316
2
iag-dbg 3
dab-dbg 4
317
4
cdb-dbh 4
caa-dbh 1
cid-dbh 1
fha-dbh 1
318
3
edd-dbi 4
bcaa-dbi 2
fah-dbi 1
319
4
dad-dbj 1
bb-dbj 2
gjf-dbj 2
dhd-dbj 2
320
5
a-dca 1
bda-dca 2
badg-dca 2
jbi-dca 1
bdii-dca 1
321
6
gbj-dcb 1
fi-dcb 2
efg-dcb 1
gad-dcb 1
jia-dcb 1
eda-dcb 1
322
7
chf-dcc 1
ddf-dcc 1
jah-dcc 1
fbb-dcc 1
di-dcc 1
gdi-dcc 1
heg-dcc 1
323
4
gda-dcd 1
gjc-dcd 1
cfg-dcd 1
cg-dcd 4
324
3
jef-dce 1
ebg-dce 1
cce-dce 5
325
5
bbja-dcf 1
fea-dcf 1
bhe-dcf 1
fce-dcf 3
cgb-dcf 1
326
3
jjj-dcg 3
dca-dcg 3
cd-dcg 1
327
4
eca-dch 3
jai-dch 1
bdgc-dch 1
dh-dch 2
328
4
ddg-dci 2
bcef-dci 2
ehi-dci 2
dae-dci 1
329
3
bde-dcj 5
jcg-dcj 1
begb-dcj 1
330
3
bjj-dda 3
dai-dda 1
cea-dda 3
331
5
bdge-ddb 1
ddd-ddb 3
bcea-ddb 1
bbdj-ddb 1
eig-ddb 1
332
5
bja-ddc 3
beg-ddc 1
ia-ddc 1
dac-ddc 1
bfjb-ddc 1
333
3
bci-ddd 2
hed-ddd 1
beef-ddd 4
334
7
fbe-dde 1
d-dde 1
bbj-dde 1
dbe-dde 1
ehd-dde 1
ejf-dde 1
ghh-dde 1
335
7
eb-ddf 1
id-ddf 1
eij-ddf 1
chf-ddf 1
jh-ddf 1
fcf-ddf 1
bei-ddf 1
336
3
cgc-ddg 2
cdi-ddg 2
eid-ddg 3
337
3
ech-ddh 2
ef-ddh 2
baa-ddh 3
338
5
cfa-ddi 1
fib-ddi 1
bjc-ddi 2
ehd-ddi 1
ef-ddi 2
339
5
ecg-ddj 2
ehi-ddj 1
dia-ddj 1
ihj-ddj 2
haa-ddj 1
340
6
ebe-dea 1
ief-dea 1
bgi-dea 1
dia-dea 1
edh-dea 1
ejd-dea 2
341
5
hjc-deb 1
hgj-deb 3
cbi-deb 1
hfg-deb 1
fei-deb 1
342
4
bfg-dec 1
bcgh-dec 4
bg-dec 1
fdc-dec 1
343
5
ihf-ded 2
jab-ded 1
gij-ded 1
ddc-ded 2
bdbb-ded 1
344
5
dhc-dee 1
fhb-dee 1
fji-dee 1
dej-dee 3
cia-dee 1
345
2
ceb-def 1
jfi-def 6
346
5
bceg-deg 1
fhd-deg 1
hia-deg 1
eec-deg 3
cdh-deg 1
347
3
iji-deh 2
dj-deh 1
ifa-deh 4
348
2
fif-dei 4
gjc-dei 3
349
4
bcah-dej 1
fda-dej 2
dif-dej 3
babg-dej 1
350
5
eai-dfa 1
ege-dfa 1
fie-dfa 1
hab-dfa 1
bfb-dfa 3
351
3
bde-dfb 3
ehb-dfb 3
e-dfb 1
352
7
fgg-dfc 1
eb-dfc 1
ca-dfc 1
ddc-dfc 1
fgj-dfc 1
ghb-dfc 1
cjc-dfc 1
353
5
bbae-dfd 3
bfcc-dfd 1
bga-dfd 1
idj-dfd 1
da-dfd 1
354
4
baac-dfe 1
ejd-dfe 1
ii-dfe 4
badc-dfe 1
355
4
ife-dff 4
hii-dff 1
gie-dff 1
heg-dff 1
356
3
dhf-dfg 1
cdj-dfg 5
eib-dfg 1
357
5
fee-dfh 1
beci-dfh 1
bbcb-dfh 1
fhb-dfh 3
hg-dfh 1
358
3
hgh-dfi 4
baac-dfi 1
egd-dfi 2
359
2
bbah-dfj 5
ejd-dfj 2
360
4
fff-dga 2
cb-dga 1
bcdg-dga 3
g-dga 1
361
2
bcae-dgb 6
cad-dgb 1
362
6
bdbb-dgc 1
fib-dgc 1
c-dgc 1
jja-dgc 1
jic-dgc 1
bc-dgc 2
363
7
bajj-dgd 1
bbjf-dgd 1
feh-dgd 1
ifb-dgd 1
ebc-dgd 1
cbc-dgd 1
badi-dgd 1
364
5
ef-dge 3
bccf-dge 1
hcj-dge 1
dc-dge 1
beaa-dge 1
365
3
bffd-dgf 4
bbba-dgf 1
jfj-dgf 2
366
2
dce-dgg 6
bg-dgg 1
367
2
idi-dgh 6
dff-dgh 1
368
3
bbf-dgi 3
ibf-dgi 3
deb-dgi 1
369
4
bea-dgj 2
bcab-dgj 2
gg-dgj 2
ghb-dgj 1
370
4
dij-dha 3
ecg-dha 2
jhi-dha 1
dji-dha 1
371
3
d-dhb 3
ebh-dhb 1
bajb-dhb 3
372
6
bdab-dhc 1
bbce-dhc 1
bbed-dhc 1
dfg-dhc 2
jii-dhc 1
dbg-dhc 1
373
6
baeg-dhd 2
dgh-dhd 1
ije-dhd 1
cdi-dhd 1
fhc-dhd 1
hfh-dhd 1
374
6
ehb-dhe 1
bbhb-dhe 1
dca-dhe 1
bbii-dhe 1
bbhi-dhe 1
ieg-dhe 2
375
4
baga-dhf 1
cjd-dhf 2
ebj-dhf 3
ich-dhf 1
376
4
begf-dhg 2
ida-dhg 1
bfe-dhg 3
beab-dhg 1
377
5
bbh-dhh 3
bbb-dhh 1
bdac-dhh 1
dgf-dhh 1
gbg-dhh 1
378
4
bcab-dhi 2
fjf-dhi 3
ebh-dhi 1
ihg-dhi 1
379
7
ecj-dhj 1
begh-dhj 1
idf-dhj 1
fce-dhj 1
ddj-dhj 1
idc-dhj 1
icc-dhj 1
380
3
ecg-dia 3
bdc-dia 1
hge-dia 3
381
4
bgg-dib 3
cfd-dib 1
ffd-dib 1
dhj-dib 2
382
5
fh-dic 2
jff-dic 1
ebi-dic 1
hhd-dic 1
edj-dic 2
383
5
bab-did 3
dhg-did 1
bgj-did 1
ccj-did 1
hid-did 1
384
5
baag-die 1
fig-die 1
fac-die 1
fea-die 1
jeb-die 3
385
1
bbdh-dif 7
386
3
edj-dig 4
fcd-dig 2
hih-dig 1
387
2
bbjg-dih 2
fdg-dih 5
388
2
bage-dii 6
bdeg-dii 1
389
5
bacf-dij 3
cga-dij 1
eai-dij 1
ici-dij 1
hhe-dij 1
390
2
bhe-dja 6
bdhi-dja 1
391
2
jjj-djb 5
eee-djb 2
392
3
ddi-djc 1
jaj-djc 2
dba-djc 4
393
4
ceb-djd 3
ifd-djd 1
cie-djd 1
bejh-djd 2
394
5
he-dje 1
beaj-dje 2
dbi-dje 1
bbj-dje 2
hag-dje 1
395
2
eha-djf 3
di-djf 4
396
5
hca-djg 1
bcc-djg 1
efi-djg 2
cji-djg 1
bceg-djg 2
397
7
djb-djh 1
ebi-djh 1
gdg-djh 1
gai-djh 1
beca-djh 1
cjc-djh 1
bdef-djh 1
398
4
hhj-dji 1
cic-dji 1
bahj-dji 4
cha-dji 1
399
6
caj-djj 1
jib-djj 1
egi-djj 1
dec-djj 2
dda-djj 1
bbc-djj 1
400
5
eji-eaa 3
bee-eaa 1
jbb-eaa 1
hjj-eaa 1
ghi-eaa 1
401
4
bdha-eab 2
bbga-eab 1
fh-eab 1
chi-eab 3
402
4
cej-eac 3
bagg-eac 1
jhi-eac 1
bcc-eac 2
403
4
dj-ead 3
chj-ead 1
caf-ead 2
dce-ead 1
404
4
gdc-eae 4
icb-eae 1
bic-eae 1
fhi-eae 1
405
3
fgj-eaf 2
jc-eaf 1
fde-eaf 4
406
5
hea-eag 1
cfa-eag 1
gff-eag 1
ca-eag 1
hgb-eag 3
407
4
eca-eah 2
bbcf-eah 1
gdj-eah 3
bcaj-eah 1
408
4
efh-eai 4
bbec-eai 1
ffa-eai 1
be-eai 1
409
3
jfa-eaj 1
eae-eaj 5
beec-eaj 1
410
6
bebc-eba 2
gih-eba 1
bjj-eba 1
bif-eba 1
feb-eba 1
cee-eba 1
411
7
iij-ebb 1
fff-ebb 1
ggb-ebb 1
beb-ebb 1
fac-ebb 1
ffd-ebb 1
ebg-ebb 1
412
2
ecb-ebc 5
baej-ebc 2
413
7
dgi-ebd 1
ejb-ebd 1
had-ebd 1
badb-ebd 1
bcce-ebd 1
cag-ebd 1
bdae-ebd 1
414
4
bfhc-ebe 3
ebb-ebe 1
ceb-ebe 2
df-ebe 1
415
2
bfd-ebf 6
fhf-ebf 1
416
3
ghg-ebg 2
dcf-ebg 1
fga-ebg 4
417
4
hdg-ebh 1
daf-ebh 3
icg-ebh 1
bahf-ebh 2
418
2
hfe-ebi 2
ebd-ebi 5
419
4
ghd-ebj 1
djj-ebj 4
jgc-ebj 1
ehi-ebj 1
420
4
jff-eca 1
jga-eca 4
dbf-eca 1
eh-eca 1
421
1
bchc-ecb 7
422
7
gce-ecc 1
idf-ecc 1
bdie-ecc 1
fbe-ecc 1
edi-ecc 1
babd-ecc 1
bdch-ecc 1
423
3
fba-ecd 3
dha-ecd 2
jfj-ecd 2
424
3
eaa-ece 5
ici-ece 1
ecd-ece 1
425
6
cib-ecf 1
dgb-ecf 1
eed-ecf 1
dc-ecf 1
dh-ecf 2
beh-ecf 1
426
3
bcca-ecg 1
dfa-ecg 5
fbc-ecg 1
427
4
dbh-ech 1
hcd-ech 1
jjc-ech 1
bajd-ech 4
428
4
hcg-eci 3
cei-eci 1
jac-eci 1
dh-eci 2
429
3
fbc-ecj 1
gbj-ecj 2
ihi-ecj 4
430
7
hbd-eda 1
igj-eda 1
eai-eda 1
dgb-eda 1
dhf-eda 1
bdcg-eda 1
bbdb-eda 1
431
6
ff-edb 1
jj-edb 1
iia-edb 1
gec-edb 2
gdd-edb 1
fb-edb 1
432
3
baa-edc 4
ihi-edc 1
ggi-edc 2
433
5
cbe-edd 2
gag-edd 1
dfa-edd 2
ebd-edd 1
bdh-edd 1
434
4
jbb-ede 2
ejb-ede 1
ffi-ede 3
jh-ede 1
435
6
bdag-edf 1
fah-edf 1
hba-edf 1
ci-edf 1
dic-edf 1
bdfe-edf 2
436
5
bgd-edg 3
ie-edg 1
cde-edg 1
jgh-edg 1
ggd-edg 1
437
5
cfj-edh 2
hcd-edh 1
bbgb-edh 1
beb-edh 2
dah-edh 1
438
7
egf-edi 1
gie-edi 1
cfj-edi 1
gah-edi 1
eja-edi 1
bda-edi 1
bjd-edi 1
439
3
cfb-edj 4
egf-edj 1
egj-edj 2
440
3
bgj-eea 5
gcc-eea 1
djh-eea 1
441
4
dec-eeb 3
hei-eeb 1
hgh-eeb 1
bab-eeb 2
442
4
hci-eec 3
cbe-eec 2
dge-eec 1
bha-eec 1
443
4
iaa-eed 2
fcg-eed 1
gcd-eed 1
jhc-eed 3
444
3
idg-eee 1
fgi-eee 1
chb-eee 5
445
5
bdcd-eef 3
bie-eef 1
dej-eef 1
jad-eef 1
bdg-eef 1
446
3
dji-eeg 2
bfc-eeg 4
badg-eeg 1
447
3
gbb-eeh 2
fbd-eeh 4
bcc-eeh 1
448
4
haj-eei 1
bih-eei 3
fii-eei 1
beed-eei 2
449
3
bcag-eej 1
bbif-eej 4
bcih-eej 2
450
6
ii-efa 1
hch-efa 1
jia-efa 1
bccg-efa 1
cbb-efa 1
dhd-efa 2
451
2
ehc-efb 3
bbgj-efb 4
452
4
hd-efc 3
ehd-efc 1
fdg-efc 2
bhh-efc 1
453
3
fei-efd 4
bbc-efd 2
iac-efd 1
454
2
bcdb-efe 3
ija-efe 4
455
5
fff-eff 3
bbed-eff 1
bjf-eff 1
jge-eff 1
hgf-eff 1
456
5
iib-efg 1
bcad-efg 2
bbj-efg 1
daf-efg 1
fii-efg 2
457
6
bbeg-efh 2
dci-efh 1
ded-efh 1
fde-efh 1
iic-efh 1
igc-efh 1
458
2
eec-efi 1
eed-efi 6
459
5
bbfa-efj 1
efe-efj 1
fje-efj 3
fhc-efj 1
bbca-efj 1
460
7
icf-ega 1
cbg-ega 1
jca-ega 1
bac-ega 1
bja-ega 1
cgd-ega 1
bbac-ega 1
461
6
bcdf-egb 2
cdg-egb 1
jg-egb 1
hic-egb 1
efi-egb 1
fdb-egb 1
462
1
ddc-egc 7
463
3
bdhg-egd 1
ebd-egd 3
cfa-egd 3
464
5
dib-ege 1
ifi-ege 1
dbb-ege 1
ecb-ege 1
fdb-ege 3
465
4
cha-egf 3
fge-egf 2
eae-egf 1
ifd-egf 1
466
5
ed-egg 2
die-egg 1
eaj-egg 1
jia-egg 1
idd-egg 2
467
3
gah-egh 5
cii-egh 1
iid-egh 1
468
3
efa-egi 1
hef-egi 5
cdi-egi 1
469
5
jj-egj 1
ibi-egj 2
baih-egj 1
jdg-egj 2
dbi-egj 1
470
5
cgh-eha 1
fgd-eha 2
bcbi-eha 2
bbi-eha 1
bjj-eha 1
471
2
hib-ehb 5
bfc-ehb 2
472
2
iad-ehc 5
cdh-ehc 2
473
4
hjj-ehd 3
hcb-ehd 1
bffb-ehd 2
dfd-ehd 1
474
3
hje-ehe 3
ibh-ehe 1
bebj-ehe 3
475
5
cac-ehf 1
fag-ehf 1
caa-ehf 1
jgj-ehf 3
hgh-ehf 1
476
3
bdgh-ehg 1
hda-ehg 4
edf-ehg 2
477
4
dad-ehh 3
gcc-ehh 1
had-ehh 1
ecf-ehh 2
478
3
bbeg-ehi 4
jfd-ehi 1
fef-ehi 2
479
4
baeh-ehj 2
eci-ehj 3
hbj-ehj 1
bcgj-ehj 1
480
4
ddb-eia 3
efb-eia 1
efc-eia 1
cjj-eia 2
481
4
dg-eib 2
bbbe-eib 3
iih-eib 1
bcji-eib 1
482
5
bdfb-eic 1
bfef-eic 1
fhi-eic 1
ebb-eic 3
befh-eic 1
483
4
bfhj-eid 1
bdg-eid 1
bddi-eid 1
hc-eid 4
484
3
ffj-eie 5
gbb-eie 1
baf-eie 1
485
1
fdf-eif 7
486
4
bfeh-eig 1
ede-eig 2
edi-eig 3
fdf-eig 1
487
5
cag-eih 1
daa-eih 1
jc-eih 2
ifi-eih 2
efh-eih 1
488
2
bgb-eii 5
bfdi-eii 2
489
4
jae-eij 2
ief-eij 1
dcc-eij 1
dfg-eij 3
490
3
iaj-eja 2
babi-eja 3
hej-eja 2
491
2
bhc-ejb 3
ibd-ejb 4
492
6
bcbe-ejc 2
gji-ejc 1
ggd-ejc 1
hgb-ejc 1
daj-ejc 1
eia-ejc 1
493
2
ige-ejd 6
iic-ejd 1
494
6
gic-eje 1
iei-eje 1
bfj-eje 2
ebj-eje 1
ege-eje 1
cif-eje 1
495
2
bgb-ejf 6
bfja-ejf 1
496
4
eb-ejg 4
ghb-ejg 1
chd-ejg 1
feg-ejg 1
497
4
egb-ejh 3
idi-ejh 1
bbi-ejh 1
iaa-ejh 2
498
5
cdd-eji 1
cgh-eji 2
dih-eji 2
d-eji 1
hfb-eji 1
499
2
hif-ejj 3
chf-ejj 4
500
3
dfb-faa 3
bbba-faa 1
ice-faa 3
501
1
dda-fab 7
502
5
bbii-fac 2
cbh-fac 2
hbc-fac 1
hdh-fac 1
cbi-fac 1
503
5
baei-fad 3
fgd-fad 1
cfh-fad 1
bdjg-fad 1
iej-fad 1
504
3
bdia-fae 3
baba-fae 2
fje-fae 2
505
3
ice-faf 3
hid-faf 1
bcja-faf 3
506
4
bahb-fag 2
hcd-fag 1
ggd-fag 1
dbf-fag 3
507
2
jbj-fah 6
bjf-fah 1
508
4
fdh-fai 1
eff-fai 2
badj-fai 3
bcj-fai 1
509
5
fgi-faj 2
ghi-faj 2
ggb-faj 1
ga-faj 1
bhe-faj 1
510
3
cdi-fba 3
dii-fba 1
bbdb-fba 3
511
4
jih-fbb 3
fid-fbb 1
geh-fbb 2
jgi-fbb 1
512
3
baag-fbc 4
ejh-fbc 2
eeg-fbc 1
513
5
jhc-fbd 1
eai-fbd 1
ejj-fbd 3
hej-fbd 1
bih-fbd 1
514
2
bceh-fbe 6
fgi-fbe 1
515
1
jbh-fbf 7
516
2
dff-fbg 5
edb-fbg 2
517
6
fdh-fbh 1
hca-fbh 2
fgb-fbh 1
bc-fbh 1
ib-fbh 1
bcjg-fbh 1
518
5
ebf-fbi 1
dcc-fbi 1
bjb-fbi 1
eah-fbi 3
cfg-fbi 1
519
5
fch-fbj 2
beig-fbj 2
ieg-fbj 1
hb-fbj 1
hdc-fbj 1
520
4
dce-fca 4
gaj-fca 1
bccg-fca 1
jib-fca 1
521
4
bhb-fcb 1
h-fcb 2
bcdf-fcb 2
hbb-fcb 2
522
4
bfca-fcc 4
gic-fcc 1
gbd-fcc 1
fjh-fcc 1
523
4
cba-fcd 2
hib-fcd 2
cae-fcd 1
ghf-fcd 2
524
3
baec-fce 1
gjh-fce 1
gia-fce 5
525
6
ehe-fcf 1
bff-fcf 1
baib-fcf 1
cce-fcf 2
ebi-fcf 1
cgf-fcf 1
526
3
bbe-fcg 3
bcah-fcg 3
gcc-fcg 1
527
7
cjb-fch 1
fcf-fch 1
beaj-fch 1
bcee-fch 1
ecb-fch 1
hfc-fch 1
eae-fch 1
528
7
fhg-fci 1
dfd-fci 1
dei-fci 1
bbea-fci 1
iei-fci 1
iba-fci 1
dfh-fci 1
529
6
fcg-fcj 2
ffb-fcj 1
ghc-fcj 1
heb-fcj 1
egd-fcj 1
hge-fcj 1
530
6
cfd-fda 1
gca-fda 1
bhi-fda 1
bhj-fda 1
edf-fda 1
bbbd-fda 2
531
4
eha-fdb 1
bcga-fdb 1
def-fdb 1
ccf-fdb 4
532
6
eg-fdc 2
bahi-fdc 1
dad-fdc 1
bbjb-fdc 1
cif-fdc 1
dhh-fdc 1
533
7
baif-fdd 1
dfb-fdd 1
baei-fdd 1
bfha-fdd 1
bei-fdd 1
eaf-fdd 1
edd-fdd 1
534
3
jj-fde 5
fih-fde 1
egb-fde 1
535
5
ibe-fdf 1
gdc-fdf 1
fdg-fdf 1
bade-fdf 2
cgg-fdf 2
536
5
bach-fdg 3
bdhg-fdg 1
gje-fdg 1
bhi-fdg 1
gbh-fdg 1
537
7
cdc-fdh 1
hjd-fdh 1
bcjh-fdh 1
gf-fdh 1
ffa-fdh 1
cjd-fdh 1
deb-fdh 1
538
2
jii-fdi 4
bh-fdi 3
539
2
bdfh-fdj 6
hbh-fdj 1
540
4
ee-fea 1
bceb-fea 2
bdcd-fea 2
bbia-fea 2
541
5
hgh-feb 1
dfh-feb 2
ih-feb 2
ieb-feb 1
ibd-feb 1
542
3
ffe-fec 3
bfcg-fec 1
bfij-fec 3
543
3
hdi-fed 2
bbhb-fed 1
fjd-fed 4
544
5
be-fee 1
bbaa-fee 2
ihf-fee 2
ecb-fee 1
fff-fee 1
545
5
dfe-fef 2
bdad-fef 1
je-fef 1
bfdg-fef 1
bbfh-fef 2
546
6
ijc-feg 1
bi-feg 1
bcgj-feg 1
ihh-feg 2
hgh-feg 1
bd-feg 1
547
5
djg-feh 2
bch-feh 1
hei-feh 1
chc-feh 1
bbdc-feh 2
548
3
begd-fei 3
bcgi-fei 1
eeg-fei 3
549
3
gcg-fej 4
dfe-fej 1
eji-fej 2
550
5
gch-ffa 2
bfef-ffa 1
dce-ffa 1
df-ffa 1
idb-ffa 2
551
6
dab-ffb 1
i-ffb 1
cfd-ffb 2
jfe-ffb 1
ica-ffb 1
gda-ffb 1
552
3
hbb-ffc 2
bdj-ffc 1
bgc-ffc 4
553
3
dij-ffd 3
eia-ffd 2
jaf-ffd 2
554
2
hdc-ffe 5
baba-ffe 2
555
7
baae-fff 1
hfd-fff 1
fgj-fff 1
jbf-fff 1
chc-fff 1
baj-fff 1
edi-fff 1
557
2
e-ffh 5
fja-ffh 2
558
4
fed-ffi 2
cdj-ffi 1
bcdd-ffi 2
cif-ffi 2
559
4
gih-ffj 2
gfi-ffj 2
dfd-ffj 1
baid-ffj 2
560
6
cie-fga 1
bbhg-fga 2
eae-fga 1
igi-fga 1
bhe-fga 1
gei-fga 1
561
3
dba-fgb 5
eei-fgb 1
gff-fgb 1
562
4
bagf-fgc 4
cjb-fgc 1
dgd-fgc 1
dbd-fgc 1
563
5
dij-fgd 2
bfic-fgd 1
bfff-fgd 1
ffa-fgd 1
fb-fgd 2
564
2
ibf-fge 2
gjf-fge 5
565
1
ha-fgf 7
566
1
ice-fgg 7
567
3
jcf-fgh 3
jjf-fgh 2
dbh-fgh 2
568
3
bcbi-fgi 4
eeh-fgi 1
dfg-fgi 2
569
3
ghj-fgj 4
egh-fgj 2
bdc-fgj 1
570
3
bfig-fha 3
bfi-fha 2
fhc-fha 2
571
6
beeb-fhb 1
beaa-fhb 1
bajf-fhb 1
feb-fhb 1
hfe-fhb 1
bfcb-fhb 2
572
6
hch-fhc 1
bfed-fhc 2
cba-fhc 1
bgea-fhc 1
ijj-fhc 1
bbi-fhc 1
573
4
dea-fhd 1
dgi-fhd 1
hic-fhd 4
cih-fhd 1
574
4
ebh-fhe 2
dic-fhe 3
hci-fhe 1
gge-fhe 1
575
1
gad-fhf 7
576
4
jbb-fhg 4
da-fhg 1
bbfh-fhg 1
fjc-fhg 1
577
1
cba-fhh 7
578
4
idd-fhi 4
bja-fhi 1
jcb-fhi 1
bcgj-fhi 1
579
4
ii-fhj 1
fag-fhj 1
bgde-fhj 2
gaj-fhj 3
580
2
hga-fia 2
gcc-fia 5
581
2
fgb-fib 6
gjb-fib 1
582
5
ijd-fic 1
hgg-fic 1
bgaj-fic 3
cif-fic 1
cea-fic 1
583
4
gif-fid 2
bbaa-fid 2
cih-fid 2
hh-fid 1
584
2
efe-fie 3
bccf-fie 4
585
3
ibj-fif 3
bfcg-fif 3
gge-fif 1
586
4
ejg-fig 3
eib-fig 1
dec-fig 1
bfj-fig 2
587
3
bcc-fih 4
ed-fih 2
id-fih 1
588
4
gde-fii 4
bcfh-fii 1
bagb-fii 1
haf-fii 1
589
3
ebj-fij 2
bdfi-fij 2
fdf-fij 3
590
3
edj-fja 5
bhf-fja 1
cih-fja 1
591
7
gcg-fjb 1
bggb-fjb 1
hc-fjb 1
hae-fjb 1
gef-fjb 1
caa-fjb 1
egg-fjb 1
592
5
baee-fjc 1
cie-fjc 1
hdf-fjc 2
bcff-fjc 2
dbg-fjc 1
593
2
ecc-fjd 2
cif-fjd 5
594
4
hdj-fje 2
fba-fje 1
hci-fje 2
bbac-fje 2
595
3
bahg-fjf 5
jhf-fjf 1
fhc-fjf 1
596
2
bhg-fjg 3
bcfe-fjg 4
597
4
ddd-fjh 2
g-fjh 1
baij-fjh 3
babb-fjh 1
598
7
cdf-fji 1
iga-fji 1
bddi-fji 1
ejc-fji 1
ehf-fji 1
jbi-fji 1
bgb-fji 1
599
3
bbg-fjj 4
gj-fjj 2
ddi-fjj 1
600
4
gbb-gaa 2
gjf-gaa 2
gie-gaa 1
bacj-gaa 2
601
2
gdh-gab 2
ca-gab 5
602
1
cca-gac 7
603
6
jjh-gad 1
hij-gad 2
bdfe-gad 1
bf-gad 1
cdf-gad 1
bjc-gad 1
604
7
ghc-gae 1
ceb-gae 1
eig-gae 1
jci-gae 1
hca-gae 1
bd-gae 1
bfi-gae 1
605
1
bjh-gaf 7
606
4
dff-gag 3
dgc-gag 2
bahg-gag 1
jij-gag 1
607
5
iaf-gah 2
cjc-gah 1
cdd-gah 1
ici-gah 1
fac-gah 2
608
2
gff-gai 2
daa-gai 5
609
4
di-gaj 1
ccf-gaj 1
bcde-gaj 1
iae-gaj 4
610
4
fdi-gba 4
hgc-gba 1
bbib-gba 1
bbge-gba 1
611
6
eja-gbb 1
dhf-gbb 1
efh-gbb 1
bfjj-gbb 1
becb-gbb 2
cgb-gbb 1
612
5
bej-gbc 2
baab-gbc 1
hb-gbc 1
bbhc-gbc 1
bbh-gbc 2
613
3
bbcd-gbd 5
cg-gbd 1
fcb-gbd 1
614
1
bgfd-gbe 7
615
4
bdcf-gbf 2
bbeh-gbf 1
fgd-gbf 2
ccj-gbf 2
616
4
dga-gbg 2
bbcb-gbg 1
dhh-gbg 1
hhb-gbg 3
617
3
ejj-gbh 2
dje-gbh 4
ff-gbh 1
618
7
bacg-gbi 1
ifc-gbi 1
cfd-gbi 1
ej-gbi 1
dib-gbi 1
bbeh-gbi 1
dbi-gbi 1
619
4
gch-gbj 2
jej-gbj 1
bbfi-gbj 3
eaa-gbj 1
620
2
haj-gca 6
hbg-gca 1
621
3
cab-gcb 3
bfbd-gcb 1
jca-gcb 3
622
7
bafc-gcc 1
ejb-gcc 1
bbii-gcc 1
baad-gcc 1
gaj-gcc 1
cdh-gcc 1
baee-gcc 1
623
2
bbjd-gcd 6
egf-gcd 1
624
3
fai-gce 5
bdfi-gce 1
dhb-gce 1
625
3
daf-gcf 1
baii-gcf 2
cgj-gcf 4
626
3
ijg-gcg 1
chg-gcg 4
hgd-gcg 2
627
4
bdc-gch 3
eja-gch 1
fjh-gch 1
cih-gch 2
628
5
bga-gci 1
ghh-gci 1
igb-gci 1
gid-gci 3
cea-gci 1
629
2
ebb-gcj 5
ged-gcj 2
630
2
ihh-gda 5
bdcf-gda 2
631
4
cb-gdb 4
bdci-gdb 1
bbg-gdb 1
eah-gdb 1
632
5
cah-gdc 1
babf-gdc 1
igj-gdc 2
gbe-gdc 1
ifc-gdc 2
633
4
dgb-gdd 3
bcag-gdd 1
hfi-gdd 2
efh-gdd 1
634
3
baeb-gde 3
cdd-gde 2
gba-gde 2
635
4
gfe-gdf 4
bhc-gdf 1
bchf-gdf 1
hjh-gdf 1
636
4
hag-gdg 4
bddj-gdg 1
bajh-gdg 1
db-gdg 1
637
3
bdfd-gdh 4
jci-gdh 1
if-gdh 2
638
1
jcc-gdi 7
639
3
gjg-gdj 5
dib-gdj 1
cei-gdj 1
640
5
edi-gea 1
cda-gea 2
jh-gea 2
dea-gea 1
eaa-gea 1
641
4
eff-geb 4
begg-geb 1
hfa-geb 1
hhd-geb 1
642
2
ffc-gec 6
ihd-gec 1
643
1
bdbj-ged 7
644
1
dda-gee 7
645
4
bdgj-gef 1
gfh-gef 1
dfi-gef 1
gij-gef 4
646
4
cie-geg 2
bfcj-geg 3
baaa-geg 1
gaj-geg 1
647
4
iai-geh 2
jg-geh 2
gah-geh 1
bjh-geh 2
648
3
daf-gei 5
ffa-gei 1
iba-gei 1
649
5
cab-gej 2
hgi-gej 1
bge-gej 1
fec-gej 1
gda-gej 2
650
2
bgeg-gfa 2
hbc-gfa 5
651
4
jhj-gfb 2
g-gfb 1
gfj-gfb 3
bcbi-gfb 1
652
4
bche-gfc 1
baha-gfc 1
ccf-gfc 1
bcb-gfc 4
653
3
gch-gfd 4
bdbg-gfd 2
hjb-gfd 1
654
3
bif-gfe 5
hfa-gfe 1
baci-gfe 1
655
7
egf-gff 1
jbi-gff 1
ehe-gff 1
hh-gff 1
bga-gff 1
idi-gff 1
eci-gff 1
656
3
chc-gfg 3
jaj-gfg 2
bahh-gfg 2
657
4
bi-gfh 2
ffb-gfh 3
jaj-gfh 1
iga-gfh 1
658
2
ech-gfi 4
becd-gfi 3
659
1
bdba-gfj 7
660
3
gbc-gga 2
bhe-gga 2
hhe-gga 3
661
3
igf-ggb 2
bee-ggb 3
eae-ggb 2
662
2
bgae-ggc 5
id-ggc 2
663
3
djj-ggd 4
jhh-ggd 2
igd-ggd 1
664
7
ifg-gge 1
efd-gge 1
ehc-gge 1
bfid-gge 1
eeb-gge 1
gaj-gge 1
bdc-gge 1
665
4
bcdj-ggf 1
hab-ggf 4
jfj-ggf 1
feh-ggf 1
666
4
bih-ggg 1
dij-ggg 2
caf-ggg 3
die-ggg 1
667
1
cab-ggh 7
668
3
cbc-ggi 2
bfc-ggi 1
cgh-ggi 4
670
4
bfgj-gha 1
gdh-gha 2
ifc-gha 1
gii-gha 3
671
6
idb-ghb 1
bbff-ghb 1
ccg-ghb 1
bgae-ghb 1
bbfg-ghb 1
bgef-ghb 2
672
6
beid-ghc 2
begg-ghc 1
fhi-ghc 1
bch-ghc 1
fea-ghc 1
cib-ghc 1
673
3
did-ghd 3
bae-ghd 2
egj-ghd 2
674
2
ggg-ghe 5
ccb-ghe 2
675
1
ggb-ghf 7
676
3
cej-ghg 2
dhh-ghg 2
fhb-ghg 3
677
3
cbc-ghh 4
fdi-ghh 1
bacj-ghh 2
678
3
cic-ghi 1
hai-ghi 1
daf-ghi 5
679
5
bcbc-ghj 1
fcd-ghj 1
eig-ghj 1
hec-ghj 3
fdb-ghj 1
680
4
egg-gia 1
ccg-gia 1
hbf-gia 2
ied-gia 3
681
2
cic-gib 4
bbhf-gib 3
682
5
dhi-gic 1
bbga-gic 1
fed-gic 1
gge-gic 2
bjc-gic 2
683
1
cjj-gid 7
684
2
ici-gie 6
iih-gie 1
685
5
bcdi-gif 3
jea-gif 1
hge-gif 1
bcig-gif 1
gdf-gif 1
686
4
cec-gig 1
ijf-gig 3
bbe-gig 2
gj-gig 1
687
5
die-gih 1
baai-gih 2
badc-gih 1
fic-gih 1
bbfb-gih 2
688
3
ib-gii 1
cgf-gii 1
baab-gii 5
689
5
ehf-gij 1
bei-gij 1
ibd-gij 2
ehh-gij 2
fgh-gij 1
690
1
ecd-gja 7
691
1
ebc-gjb 7
692
5
hg-gjc 1
ca-gjc 1
behb-gjc 1
gbe-gjc 1
hji-gjc 3
693
1
gad-gjd 7
694
3
b-gje 5
bbdf-gje 1
bhc-gje 1
695
3
dig-gjf 2
ieg-gjf 2
hdh-gjf 3
696
6
egg-gjg 1
behg-gjg 1
bdda-gjg 1
bfb-gjg 1
dci-gjg 1
bbic-gjg 2
697
3
cje-gjh 5
dfd-gjh 1
cbg-gjh 1
698
1
bbgf-gji 7
699
3
fbi-gjj 4
iii-gjj 1
hhe-gjj 2
700
3
bcea-haa 4
dbe-haa 1
bjj-haa 2
701
3
gc-hab 5
fij-hab 1
bcfg-hab 1
702
3
gdb-hac 4
bcbg-hac 1
gid-hac 2
703
1
iec-had 7
704
6
bbic-hae 1
chi-hae 1
fac-hae 2
hea-hae 1
idb-hae 1
ije-hae 1
705
5
bbcd-haf 1
cdd-haf 1
jji-haf 3
gic-haf 1
jda-haf 1
706
6
dfg-hag 1
beje-hag 2
ecj-hag 1
hje-hag 1
dic-hag 1
bcgb-hag 1
707
2
fda-hah 5
efj-hah 2
708
2
bfh-hai 5
hfh-hai 2
709
1
bdjj-haj 7
710
2
bega-hba 6
bdbi-hba 1
711
4
fac-hbb 3
eee-hbb 1
cgj-hbb 2
cfb-hbb 1
712
2
ffc-hbc 6
jdg-hbc 1
713
5
eij-hbd 3
bcbd-hbd 1
bdff-hbd 1
bei-hbd 1
iah-hbd 1
714
2
fc-hbe 3
fji-hbe 4
715
3
jf-hbf 4
dga-hbf 2
fcf-hbf 1
716
5
jh-hbg 1
egh-hbg 2
bdjf-hbg 1
ife-hbg 2
gde-hbg 1
717
3
babe-hbh 3
ci-hbh 2
dbj-hbh 2
718
2
jfh-hbi 6
egd-hbi 1
719
2
bedf-hbj 6
jge-hbj 1
720
6
ead-hca 1
hcf-hca 1
ibe-hca 2
g-hca 1
cib-hca 1
jid-hca 1
721
4
jba-hcb 1
bahd-hcb 2
bdfa-hcb 2
ffe-hcb 2
722
2
iee-hcc 3
cie-hcc 4
723
3
bdhb-hcd 4
bgi-hcd 2
jee-hcd 1
724
6
ejf-hce 1
bchf-hce 1
bde-hce 1
beaf-hce 2
eab-hce 1
dha-hce 1
725
5
b-hcf 1
bbae-hcf 1
cih-hcf 1
hhc-hcf 1
gad-hcf 3
726
4
ibf-hcg 1
baed-hcg 3
ja-hcg 1
jjg-hcg 2
727
4
ghe-hch 2
jcb-hch 1
gdg-hch 1
fci-hch 3
728
5
baef-hci 1
fbf-hci 3
geh-hci 1
bdff-hci 1
ggi-hci 1
729
4
ejb-hcj 3
bbgd-hcj 1
eec-hcj 1
jd-hcj 2
730
5
eda-hda 2
dec-hda 1
ffb-hda 1
idc-hda 1
ea-hda 2
731
4
fei-hdb 1
jh-hdb 1
bfhg-hdb 4
bejg-hdb 1
732
6
cbi-hdc 1
bdac-hdc 1
befb-hdc 1
jbf-hdc 1
gig-hdc 1
cej-hdc 2
733
3
bcf-hdd 3
bdg-hdd 1
cih-hdd 3
734
2
bbjf-hde 3
jfh-hde 4
735
5
bbha-hdf 1
dci-hdf 1
gbh-hdf 1
bcfg-hdf 2
fad-hdf 2
736
3
dac-hdg 3
eba-hdg 3
fjc-hdg 1
737
2
fec-hdh 2
ihb-hdh 5
738
3
beah-hdi 3
iae-hdi 1
bic-hdi 3
739
4
jbj-hdj 1
haa-hdj 1
eci-hdj 1
bci-hdj 4
740
7
fdf-hea 1
djb-hea 1
bdfd-hea 1
cb-hea 1
jjg-hea 1
bcji-hea 1
befg-hea 1
741
2
fab-heb 5
icg-heb 2
742
4
bdda-hec 1
fai-hec 4
bdhc-hec 1
bfjg-hec 1
743
3
bcbg-hed 4
ffe-hed 2
bfei-hed 1
744
3
gbf-hee 3
bfhd-hee 3
ijb-hee 1
745
3
bfch-hef 5
beg-hef 1
bjd-hef 1
746
3
bcdd-heg 3
fid-heg 1
ceb-heg 3
747
4
hii-heh 3
ggc-heh 1
ed-heh 1
dcb-heh 2
748
3
fad-hei 3
if-hei 1
ie-hei 3
749
4
gcc-hej 1
ccd-hej 3
cec-hej 1
bgbd-hej 2
750
4
dgc-hfa 3
befe-hfa 1
jhg-hfa 2
jga-hfa 1
751
4
egc-hfb 3
icd-hfb 2
gc-hfb 1
bff-hfb 1
752
3
gjh-hfc 2
gab-hfc 1
bcdc-hfc 4
753
4
eih-hfd 3
ddc-hfd 1
bcec-hfd 2
bad-hfd 1
754
3
gac-hfe 2
ejg-hfe 2
bahd-hfe 3
755
3
hge-hff 4
bacc-hff 1
bbci-hff 2
756
3
gfd-hfg 1
ij-hfg 5
bbac-hfg 1
757
4
ihf-hfh 2
ede-hfh 1
eci-hfh 2
bbaj-hfh 2
758
2
beih-hfi 5
eci-hfi 2
759
3
jfc-hfj 5
gaa-hfj 1
bfhi-hfj 1
760
2
bbg-hga 4
fdb-hga 3
761
5
dfj-hgb 3
bccd-hgb 1
gcc-hgb 1
bdf-hgb 1
hfc-hgb 1
762
4
dej-hgc 1
hje-hgc 4
fea-hgc 1
fia-hgc 1
763
2
bedb-hgd 2
bbfa-hgd 5
764
3
beff-hge 5
efg-hge 1
jdc-hge 1
765
4
bafe-hgf 4
icd-hgf 1
bci-hgf 1
fea-hgf 1
766
2
ehf-hgg 6
ddc-hgg 1
767
2
dej-hgh 6
deg-hgh 1
768
4
cdb-hgi 4
hah-hgi 1
baja-hgi 1
baai-hgi 1
770
5
ihj-hha 1
ii-hha 2
baad-hha 1
bi-hha 1
hdd-hha 2
771
4
gfa-hhb 1
dfa-hhb 1
bbaa-hhb 3
bbaj-hhb 2
772
3
beff-hhc 1
eia-hhc 5
fhc-hhc 1
773
2
bdec-hhd 4
gaa-hhd 3
774
5
eff-hhe 2
gja-hhe 2
dji-hhe 1
fcd-hhe 1
bdfa-hhe 1
775
3
ed-hhf 5
bafj-hhf 1
bcf-hhf 1
776
4
dgd-hhg 1
ga-hhg 1
hbb-hhg 1
bcd-hhg 4
777
2
ebd-hhh 6
haa-hhh 1
778
1
bdci-hhi 7
779
6
jec-hhj 1
hie-hhj 1
chi-hhj 1
cbg-hhj 2
bfag-hhj 1
beb-hhj 1
780
3
jdd-hia 4
bbie-hia 1
dbf-hia 2
781
2
bbi-hib 5
bbfb-hib 2
782
4
bgcf-hic 1
dcc-hic 1
chh-hic 4
dhd-hic 1
783
1
bgdg-hid 7
784
2
bjg-hie 6
bgbb-hie 1
785
3
ggc-hif 4
cii-hif 1
fje-hif 2
786
3
gb-hig 5
che-hig 1
fig-hig 1
787
4
ddh-hih 2
iaf-hih 1
bfg-hih 1
bdbe-hih 3
788
4
cgi-hii 1
fej-hii 2
jaj-hii 1
djb-hii 3
789
6
bbbd-hij 1
jff-hij 2
fj-hij 1
hag-hij 1
bji-hij 1
dif-hij 1
790
2
gbd-hja 5
fae-hja 2
791
3
cfh-hjb 2
bde-hjb 1
cbb-hjb 4
792
6
ifd-hjc 2
hbi-hjc 1
bbfi-hjc 1
gaj-hjc 1
bfhe-hjc 1
hcc-hjc 1
793
2
bbd-hjd 1
fef-hjd 6
794
2
fgj-hje 6
bdja-hje 1
795
3
beji-hjf 4
edj-hjf 2
gid-hjf 1
796
6
eda-hjg 1
gci-hjg 1
cfa-hjg 1
jgg-hjg 1
jdh-hjg 2
gdj-hjg 1
797
2
bcg-hjh 4
caj-hjh 3
798
2
hfj-hji 3
bba-hji 4
799
7
bace-hjj 1
cjf-hjj 1
fe-hjj 1
beea-hjj 1
fgd-hjj 1
gah-hjj 1
bgc-hjj 1
800
6
eef-iaa 2
cij-iaa 1
dhc-iaa 1
ead-iaa 1
deb-iaa 1
jcg-iaa 1
801
3
cdh-iab 5
ech-iab 1
bdbh-iab 1
802
3
hia-iac 5
hbi-iac 1
eic-iac 1
803
4
cba-iad 1
dd-iad 3
cgd-iad 2
d-iad 1
804
5
cdf-iae 1
bcd-iae 1
cib-iae 1
fjd-iae 1
cjg-iae 3
805
4
ejf-iaf 4
ecj-iaf 1
gjf-iaf 1
jd-iaf 1
806
4
bage-iag 2
ihd-iag 3
ejg-iag 1
begg-iag 1
807
2
fei-iah 3
dad-iah 4
808
4
gf-iai 1
jh-iai 4
dje-iai 1
beja-iai 1
809
3
gci-iaj 1
bddg-iaj 1
gbh-iaj 5
810
5
bbba-iba 2
bafb-iba 1
bcb-iba 1
ejb-iba 2
bbbj-iba 1
811
2
bead-ibb 6
iha-ibb 1
812
2
bbgf-ibc 4
egb-ibc 3
813
2
bgcj-ibd 5
bdhd-ibd 2
814
2
bbcc-ibe 6
fba-ibe 1
815
3
dje-ibf 5
dih-ibf 1
bffh-ibf 1
816
4
fhg-ibg 2
efj-ibg 3
bafg-ibg 1
ceb-ibg 1
817
3
bahj-ibh 3
babb-ibh 3
eja-ibh 1
818
4
fdi-ibi 3
fii-ibi 1
bjc-ibi 2
jib-ibi 1
819
4
dfd-ibj 1
bbdb-ibj 1
hae-ibj 4
bbcd-ibj 1
820
4
bcfh-ica 1
becf-ica 1
jde-ica 3
dgi-ica 2
821
3
hfi-icb 5
fhj-icb 1
fib-icb 1
823
5
hj-icd 2
hcd-icd 1
jaa-icd 1
eig-icd 1
jaj-icd 2
824
3
ehd-ice 5
jfh-ice 1
hgi-ice 1
825
4
cih-icf 1
fce-icf 3
dbb-icf 1
bcha-icf 2
826
3
gcg-icg 2
bjj-icg 3
bcdi-icg 2
827
1
beei-ich 7
828
3
jc-ici 4
cj-ici 1
dfa-ici 2
829
2
jie-icj 3
hbe-icj 4
830
3
bcfd-ida 4
hee-ida 1
bhf-ida 2
831
6
cdh-idb 2
fce-idb 1
jcb-idb 1
cii-idb 1
ghi-idb 1
bach-idb 1
832
3
gjg-idc 2
iij-idc 2
djj-idc 3
833
4
bbah-idd 1
bfda-idd 2
fj-idd 3
fih-idd 1
834
1
fgc-ide 7
835
5
dh-idf 3
dii-idf 1
bajg-idf 1
jhi-idf 1
efa-idf 1
836
4
ic-idg 2
bagf-idg 3
dhd-idg 1
bfi-idg 1
837
1
gdg-idh 7
838
5
hhc-idi 1
baeh-idi 2
ech-idi 1
bgfa-idi 1
bbdd-idi 2
839
3
bcc-idj 2
bgf-idj 3
fdj-idj 2
840
4
bij-iea 4
chb-iea 1
bebf-iea 1
eeb-iea 1
841
3
fhb-ieb 2
bbie-ieb 3
bdaj-ieb 2
842
4
hfg-iec 1
iff-iec 3
hfh-iec 2
bbca-iec 1
843
4
jac-ied 2
bbid-ied 1
bche-ied 1
hhb-ied 3
844
3
bdcd-iee 4
efc-iee 2
baje-iee 1
845
4
bbah-ief 1
bfc-ief 1
ea-ief 3
hag-ief 2
846
5
ebg-ieg 1
idd-ieg 1
hcd-ieg 1
fjj-ieg 3
ffh-ieg 1
847
4
bge-ieh 3
bjg-ieh 1
caj-ieh 1
bchj-ieh 2
848
5
bcgb-iei 1
behf-iei 1
dbf-iei 2
efg-iei 1
hgi-iei 2
849
2
bbh-iej 5
bdi-iej 2
850
5
bbbi-ifa 1
bdih-ifa 1
hcf-ifa 1
ccc-ifa 3
bdbe-ifa 1
851
2
dfh-ifb 5
bagh-ifb 2
852
6
ejj-ifc 1
jid-ifc 1
cee-ifc 1
gfa-ifc 2
bchg-ifc 1
fdj-ifc 1
853
4
bbhd-ifd 2
ijh-ifd 2
cf-ifd 2
bah-ifd 1
854
3
dad-ife 1
hjf-ife 1
bbdj-ife 5
855
5
fb-iff 3
bjb-iff 1
efe-iff 1
jgf-iff 1
cgi-iff 1
856
3
be-ifg 1
jci-ifg 5
bgeb-ifg 1
857
3
baga-ifh 3
cid-ifh 1
baai-ifh 3
858
2
badf-ifi 3
bcci-ifi 4
859
1
chb-ifj 7
860
2
gfj-iga 4
ebb-iga 3
861
2
gb-igb 4
cif-igb 3
862
3
gh-igc 4
eaf-igc 1
bcgi-igc 2
863
3
ggg-igd 4
hfd-igd 1
ife-igd 2
864
3
dbj-ige 4
dbi-ige 1
hjc-ige 2
865
1
egi-igf 7
866
1
babd-igg 7
867
1
hag-igh 7
868
3
bbg-igi 4
bcbj-igi 2
gag-igi 1
869
4
dde-igj 2
gih-igj 1
bdie-igj 2
jba-igj 2
870
4
hgf-iha 2
jfa-iha 1
bcdj-iha 1
bbfe-iha 3
871
1
bbcj-ihb 7
872
3
ehj-ihc 3
eba-ihc 1
jfd-ihc 3
873
4
bbdd-ihd 3
bgei-ihd 2
behh-ihd 1
fj-ihd 1
874
3
hdj-ihe 2
hdg-ihe 4
hdi-ihe 1
875
5
cfb-ihf 1
bbad-ihf 1
ijj-ihf 1
bfcc-ihf 3
eh-ihf 1
876
4
gij-ihg 1
bcj-ihg 3
cdj-ihg 2
gbf-ihg 1
877
3
gih-ihh 1
cib-ihh 2
eef-ihh 4
878
5
jg-ihi 3
bdgf-ihi 1
bebh-ihi 1
hdb-ihi 1
gjh-ihi 1
879
2
cef-ihj 5
caf-ihj 2
880
3
fid-iia 4
hfh-iia 1
fgb-iia 2
881
5
baeb-iib 1
id-iib 1
bafa-iib 3
chd-iib 1
cfb-iib 1
882
4
iie-iic 3
jje-iic 2
gfa-iic 1
fag-iic 1
883
2
ffa-iid 3
iae-iid 4
884
5
bec-iie 2
jee-iie 1
bejf-iie 1
bgc-iie 1
cbb-iie 2
885
2
hif-iif 3
bbei-iif 4
886
2
hjb-iig 4
hcg-iig 3
887
1
hbj-iih 7
888
1
bbib-iii 7
889
1
baaa-iij 7
890
2
iaa-ija 6
dbj-ija 1
891
1
ega-ijb 7
892
2
bcij-ijc 6
cgi-ijc 1
893
3
beda-ijd 5
hfi-ijd 1
gdh-ijd 1
894
4
gda-ije 4
beef-ije 1
bef-ije 1
bbbj-ije 1
895
2
bj-ijf 5
hei-ijf 2
896
2
ig-ijg 5
behi-ijg 2
897
2
bii-ijh 5
hhg-ijh 2
898
1
gd-iji 7
899
2
cff-ijj 1
iaf-ijj 6
900
2
jbg-jaa 3
bbjh-jaa 4
901
2
gbe-jab 3
baej-jab 4
902
5
ghg-jac 1
ibb-jac 1
bgg-jac 2
hca-jac 2
ejj-jac 1
903
2
djc-jad 1
bcij-jad 6
904
2
bbih-jae 3
cja-jae 4
905
2
bgd-jaf 3
bdig-jaf 4
906
3
bdij-jag 5
cg-jag 1
cbc-jag 1
907
4
baia-jah 3
bchh-jah 2
fie-jah 1
bcif-jah 1
908
5
bbbg-jai 3
efa-jai 1
gbj-jai 1
hah-jai 1
bffi-jai 1
909
2
iic-jaj 2
ebd-jaj 5
910
3
gej-jba 4
bdef-jba 1
cgd-jba 2
911
2
dhg-jbb 6
gjc-jbb 1
912
2
jca-jbc 6
gbg-jbc 1
913
3
bfad-jbd 3
dij-jbd 1
bgh-jbd 3
914
2
de-jbe 6
fbj-jbe 1
915
4
bedi-jbf 2
cc-jbf 1
gfg-jbf 2
hai-jbf 2
916
4
bjd-jbg 1
bdid-jbg 4
baie-jbg 1
ehd-jbg 1
917
3
bji-jbh 1
dbd-jbh 1
babf-jbh 5
918
2
bdcc-jbi 6
hai-jbi 1
919
4
jhb-jbj 4
daa-jbj 1
hdc-jbj 1
ejd-jbj 1
920
4
jfg-jca 2
jde-jca 1
idf-jca 3
fdh-jca 1
921
4
faj-jcb 1
ihh-jcb 1
gae-jcb 1
hhf-jcb 4
922
3
fej-jcc 4
gfb-jcc 1
fjg-jcc 2
923
4
hgh-jcd 3
bagh-jcd 2
jcc-jcd 1
ied-jcd 1
924
1
bafi-jce 7
925
3
djc-jcf 1
ghe-jcf 3
igj-jcf 3
926
3
cfj-jcg 2
babe-jcg 4
ggg-jcg 1
928
6
bfbf-jci 2
gih-jci 1
fb-jci 1
hhe-jci 1
beia-jci 1
fch-jci 1
930
3
bgdf-jda 4
cjb-jda 2
bdig-jda 1
931
5
cgf-jdb 1
jji-jdb 1
jhc-jdb 3
bbaj-jdb 1
hge-jdb 1
932
3
jc-jdc 3
gdh-jdc 3
hbh-jdc 1
933
3
dhc-jdd 2
ffh-jdd 3
dic-jdd 2
934
5
bi-jde 2
ha-jde 2
baad-jde 1
bcjb-jde 1
bdgi-jde 1
936
7
dhj-jdg 1
fbf-jdg 1
cjh-jdg 1
gea-jdg 1
ibi-jdg 1
bhb-jdg 1
bh-jdg 1
937
1
ea-jdh 7
939
4
ja-jdj 3
eic-jdj 2
dhb-jdj 1
jfj-jdj 1
940
1
ije-jea 7
941
1
jad-jeb 7
942
5
dae-jec 3
ehc-jec 1
bdfg-jec 1
badg-jec 1
bgb-jec 1
943
1
djc-jed 7
944
4
cfg-jee 2
ej-jee 1
ceg-jee 1
hjb-jee 3
945
5
badj-jef 2
beh-jef 2
bbfe-jef 1
bbje-jef 1
fad-jef 1
946
2
baib-jeg 6
bbj-jeg 1
947
3
ddj-jeh 1
bafe-jeh 2
bgdb-jeh 4
948
1
eff-jei 7
949
3
ehb-jej 4
fgj-jej 1
dch-jej 2
950
4
iec-jfa 4
bhe-jfa 1
chb-jfa 1
fdj-jfa 1
951
3
bbdb-jfb 5
cge-jfb 1
ebb-jfb 1
952
3
cgh-jfc 2
jgb-jfc 2
egb-jfc 3
953
2
fbd-jfd 6
babc-jfd 1
954
4
bcif-jfe 4
egf-jfe 1
c-jfe 1
bfgb-jfe 1
955
2
egg-jff 6
bfeb-jff 1
956
3
bccb-jfg 2
fic-jfg 2
ega-jfg 3
957
5
ddc-jfh 1
eij-jfh 1
gfb-jfh 1
fdf-jfh 2
bffj-jfh 2
958
4
eib-jfi 3
befa-jfi 1
dii-jfi 2
bbj-jfi 1
959
5
bcaj-jfj 1
jfa-jfj 3
bdhe-jfj 1
bcc-jfj 1
eac-jfj 1
960
4
bfab-jga 1
bfcd-jga 3
fdf-jga 1
bagg-jga 2
961
1
ecd-jgb 7
962
5
babj-jgc 2
bba-jgc 2
ibd-jgc 1
ied-jgc 1
cfa-jgc 1
963
1
ghb-jgd 7
964
5
gbf-jge 1
bagf-jge 1
dda-jge 1
bedj-jge 2
bcgj-jge 2
965
5
hhj-jgf 1
fjd-jgf 1
bhg-jgf 1
fbf-jgf 3
i-jgf 1
966
3
cfd-jgg 2
bajc-jgg 3
heh-jgg 2
967
2
dfc-jgh 2
jcb-jgh 5
968
2
iae-jgi 5
gjf-jgi 2
970
3
jia-jha 1
ghd-jha 2
bea-jha 4
971
1
ejg-jhb 7
972
4
ced-jhc 1
hei-jhc 4
eej-jhc 1
gga-jhc 1
973
2
geb-jhd 2
gba-jhd 5
974
3
bbai-jhe 4
jih-jhe 2
jae-jhe 1
975
3
behe-jhf 2
fch-jhf 1
bajj-jhf 4
976
2
fbi-jhg 6
hde-jhg 1
977
3
gab-jhh 3
bfia-jhh 3
gej-jhh 1
978
2
bcj-jhi 4
bagi-jhi 3
979
1
eei-jhj 7
980
6
ddg-jia 1
baac-jia 1
bje-jia 1
bded-jia 1
baca-jia 2
ecc-jia 1
981
4
iac-jib 2
bab-jib 1
gda-jib 1
bjf-jib 3
982
2
igj-jic 2
hff-jic 5
983
3
bdgd-jid 2
cag-jid 1
jff-jid 4
984
3
hdb-jie 5
baih-jie 1
cij-jie 1
985
3
dge-jif 3
hah-jif 3
bb-jif 1
986
3
gha-jig 4
bafi-jig 2
bbe-jig 1
987
3
gfi-jih 3
jhi-jih 3
bfa-jih 1
988
4
cei-jii 1
ddf-jii 1
bjh-jii 1
ihe-jii 4
989
2
ge-jij 2
bah-jij 5
990
1
idh-jja 7
991
6
hja-jjb 1
bdi-jjb 1
jif-jjb 2
ieg-jjb 1
cjc-jjb 1
ihg-jjb 1
992
3
bcgb-jjc 1
jbg-jjc 5
jhg-jjc 1
993
1
daj-jjd 7
994
4
badd-jje 3
bbcg-jje 1
ej-jje 1
baig-jje 2
995
2
ccf-jjf 2
hja-jjf 5
996
2
gfc-jjg 3
efa-jjg 4
997
1
geh-jjh 7
998
1
hef-jji 7
999
3
edg-jjj 2
baea-jjj 4
bcci-jjj 1
1000
1
fgi-baaa 7
1001
5
ifd-baab 3
efi-baab 1
bbdf-baab 1
jeg-baab 1
bc-baab 1
1002
2
jbh-baac 1
hig-baac 6
1003
4
jcd-baad 1
ceb-baad 1
bbbh-baad 1
ehj-baad 4
1004
2
dib-baae 4
eje-baae 3
1005
2
baae-baaf 6
bdej-baaf 1
1006
5
beja-baag 1
jci-baag 3
fc-baag 1
ffj-baag 1
cdc-baag 1
1007
1
baef-baah 7
1008
4
igj-baai 3
dgd-baai 2
bacb-baai 1
baha-baai 1
1009
1
ceb-baaj 7
1010
4
jdf-baba 2
ehi-baba 1
dfi-baba 1
bbfb-baba 3
1011
3
djh-babb 5
ggi-babb 1
edh-babb 1
1012
4
jga-babc 1
if-babc 2
baif-babc 1
beag-babc 3
1013
2
gec-babd 1
dfe-babd 6
1014
4
ije-babe 1
ebj-babe 1
dbj-babe 1
cjc-babe 4
1015
2
begj-babf 5
ceg-babf 2
1016
2
bdhd-babg 6
beba-babg 1
1017
2
baia-babh 4
cbg-babh 3
1018
3
cdb-babi 3
gd-babi 2
baij-babi 2
1019
3
fdc-babj 5
bbcg-babj 1
bfib-babj 1
1020
1
igh-baca 7
1021
6
jhb-bacb 1
bgbj-bacb 1
bcje-bacb 1
jg-bacb 1
heb-bacb 2
jce-bacb 1
1022
3
hbc-bacc 5
gdb-bacc 1
feg-bacc 1
1023
1
jgf-bacd 7
1024
2
bbcd-bace 5
dhb-bace 2
1025
1
ifd-bacf 7
1026
2
bgdb-bacg 6
cja-bacg 1
1027
3
fdd-bach 2
baag-bach 1
bih-bach 4
1028
1
ejc-baci 7
1029
3
ibj-bacj 4
bada-bacj 1
iha-bacj 2
1030
4
hej-bada 3
gdb-bada 1
bbcf-bada 1
ecj-bada 2
1031
3
bdf-badb 3
dcd-badb 2
bddf-badb 2
1032
3
ifg-badc 3
hfg-badc 1
cad-badc 3
1033
3
bcac-badd 4
gh-badd 2
jc-badd 1
1034
1
ega-bade 7
1035
1
fgh-badf 7
1036
2
bbbf-badg 6
jhi-badg 1
1037
2
fhe-badh 6
bbgj-badh 1
1038
2
bbdi-badi 5
ghg-badi 2
1039
4
ff-badj 2
ijj-badj 3
bbhf-badj 1
bjf-badj 1
1040
3
cid-baea 4
jgg-baea 2
hdd-baea 1
1041
4
fd-baeb 3
iag-baeb 1
bbaf-baeb 1
bdcj-baeb 2
1042
4
hbg-baec 3
jha-baec 2
ccb-baec 1
jaa-baec 1
1043
1
djc-baed 7
1044
1
baeg-baee 7
1045
4
gj-baef 2
efd-baef 2
bdbf-baef 2
fi-baef 1
1046
4
jdc-baeg 2
bcef-baeg 3
hhd-baeg 1
baic-baeg 1
1047
2
dfd-baeh 5
ihg-baeh 2
1048
4
bagg-baei 1
bcig-baei 1
bhc-baei 4
chj-baei 1
1049
2
bdfj-baej 2
bbhh-baej 5
1050
5
hgc-bafa 2
jdj-bafa 1
babe-bafa 1
dgj-bafa 1
cff-bafa 2
1051
4
gdg-bafb 1
bcji-bafb 2
baah-bafb 3
bbbd-bafb 1
1052
4
hii-bafc 3
gfg-bafc 2
bbef-bafc 1
jce-bafc 1
1053
2
fei-bafd 5
cfa-bafd 2
1054
2
fdd-bafe 5
bgf-bafe 2
1055
2
bfif-baff 6
hcj-baff 1
1056
1
fdd-bafg 7
1057
1
jbd-bafh 7
1058
3
bag-bafi 5
bhj-bafi 1
chi-bafi 1
1059
2
hef-bafj 6
bcag-bafj 1
1060
2
ded-baga 4
bbag-baga 3
1061
1
fhb-bagb 7
1062
1
gie-bagc 7
1063
3
ibg-bagd 5
hgd-bagd 1
beg-bagd 1
1064
3
babh-bage 4
jhf-bage 2
jfb-bage 1
1065
2
bgd-bagf 6
bede-bagf 1
1066
4
baie-bagg 4
fcb-bagg 1
bbgh-bagg 1
hgb-bagg 1
1067
5
gje-bagh 2
eab-bagh 1
cde-bagh 1
cgf-bagh 1
ijg-bagh 2
1068
1
bcac-bagi 7
1069
3
bgj-bagj 2
jhd-bagj 4
bad-bagj 1
1070
2
bgcc-baha 6
bcgf-baha 1
1071
1
bgah-bahb 7
1072
1
hbg-bahc 7
1073
6
dbb-bahd 1
efa-bahd 1
behd-bahd 1
bcgf-bahd 1
dii-bahd 2
beij-bahd 1
1074
1
bcdi-bahe 7
1075
2
bagd-bahf 6
ffi-bahf 1
1076
2
bgc-bahg 5
gjc-bahg 2
1077
4
bahg-bahh 1
jab-bahh 1
hea-bahh 3
bedg-bahh 2
1078
4
ghc-bahi 3
ia-bahi 1
ceh-bahi 2
hab-bahi 1
1079
1
fbe-bahj 7
1080
3
bgg-baia 1
gaf-baia 4
jif-baia 2
1081
2
iac-baib 3
hih-baib 4
1082
3
iaa-baic 3
bcgg-baic 1
babi-baic 3
1083
2
bejd-baid 6
ib-baid 1
1084
5
bade-baie 1
bai-baie 1
efc-baie 3
iaf-baie 1
chg-baie 1
1085
1
jcb-baif 7
1086
4
jgh-baig 3
ihc-baig 2
hif-baig 1
edd-baig 1
1087
5
gcf-baih 3
bbgd-baih 1
bcej-baih 1
becj-baih 1
eea-baih 1
1088
1
bbab-baii 7
1089
3
bha-baij 1
bfh-baij 1
ife-baij 5
1090
4
bif-baja 3
bcfj-baja 1
cdh-baja 2
cgg-baja 1
1091
3
bafj-bajb 1
ji-bajb 5
bdfg-bajb 1
1092
2
dhb-bajc 1
bbae-bajc 6
1093
4
edc-bajd 3
hha-bajd 1
hhg-bajd 1
bfjc-bajd 2
1094
4
gfi-baje 1
hhe-baje 1
bdab-baje 1
iej-baje 4
1095
5
jeb-bajf 1
eca-bajf 1
jcd-bajf 1
bcje-bajf 3
bbgi-bajf 1
1096
2
fi-bajg 6
cgf-bajg 1
1097
2
hba-bajh 4
bia-bajh 3
1098
2
bhf-baji 5
baje-baji 2
1099
3
bajf-bajj 3
eci-bajj 1
ejh-bajj 3
1100
3
bcfa-bbaa 3
ghb-bbaa 2
beeg-bbaa 2
1101
1
bbfc-bbab 7
1102
4
dce-bbac 2
bejd-bbac 2
iif-bbac 1
fed-bbac 2
1103
2
jbh-bbad 4
bbag-bbad 3
1104
6
eah-bbae 1
hg-bbae 2
bcfc-bbae 1
bgba-bbae 1
gc-bbae 1
gid-bbae 1
1105
2
eff-bbaf 6
hhg-bbaf 1
1106
1
gff-bbag 7
1107
4
beci-bbah 4
fhe-bbah 1
bfjh-bbah 1
cja-bbah 1
1108
2
bdch-bbai 1
bhj-bbai 6
1109
1
ich-bbaj 7
1110
5
babb-bbba 1
hde-bbba 3
cgd-bbba 1
hdb-bbba 1
jid-bbba 1
1111
1
hed-bbbb 7
1113
4
bbh-bbbd 3
baec-bbbd 1
bgab-bbbd 1
icb-bbbd 2
1114
3
dhj-bbbe 3
bccj-bbbe 3
bcc-bbbe 1
1115
3
faj-bbbf 2
gej-bbbf 4
cef-bbbf 1
1116
2
ief-bbbg 5
icb-bbbg 2
1117
2
ehg-bbbh 3
bagc-bbbh 4
1118
2
bac-bbbi 4
gee-bbbi 3
1119
3
big-bbbj 3
bgdj-bbbj 1
bahe-bbbj 3
1120
2
bdd-bbca 4
jcc-bbca 3
1121
5
jfd-bbcb 1
djj-bbcb 1
iee-bbcb 2
hih-bbcb 1
fbc-bbcb 2
1122
2
bgf-bbcc 2
hbd-bbcc 5
1123
3
baii-bbcd 4
gje-bbcd 1
jjd-bbcd 2
1124
2
gde-bbce 6
iff-bbce 1
1125
2
fhc-bbcf 5
bbae-bbcf 2
1126
3
fcg-bbcg 1
bdid-bbcg 5
ccj-bbcg 1
1127
1
icb-bbch 7
1128
2
bie-bbci 5
babh-bbci 2
1129
2
hee-bbcj 5
bbbb-bbcj 2
1130
3
ehh-bbda 2
jde-bbda 2
bbji-bbda 3
1131
5
bbf-bbdb 2
bfdj-bbdb 1
hjj-bbdb 1
ifa-bbdb 1
idc-bbdb 2
1132
1
jh-bbdc 7
1133
5
bci-bbdd 2
gid-bbdd 1
fgh-bbdd 2
eii-bbdd 1
beb-bbdd 1
1134
1
jif-bbde 7
1135
3
gbc-bbdf 4
gbi-bbdf 1
baed-bbdf 2
1136
3
bgdc-bbdg 5
bhc-bbdg 1
bid-bbdg 1
1137
3
bcjd-bbdh 5
ghb-bbdh 1
eef-bbdh 1
1138
3
bcba-bbdi 5
baee-bbdi 1
hbh-bbdi 1
1139
1
ghi-bbdj 7
1140
2
cga-bbea 6
df-bbea 1
1141
5
bffc-bbeb 1
bbae-bbeb 3
bbde-bbeb 1
ji-bbeb 1
ihd-bbeb 1
1142
2
cai-bbec 5
bcie-bbec 2
1143
1
jc-bbed 7
1144
1
bdee-bbee 7
1145
4
badd-bbef 4
ce-bbef 1
fjf-bbef 1
fjb-bbef 1
1146
3
eca-bbeg 4
bgbc-bbeg 2
bcjg-bbeg 1
1147
2
eg-bbeh 3
ghj-bbeh 4
1148
2
eif-bbei 5
gej-bbei 2
1149
3
fci-bbej 4
bcbb-bbej 2
fja-bbej 1
1150
1
bacc-bbfa 7
1151
5
ghj-bbfb 3
bbgg-bbfb 1
fgd-bbfb 1
bdah-bbfb 1
baji-bbfb 1
1152
2
ibh-bbfc 6
bfej-bbfc 1
1153
4
ebc-bbfd 4
eaa-bbfd 1
bdje-bbfd 1
bdcj-bbfd 1
1154
2
bbgi-bbfe 4
chg-bbfe 3
1155
6
bdjd-bbff 2
dbh-bbff 1
jig-bbff 1
hg-bbff 1
ihi-bbff 1
fcc-bbff 1
1156
4
bcjh-bbfg 2
bfee-bbfg 1
eee-bbfg 3
fea-bbfg 1
1157
3
gec-bbfh 2
bbjg-bbfh 1
efd-bbfh 4
1158
3
bfhb-bbfi 3
bace-bbfi 3
bbej-bbfi 1
1159
4
cje-bbfj 4
ifc-bbfj 1
cbc-bbfj 1
babh-bbfj 1
1160
2
jbc-bbga 6
eji-bbga 1
1161
3
hi-bbgb 3
jff-bbgb 3
hgd-bbgb 1
1162
1
bafa-bbgc 7
1163
1
bgag-bbgd 7
1164
4
eb-bbge 1
ihg-bbge 4
bbff-bbge 1
ddd-bbge 1
1165
1
fcj-bbgf 7
1166
4
bcde-bbgg 1
bdai-bbgg 1
ca-bbgg 3
gfh-bbgg 2
1167
1
bbei-bbgh 7
1168
4
bfi-bbgi 3
jab-bbgi 2
jgi-bbgi 1
bdgi-bbgi 1
1169
3
eah-bbgj 4
bbcj-bbgj 1
bejh-bbgj 2
1170
2
begi-bbha 6
fbe-bbha 1
1171
2
djd-bbhb 6
iec-bbhb 1
1172
2
cbh-bbhc 2
bca-bbhc 5
1173
4
bdb-bbhd 2
j-bbhd 2
ece-bbhd 2
bced-bbhd 1
1174
4
gfe-bbhe 1
bbgb-bbhe 1
id-bbhe 4
fh-bbhe 1
1175
3
dia-bbhf 4
bfec-bbhf 2
baif-bbhf 1
1177
2
bcjf-bbhh 2
beee-bbhh 5
1178
2
bfge-bbhi 6
hgi-bbhi 1
1180
3
edb-bbia 5
ei-bbia 1
ij-bbia 1
1181
1
bdi-bbib 7
1182
2
iab-bbic 6
befc-bbic 1
1183
1
bbdd-bbid 7
1184
3
bbhj-bbie 2
def-bbie 3
dee-bbie 2
1185
2
dcj-bbif 5
bij-bbif 2
1186
1
cig-bbig 7
1187
2
gc-bbih 6
bfd-bbih 1
1188
2
bfgf-bbii 5
jhc-bbii 2
1189
2
bbdf-bbij 3
beci-bbij 4
1190
2
bacb-bbja 5
fec-bbja 2
1191
2
gje-bbjb 3
ffj-bbjb 4
1192
3
bbha-bbjc 3
ii-bbjc 1
bhc-bbjc 3
1193
1
jig-bbjd 7
1194
1
cbd-bbje 7
1195
4
jbg-bbjf 2
fcj-bbjf 1
dji-bbjf 3
haj-bbjf 1
1196
3
hjb-bbjg 4
bbfe-bbjg 1
bagj-bbjg 2
1197
2
jih-bbjh 3
bcjb-bbjh 4
1198
3
bch-bbji 5
hhi-bbji 1
ijh-bbji 1
1199
1
cig-bbjj 7
1200
2
bgb-bcaa 5
bbie-bcaa 2
1201
4
jjj-bcab 1
dfi-bcab 4
bchi-bcab 1
gce-bcab 1
1202
3
hac-bcac 1
had-bcac 5
fa-bcac 1
1203
3
hcd-bcad 3
bgcb-bcad 1
bdf-bcad 3
1204
2
ibg-bcae 4
bdaj-bcae 3
1205
2
bbha-bcaf 6
bcda-bcaf 1
1206
2
babb-bcag 4
bgch-bcag 3
1207
1
eed-bcah 7
1208
1
bbcj-bcai 7
1209
1
bbji-bcaj 7
1210
2
gfc-bcba 5
ejb-bcba 2
1211
3
die-bcbb 2
bdbj-bcbb 1
hag-bcbb 4
1212
5
dbe-bcbc 1
ef-bcbc 1
bbai-bcbc 3
bafj-bcbc 1
bcij-bcbc 1
1213
1
baca-bcbd 7
1214
2
gda-bcbe 5
bdd-bcbe 2
1215
2
igc-bcbf 2
bged-bcbf 5
1216
3
dbh-bcbg 5
iea-bcbg 1
behc-bcbg 1
1217
1
bhg-bcbh 7
1218
3
jcf-bcbi 5
jdd-bcbi 1
bfcf-bcbi 1
1219
3
bcch-bcbj 3
hjj-bcbj 1
hgc-bcbj 3
1220
4
behj-bcca 4
fb-bcca 1
bdhj-bcca 1
jfe-bcca 1
1221
2
cid-bccb 2
egb-bccb 5
1222
1
edj-bccc 7
1223
3
behg-bccd 5
ced-bccd 1
bfed-bccd 1
1224
2
eci-bcce 6
iib-bcce 1
1225
2
bajb-bccf 3
bfhd-bccf 4
1226
2
badf-bccg 6
begg-bccg 1
1227
1
hjg-bcch 7
1228
2
hjd-bcci 6
bcae-bcci 1
1229
6
bdeb-bccj 2
gbe-bccj 1
hci-bccj 1
dci-bccj 1
bg-bccj 1
cfg-bccj 1
1230
3
dh-bcda 2
ijd-bcda 3
beii-bcda 2
1231
3
baci-bcdb 4
bddd-bcdb 2
bbeb-bcdb 1
1232
4
bcj-bcdc 2
ghb-bcdc 3
bccd-bcdc 1
bfga-bcdc 1
1233
3
bdid-bcdd 2
bagh-bcdd 1
bbfh-bcdd 4
1234
5
baji-bcde 1
bcha-bcde 1
beje-bcde 1
gic-bcde 2
cba-bcde 2
1235
1
bbef-bcdf 7
1236
3
chc-bcdg 4
jje-bcdg 2
hjc-bcdg 1
1237
1
faf-bcdh 7
1238
2
cfg-bcdi 5
hee-bcdi 2
1239
1
fdb-bcdj 7
1240
1
becb-bcea 7
1241
2
bfcf-bceb 6
idj-bceb 1
1242
1
dgj-bcec 7
1243
1
bcjd-bced 7
1244
5
bdca-bcee 2
ffd-bcee 1
bdja-bcee 2
iai-bcee 1
ejh-bcee 1
1245
2
fbb-bcef 1
fbj-bcef 6
1246
1
cca-bceg 7
1247
2
bbdf-bceh 4
bdae-bceh 3
1248
1
bci-bcei 7
1249
3
gif-bcej 4
jfh-bcej 1
ef-bcej 2
1250
2
jfh-bcfa 5
djh-bcfa 2
1252
2
jbj-bcfc 2
cig-bcfc 5
1253
2
beie-bcfd 2
idg-bcfd 5
1254
1
jh-bcfe 7
1255
4
begg-bcff 3
iie-bcff 2
ddd-bcff 1
hfh-bcff 1
1256
1
fjj-bcfg 7
1257
1
egd-bcfh 7
1258
1
ihe-bcfi 7
1259
4
cig-bcfj 1
ibc-bcfj 2
bchb-bcfj 3
jii-bcfj 1
1260
1
ghc-bcga 7
1261
2
eai-bcgb 6
jae-bcgb 1
1262
2
bahc-bcgc 3
beih-bcgc 4
1264
3
bddi-bcge 3
bgh-bcge 3
baih-bcge 1
1265
1
bbga-bcgf 7
1266
2
bfhf-bcgg 6
beej-bcgg 1
1267
2
bdjg-bcgh 1
cbj-bcgh 6
1268
4
hce-bcgi 1
bfh-bcgi 1
fca-bcgi 3
bge-bcgi 2
1269
3
bdbg-bcgj 4
beae-bcgj 1
bfci-bcgj 2
1270
1
deh-bcha 7
1271
2
hhd-bchb 2
bdfj-bchb 5
1272
2
cej-bchc 6
bdb-bchc 1
1273
2
jbd-bchd 5
bdaf-bchd 2
1274
2
becg-bche 1
gcd-bche 6
1275
2
bfag-bchf 5
hdj-bchf 2
1276
4
bebi-bchg 2
hhj-bchg 2
idc-bchg 2
hga-bchg 1
1277
5
bcjb-bchh 3
hhi-bchh 1
bcjj-bchh 1
bbij-bchh 1
cjb-bchh 1
1278
2
bcdj-bchi 2
ifh-bchi 5
1279
1
jcd-bchj 7
1280
5
hhg-bcia 1
baid-bcia 2
ibc-bcia 2
hid-bcia 1
bgec-bcia 1
1281
4
dde-bcib 1
bfgd-bcib 1
bdcc-bcib 3
bje-bcib 2
1283
1
bede-bcid 7
1284
3
bebd-bcie 2
bbgh-bcie 2
eic-bcie 3
1285
2
bdjb-bcif 6
jhh-bcif 1
1286
1
fae-bcig 7
1287
1
cae-bcih 7
1288
3
bafh-bcii 4
jeh-bcii 1
cga-bcii 2
1289
1
ebd-bcij 7
1290
3
ica-bcja 1
hhd-bcja 2
bbfi-bcja 4
1291
2
bcaa-bcjb 6
dba-bcjb 1
1292
2
bbaf-bcjc 2
bbdg-bcjc 5
1293
1
hdf-bcjd 7
1294
1
bbfh-bcje 7
1295
3
bdjc-bcjf 3
bedc-bcjf 3
dde-bcjf 1
1296
1
eii-bcjg 7
1297
1
dch-bcjh 7
1298
2
dg-bcji 6
ida-bcji 1
1299
2
bfgi-bcjj 6
fig-bcjj 1
1300
3
gcj-bdaa 3
eba-bdaa 1
edh-bdaa 3
1301
2
iji-bdab 5
bdib-bdab 2
1302
2
gba-bdac 2
cgb-bdac 5
1303
2
dja-bdad 5
ch-bdad 2
1304
2
bahi-bdae 3
bbif-bdae 4
1305
1
ga-bdaf 7
1306
1
badg-bdag 7
1307
2
beeg-bdah 4
ibd-bdah 3
1308
2
bajh-bdai 3
baij-bdai 4
1309
2
je-bdaj 6
hed-bdaj 1
1310
1
bbch-bdba 7
1311
1
jeh-bdbb 7
1312
1
bcgf-bdbc 7
1314
1
hh-bdbe 7
1315
1
hf-bdbf 7
1316
3
hdj-bdbg 1
bfii-bdbg 5
ddc-bdbg 1
1317
1
jhg-bdbh 7
1318
2
bfbc-bdbi 4
dbc-bdbi 3
1319
4
gid-bdbj 1
bbci-bdbj 3
dhe-bdbj 2
jfa-bdbj 1
1320
1
fej-bdca 7
1321
2
cii-bdcb 3
ibj-bdcb 4
1322
2
bdhf-bdcc 6
iig-bdcc 1
1323
2
bbcb-bdcd 5
bdgd-bdcd 2
1324
1
jfc-bdce 7
1325
1
faa-bdcf 7
1326
1
bce-bdcg 7
1327
2
hgc-bdch 6
cac-bdch 1
1328
2
ci-bdci 6
efh-bdci 1
1329
2
jjc-bdcj 5
feb-bdcj 2
1330
2
bebj-bdda 2
efh-bdda 5
1333
2
bcbf-bddd 1
daa-bddd 6
1334
2
jif-bdde 6
bid-bdde 1
1335
3
bbbg-bddf 4
bbcc-bddf 1
gig-bddf 2
1336
1
badj-bddg 7
1337
1
bffa-bddh 7
1338
1
fjg-bddi 7
1339
3
bcaf-bddj 1
bj-bddj 2
bbbe-bddj 4
1340
1
dc-bdea 7
1341
2
bdif-bdeb 6
jaf-bdeb 1
1342
4
bfaf-bdec 2
cca-bdec 1
ida-bdec 1
bfeg-bdec 3
1343
2
bbbi-bded 6
befd-bded 1
1344
3
bcie-bdee 2
gii-bdee 1
cgc-bdee 4
1345
2
hbe-bdef 6
bbeg-bdef 1
1346
3
bgfb-bdeg 4
iai-bdeg 1
hdh-bdeg 2
1347
2
ecj-bdeh 6
cfc-bdeh 1
1348
1
bccd-bdei 7
1349
2
bfaa-bdej 3
jag-bdej 4
1350
3
bje-bdfa 4
hdb-bdfa 1
jjf-bdfa 2
1351
2
ijg-bdfb 6
icf-bdfb 1
1352
1
hdc-bdfc 7
1353
2
bec-bdfd 4
efb-bdfd 3
1354
2
bfeg-bdfe 5
gdf-bdfe 2
1355
1
jga-bdff 7
1356
2
bib-bdfg 4
bdic-bdfg 3
1357
2
bacc-bdfh 4
bege-bdfh 3
1358
2
becc-bdfi 3
jcf-bdfi 4
1359
3
bbjf-bdfj 1
cdf-bdfj 5
hae-bdfj 1
1360
4
bafa-bdga 3
ihf-bdga 1
ehh-bdga 1
begc-bdga 2
1361
2
hig-bdgb 3
bead-bdgb 4
1362
2
bcbd-bdgc 1
eba-bdgc 6
1363
2
gbc-bdgd 4
gga-bdgd 3
1364
1
baej-bdge 7
1365
3
gdb-bdgf 5
bfbe-bdgf 1
fcc-bdgf 1
1366
1
fbh-bdgg 7
1367
2
ghj-bdgh 6
eea-bdgh 1
1368
2
bdj-bdgi 4
bdjb-bdgi 3
1369
1
bgdi-bdgj 7
1370
3
gfj-bdha 1
daj-bdha 3
behi-bdha 3
1371
2
hbh-bdhb 1
haf-bdhb 6
1372
2
bahg-bdhc 1
jei-bdhc 6
1373
2
bcbg-bdhd 4
bae-bdhd 3
1374
4
ecc-bdhe 2
bagb-bdhe 1
baia-bdhe 1
jjj-bdhe 3
1375
2
bcdh-bdhf 6
bfae-bdhf 1
1376
1
efd-bdhg 7
1377
1
bdfd-bdhh 7
1378
3
ccf-bdhi 2
ihe-bdhi 1
hb-bdhi 4
1379
1
iah-bdhj 7
1380
2
jgg-bdia 5
bgff-bdia 2
1381
1
bcfi-bdib 7
1382
1
hhg-bdic 7
1383
1
beh-bdid 7
1384
1
igc-bdie 7
1385
2
f-bdif 6
fgc-bdif 1
1386
2
bajc-bdig 2
bdge-bdig 5
1387
1
ijf-bdih 7
1388
2
fbg-bdii 6
cch-bdii 1
1389
1
fbg-bdij 7
1390
2
bdeb-bdja 2
bbhb-bdja 5
1391
1
bchd-bdjb 7
1392
2
ifh-bdjc 3
bfbb-bdjc 4
1393
1
eca-bdjd 7
1394
3
cge-bdje 3
bacj-bdje 1
bbjb-bdje 3
1395
1
jig-bdjf 7
1396
1
bdef-bdjg 7
1397
2
baj-bdjh 4
bfdf-bdjh 3
1398
2
egb-bdji 6
bej-bdji 1
1399
1
bccf-bdjj 7
1400
2
bcfj-beaa 5
eeb-beaa 2
1401
2
baai-beab 2
bdde-beab 5
1403
2
bib-bead 4
bafg-bead 3
1404
1
bdch-beae 7
1405
1
geb-beaf 7
1406
1
cci-beag 7
1407
2
bgfc-beah 6
bche-beah 1
1408
1
ida-beai 7
1409
2
dea-beaj 4
bcea-beaj 3
1410
3
bfg-beba 2
bbcb-beba 3
bbf-beba 2
1411
1
bgf-bebb 7
1412
1
bbah-bebc 7
1413
2
bejj-bebd 4
babc-bebd 3
1414
1
bccd-bebe 7
1415
2
bbfj-bebf 5
ghb-bebf 2
1416
1
idj-bebg 7
1417
2
dag-bebh 1
bbgc-bebh 6
1418
1
fad-bebi 7
1419
1
bbec-bebj 7
1420
2
ddg-beca 3
jjf-beca 4
1421
2
bcg-becb 5
bfbj-becb 2
1422
2
bcc-becc 1
haf-becc 6
1423
2
bbii-becd 5
fba-becd 2
1424
1
fii-bece 7
1425
2
fed-becf 6
hce-becf 1
1426
1
bagi-becg 7
1427
1
dfj-bech 7
1428
1
bbgj-beci 7
1429
2
bdbi-becj 6
hec-becj 1
1430
3
bfhh-beda 3
cbd-beda 1
bc-beda 3
1431
1
bebd-bedb 7
1432
2
bfaj-bedc 4
baic-bedc 3
1433
1
ceg-bedd 7
1434
2
bbda-bede 5
hf-bede 2
1435
2
ebh-bedf 6
djf-bedf 1
1436
1
jbg-bedg 7
1437
2
bgai-bedh 5
baha-bedh 2
1438
2
bfba-bedi 4
iib-bedi 3
1439
1
igd-bedj 7
1441
2
hcf-beeb 5
bbee-beeb 2
1442
1
jba-beec 7
1443
3
becd-beed 4
bfih-beed 2
dgj-beed 1
1444
2
hhc-beee 2
eff-beee 5
1445
2
icf-beef 1
hhf-beef 6
1446
2
he-beeg 6
bdeb-beeg 1
1447
1
bdgc-beeh 7
1448
1
bdcg-beei 7
1449
1
cge-beej 7
1450
2
ebe-befa 2
cbc-befa 5
1451
1
babd-befb 7
1452
1
bchf-befc 7
1453
3
dci-befd 4
chj-befd 2
iia-befd 1
1454
1
fif-befe 7
1455
2
fid-beff 6
hc-beff 1
1456
1
bah-befg 7
1457
1
heh-befh 7
1458
1
bahf-befi 7
1459
1
bdgc-befj 7
1460
1
gca-bega 7
1461
1
iie-begb 7
1462
2
bgad-begc 2
ghf-begc 5
1463
1
bdgi-begd 7
1464
2
babb-bege 4
bdci-bege 3
1466
2
ifb-begg 4
bfai-begg 3
1467
1
eac-begh 7
1468
1
cff-begi 7
1469
2
bbfb-begj 6
eef-begj 1
1470
3
bebd-beha 5
hcj-beha 1
cji-beha 1
1471
1
bfdh-behb 7
1472
1
ifa-behc 7
1473
1
eda-behd 7
1474
3
bgaa-behe 1
ihd-behe 5
baja-behe 1
1475
1
hdf-behf 7
1476
1
iei-behg 7
1477
1
bcgg-behh 7
1478
2
bgde-behi 6
bjh-behi 1
1479
3
dbd-behj 2
ihb-behj 1
dcd-behj 4
1480
1
ffd-beia 7
1481
1
bdaj-beib 7
1482
3
dg-beic 4
ec-beic 2
bbb-beic 1
1483
2
bdje-beid 5
iai-beid 2
1484
1
cgc-beie 7
1485
3
hfb-beif 4
cii-beif 1
gab-beif 2
1486
2
bedd-beig 6
baf-beig 1
1487
2
dcc-beih 6
ijd-beih 1
1488
1
cbe-beii 7
1489
2
che-beij 3
bah-beij 4
1490
1
cid-beja 7
1491
1
bace-bejb 7
1493
1
badc-bejd 7
1494
1
baag-beje 7
1495
1
jhi-bejf 7
1496
2
bcag-bejg 6
cha-bejg 1
1497
1
bdaa-bejh 7
1498
2
dcf-beji 3
ifa-beji 4
1499
1
cdg-bejj 7
1500
2
ccd-bfaa 4
bhf-bfaa 3
1501
1
fbi-bfab 7
1503
1
jhc-bfad 7
1504
3
ecc-bfae 3
bfah-bfae 1
bai-bfae 3
1505
2
bedh-bfaf 6
hbb-bfaf 1
1506
2
bdad-bfag 6
jai-bfag 1
1507
1
jbf-bfah 7
1508
1
bcaj-bfai 7
1509
1
bcjd-bfaj 7
1510
1
bdgg-bfba 7
1511
1
hda-bfbb 7
1512
1
ijd-bfbc 7
1513
3
bbjd-bfbd 4
dcg-bfbd 1
fia-bfbd 2
1514
1
behh-bfbe 7
1515
2
efe-bfbf 5
bdga-bfbf 2
1516
1
hih-bfbg 7
1518
1
jjc-bfbi 7
1519
1
beif-bfbj 7
1520
1
ghc-bfca 7
1521
3
bbba-bfcb 1
gfa-bfcb 3
gaj-bfcb 3
1522
1
gga-bfcc 7
1523
3
bdbj-bfcd 1
bcdc-bfcd 1
ggc-bfcd 5
1524
1
jh-bfce 7
1525
1
bca-bfcf 7
1526
3
bfgg-bfcg 3
bgdj-bfcg 1
cjc-bfcg 3
1527
1
bafe-bfch 7
1528
1
fjb-bfci 7
1529
2
gh-bfcj 5
dif-bfcj 2
1530
2
baai-bfda 1
bgce-bfda 6
1531
1
iih-bfdb 7
1532
1
bfbc-bfdc 7
1533
1
bcgh-bfdd 7
1534
1
jgf-bfde 7
1535
1
ddf-bfdf 7
1536
1
bdfi-bfdg 7
1537
1
bdec-bfdh 7
1538
2
ihc-bfdi 4
fgc-bfdi 3
1539
2
dgg-bfdj 5
bddd-bfdj 2
1540
1
jdg-bfea 7
1541
1
ggf-bfeb 7
1542
2
bdge-bfec 3
edg-bfec 4
1543
2
iia-bfed 6
iea-bfed 1
1544
2
dae-bfee 6
fhi-bfee 1
1545
4
faa-bfef 2
ied-bfef 1
bgaf-bfef 3
bgda-bfef 1
1546
1
dfb-bfeg 7
1547
1
fdc-bfeh 7
1548
1
cbf-bfei 7
1549
1
bdia-bfej 7
1550
1
iab-bffa 7
1551
1
bda-bffb 7
1552
1
iai-bffc 7
1553
1
egi-bffd 7
1554
1
jai-bffe 7
1555
1
becg-bfff 7
1556
1
gci-bffg 7
1557
1
ghi-bffh 7
1558
1
ed-bffi 7
1559
1
eda-bffj 7
1560
2
bfj-bfga 6
dcg-bfga 1
1561
2
beif-bfgb 1
bcfj-bfgb 6
1562
1
bdac-bfgc 7
1563
1
ihj-bfgd 7
1564
1
chj-bfge 7
1565
2
eig-bfgf 3
bgga-bfgf 4
1566
1
ec-bfgg 7
1567
1
bbie-bfgh 7
1568
3
bgej-bfgi 3
fea-bfgi 3
bgee-bfgi 1
1570
1
cga-bfha 7
1571
1
bhg-bfhb 7
1572
1
dgd-bfhc 7
1573
1
bdgb-bfhd 7
1574
1
bfi-bfhe 7
1575
2
ded-bfhf 5
jjj-bfhf 2
1576
2
bfhi-bfhg 1
ibi-bfhg 6
1577
1
ibh-bfhh 7
1578
1
ice-bfhi 7
1579
2
gih-bfhj 2
bejj-bfhj 5
1580
1
df-bfia 7
1581
1
bdca-bfib 7
1582
2
bgfg-bfic 1
igc-bfic 6
1583
1
hfa-bfid 7
1585
2
dfi-bfif 5
caa-bfif 2
1587
1
cif-bfih 7
1588
2
edc-bfii 2
hjg-bfii 5
1589
1
gih-bfij 7
1590
1
bie-bfja 7
1591
1
icj-bfjb 7
1592
1
bej-bfjc 7
1593
1
bajd-bfjd 7
1594
1
bfba-bfje 7
1595
1
cdg-bfjf 7
1596
1
bdej-bfjg 7
1597
1
bcga-bfjh 7
1598
1
bebd-bfji 7
1599
1
hhg-bfjj 7
1600
1
bcdd-bgaa 7
1601
1
fga-bgab 7
1602
1
babg-bgac 7
1603
1
bdba-bgad 7
1604
1
bajd-bgae 7
1605
1
beab-bgaf 7
1606
1
bed-bgag 7
1607
1
bdhi-bgah 7
1608
1
baji-bgai 7
1609
1
egb-bgaj 7
1610
1
ddd-bgba 7
1611
1
dib-bgbb 7
1612
1
bba-bgbc 7
1613
2
bfb-bgbd 3
bfje-bgbd 4
1614
1
bfhe-bgbe 7
1615
1
bbfa-bgbf 7
1616
1
dff-bgbg 7
1617
2
bgfh-bgbh 4
ece-bgbh 3
1618
1
bfjc-bgbi 7
1619
1
cbj-bgbj 7
1620
1
hjh-bgca 7
1621
1
icd-bgcb 7
1622
2
bdbe-bgcc 1
dga-bgcc 6
1624
1
bacd-bgce 7
1625
1
cib-bgcf 7
1626
1
cba-bgcg 7
1627
1
cga-bgch 7
1628
2
hje-bgci 1
bda-bgci 6
1629
1
beeg-bgcj 7
1630
1
bcai-bgda 7
1631
1
jdd-bgdb 7
1632
1
gbb-bgdc 7
1633
2
ede-bgdd 1
bhf-bgdd 6
1634
1
beic-bgde 7
1635
1
bbia-bgdf 7
1636
1
baf-bgdg 7
1637
1
hhh-bgdh 7
1638
2
jdi-bgdi 4
bach-bgdi 3
1639
1
jdb-bgdj 7
1640
1
bcia-bgea 7
1641
1
ega-bgeb 7
1642
2
djd-bgec 5
bacg-bgec 2
1643
1
behi-bged 7
1644
1
hjf-bgee 7
1645
1
fed-bgef 7
1646
1
baca-bgeg 7
1647
1
bece-bgeh 7
1648
1
bgca-bgei 7
1649
1
jej-bgej 7
1650
1
bddj-bgfa 7
1651
1
bhh-bgfb 7
1652
1
bfjg-bgfc 7
1653
2
gif-bgfd 3
ddb-bgfd 4
1654
1
bfcf-bgfe 7
1655
1
bcgh-bgff 7
1656
1
bce-bgfg 7
1657
1
bgbi-bgfh 7
1658
1
bie-bgfi 7
1659
1
eef-bgfj 7
1660
1
bdhi-bgga 7
1661
1
bdhg-bggb 7
