1339
2
2
fcd-c 2
bi-c 1
3
2
bcb-d 1
ii-d 2
4
1
hic-e 3
5
1
e-f 3
6
1
iee-g 3
8
1
geg-i 3
9
3
bi-j 1
fbj-j 1
heg-j 1
10
1
bdi-ba 3
11
3
bcef-bb 1
bcb-bb 1
bcea-bb 1
12
1
dgf-bc 3
13
1
cjb-bd 3
14
2
beai-be 1
bbbj-be 2
15
1
dh-bf 3
16
1
bi-bg 3
17
2
ihi-bh 2
bgeh-bh 1
18
2
babg-bi 1
fic-bi 2
19
2
bdbf-bj 2
dhf-bj 1
20
1
gjh-ca 3
25
2
def-cf 2
eac-cf 1
28
2
bffg-ci 2
befi-ci 1
29
1
egd-cj 3
30
1
beib-da 3
31
1
bbde-db 3
32
3
bbgj-dc 1
ifh-dc 1
iej-dc 1
34
1
di-de 3
35
2
gc-df 2
bfgb-df 1
36
3
bebe-dg 1
bcii-dg 1
bcag-dg 1
37
3
dc-dh 1
hha-dh 1
bagf-dh 1
38
1
haf-di 3
39
1
gdb-dj 3
40
2
jff-ea 1
eee-ea 2
41
1
cdi-eb 3
42
1
cdc-ec 3
44
1
bacc-ee 3
45
1
ige-ef 3
46
2
ggg-eg 2
bdj-eg 1
47
2
bbei-eh 1
bbfg-eh 2
48
2
bb-ei 1
dff-ei 2
49
1
baig-ej 3
50
1
dhe-fa 3
51
1
bcch-fb 3
52
2
fif-fc 2
bfch-fc 1
53
1
je-fd 3
55
2
gb-ff 1
dbd-ff 2
56
1
bfaf-fg 3
57
2
bejb-fh 1
jh-fh 2
58
1
fg-fi 3
59
1
dbg-fj 3
60
3
fga-ga 1
bi-ga 1
cih-ga 1
61
1
bbjc-gb 3
62
3
bdfa-gc 1
gge-gc 1
eie-gc 1
63
3
bfgc-gd 1
dbf-gd 1
gfb-gd 1
64
1
dfi-ge 3
66
2
jhg-gg 2
bfjf-gg 1
67
2
bddh-gh 2
bh-gh 1
68
2
ch-gi 2
bcff-gi 1
69
1
gjj-gj 3
70
1
db-ha 3
71
1
efh-hb 3
72
3
ejc-hc 1
dbf-hc 1
gg-hc 1
74
2
hc-he 2
bcjc-he 1
75
1
hie-hf 3
76
2
gbd-hg 1
bja-hg 2
77
2
jae-hh 2
caa-hh 1
78
2
iba-hi 2
baec-hi 1
79
2
jfc-hj 2
gfg-hj 1
80
1
di-ia 3
81
1
gia-ib 3
82
2
bedh-ic 1
cgi-ic 2
83
1
eab-id 3
84
1
bjd-ie 3
85
2
bcge-if 1
bfce-if 2
86
1
egf-ig 3
88
3
dgc-ii 1
bacj-ii 1
chf-ii 1
91
2
jc-jb 2
ehi-jb 1
92
3
babi-jc 1
gii-jc 1
bbjg-jc 1
94
3
bfc-je 1
bi-je 1
bfgb-je 1
95
2
dfc-jf 2
gbd-jf 1
96
1
daf-jg 3
97
3
dai-jh 1
bcbf-jh 1
bbfg-jh 1
98
1
bdjh-ji 3
99
1
dej-jj 3
100
3
fhg-baa 1
efg-baa 1
dfi-baa 1
101
1
chf-bab 3
103
1
jid-bad 3
104
2
bdga-bae 1
dgj-bae 2
105
2
bdbh-baf 2
bcb-baf 1
107
3
hbf-bah 1
ddf-bah 1
gjh-bah 1
108
2
cfj-bai 2
bda-bai 1
110
1
je-bba 3
111
2
fdh-bbb 1
bdh-bbb 2
112
3
dbb-bbc 1
jje-bbc 1
chf-bbc 1
113
1
bja-bbd 3
115
2
bei-bbf 1
bage-bbf 2
116
3
eg-bbg 1
iff-bbg 1
gdc-bbg 1
117
1
bacc-bbh 3
118
1
bca-bbi 3
119
2
fag-bbj 1
baja-bbj 2
120
3
gae-bca 1
gaf-bca 1
bae-bca 1
121
2
bbgc-bcb 1
fba-bcb 2
122
3
bbab-bcc 1
jg-bcc 1
bbff-bcc 1
123
1
gc-bcd 3
124
1
bi-bce 3
125
1
gih-bcf 3
126
2
di-bcg 2
g-bcg 1
127
2
gad-bch 1
ecb-bch 2
128
2
bagb-bci 2
bbhe-bci 1
130
2
ffa-bda 2
dfj-bda 1
131
2
deh-bdb 1
efd-bdb 2
132
1
bec-bdc 3
133
3
bja-bdd 1
bcgc-bdd 1
bece-bdd 1
134
1
iah-bde 3
135
3
gea-bdf 1
bbab-bdf 1
hcg-bdf 1
136
2
bbij-bdg 2
bahh-bdg 1
137
2
jjg-bdh 2
feh-bdh 1
138
2
gci-bdi 2
iic-bdi 1
139
3
jfe-bdj 1
hhc-bdj 1
geh-bdj 1
141
3
hia-beb 1
cbg-beb 1
cbe-beb 1
142
3
bdh-bec 1
hj-bec 1
eei-bec 1
143
1
cd-bed 3
144
3
gjd-bee 1
bgbe-bee 1
cfa-bee 1
147
2
ieh-beh 1
hi-beh 2
148
2
jca-bei 2
fge-bei 1
149
1
dbi-bej 3
150
1
cjd-bfa 3
152
3
cdb-bfc 1
bafi-bfc 1
dcb-bfc 1
153
2
cie-bfd 1
bif-bfd 2
154
1
baea-bfe 3
155
2
eec-bff 2
gfe-bff 1
156
2
bgac-bfg 1
fh-bfg 2
158
3
bgci-bfi 1
gaa-bfi 1
ich-bfi 1
160
1
hbd-bga 3
161
2
cgc-bgb 1
hea-bgb 2
162
2
ffi-bgc 1
cgd-bgc 2
163
1
edg-bgd 3
167
2
bfgh-bgh 1
be-bgh 2
168
3
cej-bgi 1
daj-bgi 1
eij-bgi 1
169
1
bffe-bgj 3
170
2
gi-bha 2
fh-bha 1
172
2
bbfd-bhc 2
bagf-bhc 1
173
1
eed-bhd 3
174
2
cfe-bhe 2
daa-bhe 1
175
3
ech-bhf 1
cgi-bhf 1
bci-bhf 1
176
2
bci-bhg 1
cdi-bhg 2
178
1
eaj-bhi 3
179
1
bafb-bhj 3
181
2
fhc-bib 2
eae-bib 1
184
2
bde-bie 1
eig-bie 2
185
3
bahf-bif 1
babf-bif 1
bgcg-bif 1
186
1
bdde-big 3
187
2
bcff-bih 2
dcf-bih 1
190
2
dca-bja 2
ded-bja 1
192
1
baad-bjc 3
193
3
gd-bjd 1
hdg-bjd 1
ghb-bjd 1
194
1
ecd-bje 3
195
3
ecg-bjf 1
baff-bjf 1
hic-bjf 1
198
2
fdj-bji 1
cgh-bji 2
199
3
baad-bjj 1
gci-bjj 1
edg-bjj 1
200
3
jgd-caa 1
bafd-caa 1
djj-caa 1
202
1
fid-cac 3
204
1
bccg-cae 3
205
3
ghc-caf 1
gag-caf 1
bafb-caf 1
206
2
cie-cag 2
bbg-cag 1
207
1
bahc-cah 3
209
1
ghh-caj 3
210
3
bbjf-cba 1
bgdd-cba 1
bfi-cba 1
212
2
bcdg-cbc 1
efg-cbc 2
213
3
ehe-cbd 1
jfc-cbd 1
eag-cbd 1
214
1
bbcc-cbe 3
215
1
ceb-cbf 3
216
2
bbfi-cbg 1
becj-cbg 2
217
2
bhi-cbh 2
caj-cbh 1
218
2
ede-cbi 1
bdi-cbi 2
219
2
gjj-cbj 2
dcf-cbj 1
220
1
eea-cca 3
221
1
bjj-ccb 3
222
1
jfh-ccc 3
223
3
bajb-ccd 1
ecd-ccd 1
cjf-ccd 1
225
3
jeg-ccf 1
ihi-ccf 1
dca-ccf 1
226
1
ijd-ccg 3
227
3
baaf-cch 1
egd-cch 1
bhe-cch 1
228
3
bbfd-cci 1
ceb-cci 1
bgbg-cci 1
229
2
j-ccj 2
hji-ccj 1
230
1
jae-cda 3
231
1
ejg-cdb 3
232
2
fad-cdc 2
ddj-cdc 1
233
1
db-cdd 3
235
3
iee-cdf 1
dfa-cdf 1
fjc-cdf 1
236
3
gcf-cdg 1
dff-cdg 1
cid-cdg 1
237
1
bbja-cdh 3
238
2
beha-cdi 2
j-cdi 1
240
2
jaj-cea 2
che-cea 1
241
1
bdea-ceb 3
242
1
bad-cec 3
244
1
ic-cee 3
245
2
bha-cef 2
dab-cef 1
247
1
eeg-ceh 3
249
3
bh-cej 1
bbeg-cej 1
bbee-cej 1
250
3
bdhb-cfa 1
gei-cfa 1
hdi-cfa 1
253
1
bchd-cfd 3
254
2
ijc-cfe 2
jf-cfe 1
255
2
hda-cff 1
ejg-cff 2
256
3
bfdb-cfg 1
ej-cfg 1
gic-cfg 1
257
1
cie-cfh 3
258
1
dhi-cfi 3
259
1
cfi-cfj 3
260
2
chf-cga 1
bcjf-cga 2
261
3
dch-cgb 1
deb-cgb 1
da-cgb 1
262
2
hdb-cgc 1
cdb-cgc 2
263
1
bafd-cgd 3
264
1
bba-cge 3
265
2
bgbh-cgf 2
fcc-cgf 1
267
2
bdhc-cgh 2
hc-cgh 1
268
2
fdh-cgi 2
baaa-cgi 1
269
1
fei-cgj 3
270
1
dhj-cha 3
271
1
bcbi-chb 3
272
1
bbfj-chc 3
273
1
bfbg-chd 3
274
3
dej-che 1
eah-che 1
befj-che 1
275
3
did-chf 1
eca-chf 1
ehb-chf 1
276
2
edh-chg 1
fc-chg 2
278
1
cee-chi 3
281
3
bdhb-cib 1
eha-cib 1
bdhh-cib 1
283
2
fcf-cid 2
cjb-cid 1
284
2
gg-cie 1
jfi-cie 2
285
2
dae-cif 2
bcja-cif 1
286
1
eef-cig 3
287
1
cda-cih 3
288
3
baha-cii 1
cah-cii 1
dad-cii 1
289
1
cch-cij 3
290
3
ehg-cja 1
ead-cja 1
bcaa-cja 1
291
2
eei-cjb 1
beba-cjb 2
292
3
bfgi-cjc 1
db-cjc 1
bcih-cjc 1
293
1
bdaa-cjd 3
295
2
dba-cjf 1
cgb-cjf 2
299
2
bfeb-cjj 1
jah-cjj 2
300
2
bfde-daa 1
bbhc-daa 2
301
2
bef-dab 2
hi-dab 1
302
2
bgi-dac 1
dce-dac 2
303
2
gfe-dad 1
gfd-dad 2
304
1
bcib-dae 3
305
3
bdcb-daf 1
badi-daf 1
bddb-daf 1
307
1
cgi-dah 3
308
1
bchi-dai 3
309
3
dce-daj 1
fhj-daj 1
fae-daj 1
310
2
bff-dba 1
hhj-dba 2
311
1
eaa-dbb 3
313
3
bfg-dbd 1
bdjf-dbd 1
gcb-dbd 1
314
2
dfh-dbe 1
bcaf-dbe 2
315
2
baad-dbf 2
gib-dbf 1
316
2
dab-dbg 2
iag-dbg 1
317
1
fha-dbh 3
318
2
eia-dbi 2
bcaa-dbi 1
319
1
dhd-dbj 3
320
3
jbi-dca 1
a-dca 1
bdii-dca 1
321
3
fi-dcb 1
eda-dcb 1
efg-dcb 1
322
3
heg-dcc 1
jah-dcc 1
di-dcc 1
323
1
gjc-dcd 3
324
2
ebg-dce 1
jef-dce 2
325
1
bbja-dcf 3
326
1
jjj-dcg 3
327
1
jai-dch 3
328
1
bcef-dci 3
329
1
jcg-dcj 3
331
1
bdge-ddb 3
332
2
bfjb-ddc 1
dac-ddc 2
334
3
ghh-dde 1
fbe-dde 1
d-dde 1
335
2
jh-ddf 2
fcf-ddf 1
338
1
ef-ddi 3
339
2
ihj-ddj 2
haa-ddj 1
340
2
ief-dea 2
ejd-dea 1
341
3
fei-deb 1
hfg-deb 1
cbi-deb 1
342
3
fdc-dec 1
bcgh-dec 1
bfg-dec 1
343
3
ddc-ded 1
ihf-ded 1
gij-ded 1
344
3
cia-dee 1
dhc-dee 1
dej-dee 1
345
1
jfi-def 3
347
1
ifa-deh 3
348
1
gjc-dei 3
349
2
bcah-dej 2
dif-dej 1
350
1
ege-dfa 3
351
2
ehb-dfb 1
e-dfb 2
352
1
fgg-dfc 3
353
1
idj-dfd 3
354
3
ii-dfe 1
ejd-dfe 1
baac-dfe 1
355
3
gie-dff 1
heg-dff 1
hii-dff 1
356
1
eib-dfg 3
357
2
fee-dfh 2
fhb-dfh 1
358
2
hgh-dfi 2
egd-dfi 1
359
1
bbah-dfj 3
360
2
bcdg-dga 2
dgi-dga 1
362
3
fib-dgc 1
jic-dgc 1
c-dgc 1
363
3
ifb-dgd 1
badi-dgd 1
bbjf-dgd 1
364
2
bccf-dge 2
dc-dge 1
365
1
bbba-dgf 3
367
2
idi-dgh 1
dff-dgh 2
368
2
deb-dgi 2
ibf-dgi 1
369
2
gg-dgj 2
bcab-dgj 1
370
2
dji-dha 1
dij-dha 2
371
1
d-dhb 3
372
3
dbg-dhc 1
bdab-dhc 1
bbce-dhc 1
373
3
baeg-dhd 1
ije-dhd 1
dgh-dhd 1
374
3
bbhi-dhe 1
bbhb-dhe 1
ehb-dhe 1
375
2
baga-dhf 1
ebj-dhf 2
376
2
bfe-dhg 2
ida-dhg 1
377
2
bdac-dhh 2
bbb-dhh 1
378
1
ihg-dhi 3
379
3
idc-dhj 1
ddj-dhj 1
fce-dhj 1
380
1
ecg-dia 3
382
1
ebi-dic 3
383
1
hid-did 3
384
3
dci-die 1
fac-die 1
baag-die 1
385
1
bbdh-dif 3
386
1
fcd-dig 3
387
1
fdg-dih 3
388
2
bdeg-dii 2
bage-dii 1
389
3
cga-dij 1
hhe-dij 1
ici-dij 1
390
1
bhe-dja 3
392
2
ddi-djc 1
jaj-djc 2
393
2
ceb-djd 1
cie-djd 2
394
1
beaj-dje 3
396
3
efi-djg 1
baa-djg 1
jbc-djg 1
397
3
bdh-djh 1
bdef-djh 1
gdg-djh 1
399
2
bbc-djj 1
jib-djj 2
400
2
bee-eaa 1
hjj-eaa 2
401
1
bbga-eab 3
402
2
bagg-eac 1
cej-eac 2
403
1
caf-ead 3
404
1
icb-eae 3
405
1
ghj-eaf 3
406
1
gff-eag 3
407
3
bbcf-eah 1
bcaj-eah 1
gdj-eah 1
408
1
bbec-eai 3
409
1
beec-eaj 3
410
3
gih-eba 1
bjj-eba 1
bebc-eba 1
411
2
beb-ebb 2
ffd-ebb 1
412
1
baej-ebc 3
413
3
dgi-ebd 1
bdae-ebd 1
badb-ebd 1
414
3
bfhc-ebe 1
hfg-ebe 1
df-ebe 1
416
1
fga-ebg 3
417
1
icg-ebh 3
418
1
hfe-ebi 3
419
3
jgc-ebj 1
ehi-ebj 1
djj-ebj 1
420
1
jga-eca 3
421
1
bchc-ecb 3
422
3
bdie-ecc 1
jc-ecc 1
bdch-ecc 1
423
3
jfj-ecd 1
fba-ecd 1
dha-ecd 1
424
1
eaa-ece 3
425
1
beh-ecf 3
426
1
bcca-ecg 3
427
3
dbh-ech 1
hcd-ech 1
jjc-ech 1
428
2
jac-eci 1
hcg-eci 2
429
1
ihi-ecj 3
430
3
bdcg-eda 1
dhf-eda 1
bbdb-eda 1
432
1
baa-edc 3
433
1
cbe-edd 3
434
2
ffi-ede 1
jh-ede 2
435
3
bdfe-edf 1
hba-edf 1
ci-edf 1
436
1
jgh-edg 3
437
2
hcd-edh 2
bbgb-edh 1
438
1
egf-edi 3
439
2
egj-edj 2
egf-edj 1
440
2
gcc-eea 1
bgj-eea 2
442
2
cbe-eec 2
hci-eec 1
443
3
fcg-eed 1
iaa-eed 1
gcd-eed 1
445
2
bdcd-eef 2
bdg-eef 1
446
1
bfc-eeg 3
447
1
fbd-eeh 3
448
3
beed-eei 1
fii-eei 1
haj-eei 1
449
1
bcag-eej 3
450
2
bccg-efa 2
jia-efa 1
451
1
eib-efb 3
452
1
ehd-efc 3
453
3
iac-efd 1
bbc-efd 1
fei-efd 1
454
1
bcdb-efe 3
455
2
bjf-eff 2
jge-eff 1
456
3
iib-efg 1
bcad-efg 1
bbj-efg 1
457
3
iic-efh 1
ded-efh 1
igc-efh 1
458
2
eec-efi 1
eed-efi 2
460
2
feh-ega 2
bja-ega 1
461
2
fdb-egb 1
bcdf-egb 2
463
2
cfa-egd 2
ebd-egd 1
464
1
ifi-ege 3
465
3
eae-egf 1
fge-egf 1
ifd-egf 1
466
3
die-egg 1
idd-egg 1
jia-egg 1
468
1
hef-egi 3
469
3
dbi-egj 1
jdg-egj 1
baih-egj 1
470
2
eid-eha 2
cgh-eha 1
471
1
hib-ehb 3
473
3
hcb-ehd 1
bffb-ehd 1
dfd-ehd 1
474
2
ibh-ehe 1
bebj-ehe 2
475
1
hgh-ehf 3
476
3
hda-ehg 1
edf-ehg 1
bdgh-ehg 1
477
1
ecf-ehh 3
478
2
jfd-ehi 2
bbeg-ehi 1
479
1
eci-ehj 3
480
1
bfa-eia 3
481
3
bbbe-eib 1
dg-eib 1
iih-eib 1
482
2
bdfb-eic 1
bfef-eic 2
483
1
bddi-eid 3
484
2
ffj-eie 1
gbb-eie 2
485
1
daa-eif 3
486
1
bfeh-eig 3
488
2
bfdi-eii 2
bgb-eii 1
489
3
ief-eij 1
dcc-eij 1
dfg-eij 1
490
2
babi-eja 2
iaj-eja 1
491
1
ibd-ejb 3
492
3
gji-ejc 1
eia-ejc 1
bcbe-ejc 1
493
1
ige-ejd 3
494
1
iei-eje 3
495
1
bfja-ejf 3
496
2
feg-ejg 2
chd-ejg 1
499
1
chf-ejj 3
500
3
ice-faa 1
dhg-faa 1
dfb-faa 1
501
1
dbf-fab 3
502
2
hbc-fac 2
bbii-fac 1
503
3
iej-fad 1
baei-fad 1
bdjg-fad 1
504
2
baba-fae 1
bdia-fae 2
505
3
ice-faf 1
hid-faf 1
bcja-faf 1
506
3
bahb-fag 1
dbf-fag 1
hcd-fag 1
507
1
bjf-fah 3
508
1
fdh-fai 3
509
1
ggb-faj 3
510
1
bbdb-fba 3
511
1
geh-fbb 3
512
1
baag-fbc 3
513
2
ejj-fbd 1
hej-fbd 2
514
2
bceh-fbe 1
fgi-fbe 2
515
1
jbh-fbf 3
516
1
dff-fbg 3
517
2
fdh-fbh 2
fgb-fbh 1
518
2
eah-fbi 2
dcc-fbi 1
519
2
fdc-fbj 2
hdc-fbj 1
520
3
bcie-fca 1
dce-fca 1
bccg-fca 1
521
2
bcdf-fcb 2
hbb-fcb 1
522
2
bfca-fcc 2
gbd-fcc 1
523
2
cba-fcd 2
ghf-fcd 1
524
1
baec-fce 3
525
2
ehe-fcf 1
bff-fcf 2
526
1
gcc-fcg 3
527
2
ecb-fch 2
bcee-fch 1
528
3
iba-fci 1
dfh-fci 1
bbea-fci 1
529
3
ghc-fcj 1
fcg-fcj 1
heb-fcj 1
530
3
bhi-fda 1
bbbd-fda 1
cfd-fda 1
531
2
eha-fdb 1
ccf-fdb 2
532
3
dhh-fdc 1
bahi-fdc 1
dad-fdc 1
533
2
baei-fdd 2
edd-fdd 1
535
2
ibe-fdf 2
fdg-fdf 1
536
2
gbh-fdg 2
gje-fdg 1
537
3
cjd-fdh 1
gf-fdh 1
deb-fdh 1
539
1
bdfh-fdj 3
540
1
bceb-fea 3
541
3
ibd-feb 1
ieb-feb 1
dfh-feb 1
542
2
bfcg-fec 2
bfij-fec 1
543
1
hdi-fed 3
544
1
bbaa-fee 3
545
2
bfdg-fef 1
je-fef 2
546
2
ijc-feg 1
hgh-feg 2
547
1
djg-feh 3
548
2
bcgi-fei 2
begd-fei 1
550
3
bfef-ffa 1
gch-ffa 1
idb-ffa 1
552
1
bgc-ffc 3
553
2
dij-ffd 2
jaf-ffd 1
555
1
fgj-fff 3
557
1
e-ffh 3
558
2
cdj-ffi 1
bcdd-ffi 2
559
1
gfi-ffj 3
560
3
igi-fga 1
bhe-fga 1
cie-fga 1
561
2
gff-fgb 2
dba-fgb 1
562
2
bagf-fgc 1
dbd-fgc 2
563
2
bfic-fgd 1
bfff-fgd 2
564
1
gjf-fge 3
565
1
ha-fgf 3
566
1
bih-fgg 3
567
2
jcf-fgh 1
dbh-fgh 2
568
2
eeh-fgi 1
dfg-fgi 2
569
1
ghj-fgj 3
570
2
fhc-fha 1
bfig-fha 2
571
3
beaa-fhb 1
beeb-fhb 1
bfcb-fhb 1
572
3
bgea-fhc 1
cba-fhc 1
bfed-fhc 1
574
2
gge-fhe 2
ebh-fhe 1
576
1
bbfh-fhg 3
578
3
bcgj-fhi 1
bja-fhi 1
jcb-fhi 1
579
1
fag-fhj 3
580
2
gcc-fia 1
hga-fia 2
581
1
gjb-fib 3
582
3
bgaj-fic 1
ifh-fic 1
cea-fic 1
583
1
bbaa-fid 3
584
1
efe-fie 3
585
1
gge-fif 3
586
3
eib-fig 1
dec-fig 1
ejg-fig 1
588
3
gde-fii 1
bagb-fii 1
haf-fii 1
590
1
edj-fja 3
591
3
hae-fjb 1
gef-fjb 1
caa-fjb 1
592
2
cie-fjc 2
hdf-fjc 1
594
1
hci-fje 3
595
1
bahg-fjf 3
596
1
bcfe-fjg 3
598
2
bgb-fji 2
ejc-fji 1
599
2
gj-fjj 1
ddi-fjj 2
600
2
bacj-gaa 1
gbb-gaa 2
601
1
gdh-gab 3
603
3
jjh-gad 1
bdfe-gad 1
hij-gad 1
604
3
ghc-gae 1
ceb-gae 1
jci-gae 1
606
3
jij-gag 1
dff-gag 1
bahg-gag 1
607
2
cjc-gah 2
iaf-gah 1
609
3
ccf-gaj 1
di-gaj 1
bcde-gaj 1
610
3
hgc-gba 1
bbib-gba 1
bbge-gba 1
611
3
bfjj-gbb 1
eja-gbb 1
cgb-gbb 1
612
2
ga-gbc 2
bbhc-gbc 1
613
3
fcb-gbd 1
bbcd-gbd 1
gca-gbd 1
614
1
bgfd-gbe 3
617
1
ff-gbh 3
618
2
ifc-gbi 1
bacg-gbi 2
620
2
haj-gca 2
hbg-gca 1
621
1
bfbd-gcb 3
622
3
bafc-gcc 1
baee-gcc 1
cdh-gcc 1
623
1
egf-gcd 3
624
1
fai-gce 3
625
1
baii-gcf 3
628
3
bga-gci 1
cea-gci 1
igb-gci 1
629
2
ebb-gcj 1
ged-gcj 2
630
1
ihh-gda 3
631
2
bbg-gdb 2
eah-gdb 1
632
2
ifc-gdc 1
gbe-gdc 2
634
2
baeb-gde 2
gah-gde 1
636
3
bddj-gdg 1
bajh-gdg 1
db-gdg 1
637
2
jci-gdh 2
bdfd-gdh 1
639
1
gjg-gdj 3
640
3
edi-gea 1
dea-gea 1
jh-gea 1
642
1
ihd-gec 3
643
1
bdbj-ged 3
645
2
bdgj-gef 2
dfi-gef 1
646
1
bfcj-geg 3
647
1
jg-geh 3
648
2
iba-gei 2
daf-gei 1
649
2
hgi-gej 2
fec-gej 1
651
2
gfj-gfb 2
jhj-gfb 1
652
1
bche-gfc 3
653
1
bdbg-gfd 3
654
2
baci-gfe 2
bif-gfe 1
655
3
idi-gff 1
ehe-gff 1
egf-gff 1
656
1
bahh-gfg 3
658
1
becd-gfi 3
659
1
bdba-gfj 3
660
1
bhe-gga 3
661
1
bej-ggb 3
664
3
beai-gge 1
bdc-gge 1
efd-gge 1
665
3
hab-ggf 1
bcdj-ggf 1
jfj-ggf 1
666
1
dij-ggg 3
668
3
cbc-ggi 1
bfc-ggi 1
cgh-ggi 1
670
1
gdh-gha 3
671
3
bbff-ghb 1
bgef-ghb 1
idb-ghb 1
672
3
fhi-ghc 1
beid-ghc 1
efi-ghc 1
673
1
egj-ghd 3
674
1
ggg-ghe 3
675
1
ggb-ghf 3
676
2
fhb-ghg 2
dhh-ghg 1
677
2
cbc-ghh 2
bacj-ghh 1
678
2
daf-ghi 1
hai-ghi 2
679
3
eig-ghj 1
fcd-ghj 1
bcbc-ghj 1
680
2
hbf-gia 2
egg-gia 1
681
2
bbhf-gib 1
cic-gib 2
682
2
dhi-gic 2
bjc-gic 1
683
1
cjj-gid 3
684
2
iih-gie 1
ici-gie 2
685
3
bcig-gif 1
hge-gif 1
jea-gif 1
687
3
badc-gih 1
fic-gih 1
die-gih 1
688
2
ib-gii 2
baab-gii 1
689
2
ibd-gij 1
ehf-gij 2
690
1
ecd-gja 3
691
1
ebc-gjb 3
692
3
hji-gjc 1
behb-gjc 1
gbe-gjc 1
693
1
gad-gjd 3
694
2
bhc-gje 2
bbdf-gje 1
695
3
dig-gjf 1
hdh-gjf 1
ieg-gjf 1
696
3
egg-gjg 1
behg-gjg 1
bdda-gjg 1
697
1
cbg-gjh 3
698
1
bbgf-gji 3
699
3
hhe-gjj 1
fbi-gjj 1
iii-gjj 1
700
2
bjj-haa 2
bcea-haa 1
701
1
bcfg-hab 3
702
1
gdb-hac 3
703
1
iec-had 3
704
3
ije-hae 1
hea-hae 1
bbic-hae 1
705
3
bbcd-haf 1
jji-haf 1
jda-haf 1
706
2
hje-hag 2
ecj-hag 1
707
2
fda-hah 2
ghg-hah 1
708
1
hfh-hai 3
709
1
bdjj-haj 3
710
1
bdbi-hba 3
711
2
fac-hbb 1
cgj-hbb 2
712
1
ffc-hbc 3
713
2
bei-hbd 1
bdff-hbd 2
714
2
fc-hbe 2
fji-hbe 1
715
2
jf-hbf 1
fcf-hbf 2
716
2
ife-hbg 2
gde-hbg 1
717
2
ci-hbh 2
babe-hbh 1
719
2
bedf-hbj 2
jge-hbj 1
721
3
bdfa-hcb 1
bahd-hcb 1
jba-hcb 1
722
1
cie-hcc 3
723
3
bgi-hcd 1
bdhb-hcd 1
jee-hcd 1
724
3
eab-hce 1
bchf-hce 1
ejf-hce 1
725
2
hhc-hcf 2
gad-hcf 1
726
2
ibf-hcg 2
baed-hcg 1
728
3
fbf-hci 1
ggi-hci 1
bdff-hci 1
729
1
bbgd-hcj 3
730
2
dec-hda 1
idc-hda 2
731
3
bejg-hdb 1
bfhg-hdb 1
jh-hdb 1
732
3
jbf-hdc 1
bdac-hdc 1
befb-hdc 1
733
2
ejb-hdd 2
bdg-hdd 1
734
2
bbjf-hde 2
jfh-hde 1
735
3
gbh-hdf 1
fad-hdf 1
bbha-hdf 1
736
3
dac-hdg 1
fjc-hdg 1
eba-hdg 1
737
1
ihb-hdh 3
738
1
beah-hdi 3
739
2
eci-hdj 2
haa-hdj 1
740
3
bdfd-hea 1
befg-hea 1
fdf-hea 1
741
1
icg-heb 3
742
3
fai-hec 1
bdda-hec 1
bdhc-hec 1
744
1
bfhd-hee 3
745
2
bjd-hef 2
bfch-hef 1
746
1
bcdd-heg 3
747
1
dcb-heh 3
749
2
bgbd-hej 2
cec-hej 1
752
2
gjh-hfc 2
gab-hfc 1
754
1
bahd-hfe 3
756
1
bbac-hfg 3
757
1
ede-hfh 3
758
1
beih-hfi 3
759
2
bfhi-hfj 1
gaa-hfj 2
760
1
bbg-hga 3
761
2
bccd-hgb 2
gcc-hgb 1
762
3
hje-hgc 1
fia-hgc 1
dej-hgc 1
763
1
bbfa-hgd 3
764
1
beff-hge 3
765
1
bci-hgf 3
767
1
dej-hgh 3
768
1
baja-hgi 3
770
2
ihj-hha 2
baad-hha 1
772
3
eia-hhc 1
fhc-hhc 1
beff-hhc 1
773
2
gaa-hhd 2
bbd-hhd 1
774
2
eff-hhe 2
gja-hhe 1
775
1
bcf-hhf 3
776
2
hbb-hhg 2
dgd-hhg 1
778
1
bdci-hhi 3
779
3
bfag-hhj 1
jec-hhj 1
beb-hhj 1
780
2
jdd-hia 2
bbie-hia 1
781
1
bbfb-hib 3
782
1
bgcf-hic 3
783
1
bgdg-hid 3
785
2
cii-hif 2
fje-hif 1
786
1
fig-hig 3
787
3
eii-hih 1
iaf-hih 1
bdbe-hih 1
788
1
cgi-hii 3
789
2
hag-hij 2
fj-hij 1
791
2
bde-hjb 1
cfh-hjb 2
792
3
bbfi-hjc 1
edj-hjc 1
bfhe-hjc 1
793
2
bbd-hjd 1
fef-hjd 2
794
2
fgj-hje 2
bdja-hje 1
795
2
edj-hjf 1
beji-hjf 2
796
3
jgg-hjg 1
jdh-hjg 1
cfa-hjg 1
798
1
hfj-hji 3
799
3
cjf-hjj 1
fgd-hjj 1
gah-hjj 1
800
3
ead-iaa 1
dhc-iaa 1
jcg-iaa 1
801
2
cdh-iab 2
ech-iab 1
802
1
eic-iac 3
804
2
fjd-iae 1
cdf-iae 2
805
2
ejf-iaf 2
gjf-iaf 1
806
1
bage-iag 3
807
2
dad-iah 2
fei-iah 1
808
1
dje-iai 3
809
1
gci-iaj 3
810
3
bbba-iba 1
bbbj-iba 1
bafb-iba 1
811
1
iha-ibb 3
813
2
bdhd-ibd 2
bgcj-ibd 1
814
1
fba-ibe 3
815
2
dih-ibf 2
bffh-ibf 1
817
3
babb-ibh 1
bahj-ibh 1
eja-ibh 1
818
1
gi-ibi 3
819
1
bbcd-ibj 3
820
2
becf-ica 1
dgi-ica 2
821
1
hfi-icb 3
823
3
hj-icd 1
jaj-icd 1
hcd-icd 1
824
1
ehd-ice 3
825
2
dbb-icf 2
fce-icf 1
826
3
gcg-icg 1
bjj-icg 1
bcdi-icg 1
827
1
beei-ich 3
828
2
cj-ici 2
jc-ici 1
829
1
jie-icj 3
830
1
bcfd-ida 3
831
2
ghi-idb 1
bach-idb 2
832
2
gjg-idc 2
iij-idc 1
833
2
bfda-idd 2
fj-idd 1
835
1
dii-idf 3
836
2
dhd-idg 2
bagf-idg 1
838
3
bbdd-idi 1
ech-idi 1
bgfa-idi 1
839
2
bcc-idj 2
fdj-idj 1
840
3
bij-iea 1
chb-iea 1
bebf-iea 1
841
2
bbie-ieb 2
fhb-ieb 1
842
2
fgf-iec 2
hfg-iec 1
843
2
jac-ied 1
bbid-ied 2
844
1
efc-iee 3
845
3
bbah-ief 1
hag-ief 1
ea-ief 1
846
2
idd-ieg 1
ffh-ieg 2
847
2
caj-ieh 2
bchj-ieh 1
848
3
behf-iei 1
efg-iei 1
hgi-iei 1
849
1
bbh-iej 3
850
2
bdbe-ifa 1
hcf-ifa 2
851
1
dfh-ifb 3
852
3
jid-ifc 1
bchg-ifc 1
cee-ifc 1
853
2
cf-ifd 2
bbhd-ifd 1
854
2
hjf-ife 2
dad-ife 1
855
3
cgi-iff 1
jgf-iff 1
efe-iff 1
856
2
be-ifg 2
bgeb-ifg 1
857
3
cid-ifh 1
eif-ifh 1
baga-ifh 1
858
1
bcci-ifi 3
861
1
cif-igb 3
862
2
eaf-igc 2
bcgi-igc 1
863
1
ife-igd 3
864
2
dbj-ige 2
hjc-ige 1
868
1
bbg-igi 3
869
2
bdie-igj 2
jba-igj 1
870
3
bbfe-iha 1
jfa-iha 1
bcdj-iha 1
871
2
bbcj-ihb 1
eii-ihb 2
873
2
bbdd-ihd 2
behh-ihd 1
874
1
hdg-ihe 3
875
2
bbad-ihf 1
eh-ihf 2
876
1
gij-ihg 3
877
1
cib-ihh 3
878
1
bdgf-ihi 3
879
2
caf-ihj 1
cef-ihj 2
880
1
fgb-iia 3
881
2
baeb-iib 1
id-iib 2
882
2
fag-iic 2
jje-iic 1
883
1
iae-iid 3
885
2
bbei-iif 2
hif-iif 1
886
2
hcg-iig 1
hjb-iig 2
887
1
hbj-iih 3
888
1
bbib-iii 3
889
1
baaa-iij 3
892
1
hg-ijc 3
893
3
hfi-ijd 1
gdh-ijd 1
beda-ijd 1
894
2
beef-ije 1
bbbj-ije 2
896
1
behi-ijg 3
898
1
gd-iji 3
900
2
bbjh-jaa 2
cf-jaa 1
901
2
baej-jab 2
gbe-jab 1
902
3
ejj-jac 1
ghg-jac 1
ibb-jac 1
904
2
cja-jae 2
bbih-jae 1
905
1
bdig-jaf 3
907
3
fie-jah 1
bchh-jah 1
bcif-jah 1
908
3
efa-jai 1
bbbg-jai 1
hah-jai 1
909
1
ebd-jaj 3
910
2
gej-jba 2
bdef-jba 1
911
1
gjc-jbb 3
912
1
jca-jbc 3
913
2
bfad-jbd 1
dij-jbd 2
915
1
bedi-jbf 3
916
3
bdid-jbg 1
ehd-jbg 1
igc-jbg 1
917
2
babf-jbh 1
dbd-jbh 2
918
1
bdcc-jbi 3
920
3
idf-jca 1
fdh-jca 1
jfg-jca 1
921
3
faj-jcb 1
hhf-jcb 1
gae-jcb 1
922
2
gfb-jcc 1
fjg-jcc 2
923
2
jcc-jcd 2
hgh-jcd 1
924
1
bafi-jce 3
925
1
igj-jcf 3
926
2
ggg-jcg 2
cfj-jcg 1
928
2
gih-jci 1
bfbf-jci 2
930
2
bdig-jda 2
bgdf-jda 1
931
2
cgf-jdb 2
bbaj-jdb 1
933
3
dic-jdd 1
ffh-jdd 1
dhc-jdd 1
934
1
bi-jde 3
936
2
gea-jdg 2
fbf-jdg 1
937
1
ea-jdh 3
938
1
dfb-jdi 3
939
1
jfj-jdj 3
940
1
ije-jea 3
942
2
bdfg-jec 2
dae-jec 1
944
2
cfg-jee 2
hjb-jee 1
945
3
fad-jef 1
bbfe-jef 1
badj-jef 1
946
1
bbj-jeg 3
947
1
bgdb-jeh 3
948
1
eff-jei 3
949
1
dch-jej 3
950
3
chb-jfa 1
iec-jfa 1
fdj-jfa 1
951
1
bbdb-jfb 3
952
2
jgb-jfc 2
cgh-jfc 1
953
2
fbd-jfd 2
babc-jfd 1
954
2
c-jfe 1
bfgb-jfe 2
955
1
bfeb-jff 3
956
3
ega-jfg 1
fic-jfg 1
bccb-jfg 1
957
3
eij-jfh 1
gfb-jfh 1
bffj-jfh 1
958
3
befa-jfi 1
eib-jfi 1
bbj-jfi 1
959
3
bcaj-jfj 1
bdhe-jfj 1
bcc-jfj 1
960
3
bagg-jga 1
fdf-jga 1
bfcd-jga 1
961
1
ecd-jgb 3
962
2
ibd-jgc 2
babj-jgc 1
963
1
ghb-jgd 3
964
3
bedj-jge 1
bcgj-jge 1
bagf-jge 1
965
2
i-jgf 2
hhj-jgf 1
966
2
heh-jgg 1
bajc-jgg 2
967
2
dfc-jgh 1
jcb-jgh 2
968
1
iae-jgi 3
970
3
jia-jha 1
ghd-jha 1
efh-jha 1
973
1
gba-jhd 3
975
3
bajj-jhf 1
behe-jhf 1
fch-jhf 1
976
1
hde-jhg 3
977
1
gab-jhh 3
979
1
eei-jhj 3
980
3
bje-jia 1
baac-jia 1
hdd-jia 1
981
1
iac-jib 3
982
1
igj-jic 3
983
3
jff-jid 1
bgfj-jid 1
bdgd-jid 1
984
2
baih-jie 2
hdb-jie 1
985
3
bb-jif 1
dge-jif 1
hah-jif 1
986
1
bafi-jig 3
987
1
bfa-jih 3
989
2
ge-jij 2
bah-jij 1
991
1
cjc-jjb 3
992
1
bcgb-jjc 3
993
1
daj-jjd 3
994
2
bbcg-jje 2
hdd-jje 1
995
1
ccf-jjf 3
996
2
gfc-jjg 1
efa-jjg 2
997
1
geh-jjh 3
998
1
hef-jji 3
999
1
bcci-jjj 3
1000
1
fgi-baaa 3
1001
1
jeg-baab 3
1002
1
hig-baac 3
1003
3
bbbh-baad 1
ceb-baad 1
ehj-baad 1
1004
1
eje-baae 3
1005
2
bdej-baaf 2
baae-baaf 1
1006
2
beja-baag 2
jci-baag 1
1008
1
igj-baai 3
1009
1
ceb-baaj 3
1010
2
jdf-baba 1
ehi-baba 2
1011
1
djh-babb 3
1012
2
beag-babc 1
if-babc 2
1013
2
gec-babd 2
dfe-babd 1
1014
2
ebj-babe 1
ije-babe 2
1015
1
begj-babf 3
1016
2
beba-babg 2
bdhd-babg 1
1017
2
cbg-babh 2
baia-babh 1
1018
2
baij-babi 1
cdb-babi 2
1019
1
bbcg-babj 3
1021
2
bgbj-bacb 2
bcje-bacb 1
1022
2
hbc-bacc 2
gdb-bacc 1
1024
1
bbcd-bace 3
1026
1
bgdb-bacg 3
1027
1
bih-bach 3
1028
1
ejc-baci 3
1029
3
bada-bacj 1
ibj-bacj 1
iha-bacj 1
1030
2
hej-bada 2
bbcf-bada 1
1031
1
bdf-badb 3
1032
2
ifg-badc 2
hfg-badc 1
1033
1
bcac-badd 3
1035
1
fgh-badf 3
1038
1
bbdi-badi 3
1039
2
bjf-badj 2
bbhf-badj 1
1040
1
hdd-baea 3
1041
2
fd-baeb 1
bdcj-baeb 2
1042
3
jha-baec 1
bcac-baec 1
jaa-baec 1
1043
1
djc-baed 3
1044
1
baeg-baee 3
1045
1
efd-baef 3
1046
2
bcef-baeg 2
hhd-baeg 1
1048
2
bagg-baei 2
bcig-baei 1
1049
2
bbhh-baej 1
bdfj-baej 2
1050
2
dgj-bafa 2
jdj-bafa 1
1051
2
gdg-bafb 2
bbbd-bafb 1
1052
1
hii-bafc 3
1053
1
cfa-bafd 3
1054
1
fdd-bafe 3
1055
1
bfif-baff 3
1058
3
bbgf-bafi 1
bhj-bafi 1
chi-bafi 1
1059
1
hef-bafj 3
1060
1
bbag-baga 3
1061
1
fhb-bagb 3
1062
1
gie-bagc 3
1063
1
hgd-bagd 3
1064
2
jhf-bage 1
jfb-bage 2
1065
2
bede-bagf 1
bgd-bagf 2
1066
2
hgb-bagg 2
baie-bagg 1
1067
3
ijg-bagh 1
cgf-bagh 1
gje-bagh 1
1068
1
bcac-bagi 3
1069
1
jhd-bagj 3
1070
2
bgcc-baha 1
bcgf-baha 2
1072
1
hbg-bahc 3
1073
3
dbb-bahd 1
dii-bahd 1
beij-bahd 1
1074
1
bcdi-bahe 3
1075
1
bagd-bahf 3
1076
1
gjc-bahg 3
1077
3
jab-bahh 1
bahg-bahh 1
bedg-bahh 1
1078
1
ceh-bahi 3
1079
1
fbe-bahj 3
1080
1
jif-baia 3
1084
2
efc-baie 1
bai-baie 2
1086
3
hif-baig 1
edd-baig 1
jgh-baig 1
1087
2
becj-baih 1
gcf-baih 2
1088
1
bbab-baii 3
1089
2
ife-baij 1
bha-baij 2
1090
3
bif-baja 1
cdh-baja 1
bcfj-baja 1
1091
3
bafj-bajb 1
bdfg-bajb 1
ji-bajb 1
1092
2
dhb-bajc 2
bbae-bajc 1
1093
1
hhg-bajd 3
1094
2
iej-baje 1
gfi-baje 2
1095
2
jcd-bajf 2
bbgi-bajf 1
1097
1
bia-bajh 3
1098
1
baje-baji 3
1099
1
bajf-bajj 3
1100
1
bcfa-bbaa 3
1101
1
bbfc-bbab 3
1102
3
dce-bbac 1
iif-bbac 1
fed-bbac 1
1103
2
bbag-bbad 2
jbh-bbad 1
1104
2
gc-bbae 1
bcfc-bbae 2
1105
1
eff-bbaf 3
1106
1
gff-bbag 3
1107
3
cja-bbah 1
beci-bbah 1
fhe-bbah 1
1109
1
ich-bbaj 3
1110
1
hdb-bbba 3
1113
3
baec-bbbd 1
bgab-bbbd 1
bbh-bbbd 1
1114
3
bccj-bbbe 1
dhj-bbbe 1
bcc-bbbe 1
1116
2
icb-bbbg 2
ief-bbbg 1
1117
2
bagc-bbbh 2
ehg-bbbh 1
1119
3
bgdj-bbbj 1
bahe-bbbj 1
big-bbbj 1
1121
3
fbc-bbcb 1
hih-bbcb 1
djj-bbcb 1
1122
1
hbd-bbcc 3
1123
2
baii-bbcd 2
gje-bbcd 1
1124
2
gde-bbce 2
iff-bbce 1
1125
2
fhc-bbcf 1
bbae-bbcf 2
1126
1
ccj-bbcg 3
1127
1
icb-bbch 3
1128
1
babh-bbci 3
1129
1
hee-bbcj 3
1130
2
jde-bbda 1
bbji-bbda 2
1131
3
hjj-bbdb 1
idc-bbdb 1
bfdj-bbdb 1
1133
2
beb-bbdd 1
bci-bbdd 2
1134
1
jif-bbde 3
1135
3
baed-bbdf 1
gbi-bbdf 1
gbc-bbdf 1
1136
1
bgdc-bbdg 3
1137
2
eef-bbdh 2
ghb-bbdh 1
1138
3
bcba-bbdi 1
baee-bbdi 1
hbh-bbdi 1
1140
1
df-bbea 3
1141
3
bbde-bbeb 1
ihd-bbeb 1
bbae-bbeb 1
1142
1
bcie-bbec 3
1144
1
bdee-bbee 3
1145
2
fjb-bbef 2
badd-bbef 1
1146
2
bcjg-bbeg 1
eca-bbeg 2
1148
1
gej-bbei 3
1149
3
bcbb-bbej 1
fja-bbej 1
fci-bbej 1
1150
2
jf-bbfa 2
bacc-bbfa 1
1151
3
fgd-bbfb 1
bbgg-bbfb 1
bdah-bbfb 1
1152
1
ibh-bbfc 3
1153
2
eaa-bbfd 2
bdcj-bbfd 1
1154
2
bbgi-bbfe 2
chg-bbfe 1
1155
3
fcc-bbff 1
hg-bbff 1
ihi-bbff 1
1156
2
fea-bbfg 2
bfee-bbfg 1
1157
2
bbjg-bbfh 1
gec-bbfh 2
1158
2
bfhb-bbfi 2
bbej-bbfi 1
1159
2
ifc-bbfj 1
cbc-bbfj 2
1160
1
jbc-bbga 3
1161
2
hi-bbgb 1
hgd-bbgb 2
1162
1
bafa-bbgc 3
1163
1
bgag-bbgd 3
1164
2
bbff-bbge 2
eb-bbge 1
1165
1
fcj-bbgf 3
1166
1
bcde-bbgg 3
1168
2
jgi-bbgi 2
bfi-bbgi 1
1169
2
bejh-bbgj 2
eah-bbgj 1
1170
1
begi-bbha 3
1171
1
iec-bbhb 3
1172
3
cbh-bbhc 1
jdi-bbhc 1
bca-bbhc 1
1173
3
bdb-bbhd 1
bced-bbhd 1
j-bbhd 1
1174
3
bbgb-bbhe 1
id-bbhe 1
fh-bbhe 1
1175
1
dia-bbhf 3
1177
2
beee-bbhh 2
bcjf-bbhh 1
1178
1
hgi-bbhi 3
1180
1
ei-bbia 3
1181
1
bdi-bbib 3
1182
2
befc-bbic 1
iab-bbic 2
1183
1
bbdd-bbid 3
1184
3
dee-bbie 1
bbhj-bbie 1
def-bbie 1
1185
1
dcj-bbif 3
1187
1
gc-bbih 3
1188
1
bfgf-bbii 3
1189
2
beci-bbij 2
cdd-bbij 1
1190
2
fec-bbja 2
bacb-bbja 1
1192
2
ii-bbjc 2
bhc-bbjc 1
1195
2
haj-bbjf 1
jbg-bbjf 2
1196
1
bagj-bbjg 3
1197
1
jih-bbjh 3
1198
2
hhi-bbji 2
bch-bbji 1
1199
1
cig-bbjj 3
1200
1
bgb-bcaa 3
1201
2
gce-bcab 1
dfi-bcab 2
1202
3
had-bcac 1
hac-bcac 1
fa-bcac 1
1203
2
bgcb-bcad 1
bdf-bcad 2
1205
2
bcda-bcaf 1
bbha-bcaf 2
1206
1
bgch-bcag 3
1207
1
eed-bcah 3
1209
1
bbji-bcaj 3
1211
3
hag-bcbb 1
bdbj-bcbb 1
die-bcbb 1
1212
2
dbe-bcbc 2
bafj-bcbc 1
1214
2
gda-bcbe 2
bdd-bcbe 1
1215
2
bged-bcbf 1
igc-bcbf 2
1216
2
iea-bcbg 1
dbh-bcbg 2
1217
1
bhg-bcbh 3
1218
1
jdd-bcbi 3
1220
3
behj-bcca 1
fb-bcca 1
jfe-bcca 1
1221
1
cid-bccb 3
1223
2
bfed-bccd 2
behg-bccd 1
1225
2
bajb-bccf 2
bfhd-bccf 1
1226
2
badf-bccg 2
begg-bccg 1
1227
1
hjg-bcch 3
1228
1
hjd-bcci 3
1229
3
hci-bccj 1
cfg-bccj 1
gbe-bccj 1
1230
3
ijd-bcda 1
dh-bcda 1
beii-bcda 1
1231
1
bbeb-bcdb 3
1232
1
bccd-bcdc 3
1233
3
bbfh-bcdd 1
bagh-bcdd 1
bdid-bcdd 1
1234
3
beje-bcde 1
cba-bcde 1
bcha-bcde 1
1235
1
bbef-bcdf 3
1236
3
hjc-bcdg 1
chc-bcdg 1
jje-bcdg 1
1237
1
faf-bcdh 3
1238
1
cfg-bcdi 3
1239
1
fdb-bcdj 3
1240
1
becb-bcea 3
1241
2
bfcf-bceb 2
idj-bceb 1
1243
1
bcjd-bced 3
1244
2
iai-bcee 1
bdja-bcee 2
1245
2
fbb-bcef 1
fbj-bcef 2
1247
1
fab-bceh 3
1250
1
jfh-bcfa 3
1252
1
cig-bcfc 3
1253
1
idg-bcfd 3
1254
1
jh-bcfe 3
1255
1
begg-bcff 3
1256
1
fjj-bcfg 3
1258
1
ihe-bcfi 3
1259
1
bchb-bcfj 3
1261
2
eai-bcgb 2
jae-bcgb 1
1262
1
beih-bcgc 3
1264
2
baih-bcge 2
bgh-bcge 1
1265
1
bbga-bcgf 3
1266
1
bfhf-bcgg 3
1267
2
cbj-bcgh 2
bdjg-bcgh 1
1268
2
fca-bcgi 2
hce-bcgi 1
1269
3
bdbg-bcgj 1
beae-bcgj 1
bfci-bcgj 1
1270
1
deh-bcha 3
1271
2
bdfj-bchb 2
hhd-bchb 1
1272
1
cej-bchc 3
1273
2
jbd-bchd 1
bdaf-bchd 2
1274
2
gcd-bche 2
becg-bche 1
1275
2
bfag-bchf 2
hdj-bchf 1
1276
3
hga-bchg 1
bebi-bchg 1
hhj-bchg 1
1277
2
bcjj-bchh 2
hhi-bchh 1
1278
1
ifh-bchi 3
1279
1
jcd-bchj 3
1280
1
bgec-bcia 3
1281
3
bje-bcib 1
dde-bcib 1
bfgd-bcib 1
1284
1
eic-bcie 3
1285
1
bdjb-bcif 3
1286
1
fae-bcig 3
1287
1
cae-bcih 3
1288
2
cga-bcii 2
jeh-bcii 1
1290
3
ica-bcja 1
bbfi-bcja 1
hhd-bcja 1
1292
2
bbaf-bcjc 1
bbdg-bcjc 2
1293
1
hdf-bcjd 3
1294
1
bbfh-bcje 3
1295
3
bedc-bcjf 1
dde-bcjf 1
bdjc-bcjf 1
1296
2
eii-bcjg 1
jce-bcjg 2
1299
2
fig-bcjj 2
bfgi-bcjj 1
1300
3
edh-bdaa 1
eba-bdaa 1
gcj-bdaa 1
1301
2
iji-bdab 2
bdib-bdab 1
1302
2
cgb-bdac 2
gba-bdac 1
1303
1
dja-bdad 3
1304
1
bbif-bdae 3
1305
1
ga-bdaf 3
1307
2
ibd-bdah 2
beeg-bdah 1
1309
1
hed-bdaj 3
1310
1
bbch-bdba 3
1314
1
hh-bdbe 3
1316
2
hdj-bdbg 2
bfii-bdbg 1
1317
1
jhg-bdbh 3
1319
3
jfa-bdbj 1
gid-bdbj 1
bbci-bdbj 1
1321
1
ibj-bdcb 3
1322
2
bdhf-bdcc 1
iig-bdcc 2
1323
1
bdgd-bdcd 3
1325
1
faa-bdcf 3
1326
1
bce-bdcg 3
1327
2
hgc-bdch 1
cac-bdch 2
1328
1
efh-bdci 3
1329
2
feb-bdcj 2
jjc-bdcj 1
1330
1
efh-bdda 3
1331
1
bbbg-bddb 3
1333
2
daa-bddd 2
bcbf-bddd 1
1334
1
jif-bdde 3
1337
1
bffa-bddh 3
1338
1
fjg-bddi 3
1339
3
bj-bddj 1
bbbe-bddj 1
bcaf-bddj 1
1340
1
dc-bdea 3
1341
2
jaf-bdeb 2
bdif-bdeb 1
1342
2
cca-bdec 1
bfaf-bdec 2
1344
2
gii-bdee 1
bcie-bdee 2
1345
1
hbe-bdef 3
1346
1
hdh-bdeg 3
1349
1
bfaa-bdej 3
1350
2
bje-bdfa 2
jjf-bdfa 1
1351
1
ijg-bdfb 3
1353
2
efb-bdfd 1
bec-bdfd 2
1354
1
bfeg-bdfe 3
1355
1
jga-bdff 3
1356
1
bdic-bdfg 3
1357
2
bege-bdfh 2
bacc-bdfh 1
1358
2
jcf-bdfi 2
becc-bdfi 1
1359
3
bbjf-bdfj 1
hae-bdfj 1
cdf-bdfj 1
1360
3
ehh-bdga 1
ihf-bdga 1
bafa-bdga 1
1361
3
bead-bdgb 1
fca-bdgb 1
hig-bdgb 1
1363
2
gbc-bdgd 2
gga-bdgd 1
1364
1
baej-bdge 3
1365
2
fcc-bdgf 1
bfbe-bdgf 2
1366
1
fbh-bdgg 3
1367
1
eea-bdgh 3
1368
2
bdj-bdgi 1
bdjb-bdgi 2
1369
1
bgdi-bdgj 3
1371
2
haf-bdhb 2
hbh-bdhb 1
1372
2
bahg-bdhc 1
jei-bdhc 2
1373
2
bae-bdhd 2
bcbg-bdhd 1
1374
3
jjj-bdhe 1
ecc-bdhe 1
bagb-bdhe 1
1375
2
bfae-bdhf 2
bcdh-bdhf 1
1377
1
bdfd-bdhh 3
1378
3
ccf-bdhi 1
hb-bdhi 1
ihe-bdhi 1
1379
1
iah-bdhj 3
1380
2
jgg-bdia 1
bgff-bdia 2
1381
1
bcfi-bdib 3
1382
1
hhg-bdic 3
1383
1
beh-bdid 3
1384
1
igc-bdie 3
1385
1
fgc-bdif 3
1386
1
bdge-bdig 3
1388
1
cch-bdii 3
1389
1
fbg-bdij 3
1390
1
bbhb-bdja 3
1391
1
bchd-bdjb 3
1392
2
ifh-bdjc 2
bfbb-bdjc 1
1394
1
cge-bdje 3
1395
1
jig-bdjf 3
1396
1
bdef-bdjg 3
1397
1
bfdf-bdjh 3
1399
1
bccf-bdjj 3
1400
1
bcfj-beaa 3
1401
1
baai-beab 3
1403
1
bib-bead 3
1404
1
bdch-beae 3
1406
1
cci-beag 3
1407
2
bche-beah 2
bgfc-beah 1
1408
1
ida-beai 3
1409
1
dea-beaj 3
1410
2
bbcb-beba 2
bbf-beba 1
1412
1
bbah-bebc 3
1413
1
bejj-bebd 3
1414
1
bccd-bebe 3
1415
2
bbfj-bebf 2
ghb-bebf 1
1418
1
fad-bebi 3
1419
1
bbec-bebj 3
1421
2
bfbj-becb 2
bcg-becb 1
1422
2
bcc-becc 2
haf-becc 1
1423
2
bbii-becd 2
fba-becd 1
1424
1
fii-bece 3
1425
1
hce-becf 3
1426
1
bagi-becg 3
1428
1
bbgj-beci 3
1429
1
hec-becj 3
1430
3
bfhh-beda 1
cbd-beda 1
bc-beda 1
1432
1
bfaj-bedc 3
1434
2
bbda-bede 1
hf-bede 2
1435
1
ebh-bedf 3
1436
1
jbg-bedg 3
1437
2
baha-bedh 1
bgai-bedh 2
1438
1
iib-bedi 3
1439
1
igd-bedj 3
1441
2
hcf-beeb 1
bbee-beeb 2
1442
1
jba-beec 3
1443
2
becd-beed 2
bfih-beed 1
1444
2
hhc-beee 2
eff-beee 1
1445
1
icf-beef 3
1446
3
befc-beeg 1
bdeb-beeg 1
he-beeg 1
1448
1
bdcg-beei 3
1450
2
cbc-befa 2
ebe-befa 1
1451
1
babd-befb 3
1452
1
bchf-befc 3
1455
1
fid-beff 3
1456
1
bah-befg 3
1458
1
bahf-befi 3
1459
1
bdgc-befj 3
1460
1
gca-bega 3
1463
1
bdgi-begd 3
1464
1
babb-bege 3
1466
2
bfai-begg 2
ifb-begg 1
1468
1
cff-begi 3
1469
1
bbfb-begj 3
1470
2
bebd-beha 1
hcj-beha 2
1471
1
bfdh-behb 3
1474
2
bgaa-behe 1
ihd-behe 2
1475
1
hdf-behf 3
1476
1
iei-behg 3
1477
1
bcgg-behh 3
1478
1
bgde-behi 3
1479
1
ihb-behj 3
1481
1
bdaj-beib 3
1482
2
dg-beic 2
bbb-beic 1
1483
2
bdje-beid 1
iai-beid 2
1484
1
cgc-beie 3
1485
2
cii-beif 2
gab-beif 1
1487
2
dcc-beih 2
ijd-beih 1
1488
1
cbe-beii 3
1489
1
bah-beij 3
1491
1
bace-bejb 3
1494
1
baag-beje 3
1496
2
cha-bejg 1
bcag-bejg 2
1497
1
bdaa-bejh 3
1498
2
dcf-beji 2
ifa-beji 1
1499
1
cdg-bejj 3
1500
2
bhf-bfaa 2
ccd-bfaa 1
1504
3
bfah-bfae 1
bai-bfae 1
ecc-bfae 1
1505
1
bedh-bfaf 3
1506
2
jai-bfag 2
bdad-bfag 1
1507
1
jbf-bfah 3
1508
1
bcaj-bfai 3
1509
1
bcjd-bfaj 3
1510
1
bdgg-bfba 3
1511
1
hda-bfbb 3
1512
1
ijd-bfbc 3
1513
1
bbjd-bfbd 3
1514
1
behh-bfbe 3
1515
2
efe-bfbf 2
bdga-bfbf 1
1516
1
hih-bfbg 3
1519
1
beif-bfbj 3
1520
1
ghc-bfca 3
1521
2
gaj-bfcb 1
bbba-bfcb 2
1523
2
bcdc-bfcd 2
bdbj-bfcd 1
1525
1
bca-bfcf 3
1526
3
bfgg-bfcg 1
cjc-bfcg 1
bgdj-bfcg 1
1527
1
bafe-bfch 3
1528
1
fjb-bfci 3
1529
2
dif-bfcj 2
gh-bfcj 1
1530
1
baai-bfda 3
1531
1
iih-bfdb 3
1532
1
bfbc-bfdc 3
1533
1
bcgh-bfdd 3
1534
1
jgf-bfde 3
1535
1
ddf-bfdf 3
1536
1
bdfi-bfdg 3
1537
1
bdec-bfdh 3
1538
1
fgc-bfdi 3
1539
1
bddd-bfdj 3
1541
1
ggf-bfeb 3
1543
2
iea-bfed 1
iia-bfed 2
1544
2
fhi-bfee 2
dae-bfee 1
1545
3
bgaf-bfef 1
faa-bfef 1
ied-bfef 1
1546
1
dfb-bfeg 3
1547
1
fdc-bfeh 3
1551
1
bda-bffb 3
1553
1
egi-bffd 3
1555
1
becg-bfff 3
1556
1
gci-bffg 3
1557
1
ghi-bffh 3
1559
1
eda-bffj 3
1561
2
bcfj-bfgb 1
beif-bfgb 2
1562
1
bdac-bfgc 3
1563
1
ihj-bfgd 3
1565
1
bgga-bfgf 3
1566
1
ec-bfgg 3
1568
1
bgej-bfgi 3
1571
1
bhg-bfhb 3
1572
1
dgd-bfhc 3
1573
1
bdgb-bfhd 3
1574
1
bfi-bfhe 3
1575
2
jjj-bfhf 2
ded-bfhf 1
1576
2
ibi-bfhg 2
bfhi-bfhg 1
1577
1
ibh-bfhh 3
1578
1
ice-bfhi 3
1579
1
gih-bfhj 3
1580
1
df-bfia 3
1582
1
igc-bfic 3
1585
2
dfi-bfif 2
caa-bfif 1
1587
1
cif-bfih 3
1588
2
hjg-bfii 2
edc-bfii 1
1589
1
gih-bfij 3
1590
1
bie-bfja 3
1591
1
icj-bfjb 3
1594
1
bfba-bfje 3
1595
1
cdg-bfjf 3
1596
1
bdej-bfjg 3
1598
1
bebd-bfji 3
1599
1
hhg-bfjj 3
1600
1
bcdd-bgaa 3
1601
1
fga-bgab 3
1602
1
babg-bgac 3
1605
1
beab-bgaf 3
1606
1
bed-bgag 3
1608
1
baji-bgai 3
1609
1
egb-bgaj 3
1614
1
bfhe-bgbe 3
1616
1
dff-bgbg 3
1617
2
bgfh-bgbh 2
ece-bgbh 1
1619
1
cbj-bgbj 3
1621
1
icd-bgcb 3
1622
2
dga-bgcc 1
bdbe-bgcc 2
1625
1
cib-bgcf 3
1626
1
cba-bgcg 3
1627
1
cga-bgch 3
1628
2
bda-bgci 2
hje-bgci 1
1629
1
beeg-bgcj 3
1631
1
jdd-bgdb 3
1632
1
gbb-bgdc 3
1633
1
ede-bgdd 3
1634
1
beic-bgde 3
1635
1
bbia-bgdf 3
1636
1
baf-bgdg 3
1638
1
bach-bgdi 3
1639
1
jdb-bgdj 3
1640
1
bcia-bgea 3
1641
1
ega-bgeb 3
1642
1
bacg-bgec 3
1643
1
behi-bged 3
1645
1
fed-bgef 3
1647
1
bece-bgeh 3
1649
1
jej-bgej 3
1650
1
bddj-bgfa 3
1652
1
bfjg-bgfc 3
1653
1
gif-bgfd 3
1655
1
bcgh-bgff 3
1657
1
bgbi-bgfh 3
1659
1
eef-bgfj 3
1660
1
bdhi-bgga 3
