1615
1
2
dab-b 5
ehb-b 3
2
6
di-c 1
dgj-c 1
fcd-c 1
dgc-c 3
bih-c 1
bi-c 1
3
3
ii-d 3
cbd-d 3
bcb-d 2
4
3
cba-e 2
hic-e 1
d-e 5
5
4
jbb-f 1
bdjf-f 1
bda-f 2
e-f 4
6
4
bfg-g 2
gic-g 3
iee-g 1
eie-g 2
7
1
bfa-h 8
8
2
gie-i 7
geg-i 1
9
3
fbj-j 4
bi-j 1
heg-j 3
10
1
bdi-ba 8
11
6
bgf-bb 2
bcea-bb 1
gc-bb 1
bcef-bb 2
bee-bb 1
cd-bb 1
12
2
dgf-bc 6
hbf-bc 2
13
3
bejh-bd 2
cjb-bd 5
cch-bd 1
14
4
babg-be 4
bbbj-be 1
fec-be 2
beai-be 1
15
2
hi-bf 2
dh-bf 6
16
3
baae-bg 4
bi-bg 2
bdii-bg 2
17
2
bgeh-bh 7
ihi-bh 1
18
4
babg-bi 4
fic-bi 1
feh-bi 1
hej-bi 2
19
3
bdbf-bj 1
hcj-bj 6
dhf-bj 1
20
2
dfg-ca 7
gjh-ca 1
21
2
edb-cb 3
did-cb 5
22
2
jgi-cc 7
dgf-cc 1
23
5
bcaj-cd 3
dbg-cd 1
bhd-cd 1
gfa-cd 2
ffb-cd 1
24
4
ef-ce 2
bi-ce 1
jag-ce 1
jgf-ce 4
25
4
fhg-cf 1
eac-cf 1
cc-cf 4
def-cf 2
26
5
chb-cg 1
bd-cg 1
hhc-cg 1
eh-cg 1
ca-cg 4
27
1
bjd-ch 8
28
4
hfh-ci 1
gbg-ci 1
bffg-ci 2
hif-ci 4
29
2
fbi-cj 1
bfgd-cj 7
30
7
bcei-da 1
bdf-da 1
eej-da 1
gda-da 2
bhd-da 1
fai-da 1
beib-da 1
31
5
gi-db 1
bgj-db 1
bbde-db 2
cd-db 3
cbh-db 1
32
5
ifh-dc 2
bbgj-dc 1
iej-dc 1
iag-dc 1
ecg-dc 3
33
3
babg-dd 2
dfg-dd 4
fc-dd 2
34
2
di-de 7
ghj-de 1
35
5
igi-df 2
gc-df 1
iei-df 1
bfgb-df 1
ibf-df 3
36
8
bgfe-dg 1
bcii-dg 1
bebe-dg 1
bed-dg 1
hah-dg 1
cee-dg 1
bcag-dg 1
bdfc-dg 1
37
4
bagf-dh 2
gcd-dh 1
dc-dh 1
hha-dh 4
38
1
haf-di 8
39
1
gdb-dj 8
40
5
eee-ea 3
jff-ea 1
fda-ea 1
dbb-ea 2
jjh-ea 1
41
3
bbfc-eb 5
cdi-eb 1
hac-eb 2
42
3
cdc-ec 6
fc-ec 1
fi-ec 1
43
5
eb-ed 1
bcia-ed 1
edf-ed 1
bfdc-ed 1
ech-ed 4
44
2
cfb-ee 1
bacc-ee 7
45
4
cih-ef 4
beeh-ef 2
cij-ef 1
ige-ef 1
46
4
ffd-eg 2
cbg-eg 2
bdj-eg 2
ggg-eg 2
47
5
gdh-eh 1
bbei-eh 1
bjb-eh 1
fdd-eh 1
bbfg-eh 4
48
4
jfj-ei 2
bcjf-ei 1
dff-ei 4
bb-ei 1
49
2
baig-ej 4
cd-ej 4
50
5
jji-fa 1
bhg-fa 1
bc-fa 1
bcb-fa 4
dhe-fa 1
51
2
dfa-fb 5
bdc-fb 3
52
4
bfch-fc 1
eab-fc 3
bcj-fc 3
fif-fc 1
53
3
je-fd 6
daf-fd 1
dhe-fd 1
54
1
jic-fe 8
55
3
bed-ff 3
cje-ff 4
gb-ff 1
56
1
bfaf-fg 8
57
1
bejb-fh 8
58
3
fg-fi 5
bfdg-fi 1
hee-fi 2
59
2
dbg-fj 7
ifd-fj 1
60
2
bi-ga 5
fga-ga 3
61
2
bbjc-gb 6
bbeb-gb 2
62
5
bdfa-gc 1
gge-gc 1
eie-gc 2
e-gc 1
j-gc 3
63
8
daj-gd 1
dbf-gd 1
dai-gd 1
gfb-gd 1
je-gd 1
bfgc-gd 1
icd-gd 1
cfj-gd 1
64
2
g-ge 3
dfi-ge 5
65
1
cgh-gf 8
66
5
idf-gg 2
bfjf-gg 1
cdh-gg 1
jhg-gg 1
jdj-gg 3
67
3
jci-gh 6
bddh-gh 1
bh-gh 1
68
3
ch-gi 3
cbe-gi 4
bcff-gi 1
69
3
gjj-gj 5
edh-gj 1
baad-gj 2
70
3
db-ha 6
bda-ha 1
ecc-ha 1
71
2
efh-hb 5
iaa-hb 3
72
4
gg-hc 1
cif-hc 1
dbf-hc 1
ejc-hc 5
74
5
hc-he 2
bgi-he 1
bcd-he 2
bcjc-he 1
bebb-he 2
75
3
hie-hf 1
bdbc-hf 3
dah-hf 4
76
2
cgj-hg 4
bja-hg 4
77
4
gcj-hh 1
cae-hh 5
beic-hh 1
bjb-hh 1
78
5
bac-hi 1
fa-hi 1
ihf-hi 2
baec-hi 3
iba-hi 1
79
3
gfg-hj 6
di-hj 1
jfc-hj 1
80
4
ccc-ia 2
bdjd-ia 4
bfeh-ia 1
di-ia 1
81
2
gia-ib 3
ghd-ib 5
82
2
bedh-ic 2
cgi-ic 6
83
2
eab-id 1
gbg-id 7
84
4
haj-ie 1
eeh-ie 1
bjd-ie 2
dej-ie 4
85
3
bfce-if 6
bcge-if 1
di-if 1
86
1
egf-ig 8
87
2
bcfj-ih 5
cgh-ih 3
88
5
chf-ii 2
dgc-ii 1
bacj-ii 3
bgfi-ii 1
eig-ii 1
89
2
ife-ij 7
bcd-ij 1
90
1
hij-ja 8
91
3
bhe-jb 4
ehi-jb 2
jc-jb 2
92
6
babi-jc 2
gbe-jc 2
bbjg-jc 1
gii-jc 1
fci-jc 1
hj-jc 1
93
2
cae-jd 5
fhj-jd 3
94
6
fcf-je 1
bfgb-je 1
gdf-je 1
bbi-je 1
bfc-je 3
bi-je 1
95
1
iae-jf 8
96
3
beb-jg 1
daf-jg 5
ec-jg 2
97
4
hib-jh 3
dai-jh 1
bbfg-jh 1
bcbf-jh 3
98
4
bdjh-ji 2
bccj-ji 2
idd-ji 3
beaa-ji 1
99
3
fgf-jj 3
dej-jj 4
bcee-jj 1
100
5
efg-baa 2
bfg-baa 1
dfi-baa 1
dig-baa 1
fhg-baa 3
101
4
jhg-bab 2
eic-bab 1
chf-bab 1
ede-bab 4
102
5
bfe-bac 3
hfi-bac 1
gja-bac 1
hj-bac 2
da-bac 1
103
3
jid-bad 5
bha-bad 1
bfi-bad 2
104
4
dgj-bae 2
cd-bae 3
bdga-bae 2
ceg-bae 1
105
3
bcb-baf 4
bdbh-baf 2
cj-baf 2
106
5
dad-bag 1
bfce-bag 1
bbfi-bag 3
bcc-bag 2
fic-bag 1
107
6
bbcc-bah 2
hbf-bah 1
gjh-bah 1
deg-bah 1
ifd-bah 1
ddf-bah 2
108
2
bda-bai 5
cfj-bai 3
109
2
eg-baj 6
chf-baj 2
110
3
gdc-bba 2
fbe-bba 2
hi-bba 4
111
3
edb-bbb 4
d-bbb 2
fdh-bbb 2
112
5
chf-bbc 1
jje-bbc 1
dgb-bbc 2
gbg-bbc 2
dbb-bbc 2
114
2
cie-bbe 1
cb-bbe 7
115
3
bei-bbf 5
dfc-bbf 1
bage-bbf 2
116
6
eg-bbg 1
gdc-bbg 2
iff-bbg 1
eba-bbg 1
bbbj-bbg 1
cbd-bbg 2
117
3
gjh-bbh 5
bacc-bbh 2
ehi-bbh 1
118
5
bech-bbi 1
beeh-bbi 3
gfd-bbi 1
bca-bbi 1
cbb-bbi 2
119
7
fag-bbj 2
baja-bbj 1
bbag-bbj 1
ige-bbj 1
gjh-bbj 1
eh-bbj 1
bbf-bbj 1
120
5
gaf-bca 1
eae-bca 2
cji-bca 1
gae-bca 1
cc-bca 3
121
3
bbgc-bcb 1
fba-bcb 4
bbdg-bcb 3
122
7
bbab-bcc 1
bebg-bcc 1
hgb-bcc 2
jg-bcc 1
bjd-bcc 1
gfi-bcc 1
bbff-bcc 1
123
4
jec-bcd 4
gc-bcd 1
eed-bcd 1
ddj-bcd 2
124
7
bb-bce 2
edi-bce 1
bi-bce 1
gef-bce 1
bagd-bce 1
ccc-bce 1
gc-bce 1
125
2
cea-bcf 7
ddj-bcf 1
126
4
di-bcg 3
g-bcg 1
dbg-bcg 1
bhj-bcg 3
127
4
gad-bch 3
ecb-bch 1
bgbf-bch 1
fbh-bch 3
128
6
bbhe-bci 2
bbf-bci 1
fag-bci 1
bcbc-bci 1
bbc-bci 2
bagb-bci 1
129
3
iff-bcj 2
icj-bcj 2
eac-bcj 4
130
5
eh-bda 2
dhg-bda 1
ffa-bda 1
dfj-bda 1
ia-bda 3
131
6
deh-bdb 3
efd-bdb 1
djh-bdb 1
cda-bdb 1
jbg-bdb 1
bfc-bdb 1
132
7
bbah-bdc 1
bbfe-bdc 1
fee-bdc 1
jbg-bdc 2
bbjh-bdc 1
fdc-bdc 1
bfea-bdc 1
133
3
bece-bdd 3
bcgc-bdd 3
bjf-bdd 2
134
3
gge-bde 4
bba-bde 1
iah-bde 3
135
4
gbf-bdf 2
gea-bdf 1
bbab-bdf 2
hcg-bdf 3
136
6
bahh-bdg 2
jdg-bdg 1
dhi-bdg 2
cha-bdg 1
bbij-bdg 1
bcc-bdg 1
137
3
jjg-bdh 2
feh-bdh 3
ce-bdh 3
138
4
iic-bdi 2
jbe-bdi 1
bffi-bdi 3
gci-bdi 2
139
6
hhc-bdj 1
geh-bdj 1
igg-bdj 1
jfe-bdj 1
ffb-bdj 1
bbbh-bdj 3
140
4
dgb-bea 2
dgc-bea 4
fif-bea 1
cdh-bea 1
141
5
cbe-beb 1
fe-beb 1
djg-beb 1
edh-beb 4
hia-beb 1
142
7
hff-bec 1
ica-bec 2
hea-bec 1
hj-bec 1
bdei-bec 1
ii-bec 1
eei-bec 1
143
5
ica-bed 1
bhc-bed 1
begd-bed 1
cd-bed 3
feh-bed 2
144
5
bgbe-bee 1
gjd-bee 1
cfa-bee 1
dfg-bee 1
bbej-bee 4
145
2
fgj-bef 6
dai-bef 2
146
4
fei-beg 3
bja-beg 3
ea-beg 1
bef-beg 1
147
7
bab-beh 1
gdd-beh 1
ieh-beh 1
jbj-beh 1
hi-beh 1
ccg-beh 1
cia-beh 2
148
5
jca-bei 1
jbi-bei 1
bcgi-bei 1
becg-bei 4
fge-bei 1
149
3
bdb-bej 3
fif-bej 1
bec-bej 4
150
3
cjd-bfa 3
egg-bfa 3
cdf-bfa 2
151
1
bdji-bfb 8
152
6
cdb-bfc 1
gbi-bfc 1
dcb-bfc 1
fcb-bfc 3
bafi-bfc 1
ifh-bfc 1
153
4
cie-bfd 3
jgi-bfd 1
haa-bfd 2
bif-bfd 2
154
5
gbc-bfe 1
cgh-bfe 3
baea-bfe 1
hff-bfe 2
dch-bfe 1
155
3
bcie-bff 6
eec-bff 1
gfe-bff 1
156
4
hhe-bfg 2
hj-bfg 1
bgac-bfg 3
dae-bfg 2
157
2
bae-bfh 6
eaa-bfh 2
158
6
ich-bfi 2
gaa-bfi 1
jhe-bfi 1
idg-bfi 2
ecj-bfi 1
bgci-bfi 1
159
4
gif-bfj 2
bii-bfj 4
jjj-bfj 1
ded-bfj 1
160
3
hbd-bga 2
dij-bga 4
efe-bga 2
161
4
cgc-bgb 2
bahe-bgb 3
hea-bgb 2
bedd-bgb 1
162
3
bdeh-bgc 1
cgd-bgc 6
cdb-bgc 1
163
3
bgdh-bgd 5
gd-bgd 2
edg-bgd 1
164
1
hci-bge 8
165
2
bd-bgf 4
iaa-bgf 4
166
5
bcaa-bgg 1
heh-bgg 1
bdde-bgg 1
ehg-bgg 2
babe-bgg 3
167
5
bfgh-bgh 1
be-bgh 1
dbg-bgh 1
cej-bgh 1
cgg-bgh 4
168
6
eij-bgi 1
daj-bgi 3
cbi-bgi 1
bhh-bgi 1
baa-bgi 1
dda-bgi 1
169
4
bffe-bgj 1
djh-bgj 1
hch-bgj 4
jai-bgj 2
170
4
gi-bha 1
ddd-bha 1
fh-bha 2
ccd-bha 4
171
6
bfbi-bhb 1
jh-bhb 1
fcb-bhb 1
ih-bhb 1
hhd-bhb 2
cda-bhb 2
172
6
gfg-bhc 3
bfe-bhc 1
bagf-bhc 1
bbfd-bhc 1
eje-bhc 1
edf-bhc 1
173
2
hj-bhd 2
eed-bhd 6
174
2
cfe-bhe 7
daa-bhe 1
175
6
ca-bhf 2
cgi-bhf 1
ech-bhf 1
jga-bhf 1
bci-bhf 2
dgi-bhf 1
176
6
baf-bhg 3
babb-bhg 1
iga-bhg 1
bci-bhg 1
cbg-bhg 1
cdi-bhg 1
177
4
cch-bhh 5
cbc-bhh 1
efe-bhh 1
bai-bhh 1
178
4
eaj-bhi 4
gbb-bhi 1
ibh-bhi 1
cdb-bhi 2
179
4
cb-bhj 5
bafb-bhj 1
ghd-bhj 1
dbf-bhj 1
180
2
cch-bia 3
hi-bia 5
181
2
fhc-bib 7
eae-bib 1
182
2
baa-bic 2
dc-bic 6
183
3
bajd-bid 4
beh-bid 3
bef-bid 1
184
7
bde-bie 1
eig-bie 2
bcc-bie 1
bbc-bie 1
hdd-bie 1
bcai-bie 1
dbe-bie 1
185
3
cji-bif 3
babf-bif 1
bgcg-bif 4
186
1
deg-big 8
187
3
bcff-bih 4
dcf-bih 1
hef-bih 3
188
4
bcej-bii 2
dfa-bii 3
ejd-bii 1
bga-bii 2
189
5
ba-bij 4
cia-bij 1
cha-bij 1
gfi-bij 1
eab-bij 1
190
2
ded-bja 6
dca-bja 2
191
4
db-bjb 1
bbee-bjb 2
fed-bjb 1
bcdb-bjb 4
192
4
ggh-bjc 3
ibe-bjc 3
bagc-bjc 1
baad-bjc 1
193
5
di-bjd 1
hdg-bjd 1
gd-bjd 1
ghb-bjd 2
bij-bjd 3
194
2
cga-bje 6
ecd-bje 2
195
5
bccc-bjf 1
baff-bjf 1
ecg-bjf 1
hii-bjf 1
hic-bjf 4
196
2
df-bjg 5
cec-bjg 3
197
5
cd-bjh 2
bcb-bjh 1
jeb-bjh 1
gfd-bjh 1
eah-bjh 3
198
4
fdj-bji 2
cgh-bji 1
dbg-bji 3
beeb-bji 2
199
4
edg-bjj 3
jhe-bjj 3
gci-bjj 1
baad-bjj 1
200
5
ecb-caa 2
hfg-caa 1
bafd-caa 2
dhc-caa 1
djj-caa 2
201
5
cjd-cab 3
bdg-cab 1
bef-cab 2
daf-cab 1
jbg-cab 1
202
5
cgd-cac 1
fid-cac 1
bbdh-cac 1
dbf-cac 1
djc-cac 4
203
1
icg-cad 8
204
7
bcb-cae 1
bccg-cae 1
jcd-cae 1
cci-cae 1
chb-cae 2
hhb-cae 1
bea-cae 1
205
3
ghc-caf 5
bafb-caf 2
gag-caf 1
206
4
fbi-cag 2
ebb-cag 2
cie-cag 3
bbg-cag 1
207
5
bebe-cah 1
bahc-cah 2
ih-cah 3
fac-cah 1
fde-cah 1
208
1
gdb-cai 8
209
3
eji-caj 5
jh-caj 2
ghh-caj 1
210
4
bfi-cba 1
bccb-cba 2
bbjf-cba 1
bgdd-cba 4
211
2
be-cbb 1
ihc-cbb 7
212
2
efg-cbc 5
bcdg-cbc 3
213
7
jej-cbd 1
ehe-cbd 1
eag-cbd 1
bcdc-cbd 2
jfc-cbd 1
bif-cbd 1
cec-cbd 1
214
1
bbcc-cbe 8
215
2
ceb-cbf 4
bff-cbf 4
216
4
becj-cbg 1
bdg-cbg 1
hjj-cbg 4
bbfi-cbg 2
217
1
bhi-cbh 8
218
2
bdi-cbi 3
ede-cbi 5
219
3
jec-cbj 2
gjj-cbj 5
hi-cbj 1
220
6
eea-cca 1
ehi-cca 1
cbe-cca 1
ihg-cca 1
bbi-cca 2
bbdb-cca 2
221
5
d-ccb 2
ejj-ccb 3
jeh-ccb 1
bjj-ccb 1
ddd-ccb 1
222
3
bcda-ccc 2
jfh-ccc 4
eag-ccc 2
223
4
cjf-ccd 4
bajb-ccd 1
eae-ccd 1
feh-ccd 2
224
1
bceh-cce 8
225
5
ihi-ccf 2
dca-ccf 2
hcc-ccf 1
jeg-ccf 2
ga-ccf 1
226
4
ide-ccg 1
bih-ccg 5
hjh-ccg 1
ijd-ccg 1
227
4
baaf-cch 5
bhe-cch 1
egd-cch 1
ice-cch 1
228
4
bbfd-cci 1
bgbg-cci 4
haf-cci 2
ceb-cci 1
229
4
gdf-ccj 5
hji-ccj 1
eeb-ccj 1
cch-ccj 1
230
2
dd-cda 4
ejd-cda 4
231
4
fcf-cdb 2
ejg-cdb 2
jaa-cdb 1
bff-cdb 3
232
5
gac-cdc 3
ccj-cdc 1
ddj-cdc 1
fad-cdc 1
eb-cdc 2
233
2
db-cdd 6
bebi-cdd 2
234
4
bdia-cde 3
gge-cde 1
hhb-cde 1
bjb-cde 3
235
5
bhj-cdf 1
badh-cdf 2
iee-cdf 3
fjc-cdf 1
dfa-cdf 1
236
4
dff-cdg 1
bfjd-cdg 4
cid-cdg 1
bdf-cdg 2
237
2
bbja-cdh 3
gfd-cdh 5
238
3
j-cdi 2
beha-cdi 5
jbc-cdi 1
239
2
hgg-cdj 4
ega-cdj 4
240
6
if-cea 1
gbi-cea 1
che-cea 2
be-cea 1
cfi-cea 1
jaj-cea 2
241
4
bdea-ceb 3
bfj-ceb 1
cii-ceb 3
dhh-ceb 1
242
2
bajb-cec 3
bad-cec 5
243
3
bbgc-ced 1
cah-ced 1
efg-ced 6
244
3
eej-cee 3
ic-cee 1
jhc-cee 4
245
4
dab-cef 2
bha-cef 3
bbec-cef 2
bfi-cef 1
246
3
iag-ceg 2
cah-ceg 2
gdg-ceg 4
247
1
gdd-ceh 8
248
2
ddf-cei 7
fhi-cei 1
249
5
bh-cej 1
bbeg-cej 1
dif-cej 1
bbee-cej 1
ef-cej 4
250
5
gei-cfa 2
hdi-cfa 1
bdhb-cfa 1
eb-cfa 1
ice-cfa 3
251
4
g-cfb 5
fhe-cfb 1
fgg-cfb 1
baga-cfb 1
252
2
eca-cfc 3
gef-cfc 5
253
2
bchd-cfd 6
geb-cfd 2
254
1
ijc-cfe 8
255
5
egj-cff 3
hda-cff 1
ejg-cff 2
bafc-cff 1
hjf-cff 1
256
4
bbdg-cfg 1
ej-cfg 1
bfdb-cfg 5
gic-cfg 1
257
4
bbee-cfh 1
cie-cfh 2
fjh-cfh 3
bee-cfh 2
258
4
eec-cfi 2
dhi-cfi 4
bcfi-cfi 1
badf-cfi 1
259
2
beb-cfj 4
cfi-cfj 4
260
6
bhb-cga 3
dh-cga 1
bcjf-cga 1
chf-cga 1
chj-cga 1
cgd-cga 1
261
5
da-cgb 1
deb-cgb 4
dch-cgb 1
gdf-cgb 1
dhd-cgb 1
262
5
hfc-cgc 1
hdb-cgc 1
ee-cgc 2
ica-cgc 3
cdb-cgc 1
263
5
bec-cgd 1
dcf-cgd 1
bafi-cgd 2
bajg-cgd 3
bafd-cgd 1
264
4
ea-cge 3
cci-cge 2
bfc-cge 1
bba-cge 2
265
4
bgbh-cgf 1
dej-cgf 4
fcc-cgf 1
ibe-cgf 2
266
3
bdh-cgg 5
fhc-cgg 2
bii-cgg 1
267
5
hif-cgh 1
cag-cgh 3
bdhc-cgh 2
babb-cgh 1
hc-cgh 1
268
5
baaa-cgi 1
fdh-cgi 1
ia-cgi 1
djh-cgi 3
daf-cgi 2
269
2
ifi-cgj 6
eag-cgj 2
270
5
gfh-cha 1
egj-cha 1
dcb-cha 1
ged-cha 4
dhj-cha 1
271
3
bcbi-chb 6
fff-chb 1
eci-chb 1
272
4
hba-chc 1
jhd-chc 3
bbfj-chc 1
fjc-chc 3
273
3
bfbg-chd 1
cjc-chd 1
ebh-chd 6
274
3
eah-che 1
befj-che 1
dej-che 6
275
4
fch-chf 2
did-chf 1
hfb-chf 4
eca-chf 1
276
3
fc-chg 5
edh-chg 1
iab-chg 2
277
1
ddj-chh 8
278
5
bbc-chi 1
bbea-chi 1
jeh-chi 1
ibj-chi 1
hga-chi 4
279
4
bgh-chj 4
hhi-chj 1
jg-chj 1
fg-chj 2
280
4
jj-cia 2
jej-cia 1
eie-cia 3
cce-cia 2
281
5
eha-cib 1
bcce-cib 3
bdhh-cib 1
bdhb-cib 1
hh-cib 2
282
3
dhi-cic 3
ifd-cic 1
jce-cic 4
283
7
cjb-cid 1
dfd-cid 1
cab-cid 1
fcf-cid 1
bdh-cid 2
ehb-cid 1
hgg-cid 1
284
2
jfi-cie 5
gg-cie 3
285
6
bcja-cif 1
gfe-cif 1
dgb-cif 2
dae-cif 1
baed-cif 1
idd-cif 2
286
4
dge-cig 2
hbj-cig 1
bbac-cig 4
eef-cig 1
287
1
icg-cih 8
288
6
gbi-cii 2
cah-cii 1
dad-cii 2
baha-cii 1
gc-cii 1
ggd-cii 1
289
3
cch-cij 4
dgf-cij 3
bgi-cij 1
290
4
ehg-cja 2
ead-cja 2
hcj-cja 3
bcaa-cja 1
291
4
jbi-cjb 4
beba-cjb 2
eei-cjb 1
bagh-cjb 1
292
4
bada-cjc 3
bfgi-cjc 2
db-cjc 1
bcih-cjc 2
293
2
bdaa-cjd 3
eje-cjd 5
294
2
bbi-cje 3
cea-cje 5
295
3
egf-cjf 1
cgb-cjf 1
dba-cjf 6
298
2
bdce-cji 6
hbd-cji 2
299
4
jah-cjj 1
fci-cjj 2
bgh-cjj 4
bfeb-cjj 1
300
4
bfde-daa 1
jjb-daa 3
ih-daa 2
bbhc-daa 2
301
2
bef-dab 1
hi-dab 7
302
3
bgi-dac 5
dce-dac 1
iid-dac 2
303
3
gcb-dad 2
gfd-dad 4
gfe-dad 2
304
3
baaa-dae 3
fce-dae 4
bcib-dae 1
305
5
fbb-daf 2
jae-daf 2
badi-daf 1
bdcb-daf 1
cha-daf 2
306
1
eb-dag 8
307
4
ihj-dah 2
ehc-dah 1
ggg-dah 1
cgi-dah 4
308
3
bchi-dai 6
dhc-dai 1
bafa-dai 1
309
5
fhj-daj 4
dce-daj 1
fae-daj 1
dhe-daj 1
geh-daj 1
310
3
bff-dba 6
hhj-dba 1
gdh-dba 1
311
3
cjb-dbb 4
eaa-dbb 1
dfc-dbb 3
312
2
hca-dbc 1
dah-dbc 7
313
3
bdjf-dbd 3
bfg-dbd 4
gcb-dbd 1
314
2
bcaf-dbe 4
dac-dbe 4
315
5
dac-dbf 2
eid-dbf 1
baad-dbf 1
gib-dbf 2
gdc-dbf 2
316
2
iag-dbg 2
dab-dbg 6
317
3
cdb-dbh 6
caa-dbh 1
fha-dbh 1
318
3
bcaa-dbi 3
fah-dbi 4
edd-dbi 1
319
3
bb-dbj 2
gjf-dbj 3
dhd-dbj 3
320
5
a-dca 2
jbi-dca 1
badg-dca 1
bda-dca 2
bdii-dca 2
321
5
efg-dcb 1
fi-dcb 2
gad-dcb 1
eda-dcb 2
gbj-dcb 2
322
7
di-dcc 2
fbb-dcc 1
heg-dcc 1
chf-dcc 1
jah-dcc 1
ddf-dcc 1
gdi-dcc 1
323
4
gda-dcd 1
cg-dcd 3
cfg-dcd 1
gjc-dcd 3
324
2
ebg-dce 3
jef-dce 5
325
4
fea-dcf 1
bbja-dcf 5
cgb-dcf 1
bhe-dcf 1
326
3
jjj-dcg 6
dca-dcg 1
cd-dcg 1
327
4
eca-dch 2
bdgc-dch 1
dh-dch 4
jai-dch 1
328
5
ehi-dci 3
cge-dci 1
bcef-dci 1
dae-dci 1
ddg-dci 2
329
2
jcg-dcj 5
begb-dcj 3
330
3
dai-dda 5
cea-dda 1
bjj-dda 2
331
3
bdge-ddb 1
bbdj-ddb 2
ddd-ddb 5
332
4
dac-ddc 1
ia-ddc 2
bfjb-ddc 2
bja-ddc 3
333
1
beef-ddd 8
334
8
fbe-dde 1
ifj-dde 1
d-dde 1
ghh-dde 1
ejf-dde 1
ehd-dde 1
bbj-dde 1
dbe-dde 1
335
7
chf-ddf 2
fcf-ddf 1
eb-ddf 1
bei-ddf 1
eij-ddf 1
jh-ddf 1
id-ddf 1
336
3
cdi-ddg 3
eid-ddg 3
cgc-ddg 2
337
3
ef-ddh 2
ech-ddh 3
baa-ddh 3
338
5
ehd-ddi 4
cfa-ddi 1
ef-ddi 1
bjc-ddi 1
fib-ddi 1
339
3
haa-ddj 1
ecg-ddj 1
ihj-ddj 6
340
6
dia-dea 1
edh-dea 2
bgi-dea 2
ebe-dea 1
ejd-dea 1
ief-dea 1
341
5
hgj-deb 2
hjc-deb 1
fei-deb 3
cbi-deb 1
hfg-deb 1
342
3
bcgh-dec 4
fdc-dec 1
bfg-dec 3
343
4
gij-ded 3
ihf-ded 1
ddc-ded 1
jab-ded 3
344
5
cia-dee 3
dej-dee 2
fhb-dee 1
dhc-dee 1
fji-dee 1
345
2
ceb-def 5
jfi-def 3
346
5
cdh-deg 1
fhd-deg 1
hia-deg 1
eec-deg 1
bceg-deg 4
347
3
dj-deh 3
iji-deh 3
ifa-deh 2
348
2
fif-dei 2
gjc-dei 6
349
4
dif-dej 1
bcah-dej 1
fda-dej 1
babg-dej 5
350
5
hab-dfa 1
bfb-dfa 3
eai-dfa 1
ege-dfa 2
fie-dfa 1
351
2
e-dfb 7
ehb-dfb 1
352
7
fgg-dfc 1
cjc-dfc 1
ca-dfc 1
ghb-dfc 1
fgj-dfc 1
eb-dfc 1
ddc-dfc 2
353
3
idj-dfd 5
bfcc-dfd 2
da-dfd 1
354
4
baac-dfe 1
badc-dfe 1
ejd-dfe 4
ii-dfe 2
355
5
heg-dff 1
hii-dff 1
gie-dff 1
jha-dff 3
ife-dff 2
356
3
eib-dfg 3
dhf-dfg 1
cdj-dfg 4
357
4
fee-dfh 1
beci-dfh 1
bbcb-dfh 5
fhb-dfh 1
358
2
hgh-dfi 5
egd-dfi 3
359
3
eb-dfj 1
bbah-dfj 1
ejd-dfj 6
360
2
fff-dga 5
bcdg-dga 3
361
2
cad-dgb 7
bcae-dgb 1
362
5
fib-dgc 1
bdbb-dgc 1
jic-dgc 2
c-dgc 2
bc-dgc 2
363
8
cbc-dgd 1
bajj-dgd 1
ifg-dgd 1
ifb-dgd 1
ebc-dgd 1
feh-dgd 1
bbjf-dgd 1
badi-dgd 1
364
5
beaa-dge 2
hcj-dge 2
dc-dge 2
ef-dge 1
bccf-dge 1
365
3
bffd-dgf 1
bbba-dgf 5
jfj-dgf 2
366
2
bced-dgg 6
bg-dgg 2
367
2
dff-dgh 7
idi-dgh 1
368
3
deb-dgi 6
bbf-dgi 1
ibf-dgi 1
369
4
gg-dgj 4
bea-dgj 2
bcab-dgj 1
ghb-dgj 1
370
3
dji-dha 6
dij-dha 1
jhi-dha 1
371
3
ebh-dhb 3
d-dhb 2
bajb-dhb 3
372
6
bbce-dhc 1
jii-dhc 1
bdab-dhc 1
bbed-dhc 1
dfg-dhc 1
dbg-dhc 3
373
6
baeg-dhd 1
dgh-dhd 2
cdi-dhd 1
hfh-dhd 2
ije-dhd 1
fhc-dhd 1
374
5
bbhb-dhe 2
bbhi-dhe 1
bbii-dhe 1
dca-dhe 1
ieg-dhe 3
375
3
baga-dhf 4
cjd-dhf 2
ebj-dhf 2
376
4
begf-dhg 1
beab-dhg 2
ida-dhg 4
bfe-dhg 1
377
4
dgf-dhh 1
bbb-dhh 4
bdac-dhh 2
bbh-dhh 1
378
3
ihg-dhi 2
fjf-dhi 2
ebh-dhi 4
379
5
icc-dhj 1
begh-dhj 4
ddj-dhj 1
idf-dhj 1
fce-dhj 1
380
1
ecg-dia 8
381
2
dhj-dib 1
bgg-dib 7
382
4
fh-dic 2
jff-dic 4
edj-dic 1
hhd-dic 1
383
5
hid-did 3
bgj-did 1
ccj-did 1
dhg-did 2
bab-did 1
384
5
fac-die 1
jeb-die 4
fig-die 1
baag-die 1
fea-die 1
385
1
bbdh-dif 8
386
3
edj-dig 2
fcd-dig 3
hih-dig 3
387
2
fdg-dih 6
bbjg-dih 2
388
2
bdeg-dii 3
bage-dii 5
389
5
bacf-dij 1
hhe-dij 3
ici-dij 1
cga-dij 2
eai-dij 1
390
1
bdhi-dja 8
391
2
jjj-djb 5
eee-djb 3
392
3
ddi-djc 3
jaj-djc 1
dba-djc 4
393
4
ceb-djd 1
ifd-djd 4
bejh-djd 2
cie-djd 1
394
3
beaj-dje 1
bbj-dje 2
hag-dje 5
395
2
di-djf 1
eha-djf 7
396
3
bceg-djg 1
efi-djg 3
hca-djg 4
397
7
beca-djh 1
gai-djh 2
bif-djh 1
bdef-djh 1
cjc-djh 1
ebi-djh 1
gdg-djh 1
398
2
bahj-dji 7
hhj-dji 1
399
3
dec-djj 2
bbc-djj 5
jib-djj 1
400
4
bee-eaa 4
eji-eaa 2
jbb-eaa 1
hjj-eaa 1
401
3
bbga-eab 1
bdha-eab 6
chi-eab 1
402
4
bcc-eac 4
bagg-eac 1
jhi-eac 2
cej-eac 1
403
2
dce-ead 6
caf-ead 2
404
5
bic-eae 2
fhi-eae 2
gdc-eae 2
icb-eae 1
edd-eae 1
405
3
fgj-eaf 3
fde-eaf 3
jc-eaf 2
406
5
ca-eag 3
gff-eag 1
cfa-eag 1
hgb-eag 2
hea-eag 1
407
4
bcaj-eah 1
gdj-eah 5
bbcf-eah 1
eca-eah 1
408
4
bbec-eai 2
ffa-eai 4
efh-eai 1
be-eai 1
409
3
eae-eaj 3
jfa-eaj 4
beec-eaj 1
410
5
bebc-eba 1
cee-eba 4
bif-eba 1
feb-eba 1
gih-eba 1
411
6
ffd-ebb 1
fac-ebb 1
fff-ebb 1
iij-ebb 1
ggb-ebb 3
beb-ebb 1
412
1
baej-ebc 8
413
7
bdae-ebd 1
ejb-ebd 1
had-ebd 1
cag-ebd 2
dgi-ebd 1
bcce-ebd 1
badb-ebd 1
414
4
ebb-ebe 3
ceb-ebe 1
bfhc-ebe 1
df-ebe 3
415
1
bfd-ebf 8
416
2
ghg-ebg 6
fga-ebg 2
417
4
hdg-ebh 4
icg-ebh 1
daf-ebh 1
bahf-ebh 2
418
1
hfe-ebi 8
419
4
djj-ebj 2
jgc-ebj 1
ehi-ebj 1
ghd-ebj 4
420
3
jga-eca 2
eh-eca 1
dbf-eca 5
421
1
bchc-ecb 8
422
8
bdie-ecc 1
edi-ecc 1
fbe-ecc 1
jc-ecc 1
babd-ecc 1
idf-ecc 1
bdch-ecc 1
ejd-ecc 1
423
3
fba-ecd 4
jfj-ecd 3
dha-ecd 1
424
3
ecd-ece 5
ici-ece 2
eaa-ece 1
425
5
eed-ecf 1
dc-ecf 1
dgb-ecf 1
cib-ecf 4
beh-ecf 1
426
3
fbc-ecg 3
dfa-ecg 4
bcca-ecg 1
427
3
hcd-ech 4
jjc-ech 3
dbh-ech 1
428
3
hcg-eci 5
dh-eci 1
jac-eci 2
429
2
gbj-ecj 4
ihi-ecj 4
430
5
dhf-eda 2
bdcg-eda 1
bbdb-eda 1
hbd-eda 2
igj-eda 2
431
5
fb-edb 4
gec-edb 1
gdd-edb 1
jj-edb 1
iia-edb 1
432
4
ihi-edc 4
ggi-edc 1
dci-edc 2
baa-edc 1
433
4
bdh-edd 1
dfa-edd 1
gag-edd 3
cbe-edd 3
434
3
ffi-ede 2
jbb-ede 4
jh-ede 2
435
4
bdag-edf 1
fah-edf 1
hba-edf 1
bdfe-edf 5
436
5
jgh-edg 2
ie-edg 1
ggd-edg 1
bgd-edg 1
cde-edg 3
437
5
bbgb-edh 2
beb-edh 1
hcd-edh 1
dah-edh 2
cfj-edh 2
438
5
egf-edi 3
ccg-edi 1
bda-edi 1
gie-edi 1
eja-edi 2
439
3
cfb-edj 1
egj-edj 2
egf-edj 5
440
3
bgj-eea 3
djh-eea 1
gcc-eea 4
441
4
hei-eeb 1
bab-eeb 4
hgh-eeb 1
dec-eeb 2
442
4
dge-eec 1
cbe-eec 2
hci-eec 4
bha-eec 1
443
4
iaa-eed 1
gcd-eed 1
jhc-eed 1
fcg-eed 5
444
3
fgi-eee 3
idg-eee 3
chb-eee 2
445
4
dej-eef 4
bdcd-eef 2
jad-eef 1
bdg-eef 1
446
4
cfe-eeg 1
dji-eeg 4
bfc-eeg 2
badg-eeg 1
447
1
bcc-eeh 8
448
4
bih-eei 3
beed-eei 1
haj-eei 1
fii-eei 3
449
3
bbif-eej 6
bcih-eej 1
bcag-eej 1
450
5
hch-efa 1
ii-efa 1
jia-efa 1
dhd-efa 4
bccg-efa 1
451
1
ehc-efb 8
452
4
hd-efc 1
bhh-efc 3
fdg-efc 2
ehd-efc 2
453
2
bbc-efd 7
fei-efd 1
454
2
bcdb-efe 7
ija-efe 1
455
5
jge-eff 3
hgf-eff 1
bjf-eff 1
fff-eff 1
bbed-eff 2
456
5
iib-efg 1
bbj-efg 2
daf-efg 3
bcad-efg 1
fii-efg 1
457
4
iic-efh 4
ded-efh 1
igc-efh 2
bbeg-efh 1
458
1
eec-efi 8
459
5
efe-efj 2
fhc-efj 1
fje-efj 3
bbca-efj 1
bbfa-efj 1
460
8
feh-ega 1
jca-ega 1
cbg-ega 1
bac-ega 1
bbac-ega 1
icf-ega 1
cgd-ega 1
bja-ega 1
461
4
jg-egb 5
bcdf-egb 1
hic-egb 1
fdb-egb 1
463
3
ebd-egd 3
bdhg-egd 1
cfa-egd 4
464
3
ifi-ege 1
dbb-ege 6
ecb-ege 1
465
4
eae-egf 3
fge-egf 3
cha-egf 1
ifd-egf 1
466
5
ed-egg 3
eaj-egg 1
idd-egg 1
die-egg 2
jia-egg 1
467
2
iid-egh 1
gah-egh 7
468
1
hef-egi 8
469
5
ibi-egj 1
jj-egj 1
jdg-egj 1
dbi-egj 4
baih-egj 1
470
4
bjj-eha 3
bbi-eha 3
fgd-eha 1
cgh-eha 1
471
2
hib-ehb 4
bfc-ehb 4
472
2
iad-ehc 7
cdh-ehc 1
473
3
hcb-ehd 1
bffb-ehd 1
hjj-ehd 6
474
3
bebj-ehe 1
ibh-ehe 1
hje-ehe 6
475
5
jgj-ehf 1
fag-ehf 2
cac-ehf 2
caa-ehf 1
hgh-ehf 2
476
3
bdgh-ehg 4
edf-ehg 1
hda-ehg 3
477
3
had-ehh 4
gcc-ehh 3
ecf-ehh 1
478
3
fef-ehi 3
jfd-ehi 3
bbeg-ehi 2
479
3
bcgj-ehj 5
hbj-ehj 1
eci-ehj 2
480
2
efc-eia 5
cjj-eia 3
481
3
bbbe-eib 3
dg-eib 1
iih-eib 4
482
4
bdfb-eic 1
bfef-eic 1
fhi-eic 1
ebb-eic 5
483
3
bdg-eid 1
bfhj-eid 6
hc-eid 1
484
2
ffj-eie 1
gbb-eie 7
485
1
fdf-eif 8
486
3
fdf-eig 4
bfeh-eig 1
ede-eig 3
487
4
cag-eih 4
ifi-eih 1
efh-eih 1
jc-eih 2
488
3
bgb-eii 6
bfdi-eii 1
fij-eii 1
489
4
jae-eij 1
dcc-eij 2
ief-eij 1
dfg-eij 4
490
3
iaj-eja 3
babi-eja 3
hej-eja 2
491
2
ibd-ejb 7
bhc-ejb 1
492
6
gji-ejc 1
daj-ejc 1
hgb-ejc 2
bcbe-ejc 1
eia-ejc 1
ggd-ejc 2
493
2
iic-ejd 7
ige-ejd 1
494
5
gic-eje 1
iei-eje 1
bfj-eje 2
ebj-eje 3
cif-eje 1
495
1
bfja-ejf 8
496
4
feg-ejg 1
eb-ejg 4
chd-ejg 1
ghb-ejg 2
497
2
bbi-ejh 6
idi-ejh 2
498
4
cgh-eji 1
d-eji 1
hfb-eji 1
cdd-eji 5
499
2
chf-ejj 3
hif-ejj 5
500
5
deg-faa 3
dfb-faa 1
dhg-faa 1
bbba-faa 2
ice-faa 1
501
1
dda-fab 8
502
5
bbii-fac 1
hdh-fac 1
cbh-fac 4
hbc-fac 1
cbi-fac 1
503
5
baei-fad 1
bdjg-fad 1
fgd-fad 1
cfh-fad 3
iej-fad 2
504
3
fje-fae 4
bdia-fae 1
baba-fae 3
505
2
hid-faf 7
bcja-faf 1
506
3
bahb-fag 1
dbf-fag 1
hcd-fag 6
507
2
bjf-fah 2
jbj-fah 6
508
5
fdh-fai 2
eff-fai 1
gdj-fai 2
bcj-fai 1
badj-fai 2
509
5
fgi-faj 1
ggb-faj 2
bhe-faj 1
ghi-faj 1
ga-faj 3
510
3
bbdb-fba 2
cdi-fba 5
dii-fba 1
511
2
jgi-fbb 4
jih-fbb 4
512
1
baag-fbc 8
513
4
bih-fbd 5
hej-fbd 1
ejj-fbd 1
jhc-fbd 1
514
2
bceh-fbe 6
fgi-fbe 2
515
1
jbh-fbf 8
516
2
edb-fbg 6
dff-fbg 2
517
5
bcjg-fbh 2
fdh-fbh 1
hca-fbh 1
bc-fbh 3
fgb-fbh 1
518
5
ebf-fbi 2
eah-fbi 1
dcc-fbi 1
bjb-fbi 1
cfg-fbi 3
519
4
beig-fbj 4
fch-fbj 1
hdc-fbj 1
hb-fbj 2
520
3
bccg-fca 5
gaj-fca 1
jib-fca 2
521
4
bcdf-fcb 3
hbb-fcb 1
bhb-fcb 3
h-fcb 1
522
4
fjh-fcc 3
bfca-fcc 1
gic-fcc 2
gbd-fcc 2
523
2
cae-fcd 7
cba-fcd 1
524
2
baec-fce 7
gia-fce 1
525
4
baib-fcf 2
ehe-fcf 1
bff-fcf 1
ebi-fcf 4
526
3
gcc-fcg 4
bcah-fcg 2
bbe-fcg 2
527
7
bcee-fch 1
beaj-fch 1
ecb-fch 1
hfc-fch 2
fcf-fch 1
cjb-fch 1
eae-fch 1
528
8
iba-fci 1
fhg-fci 1
dfh-fci 1
bjf-fci 1
bbea-fci 1
iei-fci 1
dfd-fci 1
dei-fci 1
529
4
ffb-fcj 1
fcg-fcj 1
egd-fcj 5
ghc-fcj 1
530
5
bbbd-fda 1
bhi-fda 1
cfd-fda 1
edf-fda 3
bhj-fda 2
531
3
ccf-fdb 3
def-fdb 3
eha-fdb 2
532
4
bahi-fdc 1
cif-fdc 1
bbjb-fdc 2
eg-fdc 4
533
7
eaf-fdd 1
bfha-fdd 1
hid-fdd 2
baei-fdd 1
bfie-fdd 1
edd-fdd 1
bei-fdd 1
534
3
egb-fde 5
jj-fde 1
fih-fde 2
535
5
fdg-fdf 2
gdc-fdf 1
cgg-fdf 1
ibe-fdf 1
bade-fdf 3
536
5
gbh-fdg 1
gje-fdg 3
bach-fdg 2
bhi-fdg 1
bdhg-fdg 1
537
6
cdc-fdh 1
gf-fdh 1
bcjh-fdh 2
ffa-fdh 1
cjd-fdh 2
deb-fdh 1
538
1
jii-fdi 8
539
2
bdfh-fdj 1
hbh-fdj 7
540
4
ee-fea 1
bdcd-fea 1
bceb-fea 1
bbia-fea 5
541
5
ih-feb 3
ibd-feb 1
dfh-feb 2
ieb-feb 1
hgh-feb 1
542
3
bfcg-fec 3
ffe-fec 4
bfij-fec 1
543
3
bbhb-fed 2
fjd-fed 3
hdi-fed 3
544
5
be-fee 1
bbaa-fee 1
ecb-fee 1
fff-fee 4
ihf-fee 1
545
4
je-fef 3
bbfh-fef 1
bfdg-fef 1
dfe-fef 3
546
6
ijc-feg 1
bd-feg 1
ihh-feg 1
bi-feg 2
hgh-feg 2
bcgj-feg 1
547
4
djg-feh 1
hei-feh 1
chc-feh 2
bbdc-feh 4
548
2
begd-fei 7
eeg-fei 1
549
2
dfe-fej 5
hhe-fej 3
550
5
idb-ffa 1
gch-ffa 1
bfef-ffa 1
df-ffa 3
dce-ffa 2
551
5
cfd-ffb 3
ica-ffb 1
i-ffb 1
jfe-ffb 1
dab-ffb 2
552
2
hbb-ffc 7
bdj-ffc 1
553
1
dij-ffd 8
554
2
baba-ffe 6
hdc-ffe 2
555
7
hfd-fff 1
chc-fff 1
jbf-fff 1
baae-fff 1
baj-fff 1
edi-fff 1
fgj-fff 2
557
2
e-ffh 4
fja-ffh 4
558
3
cdj-ffi 3
cif-ffi 3
bcdd-ffi 2
559
4
gfi-ffj 2
baid-ffj 1
gih-ffj 3
dfd-ffj 2
560
6
igi-fga 1
bbhg-fga 1
cie-fga 1
bhe-fga 1
eae-fga 1
gei-fga 3
561
3
dba-fgb 3
gff-fgb 1
eei-fgb 4
562
2
bagf-fgc 6
dgd-fgc 2
563
5
bfff-fgd 1
bfic-fgd 1
ffa-fgd 1
dij-fgd 1
fb-fgd 4
564
2
gjf-fge 2
ibf-fge 6
565
2
def-fgf 6
ha-fgf 2
566
1
ice-fgg 8
567
3
jcf-fgh 3
jjf-fgh 2
dbh-fgh 3
568
2
bcbi-fgi 6
dfg-fgi 2
569
2
ghj-fgj 7
bdc-fgj 1
570
2
bfig-fha 2
fhc-fha 6
571
6
beeb-fhb 1
hfe-fhb 2
bfcb-fhb 1
bajf-fhb 1
beaa-fhb 1
feb-fhb 2
572
5
hch-fhc 3
bgea-fhc 1
bbi-fhc 2
bfed-fhc 1
cba-fhc 1
573
4
cih-fhd 2
dea-fhd 2
dgi-fhd 3
hic-fhd 1
574
3
hci-fhe 5
ebh-fhe 2
gge-fhe 1
575
1
gad-fhf 8
576
3
fjc-fhg 3
bbfh-fhg 2
da-fhg 3
577
1
cba-fhh 8
578
3
bja-fhi 1
bcgj-fhi 4
jcb-fhi 3
579
4
ii-fhj 3
bgde-fhj 1
gaj-fhj 3
fag-fhj 1
580
2
hga-fia 3
gcc-fia 5
581
2
gjb-fib 5
fgb-fib 3
582
3
ijd-fic 5
cea-fic 2
bgaj-fic 1
583
4
hh-fid 3
gif-fid 1
cih-fid 3
bbaa-fid 1
584
2
efe-fie 2
bccf-fie 6
585
4
bbc-fif 1
bfcg-fif 1
gge-fif 1
ibj-fif 5
586
4
eib-fig 3
bfj-fig 1
ejg-fig 1
dec-fig 3
587
3
id-fih 4
bcc-fih 2
ed-fih 2
588
4
haf-fii 3
bcfh-fii 1
bagb-fii 2
gde-fii 2
589
1
ebj-fij 8
590
3
edj-fja 4
cih-fja 1
bhf-fja 3
591
8
hae-fjb 1
gcg-fjb 1
bggb-fjb 1
gef-fjb 1
caa-fjb 1
egg-fjb 1
cij-fjb 1
hc-fjb 1
592
5
bcff-fjc 2
hdf-fjc 3
dbg-fjc 1
baee-fjc 1
cie-fjc 1
593
2
ecc-fjd 7
cif-fjd 1
594
4
hci-fje 1
fba-fje 1
bbac-fje 2
hdj-fje 4
595
3
jhf-fjf 3
bahg-fjf 1
fhc-fjf 4
596
1
bcfe-fjg 8
597
4
babb-fjh 5
g-fjh 1
baij-fjh 1
ddd-fjh 1
598
8
bddi-fji 1
cdf-fji 1
fij-fji 1
jbi-fji 1
bgb-fji 1
hh-fji 1
iga-fji 1
ehf-fji 1
599
3
ddi-fjj 5
gj-fjj 1
bbg-fjj 2
600
3
gjf-gaa 1
bacj-gaa 2
gbb-gaa 5
601
1
gdh-gab 8
602
1
cca-gac 8
603
6
cdf-gad 1
hij-gad 1
bf-gad 1
bjc-gad 1
bdfe-gad 1
jjh-gad 3
604
7
jci-gae 1
hca-gae 1
ceb-gae 1
bfi-gae 1
eig-gae 2
bd-gae 1
ghc-gae 1
606
4
dff-gag 4
dgc-gag 1
bahg-gag 1
jij-gag 2
607
4
iaf-gah 2
fac-gah 1
cjc-gah 2
ici-gah 3
608
1
daa-gai 8
609
3
bcde-gaj 4
di-gaj 1
iae-gaj 3
610
4
hgc-gba 3
bbib-gba 1
bbge-gba 2
fdi-gba 2
611
5
bfjj-gbb 1
cgb-gbb 1
becb-gbb 2
eja-gbb 3
dhf-gbb 1
612
3
bbh-gbc 1
baab-gbc 1
bbhc-gbc 6
613
3
fcb-gbd 2
bbcd-gbd 3
cg-gbd 3
614
1
bgfd-gbe 8
615
4
bdcf-gbf 1
fgd-gbf 1
ccj-gbf 5
bbeh-gbf 1
616
4
dhh-gbg 3
dga-gbg 1
hhb-gbg 3
bbcb-gbg 1
617
3
ff-gbh 2
dje-gbh 1
ejj-gbh 5
618
5
dbi-gbi 1
ej-gbi 1
bbeh-gbi 1
bacg-gbi 3
ifc-gbi 2
619
4
eaa-gbj 5
jej-gbj 1
bbfi-gbj 1
gch-gbj 1
620
3
bbfc-gca 4
haj-gca 3
hbg-gca 1
621
4
bch-gcb 2
jca-gcb 3
bfbd-gcb 1
cab-gcb 2
622
8
baee-gcc 1
bafc-gcc 1
iie-gcc 1
gaj-gcc 1
baad-gcc 1
bbii-gcc 1
ejb-gcc 1
cdh-gcc 1
623
1
egf-gcd 8
624
1
fai-gce 8
625
2
daf-gcf 6
cgj-gcf 2
626
3
chg-gcg 2
ijg-gcg 1
hgd-gcg 5
627
3
bdc-gch 5
cih-gch 2
fjh-gch 1
628
3
bga-gci 5
cea-gci 1
igb-gci 2
629
2
ged-gcj 7
ebb-gcj 1
630
2
bdcf-gda 7
ihh-gda 1
631
3
eah-gdb 4
cb-gdb 2
bbg-gdb 2
632
5
cah-gdc 1
gbe-gdc 4
ifc-gdc 1
babf-gdc 1
igj-gdc 1
633
4
dgb-gdd 3
bcag-gdd 2
efh-gdd 1
hfi-gdd 2
634
3
baeb-gde 2
gba-gde 1
cdd-gde 5
635
4
bchf-gdf 4
bhc-gdf 1
hjh-gdf 1
gfe-gdf 2
636
4
bajh-gdg 1
hag-gdg 2
bddj-gdg 1
db-gdg 4
637
3
jci-gdh 4
bdfd-gdh 1
if-gdh 3
638
1
jcc-gdi 8
639
3
cei-gdj 1
dib-gdj 6
gjg-gdj 1
640
5
edi-gea 1
cda-gea 1
jh-gea 4
dea-gea 1
eaa-gea 1
641
4
hhd-geb 2
eff-geb 3
begg-geb 1
hfa-geb 2
642
1
ihd-gec 8
643
1
bdbj-ged 8
644
1
dda-gee 8
645
4
dfi-gef 2
bdgj-gef 1
gij-gef 3
gfh-gef 2
646
3
gaj-geg 5
bfcj-geg 2
cie-geg 1
647
2
jg-geh 2
bjh-geh 6
648
3
daf-gei 1
iba-gei 3
ffa-gei 4
649
4
gda-gej 1
fec-gej 1
hgi-gej 1
cab-gej 5
650
2
hbc-gfa 6
bgeg-gfa 2
651
4
bcbi-gfb 2
g-gfb 2
jhj-gfb 2
gfj-gfb 2
652
3
ccf-gfc 5
baha-gfc 2
bcb-gfc 1
653
3
hjb-gfd 3
bdbg-gfd 3
gch-gfd 2
654
3
baci-gfe 4
bif-gfe 3
hfa-gfe 1
655
7
hh-gff 1
egf-gff 1
idi-gff 1
ehe-gff 1
jbi-gff 1
eci-gff 1
bga-gff 2
656
3
bahh-gfg 4
jaj-gfg 3
chc-gfg 1
657
4
bi-gfh 4
iga-gfh 1
ffb-gfh 1
jaj-gfh 2
658
3
ech-gfi 3
becd-gfi 1
ghc-gfi 4
659
1
bdba-gfj 8
660
2
hhe-gga 6
bhe-gga 2
661
2
bee-ggb 6
eae-ggb 2
662
2
id-ggc 3
bgae-ggc 5
663
3
jhh-ggd 1
djj-ggd 1
igd-ggd 6
664
8
beg-gge 1
gaj-gge 1
ehc-gge 1
eeb-gge 1
bfid-gge 1
efd-gge 1
bdc-gge 1
ifg-gge 1
665
4
hab-ggf 3
bcdj-ggf 2
jfj-ggf 1
feh-ggf 2
666
4
die-ggg 3
bih-ggg 2
caf-ggg 2
dij-ggg 1
667
1
cab-ggh 8
668
3
bfc-ggi 2
cgh-ggi 1
cbc-ggi 5
670
4
bfgj-gha 4
gdh-gha 1
ifc-gha 2
gii-gha 1
671
5
bgef-ghb 1
idb-ghb 3
bbff-ghb 1
bbfg-ghb 1
bgae-ghb 2
672
6
beid-ghc 1
cib-ghc 1
begg-ghc 2
bch-ghc 1
fhi-ghc 1
fea-ghc 2
673
3
did-ghd 1
bae-ghd 3
egj-ghd 4
674
2
ccb-ghe 6
ggg-ghe 2
675
1
ggb-ghf 8
676
2
fhb-ghg 7
dhh-ghg 1
677
2
bacj-ghh 4
cbc-ghh 4
678
3
cic-ghi 2
hai-ghi 3
daf-ghi 3
679
4
fdb-ghj 3
fcd-ghj 2
hec-ghj 1
bcbc-ghj 2
680
4
hbf-gia 1
ccg-gia 4
egg-gia 1
ied-gia 2
681
2
cic-gib 2
bbhf-gib 6
682
5
dhi-gic 2
bbga-gic 1
bjc-gic 2
gge-gic 1
fed-gic 2
683
1
cjj-gid 8
684
2
iih-gie 5
ici-gie 3
685
5
bcdi-gif 4
hge-gif 1
jea-gif 1
gdf-gif 1
bcig-gif 1
687
4
die-gih 3
badc-gih 1
bbfb-gih 1
baai-gih 3
688
2
baab-gii 6
ib-gii 2
689
5
ehf-gij 1
ehh-gij 2
bei-gij 2
fgh-gij 1
ibd-gij 2
690
1
ecd-gja 8
691
1
ebc-gjb 8
692
5
behb-gjc 1
ca-gjc 1
hg-gjc 1
hji-gjc 4
gbe-gjc 1
693
1
gad-gjd 8
694
3
b-gje 4
bhc-gje 1
bbdf-gje 3
695
3
ieg-gjf 4
dig-gjf 3
hdh-gjf 1
696
5
egg-gjg 1
bfb-gjg 4
behg-gjg 1
bbic-gjg 1
bdda-gjg 1
697
3
dfd-gjh 6
cje-gjh 1
cbg-gjh 1
699
3
iii-gjj 1
hhe-gjj 4
fbi-gjj 3
700
3
bjj-haa 1
bcea-haa 2
dbe-haa 5
701
3
bcfg-hab 3
gc-hab 3
fij-hab 2
702
3
gdb-hac 6
gid-hac 1
bcbg-hac 1
703
1
iec-had 8
704
6
hea-hae 2
bbic-hae 1
idb-hae 1
chi-hae 2
fac-hae 1
ije-hae 1
705
3
jji-haf 2
cdd-haf 2
jda-haf 4
706
6
dic-hag 3
hje-hag 1
bcgb-hag 1
beje-hag 1
dfg-hag 1
ecj-hag 1
707
2
efj-hah 6
fda-hah 2
708
1
hfh-hai 8
709
1
bdjj-haj 8
710
2
bdbi-hba 3
bega-hba 5
711
4
fac-hbb 1
cfb-hbb 1
eee-hbb 5
cgj-hbb 1
712
2
ffc-hbc 6
jdg-hbc 2
713
3
eij-hbd 3
bdff-hbd 1
bei-hbd 4
714
2
fc-hbe 2
fji-hbe 6
715
2
jf-hbf 5
fcf-hbf 3
716
5
egh-hbg 2
bdjf-hbg 2
gde-hbg 2
ife-hbg 1
jh-hbg 1
717
4
ci-hbh 3
babe-hbh 1
ifg-hbh 1
dbj-hbh 3
718
2
jfh-hbi 5
egd-hbi 3
719
2
jge-hbj 7
bedf-hbj 1
720
6
jid-hca 1
hcf-hca 1
ibe-hca 1
g-hca 2
cib-hca 2
ead-hca 1
721
4
ffe-hcb 1
bdfa-hcb 1
bahd-hcb 4
jba-hcb 2
722
2
iee-hcc 5
cie-hcc 3
723
3
bgi-hcd 1
bdhb-hcd 6
jee-hcd 1
724
5
beaf-hce 1
dha-hce 1
ejf-hce 1
bchf-hce 1
eab-hce 4
725
5
gad-hcf 1
hhc-hcf 1
b-hcf 1
bbae-hcf 1
cih-hcf 4
726
4
ibf-hcg 1
baed-hcg 1
jjg-hcg 5
ja-hcg 1
727
4
fci-hch 1
ghe-hch 1
jcb-hch 1
gdg-hch 5
728
5
baef-hci 2
ggi-hci 1
geh-hci 1
bdff-hci 1
fbf-hci 3
729
3
jd-hcj 5
eec-hcj 2
bbgd-hcj 1
730
4
dec-hda 4
idc-hda 1
eda-hda 2
ffb-hda 1
731
4
fei-hdb 4
bfhg-hdb 2
bejg-hdb 1
jh-hdb 1
732
5
bdac-hdc 1
cej-hdc 2
jbf-hdc 3
cbi-hdc 1
befb-hdc 1
733
1
bdg-hdd 8
734
2
bbjf-hde 6
jfh-hde 2
735
5
gbh-hdf 4
dci-hdf 1
bbha-hdf 1
bcfg-hdf 1
fad-hdf 1
736
2
fjc-hdg 5
dac-hdg 3
737
2
fec-hdh 5
ihb-hdh 3
738
2
iae-hdi 7
beah-hdi 1
739
4
bci-hdj 3
haa-hdj 2
jbj-hdj 1
eci-hdj 2
740
8
bdfd-hea 1
cb-hea 1
djb-hea 1
fdf-hea 1
bcji-hea 1
befg-hea 1
jjg-hea 1
jb-hea 1
741
2
icg-heb 7
fab-heb 1
742
4
bdda-hec 1
fai-hec 3
bfjg-hec 2
bdhc-hec 2
743
2
bcbg-hed 6
bfei-hed 2
744
3
ijb-hee 4
gbf-hee 3
bfhd-hee 1
745
4
beg-hef 2
bfch-hef 3
bjd-hef 2
gha-hef 1
746
3
fid-heg 3
ceb-heg 4
bcdd-heg 1
747
4
dcb-heh 3
ed-heh 1
ggc-heh 2
hii-heh 2
748
3
if-hei 4
ie-hei 1
fad-hei 3
749
3
bgbd-hej 2
ccd-hej 3
cec-hej 3
750
4
dgc-hfa 4
jhg-hfa 1
befe-hfa 2
jga-hfa 1
751
3
icd-hfb 6
bff-hfb 1
gc-hfb 1
752
3
gjh-hfc 4
bcdc-hfc 2
gab-hfc 2
753
4
bcec-hfd 2
bad-hfd 2
eih-hfd 3
ddc-hfd 1
754
3
gac-hfe 2
bahd-hfe 2
ejg-hfe 4
755
3
bbci-hff 5
bacc-hff 2
hge-hff 1
756
2
bbac-hfg 1
gfd-hfg 7
757
4
bbaj-hfh 3
ede-hfh 1
ihf-hfh 3
eci-hfh 1
758
2
eci-hfi 7
beih-hfi 1
759
3
bfhi-hfj 1
gaa-hfj 1
jfc-hfj 6
760
2
fdb-hga 7
bbg-hga 1
761
5
dfj-hgb 4
hfc-hgb 1
bccd-hgb 1
gcc-hgb 1
bdf-hgb 1
762
4
fea-hgc 1
fia-hgc 1
dej-hgc 5
hje-hgc 1
763
2
bedb-hgd 1
bbfa-hgd 7
764
2
efg-hge 3
beff-hge 5
765
4
icd-hgf 1
bafe-hgf 1
bci-hgf 4
fea-hgf 2
766
2
baib-hgg 4
ehf-hgg 4
767
2
dej-hgh 6
deg-hgh 2
768
3
cdb-hgi 6
baja-hgi 1
baai-hgi 1
770
5
ihj-hha 3
ii-hha 1
bi-hha 1
baad-hha 1
hdd-hha 2
771
3
gfa-hhb 6
dfa-hhb 1
bbaa-hhb 1
772
3
beff-hhc 1
eia-hhc 2
fhc-hhc 5
773
2
bdec-hhd 7
gaa-hhd 1
774
4
eff-hhe 1
dji-hhe 1
bdfa-hhe 5
gja-hhe 1
775
2
bcf-hhf 5
bafj-hhf 3
776
2
hbb-hhg 7
dgd-hhg 1
777
2
haa-hhh 3
ebd-hhh 5
778
1
bdci-hhi 8
779
6
bfag-hhj 1
beb-hhj 1
chi-hhj 2
jec-hhj 2
hie-hhj 1
idc-hhj 1
780
2
bbie-hia 3
jdd-hia 5
781
1
bbi-hib 8
782
4
chh-hic 3
bgcf-hic 1
dhd-hic 1
dcc-hic 3
783
1
bgdg-hid 8
784
2
bgbb-hie 3
bjg-hie 5
785
3
fje-hif 4
ggc-hif 3
cii-hif 1
786
3
gb-hig 3
che-hig 3
fig-hig 2
787
3
iaf-hih 3
bfg-hih 4
ddh-hih 1
788
4
djb-hii 5
cgi-hii 1
jaj-hii 1
fej-hii 1
789
6
fj-hij 3
jff-hij 1
dif-hij 1
bji-hij 1
bbbd-hij 1
hag-hij 1
790
2
gbd-hja 6
fae-hja 2
791
2
cfh-hjb 5
bde-hjb 3
792
5
bfhe-hjc 1
hbi-hjc 1
hcc-hjc 4
bbfi-hjc 1
gaj-hjc 1
793
2
fef-hjd 1
bbd-hjd 7
794
2
bdja-hje 7
fgj-hje 1
795
3
beji-hjf 1
gid-hjf 1
edj-hjf 6
796
5
jdh-hjg 1
jgg-hjg 1
eda-hjg 1
gdj-hjg 4
cfa-hjg 1
797
2
caj-hjh 5
bcg-hjh 3
798
1
hfj-hji 8
799
7
beea-hjj 1
fe-hjj 1
fgd-hjj 1
cjf-hjj 1
bgc-hjj 1
bace-hjj 1
gah-hjj 2
800
6
deb-iaa 3
jcg-iaa 1
ead-iaa 1
eef-iaa 1
dhc-iaa 1
cij-iaa 1
801
3
ech-iab 6
cdh-iab 1
bdbh-iab 1
802
3
hia-iac 4
hbi-iac 3
eic-iac 1
803
5
dd-iad 2
cgd-iad 1
d-iad 1
jcd-iad 2
cba-iad 2
804
5
cjg-iae 1
bcd-iae 2
cib-iae 2
cdf-iae 2
fjd-iae 1
805
3
jd-iaf 5
ejf-iaf 1
gjf-iaf 2
806
4
bage-iag 1
begg-iag 2
ejg-iag 4
ihd-iag 1
807
2
dad-iah 1
fei-iah 7
808
4
dje-iai 2
jh-iai 1
gf-iai 2
beja-iai 3
809
2
gbh-iaj 3
bddg-iaj 5
810
5
bbbj-iba 2
ejb-iba 1
bcb-iba 1
bbba-iba 1
bafb-iba 3
811
2
bead-ibb 3
iha-ibb 5
812
2
egb-ibc 6
bbgf-ibc 2
813
2
bgcj-ibd 2
bdhd-ibd 6
814
2
bbcc-ibe 3
fba-ibe 5
815
3
bffh-ibf 2
dih-ibf 4
dje-ibf 2
816
4
efj-ibg 1
ceb-ibg 3
fhg-ibg 1
bafg-ibg 3
817
3
babb-ibh 2
bahj-ibh 2
eja-ibh 4
818
4
jib-ibi 2
fii-ibi 1
fdi-ibi 1
bjc-ibi 4
819
4
bbcd-ibj 1
dfd-ibj 1
hae-ibj 1
bbdb-ibj 5
820
4
becf-ica 1
dgi-ica 1
edc-ica 4
bcfh-ica 2
821
3
fib-icb 3
hfi-icb 4
fhj-icb 1
823
5
jaj-icd 2
hcd-icd 2
hj-icd 1
jaa-icd 2
eig-icd 1
824
3
ehd-ice 2
jfh-ice 3
hgi-ice 3
825
4
cih-icf 3
dbb-icf 1
fce-icf 2
bcha-icf 2
826
3
gcg-icg 3
bjj-icg 3
bcdi-icg 2
827
1
beei-ich 8
828
3
jc-ici 4
cj-ici 3
dfa-ici 1
829
2
jie-icj 1
hbe-icj 7
830
3
bcfd-ida 4
bhf-ida 2
hee-ida 2
831
5
ghi-idb 1
cdh-idb 1
bach-idb 1
fce-idb 1
cii-idb 4
832
2
gjg-idc 4
iij-idc 4
833
4
fj-idd 2
bfda-idd 2
fih-idd 1
bbah-idd 3
834
1
fgc-ide 8
835
4
dii-idf 3
bajg-idf 1
efa-idf 3
dh-idf 1
836
3
dhd-idg 2
bfi-idg 1
bagf-idg 5
838
4
bgfa-idi 1
ech-idi 5
bbdd-idi 1
hhc-idi 1
839
2
bcc-idj 3
fdj-idj 5
840
4
bij-iea 3
bebf-iea 1
eeb-iea 2
chb-iea 2
841
3
bbie-ieb 5
fhb-ieb 1
bdaj-ieb 2
842
4
hfg-iec 2
hfh-iec 1
iff-iec 4
bbca-iec 1
843
4
hhb-ied 1
bche-ied 3
jac-ied 3
bbid-ied 1
844
3
baje-iee 1
bdcd-iee 6
efc-iee 1
845
4
bbah-ief 4
ea-ief 2
bfc-ief 1
hag-ief 1
846
4
ffh-ieg 1
hcd-ieg 1
idd-ieg 4
fjj-ieg 2
847
4
caj-ieh 1
bge-ieh 2
bjg-ieh 3
bchj-ieh 2
848
5
efg-iei 3
hgi-iei 1
bcgb-iei 1
behf-iei 1
dbf-iei 2
849
2
bbh-iej 7
bdi-iej 1
850
4
bbbi-ifa 3
ccc-ifa 1
bdbe-ifa 1
hcf-ifa 3
851
2
dfh-ifb 5
bagh-ifb 3
852
5
bchg-ifc 1
ejj-ifc 1
cee-ifc 1
gfa-ifc 4
jid-ifc 1
853
4
cf-ifd 4
bah-ifd 2
bbhd-ifd 1
ijh-ifd 1
854
3
dad-ife 3
hjf-ife 4
bbdj-ife 1
855
4
jgf-iff 1
cgi-iff 1
bjb-iff 2
efe-iff 4
856
3
bgeb-ifg 2
be-ifg 4
jci-ifg 2
857
3
baai-ifh 2
cid-ifh 4
baga-ifh 2
858
2
badf-ifi 4
bcci-ifi 4
859
1
chb-ifj 8
860
2
ebb-iga 6
gfj-iga 2
861
1
cif-igb 8
862
3
eaf-igc 1
bcgi-igc 4
gh-igc 3
863
2
ife-igd 5
ggg-igd 3
864
3
dbi-ige 3
dbj-ige 2
hjc-ige 3
866
1
babd-igg 8
867
1
hag-igh 8
868
2
bcbj-igi 5
bbg-igi 3
869
4
gih-igj 4
bdie-igj 1
jba-igj 1
dde-igj 2
870
4
bcdj-iha 5
hgf-iha 1
bbfe-iha 1
jfa-iha 1
871
1
bbcj-ihb 8
872
3
jfd-ihc 3
ehj-ihc 1
eba-ihc 4
873
4
behh-ihd 1
fj-ihd 1
bgei-ihd 3
bbdd-ihd 3
874
3
hdj-ihe 2
hdi-ihe 4
hdg-ihe 2
875
3
bfcc-ihf 4
bbad-ihf 2
ijj-ihf 2
876
3
gij-ihg 1
cdj-ihg 2
bcj-ihg 5
877
2
cib-ihh 4
gih-ihh 4
878
5
gjh-ihi 2
jg-ihi 3
bdgf-ihi 1
bebh-ihi 1
hdb-ihi 1
879
2
cef-ihj 7
caf-ihj 1
880
3
fgb-iia 2
fid-iia 3
hfh-iia 3
881
5
chd-iib 1
baeb-iib 1
cfb-iib 4
id-iib 1
bafa-iib 1
882
4
jje-iic 1
gfa-iic 1
iie-iic 2
fag-iic 4
883
2
ffa-iid 6
iae-iid 2
884
5
bec-iie 1
cbb-iie 2
bgc-iie 1
bejf-iie 3
jee-iie 1
885
2
bbei-iif 1
hif-iif 7
886
2
hcg-iig 5
hjb-iig 3
887
1
hbj-iih 8
888
1
bbib-iii 8
889
1
baaa-iij 8
890
2
dbj-ija 3
iaa-ija 5
891
1
ega-ijb 8
892
3
cgi-ijc 4
bcij-ijc 1
bbf-ijc 3
893
3
hfi-ijd 1
beda-ijd 1
gdh-ijd 6
894
4
beef-ije 1
gda-ije 1
bef-ije 3
bbbj-ije 3
895
1
hei-ijf 8
896
2
behi-ijg 1
ig-ijg 7
897
2
bii-ijh 6
hhg-ijh 2
898
1
gd-iji 8
899
2
iaf-ijj 5
cff-ijj 3
900
2
bbjh-jaa 4
jbg-jaa 4
901
2
baej-jab 7
gbe-jab 1
902
5
ghg-jac 1
ibb-jac 1
bgg-jac 1
ejj-jac 4
hca-jac 1
903
2
bcij-jad 1
djc-jad 7
904
2
cja-jae 7
bbih-jae 1
905
2
bgd-jaf 4
bdig-jaf 4
906
3
cg-jag 2
cbc-jag 1
bdij-jag 5
907
4
bcif-jah 2
baia-jah 1
fie-jah 4
bchh-jah 1
908
5
gbj-jai 3
bbbg-jai 2
hah-jai 1
bffi-jai 1
efa-jai 1
909
2
iic-jaj 5
ebd-jaj 3
910
3
gej-jba 2
bdef-jba 3
cgd-jba 3
911
2
dhg-jbb 6
gjc-jbb 2
912
2
jca-jbc 5
gbg-jbc 3
913
3
bfad-jbd 1
dij-jbd 1
bgh-jbd 6
914
1
de-jbe 8
915
3
cc-jbf 2
bedi-jbf 3
gfg-jbf 3
916
4
ehd-jbg 3
bdid-jbg 1
bjd-jbg 1
baie-jbg 3
917
3
babf-jbh 1
bji-jbh 5
dbd-jbh 2
918
2
bdcc-jbi 7
hai-jbi 1
919
4
ejd-jbj 1
jhb-jbj 1
hdc-jbj 1
daa-jbj 5
920
4
jfg-jca 1
idf-jca 1
fdh-jca 4
jde-jca 2
921
3
faj-jcb 2
hhf-jcb 3
gae-jcb 3
922
3
fjg-jcc 6
gfb-jcc 1
fej-jcc 1
923
4
jcc-jcd 1
hgh-jcd 3
bagh-jcd 3
ied-jcd 1
924
1
bafi-jce 8
925
3
ghe-jcf 1
djc-jcf 6
igj-jcf 1
926
3
babe-jcg 1
cfj-jcg 3
ggg-jcg 4
927
1
hhh-jch 8
928
6
fb-jci 1
gih-jci 1
fch-jci 2
hhe-jci 2
bfbf-jci 1
beia-jci 1
930
3
bdig-jda 5
bgdf-jda 2
cjb-jda 1
931
5
bbaj-jdb 2
cgf-jdb 1
jji-jdb 2
hge-jdb 2
jhc-jdb 1
932
3
gdh-jdc 3
hbh-jdc 4
jc-jdc 1
933
3
dic-jdd 3
dhc-jdd 1
ffh-jdd 4
934
5
bdgi-jde 2
bie-jde 2
bcjb-jde 1
bi-jde 1
ha-jde 2
936
6
gea-jdg 1
bh-jdg 2
bhb-jdg 1
fbf-jdg 1
ibi-jdg 2
dhj-jdg 1
937
1
ea-jdh 8
939
3
eic-jdj 1
ja-jdj 3
jfj-jdj 4
940
1
ije-jea 8
941
1
jad-jeb 8
942
4
ehc-jec 4
bdfg-jec 1
badg-jec 2
dae-jec 1
943
1
djc-jed 8
944
4
cfg-jee 2
ej-jee 4
hjb-jee 1
ceg-jee 1
945
5
badj-jef 1
bbje-jef 1
bbfe-jef 4
fad-jef 1
beh-jef 1
946
2
bbj-jeg 7
baib-jeg 1
947
3
bafe-jeh 6
ddj-jeh 1
bgdb-jeh 1
948
1
eff-jei 8
949
3
dch-jej 1
fgj-jej 4
ehb-jej 3
950
4
fdj-jfa 4
iec-jfa 2
chb-jfa 1
bhe-jfa 1
951
3
cge-jfb 3
ebb-jfb 1
bbdb-jfb 4
952
3
egb-jfc 6
jgb-jfc 1
cgh-jfc 1
953
2
fbd-jfd 6
babc-jfd 2
954
4
egf-jfe 2
c-jfe 3
bcif-jfe 2
bfgb-jfe 1
955
2
bfeb-jff 5
egg-jff 3
956
3
bccb-jfg 6
ega-jfg 1
fic-jfg 1
957
4
bffj-jfh 3
gfb-jfh 2
eij-jfh 2
fdf-jfh 1
958
4
dii-jfi 1
bbj-jfi 1
befa-jfi 1
eib-jfi 5
959
5
bcaj-jfj 2
eac-jfj 1
jfa-jfj 1
bdhe-jfj 3
bcc-jfj 1
960
4
fdf-jga 2
bfcd-jga 1
bagg-jga 1
bfab-jga 4
961
1
ecd-jgb 8
962
5
babj-jgc 1
bba-jgc 1
ibd-jgc 1
ied-jgc 1
cfa-jgc 4
963
1
ghb-jgd 8
964
5
bcgj-jge 1
bagf-jge 1
bedj-jge 1
dda-jge 2
gbf-jge 3
965
4
i-jgf 1
bhg-jgf 1
fbf-jgf 1
hhj-jgf 5
966
3
bajc-jgg 1
heh-jgg 3
cfd-jgg 4
967
2
jcb-jgh 6
dfc-jgh 2
968
2
iae-jgi 7
gjf-jgi 1
970
3
bea-jha 1
ghd-jha 4
jia-jha 3
971
1
ejg-jhb 8
972
3
ced-jhc 4
hei-jhc 1
eej-jhc 3
973
2
geb-jhd 6
gba-jhd 2
974
3
jih-jhe 5
bbai-jhe 1
jae-jhe 2
975
3
fch-jhf 4
behe-jhf 2
bajj-jhf 2
976
2
fbi-jhg 7
hde-jhg 1
977
2
gab-jhh 6
bfia-jhh 2
978
2
bcj-jhi 4
bagi-jhi 4
979
1
eei-jhj 8
980
6
ecc-jia 1
bded-jia 1
baca-jia 2
ddg-jia 2
bje-jia 1
baac-jia 1
981
4
iac-jib 2
bab-jib 2
gda-jib 3
bjf-jib 1
982
2
igj-jic 3
hff-jic 5
983
4
jff-jid 1
bdgd-jid 2
cag-jid 4
bgfj-jid 1
984
3
baih-jie 1
cij-jie 3
hdb-jie 4
985
3
bb-jif 3
dge-jif 2
hah-jif 3
986
3
bbe-jig 5
gha-jig 2
bafi-jig 1
987
2
bfa-jih 4
gfi-jih 4
988
2
cei-jii 3
ddf-jii 5
989
2
ge-jij 1
bah-jij 7
991
5
hja-jjb 1
bdi-jjb 3
cjc-jjb 1
jif-jjb 1
ihg-jjb 2
992
3
bcgb-jjc 4
jbg-jjc 2
jhg-jjc 2
993
1
daj-jjd 8
994
4
bbcg-jje 1
badd-jje 4
ej-jje 2
baig-jje 1
995
2
ccf-jjf 2
hja-jjf 6
996
2
gfc-jjg 6
efa-jjg 2
997
1
geh-jjh 8
998
1
hef-jji 8
999
3
baea-jjj 4
bcci-jjj 1
edg-jjj 3
1000
1
fgi-baaa 8
1001
4
efi-baab 4
jeg-baab 1
bc-baab 1
ifd-baab 2
1002
2
jbh-baac 6
hig-baac 2
1003
4
jcd-baad 4
ceb-baad 2
bbbh-baad 1
ehj-baad 1
1004
2
eje-baae 2
dib-baae 6
1005
2
bdej-baaf 6
baae-baaf 2
1006
5
beja-baag 3
ffj-baag 1
cdc-baag 2
fc-baag 1
jci-baag 1
1007
1
baef-baah 8
1008
4
baha-baai 3
igj-baai 3
bacb-baai 1
dgd-baai 1
1009
1
ceb-baaj 8
1010
4
jdf-baba 5
ehi-baba 1
bbfb-baba 1
dfi-baba 1
1011
3
ggi-babb 2
edh-babb 5
djh-babb 1
1012
4
baif-babc 1
if-babc 1
jga-babc 2
beag-babc 4
1013
2
dfe-babd 1
gec-babd 7
1014
4
dbj-babe 1
ije-babe 3
ebj-babe 3
cjc-babe 1
1015
2
ceg-babf 4
begj-babf 4
1016
2
bdhd-babg 5
beba-babg 3
1017
2
baia-babh 3
cbg-babh 5
1018
3
gd-babi 3
baij-babi 4
cdb-babi 1
1019
3
fdc-babj 3
bbcg-babj 3
bfib-babj 2
1020
1
igh-baca 8
1021
6
jhb-bacb 1
jce-bacb 1
jg-bacb 2
heb-bacb 2
bgbj-bacb 1
bcje-bacb 1
1022
3
hbc-bacc 6
feg-bacc 1
gdb-bacc 1
1023
1
jgf-bacd 8
1024
2
bbcd-bace 3
dhb-bace 5
1025
1
ifd-bacf 8
1026
2
bgdb-bacg 3
cja-bacg 5
1027
3
bih-bach 1
baag-bach 2
fdd-bach 5
1028
1
ejc-baci 8
1029
3
iha-bacj 3
bada-bacj 3
ibj-bacj 2
1030
4
bbcf-bada 4
hej-bada 1
ecj-bada 1
gdb-bada 2
1031
3
bddf-badb 1
dcd-badb 5
bdf-badb 2
1032
2
ifg-badc 5
hfg-badc 3
1033
3
bcac-badd 3
jc-badd 3
gh-badd 2
1034
1
ega-bade 8
1035
1
fgh-badf 8
1036
2
bbbf-badg 7
jhi-badg 1
1037
2
fhe-badh 7
bbgj-badh 1
1038
2
ghg-badi 6
bbdi-badi 2
1039
4
ijj-badj 2
bjf-badj 1
bbhf-badj 1
ff-badj 4
1040
3
jgg-baea 6
hdd-baea 1
he-baea 1
1041
4
fd-baeb 1
bbaf-baeb 4
iag-baeb 2
bdcj-baeb 1
1042
4
jha-baec 3
ccb-baec 1
hbg-baec 1
jaa-baec 3
1043
1
djc-baed 8
1044
1
baeg-baee 8
1045
3
fi-baef 5
gj-baef 1
efd-baef 2
1046
4
bcef-baeg 1
hhd-baeg 2
jdc-baeg 1
baic-baeg 4
1047
1
ihg-baeh 8
1048
4
bagg-baei 2
bcig-baei 3
bhc-baei 1
chj-baei 2
1049
2
bdfj-baej 6
bbhh-baej 2
1050
4
cff-bafa 5
dgj-bafa 1
jdj-bafa 1
babe-bafa 1
1051
3
bbbd-bafb 3
gdg-bafb 1
baah-bafb 4
1052
4
gfg-bafc 1
jce-bafc 3
bbef-bafc 3
hii-bafc 1
1053
2
fei-bafd 5
cfa-bafd 3
1054
2
fdd-bafe 6
bgf-bafe 2
1055
2
bfif-baff 2
hcj-baff 6
1056
1
fdd-bafg 8
1057
1
jbd-bafh 8
1058
3
bhj-bafi 3
bag-bafi 1
chi-bafi 4
1059
2
gfi-bafj 3
hef-bafj 5
1060
2
ded-baga 7
bbag-baga 1
1061
1
fhb-bagb 8
1062
1
gie-bagc 8
1063
3
ibg-bagd 4
hgd-bagd 3
beg-bagd 1
1064
4
babh-bage 4
bbcj-bage 2
jfb-bage 1
jhf-bage 1
1065
2
bede-bagf 4
bgd-bagf 4
1066
3
hgb-bagg 1
fcb-bagg 1
baie-bagg 6
1067
5
cde-bagh 1
eab-bagh 3
gje-bagh 2
cgf-bagh 1
ijg-bagh 1
1068
2
ggh-bagi 1
bcac-bagi 7
1069
3
bad-bagj 1
bgj-bagj 6
jhd-bagj 1
1070
2
bcgf-baha 3
bgcc-baha 5
1071
2
bgah-bahb 2
cgc-bahb 6
1072
1
hbg-bahc 8
1073
5
behd-bahd 1
beij-bahd 4
dii-bahd 1
dbb-bahd 1
efa-bahd 1
1074
1
bcdi-bahe 8
1075
2
bagd-bahf 7
ffi-bahf 1
1076
2
bgc-bahg 6
gjc-bahg 2
1077
4
bedg-bahh 3
hea-bahh 1
jab-bahh 3
bahg-bahh 1
1078
4
hab-bahi 2
ceh-bahi 3
ia-bahi 2
ghc-bahi 1
1079
1
fbe-bahj 8
1080
1
bgg-baia 8
1081
2
iac-baib 7
hih-baib 1
1082
3
iaa-baic 2
babi-baic 5
bcgg-baic 1
1083
1
bejd-baid 8
1084
5
chg-baie 1
bade-baie 1
bai-baie 1
efc-baie 3
iaf-baie 2
1085
1
jcb-baif 8
1086
4
hif-baig 1
ihc-baig 1
edd-baig 3
jgh-baig 3
1087
5
gcf-baih 1
eea-baih 1
bcej-baih 4
bbgd-baih 1
becj-baih 1
1088
2
bbab-baii 2
ffj-baii 6
1089
3
bha-baij 5
ife-baij 1
bfh-baij 2
1090
4
bcfj-baja 4
cdh-baja 1
cgg-baja 2
bif-baja 1
1091
3
ji-bajb 3
bdfg-bajb 4
bafj-bajb 1
1092
2
dhb-bajc 1
bbae-bajc 7
1093
3
hha-bajd 5
bfjc-bajd 1
edc-bajd 2
1094
4
iej-baje 5
gfi-baje 1
bdab-baje 1
hhe-baje 1
1095
5
bcje-bajf 1
eca-bajf 1
bbgi-bajf 1
jcd-bajf 1
jeb-bajf 4
1096
2
cgf-bajg 6
fi-bajg 2
1097
2
bia-bajh 1
hba-bajh 7
1098
2
baje-baji 5
bhf-baji 3
1099
3
eci-bajj 5
bajf-bajj 2
ejh-bajj 1
1100
2
beeg-bbaa 6
bcfa-bbaa 2
1101
1
bbfc-bbab 8
1102
4
bejd-bbac 1
iif-bbac 1
fed-bbac 2
dce-bbac 4
1103
2
bbag-bbad 7
jbh-bbad 1
1104
6
gid-bbae 1
bcfc-bbae 1
bgba-bbae 1
eah-bbae 2
hg-bbae 2
gc-bbae 1
1105
1
eff-bbaf 8
1106
1
gff-bbag 8
1107
4
bfjh-bbah 1
cja-bbah 1
beci-bbah 1
fhe-bbah 5
1108
2
bafj-bbai 4
bhj-bbai 4
1109
1
ich-bbaj 8
1110
5
jid-bbba 1
cgd-bbba 1
hdb-bbba 1
babb-bbba 4
hde-bbba 1
1111
1
hed-bbbb 8
1113
4
bbh-bbbd 3
baec-bbbd 2
icb-bbbd 1
bgab-bbbd 2
1114
3
bcc-bbbe 6
bccj-bbbe 1
dhj-bbbe 1
1115
2
cef-bbbf 6
gej-bbbf 2
1116
2
ief-bbbg 7
icb-bbbg 1
1117
2
bagc-bbbh 7
ehg-bbbh 1
1118
2
gee-bbbi 6
bac-bbbi 2
1119
3
big-bbbj 2
bgdj-bbbj 2
bahe-bbbj 4
1120
2
jcc-bbca 6
bdd-bbca 2
1121
5
iee-bbcb 1
hih-bbcb 1
ccc-bbcb 2
djj-bbcb 2
jfd-bbcb 2
1122
2
hbd-bbcc 2
bgf-bbcc 6
1123
3
gje-bbcd 3
baii-bbcd 1
jjd-bbcd 4
1124
2
gde-bbce 5
iff-bbce 3
1125
2
bbae-bbcf 7
fhc-bbcf 1
1126
3
bdid-bbcg 4
fcg-bbcg 2
ccj-bbcg 2
1127
1
icb-bbch 8
1128
2
bie-bbci 4
babh-bbci 4
1129
2
bbbb-bbcj 5
hee-bbcj 3
1130
2
ehh-bbda 7
jde-bbda 1
1131
5
bbf-bbdb 2
idc-bbdb 1
ifa-bbdb 1
bfdj-bbdb 1
hjj-bbdb 3
1132
1
jh-bbdc 8
1133
5
fgh-bbdd 4
bci-bbdd 1
beb-bbdd 1
eii-bbdd 1
gid-bbdd 1
1134
1
jif-bbde 8
1135
2
gbi-bbdf 4
baed-bbdf 4
1136
3
bgdc-bbdg 5
bhc-bbdg 1
bid-bbdg 2
1137
3
ghb-bbdh 6
bcjd-bbdh 1
eef-bbdh 1
1138
3
bcba-bbdi 2
baee-bbdi 1
hbh-bbdi 5
1139
1
ghi-bbdj 8
1140
2
cga-bbea 6
df-bbea 2
1141
5
bbde-bbeb 1
bbae-bbeb 3
bffc-bbeb 1
ihd-bbeb 2
ji-bbeb 1
1142
1
bcie-bbec 8
1143
1
jc-bbed 8
1144
1
bdee-bbee 8
1145
4
fjf-bbef 2
badd-bbef 3
ce-bbef 1
fjb-bbef 2
1146
3
bgbc-bbeg 2
eca-bbeg 4
bcjg-bbeg 2
1147
2
eg-bbeh 1
ghj-bbeh 7
1148
2
eif-bbei 3
gej-bbei 5
1149
3
bcbb-bbej 4
fja-bbej 1
fci-bbej 3
1150
1
bacc-bbfa 8
1151
4
bdah-bbfb 1
ghj-bbfb 3
baji-bbfb 1
bbgg-bbfb 3
1152
2
ibh-bbfc 6
bfej-bbfc 2
1153
4
ebc-bbfd 1
bdcj-bbfd 1
bdje-bbfd 2
eaa-bbfd 4
1154
2
bbgi-bbfe 4
chg-bbfe 4
1155
6
hg-bbff 2
jig-bbff 2
dbh-bbff 1
ihi-bbff 1
fcc-bbff 1
bdjd-bbff 1
1156
3
bfee-bbfg 4
fea-bbfg 1
eee-bbfg 3
1157
3
bbjg-bbfh 1
efd-bbfh 1
gec-bbfh 6
1158
3
bbej-bbfi 4
bfhb-bbfi 3
bace-bbfi 1
1159
4
ifc-bbfj 4
cbc-bbfj 1
cje-bbfj 1
babh-bbfj 2
1160
2
jbc-bbga 3
eji-bbga 5
1161
4
hi-bbgb 1
hgd-bbgb 1
iic-bbgb 3
jff-bbgb 3
1162
1
bafa-bbgc 8
1163
1
bgag-bbgd 8
1164
4
ihg-bbge 3
ddd-bbge 2
bbff-bbge 1
eb-bbge 2
1165
1
fcj-bbgf 8
1166
4
bcde-bbgg 1
gfh-bbgg 3
bdai-bbgg 1
ca-bbgg 3
1167
1
bbei-bbgh 8
1168
4
bdgi-bbgi 2
jgi-bbgi 2
bfi-bbgi 3
jab-bbgi 1
1169
3
bejh-bbgj 2
bbcj-bbgj 5
eah-bbgj 1
1170
2
begi-bbha 1
fbe-bbha 7
1171
1
iec-bbhb 8
1172
1
cbh-bbhc 8
1173
4
ece-bbhd 1
j-bbhd 1
bced-bbhd 3
bdb-bbhd 3
1174
4
id-bbhe 1
gfe-bbhe 1
fh-bbhe 5
bbgb-bbhe 1
1175
3
dia-bbhf 1
bfec-bbhf 6
baif-bbhf 1
1177
2
beee-bbhh 7
bcjf-bbhh 1
1178
2
bfge-bbhi 6
hgi-bbhi 2
1180
3
ei-bbia 1
edb-bbia 1
ij-bbia 6
1181
1
bdi-bbib 8
1182
2
befc-bbic 2
iab-bbic 6
1183
1
bbdd-bbid 8
1184
3
bbhj-bbie 3
dee-bbie 4
def-bbie 1
1185
2
bij-bbif 1
dcj-bbif 7
1186
1
cig-bbig 8
1187
2
bfd-bbih 2
gc-bbih 6
1188
2
bfgf-bbii 7
jhc-bbii 1
1189
2
bbdf-bbij 6
beci-bbij 2
1190
2
bacb-bbja 1
fec-bbja 7
1191
1
ffj-bbjb 8
1192
3
ii-bbjc 6
bhc-bbjc 1
bbha-bbjc 1
1193
1
jig-bbjd 8
1194
1
cbd-bbje 8
1195
4
fcj-bbjf 1
dji-bbjf 1
haj-bbjf 2
jbg-bbjf 4
1196
3
hjb-bbjg 3
bagj-bbjg 1
bbfe-bbjg 4
1197
2
bcjb-bbjh 4
jih-bbjh 4
1198
3
bch-bbji 3
ijh-bbji 3
hhi-bbji 2
1199
1
cig-bbjj 8
1200
2
bbie-bcaa 3
bgb-bcaa 5
1201
2
dfi-bcab 4
gce-bcab 4
1202
3
fa-bcac 1
had-bcac 1
hac-bcac 6
1203
3
bgcb-bcad 2
bdf-bcad 5
hcd-bcad 1
1204
2
bdaj-bcae 6
ibg-bcae 2
1205
2
bbha-bcaf 6
bcda-bcaf 2
1206
2
babb-bcag 5
bgch-bcag 3
1207
1
eed-bcah 8
1208
1
bbcj-bcai 8
1209
1
bbji-bcaj 8
1210
2
gfc-bcba 2
ejb-bcba 6
1211
3
hag-bcbb 3
bdbj-bcbb 3
die-bcbb 2
1212
5
ef-bcbc 1
dbe-bcbc 4
bafj-bcbc 1
bcij-bcbc 1
bbai-bcbc 1
1213
1
baca-bcbd 8
1214
2
bdd-bcbe 1
gda-bcbe 7
1215
2
igc-bcbf 7
bged-bcbf 1
1216
3
behc-bcbg 2
iea-bcbg 3
dbh-bcbg 3
1217
1
bhg-bcbh 8
1218
3
jdd-bcbi 3
jcf-bcbi 4
bfcf-bcbi 1
1219
2
hgc-bcbj 7
hjj-bcbj 1
1220
4
bdhj-bcca 4
behj-bcca 1
fb-bcca 2
jfe-bcca 1
1221
2
cid-bccb 6
egb-bccb 2
1222
1
edj-bccc 8
1223
3
bfed-bccd 1
behg-bccd 4
ced-bccd 3
1224
2
eci-bcce 5
iib-bcce 3
1225
2
bfhd-bccf 1
bajb-bccf 7
1226
2
badf-bccg 5
begg-bccg 3
1228
2
hjd-bcci 1
bcae-bcci 7
1229
6
hci-bccj 1
bg-bccj 1
dci-bccj 3
cfg-bccj 1
bdeb-bccj 1
gbe-bccj 1
1230
3
beii-bcda 1
dh-bcda 2
ijd-bcda 5
1231
3
bbeb-bcdb 3
baci-bcdb 1
bddd-bcdb 4
1232
4
bccd-bcdc 1
bfga-bcdc 1
bcj-bcdc 1
ghb-bcdc 5
1233
3
bagh-bcdd 1
bdid-bcdd 1
bbfh-bcdd 6
1234
5
beje-bcde 1
bcha-bcde 1
cba-bcde 2
baji-bcde 1
gic-bcde 3
1235
1
bbef-bcdf 8
1236
3
chc-bcdg 1
hjc-bcdg 4
jje-bcdg 3
1237
1
faf-bcdh 8
1238
2
hee-bcdi 6
cfg-bcdi 2
1239
1
fdb-bcdj 8
1240
1
becb-bcea 8
1241
2
bfcf-bceb 7
idj-bceb 1
1242
1
dgj-bcec 8
1243
1
bcjd-bced 8
1244
4
ejh-bcee 1
ffd-bcee 2
bdja-bcee 4
iai-bcee 1
1245
1
fbj-bcef 8
1246
1
cca-bceg 8
1247
2
bbdf-bceh 2
bdae-bceh 6
1248
1
bci-bcei 8
1249
3
gif-bcej 3
jfh-bcej 1
ef-bcej 4
1250
2
jfh-bcfa 3
djh-bcfa 5
1252
1
cig-bcfc 8
1253
2
beie-bcfd 4
idg-bcfd 4
1254
1
jh-bcfe 8
1255
4
begg-bcff 1
iie-bcff 3
ddd-bcff 2
hfh-bcff 2
1256
1
fjj-bcfg 8
1257
1
egd-bcfh 8
1258
1
ihe-bcfi 8
1259
2
bchb-bcfj 5
cig-bcfj 3
1260
1
ghc-bcga 8
1261
2
eai-bcgb 5
jae-bcgb 3
1262
2
bahc-bcgc 6
beih-bcgc 2
1264
2
baih-bcge 1
bgh-bcge 7
1265
1
bbga-bcgf 8
1266
2
beej-bcgg 6
bfhf-bcgg 2
1267
2
bdjg-bcgh 4
cbj-bcgh 4
1268
3
hce-bcgi 6
bge-bcgi 1
fca-bcgi 1
1269
3
beae-bcgj 3
bdbg-bcgj 4
bfci-bcgj 1
1270
1
deh-bcha 8
1271
2
bdfj-bchb 3
hhd-bchb 5
1272
2
bdb-bchc 4
cej-bchc 4
1273
2
bdaf-bchd 5
jbd-bchd 3
1274
1
becg-bche 8
1275
2
bfag-bchf 7
hdj-bchf 1
1276
4
hga-bchg 4
bebi-bchg 1
hhj-bchg 1
idc-bchg 2
1277
5
bcjb-bchh 1
bcjj-bchh 1
bbij-bchh 2
hhi-bchh 3
cjb-bchh 1
1278
2
bcdj-bchi 7
ifh-bchi 1
1279
1
jcd-bchj 8
1280
4
hhg-bcia 3
hid-bcia 1
bgec-bcia 3
ibc-bcia 1
1281
3
bfgd-bcib 3
bje-bcib 1
dde-bcib 4
1283
1
bede-bcid 8
1284
3
eic-bcie 4
bebd-bcie 3
bbgh-bcie 1
1285
2
bdjb-bcif 7
jhh-bcif 1
1286
1
fae-bcig 8
1287
1
cae-bcih 8
1288
3
jeh-bcii 1
bafh-bcii 6
cga-bcii 1
1289
1
ebd-bcij 8
1290
3
bbfi-bcja 4
hhd-bcja 3
ica-bcja 1
1291
2
bcaa-bcjb 7
dba-bcjb 1
1292
2
bbaf-bcjc 5
bbdg-bcjc 3
1293
1
hdf-bcjd 8
1294
1
bbfh-bcje 8
1295
3
dde-bcjf 1
bedc-bcjf 1
bdjc-bcjf 6
1296
2
eii-bcjg 4
jce-bcjg 4
1297
1
dch-bcjh 8
1298
1
ida-bcji 8
1299
2
bfgi-bcjj 7
fig-bcjj 1
1300
3
edh-bdaa 2
gcj-bdaa 4
eba-bdaa 2
1301
2
iji-bdab 3
bdib-bdab 5
1302
2
cgb-bdac 3
gba-bdac 5
1303
2
dja-bdad 2
ch-bdad 6
1304
2
bahi-bdae 3
bbif-bdae 5
1305
1
ga-bdaf 8
1307
1
ibd-bdah 8
1308
2
bajh-bdai 6
baij-bdai 2
1309
2
hed-bdaj 2
je-bdaj 6
1310
1
bbch-bdba 8
1312
1
bcgf-bdbc 8
1314
1
hh-bdbe 8
1316
3
hdj-bdbg 2
ddc-bdbg 4
bfii-bdbg 2
1317
1
jhg-bdbh 8
1318
2
bfbc-bdbi 2
dbc-bdbi 6
1319
4
gid-bdbj 3
jfa-bdbj 2
dhe-bdbj 1
bbci-bdbj 2
1320
1
fej-bdca 8
1321
2
cii-bdcb 4
ibj-bdcb 4
1322
2
bdhf-bdcc 5
iig-bdcc 3
1323
2
bdgd-bdcd 7
bbcb-bdcd 1
1324
1
jfc-bdce 8
1325
1
faa-bdcf 8
1326
1
bce-bdcg 8
1327
2
cac-bdch 4
hgc-bdch 4
1328
2
ci-bdci 5
efh-bdci 3
1329
2
feb-bdcj 3
jjc-bdcj 5
1330
2
bebj-bdda 5
efh-bdda 3
1333
2
bcbf-bddd 7
daa-bddd 1
1334
2
bid-bdde 2
jif-bdde 6
1335
2
bbbg-bddf 2
bbcc-bddf 6
1336
1
badj-bddg 8
1337
1
bffa-bddh 8
1338
1
fjg-bddi 8
1339
3
bj-bddj 5
bbbe-bddj 1
bcaf-bddj 2
1340
1
dc-bdea 8
1341
2
bdif-bdeb 6
jaf-bdeb 2
1342
4
cca-bdec 2
bfeg-bdec 1
ida-bdec 3
bfaf-bdec 2
1343
2
befd-bded 2
bbbi-bded 6
1344
3
gii-bdee 1
cgc-bdee 6
bcie-bdee 1
1345
2
hbe-bdef 5
bbeg-bdef 3
1346
2
bgfb-bdeg 3
iai-bdeg 5
1347
1
cfc-bdeh 8
1348
1
bccd-bdei 8
1349
2
bfaa-bdej 7
jag-bdej 1
1350
3
hdb-bdfa 4
jjf-bdfa 3
bje-bdfa 1
1351
1
ijg-bdfb 8
1352
1
hdc-bdfc 8
1353
2
bec-bdfd 6
efb-bdfd 2
1354
2
bfeg-bdfe 7
gdf-bdfe 1
1355
1
jga-bdff 8
1356
2
bdic-bdfg 7
bib-bdfg 1
1357
2
bacc-bdfh 5
bege-bdfh 3
1358
2
jcf-bdfi 4
becc-bdfi 4
1359
3
cdf-bdfj 1
bbjf-bdfj 2
hae-bdfj 5
1360
4
ihf-bdga 1
begc-bdga 1
bafa-bdga 1
ehh-bdga 5
1361
3
hig-bdgb 1
bead-bdgb 1
fca-bdgb 6
1362
2
eba-bdgc 6
bcbd-bdgc 2
1363
1
gbc-bdgd 8
1364
1
baej-bdge 8
1365
3
fcc-bdgf 1
bfbe-bdgf 6
gdb-bdgf 1
1366
1
fbh-bdgg 8
1367
2
ghj-bdgh 2
eea-bdgh 6
1368
2
bdj-bdgi 7
bdjb-bdgi 1
1369
1
bgdi-bdgj 8
1370
2
daj-bdha 7
behi-bdha 1
1371
2
hbh-bdhb 7
haf-bdhb 1
1372
2
jei-bdhc 1
bahg-bdhc 7
1373
2
bae-bdhd 2
bcbg-bdhd 6
1374
4
bagb-bdhe 2
jjj-bdhe 1
ecc-bdhe 1
baia-bdhe 4
1375
2
bcdh-bdhf 1
bfae-bdhf 7
1376
1
efd-bdhg 8
1377
1
bdfd-bdhh 8
1378
3
ccf-bdhi 1
hb-bdhi 1
ihe-bdhi 6
1379
1
iah-bdhj 8
1380
2
bgff-bdia 5
jgg-bdia 3
1381
1
bcfi-bdib 8
1382
1
hhg-bdic 8
1383
1
beh-bdid 8
1384
1
igc-bdie 8
1385
2
fgc-bdif 1
f-bdif 7
1386
2
bajc-bdig 4
bdge-bdig 4
1388
2
cch-bdii 1
fbg-bdii 7
1389
1
fbg-bdij 8
1390
2
bdeb-bdja 2
bbhb-bdja 6
1391
1
bchd-bdjb 8
1392
2
ifh-bdjc 4
bfbb-bdjc 4
1393
1
eca-bdjd 8
1394
2
cge-bdje 1
bacj-bdje 7
1395
1
jig-bdjf 8
1396
1
bdef-bdjg 8
1397
2
bfdf-bdjh 4
baj-bdjh 4
1398
2
bej-bdji 6
egb-bdji 2
1399
1
bccf-bdjj 8
1400
2
eeb-beaa 3
bcfj-beaa 5
1401
2
baai-beab 3
bdde-beab 5
1403
2
bib-bead 4
bafg-bead 4
1404
1
bdch-beae 8
1405
1
geb-beaf 8
1406
1
cci-beag 8
1407
2
bgfc-beah 4
bche-beah 4
1408
1
ida-beai 8
1409
2
bcea-beaj 3
dea-beaj 5
1410
3
bbcb-beba 3
bbf-beba 2
bfg-beba 3
1411
1
bgf-bebb 8
1412
1
bbah-bebc 8
1413
2
babc-bebd 2
bejj-bebd 6
1414
1
bccd-bebe 8
1415
2
ghb-bebf 6
bbfj-bebf 2
1416
1
idj-bebg 8
1417
2
bbgc-bebh 5
dag-bebh 3
1418
1
fad-bebi 8
1419
1
bbec-bebj 8
1420
2
ddg-beca 2
jjf-beca 6
1421
2
bcg-becb 7
bfbj-becb 1
1422
2
bcc-becc 5
haf-becc 3
1423
2
bbii-becd 4
fba-becd 4
1424
1
fii-bece 8
1425
2
fed-becf 6
hce-becf 2
1426
1
bagi-becg 8
1427
1
dfj-bech 8
1428
1
bbgj-beci 8
1429
2
hec-becj 4
bdbi-becj 4
1430
3
bc-beda 5
cbd-beda 2
bfhh-beda 1
1431
1
bebd-bedb 8
1432
2
bfaj-bedc 7
baic-bedc 1
1433
1
ceg-bedd 8
1434
2
hf-bede 1
bbda-bede 7
1435
2
ebh-bedf 6
djf-bedf 2
1436
1
jbg-bedg 8
1437
2
baha-bedh 5
bgai-bedh 3
1438
1
iib-bedi 8
1439
1
igd-bedj 8
1441
2
bbee-beeb 7
hcf-beeb 1
1442
1
jba-beec 8
1443
3
becd-beed 3
dgj-beed 4
bfih-beed 1
1444
2
eff-beee 2
hhc-beee 6
1445
2
hhf-beef 1
icf-beef 7
1446
2
he-beeg 5
bdeb-beeg 3
1447
1
bdgc-beeh 8
1448
1
bdcg-beei 8
1449
1
cge-beej 8
1450
2
ebe-befa 5
cbc-befa 3
1451
1
babd-befb 8
1452
1
bchf-befc 8
1453
3
dci-befd 3
iia-befd 2
chj-befd 3
1454
1
fif-befe 8
1455
2
fid-beff 5
hc-beff 3
1456
1
bah-befg 8
1459
1
bdgc-befj 8
1460
1
gca-bega 8
1461
1
iie-begb 8
1462
2
bgad-begc 2
ghf-begc 6
1463
1
bdgi-begd 8
1464
2
bdci-bege 6
babb-bege 2
1466
2
bfai-begg 3
ifb-begg 5
1467
1
eac-begh 8
1468
1
cff-begi 8
1469
2
bbfb-begj 6
eef-begj 2
1470
3
hcj-beha 5
bebd-beha 2
cji-beha 1
1471
1
bfdh-behb 8
1472
1
ifa-behc 8
1473
1
eda-behd 8
1474
3
ihd-behe 5
bgaa-behe 2
baja-behe 1
1475
1
hdf-behf 8
1476
1
iei-behg 8
1477
1
bcgg-behh 8
1478
2
bjh-behi 7
bgde-behi 1
1479
2
dcd-behj 4
ihb-behj 4
1480
1
ffd-beia 8
1481
1
bdaj-beib 8
1482
3
bbb-beic 3
ec-beic 1
dg-beic 4
1483
2
bdje-beid 7
iai-beid 1
1484
1
cgc-beie 8
1485
3
gab-beif 6
cii-beif 1
hfb-beif 1
1486
2
baf-beig 6
bedd-beig 2
1487
2
ijd-beih 3
dcc-beih 5
1488
1
cbe-beii 8
1489
2
bah-beij 7
che-beij 1
1490
1
cid-beja 8
1491
1
bace-bejb 8
1493
1
badc-bejd 8
1494
1
baag-beje 8
1495
1
jhi-bejf 8
1496
1
bcag-bejg 8
1497
1
bdaa-bejh 8
1498
2
dcf-beji 4
ifa-beji 4
1499
1
cdg-bejj 8
1500
2
bhf-bfaa 5
ccd-bfaa 3
1501
1
fbi-bfab 8
1503
1
jhc-bfad 8
1504
3
bfah-bfae 6
ecc-bfae 1
bai-bfae 1
1505
2
bedh-bfaf 5
hbb-bfaf 3
1506
2
jai-bfag 3
bdad-bfag 5
1507
1
jbf-bfah 8
1508
1
bcaj-bfai 8
1509
1
bcjd-bfaj 8
1510
1
bdgg-bfba 8
1511
1
hda-bfbb 8
1512
1
ijd-bfbc 8
1513
3
bbjd-bfbd 6
dcg-bfbd 1
fia-bfbd 1
1514
1
behh-bfbe 8
1515
2
efe-bfbf 1
bdga-bfbf 7
1516
1
hih-bfbg 8
1518
1
jjc-bfbi 8
1519
1
beif-bfbj 8
1520
1
ghc-bfca 8
1521
3
bbba-bfcb 6
gaj-bfcb 1
gfa-bfcb 1
1522
1
gga-bfcc 8
1523
3
ggc-bfcd 3
bcdc-bfcd 1
bdbj-bfcd 4
1524
1
jh-bfce 8
1525
1
bca-bfcf 8
1526
3
bgdj-bfcg 4
cjc-bfcg 1
bfgg-bfcg 3
1527
1
bafe-bfch 8
1528
1
fjb-bfci 8
1529
2
gh-bfcj 2
dif-bfcj 6
1530
2
baai-bfda 7
bgce-bfda 1
1531
1
iih-bfdb 8
1532
1
bfbc-bfdc 8
1533
1
bcgh-bfdd 8
1534
1
jgf-bfde 8
1535
1
ddf-bfdf 8
1536
1
bdfi-bfdg 8
1537
1
bdec-bfdh 8
1538
2
fgc-bfdi 6
ihc-bfdi 2
1539
2
bddd-bfdj 1
dgg-bfdj 7
1540
1
jdg-bfea 8
1541
1
ggf-bfeb 8
1542
2
edg-bfec 2
bdge-bfec 6
1543
2
iia-bfed 4
iea-bfed 4
1544
2
dae-bfee 5
fhi-bfee 3
1545
4
faa-bfef 1
bgaf-bfef 5
bgda-bfef 1
ied-bfef 1
1546
1
dfb-bfeg 8
1547
1
fdc-bfeh 8
1548
1
cbf-bfei 8
1549
1
bdia-bfej 8
1550
1
iab-bffa 8
1551
1
bda-bffb 8
1552
1
iai-bffc 8
1553
1
egi-bffd 8
1555
1
becg-bfff 8
1556
1
gci-bffg 8
1557
1
ghi-bffh 8
1558
1
ed-bffi 8
1559
1
eda-bffj 8
1560
2
bfj-bfga 6
dcg-bfga 2
1561
2
beif-bfgb 7
bcfj-bfgb 1
1562
1
bdac-bfgc 8
1563
1
ihj-bfgd 8
1564
1
chj-bfge 8
1565
2
bgga-bfgf 6
eig-bfgf 2
1566
1
ec-bfgg 8
1567
1
bbie-bfgh 8
1568
3
bgej-bfgi 4
bgee-bfgi 3
fea-bfgi 1
1570
1
cga-bfha 8
1571
1
bhg-bfhb 8
1572
1
dgd-bfhc 8
1573
1
bdgb-bfhd 8
1574
1
bfi-bfhe 8
1575
2
jjj-bfhf 3
ded-bfhf 5
1576
2
ibi-bfhg 2
bfhi-bfhg 6
1577
1
ibh-bfhh 8
1578
1
ice-bfhi 8
1579
2
gih-bfhj 3
bejj-bfhj 5
1580
1
df-bfia 8
1581
1
bdca-bfib 8
1582
2
igc-bfic 1
bgfg-bfic 7
1583
1
hfa-bfid 8
1584
1
ceh-bfie 8
1585
2
caa-bfif 7
dfi-bfif 1
1587
1
cif-bfih 8
1588
2
hjg-bfii 5
edc-bfii 3
1589
1
gih-bfij 8
1590
1
bie-bfja 8
1591
1
icj-bfjb 8
1592
1
bej-bfjc 8
1593
1
bajd-bfjd 8
1594
1
bfba-bfje 8
1595
1
cdg-bfjf 8
1596
1
bdej-bfjg 8
1598
1
bebd-bfji 8
1599
1
hhg-bfjj 8
1600
1
bcdd-bgaa 8
1601
1
fga-bgab 8
1602
1
babg-bgac 8
1603
1
bdba-bgad 8
1604
1
bajd-bgae 8
1605
1
beab-bgaf 8
1606
1
bed-bgag 8
1607
1
bdhi-bgah 8
1608
1
baji-bgai 8
1609
1
egb-bgaj 8
1610
1
ddd-bgba 8
1611
1
dib-bgbb 8
1612
1
bba-bgbc 8
1613
2
bfb-bgbd 3
bfje-bgbd 5
1614
1
bfhe-bgbe 8
1615
1
bbfa-bgbf 8
1616
1
dff-bgbg 8
1617
2
ece-bgbh 7
bgfh-bgbh 1
1618
1
bfjc-bgbi 8
1619
1
cbj-bgbj 8
1620
1
hjh-bgca 8
1621
1
icd-bgcb 8
1622
2
bdbe-bgcc 2
dga-bgcc 6
1624
1
bacd-bgce 8
1625
1
cib-bgcf 8
1626
1
cba-bgcg 8
1627
1
cga-bgch 8
1628
2
hje-bgci 5
bda-bgci 3
1629
1
beeg-bgcj 8
1630
1
bcai-bgda 8
1631
1
jdd-bgdb 8
1632
1
gbb-bgdc 8
1633
2
bhf-bgdd 7
ede-bgdd 1
1634
1
beic-bgde 8
1635
1
bbia-bgdf 8
1636
1
baf-bgdg 8
1637
1
hhh-bgdh 8
1638
2
jdi-bgdi 1
bach-bgdi 7
1639
1
jdb-bgdj 8
1640
1
bcia-bgea 8
1641
1
ega-bgeb 8
1642
2
bacg-bgec 2
djd-bgec 6
1643
1
behi-bged 8
1644
1
hjf-bgee 8
1645
1
fed-bgef 8
1646
1
baca-bgeg 8
1647
1
bece-bgeh 8
1648
1
bgca-bgei 8
1649
1
jej-bgej 8
1650
1
bddj-bgfa 8
1651
1
bhh-bgfb 8
1652
1
bfjg-bgfc 8
1653
2
ddb-bgfd 7
gif-bgfd 1
1654
1
bfcf-bgfe 8
1655
1
bcgh-bgff 8
1656
1
bce-bgfg 8
1657
1
bgbi-bgfh 8
1658
1
bie-bgfi 8
1659
1
eef-bgfj 8
1660
1
bdhi-bgga 8
1661
1
bdhg-bggb 8
