1632
1
2
ehb-b 1
dab-b 1
2
6
bi-c 1
di-c 2
dgc-c 1
fcd-c 1
bih-c 1
dgj-c 1
3
4
cbd-d 2
bcb-d 2
bjg-d 1
ii-d 2
4
3
d-e 2
hic-e 1
cba-e 1
5
4
bda-f 2
jbb-f 2
e-f 3
bdjf-f 1
6
6
gic-g 2
eie-g 1
ehc-g 1
iee-g 1
bfg-g 1
bedj-g 1
7
1
bfa-h 1
8
2
gie-i 3
geg-i 1
9
4
ce-j 1
bi-j 2
fbj-j 1
heg-j 1
10
1
bdi-ba 2
11
6
bcea-bb 1
bgf-bb 1
gc-bb 1
bcef-bb 1
bee-bb 4
cd-bb 2
12
3
dgf-bc 2
daa-bc 1
hbf-bc 4
13
3
cjb-bd 2
cch-bd 1
bejh-bd 1
14
4
babg-be 1
fec-be 2
bbbj-be 1
beai-be 1
15
2
hi-bf 1
dh-bf 1
16
4
baae-bg 2
gge-bg 2
bi-bg 3
bdii-bg 1
17
3
ihi-bh 2
hjd-bh 1
bgeh-bh 1
18
4
fic-bi 1
hej-bi 2
babg-bi 2
feh-bi 1
19
6
dhf-bj 1
bdbf-bj 2
db-bj 1
dg-bj 1
cii-bj 1
hcj-bj 4
20
4
cd-ca 2
dfg-ca 1
gjh-ca 1
bai-ca 1
21
3
did-cb 1
dcc-cb 2
edb-cb 1
22
2
dgf-cc 2
jgi-cc 3
23
5
dbg-cd 2
ffb-cd 1
bhd-cd 1
bcaj-cd 1
gfa-cd 2
24
4
bi-ce 1
ef-ce 1
jag-ce 1
jgf-ce 2
25
5
fhg-cf 1
eac-cf 1
def-cf 1
bbci-cf 1
cc-cf 2
26
5
bd-cg 4
chb-cg 1
hhc-cg 1
ca-cg 1
eh-cg 1
27
4
hch-ch 3
jgg-ch 1
ddb-ch 1
bjd-ch 2
28
5
hif-ci 2
befi-ci 1
bffg-ci 1
hfh-ci 1
gbg-ci 1
29
3
bfgd-cj 1
fbi-cj 2
egd-cj 1
30
7
beib-da 1
fai-da 1
bdf-da 1
eej-da 1
bhd-da 1
gda-da 4
bcei-da 1
31
6
cd-db 1
cfj-db 1
cbh-db 1
gi-db 3
bbde-db 1
bgj-db 1
32
6
bbgj-dc 1
iej-dc 1
ifh-dc 1
ecg-dc 1
iag-dc 1
jbf-dc 2
33
3
dfg-dd 2
fc-dd 1
babg-dd 1
34
2
di-de 4
ghj-de 1
35
5
ibf-df 2
iei-df 1
bfgb-df 1
igi-df 1
gc-df 1
36
8
bebe-dg 1
bcag-dg 1
cee-dg 1
bed-dg 3
bcii-dg 1
bgfe-dg 1
bdfc-dg 1
hah-dg 1
37
4
gcd-dh 1
dc-dh 1
bagf-dh 3
hha-dh 1
38
1
haf-di 1
39
2
ef-dj 1
gdb-dj 3
40
5
jjh-ea 1
dbb-ea 3
eee-ea 1
fda-ea 1
jff-ea 1
41
3
cdi-eb 1
bbfc-eb 1
hac-eb 2
42
3
fc-ec 4
cdc-ec 1
fi-ec 1
43
5
bfdc-ed 2
edf-ed 1
bcia-ed 1
eb-ed 1
ech-ed 1
44
2
cfb-ee 1
bacc-ee 3
45
4
cih-ef 2
beeh-ef 1
ige-ef 2
cij-ef 3
46
4
ggg-eg 1
cbg-eg 3
bdj-eg 1
ffd-eg 1
47
5
fdd-eh 2
gdh-eh 1
bbei-eh 1
bbfg-eh 1
bjb-eh 1
48
4
jfj-ei 2
bcjf-ei 1
bb-ei 2
dff-ei 2
49
2
cd-ej 2
baig-ej 2
50
5
jji-fa 1
bhg-fa 1
bcb-fa 2
bc-fa 2
dhe-fa 1
51
3
dfa-fb 2
bcch-fb 1
bdc-fb 1
52
4
bcj-fc 2
bfch-fc 1
fif-fc 2
eab-fc 1
53
3
je-fd 2
dhe-fd 2
daf-fd 1
54
1
jic-fe 1
55
5
cje-ff 1
gb-ff 4
bed-ff 1
dbd-ff 1
bdf-ff 1
56
1
bfaf-fg 1
57
4
ccb-fh 3
bdb-fh 1
jh-fh 1
bejb-fh 3
58
3
bfdg-fi 2
fg-fi 1
hee-fi 1
59
2
ifd-fj 7
dbg-fj 1
60
4
bi-ga 1
fga-ga 3
cg-ga 1
eah-ga 2
61
2
bbeb-gb 1
bbjc-gb 1
62
5
bdfa-gc 1
eie-gc 1
j-gc 1
e-gc 2
gge-gc 2
63
8
daj-gd 1
dai-gd 1
bfgc-gd 1
je-gd 3
icd-gd 1
gfb-gd 1
dbf-gd 1
cfj-gd 1
64
2
g-ge 1
dfi-ge 1
65
1
cgh-gf 1
66
5
bfjf-gg 1
cdh-gg 1
jdj-gg 1
jhg-gg 1
idf-gg 2
67
3
bh-gh 2
jci-gh 1
bddh-gh 1
68
3
bcff-gi 1
ch-gi 1
cbe-gi 2
69
3
gjj-gj 2
baad-gj 1
edh-gj 1
70
3
db-ha 2
ecc-ha 1
bda-ha 1
71
2
efh-hb 1
iaa-hb 1
72
4
dbf-hc 1
ejc-hc 1
gg-hc 2
cif-hc 1
74
5
bcjc-he 3
gij-he 1
bgi-he 1
bebb-he 1
hc-he 2
75
3
dah-hf 3
hie-hf 1
bdbc-hf 1
76
4
gbd-hg 1
bja-hg 1
dfj-hg 1
cgj-hg 2
77
6
jae-hh 3
beic-hh 1
bjb-hh 1
gcj-hh 1
caa-hh 1
cae-hh 1
78
5
baec-hi 2
ihf-hi 1
iba-hi 1
bac-hi 1
fa-hi 1
79
3
jfc-hj 2
di-hj 1
gfg-hj 1
80
4
bfeh-ia 1
bdjd-ia 1
ccc-ia 2
di-ia 1
81
4
ghd-ib 1
dea-ib 2
dad-ib 1
gia-ib 1
82
2
cgi-ic 1
bedh-ic 3
83
2
gbg-id 4
eab-id 1
84
4
eeh-ie 2
haj-ie 2
dej-ie 1
bjd-ie 1
85
3
bfce-if 2
bcge-if 1
di-if 1
86
2
baif-ig 1
egf-ig 1
87
3
bcfj-ih 1
bba-ih 2
cgh-ih 1
88
6
dgc-ii 1
chf-ii 1
eig-ii 2
bacj-ii 1
bacd-ii 1
bgfi-ii 1
89
3
dbi-ij 2
ife-ij 2
bcd-ij 1
90
2
bei-ja 3
hij-ja 1
91
3
jc-jb 3
bhe-jb 1
ehi-jb 1
92
6
fci-jc 2
babi-jc 1
hj-jc 1
gbe-jc 1
bbjg-jc 1
gii-jc 1
93
2
cae-jd 1
fhj-jd 1
94
6
bfgb-je 1
bfc-je 1
bi-je 2
gdf-je 1
bbi-je 1
fcf-je 1
95
2
iae-jf 1
gbd-jf 3
96
3
daf-jg 1
ec-jg 2
beb-jg 1
97
4
bcbf-jh 1
hib-jh 3
bbfg-jh 1
dai-jh 2
98
4
bdjh-ji 3
idd-ji 1
bccj-ji 1
beaa-ji 1
99
3
dej-jj 2
bcee-jj 1
fgf-jj 1
100
5
fhg-baa 1
dig-baa 1
bfg-baa 1
efg-baa 1
dfi-baa 2
101
4
eic-bab 1
jhg-bab 2
ede-bab 1
chf-bab 1
102
5
gja-bac 1
bfe-bac 1
hfi-bac 2
da-bac 1
hj-bac 1
103
3
jid-bad 1
bfi-bad 2
bha-bad 1
104
4
ceg-bae 1
bdga-bae 1
cd-bae 2
dgj-bae 1
105
3
bdbh-baf 2
bcb-baf 1
cj-baf 3
106
6
bfce-bag 2
bbfi-bag 1
fic-bag 1
bcc-bag 1
ede-bag 1
dad-bag 2
107
6
bbcc-bah 2
gjh-bah 1
ddf-bah 1
deg-bah 1
ifd-bah 1
hbf-bah 1
108
2
bda-bai 1
cfj-bai 1
109
3
eg-baj 4
cjg-baj 2
chf-baj 1
110
4
gdc-bba 1
je-bba 1
fbe-bba 2
hi-bba 2
111
4
edb-bbb 1
bdh-bbb 1
d-bbb 1
fdh-bbb 2
112
5
jje-bbc 2
gbg-bbc 1
dgb-bbc 1
chf-bbc 1
dbb-bbc 1
113
2
gca-bbd 1
bja-bbd 1
114
3
ehd-bbe 1
cb-bbe 1
cie-bbe 2
115
4
bei-bbf 2
fj-bbf 2
dfc-bbf 1
bage-bbf 1
116
6
iff-bbg 1
bbbj-bbg 1
eba-bbg 1
gdc-bbg 1
cbd-bbg 2
eg-bbg 1
117
3
ehi-bbh 1
bacc-bbh 1
gjh-bbh 2
118
7
bca-bbi 1
cbb-bbi 2
bech-bbi 3
beeh-bbi 1
beb-bbi 2
gfd-bbi 1
ige-bbi 1
119
7
fag-bbj 1
ige-bbj 2
bbag-bbj 1
eh-bbj 1
baja-bbj 1
gjh-bbj 1
bbf-bbj 1
120
6
gae-bca 1
bae-bca 1
cji-bca 1
cc-bca 1
gaf-bca 1
eae-bca 2
121
4
bbdg-bcb 2
bdea-bcb 1
bbgc-bcb 1
fba-bcb 1
122
7
hgb-bcc 1
jg-bcc 1
bebg-bcc 2
bbff-bcc 1
bjd-bcc 1
gfi-bcc 1
bbab-bcc 1
123
5
eed-bcd 2
iie-bcd 1
jec-bcd 1
ddj-bcd 1
gc-bcd 1
124
7
edi-bce 1
bagd-bce 2
ccc-bce 3
gef-bce 1
gc-bce 1
bb-bce 1
bi-bce 1
125
3
cea-bcf 3
gih-bcf 1
ddj-bcf 1
126
4
bhj-bcg 4
dbg-bcg 1
di-bcg 2
g-bcg 1
127
4
fbh-bch 2
bgbf-bch 1
gad-bch 1
ecb-bch 3
128
6
bbf-bci 2
fag-bci 2
bbhe-bci 1
bagb-bci 1
bcbc-bci 1
bbc-bci 1
129
5
icj-bcj 2
cjh-bcj 2
bah-bcj 1
eac-bcj 2
iff-bcj 1
130
5
ia-bda 1
eh-bda 3
dhg-bda 1
ffa-bda 1
dfj-bda 1
131
7
efd-bdb 1
jbg-bdb 1
deh-bdb 1
cda-bdb 1
bfc-bdb 4
djh-bdb 1
bhb-bdb 1
132
9
fee-bdc 1
jbg-bdc 1
bbah-bdc 1
bbjh-bdc 2
bbfe-bdc 2
cfc-bdc 1
fdc-bdc 1
bfea-bdc 1
bec-bdc 1
133
3
bcgc-bdd 4
bjf-bdd 1
bece-bdd 1
134
4
iah-bde 4
bdh-bde 1
bba-bde 1
gge-bde 1
135
4
hcg-bdf 4
gea-bdf 1
gbf-bdf 1
bbab-bdf 1
136
7
bcc-bdg 2
bbij-bdg 1
ch-bdg 1
cha-bdg 1
dhi-bdg 1
bahh-bdg 1
jdg-bdg 3
137
4
edg-bdh 1
ce-bdh 1
jjg-bdh 2
feh-bdh 1
138
4
gci-bdi 4
jbe-bdi 1
bffi-bdi 1
iic-bdi 1
139
6
igg-bdj 3
geh-bdj 1
bbbh-bdj 1
jfe-bdj 1
hhc-bdj 1
ffb-bdj 1
140
4
dgb-bea 1
fif-bea 1
dgc-bea 1
cdh-bea 2
141
7
hia-beb 1
fe-beb 2
djg-beb 1
cbe-beb 1
cbg-beb 2
dci-beb 2
edh-beb 1
142
8
eei-bec 1
bdh-bec 2
bdei-bec 2
ii-bec 1
hff-bec 1
ica-bec 1
hea-bec 1
hj-bec 1
143
5
feh-bed 2
cd-bed 1
begd-bed 1
bhc-bed 1
ica-bed 2
144
5
cfa-bee 2
dfg-bee 1
gjd-bee 1
bgbe-bee 1
bbej-bee 1
145
2
dai-bef 3
fgj-bef 2
146
5
bja-beg 2
bef-beg 1
fei-beg 1
hgd-beg 1
ea-beg 1
147
8
cia-beh 2
hi-beh 1
jbj-beh 1
ieh-beh 1
gdd-beh 2
ih-beh 2
ccg-beh 1
bab-beh 1
148
5
jca-bei 1
bcgi-bei 1
jbi-bei 1
becg-bei 2
fge-bei 1
149
4
bdb-bej 2
bec-bej 1
dbi-bej 2
fif-bej 1
150
5
cjd-bfa 2
ifi-bfa 1
cdf-bfa 1
egg-bfa 1
ddd-bfa 1
151
2
bdji-bfb 1
fda-bfb 1
152
8
cei-bfc 1
dhb-bfc 1
cdb-bfc 2
bafi-bfc 3
dcb-bfc 1
fcb-bfc 1
gbi-bfc 1
ifh-bfc 1
153
4
jgi-bfd 1
cie-bfd 1
haa-bfd 1
bif-bfd 2
154
5
dch-bfe 2
hff-bfe 1
cgh-bfe 1
gbc-bfe 1
baea-bfe 1
155
3
fdh-bff 1
eec-bff 3
gfe-bff 1
156
4
dae-bfg 4
hhe-bfg 2
bgac-bfg 1
hj-bfg 3
157
3
gcj-bfh 2
eaa-bfh 1
bae-bfh 2
158
6
idg-bfi 1
bgci-bfi 1
gaa-bfi 1
ecj-bfi 1
ich-bfi 1
jhe-bfi 3
159
5
gif-bfj 1
gce-bfj 1
jjj-bfj 1
bii-bfj 1
ded-bfj 2
160
3
efe-bga 1
hbd-bga 1
dij-bga 2
161
4
hea-bgb 1
bahe-bgb 1
cgc-bgb 3
bedd-bgb 2
162
3
cgd-bgc 4
bdeh-bgc 3
cdb-bgc 1
163
3
edg-bgd 2
gd-bgd 1
bgdh-bgd 3
164
3
jif-bge 1
d-bge 1
hci-bge 2
165
2
iaa-bgf 4
bd-bgf 1
166
5
bdde-bgg 3
ehg-bgg 1
babe-bgg 1
bcaa-bgg 1
heh-bgg 1
167
5
cgg-bgh 1
be-bgh 2
cej-bgh 1
bfgh-bgh 1
dbg-bgh 1
168
7
eij-bgi 2
baa-bgi 2
dda-bgi 2
daj-bgi 1
cbi-bgi 1
bhh-bgi 1
bc-bgi 1
169
5
bffe-bgj 1
djh-bgj 1
hbh-bgj 2
jai-bgj 1
hch-bgj 1
170
4
fh-bha 2
bi-bha 6
gi-bha 1
ccd-bha 1
171
6
fcb-bhb 1
jh-bhb 2
ih-bhb 1
cda-bhb 1
bfbi-bhb 1
hhd-bhb 1
172
6
edf-bhc 1
eje-bhc 1
bfe-bhc 2
bbfd-bhc 1
bagf-bhc 1
gfg-bhc 1
173
3
hj-bhd 3
gii-bhd 1
eed-bhd 1
174
4
bgj-bhe 1
cfe-bhe 1
daa-bhe 3
chd-bhe 1
175
6
dgi-bhf 1
bci-bhf 1
ca-bhf 1
cgi-bhf 1
ech-bhf 2
jga-bhf 1
176
7
bci-bhg 1
babb-bhg 1
cfi-bhg 1
cbg-bhg 1
baf-bhg 2
iga-bhg 1
cdi-bhg 1
177
4
bai-bhh 1
efe-bhh 1
cch-bhh 1
cbc-bhh 2
178
5
cdb-bhi 1
ibh-bhi 1
bacb-bhi 1
eaj-bhi 1
gbb-bhi 2
179
5
bafb-bhj 1
ghd-bhj 1
cb-bhj 1
hg-bhj 3
dbf-bhj 2
180
2
hi-bia 2
cch-bia 3
181
2
eae-bib 3
fhc-bib 1
182
3
dc-bic 3
eee-bic 1
baa-bic 1
183
3
bef-bid 2
bajd-bid 2
beh-bid 1
184
7
dbe-bie 1
bcc-bie 2
eig-bie 1
bcai-bie 3
bde-bie 4
bbc-bie 1
hdd-bie 1
185
4
cji-bif 2
bahf-bif 2
babf-bif 1
bgcg-bif 1
186
2
bdde-big 1
deg-big 1
187
4
ccj-bih 1
bcff-bih 1
dcf-bih 1
hef-bih 2
188
5
ejd-bii 1
bga-bii 2
dfa-bii 1
caj-bii 1
bcej-bii 1
189
5
cha-bij 1
cia-bij 1
gfi-bij 1
ba-bij 3
bcj-bij 1
190
2
dca-bja 3
ded-bja 1
191
4
bbee-bjb 2
bcdb-bjb 1
fed-bjb 1
db-bjb 1
192
4
ibe-bjc 1
ggh-bjc 2
bagc-bjc 2
baad-bjc 1
193
5
ghb-bjd 1
gd-bjd 1
di-bjd 1
bij-bjd 1
hdg-bjd 2
194
3
cga-bje 3
ecd-bje 1
eja-bje 1
195
5
hii-bjf 1
ecg-bjf 1
baff-bjf 1
hic-bjf 1
bccc-bjf 3
196
2
dih-bjg 3
cec-bjg 1
197
5
jeb-bjh 1
gfd-bjh 3
bcb-bjh 1
cd-bjh 1
eah-bjh 1
198
4
dbg-bji 2
beeb-bji 1
fdj-bji 1
cgh-bji 1
199
4
jhe-bjj 2
baad-bjj 1
gci-bjj 1
edg-bjj 1
200
6
hfg-caa 2
bafd-caa 1
dhc-caa 1
djj-caa 1
jgd-caa 1
ecb-caa 1
201
5
cjd-cab 1
daf-cab 3
jbg-cab 1
bef-cab 1
bdg-cab 1
202
5
dbf-cac 1
djc-cac 1
fid-cac 1
bbdh-cac 2
cgd-cac 1
203
2
ege-cad 2
icg-cad 2
204
8
jcd-cae 1
chb-cae 1
hhb-cae 1
cci-cae 1
bcb-cae 1
gdi-cae 1
bccg-cae 1
bea-cae 3
205
3
bafb-caf 1
gag-caf 2
ghc-caf 1
206
4
bbg-cag 1
cie-cag 2
fbi-cag 1
ebb-cag 1
207
5
bahc-cah 1
fde-cah 1
ih-cah 1
fac-cah 2
bebe-cah 2
208
2
jda-cai 1
gdb-cai 1
209
4
eji-caj 2
ghh-caj 1
eba-caj 1
jh-caj 1
210
4
bgdd-cba 1
bfi-cba 2
bbjf-cba 1
bccb-cba 1
211
4
ihc-cbb 1
cge-cbb 1
ca-cbb 1
be-cbb 3
212
2
efg-cbc 1
bcdg-cbc 1
213
7
eag-cbd 1
cec-cbd 1
jej-cbd 2
jfc-cbd 1
ehe-cbd 2
bif-cbd 1
bcdc-cbd 2
214
1
bbcc-cbe 1
215
2
bff-cbf 2
ceb-cbf 2
216
4
bbfi-cbg 2
becj-cbg 1
hjj-cbg 1
bdg-cbg 1
217
2
bhi-cbh 4
bfg-cbh 2
218
2
ede-cbi 2
bdi-cbi 2
219
4
hi-cbj 1
jec-cbj 1
db-cbj 3
gjj-cbj 1
220
6
eea-cca 1
ehi-cca 1
cbe-cca 2
bbdb-cca 1
bbi-cca 1
ihg-cca 1
221
5
ejj-ccb 3
jeh-ccb 1
ddd-ccb 1
d-ccb 1
bjj-ccb 1
222
3
jfh-ccc 2
eag-ccc 1
bcda-ccc 1
223
6
bajb-ccd 2
eae-ccd 1
ecd-ccd 1
dhh-ccd 1
feh-ccd 1
cjf-ccd 1
224
1
bceh-cce 5
225
5
ga-ccf 4
jeg-ccf 1
hcc-ccf 1
ihi-ccf 1
dca-ccf 1
226
7
hjh-ccg 1
bih-ccg 1
fhh-ccg 1
hde-ccg 1
ijd-ccg 2
bahi-ccg 1
ide-ccg 1
227
4
egd-cch 2
ice-cch 1
bhe-cch 1
baaf-cch 1
228
4
bgbg-cci 2
bbfd-cci 1
haf-cci 1
ceb-cci 1
229
4
eeb-ccj 2
gdf-ccj 2
hji-ccj 1
cch-ccj 2
230
3
jae-cda 2
ejd-cda 1
dd-cda 1
231
4
bff-cdb 2
fcf-cdb 1
jaa-cdb 1
ejg-cdb 1
232
5
fad-cdc 2
ccj-cdc 1
eb-cdc 1
ddj-cdc 1
gac-cdc 2
233
2
db-cdd 1
bebi-cdd 1
234
6
bjb-cde 2
gge-cde 1
hhb-cde 1
bdia-cde 1
bi-cde 2
bj-cde 1
235
5
iee-cdf 1
bhj-cdf 1
badh-cdf 1
fjc-cdf 1
dfa-cdf 2
236
5
gcf-cdg 2
bfjd-cdg 1
dff-cdg 1
cid-cdg 2
bdf-cdg 1
237
3
bbja-cdh 2
gd-cdh 1
gfd-cdh 1
238
3
j-cdi 1
jbc-cdi 2
beha-cdi 2
239
2
hgg-cdj 3
ega-cdj 1
240
5
if-cea 3
jaj-cea 2
be-cea 1
che-cea 1
gbi-cea 1
241
5
bfj-ceb 2
cii-ceb 2
dfe-ceb 1
dhh-ceb 1
bdea-ceb 1
242
2
bad-cec 2
bajb-cec 3
243
3
bbgc-ced 2
efg-ced 1
cah-ced 1
244
3
ic-cee 1
eej-cee 1
jhc-cee 2
245
4
bbec-cef 2
dab-cef 1
bha-cef 1
bfi-cef 1
246
4
cah-ceg 1
iag-ceg 1
gdg-ceg 1
bfa-ceg 2
247
2
cic-ceh 1
gdd-ceh 4
248
4
fhi-cei 3
ddf-cei 1
bfb-cei 1
dgf-cei 1
249
5
bbee-cej 1
bbeg-cej 2
bh-cej 1
ef-cej 2
dif-cej 4
250
5
hdi-cfa 2
ice-cfa 1
gei-cfa 1
bdhb-cfa 1
eb-cfa 1
251
4
fhe-cfb 2
fgg-cfb 1
baga-cfb 1
g-cfb 4
252
3
eca-cfc 2
ieg-cfc 1
gef-cfc 1
253
4
bchd-cfd 2
geb-cfd 1
cje-cfd 1
bcdh-cfd 3
254
2
jf-cfe 1
ijc-cfe 1
255
5
hjf-cff 2
ejg-cff 1
hda-cff 1
bafc-cff 1
egj-cff 1
256
4
ej-cfg 1
bfdb-cfg 1
gic-cfg 2
bbdg-cfg 1
257
4
bbee-cfh 3
bee-cfh 2
fjh-cfh 2
cie-cfh 1
258
5
badf-cfi 1
bcfi-cfi 1
dhi-cfi 1
eec-cfi 2
chd-cfi 1
259
4
fh-cfj 3
beb-cfj 1
cfi-cfj 1
efb-cfj 2
260
7
cgd-cga 1
dh-cga 2
chj-cga 1
bhb-cga 1
cah-cga 1
bcjf-cga 1
chf-cga 1
261
5
deb-cgb 2
gdf-cgb 1
da-cgb 1
dhd-cgb 1
dch-cgb 1
262
6
cdb-cgc 1
hfc-cgc 1
ee-cgc 1
fji-cgc 2
ica-cgc 1
hdb-cgc 1
263
6
bajg-cgd 1
bec-cgd 2
bafi-cgd 1
dcj-cgd 1
dcf-cgd 1
bafd-cgd 1
264
4
bba-cge 2
bfc-cge 1
ea-cge 1
cci-cge 3
265
5
ibe-cgf 1
dej-cgf 2
gie-cgf 1
bgbh-cgf 1
fcc-cgf 1
266
4
fhc-cgg 2
bdh-cgg 1
dib-cgg 1
bii-cgg 2
267
5
bdhc-cgh 1
cag-cgh 1
babb-cgh 1
hc-cgh 2
hif-cgh 1
268
5
fdh-cgi 1
daf-cgi 1
baaa-cgi 2
ia-cgi 1
djh-cgi 1
269
3
ifi-cgj 3
fei-cgj 1
eag-cgj 1
270
5
dcb-cha 2
ged-cha 1
egj-cha 1
gfh-cha 1
dhj-cha 2
271
3
bcbi-chb 1
eci-chb 2
fff-chb 1
272
4
hba-chc 1
jhd-chc 1
fjc-chc 3
bbfj-chc 1
273
4
dfj-chd 1
cjc-chd 1
ebh-chd 2
bfbg-chd 1
274
4
dbj-che 2
dej-che 1
eah-che 1
befj-che 1
275
5
fch-chf 2
hfb-chf 1
eca-chf 1
did-chf 1
ehb-chf 1
276
4
fc-chg 2
hja-chg 1
edh-chg 1
iab-chg 1
277
1
ddj-chh 5
278
6
ibj-chi 1
bbea-chi 1
bbc-chi 1
cee-chi 1
hga-chi 1
jeh-chi 2
279
4
fg-chj 3
hhi-chj 2
jg-chj 1
bgh-chj 1
280
4
jej-cia 1
eie-cia 1
jj-cia 2
cce-cia 1
281
5
eha-cib 1
bcce-cib 2
bdhb-cib 1
hh-cib 1
bdhh-cib 1
282
4
jce-cic 2
igc-cic 1
dhi-cic 1
ifd-cic 2
283
11
cab-cid 3
ebi-cid 1
hgg-cid 1
fcf-cid 1
bdh-cid 1
bii-cid 1
dfa-cid 1
ehb-cid 1
dfd-cid 1
cjb-cid 1
fic-cid 1
284
2
jfi-cie 3
gg-cie 1
285
8
dgb-cif 2
bbai-cif 1
gfe-cif 1
idd-cif 1
baed-cif 1
dae-cif 1
bcja-cif 1
dcb-cif 2
286
4
hbj-cig 2
bbac-cig 2
dge-cig 2
eef-cig 1
287
1
icg-cih 2
288
4
baha-cii 2
gbi-cii 1
gc-cii 1
ggd-cii 3
289
3
bgi-cij 3
dgf-cij 1
cch-cij 1
290
4
hcj-cja 1
bcaa-cja 1
ehg-cja 2
ead-cja 3
291
4
bagh-cjb 2
beba-cjb 1
eei-cjb 1
jbi-cjb 1
292
4
bada-cjc 1
bcih-cjc 2
bfgi-cjc 1
db-cjc 1
293
2
bdaa-cjd 1
eje-cjd 1
294
3
cea-cje 1
fje-cje 1
bbi-cje 2
295
3
dba-cjf 1
egf-cjf 2
cgb-cjf 1
296
1
cgb-cjg 1
297
2
jfd-cjh 3
dci-cjh 3
298
4
hbd-cji 1
bdce-cji 2
id-cji 1
bee-cji 3
299
5
fci-cjj 2
bgh-cjj 2
bfeb-cjj 1
bcie-cjj 1
jah-cjj 1
300
5
jjb-daa 2
bbhc-daa 2
bfde-daa 1
edd-daa 1
ih-daa 1
301
2
hi-dab 1
bef-dab 6
302
3
iid-dac 2
bgi-dac 2
dce-dac 2
303
3
gfe-dad 1
gcb-dad 2
gfd-dad 2
304
3
bcib-dae 3
fce-dae 1
baaa-dae 1
305
6
cha-daf 1
bddb-daf 3
bdcb-daf 1
badi-daf 1
fbb-daf 1
jae-daf 1
306
2
eb-dag 3
hcd-dag 1
307
4
ehc-dah 1
ggg-dah 1
ihj-dah 1
cgi-dah 2
308
4
ejb-dai 3
bchi-dai 2
bafa-dai 1
dhc-dai 1
309
6
dhe-daj 1
dce-daj 1
fae-daj 2
fhj-daj 1
ebb-daj 1
geh-daj 1
310
3
hhj-dba 2
gdh-dba 1
bff-dba 1
311
3
cjb-dbb 3
dfc-dbb 1
eaa-dbb 1
312
2
hca-dbc 1
dah-dbc 1
313
3
bdjf-dbd 1
bfg-dbd 3
gcb-dbd 2
314
3
dac-dbe 2
dfh-dbe 1
bcaf-dbe 1
315
5
eid-dbf 2
dac-dbf 1
gib-dbf 1
baad-dbf 3
gdc-dbf 1
316
3
ffg-dbg 1
dab-dbg 1
iag-dbg 2
317
4
gfj-dbh 1
caa-dbh 3
fha-dbh 1
cdb-dbh 1
318
5
fah-dbi 2
ch-dbi 1
edd-dbi 1
eia-dbi 1
bcaa-dbi 1
319
4
cgb-dbj 2
bb-dbj 1
gjf-dbj 1
dhd-dbj 3
320
5
jbi-dca 1
bdii-dca 1
badg-dca 1
bda-dca 1
a-dca 2
321
6
efg-dcb 2
eda-dcb 1
jia-dcb 1
gad-dcb 1
fi-dcb 1
gbj-dcb 1
322
8
gdi-dcc 1
di-dcc 1
ddf-dcc 1
chf-dcc 2
cdd-dcc 1
fbb-dcc 3
heg-dcc 1
jah-dcc 1
323
4
cg-dcd 1
cfg-dcd 1
gda-dcd 1
gjc-dcd 2
324
2
ebg-dce 4
jef-dce 1
325
5
cgb-dcf 2
fce-dcf 1
fea-dcf 1
bbja-dcf 1
bhe-dcf 1
326
3
dca-dcg 2
jjj-dcg 1
cd-dcg 1
327
4
jai-dch 3
eca-dch 1
bdgc-dch 1
dh-dch 1
328
5
cge-dci 1
ddg-dci 1
bcef-dci 2
dae-dci 1
ehi-dci 1
329
3
jcg-dcj 1
bde-dcj 3
begb-dcj 2
330
3
dai-dda 2
cea-dda 2
bjj-dda 1
331
4
bdge-ddb 1
bcea-ddb 1
bbdj-ddb 2
ddd-ddb 3
332
5
ia-ddc 1
dac-ddc 1
bja-ddc 1
beg-ddc 2
bfjb-ddc 1
333
3
hed-ddd 1
bci-ddd 3
beef-ddd 1
334
9
ifj-dde 1
ehd-dde 2
bbj-dde 1
dbe-dde 1
ejf-dde 1
d-dde 1
ghh-dde 1
gaa-dde 1
fbe-dde 2
335
7
eb-ddf 2
id-ddf 1
eij-ddf 1
fcf-ddf 1
bei-ddf 1
chf-ddf 1
jh-ddf 1
336
3
cgc-ddg 2
eid-ddg 1
cdi-ddg 1
337
3
ech-ddh 1
baa-ddh 3
ef-ddh 1
338
6
cfa-ddi 2
ehd-ddi 1
jja-ddi 1
ef-ddi 1
fib-ddi 1
bjc-ddi 1
339
4
ihj-ddj 2
haa-ddj 1
ecg-ddj 1
dia-ddj 3
340
6
ejd-dea 1
ief-dea 1
bgi-dea 1
dia-dea 1
ebe-dea 1
edh-dea 2
341
5
hgj-deb 2
cbi-deb 1
fei-deb 2
hjc-deb 1
hfg-deb 1
342
3
bfg-dec 3
fdc-dec 1
bcgh-dec 2
343
5
jab-ded 2
gij-ded 1
bdbb-ded 1
ihf-ded 1
ddc-ded 1
344
5
cia-dee 1
dej-dee 1
fji-dee 1
fhb-dee 2
dhc-dee 1
345
3
jfi-def 2
bajh-def 1
ceb-def 1
346
5
eec-deg 2
hia-deg 1
cdh-deg 1
bceg-deg 1
fhd-deg 2
347
3
ifa-deh 2
iji-deh 1
dj-deh 2
348
2
gjc-dei 1
fif-dei 1
349
4
babg-dej 1
dif-dej 2
fda-dej 1
bcah-dej 1
350
5
eai-dfa 1
hab-dfa 1
bfb-dfa 2
fie-dfa 1
ege-dfa 1
351
2
ehb-dfb 3
e-dfb 1
352
7
ca-dfc 1
fgg-dfc 2
eb-dfc 1
ghb-dfc 1
cjc-dfc 1
fgj-dfc 1
ddc-dfc 1
353
5
da-dfd 2
idj-dfd 2
bbae-dfd 1
bga-dfd 1
bfcc-dfd 1
354
4
ii-dfe 2
ejd-dfe 1
badc-dfe 1
baac-dfe 1
355
5
jha-dff 1
hii-dff 1
heg-dff 1
gie-dff 1
ife-dff 2
356
3
dhf-dfg 1
eib-dfg 2
cdj-dfg 1
357
5
beci-dfh 1
hg-dfh 1
bbcb-dfh 1
fhb-dfh 1
fee-dfh 2
358
2
egd-dfi 3
hgh-dfi 1
359
3
ejd-dfj 2
eb-dfj 1
bbah-dfj 1
360
5
fff-dga 1
bcdg-dga 1
g-dga 1
dgi-dga 1
cb-dga 2
361
2
cad-dgb 1
bcae-dgb 1
362
5
bdbb-dgc 1
jic-dgc 1
c-dgc 1
fib-dgc 1
bc-dgc 3
363
8
bajj-dgd 1
feh-dgd 1
ebc-dgd 1
ifg-dgd 2
cbc-dgd 1
ifb-dgd 1
badi-dgd 3
bbjf-dgd 1
364
5
bccf-dge 1
ef-dge 1
beaa-dge 1
dc-dge 1
hcj-dge 3
365
3
bbba-dgf 1
bffd-dgf 1
jfj-dgf 3
366
2
bg-dgg 3
bced-dgg 1
367
2
idi-dgh 1
dff-dgh 1
368
3
bbf-dgi 3
ibf-dgi 1
deb-dgi 2
369
4
gg-dgj 2
bea-dgj 1
ghb-dgj 1
bcab-dgj 1
370
4
jhi-dha 1
dji-dha 1
ecg-dha 1
dij-dha 2
371
3
ebh-dhb 1
bajb-dhb 1
d-dhb 2
372
7
bbed-dhc 1
dfg-dhc 1
bdab-dhc 2
jii-dhc 1
bbce-dhc 1
dbg-dhc 1
ccd-dhc 1
373
6
baeg-dhd 2
ije-dhd 1
hfh-dhd 1
fhc-dhd 1
dgh-dhd 1
cdi-dhd 1
374
6
bbhi-dhe 1
ieg-dhe 1
ehb-dhe 1
dca-dhe 1
bbii-dhe 2
bbhb-dhe 1
375
3
baga-dhf 2
cjd-dhf 3
ebj-dhf 1
376
4
begf-dhg 1
beab-dhg 1
ida-dhg 2
bfe-dhg 1
377
4
bbb-dhh 1
dgf-dhh 2
bdac-dhh 1
bbh-dhh 2
378
5
ebh-dhi 3
fjf-dhi 1
ihg-dhi 1
bcab-dhi 1
fhf-dhi 1
379
6
icc-dhj 3
idf-dhj 1
begh-dhj 1
idc-dhj 1
ddj-dhj 1
fce-dhj 1
380
3
jcc-dia 2
ecg-dia 1
hge-dia 2
381
4
ffd-dib 1
bgg-dib 2
dhj-dib 1
cfd-dib 1
382
5
hc-dic 1
fh-dic 4
hhd-dic 1
edj-dic 2
jff-dic 2
383
5
hid-did 2
bab-did 1
dhg-did 1
bgj-did 1
ccj-did 2
384
6
dci-die 2
fea-die 1
jeb-die 1
fac-die 1
baag-die 1
fig-die 1
385
1
bbdh-dif 1
386
3
edj-dig 2
fcd-dig 1
hih-dig 1
387
2
bbjg-dih 1
fdg-dih 1
388
2
bage-dii 1
bdeg-dii 1
389
5
ici-dij 1
bacf-dij 1
hhe-dij 2
eai-dij 1
cga-dij 1
390
2
bhe-dja 1
bdhi-dja 1
391
2
eee-djb 1
jjj-djb 1
392
3
ddi-djc 2
jaj-djc 1
dba-djc 1
393
4
ifd-djd 1
bejh-djd 1
cie-djd 1
ceb-djd 4
394
4
hag-dje 4
dbi-dje 1
beaj-dje 1
bbj-dje 2
395
2
eha-djf 1
di-djf 1
396
7
jbc-djg 1
baa-djg 1
bcc-djg 1
hca-djg 1
cji-djg 1
efi-djg 1
bceg-djg 2
397
8
beca-djh 2
bdef-djh 1
ebi-djh 3
bif-djh 1
gai-djh 1
cjc-djh 1
djb-djh 1
gdg-djh 1
398
3
cha-dji 1
bahj-dji 3
hhj-dji 1
399
3
dec-djj 3
jib-djj 3
bbc-djj 1
400
5
bee-eaa 4
eji-eaa 1
hjj-eaa 1
jbb-eaa 1
bif-eaa 1
401
3
bdha-eab 2
bbga-eab 1
chi-eab 2
402
5
cej-eac 1
jhi-eac 1
big-eac 1
bcc-eac 2
bagg-eac 1
403
3
dce-ead 3
caf-ead 1
dj-ead 1
404
5
fhi-eae 3
fed-eae 1
icb-eae 1
gdc-eae 2
bic-eae 1
405
4
fde-eaf 1
jc-eaf 2
ghj-eaf 1
fgj-eaf 1
406
5
hea-eag 1
gff-eag 2
cfa-eag 1
hgb-eag 1
ca-eag 1
407
4
bcaj-eah 2
gdj-eah 1
eca-eah 2
bbcf-eah 1
408
4
bbec-eai 2
ffa-eai 1
efh-eai 1
be-eai 1
409
3
jfa-eaj 1
beec-eaj 3
eae-eaj 1
410
6
cee-eba 2
gih-eba 1
bebc-eba 1
bif-eba 1
bjj-eba 1
feb-eba 1
411
6
iij-ebb 1
ggb-ebb 1
beb-ebb 1
fac-ebb 2
ffd-ebb 2
fff-ebb 1
412
1
baej-ebc 4
413
7
badb-ebd 3
bdae-ebd 1
cag-ebd 1
bcce-ebd 1
had-ebd 1
dgi-ebd 1
ejb-ebd 2
414
5
df-ebe 3
bfhc-ebe 1
hfg-ebe 1
ebb-ebe 1
ceb-ebe 1
415
2
bfd-ebf 3
fhf-ebf 2
416
2
ghg-ebg 1
fga-ebg 3
417
4
icg-ebh 2
bahf-ebh 1
hdg-ebh 1
daf-ebh 1
418
2
ebd-ebi 3
hfe-ebi 1
419
4
jgc-ebj 2
ghd-ebj 1
ehi-ebj 1
djj-ebj 2
420
4
jff-eca 3
jga-eca 1
eh-eca 1
dbf-eca 1
421
2
bchc-ecb 1
daj-ecb 1
422
9
edi-ecc 1
fbe-ecc 1
ejd-ecc 4
babd-ecc 1
jc-ecc 1
bdch-ecc 1
idf-ecc 1
cd-ecc 1
bdie-ecc 1
423
3
jfj-ecd 2
fba-ecd 1
dha-ecd 1
424
4
eaa-ece 1
ici-ece 1
ecd-ece 2
eeh-ece 1
425
6
eed-ecf 1
dgb-ecf 1
cib-ecf 1
beh-ecf 1
dc-ecf 2
dh-ecf 1
426
3
fbc-ecg 2
bcca-ecg 1
dfa-ecg 1
427
4
dbh-ech 1
hcd-ech 1
bajd-ech 3
jjc-ech 1
428
4
hcg-eci 2
jac-eci 1
dh-eci 1
cei-eci 1
429
3
gbj-ecj 1
fbc-ecj 2
ihi-ecj 1
430
6
bbdb-eda 1
igj-eda 1
dhf-eda 1
bdcg-eda 1
dgb-eda 1
hbd-eda 3
431
6
gec-edb 2
jj-edb 1
fb-edb 1
gdd-edb 1
ff-edb 1
iia-edb 2
432
4
dci-edc 1
ihi-edc 3
ggi-edc 1
baa-edc 1
433
5
cbe-edd 1
bdh-edd 2
dfa-edd 1
ebd-edd 2
gag-edd 1
434
4
ejb-ede 2
ffi-ede 1
jbb-ede 1
jh-ede 1
435
5
bdag-edf 1
fah-edf 2
ci-edf 1
hba-edf 1
bdfe-edf 2
436
5
bgd-edg 2
ggd-edg 1
ie-edg 2
jgh-edg 1
cde-edg 1
437
5
dah-edh 1
beb-edh 1
hcd-edh 2
bbgb-edh 1
cfj-edh 1
438
7
bjd-edi 2
bda-edi 1
eja-edi 1
cfj-edi 1
gie-edi 1
egf-edi 1
ccg-edi 4
439
3
cfb-edj 1
egf-edj 2
egj-edj 1
440
3
bgj-eea 3
gcc-eea 1
djh-eea 1
441
3
dec-eeb 1
hei-eeb 3
hgh-eeb 1
442
4
cbe-eec 2
hci-eec 1
bha-eec 1
dge-eec 1
443
4
fcg-eed 2
jhc-eed 1
iaa-eed 1
gcd-eed 1
444
3
idg-eee 2
fgi-eee 1
chb-eee 1
445
5
dej-eef 1
jad-eef 1
bdg-eef 2
bie-eef 1
bdcd-eef 1
446
4
badg-eeg 2
bfc-eeg 1
dji-eeg 1
cfe-eeg 3
447
3
fbd-eeh 1
bcc-eeh 1
gbb-eeh 2
448
4
bih-eei 3
haj-eei 1
fii-eei 1
beed-eei 1
449
3
bbif-eej 3
bcih-eej 1
bcag-eej 1
450
7
cbb-efa 1
egc-efa 1
hch-efa 1
dhd-efa 1
ii-efa 1
jia-efa 2
bccg-efa 1
451
3
eib-efb 2
ehc-efb 1
bbgj-efb 1
452
4
ehd-efc 1
bhh-efc 1
hd-efc 1
fdg-efc 2
453
3
fei-efd 2
iac-efd 1
bbc-efd 2
454
2
bcdb-efe 1
ija-efe 1
455
5
jge-eff 1
bjf-eff 1
hgf-eff 1
fff-eff 1
bbed-eff 2
456
5
bcad-efg 1
fii-efg 1
iib-efg 1
bbj-efg 1
daf-efg 2
457
5
ded-efh 2
bbeg-efh 1
igc-efh 2
ibb-efh 2
iic-efh 1
458
2
eec-efi 3
eed-efi 1
459
6
fhc-efj 1
fje-efj 1
bbfa-efj 2
bbca-efj 1
gde-efj 1
efe-efj 1
460
7
bbac-ega 1
icf-ega 3
jca-ega 2
feh-ega 1
cbg-ega 1
bja-ega 1
bac-ega 1
461
6
cdg-egb 2
bcdf-egb 1
fdb-egb 1
jg-egb 1
hic-egb 1
efi-egb 1
462
2
ccj-egc 1
ddc-egc 1
463
3
cfa-egd 3
ebd-egd 1
bdhg-egd 1
464
3
ifi-ege 3
ecb-ege 3
dbb-ege 1
465
4
fge-egf 1
ifd-egf 1
cha-egf 1
eae-egf 2
466
5
idd-egg 2
eaj-egg 1
jia-egg 1
die-egg 1
ed-egg 1
467
3
iid-egh 1
gah-egh 2
cii-egh 1
468
2
efa-egi 4
hef-egi 1
469
5
baih-egj 1
dbi-egj 1
jj-egj 1
ibi-egj 3
jdg-egj 1
470
4
bbi-eha 1
cgh-eha 1
fgd-eha 1
bjj-eha 4
471
3
hib-ehb 1
bfc-ehb 3
bj-ehb 1
472
2
iad-ehc 1
cdh-ehc 1
473
4
hcb-ehd 1
hjj-ehd 1
dfd-ehd 2
bffb-ehd 1
474
4
hje-ehe 2
di-ehe 1
ibh-ehe 1
bebj-ehe 1
475
5
jgj-ehf 1
caa-ehf 1
cac-ehf 1
fag-ehf 1
hgh-ehf 2
476
3
bdgh-ehg 1
edf-ehg 4
hda-ehg 1
477
3
dcc-ehh 2
ecf-ehh 3
gcc-ehh 1
478
3
jfd-ehi 1
bbeg-ehi 1
fef-ehi 2
479
4
eci-ehj 1
hbj-ehj 1
bcgj-ehj 1
baeh-ehj 2
480
4
efb-eia 1
cjj-eia 3
efc-eia 1
bfa-eia 1
481
4
bcji-eib 1
iih-eib 1
bbbe-eib 1
dg-eib 2
482
4
ebb-eic 2
bfef-eic 1
bdfb-eic 1
fhi-eic 2
483
4
bdg-eid 1
hc-eid 1
bddi-eid 3
bfhj-eid 2
484
2
gbb-eie 4
ffj-eie 2
485
2
fdf-eif 4
hac-eif 1
486
4
ede-eig 2
fdf-eig 1
edi-eig 1
bfeh-eig 1
487
5
cag-eih 1
ifi-eih 2
jc-eih 1
daa-eih 1
efh-eih 1
488
4
bfdi-eii 1
bgb-eii 1
fij-eii 2
cfd-eii 1
489
5
dcc-eij 2
ief-eij 1
bje-eij 1
jae-eij 1
dfg-eij 1
490
3
hej-eja 2
babi-eja 1
iaj-eja 1
491
2
bhc-ejb 1
ibd-ejb 3
492
6
eia-ejc 2
gji-ejc 1
daj-ejc 1
ggd-ejc 1
bcbe-ejc 1
hgb-ejc 1
493
2
ige-ejd 1
iic-ejd 1
494
6
cif-eje 2
bfj-eje 1
ege-eje 1
gic-eje 1
iei-eje 1
ebj-eje 1
495
2
bfja-ejf 3
bgb-ejf 1
496
4
chd-ejg 1
eb-ejg 2
ghb-ejg 1
feg-ejg 1
497
4
iaa-ejh 1
idi-ejh 1
bbi-ejh 2
egb-ejh 1
498
4
d-eji 1
hfb-eji 3
cgh-eji 1
cdd-eji 1
499
2
chf-ejj 1
hif-ejj 1
500
5
ice-faa 1
dfb-faa 1
dhg-faa 2
deg-faa 1
bbba-faa 1
501
1
dda-fab 2
502
5
cbi-fac 2
hdh-fac 1
hbc-fac 1
cbh-fac 1
bbii-fac 1
503
6
dih-fad 1
bdjg-fad 1
iej-fad 1
cfh-fad 2
fgd-fad 1
baei-fad 1
504
2
bdia-fae 1
baba-fae 4
505
3
hid-faf 2
ice-faf 1
bcja-faf 1
506
4
bahb-fag 2
hcd-fag 1
jif-fag 1
dbf-fag 2
507
2
jbj-fah 1
bjf-fah 1
508
4
fdh-fai 3
eff-fai 1
bcj-fai 1
badj-fai 1
509
6
ggb-faj 1
ghi-faj 1
iii-faj 1
bhe-faj 1
ga-faj 1
fgi-faj 2
510
3
cdi-fba 3
dii-fba 1
bbdb-fba 1
511
3
geh-fbb 3
jgi-fbb 1
jih-fbb 2
512
3
baag-fbc 2
eeg-fbc 1
ejh-fbc 2
513
5
ejj-fbd 2
hej-fbd 1
eai-fbd 1
jhc-fbd 1
bih-fbd 1
514
2
fgi-fbe 2
bceh-fbe 2
515
1
jbh-fbf 1
516
2
edb-fbg 1
dff-fbg 1
517
6
fdh-fbh 2
fgb-fbh 1
hca-fbh 1
bcjg-fbh 1
ib-fbh 1
bc-fbh 1
518
5
dcc-fbi 2
ebf-fbi 1
eah-fbi 1
cfg-fbi 1
bjb-fbi 1
519
6
fch-fbj 1
hb-fbj 2
beig-fbj 1
ieg-fbj 1
fdc-fbj 1
hdc-fbj 1
520
4
jib-fca 1
dce-fca 3
bccg-fca 1
gaj-fca 1
521
5
h-fcb 1
hbb-fcb 1
bcdf-fcb 2
fij-fcb 1
bhb-fcb 1
522
4
bfca-fcc 2
gbd-fcc 1
gic-fcc 1
fjh-fcc 1
523
4
ghf-fcd 2
hib-fcd 1
cba-fcd 1
cae-fcd 1
524
2
gia-fce 3
baec-fce 1
525
6
ebi-fcf 1
cce-fcf 1
ehe-fcf 1
baib-fcf 2
bff-fcf 2
cgf-fcf 1
526
3
bbe-fcg 2
bcah-fcg 1
gcc-fcg 2
527
7
beaj-fch 2
cjb-fch 3
fcf-fch 1
hfc-fch 1
bcee-fch 1
eae-fch 1
ecb-fch 1
528
8
dfh-fci 1
dei-fci 1
fhg-fci 1
iba-fci 1
iei-fci 1
bjf-fci 2
dfd-fci 2
bbea-fci 1
529
6
egd-fcj 2
fcg-fcj 1
hge-fcj 1
heb-fcj 1
ffb-fcj 1
ghc-fcj 1
530
5
bbbd-fda 2
bhi-fda 2
edf-fda 1
bhj-fda 1
cfd-fda 1
531
3
def-fdb 4
ccf-fdb 1
eha-fdb 1
532
6
bbjb-fdc 1
eg-fdc 2
dad-fdc 1
bahi-fdc 1
cif-fdc 1
dhh-fdc 1
533
7
edd-fdd 1
hid-fdd 2
baei-fdd 1
bei-fdd 1
bfie-fdd 1
bfha-fdd 2
eaf-fdd 3
534
3
fih-fde 2
egb-fde 1
jj-fde 1
535
6
ibe-fdf 1
fbj-fdf 1
cgg-fdf 1
gdc-fdf 1
bade-fdf 2
fdg-fdf 1
536
5
gje-fdg 1
bdhg-fdg 1
bach-fdg 2
gbh-fdg 1
bhi-fdg 1
537
6
bcjh-fdh 1
gf-fdh 1
deb-fdh 2
cjd-fdh 1
ffa-fdh 1
cdc-fdh 2
538
2
bh-fdi 1
jii-fdi 1
539
2
hbh-fdj 1
bdfh-fdj 1
540
4
ee-fea 2
bbia-fea 2
bdcd-fea 1
bceb-fea 1
541
5
dfh-feb 1
ibd-feb 2
hgh-feb 1
ieb-feb 2
ih-feb 1
542
3
bfcg-fec 2
bfij-fec 1
ffe-fec 1
543
4
fdh-fed 2
fjd-fed 2
hdi-fed 1
bbhb-fed 1
544
5
ihf-fee 1
ecb-fee 1
be-fee 1
bbaa-fee 1
fff-fee 2
545
5
bfdg-fef 1
bdad-fef 1
bbfh-fef 2
je-fef 1
dfe-fef 1
546
6
hgh-feg 1
ihh-feg 1
ijc-feg 1
bcgj-feg 1
bi-feg 2
bd-feg 1
547
4
djg-feh 2
hei-feh 1
bbdc-feh 1
chc-feh 2
548
4
ffc-fei 4
bcgi-fei 1
eeg-fei 1
begd-fei 1
549
3
eji-fej 1
dfe-fej 1
gcg-fej 3
550
5
dce-ffa 2
gch-ffa 1
bfef-ffa 1
idb-ffa 1
df-ffa 1
551
7
dab-ffb 2
jfe-ffb 1
gda-ffb 1
cbd-ffb 1
ica-ffb 1
i-ffb 1
cfd-ffb 1
552
3
bgc-ffc 2
hbb-ffc 1
bdj-ffc 2
553
3
eia-ffd 1
jaf-ffd 2
dij-ffd 1
554
2
baba-ffe 1
hdc-ffe 1
555
7
edi-fff 1
hfd-fff 1
baae-fff 1
chc-fff 1
fgj-fff 2
baj-fff 1
jbf-fff 1
556
1
ffi-ffg 1
557
2
fja-ffh 1
e-ffh 1
558
4
cif-ffi 1
bcdd-ffi 2
cdj-ffi 2
fed-ffi 1
559
4
dfd-ffj 2
gfi-ffj 1
gih-ffj 1
baid-ffj 1
560
7
cie-fga 1
eae-fga 1
igi-fga 1
bhe-fga 1
bbhg-fga 1
gei-fga 1
ceb-fga 4
561
3
eei-fgb 1
dba-fgb 2
gff-fgb 1
562
3
dgd-fgc 3
bagf-fgc 2
dbd-fgc 1
563
5
bfff-fgd 2
fb-fgd 2
bfic-fgd 1
dij-fgd 1
ffa-fgd 1
564
2
ibf-fge 1
gjf-fge 1
565
2
ha-fgf 1
def-fgf 1
566
1
ice-fgg 2
567
3
dbh-fgh 1
jjf-fgh 2
jcf-fgh 1
568
4
hjf-fgi 2
dfg-fgi 1
bcbi-fgi 1
eeh-fgi 1
569
3
bdc-fgj 1
egh-fgj 1
ghj-fgj 3
570
2
bfig-fha 3
fhc-fha 1
571
6
beeb-fhb 1
bajf-fhb 1
feb-fhb 2
bfcb-fhb 1
hfe-fhb 1
beaa-fhb 1
572
5
bgea-fhc 3
bfed-fhc 1
cba-fhc 1
bbi-fhc 1
hch-fhc 1
573
4
hic-fhd 1
dgi-fhd 1
dea-fhd 2
cih-fhd 1
574
3
ebh-fhe 3
hci-fhe 1
gge-fhe 2
575
1
gad-fhf 2
576
4
fjc-fhg 2
bbfh-fhg 1
jbb-fhg 1
da-fhg 1
577
1
cba-fhh 1
578
3
jcb-fhi 2
bja-fhi 2
bcgj-fhi 1
579
4
gaj-fhj 2
fag-fhj 2
bgde-fhj 1
ii-fhj 1
580
3
gcc-fia 1
cdd-fia 1
hga-fia 3
581
3
gjb-fib 1
bag-fib 1
fgb-fib 2
582
5
cif-fic 1
bgaj-fic 1
ijd-fic 1
hgg-fic 1
cea-fic 3
583
5
cih-fid 1
bbaa-fid 1
fh-fid 1
gif-fid 1
hh-fid 3
584
2
efe-fie 3
bccf-fie 1
585
4
gge-fif 1
bfcg-fif 1
bbc-fif 2
ibj-fif 1
586
4
eib-fig 2
dec-fig 2
bfj-fig 2
ejg-fig 1
587
3
id-fih 2
ed-fih 1
bcc-fih 1
588
4
bagb-fii 2
gde-fii 1
bcfh-fii 1
haf-fii 1
589
2
fdf-fij 2
ebj-fij 2
590
3
edj-fja 2
bhf-fja 1
cih-fja 1
591
8
hae-fjb 1
caa-fjb 1
gcg-fjb 1
hc-fjb 1
egg-fjb 2
gef-fjb 1
bggb-fjb 3
cij-fjb 1
592
5
dbg-fjc 2
bcff-fjc 1
baee-fjc 1
cie-fjc 1
hdf-fjc 1
593
2
ecc-fjd 1
cif-fjd 1
594
4
bbac-fje 2
hci-fje 1
fba-fje 1
hdj-fje 1
595
3
jhf-fjf 1
fhc-fjf 1
bahg-fjf 2
596
2
bhg-fjg 1
bcfe-fjg 1
597
5
baij-fjh 1
g-fjh 1
babb-fjh 2
ei-fjh 2
ddd-fjh 1
598
9
bddi-fji 1
fij-fji 1
cdf-fji 1
ehf-fji 1
ejc-fji 1
iga-fji 1
jbi-fji 1
bgb-fji 1
hh-fji 3
599
3
bbg-fjj 1
gj-fjj 2
ddi-fjj 1
600
4
gjf-gaa 2
bacj-gaa 1
gbb-gaa 1
gie-gaa 1
601
2
gdh-gab 3
ca-gab 1
602
1
cca-gac 1
603
6
bf-gad 1
hij-gad 1
bjc-gad 1
cdf-gad 1
bdfe-gad 1
jjh-gad 2
604
7
jci-gae 2
ghc-gae 1
eig-gae 1
bfi-gae 1
bd-gae 1
hca-gae 1
ceb-gae 1
605
1
bjh-gaf 1
606
4
jij-gag 3
bahg-gag 1
dff-gag 1
dgc-gag 1
607
5
ici-gah 2
cjc-gah 1
fac-gah 1
cdd-gah 1
iaf-gah 1
608
2
gff-gai 1
daa-gai 1
609
4
iae-gaj 2
di-gaj 1
bcde-gaj 1
ccf-gaj 1
610
4
bbge-gba 1
hgc-gba 1
bbib-gba 1
fdi-gba 3
611
5
bfjj-gbb 2
eja-gbb 1
cgb-gbb 2
dhf-gbb 1
becb-gbb 1
612
3
bbh-gbc 4
bbhc-gbc 1
baab-gbc 2
613
4
bbcd-gbd 1
cg-gbd 2
fcb-gbd 1
gca-gbd 1
614
1
bgfd-gbe 1
615
4
bbeh-gbf 1
fgd-gbf 2
bdcf-gbf 1
ccj-gbf 1
616
4
dga-gbg 1
dhh-gbg 2
bbcb-gbg 1
hhb-gbg 1
617
3
ff-gbh 2
dje-gbh 1
ejj-gbh 1
618
7
ifc-gbi 1
bbeh-gbi 2
cfd-gbi 1
bacg-gbi 1
dib-gbi 1
dbi-gbi 1
ej-gbi 1
619
4
gch-gbj 1
bbfi-gbj 1
jej-gbj 2
eaa-gbj 1
620
4
jig-gca 4
hbg-gca 2
haj-gca 1
gfd-gca 1
621
4
bfbd-gcb 3
jca-gcb 1
cab-gcb 1
bch-gcb 2
622
8
ejb-gcc 1
cdh-gcc 1
gaj-gcc 1
baee-gcc 1
baad-gcc 1
bbii-gcc 1
iie-gcc 3
bafc-gcc 1
623
3
bbjd-gcd 3
egf-gcd 1
ja-gcd 1
624
2
dhb-gce 3
fai-gce 1
625
3
cgj-gcf 2
baii-gcf 1
daf-gcf 1
626
3
chg-gcg 2
hgd-gcg 1
ijg-gcg 2
627
5
eja-gch 1
cih-gch 1
ffb-gch 2
fjh-gch 1
bdc-gch 1
628
4
cea-gci 1
gid-gci 3
igb-gci 2
bga-gci 1
629
2
ged-gcj 1
ebb-gcj 1
630
2
ihh-gda 1
bdcf-gda 1
631
4
eah-gdb 2
cb-gdb 1
bdci-gdb 1
bbg-gdb 1
632
5
ifc-gdc 1
igj-gdc 1
babf-gdc 1
gbe-gdc 2
cah-gdc 1
633
4
hfi-gdd 1
bcag-gdd 1
efh-gdd 2
dgb-gdd 1
634
4
cdd-gde 3
gah-gde 1
baeb-gde 1
gba-gde 1
635
4
gfe-gdf 1
bchf-gdf 1
hjh-gdf 1
bhc-gdf 2
636
4
db-gdg 3
bddj-gdg 1
hag-gdg 1
bajh-gdg 1
637
4
if-gdh 1
jci-gdh 2
iih-gdh 1
bdfd-gdh 1
638
1
jcc-gdi 1
639
3
dib-gdj 2
cei-gdj 1
gjg-gdj 1
640
5
eaa-gea 2
cda-gea 1
edi-gea 1
dea-gea 1
jh-gea 1
641
4
hhd-geb 2
eff-geb 1
hfa-geb 1
begg-geb 2
642
2
ihd-gec 1
ffc-gec 1
643
1
bdbj-ged 1
644
1
dda-gee 1
645
4
gij-gef 1
gfh-gef 2
dfi-gef 1
bdgj-gef 1
646
4
bfcj-geg 2
baaa-geg 1
gaj-geg 1
cie-geg 1
647
4
bjh-geh 2
gah-geh 1
jg-geh 1
iai-geh 1
648
3
iba-gei 1
daf-gei 1
ffa-gei 3
649
5
fec-gej 1
hgi-gej 1
bge-gej 1
cab-gej 1
gda-gej 2
650
2
hbc-gfa 1
bgeg-gfa 1
651
4
g-gfb 1
bcbi-gfb 1
gfj-gfb 2
jhj-gfb 1
652
3
baha-gfc 2
bcb-gfc 1
ccf-gfc 2
653
3
bdbg-gfd 1
gch-gfd 2
hjb-gfd 1
654
3
hfa-gfe 2
baci-gfe 1
bif-gfe 1
655
7
jbi-gff 2
idi-gff 1
bga-gff 1
ehe-gff 1
eci-gff 1
egf-gff 1
hh-gff 1
656
3
bahh-gfg 2
chc-gfg 2
jaj-gfg 1
657
4
jaj-gfh 1
ffb-gfh 1
bi-gfh 2
iga-gfh 1
658
4
becd-gfi 2
jeh-gfi 2
ech-gfi 1
ghc-gfi 1
659
1
bdba-gfj 1
660
2
bhe-gga 3
hhe-gga 1
661
4
bej-ggb 1
bee-ggb 2
eae-ggb 1
igf-ggb 1
662
2
id-ggc 1
bgae-ggc 1
663
3
jhh-ggd 3
igd-ggd 1
djj-ggd 1
664
9
beai-gge 1
efd-gge 1
bfid-gge 1
ifg-gge 1
ehc-gge 1
gaj-gge 3
bdc-gge 1
beg-gge 1
eeb-gge 1
665
4
hab-ggf 1
feh-ggf 1
jfj-ggf 1
bcdj-ggf 3
666
4
die-ggg 2
dij-ggg 1
bih-ggg 1
caf-ggg 1
667
1
cab-ggh 1
668
3
cgh-ggi 1
bfc-ggi 2
cbc-ggi 1
670
4
ifc-gha 1
gdh-gha 1
gii-gha 1
bfgj-gha 2
671
6
bgae-ghb 2
idb-ghb 1
bgef-ghb 1
ccg-ghb 1
bbfg-ghb 1
bbff-ghb 1
672
6
begg-ghc 3
fea-ghc 1
beid-ghc 1
cib-ghc 3
bch-ghc 1
fhi-ghc 1
673
3
bae-ghd 2
did-ghd 1
egj-ghd 1
674
3
ccb-ghe 2
cji-ghe 1
ggg-ghe 1
675
1
ggb-ghf 1
676
4
fhb-ghg 2
fdj-ghg 1
cej-ghg 1
dhh-ghg 1
677
3
bacj-ghh 1
fdi-ghh 2
cbc-ghh 1
678
3
hai-ghi 2
cic-ghi 2
daf-ghi 1
679
5
bcbc-ghj 1
eig-ghj 1
fdb-ghj 1
hec-ghj 2
fcd-ghj 1
680
4
ied-gia 1
hbf-gia 1
ccg-gia 2
egg-gia 1
681
3
cic-gib 1
bbhf-gib 1
ehj-gib 2
682
5
bbga-gic 1
bjc-gic 1
dhi-gic 2
fed-gic 1
gge-gic 1
683
1
cjj-gid 2
684
2
ici-gie 1
iih-gie 3
685
5
bcig-gif 1
hge-gif 1
jea-gif 1
gdf-gif 2
bcdi-gif 1
686
2
bbe-gig 1
ijf-gig 4
687
5
fic-gih 1
bbfb-gih 2
badc-gih 1
die-gih 1
baai-gih 1
688
2
ib-gii 3
baab-gii 1
689
5
ehf-gij 1
ibd-gij 1
ehh-gij 1
bei-gij 1
fgh-gij 2
690
2
ecd-gja 1
bajc-gja 1
691
1
ebc-gjb 1
692
5
ca-gjc 1
behb-gjc 1
gbe-gjc 1
hg-gjc 2
hji-gjc 1
693
1
gad-gjd 1
694
3
bhc-gje 1
b-gje 2
bbdf-gje 2
695
3
dig-gjf 1
hdh-gjf 2
ieg-gjf 1
696
6
egg-gjg 1
bdda-gjg 1
bbic-gjg 1
dci-gjg 1
bfb-gjg 1
behg-gjg 2
697
3
dfd-gjh 2
cbg-gjh 1
cje-gjh 1
698
1
bbgf-gji 2
699
3
iii-gjj 2
fbi-gjj 2
hhe-gjj 1
700
4
dg-haa 2
bjj-haa 1
bcea-haa 1
dbe-haa 1
701
3
fij-hab 2
gc-hab 1
bcfg-hab 1
702
3
bcbg-hac 3
gid-hac 1
gdb-hac 1
703
1
iec-had 1
704
6
chi-hae 1
bbic-hae 1
hea-hae 1
fac-hae 1
idb-hae 2
ije-hae 1
705
4
jji-haf 3
bbcd-haf 1
jda-haf 1
cdd-haf 1
706
6
bcgb-hag 2
hje-hag 1
ecj-hag 1
beje-hag 1
dfg-hag 1
dic-hag 1
707
2
fda-hah 3
efj-hah 2
708
1
hfh-hai 4
709
1
bdjj-haj 1
710
2
bdbi-hba 3
bega-hba 1
711
4
cfb-hbb 2
fac-hbb 1
cgj-hbb 1
eee-hbb 1
712
2
jdg-hbc 1
ffc-hbc 3
713
6
eij-hbd 2
bei-hbd 1
jjf-hbd 1
bdff-hbd 1
iah-hbd 1
bcbd-hbd 1
714
3
fc-hbe 1
fji-hbe 2
edh-hbe 1
715
3
fcf-hbf 2
jf-hbf 1
dga-hbf 1
716
5
egh-hbg 1
bdjf-hbg 1
jh-hbg 1
ife-hbg 2
gde-hbg 1
717
4
babe-hbh 2
ifg-hbh 1
dbj-hbh 1
ci-hbh 1
718
2
egd-hbi 1
jfh-hbi 1
719
2
jge-hbj 1
bedf-hbj 1
720
6
g-hca 1
ead-hca 1
ibe-hca 1
cib-hca 1
jid-hca 2
hcf-hca 2
721
4
bahd-hcb 1
ffe-hcb 1
bdfa-hcb 1
jba-hcb 3
722
2
iee-hcc 1
cie-hcc 1
723
3
bdhb-hcd 4
bgi-hcd 1
jee-hcd 1
724
6
bde-hce 1
ejf-hce 3
beaf-hce 1
dha-hce 1
eab-hce 1
bchf-hce 1
725
5
b-hcf 1
bbae-hcf 2
hhc-hcf 1
cih-hcf 1
gad-hcf 1
726
4
jjg-hcg 2
baed-hcg 1
ibf-hcg 1
ja-hcg 1
727
4
fci-hch 2
ghe-hch 1
gdg-hch 1
jcb-hch 1
728
5
baef-hci 2
fbf-hci 1
geh-hci 1
ggi-hci 1
bdff-hci 1
729
3
bbgd-hcj 1
eec-hcj 4
jd-hcj 2
730
5
dec-hda 1
ffb-hda 1
eda-hda 2
idc-hda 1
ea-hda 1
731
4
jh-hdb 2
bfhg-hdb 1
fei-hdb 1
bejg-hdb 1
732
6
gig-hdc 1
befb-hdc 1
bdac-hdc 1
jbf-hdc 2
cbi-hdc 1
cej-hdc 1
733
2
cih-hdd 4
bdg-hdd 1
734
3
gdj-hde 2
jfh-hde 1
bbjf-hde 1
735
5
bcfg-hdf 2
bbha-hdf 1
dci-hdf 1
gbh-hdf 1
fad-hdf 1
736
3
eba-hdg 2
dac-hdg 1
fjc-hdg 1
737
2
ihb-hdh 2
fec-hdh 2
738
3
beah-hdi 1
bic-hdi 1
iae-hdi 2
739
4
jbj-hdj 2
haa-hdj 1
eci-hdj 1
bci-hdj 1
740
8
befg-hea 1
djb-hea 1
jb-hea 2
cb-hea 2
bdfd-hea 1
jjg-hea 1
fdf-hea 1
bcji-hea 1
741
2
fab-heb 1
icg-heb 1
742
4
fai-hec 2
bfjg-hec 1
bdda-hec 1
bdhc-hec 1
743
3
ffe-hed 2
bfei-hed 1
bcbg-hed 1
744
3
bfhd-hee 1
ijb-hee 1
gbf-hee 2
745
4
bjd-hef 1
gha-hef 1
beg-hef 1
bfch-hef 3
746
3
fid-heg 1
ceb-heg 2
bcdd-heg 1
747
4
ggc-heh 1
hii-heh 1
dcb-heh 1
ed-heh 2
748
3
if-hei 1
fad-hei 1
ie-hei 2
749
4
bgbd-hej 1
gcc-hej 1
ccd-hej 2
cec-hej 1
750
4
befe-hfa 1
dgc-hfa 1
jga-hfa 1
jhg-hfa 3
751
4
gc-hfb 2
egc-hfb 1
bff-hfb 1
icd-hfb 2
752
3
gjh-hfc 2
bcdc-hfc 1
gab-hfc 1
753
4
eih-hfd 1
bcec-hfd 1
ddc-hfd 1
bad-hfd 2
754
3
ejg-hfe 1
gac-hfe 3
bahd-hfe 1
755
3
hge-hff 1
bacc-hff 1
bbci-hff 2
756
3
ij-hfg 2
bbac-hfg 1
gfd-hfg 1
757
5
ede-hfh 1
ibb-hfh 1
eci-hfh 1
bbaj-hfh 2
ihf-hfh 1
758
2
beih-hfi 2
eci-hfi 2
759
3
bfhi-hfj 2
gaa-hfj 1
jfc-hfj 1
760
2
fdb-hga 1
bbg-hga 1
761
6
iaj-hgb 1
dfj-hgb 1
gcc-hgb 1
hfc-hgb 1
bdf-hgb 1
bccd-hgb 2
762
4
hje-hgc 1
fea-hgc 1
dej-hgc 2
fia-hgc 1
763
2
bedb-hgd 1
bbfa-hgd 1
764
3
efg-hge 1
jdc-hge 1
beff-hge 2
765
4
icd-hgf 1
fea-hgf 1
bci-hgf 2
bafe-hgf 1
766
3
ddc-hgg 2
baib-hgg 1
ehf-hgg 1
767
2
dej-hgh 1
deg-hgh 1
768
4
baja-hgi 2
hah-hgi 1
cdb-hgi 1
baai-hgi 1
770
5
bi-hha 2
baad-hha 1
ii-hha 1
ihj-hha 2
hdd-hha 1
771
4
gfa-hhb 1
dfa-hhb 2
bbaa-hhb 2
bbaj-hhb 1
772
3
eia-hhc 2
fhc-hhc 1
beff-hhc 1
773
4
bdec-hhd 2
ch-hhd 1
gaa-hhd 1
bbd-hhd 1
774
5
eff-hhe 1
bdfa-hhe 1
fcd-hhe 2
dji-hhe 1
gja-hhe 1
775
3
bafj-hhf 3
bcf-hhf 1
ed-hhf 1
776
4
dgd-hhg 2
hbb-hhg 1
ga-hhg 1
bcd-hhg 1
777
2
ebd-hhh 1
haa-hhh 1
778
1
bdci-hhi 2
779
6
hie-hhj 1
chi-hhj 1
bfag-hhj 1
idc-hhj 3
beb-hhj 1
jec-hhj 1
780
3
bbie-hia 2
jdd-hia 1
dbf-hia 1
781
2
bbfb-hib 1
bbi-hib 3
782
4
bgcf-hic 1
dhd-hic 1
chh-hic 1
dcc-hic 2
783
1
bgdg-hid 1
784
2
bgbb-hie 1
bjg-hie 1
785
3
cii-hif 1
ggc-hif 1
fje-hif 2
786
3
che-hig 2
fig-hig 1
gb-hig 1
787
5
bdbe-hih 1
ddh-hih 1
iaf-hih 1
bfg-hih 1
eii-hih 2
788
4
fej-hii 2
cgi-hii 1
djb-hii 1
jaj-hii 1
789
6
bbbd-hij 1
dif-hij 1
jff-hij 1
fj-hij 1
hag-hij 2
bji-hij 1
790
2
fae-hja 1
gbd-hja 1
791
3
cfh-hjb 1
bde-hjb 2
cbb-hjb 1
792
6
bbfi-hjc 3
bfhe-hjc 1
ifd-hjc 1
hcc-hjc 1
hbi-hjc 1
gaj-hjc 1
793
2
fef-hjd 1
bbd-hjd 1
794
2
bdja-hje 1
fgj-hje 1
795
3
gid-hjf 2
edj-hjf 1
beji-hjf 1
796
5
jdh-hjg 3
cfa-hjg 1
eda-hjg 2
gdj-hjg 1
jgg-hjg 1
797
2
bcg-hjh 1
caj-hjh 1
798
3
iac-hji 1
bba-hji 2
hfj-hji 1
799
7
bgc-hjj 1
fe-hjj 1
bace-hjj 1
fgd-hjj 1
beea-hjj 1
cjf-hjj 1
gah-hjj 2
800
6
deb-iaa 1
ead-iaa 1
jcg-iaa 1
cij-iaa 2
dhc-iaa 1
eef-iaa 1
801
3
ech-iab 1
cdh-iab 2
bdbh-iab 1
802
3
eic-iac 2
hbi-iac 1
hia-iac 1
803
4
cba-iad 2
cgd-iad 1
dd-iad 1
d-iad 2
804
5
fjd-iae 1
cdf-iae 1
cjg-iae 1
cib-iae 1
bcd-iae 2
805
3
gjf-iaf 2
ejf-iaf 1
jd-iaf 2
806
4
ihd-iag 1
bage-iag 1
begg-iag 1
ejg-iag 2
807
2
dad-iah 1
fei-iah 1
808
4
dje-iai 2
beja-iai 1
gf-iai 1
jh-iai 1
809
3
gbh-iaj 2
gci-iaj 1
bddg-iaj 1
810
5
bafb-iba 2
bbba-iba 1
bbbj-iba 1
bcb-iba 1
ejb-iba 1
811
2
iha-ibb 1
bead-ibb 1
812
2
bbgf-ibc 1
egb-ibc 1
813
2
bdhd-ibd 1
bgcj-ibd 1
814
2
fba-ibe 2
bbcc-ibe 2
815
3
bffh-ibf 1
dje-ibf 2
dih-ibf 1
816
4
bafg-ibg 2
fhg-ibg 1
ceb-ibg 1
efj-ibg 1
817
3
eja-ibh 1
bahj-ibh 2
babb-ibh 1
818
4
fdi-ibi 3
jib-ibi 1
bjc-ibi 1
fii-ibi 1
819
4
bbcd-ibj 2
dfd-ibj 1
bbdb-ibj 1
hae-ibj 1
820
5
bcfh-ica 1
jde-ica 1
becf-ica 1
edc-ica 1
dgi-ica 2
821
3
fhj-icb 1
hfi-icb 1
fib-icb 2
823
5
eig-icd 1
hcd-icd 2
hj-icd 1
jaj-icd 1
jaa-icd 1
824
3
jfh-ice 2
ehd-ice 1
hgi-ice 1
825
4
fce-icf 2
dbb-icf 1
bcha-icf 1
cih-icf 1
826
3
gcg-icg 1
bjj-icg 2
bcdi-icg 1
827
2
djd-ich 1
beei-ich 1
828
3
cj-ici 1
jc-ici 2
dfa-ici 1
829
2
hbe-icj 1
jie-icj 1
830
3
hee-ida 3
bhf-ida 1
bcfd-ida 2
831
6
bach-idb 2
cii-idb 1
bfjd-idb 1
cdh-idb 1
fce-idb 2
ghi-idb 1
832
2
iij-idc 2
gjg-idc 2
833
4
fih-idd 2
fj-idd 1
bfda-idd 1
bbah-idd 1
834
1
fgc-ide 1
835
5
efa-idf 2
jhi-idf 1
dh-idf 1
bajg-idf 1
dii-idf 1
836
3
bfi-idg 1
dhd-idg 2
bagf-idg 2
837
1
bad-idh 4
838
5
bbdd-idi 1
baeh-idi 1
hhc-idi 2
ech-idi 1
bgfa-idi 1
839
2
fdj-idj 2
bcc-idj 2
840
4
chb-iea 1
bij-iea 1
eeb-iea 2
bebf-iea 1
841
3
bbie-ieb 1
fhb-ieb 1
bdaj-ieb 2
842
4
iff-iec 1
hfg-iec 1
hfh-iec 2
bbca-iec 2
843
4
bche-ied 1
bbid-ied 1
hhb-ied 1
jac-ied 2
844
3
bdcd-iee 2
efc-iee 1
baje-iee 1
845
4
ea-ief 2
hag-ief 1
bbah-ief 1
bfc-ief 1
846
5
fjj-ieg 1
ebg-ieg 1
hcd-ieg 2
idd-ieg 1
ffh-ieg 1
847
4
bge-ieh 2
caj-ieh 1
bchj-ieh 1
bjg-ieh 1
848
5
behf-iei 2
efg-iei 1
bcgb-iei 1
hgi-iei 1
dbf-iei 2
849
2
bbh-iej 1
bdi-iej 1
850
5
bdih-ifa 1
bbbi-ifa 2
bdbe-ifa 1
hcf-ifa 1
ccc-ifa 1
851
2
dfh-ifb 2
bagh-ifb 2
852
6
jid-ifc 2
gfa-ifc 1
cee-ifc 1
fdj-ifc 1
bchg-ifc 1
ejj-ifc 1
853
4
bbhd-ifd 1
bah-ifd 1
ijh-ifd 1
cf-ifd 2
854
3
bbdj-ife 1
hjf-ife 1
dad-ife 2
855
5
bjb-iff 1
jgf-iff 1
fb-iff 2
efe-iff 1
cgi-iff 1
856
3
bgeb-ifg 1
jci-ifg 1
be-ifg 2
857
3
baai-ifh 1
cid-ifh 1
baga-ifh 3
858
2
bcci-ifi 1
badf-ifi 1
859
1
chb-ifj 1
860
2
gfj-iga 1
ebb-iga 1
861
2
gb-igb 1
cif-igb 1
862
3
eaf-igc 2
gh-igc 1
bcgi-igc 1
863
3
ggg-igd 1
ife-igd 1
hfd-igd 2
864
3
dbj-ige 2
hjc-ige 1
dbi-ige 1
865
1
egi-igf 1
866
1
babd-igg 1
867
1
hag-igh 1
868
2
bbg-igi 1
bcbj-igi 3
869
4
gih-igj 2
dde-igj 1
bdie-igj 1
jba-igj 1
870
4
jfa-iha 1
hgf-iha 1
bcdj-iha 2
bbfe-iha 1
871
2
eii-ihb 1
bbcj-ihb 1
872
3
jfd-ihc 2
ehj-ihc 1
eba-ihc 1
873
4
behh-ihd 1
fj-ihd 1
bbdd-ihd 1
bgei-ihd 2
874
3
hdg-ihe 2
hdj-ihe 1
hdi-ihe 1
875
3
ijj-ihf 3
bbad-ihf 1
bfcc-ihf 2
876
4
bcj-ihg 1
gij-ihg 1
cdj-ihg 2
gbf-ihg 1
877
3
eef-ihh 2
gih-ihh 1
cib-ihh 1
878
5
bdgf-ihi 1
gjh-ihi 1
jg-ihi 1
hdb-ihi 2
bebh-ihi 1
879
2
caf-ihj 1
cef-ihj 1
880
3
fgb-iia 2
fid-iia 1
hfh-iia 1
881
5
cfb-iib 1
id-iib 1
baeb-iib 2
bafa-iib 1
chd-iib 1
882
4
iie-iic 2
gfa-iic 1
jje-iic 1
fag-iic 1
883
2
iae-iid 2
ffa-iid 3
884
5
bec-iie 1
bejf-iie 2
cbb-iie 1
bgc-iie 1
jee-iie 1
885
2
hif-iif 1
bbei-iif 1
886
2
hcg-iig 3
hjb-iig 1
887
1
hbj-iih 1
888
1
bbib-iii 1
889
1
baaa-iij 1
890
2
dbj-ija 3
iaa-ija 1
891
1
ega-ijb 1
892
4
bcij-ijc 1
hg-ijc 1
cgi-ijc 1
bbf-ijc 2
893
3
gdh-ijd 2
hfi-ijd 1
beda-ijd 1
894
4
beef-ije 2
bef-ije 1
gda-ije 1
bbbj-ije 1
895
2
bj-ijf 1
hei-ijf 1
896
2
ig-ijg 1
behi-ijg 1
897
2
bii-ijh 1
hhg-ijh 1
898
1
gd-iji 1
899
2
cff-ijj 1
iaf-ijj 1
900
3
jbg-jaa 1
bbjh-jaa 1
cf-jaa 2
901
2
gbe-jab 3
baej-jab 1
902
5
hca-jac 1
ibb-jac 1
ghg-jac 1
ejj-jac 1
bgg-jac 2
903
2
bcij-jad 1
djc-jad 3
904
3
bbih-jae 1
ee-jae 1
cja-jae 2
905
2
bgd-jaf 1
bdig-jaf 1
906
3
bdij-jag 2
cbc-jag 1
cg-jag 1
907
5
bajg-jah 1
bcif-jah 1
baia-jah 3
fie-jah 1
bchh-jah 1
908
5
bffi-jai 1
bbbg-jai 1
hah-jai 1
gbj-jai 1
efa-jai 2
909
2
ebd-jaj 1
iic-jaj 1
910
3
bdef-jba 1
cgd-jba 1
gej-jba 2
911
2
gjc-jbb 1
dhg-jbb 1
912
2
gbg-jbc 1
jca-jbc 1
913
3
bfad-jbd 1
dij-jbd 1
bgh-jbd 2
914
1
de-jbe 4
915
4
hai-jbf 1
bedi-jbf 2
cc-jbf 1
gfg-jbf 2
916
4
bdid-jbg 3
bjd-jbg 1
baie-jbg 1
ehd-jbg 1
917
3
babf-jbh 1
dbd-jbh 1
bji-jbh 2
918
2
bdcc-jbi 1
hai-jbi 1
919
4
hdc-jbj 1
daa-jbj 1
ejd-jbj 1
jhb-jbj 3
920
4
fdh-jca 1
idf-jca 2
jfg-jca 1
jde-jca 1
921
4
faj-jcb 2
gae-jcb 1
hhf-jcb 1
ihh-jcb 1
922
3
gfb-jcc 1
fjg-jcc 2
fej-jcc 1
923
4
ied-jcd 2
hgh-jcd 1
jcc-jcd 1
bagh-jcd 1
924
1
bafi-jce 1
925
3
igj-jcf 1
djc-jcf 1
ghe-jcf 2
926
3
cfj-jcg 1
ggg-jcg 1
babe-jcg 2
928
6
bfbf-jci 1
fch-jci 1
fb-jci 2
beia-jci 1
hhe-jci 1
gih-jci 1
930
3
bdig-jda 2
bgdf-jda 1
cjb-jda 1
931
5
hge-jdb 1
cgf-jdb 1
jhc-jdb 1
bbaj-jdb 1
jji-jdb 2
932
3
hbh-jdc 2
jc-jdc 1
gdh-jdc 1
933
3
ffh-jdd 2
dic-jdd 1
dhc-jdd 1
934
6
bi-jde 1
bdgi-jde 1
baad-jde 1
bie-jde 2
bcjb-jde 1
ha-jde 1
936
6
bhb-jdg 3
ibi-jdg 1
dhj-jdg 1
gea-jdg 1
fbf-jdg 1
bh-jdg 1
937
1
ea-jdh 1
939
4
jfj-jdj 2
dhb-jdj 1
eic-jdj 1
ja-jdj 1
940
1
ije-jea 2
941
1
jad-jeb 1
942
4
badg-jec 1
bdfg-jec 1
dae-jec 1
ehc-jec 3
943
1
djc-jed 1
944
4
hjb-jee 2
ceg-jee 1
ej-jee 1
cfg-jee 1
945
5
bbfe-jef 2
bbje-jef 1
badj-jef 1
fad-jef 1
beh-jef 1
946
2
bbj-jeg 1
baib-jeg 1
947
3
ddj-jeh 2
bgdb-jeh 1
bafe-jeh 1
948
1
eff-jei 2
949
2
ehb-jej 3
dch-jej 1
950
4
iec-jfa 1
chb-jfa 1
bhe-jfa 2
fdj-jfa 1
951
3
ebb-jfb 1
bbdb-jfb 1
cge-jfb 2
952
3
cgh-jfc 1
egb-jfc 2
jgb-jfc 1
953
2
babc-jfd 1
fbd-jfd 1
954
4
bfgb-jfe 2
bcif-jfe 1
egf-jfe 1
c-jfe 1
955
2
bfeb-jff 3
egg-jff 1
956
3
bccb-jfg 1
ega-jfg 1
fic-jfg 3
957
5
eij-jfh 1
fdf-jfh 1
ddc-jfh 2
bffj-jfh 1
gfb-jfh 1
958
4
befa-jfi 1
eib-jfi 1
dii-jfi 2
bbj-jfi 1
959
5
bcc-jfj 1
bdhe-jfj 1
bcaj-jfj 1
jfa-jfj 2
eac-jfj 1
960
4
bagg-jga 1
fdf-jga 1
bfcd-jga 1
bfab-jga 3
961
1
ecd-jgb 1
962
5
cfa-jgc 1
babj-jgc 1
bba-jgc 2
ied-jgc 1
ibd-jgc 1
963
1
ghb-jgd 1
964
5
gbf-jge 1
bagf-jge 1
dda-jge 1
bedj-jge 2
bcgj-jge 1
965
5
i-jgf 2
hhj-jgf 1
fbf-jgf 1
fjd-jgf 1
bhg-jgf 1
966
2
cfd-jgg 2
bajc-jgg 2
967
2
jcb-jgh 1
dfc-jgh 1
968
2
gjf-jgi 1
iae-jgi 1
970
4
ghd-jha 1
efh-jha 2
jia-jha 1
bea-jha 1
971
1
ejg-jhb 1
972
4
eej-jhc 1
gga-jhc 2
ced-jhc 1
hei-jhc 1
973
2
gba-jhd 1
geb-jhd 1
974
3
bbai-jhe 1
jih-jhe 2
jae-jhe 1
975
3
behe-jhf 3
bajj-jhf 1
fch-jhf 1
976
2
hde-jhg 1
fbi-jhg 1
977
3
bfia-jhh 1
gab-jhh 1
gej-jhh 2
978
2
bcj-jhi 3
bagi-jhi 1
979
1
eei-jhj 1
980
6
bje-jia 1
ecc-jia 1
baca-jia 2
baac-jia 2
bded-jia 1
ddg-jia 1
981
4
gda-jib 1
bjf-jib 1
bab-jib 1
iac-jib 2
982
2
igj-jic 1
hff-jic 1
983
4
bgfj-jid 1
bdgd-jid 1
cag-jid 1
jff-jid 2
984
3
hdb-jie 2
cij-jie 1
baih-jie 1
985
3
bb-jif 3
hah-jif 1
dge-jif 1
986
3
bbe-jig 2
bafi-jig 1
gha-jig 1
987
2
gfi-jih 2
bfa-jih 2
988
2
cei-jii 4
ddf-jii 1
989
2
bah-jij 1
ge-jij 1
990
1
idh-jja 1
991
5
jif-jjb 1
bdi-jjb 2
ihg-jjb 1
hja-jjb 2
cjc-jjb 1
992
3
jbg-jjc 2
bcgb-jjc 1
jhg-jjc 1
993
1
daj-jjd 1
994
5
bbcg-jje 1
hdd-jje 1
baig-jje 1
ej-jje 1
badd-jje 2
995
2
ccf-jjf 1
hja-jjf 1
996
2
gfc-jjg 1
efa-jjg 1
997
1
geh-jjh 1
998
1
hef-jji 2
999
3
bcci-jjj 1
baea-jjj 1
edg-jjj 2
1000
1
fgi-baaa 1
1001
5
efi-baab 1
bbdf-baab 1
ifd-baab 1
jeg-baab 2
bc-baab 1
1002
2
hig-baac 1
jbh-baac 1
1003
4
ceb-baad 2
jcd-baad 1
ehj-baad 1
bbbh-baad 1
1004
2
dib-baae 1
eje-baae 1
1005
2
bdej-baaf 1
baae-baaf 1
1006
5
beja-baag 1
jci-baag 2
ffj-baag 1
cdc-baag 1
fc-baag 1
1007
1
baef-baah 2
1008
4
bacb-baai 2
igj-baai 1
dgd-baai 1
baha-baai 1
1009
1
ceb-baaj 1
1010
4
jdf-baba 1
ehi-baba 1
dfi-baba 3
bbfb-baba 1
1011
3
edh-babb 1
djh-babb 1
ggi-babb 2
1012
4
jga-babc 3
if-babc 1
beag-babc 1
baif-babc 1
1013
2
gec-babd 2
dfe-babd 2
1014
4
cjc-babe 2
ije-babe 1
dbj-babe 1
ebj-babe 1
1015
2
begj-babf 1
ceg-babf 1
1016
2
beba-babg 2
bdhd-babg 2
1017
2
cbg-babh 1
baia-babh 1
1018
3
gd-babi 2
baij-babi 1
cdb-babi 1
1019
3
bbcg-babj 2
fdc-babj 1
bfib-babj 1
1020
1
igh-baca 1
1021
6
jce-bacb 1
heb-bacb 1
jhb-bacb 1
bgbj-bacb 1
jg-bacb 1
bcje-bacb 2
1022
3
feg-bacc 2
hbc-bacc 1
gdb-bacc 1
1023
1
jgf-bacd 1
1024
2
dhb-bace 1
bbcd-bace 1
1025
1
ifd-bacf 1
1026
2
cja-bacg 1
bgdb-bacg 1
1027
3
baag-bach 2
bih-bach 1
fdd-bach 1
1028
2
ejc-baci 1
egi-baci 1
1029
3
iha-bacj 1
ibj-bacj 2
bada-bacj 2
1030
4
ecj-bada 1
bbcf-bada 2
gdb-bada 1
hej-bada 1
1031
3
dcd-badb 2
bdf-badb 1
bddf-badb 1
1032
3
cad-badc 2
hfg-badc 1
ifg-badc 1
1033
3
bcac-badd 2
jc-badd 1
gh-badd 1
1034
1
ega-bade 1
1035
1
fgh-badf 1
1036
2
jhi-badg 1
bbbf-badg 1
1037
2
fhe-badh 1
bbgj-badh 1
1038
2
ghg-badi 1
bbdi-badi 1
1039
4
bbhf-badj 1
ff-badj 1
bjf-badj 1
ijj-badj 2
1040
3
cid-baea 1
jgg-baea 3
hdd-baea 1
1041
4
fd-baeb 1
iag-baeb 1
bbaf-baeb 1
bdcj-baeb 2
1042
5
jha-baec 2
ccb-baec 1
hbg-baec 1
bcac-baec 1
jaa-baec 1
1043
1
djc-baed 1
1044
1
baeg-baee 1
1045
4
efd-baef 2
bdbf-baef 1
gj-baef 1
fi-baef 1
1046
4
hhd-baeg 2
jdc-baeg 1
baic-baeg 1
bcef-baeg 1
1047
2
ihg-baeh 1
dfd-baeh 1
1048
4
bcig-baei 2
bagg-baei 1
bhc-baei 1
chj-baei 1
1049
2
bdfj-baej 4
bbhh-baej 1
1050
5
cff-bafa 1
jdj-bafa 1
babe-bafa 1
hgc-bafa 2
dgj-bafa 1
1051
4
gdg-bafb 1
baah-bafb 1
bbbd-bafb 1
bcji-bafb 2
1052
4
gfg-bafc 1
jce-bafc 2
bbef-bafc 1
hii-bafc 1
1053
2
cfa-bafd 1
fei-bafd 1
1054
3
dhc-bafe 2
fdd-bafe 1
bgf-bafe 1
1055
2
bfif-baff 1
hcj-baff 1
1056
1
fdd-bafg 1
1057
1
jbd-bafh 1
1058
3
chi-bafi 3
bhj-bafi 1
bag-bafi 1
1059
2
hef-bafj 1
gfi-bafj 3
1060
2
ded-baga 1
bbag-baga 1
1061
1
fhb-bagb 2
1062
1
gie-bagc 1
1063
3
hgd-bagd 2
beg-bagd 1
ibg-bagd 1
1064
4
bbcj-bage 1
babh-bage 1
jfb-bage 2
jhf-bage 1
1065
2
bede-bagf 1
bgd-bagf 1
1066
4
baie-bagg 3
bbgh-bagg 1
fcb-bagg 1
hgb-bagg 1
1067
5
cde-bagh 3
eab-bagh 1
cgf-bagh 1
ijg-bagh 1
gje-bagh 1
1068
2
bcac-bagi 3
ggh-bagi 1
1069
3
bad-bagj 1
jhd-bagj 2
bgj-bagj 1
1070
2
bcgf-baha 1
bgcc-baha 1
1071
1
bgah-bahb 2
1072
1
hbg-bahc 1
1073
6
dii-bahd 1
efa-bahd 1
behd-bahd 2
beij-bahd 1
dbb-bahd 1
bcgf-bahd 1
1074
1
bcdi-bahe 1
1075
2
bagd-bahf 1
ffi-bahf 1
1076
2
gjc-bahg 1
bgc-bahg 1
1077
4
bedg-bahh 2
hea-bahh 1
jab-bahh 1
bahg-bahh 1
1078
4
ghc-bahi 1
ceh-bahi 2
hab-bahi 1
ia-bahi 1
1079
2
fbe-bahj 1
ghi-bahj 1
1080
3
bgg-baia 1
gaf-baia 1
jif-baia 2
1081
1
hih-baib 2
1082
3
babi-baic 1
iaa-baic 1
bcgg-baic 2
1083
1
bejd-baid 2
1084
5
bai-baie 1
iaf-baie 1
chg-baie 1
bade-baie 2
efc-baie 1
1085
1
jcb-baif 1
1086
4
edd-baig 2
ihc-baig 1
jgh-baig 1
hif-baig 1
1087
5
gcf-baih 1
bbgd-baih 3
becj-baih 1
bcej-baih 1
eea-baih 1
1088
2
bbab-baii 1
ffj-baii 1
1089
3
bha-baij 1
bfh-baij 2
ife-baij 1
1090
4
bif-baja 1
cdh-baja 1
bcfj-baja 1
cgg-baja 2
1091
3
bafj-bajb 2
ji-bajb 1
bdfg-bajb 1
1092
3
hih-bajc 2
dhb-bajc 1
bbae-bajc 1
1093
3
edc-bajd 3
hha-bajd 1
bfjc-bajd 1
1094
4
hhe-baje 2
iej-baje 1
gfi-baje 1
bdab-baje 1
1095
5
bcje-bajf 2
bbgi-bajf 1
jeb-bajf 1
eca-bajf 1
jcd-bajf 1
1096
2
cgf-bajg 1
fi-bajg 1
1097
2
hba-bajh 1
bia-bajh 1
1098
2
baje-baji 1
bhf-baji 1
1099
3
bajf-bajj 1
eci-bajj 1
ejh-bajj 2
1100
2
bcfa-bbaa 2
beeg-bbaa 2
1101
2
cde-bbab 1
bbfc-bbab 1
1102
4
fed-bbac 1
dce-bbac 1
iif-bbac 1
bejd-bbac 2
1103
2
bbag-bbad 1
jbh-bbad 1
1104
6
gid-bbae 2
hg-bbae 1
eah-bbae 1
bcfc-bbae 1
bgba-bbae 1
gc-bbae 1
1105
2
hhg-bbaf 1
eff-bbaf 1
1106
1
gff-bbag 1
1107
4
beci-bbah 1
bfjh-bbah 1
cja-bbah 2
fhe-bbah 1
1108
3
bafj-bbai 2
bdch-bbai 1
bhj-bbai 1
1109
1
ich-bbaj 1
1110
5
hdb-bbba 1
cgd-bbba 2
babb-bbba 1
hde-bbba 1
jid-bbba 1
1111
1
hed-bbbb 1
1113
4
bgab-bbbd 2
baec-bbbd 1
bbh-bbbd 1
icb-bbbd 1
1114
3
bccj-bbbe 1
bcc-bbbe 2
dhj-bbbe 1
1115
2
cef-bbbf 3
gej-bbbf 1
1116
2
icb-bbbg 3
ief-bbbg 1
1117
2
bagc-bbbh 1
ehg-bbbh 1
1118
2
gee-bbbi 1
bac-bbbi 1
1119
3
big-bbbj 1
bahe-bbbj 2
bgdj-bbbj 1
1120
2
jcc-bbca 1
bdd-bbca 1
1121
5
djj-bbcb 2
hih-bbcb 1
jfd-bbcb 1
fbc-bbcb 1
iee-bbcb 2
1122
2
hbd-bbcc 1
bgf-bbcc 1
1123
3
jjd-bbcd 1
gje-bbcd 1
baii-bbcd 2
1124
2
iff-bbce 1
gde-bbce 1
1125
2
fhc-bbcf 1
bbae-bbcf 1
1126
3
ccj-bbcg 1
bdid-bbcg 1
fcg-bbcg 2
1127
1
icb-bbch 1
1128
2
bie-bbci 1
babh-bbci 1
1129
2
hee-bbcj 1
bbbb-bbcj 1
1130
3
ehh-bbda 2
jde-bbda 1
bbji-bbda 1
1131
5
idc-bbdb 1
ifa-bbdb 1
bbf-bbdb 1
hjj-bbdb 2
bfdj-bbdb 1
1132
1
jh-bbdc 1
1133
5
eii-bbdd 1
beb-bbdd 1
bci-bbdd 1
fgh-bbdd 2
gid-bbdd 1
1134
1
jif-bbde 1
1135
3
gbi-bbdf 2
gbc-bbdf 1
baed-bbdf 1
1136
3
bgdc-bbdg 1
bid-bbdg 2
bhc-bbdg 1
1137
3
ghb-bbdh 2
bcjd-bbdh 1
eef-bbdh 1
1138
3
hbh-bbdi 2
bcba-bbdi 1
baee-bbdi 1
1139
1
ghi-bbdj 1
1140
2
cga-bbea 1
df-bbea 3
1141
5
bbde-bbeb 1
bffc-bbeb 1
bbae-bbeb 1
ji-bbeb 2
ihd-bbeb 1
1142
2
cai-bbec 1
bcie-bbec 1
1143
1
jc-bbed 1
1144
2
bdee-bbee 1
gcj-bbee 1
1145
4
fjf-bbef 2
fjb-bbef 1
badd-bbef 1
ce-bbef 1
1146
3
bcjg-bbeg 2
eca-bbeg 1
bgbc-bbeg 1
1147
2
eg-bbeh 1
ghj-bbeh 1
1148
2
gej-bbei 1
eif-bbei 1
1149
3
bcbb-bbej 1
fci-bbej 1
fja-bbej 2
1150
1
bacc-bbfa 2
1151
4
baji-bbfb 2
ghj-bbfb 2
bbgg-bbfb 1
bdah-bbfb 1
1152
2
ibh-bbfc 1
bfej-bbfc 1
1153
4
bdje-bbfd 1
bdcj-bbfd 1
ebc-bbfd 2
eaa-bbfd 1
1154
2
chg-bbfe 1
bbgi-bbfe 1
1155
6
bdjd-bbff 1
jig-bbff 1
ihi-bbff 2
hg-bbff 1
fcc-bbff 1
dbh-bbff 1
1156
4
fea-bbfg 1
bcjh-bbfg 2
bfee-bbfg 1
eee-bbfg 1
1157
3
bbjg-bbfh 1
gec-bbfh 1
efd-bbfh 2
1158
3
bfhb-bbfi 2
bbej-bbfi 1
bace-bbfi 1
1159
4
cje-bbfj 1
ifc-bbfj 1
babh-bbfj 2
cbc-bbfj 1
1160
2
jbc-bbga 1
eji-bbga 1
1161
4
jff-bbgb 1
hgd-bbgb 1
iic-bbgb 1
hi-bbgb 2
1162
1
bafa-bbgc 1
1163
1
bgag-bbgd 1
1164
4
eb-bbge 2
bbff-bbge 1
ddd-bbge 1
ihg-bbge 1
1165
1
fcj-bbgf 1
1166
4
gfh-bbgg 1
bcde-bbgg 1
bdai-bbgg 1
ca-bbgg 2
1167
1
bbei-bbgh 1
1168
4
jab-bbgi 1
bfi-bbgi 2
jgi-bbgi 1
bdgi-bbgi 1
1169
4
hjc-bbgj 2
bejh-bbgj 1
eah-bbgj 1
bbcj-bbgj 1
1170
2
fbe-bbha 1
begi-bbha 1
1171
2
djd-bbhb 1
iec-bbhb 1
1172
2
cbh-bbhc 3
bca-bbhc 1
1173
4
bdb-bbhd 1
j-bbhd 1
ece-bbhd 2
bced-bbhd 1
1174
4
fh-bbhe 1
id-bbhe 2
bbgb-bbhe 1
gfe-bbhe 1
1175
3
bfec-bbhf 1
baif-bbhf 2
dia-bbhf 1
1177
2
bcjf-bbhh 1
beee-bbhh 1
1178
2
bfge-bbhi 1
hgi-bbhi 1
1180
3
edb-bbia 1
ei-bbia 1
ij-bbia 2
1181
1
bdi-bbib 1
1182
2
befc-bbic 1
iab-bbic 1
1183
1
bbdd-bbid 1
1184
3
def-bbie 1
dee-bbie 1
bbhj-bbie 2
1185
2
dcj-bbif 1
bij-bbif 1
1186
1
cig-bbig 1
1187
2
bfd-bbih 1
gc-bbih 1
1188
2
jhc-bbii 1
bfgf-bbii 1
1189
2
beci-bbij 2
bbdf-bbij 2
1190
2
fec-bbja 1
bacb-bbja 1
1191
2
ffj-bbjb 1
gje-bbjb 1
1192
3
bhc-bbjc 2
ii-bbjc 1
bbha-bbjc 1
1193
1
jig-bbjd 1
1194
1
cbd-bbje 1
1195
4
jbg-bbjf 2
haj-bbjf 1
dji-bbjf 1
fcj-bbjf 1
1196
3
bagj-bbjg 1
hjb-bbjg 2
bbfe-bbjg 1
1197
2
jih-bbjh 1
bcjb-bbjh 1
1198
3
hhi-bbji 2
ijh-bbji 1
bch-bbji 1
1199
1
cig-bbjj 1
1200
2
bbie-bcaa 1
bgb-bcaa 1
1201
4
bchi-bcab 2
gce-bcab 1
jjj-bcab 1
dfi-bcab 1
1202
3
hac-bcac 2
had-bcac 1
fa-bcac 1
1203
3
bdf-bcad 1
bgcb-bcad 2
hcd-bcad 1
1204
2
ibg-bcae 1
bdaj-bcae 1
1205
2
bbha-bcaf 3
bcda-bcaf 1
1206
2
babb-bcag 1
bgch-bcag 1
1207
1
eed-bcah 1
1208
1
bbcj-bcai 1
1209
1
bbji-bcaj 1
1210
2
ejb-bcba 1
gfc-bcba 1
1211
3
hag-bcbb 2
bdbj-bcbb 1
die-bcbb 1
1212
5
ef-bcbc 1
bcij-bcbc 1
bafj-bcbc 1
bbai-bcbc 2
dbe-bcbc 1
1213
1
baca-bcbd 1
1214
2
gda-bcbe 1
bdd-bcbe 1
1215
2
bged-bcbf 1
igc-bcbf 1
1216
3
iea-bcbg 1
behc-bcbg 1
dbh-bcbg 2
1217
1
bhg-bcbh 1
1218
3
jdd-bcbi 1
bfcf-bcbi 2
jcf-bcbi 1
1219
2
hgc-bcbj 1
hjj-bcbj 3
1220
4
fb-bcca 2
jfe-bcca 1
bdhj-bcca 1
behj-bcca 1
1221
2
egb-bccb 3
cid-bccb 1
1222
1
edj-bccc 1
1223
3
bfed-bccd 1
behg-bccd 1
ced-bccd 2
1224
2
eci-bcce 1
iib-bcce 1
1225
2
bfhd-bccf 1
bajb-bccf 1
1226
2
badf-bccg 1
begg-bccg 1
1227
1
hjg-bcch 1
1228
2
hjd-bcci 1
bcae-bcci 1
1229
6
cfg-bccj 1
hci-bccj 1
gbe-bccj 1
bg-bccj 1
dci-bccj 1
bdeb-bccj 2
1230
3
beii-bcda 1
ijd-bcda 1
dh-bcda 2
1231
3
bbeb-bcdb 2
baci-bcdb 1
bddd-bcdb 1
1232
4
bccd-bcdc 2
ghb-bcdc 1
bcj-bcdc 1
bfga-bcdc 1
1233
3
bagh-bcdd 1
bdid-bcdd 1
bbfh-bcdd 2
1234
5
cba-bcde 2
bcha-bcde 1
gic-bcde 1
beje-bcde 1
baji-bcde 1
1235
1
bbef-bcdf 1
1236
3
hjc-bcdg 2
chc-bcdg 1
jje-bcdg 1
1237
2
faf-bcdh 1
bchf-bcdh 1
1238
2
hee-bcdi 3
cfg-bcdi 1
1239
1
fdb-bcdj 1
1240
1
becb-bcea 1
1241
2
bfcf-bceb 1
idj-bceb 1
1242
1
dgj-bcec 1
1243
1
bcjd-bced 1
1244
6
iai-bcee 1
gdf-bcee 1
bdja-bcee 1
bdca-bcee 1
ffd-bcee 2
ejh-bcee 1
1245
2
fbb-bcef 1
fbj-bcef 1
1246
1
cca-bceg 1
1247
2
bdae-bceh 4
bbdf-bceh 1
1248
1
bci-bcei 1
1249
3
gif-bcej 2
ef-bcej 1
jfh-bcej 1
1250
2
jfh-bcfa 1
djh-bcfa 1
1252
2
cig-bcfc 1
jbj-bcfc 1
1253
3
beie-bcfd 1
jeh-bcfd 2
idg-bcfd 1
1254
1
jh-bcfe 1
1255
4
begg-bcff 1
iie-bcff 1
hfh-bcff 2
ddd-bcff 1
1256
2
fjj-bcfg 1
bcje-bcfg 1
1257
1
egd-bcfh 1
1258
1
ihe-bcfi 1
1259
3
bchb-bcfj 2
cig-bcfj 1
ibc-bcfj 2
1260
1
ghc-bcga 1
1261
2
jae-bcgb 1
eai-bcgb 1
1262
2
beih-bcgc 1
bahc-bcgc 1
1264
2
bddi-bcge 1
bgh-bcge 3
1265
1
bbga-bcgf 1
1266
2
beej-bcgg 1
bfhf-bcgg 1
1267
2
cbj-bcgh 1
bdjg-bcgh 1
1268
4
hce-bcgi 1
bfh-bcgi 1
bge-bcgi 1
fca-bcgi 2
1269
3
bdbg-bcgj 1
beae-bcgj 1
bfci-bcgj 2
1270
2
deh-bcha 1
dgg-bcha 1
1271
2
hhd-bchb 1
bdfj-bchb 1
1272
2
cej-bchc 1
bdb-bchc 1
1273
2
jbd-bchd 1
bdaf-bchd 1
1274
2
becg-bche 1
gcd-bche 1
1275
2
bfag-bchf 1
hdj-bchf 1
1276
4
hhj-bchg 1
idc-bchg 1
hga-bchg 1
bebi-bchg 2
1277
5
bcjj-bchh 1
hhi-bchh 1
bcjb-bchh 1
bbij-bchh 1
cjb-bchh 2
1278
2
ifh-bchi 1
bcdj-bchi 1
1279
1
jcd-bchj 1
1280
4
bgec-bcia 2
hid-bcia 2
hhg-bcia 1
ibc-bcia 1
1281
3
dde-bcib 3
bje-bcib 1
bfgd-bcib 1
1284
3
bbgh-bcie 1
eic-bcie 1
bebd-bcie 2
1285
2
jhh-bcif 1
bdjb-bcif 1
1286
1
fae-bcig 1
1287
1
cae-bcih 1
1288
3
bafh-bcii 1
cga-bcii 2
jeh-bcii 1
1289
1
ebd-bcij 1
1290
3
ica-bcja 2
hhd-bcja 1
bbfi-bcja 1
1291
2
bcaa-bcjb 1
dba-bcjb 1
1292
2
bbaf-bcjc 1
bbdg-bcjc 1
1293
1
hdf-bcjd 1
1294
1
bbfh-bcje 1
1295
3
bedc-bcjf 2
bdjc-bcjf 1
dde-bcjf 2
1296
2
eii-bcjg 1
jce-bcjg 1
1297
1
dch-bcjh 1
1298
2
ida-bcji 1
dg-bcji 1
1299
2
bfgi-bcjj 1
fig-bcjj 1
1300
3
eba-bdaa 2
edh-bdaa 1
gcj-bdaa 1
1301
2
bdib-bdab 1
iji-bdab 1
1302
2
cgb-bdac 1
gba-bdac 1
1303
2
dja-bdad 3
ch-bdad 1
1304
2
bahi-bdae 1
bbif-bdae 1
1305
1
ga-bdaf 1
1307
2
beeg-bdah 1
ibd-bdah 1
1308
2
baij-bdai 1
bajh-bdai 1
1309
2
hed-bdaj 1
je-bdaj 1
1310
1
bbch-bdba 1
1311
1
jeh-bdbb 1
1312
1
bcgf-bdbc 1
1314
1
hh-bdbe 1
1315
1
hf-bdbf 1
1316
3
bfii-bdbg 2
hdj-bdbg 1
ddc-bdbg 1
1317
1
jhg-bdbh 1
1318
2
dbc-bdbi 1
bfbc-bdbi 1
1319
4
gid-bdbj 2
jfa-bdbj 1
dhe-bdbj 1
bbci-bdbj 1
1320
1
fej-bdca 1
1321
2
cii-bdcb 1
ibj-bdcb 1
1322
2
iig-bdcc 1
bdhf-bdcc 1
1323
2
bbcb-bdcd 1
bdgd-bdcd 1
1324
1
jfc-bdce 1
1325
1
faa-bdcf 1
1326
1
bce-bdcg 1
1327
2
hgc-bdch 1
cac-bdch 1
1328
2
ci-bdci 1
efh-bdci 1
1329
2
feb-bdcj 1
jjc-bdcj 1
1330
2
bebj-bdda 1
efh-bdda 1
1331
1
bbbg-bddb 1
1333
2
bcbf-bddd 1
daa-bddd 1
1334
2
bid-bdde 1
jif-bdde 1
1335
2
bbbg-bddf 2
bbcc-bddf 2
1336
1
badj-bddg 1
1337
1
bffa-bddh 1
1338
1
fjg-bddi 1
1339
3
bcaf-bddj 1
bj-bddj 2
bbbe-bddj 1
1340
1
dc-bdea 1
1341
2
bdif-bdeb 1
jaf-bdeb 1
1342
4
cca-bdec 1
bfeg-bdec 1
bfaf-bdec 1
ida-bdec 2
1343
2
bbbi-bded 1
befd-bded 1
1344
3
cgc-bdee 1
bcie-bdee 2
gii-bdee 1
1345
2
hbe-bdef 1
bbeg-bdef 1
1346
3
hdh-bdeg 1
bgfb-bdeg 2
iai-bdeg 1
1347
2
cfc-bdeh 1
ecj-bdeh 1
1348
1
bccd-bdei 1
1349
2
bfaa-bdej 1
jag-bdej 1
1350
3
bje-bdfa 1
hdb-bdfa 1
jjf-bdfa 2
1351
1
ijg-bdfb 2
1352
1
hdc-bdfc 1
1353
2
bec-bdfd 1
efb-bdfd 1
1354
2
bfeg-bdfe 1
gdf-bdfe 1
1355
1
jga-bdff 1
1356
2
bdic-bdfg 1
bib-bdfg 1
1357
2
bacc-bdfh 1
bege-bdfh 1
1358
2
becc-bdfi 1
jcf-bdfi 1
1359
3
bbjf-bdfj 2
hae-bdfj 1
cdf-bdfj 1
1360
4
ehh-bdga 1
bafa-bdga 1
begc-bdga 1
ihf-bdga 2
1361
2
hig-bdgb 3
bead-bdgb 1
1362
2
bcbd-bdgc 1
eba-bdgc 1
1363
2
gbc-bdgd 1
gga-bdgd 1
1364
1
baej-bdge 1
1365
3
fcc-bdgf 2
gdb-bdgf 1
bfbe-bdgf 1
1366
1
fbh-bdgg 1
1367
2
eea-bdgh 1
ghj-bdgh 1
1368
2
bdjb-bdgi 1
bdj-bdgi 1
1369
1
bgdi-bdgj 2
1370
3
gfj-bdha 1
daj-bdha 2
behi-bdha 1
1371
2
hbh-bdhb 1
haf-bdhb 1
1372
2
bahg-bdhc 1
jei-bdhc 1
1373
2
bae-bdhd 1
bcbg-bdhd 1
1374
4
jjj-bdhe 1
baia-bdhe 2
ecc-bdhe 1
bagb-bdhe 1
1375
2
bfae-bdhf 1
bcdh-bdhf 1
1376
1
efd-bdhg 1
1377
1
bdfd-bdhh 1
1378
3
hb-bdhi 2
ihe-bdhi 1
ccf-bdhi 1
1379
1
iah-bdhj 1
1380
2
jgg-bdia 1
bgff-bdia 1
1381
1
bcfi-bdib 1
1382
1
hhg-bdic 1
1383
1
beh-bdid 1
1384
1
igc-bdie 1
1385
2
f-bdif 1
fgc-bdif 1
1386
2
bajc-bdig 1
bdge-bdig 1
1387
1
ijf-bdih 1
1388
2
fbg-bdii 1
cch-bdii 1
1389
1
fbg-bdij 1
1390
2
bbhb-bdja 1
bdeb-bdja 1
1391
1
bchd-bdjb 1
1392
2
bfbb-bdjc 1
ifh-bdjc 1
1393
1
eca-bdjd 1
1394
3
bbjb-bdje 1
cge-bdje 2
bacj-bdje 1
1395
1
jig-bdjf 1
1396
1
bdef-bdjg 1
1397
2
bfdf-bdjh 1
baj-bdjh 1
1398
2
egb-bdji 1
bej-bdji 1
1399
1
bccf-bdjj 2
1400
2
eeb-beaa 1
bcfj-beaa 1
1401
2
bdde-beab 1
baai-beab 1
1403
2
bib-bead 1
bafg-bead 1
1404
1
bdch-beae 1
1405
1
geb-beaf 1
1406
1
cci-beag 1
1407
2
bche-beah 3
bgfc-beah 1
1408
1
ida-beai 1
1409
2
bcea-beaj 1
dea-beaj 1
1410
3
bbf-beba 2
bbcb-beba 1
bfg-beba 1
1411
1
bgf-bebb 1
1412
1
bbah-bebc 1
1413
2
bejj-bebd 1
babc-bebd 1
1414
1
bccd-bebe 1
1415
2
bbfj-bebf 1
ghb-bebf 1
1416
1
idj-bebg 1
1417
2
bbgc-bebh 1
dag-bebh 1
1418
1
fad-bebi 1
1419
1
bbec-bebj 1
1420
2
ddg-beca 1
jjf-beca 1
1421
2
bcg-becb 1
bfbj-becb 3
1422
2
bcc-becc 1
haf-becc 1
1423
2
fba-becd 1
bbii-becd 1
1424
1
fii-bece 1
1425
2
hce-becf 1
fed-becf 1
1426
1
bagi-becg 1
1427
1
dfj-bech 1
1428
1
bbgj-beci 1
1429
2
hec-becj 1
bdbi-becj 1
1430
3
bc-beda 1
bfhh-beda 1
cbd-beda 2
1431
1
bebd-bedb 1
1432
2
bfaj-bedc 1
baic-bedc 1
1433
1
ceg-bedd 1
1434
2
hf-bede 1
bbda-bede 1
1435
2
djf-bedf 1
ebh-bedf 1
1436
1
jbg-bedg 2
1437
2
baha-bedh 1
bgai-bedh 1
1438
2
bfba-bedi 1
iib-bedi 1
1439
1
igd-bedj 1
1441
2
hcf-beeb 1
bbee-beeb 1
1442
1
jba-beec 1
1443
3
becd-beed 2
bfih-beed 1
dgj-beed 1
1444
2
eff-beee 1
hhc-beee 1
1445
2
icf-beef 1
hhf-beef 1
1446
2
bdeb-beeg 1
he-beeg 3
1447
1
bdgc-beeh 1
1448
1
bdcg-beei 1
1449
1
cge-beej 1
1450
2
ebe-befa 1
cbc-befa 1
1451
1
babd-befb 1
1452
1
bchf-befc 1
1453
3
dci-befd 2
iia-befd 1
chj-befd 1
1454
1
fif-befe 1
1455
2
fid-beff 1
hc-beff 1
1456
1
bah-befg 1
1458
1
bahf-befi 1
1459
1
bdgc-befj 1
1460
1
gca-bega 1
1461
1
iie-begb 1
1462
2
ghf-begc 1
bgad-begc 1
1463
1
bdgi-begd 1
1464
2
bdci-bege 1
babb-bege 1
1465
1
dfc-begf 1
1466
2
bfai-begg 1
ifb-begg 1
1467
1
eac-begh 1
1468
1
cff-begi 1
1469
2
bbfb-begj 1
eef-begj 1
1470
3
bebd-beha 1
hcj-beha 2
cji-beha 1
1471
1
bfdh-behb 1
1472
1
ifa-behc 1
1473
1
eda-behd 1
1474
3
bgaa-behe 2
baja-behe 1
ihd-behe 1
1475
1
hdf-behf 1
1476
1
iei-behg 1
1477
1
bcgg-behh 1
1478
2
bgde-behi 1
bjh-behi 1
1479
3
ihb-behj 1
dcd-behj 1
dbd-behj 2
1480
1
ffd-beia 1
1481
1
bdaj-beib 1
1482
3
ec-beic 1
dg-beic 2
bbb-beic 1
1483
2
iai-beid 1
bdje-beid 1
1484
1
cgc-beie 1
1485
3
hfb-beif 1
cii-beif 1
gab-beif 2
1486
2
bedd-beig 1
baf-beig 1
1487
2
ijd-beih 1
dcc-beih 1
1488
1
cbe-beii 1
1489
2
bah-beij 1
che-beij 1
1490
1
cid-beja 1
1491
1
bace-bejb 1
1493
1
badc-bejd 1
1494
1
baag-beje 1
1495
1
jhi-bejf 1
1496
2
bcag-bejg 1
cha-bejg 1
1497
1
bdaa-bejh 1
1498
2
dcf-beji 1
ifa-beji 1
1499
1
cdg-bejj 1
1500
2
bhf-bfaa 1
ccd-bfaa 1
1501
1
fbi-bfab 1
1503
1
jhc-bfad 1
1504
3
bfah-bfae 1
ecc-bfae 1
bai-bfae 2
1505
2
bedh-bfaf 1
hbb-bfaf 1
1506
2
jai-bfag 1
bdad-bfag 1
1507
1
jbf-bfah 1
1508
1
bcaj-bfai 1
1509
1
bcjd-bfaj 1
1510
1
bdgg-bfba 1
1511
1
hda-bfbb 1
1512
1
ijd-bfbc 1
1513
3
bbjd-bfbd 1
dcg-bfbd 1
fia-bfbd 2
1514
1
behh-bfbe 1
1515
2
bdga-bfbf 1
efe-bfbf 1
1516
1
hih-bfbg 1
1518
1
jjc-bfbi 1
1519
1
beif-bfbj 1
1520
1
ghc-bfca 1
1521
3
gaj-bfcb 1
gfa-bfcb 2
bbba-bfcb 1
1522
1
gga-bfcc 1
1523
3
bcdc-bfcd 2
ggc-bfcd 1
bdbj-bfcd 1
1524
1
jh-bfce 1
1525
1
bca-bfcf 1
1526
3
bgdj-bfcg 1
bfgg-bfcg 2
cjc-bfcg 1
1527
1
bafe-bfch 1
1528
1
fjb-bfci 1
1529
2
gh-bfcj 1
dif-bfcj 1
1530
2
baai-bfda 1
bgce-bfda 1
1531
1
iih-bfdb 1
1532
1
bfbc-bfdc 1
1533
1
bcgh-bfdd 1
1534
1
jgf-bfde 1
1535
1
ddf-bfdf 1
1536
1
bdfi-bfdg 1
1537
1
bdec-bfdh 1
1538
2
fgc-bfdi 1
ihc-bfdi 1
1539
2
dgg-bfdj 1
bddd-bfdj 1
1540
1
jdg-bfea 1
1541
1
ggf-bfeb 1
1542
2
bdge-bfec 1
edg-bfec 1
1543
2
iia-bfed 1
iea-bfed 1
1544
2
dae-bfee 1
fhi-bfee 1
1545
4
bgda-bfef 1
ied-bfef 1
bgaf-bfef 1
faa-bfef 2
1546
1
dfb-bfeg 1
1547
1
fdc-bfeh 1
1548
1
cbf-bfei 1
1549
1
bdia-bfej 1
1550
1
iab-bffa 1
1551
1
bda-bffb 1
1552
1
iai-bffc 1
1553
1
egi-bffd 1
1555
1
becg-bfff 1
1556
1
gci-bffg 1
1557
1
ghi-bffh 1
1558
1
ed-bffi 1
1559
1
eda-bffj 1
1560
2
dcg-bfga 1
bfj-bfga 1
1561
2
beif-bfgb 1
bcfj-bfgb 1
1562
1
bdac-bfgc 1
1563
1
ihj-bfgd 1
1564
1
chj-bfge 1
1565
2
eig-bfgf 1
bgga-bfgf 1
1566
1
ec-bfgg 1
1567
1
bbie-bfgh 1
1568
3
bgee-bfgi 2
bgej-bfgi 1
fea-bfgi 1
1570
1
cga-bfha 1
1571
1
bhg-bfhb 1
1572
1
dgd-bfhc 1
1573
1
bdgb-bfhd 1
1574
1
bfi-bfhe 1
1575
2
jjj-bfhf 1
ded-bfhf 1
1576
2
ibi-bfhg 1
bfhi-bfhg 1
1577
1
ibh-bfhh 1
1578
1
ice-bfhi 1
1579
2
bejj-bfhj 1
gih-bfhj 1
1580
1
df-bfia 1
1581
1
bdca-bfib 1
1582
2
bgfg-bfic 1
igc-bfic 1
1583
1
hfa-bfid 1
1584
1
ceh-bfie 1
1585
2
caa-bfif 1
dfi-bfif 1
1587
1
cif-bfih 1
1588
2
hjg-bfii 1
edc-bfii 1
1589
1
gih-bfij 1
1590
1
bie-bfja 1
1591
1
icj-bfjb 1
1592
1
bej-bfjc 1
1593
1
bajd-bfjd 1
1594
1
bfba-bfje 1
1595
1
cdg-bfjf 1
1596
1
bdej-bfjg 1
1597
1
bcga-bfjh 1
1598
1
bebd-bfji 1
1599
1
hhg-bfjj 1
1600
1
bcdd-bgaa 1
1601
1
fga-bgab 1
1602
1
babg-bgac 1
1603
1
bdba-bgad 1
1604
1
bajd-bgae 1
1605
1
beab-bgaf 1
1606
1
bed-bgag 1
1607
1
bdhi-bgah 1
1608
1
baji-bgai 1
1609
1
egb-bgaj 1
1610
1
ddd-bgba 1
1611
1
dib-bgbb 1
1612
1
bba-bgbc 1
1613
2
bfje-bgbd 1
bfb-bgbd 1
1614
1
bfhe-bgbe 1
1615
1
bbfa-bgbf 1
1616
1
dff-bgbg 1
1617
2
ece-bgbh 1
bgfh-bgbh 1
1618
1
bfjc-bgbi 1
1619
1
cbj-bgbj 1
1620
1
hjh-bgca 1
1621
1
icd-bgcb 1
1622
2
dga-bgcc 1
bdbe-bgcc 1
1624
1
bacd-bgce 1
1625
1
cib-bgcf 1
1626
1
cba-bgcg 1
1627
1
cga-bgch 1
1628
2
bda-bgci 1
hje-bgci 1
1629
1
beeg-bgcj 1
1630
1
bcai-bgda 1
1631
1
jdd-bgdb 1
1632
1
gbb-bgdc 1
1633
2
bhf-bgdd 3
ede-bgdd 1
1634
1
beic-bgde 1
1635
1
bbia-bgdf 1
1636
1
baf-bgdg 1
1637
1
hhh-bgdh 1
1638
2
jdi-bgdi 1
bach-bgdi 1
1639
1
jdb-bgdj 1
1640
1
bcia-bgea 1
1641
1
ega-bgeb 1
1642
2
bacg-bgec 1
djd-bgec 1
1643
1
behi-bged 1
1644
1
hjf-bgee 1
1645
1
fed-bgef 1
1646
1
baca-bgeg 1
1647
1
bece-bgeh 1
1648
1
bgca-bgei 1
1649
1
jej-bgej 1
1650
1
bddj-bgfa 1
1651
1
bhh-bgfb 1
1652
1
bfjg-bgfc 1
1653
2
ddb-bgfd 1
gif-bgfd 1
1654
1
bfcf-bgfe 1
1655
1
bcgh-bgff 1
1656
1
bce-bgfg 1
1657
1
bgbi-bgfh 1
1658
1
bie-bgfi 1
1659
1
eef-bgfj 1
1660
1
bdhi-bgga 1
1661
1
bdhg-bggb 1
