1637
0
1
cd-a 1
1
2
ehb-b 1
dab-b 1
2
6
dgj-c 1
di-c 1
bi-c 2
fcd-c 1
dgc-c 1
bih-c 1
3
5
cbd-d 2
bcb-d 1
bjg-d 1
hcj-d 2
ii-d 1
4
3
d-e 1
cba-e 1
hic-e 1
5
6
jcc-f 2
jbb-f 1
bda-f 2
ff-f 1
bdjf-f 1
e-f 1
6
6
gic-g 1
bfg-g 1
bedj-g 1
eie-g 2
ehc-g 1
iee-g 1
7
1
bfa-h 1
8
2
geg-i 1
gie-i 2
9
4
ce-j 1
heg-j 1
bi-j 1
fbj-j 1
10
1
bdi-ba 2
11
7
gc-bb 1
bcef-bb 1
cd-bb 2
bee-bb 1
bcea-bb 1
bgf-bb 2
bcb-bb 1
12
5
hbf-bc 1
ccj-bc 1
baid-bc 1
dgf-bc 3
daa-bc 1
13
3
cjb-bd 1
bejh-bd 1
cch-bd 1
14
4
bbbj-be 1
beai-be 1
babg-be 1
fec-be 1
15
2
hi-bf 1
dh-bf 1
16
5
baae-bg 2
bi-bg 2
bdii-bg 1
iag-bg 1
jf-bg 2
17
2
bgeh-bh 2
ihi-bh 1
18
4
fic-bi 3
babg-bi 1
hej-bi 1
feh-bi 1
19
7
bdbf-bj 1
dhf-bj 1
db-bj 1
hcj-bj 1
bc-bj 1
cii-bj 2
dg-bj 2
20
4
cd-ca 1
dfg-ca 1
bai-ca 1
gjh-ca 1
21
3
did-cb 1
dcc-cb 1
edb-cb 1
22
3
dgf-cc 1
badc-cc 1
jgi-cc 2
23
5
gfa-cd 3
bhd-cd 1
dbg-cd 1
ffb-cd 1
bcaj-cd 1
24
4
jag-ce 1
bi-ce 1
jgf-ce 1
ef-ce 1
25
4
fhg-cf 2
cc-cf 1
eac-cf 1
def-cf 2
26
6
chb-cg 1
deb-cg 1
eh-cg 2
ca-cg 2
hhc-cg 1
bd-cg 1
27
4
ddb-ch 1
bjd-ch 4
jgg-ch 1
hch-ch 1
28
5
bffg-ci 2
befi-ci 1
hfh-ci 1
gbg-ci 1
hif-ci 1
29
3
fbi-cj 1
egd-cj 1
bfgd-cj 1
30
7
bdf-da 2
bcei-da 1
beib-da 1
eej-da 1
gda-da 1
bhd-da 1
fai-da 2
31
7
gi-db 2
cbh-db 1
bc-db 1
cfj-db 1
bbde-db 1
cd-db 1
bgj-db 1
32
6
ecg-dc 2
jbf-dc 1
bbgj-dc 1
iej-dc 1
ifh-dc 1
iag-dc 1
33
3
fc-dd 1
dfg-dd 1
babg-dd 1
34
2
ghj-de 1
di-de 3
35
5
igi-df 1
ibf-df 1
iei-df 1
gc-df 2
bfgb-df 1
36
8
bgfe-dg 1
hah-dg 1
cee-dg 1
bed-dg 1
bebe-dg 1
bcag-dg 2
bcii-dg 1
bdfc-dg 1
37
5
gcd-dh 2
bagf-dh 1
db-dh 1
hha-dh 1
dc-dh 1
38
1
haf-di 1
39
3
gdb-dj 1
ef-dj 1
cbh-dj 1
40
5
jjh-ea 1
jff-ea 2
dbb-ea 1
fda-ea 1
eee-ea 2
41
3
hac-eb 1
cdi-eb 1
bbfc-eb 1
42
4
fc-ec 3
ege-ec 1
cdc-ec 1
fi-ec 1
43
5
eb-ed 2
bcia-ed 1
bfdc-ed 1
ech-ed 1
edf-ed 1
44
2
cfb-ee 1
bacc-ee 2
45
5
bgb-ef 2
beeh-ef 2
ige-ef 1
cih-ef 2
cij-ef 1
46
4
ggg-eg 1
cbg-eg 2
bdj-eg 2
ffd-eg 1
47
5
fdd-eh 2
bbei-eh 1
bjb-eh 1
bbfg-eh 1
gdh-eh 1
48
4
jfj-ei 3
dff-ei 1
bb-ei 1
bcjf-ei 2
49
2
cd-ej 2
baig-ej 1
50
5
bhg-fa 1
bc-fa 1
dhe-fa 3
jji-fa 1
bcb-fa 1
51
3
bcch-fb 1
bdc-fb 1
dfa-fb 1
52
4
eab-fc 2
bfch-fc 1
bcj-fc 2
fif-fc 1
53
4
je-fd 1
dhe-fd 1
dd-fd 1
daf-fd 1
54
1
jic-fe 1
55
6
bed-ff 1
cje-ff 1
dbd-ff 1
gb-ff 1
bdf-ff 3
ic-ff 1
56
1
bfaf-fg 1
57
6
bejb-fh 3
jjd-fh 1
d-fh 1
jh-fh 1
bdb-fh 1
ccb-fh 1
58
3
bfdg-fi 1
hee-fi 1
fg-fi 1
59
7
bcha-fj 1
ff-fj 1
ifd-fj 2
ddg-fj 1
hfh-fj 1
bea-fj 1
dbg-fj 1
60
4
fga-ga 3
bi-ga 1
cg-ga 1
eah-ga 2
61
2
bbeb-gb 1
bbjc-gb 1
62
5
bdfa-gc 1
gge-gc 1
j-gc 1
e-gc 3
eie-gc 1
63
8
cfj-gd 1
dai-gd 1
bfgc-gd 1
je-gd 1
dbf-gd 1
gfb-gd 1
daj-gd 1
icd-gd 2
64
2
g-ge 1
dfi-ge 1
65
1
cgh-gf 1
66
5
jhg-gg 1
idf-gg 2
cdh-gg 1
bfjf-gg 1
jdj-gg 1
67
3
jci-gh 1
bddh-gh 1
bh-gh 1
68
3
ch-gi 1
bcff-gi 1
cbe-gi 1
69
3
baad-gj 1
gjj-gj 1
edh-gj 1
70
3
bda-ha 1
db-ha 1
ecc-ha 1
71
2
efh-hb 1
iaa-hb 1
72
4
ejc-hc 1
dbf-hc 1
cif-hc 1
gg-hc 1
74
7
bcjc-he 1
gig-he 1
gij-he 1
bgi-he 1
bebb-he 1
bcd-he 2
hc-he 1
75
4
dah-hf 1
da-hf 1
hie-hf 1
bdbc-hf 1
76
4
gbd-hg 1
dfj-hg 1
bja-hg 1
cgj-hg 1
77
7
gcj-hh 1
jae-hh 1
cae-hh 1
beic-hh 2
caa-hh 1
bdh-hh 1
bjb-hh 1
78
5
baec-hi 2
bac-hi 1
iba-hi 1
ihf-hi 1
fa-hi 1
79
3
di-hj 1
jfc-hj 1
gfg-hj 1
80
4
ccc-ia 1
di-ia 1
bdjd-ia 1
bfeh-ia 1
81
4
dad-ib 1
gia-ib 1
ghd-ib 1
dea-ib 1
82
3
bedh-ic 1
fdf-ic 1
cgi-ic 1
83
3
gbg-id 2
eab-id 1
ebd-id 1
84
4
eeh-ie 2
dej-ie 1
haj-ie 1
bjd-ie 2
85
3
di-if 1
bcge-if 1
bfce-if 1
86
2
egf-ig 1
baif-ig 1
87
3
bba-ih 1
bcfj-ih 1
cgh-ih 1
88
6
bacj-ii 1
eig-ii 1
bgfi-ii 1
dgc-ii 1
chf-ii 2
bacd-ii 1
89
3
bcd-ij 2
dbi-ij 1
ife-ij 1
90
2
bei-ja 2
hij-ja 1
91
3
ehi-jb 2
bhe-jb 1
jc-jb 1
92
6
fci-jc 1
babi-jc 1
gbe-jc 1
bbjg-jc 1
hj-jc 2
gii-jc 1
93
2
fhj-jd 1
cae-jd 1
94
6
gdf-je 1
bfgb-je 2
bi-je 1
bbi-je 1
bfc-je 1
fcf-je 1
95
2
iae-jf 2
gbd-jf 1
96
3
ec-jg 1
daf-jg 1
beb-jg 1
97
4
hib-jh 4
bbfg-jh 1
bcbf-jh 1
dai-jh 1
98
5
beaa-ji 1
bccj-ji 1
bdjh-ji 1
gbe-ji 1
idd-ji 2
99
3
dej-jj 1
bcee-jj 1
fgf-jj 1
100
5
dig-baa 2
bfg-baa 1
efg-baa 1
fhg-baa 1
dfi-baa 1
101
4
chf-bab 1
jhg-bab 1
ede-bab 1
eic-bab 1
102
5
hfi-bac 1
bfe-bac 1
hj-bac 2
gja-bac 1
da-bac 1
103
3
jid-bad 1
bha-bad 1
bfi-bad 1
104
4
bdga-bae 1
dgj-bae 1
cd-bae 1
ceg-bae 1
105
4
bcb-baf 1
bdbh-baf 3
cbg-baf 1
cj-baf 1
106
6
fic-bag 2
bfce-bag 1
ede-bag 1
bbfi-bag 1
bcc-bag 2
dad-bag 1
107
6
hbf-bah 1
ddf-bah 1
ifd-bah 2
bbcc-bah 1
gjh-bah 1
deg-bah 1
108
2
bda-bai 1
cfj-bai 1
109
4
eg-baj 2
bda-baj 1
cjg-baj 1
chf-baj 3
110
5
hi-bba 2
fbe-bba 1
gdc-bba 1
je-bba 1
dic-bba 1
111
4
fdh-bbb 1
d-bbb 1
edb-bbb 1
bdh-bbb 1
112
5
dbb-bbc 1
jje-bbc 2
dgb-bbc 1
chf-bbc 1
gbg-bbc 1
113
2
bja-bbd 1
gca-bbd 1
114
3
ehd-bbe 1
cb-bbe 1
cie-bbe 1
115
4
bei-bbf 2
fj-bbf 1
dfc-bbf 2
bage-bbf 1
116
6
bbbj-bbg 1
cbd-bbg 2
eba-bbg 1
iff-bbg 1
gdc-bbg 1
eg-bbg 1
117
3
bacc-bbh 1
ehi-bbh 1
gjh-bbh 1
118
7
cbb-bbi 1
gfd-bbi 1
ige-bbi 1
bca-bbi 1
bech-bbi 1
beb-bbi 4
beeh-bbi 1
119
7
fag-bbj 1
ige-bbj 1
eh-bbj 1
bbag-bbj 1
gjh-bbj 1
bbf-bbj 1
baja-bbj 2
120
6
gae-bca 1
eae-bca 1
cji-bca 1
bae-bca 1
gaf-bca 1
cc-bca 2
121
4
bbgc-bcb 1
bbdg-bcb 1
fba-bcb 1
bdea-bcb 1
122
7
hgb-bcc 1
gfi-bcc 2
bjd-bcc 1
bbff-bcc 1
jg-bcc 1
bebg-bcc 1
bbab-bcc 1
123
5
eed-bcd 1
iie-bcd 1
jec-bcd 1
ddj-bcd 1
gc-bcd 2
124
8
edi-bce 1
bagd-bce 1
fed-bce 1
bb-bce 2
ccc-bce 1
gc-bce 1
bi-bce 1
gef-bce 1
125
4
deg-bcf 1
cea-bcf 1
ddj-bcf 1
gih-bcf 1
126
5
dbg-bcg 1
bhj-bcg 1
di-bcg 4
cah-bcg 1
g-bcg 1
127
6
bgbf-bch 2
bfc-bch 1
gad-bch 1
ecb-bch 1
fbh-bch 1
dfd-bch 1
128
7
bbc-bci 2
fi-bci 1
bagb-bci 1
fag-bci 1
bcbc-bci 1
bbhe-bci 1
bbf-bci 1
129
6
iff-bcj 2
bah-bcj 1
cjh-bcj 1
bbf-bcj 1
eac-bcj 2
icj-bcj 1
130
5
eh-bda 1
dfj-bda 1
ia-bda 2
dhg-bda 1
ffa-bda 2
131
7
jbg-bdb 2
cda-bdb 1
deh-bdb 1
bfc-bdb 2
djh-bdb 1
efd-bdb 1
bhb-bdb 1
132
8
fee-bdc 3
bbfe-bdc 1
bbjh-bdc 1
fdc-bdc 1
bbah-bdc 1
cfc-bdc 1
bfea-bdc 1
jbg-bdc 1
133
3
bece-bdd 3
bcgc-bdd 1
bjf-bdd 2
134
5
bba-bde 3
hhi-bde 1
gge-bde 1
bdh-bde 1
iah-bde 1
135
4
gea-bdf 1
gbf-bdf 1
bbab-bdf 1
hcg-bdf 4
136
8
bbij-bdg 1
bcc-bdg 1
djj-bdg 1
ch-bdg 1
dhi-bdg 2
cha-bdg 1
jdg-bdg 1
bahh-bdg 1
137
4
ce-bdh 1
feh-bdh 1
jjg-bdh 1
edg-bdh 1
138
6
gci-bdi 1
iic-bdi 1
bffi-bdi 1
jbe-bdi 1
ich-bdi 2
bcfj-bdi 1
139
6
ffb-bdj 2
jfe-bdj 1
bbbh-bdj 1
geh-bdj 1
hhc-bdj 1
igg-bdj 2
140
4
fif-bea 1
dgc-bea 1
cdh-bea 1
dgb-bea 1
141
7
hia-beb 1
cbg-beb 1
djg-beb 1
fe-beb 1
dci-beb 1
cbe-beb 1
edh-beb 3
142
7
hea-bec 2
eei-bec 1
hj-bec 2
ica-bec 1
bdei-bec 1
hff-bec 1
ii-bec 1
143
6
begd-bed 1
feh-bed 2
cfa-bed 1
ica-bed 1
cd-bed 1
bhc-bed 1
144
5
gjd-bee 1
bgbe-bee 1
bbej-bee 1
dfg-bee 2
cfa-bee 1
145
4
bjd-bef 1
jei-bef 1
fgj-bef 1
dai-bef 1
146
5
ea-beg 1
bja-beg 1
bef-beg 2
hgd-beg 1
fei-beg 1
147
9
cia-beh 1
ccg-beh 1
gdd-beh 2
ih-beh 1
ef-beh 1
ieh-beh 1
hi-beh 1
bab-beh 1
jbj-beh 1
148
5
becg-bei 2
bcgi-bei 1
fge-bei 1
jca-bei 1
jbi-bei 1
149
4
bdb-bej 1
fif-bej 1
bec-bej 1
dbi-bej 3
150
5
cjd-bfa 2
ddd-bfa 1
cdf-bfa 1
ifi-bfa 1
egg-bfa 1
151
2
fda-bfb 1
bdji-bfb 1
152
9
cei-bfc 1
dhb-bfc 1
gbi-bfc 1
fbb-bfc 1
dcb-bfc 1
ifh-bfc 1
bafi-bfc 1
cdb-bfc 2
fcb-bfc 1
153
4
haa-bfd 1
bif-bfd 1
cie-bfd 1
jgi-bfd 1
154
5
dch-bfe 1
hff-bfe 2
gbc-bfe 1
cgh-bfe 1
baea-bfe 1
155
4
gfe-bff 1
fdh-bff 1
eec-bff 1
bcie-bff 1
156
6
hhe-bfg 2
efi-bfg 1
dae-bfg 1
be-bfg 3
bgac-bfg 1
hj-bfg 1
157
3
bae-bfh 2
eaa-bfh 1
gcj-bfh 1
158
7
bgci-bfi 1
jhe-bfi 1
ich-bfi 2
gaa-bfi 1
bacf-bfi 1
idg-bfi 1
ecj-bfi 1
159
5
gif-bfj 1
ded-bfj 2
bii-bfj 1
jjj-bfj 1
gce-bfj 1
160
3
efe-bga 1
dij-bga 1
hbd-bga 1
161
5
bahe-bgb 3
hea-bgb 1
cgc-bgb 1
dff-bgb 1
bedd-bgb 1
162
5
cdb-bgc 2
cgd-bgc 2
fd-bgc 1
cff-bgc 2
bdeh-bgc 1
163
4
edg-bgd 1
bgdh-bgd 3
gd-bgd 1
f-bgd 1
164
3
hci-bge 1
jif-bge 1
d-bge 1
165
3
bd-bgf 1
bie-bgf 2
iaa-bgf 1
166
5
bcaa-bgg 2
bdde-bgg 1
ehg-bgg 1
babe-bgg 1
heh-bgg 2
167
5
bfgh-bgh 2
cgg-bgh 1
dbg-bgh 1
be-bgh 1
cej-bgh 1
168
7
eij-bgi 2
cbi-bgi 1
bhh-bgi 1
dda-bgi 1
bc-bgi 1
baa-bgi 2
daj-bgi 1
169
5
jai-bgj 1
djh-bgj 1
bffe-bgj 2
hch-bgj 1
hbh-bgj 1
170
6
ddd-bha 3
fh-bha 1
ccd-bha 2
bde-bha 1
gi-bha 1
bi-bha 1
171
6
jh-bhb 2
ih-bhb 1
bfbi-bhb 1
cda-bhb 1
hhd-bhb 1
fcb-bhb 1
172
6
bbfd-bhc 1
eje-bhc 1
gfg-bhc 1
edf-bhc 2
bagf-bhc 1
bfe-bhc 1
173
4
eed-bhd 1
gii-bhd 1
hj-bhd 1
bcb-bhd 1
174
4
ebi-bhe 1
cfe-bhe 2
bgj-bhe 2
daa-bhe 1
175
6
jga-bhf 1
ca-bhf 1
ech-bhf 1
bci-bhf 1
dgi-bhf 1
cgi-bhf 2
176
7
cbg-bhg 1
babb-bhg 1
cfi-bhg 1
bci-bhg 2
cdi-bhg 1
iga-bhg 1
baf-bhg 1
177
4
bai-bhh 1
efe-bhh 1
cbc-bhh 1
cch-bhh 1
178
4
gbb-bhi 1
ibh-bhi 1
eaj-bhi 2
cdb-bhi 2
179
6
cb-bhj 3
hg-bhj 1
ghd-bhj 1
fha-bhj 1
bafb-bhj 1
dbf-bhj 1
180
4
hi-bia 1
cch-bia 1
bjg-bia 1
dac-bia 1
181
3
fhc-bib 1
hjj-bib 1
eae-bib 1
182
3
eee-bic 1
baa-bic 1
dc-bic 2
183
3
bef-bid 1
bajd-bid 1
beh-bid 2
184
8
bcc-bie 2
eig-bie 2
bde-bie 1
cdc-bie 1
hdd-bie 1
bcai-bie 1
dbe-bie 2
bbc-bie 2
185
4
cji-bif 3
bahf-bif 1
bgcg-bif 1
babf-bif 1
186
2
deg-big 1
bdde-big 1
187
4
hef-bih 1
bcff-bih 1
ccj-bih 1
dcf-bih 1
188
5
ejd-bii 1
bga-bii 2
caj-bii 1
dfa-bii 1
bcej-bii 1
189
6
cha-bij 1
gfi-bij 1
ba-bij 1
bcj-bij 1
eab-bij 2
cia-bij 1
190
2
ded-bja 1
dca-bja 2
191
4
bbee-bjb 1
fed-bjb 1
bcdb-bjb 1
db-bjb 1
192
4
ggh-bjc 2
ibe-bjc 2
baad-bjc 1
bagc-bjc 1
193
5
ghb-bjd 1
hdg-bjd 1
bij-bjd 2
di-bjd 1
gd-bjd 1
194
3
ecd-bje 2
cga-bje 1
eja-bje 1
195
5
bccc-bjf 2
baff-bjf 1
hic-bjf 1
ecg-bjf 1
hii-bjf 2
196
3
dih-bjg 1
cec-bjg 1
df-bjg 1
197
5
bcb-bjh 2
gfd-bjh 1
eah-bjh 2
cd-bjh 1
jeb-bjh 1
198
4
fdj-bji 1
cgh-bji 1
dbg-bji 1
beeb-bji 1
199
4
edg-bjj 1
baad-bjj 1
jhe-bjj 1
gci-bjj 1
200
6
dhc-caa 1
djj-caa 2
ecb-caa 1
jgd-caa 1
hfg-caa 1
bafd-caa 1
201
5
cjd-cab 1
bef-cab 1
bdg-cab 1
jbg-cab 2
daf-cab 2
202
5
cgd-cac 1
bbdh-cac 2
fid-cac 1
djc-cac 1
dbf-cac 1
203
2
icg-cad 1
ege-cad 2
204
8
gdi-cae 1
bcb-cae 1
hhb-cae 1
cci-cae 1
chb-cae 1
bea-cae 1
jcd-cae 1
bccg-cae 2
205
3
gag-caf 1
ghc-caf 1
bafb-caf 1
206
4
bbg-cag 1
cie-cag 1
ebb-cag 1
fbi-cag 1
207
6
bahc-cah 1
fde-cah 1
fac-cah 1
ih-cah 2
bebe-cah 1
cce-cah 1
208
2
jda-cai 1
gdb-cai 1
209
4
ghh-caj 1
jh-caj 1
eji-caj 1
eba-caj 1
210
4
bgdd-cba 1
bbjf-cba 1
bccb-cba 1
bfi-cba 1
211
5
cge-cbb 1
ca-cbb 1
ihc-cbb 2
be-cbb 1
da-cbb 1
212
2
efg-cbc 1
bcdg-cbc 1
213
7
jej-cbd 1
jfc-cbd 1
bcdc-cbd 1
eag-cbd 1
ehe-cbd 1
bif-cbd 1
cec-cbd 3
214
1
bbcc-cbe 1
215
2
ceb-cbf 1
bff-cbf 2
216
4
bdg-cbg 1
bbfi-cbg 1
becj-cbg 1
hjj-cbg 1
217
2
jhi-cbh 2
bhi-cbh 4
218
2
bdi-cbi 2
ede-cbi 1
219
4
hi-cbj 1
jec-cbj 3
gjj-cbj 1
db-cbj 1
220
6
cbe-cca 1
ehi-cca 1
bbdb-cca 1
bbi-cca 2
ihg-cca 1
eea-cca 1
221
5
jeh-ccb 3
d-ccb 1
ddd-ccb 1
ejj-ccb 1
bjj-ccb 1
222
3
bcda-ccc 1
jfh-ccc 1
eag-ccc 1
223
5
cjf-ccd 1
bajb-ccd 1
eae-ccd 3
dhh-ccd 1
feh-ccd 1
224
2
bdc-cce 2
bceh-cce 2
225
5
ga-ccf 3
dca-ccf 1
jeg-ccf 1
hcc-ccf 1
ihi-ccf 2
226
6
bih-ccg 2
hjh-ccg 2
bahi-ccg 1
ijd-ccg 1
fhh-ccg 1
ide-ccg 1
227
4
bhe-cch 1
egd-cch 1
baaf-cch 1
ice-cch 1
228
4
bbfd-cci 1
haf-cci 1
ceb-cci 1
bgbg-cci 1
229
4
cch-ccj 4
hji-ccj 1
gdf-ccj 1
eeb-ccj 1
230
3
dd-cda 1
ejd-cda 1
jae-cda 1
231
4
fcf-cdb 1
bff-cdb 1
ejg-cdb 1
jaa-cdb 1
232
5
eb-cdc 2
ddj-cdc 1
ccj-cdc 1
gac-cdc 2
fad-cdc 1
233
2
db-cdd 1
bebi-cdd 1
234
6
bjb-cde 1
hhb-cde 1
gge-cde 3
bi-cde 1
bj-cde 1
bdia-cde 1
235
5
iee-cdf 1
bhj-cdf 1
fjc-cdf 1
badh-cdf 1
dfa-cdf 2
236
6
gcf-cdg 1
cid-cdg 2
dff-cdg 1
bfjd-cdg 1
bdf-cdg 1
eif-cdg 1
237
3
bbja-cdh 1
gfd-cdh 1
gd-cdh 1
238
3
j-cdi 1
beha-cdi 1
jbc-cdi 2
239
2
ega-cdj 1
hgg-cdj 2
240
7
cac-cea 1
be-cea 1
if-cea 2
cfi-cea 1
gbi-cea 1
jaj-cea 1
che-cea 1
241
5
bdea-ceb 3
bfj-ceb 1
dhh-ceb 1
cii-ceb 1
dfe-ceb 1
242
3
bajb-cec 2
bad-cec 1
bdg-cec 1
243
3
efg-ced 1
cah-ced 1
bbgc-ced 1
244
3
ic-cee 1
jhc-cee 1
eej-cee 1
245
4
bbec-cef 1
dab-cef 1
bfi-cef 1
bha-cef 1
246
4
gdg-ceg 1
iag-ceg 1
cah-ceg 1
bfa-ceg 1
247
2
cic-ceh 2
gdd-ceh 2
248
5
fhi-cei 2
bfb-cei 1
dgf-cei 1
ddf-cei 1
ehj-cei 1
249
5
dif-cej 4
bbeg-cej 1
bbee-cej 2
ef-cej 1
bh-cej 1
250
5
ice-cfa 2
hdi-cfa 1
eb-cfa 1
bdhb-cfa 1
gei-cfa 1
251
5
baga-cfb 2
gje-cfb 1
fhe-cfb 1
fgg-cfb 3
g-cfb 1
252
3
gef-cfc 1
eca-cfc 1
ieg-cfc 1
253
5
bcdh-cfd 2
a-cfd 1
bchd-cfd 2
cje-cfd 1
geb-cfd 1
254
2
jf-cfe 1
ijc-cfe 1
255
5
bafc-cff 2
egj-cff 1
hda-cff 1
ejg-cff 1
hjf-cff 1
256
4
bfdb-cfg 1
gic-cfg 1
bbdg-cfg 1
ej-cfg 1
257
4
fjh-cfh 4
bbee-cfh 1
bee-cfh 2
cie-cfh 1
258
5
chd-cfi 1
eec-cfi 1
badf-cfi 2
dhi-cfi 1
bcfi-cfi 1
259
5
beb-cfj 3
cfi-cfj 1
fh-cfj 1
efb-cfj 1
bd-cfj 1
260
7
cah-cga 1
dh-cga 2
cgd-cga 1
bhb-cga 1
chj-cga 1
bcjf-cga 1
chf-cga 1
261
5
gdf-cgb 1
deb-cgb 1
dhd-cgb 1
dch-cgb 2
da-cgb 1
262
6
hdb-cgc 1
cdb-cgc 1
fji-cgc 2
ica-cgc 1
ee-cgc 1
hfc-cgc 1
263
6
bafd-cgd 1
dcj-cgd 1
bajg-cgd 1
bec-cgd 1
bafi-cgd 2
dcf-cgd 1
264
5
bfc-cge 1
bba-cge 1
fh-cge 1
cci-cge 1
ea-cge 3
265
5
gie-cgf 2
ibe-cgf 1
bgbh-cgf 1
dej-cgf 1
fcc-cgf 1
266
5
dib-cgg 1
fhc-cgg 1
bgae-cgg 2
bdh-cgg 1
bii-cgg 1
267
5
bdhc-cgh 1
hif-cgh 2
hc-cgh 1
cag-cgh 1
babb-cgh 1
268
5
fdh-cgi 1
daf-cgi 1
baaa-cgi 2
djh-cgi 1
ia-cgi 1
269
3
ifi-cgj 2
fei-cgj 1
eag-cgj 1
270
6
gfh-cha 1
ged-cha 1
dcb-cha 2
bhi-cha 1
dhj-cha 1
egj-cha 1
271
3
fff-chb 1
eci-chb 1
bcbi-chb 1
272
5
jfb-chc 2
jhd-chc 1
hba-chc 1
bbfj-chc 1
fjc-chc 1
273
4
dfj-chd 1
bfbg-chd 1
cjc-chd 1
ebh-chd 1
274
4
dbj-che 1
befj-che 1
dej-che 1
eah-che 1
275
5
fch-chf 2
did-chf 1
eca-chf 1
hfb-chf 1
ehb-chf 1
276
4
iab-chg 1
edh-chg 1
fc-chg 1
hja-chg 1
277
1
ddj-chh 4
278
6
ibj-chi 1
bbea-chi 1
bbc-chi 1
hga-chi 2
cee-chi 1
jeh-chi 1
279
5
bgh-chj 2
hhi-chj 2
fg-chj 1
dia-chj 1
jg-chj 1
280
4
jj-cia 1
eie-cia 1
cce-cia 1
jej-cia 1
281
5
bdhh-cib 1
bcce-cib 1
hh-cib 1
bdhb-cib 2
eha-cib 1
282
4
dhi-cic 3
igc-cic 1
ifd-cic 1
jce-cic 1
283
9
ebi-cid 1
hgg-cid 1
bii-cid 1
fcf-cid 1
cab-cid 1
ehb-cid 3
dfd-cid 1
bdh-cid 2
cjb-cid 1
284
3
gg-cie 1
jfi-cie 1
bih-cie 1
285
8
bbai-cif 2
idd-cif 1
bcja-cif 1
gfe-cif 1
dcb-cif 1
dgb-cif 1
baed-cif 1
dae-cif 1
286
6
hai-cig 1
bbac-cig 1
hdd-cig 1
dge-cig 1
eef-cig 2
hbj-cig 1
287
1
icg-cih 2
288
6
ggd-cii 1
cah-cii 2
baha-cii 1
gbi-cii 1
dad-cii 1
gc-cii 1
289
4
cch-cij 1
dgf-cij 1
bgi-cij 1
ch-cij 1
290
4
bcaa-cja 3
hcj-cja 1
ehg-cja 1
ead-cja 2
291
4
eei-cjb 1
jbi-cjb 1
bagh-cjb 1
beba-cjb 1
292
4
db-cjc 1
bcih-cjc 1
bfgi-cjc 1
bada-cjc 1
293
2
bdaa-cjd 1
eje-cjd 1
294
3
bbi-cje 1
cea-cje 1
fje-cje 1
295
3
cgb-cjf 1
egf-cjf 1
dba-cjf 1
296
1
cgb-cjg 1
297
4
hhf-cjh 2
he-cjh 1
da-cjh 1
jfd-cjh 2
298
4
bdce-cji 1
hbd-cji 1
bee-cji 4
id-cji 1
299
5
bgh-cjj 3
bcie-cjj 1
bfeb-cjj 1
fci-cjj 1
jah-cjj 1
300
6
jjb-daa 1
bfde-daa 1
bbhc-daa 1
fh-daa 1
edd-daa 1
ih-daa 2
301
2
bef-dab 3
hi-dab 4
302
3
dce-dac 3
iid-dac 1
bgi-dac 2
303
4
gfe-dad 1
gcb-dad 1
gfd-dad 1
dab-dad 1
304
3
baaa-dae 2
bcib-dae 1
fce-dae 1
305
6
jae-daf 1
fbb-daf 1
cha-daf 2
bdcb-daf 1
badi-daf 2
bddb-daf 1
306
2
eb-dag 2
hcd-dag 1
307
4
cgi-dah 1
ehc-dah 1
ihj-dah 1
ggg-dah 1
308
4
bafa-dai 2
dhc-dai 1
bchi-dai 3
ejb-dai 1
309
6
fhj-daj 1
dhe-daj 1
fae-daj 1
ebb-daj 2
geh-daj 1
dce-daj 1
310
3
gdh-dba 1
hhj-dba 1
bff-dba 1
311
3
cjb-dbb 1
eaa-dbb 1
dfc-dbb 2
312
2
hca-dbc 1
dah-dbc 1
313
4
bdjf-dbd 3
bfg-dbd 1
gcb-dbd 1
bbg-dbd 1
314
3
dfh-dbe 1
bcaf-dbe 1
dac-dbe 1
315
6
dac-dbf 2
bbcb-dbf 1
gib-dbf 1
eid-dbf 1
baad-dbf 1
gdc-dbf 2
316
3
ffg-dbg 1
dab-dbg 1
iag-dbg 1
317
4
fha-dbh 1
caa-dbh 1
gfj-dbh 1
cdb-dbh 3
318
5
bcaa-dbi 1
ch-dbi 1
fah-dbi 1
eia-dbi 2
edd-dbi 1
319
5
dhd-dbj 1
cgb-dbj 2
dad-dbj 2
bb-dbj 1
gjf-dbj 1
320
5
jbi-dca 1
a-dca 1
bdii-dca 1
bda-dca 2
badg-dca 1
321
6
jia-dcb 2
eda-dcb 1
gbj-dcb 1
gad-dcb 1
fi-dcb 1
efg-dcb 1
322
8
jah-dcc 1
fbb-dcc 3
chf-dcc 1
di-dcc 1
cdd-dcc 1
heg-dcc 1
ddf-dcc 1
gdi-dcc 1
323
4
gda-dcd 1
gjc-dcd 1
cg-dcd 1
cfg-dcd 1
324
3
jef-dce 1
ebg-dce 2
cce-dce 1
325
5
bhe-dcf 1
fce-dcf 2
fea-dcf 1
bbja-dcf 1
cgb-dcf 1
326
3
jjj-dcg 1
cd-dcg 1
dca-dcg 1
327
4
jai-dch 3
eca-dch 1
bdgc-dch 1
dh-dch 1
328
5
dae-dci 1
ehi-dci 1
bcef-dci 1
cge-dci 2
ddg-dci 1
329
4
begb-dcj 1
dhd-dcj 3
bde-dcj 1
jcg-dcj 1
330
4
bjj-dda 1
dai-dda 1
cea-dda 1
fjj-dda 1
331
4
bbdj-ddb 1
ddd-ddb 3
bcea-ddb 2
bdge-ddb 1
332
5
dac-ddc 1
bja-ddc 2
ia-ddc 1
beg-ddc 1
bfjb-ddc 1
333
3
hed-ddd 1
beef-ddd 2
bci-ddd 1
334
9
ejf-dde 1
fbe-dde 1
gaa-dde 1
ghh-dde 1
ifj-dde 2
bbj-dde 1
d-dde 1
dbe-dde 1
ehd-dde 1
335
7
id-ddf 2
eij-ddf 1
eb-ddf 1
chf-ddf 1
fcf-ddf 1
jh-ddf 1
bei-ddf 1
336
3
cgc-ddg 1
cdi-ddg 1
eid-ddg 1
337
3
baa-ddh 1
ech-ddh 2
ef-ddh 1
338
6
fib-ddi 2
bjc-ddi 1
jja-ddi 1
ef-ddi 1
cfa-ddi 1
ehd-ddi 1
339
4
dia-ddj 4
ecg-ddj 1
haa-ddj 1
ihj-ddj 1
340
6
edh-dea 1
bgi-dea 1
ebe-dea 1
ejd-dea 1
dia-dea 2
ief-dea 1
341
6
hfg-deb 1
hha-deb 1
hgj-deb 1
hjc-deb 1
cbi-deb 2
fei-deb 1
342
4
bfg-dec 1
bg-dec 1
bcgh-dec 1
fdc-dec 3
343
5
bdbb-ded 2
gij-ded 1
ddc-ded 1
jab-ded 1
ihf-ded 1
344
5
dhc-dee 1
dej-dee 1
fji-dee 1
cia-dee 1
fhb-dee 2
345
3
bajh-def 1
ceb-def 1
jfi-def 1
346
6
hia-deg 1
fhd-deg 1
bceg-deg 1
eec-deg 1
cfb-deg 1
cdh-deg 2
347
3
ifa-deh 1
iji-deh 2
dj-deh 1
348
2
gjc-dei 1
fif-dei 1
349
4
dif-dej 1
bcah-dej 1
babg-dej 1
fda-dej 1
350
5
ege-dfa 1
hab-dfa 1
bfb-dfa 2
eai-dfa 1
fie-dfa 1
351
3
bde-dfb 1
e-dfb 1
ehb-dfb 1
352
7
fgg-dfc 1
fgj-dfc 1
ca-dfc 1
cjc-dfc 2
eb-dfc 1
ghb-dfc 1
ddc-dfc 1
353
6
bga-dfd 2
bbae-dfd 1
gcb-dfd 1
idj-dfd 1
bfcc-dfd 1
da-dfd 1
354
4
baac-dfe 1
ejd-dfe 1
ii-dfe 1
badc-dfe 1
355
5
heg-dff 1
gie-dff 1
ife-dff 1
jha-dff 2
hii-dff 1
356
3
cdj-dfg 1
dhf-dfg 1
eib-dfg 1
357
5
beci-dfh 2
fhb-dfh 1
bbcb-dfh 1
fee-dfh 1
hg-dfh 1
358
3
baac-dfi 1
hgh-dfi 1
egd-dfi 1
359
3
ejd-dfj 1
eb-dfj 1
bbah-dfj 1
360
5
bcdg-dga 2
fff-dga 1
g-dga 1
dgi-dga 1
cb-dga 1
361
2
cad-dgb 1
bcae-dgb 1
362
6
bdbb-dgc 1
bc-dgc 1
c-dgc 1
jja-dgc 1
jic-dgc 1
fib-dgc 2
363
9
ifb-dgd 2
ebc-dgd 1
cbc-dgd 1
badi-dgd 1
bbjf-dgd 1
ifg-dgd 1
bajj-dgd 1
feh-dgd 1
bfa-dgd 1
364
5
hcj-dge 2
bccf-dge 1
beaa-dge 1
ef-dge 2
dc-dge 1
365
3
bffd-dgf 1
jfj-dgf 1
bbba-dgf 2
366
2
bced-dgg 2
bg-dgg 1
367
2
idi-dgh 1
dff-dgh 1
368
4
bbf-dgi 2
deb-dgi 1
cgg-dgi 1
ibf-dgi 2
369
4
bea-dgj 1
ghb-dgj 1
gg-dgj 1
bcab-dgj 1
370
4
ecg-dha 1
dji-dha 1
jhi-dha 1
dij-dha 1
371
3
bajb-dhb 1
ebh-dhb 1
d-dhb 1
372
7
dfg-dhc 2
bdab-dhc 1
dbg-dhc 1
ccd-dhc 1
bbce-dhc 1
bbed-dhc 1
jii-dhc 1
373
6
fhc-dhd 1
dgh-dhd 1
hfh-dhd 1
baeg-dhd 1
ije-dhd 1
cdi-dhd 2
374
6
bbhb-dhe 1
ehb-dhe 1
bbhi-dhe 2
ieg-dhe 1
bbii-dhe 1
dca-dhe 1
375
4
ebj-dhf 1
bcf-dhf 1
cjd-dhf 3
baga-dhf 1
376
4
ida-dhg 1
bfe-dhg 1
begf-dhg 1
beab-dhg 1
377
5
bbb-dhh 1
gbg-dhh 2
bdac-dhh 1
dgf-dhh 1
bbh-dhh 1
378
6
bcab-dhi 1
bbbb-dhi 1
ebh-dhi 1
fjf-dhi 2
fhf-dhi 1
ihg-dhi 1
379
6
ddj-dhj 1
fce-dhj 1
begh-dhj 1
icc-dhj 2
idc-dhj 1
idf-dhj 2
380
3
ecg-dia 1
jcc-dia 1
hge-dia 2
381
4
cfd-dib 1
dhj-dib 1
ffd-dib 1
bgg-dib 1
382
7
jff-dic 2
bbgj-dic 1
hc-dic 1
edj-dic 1
hhd-dic 1
fh-dic 2
ebi-dic 1
383
6
hid-did 2
eii-did 1
bgj-did 1
ccj-did 1
bab-did 1
dhg-did 1
384
6
fac-die 1
dci-die 1
baag-die 1
fea-die 1
jeb-die 1
fig-die 2
385
1
bbdh-dif 1
386
3
hih-dig 1
fcd-dig 1
edj-dig 1
387
2
bbjg-dih 1
fdg-dih 1
388
2
bage-dii 1
bdeg-dii 1
389
5
ici-dij 1
eai-dij 1
bacf-dij 2
hhe-dij 1
cga-dij 1
390
1
bdhi-dja 2
391
2
eee-djb 1
jjj-djb 1
392
3
ddi-djc 1
dba-djc 1
jaj-djc 1
393
4
cie-djd 2
ifd-djd 1
bejh-djd 1
ceb-djd 3
394
4
beaj-dje 4
dbi-dje 1
hag-dje 1
bbj-dje 2
395
2
di-djf 1
eha-djf 1
396
6
jbc-djg 1
bceg-djg 1
cji-djg 2
baa-djg 1
hca-djg 1
efi-djg 2
397
7
cjc-djh 4
bdef-djh 1
gdg-djh 1
beca-djh 1
ebi-djh 1
gai-djh 1
bif-djh 1
398
4
bahj-dji 1
cic-dji 1
hhj-dji 1
cha-dji 1
399
5
dda-djj 3
caj-djj 1
dec-djj 1
jib-djj 1
bbc-djj 1
400
7
ghi-eaa 1
jbb-eaa 1
bif-eaa 1
hjj-eaa 1
bee-eaa 2
eji-eaa 1
hbg-eaa 1
401
3
bbga-eab 2
bdha-eab 1
chi-eab 1
402
5
cej-eac 1
bagg-eac 1
big-eac 1
jhi-eac 1
bcc-eac 2
403
4
dj-ead 1
caf-ead 1
chj-ead 1
dce-ead 1
404
6
fhi-eae 3
fed-eae 1
gdc-eae 1
edd-eae 1
icb-eae 1
bic-eae 1
405
4
ghj-eaf 1
fgj-eaf 1
fde-eaf 1
jc-eaf 1
406
5
hea-eag 2
cfa-eag 1
ca-eag 1
hgb-eag 1
gff-eag 1
407
4
gdj-eah 3
eca-eah 1
bcaj-eah 1
bbcf-eah 1
408
4
ffa-eai 1
be-eai 1
efh-eai 1
bbec-eai 1
409
3
jfa-eaj 2
eae-eaj 1
beec-eaj 1
410
6
feb-eba 2
gih-eba 1
bif-eba 1
bebc-eba 1
bjj-eba 1
cee-eba 1
411
7
ggb-ebb 1
ebg-ebb 1
iij-ebb 1
fac-ebb 1
fff-ebb 1
ffd-ebb 2
beb-ebb 1
412
2
baej-ebc 2
bjg-ebc 1
413
8
bdae-ebd 1
cag-ebd 2
cbb-ebd 1
badb-ebd 1
dgi-ebd 1
ejb-ebd 1
had-ebd 1
bcce-ebd 1
414
5
df-ebe 3
bfhc-ebe 1
hfg-ebe 1
ebb-ebe 1
ceb-ebe 1
415
3
fhf-ebf 1
ijf-ebf 1
bfd-ebf 2
416
3
ghg-ebg 1
fga-ebg 1
dcf-ebg 1
417
4
icg-ebh 1
hdg-ebh 1
bahf-ebh 1
daf-ebh 1
418
3
hfe-ebi 1
ebd-ebi 1
ebc-ebi 1
419
4
djj-ebj 1
jgc-ebj 1
ehi-ebj 1
ghd-ebj 3
420
5
eh-eca 1
dbf-eca 2
jga-eca 1
dhi-eca 1
jff-eca 1
421
2
daj-ecb 1
bchc-ecb 1
422
9
idf-ecc 1
bdie-ecc 1
ejd-ecc 1
cd-ecc 1
bdch-ecc 1
edi-ecc 2
jc-ecc 1
fbe-ecc 1
babd-ecc 2
423
3
jfj-ecd 1
fba-ecd 1
dha-ecd 1
424
4
eeh-ece 1
ecd-ece 1
ici-ece 1
eaa-ece 1
425
5
cib-ecf 2
dgb-ecf 1
dc-ecf 1
eed-ecf 1
beh-ecf 2
426
3
dfa-ecg 1
bcca-ecg 1
fbc-ecg 1
427
4
hcd-ech 2
jjc-ech 1
dbh-ech 1
bajd-ech 2
428
4
hcg-eci 1
jac-eci 1
dh-eci 1
cei-eci 1
429
3
fbc-ecj 1
ihi-ecj 1
gbj-ecj 1
430
6
dgb-eda 3
dhf-eda 1
bbdb-eda 1
hbd-eda 1
igj-eda 1
bdcg-eda 1
431
7
gdd-edb 1
iia-edb 1
ff-edb 1
jj-edb 1
gec-edb 1
fb-edb 2
eci-edb 1
432
4
baa-edc 2
dci-edc 1
ihi-edc 1
ggi-edc 2
433
5
cbe-edd 1
dfa-edd 1
ebd-edd 1
gag-edd 2
bdh-edd 2
434
4
ejb-ede 1
ffi-ede 1
jh-ede 1
jbb-ede 1
435
5
bdag-edf 1
fah-edf 1
bdfe-edf 1
ci-edf 1
hba-edf 3
436
5
cde-edg 3
ie-edg 1
bgd-edg 1
jgh-edg 1
ggd-edg 1
437
5
beb-edh 2
cfj-edh 1
hcd-edh 1
bbgb-edh 1
dah-edh 1
438
8
ccg-edi 1
baib-edi 1
cfj-edi 1
eja-edi 3
gie-edi 1
bda-edi 1
egf-edi 1
bjd-edi 1
439
3
egj-edj 1
egf-edj 1
cfb-edj 1
440
3
gcc-eea 1
bgj-eea 1
djh-eea 2
441
4
hei-eeb 1
hgh-eeb 1
dec-eeb 1
bab-eeb 1
442
4
dge-eec 1
cbe-eec 1
bha-eec 1
hci-eec 1
443
4
fcg-eed 1
jhc-eed 1
gcd-eed 1
iaa-eed 1
444
3
chb-eee 1
idg-eee 1
fgi-eee 1
445
5
bie-eef 2
bdg-eef 1
dej-eef 1
bdcd-eef 1
jad-eef 1
446
5
cfe-eeg 1
dji-eeg 1
badg-eeg 1
bfc-eeg 3
dcc-eeg 1
447
3
bcc-eeh 1
fbd-eeh 1
gbb-eeh 1
448
4
beed-eei 3
haj-eei 1
fii-eei 1
bih-eei 1
449
3
bcag-eej 2
bcih-eej 1
bbif-eej 1
450
7
hch-efa 1
dhd-efa 1
cbb-efa 1
jia-efa 1
bccg-efa 1
ii-efa 1
egc-efa 2
451
3
bbgj-efb 1
eib-efb 1
ehc-efb 1
452
4
hd-efc 1
ehd-efc 1
bhh-efc 1
fdg-efc 1
453
3
bbc-efd 1
fei-efd 2
iac-efd 1
454
2
bcdb-efe 1
ija-efe 1
455
5
jge-eff 1
hgf-eff 1
bbed-eff 1
bjf-eff 1
fff-eff 2
456
5
bcad-efg 1
iib-efg 1
fii-efg 1
bbj-efg 1
daf-efg 2
457
5
ded-efh 1
igc-efh 1
dci-efh 3
iic-efh 1
bbeg-efh 2
458
3
eed-efi 1
icc-efi 1
eec-efi 1
459
6
bbfa-efj 1
efe-efj 1
bbca-efj 1
fhc-efj 1
fje-efj 2
gde-efj 1
460
8
bja-ega 1
bac-ega 1
cbg-ega 1
cgd-ega 1
icf-ega 1
bbac-ega 2
jca-ega 1
feh-ega 1
461
5
fdb-egb 1
bcdf-egb 1
hic-egb 1
jg-egb 3
efi-egb 1
462
2
ddc-egc 1
ccj-egc 1
463
3
bdhg-egd 1
ebd-egd 2
cfa-egd 1
464
4
ecb-ege 1
dbb-ege 1
fdb-ege 1
ifi-ege 4
465
4
eae-egf 1
cha-egf 1
fge-egf 1
ifd-egf 1
466
5
idd-egg 2
eaj-egg 1
die-egg 1
jia-egg 1
ed-egg 1
467
2
iid-egh 2
gah-egh 1
468
2
hef-egi 3
efa-egi 1
469
5
jj-egj 2
baih-egj 2
dbi-egj 1
ibi-egj 1
jdg-egj 1
470
4
bbi-eha 2
bjj-eha 3
fgd-eha 1
cgh-eha 1
471
3
bfc-ehb 2
hib-ehb 1
bj-ehb 1
472
2
cdh-ehc 1
iad-ehc 1
473
4
hcb-ehd 1
hjj-ehd 1
dfd-ehd 1
bffb-ehd 1
474
4
di-ehe 1
bebj-ehe 1
ibh-ehe 1
hje-ehe 1
475
5
fag-ehf 1
jgj-ehf 2
caa-ehf 1
hgh-ehf 1
cac-ehf 1
476
3
hda-ehg 1
edf-ehg 4
bdgh-ehg 1
477
4
had-ehh 2
ecf-ehh 1
gcc-ehh 2
dcc-ehh 1
478
3
jfd-ehi 1
fef-ehi 1
bbeg-ehi 1
479
4
bcgj-ehj 1
eci-ehj 1
hbj-ehj 1
baeh-ehj 1
480
5
cjj-eia 1
efc-eia 2
ddb-eia 1
efb-eia 1
bfa-eia 1
481
4
bcji-eib 1
dg-eib 1
bbbe-eib 1
iih-eib 1
482
4
bdfb-eic 2
fhi-eic 2
bfef-eic 1
ebb-eic 1
483
4
bfhj-eid 1
bdg-eid 1
bddi-eid 1
hc-eid 4
484
3
gbb-eie 4
gcf-eie 1
ffj-eie 1
485
4
hac-eif 1
daa-eif 1
fdf-eif 1
djj-eif 1
486
4
fdf-eig 1
ede-eig 1
bfeh-eig 1
edi-eig 1
487
5
daa-eih 1
jc-eih 1
efh-eih 1
cag-eih 1
ifi-eih 2
488
4
fij-eii 1
bfdi-eii 1
cfd-eii 1
bgb-eii 1
489
5
ief-eij 1
dcc-eij 1
bje-eij 1
dfg-eij 2
jae-eij 1
490
3
babi-eja 1
hej-eja 1
iaj-eja 1
491
2
ibd-ejb 2
bhc-ejb 1
492
6
hgb-ejc 1
daj-ejc 1
gji-ejc 1
ggd-ejc 1
eia-ejc 2
bcbe-ejc 1
493
2
ige-ejd 1
iic-ejd 1
494
6
cif-eje 2
bfj-eje 1
iei-eje 1
ebj-eje 1
gic-eje 1
ege-eje 1
495
2
bgb-ejf 2
bfja-ejf 1
496
4
ghb-ejg 1
feg-ejg 1
chd-ejg 1
eb-ejg 1
497
2
bbi-ejh 1
idi-ejh 3
498
5
d-eji 2
dih-eji 1
cdd-eji 1
cgh-eji 1
hfb-eji 1
499
2
chf-ejj 1
hif-ejj 1
500
5
ice-faa 1
deg-faa 1
dhg-faa 2
dfb-faa 1
bbba-faa 1
501
2
dda-fab 1
dbf-fab 1
502
5
cbh-fac 1
cbi-fac 2
hdh-fac 1
hbc-fac 1
bbii-fac 1
503
6
baei-fad 1
fgd-fad 1
bdjg-fad 1
dih-fad 1
iej-fad 1
cfh-fad 2
504
3
fje-fae 1
bdia-fae 2
baba-fae 1
505
3
bcja-faf 1
hid-faf 1
ice-faf 1
506
4
jif-fag 1
bahb-fag 1
hcd-fag 2
dbf-fag 2
507
2
jbj-fah 1
bjf-fah 1
508
5
badj-fai 1
fdh-fai 2
eff-fai 1
bcj-fai 1
gdj-fai 1
509
6
ghi-faj 1
fgi-faj 1
ggb-faj 2
iii-faj 1
bhe-faj 1
ga-faj 1
510
3
dii-fba 2
cdi-fba 1
bbdb-fba 1
511
4
geh-fbb 3
jih-fbb 1
fid-fbb 1
jgi-fbb 1
512
2
baag-fbc 2
eeg-fbc 2
513
5
ejj-fbd 1
bih-fbd 1
hej-fbd 2
eai-fbd 1
jhc-fbd 1
514
2
bceh-fbe 1
fgi-fbe 2
515
1
jbh-fbf 1
516
2
dff-fbg 1
edb-fbg 1
517
6
hca-fbh 1
ib-fbh 1
bc-fbh 1
bcjg-fbh 1
fdh-fbh 1
fgb-fbh 2
518
5
cfg-fbi 2
ebf-fbi 1
dcc-fbi 1
eah-fbi 1
bjb-fbi 1
519
6
ieg-fbj 2
hdc-fbj 1
beig-fbj 1
hb-fbj 1
fdc-fbj 1
fch-fbj 1
520
4
bccg-fca 1
dce-fca 1
gaj-fca 1
jib-fca 3
521
5
hbb-fcb 1
bcdf-fcb 1
bhb-fcb 1
h-fcb 2
fij-fcb 1
522
4
gbd-fcc 1
gic-fcc 1
bfca-fcc 1
fjh-fcc 1
523
3
cae-fcd 2
ghf-fcd 1
cba-fcd 1
524
3
gia-fce 1
baec-fce 1
gjh-fce 1
525
6
ebi-fcf 2
cgf-fcf 1
ehe-fcf 1
bff-fcf 1
cce-fcf 2
baib-fcf 1
526
3
bcah-fcg 1
gcc-fcg 1
bbe-fcg 2
527
8
eae-fch 1
cjb-fch 2
fcf-fch 1
ecb-fch 1
bfgh-fch 1
beaj-fch 1
hfc-fch 1
bcee-fch 1
528
8
dfh-fci 1
dei-fci 1
iei-fci 1
bbea-fci 1
iba-fci 1
dfd-fci 1
bjf-fci 2
fhg-fci 1
529
6
egd-fcj 1
ghc-fcj 1
fcg-fcj 2
heb-fcj 1
hge-fcj 1
ffb-fcj 1
530
6
bbbd-fda 1
edf-fda 1
cfd-fda 1
gca-fda 1
bhj-fda 1
bhi-fda 2
531
5
bcga-fdb 2
ffg-fdb 1
ccf-fdb 1
eha-fdb 1
def-fdb 1
532
6
bahi-fdc 1
eg-fdc 1
cif-fdc 1
dad-fdc 1
bbjb-fdc 2
dhh-fdc 1
533
8
baei-fdd 1
dfb-fdd 1
hid-fdd 1
bfha-fdd 1
bfie-fdd 1
bei-fdd 2
eaf-fdd 2
edd-fdd 1
534
3
egb-fde 1
jj-fde 1
fih-fde 1
535
6
cgg-fdf 2
gdc-fdf 1
bade-fdf 1
fbj-fdf 1
ibe-fdf 1
fdg-fdf 1
536
5
gje-fdg 1
bach-fdg 1
bhi-fdg 1
bdhg-fdg 2
gbh-fdg 1
537
7
cjd-fdh 1
bcjh-fdh 1
deb-fdh 1
hjd-fdh 1
cdc-fdh 1
gf-fdh 2
ffa-fdh 1
538
1
jii-fdi 2
539
2
hbh-fdj 1
bdfh-fdj 1
540
4
ee-fea 3
bbia-fea 1
bdcd-fea 1
bceb-fea 1
541
5
dfh-feb 1
hgh-feb 1
ih-feb 3
ibd-feb 1
ieb-feb 1
542
3
ffe-fec 1
bfcg-fec 1
bfij-fec 1
543
5
bbhb-fed 2
fjd-fed 1
fdh-fed 1
hdi-fed 1
eac-fed 1
544
5
bbaa-fee 1
fff-fee 1
ihf-fee 1
be-fee 2
ecb-fee 1
545
4
bfdg-fef 1
je-fef 2
bbfh-fef 1
dfe-fef 2
546
6
bi-feg 1
ijc-feg 1
bcgj-feg 1
bd-feg 1
ihh-feg 2
hgh-feg 1
547
5
bbdc-feh 1
djg-feh 2
chc-feh 1
hei-feh 1
bch-feh 1
548
5
eeg-fei 3
begd-fei 1
ffc-fei 1
bcgi-fei 1
fbi-fei 1
549
4
hhe-fej 1
dfe-fej 1
eji-fej 1
gcg-fej 1
550
5
df-ffa 2
gch-ffa 1
bfef-ffa 1
dce-ffa 1
idb-ffa 1
551
7
jfe-ffb 1
cfd-ffb 1
cbd-ffb 1
ica-ffb 1
gda-ffb 2
dab-ffb 1
i-ffb 1
552
3
bgc-ffc 2
hbb-ffc 1
bdj-ffc 1
553
3
dij-ffd 1
eia-ffd 1
jaf-ffd 1
554
2
hdc-ffe 1
baba-ffe 1
555
7
baj-fff 1
edi-fff 1
chc-fff 1
baae-fff 1
jbf-fff 2
hfd-fff 1
fgj-fff 1
556
1
ffi-ffg 1
557
2
fja-ffh 1
e-ffh 1
558
5
bcdd-ffi 1
fed-ffi 1
cdj-ffi 1
cif-ffi 2
gaj-ffi 1
559
4
dfd-ffj 1
gih-ffj 1
baid-ffj 1
gfi-ffj 1
560
7
gei-fga 1
eae-fga 1
ceb-fga 1
cie-fga 1
bbhg-fga 3
igi-fga 1
bhe-fga 1
561
3
eei-fgb 1
gff-fgb 1
dba-fgb 1
562
3
dgd-fgc 3
bagf-fgc 2
dbd-fgc 1
563
5
bfic-fgd 1
ffa-fgd 2
fb-fgd 1
bfff-fgd 2
dij-fgd 1
564
2
gjf-fge 1
ibf-fge 1
565
2
ha-fgf 1
def-fgf 1
566
1
ice-fgg 2
567
3
dbh-fgh 1
jjf-fgh 1
jcf-fgh 1
568
4
bcbi-fgi 1
dfg-fgi 1
hjf-fgi 1
eeh-fgi 1
569
2
bdc-fgj 3
ghj-fgj 1
570
3
bfig-fha 1
bfi-fha 1
fhc-fha 1
571
6
beeb-fhb 2
feb-fhb 1
beaa-fhb 1
bfcb-fhb 1
bajf-fhb 1
hfe-fhb 1
572
6
hch-fhc 1
ijj-fhc 1
bgea-fhc 1
bbi-fhc 1
cba-fhc 2
bfed-fhc 1
573
4
dea-fhd 1
cih-fhd 1
hic-fhd 1
dgi-fhd 1
574
5
jbe-fhe 1
ebh-fhe 1
gge-fhe 1
hci-fhe 1
dic-fhe 2
575
2
ffb-fhf 1
gad-fhf 1
576
4
bbfh-fhg 1
jbb-fhg 1
fjc-fhg 1
da-fhg 1
577
1
cba-fhh 1
578
4
bja-fhi 1
jcb-fhi 1
idd-fhi 1
bcgj-fhi 1
579
5
bgde-fhj 2
fag-fhj 1
gaj-fhj 1
ii-fhj 1
fgf-fhj 1
580
3
cdd-fia 1
gcc-fia 1
hga-fia 2
581
3
fgb-fib 1
bag-fib 1
gjb-fib 1
582
4
bgaj-fic 1
ijd-fic 2
cif-fic 2
cea-fic 2
583
5
gif-fid 1
hh-fid 1
cih-fid 1
bbaa-fid 1
fh-fid 3
584
3
bccf-fie 1
ffb-fie 1
efe-fie 1
585
4
gge-fif 1
ibj-fif 1
bfcg-fif 1
bbc-fif 1
586
4
dec-fig 3
ejg-fig 1
eib-fig 1
bfj-fig 2
587
3
bcc-fih 1
ed-fih 1
id-fih 1
588
4
haf-fii 1
gde-fii 1
bagb-fii 1
bcfh-fii 1
589
2
ebj-fij 1
fdf-fij 2
590
3
bhf-fja 1
cih-fja 1
edj-fja 1
591
9
gcg-fjb 2
caa-fjb 1
cij-fjb 1
gef-fjb 1
hae-fjb 1
cja-fjb 1
egg-fjb 1
bggb-fjb 1
hc-fjb 1
592
5
cie-fjc 1
baee-fjc 1
bcff-fjc 1
dbg-fjc 1
hdf-fjc 2
593
2
ecc-fjd 1
cif-fjd 1
594
4
bbac-fje 1
hdj-fje 1
hci-fje 1
fba-fje 1
595
3
bahg-fjf 1
jhf-fjf 1
fhc-fjf 1
596
2
bhg-fjg 1
bcfe-fjg 1
597
5
g-fjh 1
ddd-fjh 1
babb-fjh 3
ei-fjh 1
baij-fjh 1
598
9
jbi-fji 1
ehf-fji 1
bddi-fji 1
bgb-fji 1
hh-fji 1
iga-fji 1
cdf-fji 2
fij-fji 1
ejc-fji 1
599
3
bbg-fjj 1
gj-fjj 1
ddi-fjj 1
600
4
gbb-gaa 1
gjf-gaa 1
gie-gaa 1
bacj-gaa 1
601
2
ca-gab 1
gdh-gab 2
602
1
cca-gac 1
603
6
bdfe-gad 1
hij-gad 1
jjh-gad 1
cdf-gad 1
bf-gad 1
bjc-gad 2
604
7
ceb-gae 1
jci-gae 2
bfi-gae 1
eig-gae 1
hca-gae 1
ghc-gae 1
bd-gae 1
605
1
bjh-gaf 1
606
4
dgc-gag 1
jij-gag 1
dff-gag 3
bahg-gag 1
607
5
cdd-gah 1
ici-gah 1
cjc-gah 1
fac-gah 1
iaf-gah 2
608
2
gff-gai 1
daa-gai 1
609
4
di-gaj 1
bcde-gaj 1
ccf-gaj 1
iae-gaj 1
610
5
gcb-gba 1
bbge-gba 1
hgc-gba 1
fdi-gba 2
bbib-gba 1
611
6
dhf-gbb 2
efh-gbb 1
eja-gbb 1
cgb-gbb 1
becb-gbb 1
bfjj-gbb 1
612
3
baab-gbc 2
bbh-gbc 2
bbhc-gbc 3
613
4
fcb-gbd 1
cg-gbd 1
gca-gbd 1
bbcd-gbd 1
614
1
bgfd-gbe 1
615
4
fgd-gbf 1
bbeh-gbf 1
bdcf-gbf 1
ccj-gbf 1
616
4
dhh-gbg 1
bbcb-gbg 1
hhb-gbg 1
dga-gbg 1
617
3
ejj-gbh 1
dje-gbh 1
ff-gbh 1
618
7
dib-gbi 2
ifc-gbi 1
dbi-gbi 1
bbeh-gbi 1
bacg-gbi 1
cfd-gbi 1
ej-gbi 1
619
4
eaa-gbj 1
gch-gbj 1
jej-gbj 1
bbfi-gbj 1
620
5
bbfc-gca 2
jig-gca 2
hbg-gca 2
gfd-gca 1
haj-gca 1
621
5
jca-gcb 2
bafh-gcb 1
bfbd-gcb 1
bch-gcb 1
cab-gcb 2
622
8
baee-gcc 1
bafc-gcc 1
baad-gcc 2
bbii-gcc 1
gaj-gcc 1
ejb-gcc 1
iie-gcc 1
cdh-gcc 1
623
3
ja-gcd 2
egf-gcd 1
bbjd-gcd 1
624
2
fai-gce 1
dhb-gce 2
625
3
baii-gcf 1
cgj-gcf 1
daf-gcf 1
626
4
hgd-gcg 1
cce-gcg 1
chg-gcg 1
ijg-gcg 1
627
4
cih-gch 2
bdc-gch 2
fjh-gch 1
ffb-gch 1
628
4
cea-gci 1
igb-gci 2
bga-gci 3
fdc-gci 1
629
2
ebb-gcj 1
ged-gcj 1
630
2
ihh-gda 1
bdcf-gda 1
631
4
bbg-gdb 1
eah-gdb 1
bdci-gdb 1
cb-gdb 1
632
5
babf-gdc 1
igj-gdc 1
cah-gdc 1
gbe-gdc 1
ifc-gdc 2
633
4
bcag-gdd 1
efh-gdd 1
dgb-gdd 1
hfi-gdd 1
634
4
baeb-gde 1
gba-gde 1
cdd-gde 1
gah-gde 3
635
4
bhc-gdf 1
gfe-gdf 1
bchf-gdf 1
hjh-gdf 1
636
5
bajh-gdg 1
hag-gdg 1
db-gdg 1
bddj-gdg 2
gfd-gdg 1
637
4
if-gdh 1
bdfd-gdh 1
iih-gdh 1
jci-gdh 1
638
1
jcc-gdi 1
639
3
dib-gdj 1
gjg-gdj 1
cei-gdj 1
640
5
cda-gea 1
jh-gea 2
edi-gea 1
dea-gea 1
eaa-gea 1
641
5
hhd-geb 2
hfa-geb 1
fcb-geb 1
begg-geb 1
eff-geb 1
642
2
ffc-gec 1
ihd-gec 1
643
1
bdbj-ged 1
644
1
dda-gee 1
645
4
gij-gef 1
gfh-gef 1
bdgj-gef 1
dfi-gef 1
646
4
baaa-geg 1
cie-geg 1
gaj-geg 1
bfcj-geg 1
647
4
jg-geh 1
iai-geh 1
bjh-geh 1
gah-geh 1
648
3
iba-gei 1
daf-gei 1
ffa-gei 2
649
4
gda-gej 2
hgi-gej 1
bge-gej 1
cab-gej 2
650
2
hbc-gfa 1
bgeg-gfa 1
651
4
g-gfb 1
bcbi-gfb 1
gfj-gfb 1
jhj-gfb 1
652
4
bche-gfc 1
ccf-gfc 1
baha-gfc 1
bcb-gfc 1
653
3
bdbg-gfd 1
hjb-gfd 1
gch-gfd 1
654
3
baci-gfe 1
hfa-gfe 1
bif-gfe 1
655
7
jbi-gff 2
idi-gff 1
ehe-gff 1
eci-gff 1
egf-gff 1
bga-gff 1
hh-gff 1
656
3
bahh-gfg 1
jaj-gfg 2
chc-gfg 1
657
4
iga-gfh 1
ffb-gfh 1
bi-gfh 1
jaj-gfh 1
658
5
jeh-gfi 2
becd-gfi 1
dbd-gfi 1
ech-gfi 1
ghc-gfi 1
659
1
bdba-gfj 1
660
2
hhe-gga 2
bhe-gga 1
661
3
bej-ggb 1
bee-ggb 1
eae-ggb 2
662
2
id-ggc 1
bgae-ggc 1
663
4
jhh-ggd 1
cjh-ggd 1
igd-ggd 1
djj-ggd 1
664
9
bfid-gge 1
efd-gge 1
ifg-gge 1
ehc-gge 1
bdc-gge 1
gaj-gge 1
beg-gge 1
eeb-gge 2
beai-gge 1
665
5
hab-ggf 1
ibj-ggf 1
jfj-ggf 1
feh-ggf 2
bcdj-ggf 1
666
4
bih-ggg 1
die-ggg 1
caf-ggg 1
dij-ggg 1
667
1
cab-ggh 1
668
3
cgh-ggi 1
cbc-ggi 1
bfc-ggi 1
670
4
gii-gha 1
ifc-gha 1
bfgj-gha 1
gdh-gha 1
671
6
bgef-ghb 1
idb-ghb 1
ccg-ghb 1
bbff-ghb 2
bbfg-ghb 1
bgae-ghb 1
672
6
beid-ghc 1
fea-ghc 4
cib-ghc 1
bch-ghc 1
begg-ghc 1
fhi-ghc 1
673
3
did-ghd 1
bae-ghd 1
egj-ghd 1
674
3
ggg-ghe 1
cji-ghe 1
ccb-ghe 1
675
1
ggb-ghf 1
676
4
cej-ghg 1
dhh-ghg 1
fdj-ghg 1
fhb-ghg 1
677
3
cbc-ghh 1
bacj-ghh 1
fdi-ghh 1
678
3
daf-ghi 2
hai-ghi 1
cic-ghi 1
679
5
eig-ghj 1
fcd-ghj 1
hec-ghj 1
fdb-ghj 2
bcbc-ghj 1
680
4
ccg-gia 1
egg-gia 1
ied-gia 1
hbf-gia 1
681
3
bbhf-gib 1
cic-gib 1
ehj-gib 1
682
5
dhi-gic 1
bjc-gic 1
bbga-gic 1
gge-gic 2
fed-gic 1
683
1
cjj-gid 2
684
3
ihe-gie 1
iih-gie 1
ici-gie 1
685
5
bcig-gif 1
hge-gif 1
jea-gif 1
bcdi-gif 1
gdf-gif 2
686
3
bbe-gig 1
ijf-gig 2
gj-gig 1
687
4
baai-gih 3
badc-gih 1
die-gih 1
bbfb-gih 1
688
3
baab-gii 1
cgf-gii 1
ib-gii 1
689
5
ehf-gij 1
bei-gij 1
ehh-gij 1
fgh-gij 2
ibd-gij 1
690
2
ecd-gja 1
bajc-gja 1
691
1
ebc-gjb 1
692
5
hji-gjc 1
behb-gjc 1
gbe-gjc 1
ca-gjc 1
hg-gjc 2
693
1
gad-gjd 1
694
3
eca-gje 1
b-gje 2
bhc-gje 1
695
3
hdh-gjf 1
dig-gjf 1
ieg-gjf 1
696
6
egg-gjg 2
bbic-gjg 1
behg-gjg 1
dci-gjg 1
bdda-gjg 1
bfb-gjg 1
697
3
cje-gjh 1
cbg-gjh 1
dfd-gjh 1
698
2
bbgf-gji 1
ghe-gji 1
699
3
hhe-gjj 2
iii-gjj 1
fbi-gjj 1
700
4
dbe-haa 1
bcea-haa 1
dg-haa 1
bjj-haa 1
701
3
fij-hab 1
bcfg-hab 1
gc-hab 1
702
4
bcbg-hac 1
gdb-hac 1
gid-hac 1
eif-hac 1
703
1
iec-had 1
704
6
chi-hae 2
fac-hae 1
bbic-hae 1
hea-hae 1
idb-hae 1
ije-hae 1
705
5
jda-haf 1
cdd-haf 1
gic-haf 1
bbcd-haf 1
jji-haf 2
706
6
hje-hag 1
dic-hag 1
beje-hag 1
ecj-hag 1
bcgb-hag 2
dfg-hag 1
707
2
fda-hah 2
efj-hah 2
708
1
bce-hai 3
709
1
bdjj-haj 1
710
3
bega-hba 1
gee-hba 1
bdbi-hba 1
711
4
cgj-hbb 1
fac-hbb 1
cfb-hbb 1
eee-hbb 1
712
2
jdg-hbc 1
ffc-hbc 2
713
6
bei-hbd 2
bcbd-hbd 1
jjf-hbd 1
bdff-hbd 1
eij-hbd 1
iah-hbd 1
714
3
fji-hbe 1
fc-hbe 1
edh-hbe 1
715
3
dga-hbf 1
fcf-hbf 1
jf-hbf 1
716
5
egh-hbg 2
jh-hbg 1
ife-hbg 1
bdjf-hbg 1
gde-hbg 1
717
4
babe-hbh 1
ci-hbh 1
ifg-hbh 1
dbj-hbh 1
718
2
egd-hbi 1
jfh-hbi 1
719
2
jge-hbj 1
bedf-hbj 1
720
6
ead-hca 2
g-hca 1
jid-hca 2
hcf-hca 1
ibe-hca 1
cib-hca 1
721
4
bahd-hcb 1
bdfa-hcb 3
ffe-hcb 1
jba-hcb 1
722
2
cie-hcc 1
iee-hcc 1
723
3
bgi-hcd 3
bdhb-hcd 2
jee-hcd 1
724
6
eab-hce 1
bde-hce 3
beaf-hce 1
bchf-hce 1
ejf-hce 1
dha-hce 1
725
5
b-hcf 1
hhc-hcf 1
cih-hcf 1
bbae-hcf 2
gad-hcf 1
726
4
ibf-hcg 1
ja-hcg 1
jjg-hcg 1
baed-hcg 1
727
4
jcb-hch 1
ghe-hch 1
fci-hch 1
gdg-hch 1
728
5
bdff-hci 2
fbf-hci 1
geh-hci 1
ggi-hci 1
baef-hci 1
729
5
bbbg-hcj 1
jd-hcj 1
ejb-hcj 1
bbgd-hcj 1
eec-hcj 3
730
5
dec-hda 1
ffb-hda 1
idc-hda 1
ea-hda 1
eda-hda 2
731
4
bejg-hdb 1
bfhg-hdb 1
fei-hdb 1
jh-hdb 1
732
6
bdac-hdc 1
cej-hdc 2
befb-hdc 1
cbi-hdc 1
gig-hdc 1
jbf-hdc 1
733
4
ejb-hdd 1
bcf-hdd 1
cih-hdd 1
bdg-hdd 1
734
3
gdj-hde 1
bbjf-hde 1
jfh-hde 1
735
5
bcfg-hdf 1
dci-hdf 1
bbha-hdf 2
fad-hdf 1
gbh-hdf 1
736
3
fjc-hdg 1
eba-hdg 1
dac-hdg 1
737
3
baga-hdh 1
ihb-hdh 1
fec-hdh 1
738
3
iae-hdi 1
beah-hdi 1
bic-hdi 1
739
4
jbj-hdj 1
haa-hdj 1
eci-hdj 1
bci-hdj 1
740
8
bcji-hea 1
jb-hea 1
cb-hea 1
bdfd-hea 1
fdf-hea 2
befg-hea 1
djb-hea 1
jjg-hea 1
741
2
fab-heb 1
icg-heb 1
742
4
bfjg-hec 1
bdhc-hec 1
bdda-hec 1
fai-hec 1
743
3
bcbg-hed 1
bfei-hed 1
ffe-hed 1
744
3
bfhd-hee 1
ijb-hee 1
gbf-hee 1
745
4
gha-hef 1
beg-hef 2
bjd-hef 2
bfch-hef 1
746
3
fid-heg 1
ceb-heg 1
bcdd-heg 1
747
4
hii-heh 1
dcb-heh 1
ed-heh 1
ggc-heh 1
748
3
if-hei 1
ie-hei 1
fad-hei 1
749
4
bgbd-hej 1
cec-hej 1
ccd-hej 1
gcc-hej 1
750
4
dgc-hfa 1
jga-hfa 2
jhg-hfa 2
befe-hfa 1
751
5
gc-hfb 1
egc-hfb 1
beh-hfb 2
bff-hfb 1
icd-hfb 1
752
3
gjh-hfc 1
bcdc-hfc 1
gab-hfc 1
753
4
ddc-hfd 1
bcec-hfd 1
eih-hfd 1
bad-hfd 1
754
3
bahd-hfe 1
ejg-hfe 1
gac-hfe 2
755
3
hge-hff 1
bacc-hff 1
bbci-hff 1
756
3
ij-hfg 1
bbac-hfg 1
gfd-hfg 1
757
5
ihf-hfh 1
ibb-hfh 1
bbaj-hfh 1
eci-hfh 1
ede-hfh 2
758
2
eci-hfi 1
beih-hfi 2
759
3
bfhi-hfj 1
gaa-hfj 1
jfc-hfj 1
760
2
fdb-hga 1
bbg-hga 1
761
6
bccd-hgb 2
iaj-hgb 1
gcc-hgb 1
hfc-hgb 1
bdf-hgb 1
dfj-hgb 1
762
4
fea-hgc 1
fia-hgc 1
hje-hgc 1
dej-hgc 1
763
2
bedb-hgd 1
bbfa-hgd 1
764
3
beff-hge 1
jdc-hge 1
efg-hge 1
765
4
bci-hgf 1
bafe-hgf 1
fea-hgf 1
icd-hgf 1
766
3
ehf-hgg 1
ddc-hgg 1
baib-hgg 1
767
2
dej-hgh 1
deg-hgh 1
768
3
baja-hgi 1
cdb-hgi 1
baai-hgi 2
770
5
ii-hha 2
baad-hha 1
bi-hha 1
ihj-hha 1
hdd-hha 2
771
5
gfa-hhb 1
dfa-hhb 2
fj-hhb 1
bbaj-hhb 1
bbaa-hhb 1
772
3
fhc-hhc 1
eia-hhc 1
beff-hhc 1
773
4
bbd-hhd 1
gaa-hhd 1
ch-hhd 1
bdec-hhd 1
774
5
gja-hhe 2
eff-hhe 1
bdfa-hhe 1
dji-hhe 1
fcd-hhe 1
775
3
bcf-hhf 2
bafj-hhf 1
ed-hhf 1
776
4
bcd-hhg 1
ga-hhg 1
hbb-hhg 1
dgd-hhg 1
777
2
haa-hhh 1
ebd-hhh 1
778
1
bdci-hhi 2
779
6
hie-hhj 1
chi-hhj 1
bfag-hhj 1
beb-hhj 3
idc-hhj 1
jec-hhj 1
780
3
bbie-hia 1
dbf-hia 1
jdd-hia 1
781
2
bbfb-hib 2
bbi-hib 1
782
4
bgcf-hic 1
dcc-hic 1
dhd-hic 1
chh-hic 1
783
1
bgdg-hid 1
784
2
bjg-hie 1
bgbb-hie 1
785
3
ggc-hif 1
fje-hif 1
cii-hif 1
786
3
gb-hig 1
fig-hig 1
che-hig 1
787
5
eii-hih 1
iaf-hih 1
bfg-hih 1
ddh-hih 2
bdbe-hih 1
788
4
jaj-hii 1
fej-hii 1
djb-hii 1
cgi-hii 1
789
6
dif-hij 1
jff-hij 1
bji-hij 1
fj-hij 1
hag-hij 2
bbbd-hij 1
790
2
gbd-hja 1
fae-hja 1
791
3
bde-hjb 1
cfh-hjb 1
cbb-hjb 1
792
6
hcc-hjc 1
bfhe-hjc 1
bbfi-hjc 1
ifd-hjc 1
hbi-hjc 1
gaj-hjc 3
793
2
fef-hjd 1
bbd-hjd 1
794
2
fgj-hje 1
bdja-hje 1
795
3
edj-hjf 1
gid-hjf 1
beji-hjf 1
796
6
eda-hjg 1
gdj-hjg 1
cfa-hjg 1
jgg-hjg 1
jdh-hjg 3
gci-hjg 1
797
2
caj-hjh 1
bcg-hjh 1
798
3
bba-hji 1
hfj-hji 1
iac-hji 1
799
7
fe-hjj 1
bace-hjj 1
beea-hjj 2
gah-hjj 1
cjf-hjj 1
bgc-hjj 1
fgd-hjj 1
800
6
eef-iaa 1
cij-iaa 1
deb-iaa 2
dhc-iaa 1
ead-iaa 1
jcg-iaa 1
801
3
ech-iab 1
cdh-iab 1
bdbh-iab 1
802
3
hbi-iac 1
hia-iac 1
eic-iac 1
803
5
cba-iad 1
cgd-iad 2
jcd-iad 1
d-iad 1
dd-iad 1
804
5
cjg-iae 1
cdf-iae 1
fjd-iae 1
bcd-iae 1
cib-iae 2
805
4
ejf-iaf 1
gjf-iaf 1
jd-iaf 1
ecj-iaf 1
806
4
ejg-iag 1
bage-iag 1
begg-iag 1
ihd-iag 1
807
2
dad-iah 1
fei-iah 1
808
4
jh-iai 1
dje-iai 1
beja-iai 1
gf-iai 1
809
2
gbh-iaj 1
bddg-iaj 2
810
5
ejb-iba 2
bbba-iba 1
bafb-iba 1
bbbj-iba 1
bcb-iba 1
811
2
iha-ibb 1
bead-ibb 1
812
2
bbgf-ibc 1
egb-ibc 1
813
2
bdhd-ibd 1
bgcj-ibd 1
814
3
fba-ibe 1
jbe-ibe 1
bbcc-ibe 1
815
3
dje-ibf 1
dih-ibf 1
bffh-ibf 1
816
4
efj-ibg 1
bafg-ibg 1
fhg-ibg 1
ceb-ibg 1
817
3
babb-ibh 1
eja-ibh 1
bahj-ibh 1
818
4
jib-ibi 1
fdi-ibi 1
fii-ibi 1
bjc-ibi 3
819
4
hae-ibj 1
bbdb-ibj 1
dfd-ibj 1
bbcd-ibj 1
820
5
edc-ica 2
dgi-ica 1
jde-ica 1
becf-ica 1
bcfh-ica 1
821
3
fhj-icb 1
fib-icb 1
hfi-icb 1
822
1
fdh-icc 2
823
5
jaa-icd 2
hcd-icd 1
hj-icd 1
jaj-icd 1
eig-icd 1
824
3
ehd-ice 1
hgi-ice 1
jfh-ice 1
825
4
fce-icf 1
dbb-icf 1
cih-icf 1
bcha-icf 1
826
3
bcdi-icg 1
bjj-icg 1
gcg-icg 1
827
2
djd-ich 1
beei-ich 1
828
3
cj-ici 1
dfa-ici 1
jc-ici 1
829
2
hbe-icj 1
jie-icj 1
830
4
hee-ida 1
bcfd-ida 1
bhf-ida 1
ehj-ida 3
831
7
bach-idb 2
fce-idb 1
cdh-idb 1
jcb-idb 1
bfjd-idb 1
ghi-idb 1
cii-idb 1
832
3
gjg-idc 1
djj-idc 1
iij-idc 1
833
4
bbah-idd 1
fj-idd 1
fih-idd 1
bfda-idd 1
834
1
fgc-ide 1
835
5
dh-idf 1
bajg-idf 1
jhi-idf 2
efa-idf 1
dii-idf 1
836
4
bagf-idg 1
dhd-idg 1
ic-idg 1
bfi-idg 1
837
3
gdg-idh 1
bad-idh 1
hhg-idh 1
838
5
hhc-idi 1
bgfa-idi 1
bbdd-idi 2
ech-idi 1
baeh-idi 1
839
3
bcc-idj 1
fdj-idj 1
bgf-idj 1
840
4
eeb-iea 1
bebf-iea 1
bij-iea 1
chb-iea 1
841
3
bbie-ieb 1
bdaj-ieb 1
fhb-ieb 1
842
4
bbca-iec 1
iff-iec 1
hfg-iec 1
hfh-iec 3
843
4
jac-ied 1
bbid-ied 1
hhb-ied 1
bche-ied 1
844
3
baje-iee 1
bdcd-iee 1
efc-iee 1
845
4
bfc-ief 1
bbah-ief 1
ea-ief 1
hag-ief 1
846
5
fjj-ieg 1
idd-ieg 1
ebg-ieg 1
ffh-ieg 2
hcd-ieg 1
847
4
bjg-ieh 1
bge-ieh 1
bchj-ieh 1
caj-ieh 1
848
5
efg-iei 1
bcgb-iei 2
dbf-iei 2
behf-iei 1
hgi-iei 1
849
2
bdi-iej 1
bbh-iej 1
850
5
bbbi-ifa 2
bdbe-ifa 1
ccc-ifa 1
hcf-ifa 1
bdih-ifa 1
851
3
fgh-ifb 1
dfh-ifb 1
bagh-ifb 1
852
6
jid-ifc 2
gfa-ifc 1
ejj-ifc 1
cee-ifc 1
bchg-ifc 1
fdj-ifc 1
853
4
ijh-ifd 1
bbhd-ifd 1
cf-ifd 1
bah-ifd 1
854
3
hjf-ife 1
bbdj-ife 1
dad-ife 1
855
5
bjb-iff 1
jgf-iff 1
efe-iff 1
fb-iff 2
cgi-iff 1
856
3
jci-ifg 1
bgeb-ifg 1
be-ifg 1
857
3
baga-ifh 1
cid-ifh 2
baai-ifh 1
858
2
bcci-ifi 1
badf-ifi 1
859
1
chb-ifj 1
860
2
ebb-iga 1
gfj-iga 1
861
2
cif-igb 1
gb-igb 1
862
3
eaf-igc 1
gh-igc 1
bcgi-igc 1
863
3
ife-igd 1
hfd-igd 1
ggg-igd 1
864
3
dbi-ige 1
dbj-ige 1
hjc-ige 1
866
1
babd-igg 1
867
1
hag-igh 1
868
3
bbg-igi 1
gag-igi 1
bcbj-igi 1
869
4
jba-igj 1
dde-igj 1
bdie-igj 1
gih-igj 1
870
4
bcdj-iha 1
bbfe-iha 1
jfa-iha 1
hgf-iha 1
871
2
eii-ihb 1
bbcj-ihb 1
872
3
eba-ihc 1
jfd-ihc 1
ehj-ihc 1
873
4
fj-ihd 1
behh-ihd 1
bbdd-ihd 1
bgei-ihd 1
874
3
hdg-ihe 1
hdj-ihe 1
hdi-ihe 1
875
5
cfb-ihf 1
eh-ihf 1
bfcc-ihf 2
bbad-ihf 1
ijj-ihf 1
876
4
gij-ihg 1
gbf-ihg 1
bcj-ihg 1
cdj-ihg 1
877
3
eef-ihh 1
gih-ihh 1
cib-ihh 1
878
5
bdgf-ihi 1
jg-ihi 1
hdb-ihi 2
gjh-ihi 1
bebh-ihi 1
879
2
caf-ihj 1
cef-ihj 1
880
3
hfh-iia 1
fgb-iia 1
fid-iia 1
881
5
id-iib 1
bafa-iib 1
baeb-iib 1
chd-iib 1
cfb-iib 2
882
4
iie-iic 1
jje-iic 1
gfa-iic 1
fag-iic 1
883
3
cej-iid 1
iae-iid 2
ffa-iid 1
884
5
bgc-iie 2
bec-iie 1
cbb-iie 1
jee-iie 1
bejf-iie 1
885
2
hif-iif 1
bbei-iif 1
886
2
hjb-iig 2
hcg-iig 1
887
1
hbj-iih 1
888
1
bbib-iii 1
889
1
baaa-iij 1
890
2
dbj-ija 2
iaa-ija 1
891
1
ega-ijb 1
892
4
bcij-ijc 1
hg-ijc 1
bbf-ijc 1
cgi-ijc 1
893
3
hfi-ijd 1
gdh-ijd 1
beda-ijd 1
894
4
bef-ije 1
gda-ije 1
beef-ije 1
bbbj-ije 1
895
2
hei-ijf 1
bj-ijf 1
896
2
ig-ijg 1
behi-ijg 1
897
2
bii-ijh 1
hhg-ijh 1
898
1
gd-iji 1
899
2
cff-ijj 1
iaf-ijj 1
900
3
jbg-jaa 1
bbjh-jaa 1
cf-jaa 1
901
2
gbe-jab 2
baej-jab 1
902
5
hca-jac 2
ghg-jac 1
ejj-jac 1
bgg-jac 1
ibb-jac 1
903
2
djc-jad 2
bcij-jad 1
904
2
bbih-jae 1
cja-jae 2
905
2
bgd-jaf 1
bdig-jaf 1
906
3
bdij-jag 1
cbc-jag 1
cg-jag 1
907
6
bchh-jah 1
fie-jah 1
bajg-jah 1
cfe-jah 1
bcif-jah 1
baia-jah 2
908
5
bbbg-jai 2
hah-jai 1
bffi-jai 1
efa-jai 1
gbj-jai 1
909
2
iic-jaj 1
ebd-jaj 1
910
3
cgd-jba 1
bdef-jba 1
gej-jba 1
911
2
gjc-jbb 1
dhg-jbb 1
912
2
gbg-jbc 1
jca-jbc 1
913
3
bfad-jbd 1
bgh-jbd 1
dij-jbd 1
914
3
de-jbe 1
bbig-jbe 1
fbj-jbe 1
915
5
hai-jbf 1
bedi-jbf 2
cc-jbf 1
gfg-jbf 1
jbe-jbf 1
916
4
bdid-jbg 3
baie-jbg 1
ehd-jbg 1
bjd-jbg 1
917
3
bji-jbh 1
dbd-jbh 1
babf-jbh 1
918
2
bdcc-jbi 1
hai-jbi 1
919
4
hdc-jbj 1
ejd-jbj 3
jhb-jbj 1
daa-jbj 1
920
4
fdh-jca 1
jfg-jca 1
jde-jca 1
idf-jca 1
921
4
faj-jcb 1
gae-jcb 1
hhf-jcb 1
ihh-jcb 1
922
3
fej-jcc 1
gfb-jcc 1
fjg-jcc 1
923
4
hgh-jcd 1
bagh-jcd 1
ied-jcd 1
jcc-jcd 1
924
1
bafi-jce 1
925
3
igj-jcf 1
ghe-jcf 1
djc-jcf 1
926
3
cfj-jcg 1
ggg-jcg 1
babe-jcg 1
927
1
hhh-jch 1
928
6
bfbf-jci 1
fb-jci 1
fch-jci 1
hhe-jci 1
beia-jci 2
gih-jci 1
930
3
bgdf-jda 1
cjb-jda 1
bdig-jda 1
931
5
bbaj-jdb 2
jji-jdb 1
jhc-jdb 1
hge-jdb 1
cgf-jdb 1
932
3
hbh-jdc 1
jc-jdc 1
gdh-jdc 1
933
3
dic-jdd 1
ffh-jdd 1
dhc-jdd 1
934
6
bi-jde 1
ha-jde 1
bdgi-jde 1
baad-jde 1
bie-jde 1
bcjb-jde 2
936
7
fbf-jdg 1
ibi-jdg 1
bh-jdg 1
cjh-jdg 2
gea-jdg 1
bhb-jdg 1
dhj-jdg 1
937
1
ea-jdh 1
939
4
dhb-jdj 1
eic-jdj 1
ja-jdj 1
jfj-jdj 1
940
1
ije-jea 2
941
1
jad-jeb 1
942
4
badg-jec 1
bdfg-jec 1
dae-jec 1
ehc-jec 3
943
1
djc-jed 1
944
4
hjb-jee 1
ceg-jee 1
cfg-jee 1
ej-jee 1
945
5
badj-jef 1
bbfe-jef 1
bbje-jef 1
fad-jef 2
beh-jef 1
946
2
bbj-jeg 1
baib-jeg 1
947
3
bgdb-jeh 1
ddj-jeh 1
bafe-jeh 1
948
2
jja-jei 1
eff-jei 1
949
3
fgj-jej 1
ehb-jej 1
dch-jej 1
950
4
fdj-jfa 1
bhe-jfa 1
chb-jfa 1
iec-jfa 1
951
3
cge-jfb 1
bbdb-jfb 1
ebb-jfb 1
952
3
jgb-jfc 1
cgh-jfc 1
egb-jfc 1
953
2
babc-jfd 1
fbd-jfd 1
954
4
egf-jfe 1
bcif-jfe 1
c-jfe 1
bfgb-jfe 1
955
2
bfeb-jff 2
egg-jff 1
956
4
ghc-jfg 1
bccb-jfg 1
ega-jfg 1
fic-jfg 1
957
5
eij-jfh 1
fdf-jfh 1
gfb-jfh 1
ddc-jfh 1
bffj-jfh 2
958
4
bbj-jfi 1
dii-jfi 1
befa-jfi 1
eib-jfi 1
959
5
bcc-jfj 1
bdhe-jfj 1
bcaj-jfj 1
jfa-jfj 2
eac-jfj 1
960
4
fdf-jga 2
bfcd-jga 1
bfab-jga 1
bagg-jga 2
961
1
ecd-jgb 1
962
5
bba-jgc 1
ied-jgc 1
babj-jgc 1
cfa-jgc 2
ibd-jgc 1
963
1
ghb-jgd 1
964
5
gbf-jge 1
bagf-jge 1
bedj-jge 2
dda-jge 1
bcgj-jge 1
965
5
fbf-jgf 2
hhj-jgf 1
i-jgf 1
bhg-jgf 1
fjd-jgf 1
966
3
bajc-jgg 1
heh-jgg 1
cfd-jgg 1
967
2
jcb-jgh 1
dfc-jgh 1
968
2
gjf-jgi 1
iae-jgi 1
970
3
ghd-jha 2
bea-jha 1
jia-jha 1
971
1
ejg-jhb 1
972
4
gga-jhc 1
eej-jhc 1
hei-jhc 1
ced-jhc 1
973
2
geb-jhd 1
gba-jhd 1
974
3
bbai-jhe 1
jae-jhe 1
jih-jhe 1
975
3
fch-jhf 2
behe-jhf 1
bajj-jhf 1
976
2
hde-jhg 1
fbi-jhg 1
977
3
bfia-jhh 1
gej-jhh 1
gab-jhh 1
978
2
bcj-jhi 1
bagi-jhi 2
979
1
eei-jhj 1
980
6
ddg-jia 2
baac-jia 1
bded-jia 1
bje-jia 1
ecc-jia 1
baca-jia 2
981
4
iac-jib 1
gda-jib 1
bjf-jib 1
bab-jib 1
982
2
hff-jic 1
igj-jic 1
983
4
cag-jid 1
jff-jid 1
bgfj-jid 1
bdgd-jid 1
984
3
hdb-jie 1
cij-jie 1
baih-jie 1
985
3
bb-jif 2
dge-jif 1
hah-jif 1
986
3
gha-jig 1
bbe-jig 1
bafi-jig 1
987
3
jhi-jih 1
gfi-jih 1
bfa-jih 1
988
4
ddf-jii 1
ihe-jii 1
bjh-jii 1
cei-jii 1
989
2
bah-jij 1
ge-jij 1
990
1
idh-jja 1
991
5
bdi-jjb 1
cjc-jjb 1
jif-jjb 1
ihg-jjb 3
hja-jjb 1
992
3
jbg-jjc 1
bcgb-jjc 1
jhg-jjc 1
993
1
daj-jjd 1
994
5
bbcg-jje 1
hdd-jje 1
badd-jje 1
ej-jje 1
baig-jje 2
995
2
hja-jjf 1
ccf-jjf 1
996
2
gfc-jjg 1
efa-jjg 1
997
1
geh-jjh 1
998
1
hef-jji 2
999
3
baea-jjj 1
bcci-jjj 1
edg-jjj 1
1000
1
fgi-baaa 1
1001
5
efi-baab 1
ifd-baab 1
bc-baab 1
jeg-baab 1
bbdf-baab 2
1002
2
hig-baac 1
jbh-baac 1
1003
4
ehj-baad 1
ceb-baad 1
bbbh-baad 1
jcd-baad 1
1004
2
eje-baae 1
dib-baae 1
1005
2
baae-baaf 1
bdej-baaf 1
1006
5
jci-baag 1
cdc-baag 1
fc-baag 1
ffj-baag 1
beja-baag 2
1007
1
baef-baah 2
1008
4
igj-baai 1
baha-baai 1
bacb-baai 1
dgd-baai 1
1009
1
ceb-baaj 1
1010
5
haj-baba 1
ehi-baba 1
dfi-baba 1
bbfb-baba 1
jdf-baba 2
1011
3
edh-babb 1
djh-babb 1
ggi-babb 1
1012
5
if-babc 2
ege-babc 1
beag-babc 1
baif-babc 1
jga-babc 1
1013
2
dfe-babd 1
gec-babd 2
1014
4
dbj-babe 1
ebj-babe 1
cjc-babe 1
ije-babe 1
1015
2
begj-babf 1
ceg-babf 1
1016
2
beba-babg 2
bdhd-babg 1
1017
2
baia-babh 1
cbg-babh 1
1018
3
cdb-babi 1
gd-babi 1
baij-babi 1
1019
3
fdc-babj 1
bbcg-babj 1
bfib-babj 1
1020
1
igh-baca 1
1021
6
jce-bacb 1
jhb-bacb 2
jg-bacb 1
bcje-bacb 1
heb-bacb 1
bgbj-bacb 1
1022
3
hbc-bacc 1
feg-bacc 1
gdb-bacc 1
1023
1
jgf-bacd 1
1024
2
bbcd-bace 1
dhb-bace 1
1025
1
ifd-bacf 1
1026
2
cja-bacg 1
bgdb-bacg 1
1027
3
bih-bach 1
baag-bach 1
fdd-bach 1
1028
2
ejc-baci 1
egi-baci 1
1029
3
iha-bacj 2
ibj-bacj 1
bada-bacj 1
1030
4
bbcf-bada 1
hej-bada 1
gdb-bada 1
ecj-bada 1
1031
3
bddf-badb 1
dcd-badb 1
bdf-badb 1
1032
3
cad-badc 1
ifg-badc 1
hfg-badc 1
1033
3
gh-badd 1
bcac-badd 1
jc-badd 1
1034
1
ega-bade 1
1035
1
fgh-badf 1
1036
2
bbbf-badg 1
jhi-badg 1
1037
2
bbgj-badh 1
fhe-badh 1
1038
2
ghg-badi 1
bbdi-badi 1
1039
4
ijj-badj 1
bbhf-badj 1
ff-badj 1
bjf-badj 1
1040
4
jgg-baea 1
hdd-baea 1
he-baea 1
cid-baea 1
1041
4
bdcj-baeb 1
fd-baeb 1
iag-baeb 1
bbaf-baeb 1
1042
5
jha-baec 1
ccb-baec 2
hbg-baec 1
bcac-baec 1
jaa-baec 1
1043
1
djc-baed 1
1044
1
baeg-baee 1
1045
4
efd-baef 1
fi-baef 1
gj-baef 1
bdbf-baef 1
1046
4
baic-baeg 1
bcef-baeg 1
hhd-baeg 1
jdc-baeg 1
1047
2
ihg-baeh 1
dfd-baeh 1
1048
4
bagg-baei 1
chj-baei 1
bcig-baei 1
bhc-baei 1
1049
3
bbhh-baej 1
hih-baej 2
bdfj-baej 1
1050
5
hgc-bafa 2
babe-bafa 1
dgj-bafa 1
jdj-bafa 1
cff-bafa 1
1051
4
bbbd-bafb 1
baah-bafb 1
gdg-bafb 1
bcji-bafb 1
1052
4
gfg-bafc 1
hii-bafc 1
bbef-bafc 1
jce-bafc 1
1053
2
fei-bafd 1
cfa-bafd 1
1054
3
dhc-bafe 1
fdd-bafe 1
bgf-bafe 1
1055
2
bfif-baff 1
hcj-baff 1
1056
1
fdd-bafg 1
1057
1
jbd-bafh 1
1058
3
bag-bafi 2
bhj-bafi 1
chi-bafi 1
1059
3
gfi-bafj 1
hef-bafj 1
bcag-bafj 1
1060
2
ded-baga 1
bbag-baga 1
1061
2
bcgd-bagb 1
fhb-bagb 1
1062
1
gie-bagc 1
1063
3
ibg-bagd 1
beg-bagd 1
hgd-bagd 1
1064
4
jfb-bage 1
babh-bage 1
bbcj-bage 1
jhf-bage 1
1065
2
bede-bagf 1
bgd-bagf 1
1066
5
hgb-bagg 1
bbgh-bagg 2
baie-bagg 1
fcb-bagg 1
jid-bagg 1
1067
6
cde-bagh 1
eab-bagh 1
gje-bagh 1
jbd-bagh 2
ijg-bagh 1
cgf-bagh 1
1068
3
ehh-bagi 1
bcac-bagi 1
ggh-bagi 1
1069
3
jhd-bagj 1
bgj-bagj 1
bad-bagj 1
1070
2
bcgf-baha 1
bgcc-baha 1
1071
2
cgc-bahb 1
bgah-bahb 1
1072
1
hbg-bahc 1
1073
5
dbb-bahd 1
dii-bahd 2
behd-bahd 1
efa-bahd 2
beij-bahd 1
1074
1
bcdi-bahe 1
1075
2
bagd-bahf 1
ffi-bahf 1
1076
2
gjc-bahg 1
bgc-bahg 1
1077
4
bedg-bahh 1
bahg-bahh 1
hea-bahh 1
jab-bahh 1
1078
4
ghc-bahi 1
ia-bahi 1
hab-bahi 1
ceh-bahi 1
1079
2
fbe-bahj 1
ghi-bahj 1
1080
3
bgg-baia 1
jif-baia 1
gaf-baia 1
1081
2
iac-baib 1
hih-baib 1
1082
3
iaa-baic 1
bcgg-baic 1
babi-baic 1
1083
2
ib-baid 1
bejd-baid 1
1084
5
chg-baie 2
bai-baie 1
iaf-baie 1
efc-baie 1
bade-baie 1
1085
1
jcb-baif 1
1086
4
ihc-baig 1
hif-baig 1
edd-baig 1
jgh-baig 1
1087
6
bcgf-baih 1
bcej-baih 1
bbgd-baih 1
gcf-baih 1
eea-baih 1
becj-baih 2
1088
2
bbab-baii 1
ffj-baii 1
1089
3
bha-baij 1
bfh-baij 1
ife-baij 1
1090
4
cdh-baja 1
cgg-baja 1
bif-baja 1
bcfj-baja 1
1091
3
ji-bajb 1
bdfg-bajb 1
bafj-bajb 1
1092
3
bbae-bajc 1
hih-bajc 1
dhb-bajc 1
1093
4
bfjc-bajd 1
hha-bajd 1
hhg-bajd 1
edc-bajd 1
1094
4
gfi-baje 1
hhe-baje 1
iej-baje 1
bdab-baje 1
1095
5
bcje-bajf 1
eca-bajf 1
bbgi-bajf 2
jcd-bajf 1
jeb-bajf 1
1096
2
fi-bajg 1
cgf-bajg 1
1097
2
bia-bajh 1
hba-bajh 1
1098
2
bhf-baji 1
baje-baji 1
1099
3
ejh-bajj 1
bajf-bajj 1
eci-bajj 1
1100
3
bcfa-bbaa 1
beeg-bbaa 1
ghb-bbaa 1
1101
2
cde-bbab 1
bbfc-bbab 1
1102
4
iif-bbac 1
dce-bbac 1
fed-bbac 1
bejd-bbac 1
1103
2
jbh-bbad 1
bbag-bbad 1
1104
6
gc-bbae 1
bgba-bbae 1
hg-bbae 1
eah-bbae 1
bcfc-bbae 2
gid-bbae 1
1105
2
hhg-bbaf 1
eff-bbaf 1
1106
1
gff-bbag 1
1107
4
beci-bbah 1
fhe-bbah 1
cja-bbah 1
bfjh-bbah 1
1108
3
bdch-bbai 1
bafj-bbai 1
bhj-bbai 1
1109
1
ich-bbaj 1
1110
5
hdb-bbba 1
cgd-bbba 1
jid-bbba 1
babb-bbba 1
hde-bbba 2
1111
1
hed-bbbb 1
1113
4
icb-bbbd 1
bbh-bbbd 1
baec-bbbd 1
bgab-bbbd 1
1114
3
bccj-bbbe 1
dhj-bbbe 1
bcc-bbbe 1
1115
2
cef-bbbf 2
gej-bbbf 1
1116
3
icb-bbbg 1
baci-bbbg 1
ief-bbbg 1
1117
2
bagc-bbbh 1
ehg-bbbh 1
1118
2
gee-bbbi 1
bac-bbbi 1
1119
3
bgdj-bbbj 1
big-bbbj 1
bahe-bbbj 1
1120
2
jcc-bbca 1
bdd-bbca 1
1121
6
fbc-bbcb 1
djj-bbcb 1
iee-bbcb 1
hih-bbcb 1
jfd-bbcb 2
ccc-bbcb 1
1122
2
hbd-bbcc 1
bgf-bbcc 1
1123
3
jjd-bbcd 1
baii-bbcd 1
gje-bbcd 1
1124
2
iff-bbce 1
gde-bbce 1
1125
2
fhc-bbcf 1
bbae-bbcf 1
1126
3
bdid-bbcg 1
fcg-bbcg 1
ccj-bbcg 1
1127
1
icb-bbch 1
1128
2
babh-bbci 1
bie-bbci 1
1129
2
hee-bbcj 1
bbbb-bbcj 1
1130
3
jde-bbda 1
ehh-bbda 1
bbji-bbda 1
1131
5
hjj-bbdb 1
ifa-bbdb 1
idc-bbdb 1
bbf-bbdb 2
bfdj-bbdb 1
1132
1
jh-bbdc 1
1133
5
beb-bbdd 2
eii-bbdd 1
gid-bbdd 1
bci-bbdd 1
fgh-bbdd 1
1134
1
jif-bbde 1
1135
3
gbi-bbdf 1
baed-bbdf 1
gbc-bbdf 1
1136
3
bhc-bbdg 1
bid-bbdg 1
bgdc-bbdg 1
1137
3
ghb-bbdh 1
eef-bbdh 1
bcjd-bbdh 1
1138
3
bcba-bbdi 1
baee-bbdi 1
hbh-bbdi 1
1139
1
ghi-bbdj 1
1140
2
df-bbea 2
cga-bbea 1
1141
5
bbde-bbeb 1
bffc-bbeb 1
ji-bbeb 1
ihd-bbeb 1
bbae-bbeb 2
1142
2
bcie-bbec 1
cai-bbec 1
1143
1
jc-bbed 1
1144
2
bdee-bbee 1
gcj-bbee 1
1145
4
badd-bbef 1
fjf-bbef 1
ce-bbef 1
fjb-bbef 1
1146
3
bcjg-bbeg 1
bgbc-bbeg 1
eca-bbeg 1
1147
2
eg-bbeh 1
ghj-bbeh 1
1148
2
gej-bbei 1
eif-bbei 1
1149
3
bcbb-bbej 1
fja-bbej 1
fci-bbej 1
1150
1
bacc-bbfa 2
1151
5
ghj-bbfb 2
bbgg-bbfb 1
fgd-bbfb 1
baji-bbfb 1
bdah-bbfb 1
1152
2
ibh-bbfc 1
bfej-bbfc 1
1153
4
bdcj-bbfd 1
eaa-bbfd 1
ebc-bbfd 1
bdje-bbfd 1
1154
2
chg-bbfe 1
bbgi-bbfe 1
1155
6
bdjd-bbff 2
fcc-bbff 1
dbh-bbff 1
hg-bbff 1
ihi-bbff 1
jig-bbff 1
1156
4
bcjh-bbfg 1
fea-bbfg 1
eee-bbfg 1
bfee-bbfg 1
1157
3
bbjg-bbfh 1
gec-bbfh 1
efd-bbfh 1
1158
3
bfhb-bbfi 1
bace-bbfi 1
bbej-bbfi 1
1159
4
babh-bbfj 1
ifc-bbfj 1
cbc-bbfj 1
cje-bbfj 1
1160
2
jbc-bbga 1
eji-bbga 1
1161
4
hgd-bbgb 1
hi-bbgb 1
iic-bbgb 1
jff-bbgb 1
1162
1
bafa-bbgc 1
1163
1
bgag-bbgd 1
1164
4
ihg-bbge 1
eb-bbge 1
ddd-bbge 1
bbff-bbge 1
1165
1
fcj-bbgf 1
1166
4
ca-bbgg 1
gfh-bbgg 1
bcde-bbgg 1
bdai-bbgg 1
1167
1
bbei-bbgh 1
1168
4
jgi-bbgi 1
bdgi-bbgi 1
jab-bbgi 1
bfi-bbgi 1
1169
4
bbcj-bbgj 1
hjc-bbgj 1
bejh-bbgj 1
eah-bbgj 1
1170
2
fbe-bbha 1
begi-bbha 1
1171
2
iec-bbhb 1
djd-bbhb 1
1172
2
cbh-bbhc 2
bca-bbhc 1
1173
4
bced-bbhd 1
j-bbhd 1
bdb-bbhd 1
ece-bbhd 1
1174
4
gfe-bbhe 1
id-bbhe 1
bbgb-bbhe 1
fh-bbhe 1
1175
3
bfec-bbhf 1
dia-bbhf 1
baif-bbhf 1
1177
2
bcjf-bbhh 1
beee-bbhh 1
1178
2
bfge-bbhi 1
hgi-bbhi 1
1179
1
c-bbhj 1
1180
3
ij-bbia 1
ei-bbia 1
edb-bbia 1
1181
1
bdi-bbib 1
1182
2
befc-bbic 1
iab-bbic 1
1183
1
bbdd-bbid 1
1184
3
dee-bbie 1
bbhj-bbie 1
def-bbie 1
1185
2
dcj-bbif 1
bij-bbif 1
1186
1
cig-bbig 1
1187
2
bfd-bbih 1
gc-bbih 1
1188
2
jhc-bbii 1
bfgf-bbii 1
1189
2
beci-bbij 2
bbdf-bbij 1
1190
2
fec-bbja 1
bacb-bbja 1
1191
2
gje-bbjb 1
ffj-bbjb 1
1192
3
ii-bbjc 1
bbha-bbjc 1
bhc-bbjc 1
1193
1
jig-bbjd 1
1194
1
cbd-bbje 1
1195
4
fcj-bbjf 1
dji-bbjf 1
jbg-bbjf 1
haj-bbjf 1
1196
3
bagj-bbjg 1
bbfe-bbjg 1
hjb-bbjg 1
1197
2
jih-bbjh 1
bcjb-bbjh 1
1198
3
bch-bbji 1
ijh-bbji 1
hhi-bbji 1
1199
1
cig-bbjj 1
1200
2
bbie-bcaa 1
bgb-bcaa 1
1201
4
dfi-bcab 1
gce-bcab 1
bchi-bcab 1
jjj-bcab 1
1202
3
had-bcac 1
fa-bcac 1
hac-bcac 1
1203
3
bgcb-bcad 1
hcd-bcad 1
bdf-bcad 1
1204
2
ibg-bcae 1
bdaj-bcae 1
1205
2
bcda-bcaf 1
bbha-bcaf 2
1206
2
babb-bcag 1
bgch-bcag 1
1207
1
eed-bcah 1
1208
1
bbcj-bcai 1
1209
1
bbji-bcaj 1
1210
2
gfc-bcba 1
ejb-bcba 1
1211
3
die-bcbb 1
bdbj-bcbb 1
hag-bcbb 1
1212
5
bafj-bcbc 1
ef-bcbc 2
bbai-bcbc 1
dbe-bcbc 1
bcij-bcbc 1
1213
1
baca-bcbd 1
1214
2
gda-bcbe 1
bdd-bcbe 1
1215
2
bged-bcbf 1
igc-bcbf 1
1216
3
iea-bcbg 1
dbh-bcbg 1
behc-bcbg 1
1217
1
bhg-bcbh 1
1218
3
jcf-bcbi 1
jdd-bcbi 1
bfcf-bcbi 1
1219
2
hjj-bcbj 2
hgc-bcbj 1
1220
4
fb-bcca 1
bdhj-bcca 1
jfe-bcca 1
behj-bcca 1
1221
2
egb-bccb 1
cid-bccb 2
1222
1
edj-bccc 1
1223
3
behg-bccd 1
bfed-bccd 1
ced-bccd 1
1224
2
eci-bcce 1
iib-bcce 1
1225
2
bajb-bccf 1
bfhd-bccf 1
1226
2
badf-bccg 1
begg-bccg 1
1227
1
hjg-bcch 1
1228
2
hjd-bcci 1
bcae-bcci 1
1229
6
bdeb-bccj 2
gbe-bccj 1
hci-bccj 1
dci-bccj 1
bg-bccj 1
cfg-bccj 1
1230
3
ijd-bcda 1
dh-bcda 1
beii-bcda 1
1231
3
bbeb-bcdb 1
bddd-bcdb 1
baci-bcdb 1
1232
4
bfga-bcdc 1
ghb-bcdc 1
bccd-bcdc 1
bcj-bcdc 1
1233
3
bbfh-bcdd 1
bagh-bcdd 1
bdid-bcdd 1
1234
5
baji-bcde 1
gic-bcde 2
beje-bcde 1
bcha-bcde 1
cba-bcde 1
1235
1
bbef-bcdf 1
1236
3
hjc-bcdg 1
jje-bcdg 1
chc-bcdg 1
1237
2
faf-bcdh 1
bchf-bcdh 1
1238
2
cfg-bcdi 2
hee-bcdi 1
1239
1
fdb-bcdj 1
1240
1
becb-bcea 1
1241
2
idj-bceb 1
bfcf-bceb 1
1242
1
dgj-bcec 1
1243
1
bcjd-bced 1
1244
6
ffd-bcee 2
bdja-bcee 1
ejh-bcee 1
gdf-bcee 1
bdca-bcee 1
iai-bcee 1
1245
2
fbb-bcef 1
fbj-bcef 1
1246
1
cca-bceg 1
1247
3
bdae-bceh 2
fab-bceh 1
bbdf-bceh 1
1248
1
bci-bcei 1
1249
3
jfh-bcej 1
gif-bcej 1
ef-bcej 1
1250
2
djh-bcfa 1
jfh-bcfa 1
1252
2
cig-bcfc 1
jbj-bcfc 1
1253
3
jeh-bcfd 1
beie-bcfd 1
idg-bcfd 1
1254
1
jh-bcfe 1
1255
4
iie-bcff 1
begg-bcff 1
ddd-bcff 1
hfh-bcff 1
1256
2
bcje-bcfg 1
fjj-bcfg 1
1257
1
egd-bcfh 1
1258
1
ihe-bcfi 1
1259
4
bchb-bcfj 1
ibc-bcfj 1
jii-bcfj 1
cig-bcfj 1
1260
1
ghc-bcga 1
1261
2
jae-bcgb 1
eai-bcgb 1
1262
2
beih-bcgc 1
bahc-bcgc 1
1263
1
gba-bcgd 1
1264
3
bgh-bcge 1
baih-bcge 1
bddi-bcge 1
1265
1
bbga-bcgf 1
1266
2
beej-bcgg 1
bfhf-bcgg 1
1267
2
cbj-bcgh 1
bdjg-bcgh 1
1268
4
bge-bcgi 1
fca-bcgi 1
hce-bcgi 1
bfh-bcgi 1
1269
3
beae-bcgj 1
bdbg-bcgj 1
bfci-bcgj 1
1270
1
deh-bcha 2
1271
2
hhd-bchb 1
bdfj-bchb 1
1272
2
bdb-bchc 1
cej-bchc 1
1273
2
bdaf-bchd 1
jbd-bchd 1
1274
2
becg-bche 1
gcd-bche 1
1275
2
bfag-bchf 1
hdj-bchf 1
1276
4
bebi-bchg 1
hga-bchg 1
idc-bchg 1
hhj-bchg 1
1277
5
cjb-bchh 2
bcjj-bchh 1
hhi-bchh 1
bcjb-bchh 1
bbij-bchh 1
1278
2
bcdj-bchi 1
ifh-bchi 1
1279
1
jcd-bchj 1
1280
5
hhg-bcia 2
hid-bcia 1
baid-bcia 1
bgec-bcia 1
ibc-bcia 1
1281
3
dde-bcib 2
bje-bcib 1
bfgd-bcib 1
1283
1
bede-bcid 1
1284
3
bbgh-bcie 1
eic-bcie 1
bebd-bcie 1
1285
2
bdjb-bcif 1
jhh-bcif 1
1286
1
fae-bcig 1
1287
1
cae-bcih 1
1288
3
bafh-bcii 1
cga-bcii 1
jeh-bcii 1
1289
1
ebd-bcij 1
1290
3
bbfi-bcja 1
ica-bcja 1
hhd-bcja 1
1291
2
bcaa-bcjb 1
dba-bcjb 1
1292
2
bbaf-bcjc 1
bbdg-bcjc 1
1293
1
hdf-bcjd 1
1294
1
bbfh-bcje 1
1295
3
bdjc-bcjf 1
bedc-bcjf 1
dde-bcjf 2
1296
2
eii-bcjg 1
jce-bcjg 1
1297
1
dch-bcjh 1
1298
2
dg-bcji 1
ida-bcji 1
1299
2
bfgi-bcjj 1
fig-bcjj 1
1300
3
gcj-bdaa 1
eba-bdaa 1
edh-bdaa 1
1301
2
iji-bdab 1
bdib-bdab 1
1302
2
gba-bdac 1
cgb-bdac 1
1303
2
ch-bdad 2
dja-bdad 1
1304
2
bahi-bdae 1
bbif-bdae 1
1305
1
ga-bdaf 1
1307
2
beeg-bdah 1
ibd-bdah 1
1308
2
bajh-bdai 1
baij-bdai 1
1309
2
je-bdaj 1
hed-bdaj 1
1310
1
bbch-bdba 1
1311
1
jeh-bdbb 1
1312
1
bcgf-bdbc 1
1314
1
hh-bdbe 1
1315
1
hf-bdbf 1
1316
3
hdj-bdbg 1
bfii-bdbg 1
ddc-bdbg 1
1317
1
jhg-bdbh 1
1318
2
dbc-bdbi 1
bfbc-bdbi 1
1319
4
bbci-bdbj 1
gid-bdbj 1
dhe-bdbj 1
jfa-bdbj 1
1320
1
fej-bdca 1
1321
2
cii-bdcb 1
ibj-bdcb 1
1322
2
iig-bdcc 1
bdhf-bdcc 1
1323
2
bbcb-bdcd 1
bdgd-bdcd 1
1324
1
jfc-bdce 1
1325
1
faa-bdcf 1
1326
1
bce-bdcg 1
1327
2
hgc-bdch 1
cac-bdch 1
1328
2
ci-bdci 1
efh-bdci 1
1329
2
jjc-bdcj 1
feb-bdcj 1
1330
2
efh-bdda 1
bebj-bdda 1
1331
1
bbbg-bddb 1
1333
2
bcbf-bddd 1
daa-bddd 1
1334
2
jif-bdde 1
bid-bdde 1
1335
3
bbbg-bddf 1
gig-bddf 1
bbcc-bddf 1
1336
1
badj-bddg 1
1337
1
bffa-bddh 1
1338
1
fjg-bddi 1
1339
3
bj-bddj 1
bbbe-bddj 1
bcaf-bddj 1
1340
1
dc-bdea 1
1341
2
bdif-bdeb 1
jaf-bdeb 1
1342
4
cca-bdec 1
ida-bdec 1
bfaf-bdec 1
bfeg-bdec 1
1343
2
bbbi-bded 1
befd-bded 1
1344
3
bcie-bdee 1
cgc-bdee 1
gii-bdee 1
1345
2
hbe-bdef 1
bbeg-bdef 1
1346
3
iai-bdeg 1
bgfb-bdeg 1
hdh-bdeg 1
1347
1
cfc-bdeh 2
1348
1
bccd-bdei 1
1349
2
bfaa-bdej 1
jag-bdej 1
1350
3
bje-bdfa 1
jjf-bdfa 1
hdb-bdfa 1
1351
2
ijg-bdfb 1
icf-bdfb 1
1352
1
hdc-bdfc 1
1353
2
bec-bdfd 1
efb-bdfd 1
1354
2
bfeg-bdfe 1
gdf-bdfe 1
1355
1
jga-bdff 1
1356
2
bdic-bdfg 1
bib-bdfg 1
1357
2
bacc-bdfh 1
bege-bdfh 1
1358
2
becc-bdfi 1
jcf-bdfi 1
1359
3
bbjf-bdfj 1
hae-bdfj 1
cdf-bdfj 1
1360
4
ehh-bdga 1
ihf-bdga 1
bafa-bdga 1
begc-bdga 1
1361
3
bead-bdgb 1
hig-bdgb 1
fca-bdgb 1
1362
2
bcbd-bdgc 1
eba-bdgc 1
1363
2
gbc-bdgd 1
gga-bdgd 1
1364
1
baej-bdge 1
1365
3
fcc-bdgf 1
bfbe-bdgf 1
gdb-bdgf 1
1366
1
fbh-bdgg 1
1367
2
ghj-bdgh 1
eea-bdgh 1
1368
2
bdjb-bdgi 1
bdj-bdgi 1
1369
2
hhh-bdgj 1
bgdi-bdgj 1
1370
3
daj-bdha 1
gfj-bdha 1
behi-bdha 1
1371
2
hbh-bdhb 1
haf-bdhb 1
1372
2
bahg-bdhc 1
jei-bdhc 1
1373
2
bae-bdhd 1
bcbg-bdhd 1
1374
4
baia-bdhe 1
bagb-bdhe 1
ecc-bdhe 1
jjj-bdhe 1
1375
2
bfae-bdhf 1
bcdh-bdhf 1
1376
1
efd-bdhg 1
1377
1
bdfd-bdhh 1
1378
3
hb-bdhi 1
ihe-bdhi 1
ccf-bdhi 1
1379
1
iah-bdhj 1
1380
2
jgg-bdia 1
bgff-bdia 1
1381
1
bcfi-bdib 1
1382
1
hhg-bdic 1
1383
1
beh-bdid 1
1384
1
igc-bdie 1
1385
2
f-bdif 1
fgc-bdif 1
1386
2
bajc-bdig 1
bdge-bdig 1
1387
1
ijf-bdih 1
1388
2
cch-bdii 1
fbg-bdii 1
1389
1
fbg-bdij 1
1390
2
bdeb-bdja 1
bbhb-bdja 1
1391
1
bchd-bdjb 1
1392
2
bfbb-bdjc 1
ifh-bdjc 1
1393
1
eca-bdjd 1
1394
3
bbjb-bdje 1
bacj-bdje 1
cge-bdje 1
1395
1
jig-bdjf 1
1396
1
bdef-bdjg 1
1397
2
baj-bdjh 1
bfdf-bdjh 1
1398
2
egb-bdji 1
bej-bdji 1
1399
2
bccf-bdjj 1
cb-bdjj 1
1400
2
eeb-beaa 1
bcfj-beaa 1
1401
2
baai-beab 1
bdde-beab 1
1403
2
bib-bead 1
bafg-bead 1
1404
1
bdch-beae 1
1405
1
geb-beaf 1
1406
1
cci-beag 1
1407
2
bche-beah 2
bgfc-beah 1
1408
1
ida-beai 1
1409
2
bcea-beaj 1
dea-beaj 1
1410
3
bbcb-beba 1
bfg-beba 1
bbf-beba 1
1411
1
bgf-bebb 1
1412
1
bbah-bebc 1
1413
2
bejj-bebd 1
babc-bebd 1
1414
1
bccd-bebe 1
1415
2
bbfj-bebf 1
ghb-bebf 1
1416
1
idj-bebg 1
1417
2
bbgc-bebh 1
dag-bebh 1
1418
1
fad-bebi 1
1419
1
bbec-bebj 1
1420
2
jjf-beca 1
ddg-beca 1
1421
2
bfbj-becb 1
bcg-becb 2
1422
2
bcc-becc 1
haf-becc 1
1423
2
fba-becd 1
bbii-becd 1
1424
1
fii-bece 1
1425
2
hce-becf 1
fed-becf 1
1426
1
bagi-becg 1
1427
1
dfj-bech 1
1428
1
bbgj-beci 1
1429
2
hec-becj 1
bdbi-becj 1
1430
3
bfhh-beda 1
cbd-beda 1
bc-beda 1
1431
1
bebd-bedb 1
1432
2
bfaj-bedc 1
baic-bedc 1
1433
1
ceg-bedd 1
1434
2
hf-bede 1
bbda-bede 1
1435
2
djf-bedf 1
ebh-bedf 1
1436
1
jbg-bedg 2
1437
2
baha-bedh 1
bgai-bedh 1
1438
2
bfba-bedi 1
iib-bedi 1
1439
1
igd-bedj 1
1441
2
hcf-beeb 1
bbee-beeb 1
1442
1
jba-beec 1
1443
3
bfih-beed 1
dgj-beed 1
becd-beed 1
1444
2
eff-beee 1
hhc-beee 1
1445
2
icf-beef 1
hhf-beef 1
1446
3
befc-beeg 1
bdeb-beeg 1
he-beeg 1
1447
1
bdgc-beeh 1
1448
1
bdcg-beei 1
1449
1
cge-beej 1
1450
2
ebe-befa 1
cbc-befa 1
1451
1
babd-befb 1
1452
1
bchf-befc 1
1453
3
dci-befd 1
chj-befd 1
iia-befd 1
1454
1
fif-befe 1
1455
2
fid-beff 1
hc-beff 1
1456
1
bah-befg 1
1458
1
bahf-befi 1
1459
1
bdgc-befj 1
1460
1
gca-bega 1
1461
1
iie-begb 1
1462
2
ghf-begc 1
bgad-begc 1
1463
1
bdgi-begd 1
1464
2
babb-bege 1
bdci-bege 1
1465
1
dfc-begf 1
1466
2
bfai-begg 1
ifb-begg 1
1467
1
eac-begh 1
1468
1
cff-begi 1
1469
2
bbfb-begj 1
eef-begj 1
1470
3
hcj-beha 1
cji-beha 1
bebd-beha 1
1471
1
bfdh-behb 1
1472
1
ifa-behc 1
1473
1
eda-behd 1
1474
3
bgaa-behe 1
ihd-behe 1
baja-behe 1
1475
1
hdf-behf 1
1476
1
iei-behg 1
1477
1
bcgg-behh 1
1478
2
bgde-behi 1
bjh-behi 1
1479
3
dbd-behj 1
ihb-behj 1
dcd-behj 1
1480
1
ffd-beia 1
1481
1
bdaj-beib 1
1482
3
bbb-beic 1
dg-beic 1
ec-beic 1
1483
2
iai-beid 1
bdje-beid 1
1484
1
cgc-beie 1
1485
3
hfb-beif 1
cii-beif 1
gab-beif 1
1486
2
baf-beig 1
bedd-beig 1
1487
2
ijd-beih 1
dcc-beih 1
1488
1
cbe-beii 1
1489
2
bah-beij 1
che-beij 1
1490
1
cid-beja 1
1491
1
bace-bejb 1
1493
1
badc-bejd 1
1494
1
baag-beje 1
1495
1
jhi-bejf 1
1496
2
bcag-bejg 1
cha-bejg 1
1497
1
bdaa-bejh 1
1498
2
dcf-beji 1
ifa-beji 1
1499
1
cdg-bejj 1
1500
2
bhf-bfaa 1
ccd-bfaa 1
1501
1
fbi-bfab 1
1503
1
jhc-bfad 1
1504
3
bai-bfae 1
bfah-bfae 1
ecc-bfae 1
1505
2
bedh-bfaf 1
hbb-bfaf 1
1506
2
jai-bfag 1
bdad-bfag 1
1507
1
jbf-bfah 1
1508
1
bcaj-bfai 1
1509
1
bcjd-bfaj 1
1510
1
bdgg-bfba 1
1511
1
hda-bfbb 1
1512
1
ijd-bfbc 1
1513
3
fia-bfbd 1
dcg-bfbd 1
bbjd-bfbd 1
1514
1
behh-bfbe 1
1515
2
bdga-bfbf 1
efe-bfbf 1
1516
1
hih-bfbg 1
1518
1
jjc-bfbi 1
1519
1
beif-bfbj 1
1520
1
ghc-bfca 1
1521
3
bbba-bfcb 1
gaj-bfcb 1
gfa-bfcb 1
1522
1
gga-bfcc 1
1523
3
bdbj-bfcd 1
bcdc-bfcd 1
ggc-bfcd 1
1524
1
jh-bfce 1
1525
1
bca-bfcf 1
1526
3
bgdj-bfcg 1
cjc-bfcg 1
bfgg-bfcg 1
1527
1
bafe-bfch 1
1528
1
fjb-bfci 1
1529
2
dif-bfcj 1
gh-bfcj 1
1530
2
baai-bfda 1
bgce-bfda 1
1531
1
iih-bfdb 1
1532
1
bfbc-bfdc 1
1533
1
bcgh-bfdd 1
1534
1
jgf-bfde 1
1535
1
ddf-bfdf 1
1536
1
bdfi-bfdg 1
1537
1
bdec-bfdh 1
1538
2
fgc-bfdi 1
ihc-bfdi 1
1539
2
dgg-bfdj 1
bddd-bfdj 1
1540
1
jdg-bfea 1
1541
1
ggf-bfeb 1
1542
2
bdge-bfec 1
edg-bfec 1
1543
2
iia-bfed 1
iea-bfed 1
1544
2
dae-bfee 1
fhi-bfee 1
1545
4
ied-bfef 1
bgda-bfef 1
faa-bfef 1
bgaf-bfef 1
1546
1
dfb-bfeg 1
1547
1
fdc-bfeh 1
1548
1
cbf-bfei 1
1549
1
bdia-bfej 1
1550
1
iab-bffa 1
1551
1
bda-bffb 1
1552
1
iai-bffc 1
1553
1
egi-bffd 1
1555
1
becg-bfff 1
1556
1
gci-bffg 1
1557
1
ghi-bffh 1
1558
1
ed-bffi 1
1559
1
eda-bffj 1
1560
2
dcg-bfga 1
bfj-bfga 1
1561
2
beif-bfgb 1
bcfj-bfgb 1
1562
1
bdac-bfgc 1
1563
1
ihj-bfgd 1
1564
1
chj-bfge 1
1565
2
eig-bfgf 1
bgga-bfgf 1
1566
1
ec-bfgg 1
1567
1
bbie-bfgh 1
1568
3
bgee-bfgi 1
bgej-bfgi 1
fea-bfgi 1
1570
1
cga-bfha 1
1571
1
bhg-bfhb 1
1572
1
dgd-bfhc 1
1573
1
bdgb-bfhd 1
1574
1
bfi-bfhe 1
1575
2
jjj-bfhf 1
ded-bfhf 1
1576
2
bfhi-bfhg 1
ibi-bfhg 1
1577
1
ibh-bfhh 1
1578
1
ice-bfhi 1
1579
2
gih-bfhj 1
bejj-bfhj 1
1580
1
df-bfia 1
1581
1
bdca-bfib 1
1582
2
bgfg-bfic 1
igc-bfic 1
1583
1
hfa-bfid 1
1584
1
ceh-bfie 1
1585
2
caa-bfif 1
dfi-bfif 1
1587
1
cif-bfih 1
1588
2
hjg-bfii 1
edc-bfii 1
1589
1
gih-bfij 1
1590
1
bie-bfja 1
1591
1
icj-bfjb 1
1592
1
bej-bfjc 1
1593
1
bajd-bfjd 1
1594
1
bfba-bfje 1
1595
1
cdg-bfjf 1
1596
1
bdej-bfjg 1
1597
1
bcga-bfjh 1
1598
1
bebd-bfji 1
1599
1
hhg-bfjj 1
1600
1
bcdd-bgaa 1
1601
1
fga-bgab 1
1602
1
babg-bgac 1
1603
1
bdba-bgad 1
1604
1
bajd-bgae 1
1605
1
beab-bgaf 1
1606
1
bed-bgag 1
1607
1
bdhi-bgah 1
1608
1
baji-bgai 1
1609
1
egb-bgaj 1
1610
1
ddd-bgba 1
1611
1
dib-bgbb 1
1612
1
bba-bgbc 1
1613
2
bfb-bgbd 1
bfje-bgbd 1
1614
1
bfhe-bgbe 1
1615
1
bbfa-bgbf 1
1616
1
dff-bgbg 1
1617
2
bgfh-bgbh 1
ece-bgbh 1
1618
1
bfjc-bgbi 1
1619
1
cbj-bgbj 1
1620
1
hjh-bgca 1
1621
1
icd-bgcb 1
1622
2
dga-bgcc 1
bdbe-bgcc 1
1624
1
bacd-bgce 1
1625
1
cib-bgcf 1
1626
1
cba-bgcg 1
1627
1
cga-bgch 1
1628
2
bda-bgci 1
hje-bgci 1
1629
1
beeg-bgcj 1
1630
1
bcai-bgda 1
1631
1
jdd-bgdb 1
1632
1
gbb-bgdc 1
1633
2
bhf-bgdd 2
ede-bgdd 1
1634
1
beic-bgde 1
1635
1
bbia-bgdf 1
1636
1
baf-bgdg 1
1637
1
hhh-bgdh 1
1638
2
jdi-bgdi 1
bach-bgdi 1
1639
1
jdb-bgdj 1
1640
1
bcia-bgea 1
1641
1
ega-bgeb 1
1642
2
djd-bgec 1
bacg-bgec 1
1643
1
behi-bged 1
1644
1
hjf-bgee 1
1645
1
fed-bgef 1
1646
1
baca-bgeg 1
1647
1
bece-bgeh 1
1648
1
bgca-bgei 1
1649
1
jej-bgej 1
1650
1
bddj-bgfa 1
1651
1
bhh-bgfb 1
1652
1
bfjg-bgfc 1
1653
2
ddb-bgfd 1
gif-bgfd 1
1654
1
bfcf-bgfe 1
1655
1
bcgh-bgff 1
1656
1
bce-bgfg 1
1657
1
bgbi-bgfh 1
1658
1
bie-bgfi 1
1659
1
eef-bgfj 1
1660
1
bdhi-bgga 1
1661
1
bdhg-bggb 1
