1614
1
2
dab-b 4
ehb-b 3
2
6
dgc-c 2
bih-c 1
di-c 1
bi-c 1
fcd-c 1
dgj-c 1
3
2
bcb-d 5
ii-d 2
4
3
cba-e 5
d-e 1
hic-e 1
5
4
e-f 3
bdjf-f 2
jbb-f 1
bda-f 1
6
4
bfg-g 3
gic-g 1
eie-g 2
iee-g 1
7
1
bfa-h 7
8
2
geg-i 3
gie-i 4
9
4
fbj-j 1
heg-j 1
bi-j 2
ce-j 3
10
1
bdi-ba 7
11
6
bgf-bb 2
bcef-bb 1
bcea-bb 1
gc-bb 1
bee-bb 1
cd-bb 1
12
2
hbf-bc 3
dgf-bc 4
13
3
cjb-bd 4
bejh-bd 2
cch-bd 1
14
4
bbbj-be 2
beai-be 1
fec-be 1
babg-be 3
15
2
hi-bf 5
dh-bf 2
16
4
baae-bg 2
bi-bg 3
iag-bg 1
bdii-bg 1
17
2
ihi-bh 1
bgeh-bh 6
18
4
hej-bi 1
fic-bi 2
babg-bi 2
feh-bi 2
19
3
bdbf-bj 2
dhf-bj 4
hcj-bj 1
20
3
dfg-ca 2
gjh-ca 4
bai-ca 1
21
1
edb-cb 7
22
3
dgf-cc 4
jgi-cc 1
badc-cc 2
23
5
dbg-cd 2
ffb-cd 1
bhd-cd 1
bcaj-cd 1
gfa-cd 2
24
4
bi-ce 3
jag-ce 1
ef-ce 2
jgf-ce 1
25
4
def-cf 4
eac-cf 1
fhg-cf 1
cc-cf 1
26
5
chb-cg 1
eh-cg 2
ca-cg 1
hhc-cg 2
bd-cg 1
27
2
dji-ch 5
bjd-ch 2
28
4
bffg-ci 1
hfh-ci 2
hif-ci 2
gbg-ci 2
29
2
fbi-cj 4
bfgd-cj 3
30
7
beib-da 1
bcei-da 1
fai-da 1
bhd-da 1
bdf-da 1
eej-da 1
gda-da 1
31
5
cd-db 1
cbh-db 2
bbde-db 1
gi-db 1
bgj-db 2
32
5
iej-dc 3
ecg-dc 1
ifh-dc 1
bbgj-dc 1
iag-dc 1
33
3
fc-dd 2
babg-dd 4
dfg-dd 1
34
2
di-de 3
ghj-de 4
35
5
gc-df 1
igi-df 1
ibf-df 3
bfgb-df 1
iei-df 1
36
7
bgfe-dg 1
hah-dg 1
bcii-dg 1
bebe-dg 1
bed-dg 1
bcag-dg 1
bdfc-dg 1
37
4
hha-dh 1
gcd-dh 1
dc-dh 1
bagf-dh 4
38
1
haf-di 7
39
2
gdb-dj 5
ef-dj 2
40
5
eee-ea 3
jjh-ea 1
dbb-ea 1
jff-ea 1
fda-ea 1
41
3
bbfc-eb 1
hac-eb 5
cdi-eb 1
42
3
fi-ec 3
fc-ec 1
cdc-ec 3
43
5
edf-ed 1
ech-ed 1
bcia-ed 1
bfdc-ed 1
eb-ed 3
44
2
cfb-ee 6
bacc-ee 1
45
4
beeh-ef 2
ige-ef 1
cij-ef 2
cih-ef 2
46
4
bdj-eg 2
ggg-eg 2
ffd-eg 2
cbg-eg 1
47
5
bbei-eh 2
gdh-eh 1
fdd-eh 1
bbfg-eh 2
bjb-eh 1
48
4
jfj-ei 4
bcjf-ei 1
dff-ei 1
bb-ei 1
49
2
cd-ej 1
baig-ej 6
50
5
dhe-fa 3
bhg-fa 1
jji-fa 1
bc-fa 1
bcb-fa 1
51
3
bcch-fb 2
dfa-fb 1
bdc-fb 4
52
4
bfch-fc 1
bcj-fc 2
eab-fc 1
fif-fc 3
53
3
daf-fd 1
dhe-fd 3
je-fd 3
54
1
jic-fe 7
55
3
gb-ff 4
cje-ff 1
bed-ff 2
56
1
bfaf-fg 7
57
1
bejb-fh 7
58
3
bfdg-fi 2
fg-fi 1
hee-fi 4
59
3
ifd-fj 1
ddg-fj 2
dbg-fj 4
60
3
fga-ga 2
eah-ga 3
bi-ga 2
61
2
bbeb-gb 5
bbjc-gb 2
62
5
eie-gc 1
gge-gc 1
e-gc 1
bdfa-gc 1
j-gc 3
63
7
bfgc-gd 1
je-gd 1
dai-gd 1
gfb-gd 1
daj-gd 1
icd-gd 1
dbf-gd 1
64
2
dfi-ge 3
g-ge 4
65
1
cgh-gf 7
66
5
cdh-gg 3
idf-gg 1
jhg-gg 1
bfjf-gg 1
jdj-gg 1
67
3
bh-gh 3
jci-gh 3
bddh-gh 1
68
3
ch-gi 1
bcff-gi 1
cbe-gi 5
69
3
edh-gj 2
gjj-gj 1
baad-gj 4
70
3
db-ha 3
ecc-ha 3
bda-ha 1
71
2
efh-hb 2
iaa-hb 5
72
4
cif-hc 4
ejc-hc 1
gg-hc 1
dbf-hc 1
74
5
bgi-he 1
bcjc-he 2
hc-he 2
bcd-he 1
bebb-he 1
75
4
hie-hf 1
bdbc-hf 1
dah-hf 3
da-hf 2
76
3
cgj-hg 5
bja-hg 1
dfj-hg 1
77
4
beic-hh 1
gcj-hh 1
bjb-hh 1
cae-hh 4
78
5
iba-hi 2
bac-hi 2
baec-hi 1
fa-hi 1
ihf-hi 1
79
3
di-hj 2
gfg-hj 2
jfc-hj 3
80
4
bfeh-ia 2
di-ia 2
ccc-ia 1
bdjd-ia 2
81
2
ghd-ib 3
gia-ib 4
82
3
bedh-ic 2
cgi-ic 2
fdf-ic 3
83
2
eab-id 5
gbg-id 2
84
4
bjd-ie 1
eeh-ie 1
dej-ie 3
haj-ie 2
85
3
bfce-if 1
di-if 5
bcge-if 1
86
2
baif-ig 6
egf-ig 1
87
2
bcfj-ih 6
cgh-ih 1
88
5
bacj-ii 2
eig-ii 1
dgc-ii 2
chf-ii 1
bgfi-ii 1
89
2
bcd-ij 6
ife-ij 1
90
1
hij-ja 7
91
3
ehi-jb 3
jc-jb 1
bhe-jb 3
92
6
bbjg-jc 1
babi-jc 1
fci-jc 1
gbe-jc 1
hj-jc 2
gii-jc 1
93
2
fhj-jd 6
cae-jd 1
94
6
bfgb-je 2
bbi-je 1
bfc-je 1
gdf-je 1
bi-je 1
fcf-je 1
95
1
iae-jf 7
96
3
beb-jg 2
daf-jg 3
ec-jg 2
97
4
dai-jh 1
hib-jh 1
bcbf-jh 3
bbfg-jh 2
98
4
bdjh-ji 3
bccj-ji 1
beaa-ji 1
idd-ji 2
99
3
dej-jj 2
bcee-jj 3
fgf-jj 2
100
5
dig-baa 1
fhg-baa 2
dfi-baa 1
efg-baa 1
bfg-baa 2
101
4
eic-bab 2
jhg-bab 3
ede-bab 1
chf-bab 1
102
4
hfi-bac 3
bfe-bac 1
hj-bac 2
gja-bac 1
103
3
jid-bad 1
bfi-bad 5
bha-bad 1
104
4
bdga-bae 4
dgj-bae 1
cd-bae 1
ceg-bae 1
105
3
cj-baf 3
bcb-baf 2
bdbh-baf 2
106
5
bcc-bag 3
bbfi-bag 1
fic-bag 1
bfce-bag 1
dad-bag 1
107
6
ddf-bah 2
hbf-bah 1
ifd-bah 1
deg-bah 1
gjh-bah 1
bbcc-bah 1
108
2
bda-bai 6
cfj-bai 1
109
2
chf-baj 5
eg-baj 2
110
3
gdc-bba 2
fbe-bba 1
hi-bba 4
111
3
fdh-bbb 5
edb-bbb 1
d-bbb 1
112
4
dgb-bbc 1
jje-bbc 2
chf-bbc 2
dbb-bbc 2
114
3
cb-bbe 2
cie-bbe 4
ehd-bbe 1
115
3
bage-bbf 3
dfc-bbf 3
bei-bbf 1
116
6
eg-bbg 1
iff-bbg 1
gdc-bbg 1
eba-bbg 1
cbd-bbg 1
bbbj-bbg 2
117
3
bacc-bbh 5
gjh-bbh 1
ehi-bbh 1
118
6
gfd-bbi 1
bech-bbi 1
cbb-bbi 1
beb-bbi 2
bca-bbi 1
beeh-bbi 1
119
7
fag-bbj 1
gjh-bbj 1
bbf-bbj 1
ige-bbj 1
bbag-bbj 1
eh-bbj 1
baja-bbj 1
120
5
gaf-bca 1
eae-bca 1
cc-bca 1
cji-bca 3
gae-bca 1
121
3
bbgc-bcb 2
fba-bcb 4
bbdg-bcb 1
122
7
bbab-bcc 1
bbff-bcc 1
gfi-bcc 1
bjd-bcc 1
hgb-bcc 1
bebg-bcc 1
jg-bcc 1
123
4
ddj-bcd 3
jec-bcd 1
gc-bcd 1
eed-bcd 2
124
7
bb-bce 1
gc-bce 1
bi-bce 1
bagd-bce 1
gef-bce 1
edi-bce 1
ccc-bce 1
125
2
cea-bcf 3
ddj-bcf 4
126
4
g-bcg 2
di-bcg 3
dbg-bcg 1
bhj-bcg 1
127
5
fbh-bch 1
dfd-bch 1
bgbf-bch 3
ecb-bch 1
gad-bch 1
128
6
bbc-bci 2
bbhe-bci 1
bagb-bci 1
fag-bci 1
bbf-bci 1
bcbc-bci 1
129
2
icj-bcj 5
iff-bcj 2
130
5
ia-bda 3
ffa-bda 1
eh-bda 1
dhg-bda 1
dfj-bda 1
131
6
deh-bdb 1
jbg-bdb 1
bfc-bdb 1
cda-bdb 2
efd-bdb 1
djh-bdb 1
132
7
fee-bdc 1
jbg-bdc 1
bbjh-bdc 1
fdc-bdc 1
bfea-bdc 1
bbfe-bdc 1
bbah-bdc 1
133
3
bjf-bdd 2
bcgc-bdd 4
bece-bdd 1
134
3
gge-bde 2
iah-bde 2
bba-bde 3
135
4
bbab-bdf 1
gbf-bdf 1
gea-bdf 3
hcg-bdf 2
136
6
bbij-bdg 2
bahh-bdg 1
bcc-bdg 1
cha-bdg 1
dhi-bdg 1
jdg-bdg 1
137
3
ce-bdh 3
feh-bdh 2
jjg-bdh 2
138
4
iic-bdi 3
bffi-bdi 1
jbe-bdi 2
gci-bdi 1
139
6
hhc-bdj 1
igg-bdj 1
bbbh-bdj 1
ffb-bdj 1
geh-bdj 2
jfe-bdj 1
140
4
dgb-bea 1
fif-bea 2
cdh-bea 1
dgc-bea 3
141
5
fe-beb 1
djg-beb 3
edh-beb 1
cbe-beb 1
hia-beb 1
142
7
bdei-bec 1
hff-bec 1
hj-bec 1
hea-bec 1
eei-bec 1
ii-bec 1
ica-bec 1
143
5
feh-bed 1
bhc-bed 1
cd-bed 1
ica-bed 1
begd-bed 3
144
5
cfa-bee 1
gjd-bee 1
bbej-bee 3
bgbe-bee 1
dfg-bee 1
145
2
fgj-bef 2
dai-bef 5
146
4
ea-beg 3
bef-beg 1
bja-beg 1
fei-beg 2
147
7
jbj-beh 1
ccg-beh 1
gdd-beh 1
cia-beh 1
ieh-beh 1
hi-beh 1
bab-beh 1
148
5
bcgi-bei 1
fge-bei 1
jbi-bei 1
becg-bei 2
jca-bei 2
149
3
fif-bej 3
bdb-bej 1
bec-bej 3
150
3
cdf-bfa 4
egg-bfa 1
cjd-bfa 2
151
2
bdji-bfb 3
fda-bfb 4
152
6
dcb-bfc 1
ifh-bfc 1
cdb-bfc 1
gbi-bfc 1
bafi-bfc 2
fcb-bfc 1
153
4
cie-bfd 4
haa-bfd 1
bif-bfd 1
jgi-bfd 1
154
5
baea-bfe 1
dch-bfe 1
gbc-bfe 1
cgh-bfe 1
hff-bfe 3
155
3
eec-bff 5
bcie-bff 1
gfe-bff 1
156
4
hj-bfg 1
dae-bfg 1
bgac-bfg 1
hhe-bfg 4
157
2
eaa-bfh 6
bae-bfh 1
158
6
gaa-bfi 1
bgci-bfi 1
ich-bfi 1
ecj-bfi 1
idg-bfi 1
jhe-bfi 2
159
4
gif-bfj 3
bii-bfj 1
jjj-bfj 2
ded-bfj 1
160
3
hbd-bga 2
dij-bga 3
efe-bga 2
161
4
cgc-bgb 4
bedd-bgb 1
hea-bgb 1
bahe-bgb 1
162
3
cgd-bgc 1
cdb-bgc 3
bdeh-bgc 3
163
3
bgdh-bgd 5
edg-bgd 1
gd-bgd 1
164
1
hci-bge 7
165
2
bd-bgf 3
iaa-bgf 4
166
5
bcaa-bgg 1
babe-bgg 1
bdde-bgg 1
heh-bgg 2
ehg-bgg 2
167
5
bfgh-bgh 1
cgg-bgh 2
cej-bgh 2
be-bgh 1
dbg-bgh 1
168
6
bhh-bgi 1
dda-bgi 1
baa-bgi 1
eij-bgi 1
daj-bgi 2
cbi-bgi 1
169
4
bffe-bgj 1
jai-bgj 4
hch-bgj 1
djh-bgj 1
170
4
gi-bha 2
ddd-bha 1
fh-bha 2
ccd-bha 2
171
6
bfbi-bhb 1
jh-bhb 2
cda-bhb 1
hhd-bhb 1
fcb-bhb 1
ih-bhb 1
172
6
eje-bhc 1
gfg-bhc 2
bagf-bhc 1
bbfd-bhc 1
bfe-bhc 1
edf-bhc 1
173
3
eed-bhd 2
bcb-bhd 3
hj-bhd 2
174
2
daa-bhe 3
cfe-bhe 4
175
5
cgi-bhf 1
ech-bhf 3
ca-bhf 1
jga-bhf 1
bci-bhf 1
176
7
cbg-bhg 1
cdi-bhg 1
babb-bhg 1
iga-bhg 1
cfi-bhg 1
baf-bhg 1
bci-bhg 1
177
4
cbc-bhh 1
efe-bhh 2
cch-bhh 3
bai-bhh 1
178
4
eaj-bhi 1
ibh-bhi 1
cdb-bhi 2
gbb-bhi 3
179
4
ghd-bhj 1
dbf-bhj 4
bafb-bhj 1
cb-bhj 1
180
2
hi-bia 2
cch-bia 5
181
2
eae-bib 4
fhc-bib 3
182
2
dc-bic 4
baa-bic 3
183
3
beh-bid 4
bef-bid 1
bajd-bid 2
184
7
bde-bie 1
hdd-bie 1
dbe-bie 1
eig-bie 1
bbc-bie 1
bcc-bie 1
bcai-bie 1
185
3
cji-bif 2
bgcg-bif 3
babf-bif 2
186
1
deg-big 7
187
3
dcf-bih 3
bcff-bih 3
hef-bih 1
188
4
ejd-bii 4
bcej-bii 1
dfa-bii 1
bga-bii 1
189
5
ba-bij 1
cia-bij 1
cha-bij 1
gfi-bij 1
eab-bij 3
190
2
ded-bja 6
dca-bja 1
191
4
db-bjb 3
bbee-bjb 2
bcdb-bjb 1
fed-bjb 1
192
4
ibe-bjc 3
ggh-bjc 1
bagc-bjc 2
baad-bjc 1
193
5
di-bjd 3
ghb-bjd 1
bij-bjd 1
gd-bjd 1
hdg-bjd 1
194
2
ecd-bje 5
cga-bje 2
195
5
bccc-bjf 3
baff-bjf 1
hic-bjf 1
ecg-bjf 1
hii-bjf 1
196
3
dih-bjg 4
df-bjg 2
cec-bjg 1
197
5
eah-bjh 3
bcb-bjh 1
cd-bjh 1
jeb-bjh 1
gfd-bjh 1
198
4
beeb-bji 1
fdj-bji 1
dbg-bji 1
cgh-bji 4
199
4
baad-bjj 1
gci-bjj 2
edg-bjj 3
jhe-bjj 1
200
5
djj-caa 3
dhc-caa 1
ecb-caa 1
hfg-caa 1
bafd-caa 1
201
5
cjd-cab 2
bef-cab 1
jbg-cab 2
bdg-cab 1
daf-cab 1
202
5
dbf-cac 3
bbdh-cac 1
fid-cac 1
djc-cac 1
cgd-cac 1
203
1
icg-cad 7
204
7
hhb-cae 1
jcd-cae 1
bcb-cae 1
bea-cae 1
chb-cae 1
cci-cae 1
bccg-cae 1
205
3
gag-caf 3
ghc-caf 2
bafb-caf 2
206
4
ebb-cag 4
fbi-cag 1
bbg-cag 1
cie-cag 1
207
4
bebe-cah 3
fde-cah 2
ih-cah 1
fac-cah 1
208
1
gdb-cai 7
209
3
jh-caj 1
eji-caj 4
ghh-caj 2
210
4
bbjf-cba 2
bfi-cba 3
bccb-cba 1
bgdd-cba 1
211
4
cge-cbb 2
ca-cbb 1
be-cbb 3
ihc-cbb 1
212
2
bcdg-cbc 6
efg-cbc 1
213
7
bcdc-cbd 1
cec-cbd 1
jej-cbd 1
jfc-cbd 1
ehe-cbd 1
bif-cbd 1
eag-cbd 1
214
1
bbcc-cbe 7
215
1
ceb-cbf 7
216
4
bbfi-cbg 1
becj-cbg 1
bdg-cbg 3
hjj-cbg 2
217
1
bhi-cbh 7
218
2
bdi-cbi 4
ede-cbi 3
219
3
hi-cbj 2
jec-cbj 1
gjj-cbj 4
220
6
eea-cca 1
bbdb-cca 1
ihg-cca 1
ehi-cca 1
bbi-cca 2
cbe-cca 1
221
4
bjj-ccb 1
ddd-ccb 4
ejj-ccb 1
jeh-ccb 1
222
3
jfh-ccc 5
bcda-ccc 1
eag-ccc 1
223
4
cjf-ccd 4
bajb-ccd 1
eae-ccd 1
feh-ccd 1
224
1
bceh-cce 7
225
5
hcc-ccf 1
ihi-ccf 1
ga-ccf 1
jeg-ccf 1
dca-ccf 3
226
5
hjh-ccg 2
ide-ccg 1
bahi-ccg 1
ijd-ccg 1
bih-ccg 2
227
4
baaf-cch 1
bhe-cch 3
egd-cch 2
ice-cch 1
228
4
ceb-cci 1
bbfd-cci 2
bgbg-cci 3
haf-cci 1
229
3
hji-ccj 5
cch-ccj 1
eeb-ccj 1
230
2
ejd-cda 3
dd-cda 4
231
4
fcf-cdb 2
jaa-cdb 1
ejg-cdb 1
bff-cdb 3
232
5
ddj-cdc 1
eb-cdc 1
gac-cdc 1
fad-cdc 1
ccj-cdc 3
233
2
bebi-cdd 5
db-cdd 2
234
4
gge-cde 1
bjb-cde 1
bdia-cde 2
hhb-cde 3
235
5
dfa-cdf 1
bhj-cdf 3
badh-cdf 1
fjc-cdf 1
iee-cdf 1
236
4
dff-cdg 3
cid-cdg 1
bdf-cdg 1
bfjd-cdg 2
237
2
gfd-cdh 5
bbja-cdh 2
238
3
j-cdi 3
beha-cdi 2
jbc-cdi 2
239
2
hgg-cdj 6
ega-cdj 1
240
6
be-cea 1
jaj-cea 1
che-cea 1
if-cea 1
gbi-cea 1
cfi-cea 2
241
4
bdea-ceb 4
dhh-ceb 1
bfj-ceb 1
cii-ceb 1
242
3
bdg-cec 3
bajb-cec 2
bad-cec 2
243
3
cah-ced 5
efg-ced 1
bbgc-ced 1
244
3
eej-cee 3
jhc-cee 1
ic-cee 3
245
4
dab-cef 2
bfi-cef 1
bbec-cef 1
bha-cef 3
246
3
iag-ceg 5
cah-ceg 1
gdg-ceg 1
247
1
gdd-ceh 7
248
3
bfb-cei 5
ddf-cei 1
fhi-cei 1
249
5
dif-cej 2
bh-cej 2
bbee-cej 1
bbeg-cej 1
ef-cej 1
250
5
bdhb-cfa 1
eb-cfa 2
gei-cfa 1
hdi-cfa 1
ice-cfa 2
251
4
fhe-cfb 2
baga-cfb 3
g-cfb 1
fgg-cfb 1
252
2
gef-cfc 5
eca-cfc 2
253
3
bchd-cfd 1
ccg-cfd 4
geb-cfd 2
254
1
ijc-cfe 7
255
5
bafc-cff 3
hda-cff 1
hjf-cff 1
ejg-cff 1
egj-cff 1
256
4
bbdg-cfg 1
gic-cfg 1
ej-cfg 1
bfdb-cfg 4
257
4
bbee-cfh 3
cie-cfh 1
fjh-cfh 1
bee-cfh 2
258
5
chd-cfi 1
eec-cfi 1
badf-cfi 1
dhi-cfi 1
bcfi-cfi 3
259
1
cfi-cfj 7
260
5
bhb-cga 2
chf-cga 2
bcjf-cga 1
dh-cga 1
chj-cga 1
261
5
da-cgb 3
dhd-cgb 1
deb-cgb 1
gdf-cgb 1
dch-cgb 1
262
5
hfc-cgc 1
cdb-cgc 2
hdb-cgc 1
ee-cgc 1
ica-cgc 2
263
4
bafd-cgd 3
bafi-cgd 1
bec-cgd 2
dcf-cgd 1
264
4
bfc-cge 4
ea-cge 1
cci-cge 1
bba-cge 1
265
4
fcc-cgf 1
bgbh-cgf 3
ibe-cgf 2
dej-cgf 1
266
3
bii-cgg 2
bdh-cgg 3
fhc-cgg 2
267
5
hc-cgh 2
babb-cgh 2
bdhc-cgh 1
cag-cgh 1
hif-cgh 1
268
5
baaa-cgi 2
ia-cgi 1
daf-cgi 1
fdh-cgi 1
djh-cgi 2
269
2
eag-cgj 3
ifi-cgj 4
270
5
dhj-cha 1
ged-cha 2
gfh-cha 1
egj-cha 2
dcb-cha 1
271
3
fff-chb 1
eci-chb 2
bcbi-chb 4
272
4
hba-chc 4
bbfj-chc 1
fjc-chc 1
jhd-chc 1
273
4
bfbg-chd 2
cjc-chd 1
ebh-chd 3
dfj-chd 1
274
3
befj-che 1
dej-che 3
eah-che 3
275
4
eca-chf 3
hfb-chf 1
fch-chf 1
did-chf 2
276
3
edh-chg 4
fc-chg 2
iab-chg 1
277
1
ddj-chh 7
278
5
ibj-chi 3
bbea-chi 1
bbc-chi 1
hga-chi 1
jeh-chi 1
279
4
bgh-chj 4
hhi-chj 1
fg-chj 1
jg-chj 1
280
4
cce-cia 3
eie-cia 1
jj-cia 1
jej-cia 2
281
5
bdhb-cib 2
eha-cib 1
hh-cib 1
bcce-cib 2
bdhh-cib 1
282
3
dhi-cic 5
jce-cic 1
ifd-cic 1
283
7
fcf-cid 1
hgg-cid 1
dfd-cid 1
cab-cid 1
bdh-cid 1
ehb-cid 1
cjb-cid 1
284
2
gg-cie 5
jfi-cie 2
285
6
dgb-cif 2
bcja-cif 1
dae-cif 1
gfe-cif 1
baed-cif 1
idd-cif 1
286
4
dge-cig 2
eef-cig 1
bbac-cig 2
hbj-cig 2
287
1
icg-cih 7
288
5
baha-cii 2
gbi-cii 1
ggd-cii 1
dad-cii 2
gc-cii 1
289
3
cch-cij 1
dgf-cij 2
bgi-cij 4
290
4
bcaa-cja 3
hcj-cja 1
ehg-cja 1
ead-cja 2
291
4
beba-cjb 2
bagh-cjb 1
eei-cjb 1
jbi-cjb 3
292
4
bfgi-cjc 2
db-cjc 2
bada-cjc 2
bcih-cjc 1
293
2
bdaa-cjd 6
eje-cjd 1
294
2
bbi-cje 3
cea-cje 4
295
3
cgb-cjf 2
dba-cjf 3
egf-cjf 2
298
3
bee-cji 1
bdce-cji 1
hbd-cji 5
299
4
bfeb-cjj 1
bgh-cjj 2
jah-cjj 1
cc-cjj 3
300
4
jjb-daa 1
bbhc-daa 3
bfde-daa 2
ih-daa 1
301
2
bef-dab 2
hi-dab 5
302
3
iid-dac 5
dce-dac 1
bgi-dac 1
303
3
gcb-dad 5
gfd-dad 1
gfe-dad 1
304
3
baaa-dae 4
bcib-dae 1
fce-dae 2
305
5
jae-daf 1
cha-daf 2
fbb-daf 2
bdcb-daf 1
badi-daf 1
306
1
eb-dag 7
307
4
ehc-dah 3
ihj-dah 1
cgi-dah 2
ggg-dah 1
308
3
dhc-dai 5
bafa-dai 1
bchi-dai 1
309
5
geh-daj 3
fhj-daj 1
dce-daj 1
fae-daj 1
dhe-daj 1
310
3
gdh-dba 1
hhj-dba 5
bff-dba 1
311
3
eaa-dbb 4
dfc-dbb 2
cjb-dbb 1
312
2
hca-dbc 4
dah-dbc 3
313
3
gcb-dbd 2
bdjf-dbd 1
bfg-dbd 4
314
3
dfh-dbe 5
bcaf-dbe 1
dac-dbe 1
315
5
gdc-dbf 1
gib-dbf 1
dac-dbf 2
baad-dbf 1
eid-dbf 2
316
2
dab-dbg 5
iag-dbg 2
317
3
fha-dbh 1
cdb-dbh 1
caa-dbh 5
318
3
edd-dbi 1
fah-dbi 2
bcaa-dbi 4
319
3
bb-dbj 2
gjf-dbj 3
dhd-dbj 2
320
5
a-dca 1
bda-dca 1
jbi-dca 1
badg-dca 3
bdii-dca 1
321
6
gad-dcb 1
fi-dcb 2
efg-dcb 1
eda-dcb 1
gbj-dcb 1
jia-dcb 1
322
7
chf-dcc 1
ddf-dcc 1
gdi-dcc 1
di-dcc 1
jah-dcc 1
fbb-dcc 1
heg-dcc 1
323
4
gda-dcd 1
cfg-dcd 1
gjc-dcd 4
cg-dcd 1
324
2
ebg-dce 3
jef-dce 4
325
5
fce-dcf 2
cgb-dcf 1
bhe-dcf 2
bbja-dcf 1
fea-dcf 1
326
3
cd-dcg 3
dca-dcg 1
jjj-dcg 3
327
4
jai-dch 1
bdgc-dch 1
eca-dch 4
dh-dch 1
328
5
bcef-dci 1
ehi-dci 1
dae-dci 1
cge-dci 1
ddg-dci 3
329
2
begb-dcj 4
jcg-dcj 3
330
3
bjj-dda 1
cea-dda 5
dai-dda 1
331
3
bbdj-ddb 1
bdge-ddb 3
ddd-ddb 3
332
4
dac-ddc 3
ia-ddc 1
bfjb-ddc 2
bja-ddc 1
333
1
beef-ddd 7
334
7
fbe-dde 1
ifj-dde 1
d-dde 1
dbe-dde 1
bbj-dde 1
ehd-dde 1
ghh-dde 1
335
7
jh-ddf 1
eb-ddf 1
bei-ddf 1
fcf-ddf 1
chf-ddf 1
eij-ddf 1
id-ddf 1
336
3
cdi-ddg 5
eid-ddg 1
cgc-ddg 1
337
3
ech-ddh 1
baa-ddh 3
ef-ddh 3
338
5
bjc-ddi 1
fib-ddi 1
ef-ddi 1
ehd-ddi 3
cfa-ddi 1
339
4
haa-ddj 1
dia-ddj 3
ecg-ddj 1
ihj-ddj 2
340
6
ief-dea 2
ejd-dea 1
edh-dea 1
dia-dea 1
ebe-dea 1
bgi-dea 1
341
5
hgj-deb 1
cbi-deb 1
fei-deb 3
hjc-deb 1
hfg-deb 1
342
3
bg-dec 4
bfg-dec 2
bcgh-dec 1
343
4
jab-ded 1
gij-ded 1
ihf-ded 2
ddc-ded 3
344
5
cia-dee 1
fhb-dee 1
fji-dee 1
dhc-dee 1
dej-dee 3
345
2
ceb-def 6
jfi-def 1
346
5
bceg-deg 1
fhd-deg 1
hia-deg 1
eec-deg 1
cdh-deg 3
347
3
dj-deh 1
iji-deh 5
ifa-deh 1
348
2
fif-dei 6
gjc-dei 1
349
4
fda-dej 1
dif-dej 1
babg-dej 4
bcah-dej 1
350
5
hab-dfa 1
eai-dfa 2
fie-dfa 1
bfb-dfa 1
ege-dfa 2
351
2
e-dfb 6
ehb-dfb 1
352
7
fgg-dfc 1
ca-dfc 1
eb-dfc 1
fgj-dfc 1
cjc-dfc 1
ddc-dfc 1
ghb-dfc 1
353
3
da-dfd 4
idj-dfd 1
bfcc-dfd 2
354
3
baac-dfe 4
ii-dfe 1
ejd-dfe 2
355
5
gie-dff 1
heg-dff 1
hii-dff 1
jha-dff 3
ife-dff 1
356
3
cdj-dfg 4
eib-dfg 2
dhf-dfg 1
357
5
fee-dfh 1
beci-dfh 1
fhb-dfh 1
bbcb-dfh 1
hg-dfh 3
358
3
hgh-dfi 3
egd-dfi 1
baac-dfi 3
359
3
bbah-dfj 4
ejd-dfj 1
eb-dfj 2
360
2
bcdg-dga 1
fff-dga 6
361
2
cad-dgb 5
bcae-dgb 2
362
5
bdbb-dgc 1
fib-dgc 1
c-dgc 1
jic-dgc 1
bc-dgc 3
363
7
ifg-dgd 1
ifb-dgd 1
badi-dgd 1
cbc-dgd 1
bbjf-dgd 1
bajj-dgd 1
feh-dgd 1
364
5
hcj-dge 2
ef-dge 1
dc-dge 1
bccf-dge 1
beaa-dge 2
365
3
bffd-dgf 2
jfj-dgf 2
bbba-dgf 3
366
2
bced-dgg 1
bg-dgg 6
367
2
dff-dgh 4
idi-dgh 3
368
3
bbf-dgi 2
deb-dgi 4
ibf-dgi 1
369
4
bea-dgj 1
ghb-dgj 3
bcab-dgj 2
gg-dgj 1
370
3
dji-dha 2
dij-dha 1
jhi-dha 4
371
3
ebh-dhb 5
d-dhb 1
bajb-dhb 1
372
6
bbce-dhc 1
bdab-dhc 1
dbg-dhc 1
jii-dhc 1
dfg-dhc 1
bbed-dhc 2
373
6
baeg-dhd 1
dgh-dhd 1
fhc-dhd 2
cdi-dhd 1
hfh-dhd 1
ije-dhd 1
374
5
bbhb-dhe 3
dca-dhe 1
bbhi-dhe 1
bbii-dhe 1
ieg-dhe 1
375
4
baga-dhf 1
ebj-dhf 1
cjd-dhf 3
ich-dhf 2
376
4
begf-dhg 1
beab-dhg 2
bfe-dhg 2
ida-dhg 2
377
4
bdac-dhh 3
dgf-dhh 2
bbh-dhh 1
bbb-dhh 1
378
3
ihg-dhi 1
fjf-dhi 1
ebh-dhi 5
379
5
icc-dhj 1
begh-dhj 1
fce-dhj 3
ddj-dhj 1
idf-dhj 1
380
2
hge-dia 4
ecg-dia 3
381
3
dhj-dib 4
bgg-dib 1
cfd-dib 2
382
4
fh-dic 2
edj-dic 2
jff-dic 1
hhd-dic 2
383
5
ccj-did 2
bab-did 2
hid-did 1
dhg-did 1
bgj-did 1
384
5
fac-die 1
fig-die 1
fea-die 2
jeb-die 2
baag-die 1
385
1
bbdh-dif 7
386
3
hih-dig 4
edj-dig 1
fcd-dig 2
387
2
fdg-dih 3
bbjg-dih 4
388
2
bdeg-dii 5
bage-dii 2
389
5
bacf-dij 1
hhe-dij 2
eai-dij 2
cga-dij 1
ici-dij 1
390
1
bdhi-dja 7
391
2
jjj-djb 1
eee-djb 6
392
3
dba-djc 2
ddi-djc 4
jaj-djc 1
393
4
ceb-djd 2
cie-djd 1
bejh-djd 1
ifd-djd 3
394
3
beaj-dje 3
bbj-dje 3
hag-dje 1
395
2
di-djf 3
eha-djf 4
396
4
bceg-djg 1
efi-djg 2
cji-djg 1
hca-djg 3
397
7
ebi-djh 1
beca-djh 1
cjc-djh 1
bif-djh 1
gai-djh 1
gdg-djh 1
bdef-djh 1
398
2
hhj-dji 3
bahj-dji 4
399
3
jib-djj 1
dec-djj 4
bbc-djj 2
400
5
bee-eaa 2
hjj-eaa 1
jbb-eaa 1
eji-eaa 1
ghi-eaa 2
401
3
bbga-eab 4
bdha-eab 1
chi-eab 2
402
4
bagg-eac 2
cej-eac 1
jhi-eac 1
bcc-eac 3
403
3
caf-ead 1
chj-ead 3
dce-ead 3
404
5
gdc-eae 1
bic-eae 2
fhi-eae 1
edd-eae 1
icb-eae 2
405
3
fgj-eaf 2
jc-eaf 1
fde-eaf 4
406
5
hgb-eag 1
hea-eag 2
gff-eag 1
ca-eag 1
cfa-eag 2
407
4
bcaj-eah 1
bbcf-eah 1
eca-eah 1
gdj-eah 4
408
3
bbec-eai 5
be-eai 1
ffa-eai 1
409
3
beec-eaj 1
jfa-eaj 1
eae-eaj 5
410
5
bebc-eba 1
bif-eba 1
gih-eba 1
cee-eba 3
feb-eba 1
411
6
ffd-ebb 1
beb-ebb 1
ggb-ebb 1
iij-ebb 1
fac-ebb 2
fff-ebb 1
412
1
baej-ebc 7
413
7
ejb-ebd 1
badb-ebd 1
cag-ebd 1
had-ebd 1
dgi-ebd 1
bcce-ebd 1
bdae-ebd 1
414
4
ebb-ebe 1
df-ebe 2
ceb-ebe 1
bfhc-ebe 3
415
1
bfd-ebf 7
416
2
fga-ebg 2
ghg-ebg 5
417
4
daf-ebh 4
bahf-ebh 1
hdg-ebh 1
icg-ebh 1
418
1
hfe-ebi 7
419
4
djj-ebj 3
jgc-ebj 1
ehi-ebj 1
ghd-ebj 2
420
3
dbf-eca 3
jga-eca 1
eh-eca 3
421
1
bchc-ecb 7
422
7
bdie-ecc 1
idf-ecc 1
bdch-ecc 1
ejd-ecc 1
jc-ecc 1
fbe-ecc 1
edi-ecc 1
423
3
dha-ecd 3
fba-ecd 3
jfj-ecd 1
424
3
ecd-ece 1
ici-ece 4
eaa-ece 2
425
5
dc-ecf 1
cib-ecf 1
beh-ecf 1
dgb-ecf 2
eed-ecf 2
426
3
fbc-ecg 2
bcca-ecg 2
dfa-ecg 3
427
3
dbh-ech 2
jjc-ech 3
hcd-ech 2
428
4
cei-eci 4
dh-eci 1
hcg-eci 1
jac-eci 1
429
1
ihi-ecj 7
430
5
hbd-eda 2
dhf-eda 2
bdcg-eda 1
bbdb-eda 1
igj-eda 1
431
5
gdd-edb 1
jj-edb 1
gec-edb 1
iia-edb 1
fb-edb 3
432
4
ihi-edc 4
baa-edc 1
ggi-edc 1
dci-edc 1
433
4
bdh-edd 2
cbe-edd 1
gag-edd 2
dfa-edd 2
434
4
jh-ede 1
ejb-ede 1
ffi-ede 4
jbb-ede 1
435
4
bdag-edf 1
fah-edf 1
bdfe-edf 1
hba-edf 4
436
4
ie-edg 2
ggd-edg 1
cde-edg 1
jgh-edg 3
437
4
hcd-edh 2
bbgb-edh 1
beb-edh 1
dah-edh 3
438
5
eja-edi 1
egf-edi 1
bda-edi 1
gie-edi 2
ccg-edi 2
439
2
egj-edj 6
egf-edj 1
440
3
djh-eea 1
bgj-eea 4
gcc-eea 2
441
4
bab-eeb 2
hei-eeb 1
hgh-eeb 2
dec-eeb 2
442
4
hci-eec 1
bha-eec 4
cbe-eec 1
dge-eec 1
443
4
fcg-eed 1
gcd-eed 2
jhc-eed 2
iaa-eed 2
444
3
chb-eee 2
fgi-eee 2
idg-eee 3
445
4
bdg-eef 2
dej-eef 1
jad-eef 1
bdcd-eef 3
446
4
bfc-eeg 1
badg-eeg 2
dji-eeg 2
cfe-eeg 2
447
2
gbb-eeh 3
bcc-eeh 4
448
4
beed-eei 1
haj-eei 3
fii-eei 2
bih-eei 1
449
2
bcag-eej 6
bcih-eej 1
450
5
hch-efa 1
bccg-efa 1
cbb-efa 1
jia-efa 3
ii-efa 1
451
1
ehc-efb 7
452
3
hd-efc 1
bhh-efc 5
ehd-efc 1
453
2
fei-efd 6
bbc-efd 1
454
2
bcdb-efe 5
ija-efe 2
455
5
hgf-eff 3
bbed-eff 1
jge-eff 1
bjf-eff 1
fff-eff 1
456
5
bcad-efg 1
bbj-efg 3
iib-efg 1
fii-efg 1
daf-efg 1
457
4
iic-efh 3
bbeg-efh 1
ded-efh 2
igc-efh 1
458
1
eec-efi 7
459
5
fje-efj 1
bbca-efj 2
efe-efj 1
fhc-efj 1
bbfa-efj 2
460
7
icf-ega 1
bja-ega 1
feh-ega 1
cbg-ega 1
bbac-ega 1
bac-ega 1
jca-ega 1
461
4
bcdf-egb 2
fdb-egb 1
hic-egb 1
jg-egb 3
463
3
ebd-egd 2
cfa-egd 4
bdhg-egd 1
464
3
ifi-ege 2
ecb-ege 4
dbb-ege 1
465
4
cha-egf 4
ifd-egf 1
fge-egf 1
eae-egf 1
466
4
jia-egg 4
idd-egg 1
eaj-egg 1
die-egg 1
467
2
iid-egh 4
gah-egh 3
468
1
hef-egi 7
469
5
ibi-egj 2
baih-egj 1
dbi-egj 1
jdg-egj 1
jj-egj 2
470
4
cgh-eha 1
fgd-eha 1
bjj-eha 1
bbi-eha 4
471
2
hib-ehb 2
bfc-ehb 5
472
2
iad-ehc 3
cdh-ehc 4
473
3
hcb-ehd 4
hjj-ehd 1
bffb-ehd 2
474
3
ibh-ehe 4
bebj-ehe 1
hje-ehe 2
475
4
jgj-ehf 1
caa-ehf 4
hgh-ehf 1
cac-ehf 1
476
3
hda-ehg 5
edf-ehg 1
bdgh-ehg 1
477
1
ecf-ehh 7
478
3
jfd-ehi 3
bbeg-ehi 3
fef-ehi 1
479
3
bcgj-ehj 1
hbj-ehj 1
eci-ehj 5
480
2
cjj-eia 2
efc-eia 5
481
4
iih-eib 2
bbbe-eib 1
dg-eib 1
bcji-eib 3
482
4
bdfb-eic 2
fhi-eic 2
ebb-eic 1
bfef-eic 2
483
3
hc-eid 2
bdg-eid 3
bfhj-eid 2
484
2
gbb-eie 5
ffj-eie 2
485
1
fdf-eif 7
486
3
fdf-eig 5
bfeh-eig 1
ede-eig 1
487
5
daa-eih 2
jc-eih 1
cag-eih 1
ifi-eih 1
efh-eih 2
488
3
bfdi-eii 2
fij-eii 1
bgb-eii 4
489
4
jae-eij 1
dcc-eij 1
dfg-eij 2
ief-eij 3
490
3
hej-eja 5
babi-eja 1
iaj-eja 1
491
2
ibd-ejb 6
bhc-ejb 1
492
6
gji-ejc 1
hgb-ejc 1
eia-ejc 2
bcbe-ejc 1
daj-ejc 1
ggd-ejc 1
493
2
ige-ejd 4
iic-ejd 3
494
5
bfj-eje 2
cif-eje 1
ege-eje 1
iei-eje 1
ebj-eje 2
495
1
bfja-ejf 7
496
4
feg-ejg 2
eb-ejg 3
chd-ejg 1
ghb-ejg 1
497
2
bbi-ejh 6
idi-ejh 1
498
4
d-eji 1
cgh-eji 1
hfb-eji 3
cdd-eji 2
499
2
hif-ejj 3
chf-ejj 4
500
5
ice-faa 1
dfb-faa 1
bbba-faa 1
deg-faa 1
dhg-faa 3
501
1
dda-fab 7
502
5
cbi-fac 2
cbh-fac 1
bbii-fac 1
hbc-fac 1
hdh-fac 2
503
5
bdjg-fad 1
baei-fad 1
fgd-fad 2
iej-fad 2
cfh-fad 1
504
3
bdia-fae 2
fje-fae 2
baba-fae 3
505
2
hid-faf 6
bcja-faf 1
506
3
bahb-fag 1
hcd-fag 5
dbf-fag 1
507
2
bjf-fah 5
jbj-fah 2
508
4
gdj-fai 1
badj-fai 3
fdh-fai 2
eff-fai 1
509
5
bhe-faj 1
ghi-faj 1
ga-faj 3
fgi-faj 1
ggb-faj 1
510
3
bbdb-fba 2
dii-fba 1
cdi-fba 4
511
2
jih-fbb 4
jgi-fbb 3
512
1
baag-fbc 7
513
5
eai-fbd 1
jhc-fbd 1
ejj-fbd 3
hej-fbd 1
bih-fbd 1
514
2
bceh-fbe 4
fgi-fbe 3
515
1
jbh-fbf 7
516
2
edb-fbg 4
dff-fbg 3
517
5
fgb-fbh 1
hca-fbh 2
bcjg-fbh 2
fdh-fbh 1
bc-fbh 1
518
5
ebf-fbi 1
dcc-fbi 1
cfg-fbi 3
eah-fbi 1
bjb-fbi 1
519
3
fch-fbj 1
hdc-fbj 5
beig-fbj 1
520
3
bccg-fca 1
gaj-fca 2
jib-fca 4
521
4
hbb-fcb 2
h-fcb 1
bcdf-fcb 1
bhb-fcb 3
522
4
gbd-fcc 2
fjh-fcc 2
gic-fcc 1
bfca-fcc 2
523
1
cba-fcd 7
524
2
baec-fce 5
gia-fce 2
525
5
baib-fcf 1
bff-fcf 1
cce-fcf 3
ehe-fcf 1
ebi-fcf 1
526
3
bcah-fcg 4
gcc-fcg 1
bbe-fcg 2
527
7
bcee-fch 1
eae-fch 1
cjb-fch 1
beaj-fch 1
ecb-fch 1
hfc-fch 1
fcf-fch 1
528
7
iei-fci 1
iba-fci 1
dfd-fci 1
dfh-fci 1
bbea-fci 1
dei-fci 1
bjf-fci 1
529
4
egd-fcj 2
ffb-fcj 1
ghc-fcj 2
fcg-fcj 2
530
5
cfd-fda 1
bhi-fda 1
edf-fda 1
bhj-fda 3
bbbd-fda 1
531
3
eha-fdb 2
ccf-fdb 3
def-fdb 2
532
4
bahi-fdc 1
eg-fdc 3
cif-fdc 1
bbjb-fdc 2
533
7
eaf-fdd 1
bfha-fdd 1
hid-fdd 1
bei-fdd 1
baei-fdd 1
bfie-fdd 1
edd-fdd 1
534
3
fih-fde 4
jj-fde 2
egb-fde 1
535
5
fdg-fdf 3
cgg-fdf 1
ibe-fdf 1
gdc-fdf 1
bade-fdf 1
536
4
bdhg-fdg 3
gje-fdg 1
bach-fdg 1
bhi-fdg 2
537
6
cdc-fdh 1
gf-fdh 1
deb-fdh 1
bcjh-fdh 1
ffa-fdh 1
cjd-fdh 2
538
1
jii-fdi 7
539
2
bdfh-fdj 4
hbh-fdj 3
540
4
ee-fea 1
bbia-fea 1
bdcd-fea 1
bceb-fea 4
541
5
ieb-feb 3
ibd-feb 1
dfh-feb 1
hgh-feb 1
ih-feb 1
542
3
bfij-fec 3
bfcg-fec 1
ffe-fec 3
543
3
hdi-fed 3
bbhb-fed 3
fjd-fed 1
544
5
fff-fee 2
ihf-fee 1
be-fee 1
ecb-fee 2
bbaa-fee 1
545
4
bfdg-fef 3
dfe-fef 2
je-fef 1
bbfh-fef 1
546
6
ijc-feg 1
ihh-feg 1
bi-feg 2
hgh-feg 1
bd-feg 1
bcgj-feg 1
547
4
djg-feh 2
hei-feh 1
chc-feh 3
bbdc-feh 1
548
2
begd-fei 3
eeg-fei 4
549
2
dfe-fej 5
hhe-fej 2
550
5
idb-ffa 1
gch-ffa 1
bfef-ffa 3
df-ffa 1
dce-ffa 1
551
5
dab-ffb 1
cfd-ffb 2
ica-ffb 1
i-ffb 1
jfe-ffb 2
552
2
hbb-ffc 3
bdj-ffc 4
553
1
dij-ffd 7
554
2
hdc-ffe 6
baba-ffe 1
555
7
baae-fff 1
hfd-fff 1
fgj-fff 1
chc-fff 1
edi-fff 1
jbf-fff 1
baj-fff 1
557
2
e-ffh 1
fja-ffh 6
558
3
cdj-ffi 5
cif-ffi 1
bcdd-ffi 1
559
3
baid-ffj 3
dfd-ffj 1
gfi-ffj 3
560
6
igi-fga 1
bbhg-fga 2
eae-fga 1
cie-fga 1
bhe-fga 1
gei-fga 1
561
3
eei-fgb 3
gff-fgb 2
dba-fgb 2
562
2
dgd-fgc 5
bagf-fgc 2
563
5
bfff-fgd 2
bfic-fgd 1
ffa-fgd 1
dij-fgd 1
fb-fgd 2
564
2
ibf-fge 2
gjf-fge 5
565
2
def-fgf 1
ha-fgf 6
566
1
ice-fgg 7
567
3
jcf-fgh 4
jjf-fgh 2
dbh-fgh 1
568
3
bcbi-fgi 3
dfg-fgi 1
eeh-fgi 3
569
2
ghj-fgj 5
bdc-fgj 2
570
2
bfig-fha 4
fhc-fha 3
571
6
beeb-fhb 1
feb-fhb 1
hfe-fhb 2
bfcb-fhb 1
beaa-fhb 1
bajf-fhb 1
572
6
bfed-fhc 1
ijj-fhc 1
bbi-fhc 1
bgea-fhc 1
cba-fhc 1
hch-fhc 2
573
4
dea-fhd 1
cih-fhd 3
dgi-fhd 2
hic-fhd 1
574
3
ebh-fhe 2
hci-fhe 4
gge-fhe 1
575
1
gad-fhf 7
576
3
bbfh-fhg 2
da-fhg 3
fjc-fhg 2
577
1
cba-fhh 7
578
3
bcgj-fhi 1
bja-fhi 4
jcb-fhi 2
579
4
bgde-fhj 4
gaj-fhj 1
fag-fhj 1
ii-fhj 1
580
2
gcc-fia 3
hga-fia 4
581
2
gjb-fib 5
fgb-fib 2
582
3
bgaj-fic 5
cea-fic 1
ijd-fic 1
583
4
hh-fid 4
bbaa-fid 1
gif-fid 1
cih-fid 1
584
2
efe-fie 5
bccf-fie 2
585
4
ibj-fif 3
bfcg-fif 1
bbc-fif 2
gge-fif 1
586
4
dec-fig 3
eib-fig 1
bfj-fig 1
ejg-fig 2
587
3
id-fih 1
ed-fih 3
bcc-fih 3
588
4
bcfh-fii 2
gde-fii 2
haf-fii 1
bagb-fii 2
589
2
bdfi-fij 6
ebj-fij 1
590
3
cih-fja 1
bhf-fja 5
edj-fja 1
591
7
bggb-fjb 1
hc-fjb 1
caa-fjb 1
cij-fjb 1
gcg-fjb 1
gef-fjb 1
hae-fjb 1
592
5
hdf-fjc 2
cie-fjc 1
bcff-fjc 1
dbg-fjc 1
baee-fjc 2
593
2
cif-fjd 4
ecc-fjd 3
594
4
fba-fje 2
bbac-fje 2
hci-fje 1
hdj-fje 2
595
3
bahg-fjf 4
jhf-fjf 1
fhc-fjf 2
596
2
bcfe-fjg 5
bhg-fjg 2
597
4
babb-fjh 1
ddd-fjh 2
g-fjh 3
baij-fjh 1
598
7
iga-fji 1
hh-fji 1
bddi-fji 1
cdf-fji 1
fij-fji 1
jbi-fji 1
bgb-fji 1
599
3
gj-fjj 5
bbg-fjj 1
ddi-fjj 1
600
3
gjf-gaa 5
gbb-gaa 1
bacj-gaa 1
601
1
gdh-gab 7
602
1
cca-gac 7
603
6
bdfe-gad 1
jjh-gad 1
bjc-gad 1
bf-gad 1
hij-gad 1
cdf-gad 2
604
7
ghc-gae 1
eig-gae 1
jci-gae 1
ceb-gae 1
bfi-gae 1
bd-gae 1
hca-gae 1
605
1
bjh-gaf 7
606
4
dff-gag 2
bahg-gag 1
dgc-gag 3
jij-gag 1
607
4
iaf-gah 3
ici-gah 2
fac-gah 1
cjc-gah 1
608
1
daa-gai 7
609
3
bcde-gaj 5
iae-gaj 1
di-gaj 1
610
4
fdi-gba 4
bbib-gba 1
hgc-gba 1
bbge-gba 1
611
5
bfjj-gbb 1
dhf-gbb 1
eja-gbb 1
cgb-gbb 1
becb-gbb 3
612
3
baab-gbc 4
bbhc-gbc 1
bbh-gbc 2
613
3
fcb-gbd 4
bbcd-gbd 1
cg-gbd 2
614
1
bgfd-gbe 7
615
4
bdcf-gbf 1
fgd-gbf 4
bbeh-gbf 1
ccj-gbf 1
616
4
dga-gbg 4
dhh-gbg 1
bbcb-gbg 1
hhb-gbg 1
617
2
ff-gbh 6
ejj-gbh 1
618
5
bbeh-gbi 2
ej-gbi 1
bacg-gbi 1
dbi-gbi 2
ifc-gbi 1
619
4
bbfi-gbj 3
eaa-gbj 1
gch-gbj 1
jej-gbj 2
620
3
hbg-gca 2
haj-gca 3
bbfc-gca 2
621
4
jca-gcb 1
cab-gcb 2
bch-gcb 2
bfbd-gcb 2
622
7
baee-gcc 1
bbii-gcc 1
bafc-gcc 1
cdh-gcc 1
iie-gcc 1
baad-gcc 1
ejb-gcc 1
623
1
egf-gcd 7
624
1
fai-gce 7
625
3
baii-gcf 3
cgj-gcf 2
daf-gcf 2
626
3
chg-gcg 2
ijg-gcg 1
hgd-gcg 4
627
3
fjh-gch 1
cih-gch 5
bdc-gch 1
628
3
bga-gci 2
igb-gci 3
cea-gci 2
629
2
ebb-gcj 5
ged-gcj 2
630
2
ihh-gda 4
bdcf-gda 3
631
3
cb-gdb 4
eah-gdb 2
bbg-gdb 1
632
4
cah-gdc 1
babf-gdc 2
gbe-gdc 2
ifc-gdc 2
633
4
dgb-gdd 2
efh-gdd 3
bcag-gdd 1
hfi-gdd 1
634
2
baeb-gde 5
cdd-gde 2
635
4
bchf-gdf 3
hjh-gdf 1
bhc-gdf 2
gfe-gdf 1
636
4
bajh-gdg 3
hag-gdg 1
bddj-gdg 1
db-gdg 2
637
3
jci-gdh 5
bdfd-gdh 1
if-gdh 1
638
1
jcc-gdi 7
639
3
cei-gdj 2
gjg-gdj 1
dib-gdj 4
640
5
edi-gea 3
dea-gea 1
jh-gea 1
cda-gea 1
eaa-gea 1
641
4
hhd-geb 4
begg-geb 1
hfa-geb 1
eff-geb 1
642
2
ffc-gec 5
ihd-gec 2
643
1
bdbj-ged 7
644
1
dda-gee 7
645
4
dfi-gef 2
gfh-gef 1
gij-gef 1
bdgj-gef 3
646
3
cie-geg 5
bfcj-geg 1
gaj-geg 1
647
3
jg-geh 4
bjh-geh 1
iai-geh 2
648
3
iba-gei 3
daf-gei 1
ffa-gei 3
649
4
hgi-gej 2
gda-gej 2
fec-gej 2
cab-gej 1
650
2
hbc-gfa 5
bgeg-gfa 2
651
4
g-gfb 2
bcbi-gfb 1
jhj-gfb 3
gfj-gfb 1
652
4
baha-gfc 1
bche-gfc 1
bcb-gfc 4
ccf-gfc 1
653
3
hjb-gfd 5
bdbg-gfd 1
gch-gfd 1
654
3
baci-gfe 5
hfa-gfe 1
bif-gfe 1
655
7
hh-gff 1
egf-gff 1
idi-gff 1
jbi-gff 1
eci-gff 1
ehe-gff 1
bga-gff 1
656
3
jaj-gfg 1
chc-gfg 5
bahh-gfg 1
657
4
ffb-gfh 1
jaj-gfh 4
bi-gfh 1
iga-gfh 1
658
3
ech-gfi 3
ghc-gfi 3
becd-gfi 1
659
1
bdba-gfj 7
660
2
bhe-gga 5
hhe-gga 2
661
2
bee-ggb 6
eae-ggb 1
662
2
bgae-ggc 3
id-ggc 4
663
3
jhh-ggd 3
igd-ggd 1
djj-ggd 3
664
7
beg-gge 1
efd-gge 1
bfid-gge 1
ehc-gge 1
ifg-gge 1
bdc-gge 1
gaj-gge 1
665
4
jfj-ggf 1
feh-ggf 1
hab-ggf 4
bcdj-ggf 1
666
4
dij-ggg 3
die-ggg 2
bih-ggg 1
caf-ggg 1
667
1
cab-ggh 7
668
3
bfc-ggi 3
cgh-ggi 3
cbc-ggi 1
670
4
bfgj-gha 1
gii-gha 4
gdh-gha 1
ifc-gha 1
671
5
bgef-ghb 1
bbff-ghb 2
bgae-ghb 1
idb-ghb 1
bbfg-ghb 2
672
6
bch-ghc 1
beid-ghc 1
begg-ghc 2
cib-ghc 1
fhi-ghc 1
fea-ghc 1
673
3
bae-ghd 1
did-ghd 5
egj-ghd 1
674
2
ggg-ghe 4
ccb-ghe 3
676
2
fhb-ghg 6
dhh-ghg 1
677
2
cbc-ghh 1
bacj-ghh 6
678
3
daf-ghi 2
cic-ghi 2
hai-ghi 3
679
4
bcbc-ghj 4
hec-ghj 1
fdb-ghj 1
fcd-ghj 1
680
4
ied-gia 4
hbf-gia 1
ccg-gia 1
egg-gia 1
681
2
cic-gib 6
bbhf-gib 1
682
4
dhi-gic 2
bbga-gic 1
gge-gic 1
bjc-gic 3
683
1
cjj-gid 7
684
2
iih-gie 6
ici-gie 1
685
5
bcig-gif 1
gdf-gif 1
bcdi-gif 2
hge-gif 2
jea-gif 1
686
1
bbe-gig 7
687
4
badc-gih 2
die-gih 1
baai-gih 2
bbfb-gih 2
688
2
ib-gii 6
baab-gii 1
689
5
ehf-gij 1
bei-gij 1
ibd-gij 1
fgh-gij 1
ehh-gij 3
690
1
ecd-gja 7
691
1
ebc-gjb 7
692
5
gbe-gjc 2
behb-gjc 1
ca-gjc 1
hg-gjc 2
hji-gjc 1
693
1
gad-gjd 7
694
3
b-gje 4
bhc-gje 1
bbdf-gje 2
695
3
dig-gjf 1
ieg-gjf 2
hdh-gjf 4
696
5
bbic-gjg 1
bdda-gjg 1
egg-gjg 3
bfb-gjg 1
behg-gjg 1
697
3
cbg-gjh 4
cje-gjh 1
dfd-gjh 2
699
3
iii-gjj 3
fbi-gjj 2
hhe-gjj 2
700
3
bcea-haa 2
dbe-haa 2
bjj-haa 3
701
3
bcfg-hab 2
gc-hab 1
fij-hab 4
702
3
bcbg-hac 3
gid-hac 2
gdb-hac 2
703
1
iec-had 7
704
6
idb-hae 1
chi-hae 2
bbic-hae 1
ije-hae 1
hea-hae 1
fac-hae 1
705
2
jji-haf 5
jda-haf 2
706
6
ecj-hag 1
beje-hag 1
dic-hag 1
dfg-hag 2
hje-hag 1
bcgb-hag 1
707
2
fda-hah 6
efj-hah 1
708
1
hfh-hai 7
709
1
bdjj-haj 7
710
2
bdbi-hba 3
bega-hba 4
711
4
fac-hbb 3
eee-hbb 1
cgj-hbb 1
cfb-hbb 2
712
2
ffc-hbc 6
jdg-hbc 1
713
4
eij-hbd 1
bcbd-hbd 1
bei-hbd 4
bdff-hbd 1
714
2
fc-hbe 6
fji-hbe 1
715
2
jf-hbf 1
fcf-hbf 6
716
5
gde-hbg 1
egh-hbg 1
jh-hbg 2
bdjf-hbg 2
ife-hbg 1
717
4
ci-hbh 1
ifg-hbh 4
dbj-hbh 1
babe-hbh 1
718
2
jfh-hbi 4
egd-hbi 3
719
2
bedf-hbj 3
jge-hbj 4
720
6
ead-hca 1
ibe-hca 1
hcf-hca 1
cib-hca 1
jid-hca 1
g-hca 2
721
4
bahd-hcb 4
bdfa-hcb 1
ffe-hcb 1
jba-hcb 1
722
2
cie-hcc 1
iee-hcc 6
723
3
jee-hcd 4
bgi-hcd 1
bdhb-hcd 2
724
6
beaf-hce 1
dha-hce 1
bde-hce 1
ejf-hce 1
eab-hce 1
bchf-hce 2
725
5
gad-hcf 1
hhc-hcf 1
b-hcf 1
bbae-hcf 1
cih-hcf 3
726
4
ibf-hcg 3
ja-hcg 1
jjg-hcg 1
baed-hcg 2
727
3
fci-hch 5
gdg-hch 1
jcb-hch 1
728
5
bdff-hci 1
baef-hci 2
ggi-hci 2
geh-hci 1
fbf-hci 1
729
3
bbgd-hcj 1
jd-hcj 2
eec-hcj 4
730
5
dec-hda 1
ffb-hda 1
idc-hda 1
eda-hda 1
ea-hda 3
731
4
jh-hdb 1
bejg-hdb 3
fei-hdb 2
bfhg-hdb 1
732
6
cbi-hdc 1
jbf-hdc 1
befb-hdc 1
bdac-hdc 1
cej-hdc 1
gig-hdc 2
733
1
bdg-hdd 7
734
2
bbjf-hde 5
jfh-hde 2
735
5
gbh-hdf 1
fad-hdf 1
dci-hdf 3
bbha-hdf 1
bcfg-hdf 1
736
2
dac-hdg 4
fjc-hdg 3
737
2
fec-hdh 1
ihb-hdh 6
738
2
iae-hdi 1
beah-hdi 6
739
4
jbj-hdj 3
bci-hdj 1
haa-hdj 1
eci-hdj 2
740
7
jb-hea 1
befg-hea 1
djb-hea 1
fdf-hea 1
jjg-hea 1
bdfd-hea 1
bcji-hea 1
741
2
icg-heb 3
fab-heb 4
742
4
bdda-hec 1
fai-hec 1
bdhc-hec 1
bfjg-hec 4
743
1
bcbg-hed 7
744
3
gbf-hee 3
ijb-hee 1
bfhd-hee 3
745
4
gha-hef 3
beg-hef 1
bfch-hef 1
bjd-hef 2
746
3
bcdd-heg 3
ceb-heg 1
fid-heg 3
747
4
hii-heh 2
ggc-heh 2
ed-heh 1
dcb-heh 2
748
3
if-hei 3
ie-hei 1
fad-hei 3
749
4
bgbd-hej 2
gcc-hej 1
ccd-hej 3
cec-hej 1
750
4
jga-hfa 2
dgc-hfa 1
befe-hfa 1
jhg-hfa 3
751
3
gc-hfb 4
bff-hfb 2
icd-hfb 1
752
3
gab-hfc 1
bcdc-hfc 2
gjh-hfc 4
753
4
bcec-hfd 1
bad-hfd 1
ddc-hfd 3
eih-hfd 2
754
3
gac-hfe 2
bahd-hfe 3
ejg-hfe 2
755
3
hge-hff 2
bacc-hff 4
bbci-hff 1
756
3
bbac-hfg 3
gfd-hfg 1
ij-hfg 3
757
4
bbaj-hfh 2
ihf-hfh 2
ede-hfh 1
eci-hfh 2
758
2
eci-hfi 5
beih-hfi 2
759
3
jfc-hfj 2
bfhi-hfj 4
gaa-hfj 1
760
2
bbg-hga 1
fdb-hga 6
761
5
bccd-hgb 1
bdf-hgb 1
dfj-hgb 1
gcc-hgb 3
hfc-hgb 1
762
4
fea-hgc 1
dej-hgc 1
hje-hgc 2
fia-hgc 3
763
2
bbfa-hgd 1
bedb-hgd 6
764
2
beff-hge 6
efg-hge 1
765
4
bci-hgf 4
bafe-hgf 1
icd-hgf 1
fea-hgf 1
766
2
ehf-hgg 2
baib-hgg 5
767
2
dej-hgh 6
deg-hgh 1
768
3
baai-hgi 4
baja-hgi 2
cdb-hgi 1
770
5
hdd-hha 2
ii-hha 1
ihj-hha 2
baad-hha 1
bi-hha 1
771
3
bbaa-hhb 5
gfa-hhb 1
dfa-hhb 1
772
3
beff-hhc 1
eia-hhc 4
fhc-hhc 2
773
2
bdec-hhd 5
gaa-hhd 2
774
4
dji-hhe 2
eff-hhe 1
gja-hhe 3
bdfa-hhe 1
775
2
bcf-hhf 6
bafj-hhf 1
776
3
ga-hhg 3
hbb-hhg 2
dgd-hhg 2
777
2
ebd-hhh 5
haa-hhh 2
778
1
bdci-hhi 7
779
7
chi-hhj 1
beb-hhj 1
bfag-hhj 1
hie-hhj 1
jec-hhj 1
idc-hhj 1
cbg-hhj 1
780
3
jdd-hia 3
bbie-hia 1
dbf-hia 3
781
1
bbi-hib 7
782
4
chh-hic 1
dcc-hic 2
dhd-hic 3
bgcf-hic 1
783
1
bgdg-hid 7
784
2
bgbb-hie 6
bjg-hie 1
785
3
fje-hif 3
cii-hif 3
ggc-hif 1
786
3
fig-hig 2
che-hig 1
gb-hig 4
787
2
ddh-hih 5
iaf-hih 2
788
4
djb-hii 1
jaj-hii 1
fej-hii 3
cgi-hii 2
789
6
bji-hij 1
hag-hij 1
jff-hij 1
fj-hij 1
dif-hij 2
bbbd-hij 1
790
2
gbd-hja 6
fae-hja 1
791
2
cfh-hjb 6
bde-hjb 1
792
6
bbfi-hjc 1
hbi-hjc 1
gaj-hjc 1
bfhe-hjc 1
hcc-hjc 1
ifd-hjc 2
793
2
bbd-hjd 4
fef-hjd 3
794
2
bdja-hje 3
fgj-hje 4
795
3
beji-hjf 5
gid-hjf 1
edj-hjf 1
796
5
jdh-hjg 2
jgg-hjg 2
eda-hjg 1
cfa-hjg 1
gdj-hjg 1
797
2
caj-hjh 6
bcg-hjh 1
798
2
hfj-hji 5
bba-hji 2
799
7
gah-hjj 1
beea-hjj 1
fe-hjj 1
fgd-hjj 1
bace-hjj 1
cjf-hjj 1
bgc-hjj 1
800
6
jcg-iaa 1
eef-iaa 1
deb-iaa 1
cij-iaa 1
dhc-iaa 2
ead-iaa 1
801
3
cdh-iab 2
ech-iab 4
bdbh-iab 1
802
3
hia-iac 1
eic-iac 3
hbi-iac 3
803
5
cgd-iad 1
cba-iad 2
dd-iad 1
d-iad 1
jcd-iad 2
804
5
cjg-iae 1
cib-iae 2
fjd-iae 2
cdf-iae 1
bcd-iae 1
805
3
jd-iaf 1
gjf-iaf 4
ejf-iaf 2
806
4
begg-iag 3
ihd-iag 1
bage-iag 1
ejg-iag 2
807
2
fei-iah 4
dad-iah 3
808
4
dje-iai 1
jh-iai 1
beja-iai 3
gf-iai 2
809
2
gbh-iaj 6
bddg-iaj 1
810
5
bbbj-iba 1
bbba-iba 1
ejb-iba 1
bcb-iba 2
bafb-iba 2
811
2
bead-ibb 6
iha-ibb 1
812
2
bbgf-ibc 6
egb-ibc 1
813
2
bgcj-ibd 5
bdhd-ibd 2
814
2
fba-ibe 5
bbcc-ibe 2
815
3
bffh-ibf 1
dje-ibf 2
dih-ibf 4
816
4
ceb-ibg 1
fhg-ibg 3
efj-ibg 2
bafg-ibg 1
817
3
bahj-ibh 4
babb-ibh 2
eja-ibh 1
818
4
fdi-ibi 4
bjc-ibi 1
jib-ibi 1
fii-ibi 1
819
4
bbcd-ibj 1
bbdb-ibj 4
dfd-ibj 1
hae-ibj 1
820
4
dgi-ica 1
becf-ica 1
edc-ica 3
bcfh-ica 2
821
3
hfi-icb 3
fib-icb 2
fhj-icb 2
823
5
eig-icd 2
hj-icd 1
jaj-icd 1
jaa-icd 2
hcd-icd 1
824
3
ehd-ice 4
hgi-ice 1
jfh-ice 2
825
4
dbb-icf 3
cih-icf 1
fce-icf 1
bcha-icf 2
826
3
gcg-icg 1
bcdi-icg 3
bjj-icg 3
827
1
beei-ich 7
828
3
cj-ici 3
jc-ici 1
dfa-ici 3
829
1
jie-icj 7
830
3
bhf-ida 3
bcfd-ida 2
hee-ida 2
831
5
ghi-idb 1
fce-idb 2
cdh-idb 1
bach-idb 1
cii-idb 2
832
2
iij-idc 6
gjg-idc 1
833
4
bfda-idd 3
fih-idd 2
bbah-idd 1
fj-idd 1
834
1
fgc-ide 7
835
5
bajg-idf 1
jhi-idf 1
dh-idf 1
dii-idf 1
efa-idf 3
836
4
dhd-idg 4
bfi-idg 1
bagf-idg 1
ic-idg 1
838
4
bgfa-idi 1
ech-idi 1
bbdd-idi 1
hhc-idi 4
839
2
fdj-idj 4
bcc-idj 3
840
4
bij-iea 3
eeb-iea 1
bebf-iea 1
chb-iea 2
841
3
bbie-ieb 5
bdaj-ieb 1
fhb-ieb 1
842
4
hfg-iec 2
bbca-iec 1
hfh-iec 3
iff-iec 1
843
4
jac-ied 2
bbid-ied 1
bche-ied 2
hhb-ied 2
844
2
efc-iee 1
bdcd-iee 6
845
4
bbah-ief 2
hag-ief 2
ea-ief 1
bfc-ief 2
846
4
ffh-ieg 1
fjj-ieg 2
idd-ieg 3
hcd-ieg 1
847
4
bchj-ieh 1
caj-ieh 1
bge-ieh 3
bjg-ieh 2
848
5
bcgb-iei 1
dbf-iei 1
hgi-iei 1
efg-iei 2
behf-iei 2
849
2
bbh-iej 1
bdi-iej 6
850
4
bdbe-ifa 3
ccc-ifa 1
bbbi-ifa 1
hcf-ifa 2
851
2
bagh-ifb 4
dfh-ifb 3
852
4
bchg-ifc 1
ejj-ifc 1
cee-ifc 1
jid-ifc 4
853
4
bah-ifd 3
ijh-ifd 2
cf-ifd 1
bbhd-ifd 1
854
3
dad-ife 2
bbdj-ife 1
hjf-ife 4
855
4
efe-iff 2
cgi-iff 1
jgf-iff 1
bjb-iff 3
856
3
jci-ifg 5
bgeb-ifg 1
be-ifg 1
857
3
baga-ifh 2
cid-ifh 1
baai-ifh 4
858
2
bcci-ifi 6
badf-ifi 1
859
1
chb-ifj 7
860
2
ebb-iga 6
gfj-iga 1
861
1
cif-igb 7
862
3
bcgi-igc 5
eaf-igc 1
gh-igc 1
863
3
ife-igd 2
ggg-igd 3
hfd-igd 2
864
3
hjc-ige 4
dbj-ige 1
dbi-ige 2
866
1
babd-igg 7
867
1
hag-igh 7
868
2
bcbj-igi 4
bbg-igi 3
869
4
dde-igj 3
bdie-igj 1
jba-igj 2
gih-igj 1
870
4
jfa-iha 1
hgf-iha 2
bcdj-iha 2
bbfe-iha 2
871
1
bbcj-ihb 7
872
3
ehj-ihc 1
jfd-ihc 1
eba-ihc 5
873
4
bbdd-ihd 3
fj-ihd 1
behh-ihd 2
bgei-ihd 1
874
3
hdg-ihe 4
hdj-ihe 1
hdi-ihe 2
875
3
ijj-ihf 1
bbad-ihf 5
bfcc-ihf 1
876
4
gbf-ihg 3
cdj-ihg 1
bcj-ihg 2
gij-ihg 1
877
2
gih-ihh 6
cib-ihh 1
878
5
gjh-ihi 2
hdb-ihi 1
jg-ihi 1
bebh-ihi 1
bdgf-ihi 2
879
2
caf-ihj 6
cef-ihj 1
880
3
hfh-iia 2
fgb-iia 4
fid-iia 1
881
5
chd-iib 1
cfb-iib 3
baeb-iib 1
bafa-iib 1
id-iib 1
882
4
jje-iic 1
gfa-iic 1
fag-iic 4
iie-iic 1
883
2
iae-iid 4
ffa-iid 3
884
5
bejf-iie 1
bec-iie 1
jee-iie 1
bgc-iie 1
cbb-iie 3
885
2
hif-iif 6
bbei-iif 1
886
2
hjb-iig 4
hcg-iig 3
887
1
hbj-iih 7
888
1
bbib-iii 7
889
1
baaa-iij 7
890
2
dbj-ija 1
iaa-ija 6
891
1
ega-ijb 7
892
3
bbf-ijc 3
cgi-ijc 2
bcij-ijc 2
893
3
hfi-ijd 3
gdh-ijd 2
beda-ijd 2
894
4
beef-ije 1
bbbj-ije 1
gda-ije 1
bef-ije 4
895
1
hei-ijf 7
896
2
ig-ijg 6
behi-ijg 1
897
2
bii-ijh 6
hhg-ijh 1
898
1
gd-iji 7
899
2
iaf-ijj 6
cff-ijj 1
900
2
bbjh-jaa 4
jbg-jaa 3
901
2
gbe-jab 2
baej-jab 5
902
5
ghg-jac 1
bgg-jac 3
ibb-jac 1
hca-jac 1
ejj-jac 1
903
2
bcij-jad 5
djc-jad 2
904
2
cja-jae 4
bbih-jae 3
905
2
bgd-jaf 5
bdig-jaf 2
906
3
cg-jag 3
bdij-jag 2
cbc-jag 2
907
4
bcif-jah 4
baia-jah 1
bchh-jah 1
fie-jah 1
908
5
gbj-jai 1
efa-jai 2
bbbg-jai 2
hah-jai 1
bffi-jai 1
909
2
ebd-jaj 2
iic-jaj 5
910
3
gej-jba 2
cgd-jba 2
bdef-jba 3
911
2
gjc-jbb 5
dhg-jbb 2
912
2
gbg-jbc 5
jca-jbc 2
913
3
bfad-jbd 4
dij-jbd 1
bgh-jbd 2
914
1
de-jbe 7
915
4
hai-jbf 2
gfg-jbf 3
cc-jbf 1
bedi-jbf 1
916
4
bjd-jbg 2
ehd-jbg 3
baie-jbg 1
bdid-jbg 1
917
3
dbd-jbh 2
babf-jbh 1
bji-jbh 4
918
2
bdcc-jbi 2
hai-jbi 5
919
4
jhb-jbj 4
daa-jbj 1
hdc-jbj 1
ejd-jbj 1
920
4
idf-jca 2
fdh-jca 1
jde-jca 1
jfg-jca 3
921
4
faj-jcb 1
gae-jcb 3
hhf-jcb 2
ihh-jcb 1
922
3
fjg-jcc 1
fej-jcc 5
gfb-jcc 1
923
4
bagh-jcd 1
jcc-jcd 3
ied-jcd 2
hgh-jcd 1
924
1
bafi-jce 7
925
3
igj-jcf 4
ghe-jcf 1
djc-jcf 2
926
3
ggg-jcg 3
cfj-jcg 1
babe-jcg 3
927
1
hhh-jch 7
928
6
gih-jci 1
hhe-jci 1
fb-jci 2
beia-jci 1
fch-jci 1
bfbf-jci 1
930
3
bdig-jda 2
cjb-jda 3
bgdf-jda 2
931
5
jji-jdb 2
jhc-jdb 1
cgf-jdb 1
bbaj-jdb 2
hge-jdb 1
932
3
jc-jdc 3
hbh-jdc 1
gdh-jdc 3
933
3
dhc-jdd 2
ffh-jdd 2
dic-jdd 3
934
6
ha-jde 2
bi-jde 1
bie-jde 1
bdgi-jde 1
bcjb-jde 1
baad-jde 1
936
6
bhb-jdg 1
dhj-jdg 1
bh-jdg 1
ibi-jdg 2
gea-jdg 1
fbf-jdg 1
937
1
ea-jdh 7
939
3
eic-jdj 5
ja-jdj 1
jfj-jdj 1
940
1
ije-jea 7
941
1
jad-jeb 7
942
4
badg-jec 1
ehc-jec 4
dae-jec 1
bdfg-jec 1
943
1
djc-jed 7
944
4
hjb-jee 2
ceg-jee 1
cfg-jee 1
ej-jee 3
945
5
badj-jef 1
bbje-jef 1
beh-jef 1
bbfe-jef 2
fad-jef 2
946
2
bbj-jeg 2
baib-jeg 5
947
3
bafe-jeh 2
ddj-jeh 4
bgdb-jeh 1
948
1
eff-jei 7
949
2
dch-jej 4
ehb-jej 3
950
4
fdj-jfa 4
iec-jfa 1
bhe-jfa 1
chb-jfa 1
951
3
ebb-jfb 5
bbdb-jfb 1
cge-jfb 1
952
3
cgh-jfc 3
jgb-jfc 1
egb-jfc 3
953
2
fbd-jfd 3
babc-jfd 4
954
4
bfgb-jfe 1
bcif-jfe 4
egf-jfe 1
c-jfe 1
955
2
egg-jff 2
bfeb-jff 5
956
3
ega-jfg 2
fic-jfg 1
bccb-jfg 4
957
4
fdf-jfh 3
gfb-jfh 1
bffj-jfh 1
eij-jfh 2
958
4
dii-jfi 1
bbj-jfi 2
befa-jfi 1
eib-jfi 3
959
5
bcaj-jfj 2
bcc-jfj 1
jfa-jfj 2
bdhe-jfj 1
eac-jfj 1
960
4
fdf-jga 3
bfcd-jga 2
bfab-jga 1
bagg-jga 1
961
1
ecd-jgb 7
962
5
babj-jgc 1
cfa-jgc 1
ibd-jgc 1
bba-jgc 2
ied-jgc 2
963
1
ghb-jgd 7
964
5
dda-jge 3
bagf-jge 1
bedj-jge 1
gbf-jge 1
bcgj-jge 1
965
4
i-jgf 4
hhj-jgf 1
fbf-jgf 1
bhg-jgf 1
966
3
bajc-jgg 3
heh-jgg 1
cfd-jgg 3
967
2
jcb-jgh 6
dfc-jgh 1
968
2
iae-jgi 4
gjf-jgi 3
970
3
bea-jha 1
ghd-jha 5
jia-jha 1
971
1
ejg-jhb 7
972
3
ced-jhc 5
hei-jhc 1
eej-jhc 1
973
2
gba-jhd 3
geb-jhd 4
974
3
bbai-jhe 2
jih-jhe 1
jae-jhe 4
975
3
behe-jhf 1
bajj-jhf 2
fch-jhf 4
976
2
fbi-jhg 6
hde-jhg 1
977
2
bfia-jhh 6
gab-jhh 1
978
2
bcj-jhi 6
bagi-jhi 1
979
1
eei-jhj 7
980
6
ddg-jia 2
bded-jia 1
baac-jia 1
ecc-jia 1
bje-jia 1
baca-jia 1
981
4
iac-jib 1
gda-jib 1
bjf-jib 4
bab-jib 1
982
2
hff-jic 5
igj-jic 2
983
4
bgfj-jid 3
bdgd-jid 1
jff-jid 1
cag-jid 2
984
3
baih-jie 5
hdb-jie 1
cij-jie 1
985
3
bb-jif 1
dge-jif 4
hah-jif 2
986
3
bafi-jig 3
bbe-jig 2
gha-jig 2
987
2
gfi-jih 6
bfa-jih 1
988
2
cei-jii 5
ddf-jii 2
989
2
ge-jij 4
bah-jij 3
991
5
cjc-jjb 2
hja-jjb 1
bdi-jjb 1
ihg-jjb 1
jif-jjb 2
992
3
bcgb-jjc 4
jbg-jjc 2
jhg-jjc 1
993
1
daj-jjd 7
994
4
bbcg-jje 1
baig-jje 1
badd-jje 1
ej-jje 4
995
2
ccf-jjf 3
hja-jjf 4
996
2
gfc-jjg 2
efa-jjg 5
997
1
geh-jjh 7
998
1
hef-jji 7
999
3
baea-jjj 2
bcci-jjj 2
edg-jjj 3
1000
1
fgi-baaa 7
1001
4
ifd-baab 3
efi-baab 1
jeg-baab 2
bc-baab 1
1002
2
jbh-baac 1
hig-baac 6
1003
4
jcd-baad 2
ehj-baad 1
bbbh-baad 1
ceb-baad 3
1004
2
eje-baae 5
dib-baae 2
1005
2
bdej-baaf 3
baae-baaf 4
1006
5
beja-baag 1
jci-baag 1
ffj-baag 1
cdc-baag 1
fc-baag 3
1007
1
baef-baah 7
1008
4
baha-baai 1
bacb-baai 1
igj-baai 1
dgd-baai 4
1009
1
ceb-baaj 7
1010
4
jdf-baba 3
ehi-baba 2
bbfb-baba 1
dfi-baba 1
1011
3
ggi-babb 2
djh-babb 3
edh-babb 2
1012
4
baif-babc 1
beag-babc 1
if-babc 1
jga-babc 4
1013
2
dfe-babd 6
gec-babd 1
1014
4
dbj-babe 2
cjc-babe 1
ije-babe 3
ebj-babe 1
1015
2
begj-babf 6
ceg-babf 1
1016
2
bdhd-babg 3
beba-babg 4
1017
2
baia-babh 5
cbg-babh 2
1018
3
cdb-babi 3
baij-babi 3
gd-babi 1
1019
3
bfib-babj 2
bbcg-babj 4
fdc-babj 1
1020
1
igh-baca 7
1021
6
jhb-bacb 1
bgbj-bacb 1
jce-bacb 1
jg-bacb 1
bcje-bacb 1
heb-bacb 2
1022
3
gdb-bacc 4
hbc-bacc 1
feg-bacc 2
1023
1
jgf-bacd 7
1024
2
dhb-bace 6
bbcd-bace 1
1025
1
ifd-bacf 7
1026
2
bgdb-bacg 4
cja-bacg 3
1027
3
bih-bach 1
fdd-bach 1
baag-bach 5
1028
1
ejc-baci 7
1029
3
bada-bacj 5
ibj-bacj 1
iha-bacj 1
1030
4
gdb-bada 3
bbcf-bada 1
hej-bada 2
ecj-bada 1
1031
3
bdf-badb 1
bddf-badb 5
dcd-badb 1
1032
2
ifg-badc 4
hfg-badc 3
1033
3
gh-badd 3
bcac-badd 2
jc-badd 2
1034
1
ega-bade 7
1035
1
fgh-badf 7
1036
2
jhi-badg 5
bbbf-badg 2
1037
2
bbgj-badh 4
fhe-badh 3
1038
2
ghg-badi 6
bbdi-badi 1
1039
4
bbhf-badj 4
bjf-badj 1
ijj-badj 1
ff-badj 1
1040
3
hdd-baea 2
he-baea 1
jgg-baea 4
1041
4
fd-baeb 2
bdcj-baeb 1
iag-baeb 1
bbaf-baeb 3
1042
4
hbg-baec 2
jha-baec 2
jaa-baec 1
ccb-baec 2
1043
1
djc-baed 7
1044
1
baeg-baee 7
1045
4
efd-baef 2
bdbf-baef 2
fi-baef 1
gj-baef 2
1046
4
bcef-baeg 1
hhd-baeg 3
jdc-baeg 1
baic-baeg 2
1047
1
ihg-baeh 7
1048
4
bagg-baei 2
bcig-baei 3
bhc-baei 1
chj-baei 1
1049
2
bbhh-baej 3
bdfj-baej 4
1050
5
babe-bafa 2
dgj-bafa 1
jdj-bafa 1
hgc-bafa 2
cff-bafa 1
1051
3
baah-bafb 3
gdg-bafb 2
bbbd-bafb 2
1052
4
hii-bafc 1
bbef-bafc 1
jce-bafc 1
gfg-bafc 4
1053
2
cfa-bafd 3
fei-bafd 4
1054
2
fdd-bafe 6
bgf-bafe 1
1055
2
bfif-baff 3
hcj-baff 4
1056
1
fdd-bafg 7
1057
1
jbd-bafh 7
1058
3
chi-bafi 1
bag-bafi 1
bhj-bafi 5
1059
2
gfi-bafj 4
hef-bafj 3
1060
2
bbag-baga 6
ded-baga 1
1061
1
fhb-bagb 7
1062
1
gie-bagc 7
1063
3
ibg-bagd 3
hgd-bagd 1
beg-bagd 3
1064
4
jfb-bage 1
bbcj-bage 1
jhf-bage 3
babh-bage 2
1065
2
bede-bagf 3
bgd-bagf 4
1066
4
hgb-bagg 3
bbgh-bagg 1
baie-bagg 1
fcb-bagg 2
1067
5
cgf-bagh 1
cde-bagh 1
eab-bagh 3
gje-bagh 1
ijg-bagh 1
1068
2
bcac-bagi 3
ggh-bagi 4
1069
3
jhd-bagj 4
bad-bagj 1
bgj-bagj 2
1070
2
bgcc-baha 4
bcgf-baha 3
1071
2
cgc-bahb 6
bgah-bahb 1
1072
1
hbg-bahc 7
1073
5
behd-bahd 1
dii-bahd 1
beij-bahd 1
efa-bahd 2
dbb-bahd 2
1074
1
bcdi-bahe 7
1075
2
bagd-bahf 2
ffi-bahf 5
1076
2
gjc-bahg 6
bgc-bahg 1
1077
4
bedg-bahh 3
hea-bahh 1
bahg-bahh 2
jab-bahh 1
1078
4
ia-bahi 2
hab-bahi 1
ghc-bahi 3
ceh-bahi 1
1079
1
fbe-bahj 7
1080
3
jif-baia 1
gaf-baia 2
bgg-baia 4
1081
2
iac-baib 5
hih-baib 2
1082
3
bcgg-baic 2
babi-baic 4
iaa-baic 1
1083
1
bejd-baid 7
1084
5
chg-baie 2
iaf-baie 1
bai-baie 1
efc-baie 1
bade-baie 2
1085
1
jcb-baif 7
1086
4
hif-baig 1
edd-baig 1
ihc-baig 4
jgh-baig 1
1087
5
gcf-baih 1
becj-baih 1
bcej-baih 1
eea-baih 3
bbgd-baih 1
1088
2
bbab-baii 6
ffj-baii 1
1089
3
bha-baij 1
bfh-baij 4
ife-baij 2
1090
4
cgg-baja 1
cdh-baja 4
bcfj-baja 1
bif-baja 1
1091
3
bafj-bajb 2
ji-bajb 2
bdfg-bajb 3
1092
2
dhb-bajc 2
bbae-bajc 5
1093
3
bfjc-bajd 3
edc-bajd 1
hha-bajd 3
1094
4
iej-baje 2
gfi-baje 1
bdab-baje 1
hhe-baje 3
1095
5
jcd-bajf 3
eca-bajf 1
bbgi-bajf 1
bcje-bajf 1
jeb-bajf 1
1096
2
cgf-bajg 2
fi-bajg 5
1097
2
bia-bajh 2
hba-bajh 5
1098
2
bhf-baji 3
baje-baji 4
1099
3
bajf-bajj 1
ejh-bajj 5
eci-bajj 1
1100
3
beeg-bbaa 3
bcfa-bbaa 1
ghb-bbaa 3
1101
1
bbfc-bbab 7
1102
4
bejd-bbac 1
iif-bbac 3
dce-bbac 1
fed-bbac 2
1103
2
bbag-bbad 3
jbh-bbad 4
1104
6
gc-bbae 1
bcfc-bbae 1
hg-bbae 1
eah-bbae 1
bgba-bbae 1
gid-bbae 2
1105
1
eff-bbaf 7
1106
1
gff-bbag 7
1107
4
bfjh-bbah 1
cja-bbah 1
beci-bbah 2
fhe-bbah 3
1108
2
bafj-bbai 5
bhj-bbai 2
1109
1
ich-bbaj 7
1110
5
cgd-bbba 1
hde-bbba 2
jid-bbba 2
hdb-bbba 1
babb-bbba 1
1111
1
hed-bbbb 7
1113
4
bgab-bbbd 3
baec-bbbd 1
icb-bbbd 1
bbh-bbbd 2
1114
3
dhj-bbbe 3
bcc-bbbe 3
bccj-bbbe 1
1115
2
gej-bbbf 3
cef-bbbf 4
1116
2
ief-bbbg 6
icb-bbbg 1
1117
2
ehg-bbbh 5
bagc-bbbh 2
1118
2
bac-bbbi 4
gee-bbbi 3
1119
3
bahe-bbbj 2
big-bbbj 2
bgdj-bbbj 3
1120
2
bdd-bbca 6
jcc-bbca 1
1121
5
djj-bbcb 2
iee-bbcb 1
jfd-bbcb 1
ccc-bbcb 2
hih-bbcb 1
1122
2
bgf-bbcc 4
hbd-bbcc 3
1123
3
baii-bbcd 3
gje-bbcd 1
jjd-bbcd 3
1124
2
iff-bbce 6
gde-bbce 1
1125
2
bbae-bbcf 1
fhc-bbcf 6
1126
3
fcg-bbcg 4
ccj-bbcg 1
bdid-bbcg 2
1127
1
icb-bbch 7
1128
2
bie-bbci 6
babh-bbci 1
1129
2
hee-bbcj 6
bbbb-bbcj 1
1130
2
jde-bbda 6
ehh-bbda 1
1131
5
idc-bbdb 1
bbf-bbdb 3
bfdj-bbdb 1
ifa-bbdb 1
hjj-bbdb 1
1132
1
jh-bbdc 7
1133
5
fgh-bbdd 1
eii-bbdd 1
gid-bbdd 3
bci-bbdd 1
beb-bbdd 1
1134
1
jif-bbde 7
1135
2
baed-bbdf 3
gbi-bbdf 4
1136
3
bgdc-bbdg 4
bid-bbdg 1
bhc-bbdg 2
1137
3
bcjd-bbdh 1
eef-bbdh 2
ghb-bbdh 4
1138
3
bcba-bbdi 3
hbh-bbdi 1
baee-bbdi 3
1139
1
ghi-bbdj 7
1140
2
df-bbea 3
cga-bbea 4
1141
5
bbde-bbeb 1
ji-bbeb 1
bbae-bbeb 1
ihd-bbeb 1
bffc-bbeb 3
1142
1
bcie-bbec 7
1143
1
jc-bbed 7
1144
1
bdee-bbee 7
1145
4
fjf-bbef 1
fjb-bbef 3
badd-bbef 2
ce-bbef 1
1146
3
bcjg-bbeg 3
bgbc-bbeg 2
eca-bbeg 2
1147
2
ghj-bbeh 5
eg-bbeh 2
1148
2
eif-bbei 1
gej-bbei 6
1149
3
bcbb-bbej 2
fja-bbej 4
fci-bbej 1
1150
1
bacc-bbfa 7
1151
5
bdah-bbfb 1
bbgg-bbfb 1
ghj-bbfb 1
fgd-bbfb 1
baji-bbfb 3
1152
2
bfej-bbfc 6
ibh-bbfc 1
1153
4
bdcj-bbfd 1
ebc-bbfd 1
eaa-bbfd 4
bdje-bbfd 1
1154
2
chg-bbfe 5
bbgi-bbfe 2
1155
6
hg-bbff 1
fcc-bbff 1
jig-bbff 1
bdjd-bbff 2
dbh-bbff 1
ihi-bbff 1
1156
3
eee-bbfg 3
bfee-bbfg 2
fea-bbfg 2
1157
3
gec-bbfh 2
efd-bbfh 2
bbjg-bbfh 3
1158
3
bbej-bbfi 4
bace-bbfi 2
bfhb-bbfi 1
1159
4
cbc-bbfj 3
ifc-bbfj 1
cje-bbfj 2
babh-bbfj 1
1160
2
eji-bbga 6
jbc-bbga 1
1161
4
hgd-bbgb 1
hi-bbgb 1
iic-bbgb 4
jff-bbgb 1
1162
1
bafa-bbgc 7
1163
1
bgag-bbgd 7
1164
4
eb-bbge 1
bbff-bbge 3
ihg-bbge 1
ddd-bbge 2
1165
1
fcj-bbgf 7
1166
4
bcde-bbgg 3
ca-bbgg 1
gfh-bbgg 1
bdai-bbgg 2
1167
1
bbei-bbgh 7
1168
4
jab-bbgi 3
jgi-bbgi 1
bfi-bbgi 1
bdgi-bbgi 2
1169
3
bbcj-bbgj 2
eah-bbgj 2
bejh-bbgj 3
1170
2
begi-bbha 1
fbe-bbha 6
1171
1
iec-bbhb 7
1172
1
cbh-bbhc 7
1173
4
ece-bbhd 1
j-bbhd 3
bced-bbhd 1
bdb-bbhd 2
1174
4
id-bbhe 1
gfe-bbhe 1
fh-bbhe 4
bbgb-bbhe 1
1175
3
bfec-bbhf 4
dia-bbhf 1
baif-bbhf 2
1177
2
beee-bbhh 4
bcjf-bbhh 3
1178
2
hgi-bbhi 5
bfge-bbhi 2
1180
3
ei-bbia 3
ij-bbia 1
edb-bbia 3
1181
1
bdi-bbib 7
1182
2
befc-bbic 1
iab-bbic 6
1183
1
bbdd-bbid 7
1184
3
bbhj-bbie 1
def-bbie 2
dee-bbie 4
1185
2
bij-bbif 6
dcj-bbif 1
1186
1
cig-bbig 7
1187
2
bfd-bbih 6
gc-bbih 1
1188
2
jhc-bbii 4
bfgf-bbii 3
1189
2
bbdf-bbij 4
beci-bbij 3
1190
2
bacb-bbja 5
fec-bbja 2
1191
1
ffj-bbjb 7
1192
3
bbha-bbjc 2
ii-bbjc 3
bhc-bbjc 2
1193
1
jig-bbjd 7
1194
1
cbd-bbje 7
1195
4
haj-bbjf 1
fcj-bbjf 3
dji-bbjf 1
jbg-bbjf 2
1196
3
bbfe-bbjg 5
hjb-bbjg 1
bagj-bbjg 1
1197
2
jih-bbjh 6
bcjb-bbjh 1
1198
3
bch-bbji 1
ijh-bbji 4
hhi-bbji 2
1199
1
cig-bbjj 7
1200
2
bgb-bcaa 4
bbie-bcaa 3
1201
2
dfi-bcab 2
gce-bcab 5
1202
3
fa-bcac 1
had-bcac 1
hac-bcac 5
1203
3
bgcb-bcad 3
bdf-bcad 1
hcd-bcad 3
1204
2
ibg-bcae 5
bdaj-bcae 2
1205
2
bcda-bcaf 3
bbha-bcaf 4
1206
2
babb-bcag 6
bgch-bcag 1
1207
1
eed-bcah 7
1208
1
bbcj-bcai 7
1209
1
bbji-bcaj 7
1210
2
ejb-bcba 4
gfc-bcba 3
1211
3
bdbj-bcbb 3
hag-bcbb 3
die-bcbb 1
1212
5
ef-bcbc 1
dbe-bcbc 1
bcij-bcbc 1
bbai-bcbc 3
bafj-bcbc 1
1213
1
baca-bcbd 7
1214
2
bdd-bcbe 6
gda-bcbe 1
1215
2
igc-bcbf 5
bged-bcbf 2
1216
3
behc-bcbg 4
iea-bcbg 2
dbh-bcbg 1
1217
1
bhg-bcbh 7
1218
3
bfcf-bcbi 1
jcf-bcbi 5
jdd-bcbi 1
1219
2
hjj-bcbj 5
hgc-bcbj 2
1220
4
jfe-bcca 3
fb-bcca 2
behj-bcca 1
bdhj-bcca 1
1221
2
egb-bccb 4
cid-bccb 3
1222
1
edj-bccc 7
1223
3
behg-bccd 3
bfed-bccd 1
ced-bccd 3
1224
2
iib-bcce 6
eci-bcce 1
1225
2
bajb-bccf 4
bfhd-bccf 3
1226
2
begg-bccg 6
badf-bccg 1
1227
1
hjg-bcch 7
1228
2
hjd-bcci 6
bcae-bcci 1
1229
6
hci-bccj 1
gbe-bccj 1
bg-bccj 1
bdeb-bccj 1
dci-bccj 1
cfg-bccj 2
1230
3
beii-bcda 3
ijd-bcda 1
dh-bcda 3
1231
3
bbeb-bcdb 3
bddd-bcdb 2
baci-bcdb 2
1232
4
bccd-bcdc 1
bfga-bcdc 3
ghb-bcdc 2
bcj-bcdc 1
1233
3
bdid-bcdd 2
bagh-bcdd 3
bbfh-bcdd 2
1234
5
beje-bcde 1
bcha-bcde 1
gic-bcde 3
baji-bcde 1
cba-bcde 1
1235
1
bbef-bcdf 7
1236
3
chc-bcdg 1
jje-bcdg 2
hjc-bcdg 4
1237
1
faf-bcdh 7
1238
2
cfg-bcdi 1
hee-bcdi 6
1239
1
fdb-bcdj 7
1240
1
becb-bcea 7
1241
2
idj-bceb 2
bfcf-bceb 5
1242
1
dgj-bcec 7
1243
1
bcjd-bced 7
1244
4
iai-bcee 1
ejh-bcee 2
ffd-bcee 2
bdja-bcee 2
1245
1
fbj-bcef 7
1246
1
cca-bceg 7
1247
2
bdae-bceh 1
bbdf-bceh 6
1248
1
bci-bcei 7
1249
3
ef-bcej 3
gif-bcej 1
jfh-bcej 3
1250
2
djh-bcfa 6
jfh-bcfa 1
1252
1
cig-bcfc 7
1253
2
beie-bcfd 5
idg-bcfd 2
1255
4
hfh-bcff 1
begg-bcff 2
iie-bcff 3
ddd-bcff 1
1256
1
fjj-bcfg 7
1257
1
egd-bcfh 7
1258
1
ihe-bcfi 7
1259
2
cig-bcfj 6
bchb-bcfj 1
1260
1
ghc-bcga 7
1261
2
jae-bcgb 5
eai-bcgb 2
1262
2
bahc-bcgc 4
beih-bcgc 3
1264
2
baih-bcge 1
bgh-bcge 6
1265
1
bbga-bcgf 7
1266
2
bfhf-bcgg 4
beej-bcgg 3
1267
2
cbj-bcgh 6
bdjg-bcgh 1
1268
3
hce-bcgi 1
bge-bcgi 5
fca-bcgi 1
1269
3
beae-bcgj 5
bfci-bcgj 1
bdbg-bcgj 1
1270
1
deh-bcha 7
1271
2
hhd-bchb 5
bdfj-bchb 2
1272
2
bdb-bchc 5
cej-bchc 2
1273
2
bdaf-bchd 5
jbd-bchd 2
1274
1
becg-bche 7
1275
2
hdj-bchf 5
bfag-bchf 2
1276
4
idc-bchg 3
hga-bchg 2
hhj-bchg 1
bebi-bchg 1
1277
5
bbij-bchh 3
hhi-bchh 1
cjb-bchh 1
bcjj-bchh 1
bcjb-bchh 1
1278
2
bcdj-bchi 2
ifh-bchi 5
1279
1
jcd-bchj 7
1280
4
ibc-bcia 1
hhg-bcia 3
bgec-bcia 1
hid-bcia 2
1281
3
bfgd-bcib 5
dde-bcib 1
bje-bcib 1
1284
3
bbgh-bcie 4
eic-bcie 1
bebd-bcie 2
1285
2
bdjb-bcif 3
jhh-bcif 4
1286
1
fae-bcig 7
1287
1
cae-bcih 7
1288
3
jeh-bcii 1
cga-bcii 1
bafh-bcii 5
1289
1
ebd-bcij 7
1290
3
ica-bcja 3
hhd-bcja 1
bbfi-bcja 3
1291
2
dba-bcjb 6
bcaa-bcjb 1
1292
2
bbdg-bcjc 1
bbaf-bcjc 6
1293
1
hdf-bcjd 7
1294
1
bbfh-bcje 7
1295
3
bedc-bcjf 4
dde-bcjf 1
bdjc-bcjf 2
1296
2
jce-bcjg 6
eii-bcjg 1
1297
1
dch-bcjh 7
1298
1
ida-bcji 7
1299
2
bfgi-bcjj 5
fig-bcjj 2
1300
3
gcj-bdaa 2
eba-bdaa 1
edh-bdaa 4
1301
2
bdib-bdab 4
iji-bdab 3
1302
2
cgb-bdac 5
gba-bdac 2
1303
2
ch-bdad 3
dja-bdad 4
1304
2
bbif-bdae 5
bahi-bdae 2
1305
1
ga-bdaf 7
1307
1
ibd-bdah 7
1308
2
bajh-bdai 6
baij-bdai 1
1309
2
hed-bdaj 2
je-bdaj 5
1310
1
bbch-bdba 7
1312
1
bcgf-bdbc 7
1314
1
hh-bdbe 7
1315
1
hf-bdbf 7
1316
3
bfii-bdbg 2
hdj-bdbg 2
ddc-bdbg 3
1317
1
jhg-bdbh 7
1318
2
bfbc-bdbi 6
dbc-bdbi 1
1319
4
dhe-bdbj 2
bbci-bdbj 1
jfa-bdbj 3
gid-bdbj 1
1320
1
fej-bdca 7
1321
2
ibj-bdcb 5
cii-bdcb 2
1322
2
bdhf-bdcc 6
iig-bdcc 1
1323
2
bdgd-bdcd 5
bbcb-bdcd 2
1324
1
jfc-bdce 7
1325
1
faa-bdcf 7
1326
1
bce-bdcg 7
1327
2
hgc-bdch 4
cac-bdch 3
1328
2
efh-bdci 6
ci-bdci 1
1329
2
jjc-bdcj 4
feb-bdcj 3
1330
2
bebj-bdda 5
efh-bdda 2
1333
2
bcbf-bddd 4
daa-bddd 3
1334
2
bid-bdde 3
jif-bdde 4
1335
2
bbbg-bddf 6
bbcc-bddf 1
1336
1
badj-bddg 7
1337
1
bffa-bddh 7
1338
1
fjg-bddi 7
1339
3
bj-bddj 4
bcaf-bddj 2
bbbe-bddj 1
1340
1
dc-bdea 7
1341
2
jaf-bdeb 5
bdif-bdeb 2
1342
4
bfeg-bdec 1
cca-bdec 4
bfaf-bdec 1
ida-bdec 1
1343
1
befd-bded 7
1344
3
gii-bdee 1
bcie-bdee 2
cgc-bdee 4
1345
2
bbeg-bdef 5
hbe-bdef 2
1346
2
bgfb-bdeg 1
iai-bdeg 6
1347
1
cfc-bdeh 7
1348
1
bccd-bdei 7
1349
2
jag-bdej 4
bfaa-bdej 3
1350
3
bje-bdfa 3
hdb-bdfa 2
jjf-bdfa 2
1351
2
ijg-bdfb 4
icf-bdfb 3
1352
1
hdc-bdfc 7
1353
2
bec-bdfd 6
efb-bdfd 1
1354
2
bfeg-bdfe 2
gdf-bdfe 5
1355
1
jga-bdff 7
1356
2
bib-bdfg 2
bdic-bdfg 5
1357
2
bege-bdfh 6
bacc-bdfh 1
1358
2
jcf-bdfi 5
becc-bdfi 2
1359
3
hae-bdfj 2
cdf-bdfj 1
bbjf-bdfj 4
1360
4
begc-bdga 1
bafa-bdga 4
ihf-bdga 1
ehh-bdga 1
1361
3
fca-bdgb 3
hig-bdgb 1
bead-bdgb 3
1362
2
eba-bdgc 6
bcbd-bdgc 1
1363
1
gbc-bdgd 7
1364
1
baej-bdge 7
1365
3
fcc-bdgf 1
gdb-bdgf 3
bfbe-bdgf 3
1366
1
fbh-bdgg 7
1367
2
ghj-bdgh 3
eea-bdgh 4
1368
2
bdjb-bdgi 4
bdj-bdgi 3
1369
1
bgdi-bdgj 7
1370
2
daj-bdha 5
behi-bdha 2
1371
2
haf-bdhb 5
hbh-bdhb 2
1372
2
jei-bdhc 4
bahg-bdhc 3
1373
2
bae-bdhd 4
bcbg-bdhd 3
1374
4
jjj-bdhe 2
bagb-bdhe 1
ecc-bdhe 1
baia-bdhe 3
1375
2
bcdh-bdhf 6
bfae-bdhf 1
1376
1
efd-bdhg 7
1377
1
bdfd-bdhh 7
1378
3
ihe-bdhi 1
hb-bdhi 2
ccf-bdhi 4
1379
1
iah-bdhj 7
1380
2
bgff-bdia 6
jgg-bdia 1
1381
1
bcfi-bdib 7
1382
1
hhg-bdic 7
1383
1
beh-bdid 7
1384
1
igc-bdie 7
1385
2
fgc-bdif 4
f-bdif 3
1386
2
bajc-bdig 4
bdge-bdig 3
1388
2
cch-bdii 1
fbg-bdii 6
1389
1
fbg-bdij 7
1390
2
bbhb-bdja 5
bdeb-bdja 2
1391
1
bchd-bdjb 7
1392
2
ifh-bdjc 6
bfbb-bdjc 1
1393
1
eca-bdjd 7
1394
2
cge-bdje 5
bacj-bdje 2
1395
1
jig-bdjf 7
1396
1
bdef-bdjg 7
1397
2
baj-bdjh 4
bfdf-bdjh 3
1398
2
egb-bdji 4
bej-bdji 3
1399
1
bccf-bdjj 7
1400
2
bcfj-beaa 4
eeb-beaa 3
1401
2
baai-beab 4
bdde-beab 3
1403
2
bib-bead 5
bafg-bead 2
1404
1
bdch-beae 7
1405
1
geb-beaf 7
1406
1
cci-beag 7
1407
1
bgfc-beah 7
1408
1
ida-beai 7
1409
1
dea-beaj 7
1410
3
bbf-beba 1
bbcb-beba 2
bfg-beba 4
1411
1
bgf-bebb 7
1412
1
bbah-bebc 7
1413
2
babc-bebd 6
bejj-bebd 1
1414
1
bccd-bebe 7
1415
2
ghb-bebf 6
bbfj-bebf 1
1416
1
idj-bebg 7
1417
2
bbgc-bebh 4
dag-bebh 3
1418
1
fad-bebi 7
1419
1
bbec-bebj 7
1420
2
jjf-beca 4
ddg-beca 3
1421
2
bfbj-becb 1
bcg-becb 6
1422
2
haf-becc 3
bcc-becc 4
1423
2
bbii-becd 4
fba-becd 3
1424
1
fii-bece 7
1425
2
fed-becf 6
hce-becf 1
1426
1
bagi-becg 7
1427
1
dfj-bech 7
1428
1
bbgj-beci 7
1429
2
hec-becj 2
bdbi-becj 5
1430
3
bfhh-beda 4
cbd-beda 1
bc-beda 2
1431
1
bebd-bedb 7
1432
2
bfaj-bedc 3
baic-bedc 4
1433
1
ceg-bedd 7
1434
2
hf-bede 6
bbda-bede 1
1435
2
ebh-bedf 1
djf-bedf 6
1436
1
jbg-bedg 7
1437
2
baha-bedh 5
bgai-bedh 2
1438
1
iib-bedi 7
1439
1
igd-bedj 7
1441
2
hcf-beeb 3
bbee-beeb 4
1442
1
jba-beec 7
1443
3
dgj-beed 3
bfih-beed 2
becd-beed 2
1444
2
hhc-beee 3
eff-beee 4
1445
2
hhf-beef 1
icf-beef 6
1446
2
bdeb-beeg 4
he-beeg 3
1447
1
bdgc-beeh 7
1448
1
bdcg-beei 7
1449
1
cge-beej 7
1450
2
cbc-befa 2
ebe-befa 5
1451
1
babd-befb 7
1452
1
bchf-befc 7
1453
3
dci-befd 1
iia-befd 4
chj-befd 2
1454
1
fif-befe 7
1455
2
fid-beff 2
hc-beff 5
1456
1
bah-befg 7
1459
1
bdgc-befj 7
1460
1
gca-bega 7
1461
1
iie-begb 7
1462
1
bgad-begc 7
1463
1
bdgi-begd 7
1464
2
babb-bege 4
bdci-bege 3
1466
2
bfai-begg 1
ifb-begg 6
1467
1
eac-begh 7
1468
1
cff-begi 7
1469
2
eef-begj 2
bbfb-begj 5
1470
3
hcj-beha 2
bebd-beha 4
cji-beha 1
1471
1
bfdh-behb 7
1472
1
ifa-behc 7
1473
1
eda-behd 7
1474
3
bgaa-behe 4
baja-behe 1
ihd-behe 2
1475
1
hdf-behf 7
1476
1
iei-behg 7
1477
1
bcgg-behh 7
1478
2
bgde-behi 6
bjh-behi 1
1479
2
ihb-behj 2
dcd-behj 5
1480
1
ffd-beia 7
1481
1
bdaj-beib 7
1482
3
ec-beic 4
bbb-beic 1
dg-beic 2
1483
2
iai-beid 4
bdje-beid 3
1484
1
cgc-beie 7
1485
3
gab-beif 1
cii-beif 4
hfb-beif 2
1486
2
baf-beig 3
bedd-beig 4
1487
2
ijd-beih 5
dcc-beih 2
1488
1
cbe-beii 7
1489
2
che-beij 6
bah-beij 1
1490
1
cid-beja 7
1491
1
bace-bejb 7
1493
1
badc-bejd 7
1494
1
baag-beje 7
1495
1
jhi-bejf 7
1496
2
bcag-bejg 3
cha-bejg 4
1497
1
bdaa-bejh 7
1498
2
ifa-beji 6
dcf-beji 1
1499
1
cdg-bejj 7
1500
2
ccd-bfaa 6
bhf-bfaa 1
1501
1
fbi-bfab 7
1503
1
jhc-bfad 7
1504
3
bfah-bfae 2
bai-bfae 1
ecc-bfae 4
1505
2
hbb-bfaf 6
bedh-bfaf 1
1506
2
jai-bfag 5
bdad-bfag 2
1507
1
jbf-bfah 7
1508
1
bcaj-bfai 7
1509
1
bcjd-bfaj 7
1510
1
bdgg-bfba 7
1511
1
hda-bfbb 7
1512
1
ijd-bfbc 7
1513
3
bbjd-bfbd 3
fia-bfbd 1
dcg-bfbd 3
1514
1
behh-bfbe 7
1515
2
efe-bfbf 1
bdga-bfbf 6
1516
1
hih-bfbg 7
1518
1
jjc-bfbi 7
1519
1
beif-bfbj 7
1520
1
ghc-bfca 7
1521
3
bbba-bfcb 1
gfa-bfcb 5
gaj-bfcb 1
1522
1
gga-bfcc 7
1523
3
ggc-bfcd 2
bdbj-bfcd 1
bcdc-bfcd 4
1524
1
jh-bfce 7
1525
1
bca-bfcf 7
1526
3
cjc-bfcg 4
bgdj-bfcg 1
bfgg-bfcg 2
1527
1
bafe-bfch 7
1528
1
fjb-bfci 7
1529
2
gh-bfcj 2
dif-bfcj 5
1530
1
baai-bfda 7
1531
1
iih-bfdb 7
1532
1
bfbc-bfdc 7
1533
1
bcgh-bfdd 7
1534
1
jgf-bfde 7
1535
1
ddf-bfdf 7
1536
1
bdfi-bfdg 7
1537
1
bdec-bfdh 7
1538
2
fgc-bfdi 2
ihc-bfdi 5
1539
2
bddd-bfdj 4
dgg-bfdj 3
1540
1
jdg-bfea 7
1541
1
ggf-bfeb 7
1542
2
edg-bfec 2
bdge-bfec 5
1543
2
iia-bfed 5
iea-bfed 2
1544
2
dae-bfee 6
fhi-bfee 1
1545
4
bgda-bfef 1
faa-bfef 2
ied-bfef 1
bgaf-bfef 3
1546
1
dfb-bfeg 7
1547
1
fdc-bfeh 7
1549
1
bdia-bfej 7
1550
1
iab-bffa 7
1551
1
bda-bffb 7
1552
1
iai-bffc 7
1553
1
egi-bffd 7
1555
1
becg-bfff 7
1556
1
gci-bffg 7
1557
1
ghi-bffh 7
1558
1
ed-bffi 7
1559
1
eda-bffj 7
1560
2
dcg-bfga 5
bfj-bfga 2
1561
2
beif-bfgb 3
bcfj-bfgb 4
1562
1
bdac-bfgc 7
1563
1
ihj-bfgd 7
1564
1
chj-bfge 7
1565
2
eig-bfgf 4
bgga-bfgf 3
1566
1
ec-bfgg 7
1567
1
bbie-bfgh 7
1568
3
bgee-bfgi 5
fea-bfgi 1
bgej-bfgi 1
1570
1
cga-bfha 7
1571
1
bhg-bfhb 7
1572
1
dgd-bfhc 7
1573
1
bdgb-bfhd 7
1574
1
bfi-bfhe 7
1575
2
jjj-bfhf 4
ded-bfhf 3
1576
2
bfhi-bfhg 6
ibi-bfhg 1
1577
1
ibh-bfhh 7
1578
1
ice-bfhi 7
1579
2
bejj-bfhj 6
gih-bfhj 1
1580
1
df-bfia 7
1581
1
bdca-bfib 7
1582
2
igc-bfic 2
bgfg-bfic 5
1583
1
hfa-bfid 7
1584
1
ceh-bfie 7
1585
2
caa-bfif 6
dfi-bfif 1
1587
1
cif-bfih 7
1588
2
edc-bfii 2
hjg-bfii 5
1589
1
gih-bfij 7
1590
1
bie-bfja 7
1591
1
icj-bfjb 7
1592
1
bej-bfjc 7
1593
1
bajd-bfjd 7
1594
1
bfba-bfje 7
1595
1
cdg-bfjf 7
1596
1
bdej-bfjg 7
1598
1
bebd-bfji 7
1599
1
hhg-bfjj 7
1600
1
bcdd-bgaa 7
1601
1
fga-bgab 7
1602
1
babg-bgac 7
1603
1
bdba-bgad 7
1604
1
bajd-bgae 7
1605
1
beab-bgaf 7
1606
1
bed-bgag 7
1607
1
bdhi-bgah 7
1608
1
baji-bgai 7
1609
1
egb-bgaj 7
1610
1
ddd-bgba 7
1611
1
dib-bgbb 7
1612
1
bba-bgbc 7
1613
2
bfje-bgbd 5
bfb-bgbd 2
1614
1
bfhe-bgbe 7
1615
1
bbfa-bgbf 7
1616
1
dff-bgbg 7
1617
2
bgfh-bgbh 3
ece-bgbh 4
1618
1
bfjc-bgbi 7
1619
1
cbj-bgbj 7
1620
1
hjh-bgca 7
1621
1
icd-bgcb 7
1622
2
dga-bgcc 6
bdbe-bgcc 1
1625
1
cib-bgcf 7
1626
1
cba-bgcg 7
1627
1
cga-bgch 7
1628
2
hje-bgci 5
bda-bgci 2
1629
1
beeg-bgcj 7
1630
1
bcai-bgda 7
1631
1
jdd-bgdb 7
1632
1
gbb-bgdc 7
1633
2
bhf-bgdd 1
ede-bgdd 6
1634
1
beic-bgde 7
1635
1
bbia-bgdf 7
1636
1
baf-bgdg 7
1637
1
hhh-bgdh 7
1638
2
jdi-bgdi 1
bach-bgdi 6
1639
1
jdb-bgdj 7
1640
1
bcia-bgea 7
1641
1
ega-bgeb 7
1642
2
bacg-bgec 1
djd-bgec 6
1643
1
behi-bged 7
1644
1
hjf-bgee 7
1645
1
fed-bgef 7
1646
1
baca-bgeg 7
1647
1
bece-bgeh 7
1648
1
bgca-bgei 7
1649
1
jej-bgej 7
1650
1
bddj-bgfa 7
1651
1
bhh-bgfb 7
1652
1
bfjg-bgfc 7
1653
2
gif-bgfd 1
ddb-bgfd 6
1654
1
bfcf-bgfe 7
1655
1
bcgh-bgff 7
1656
1
bce-bgfg 7
1657
1
bgbi-bgfh 7
1658
1
bie-bgfi 7
1659
1
eef-bgfj 7
1660
1
bdhi-bgga 7
1661
1
bdhg-bggb 7
