1621
1
2
ehb-b 5
dab-b 1
2
5
bi-c 2
di-c 1
bih-c 1
fcd-c 1
dgj-c 1
3
4
hcj-d 1
bjg-d 1
bcb-d 1
ii-d 3
4
2
cba-e 4
hic-e 2
5
5
bdjf-f 1
jcc-f 1
jbb-f 1
bda-f 1
e-f 2
6
4
gic-g 2
iee-g 1
eie-g 1
bfg-g 2
7
1
bfa-h 6
8
2
gie-i 1
geg-i 5
9
3
fbj-j 4
bi-j 1
heg-j 1
10
1
bdi-ba 6
11
5
bee-bb 2
bcea-bb 1
bgf-bb 1
cd-bb 1
bcef-bb 1
12
3
ccj-bc 2
hbf-bc 3
dgf-bc 1
13
3
cch-bd 1
cjb-bd 2
bejh-bd 3
14
4
babg-be 3
bbbj-be 1
fec-be 1
beai-be 1
15
2
hi-bf 3
dh-bf 3
16
5
baae-bg 1
iag-bg 2
gge-bg 1
bi-bg 1
bdii-bg 1
17
2
ihi-bh 3
bgeh-bh 3
18
4
fic-bi 2
hej-bi 1
babg-bi 1
feh-bi 2
19
5
cii-bj 1
ch-bj 1
dhf-bj 1
bdbf-bj 2
db-bj 1
20
3
cd-ca 4
gjh-ca 1
dfg-ca 1
22
3
dgf-cc 2
jgi-cc 1
badc-cc 3
23
5
dbg-cd 1
ffb-cd 1
bcaj-cd 1
fae-cd 2
bhd-cd 1
24
3
bi-ce 3
jag-ce 1
ef-ce 2
25
5
def-cf 1
cc-cf 2
fhg-cf 1
eac-cf 1
bbci-cf 1
26
4
chb-cg 3
deb-cg 1
bd-cg 1
hhc-cg 1
27
5
dji-ch 1
ddb-ch 1
jgg-ch 1
hch-ch 2
cd-ch 1
28
5
gbg-ci 1
hif-ci 1
befi-ci 2
bffg-ci 1
hfh-ci 1
29
2
egd-cj 3
bfgd-cj 3
30
6
beib-da 1
fai-da 1
gda-da 1
bcei-da 1
eej-da 1
bhd-da 1
31
5
gi-db 2
bc-db 1
bgj-db 1
bbde-db 1
cbh-db 1
32
6
iej-dc 1
bbgj-dc 1
ecg-dc 1
jbf-dc 1
iag-dc 1
ifh-dc 1
33
3
fc-dd 3
dfg-dd 2
babg-dd 1
34
2
bhe-de 1
di-de 5
35
4
bfgb-df 2
ibf-df 2
gc-df 1
igi-df 1
36
6
cee-dg 1
hah-dg 1
bebe-dg 1
bgfe-dg 1
bcii-dg 1
bdfc-dg 1
37
4
bagf-dh 2
hha-dh 1
dc-dh 1
db-dh 2
38
1
haf-di 6
39
2
gdb-dj 5
ef-dj 1
40
4
jjh-ea 2
dbb-ea 1
eee-ea 1
jff-ea 2
41
3
bbfc-eb 4
cdi-eb 1
hac-eb 1
42
3
cdc-ec 1
fi-ec 3
ege-ec 2
43
5
bcia-ed 1
edf-ed 1
eb-ed 2
ech-ed 1
bfdc-ed 1
44
2
bacc-ee 5
cfb-ee 1
45
4
cij-ef 2
ige-ef 2
beeh-ef 1
cih-ef 1
46
3
bdj-eg 1
ggg-eg 4
cbg-eg 1
47
3
bbfg-eh 3
bbei-eh 2
gdh-eh 1
48
5
jfj-ei 2
bbje-ei 1
bb-ei 1
bcjf-ei 1
dff-ei 1
49
3
baig-ej 1
cd-ej 3
jia-ej 2
50
5
dhe-fa 1
bc-fa 1
bhg-fa 2
hg-fa 1
jji-fa 1
51
3
dfa-fb 3
bdc-fb 1
bcch-fb 2
52
2
bfch-fc 5
fif-fc 1
53
4
dhe-fd 3
daf-fd 1
dd-fd 1
je-fd 1
54
1
jic-fe 6
55
4
dbd-ff 3
bed-ff 1
gb-ff 1
cje-ff 1
56
1
bfaf-fg 6
57
5
jie-fh 2
bejb-fh 1
d-fh 1
ccb-fh 1
jh-fh 1
58
2
hee-fi 5
bfdg-fi 1
59
6
ff-fj 1
dbg-fj 1
ifd-fj 1
ddg-fj 1
bea-fj 1
hfh-fj 1
60
3
bi-ga 2
cg-ga 1
fga-ga 3
61
2
bbjc-gb 4
bbeb-gb 2
62
4
bdfa-gc 1
e-gc 1
gge-gc 1
eie-gc 3
63
6
je-gd 1
cfj-gd 1
daj-gd 1
dbf-gd 1
bfgc-gd 1
dai-gd 1
64
2
dfi-ge 2
g-ge 4
65
1
cgh-gf 6
66
5
jdj-gg 2
idf-gg 1
cdh-gg 1
jhg-gg 1
bfjf-gg 1
67
3
bh-gh 4
bddh-gh 1
jci-gh 1
68
3
ch-gi 3
cbe-gi 1
bcff-gi 2
69
1
gjj-gj 6
70
1
db-ha 6
71
2
iaa-hb 4
efh-hb 2
72
4
gg-hc 1
cif-hc 1
ejc-hc 3
dbf-hc 1
74
6
gig-he 1
gij-he 1
hc-he 1
bcd-he 1
bcjc-he 1
bebb-he 1
75
4
hie-hf 2
da-hf 1
bdbc-hf 1
dah-hf 2
76
4
dfj-hg 1
gbd-hg 3
bja-hg 1
cgj-hg 1
77
6
beic-hh 1
bdh-hh 1
bjb-hh 1
caa-hh 1
jae-hh 1
gcj-hh 1
78
5
bac-hi 1
iba-hi 1
baec-hi 1
fa-hi 1
ihf-hi 2
79
3
di-hj 3
gfg-hj 1
jfc-hj 2
80
4
bfeh-ia 1
ccc-ia 1
di-ia 1
bdjd-ia 3
81
2
ghd-ib 5
gia-ib 1
82
3
bedh-ic 4
fdf-ic 1
cgi-ic 1
83
2
ej-id 5
eab-id 1
84
5
eeh-ie 1
fbb-ie 1
haj-ie 1
bjd-ie 2
dej-ie 1
85
3
bfce-if 2
bcge-if 3
di-if 1
86
2
egf-ig 5
baif-ig 1
87
3
bba-ih 2
cgh-ih 1
bcfj-ih 3
88
5
bgfi-ii 1
chf-ii 1
eig-ii 1
dgc-ii 2
bacj-ii 1
89
4
bcd-ij 2
ife-ij 1
dbi-ij 1
fbc-ij 2
90
2
hij-ja 5
fef-ja 1
91
2
jc-jb 4
ehi-jb 2
92
5
gbe-jc 1
fci-jc 2
babi-jc 1
gii-jc 1
bbjg-jc 1
93
2
fhj-jd 5
cae-jd 1
94
5
bi-je 1
fcf-je 1
bfgb-je 1
bfc-je 1
gdf-je 2
95
2
gbd-jf 2
iae-jf 4
96
3
ec-jg 4
daf-jg 1
beb-jg 1
97
5
ei-jh 2
bbfg-jh 1
hib-jh 1
bcbf-jh 1
dai-jh 1
98
4
bccj-ji 1
beaa-ji 2
bdjh-ji 1
idd-ji 2
99
3
bcee-jj 2
fgf-jj 1
dej-jj 3
100
5
bfg-baa 2
dig-baa 1
efg-baa 1
fhg-baa 1
dfi-baa 1
101
4
eic-bab 2
chf-bab 1
ede-bab 1
jhg-bab 2
102
4
bfe-bac 2
da-bac 2
gja-bac 1
hfi-bac 1
103
3
bfi-bad 2
jid-bad 3
bha-bad 1
104
4
bdga-bae 1
dgj-bae 2
cd-bae 1
ceg-bae 2
105
2
bdbh-baf 2
cj-baf 4
106
3
dad-bag 2
bcc-bag 1
ede-bag 3
107
5
bbcc-bah 2
deg-bah 1
hbf-bah 1
ifd-bah 1
gjh-bah 1
108
2
bda-bai 3
cfj-bai 3
109
3
chf-baj 3
eg-baj 1
cjg-baj 2
110
5
fbe-bba 1
hi-bba 2
gdc-bba 1
je-bba 1
dic-bba 1
111
3
bdh-bbb 4
fdh-bbb 1
d-bbb 1
112
4
jje-bbc 2
gbg-bbc 1
dbb-bbc 2
chf-bbc 1
113
1
bja-bbd 6
114
3
cb-bbe 2
cie-bbe 2
ehd-bbe 2
115
3
bage-bbf 4
dfc-bbf 1
bei-bbf 1
116
6
eba-bbg 1
bbbj-bbg 1
gdc-bbg 1
cbd-bbg 1
eg-bbg 1
iff-bbg 1
117
3
bacc-bbh 1
ehi-bbh 4
gjh-bbh 1
118
6
cbb-bbi 1
bech-bbi 1
gfd-bbi 1
beb-bbi 1
beeh-bbi 1
ige-bbi 1
119
6
fag-bbj 1
ige-bbj 1
eh-bbj 1
bbag-bbj 1
gjh-bbj 1
bbf-bbj 1
120
5
eae-bca 2
bae-bca 1
gae-bca 1
cji-bca 1
cc-bca 1
121
4
bdea-bcb 1
fba-bcb 2
bbgc-bcb 2
bbdg-bcb 1
122
6
bbab-bcc 1
jg-bcc 1
bbff-bcc 1
bjd-bcc 1
bebg-bcc 1
gfi-bcc 1
123
4
gc-bcd 1
eed-bcd 2
ddj-bcd 2
jec-bcd 1
124
6
gef-bce 1
fed-bce 1
edi-bce 1
gc-bce 1
bi-bce 1
bagd-bce 1
125
4
ddj-bcf 1
gih-bcf 1
cea-bcf 2
deg-bcf 2
126
6
bhj-bcg 1
hcj-bcg 1
g-bcg 1
dgg-bcg 1
cah-bcg 1
dbg-bcg 1
127
5
bgbf-bch 1
fbh-bch 1
dfd-bch 2
gad-bch 1
ecb-bch 1
128
6
fag-bci 1
bagb-bci 1
bbc-bci 1
bcbc-bci 1
bbhe-bci 1
bbf-bci 1
129
2
iff-bcj 4
eac-bcj 2
130
4
ffa-bda 1
dfj-bda 1
eh-bda 3
dhg-bda 1
131
4
jbg-bdb 3
deh-bdb 1
djh-bdb 1
efd-bdb 1
132
6
bfea-bdc 1
fdc-bdc 1
bbah-bdc 1
bec-bdc 1
cfc-bdc 1
jbg-bdc 1
133
4
efa-bdd 2
bece-bdd 1
bjf-bdd 2
bcgc-bdd 1
134
5
hhi-bde 1
gge-bde 1
iah-bde 1
bba-bde 2
beec-bde 1
135
5
gbf-bdf 1
bbab-bdf 2
bhe-bdf 1
hcg-bdf 1
gea-bdf 1
136
6
ch-bdg 1
jdg-bdg 1
bahh-bdg 1
bbij-bdg 1
djj-bdg 1
dhi-bdg 1
137
3
edg-bdh 1
feh-bdh 1
jjg-bdh 4
138
5
bcfj-bdi 1
iic-bdi 1
jbe-bdi 1
bffi-bdi 1
gci-bdi 2
139
6
ffb-bdj 1
igg-bdj 1
geh-bdj 1
bbbh-bdj 1
jfe-bdj 1
hhc-bdj 1
140
2
dgc-bea 5
cdh-bea 1
141
6
djg-beb 1
edh-beb 1
fe-beb 1
hia-beb 1
ffd-beb 1
dci-beb 1
142
6
hff-bec 1
hea-bec 1
eei-bec 1
bdei-bec 1
bdh-bec 1
ii-bec 1
143
5
bhc-bed 2
cd-bed 1
ica-bed 1
begd-bed 1
feh-bed 1
144
5
bgbe-bee 2
bbej-bee 1
gjd-bee 1
dfg-bee 1
cfa-bee 1
145
3
fgj-bef 1
dai-bef 1
bjd-bef 4
146
4
fei-beg 2
bef-beg 1
hgd-beg 1
bja-beg 2
147
6
bab-beh 1
ieh-beh 1
ih-beh 1
jbj-beh 1
cia-beh 1
hi-beh 1
148
4
jca-bei 2
fge-bei 1
bcgi-bei 2
jbi-bei 1
149
4
fif-bej 3
bec-bej 1
dbi-bej 1
bdb-bej 1
150
4
cjd-bfa 2
egg-bfa 1
cdf-bfa 2
ddd-bfa 1
151
2
bdji-bfb 1
fda-bfb 5
152
6
fcb-bfc 1
dhb-bfc 1
cei-bfc 1
gbi-bfc 1
ifh-bfc 1
dcb-bfc 1
153
4
bif-bfd 3
haa-bfd 1
cie-bfd 1
jgi-bfd 1
154
5
dch-bfe 1
cgh-bfe 1
hff-bfe 2
baea-bfe 1
gbc-bfe 1
155
4
gfe-bff 1
fdh-bff 1
eec-bff 3
bcie-bff 1
156
5
dae-bfg 1
efi-bfg 2
hhe-bfg 1
bgac-bfg 1
hj-bfg 1
157
3
eaa-bfh 4
bae-bfh 1
baf-bfh 1
158
5
bgci-bfi 1
idg-bfi 1
ich-bfi 1
jhe-bfi 1
gaa-bfi 2
159
4
gif-bfj 1
gce-bfj 1
jjj-bfj 2
bii-bfj 2
160
3
efe-bga 3
hbd-bga 2
dij-bga 1
161
5
bcga-bgb 2
bahe-bgb 1
hea-bgb 1
bedd-bgb 1
cgc-bgb 1
162
5
fd-bgc 2
cdb-bgc 1
bdeh-bgc 1
cgd-bgc 1
cff-bgc 1
163
3
gd-bgd 3
bgdh-bgd 2
edg-bgd 1
164
3
hci-bge 4
jif-bge 1
d-bge 1
165
4
bd-bgf 3
baih-bgf 1
iaa-bgf 1
bie-bgf 1
166
5
heh-bgg 1
bcaa-bgg 1
ehg-bgg 1
id-bgg 1
bdde-bgg 2
167
4
cej-bgh 2
bfgh-bgh 1
dbg-bgh 1
be-bgh 2
168
5
bhh-bgi 1
dda-bgi 2
cbi-bgi 1
eij-bgi 1
daj-bgi 1
169
3
hch-bgj 1
bffe-bgj 3
djh-bgj 2
170
5
gi-bha 1
ccd-bha 1
bde-bha 1
fh-bha 2
ddd-bha 1
171
4
hhd-bhb 2
ih-bhb 2
fcb-bhb 1
bfbi-bhb 1
172
6
gfg-bhc 1
bbfd-bhc 1
eje-bhc 1
bfe-bhc 1
edf-bhc 1
bagf-bhc 1
173
4
hj-bhd 3
gii-bhd 1
eed-bhd 1
bcb-bhd 1
174
4
daa-bhe 3
cfe-bhe 1
chd-bhe 1
ebi-bhe 1
175
5
dgi-bhf 2
ech-bhf 1
bci-bhf 1
cgi-bhf 1
jga-bhf 1
176
6
cdi-bhg 1
baf-bhg 1
cfi-bhg 1
iga-bhg 1
cbg-bhg 1
babb-bhg 1
177
4
cbc-bhh 3
efe-bhh 1
cch-bhh 1
bai-bhh 1
178
5
eaj-bhi 1
ibh-bhi 1
cdb-bhi 1
bacb-bhi 1
gbb-bhi 2
179
6
bafb-bhj 1
ghd-bhj 1
hg-bhj 1
dbf-bhj 1
hbc-bhj 1
fha-bhj 1
180
4
cch-bia 1
dac-bia 1
hi-bia 1
bjg-bia 3
181
2
fhc-bib 5
eae-bib 1
182
3
dc-bic 4
eee-bic 1
baa-bic 1
183
1
dec-bid 6
184
6
bbc-bie 1
bcai-bie 1
hdd-bie 1
bde-bie 1
cdc-bie 1
dbe-bie 1
185
4
bgcg-bif 1
cji-bif 2
bahf-bif 2
babf-bif 1
186
2
deg-big 5
bdde-big 1
187
3
hef-bih 3
bcff-bih 2
dcf-bih 1
188
5
bcej-bii 1
ejd-bii 1
caj-bii 1
bga-bii 1
dfa-bii 2
189
4
ba-bij 1
eab-bij 1
cha-bij 2
cia-bij 2
190
3
ded-bja 2
dig-bja 2
dca-bja 2
191
3
db-bjb 1
bcdb-bjb 3
bbee-bjb 2
192
4
ibe-bjc 1
baad-bjc 1
bagc-bjc 3
ggh-bjc 1
193
5
di-bjd 1
hdg-bjd 1
ghb-bjd 1
bij-bjd 1
gd-bjd 2
194
3
ecd-bje 1
eja-bje 1
cga-bje 4
195
5
bccc-bjf 1
ecg-bjf 1
hic-bjf 1
baff-bjf 1
hii-bjf 2
196
2
df-bjg 3
dih-bjg 3
197
4
eah-bjh 2
cd-bjh 1
bcb-bjh 2
gfd-bjh 1
198
4
fdj-bji 1
beeb-bji 3
dbg-bji 1
cgh-bji 1
199
4
edg-bjj 3
baad-bjj 1
gci-bjj 1
jhe-bjj 1
200
3
djj-caa 3
dhc-caa 1
jgd-caa 2
201
5
cjd-cab 1
daf-cab 1
bdg-cab 1
jca-cab 1
bef-cab 2
202
4
dbf-cac 1
cgd-cac 2
fid-cac 2
djc-cac 1
203
3
edd-cad 3
icg-cad 2
ege-cad 1
204
6
jcd-cae 1
bcb-cae 1
bccg-cae 1
gdi-cae 1
chb-cae 1
hhb-cae 1
205
3
gag-caf 2
bafb-caf 2
ghc-caf 2
206
4
cie-cag 1
fbi-cag 2
ebb-cag 1
bbg-cag 2
207
5
bahc-cah 1
fac-cah 1
ih-cah 2
cce-cah 1
bebe-cah 1
208
1
gdb-cai 6
209
4
ghh-caj 1
jh-caj 3
eba-caj 1
eji-caj 1
210
4
bccb-cba 1
bfi-cba 2
bbjf-cba 1
bgdd-cba 2
211
2
ihc-cbb 1
cge-cbb 5
212
2
bcdg-cbc 5
efg-cbc 1
213
6
ehe-cbd 1
eag-cbd 1
jej-cbd 1
cec-cbd 1
jfc-cbd 1
bcdc-cbd 1
214
1
bbcc-cbe 6
215
1
ceb-cbf 6
216
4
bbfi-cbg 1
becj-cbg 2
hjj-cbg 1
bdg-cbg 2
217
3
jhi-cbh 4
ej-cbh 1
bhi-cbh 1
218
3
ede-cbi 1
ebh-cbi 1
bdi-cbi 4
219
3
gjj-cbj 3
jec-cbj 1
hi-cbj 2
220
5
bbi-cca 2
eea-cca 1
ehi-cca 1
ihg-cca 1
bbdb-cca 1
221
4
ejj-ccb 1
jeh-ccb 2
ddd-ccb 1
bjj-ccb 2
222
3
bcda-ccc 1
jfh-ccc 3
eag-ccc 2
223
5
ecd-ccd 2
feh-ccd 1
bajb-ccd 1
dhh-ccd 1
eae-ccd 1
224
4
daf-cce 3
hdf-cce 1
bdc-cce 1
bceh-cce 1
225
5
bfdd-ccf 2
dca-ccf 1
jeg-ccf 1
ihi-ccf 1
ga-ccf 1
226
4
bahi-ccg 3
ide-ccg 1
fhh-ccg 1
ijd-ccg 1
227
4
bhe-cch 2
ice-cch 1
egd-cch 1
baaf-cch 2
228
4
bgbg-cci 1
bbfd-cci 2
haf-cci 2
ceb-cci 1
229
5
bch-ccj 2
eeb-ccj 1
gdf-ccj 1
cch-ccj 1
hji-ccj 1
230
2
dd-cda 2
jae-cda 4
231
3
jaa-cdb 3
ejg-cdb 1
bff-cdb 2
232
6
eb-cdc 1
gac-cdc 1
hjg-cdc 1
fad-cdc 1
ddj-cdc 1
ccj-cdc 1
233
2
db-cdd 2
bebi-cdd 4
234
4
bi-cde 2
hhb-cde 1
gge-cde 1
bj-cde 2
235
5
iee-cdf 1
bhj-cdf 1
fjc-cdf 1
badh-cdf 1
dfa-cdf 2
236
5
bdf-cdg 1
bfjd-cdg 1
gcf-cdg 1
eif-cdg 2
dff-cdg 1
237
2
bbja-cdh 4
gd-cdh 2
238
3
j-cdi 2
beha-cdi 2
jbc-cdi 2
239
2
ega-cdj 4
hgg-cdj 2
240
5
jaj-cea 2
gbi-cea 1
che-cea 1
cac-cea 1
if-cea 1
241
4
dfe-ceb 1
bfj-ceb 3
bdea-ceb 1
bch-ceb 1
242
3
bad-cec 3
bdg-cec 2
bajb-cec 1
243
2
cah-ced 3
bbgc-ced 3
244
2
ic-cee 1
eej-cee 5
245
4
bha-cef 1
dab-cef 1
bbec-cef 1
bfi-cef 3
246
4
iag-ceg 1
gdg-ceg 1
bfa-ceg 3
cah-ceg 1
247
1
gdd-ceh 6
248
5
fhi-cei 1
ehj-cei 2
dgf-cei 1
bfb-cei 1
ddf-cei 1
249
5
bbee-cej 1
bbeg-cej 1
jej-cej 2
dif-cej 1
bh-cej 1
250
5
ice-cfa 2
hdi-cfa 1
gei-cfa 1
bdhb-cfa 1
eb-cfa 1
251
3
fgg-cfb 4
g-cfb 1
fhe-cfb 1
252
3
ieg-cfc 1
eca-cfc 1
gef-cfc 4
253
4
cje-cfd 2
ccg-cfd 1
bcdh-cfd 1
bchd-cfd 2
254
2
ijc-cfe 4
jf-cfe 2
255
4
hjf-cff 3
hda-cff 1
ejg-cff 1
bafc-cff 1
256
4
bfdb-cfg 1
ej-cfg 3
gic-cfg 1
bbdg-cfg 1
257
5
bee-cfh 1
gbg-cfh 1
fjh-cfh 1
cie-cfh 1
bbee-cfh 2
258
5
dhi-cfi 1
badf-cfi 1
bcfi-cfi 1
eec-cfi 1
chd-cfi 2
259
3
beb-cfj 1
bd-cfj 1
cfi-cfj 4
260
6
chf-cga 1
cgd-cga 1
chj-cga 1
dh-cga 1
bcjf-cga 1
bhb-cga 1
261
4
deb-cgb 2
gdf-cgb 1
da-cgb 1
dch-cgb 2
262
6
hfc-cgc 1
ica-cgc 1
hdb-cgc 1
ee-cgc 1
cdb-cgc 1
fji-cgc 1
263
6
bajg-cgd 1
bafi-cgd 1
bafd-cgd 1
dcj-cgd 1
bec-cgd 1
dcf-cgd 1
264
2
bfc-cge 3
bba-cge 3
265
4
fcc-cgf 2
ibe-cgf 1
bgbh-cgf 1
dej-cgf 2
266
3
bgae-cgg 2
fhc-cgg 2
dib-cgg 2
267
5
hc-cgh 2
babb-cgh 1
hif-cgh 1
bdhc-cgh 1
cag-cgh 1
268
4
fdh-cgi 1
baaa-cgi 1
ia-cgi 2
djh-cgi 2
269
2
ifi-cgj 3
eag-cgj 3
270
6
dhj-cha 1
gfh-cha 1
ged-cha 1
bhi-cha 1
egj-cha 1
dcb-cha 1
271
2
bcbi-chb 5
fff-chb 1
272
4
bbfj-chc 1
fjc-chc 2
jhd-chc 1
jfb-chc 2
273
3
dfj-chd 2
cjc-chd 1
bfbg-chd 3
274
4
befj-che 2
dbj-che 1
eah-che 1
dej-che 2
275
4
hfb-chf 3
fch-chf 1
eca-chf 1
ehb-chf 1
276
4
iab-chg 1
fc-chg 2
hja-chg 2
edh-chg 1
277
2
ddj-chh 4
cid-chh 2
278
6
jeh-chi 1
bbc-chi 1
hga-chi 1
ibj-chi 1
bbea-chi 1
cee-chi 1
279
5
dia-chj 2
jg-chj 1
hhi-chj 1
fg-chj 1
fjd-chj 1
280
4
eie-cia 1
cce-cia 1
jj-cia 1
jej-cia 3
281
5
bcce-cib 1
bdhh-cib 2
bdhb-cib 1
eha-cib 1
hh-cib 1
282
2
jce-cic 5
dhi-cic 1
283
6
dfd-cid 1
bii-cid 1
cab-cid 1
fcf-cid 1
hgg-cid 1
cjb-cid 1
284
3
gg-cie 4
jfi-cie 1
bih-cie 1
285
5
gfe-cif 1
baed-cif 1
dae-cif 1
bcja-cif 2
bbai-cif 1
286
6
dge-cig 1
hai-cig 1
hdd-cig 1
bbac-cig 1
eef-cig 1
hbj-cig 1
287
1
icg-cih 6
288
4
cah-cii 2
gbi-cii 1
ggd-cii 2
baha-cii 1
289
4
ch-cij 1
cch-cij 3
dgf-cij 1
bgi-cij 1
290
4
ehg-cja 1
bcaa-cja 3
ead-cja 1
hcj-cja 1
291
4
eei-cjb 1
beba-cjb 1
jbi-cjb 3
bagh-cjb 1
292
4
bfgi-cjc 1
bcih-cjc 2
db-cjc 2
bada-cjc 1
293
1
bdaa-cjd 6
294
3
cea-cje 3
fje-cje 1
bbi-cje 2
295
2
egf-cjf 5
cgb-cjf 1
296
1
cgb-cjg 6
297
3
hhf-cjh 1
dci-cjh 1
he-cjh 4
298
3
bdce-cji 3
bee-cji 1
hbd-cji 2
299
5
bgh-cjj 1
fci-cjj 2
bfeb-cjj 1
jah-cjj 1
cc-cjj 1
300
5
fh-daa 1
jjb-daa 1
bfde-daa 1
bbhc-daa 1
ih-daa 2
301
2
bef-dab 4
bace-dab 2
302
3
dce-dac 1
bgi-dac 2
iid-dac 3
303
4
gfe-dad 1
gfd-dad 3
gcb-dad 1
dab-dad 1
304
4
bcib-dae 1
ebf-dae 1
fce-dae 1
baaa-dae 3
305
6
bdcb-daf 1
bddb-daf 1
badi-daf 1
jae-daf 1
fbb-daf 1
cha-daf 1
306
2
eb-dag 5
hcd-dag 1
307
4
ehc-dah 2
ihj-dah 2
ggg-dah 1
cgi-dah 1
308
4
chh-dai 1
dhc-dai 2
bchi-dai 1
bafa-dai 2
309
6
fhj-daj 1
geh-daj 1
dhe-daj 1
dce-daj 1
ebb-daj 1
fae-daj 1
310
2
gdh-dba 2
hhj-dba 4
311
3
cjb-dbb 1
dfc-dbb 4
eaa-dbb 1
312
2
hca-dbc 2
dah-dbc 4
313
4
bfg-dbd 3
ceg-dbd 1
bdjf-dbd 1
gcb-dbd 1
314
2
dfh-dbe 2
bcaf-dbe 4
315
6
eid-dbf 1
baad-dbf 1
dac-dbf 1
bbcb-dbf 1
gdc-dbf 1
gib-dbf 1
316
3
dab-dbg 2
iag-dbg 2
ffg-dbg 2
317
5
cid-dbh 1
fha-dbh 1
caa-dbh 1
gfj-dbh 1
cdb-dbh 2
318
4
bcaa-dbi 2
edd-dbi 1
eia-dbi 1
ch-dbi 2
319
4
cgb-dbj 1
dhd-dbj 2
dad-dbj 2
gjf-dbj 1
320
5
jbi-dca 1
badg-dca 1
a-dca 1
bda-dca 2
bdii-dca 1
321
5
gad-dcb 2
jia-dcb 1
fi-dcb 1
eda-dcb 1
efg-dcb 1
322
6
cdd-dcc 1
di-dcc 1
ddf-dcc 1
heg-dcc 1
jah-dcc 1
chf-dcc 1
323
4
gda-dcd 1
gjc-dcd 1
cfg-dcd 3
cg-dcd 1
324
4
bcg-dce 3
cce-dce 1
jef-dce 1
ebg-dce 1
325
4
cgb-dcf 2
bbja-dcf 1
bhe-dcf 2
fea-dcf 1
326
2
jjj-dcg 5
dca-dcg 1
327
5
cjc-dch 2
jai-dch 1
dh-dch 1
eca-dch 1
bdgc-dch 1
328
5
bcef-dci 1
cge-dci 2
dae-dci 1
ddg-dci 1
ehi-dci 1
329
3
jcg-dcj 3
dbj-dcj 1
begb-dcj 2
330
3
cea-dda 1
dai-dda 4
bjj-dda 1
331
4
ddd-ddb 1
bdge-ddb 2
eig-ddb 1
bcea-ddb 2
332
4
bja-ddc 1
beg-ddc 2
dac-ddc 2
bfjb-ddc 1
333
2
bci-ddd 5
beef-ddd 1
334
6
d-dde 1
ghh-dde 1
gaa-dde 1
ejf-dde 1
bbj-dde 1
ehd-dde 1
335
6
bei-ddf 1
chf-ddf 1
fcf-ddf 1
eb-ddf 1
eij-ddf 1
id-ddf 1
336
3
cgc-ddg 1
eid-ddg 1
cdi-ddg 4
337
4
ech-ddh 3
baa-ddh 1
edi-ddh 1
ef-ddh 1
338
4
cfa-ddi 2
bjc-ddi 1
jja-ddi 1
ehd-ddi 2
339
5
ecg-ddj 1
dia-ddj 1
ehi-ddj 1
ihj-ddj 1
haa-ddj 2
340
6
ief-dea 1
dia-dea 1
ejd-dea 1
bgi-dea 1
ebe-dea 1
edh-dea 1
341
5
fei-deb 1
hjc-deb 2
cbi-deb 1
hfg-deb 1
hgj-deb 1
342
4
bfg-dec 1
bcgh-dec 1
bg-dec 1
fdc-dec 3
343
3
ihf-ded 1
bdbb-ded 4
gij-ded 1
344
5
cia-dee 1
dej-dee 1
dhc-dee 1
fji-dee 1
fhb-dee 2
345
2
bajh-def 4
jfi-def 2
346
3
hia-deg 3
bceg-deg 1
fhd-deg 2
347
3
iji-deh 2
dj-deh 3
ifa-deh 1
348
2
fif-dei 4
gjc-dei 2
349
4
babg-dej 1
dif-dej 1
bcah-dej 3
fda-dej 1
350
5
ege-dfa 1
eai-dfa 1
hab-dfa 1
bfb-dfa 1
fie-dfa 2
351
3
ehb-dfb 2
bde-dfb 1
e-dfb 3
352
6
fgg-dfc 1
ca-dfc 1
ghb-dfc 1
eb-dfc 1
fgj-dfc 1
ddc-dfc 1
353
5
bga-dfd 1
bfcc-dfd 2
idj-dfd 1
gcb-dfd 1
da-dfd 1
354
4
baac-dfe 3
badc-dfe 1
ii-dfe 1
ejd-dfe 1
355
4
ife-dff 3
heg-dff 1
hii-dff 1
gie-dff 1
356
3
eib-dfg 3
dhf-dfg 2
cdj-dfg 1
357
5
hg-dfh 2
fee-dfh 1
beci-dfh 1
bbcb-dfh 1
fhb-dfh 1
358
3
egd-dfi 3
baac-dfi 1
hgh-dfi 2
359
1
bbah-dfj 6
360
3
bcdg-dga 3
dgi-dga 1
fff-dga 2
361
2
bcae-dgb 5
cad-dgb 1
362
4
jja-dgc 2
jic-dgc 1
c-dgc 2
fib-dgc 1
363
6
bajj-dgd 1
feh-dgd 1
ifb-dgd 1
bfa-dgd 1
badi-dgd 1
bbjf-dgd 1
364
4
beaa-dge 2
bccf-dge 1
dc-dge 1
hcj-dge 2
365
3
bffd-dgf 1
bbba-dgf 4
jfj-dgf 1
366
3
bced-dgg 3
dce-dgg 2
bg-dgg 1
367
2
idi-dgh 1
dff-dgh 5
368
5
ceb-dgi 2
deb-dgi 1
ibf-dgi 1
cgg-dgi 1
bbf-dgi 1
369
4
gg-dgj 2
bea-dgj 1
bcab-dgj 2
ghb-dgj 1
370
3
dij-dha 2
jhi-dha 1
dji-dha 3
371
3
d-dhb 2
bajb-dhb 1
ebh-dhb 3
372
6
dbg-dhc 1
bdab-dhc 1
ccd-dhc 1
jii-dhc 1
bbed-dhc 1
bbce-dhc 1
373
5
ije-dhd 2
cdi-dhd 1
baeg-dhd 1
dgh-dhd 1
hfh-dhd 1
374
6
bbii-dhe 1
ieg-dhe 1
bbhb-dhe 1
bbhi-dhe 1
ehb-dhe 1
dca-dhe 1
375
5
bcf-dhf 1
ebj-dhf 1
ich-dhf 2
cjd-dhf 1
baga-dhf 1
376
3
ida-dhg 3
beab-dhg 1
bfe-dhg 2
377
5
dgf-dhh 2
bdac-dhh 1
gbg-dhh 1
bbb-dhh 1
bbh-dhh 1
378
4
ebh-dhi 2
fhf-dhi 1
ihg-dhi 1
fjf-dhi 2
379
6
idf-dhj 1
ddj-dhj 1
begh-dhj 1
icc-dhj 1
fce-dhj 1
idc-dhj 1
380
2
ecg-dia 1
hge-dia 5
381
3
bgg-dib 3
dhj-dib 2
cfd-dib 1
382
6
jff-dic 1
ebi-dic 1
bbgj-dic 1
hc-dic 1
edj-dic 1
fh-dic 1
383
2
bab-did 2
eii-did 4
384
6
jeb-die 1
fac-die 1
fea-die 1
fig-die 1
dci-die 1
baag-die 1
385
1
bbdh-dif 6
386
3
edj-dig 4
fcd-dig 1
hih-dig 1
387
2
fdg-dih 3
bbjg-dih 3
388
2
bage-dii 5
bdeg-dii 1
389
5
eai-dij 2
bacf-dij 1
ici-dij 1
hhe-dij 1
cga-dij 1
390
1
bdhi-dja 6
391
1
jjj-djb 6
392
3
jaj-djc 2
dba-djc 3
ddi-djc 1
393
4
ceb-djd 1
cie-djd 1
bejh-djd 1
ifd-djd 3
394
2
bbj-dje 5
beaj-dje 1
395
2
di-djf 3
eha-djf 3
396
6
baa-djg 1
cji-djg 1
bceg-djg 1
hca-djg 1
jbc-djg 1
efi-djg 1
397
6
bif-djh 1
cjc-djh 1
gdg-djh 1
beca-djh 1
bdef-djh 1
ebi-djh 1
398
3
cha-dji 2
hhj-dji 3
cic-dji 1
399
5
jib-djj 1
caj-djj 2
bbc-djj 1
dec-djj 1
dda-djj 1
400
6
bif-eaa 1
eji-eaa 1
hjj-eaa 1
jbb-eaa 1
bee-eaa 1
ghi-eaa 1
401
3
chi-eab 1
bdha-eab 2
bbga-eab 3
402
3
cej-eac 2
bagg-eac 3
big-eac 1
403
3
chj-ead 1
dce-ead 4
caf-ead 1
404
5
fed-eae 1
bic-eae 1
icb-eae 2
gdc-eae 1
fhi-eae 1
405
3
ghj-eaf 2
fgj-eaf 1
jc-eaf 3
406
5
hea-eag 1
gff-eag 1
cfa-eag 1
hgb-eag 1
ca-eag 2
407
5
bcaj-eah 1
cgd-eah 1
gdj-eah 1
eca-eah 1
bbcf-eah 2
408
4
efh-eai 1
be-eai 1
ffa-eai 2
bbec-eai 2
409
2
eae-eaj 5
beec-eaj 1
410
6
bjj-eba 1
feb-eba 1
cee-eba 1
gih-eba 1
bif-eba 1
bebc-eba 1
411
6
beb-ebb 1
ffd-ebb 1
iij-ebb 1
ggb-ebb 1
ebg-ebb 1
fff-ebb 1
412
1
bjg-ebc 6
413
6
dgi-ebd 1
cbb-ebd 1
bdae-ebd 1
bcce-ebd 1
ejb-ebd 1
badb-ebd 1
414
6
dgb-ebe 1
ebb-ebe 1
bfhc-ebe 1
df-ebe 1
hfg-ebe 1
ceb-ebe 1
415
3
fhf-ebf 1
bfd-ebf 3
bge-ebf 2
416
3
ghg-ebg 1
fga-ebg 1
dcf-ebg 4
417
4
daf-ebh 1
hdg-ebh 3
bahf-ebh 1
icg-ebh 1
418
3
ebc-ebi 3
hfe-ebi 2
ebd-ebi 1
419
4
ehi-ebj 3
jgc-ebj 1
ghd-ebj 1
djj-ebj 1
420
4
eh-eca 1
jff-eca 2
jga-eca 2
dbf-eca 1
421
2
daj-ecb 1
bchc-ecb 5
422
6
bdie-ecc 1
idf-ecc 1
bdch-ecc 1
gce-ecc 1
edi-ecc 1
cd-ecc 1
423
3
dha-ecd 3
jfj-ecd 1
fba-ecd 2
424
2
eaa-ece 2
ici-ece 4
425
5
beh-ecf 1
dc-ecf 1
dgb-ecf 1
eed-ecf 2
cib-ecf 1
426
3
fbc-ecg 4
bcca-ecg 1
dfa-ecg 1
427
3
hcd-ech 3
jjc-ech 1
dbh-ech 2
428
4
jac-eci 2
cei-eci 1
dh-eci 1
hcg-eci 2
429
3
ihi-ecj 2
fbc-ecj 3
gbj-ecj 1
430
6
hbd-eda 1
igj-eda 1
dhf-eda 1
bbdb-eda 1
eai-eda 1
dgb-eda 1
431
3
gdd-edb 3
fb-edb 1
jj-edb 2
432
3
ggi-edc 1
ihi-edc 3
baa-edc 2
433
4
ebd-edd 2
bdh-edd 1
bai-edd 2
cbe-edd 1
434
4
ejb-ede 2
ffi-ede 2
jh-ede 1
jbb-ede 1
435
6
hba-edf 1
bdag-edf 1
bdfe-edf 1
dic-edf 1
fah-edf 1
ci-edf 1
436
5
cde-edg 1
ggd-edg 1
bgd-edg 1
jgh-edg 2
ie-edg 1
437
4
beb-edh 2
hcd-edh 2
bbgb-edh 1
dah-edh 1
438
6
gie-edi 1
egf-edi 1
eja-edi 1
gah-edi 1
bjd-edi 1
bda-edi 1
439
2
egf-edj 2
egj-edj 4
440
2
gcc-eea 1
bgj-eea 5
441
3
hgh-eeb 3
bab-eeb 1
hei-eeb 2
442
4
hci-eec 1
dge-eec 1
cbe-eec 3
bha-eec 1
443
4
gcd-eed 2
iaa-eed 1
jhc-eed 1
fcg-eed 2
444
2
fgi-eee 5
idg-eee 1
445
4
dej-eef 1
jad-eef 1
bdg-eef 2
bdcd-eef 2
446
6
chg-eeg 1
cfe-eeg 1
dcc-eeg 1
badg-eeg 1
bfc-eeg 1
dji-eeg 1
447
3
fbd-eeh 2
gbb-eeh 3
bcc-eeh 1
448
5
ejc-eei 2
beed-eei 1
bih-eei 1
fii-eei 1
haj-eei 1
449
3
bcag-eej 4
bbif-eej 1
bcih-eej 1
450
6
dhd-efa 1
ii-efa 1
jia-efa 1
bccg-efa 1
egc-efa 1
hch-efa 1
451
2
ehc-efb 1
eib-efb 5
452
4
bhh-efc 1
ehd-efc 1
hd-efc 2
fdg-efc 2
453
3
iac-efd 1
fei-efd 1
bbc-efd 4
454
2
bcdb-efe 1
ija-efe 5
455
5
fff-eff 2
bbed-eff 1
bjf-eff 1
jge-eff 1
hgf-eff 1
456
5
bbj-efg 1
bcad-efg 1
daf-efg 1
fii-efg 2
iib-efg 1
457
6
dci-efh 1
iic-efh 1
ibb-efh 1
ded-efh 1
fde-efh 1
igc-efh 1
458
3
eec-efi 2
eed-efi 1
icc-efi 3
459
6
efe-efj 1
fhc-efj 1
bbca-efj 1
gde-efj 1
bbfa-efj 1
fje-efj 1
460
6
feh-ega 1
bja-ega 1
bac-ega 1
cgd-ega 1
jca-ega 1
cbg-ega 1
461
6
hic-egb 1
cdg-egb 1
jg-egb 1
bcdf-egb 1
efi-egb 1
fdb-egb 1
462
2
ccj-egc 3
ddc-egc 3
463
3
cfa-egd 2
bdhg-egd 3
ebd-egd 1
464
4
fdb-ege 1
ifi-ege 1
dbb-ege 1
ecb-ege 3
465
4
eae-egf 3
cha-egf 1
fge-egf 1
ifd-egf 1
466
4
idd-egg 2
die-egg 1
eaj-egg 1
jia-egg 2
467
2
gah-egh 4
iid-egh 2
468
2
hef-egi 5
efa-egi 1
469
6
jdg-egj 1
baih-egj 1
ij-egj 1
jj-egj 1
ibi-egj 1
dbi-egj 1
470
4
cgh-eha 2
bbi-eha 1
bcbi-eha 2
fgd-eha 1
471
2
hib-ehb 1
bj-ehb 5
472
2
iad-ehc 5
cdh-ehc 1
473
4
hjj-ehd 1
bffb-ehd 1
hcb-ehd 2
dfd-ehd 2
474
4
hje-ehe 1
ibh-ehe 1
di-ehe 3
bebj-ehe 1
475
4
cac-ehf 1
jgj-ehf 2
hgh-ehf 2
fag-ehf 1
476
4
cgg-ehg 1
edf-ehg 1
bdgh-ehg 3
hda-ehg 1
477
3
ecf-ehh 3
dcc-ehh 1
had-ehh 2
478
3
fef-ehi 3
jfd-ehi 2
bbeg-ehi 1
479
3
bcgj-ehj 2
hbj-ehj 3
eci-ehj 1
480
4
ddb-eia 2
efc-eia 1
cjj-eia 2
bfa-eia 1
481
4
dg-eib 1
bcji-eib 1
bbbe-eib 1
iih-eib 3
482
4
fhi-eic 3
bdfb-eic 1
ebb-eic 1
bfef-eic 1
483
4
bfhj-eid 1
hc-eid 3
bdg-eid 1
bddi-eid 1
484
3
gbb-eie 3
ffj-eie 1
baf-eie 2
485
3
hac-eif 2
daa-eif 2
fdf-eif 2
486
3
edi-eig 4
bfeh-eig 1
fdf-eig 1
487
5
daa-eih 2
efh-eih 1
jc-eih 1
ifi-eih 1
cag-eih 1
488
2
bfdi-eii 3
bgb-eii 3
489
5
bje-eij 1
dcc-eij 2
dfg-eij 1
ief-eij 1
jae-eij 1
490
3
hej-eja 2
babi-eja 2
iaj-eja 2
491
2
bhc-ejb 5
ibd-ejb 1
492
6
gji-ejc 1
ggd-ejc 1
daj-ejc 1
hgb-ejc 1
eia-ejc 1
bcbe-ejc 1
493
1
ige-ejd 6
494
6
gic-eje 1
cif-eje 1
ebj-eje 1
iei-eje 1
bfj-eje 1
ege-eje 1
495
1
bfja-ejf 6
496
4
ghb-ejg 2
chd-ejg 2
feg-ejg 1
eb-ejg 1
497
2
egb-ejh 1
bbi-ejh 5
498
5
cdd-eji 1
d-eji 1
cgh-eji 1
dih-eji 2
hfb-eji 1
499
2
chf-ejj 4
hif-ejj 2
500
4
dfb-faa 1
dhg-faa 2
bbba-faa 1
ice-faa 2
501
1
dbf-fab 6
502
4
cbi-fac 1
hdh-fac 3
hbc-fac 1
bbii-fac 1
503
6
fgd-fad 1
cfh-fad 1
iej-fad 1
dih-fad 1
baei-fad 1
bdjg-fad 1
504
3
bdia-fae 3
baba-fae 2
fje-fae 1
505
3
hid-faf 2
ice-faf 2
bcja-faf 2
506
4
hcd-fag 3
bahb-fag 1
dbf-fag 1
jif-fag 1
507
1
bjf-fah 6
508
4
fdh-fai 1
bcj-fai 1
badj-fai 1
eff-fai 3
509
6
iii-faj 1
bhe-faj 1
ghi-faj 1
fgi-faj 1
ga-faj 1
ggb-faj 1
510
2
bbdb-fba 4
cdi-fba 2
511
5
fid-fbb 2
geh-fbb 1
fic-fbb 1
jih-fbb 1
jgi-fbb 1
512
4
fej-fbc 3
eeg-fbc 1
ejh-fbc 1
baag-fbc 1
513
5
ejj-fbd 1
eai-fbd 2
jhc-fbd 1
hej-fbd 1
bih-fbd 1
514
2
fgi-fbe 4
bceh-fbe 2
515
1
jbh-fbf 6
516
2
edb-fbg 4
dff-fbg 2
517
5
hca-fbh 2
bcjg-fbh 1
fdh-fbh 1
bc-fbh 1
fgb-fbh 1
518
5
dcc-fbi 2
ebf-fbi 1
cfg-fbi 1
eah-fbi 1
bjb-fbi 1
519
6
fdc-fbj 1
hdc-fbj 1
hb-fbj 1
beig-fbj 1
fch-fbj 1
ieg-fbj 1
520
4
dce-fca 3
bccg-fca 1
gaj-fca 1
jib-fca 1
521
4
hbb-fcb 2
fij-fcb 1
bcdf-fcb 1
h-fcb 2
522
4
gbd-fcc 1
fjh-fcc 1
gic-fcc 2
bfca-fcc 2
523
3
cba-fcd 2
cae-fcd 1
ghf-fcd 3
524
3
baec-fce 2
gjh-fce 3
gia-fce 1
525
5
baib-fcf 1
cce-fcf 1
ebi-fcf 1
bff-fcf 1
ehe-fcf 2
526
3
bbe-fcg 1
gcc-fcg 4
bcah-fcg 1
527
5
bcee-fch 1
beaj-fch 1
fcf-fch 1
ecb-fch 2
eae-fch 1
528
6
bbea-fci 1
iba-fci 1
dei-fci 1
dfh-fci 1
fhg-fci 1
dfd-fci 1
529
6
hge-fcj 1
ghc-fcj 1
egd-fcj 1
fcg-fcj 1
ffb-fcj 1
heb-fcj 1
530
6
bhj-fda 1
gca-fda 1
edf-fda 1
cfd-fda 1
bbbd-fda 1
bhi-fda 1
531
4
ccf-fdb 2
eha-fdb 1
bcga-fdb 1
def-fdb 2
532
5
dhh-fdc 1
cif-fdc 1
eg-fdc 2
bahi-fdc 1
dad-fdc 1
533
6
eaf-fdd 1
dfb-fdd 1
bfha-fdd 1
baif-fdd 1
baei-fdd 1
edd-fdd 1
534
1
egb-fde 6
535
5
gdc-fdf 1
fbj-fdf 2
ibe-fdf 1
cgg-fdf 1
fdg-fdf 1
536
5
bach-fdg 1
bhi-fdg 2
bdhg-fdg 1
gbh-fdg 1
gje-fdg 1
537
6
ffa-fdh 1
hjd-fdh 1
bcjh-fdh 1
cjd-fdh 1
deb-fdh 1
cdc-fdh 1
538
1
jii-fdi 6
539
2
hbh-fdj 5
bdfh-fdj 1
540
4
bceb-fea 1
ee-fea 1
bdcd-fea 3
bbia-fea 1
541
4
ieb-feb 1
ibd-feb 1
ih-feb 1
dfh-feb 3
542
3
bfcg-fec 4
ffe-fec 1
bfij-fec 1
543
3
bbhb-fed 4
hdi-fed 1
fdh-fed 1
544
5
fff-fee 1
ecb-fee 1
ihf-fee 1
bbaa-fee 2
be-fee 1
545
4
bfdg-fef 1
bbfh-fef 3
dfe-fef 1
je-fef 1
546
5
ihh-feg 1
ijc-feg 1
hgh-feg 1
bcgj-feg 2
bd-feg 1
547
4
chc-feh 3
bch-feh 1
hei-feh 1
djg-feh 1
548
4
begd-fei 2
eeg-fei 1
ffc-fei 2
bcgi-fei 1
549
3
dfe-fej 2
hhe-fej 3
eji-fej 1
550
4
df-ffa 2
gch-ffa 1
bfef-ffa 1
idb-ffa 2
551
6
jfe-ffb 1
cfd-ffb 1
dab-ffb 1
cbd-ffb 1
ica-ffb 1
i-ffb 1
552
3
bgc-ffc 3
bdj-ffc 2
hbb-ffc 1
553
3
jaf-ffd 2
eia-ffd 1
dij-ffd 3
554
2
hdc-ffe 4
baba-ffe 2
555
6
baae-fff 1
fgj-fff 1
baj-fff 1
jbf-fff 1
edi-fff 1
hfd-fff 1
556
1
ffi-ffg 6
557
2
fja-ffh 5
e-ffh 1
558
3
cdj-ffi 1
cif-ffi 4
bcdd-ffi 1
559
4
gih-ffj 1
gfi-ffj 2
dfd-ffj 1
baid-ffj 2
560
6
igi-fga 1
eae-fga 1
ceb-fga 1
gei-fga 1
bhe-fga 1
cie-fga 1
561
2
dba-fgb 1
gff-fgb 5
562
4
dgd-fgc 2
dbd-fgc 1
bagf-fgc 1
jad-fgc 2
563
5
bfic-fgd 1
fb-fgd 1
ffa-fgd 2
bfff-fgd 1
dij-fgd 1
564
2
ibf-fge 2
gjf-fge 4
565
2
def-fgf 4
ha-fgf 2
566
1
ice-fgg 6
567
3
dbh-fgh 3
jcf-fgh 2
jjf-fgh 1
568
3
dfg-fgi 1
bcbi-fgi 2
eeh-fgi 3
569
2
ghj-fgj 5
bdc-fgj 1
570
3
fhc-fha 1
bfig-fha 1
bfi-fha 4
571
6
feb-fhb 1
bajf-fhb 1
hfe-fhb 1
bfcb-fhb 1
beeb-fhb 1
beaa-fhb 1
572
6
ijj-fhc 1
cba-fhc 1
bfed-fhc 1
bbi-fhc 1
bgea-fhc 1
hch-fhc 1
573
4
cih-fhd 2
dgi-fhd 1
hic-fhd 2
dea-fhd 1
574
4
ebh-fhe 3
hci-fhe 1
dic-fhe 1
gge-fhe 1
575
2
ffb-fhf 5
gad-fhf 1
576
3
fjc-fhg 3
bbfh-fhg 1
da-fhg 2
577
1
cba-fhh 6
578
4
idd-fhi 3
bja-fhi 1
bcgj-fhi 1
jcb-fhi 1
579
4
ii-fhj 1
bgde-fhj 2
fgf-fhj 1
fag-fhj 2
580
3
gcc-fia 4
hga-fia 1
cdd-fia 1
581
3
gjb-fib 3
fgb-fib 2
bag-fib 1
582
4
hgg-fic 1
bgaj-fic 1
ijd-fic 2
cea-fic 2
583
5
hh-fid 1
cih-fid 1
fh-fid 1
gif-fid 1
bbaa-fid 2
584
2
efe-fie 5
bccf-fie 1
585
4
gge-fif 1
bfcg-fif 1
ibj-fif 1
bbc-fif 3
586
4
bfj-fig 1
ejg-fig 3
eib-fig 1
dec-fig 1
587
1
bcc-fih 6
588
4
gde-fii 1
bcfh-fii 1
haf-fii 2
bagb-fii 2
589
3
bdfi-fij 1
fdf-fij 4
ebj-fij 1
590
3
cih-fja 2
edj-fja 1
bhf-fja 3
591
6
cij-fjb 1
hae-fjb 1
gcg-fjb 1
bggb-fjb 1
cja-fjb 1
gef-fjb 1
592
5
bcff-fjc 1
cie-fjc 1
dbg-fjc 1
baee-fjc 1
hdf-fjc 2
593
1
cif-fjd 6
594
4
fba-fje 1
hdj-fje 3
bbac-fje 1
hci-fje 1
595
3
fhc-fjf 3
bahg-fjf 2
jhf-fjf 1
596
2
bcfe-fjg 4
bhg-fjg 2
597
5
baij-fjh 1
babb-fjh 1
g-fjh 1
ei-fjh 1
ddd-fjh 2
598
6
fij-fji 1
ehf-fji 1
iga-fji 1
jbi-fji 1
bddi-fji 1
cdf-fji 1
599
2
gj-fjj 2
bbg-fjj 4
600
2
bacj-gaa 4
gbb-gaa 2
601
2
ca-gab 4
gdh-gab 2
602
1
cca-gac 6
603
6
jjh-gad 1
bdfe-gad 1
hij-gad 1
bjc-gad 1
bf-gad 1
cdf-gad 1
604
5
ghc-gae 2
hca-gae 1
bfi-gae 1
ceb-gae 1
jci-gae 1
605
1
bjh-gaf 6
606
3
jij-gag 1
dff-gag 4
bahg-gag 1
607
5
ici-gah 2
fac-gah 1
cjc-gah 1
iaf-gah 1
cdd-gah 1
609
4
bcde-gaj 2
iae-gaj 1
ccf-gaj 1
di-gaj 2
610
3
bbge-gba 3
gcb-gba 2
bbib-gba 1
611
6
becb-gbb 1
dhf-gbb 1
cgb-gbb 1
eja-gbb 1
bfjj-gbb 1
efh-gbb 1
612
4
hb-gbc 2
bbhc-gbc 2
bbh-gbc 1
baab-gbc 1
613
4
bbcd-gbd 2
fcb-gbd 1
cg-gbd 1
gca-gbd 2
614
1
bgfd-gbe 6
615
3
bdcf-gbf 1
bbeh-gbf 2
ccj-gbf 3
616
4
bbcb-gbg 2
dga-gbg 2
dhh-gbg 1
hhb-gbg 1
617
3
dje-gbh 1
ff-gbh 2
ejj-gbh 3
618
5
bacg-gbi 2
ej-gbi 1
bbeh-gbi 1
dbi-gbi 1
ifc-gbi 1
619
4
bbfi-gbj 1
jej-gbj 2
eaa-gbj 2
gch-gbj 1
620
5
gfd-gca 1
jig-gca 1
bbfc-gca 2
hbg-gca 1
haj-gca 1
621
4
bfbd-gcb 1
cab-gcb 1
jca-gcb 1
bafh-gcb 3
622
6
bafc-gcc 1
gaj-gcc 1
baee-gcc 1
bbii-gcc 1
ejb-gcc 1
cdh-gcc 1
623
2
egf-gcd 4
bbjd-gcd 2
624
3
bdfi-gce 2
fai-gce 3
dhb-gce 1
625
3
baii-gcf 3
daf-gcf 2
cgj-gcf 1
626
4
ijg-gcg 2
chg-gcg 1
hgd-gcg 1
cce-gcg 2
627
4
bdc-gch 1
cih-gch 1
ffb-gch 2
fjh-gch 2
628
4
bga-gci 3
ghh-gci 1
cea-gci 1
igb-gci 1
629
2
ebb-gcj 4
ged-gcj 2
630
2
ihh-gda 4
bdcf-gda 2
631
3
bbg-gdb 4
bdci-gdb 1
eah-gdb 1
632
5
ifc-gdc 1
gbe-gdc 1
cah-gdc 1
igj-gdc 1
babf-gdc 2
633
3
bcag-gdd 2
hfi-gdd 3
dgb-gdd 1
634
3
cdd-gde 4
gah-gde 1
baeb-gde 1
635
4
gfe-gdf 1
bchf-gdf 1
hjh-gdf 2
bhc-gdf 2
636
4
db-gdg 3
bddj-gdg 1
hag-gdg 1
bajh-gdg 1
637
3
iih-gdh 3
jci-gdh 2
bdfd-gdh 1
638
1
jcc-gdi 6
639
3
dib-gdj 1
gjg-gdj 2
cei-gdj 3
640
5
jh-gea 2
dea-gea 1
edi-gea 1
eaa-gea 1
cda-gea 1
641
4
begg-geb 2
hfa-geb 1
hhd-geb 2
eff-geb 1
642
2
ffc-gec 3
ihd-gec 3
643
1
bdbj-ged 6
644
1
dda-gee 6
645
3
gfh-gef 2
bdgj-gef 2
dfi-gef 2
646
4
baaa-geg 1
cie-geg 3
gaj-geg 1
bfcj-geg 1
647
4
jg-geh 1
gah-geh 3
iai-geh 1
bjh-geh 1
648
3
daf-gei 1
ffa-gei 1
iba-gei 4
649
4
bge-gej 2
hgi-gej 1
gda-gej 2
fec-gej 1
650
2
bgeg-gfa 4
hbc-gfa 2
651
4
g-gfb 1
jhj-gfb 1
bcbi-gfb 3
gfj-gfb 1
652
4
ccf-gfc 3
bcb-gfc 1
bche-gfc 1
baha-gfc 1
653
3
gch-gfd 2
hjb-gfd 2
bdbg-gfd 2
654
2
baci-gfe 2
hfa-gfe 4
655
6
idi-gff 1
jbi-gff 1
ehe-gff 1
egf-gff 1
bga-gff 1
hh-gff 1
656
3
chc-gfg 4
cef-gfg 1
bahh-gfg 1
657
3
iga-gfh 1
bi-gfh 2
jaj-gfh 3
658
2
becd-gfi 4
ech-gfi 2
659
1
bdba-gfj 6
660
2
bhe-gga 5
hhe-gga 1
661
3
bej-ggb 4
eae-ggb 1
bee-ggb 1
662
2
id-ggc 4
bgae-ggc 2
663
4
cjh-ggd 3
jhh-ggd 1
djj-ggd 1
igd-ggd 1
664
6
bfid-gge 1
efd-gge 1
ehc-gge 1
ifg-gge 1
bdc-gge 1
beai-gge 1
665
4
hab-ggf 2
jfj-ggf 1
bcdj-ggf 2
feh-ggf 1
666
4
dij-ggg 3
die-ggg 1
caf-ggg 1
bih-ggg 1
667
1
cab-ggh 6
668
3
cbc-ggi 4
cgh-ggi 1
bfc-ggi 1
670
4
ifc-gha 1
gdh-gha 1
bfgj-gha 3
gii-gha 1
671
5
idb-ghb 1
bgef-ghb 1
bbff-ghb 2
bgae-ghb 1
bbfg-ghb 1
672
6
bch-ghc 1
beid-ghc 1
begg-ghc 1
jjf-ghc 1
fhi-ghc 1
cib-ghc 1
673
3
egj-ghd 3
did-ghd 1
bae-ghd 2
674
3
cji-ghe 4
ccb-ghe 1
ggg-ghe 1
675
1
ggb-ghf 6
676
4
dhh-ghg 2
fhb-ghg 1
fdj-ghg 1
cej-ghg 2
677
2
bacj-ghh 1
cbc-ghh 5
678
3
daf-ghi 1
hai-ghi 4
cic-ghi 1
679
4
bcbc-ghj 3
hec-ghj 1
fcd-ghj 1
fdb-ghj 1
680
4
egg-gia 2
ied-gia 2
hbf-gia 1
ccg-gia 1
681
3
ehj-gib 3
bbhf-gib 1
cic-gib 2
682
4
bbga-gic 2
fed-gic 1
gge-gic 1
dhi-gic 2
683
1
cjj-gid 6
684
2
iih-gie 4
ici-gie 2
685
5
bcig-gif 1
hge-gif 1
bcdi-gif 1
gdf-gif 2
jea-gif 1
686
3
gj-gig 2
ijf-gig 3
bbe-gig 1
687
5
bbfb-gih 2
die-gih 1
badc-gih 1
fic-gih 1
baai-gih 1
688
3
ib-gii 3
baab-gii 2
cgf-gii 1
689
4
ehf-gij 2
ibd-gij 1
bei-gij 1
ehh-gij 2
690
2
ecd-gja 4
bajc-gja 2
692
5
ca-gjc 1
behb-gjc 2
hji-gjc 1
hg-gjc 1
gbe-gjc 1
693
1
gad-gjd 6
694
2
bhc-gje 5
bbdf-gje 1
695
3
hdh-gjf 1
dig-gjf 2
ieg-gjf 3
696
6
bfb-gjg 1
dci-gjg 1
bbic-gjg 1
egg-gjg 1
behg-gjg 1
bdda-gjg 1
697
2
cbg-gjh 2
dfd-gjh 4
698
1
bbgf-gji 6
699
3
hhe-gjj 2
fbi-gjj 2
iii-gjj 2
700
4
dbe-haa 1
bjj-haa 1
bcea-haa 1
dg-haa 3
701
3
gc-hab 4
bcfg-hab 1
fij-hab 1
702
3
eif-hac 1
gdb-hac 4
bcbg-hac 1
703
1
iec-had 6
704
6
fac-hae 1
hea-hae 1
bbic-hae 1
ije-hae 1
idb-hae 1
chi-hae 1
705
4
cdd-haf 2
jda-haf 1
bbcd-haf 1
jji-haf 2
706
6
beje-hag 1
dfg-hag 1
ecj-hag 1
dic-hag 1
bcgb-hag 1
hje-hag 1
707
2
fda-hah 3
efj-hah 3
708
3
bfh-hai 4
hfh-hai 1
bce-hai 1
709
1
bdjj-haj 6
710
2
bdbi-hba 5
bega-hba 1
711
3
fac-hbb 1
cgj-hbb 4
cfb-hbb 1
712
2
jdg-hbc 5
ffc-hbc 1
713
5
bcbd-hbd 1
bdff-hbd 1
bei-hbd 1
iah-hbd 1
eij-hbd 2
714
2
fc-hbe 5
edh-hbe 1
715
3
fcf-hbf 2
dga-hbf 1
jf-hbf 3
716
5
ife-hbg 1
gde-hbg 1
bdjf-hbg 2
jh-hbg 1
egh-hbg 1
717
4
babe-hbh 2
dbj-hbh 1
ifg-hbh 1
ci-hbh 2
718
2
jfh-hbi 5
egd-hbi 1
719
2
jge-hbj 2
bedf-hbj 4
720
6
hcf-hca 1
g-hca 1
cib-hca 1
ead-hca 1
ibe-hca 1
jid-hca 1
721
3
ffe-hcb 1
bdfa-hcb 4
bahd-hcb 1
722
2
iee-hcc 1
cie-hcc 5
723
3
bdhb-hcd 3
bgi-hcd 2
jee-hcd 1
724
6
eab-hce 1
bchf-hce 1
bde-hce 1
dha-hce 1
beaf-hce 1
ejf-hce 1
725
5
hhc-hcf 2
cih-hcf 1
bbae-hcf 1
b-hcf 1
gad-hcf 1
726
4
jjg-hcg 1
ibf-hcg 1
baed-hcg 3
ja-hcg 1
727
4
gdg-hch 1
ghe-hch 1
fci-hch 2
jcb-hch 2
728
5
fbf-hci 2
ggi-hci 1
geh-hci 1
bdff-hci 1
baef-hci 1
729
6
hdb-hcj 1
bbbg-hcj 1
jd-hcj 1
bbgd-hcj 1
ejb-hcj 1
eec-hcj 1
730
4
dec-hda 2
ffb-hda 1
idc-hda 2
ea-hda 1
731
4
fei-hdb 1
jh-hdb 3
bfhg-hdb 1
bejg-hdb 1
732
6
bdac-hdc 1
befb-hdc 1
cej-hdc 1
gig-hdc 1
jbf-hdc 1
cbi-hdc 1
733
3
bdg-hdd 1
bcf-hdd 4
cih-hdd 1
734
3
jfh-hde 3
gdj-hde 2
bbjf-hde 1
735
5
bcfg-hdf 1
fad-hdf 1
bbha-hdf 2
gbh-hdf 1
dci-hdf 1
736
3
eba-hdg 3
dac-hdg 1
fjc-hdg 2
737
2
fec-hdh 5
ihb-hdh 1
738
3
iae-hdi 4
beah-hdi 1
bic-hdi 1
739
4
bci-hdj 1
jbj-hdj 3
eci-hdj 1
haa-hdj 1
740
6
djb-hea 1
bdfd-hea 1
jjg-hea 1
befg-hea 1
bcji-hea 1
fdf-hea 1
741
1
icg-heb 6
742
4
fai-hec 1
bfjg-hec 1
bdda-hec 3
bdhc-hec 1
743
2
bcbg-hed 4
ffe-hed 2
744
2
gbf-hee 2
bfhd-hee 4
745
4
beg-hef 3
bjd-hef 1
gha-hef 1
bfch-hef 1
746
2
ceb-heg 5
bcdd-heg 1
747
4
ggc-heh 1
hii-heh 1
ed-heh 1
dcb-heh 3
748
3
ie-hei 3
if-hei 1
fad-hei 2
749
4
bgbd-hej 2
gcc-hej 1
ccd-hej 2
cec-hej 1
750
4
dgc-hfa 1
jhg-hfa 1
jga-hfa 3
befe-hfa 1
751
4
egc-hfb 1
icd-hfb 1
bff-hfb 2
gc-hfb 2
752
3
bcdc-hfc 3
gjh-hfc 2
gab-hfc 1
753
2
bcec-hfd 3
eih-hfd 3
754
3
gac-hfe 1
bahd-hfe 2
ejg-hfe 3
755
3
hge-hff 2
bbci-hff 3
bacc-hff 1
756
2
gfd-hfg 4
bbac-hfg 2
757
3
ede-hfh 1
ihf-hfh 1
bbaj-hfh 4
758
2
eci-hfi 1
beih-hfi 5
759
3
bfhi-hfj 1
jfc-hfj 3
gaa-hfj 2
760
2
bbg-hga 1
fdb-hga 5
761
6
dfj-hgb 1
hfc-hgb 1
iaj-hgb 1
bccd-hgb 1
gcc-hgb 1
bdf-hgb 1
762
4
fia-hgc 2
dej-hgc 1
fea-hgc 1
hje-hgc 2
763
2
bedb-hgd 5
bbfa-hgd 1
764
3
beff-hge 2
efg-hge 3
jdc-hge 1
765
4
bci-hgf 3
fea-hgf 1
icd-hgf 1
bafe-hgf 1
766
3
baib-hgg 3
ehf-hgg 1
ddc-hgg 2
767
2
deg-hgh 5
dej-hgh 1
768
3
cdb-hgi 1
baai-hgi 3
baja-hgi 2
769
1
bbjj-hgj 6
770
5
baad-hha 2
ii-hha 1
bi-hha 1
ihj-hha 1
hdd-hha 1
771
4
dfa-hhb 3
bbaj-hhb 1
bbaa-hhb 1
fj-hhb 1
772
3
eia-hhc 1
fhc-hhc 2
beff-hhc 3
773
4
bdec-hhd 2
bbd-hhd 1
gaa-hhd 2
ch-hhd 1
774
5
dji-hhe 1
eff-hhe 1
bdfa-hhe 1
fcd-hhe 1
gja-hhe 2
775
3
bcf-hhf 1
bafj-hhf 4
dag-hhf 1
776
2
hbb-hhg 5
dgd-hhg 1
777
2
ebd-hhh 4
haa-hhh 2
778
2
dcj-hhi 2
bdci-hhi 4
779
6
beb-hhj 1
jec-hhj 1
bfag-hhj 1
cbg-hhj 1
hie-hhj 1
chi-hhj 1
780
3
jdd-hia 2
bbie-hia 3
dbf-hia 1
781
2
bbfb-hib 1
bbi-hib 5
782
4
chh-hic 3
bgcf-hic 1
dcc-hic 1
dhd-hic 1
783
1
bgdg-hid 6
784
2
bjg-hie 3
bgbb-hie 3
785
3
cii-hif 1
ggc-hif 2
fje-hif 3
786
3
fig-hig 4
che-hig 1
gb-hig 1
787
3
iaf-hih 3
ddh-hih 1
bdbe-hih 2
788
4
cgi-hii 1
jaj-hii 2
fej-hii 1
djb-hii 2
789
4
dif-hij 2
bji-hij 1
bbbd-hij 1
hag-hij 2
790
2
fae-hja 1
gbd-hja 5
791
3
bde-hjb 3
cbb-hjb 1
cfh-hjb 2
792
4
bbfi-hjc 1
hcc-hjc 1
gaj-hjc 1
bfhe-hjc 3
793
2
bbd-hjd 4
fef-hjd 2
794
2
bdja-hje 1
fgj-hje 5
795
3
gid-hjf 2
edj-hjf 2
beji-hjf 2
796
5
eda-hjg 1
cfa-hjg 1
jdh-hjg 2
jgg-hjg 1
gdj-hjg 1
797
2
bcg-hjh 5
caj-hjh 1
798
2
hfj-hji 2
bba-hji 4
799
6
bace-hjj 1
fgd-hjj 1
gah-hjj 1
bgc-hjj 1
fe-hjj 1
cjf-hjj 1
800
6
jcg-iaa 1
cij-iaa 1
deb-iaa 1
dhc-iaa 1
eef-iaa 1
ead-iaa 1
801
3
bdbh-iab 3
cdh-iab 2
ech-iab 1
802
3
eic-iac 1
hia-iac 4
hbi-iac 1
803
4
d-iad 1
cba-iad 1
cgd-iad 3
jcd-iad 1
804
3
fjd-iae 1
cdf-iae 3
bcd-iae 2
805
4
ejf-iaf 1
jd-iaf 2
ecj-iaf 1
gjf-iaf 2
806
4
bage-iag 2
ejg-iag 1
begg-iag 2
ihd-iag 1
807
2
dad-iah 3
fei-iah 3
808
4
jh-iai 1
gf-iai 1
beja-iai 1
dje-iai 3
809
3
gbh-iaj 3
gci-iaj 1
bddg-iaj 2
810
5
bbba-iba 1
ejb-iba 1
bcb-iba 2
bafb-iba 1
bbbj-iba 1
811
1
iha-ibb 6
812
2
bbgf-ibc 4
egb-ibc 2
813
2
bdhd-ibd 4
bgcj-ibd 2
814
3
fba-ibe 2
bbcc-ibe 3
jbe-ibe 1
815
3
dih-ibf 1
dje-ibf 4
bffh-ibf 1
816
4
bafg-ibg 1
fhg-ibg 1
ceb-ibg 3
efj-ibg 1
817
3
bahj-ibh 3
babb-ibh 1
eja-ibh 2
818
4
bjc-ibi 2
fii-ibi 1
jib-ibi 2
fdi-ibi 1
819
4
hae-ibj 1
bbcd-ibj 3
bbdb-ibj 1
dfd-ibj 1
820
4
bcfh-ica 1
becf-ica 1
dgi-ica 3
jde-ica 1
821
3
fhj-icb 4
fib-icb 1
hfi-icb 1
822
1
fdh-icc 6
823
5
jaa-icd 1
hcd-icd 1
eig-icd 1
hj-icd 1
jaj-icd 2
824
3
ehd-ice 4
jfh-ice 1
hgi-ice 1
825
4
dbb-icf 2
fce-icf 1
bcha-icf 1
cih-icf 2
826
3
bjj-icg 2
bcdi-icg 1
gcg-icg 3
827
2
djd-ich 1
beei-ich 5
828
3
jc-ici 1
cj-ici 4
dfa-ici 1
829
2
hbe-icj 5
jie-icj 1
830
4
jbh-ida 1
hee-ida 2
ehj-ida 2
bcfd-ida 1
831
6
bach-idb 1
cdh-idb 1
jcb-idb 1
ghi-idb 1
bfjd-idb 1
fce-idb 1
832
3
djj-idc 1
iij-idc 4
gjg-idc 1
833
4
bfda-idd 2
fih-idd 1
bbah-idd 2
fj-idd 1
834
1
fgc-ide 6
835
5
efa-idf 1
dh-idf 1
bajg-idf 1
dii-idf 1
jhi-idf 2
836
4
bagf-idg 3
dhd-idg 1
bfi-idg 1
ic-idg 1
837
2
bad-idh 4
gdg-idh 2
838
5
hhc-idi 1
baeh-idi 1
bbdd-idi 2
ech-idi 1
bgfa-idi 1
839
3
fdj-idj 3
bcc-idj 1
bgf-idj 2
840
4
eeb-iea 2
bij-iea 2
chb-iea 1
bebf-iea 1
841
3
bdaj-ieb 2
bbie-ieb 3
fhb-ieb 1
842
4
iff-iec 2
hfh-iec 1
bbca-iec 2
hfg-iec 1
843
4
jac-ied 3
bbid-ied 1
bche-ied 1
hhb-ied 1
844
3
bdcd-iee 2
efc-iee 3
baje-iee 1
845
4
hag-ief 3
bfc-ief 1
ea-ief 1
bbah-ief 1
846
5
fjj-ieg 2
idd-ieg 1
ffh-ieg 1
hcd-ieg 1
ebg-ieg 1
847
3
bge-ieh 1
caj-ieh 2
bchj-ieh 3
848
4
bcgb-iei 3
behf-iei 1
efg-iei 1
hgi-iei 1
849
2
bdi-iej 4
bbh-iej 2
850
4
bbbi-ifa 1
hcf-ifa 3
bdbe-ifa 1
ccc-ifa 1
851
2
dfh-ifb 4
bagh-ifb 2
852
6
jid-ifc 1
bchg-ifc 1
fdj-ifc 1
ejj-ifc 1
cee-ifc 1
gfa-ifc 1
853
3
cf-ifd 1
bah-ifd 4
bbhd-ifd 1
854
3
bbdj-ife 2
dad-ife 3
hjf-ife 1
855
4
jgf-iff 2
fb-iff 2
efe-iff 1
cgi-iff 1
856
3
be-ifg 3
jci-ifg 1
bgeb-ifg 2
857
3
baga-ifh 3
cid-ifh 1
baai-ifh 2
858
2
bcci-ifi 5
badf-ifi 1
860
2
ebb-iga 5
gfj-iga 1
861
2
cif-igb 4
gb-igb 2
862
3
eaf-igc 1
gh-igc 4
bcgi-igc 1
863
2
ggg-igd 1
ife-igd 5
864
3
hjc-ige 4
dbi-ige 1
dbj-ige 1
867
1
hag-igh 6
868
3
gag-igi 3
bbg-igi 1
bcbj-igi 2
869
3
jba-igj 4
dde-igj 1
bdie-igj 1
870
4
bcdj-iha 2
hgf-iha 2
jfa-iha 1
bbfe-iha 1
871
2
bbcj-ihb 2
eii-ihb 4
872
2
ehj-ihc 2
jfd-ihc 4
873
4
bgei-ihd 1
behh-ihd 1
bbdd-ihd 1
fj-ihd 3
874
3
hdi-ihe 4
hdg-ihe 1
hdj-ihe 1
875
5
cfb-ihf 1
bfcc-ihf 2
ijj-ihf 1
eh-ihf 1
bbad-ihf 1
876
3
gij-ihg 2
cdj-ihg 1
gbf-ihg 3
877
2
gih-ihh 5
cib-ihh 1
878
5
bdgf-ihi 1
gjh-ihi 1
bebh-ihi 1
hdb-ihi 2
jg-ihi 1
879
2
caf-ihj 5
cef-ihj 1
880
3
fid-iia 1
fgb-iia 2
hfh-iia 3
881
5
bafa-iib 1
cfb-iib 1
chd-iib 2
baeb-iib 1
id-iib 1
882
4
fag-iic 1
gfa-iic 1
iie-iic 3
jje-iic 1
883
3
cej-iid 4
iae-iid 1
ffa-iid 1
884
4
bec-iie 1
bejf-iie 2
cbb-iie 1
jee-iie 2
885
2
hif-iif 5
bbei-iif 1
886
2
hjb-iig 5
hcg-iig 1
887
1
hbj-iih 6
888
1
bbib-iii 6
889
1
baaa-iij 6
890
2
dbj-ija 2
iaa-ija 4
892
2
cgi-ijc 5
hg-ijc 1
893
3
gdh-ijd 3
hfi-ijd 2
beda-ijd 1
894
3
beef-ije 4
bbbj-ije 1
bef-ije 1
895
2
bj-ijf 3
hei-ijf 3
896
2
ig-ijg 5
behi-ijg 1
897
2
bii-ijh 2
hhg-ijh 4
898
1
gd-iji 6
899
1
iaf-ijj 6
900
3
bbjh-jaa 2
jbg-jaa 1
cf-jaa 3
901
2
baej-jab 5
gbe-jab 1
902
5
ghg-jac 1
hca-jac 1
ibb-jac 1
ejj-jac 1
bgg-jac 2
903
3
dgj-jad 1
bcij-jad 1
djc-jad 4
904
3
ee-jae 3
bbih-jae 1
cja-jae 2
905
2
bgd-jaf 5
bdig-jaf 1
906
3
cg-jag 2
cbc-jag 2
bdij-jag 2
907
4
baia-jah 2
fie-jah 1
bchh-jah 2
bcif-jah 1
908
5
gbj-jai 1
bbbg-jai 1
efa-jai 1
hah-jai 1
bffi-jai 2
909
2
ebd-jaj 2
iic-jaj 4
910
3
gej-jba 3
cgd-jba 1
bdef-jba 2
911
2
dhg-jbb 2
gjc-jbb 4
912
2
gbg-jbc 3
jca-jbc 3
913
3
bgh-jbd 3
dij-jbd 1
bfad-jbd 2
914
3
de-jbe 1
bbig-jbe 2
fbj-jbe 3
915
4
cc-jbf 1
bedi-jbf 2
gfg-jbf 2
hai-jbf 1
916
3
ehd-jbg 3
bdid-jbg 1
baie-jbg 2
917
3
dbd-jbh 1
babf-jbh 3
bji-jbh 2
918
1
bdcc-jbi 6
919
3
daa-jbj 3
jhb-jbj 2
hdc-jbj 1
920
4
idf-jca 3
fdh-jca 1
jfg-jca 1
jde-jca 1
921
4
faj-jcb 1
gae-jcb 3
ihh-jcb 1
hhf-jcb 1
922
3
fjg-jcc 1
fej-jcc 4
gfb-jcc 1
923
4
ied-jcd 1
jcc-jcd 2
hgh-jcd 1
bagh-jcd 2
924
1
bafi-jce 6
925
2
djc-jcf 1
igj-jcf 5
926
3
cfj-jcg 2
babe-jcg 3
ggg-jcg 1
928
5
fch-jci 1
bfbf-jci 1
beia-jci 1
gih-jci 1
fb-jci 2
930
2
bdig-jda 2
bgdf-jda 4
931
5
jhc-jdb 2
bbaj-jdb 1
jji-jdb 1
cgf-jdb 1
hge-jdb 1
932
3
hbh-jdc 3
gdh-jdc 1
jc-jdc 2
933
3
ffh-jdd 3
dic-jdd 2
dhc-jdd 1
934
5
baad-jde 1
ha-jde 2
bcjb-jde 1
bi-jde 1
bdgi-jde 1
936
6
gea-jdg 1
ibi-jdg 1
cjh-jdg 1
dhj-jdg 1
bhb-jdg 1
bh-jdg 1
937
1
ea-jdh 6
939
2
eic-jdj 5
jfj-jdj 1
940
1
ije-jea 6
941
1
jad-jeb 6
942
5
badg-jec 1
ehc-jec 1
dae-jec 1
bdfg-jec 1
bgb-jec 2
943
1
djc-jed 6
944
4
cfg-jee 2
hjb-jee 1
ceg-jee 1
ej-jee 2
945
5
bbfe-jef 2
bbje-jef 1
beh-jef 1
fad-jef 1
badj-jef 1
946
2
baib-jeg 1
bbj-jeg 5
947
2
ddj-jeh 3
bgdb-jeh 3
948
1
eff-jei 6
949
3
fgj-jej 4
ehb-jej 1
dch-jej 1
950
4
chb-jfa 1
iec-jfa 1
fdj-jfa 1
bhe-jfa 3
951
3
bbdb-jfb 3
ebb-jfb 1
cge-jfb 2
952
2
cgh-jfc 3
jgb-jfc 3
953
2
babc-jfd 4
fbd-jfd 2
954
4
c-jfe 1
egf-jfe 1
bcif-jfe 1
bfgb-jfe 3
955
2
egg-jff 5
bfeb-jff 1
956
3
bccb-jfg 2
ega-jfg 1
fic-jfg 3
957
4
eij-jfh 1
fdf-jfh 1
gfb-jfh 1
bffj-jfh 3
958
3
dii-jfi 2
bbj-jfi 1
befa-jfi 3
959
5
bdhe-jfj 2
bcaj-jfj 1
jfa-jfj 1
bcc-jfj 1
eac-jfj 1
960
4
bagg-jga 1
fdf-jga 1
bfcd-jga 1
bfab-jga 3
961
1
ecd-jgb 6
962
5
ibd-jgc 1
ied-jgc 1
bba-jgc 2
cfa-jgc 1
babj-jgc 1
963
1
ghb-jgd 6
964
4
gbf-jge 2
bagf-jge 1
bcgj-jge 1
bedj-jge 2
965
4
bhg-jgf 2
hhj-jgf 2
i-jgf 1
fjd-jgf 1
966
3
cfd-jgg 4
heh-jgg 1
bajc-jgg 1
967
2
dfc-jgh 5
jcb-jgh 1
968
2
gjf-jgi 5
iae-jgi 1
970
4
ghd-jha 1
bea-jha 3
jia-jha 1
efh-jha 1
971
1
ejg-jhb 6
972
4
eej-jhc 1
hei-jhc 2
gga-jhc 2
ced-jhc 1
973
2
gba-jhd 1
geb-jhd 5
974
3
jae-jhe 3
jih-jhe 1
bbai-jhe 2
975
3
bajj-jhf 1
fch-jhf 3
behe-jhf 2
976
2
hde-jhg 4
fbi-jhg 2
977
3
bfia-jhh 4
gej-jhh 1
gab-jhh 1
978
2
bagi-jhi 5
bcj-jhi 1
979
1
eei-jhj 6
980
6
bded-jia 1
ecc-jia 1
bje-jia 1
hdd-jia 1
ddg-jia 1
baac-jia 1
981
4
bjf-jib 2
iac-jib 1
gda-jib 2
bab-jib 1
982
2
hff-jic 4
igj-jic 2
983
4
jff-jid 1
cag-jid 3
bgfj-jid 1
bdgd-jid 1
984
3
hdb-jie 2
baih-jie 2
cij-jie 2
985
4
bb-jif 1
dge-jif 2
hah-jif 1
bdih-jif 2
986
3
gha-jig 1
bbe-jig 4
bafi-jig 1
987
3
jhi-jih 2
bfa-jih 2
gfi-jih 2
988
4
ddf-jii 2
bjh-jii 1
cei-jii 1
ihe-jii 2
989
2
ge-jij 5
bah-jij 1
990
1
idh-jja 6
991
3
cjc-jjb 2
hja-jjb 1
bdi-jjb 3
992
3
jhg-jjc 2
bcgb-jjc 3
jbg-jjc 1
993
1
daj-jjd 6
994
5
bbcg-jje 1
hdd-jje 1
baig-jje 1
badd-jje 1
ej-jje 2
995
2
hja-jjf 5
ccf-jjf 1
996
2
gfc-jjg 4
efa-jjg 2
997
1
geh-jjh 6
998
1
hef-jji 6
999
3
edg-jjj 4
bcci-jjj 1
baea-jjj 1
1000
1
fgi-baaa 6
1001
4
jeg-baab 1
ifd-baab 1
bc-baab 3
efi-baab 1
1002
2
jbh-baac 5
hig-baac 1
1003
4
bbbh-baad 2
ceb-baad 1
ehj-baad 1
jcd-baad 2
1004
2
eje-baae 4
dib-baae 2
1005
2
bdej-baaf 3
baae-baaf 3
1006
5
fc-baag 1
cdc-baag 1
beja-baag 2
jci-baag 1
ffj-baag 1
1007
1
baef-baah 6
1008
4
dgd-baai 3
igj-baai 1
bacb-baai 1
baha-baai 1
1009
1
ceb-baaj 6
1010
5
dfi-baba 1
ehi-baba 1
haj-baba 1
jdf-baba 2
bbfb-baba 1
1011
3
djh-babb 2
edh-babb 3
ggi-babb 1
1012
4
beag-babc 2
baif-babc 1
jga-babc 2
if-babc 1
1013
2
dfe-babd 5
gec-babd 1
1014
4
cjc-babe 1
ebj-babe 3
dbj-babe 1
ije-babe 1
1015
2
begj-babf 4
ceg-babf 2
1016
2
bdhd-babg 4
beba-babg 2
1017
2
cbg-babh 5
baia-babh 1
1018
3
cdb-babi 3
gd-babi 1
baij-babi 2
1019
3
fdc-babj 2
bbcg-babj 1
bfib-babj 3
1020
1
igh-baca 6
1021
5
heb-bacb 1
bcje-bacb 1
bgbj-bacb 1
jhb-bacb 2
jg-bacb 1
1022
3
feg-bacc 4
hbc-bacc 1
gdb-bacc 1
1023
1
jgf-bacd 6
1024
2
bbcd-bace 5
dhb-bace 1
1025
1
ifd-bacf 6
1026
2
bgdb-bacg 5
cja-bacg 1
1027
2
bih-bach 5
baag-bach 1
1028
2
ejc-baci 5
egi-baci 1
1029
3
bada-bacj 2
iha-bacj 1
ibj-bacj 3
1030
4
hej-bada 3
ecj-bada 1
gdb-bada 1
bbcf-bada 1
1031
3
bddf-badb 4
bdf-badb 1
dcd-badb 1
1032
3
ifg-badc 2
hfg-badc 3
cad-badc 1
1033
3
gh-badd 2
bcac-badd 1
jc-badd 3
1034
1
ega-bade 6
1035
1
fgh-badf 6
1036
2
jhi-badg 5
bbbf-badg 1
1037
2
fhe-badh 5
bbgj-badh 1
1038
2
ghg-badi 1
bbdi-badi 5
1039
3
ff-badj 1
bbhf-badj 3
bjf-badj 2
1040
4
he-baea 2
jgg-baea 1
hdd-baea 1
cid-baea 2
1041
4
iag-baeb 1
fd-baeb 1
bdcj-baeb 2
bbaf-baeb 2
1042
4
jha-baec 1
bcac-baec 1
hbg-baec 3
jaa-baec 1
1043
1
djc-baed 6
1044
1
baeg-baee 6
1045
4
gj-baef 3
fi-baef 1
bdbf-baef 1
efd-baef 1
1046
3
hhd-baeg 1
jdc-baeg 2
bcef-baeg 3
1047
1
dfd-baeh 6
1048
4
chj-baei 2
bcig-baei 1
bhc-baei 1
bagg-baei 2
1049
2
bdfj-baej 3
bbhh-baej 3
1050
5
hgc-bafa 1
cff-bafa 2
jdj-bafa 1
babe-bafa 1
dgj-bafa 1
1051
4
gdg-bafb 2
bbbd-bafb 1
bcji-bafb 1
baah-bafb 2
1052
3
hii-bafc 3
gfg-bafc 2
bbef-bafc 1
1053
1
cfa-bafd 6
1054
3
bgf-bafe 4
fdd-bafe 1
dhc-bafe 1
1055
2
hcj-baff 3
bfif-baff 3
1056
1
fdd-bafg 6
1057
1
jbd-bafh 6
1058
3
chi-bafi 4
bag-bafi 1
bhj-bafi 1
1059
2
bcag-bafj 5
hef-bafj 1
1060
2
bbag-baga 4
ded-baga 2
1061
2
bcgd-bagb 5
fhb-bagb 1
1062
1
gie-bagc 6
1063
2
hgd-bagd 4
beg-bagd 2
1064
3
babh-bage 4
jfb-bage 1
jhf-bage 1
1065
2
bede-bagf 4
bgd-bagf 2
1066
4
jid-bagg 3
hgb-bagg 1
baie-bagg 1
fcb-bagg 1
1067
6
ijg-bagh 1
cde-bagh 1
gje-bagh 1
cgf-bagh 1
eab-bagh 1
jbd-bagh 1
1068
2
ggh-bagi 1
bcac-bagi 5
1069
3
jhd-bagj 4
bgj-bagj 1
bad-bagj 1
1070
2
bcgf-baha 3
bgcc-baha 3
1071
2
cgc-bahb 4
bgah-bahb 2
1072
1
hbg-bahc 6
1073
5
efa-bahd 1
beij-bahd 1
behd-bahd 1
dbb-bahd 2
dii-bahd 1
1074
1
bcdi-bahe 6
1075
2
bagd-bahf 4
ffi-bahf 2
1076
2
bgc-bahg 4
gjc-bahg 2
1077
4
bahg-bahh 2
hea-bahh 1
bedg-bahh 1
jab-bahh 2
1078
4
hab-bahi 2
ghc-bahi 1
ia-bahi 1
ceh-bahi 2
1079
1
ghi-bahj 6
1080
3
jif-baia 1
gaf-baia 4
bgg-baia 1
1081
2
iac-baib 5
hih-baib 1
1082
2
bcgg-baic 3
iaa-baic 3
1083
2
ib-baid 5
bejd-baid 1
1084
5
iaf-baie 2
chg-baie 1
bai-baie 1
efc-baie 1
bade-baie 1
1085
1
jcb-baif 6
1086
4
ihc-baig 3
jgh-baig 1
edd-baig 1
hif-baig 1
1087
6
becj-baih 1
bcgf-baih 1
bbgd-baih 1
bcej-baih 1
eea-baih 1
gcf-baih 1
1088
2
ffj-baii 4
bbab-baii 2
1089
3
ife-baij 4
bha-baij 1
bfh-baij 1
1090
4
bif-baja 2
cgg-baja 2
bcfj-baja 1
cdh-baja 1
1091
3
bdfg-bajb 3
bafj-bajb 2
ji-bajb 1
1092
3
dhb-bajc 1
hih-bajc 2
bbae-bajc 3
1093
4
hhg-bajd 3
bfjc-bajd 1
edc-bajd 1
hha-bajd 1
1094
4
iej-baje 1
bdab-baje 1
hhe-baje 3
gfi-baje 1
1095
4
bcje-bajf 2
bbgi-bajf 2
eca-bajf 1
jcd-bajf 1
1096
2
fi-bajg 3
cgf-bajg 3
1097
2
bia-bajh 2
hba-bajh 4
1098
1
baje-baji 6
1099
3
eci-bajj 1
ejh-bajj 4
bajf-bajj 1
1100
2
bcfa-bbaa 5
ghb-bbaa 1
1101
2
bbfc-bbab 5
cde-bbab 1
1102
4
iif-bbac 1
bejd-bbac 1
fed-bbac 3
dce-bbac 1
1103
2
bbag-bbad 3
jbh-bbad 3
1104
6
gc-bbae 1
gid-bbae 1
bgba-bbae 1
hg-bbae 1
eah-bbae 1
bcfc-bbae 1
1105
2
hhg-bbaf 5
eff-bbaf 1
1106
1
gff-bbag 6
1107
4
bfjh-bbah 2
cja-bbah 1
beci-bbah 1
fhe-bbah 2
1108
2
bhj-bbai 4
bdch-bbai 2
1109
1
ich-bbaj 6
1110
5
cgd-bbba 1
jid-bbba 1
babb-bbba 2
hdb-bbba 1
hde-bbba 1
1113
3
baec-bbbd 3
bbh-bbbd 1
bgab-bbbd 2
1114
3
bccj-bbbe 4
dhj-bbbe 1
bcc-bbbe 1
1115
1
cef-bbbf 6
1116
3
ief-bbbg 3
icb-bbbg 1
baci-bbbg 2
1117
2
bagc-bbbh 5
ehg-bbbh 1
1118
2
bac-bbbi 5
gee-bbbi 1
1119
3
bgdj-bbbj 1
bahe-bbbj 1
big-bbbj 4
1120
1
jcc-bbca 6
1121
6
hih-bbcb 1
ccc-bbcb 1
jfd-bbcb 1
iee-bbcb 1
fbc-bbcb 1
djj-bbcb 1
1122
2
hbd-bbcc 4
bgf-bbcc 2
1123
3
baii-bbcd 4
jjd-bbcd 1
gje-bbcd 1
1124
2
iff-bbce 5
gde-bbce 1
1125
2
bbae-bbcf 3
fhc-bbcf 3
1126
3
ccj-bbcg 3
bdid-bbcg 1
fcg-bbcg 2
1127
1
icb-bbch 6
1128
2
bie-bbci 1
babh-bbci 5
1129
1
hee-bbcj 6
1130
3
jde-bbda 1
ehh-bbda 4
bbji-bbda 1
1131
4
hjj-bbdb 1
ifa-bbdb 1
idc-bbdb 3
bfdj-bbdb 1
1133
5
beb-bbdd 1
fgh-bbdd 1
eii-bbdd 1
gid-bbdd 1
bci-bbdd 2
1134
1
jif-bbde 6
1135
3
gbc-bbdf 3
gbi-bbdf 2
baed-bbdf 1
1136
3
bgdc-bbdg 3
bhc-bbdg 1
bid-bbdg 2
1137
3
bcjd-bbdh 3
eef-bbdh 2
ghb-bbdh 1
1138
3
baee-bbdi 2
bcba-bbdi 1
hbh-bbdi 3
1139
1
ghi-bbdj 6
1140
3
dfh-bbea 2
df-bbea 2
cga-bbea 2
1141
5
bbde-bbeb 1
bffc-bbeb 1
bbae-bbeb 1
ihd-bbeb 1
ji-bbeb 2
1142
1
bcie-bbec 6
1143
1
jc-bbed 6
1144
2
bdee-bbee 5
gcj-bbee 1
1145
4
fjf-bbef 2
ce-bbef 2
badd-bbef 1
fjb-bbef 1
1146
3
eca-bbeg 3
bcjg-bbeg 1
bgbc-bbeg 2
1147
2
ghj-bbeh 5
eg-bbeh 1
1148
2
gej-bbei 2
eif-bbei 4
1149
3
bcbb-bbej 4
fja-bbej 1
fci-bbej 1
1150
1
bacc-bbfa 6
1151
5
fgd-bbfb 1
ghj-bbfb 2
baji-bbfb 1
bbgg-bbfb 1
bdah-bbfb 1
1152
2
ibh-bbfc 4
bfej-bbfc 2
1153
4
ebc-bbfd 3
bdcj-bbfd 1
bdje-bbfd 1
eaa-bbfd 1
1154
2
bbgi-bbfe 5
chg-bbfe 1
1155
6
dbh-bbff 1
hg-bbff 1
bdjd-bbff 1
ihi-bbff 1
fcc-bbff 1
jig-bbff 1
1156
3
fea-bbfg 4
eee-bbfg 1
bfee-bbfg 1
1157
3
efd-bbfh 4
bbjg-bbfh 1
gec-bbfh 1
1158
3
bbej-bbfi 3
bace-bbfi 2
bfhb-bbfi 1
1159
4
cje-bbfj 3
ifc-bbfj 1
cbc-bbfj 1
babh-bbfj 1
1160
2
eji-bbga 5
jbc-bbga 1
1161
4
jff-bbgb 1
hgd-bbgb 1
iic-bbgb 3
hi-bbgb 1
1162
1
bafa-bbgc 6
1163
1
bgag-bbgd 6
1164
4
eb-bbge 3
ddd-bbge 1
ihg-bbge 1
bbff-bbge 1
1165
1
fcj-bbgf 6
1166
4
ca-bbgg 1
bdai-bbgg 2
gfh-bbgg 2
bcde-bbgg 1
1167
1
bbei-bbgh 6
1168
4
jgi-bbgi 1
jab-bbgi 1
bfi-bbgi 3
bdgi-bbgi 1
1169
3
bbcj-bbgj 3
bejh-bbgj 1
eah-bbgj 2
1170
2
begi-bbha 5
fbe-bbha 1
1171
2
djd-bbhb 5
iec-bbhb 1
1172
2
cbh-bbhc 5
bca-bbhc 1
1173
4
bdb-bbhd 3
ece-bbhd 1
bced-bbhd 1
j-bbhd 1
1174
4
id-bbhe 1
gfe-bbhe 1
bbgb-bbhe 2
fh-bbhe 2
1175
3
dia-bbhf 2
bfec-bbhf 1
baif-bbhf 3
1177
2
bcjf-bbhh 3
beee-bbhh 3
1178
2
bfge-bbhi 5
hgi-bbhi 1
1180
3
ij-bbia 1
edb-bbia 1
ei-bbia 4
1181
1
bdi-bbib 6
1182
2
iab-bbic 5
befc-bbic 1
1183
1
bbdd-bbid 6
1184
3
dee-bbie 1
bbhj-bbie 3
def-bbie 2
1185
2
dcj-bbif 5
bij-bbif 1
1186
1
cig-bbig 6
1187
2
bfd-bbih 5
gc-bbih 1
1188
2
jhc-bbii 4
bfgf-bbii 2
1189
2
bbdf-bbij 5
beci-bbij 1
1190
2
fec-bbja 5
bacb-bbja 1
1191
1
ffj-bbjb 6
1192
2
bhc-bbjc 3
ii-bbjc 3
1193
1
jig-bbjd 6
1194
1
cbd-bbje 6
1195
4
jbg-bbjf 2
haj-bbjf 1
dji-bbjf 1
fcj-bbjf 2
1196
3
bagj-bbjg 4
bbfe-bbjg 1
hjb-bbjg 1
1197
2
bcjb-bbjh 4
jih-bbjh 2
1198
3
bch-bbji 4
ijh-bbji 1
hhi-bbji 1
1199
1
cig-bbjj 6
1200
2
bgb-bcaa 2
bbie-bcaa 4
1201
3
gce-bcab 3
jjj-bcab 2
dfi-bcab 1
1202
3
had-bcac 2
hac-bcac 2
fa-bcac 2
1203
3
bdf-bcad 1
hcd-bcad 2
bgcb-bcad 3
1204
2
ibg-bcae 2
bdaj-bcae 4
1205
3
bbha-bcaf 1
jh-bcaf 4
bcda-bcaf 1
1206
2
bgch-bcag 2
babb-bcag 4
1207
1
eed-bcah 6
1208
1
bbcj-bcai 6
1209
1
bbji-bcaj 6
1210
2
gfc-bcba 3
ejb-bcba 3
1211
3
hag-bcbb 4
bdbj-bcbb 1
die-bcbb 1
1212
5
dbe-bcbc 2
bbai-bcbc 1
bafj-bcbc 1
bcij-bcbc 1
ef-bcbc 1
1213
1
baca-bcbd 6
1214
2
gda-bcbe 2
bdd-bcbe 4
1215
2
igc-bcbf 5
bged-bcbf 1
1216
3
iea-bcbg 1
dbh-bcbg 4
behc-bcbg 1
1218
3
bfcf-bcbi 4
jdd-bcbi 1
jcf-bcbi 1
1219
2
hjj-bcbj 1
hgc-bcbj 5
1220
3
jfe-bcca 3
behj-bcca 1
bdhj-bcca 2
1221
2
egb-bccb 3
cid-bccb 3
1222
1
edj-bccc 6
1223
3
ced-bccd 4
bfed-bccd 1
behg-bccd 1
1224
2
eci-bcce 4
iib-bcce 2
1225
2
bfhd-bccf 4
bajb-bccf 2
1226
2
begg-bccg 5
badf-bccg 1
1227
1
hjg-bcch 6
1228
2
hjd-bcci 4
bcae-bcci 2
1229
6
bg-bccj 1
cfg-bccj 1
hci-bccj 1
bdeb-bccj 1
dci-bccj 1
gbe-bccj 1
1230
3
ijd-bcda 1
beii-bcda 3
dh-bcda 2
1231
3
bbeb-bcdb 4
baci-bcdb 1
bddd-bcdb 1
1232
4
bfga-bcdc 1
ghb-bcdc 3
bccd-bcdc 1
bcj-bcdc 1
1233
3
bbfh-bcdd 2
bdid-bcdd 2
bagh-bcdd 2
1234
5
gic-bcde 2
cba-bcde 1
bcha-bcde 1
beje-bcde 1
baji-bcde 1
1235
1
bbef-bcdf 6
1236
3
chc-bcdg 1
jje-bcdg 2
hjc-bcdg 3
1237
2
bchf-bcdh 2
faf-bcdh 4
1238
2
hee-bcdi 5
cfg-bcdi 1
1239
1
fdb-bcdj 6
1240
1
becb-bcea 6
1241
2
bfcf-bceb 2
idj-bceb 4
1242
1
dgj-bcec 6
1243
1
bcjd-bced 6
1244
5
ffd-bcee 1
gdf-bcee 1
ejh-bcee 2
iai-bcee 1
bdja-bcee 1
1245
2
fbb-bcef 5
fbj-bcef 1
1246
1
cca-bceg 6
1247
4
bdae-bceh 1
bge-bceh 3
bbdf-bceh 1
fab-bceh 1
1248
1
bci-bcei 6
1249
3
ef-bcej 3
jfh-bcej 1
gif-bcej 2
1250
2
djh-bcfa 5
jfh-bcfa 1
1252
1
cig-bcfc 6
1253
3
idg-bcfd 1
jeh-bcfd 1
beie-bcfd 4
1254
1
jh-bcfe 6
1255
4
iie-bcff 2
ddd-bcff 1
begg-bcff 2
hfh-bcff 1
1256
2
bcje-bcfg 5
fjj-bcfg 1
1257
1
egd-bcfh 6
1258
1
ihe-bcfi 6
1259
4
jii-bcfj 2
cig-bcfj 2
bchb-bcfj 1
ibc-bcfj 1
1260
1
ghc-bcga 6
1261
2
jae-bcgb 5
eai-bcgb 1
1262
1
beih-bcgc 6
1263
1
gba-bcgd 6
1264
2
baih-bcge 5
bgh-bcge 1
1265
1
bbga-bcgf 6
1266
1
bfhf-bcgg 6
1267
2
cbj-bcgh 5
bdjg-bcgh 1
1268
3
bge-bcgi 1
fca-bcgi 1
hce-bcgi 4
1269
3
bdbg-bcgj 3
beae-bcgj 1
bfci-bcgj 2
1270
2
deh-bcha 3
dgg-bcha 3
1271
2
bdfj-bchb 4
hhd-bchb 2
1272
2
cej-bchc 4
bdb-bchc 2
1273
2
jbd-bchd 4
bdaf-bchd 2
1274
2
gcd-bche 2
becg-bche 4
1275
2
bfag-bchf 4
hdj-bchf 2
1276
4
bebi-bchg 3
hga-bchg 1
idc-bchg 1
hhj-bchg 1
1277
5
bcjj-bchh 1
bcjb-bchh 2
hhi-bchh 1
bbij-bchh 1
cjb-bchh 1
1278
2
ifh-bchi 5
bcdj-bchi 1
1279
1
jcd-bchj 6
1280
2
baid-bcia 1
bgec-bcia 5
1281
3
bje-bcib 1
dde-bcib 4
bfgd-bcib 1
1283
1
bede-bcid 6
1284
2
eic-bcie 3
bbgh-bcie 3
1285
2
bdjb-bcif 4
jhh-bcif 2
1286
1
fae-bcig 6
1287
1
cae-bcih 6
1288
3
jeh-bcii 1
cga-bcii 4
bafh-bcii 1
1289
1
ebd-bcij 6
1290
3
bbfi-bcja 2
hhd-bcja 1
ica-bcja 3
1291
2
bcaa-bcjb 4
dba-bcjb 2
1292
2
bbdg-bcjc 2
bbaf-bcjc 4
1293
1
hdf-bcjd 6
1294
1
bbfh-bcje 6
1295
3
dde-bcjf 2
bdjc-bcjf 1
bedc-bcjf 3
1296
2
eii-bcjg 5
jce-bcjg 1
1297
1
dch-bcjh 6
1298
1
ida-bcji 6
1299
2
bfgi-bcjj 3
fig-bcjj 3
1300
3
edh-bdaa 1
gcj-bdaa 3
eba-bdaa 2
1301
2
bdib-bdab 3
iji-bdab 3
1302
2
cgb-bdac 5
gba-bdac 1
1303
2
ch-bdad 4
dja-bdad 2
1304
2
bbif-bdae 4
bahi-bdae 2
1305
1
ga-bdaf 6
1307
2
ibd-bdah 2
beeg-bdah 4
1308
2
bajh-bdai 5
baij-bdai 1
1309
2
je-bdaj 5
hed-bdaj 1
1310
1
bbch-bdba 6
1311
1
jeh-bdbb 6
1312
1
bcgf-bdbc 6
1314
1
hh-bdbe 6
1315
1
hf-bdbf 6
1316
3
bfii-bdbg 4
hdj-bdbg 1
ddc-bdbg 1
1317
1
jhg-bdbh 6
1318
2
bfbc-bdbi 5
dbc-bdbi 1
1319
4
gid-bdbj 3
jfa-bdbj 1
dhe-bdbj 1
bbci-bdbj 1
1320
1
fej-bdca 6
1321
2
cii-bdcb 5
ibj-bdcb 1
1322
2
iig-bdcc 3
bdhf-bdcc 3
1323
2
bdgd-bdcd 5
bbcb-bdcd 1
1324
1
jfc-bdce 6
1325
1
faa-bdcf 6
1326
1
bce-bdcg 6
1327
2
hgc-bdch 1
cac-bdch 5
1328
2
ci-bdci 5
efh-bdci 1
1329
2
jjc-bdcj 4
feb-bdcj 2
1330
2
efh-bdda 3
bebj-bdda 3
1331
1
bbbg-bddb 6
1333
2
bcbf-bddd 3
daa-bddd 3
1334
1
jif-bdde 6
1335
3
gig-bddf 1
bbbg-bddf 1
bbcc-bddf 4
1336
1
badj-bddg 6
1337
1
bffa-bddh 6
1338
1
fjg-bddi 6
1339
3
bbbe-bddj 2
bcaf-bddj 3
bj-bddj 1
1340
1
dc-bdea 6
1341
2
bdif-bdeb 3
jaf-bdeb 3
1342
4
cca-bdec 1
bfeg-bdec 2
ida-bdec 1
bfaf-bdec 2
1343
2
befd-bded 3
bbbi-bded 3
1344
3
bcie-bdee 1
cgc-bdee 4
gii-bdee 1
1345
2
bbeg-bdef 2
hbe-bdef 4
1346
3
bgfb-bdeg 2
iai-bdeg 1
hdh-bdeg 3
1347
2
ecj-bdeh 5
cfc-bdeh 1
1348
1
bccd-bdei 6
1349
2
bfaa-bdej 5
jag-bdej 1
1350
2
bje-bdfa 4
hdb-bdfa 2
1351
2
ijg-bdfb 3
icf-bdfb 3
1352
1
hdc-bdfc 6
1353
2
efb-bdfd 4
bec-bdfd 2
1354
2
gdf-bdfe 2
bfeg-bdfe 4
1355
1
jga-bdff 6
1356
2
bib-bdfg 4
bdic-bdfg 2
1357
2
bacc-bdfh 3
bege-bdfh 3
1358
2
becc-bdfi 5
jcf-bdfi 1
1359
3
bbjf-bdfj 1
cdf-bdfj 3
hae-bdfj 2
1360
4
begc-bdga 1
bafa-bdga 2
ihf-bdga 2
ehh-bdga 1
1361
3
bead-bdgb 2
hig-bdgb 2
fca-bdgb 2
1362
2
eba-bdgc 3
bcbd-bdgc 3
1363
2
gga-bdgd 4
gbc-bdgd 2
1364
1
baej-bdge 6
1365
3
bfbe-bdgf 2
fcc-bdgf 3
gdb-bdgf 1
1366
1
fbh-bdgg 6
1367
2
eea-bdgh 4
ghj-bdgh 2
1368
2
bdjb-bdgi 3
bdj-bdgi 3
1369
1
bgdi-bdgj 6
1370
2
daj-bdha 4
behi-bdha 2
1371
2
hbh-bdhb 5
haf-bdhb 1
1372
2
bahg-bdhc 1
jei-bdhc 5
1373
2
bae-bdhd 5
bcbg-bdhd 1
1374
4
baia-bdhe 1
bagb-bdhe 2
jjj-bdhe 1
ecc-bdhe 2
1375
2
bfae-bdhf 5
bcdh-bdhf 1
1376
1
efd-bdhg 6
1377
1
bdfd-bdhh 6
1378
3
ihe-bdhi 1
hb-bdhi 4
ccf-bdhi 1
1379
1
iah-bdhj 6
1380
2
bgff-bdia 5
jgg-bdia 1
1381
1
bcfi-bdib 6
1382
1
hhg-bdic 6
1383
1
beh-bdid 6
1384
1
igc-bdie 6
1385
2
fgc-bdif 3
f-bdif 3
1386
2
bajc-bdig 3
bdge-bdig 3
1387
1
ijf-bdih 6
1388
2
fbg-bdii 5
cch-bdii 1
1389
1
fbg-bdij 6
1390
2
bbhb-bdja 3
bdeb-bdja 3
1391
1
bchd-bdjb 6
1392
2
ifh-bdjc 5
bfbb-bdjc 1
1393
1
eca-bdjd 6
1394
3
cge-bdje 1
bbjb-bdje 2
bacj-bdje 3
1395
1
jig-bdjf 6
1396
1
bdef-bdjg 6
1397
2
bfdf-bdjh 3
baj-bdjh 3
1398
2
bej-bdji 5
egb-bdji 1
1399
1
bccf-bdjj 6
1400
2
eeb-beaa 4
bcfj-beaa 2
1401
2
baai-beab 3
bdde-beab 3
1403
2
bib-bead 3
bafg-bead 3
1404
1
bdch-beae 6
1405
1
geb-beaf 6
1406
1
cci-beag 6
1407
3
bche-beah 3
jie-beah 2
bgfc-beah 1
1408
1
ida-beai 6
1409
2
dea-beaj 3
bcea-beaj 3
1410
3
bbcb-beba 4
bfg-beba 1
bbf-beba 1
1411
1
bgf-bebb 6
1412
1
bbah-bebc 6
1413
1
bejj-bebd 6
1414
1
bccd-bebe 6
1415
2
bbfj-bebf 1
ghb-bebf 5
1416
1
idj-bebg 6
1417
2
dag-bebh 3
bbgc-bebh 3
1418
1
fad-bebi 6
1419
1
bbec-bebj 6
1420
2
jjf-beca 1
ddg-beca 5
1421
2
bfbj-becb 4
bcg-becb 2
1422
2
bcc-becc 5
haf-becc 1
1423
2
fba-becd 4
bbii-becd 2
1424
1
fii-bece 6
1425
2
fed-becf 5
hce-becf 1
1426
1
bagi-becg 6
1427
1
dfj-bech 6
1428
1
bbgj-beci 6
1429
2
hec-becj 3
bdbi-becj 3
1430
3
cbd-beda 2
bc-beda 1
bfhh-beda 3
1431
1
bebd-bedb 6
1432
2
bfaj-bedc 5
baic-bedc 1
1433
1
ceg-bedd 6
1434
2
bbda-bede 4
hf-bede 2
1435
2
ebh-bedf 1
djf-bedf 5
1436
1
jbg-bedg 6
1437
2
baha-bedh 5
bgai-bedh 1
1438
1
iib-bedi 6
1439
1
igd-bedj 6
1441
2
hcf-beeb 3
bbee-beeb 3
1442
1
jba-beec 6
1443
3
bfih-beed 1
becd-beed 2
dgj-beed 3
1444
2
eff-beee 4
hhc-beee 2
1445
2
icf-beef 5
hhf-beef 1
1446
3
he-beeg 4
bdeb-beeg 1
befc-beeg 1
1447
1
bdgc-beeh 6
1448
1
bdcg-beei 6
1450
2
cbc-befa 3
ebe-befa 3
1451
1
babd-befb 6
1452
1
bchf-befc 6
1453
3
chj-befd 2
iia-befd 3
dci-befd 1
1454
1
fif-befe 6
1455
2
fid-beff 3
hc-beff 3
1456
1
bah-befg 6
1458
1
bahf-befi 6
1459
1
bdgc-befj 6
1460
1
gca-bega 6
1461
1
iie-begb 6
1462
2
ghf-begc 3
bgad-begc 3
1463
1
bdgi-begd 6
1464
2
babb-bege 4
bdci-bege 2
1465
1
dfc-begf 6
1466
2
ifb-begg 5
bfai-begg 1
1467
1
eac-begh 6
1468
1
cff-begi 6
1469
2
eef-begj 5
bbfb-begj 1
1470
3
hcj-beha 3
bebd-beha 2
cji-beha 1
1471
1
bfdh-behb 6
1472
1
ifa-behc 6
1473
1
eda-behd 6
1474
3
baja-behe 2
ihd-behe 1
bgaa-behe 3
1475
1
hdf-behf 6
1476
1
iei-behg 6
1477
1
bcgg-behh 6
1478
2
bgde-behi 4
bjh-behi 2
1479
3
dcd-behj 4
dbd-behj 1
ihb-behj 1
1480
1
ffd-beia 6
1481
1
bdaj-beib 6
1482
3
bbb-beic 1
dg-beic 1
ec-beic 4
1483
2
iai-beid 5
bdje-beid 1
1485
3
cii-beif 1
hfb-beif 1
gab-beif 4
1486
2
bedd-beig 5
baf-beig 1
1487
2
ijd-beih 4
dcc-beih 2
1488
1
cbe-beii 6
1489
2
bah-beij 5
che-beij 1
1490
1
cid-beja 6
1491
1
bace-bejb 6
1493
1
badc-bejd 6
1494
1
baag-beje 6
1495
1
jhi-bejf 6
1496
2
bcag-bejg 5
cha-bejg 1
1497
1
bdaa-bejh 6
1498
2
ifa-beji 3
dcf-beji 3
1499
1
cdg-bejj 6
1500
2
bhf-bfaa 5
ccd-bfaa 1
1501
1
fbi-bfab 6
1503
1
jhc-bfad 6
1504
3
ecc-bfae 2
bai-bfae 2
bfah-bfae 2
1505
2
hbb-bfaf 4
bedh-bfaf 2
1506
2
jai-bfag 2
bdad-bfag 4
1507
1
jbf-bfah 6
1508
1
bcaj-bfai 6
1509
1
bcjd-bfaj 6
1510
1
bdgg-bfba 6
1511
1
hda-bfbb 6
1512
1
ijd-bfbc 6
1513
3
fia-bfbd 1
dcg-bfbd 1
bbjd-bfbd 4
1514
1
behh-bfbe 6
1515
2
efe-bfbf 2
bdga-bfbf 4
1516
1
hih-bfbg 6
1518
1
jjc-bfbi 6
1519
1
beif-bfbj 6
1520
1
ghc-bfca 6
1521
3
bbba-bfcb 2
gaj-bfcb 2
gfa-bfcb 2
1522
1
gga-bfcc 6
1523
3
bcdc-bfcd 4
ggc-bfcd 1
bdbj-bfcd 1
1524
1
jh-bfce 6
1525
1
bca-bfcf 6
1526
3
bgdj-bfcg 1
cjc-bfcg 1
bfgg-bfcg 4
1527
1
bafe-bfch 6
1528
1
fjb-bfci 6
1529
2
gh-bfcj 5
dif-bfcj 1
1530
2
bgce-bfda 4
baai-bfda 2
1531
1
iih-bfdb 6
1532
1
bfbc-bfdc 6
1533
1
bcgh-bfdd 6
1534
1
jgf-bfde 6
1535
1
ddf-bfdf 6
1536
1
bdfi-bfdg 6
1537
1
bdec-bfdh 6
1538
2
fgc-bfdi 2
ihc-bfdi 4
1539
2
bddd-bfdj 3
dgg-bfdj 3
1540
1
jdg-bfea 6
1541
1
ggf-bfeb 6
1542
2
edg-bfec 1
bdge-bfec 5
1543
2
iea-bfed 4
iia-bfed 2
1544
2
fhi-bfee 4
dae-bfee 2
1545
4
ied-bfef 3
bgda-bfef 1
faa-bfef 1
bgaf-bfef 1
1546
1
dfb-bfeg 6
1547
1
fdc-bfeh 6
1549
1
bdia-bfej 6
1550
1
iab-bffa 6
1551
1
bda-bffb 6
1552
1
iai-bffc 6
1553
1
egi-bffd 6
1554
1
jai-bffe 6
1555
1
becg-bfff 6
1556
1
gci-bffg 6
1557
1
ghi-bffh 6
1558
1
ed-bffi 6
1559
1
eda-bffj 6
1561
2
bcfj-bfgb 4
beif-bfgb 2
1562
1
bdac-bfgc 6
1563
1
ihj-bfgd 6
1564
1
chj-bfge 6
1565
2
eig-bfgf 3
bgga-bfgf 3
1566
1
ec-bfgg 6
1567
1
bbie-bfgh 6
1568
3
fea-bfgi 2
bgee-bfgi 2
bgej-bfgi 2
1570
1
cga-bfha 6
1571
1
bhg-bfhb 6
1572
1
dgd-bfhc 6
1573
1
bdgb-bfhd 6
1574
1
bfi-bfhe 6
1575
2
ded-bfhf 4
jjj-bfhf 2
1576
2
bfhi-bfhg 3
ibi-bfhg 3
1577
1
ibh-bfhh 6
1578
1
ice-bfhi 6
1579
2
bejj-bfhj 2
gih-bfhj 4
1580
1
df-bfia 6
1581
1
bdca-bfib 6
1582
2
igc-bfic 4
bgfg-bfic 2
1583
1
hfa-bfid 6
1585
2
dfi-bfif 1
caa-bfif 5
1587
1
cif-bfih 6
1588
2
hjg-bfii 3
edc-bfii 3
1589
1
gih-bfij 6
1590
1
bie-bfja 6
1591
1
icj-bfjb 6
1592
1
bej-bfjc 6
1593
1
bajd-bfjd 6
1594
1
bfba-bfje 6
1595
1
cdg-bfjf 6
1596
1
bdej-bfjg 6
1598
1
bebd-bfji 6
1599
1
hhg-bfjj 6
1600
1
bcdd-bgaa 6
1601
1
fga-bgab 6
1602
1
babg-bgac 6
1603
1
bdba-bgad 6
1604
1
bajd-bgae 6
1605
1
beab-bgaf 6
1606
1
bed-bgag 6
1607
1
bdhi-bgah 6
1608
1
baji-bgai 6
1609
1
egb-bgaj 6
1610
1
ddd-bgba 6
1611
1
dib-bgbb 6
1612
1
bba-bgbc 6
1613
2
bfb-bgbd 4
bfje-bgbd 2
1614
1
bfhe-bgbe 6
1615
1
bbfa-bgbf 6
1616
1
dff-bgbg 6
1617
2
bgfh-bgbh 5
ece-bgbh 1
1618
1
bfjc-bgbi 6
1619
1
cbj-bgbj 6
1620
1
hjh-bgca 6
1621
1
icd-bgcb 6
1622
2
dga-bgcc 1
bdbe-bgcc 5
1624
1
bacd-bgce 6
1625
1
cib-bgcf 6
1626
1
cba-bgcg 6
1627
1
cga-bgch 6
1628
2
hje-bgci 2
bda-bgci 4
1629
1
beeg-bgcj 6
1630
1
bcai-bgda 6
1631
1
jdd-bgdb 6
1632
1
gbb-bgdc 6
1633
2
bhf-bgdd 5
ede-bgdd 1
1634
1
beic-bgde 6
1635
1
bbia-bgdf 6
1636
1
baf-bgdg 6
1637
1
hhh-bgdh 6
1638
2
jdi-bgdi 3
bach-bgdi 3
1639
1
jdb-bgdj 6
1640
1
bcia-bgea 6
1641
1
ega-bgeb 6
1642
2
bacg-bgec 2
djd-bgec 4
1643
1
behi-bged 6
1644
1
hjf-bgee 6
1645
1
fed-bgef 6
1646
1
baca-bgeg 6
1647
1
bece-bgeh 6
1648
1
bgca-bgei 6
1649
1
jej-bgej 6
1650
1
bddj-bgfa 6
1651
1
bhh-bgfb 6
1652
1
bfjg-bgfc 6
1653
2
gif-bgfd 4
ddb-bgfd 2
1654
1
bfcf-bgfe 6
1655
1
bcgh-bgff 6
1656
1
bce-bgfg 6
1657
1
bgbi-bgfh 6
1658
1
bie-bgfi 6
1659
1
eef-bgfj 6
1660
1
bdhi-bgga 6
1661
1
bdhg-bggb 6
