1597
1
2
ehb-b 4
dab-b 2
2
6
di-c 1
bih-c 1
dgc-c 1
bi-c 1
dgj-c 1
fcd-c 1
3
2
bcb-d 4
ii-d 2
4
3
d-e 4
hic-e 1
cba-e 1
5
4
bda-f 1
bdjf-f 1
e-f 2
jbb-f 2
6
4
eie-g 1
iee-g 3
gic-g 1
bfg-g 1
8
2
geg-i 3
gie-i 3
9
4
fbj-j 2
bi-j 1
heg-j 1
ce-j 2
10
1
bdi-ba 6
11
6
bgf-bb 1
bcef-bb 1
cd-bb 1
bcea-bb 1
bee-bb 1
gc-bb 1
12
2
hbf-bc 4
dgf-bc 2
13
3
cch-bd 2
bejh-bd 1
cjb-bd 3
14
4
fec-be 1
babg-be 3
bbbj-be 1
beai-be 1
15
2
dh-bf 3
hi-bf 3
16
4
baae-bg 1
bdii-bg 1
bi-bg 2
iag-bg 2
17
2
ihi-bh 2
bgeh-bh 4
18
4
fic-bi 1
feh-bi 1
hej-bi 2
babg-bi 2
19
5
bdbf-bj 1
dg-bj 1
db-bj 1
dhf-bj 1
hcj-bj 2
20
4
dfg-ca 1
cd-ca 1
bai-ca 3
gjh-ca 1
21
1
edb-cb 6
22
1
dgf-cc 6
23
4
bhd-cd 3
dbg-cd 1
bcaj-cd 1
ffb-cd 1
24
4
bi-ce 1
ef-ce 2
jag-ce 1
jgf-ce 2
25
4
cc-cf 1
eac-cf 1
def-cf 1
fhg-cf 3
26
5
eh-cg 1
hhc-cg 1
ca-cg 2
chb-cg 1
bd-cg 1
27
1
bjd-ch 6
28
4
bffg-ci 1
hfh-ci 1
gbg-ci 3
hif-ci 1
29
2
fbi-cj 2
bfgd-cj 4
30
6
bcei-da 1
beib-da 1
bdf-da 1
bhd-da 1
eej-da 1
fai-da 1
31
5
cd-db 1
gi-db 2
cbh-db 1
bgj-db 1
bbde-db 1
32
5
ecg-dc 1
iej-dc 1
bbgj-dc 1
ifh-dc 1
iag-dc 2
33
3
fc-dd 4
babg-dd 1
dfg-dd 1
34
2
di-de 5
ghj-de 1
35
5
bfgb-df 1
igi-df 1
ibf-df 1
gc-df 1
iei-df 2
36
6
bgfe-dg 1
hah-dg 1
bed-dg 1
bcii-dg 1
bebe-dg 1
bcag-dg 1
37
4
hha-dh 1
gcd-dh 2
dc-dh 2
bagf-dh 1
38
1
haf-di 6
39
2
gdb-dj 5
ef-dj 1
40
5
eee-ea 1
jff-ea 1
jjh-ea 2
fda-ea 1
dbb-ea 1
41
3
cdi-eb 2
bbfc-eb 3
hac-eb 1
42
2
cdc-ec 4
fc-ec 2
43
5
ech-ed 1
eb-ed 1
bfdc-ed 1
bcia-ed 1
edf-ed 2
44
1
bacc-ee 6
45
4
ige-ef 1
cij-ef 1
cih-ef 3
beeh-ef 1
46
4
ggg-eg 2
cbg-eg 1
ffd-eg 1
bdj-eg 2
47
5
bbfg-eh 2
bbei-eh 1
bjb-eh 1
gdh-eh 1
fdd-eh 1
48
4
bcjf-ei 1
dff-ei 3
bb-ei 1
jfj-ei 1
49
2
baig-ej 4
cd-ej 2
50
5
jji-fa 2
bhg-fa 1
bc-fa 1
bcb-fa 1
dhe-fa 1
51
3
dfa-fb 1
bcch-fb 2
bdc-fb 3
52
4
bfch-fc 1
bcj-fc 1
fif-fc 1
eab-fc 3
53
3
daf-fd 4
dhe-fd 1
je-fd 1
54
1
jic-fe 6
55
3
bed-ff 1
cje-ff 4
gb-ff 1
56
1
bfaf-fg 6
57
1
bejb-fh 6
58
3
hee-fi 3
bfdg-fi 1
fg-fi 2
59
3
ifd-fj 2
ddg-fj 2
dbg-fj 2
60
4
bi-ga 3
cg-ga 1
fga-ga 1
eah-ga 1
61
2
bbjc-gb 3
bbeb-gb 3
62
4
bdfa-gc 1
gge-gc 1
eie-gc 1
e-gc 3
63
6
dbf-gd 1
daj-gd 1
dai-gd 1
bfgc-gd 1
je-gd 1
gfb-gd 1
64
2
dfi-ge 5
g-ge 1
65
1
cgh-gf 6
66
5
idf-gg 2
bfjf-gg 1
jdj-gg 1
jhg-gg 1
cdh-gg 1
67
3
bddh-gh 3
bh-gh 1
jci-gh 2
68
3
ch-gi 3
bcff-gi 2
cbe-gi 1
69
3
gjj-gj 2
baad-gj 1
edh-gj 3
70
2
bda-ha 5
db-ha 1
71
2
efh-hb 1
iaa-hb 5
72
4
dbf-hc 2
gg-hc 2
ejc-hc 1
cif-hc 1
74
5
bcjc-he 1
bgi-he 1
bcd-he 2
hc-he 1
bebb-he 1
75
4
hie-hf 1
bdbc-hf 1
dah-hf 1
da-hf 3
76
2
cgj-hg 1
bja-hg 5
77
4
cae-hh 1
gcj-hh 2
beic-hh 2
bjb-hh 1
78
5
ihf-hi 1
iba-hi 1
fa-hi 2
baec-hi 1
bac-hi 1
79
3
jfc-hj 4
di-hj 1
gfg-hj 1
80
4
bfeh-ia 3
ccc-ia 1
bdjd-ia 1
di-ia 1
81
1
ghd-ib 6
82
3
bedh-ic 2
cgi-ic 3
fdf-ic 1
83
2
eab-id 5
gbg-id 1
84
3
bjd-ie 2
dej-ie 1
haj-ie 3
85
3
bfce-if 1
bcge-if 2
di-if 3
86
2
egf-ig 4
baif-ig 2
87
2
bcfj-ih 1
cgh-ih 5
88
5
bgfi-ii 1
bacj-ii 2
chf-ii 1
dgc-ii 1
eig-ii 1
89
2
ife-ij 1
bcd-ij 5
90
1
hij-ja 6
91
3
jc-jb 2
ehi-jb 1
bhe-jb 3
92
6
gii-jc 1
gbe-jc 1
babi-jc 1
hj-jc 1
fci-jc 1
bbjg-jc 1
93
2
cae-jd 5
fhj-jd 1
94
5
bfgb-je 1
gdf-je 2
bi-je 1
bfc-je 1
fcf-je 1
95
2
iae-jf 3
gbd-jf 3
96
3
ec-jg 3
daf-jg 1
beb-jg 2
97
3
bbfg-jh 4
hib-jh 1
dai-jh 1
98
3
bdjh-ji 3
beaa-ji 2
bccj-ji 1
99
3
dej-jj 2
bcee-jj 1
fgf-jj 3
100
4
efg-baa 2
dig-baa 2
fhg-baa 1
dfi-baa 1
101
4
eic-bab 3
chf-bab 1
jhg-bab 1
ede-bab 1
102
4
hfi-bac 3
gja-bac 1
hj-bac 1
bfe-bac 1
103
2
bha-bad 4
bfi-bad 2
104
4
dgj-bae 2
cd-bae 1
bdga-bae 1
ceg-bae 2
105
3
bdbh-baf 2
cj-baf 1
bcb-baf 3
106
5
bcc-bag 2
dad-bag 1
fic-bag 1
bfce-bag 1
ede-bag 1
107
5
gjh-bah 2
hbf-bah 1
deg-bah 1
ifd-bah 1
bbcc-bah 1
108
2
cfj-bai 3
bda-bai 3
109
2
eg-baj 5
chf-baj 1
110
3
gdc-bba 2
fbe-bba 1
hi-bba 3
111
3
d-bbb 3
edb-bbb 1
fdh-bbb 2
112
4
chf-bbc 1
dbb-bbc 3
jje-bbc 1
dgb-bbc 1
114
3
cb-bbe 3
ehd-bbe 1
cie-bbe 2
115
3
bage-bbf 3
bei-bbf 2
dfc-bbf 1
116
6
eg-bbg 1
gdc-bbg 1
eba-bbg 1
bbbj-bbg 1
cbd-bbg 1
iff-bbg 1
117
3
bacc-bbh 2
gjh-bbh 3
ehi-bbh 1
118
6
beeh-bbi 1
gfd-bbi 1
cbb-bbi 1
bech-bbi 1
beb-bbi 1
bca-bbi 1
119
6
bbf-bbj 1
fag-bbj 1
eh-bbj 1
gjh-bbj 1
ige-bbj 1
bbag-bbj 1
120
4
gaf-bca 1
eae-bca 2
cji-bca 2
gae-bca 1
121
3
fba-bcb 4
bbdg-bcb 1
bbgc-bcb 1
122
6
bbab-bcc 1
bbff-bcc 1
bebg-bcc 1
bjd-bcc 1
jg-bcc 1
gfi-bcc 1
123
4
ddj-bcd 3
eed-bcd 1
gc-bcd 1
jec-bcd 1
124
6
gef-bce 1
bb-bce 1
gc-bce 1
bi-bce 1
ccc-bce 1
edi-bce 1
125
2
cea-bcf 1
ddj-bcf 5
126
4
bhj-bcg 2
dbg-bcg 1
g-bcg 1
di-bcg 2
127
5
ecb-bch 2
bgbf-bch 1
fbh-bch 1
gad-bch 1
dfd-bch 1
128
6
fag-bci 1
bbf-bci 1
bcbc-bci 1
bagb-bci 1
bbhe-bci 1
bbc-bci 1
129
2
icj-bcj 3
iff-bcj 3
130
5
dfj-bda 2
ia-bda 1
ffa-bda 1
dhg-bda 1
eh-bda 1
131
6
deh-bdb 1
djh-bdb 1
efd-bdb 1
jbg-bdb 1
cda-bdb 1
bfc-bdb 1
132
6
fee-bdc 1
bbah-bdc 1
bbjh-bdc 1
bfea-bdc 1
bbfe-bdc 1
fdc-bdc 1
133
3
bcgc-bdd 1
bjf-bdd 3
bece-bdd 2
134
4
iah-bde 2
gge-bde 1
bdh-bde 1
bba-bde 2
135
4
gbf-bdf 2
gea-bdf 2
bbab-bdf 1
hcg-bdf 1
136
5
jdg-bdg 1
cha-bdg 2
bahh-bdg 1
bcc-bdg 1
bbij-bdg 1
137
3
jjg-bdh 2
ce-bdh 2
feh-bdh 2
138
3
iic-bdi 2
gci-bdi 1
bffi-bdi 3
139
6
hhc-bdj 1
geh-bdj 1
igg-bdj 1
jfe-bdj 1
ffb-bdj 1
bbbh-bdj 1
140
3
dgc-bea 1
cdh-bea 4
fif-bea 1
141
6
djg-beb 1
dci-beb 1
fe-beb 1
hia-beb 1
cbe-beb 1
edh-beb 1
142
5
bdei-bec 1
ii-bec 1
hj-bec 1
eei-bec 2
hea-bec 1
143
5
begd-bed 1
feh-bed 1
bhc-bed 2
ica-bed 1
cd-bed 1
144
5
cfa-bee 1
gjd-bee 2
bbej-bee 1
bgbe-bee 1
dfg-bee 1
145
2
dai-bef 4
fgj-bef 2
146
4
bef-beg 2
ea-beg 2
fei-beg 1
bja-beg 1
147
6
ieh-beh 1
hi-beh 1
bab-beh 1
gdd-beh 1
cia-beh 1
jbj-beh 1
148
5
becg-bei 1
jbi-bei 2
fge-bei 1
bcgi-bei 1
jca-bei 1
149
3
bdb-bej 2
bec-bej 2
fif-bej 2
150
2
cjd-bfa 4
cdf-bfa 2
151
1
bdji-bfb 6
152
6
dcb-bfc 1
ifh-bfc 1
gbi-bfc 1
dhb-bfc 1
cdb-bfc 1
bafi-bfc 1
153
4
bif-bfd 1
haa-bfd 2
jgi-bfd 2
cie-bfd 1
154
5
gbc-bfe 1
cgh-bfe 1
hff-bfe 1
dch-bfe 1
baea-bfe 2
155
2
gfe-bff 4
eec-bff 2
156
3
dae-bfg 4
hj-bfg 1
bgac-bfg 1
157
2
bae-bfh 4
eaa-bfh 2
158
6
gaa-bfi 1
ich-bfi 1
jhe-bfi 1
bgci-bfi 1
idg-bfi 1
ecj-bfi 1
159
3
bii-bfj 4
jjj-bfj 1
gif-bfj 1
160
3
hbd-bga 1
efe-bga 1
dij-bga 4
161
4
cgc-bgb 2
hea-bgb 1
bedd-bgb 1
bahe-bgb 2
162
3
cgd-bgc 2
bdeh-bgc 1
cdb-bgc 3
163
3
bgdh-bgd 4
edg-bgd 1
gd-bgd 1
164
1
hci-bge 6
165
2
iaa-bgf 1
bd-bgf 5
166
5
bcaa-bgg 1
ehg-bgg 1
bdde-bgg 1
babe-bgg 2
heh-bgg 1
167
4
bfgh-bgh 1
dbg-bgh 2
be-bgh 1
cej-bgh 2
168
5
daj-bgi 2
cbi-bgi 1
dda-bgi 1
eij-bgi 1
bhh-bgi 1
169
4
bffe-bgj 2
hch-bgj 2
djh-bgj 1
jai-bgj 1
170
4
ccd-bha 1
ddd-bha 1
gi-bha 2
fh-bha 2
171
6
fcb-bhb 1
hhd-bhb 1
ih-bhb 1
cda-bhb 1
bfbi-bhb 1
jh-bhb 1
172
6
bagf-bhc 1
bfe-bhc 1
gfg-bhc 1
eje-bhc 1
edf-bhc 1
bbfd-bhc 1
173
3
eed-bhd 2
bcb-bhd 2
hj-bhd 2
174
2
cfe-bhe 5
daa-bhe 1
175
4
jga-bhf 2
bci-bhf 1
cgi-bhf 1
ech-bhf 2
176
6
cdi-bhg 1
cbg-bhg 1
bci-bhg 1
babb-bhg 1
iga-bhg 1
baf-bhg 1
177
4
bai-bhh 3
cbc-bhh 1
cch-bhh 1
efe-bhh 1
178
4
eaj-bhi 2
ibh-bhi 1
cdb-bhi 1
gbb-bhi 2
179
4
ghd-bhj 1
dbf-bhj 2
cb-bhj 2
bafb-bhj 1
180
2
cch-bia 3
hi-bia 3
181
2
eae-bib 1
fhc-bib 5
182
2
baa-bic 2
dc-bic 4
183
2
beh-bid 5
bajd-bid 1
184
6
bde-bie 1
eig-bie 1
bcai-bie 1
bbc-bie 1
hdd-bie 1
bcc-bie 1
185
3
babf-bif 2
bgcg-bif 1
cji-bif 3
186
1
deg-big 6
187
3
dcf-bih 1
bcff-bih 1
hef-bih 4
188
4
bga-bii 1
bcej-bii 3
dfa-bii 1
ejd-bii 1
189
5
ba-bij 1
cia-bij 1
cha-bij 1
eab-bij 2
gfi-bij 1
190
2
dca-bja 2
ded-bja 4
191
4
bcdb-bjb 1
fed-bjb 3
db-bjb 1
bbee-bjb 1
192
3
ggh-bjc 1
ibe-bjc 1
baad-bjc 4
193
5
bij-bjd 2
gd-bjd 1
ghb-bjd 1
di-bjd 1
hdg-bjd 1
194
2
ecd-bje 5
cga-bje 1
195
5
bccc-bjf 1
baff-bjf 1
ecg-bjf 1
hii-bjf 1
hic-bjf 2
196
2
df-bjg 1
dih-bjg 5
197
5
gfd-bjh 2
cd-bjh 1
bcb-bjh 1
jeb-bjh 1
eah-bjh 1
198
4
fdj-bji 2
beeb-bji 1
dbg-bji 1
cgh-bji 2
199
3
baad-bjj 2
gci-bjj 1
jhe-bjj 3
200
5
djj-caa 1
ecb-caa 1
bafd-caa 1
hfg-caa 2
dhc-caa 1
201
4
cjd-cab 1
daf-cab 1
bef-cab 2
bdg-cab 2
202
5
cgd-cac 1
fid-cac 1
dbf-cac 1
bbdh-cac 1
djc-cac 2
203
1
icg-cad 6
204
6
chb-cae 1
bccg-cae 1
jcd-cae 1
hhb-cae 1
bcb-cae 1
cci-cae 1
205
3
bafb-caf 1
gag-caf 4
ghc-caf 1
206
4
fbi-cag 2
cie-cag 1
bbg-cag 1
ebb-cag 2
207
4
fac-cah 1
ih-cah 1
fde-cah 1
bebe-cah 3
208
1
gdb-cai 6
209
3
jh-caj 1
eji-caj 4
ghh-caj 1
210
4
bbjf-cba 3
bccb-cba 1
bfi-cba 1
bgdd-cba 1
211
4
be-cbb 2
cge-cbb 2
ihc-cbb 1
ca-cbb 1
212
2
efg-cbc 3
bcdg-cbc 3
213
6
bif-cbd 1
jej-cbd 1
eag-cbd 1
jfc-cbd 1
ehe-cbd 1
cec-cbd 1
214
1
bbcc-cbe 6
215
1
ceb-cbf 6
216
4
hjj-cbg 2
becj-cbg 1
bbfi-cbg 1
bdg-cbg 2
217
1
bhi-cbh 6
218
2
bdi-cbi 5
ede-cbi 1
219
2
hi-cbj 4
gjj-cbj 2
220
6
eea-cca 1
ehi-cca 1
bbi-cca 1
ihg-cca 1
cbe-cca 1
bbdb-cca 1
221
3
bjj-ccb 3
ejj-ccb 1
jeh-ccb 2
222
3
eag-ccc 3
bcda-ccc 2
jfh-ccc 1
223
3
cjf-ccd 3
eae-ccd 1
bajb-ccd 2
224
1
bceh-cce 6
225
5
ga-ccf 1
dca-ccf 2
ihi-ccf 1
hcc-ccf 1
jeg-ccf 1
226
4
ijd-ccg 1
bahi-ccg 3
hjh-ccg 1
ide-ccg 1
227
4
baaf-cch 1
ice-cch 3
egd-cch 1
bhe-cch 1
228
4
bbfd-cci 1
haf-cci 1
ceb-cci 3
bgbg-cci 1
229
3
eeb-ccj 1
cch-ccj 4
hji-ccj 1
230
2
dd-cda 4
ejd-cda 2
231
3
jaa-cdb 4
ejg-cdb 1
bff-cdb 1
232
5
gac-cdc 1
ccj-cdc 2
eb-cdc 1
ddj-cdc 1
fad-cdc 1
233
2
db-cdd 4
bebi-cdd 2
234
4
hhb-cde 3
bjb-cde 1
gge-cde 1
bdia-cde 1
235
5
fjc-cdf 1
iee-cdf 1
dfa-cdf 1
bhj-cdf 1
badh-cdf 2
236
5
bfjd-cdg 1
gcf-cdg 1
bdf-cdg 2
dff-cdg 1
cid-cdg 1
237
3
bbja-cdh 3
gd-cdh 2
gfd-cdh 1
238
2
beha-cdi 3
j-cdi 3
239
2
hgg-cdj 2
ega-cdj 4
240
5
be-cea 2
if-cea 1
gbi-cea 1
che-cea 1
jaj-cea 1
241
4
bdea-ceb 1
cii-ceb 2
bfj-ceb 1
dhh-ceb 2
242
3
bad-cec 2
bdg-cec 3
bajb-cec 1
243
2
bbgc-ced 5
cah-ced 1
244
2
ic-cee 4
eej-cee 2
245
3
bha-cef 2
dab-cef 3
bfi-cef 1
246
3
gdg-ceg 3
cah-ceg 1
iag-ceg 2
247
1
gdd-ceh 6
248
1
fhi-cei 6
249
5
ef-cej 1
dif-cej 2
bbeg-cej 1
bh-cej 1
bbee-cej 1
250
4
ice-cfa 1
gei-cfa 3
eb-cfa 1
bdhb-cfa 1
251
3
g-cfb 4
baga-cfb 1
fhe-cfb 1
252
2
gef-cfc 2
eca-cfc 4
253
2
bchd-cfd 2
geb-cfd 4
254
2
ijc-cfe 1
jf-cfe 5
255
5
ejg-cff 1
hda-cff 1
bafc-cff 1
egj-cff 1
hjf-cff 2
256
4
bbdg-cfg 1
gic-cfg 1
bfdb-cfg 1
ej-cfg 3
257
4
fjh-cfh 1
bee-cfh 3
bbee-cfh 1
cie-cfh 1
258
3
bcfi-cfi 4
dhi-cfi 1
chd-cfi 1
259
1
cfi-cfj 6
260
6
bhb-cga 1
dh-cga 1
chf-cga 1
chj-cga 1
cah-cga 1
bcjf-cga 1
261
5
da-cgb 1
dch-cgb 1
gdf-cgb 1
dhd-cgb 2
deb-cgb 1
262
4
hfc-cgc 1
ica-cgc 1
hdb-cgc 1
cdb-cgc 3
263
2
bafi-cgd 5
dcf-cgd 1
264
3
bba-cge 2
ea-cge 1
bfc-cge 3
265
3
dej-cgf 2
bgbh-cgf 1
fcc-cgf 3
266
1
fhc-cgg 6
267
3
cag-cgh 2
hc-cgh 2
bdhc-cgh 2
268
4
baaa-cgi 1
djh-cgi 3
ia-cgi 1
fdh-cgi 1
269
3
eag-cgj 3
ifi-cgj 2
fei-cgj 1
270
5
dcb-cha 1
ged-cha 1
dhj-cha 1
gfh-cha 2
egj-cha 1
271
2
bcbi-chb 2
fff-chb 4
272
4
hba-chc 3
jhd-chc 1
bbfj-chc 1
fjc-chc 1
273
4
bfbg-chd 1
ebh-chd 1
dfj-chd 1
cjc-chd 3
274
3
befj-che 2
eah-che 1
dej-che 3
275
4
fch-chf 3
hfb-chf 1
did-chf 1
eca-chf 1
276
3
edh-chg 3
iab-chg 1
fc-chg 2
277
1
ddj-chh 6
278
5
bbea-chi 1
hga-chi 1
bbc-chi 1
jeh-chi 2
ibj-chi 1
279
4
hhi-chj 1
jg-chj 1
fg-chj 1
bgh-chj 3
280
4
cce-cia 2
jej-cia 1
eie-cia 2
jj-cia 1
281
5
bdhb-cib 1
hh-cib 1
bcce-cib 2
eha-cib 1
bdhh-cib 1
282
3
jce-cic 4
dhi-cic 1
ifd-cic 1
283
6
hgg-cid 1
ehb-cid 1
cjb-cid 1
fcf-cid 1
cab-cid 1
bdh-cid 1
284
2
jfi-cie 1
gg-cie 5
285
6
idd-cif 1
dgb-cif 1
baed-cif 1
dae-cif 1
bcja-cif 1
gfe-cif 1
286
3
dge-cig 2
hbj-cig 3
eef-cig 1
287
1
icg-cih 6
288
3
gc-cii 2
ggd-cii 3
baha-cii 1
289
3
cch-cij 2
bgi-cij 3
dgf-cij 1
290
4
ead-cja 1
hcj-cja 1
bcaa-cja 3
ehg-cja 1
291
4
eei-cjb 3
beba-cjb 1
jbi-cjb 1
bagh-cjb 1
292
4
bcih-cjc 1
bada-cjc 1
db-cjc 3
bfgi-cjc 1
293
2
bdaa-cjd 3
eje-cjd 3
294
2
bbi-cje 5
cea-cje 1
295
3
dba-cjf 4
egf-cjf 1
cgb-cjf 1
298
3
hbd-cji 1
bee-cji 1
bdce-cji 4
299
4
jah-cjj 1
bfeb-cjj 2
bcie-cjj 2
bgh-cjj 1
300
4
jjb-daa 2
bfde-daa 1
ih-daa 1
bbhc-daa 2
301
2
bef-dab 3
hi-dab 3
302
2
bgi-dac 5
dce-dac 1
303
3
gfe-dad 2
gfd-dad 1
gcb-dad 3
304
3
baaa-dae 4
bcib-dae 1
fce-dae 1
305
5
badi-daf 1
jae-daf 1
fbb-daf 1
cha-daf 2
bdcb-daf 1
306
1
eb-dag 6
307
4
ihj-dah 3
ggg-dah 1
cgi-dah 1
ehc-dah 1
308
3
bchi-dai 4
dhc-dai 1
bafa-dai 1
309
5
dhe-daj 1
fae-daj 1
fhj-daj 2
dce-daj 1
geh-daj 1
310
3
gdh-dba 1
bff-dba 4
hhj-dba 1
311
3
eaa-dbb 3
cjb-dbb 1
dfc-dbb 2
312
2
dah-dbc 3
hca-dbc 3
313
3
bfg-dbd 3
gcb-dbd 1
bdjf-dbd 2
314
2
bcaf-dbe 4
dfh-dbe 2
315
5
gib-dbf 1
eid-dbf 1
gdc-dbf 1
dac-dbf 2
baad-dbf 1
316
2
dab-dbg 5
iag-dbg 1
317
4
fha-dbh 2
caa-dbh 1
cdb-dbh 1
gfj-dbh 2
318
2
edd-dbi 4
bcaa-dbi 2
319
3
bb-dbj 3
gjf-dbj 2
dhd-dbj 1
320
5
a-dca 1
bdii-dca 1
jbi-dca 1
bda-dca 1
badg-dca 2
321
5
efg-dcb 1
eda-dcb 1
gbj-dcb 1
fi-dcb 2
gad-dcb 1
322
6
fbb-dcc 1
heg-dcc 1
ddf-dcc 1
jah-dcc 1
chf-dcc 1
di-dcc 1
323
4
gda-dcd 1
gjc-dcd 1
cg-dcd 1
cfg-dcd 3
324
2
ebg-dce 3
jef-dce 3
325
5
fea-dcf 1
bhe-dcf 2
bbja-dcf 1
cgb-dcf 1
fce-dcf 1
326
2
dca-dcg 5
jjj-dcg 1
327
4
bdgc-dch 1
jai-dch 1
dh-dch 3
eca-dch 1
328
4
dae-dci 2
ehi-dci 2
cge-dci 1
bcef-dci 1
329
2
jcg-dcj 4
bde-dcj 2
330
2
cea-dda 2
bjj-dda 4
331
3
bbdj-ddb 1
ddd-ddb 3
bdge-ddb 2
332
3
bja-ddc 2
dac-ddc 3
bfjb-ddc 1
333
2
beef-ddd 5
hed-ddd 1
334
6
fbe-dde 1
ifj-dde 1
d-dde 1
bbj-dde 1
ghh-dde 1
ehd-dde 1
335
6
jh-ddf 1
eb-ddf 1
id-ddf 1
chf-ddf 1
fcf-ddf 1
eij-ddf 1
336
2
cgc-ddg 1
eid-ddg 5
337
3
ef-ddh 3
baa-ddh 2
ech-ddh 1
338
5
fib-ddi 1
ef-ddi 2
bjc-ddi 1
cfa-ddi 1
ehd-ddi 1
339
4
haa-ddj 1
ecg-ddj 1
ihj-ddj 3
dia-ddj 1
340
6
ejd-dea 1
ief-dea 1
dia-dea 1
edh-dea 1
bgi-dea 1
ebe-dea 1
341
5
hgj-deb 1
hfg-deb 1
cbi-deb 1
hjc-deb 1
fei-deb 2
342
3
bfg-dec 4
bcgh-dec 1
bg-dec 1
343
5
jab-ded 1
ihf-ded 1
gij-ded 1
bdbb-ded 2
ddc-ded 1
344
5
cia-dee 1
dej-dee 2
fhb-dee 1
dhc-dee 1
fji-dee 1
345
2
ceb-def 1
jfi-def 5
346
5
hia-deg 2
eec-deg 1
fhd-deg 1
cdh-deg 1
bceg-deg 1
347
2
dj-deh 5
iji-deh 1
348
1
gjc-dei 6
349
4
fda-dej 2
dif-dej 2
babg-dej 1
bcah-dej 1
350
5
fie-dfa 2
hab-dfa 1
bfb-dfa 1
eai-dfa 1
ege-dfa 1
351
2
ehb-dfb 3
e-dfb 3
352
6
fgg-dfc 1
fgj-dfc 1
cjc-dfc 1
ghb-dfc 1
eb-dfc 1
ddc-dfc 1
353
3
da-dfd 3
bfcc-dfd 2
idj-dfd 1
354
3
baac-dfe 2
ejd-dfe 2
ii-dfe 2
355
5
gie-dff 1
heg-dff 1
ife-dff 1
hii-dff 2
jha-dff 1
356
3
dhf-dfg 3
eib-dfg 1
cdj-dfg 2
357
5
fee-dfh 1
beci-dfh 1
fhb-dfh 1
hg-dfh 2
bbcb-dfh 1
358
3
hgh-dfi 3
egd-dfi 1
baac-dfi 2
359
2
eb-dfj 3
bbah-dfj 3
360
2
fff-dga 3
bcdg-dga 3
361
1
bcae-dgb 6
362
5
bdbb-dgc 2
fib-dgc 1
c-dgc 1
jic-dgc 1
bc-dgc 1
363
6
ifg-dgd 1
cbc-dgd 1
bajj-dgd 1
bbjf-dgd 1
ifb-dgd 1
badi-dgd 1
364
5
beaa-dge 1
ef-dge 1
bccf-dge 2
dc-dge 1
hcj-dge 1
365
3
bffd-dgf 2
bbba-dgf 2
jfj-dgf 2
366
2
bg-dgg 4
bced-dgg 2
367
2
idi-dgh 5
dff-dgh 1
368
2
deb-dgi 5
bbf-dgi 1
369
4
bcab-dgj 3
ghb-dgj 1
gg-dgj 1
bea-dgj 1
370
4
dij-dha 1
dji-dha 1
jhi-dha 1
ecg-dha 3
371
3
ebh-dhb 2
d-dhb 3
bajb-dhb 1
372
6
bbce-dhc 1
bdab-dhc 1
jii-dhc 1
dbg-dhc 1
dfg-dhc 1
bbed-dhc 1
373
6
baeg-dhd 1
dgh-dhd 1
ije-dhd 1
hfh-dhd 1
fhc-dhd 1
cdi-dhd 1
374
5
bbhi-dhe 2
bbii-dhe 1
dca-dhe 1
bbhb-dhe 1
ieg-dhe 1
375
3
baga-dhf 1
cjd-dhf 1
ebj-dhf 4
376
4
begf-dhg 1
ida-dhg 1
bfe-dhg 1
beab-dhg 3
377
4
bdac-dhh 2
dgf-dhh 2
bbb-dhh 1
bbh-dhh 1
378
3
ihg-dhi 2
fjf-dhi 2
ebh-dhi 2
379
5
icc-dhj 1
idf-dhj 1
begh-dhj 1
fce-dhj 2
ddj-dhj 1
380
2
hge-dia 1
ecg-dia 5
381
2
bgg-dib 2
dhj-dib 4
382
5
jff-dic 1
edj-dic 1
hhd-dic 1
fh-dic 2
hc-dic 1
383
4
dhg-did 2
hid-did 1
bab-did 1
bgj-did 2
384
5
fac-die 1
baag-die 1
fea-die 1
fig-die 1
jeb-die 2
385
1
bbdh-dif 6
386
3
hih-dig 2
edj-dig 3
fcd-dig 1
387
2
fdg-dih 3
bbjg-dih 3
388
2
bdeg-dii 5
bage-dii 1
389
4
bacf-dij 1
hhe-dij 1
ici-dij 1
cga-dij 3
390
1
bdhi-dja 6
391
2
jjj-djb 3
eee-djb 3
392
3
ddi-djc 3
jaj-djc 2
dba-djc 1
393
4
bejh-djd 2
ceb-djd 1
cie-djd 1
ifd-djd 2
394
2
beaj-dje 5
bbj-dje 1
395
2
eha-djf 4
di-djf 2
396
4
bceg-djg 1
efi-djg 1
hca-djg 3
cji-djg 1
397
6
beca-djh 1
cjc-djh 1
bdef-djh 1
gdg-djh 1
gai-djh 1
ebi-djh 1
398
2
hhj-dji 3
bahj-dji 3
399
3
jib-djj 2
bbc-djj 3
dec-djj 1
400
5
bee-eaa 2
hjj-eaa 1
jbb-eaa 1
bif-eaa 1
ghi-eaa 1
401
3
bbga-eab 2
bdha-eab 1
chi-eab 3
402
3
bagg-eac 1
jhi-eac 4
cej-eac 1
403
4
chj-ead 3
caf-ead 1
dce-ead 1
dj-ead 1
404
4
bic-eae 3
icb-eae 1
gdc-eae 1
fhi-eae 1
405
3
fgj-eaf 1
jc-eaf 4
fde-eaf 1
406
4
ca-eag 3
gff-eag 1
hgb-eag 1
hea-eag 1
407
4
gdj-eah 2
bcaj-eah 2
bbcf-eah 1
eca-eah 1
408
3
bbec-eai 2
be-eai 2
ffa-eai 2
409
3
beec-eaj 2
eae-eaj 2
jfa-eaj 2
410
5
bebc-eba 1
feb-eba 1
gih-eba 1
cee-eba 2
bif-eba 1
411
6
ffd-ebb 1
iij-ebb 1
fac-ebb 1
fff-ebb 1
ggb-ebb 1
beb-ebb 1
412
1
baej-ebc 6
413
6
bcce-ebd 1
bdae-ebd 1
ejb-ebd 1
badb-ebd 1
had-ebd 1
dgi-ebd 1
414
4
ebb-ebe 3
ceb-ebe 1
bfhc-ebe 1
df-ebe 1
415
1
bfd-ebf 6
416
2
fga-ebg 5
ghg-ebg 1
417
3
icg-ebh 3
daf-ebh 2
bahf-ebh 1
418
1
hfe-ebi 6
419
4
ghd-ebj 3
djj-ebj 1
jgc-ebj 1
ehi-ebj 1
420
3
eh-eca 1
dbf-eca 4
jga-eca 1
421
1
bchc-ecb 6
422
6
bdie-ecc 1
bdch-ecc 1
ejd-ecc 1
idf-ecc 1
edi-ecc 1
jc-ecc 1
423
3
jfj-ecd 3
dha-ecd 2
fba-ecd 1
424
2
ici-ece 5
eaa-ece 1
425
5
eed-ecf 1
dc-ecf 1
cib-ecf 1
dgb-ecf 2
beh-ecf 1
426
3
dfa-ecg 1
fbc-ecg 4
bcca-ecg 1
427
3
jjc-ech 3
hcd-ech 1
dbh-ech 2
428
3
jac-eci 4
hcg-eci 1
dh-eci 1
429
1
ihi-ecj 6
430
5
igj-eda 2
bdcg-eda 1
dhf-eda 1
bbdb-eda 1
hbd-eda 1
431
4
jj-edb 1
fb-edb 2
iia-edb 1
gdd-edb 2
432
4
ggi-edc 1
ihi-edc 1
dci-edc 3
baa-edc 1
433
3
bdh-edd 1
cbe-edd 4
gag-edd 1
434
4
jbb-ede 2
ejb-ede 1
ffi-ede 2
jh-ede 1
435
4
bdag-edf 1
fah-edf 1
bdfe-edf 2
hba-edf 2
436
4
ie-edg 2
cde-edg 1
ggd-edg 1
jgh-edg 2
437
4
beb-edh 1
dah-edh 3
bbgb-edh 1
hcd-edh 1
438
4
bda-edi 3
gie-edi 1
ccg-edi 1
cfj-edi 1
439
2
egf-edj 4
egj-edj 2
440
3
bgj-eea 2
djh-eea 1
gcc-eea 3
441
4
hei-eeb 1
bab-eeb 2
hgh-eeb 1
dec-eeb 2
442
4
hci-eec 2
bha-eec 2
cbe-eec 1
dge-eec 1
443
4
gcd-eed 1
jhc-eed 3
iaa-eed 1
fcg-eed 1
444
2
fgi-eee 5
idg-eee 1
445
4
jad-eef 3
bdg-eef 1
dej-eef 1
bdcd-eef 1
446
3
bfc-eeg 2
cfe-eeg 1
dji-eeg 3
447
3
gbb-eeh 2
fbd-eeh 2
bcc-eeh 2
448
4
haj-eei 1
bih-eei 1
fii-eei 3
beed-eei 1
449
3
bcag-eej 1
bcih-eej 1
bbif-eej 4
450
5
hch-efa 1
cbb-efa 1
bccg-efa 2
jia-efa 1
ii-efa 1
451
2
eib-efb 4
ehc-efb 2
452
3
ehd-efc 1
hd-efc 4
bhh-efc 1
453
3
iac-efd 3
bbc-efd 1
fei-efd 2
454
2
bcdb-efe 5
ija-efe 1
455
5
bjf-eff 1
fff-eff 1
jge-eff 2
hgf-eff 1
bbed-eff 1
456
5
bbj-efg 2
bcad-efg 1
iib-efg 1
fii-efg 1
daf-efg 1
457
4
bbeg-efh 3
iic-efh 1
igc-efh 1
ded-efh 1
458
2
eec-efi 5
eed-efi 1
459
4
bbca-efj 1
fhc-efj 1
efe-efj 3
bbfa-efj 1
460
6
cbg-ega 1
bac-ega 1
icf-ega 1
bja-ega 1
feh-ega 1
jca-ega 1
461
5
hic-egb 1
jg-egb 2
bcdf-egb 1
efi-egb 1
fdb-egb 1
463
3
cfa-egd 4
ebd-egd 1
bdhg-egd 1
464
3
ifi-ege 4
dbb-ege 1
ecb-ege 1
465
4
fge-egf 3
ifd-egf 1
eae-egf 1
cha-egf 1
466
3
idd-egg 2
jia-egg 3
eaj-egg 1
467
1
iid-egh 6
468
1
hef-egi 6
469
5
jj-egj 1
dbi-egj 1
jdg-egj 1
baih-egj 2
ibi-egj 1
470
4
cgh-eha 2
fgd-eha 1
bjj-eha 1
bbi-eha 2
471
3
hib-ehb 3
bfc-ehb 1
bj-ehb 2
472
2
cdh-ehc 2
iad-ehc 4
473
3
hcb-ehd 1
hjj-ehd 1
bffb-ehd 4
474
3
hje-ehe 1
ibh-ehe 1
bebj-ehe 4
475
4
hgh-ehf 1
jgj-ehf 1
cac-ehf 3
caa-ehf 1
476
3
edf-ehg 1
bdgh-ehg 2
hda-ehg 3
477
1
ecf-ehh 6
478
2
jfd-ehi 2
bbeg-ehi 4
479
3
eci-ehj 3
bcgj-ehj 2
hbj-ehj 1
480
2
efc-eia 5
cjj-eia 1
481
4
bcji-eib 3
dg-eib 1
bbbe-eib 1
iih-eib 1
482
4
bdfb-eic 3
fhi-eic 1
ebb-eic 1
bfef-eic 1
483
3
hc-eid 4
bdg-eid 1
bfhj-eid 1
484
2
gbb-eie 5
ffj-eie 1
485
1
fdf-eif 6
486
1
bfeh-eig 6
487
4
cag-eih 1
daa-eih 3
ifi-eih 1
efh-eih 1
488
3
fij-eii 1
bgb-eii 3
bfdi-eii 2
489
4
jae-eij 1
dcc-eij 1
dfg-eij 3
ief-eij 1
490
3
iaj-eja 2
babi-eja 1
hej-eja 3
491
2
bhc-ejb 2
ibd-ejb 4
492
6
ggd-ejc 1
gji-ejc 1
hgb-ejc 1
bcbe-ejc 1
daj-ejc 1
eia-ejc 1
493
2
iic-ejd 5
ige-ejd 1
494
5
iei-eje 2
bfj-eje 1
ebj-eje 1
ege-eje 1
cif-eje 1
495
1
bfja-ejf 6
496
4
feg-ejg 3
ghb-ejg 1
eb-ejg 1
chd-ejg 1
497
2
idi-ejh 3
bbi-ejh 3
498
4
hfb-eji 1
d-eji 1
cgh-eji 1
cdd-eji 3
499
1
chf-ejj 6
500
4
dfb-faa 1
ice-faa 2
deg-faa 2
bbba-faa 1
501
1
dda-fab 6
502
5
bbii-fac 1
cbh-fac 2
cbi-fac 1
hbc-fac 1
hdh-fac 1
503
5
bdjg-fad 2
baei-fad 1
cfh-fad 1
fgd-fad 1
iej-fad 1
504
3
bdia-fae 1
fje-fae 4
baba-fae 1
505
2
bcja-faf 2
hid-faf 4
506
3
bahb-fag 4
hcd-fag 1
dbf-fag 1
507
1
bjf-fah 6
508
3
fdh-fai 1
badj-fai 4
eff-fai 1
509
5
ggb-faj 1
ga-faj 1
ghi-faj 1
bhe-faj 2
fgi-faj 1
510
3
bbdb-fba 3
dii-fba 1
cdi-fba 2
511
2
jih-fbb 2
jgi-fbb 4
512
2
eeg-fbc 3
baag-fbc 3
513
4
ejj-fbd 1
jhc-fbd 1
hej-fbd 3
bih-fbd 1
514
2
bceh-fbe 5
fgi-fbe 1
515
1
jbh-fbf 6
516
2
edb-fbg 4
dff-fbg 2
517
4
fdh-fbh 1
fgb-fbh 1
bc-fbh 3
bcjg-fbh 1
518
5
ebf-fbi 2
eah-fbi 1
bjb-fbi 1
dcc-fbi 1
cfg-fbi 1
519
4
beig-fbj 1
ieg-fbj 3
fch-fbj 1
hdc-fbj 1
520
3
gaj-fca 2
bccg-fca 1
jib-fca 3
521
3
hbb-fcb 4
bhb-fcb 1
bcdf-fcb 1
522
4
gbd-fcc 1
bfca-fcc 2
fjh-fcc 2
gic-fcc 1
523
1
cba-fcd 6
524
2
gia-fce 4
baec-fce 2
525
5
baib-fcf 1
cce-fcf 1
bff-fcf 1
ebi-fcf 1
ehe-fcf 2
526
3
gcc-fcg 3
bcah-fcg 2
bbe-fcg 1
527
6
bcee-fch 1
eae-fch 1
ecb-fch 1
cjb-fch 1
fcf-fch 1
beaj-fch 1
528
6
bbea-fci 1
dfd-fci 1
iba-fci 1
iei-fci 1
dfh-fci 1
bjf-fci 1
529
4
egd-fcj 3
fcg-fcj 1
ghc-fcj 1
ffb-fcj 1
530
5
bbbd-fda 1
bhi-fda 1
cfd-fda 1
edf-fda 1
bhj-fda 2
531
3
def-fdb 2
eha-fdb 3
ccf-fdb 1
532
4
bahi-fdc 1
cif-fdc 1
eg-fdc 1
bbjb-fdc 3
533
6
baei-fdd 1
edd-fdd 1
eaf-fdd 1
bfha-fdd 1
bfie-fdd 1
hid-fdd 1
534
3
egb-fde 4
fih-fde 1
jj-fde 1
535
5
gdc-fdf 2
cgg-fdf 1
fdg-fdf 1
ibe-fdf 1
bade-fdf 1
536
4
bdhg-fdg 1
bhi-fdg 3
bach-fdg 1
gje-fdg 1
537
5
cdc-fdh 1
gf-fdh 1
cjd-fdh 1
deb-fdh 1
ffa-fdh 2
538
1
jii-fdi 6
539
2
bdfh-fdj 2
hbh-fdj 4
540
4
ee-fea 1
bbia-fea 1
bdcd-fea 2
bceb-fea 2
541
5
dfh-feb 1
hgh-feb 1
ieb-feb 1
ibd-feb 2
ih-feb 1
542
3
bfcg-fec 1
bfij-fec 2
ffe-fec 3
543
2
hdi-fed 5
bbhb-fed 1
544
5
ihf-fee 1
ecb-fee 1
be-fee 1
fff-fee 2
bbaa-fee 1
545
4
dfe-fef 3
je-fef 1
bfdg-fef 1
bbfh-fef 1
546
5
ijc-feg 1
bcgj-feg 1
ihh-feg 2
bd-feg 1
hgh-feg 1
547
4
hei-feh 2
djg-feh 1
chc-feh 2
bbdc-feh 1
548
3
eeg-fei 3
begd-fei 1
bcgi-fei 2
549
1
hhe-fej 6
550
5
idb-ffa 1
gch-ffa 1
bfef-ffa 1
df-ffa 1
dce-ffa 2
551
6
cfd-ffb 1
jfe-ffb 1
dab-ffb 1
gda-ffb 1
ica-ffb 1
i-ffb 1
552
2
bdj-ffc 4
hbb-ffc 2
553
1
dij-ffd 6
554
2
baba-ffe 2
hdc-ffe 4
555
6
fgj-fff 1
baj-fff 1
hfd-fff 1
chc-fff 1
jbf-fff 1
baae-fff 1
557
2
fja-ffh 5
e-ffh 1
558
3
cdj-ffi 1
cif-ffi 4
bcdd-ffi 1
559
3
gfi-ffj 4
baid-ffj 1
dfd-ffj 1
560
6
cie-fga 1
gei-fga 1
bhe-fga 1
eae-fga 1
igi-fga 1
bbhg-fga 1
561
3
eei-fgb 3
gff-fgb 1
dba-fgb 2
562
3
bagf-fgc 1
dgd-fgc 2
dbd-fgc 3
563
5
dij-fgd 2
bfff-fgd 1
bfic-fgd 1
ffa-fgd 1
fb-fgd 1
564
2
ibf-fge 3
gjf-fge 3
565
2
def-fgf 5
ha-fgf 1
567
2
dbh-fgh 2
jjf-fgh 4
568
3
eeh-fgi 3
dfg-fgi 2
bcbi-fgi 1
569
2
bdc-fgj 4
ghj-fgj 2
570
2
bfig-fha 1
fhc-fha 5
571
6
beeb-fhb 1
bajf-fhb 1
hfe-fhb 1
beaa-fhb 1
feb-fhb 1
bfcb-fhb 1
572
5
hch-fhc 2
bfed-fhc 1
bgea-fhc 1
cba-fhc 1
bbi-fhc 1
573
3
dea-fhd 1
hic-fhd 2
cih-fhd 3
574
2
ebh-fhe 4
hci-fhe 2
575
1
gad-fhf 6
576
3
fjc-fhg 1
bbfh-fhg 1
da-fhg 4
577
1
cba-fhh 6
578
3
bcgj-fhi 2
bja-fhi 3
jcb-fhi 1
579
4
bgde-fhj 1
gaj-fhj 2
ii-fhj 2
fag-fhj 1
580
2
hga-fia 5
gcc-fia 1
581
3
gjb-fib 1
bag-fib 4
fgb-fib 1
582
3
bgaj-fic 2
cea-fic 1
ijd-fic 3
583
4
hh-fid 1
gif-fid 1
cih-fid 1
bbaa-fid 3
584
2
efe-fie 2
bccf-fie 4
585
4
bfcg-fif 2
bbc-fif 1
gge-fif 1
ibj-fif 2
586
4
ejg-fig 1
bfj-fig 1
dec-fig 3
eib-fig 1
587
3
id-fih 3
ed-fih 1
bcc-fih 2
588
4
haf-fii 1
bagb-fii 1
bcfh-fii 3
gde-fii 1
589
1
ebj-fij 6
590
3
cih-fja 4
edj-fja 1
bhf-fja 1
591
6
caa-fjb 1
gef-fjb 1
cij-fjb 1
hc-fjb 1
hae-fjb 1
bggb-fjb 1
592
5
baee-fjc 2
hdf-fjc 1
cie-fjc 1
dbg-fjc 1
bcff-fjc 1
593
1
cif-fjd 6
594
4
fba-fje 3
hci-fje 1
hdj-fje 1
bbac-fje 1
595
3
fhc-fjf 4
jhf-fjf 1
bahg-fjf 1
596
1
bcfe-fjg 6
597
4
baij-fjh 1
babb-fjh 1
g-fjh 3
ddd-fjh 1
598
6
cdf-fji 1
bddi-fji 1
iga-fji 1
fij-fji 1
jbi-fji 1
hh-fji 1
599
3
bbg-fjj 3
gj-fjj 1
ddi-fjj 2
600
4
gie-gaa 2
gjf-gaa 2
gbb-gaa 1
bacj-gaa 1
601
1
gdh-gab 6
602
1
cca-gac 6
603
6
bf-gad 1
hij-gad 1
jjh-gad 1
bjc-gad 1
cdf-gad 1
bdfe-gad 1
604
6
bfi-gae 1
jci-gae 1
bd-gae 1
ghc-gae 1
ceb-gae 1
hca-gae 1
606
4
jij-gag 1
bahg-gag 1
dff-gag 3
dgc-gag 1
607
3
ici-gah 3
iaf-gah 1
fac-gah 2
608
2
gff-gai 3
daa-gai 3
609
3
bcde-gaj 3
di-gaj 1
iae-gaj 2
610
4
bbge-gba 3
fdi-gba 1
hgc-gba 1
bbib-gba 1
611
5
bfjj-gbb 1
dhf-gbb 1
cgb-gbb 1
becb-gbb 2
eja-gbb 1
612
3
bbhc-gbc 4
bbh-gbc 1
baab-gbc 1
613
4
gca-gbd 2
bbcd-gbd 2
cg-gbd 1
fcb-gbd 1
614
1
bgfd-gbe 6
615
4
bdcf-gbf 1
ccj-gbf 2
fgd-gbf 2
bbeh-gbf 1
616
4
hhb-gbg 3
dga-gbg 1
dhh-gbg 1
bbcb-gbg 1
617
2
ff-gbh 4
ejj-gbh 2
618
5
ifc-gbi 1
bacg-gbi 1
bbeh-gbi 1
ej-gbi 1
dbi-gbi 2
619
4
bbfi-gbj 3
jej-gbj 1
eaa-gbj 1
gch-gbj 1
620
4
haj-gca 2
bbfc-gca 1
hbg-gca 1
gfd-gca 2
621
4
bch-gcb 1
jca-gcb 1
cab-gcb 3
bfbd-gcb 1
622
6
baad-gcc 1
cdh-gcc 1
baee-gcc 1
iie-gcc 1
bafc-gcc 1
bbii-gcc 1
623
1
egf-gcd 6
624
1
fai-gce 6
625
2
daf-gcf 3
cgj-gcf 3
626
3
hgd-gcg 1
ijg-gcg 4
chg-gcg 1
627
3
bdc-gch 3
cih-gch 1
fjh-gch 2
628
3
igb-gci 1
bga-gci 1
cea-gci 4
629
2
ged-gcj 5
ebb-gcj 1
630
2
bdcf-gda 4
ihh-gda 2
631
3
bbg-gdb 1
eah-gdb 1
bdci-gdb 4
632
4
cah-gdc 1
gbe-gdc 3
babf-gdc 1
ifc-gdc 1
633
4
efh-gdd 2
bcag-gdd 1
hfi-gdd 1
dgb-gdd 2
634
2
baeb-gde 2
cdd-gde 4
635
4
gfe-gdf 1
bhc-gdf 2
hjh-gdf 2
bchf-gdf 1
636
4
bajh-gdg 1
hag-gdg 1
db-gdg 3
bddj-gdg 1
637
3
if-gdh 2
jci-gdh 1
bdfd-gdh 3
639
2
dib-gdj 5
gjg-gdj 1
640
5
edi-gea 1
cda-gea 1
dea-gea 1
jh-gea 1
eaa-gea 2
641
4
begg-geb 1
hhd-geb 3
eff-geb 1
hfa-geb 1
642
2
ihd-gec 5
ffc-gec 1
643
1
bdbj-ged 6
644
1
dda-gee 6
645
4
bdgj-gef 1
gfh-gef 2
dfi-gef 1
gij-gef 2
646
3
cie-geg 4
gaj-geg 1
bfcj-geg 1
647
3
bjh-geh 1
iai-geh 4
jg-geh 1
648
3
iba-gei 4
daf-gei 1
ffa-gei 1
649
3
fec-gej 2
hgi-gej 1
gda-gej 3
650
2
bgeg-gfa 2
hbc-gfa 4
651
4
gfj-gfb 1
bcbi-gfb 2
g-gfb 1
jhj-gfb 2
652
4
bcb-gfc 3
ccf-gfc 1
baha-gfc 1
bche-gfc 1
653
3
gch-gfd 1
bdbg-gfd 1
hjb-gfd 4
654
2
baci-gfe 4
hfa-gfe 2
655
6
hh-gff 1
egf-gff 1
idi-gff 1
ehe-gff 1
bga-gff 1
eci-gff 1
656
3
chc-gfg 4
jaj-gfg 1
bahh-gfg 1
657
4
bi-gfh 2
iga-gfh 1
ffb-gfh 2
jaj-gfh 1
658
3
ech-gfi 3
becd-gfi 2
ghc-gfi 1
659
1
bdba-gfj 6
660
2
bhe-gga 1
hhe-gga 5
661
2
bee-ggb 5
eae-ggb 1
662
2
bgae-ggc 4
id-ggc 2
663
3
jhh-ggd 2
djj-ggd 3
igd-ggd 1
664
6
beg-gge 1
bdc-gge 1
gaj-gge 1
ifg-gge 1
efd-gge 1
bfid-gge 1
665
4
jfj-ggf 2
feh-ggf 1
bcdj-ggf 1
hab-ggf 2
666
3
die-ggg 2
caf-ggg 3
dij-ggg 1
667
1
cab-ggh 6
668
3
bfc-ggi 3
cbc-ggi 1
cgh-ggi 2
670
4
gdh-gha 1
bfgj-gha 1
gii-gha 3
ifc-gha 1
671
6
bgef-ghb 1
idb-ghb 1
bbfg-ghb 1
ccg-ghb 1
bgae-ghb 1
bbff-ghb 1
672
6
fhi-ghc 1
fea-ghc 1
beid-ghc 1
begg-ghc 1
cib-ghc 1
bch-ghc 1
673
3
did-ghd 1
bae-ghd 3
egj-ghd 2
674
1
ggg-ghe 6
676
1
fhb-ghg 6
677
2
bacj-ghh 4
cbc-ghh 2
678
3
hai-ghi 1
daf-ghi 3
cic-ghi 2
679
4
fdb-ghj 2
bcbc-ghj 2
hec-ghj 1
fcd-ghj 1
680
4
ccg-gia 3
ied-gia 1
hbf-gia 1
egg-gia 1
681
2
cic-gib 4
bbhf-gib 2
682
3
gge-gic 1
dhi-gic 2
bbga-gic 3
683
1
cjj-gid 6
684
2
iih-gie 2
ici-gie 4
685
5
hge-gif 1
jea-gif 1
bcig-gif 1
bcdi-gif 2
gdf-gif 1
686
1
bbe-gig 6
687
4
badc-gih 3
bbfb-gih 1
baai-gih 1
die-gih 1
688
2
ib-gii 3
baab-gii 3
689
5
ehf-gij 1
ibd-gij 1
bei-gij 1
ehh-gij 1
fgh-gij 2
690
1
ecd-gja 6
691
1
ebc-gjb 6
692
5
ca-gjc 2
hg-gjc 1
hji-gjc 1
behb-gjc 1
gbe-gjc 1
693
1
gad-gjd 6
694
3
bhc-gje 1
b-gje 1
bbdf-gje 4
695
3
ieg-gjf 2
dig-gjf 1
hdh-gjf 3
696
5
egg-gjg 1
behg-gjg 2
bfb-gjg 1
bdda-gjg 1
bbic-gjg 1
697
3
cbg-gjh 4
dfd-gjh 1
cje-gjh 1
699
3
iii-gjj 1
fbi-gjj 2
hhe-gjj 3
700
3
bjj-haa 1
bcea-haa 1
dbe-haa 4
701
2
bcfg-hab 5
gc-hab 1
702
3
gid-hac 3
gdb-hac 2
bcbg-hac 1
703
1
iec-had 6
704
6
chi-hae 1
fac-hae 1
ije-hae 1
hea-hae 1
bbic-hae 1
idb-hae 1
705
2
jda-haf 1
jji-haf 5
706
6
dic-hag 1
hje-hag 1
ecj-hag 1
dfg-hag 1
bcgb-hag 1
beje-hag 1
707
2
fda-hah 5
efj-hah 1
708
1
hfh-hai 6
709
1
bdjj-haj 6
710
2
bdbi-hba 3
bega-hba 3
711
3
cfb-hbb 4
cgj-hbb 1
fac-hbb 1
712
2
ffc-hbc 5
jdg-hbc 1
713
3
eij-hbd 3
bdff-hbd 1
bei-hbd 2
714
2
fc-hbe 4
fji-hbe 2
715
2
jf-hbf 1
fcf-hbf 5
716
4
ife-hbg 1
bdjf-hbg 1
egh-hbg 2
gde-hbg 2
717
4
ci-hbh 1
ifg-hbh 1
dbj-hbh 1
babe-hbh 3
718
2
jfh-hbi 5
egd-hbi 1
719
2
jge-hbj 5
bedf-hbj 1
720
5
cib-hca 1
ead-hca 1
ibe-hca 1
hcf-hca 1
jid-hca 2
721
3
ffe-hcb 1
bdfa-hcb 1
bahd-hcb 4
722
2
iee-hcc 3
cie-hcc 3
723
3
jee-hcd 2
bgi-hcd 1
bdhb-hcd 3
724
6
beaf-hce 1
bde-hce 1
bchf-hce 1
dha-hce 1
ejf-hce 1
eab-hce 1
725
5
gad-hcf 1
bbae-hcf 1
cih-hcf 2
hhc-hcf 1
b-hcf 1
726
4
ibf-hcg 1
ja-hcg 1
jjg-hcg 2
baed-hcg 2
727
2
gdg-hch 4
fci-hch 2
728
4
geh-hci 3
baef-hci 1
ggi-hci 1
bdff-hci 1
729
3
eec-hcj 1
jd-hcj 4
bbgd-hcj 1
730
3
ffb-hda 3
idc-hda 1
dec-hda 2
731
4
fei-hdb 1
jh-hdb 1
bfhg-hdb 3
bejg-hdb 1
732
6
gig-hdc 1
cej-hdc 1
jbf-hdc 1
cbi-hdc 1
bdac-hdc 1
befb-hdc 1
733
1
bdg-hdd 6
734
2
jfh-hde 2
bbjf-hde 4
735
5
gbh-hdf 1
dci-hdf 1
bcfg-hdf 1
fad-hdf 2
bbha-hdf 1
736
2
fjc-hdg 5
dac-hdg 1
737
2
ihb-hdh 4
fec-hdh 2
738
2
beah-hdi 4
iae-hdi 2
739
4
jbj-hdj 1
bci-hdj 3
eci-hdj 1
haa-hdj 1
740
6
fdf-hea 1
jjg-hea 1
jb-hea 1
bdfd-hea 1
djb-hea 1
befg-hea 1
741
1
fab-heb 6
742
4
bdda-hec 1
bdhc-hec 1
fai-hec 1
bfjg-hec 3
743
2
bcbg-hed 4
ffe-hed 2
744
3
ijb-hee 2
bfhd-hee 3
gbf-hee 1
745
4
beg-hef 1
bfch-hef 2
gha-hef 2
bjd-hef 1
746
2
bcdd-heg 3
ceb-heg 3
747
3
hii-heh 3
dcb-heh 2
ggc-heh 1
748
3
fad-hei 4
ie-hei 1
if-hei 1
749
4
bgbd-hej 2
cec-hej 2
ccd-hej 1
gcc-hej 1
750
4
befe-hfa 3
jga-hfa 1
dgc-hfa 1
jhg-hfa 1
751
3
bff-hfb 1
gc-hfb 4
icd-hfb 1
752
3
bcdc-hfc 2
gab-hfc 3
gjh-hfc 1
753
2
bcec-hfd 1
eih-hfd 5
754
3
gac-hfe 1
ejg-hfe 4
bahd-hfe 1
755
2
bacc-hff 4
bbci-hff 2
756
3
bbac-hfg 1
gfd-hfg 3
ij-hfg 2
757
4
bbaj-hfh 1
eci-hfh 1
ihf-hfh 3
ede-hfh 1
758
2
eci-hfi 2
beih-hfi 4
759
2
gaa-hfj 4
bfhi-hfj 2
760
2
bbg-hga 4
fdb-hga 2
761
4
hfc-hgb 3
bdf-hgb 1
gcc-hgb 1
bccd-hgb 1
762
4
fea-hgc 2
dej-hgc 1
fia-hgc 2
hje-hgc 1
763
2
bedb-hgd 1
bbfa-hgd 5
764
2
efg-hge 5
beff-hge 1
765
4
bafe-hgf 1
fea-hgf 3
icd-hgf 1
bci-hgf 1
766
2
baib-hgg 5
ehf-hgg 1
767
2
dej-hgh 4
deg-hgh 2
768
2
cdb-hgi 4
baja-hgi 2
770
5
ihj-hha 2
hdd-hha 1
ii-hha 1
bi-hha 1
baad-hha 1
771
3
dfa-hhb 2
gfa-hhb 1
bbaa-hhb 3
772
3
eia-hhc 1
fhc-hhc 1
beff-hhc 4
773
2
bdec-hhd 5
gaa-hhd 1
774
4
gja-hhe 2
dji-hhe 2
eff-hhe 1
bdfa-hhe 1
775
2
bafj-hhf 5
bcf-hhf 1
776
3
hbb-hhg 4
dgd-hhg 1
ga-hhg 1
777
1
haa-hhh 6
778
1
bdci-hhi 6
779
6
chi-hhj 1
beb-hhj 1
jec-hhj 1
idc-hhj 1
hie-hhj 1
bfag-hhj 1
780
2
bbie-hia 5
jdd-hia 1
781
1
bbi-hib 6
782
4
chh-hic 3
bgcf-hic 1
dhd-hic 1
dcc-hic 1
783
1
bgdg-hid 6
784
2
bgbb-hie 3
bjg-hie 3
785
2
fje-hif 2
ggc-hif 4
786
3
gb-hig 3
fig-hig 1
che-hig 2
787
2
ddh-hih 4
iaf-hih 2
788
3
djb-hii 4
jaj-hii 1
cgi-hii 1
789
6
bbbd-hij 1
jff-hij 1
fj-hij 1
bji-hij 1
dif-hij 1
hag-hij 1
790
2
fae-hja 4
gbd-hja 2
791
3
cfh-hjb 1
bde-hjb 4
cbb-hjb 1
792
6
bfhe-hjc 1
gaj-hjc 1
bbfi-hjc 1
hbi-hjc 1
hcc-hjc 1
ifd-hjc 1
793
2
bbd-hjd 2
fef-hjd 4
794
2
fgj-hje 2
bdja-hje 4
795
3
beji-hjf 4
edj-hjf 1
gid-hjf 1
796
5
jdh-hjg 1
eda-hjg 1
gdj-hjg 1
cfa-hjg 2
jgg-hjg 1
797
2
caj-hjh 3
bcg-hjh 3
798
1
hfj-hji 6
799
6
beea-hjj 1
cjf-hjj 1
gah-hjj 1
fe-hjj 1
fgd-hjj 1
bace-hjj 1
800
5
dhc-iaa 2
deb-iaa 1
eef-iaa 1
ead-iaa 1
jcg-iaa 1
801
3
ech-iab 2
bdbh-iab 3
cdh-iab 1
802
3
hbi-iac 3
eic-iac 1
hia-iac 2
803
3
cgd-iad 1
cba-iad 1
jcd-iad 4
804
5
cjg-iae 1
cdf-iae 1
bcd-iae 1
fjd-iae 1
cib-iae 2
805
3
jd-iaf 3
gjf-iaf 2
ejf-iaf 1
806
4
ihd-iag 3
begg-iag 1
bage-iag 1
ejg-iag 1
807
2
dad-iah 5
fei-iah 1
808
4
dje-iai 1
jh-iai 1
gf-iai 1
beja-iai 3
809
1
bddg-iaj 6
810
5
bbbj-iba 1
bcb-iba 2
ejb-iba 1
bbba-iba 1
bafb-iba 1
811
2
iha-ibb 5
bead-ibb 1
812
2
bbgf-ibc 3
egb-ibc 3
813
2
bgcj-ibd 3
bdhd-ibd 3
814
2
fba-ibe 4
bbcc-ibe 2
815
3
bffh-ibf 4
dje-ibf 1
dih-ibf 1
816
4
efj-ibg 1
ceb-ibg 3
fhg-ibg 1
bafg-ibg 1
817
3
bahj-ibh 3
eja-ibh 1
babb-ibh 2
818
3
bjc-ibi 3
jib-ibi 2
fdi-ibi 1
819
4
bbcd-ibj 1
dfd-ibj 3
hae-ibj 1
bbdb-ibj 1
820
4
dgi-ica 1
bcfh-ica 1
becf-ica 3
edc-ica 1
821
3
hfi-icb 4
fib-icb 1
fhj-icb 1
823
5
jaj-icd 1
jaa-icd 1
hj-icd 1
eig-icd 1
hcd-icd 2
824
3
ehd-ice 2
jfh-ice 3
hgi-ice 1
825
4
bcha-icf 3
dbb-icf 1
cih-icf 1
fce-icf 1
826
3
gcg-icg 2
bcdi-icg 3
bjj-icg 1
827
1
beei-ich 6
828
3
cj-ici 1
dfa-ici 4
jc-ici 1
829
1
jie-icj 6
830
2
hee-ida 5
bcfd-ida 1
831
5
ghi-idb 2
fce-idb 1
cii-idb 1
bach-idb 1
cdh-idb 1
832
2
iij-idc 4
gjg-idc 2
833
4
fih-idd 2
fj-idd 2
bfda-idd 1
bbah-idd 1
834
1
fgc-ide 6
835
5
bajg-idf 1
jhi-idf 2
dii-idf 1
efa-idf 1
dh-idf 1
836
4
bfi-idg 1
ic-idg 2
dhd-idg 2
bagf-idg 1
838
4
bgfa-idi 1
ech-idi 2
hhc-idi 2
bbdd-idi 1
839
2
fdj-idj 4
bcc-idj 2
840
3
bij-iea 4
eeb-iea 1
bebf-iea 1
841
3
fhb-ieb 2
bdaj-ieb 2
bbie-ieb 2
842
4
hfh-iec 1
hfg-iec 1
iff-iec 3
bbca-iec 1
843
4
bbid-ied 1
jac-ied 2
bche-ied 1
hhb-ied 2
844
2
efc-iee 2
bdcd-iee 4
845
4
hag-ief 1
bbah-ief 3
ea-ief 1
bfc-ief 1
846
4
ffh-ieg 1
idd-ieg 3
fjj-ieg 1
hcd-ieg 1
847
3
caj-ieh 1
bge-ieh 1
bchj-ieh 4
848
5
dbf-iei 2
behf-iei 1
hgi-iei 1
bcgb-iei 1
efg-iei 1
849
2
bbh-iej 3
bdi-iej 3
850
4
ccc-ifa 3
bbbi-ifa 1
bdih-ifa 1
hcf-ifa 1
851
2
bagh-ifb 5
dfh-ifb 1
852
5
bchg-ifc 1
ejj-ifc 1
jid-ifc 1
cee-ifc 1
fdj-ifc 2
853
4
bbhd-ifd 1
ijh-ifd 2
cf-ifd 2
bah-ifd 1
854
3
dad-ife 3
hjf-ife 2
bbdj-ife 1
855
3
jgf-iff 3
cgi-iff 1
efe-iff 2
856
3
jci-ifg 3
bgeb-ifg 1
be-ifg 2
857
3
cid-ifh 2
baai-ifh 2
baga-ifh 2
858
2
bcci-ifi 3
badf-ifi 3
860
2
gfj-iga 4
ebb-iga 2
861
1
cif-igb 6
862
3
bcgi-igc 1
gh-igc 4
eaf-igc 1
863
3
ife-igd 3
hfd-igd 2
ggg-igd 1
864
3
dbi-ige 3
hjc-ige 2
dbj-ige 1
866
1
babd-igg 6
867
1
hag-igh 6
868
2
bbg-igi 5
bcbj-igi 1
869
3
jba-igj 1
dde-igj 4
bdie-igj 1
870
4
bcdj-iha 1
jfa-iha 2
bbfe-iha 1
hgf-iha 2
871
1
bbcj-ihb 6
872
2
ehj-ihc 5
jfd-ihc 1
873
4
bgei-ihd 2
behh-ihd 2
bbdd-ihd 1
fj-ihd 1
874
3
hdg-ihe 1
hdi-ihe 4
hdj-ihe 1
875
3
bbad-ihf 1
bfcc-ihf 1
ijj-ihf 4
876
3
cdj-ihg 1
gij-ihg 2
bcj-ihg 3
877
2
cib-ihh 2
gih-ihh 4
878
4
bebh-ihi 3
gjh-ihi 1
jg-ihi 1
bdgf-ihi 1
879
2
cef-ihj 4
caf-ihj 2
880
3
hfh-iia 3
fgb-iia 2
fid-iia 1
881
5
id-iib 1
baeb-iib 1
chd-iib 1
bafa-iib 1
cfb-iib 2
882
4
jje-iic 1
iie-iic 1
fag-iic 3
gfa-iic 1
883
2
iae-iid 5
ffa-iid 1
884
5
bejf-iie 1
bgc-iie 2
cbb-iie 1
bec-iie 1
jee-iie 1
885
1
bbei-iif 6
886
2
hjb-iig 4
hcg-iig 2
887
1
hbj-iih 6
888
1
bbib-iii 6
889
1
baaa-iij 6
890
2
dbj-ija 1
iaa-ija 5
891
1
ega-ijb 6
892
3
cgi-ijc 3
bcij-ijc 1
bbf-ijc 2
893
3
beda-ijd 1
hfi-ijd 4
gdh-ijd 1
894
4
beef-ije 1
bef-ije 1
gda-ije 1
bbbj-ije 3
895
2
hei-ijf 2
bj-ijf 4
896
2
ig-ijg 4
behi-ijg 2
897
2
bii-ijh 5
hhg-ijh 1
898
1
gd-iji 6
899
2
cff-ijj 2
iaf-ijj 4
900
2
bbjh-jaa 5
jbg-jaa 1
901
2
baej-jab 5
gbe-jab 1
902
5
ibb-jac 1
ghg-jac 1
hca-jac 1
ejj-jac 1
bgg-jac 2
903
2
djc-jad 5
bcij-jad 1
904
1
bbih-jae 6
905
2
bdig-jaf 3
bgd-jaf 3
906
3
cg-jag 2
cbc-jag 3
bdij-jag 1
907
4
baia-jah 1
bcif-jah 2
bchh-jah 1
fie-jah 2
908
5
bffi-jai 1
gbj-jai 1
bbbg-jai 1
efa-jai 1
hah-jai 2
909
2
iic-jaj 3
ebd-jaj 3
910
2
bdef-jba 1
gej-jba 5
911
2
gjc-jbb 4
dhg-jbb 2
912
2
gbg-jbc 5
jca-jbc 1
913
3
bfad-jbd 1
dij-jbd 1
bgh-jbd 4
915
4
hai-jbf 3
gfg-jbf 1
bedi-jbf 1
cc-jbf 1
916
4
bjd-jbg 2
ehd-jbg 1
bdid-jbg 2
baie-jbg 1
917
3
bji-jbh 4
dbd-jbh 1
babf-jbh 1
918
2
bdcc-jbi 5
hai-jbi 1
919
4
hdc-jbj 1
daa-jbj 1
jhb-jbj 1
ejd-jbj 3
920
4
fdh-jca 2
idf-jca 1
jfg-jca 1
jde-jca 2
921
4
faj-jcb 1
ihh-jcb 1
hhf-jcb 2
gae-jcb 2
922
3
fjg-jcc 2
gfb-jcc 1
fej-jcc 3
923
4
hgh-jcd 2
jcc-jcd 1
bagh-jcd 1
ied-jcd 2
924
1
bafi-jce 6
925
3
ghe-jcf 2
igj-jcf 1
djc-jcf 3
926
2
ggg-jcg 5
cfj-jcg 1
928
6
bfbf-jci 1
gih-jci 1
fch-jci 1
beia-jci 1
hhe-jci 1
fb-jci 1
930
3
cjb-jda 4
bdig-jda 1
bgdf-jda 1
931
4
jhc-jdb 3
hge-jdb 1
cgf-jdb 1
jji-jdb 1
932
3
hbh-jdc 4
gdh-jdc 1
jc-jdc 1
933
3
ffh-jdd 3
dhc-jdd 1
dic-jdd 2
934
6
bcjb-jde 1
bi-jde 1
ha-jde 1
baad-jde 1
bie-jde 1
bdgi-jde 1
936
6
bh-jdg 1
ibi-jdg 1
fbf-jdg 1
bhb-jdg 1
gea-jdg 1
dhj-jdg 1
937
1
ea-jdh 6
939
3
eic-jdj 2
jfj-jdj 1
ja-jdj 3
940
1
ije-jea 6
941
1
jad-jeb 6
942
4
dae-jec 1
bdfg-jec 1
badg-jec 2
ehc-jec 2
943
1
djc-jed 6
944
4
ej-jee 3
cfg-jee 1
hjb-jee 1
ceg-jee 1
945
5
badj-jef 1
fad-jef 1
bbfe-jef 1
bbje-jef 2
beh-jef 1
946
2
bbj-jeg 5
baib-jeg 1
947
3
ddj-jeh 3
bgdb-jeh 1
bafe-jeh 2
948
1
eff-jei 6
949
2
ehb-jej 4
dch-jej 2
950
4
bhe-jfa 3
fdj-jfa 1
iec-jfa 1
chb-jfa 1
951
3
cge-jfb 1
bbdb-jfb 2
ebb-jfb 3
952
2
jgb-jfc 3
cgh-jfc 3
953
2
fbd-jfd 2
babc-jfd 4
954
4
bfgb-jfe 2
c-jfe 1
egf-jfe 1
bcif-jfe 2
955
2
bfeb-jff 4
egg-jff 2
956
3
fic-jfg 1
bccb-jfg 3
ega-jfg 2
957
5
eij-jfh 1
bffj-jfh 1
fdf-jfh 1
ddc-jfh 2
gfb-jfh 1
958
3
dii-jfi 3
bbj-jfi 1
befa-jfi 2
959
5
bdhe-jfj 1
jfa-jfj 2
bcc-jfj 1
bcaj-jfj 1
eac-jfj 1
960
4
bfab-jga 2
fdf-jga 1
bagg-jga 1
bfcd-jga 2
961
1
ecd-jgb 6
962
5
babj-jgc 1
cfa-jgc 1
ibd-jgc 1
bba-jgc 2
ied-jgc 1
964
4
bedj-jge 1
bcgj-jge 1
gbf-jge 3
bagf-jge 1
965
4
bhg-jgf 2
fbf-jgf 1
hhj-jgf 1
i-jgf 2
966
3
bajc-jgg 3
cfd-jgg 2
heh-jgg 1
967
2
dfc-jgh 4
jcb-jgh 2
968
1
iae-jgi 6
970
3
bea-jha 1
jia-jha 1
ghd-jha 4
971
1
ejg-jhb 6
972
3
ced-jhc 2
eej-jhc 1
hei-jhc 3
973
2
gba-jhd 4
geb-jhd 2
974
2
bbai-jhe 4
jae-jhe 2
975
3
bajj-jhf 1
behe-jhf 2
fch-jhf 3
976
2
hde-jhg 3
fbi-jhg 3
977
2
gab-jhh 3
bfia-jhh 3
978
2
bagi-jhi 5
bcj-jhi 1
979
1
eei-jhj 6
980
6
baac-jia 1
bje-jia 1
baca-jia 1
bded-jia 1
ecc-jia 1
ddg-jia 1
981
3
iac-jib 1
bjf-jib 3
bab-jib 2
982
2
hff-jic 5
igj-jic 1
983
4
cag-jid 2
jff-jid 1
bdgd-jid 2
bgfj-jid 1
984
3
hdb-jie 1
cij-jie 1
baih-jie 4
985
3
bb-jif 1
dge-jif 1
hah-jif 4
986
3
gha-jig 1
bbe-jig 1
bafi-jig 4
987
2
gfi-jih 4
bfa-jih 2
988
2
cei-jii 1
ddf-jii 5
989
2
ge-jij 1
bah-jij 5
991
5
cjc-jjb 1
ihg-jjb 2
jif-jjb 1
hja-jjb 1
bdi-jjb 1
992
3
jbg-jjc 1
jhg-jjc 4
bcgb-jjc 1
993
1
daj-jjd 6
994
4
baig-jje 2
ej-jje 1
bbcg-jje 1
badd-jje 2
995
2
hja-jjf 4
ccf-jjf 2
996
2
gfc-jjg 3
efa-jjg 3
997
1
geh-jjh 6
998
1
hef-jji 6
999
3
baea-jjj 2
bcci-jjj 3
edg-jjj 1
1000
1
fgi-baaa 6
1001
4
jeg-baab 1
bc-baab 1
ifd-baab 2
efi-baab 2
1002
2
jbh-baac 5
hig-baac 1
1003
4
bbbh-baad 1
ehj-baad 2
jcd-baad 1
ceb-baad 2
1004
2
eje-baae 3
dib-baae 3
1005
2
baae-baaf 5
bdej-baaf 1
1006
5
beja-baag 1
jci-baag 1
cdc-baag 1
fc-baag 2
ffj-baag 1
1007
1
baef-baah 6
1008
4
baha-baai 1
bacb-baai 1
igj-baai 1
dgd-baai 3
1009
1
ceb-baaj 6
1010
4
jdf-baba 2
bbfb-baba 1
ehi-baba 2
dfi-baba 1
1011
3
djh-babb 3
ggi-babb 1
edh-babb 2
1012
4
beag-babc 1
baif-babc 2
if-babc 1
jga-babc 2
1013
2
gec-babd 2
dfe-babd 4
1014
4
cjc-babe 1
ije-babe 1
ebj-babe 1
dbj-babe 3
1015
2
begj-babf 1
ceg-babf 5
1016
2
bdhd-babg 5
beba-babg 1
1017
2
cbg-babh 4
baia-babh 2
1018
3
baij-babi 4
cdb-babi 1
gd-babi 1
1019
3
bbcg-babj 2
bfib-babj 2
fdc-babj 2
1020
1
igh-baca 6
1021
6
jhb-bacb 1
jg-bacb 1
heb-bacb 1
jce-bacb 1
bgbj-bacb 1
bcje-bacb 1
1022
3
gdb-bacc 2
feg-bacc 1
hbc-bacc 3
1023
1
jgf-bacd 6
1024
2
bbcd-bace 3
dhb-bace 3
1026
2
cja-bacg 4
bgdb-bacg 2
1027
2
bih-bach 2
baag-bach 4
1028
1
ejc-baci 6
1029
3
ibj-bacj 4
iha-bacj 1
bada-bacj 1
1030
4
gdb-bada 2
ecj-bada 2
hej-bada 1
bbcf-bada 1
1031
3
bddf-badb 2
bdf-badb 1
dcd-badb 3
1032
2
ifg-badc 4
hfg-badc 2
1033
2
bcac-badd 5
jc-badd 1
1034
1
ega-bade 6
1035
1
fgh-badf 6
1036
2
bbbf-badg 3
jhi-badg 3
1037
2
fhe-badh 2
bbgj-badh 4
1038
1
bbdi-badi 6
1039
4
bbhf-badj 2
bjf-badj 1
ijj-badj 1
ff-badj 2
1040
3
he-baea 4
hdd-baea 1
jgg-baea 1
1041
4
fd-baeb 1
bbaf-baeb 2
iag-baeb 2
bdcj-baeb 1
1042
4
jaa-baec 2
jha-baec 2
ccb-baec 1
hbg-baec 1
1043
1
djc-baed 6
1044
1
baeg-baee 6
1045
3
gj-baef 1
fi-baef 4
efd-baef 1
1046
3
bcef-baeg 2
hhd-baeg 3
jdc-baeg 1
1047
1
ihg-baeh 6
1048
3
bagg-baei 1
bhc-baei 3
bcig-baei 2
1049
2
bbhh-baej 4
bdfj-baej 2
1050
5
jdj-bafa 1
dgj-bafa 1
cff-bafa 1
hgc-bafa 2
babe-bafa 1
1051
3
baah-bafb 3
gdg-bafb 1
bbbd-bafb 2
1052
3
hii-bafc 3
gfg-bafc 2
bbef-bafc 1
1053
1
cfa-bafd 6
1054
2
fdd-bafe 4
bgf-bafe 2
1055
2
hcj-baff 4
bfif-baff 2
1056
1
fdd-bafg 6
1057
1
jbd-bafh 6
1058
3
bag-bafi 3
bhj-bafi 2
chi-bafi 1
1059
2
gfi-bafj 5
hef-bafj 1
1060
2
ded-baga 3
bbag-baga 3
1061
1
fhb-bagb 6
1062
1
gie-bagc 6
1063
3
ibg-bagd 3
beg-bagd 1
hgd-bagd 2
1064
4
jfb-bage 1
jhf-bage 2
babh-bage 1
bbcj-bage 2
1065
2
bede-bagf 4
bgd-bagf 2
1066
4
hgb-bagg 1
baie-bagg 1
fcb-bagg 3
bbgh-bagg 1
1067
5
cde-bagh 1
eab-bagh 1
cgf-bagh 1
gje-bagh 2
ijg-bagh 1
1068
2
ggh-bagi 3
bcac-bagi 3
1069
3
jhd-bagj 2
bad-bagj 2
bgj-bagj 2
1070
2
bcgf-baha 5
bgcc-baha 1
1071
2
bgah-bahb 2
cgc-bahb 4
1072
1
hbg-bahc 6
1073
5
behd-bahd 1
dbb-bahd 1
dii-bahd 1
efa-bahd 1
beij-bahd 2
1074
1
bcdi-bahe 6
1075
2
bagd-bahf 5
ffi-bahf 1
1076
2
gjc-bahg 5
bgc-bahg 1
1077
4
bedg-bahh 3
bahg-bahh 1
jab-bahh 1
hea-bahh 1
1078
4
ia-bahi 2
hab-bahi 2
ghc-bahi 1
ceh-bahi 1
1079
1
fbe-bahj 6
1080
2
bgg-baia 5
jif-baia 1
1081
2
hih-baib 4
iac-baib 2
1082
2
bcgg-baic 5
iaa-baic 1
1083
1
bejd-baid 6
1084
5
chg-baie 1
iaf-baie 1
bade-baie 1
bai-baie 2
efc-baie 1
1085
1
jcb-baif 6
1086
4
hif-baig 1
jgh-baig 1
edd-baig 3
ihc-baig 1
1087
4
gcf-baih 1
becj-baih 1
bcej-baih 2
bbgd-baih 2
1088
2
ffj-baii 5
bbab-baii 1
1089
3
bha-baij 1
bfh-baij 4
ife-baij 1
1090
4
cdh-baja 1
cgg-baja 2
bcfj-baja 2
bif-baja 1
1091
3
bdfg-bajb 2
ji-bajb 1
bafj-bajb 3
1092
2
dhb-bajc 4
bbae-bajc 2
1093
3
bfjc-bajd 1
edc-bajd 2
hha-bajd 3
1094
4
gfi-baje 2
iej-baje 1
bdab-baje 1
hhe-baje 2
1095
5
jeb-bajf 1
eca-bajf 1
bbgi-bajf 1
jcd-bajf 2
bcje-bajf 1
1096
2
fi-bajg 5
cgf-bajg 1
1097
2
bia-bajh 3
hba-bajh 3
1098
2
bhf-baji 5
baje-baji 1
1099
3
eci-bajj 2
ejh-bajj 3
bajf-bajj 1
1100
3
beeg-bbaa 2
bcfa-bbaa 1
ghb-bbaa 3
1101
1
bbfc-bbab 6
1102
4
bejd-bbac 1
fed-bbac 3
dce-bbac 1
iif-bbac 1
1103
2
jbh-bbad 2
bbag-bbad 4
1104
6
hg-bbae 1
bcfc-bbae 1
gc-bbae 1
bgba-bbae 1
gid-bbae 1
eah-bbae 1
1105
1
eff-bbaf 6
1106
1
gff-bbag 6
1107
4
bfjh-bbah 1
cja-bbah 1
beci-bbah 1
fhe-bbah 3
1108
2
bhj-bbai 1
bafj-bbai 5
1110
5
jid-bbba 1
cgd-bbba 1
hdb-bbba 1
babb-bbba 1
hde-bbba 2
1111
1
hed-bbbb 6
1113
4
bgab-bbbd 2
icb-bbbd 1
baec-bbbd 1
bbh-bbbd 2
1114
3
bccj-bbbe 2
dhj-bbbe 2
bcc-bbbe 2
1115
2
gej-bbbf 4
cef-bbbf 2
1116
2
ief-bbbg 4
icb-bbbg 2
1117
2
bagc-bbbh 5
ehg-bbbh 1
1118
1
bac-bbbi 6
1119
3
bgdj-bbbj 2
bahe-bbbj 3
big-bbbj 1
1120
2
bdd-bbca 3
jcc-bbca 3
1121
6
ccc-bbcb 1
fbc-bbcb 1
jfd-bbcb 1
hih-bbcb 1
iee-bbcb 1
djj-bbcb 1
1122
2
bgf-bbcc 2
hbd-bbcc 4
1123
2
gje-bbcd 1
baii-bbcd 5
1124
2
gde-bbce 5
iff-bbce 1
1125
2
fhc-bbcf 4
bbae-bbcf 2
1126
3
ccj-bbcg 3
bdid-bbcg 2
fcg-bbcg 1
1127
1
icb-bbch 6
1128
2
babh-bbci 4
bie-bbci 2
1129
2
hee-bbcj 3
bbbb-bbcj 3
1130
2
jde-bbda 4
ehh-bbda 2
1131
4
idc-bbdb 2
ifa-bbdb 1
hjj-bbdb 1
bfdj-bbdb 2
1132
1
jh-bbdc 6
1133
5
gid-bbdd 1
bci-bbdd 1
fgh-bbdd 1
beb-bbdd 2
eii-bbdd 1
1134
1
jif-bbde 6
1135
2
baed-bbdf 5
gbi-bbdf 1
1136
3
bhc-bbdg 3
bid-bbdg 2
bgdc-bbdg 1
1137
3
ghb-bbdh 2
bcjd-bbdh 2
eef-bbdh 2
1138
3
bcba-bbdi 3
hbh-bbdi 1
baee-bbdi 2
1139
1
ghi-bbdj 6
1140
2
df-bbea 5
cga-bbea 1
1141
5
bbde-bbeb 1
ji-bbeb 1
ihd-bbeb 1
bbae-bbeb 1
bffc-bbeb 2
1142
1
bcie-bbec 6
1143
1
jc-bbed 6
1144
2
gcj-bbee 3
bdee-bbee 3
1145
4
badd-bbef 1
ce-bbef 1
fjf-bbef 3
fjb-bbef 1
1146
3
bcjg-bbeg 2
eca-bbeg 1
bgbc-bbeg 3
1147
2
ghj-bbeh 4
eg-bbeh 2
1148
2
eif-bbei 5
gej-bbei 1
1149
3
fja-bbej 1
fci-bbej 1
bcbb-bbej 4
1150
1
bacc-bbfa 6
1151
5
bdah-bbfb 1
baji-bbfb 2
bbgg-bbfb 1
ghj-bbfb 1
fgd-bbfb 1
1152
2
bfej-bbfc 1
ibh-bbfc 5
1153
3
ebc-bbfd 1
bdcj-bbfd 1
eaa-bbfd 4
1154
2
chg-bbfe 3
bbgi-bbfe 3
1155
6
hg-bbff 1
bdjd-bbff 1
ihi-bbff 1
dbh-bbff 1
jig-bbff 1
fcc-bbff 1
1156
4
bfee-bbfg 1
fea-bbfg 2
eee-bbfg 2
bcjh-bbfg 1
1157
3
gec-bbfh 3
bbjg-bbfh 2
efd-bbfh 1
1158
3
bace-bbfi 4
bbej-bbfi 1
bfhb-bbfi 1
1159
4
babh-bbfj 3
ifc-bbfj 1
cbc-bbfj 1
cje-bbfj 1
1160
2
jbc-bbga 5
eji-bbga 1
1161
4
hgd-bbgb 1
jff-bbgb 1
hi-bbgb 1
iic-bbgb 3
1162
1
bafa-bbgc 6
1163
1
bgag-bbgd 6
1164
4
bbff-bbge 1
ihg-bbge 1
eb-bbge 1
ddd-bbge 3
1165
1
fcj-bbgf 6
1166
4
bdai-bbgg 1
gfh-bbgg 1
bcde-bbgg 1
ca-bbgg 3
1167
1
bbei-bbgh 6
1168
3
jgi-bbgi 1
bdgi-bbgi 3
bfi-bbgi 2
1169
3
bbcj-bbgj 2
bejh-bbgj 3
eah-bbgj 1
1170
2
begi-bbha 1
fbe-bbha 5
1171
1
iec-bbhb 6
1172
1
cbh-bbhc 6
1173
3
j-bbhd 2
bced-bbhd 3
bdb-bbhd 1
1174
4
bbgb-bbhe 1
gfe-bbhe 1
id-bbhe 1
fh-bbhe 3
1175
3
dia-bbhf 3
baif-bbhf 1
bfec-bbhf 2
1177
2
beee-bbhh 5
bcjf-bbhh 1
1178
2
bfge-bbhi 2
hgi-bbhi 4
1180
3
ei-bbia 2
edb-bbia 2
ij-bbia 2
1181
1
bdi-bbib 6
1182
2
befc-bbic 1
iab-bbic 5
1183
1
bbdd-bbid 6
1184
3
bbhj-bbie 3
dee-bbie 1
def-bbie 2
1185
2
bij-bbif 5
dcj-bbif 1
1187
2
bfd-bbih 4
gc-bbih 2
1188
2
bfgf-bbii 1
jhc-bbii 5
1189
2
beci-bbij 5
bbdf-bbij 1
1190
2
bacb-bbja 3
fec-bbja 3
1191
1
ffj-bbjb 6
1192
2
bhc-bbjc 4
ii-bbjc 2
1193
1
jig-bbjd 6
1194
1
cbd-bbje 6
1195
4
jbg-bbjf 1
fcj-bbjf 1
dji-bbjf 3
haj-bbjf 1
1196
3
hjb-bbjg 4
bagj-bbjg 1
bbfe-bbjg 1
1197
2
jih-bbjh 5
bcjb-bbjh 1
1198
3
bch-bbji 1
hhi-bbji 4
ijh-bbji 1
1199
1
cig-bbjj 6
1200
2
bbie-bcaa 3
bgb-bcaa 3
1201
2
gce-bcab 2
dfi-bcab 4
1202
3
fa-bcac 1
had-bcac 1
hac-bcac 4
1203
2
bgcb-bcad 4
bdf-bcad 2
1204
2
ibg-bcae 5
bdaj-bcae 1
1205
2
bcda-bcaf 3
bbha-bcaf 3
1206
2
bgch-bcag 3
babb-bcag 3
1207
1
eed-bcah 6
1208
1
bbcj-bcai 6
1209
1
bbji-bcaj 6
1210
2
gfc-bcba 4
ejb-bcba 2
1211
3
die-bcbb 1
bdbj-bcbb 1
hag-bcbb 4
1212
5
ef-bcbc 1
bafj-bcbc 1
dbe-bcbc 1
bcij-bcbc 1
bbai-bcbc 2
1213
1
baca-bcbd 6
1214
2
gda-bcbe 5
bdd-bcbe 1
1215
2
igc-bcbf 5
bged-bcbf 1
1216
3
iea-bcbg 1
dbh-bcbg 1
behc-bcbg 4
1217
1
bhg-bcbh 6
1218
3
jdd-bcbi 4
jcf-bcbi 1
bfcf-bcbi 1
1219
2
hgc-bcbj 3
hjj-bcbj 3
1220
4
behj-bcca 2
bdhj-bcca 1
jfe-bcca 1
fb-bcca 2
1221
2
egb-bccb 1
cid-bccb 5
1222
1
edj-bccc 6
1223
3
bfed-bccd 3
behg-bccd 1
ced-bccd 2
1224
2
eci-bcce 5
iib-bcce 1
1225
2
bajb-bccf 1
bfhd-bccf 5
1226
2
badf-bccg 4
begg-bccg 2
1227
1
hjg-bcch 6
1228
2
bcae-bcci 4
hjd-bcci 2
1229
6
hci-bccj 1
gbe-bccj 1
bg-bccj 1
bdeb-bccj 1
dci-bccj 1
cfg-bccj 1
1230
3
beii-bcda 1
dh-bcda 3
ijd-bcda 2
1231
3
baci-bcdb 3
bbeb-bcdb 1
bddd-bcdb 2
1232
4
bccd-bcdc 1
bfga-bcdc 1
ghb-bcdc 3
bcj-bcdc 1
1233
3
bdid-bcdd 1
bagh-bcdd 3
bbfh-bcdd 2
1234
5
beje-bcde 1
bcha-bcde 1
baji-bcde 1
gic-bcde 2
cba-bcde 1
1235
1
bbef-bcdf 6
1236
3
chc-bcdg 1
jje-bcdg 4
hjc-bcdg 1
1237
1
faf-bcdh 6
1238
2
cfg-bcdi 5
hee-bcdi 1
1239
1
fdb-bcdj 6
1240
1
becb-bcea 6
1241
2
idj-bceb 2
bfcf-bceb 4
1243
1
bcjd-bced 6
1244
4
ejh-bcee 1
iai-bcee 1
bdja-bcee 1
ffd-bcee 3
1245
1
fbj-bcef 6
1246
1
cca-bceg 6
1247
2
bdae-bceh 4
bbdf-bceh 2
1248
1
bci-bcei 6
1249
3
jfh-bcej 2
ef-bcej 3
gif-bcej 1
1250
2
djh-bcfa 4
jfh-bcfa 2
1252
1
cig-bcfc 6
1253
2
idg-bcfd 1
beie-bcfd 5
1255
4
iie-bcff 2
begg-bcff 1
hfh-bcff 1
ddd-bcff 2
1256
1
fjj-bcfg 6
1257
1
egd-bcfh 6
1258
1
ihe-bcfi 6
1259
2
bchb-bcfj 5
cig-bcfj 1
1261
2
eai-bcgb 3
jae-bcgb 3
1262
2
beih-bcgc 2
bahc-bcgc 4
1264
2
baih-bcge 2
bgh-bcge 4
1265
1
bbga-bcgf 6
1266
1
bfhf-bcgg 6
1267
2
cbj-bcgh 3
bdjg-bcgh 3
1268
2
fca-bcgi 3
hce-bcgi 3
1269
3
beae-bcgj 2
bdbg-bcgj 3
bfci-bcgj 1
1270
1
deh-bcha 6
1271
2
bdfj-bchb 3
hhd-bchb 3
1272
2
cej-bchc 1
bdb-bchc 5
1273
2
bdaf-bchd 5
jbd-bchd 1
1274
1
becg-bche 6
1275
2
bfag-bchf 4
hdj-bchf 2
1276
4
bebi-bchg 3
idc-bchg 1
hga-bchg 1
hhj-bchg 1
1277
5
bbij-bchh 1
cjb-bchh 2
bcjj-bchh 1
bcjb-bchh 1
hhi-bchh 1
1278
2
ifh-bchi 4
bcdj-bchi 2
1279
1
jcd-bchj 6
1280
4
hid-bcia 3
ibc-bcia 1
bgec-bcia 1
hhg-bcia 1
1281
3
bfgd-bcib 4
dde-bcib 1
bje-bcib 1
1284
3
bebd-bcie 3
bbgh-bcie 2
eic-bcie 1
1285
2
jhh-bcif 4
bdjb-bcif 2
1286
1
fae-bcig 6
1287
1
cae-bcih 6
1288
3
jeh-bcii 2
cga-bcii 1
bafh-bcii 3
1289
1
ebd-bcij 6
1290
3
bbfi-bcja 3
ica-bcja 1
hhd-bcja 2
1291
2
bcaa-bcjb 2
dba-bcjb 4
1292
2
bbdg-bcjc 4
bbaf-bcjc 2
1293
1
hdf-bcjd 6
1294
1
bbfh-bcje 6
1295
3
bdjc-bcjf 3
bedc-bcjf 1
dde-bcjf 2
1296
2
jce-bcjg 3
eii-bcjg 3
1297
1
dch-bcjh 6
1298
1
ida-bcji 6
1299
2
fig-bcjj 4
bfgi-bcjj 2
1300
3
edh-bdaa 1
eba-bdaa 2
gcj-bdaa 3
1301
2
bdib-bdab 2
iji-bdab 4
1302
2
gba-bdac 3
cgb-bdac 3
1303
2
ch-bdad 5
dja-bdad 1
1304
2
bahi-bdae 3
bbif-bdae 3
1305
1
ga-bdaf 6
1307
1
ibd-bdah 6
1308
2
baij-bdai 5
bajh-bdai 1
1309
2
hed-bdaj 5
je-bdaj 1
1310
1
bbch-bdba 6
1311
1
jeh-bdbb 6
1312
1
bcgf-bdbc 6
1314
1
hh-bdbe 6
1316
3
ddc-bdbg 2
bfii-bdbg 2
hdj-bdbg 2
1317
1
jhg-bdbh 6
1318
2
bfbc-bdbi 5
dbc-bdbi 1
1319
4
bbci-bdbj 3
dhe-bdbj 1
gid-bdbj 1
jfa-bdbj 1
1320
1
fej-bdca 6
1321
2
ibj-bdcb 5
cii-bdcb 1
1322
2
iig-bdcc 4
bdhf-bdcc 2
1323
2
bdgd-bdcd 5
bbcb-bdcd 1
1324
1
jfc-bdce 6
1325
1
faa-bdcf 6
1326
1
bce-bdcg 6
1327
2
cac-bdch 4
hgc-bdch 2
1328
2
ci-bdci 1
efh-bdci 5
1329
2
feb-bdcj 1
jjc-bdcj 5
1330
2
bebj-bdda 1
efh-bdda 5
1333
2
bcbf-bddd 3
daa-bddd 3
1334
2
jif-bdde 2
bid-bdde 4
1335
1
bbbg-bddf 6
1336
1
badj-bddg 6
1337
1
bffa-bddh 6
1339
3
bbbe-bddj 2
bcaf-bddj 1
bj-bddj 3
1340
1
dc-bdea 6
1341
2
jaf-bdeb 4
bdif-bdeb 2
1342
4
bfaf-bdec 1
cca-bdec 1
bfeg-bdec 1
ida-bdec 3
1343
1
befd-bded 6
1344
3
gii-bdee 1
cgc-bdee 2
bcie-bdee 3
1345
2
hbe-bdef 1
bbeg-bdef 5
1346
2
bgfb-bdeg 3
iai-bdeg 3
1347
1
cfc-bdeh 6
1348
1
bccd-bdei 6
1349
2
jag-bdej 2
bfaa-bdej 4
1350
3
hdb-bdfa 2
jjf-bdfa 3
bje-bdfa 1
1351
2
ijg-bdfb 5
icf-bdfb 1
1353
2
efb-bdfd 1
bec-bdfd 5
1354
2
gdf-bdfe 1
bfeg-bdfe 5
1355
1
jga-bdff 6
1356
2
bib-bdfg 3
bdic-bdfg 3
1357
2
bacc-bdfh 5
bege-bdfh 1
1358
2
becc-bdfi 1
jcf-bdfi 5
1359
3
hae-bdfj 4
cdf-bdfj 1
bbjf-bdfj 1
1360
4
begc-bdga 1
bafa-bdga 3
ihf-bdga 1
ehh-bdga 1
1361
3
bead-bdgb 1
hig-bdgb 2
fca-bdgb 3
1362
2
bcbd-bdgc 3
eba-bdgc 3
1363
1
gbc-bdgd 6
1364
1
baej-bdge 6
1365
3
fcc-bdgf 2
bfbe-bdgf 1
gdb-bdgf 3
1366
1
fbh-bdgg 6
1367
2
eea-bdgh 4
ghj-bdgh 2
1368
2
bdjb-bdgi 4
bdj-bdgi 2
1369
1
bgdi-bdgj 6
1370
2
daj-bdha 3
behi-bdha 3
1371
2
hbh-bdhb 4
haf-bdhb 2
1372
2
jei-bdhc 2
bahg-bdhc 4
1373
2
bae-bdhd 1
bcbg-bdhd 5
1374
4
jjj-bdhe 2
ecc-bdhe 1
bagb-bdhe 2
baia-bdhe 1
1375
2
bcdh-bdhf 1
bfae-bdhf 5
1376
1
efd-bdhg 6
1377
1
bdfd-bdhh 6
1378
3
ihe-bdhi 1
hb-bdhi 1
ccf-bdhi 4
1379
1
iah-bdhj 6
1380
2
jgg-bdia 2
bgff-bdia 4
1381
1
bcfi-bdib 6
1382
1
hhg-bdic 6
1383
1
beh-bdid 6
1384
1
igc-bdie 6
1385
2
f-bdif 4
fgc-bdif 2
1386
2
bdge-bdig 2
bajc-bdig 4
1387
1
ijf-bdih 6
1388
2
cch-bdii 1
fbg-bdii 5
1389
1
fbg-bdij 6
1390
2
bbhb-bdja 5
bdeb-bdja 1
1391
1
bchd-bdjb 6
1392
2
ifh-bdjc 1
bfbb-bdjc 5
1393
1
eca-bdjd 6
1394
2
cge-bdje 4
bacj-bdje 2
1395
1
jig-bdjf 6
1396
1
bdef-bdjg 6
1397
2
baj-bdjh 5
bfdf-bdjh 1
1398
2
bej-bdji 4
egb-bdji 2
1399
1
bccf-bdjj 6
1400
2
eeb-beaa 5
bcfj-beaa 1
1401
2
bdde-beab 3
baai-beab 3
1403
2
bafg-bead 3
bib-bead 3
1404
1
bdch-beae 6
1405
1
geb-beaf 6
1406
1
cci-beag 6
1407
1
bgfc-beah 6
1408
1
ida-beai 6
1409
1
dea-beaj 6
1410
3
bbf-beba 2
bfg-beba 2
bbcb-beba 2
1411
1
bgf-bebb 6
1412
1
bbah-bebc 6
1413
2
babc-bebd 4
bejj-bebd 2
1414
1
bccd-bebe 6
1415
2
bbfj-bebf 4
ghb-bebf 2
1416
1
idj-bebg 6
1417
2
dag-bebh 4
bbgc-bebh 2
1418
1
fad-bebi 6
1419
1
bbec-bebj 6
1420
2
ddg-beca 5
jjf-beca 1
1421
2
bfbj-becb 4
bcg-becb 2
1422
2
haf-becc 4
bcc-becc 2
1423
2
bbii-becd 4
fba-becd 2
1424
1
fii-bece 6
1425
2
hce-becf 1
fed-becf 5
1426
1
bagi-becg 6
1427
1
dfj-bech 6
1428
1
bbgj-beci 6
1429
2
hec-becj 3
bdbi-becj 3
1430
3
bc-beda 4
bfhh-beda 1
cbd-beda 1
1431
1
bebd-bedb 6
1432
2
bfaj-bedc 5
baic-bedc 1
1433
1
ceg-bedd 6
1434
2
hf-bede 1
bbda-bede 5
1435
2
djf-bedf 3
ebh-bedf 3
1436
1
jbg-bedg 6
1437
2
baha-bedh 3
bgai-bedh 3
1438
1
iib-bedi 6
1439
1
igd-bedj 6
1441
2
hcf-beeb 4
bbee-beeb 2
1442
1
jba-beec 6
1443
3
bfih-beed 2
dgj-beed 1
becd-beed 3
1444
2
hhc-beee 5
eff-beee 1
1445
2
hhf-beef 3
icf-beef 3
1446
2
bdeb-beeg 5
he-beeg 1
1447
1
bdgc-beeh 6
1448
1
bdcg-beei 6
1450
2
ebe-befa 5
cbc-befa 1
1451
1
babd-befb 6
1452
1
bchf-befc 6
1453
2
dci-befd 1
iia-befd 5
1454
1
fif-befe 6
1455
2
fid-beff 3
hc-beff 3
1456
1
bah-befg 6
1459
1
bdgc-befj 6
1460
1
gca-bega 6
1462
1
bgad-begc 6
1463
1
bdgi-begd 6
1464
2
babb-bege 5
bdci-bege 1
1466
2
bfai-begg 2
ifb-begg 4
1467
1
eac-begh 6
1468
1
cff-begi 6
1469
2
bbfb-begj 4
eef-begj 2
1470
3
hcj-beha 1
cji-beha 1
bebd-beha 4
1471
1
bfdh-behb 6
1472
1
ifa-behc 6
1473
1
eda-behd 6
1474
3
bgaa-behe 3
ihd-behe 1
baja-behe 2
1475
1
hdf-behf 6
1476
1
iei-behg 6
1477
1
bcgg-behh 6
1478
2
bgde-behi 4
bjh-behi 2
1479
2
ihb-behj 2
dcd-behj 4
1480
1
ffd-beia 6
1481
1
bdaj-beib 6
1482
3
bbb-beic 1
dg-beic 1
ec-beic 4
1483
2
iai-beid 4
bdje-beid 2
1484
1
cgc-beie 6
1485
3
gab-beif 1
cii-beif 4
hfb-beif 1
1486
1
bedd-beig 6
1487
2
dcc-beih 3
ijd-beih 3
1488
1
cbe-beii 6
1489
2
bah-beij 1
che-beij 5
1490
1
cid-beja 6
1491
1
bace-bejb 6
1493
1
badc-bejd 6
1494
1
baag-beje 6
1495
1
jhi-bejf 6
1496
2
cha-bejg 5
bcag-bejg 1
1497
1
bdaa-bejh 6
1498
2
ifa-beji 4
dcf-beji 2
1499
1
cdg-bejj 6
1500
2
ccd-bfaa 3
bhf-bfaa 3
1501
1
fbi-bfab 6
1503
1
jhc-bfad 6
1504
3
bfah-bfae 3
ecc-bfae 2
bai-bfae 1
1505
1
bedh-bfaf 6
1506
2
bdad-bfag 5
jai-bfag 1
1507
1
jbf-bfah 6
1508
1
bcaj-bfai 6
1509
1
bcjd-bfaj 6
1510
1
bdgg-bfba 6
1511
1
hda-bfbb 6
1512
1
ijd-bfbc 6
1513
3
bbjd-bfbd 2
dcg-bfbd 1
fia-bfbd 3
1514
1
behh-bfbe 6
1515
2
efe-bfbf 1
bdga-bfbf 5
1516
1
hih-bfbg 6
1518
1
jjc-bfbi 6
1519
1
beif-bfbj 6
1520
1
ghc-bfca 6
1521
3
gaj-bfcb 2
gfa-bfcb 3
bbba-bfcb 1
1522
1
gga-bfcc 6
1523
3
ggc-bfcd 2
bdbj-bfcd 1
bcdc-bfcd 3
1524
1
jh-bfce 6
1525
1
bca-bfcf 6
1526
3
bgdj-bfcg 1
cjc-bfcg 2
bfgg-bfcg 3
1527
1
bafe-bfch 6
1528
1
fjb-bfci 6
1529
2
gh-bfcj 2
dif-bfcj 4
1530
1
baai-bfda 6
1531
1
iih-bfdb 6
1532
1
bfbc-bfdc 6
1533
1
bcgh-bfdd 6
1534
1
jgf-bfde 6
1535
1
ddf-bfdf 6
1536
1
bdfi-bfdg 6
1537
1
bdec-bfdh 6
1538
2
ihc-bfdi 3
fgc-bfdi 3
1539
2
bddd-bfdj 2
dgg-bfdj 4
1540
1
jdg-bfea 6
1541
1
ggf-bfeb 6
1542
2
edg-bfec 4
bdge-bfec 2
1543
2
iea-bfed 1
iia-bfed 5
1544
2
fhi-bfee 2
dae-bfee 4
1545
4
faa-bfef 2
bgda-bfef 1
ied-bfef 1
bgaf-bfef 2
1546
1
dfb-bfeg 6
1547
1
fdc-bfeh 6
1549
1
bdia-bfej 6
1550
1
iab-bffa 6
1551
1
bda-bffb 6
1552
1
iai-bffc 6
1553
1
egi-bffd 6
1555
1
becg-bfff 6
1556
1
gci-bffg 6
1557
1
ghi-bffh 6
1558
1
ed-bffi 6
1559
1
eda-bffj 6
1561
2
bcfj-bfgb 2
beif-bfgb 4
1562
1
bdac-bfgc 6
1563
1
ihj-bfgd 6
1564
1
chj-bfge 6
1565
1
bgga-bfgf 6
1566
1
ec-bfgg 6
1567
1
bbie-bfgh 6
1568
3
bgej-bfgi 4
bgee-bfgi 1
fea-bfgi 1
1570
1
cga-bfha 6
1571
1
bhg-bfhb 6
1572
1
dgd-bfhc 6
1573
1
bdgb-bfhd 6
1574
1
bfi-bfhe 6
1575
2
jjj-bfhf 5
ded-bfhf 1
1576
2
bfhi-bfhg 5
ibi-bfhg 1
1577
1
ibh-bfhh 6
1578
1
ice-bfhi 6
1579
2
gih-bfhj 5
bejj-bfhj 1
1580
1
df-bfia 6
1581
1
bdca-bfib 6
1582
2
igc-bfic 3
bgfg-bfic 3
1583
1
hfa-bfid 6
1584
1
ceh-bfie 6
1585
2
caa-bfif 1
dfi-bfif 5
1587
1
cif-bfih 6
1588
2
edc-bfii 3
hjg-bfii 3
1589
1
gih-bfij 6
1590
1
bie-bfja 6
1591
1
icj-bfjb 6
1592
1
bej-bfjc 6
1593
1
bajd-bfjd 6
1594
1
bfba-bfje 6
1595
1
cdg-bfjf 6
1596
1
bdej-bfjg 6
1598
1
bebd-bfji 6
1599
1
hhg-bfjj 6
1600
1
bcdd-bgaa 6
1601
1
fga-bgab 6
1602
1
babg-bgac 6
1603
1
bdba-bgad 6
1604
1
bajd-bgae 6
1605
1
beab-bgaf 6
1606
1
bed-bgag 6
1607
1
bdhi-bgah 6
1608
1
baji-bgai 6
1609
1
egb-bgaj 6
1610
1
ddd-bgba 6
1611
1
dib-bgbb 6
1612
1
bba-bgbc 6
1613
2
bfje-bgbd 2
bfb-bgbd 4
1614
1
bfhe-bgbe 6
1615
1
bbfa-bgbf 6
1616
1
dff-bgbg 6
1617
2
bgfh-bgbh 4
ece-bgbh 2
1618
1
bfjc-bgbi 6
1619
1
cbj-bgbj 6
1620
1
hjh-bgca 6
1621
1
icd-bgcb 6
1622
2
dga-bgcc 4
bdbe-bgcc 2
1625
1
cib-bgcf 6
1626
1
cba-bgcg 6
1627
1
cga-bgch 6
1628
2
hje-bgci 5
bda-bgci 1
1629
1
beeg-bgcj 6
1630
1
bcai-bgda 6
1631
1
jdd-bgdb 6
1632
1
gbb-bgdc 6
1633
2
ede-bgdd 1
bhf-bgdd 5
1634
1
beic-bgde 6
1635
1
bbia-bgdf 6
1636
1
baf-bgdg 6
1637
1
hhh-bgdh 6
1638
2
jdi-bgdi 1
bach-bgdi 5
1639
1
jdb-bgdj 6
1640
1
bcia-bgea 6
1641
1
ega-bgeb 6
1642
2
bacg-bgec 1
djd-bgec 5
1643
1
behi-bged 6
1644
1
hjf-bgee 6
1645
1
fed-bgef 6
1646
1
baca-bgeg 6
1647
1
bece-bgeh 6
1648
1
bgca-bgei 6
1649
1
jej-bgej 6
1650
1
bddj-bgfa 6
1651
1
bhh-bgfb 6
1652
1
bfjg-bgfc 6
1653
2
ddb-bgfd 3
gif-bgfd 3
1654
1
bfcf-bgfe 6
1655
1
bcgh-bgff 6
1656
1
bce-bgfg 6
1657
1
bgbi-bgfh 6
1658
1
bie-bgfi 6
1659
1
eef-bgfj 6
1660
1
bdhi-bgga 6
1661
1
bdhg-bggb 6
