1538
1
2
dab-b 3
ehb-b 1
2
4
di-c 1
bih-c 1
fcd-c 1
dgj-c 1
3
3
bcb-d 2
hcj-d 1
ii-d 1
4
2
cba-e 3
hic-e 1
5
4
bda-f 1
e-f 1
jcc-f 1
bdjf-f 1
6
3
bedj-g 1
iee-g 1
gic-g 2
8
2
gie-i 1
geg-i 3
9
2
bi-j 2
fbj-j 2
10
1
bdi-ba 4
11
4
bgf-bb 1
bee-bb 1
bcea-bb 1
bcef-bb 1
12
3
dgf-bc 1
hbf-bc 1
daa-bc 2
13
2
cjb-bd 3
cch-bd 1
14
2
beai-be 3
bbbj-be 1
15
1
dh-bf 4
16
2
fib-bg 1
bi-bg 3
17
1
ihi-bh 4
18
3
fic-bi 1
feh-bi 2
babg-bi 1
19
2
dhf-bj 1
bdbf-bj 3
20
1
gjh-ca 4
23
3
dbg-cd 2
ffb-cd 1
bhd-cd 1
24
2
jag-ce 3
bi-ce 1
25
2
eac-cf 3
def-cf 1
26
2
chb-cg 1
bd-cg 3
27
1
jgg-ch 4
28
4
befi-ci 1
gbg-ci 1
hfh-ci 1
bffg-ci 1
29
1
egd-cj 4
30
4
bcei-da 1
bhd-da 1
ea-da 1
beib-da 1
31
2
bbde-db 3
bgj-db 1
32
4
iej-dc 1
ifh-dc 1
bbgj-dc 1
ecg-dc 1
33
1
babg-dd 4
34
2
ghj-de 2
di-de 2
35
3
gc-df 1
igi-df 2
bfgb-df 1
36
4
hah-dg 1
bgfe-dg 1
bcii-dg 1
cee-dg 1
37
3
bagf-dh 1
hha-dh 1
dc-dh 2
38
1
haf-di 4
39
2
gdb-dj 2
ef-dj 2
40
3
cgg-ea 1
jff-ea 2
eee-ea 1
41
2
cdi-eb 1
bbfc-eb 3
42
2
cdc-ec 3
fi-ec 1
43
1
bfdc-ed 4
44
2
bacc-ee 2
ejg-ee 2
45
2
cih-ef 3
ige-ef 1
46
3
bdj-eg 2
ggg-eg 1
ffd-eg 1
47
3
bbei-eh 1
bbfg-eh 1
gdh-eh 2
48
2
jfj-ei 3
dff-ei 1
49
2
baig-ej 1
jia-ej 3
50
4
jji-fa 1
bhg-fa 1
dhe-fa 1
hg-fa 1
51
2
bdc-fb 3
dfa-fb 1
52
2
bfch-fc 3
fif-fc 1
53
4
dhe-fd 1
daf-fd 1
je-fd 1
dd-fd 1
55
3
bdcg-ff 1
bdf-ff 2
gb-ff 1
57
3
d-fh 2
jh-fh 1
bejb-fh 1
58
1
bfdg-fi 4
59
4
ifd-fj 1
hfh-fj 1
bea-fj 1
dbg-fj 1
60
3
dac-ga 1
bi-ga 2
fga-ga 1
61
2
bbeb-gb 3
bbjc-gb 1
62
3
bdfa-gc 1
eie-gc 2
gge-gc 1
63
4
daj-gd 1
bfgc-gd 1
cfj-gd 1
dai-gd 1
64
2
g-ge 2
dfi-ge 2
66
4
jhg-gg 1
cdh-gg 1
bfjf-gg 1
idf-gg 1
67
2
bddh-gh 3
bh-gh 1
68
2
bcff-gi 1
ch-gi 3
69
1
baad-gj 4
70
1
db-ha 4
71
2
efh-hb 1
iaa-hb 3
72
4
dbf-hc 1
ejc-hc 1
gg-hc 1
cif-hc 1
74
4
bebb-he 1
bcjc-he 1
hc-he 1
bgi-he 1
75
1
hie-hf 4
76
3
gbd-hg 1
cgj-hg 1
bja-hg 2
77
3
bjb-hh 2
caa-hh 1
jae-hh 1
78
3
baec-hi 1
iba-hi 1
bac-hi 2
79
3
jfc-hj 1
gfg-hj 1
di-hj 2
80
3
di-ia 2
ccc-ia 1
bfeh-ia 1
81
1
gia-ib 4
82
2
cgi-ic 3
bedh-ic 1
83
2
eab-id 3
ej-id 1
84
2
bjd-ie 3
dej-ie 1
85
3
bcge-if 1
di-if 1
bfce-if 2
87
1
bba-ih 4
88
4
dgc-ii 1
bacj-ii 1
chf-ii 1
bgfi-ii 1
89
1
fbc-ij 4
90
1
hij-ja 4
91
2
jc-jb 3
ehi-jb 1
92
4
gbe-jc 1
gii-jc 1
bbjg-jc 1
babi-jc 1
94
3
bfc-je 2
bi-je 1
gdf-je 1
95
1
gbd-jf 4
96
2
daf-jg 2
ec-jg 2
97
4
bbfg-jh 1
dai-jh 1
hib-jh 1
bcbf-jh 1
98
4
bccj-ji 1
idd-ji 1
bdjh-ji 1
gbe-ji 1
99
1
fgf-jj 4
100
4
efg-baa 1
dig-baa 1
bfg-baa 1
fhg-baa 1
101
2
chf-bab 3
eic-bab 1
102
3
gja-bac 1
hfi-bac 1
bfe-bac 2
103
1
jid-bad 4
104
2
bdga-bae 3
dgj-bae 1
105
2
bdbh-baf 2
cbg-baf 2
106
3
bfce-bag 2
bcc-bag 1
baab-bag 1
107
4
hbf-bah 1
gjh-bah 1
deg-bah 1
ifd-bah 1
108
2
cfj-bai 3
bda-bai 1
109
2
cjg-baj 2
eg-baj 2
110
1
fbe-bba 4
111
2
fdh-bbb 3
bdh-bbb 1
112
3
jje-bbc 2
chf-bbc 1
dgb-bbc 1
113
2
bja-bbd 2
gca-bbd 2
114
1
cie-bbe 4
115
3
bage-bbf 1
dfc-bbf 2
bei-bbf 1
116
3
iff-bbg 1
eg-bbg 1
gdc-bbg 2
117
2
bacc-bbh 2
gjh-bbh 2
118
3
bca-bbi 2
beeh-bbi 1
gfd-bbi 1
119
2
fag-bbj 2
bbag-bbj 2
120
4
gaf-bca 1
gae-bca 1
eae-bca 1
bae-bca 1
121
3
bbgc-bcb 1
fba-bcb 2
bbdg-bcb 1
122
4
bbff-bcc 1
jg-bcc 1
bebg-bcc 1
bbab-bcc 1
123
2
iie-bcd 3
gc-bcd 1
124
4
edi-bce 1
bagd-bce 1
bi-bce 1
gc-bce 1
125
2
deg-bcf 3
gih-bcf 1
126
3
dbg-bcg 2
di-bcg 1
g-bcg 1
127
2
fbh-bch 1
gad-bch 3
128
4
bcbc-bci 1
bagb-bci 1
bbhe-bci 1
fag-bci 1
129
3
cjg-bcj 1
bah-bcj 1
iff-bcj 2
130
4
dhg-bda 1
dfj-bda 1
ffa-bda 1
fbe-bda 1
131
3
deh-bdb 2
bhb-bdb 1
efd-bdb 1
132
3
fdc-bdc 1
fee-bdc 2
bfea-bdc 1
133
2
bcgc-bdd 2
bece-bdd 2
134
1
hhi-bde 4
135
4
gbf-bdf 1
gea-bdf 1
hcg-bdf 1
bbab-bdf 1
136
4
bahh-bdg 1
jdg-bdg 1
djj-bdg 1
bbij-bdg 1
137
2
jjg-bdh 1
feh-bdh 3
138
2
iic-bdi 1
gci-bdi 3
139
4
jfe-bdj 1
geh-bdj 1
igg-bdj 1
ffb-bdj 1
140
4
fif-bea 1
cdh-bea 1
dgc-bea 1
dgb-bea 1
141
3
hia-beb 2
cbe-beb 1
cbg-beb 1
142
4
eei-bec 1
hj-bec 1
ii-bec 1
bdei-bec 1
143
4
cd-bed 1
feh-bed 1
bhc-bed 1
cfa-bed 1
144
3
gjd-bee 1
cfa-bee 2
bgbe-bee 1
145
3
dai-bef 2
fgj-bef 1
bjd-bef 1
146
1
fei-beg 4
147
4
bab-beh 1
ieh-beh 1
ih-beh 1
cia-beh 1
148
4
fge-bei 1
jbi-bei 1
jca-bei 1
bcgi-bei 1
149
3
bdb-bej 1
dbi-bej 2
fif-bej 1
150
2
cjd-bfa 3
cdf-bfa 1
151
2
fda-bfb 2
bdji-bfb 2
152
4
fcb-bfc 1
gbi-bfc 1
dcb-bfc 1
bafi-bfc 1
153
2
cie-bfd 1
bif-bfd 3
154
2
cgh-bfe 2
dch-bfe 2
155
1
eec-bff 4
156
2
bgac-bfg 2
efi-bfg 2
157
3
baf-bfh 2
bae-bfh 1
gcj-bfh 1
158
3
gaa-bfi 1
ich-bfi 1
bgci-bfi 2
159
3
bii-bfj 2
gce-bfj 1
gif-bfj 1
160
2
dij-bga 3
hbd-bga 1
161
2
hea-bgb 1
cgc-bgb 3
162
4
bdeh-bgc 1
cgd-bgc 1
fd-bgc 1
cdb-bgc 1
163
2
bgdh-bgd 1
edg-bgd 3
164
2
jif-bge 3
hci-bge 1
165
2
iaa-bgf 2
bie-bgf 2
166
4
id-bgg 1
heh-bgg 1
bcaa-bgg 1
ehg-bgg 1
167
1
bfgh-bgh 4
168
4
bc-bgi 1
cbi-bgi 1
baa-bgi 1
eij-bgi 1
169
3
bffe-bgj 1
djh-bgj 2
hch-bgj 1
170
4
gi-bha 1
bi-bha 1
bde-bha 1
fh-bha 1
171
2
jh-bhb 3
hhd-bhb 1
172
3
edf-bhc 1
bagf-bhc 2
bbfd-bhc 1
173
3
gii-bhd 2
hj-bhd 1
eed-bhd 1
174
2
daa-bhe 3
cfe-bhe 1
175
3
ech-bhf 1
cgi-bhf 1
bci-bhf 2
176
4
cdi-bhg 1
iga-bhg 1
cbg-bhg 1
cfi-bhg 1
177
2
cbc-bhh 1
efe-bhh 3
178
2
eaj-bhi 3
ibh-bhi 1
179
1
bafb-bhj 4
181
2
eae-bib 2
fhc-bib 2
182
3
eee-bic 1
dc-bic 2
baa-bic 1
184
4
bae-bie 1
bbc-bie 1
eig-bie 1
hdd-bie 1
185
3
bahf-bif 2
bgcg-bif 1
babf-bif 1
186
2
deg-big 3
bdde-big 1
187
2
hef-bih 3
bcff-bih 1
188
2
bcej-bii 1
bga-bii 3
189
2
cha-bij 1
ba-bij 3
190
2
dca-bja 2
ded-bja 2
191
2
bcdb-bjb 2
bbee-bjb 2
192
2
baad-bjc 3
ibe-bjc 1
193
4
gd-bjd 1
ghb-bjd 1
di-bjd 1
hdg-bjd 1
194
3
ecd-bje 1
eja-bje 2
cga-bje 1
195
4
baff-bjf 1
ecg-bjf 1
hic-bjf 1
bccc-bjf 1
197
4
cd-bjh 1
bcb-bjh 1
eah-bjh 1
gfd-bjh 1
198
4
dbg-bji 1
fdj-bji 1
cgh-bji 1
beeb-bji 1
199
4
edg-bjj 1
baad-bjj 1
jhe-bjj 1
gci-bjj 1
200
3
jgd-caa 2
dhc-caa 1
djj-caa 1
201
2
bdg-cab 1
daf-cab 3
202
3
fid-cac 2
dbf-cac 1
bbdh-cac 1
203
1
ege-cad 4
204
3
bcb-cae 1
bccg-cae 2
gdi-cae 1
205
3
bafb-caf 1
ghc-caf 2
gag-caf 1
206
2
cie-cag 1
bbg-cag 3
207
1
bebe-cah 4
209
1
eji-caj 4
210
4
bgdd-cba 1
bccb-cba 1
bbjf-cba 1
bfi-cba 1
211
1
ihc-cbb 4
212
2
bcdg-cbc 3
efg-cbc 1
213
4
bcdc-cbd 1
ehe-cbd 1
jfc-cbd 1
eag-cbd 1
214
1
bbcc-cbe 4
215
2
cdj-cbf 2
ceb-cbf 2
216
3
hjj-cbg 2
bbfi-cbg 1
becj-cbg 1
217
2
bhi-cbh 3
jhi-cbh 1
218
2
ede-cbi 3
bdi-cbi 1
219
3
dcf-cbj 2
hi-cbj 1
gjj-cbj 1
220
3
eea-cca 2
bbi-cca 1
bbdb-cca 1
221
2
bjj-ccb 1
ejj-ccb 3
222
3
bcda-ccc 1
jfh-ccc 1
eag-ccc 2
223
1
bajb-ccd 4
224
1
bceh-cce 4
225
3
dca-ccf 1
ga-ccf 1
ihi-ccf 2
226
2
ijd-ccg 3
hjh-ccg 1
227
3
bhe-cch 2
egd-cch 1
baaf-cch 1
228
4
bgbg-cci 1
ceb-cci 1
haf-cci 1
bbfd-cci 1
229
3
eeb-ccj 1
gdf-ccj 2
hji-ccj 1
231
1
ejg-cdb 4
232
2
gac-cdc 2
fad-cdc 2
233
1
bebi-cdd 4
234
2
hhb-cde 2
gge-cde 2
235
4
iee-cdf 1
fjc-cdf 1
bhj-cdf 1
dfa-cdf 1
236
3
dff-cdg 2
bdf-cdg 1
bfjd-cdg 1
237
2
bbja-cdh 2
gfd-cdh 2
238
3
beha-cdi 2
jbc-cdi 1
j-cdi 1
239
2
ega-cdj 3
chh-cdj 1
240
2
jaj-cea 1
che-cea 3
241
2
bdea-ceb 3
bfj-ceb 1
242
3
bajb-cec 1
bbc-cec 1
bad-cec 2
243
1
bbgc-ced 4
244
2
ic-cee 3
eej-cee 1
245
3
dab-cef 2
bha-cef 1
bfi-cef 1
246
2
cah-ceg 3
iag-ceg 1
247
1
cic-ceh 4
248
1
bfb-cei 4
249
4
bda-cej 1
bbeg-cej 1
dif-cej 1
bbee-cej 1
250
4
bdhb-cfa 1
ice-cfa 1
hdi-cfa 1
gei-cfa 1
252
1
gef-cfc 4
253
2
cje-cfd 2
bchd-cfd 2
254
2
ijc-cfe 2
jf-cfe 2
255
4
hjf-cff 1
hda-cff 1
bafc-cff 1
ejg-cff 1
256
4
bfdb-cfg 1
ej-cfg 1
gic-cfg 1
bbdg-cfg 1
257
1
cie-cfh 4
258
2
dhi-cfi 2
badf-cfi 2
259
3
beb-cfj 2
efb-cfj 1
cfi-cfj 1
260
3
dh-cga 2
bcjf-cga 1
bhb-cga 1
261
4
gdf-cgb 1
dch-cgb 1
da-cgb 1
deb-cgb 1
262
3
cdb-cgc 2
hdb-cgc 1
hfc-cgc 1
263
3
bafi-cgd 1
bafd-cgd 1
dcf-cgd 2
264
1
bfc-cge 4
265
3
fcc-cgf 1
dej-cgf 2
bgbh-cgf 1
266
1
fhc-cgg 4
267
3
cag-cgh 2
bdhc-cgh 1
hc-cgh 1
268
4
fdh-cgi 1
daf-cgi 1
ia-cgi 1
baaa-cgi 1
269
3
dgg-cgj 2
ifi-cgj 1
eag-cgj 1
270
4
dcb-cha 1
egj-cha 1
dhj-cha 1
ged-cha 1
271
1
bcbi-chb 4
272
4
jhd-chc 1
jfb-chc 1
hba-chc 1
fjc-chc 1
273
1
bfbg-chd 4
274
4
dej-che 1
eah-che 1
dbj-che 1
befj-che 1
275
3
fch-chf 1
eca-chf 2
ehb-chf 1
276
1
fc-chg 4
277
1
ca-chh 4
278
3
ibj-chi 1
cee-chi 1
bbc-chi 2
280
1
eie-cia 4
281
4
bdhb-cib 1
eha-cib 1
bcce-cib 1
bdhh-cib 1
282
3
igc-cic 2
dhi-cic 1
ifd-cic 1
283
4
ebi-cid 1
ehb-cid 1
dfd-cid 1
cjb-cid 1
284
3
gg-cie 2
jfi-cie 1
bih-cie 1
285
2
dae-cif 3
bcja-cif 1
286
1
eef-cig 4
287
1
icg-cih 4
288
3
gbi-cii 2
baha-cii 1
ggd-cii 1
289
2
dgf-cij 2
cch-cij 2
290
4
hcj-cja 1
ehg-cja 1
bcaa-cja 1
dge-cja 1
291
4
eei-cjb 1
bagh-cjb 1
jbi-cjb 1
beba-cjb 1
292
4
db-cjc 1
bcih-cjc 1
bfgi-cjc 1
bada-cjc 1
293
1
bdaa-cjd 4
294
1
cea-cje 4
295
2
egf-cjf 2
cgb-cjf 2
296
1
cgb-cjg 4
297
3
hhf-cjh 1
da-cjh 1
dci-cjh 2
298
1
bdce-cji 4
299
2
jah-cjj 3
bfeb-cjj 1
300
4
fh-daa 1
jjb-daa 1
bfde-daa 1
bbhc-daa 1
301
2
bef-dab 3
hi-dab 1
302
2
iid-dac 2
fgc-dac 2
303
3
gfe-dad 1
gfd-dad 1
gcb-dad 2
304
2
fce-dae 2
bcib-dae 2
305
4
bdcb-daf 1
bddb-daf 1
fbb-daf 1
badi-daf 1
306
1
hcd-dag 4
307
3
ihj-dah 1
ehc-dah 2
cgi-dah 1
308
3
bchi-dai 2
bafa-dai 1
dhc-dai 1
309
3
dce-daj 2
geh-daj 1
fae-daj 1
310
1
hhj-dba 4
311
2
eaa-dbb 1
cjb-dbb 3
312
2
dah-dbc 3
hca-dbc 1
313
3
gcb-dbd 1
bfg-dbd 2
bdjf-dbd 1
314
2
dfh-dbe 3
bcaf-dbe 1
315
3
bbcb-dbf 1
baad-dbf 2
gib-dbf 1
316
3
ffg-dbg 2
iag-dbg 1
dab-dbg 1
317
1
fha-dbh 4
318
2
edd-dbi 2
bcaa-dbi 2
319
2
cgb-dbj 1
dhd-dbj 3
320
4
jbi-dca 1
bda-dca 1
bdii-dca 1
a-dca 1
321
4
gad-dcb 1
gbj-dcb 1
efg-dcb 1
eda-dcb 1
322
4
jah-dcc 1
di-dcc 1
chf-dcc 1
heg-dcc 1
323
3
cg-dcd 1
gda-dcd 1
gjc-dcd 2
324
2
jef-dce 1
ebg-dce 3
325
4
fce-dcf 1
fea-dcf 1
bbja-dcf 1
bhe-dcf 1
326
2
jjj-dcg 3
dca-dcg 1
327
4
bdgc-dch 1
eca-dch 1
jai-dch 1
dh-dch 1
328
4
ddg-dci 1
ehi-dci 1
bcef-dci 1
dae-dci 1
329
2
jcg-dcj 3
begb-dcj 1
330
1
bjj-dda 4
331
1
bdge-ddb 4
332
4
bja-ddc 1
bfjb-ddc 1
beg-ddc 1
dac-ddc 1
333
3
bci-ddd 2
gfa-ddd 1
beef-ddd 1
334
4
fbe-dde 1
d-dde 1
ejf-dde 1
ghh-dde 1
335
4
eb-ddf 1
eij-ddf 1
fcf-ddf 1
id-ddf 1
336
1
eid-ddg 4
337
4
ech-ddh 1
edi-ddh 1
ef-ddh 1
baa-ddh 1
338
2
cfa-ddi 3
ef-ddi 1
339
3
haa-ddj 1
ecg-ddj 1
dia-ddj 2
340
2
ief-dea 3
ejd-dea 1
341
4
hfg-deb 1
cbi-deb 1
hjc-deb 1
fei-deb 1
342
3
bfg-dec 2
bcgh-dec 1
fdc-dec 1
343
4
ddc-ded 1
bdbb-ded 1
gij-ded 1
ihf-ded 1
344
3
fhb-dee 1
cia-dee 2
dhc-dee 1
345
2
bajh-def 1
jfi-def 3
346
4
eec-deg 1
bceg-deg 1
hia-deg 1
fhd-deg 1
347
2
dj-deh 2
ifa-deh 2
348
1
gjc-dei 4
349
2
bcah-dej 1
fda-dej 3
350
4
ege-dfa 1
eai-dfa 1
hab-dfa 1
fie-dfa 1
351
2
e-dfb 1
ehb-dfb 3
352
4
ca-dfc 1
eb-dfc 1
ghb-dfc 1
ddc-dfc 1
353
4
bbae-dfd 1
gcb-dfd 1
idj-dfd 1
bfcc-dfd 1
354
2
baac-dfe 3
ii-dfe 1
355
4
ife-dff 1
hii-dff 1
gie-dff 1
heg-dff 1
356
2
dhf-dfg 3
eib-dfg 1
357
4
fee-dfh 1
fhb-dfh 1
beci-dfh 1
bbcb-dfh 1
358
2
hgh-dfi 1
egd-dfi 3
359
1
bbah-dfj 4
360
3
fff-dga 1
bcdg-dga 1
dgi-dga 2
361
1
bcae-dgb 4
362
4
bdbb-dgc 1
fib-dgc 1
jic-dgc 1
jja-dgc 1
363
4
ifb-dgd 1
bfa-dgd 1
badi-dgd 1
bbjf-dgd 1
364
4
bccf-dge 1
beaa-dge 1
ef-dge 1
ifc-dge 1
365
3
jfj-dgf 1
bffd-dgf 1
bbba-dgf 2
366
1
bced-dgg 4
367
1
dff-dgh 4
368
3
ibf-dgi 2
deb-dgi 1
cgg-dgi 1
369
4
bea-dgj 1
bcab-dgj 1
gg-dgj 1
ghb-dgj 1
370
2
dji-dha 1
dij-dha 3
371
3
ebh-dhb 2
bajb-dhb 1
d-dhb 1
372
4
bdab-dhc 1
bbce-dhc 1
dbg-dhc 1
jii-dhc 1
373
4
ije-dhd 1
hfh-dhd 1
cdi-dhd 1
baeg-dhd 1
374
4
ehb-dhe 1
ieg-dhe 1
bbii-dhe 1
dca-dhe 1
375
4
baga-dhf 1
bcf-dhf 1
cjd-dhf 1
ebj-dhf 1
376
2
bfe-dhg 3
ida-dhg 1
377
4
bbh-dhh 1
bdac-dhh 1
bbb-dhh 1
dgf-dhh 1
378
4
ebh-dhi 1
ihg-dhi 1
fjf-dhi 1
fhf-dhi 1
379
4
fce-dhj 1
idc-dhj 1
ddj-dhj 1
idf-dhj 1
380
2
ecg-dia 3
jcc-dia 1
381
1
cfd-dib 4
382
4
hhd-dic 1
jff-dic 1
ebi-dic 1
edj-dic 1
383
1
ccj-did 4
384
4
dci-die 1
fac-die 1
baag-die 1
jeb-die 1
385
1
bbdh-dif 4
386
3
edj-dig 2
fcd-dig 1
hih-dig 1
387
2
fdg-dih 3
bbjg-dih 1
388
2
bage-dii 3
bdeg-dii 1
389
4
bacf-dij 1
hhe-dij 1
ici-dij 1
cga-dij 1
391
1
jjj-djb 4
392
3
ddi-djc 2
dba-djc 1
jaj-djc 1
393
3
bejh-djd 1
cie-djd 1
ceb-djd 2
394
3
beaj-dje 2
ddc-dje 1
bbj-dje 1
395
1
eha-djf 4
396
4
jbc-djg 1
bceg-djg 1
hca-djg 1
baa-djg 1
397
4
bdef-djh 1
gdg-djh 1
cjc-djh 1
beca-djh 1
399
4
caj-djj 1
dec-djj 1
jib-djj 1
bbc-djj 1
400
2
bee-eaa 3
hjj-eaa 1
401
2
bdha-eab 3
bbga-eab 1
402
2
bagg-eac 2
cej-eac 2
403
1
caf-ead 4
404
4
icb-eae 1
fhi-eae 1
bic-eae 1
fed-eae 1
405
3
jc-eaf 2
fgj-eaf 1
ghj-eaf 1
406
2
hgb-eag 3
gff-eag 1
407
4
eca-eah 1
bbcf-eah 1
gdj-eah 1
bcaj-eah 1
408
2
bbec-eai 3
efh-eai 1
409
2
eae-eaj 1
beec-eaj 3
410
4
bjj-eba 1
bebc-eba 1
bif-eba 1
gih-eba 1
411
4
ebg-ebb 1
fff-ebb 1
ffd-ebb 1
beb-ebb 1
413
4
ejb-ebd 1
badb-ebd 1
bdae-ebd 1
dgi-ebd 1
414
4
df-ebe 1
hfg-ebe 1
bfhc-ebe 1
ebb-ebe 1
416
2
fga-ebg 1
dcf-ebg 3
417
2
daf-ebh 3
icg-ebh 1
418
2
ebd-ebi 2
hfe-ebi 2
419
4
igf-ebj 1
djj-ebj 1
ehi-ebj 1
jgc-ebj 1
420
4
eh-eca 1
dbf-eca 1
jff-eca 1
jga-eca 1
421
1
bchc-ecb 4
422
4
bdch-ecc 1
babd-ecc 1
edi-ecc 1
cd-ecc 1
423
3
jfj-ecd 2
fba-ecd 1
dha-ecd 1
424
2
eeh-ece 3
eaa-ece 1
425
4
dc-ecf 1
eed-ecf 1
beh-ecf 1
cib-ecf 1
426
3
fbc-ecg 2
bcca-ecg 1
dfa-ecg 1
427
3
jjc-ech 2
dbh-ech 1
hcd-ech 1
428
4
dh-eci 1
cei-eci 1
hcg-eci 1
jac-eci 1
429
2
fbc-ecj 3
ihi-ecj 1
430
3
bdcg-eda 1
dhf-eda 2
bbdb-eda 1
431
4
fb-edb 1
ff-edb 1
jj-edb 1
gec-edb 1
432
2
baa-edc 3
dci-edc 1
433
2
bdh-edd 3
cbe-edd 1
434
2
jh-ede 3
ffi-ede 1
435
4
hba-edf 1
ci-edf 1
bdfe-edf 1
bdag-edf 1
436
2
cde-edg 3
jgh-edg 1
437
4
hcd-edh 1
cfj-edh 1
bbgb-edh 1
dah-edh 1
438
3
gie-edi 1
eja-edi 1
ccg-edi 2
439
2
egj-edj 3
egf-edj 1
440
1
bgj-eea 4
441
1
hgh-eeb 4
442
3
cbe-eec 2
hci-eec 1
dge-eec 1
443
4
fcg-eed 1
gcd-eed 1
iaa-eed 1
jhc-eed 1
444
2
fgi-eee 3
idg-eee 1
445
2
bdg-eef 3
dej-eef 1
446
1
bfc-eeg 4
447
2
fbd-eeh 1
gbb-eeh 3
448
3
fii-eei 1
haj-eei 2
beed-eei 1
449
4
chc-eej 1
bbif-eej 1
bcih-eej 1
bcag-eej 1
450
3
jia-efa 1
hch-efa 1
bccg-efa 2
451
3
bbgj-efb 1
eib-efb 2
ehc-efb 1
452
3
hd-efc 1
ehd-efc 1
fdg-efc 2
453
2
bbc-efd 3
fei-efd 1
454
2
bcdb-efe 3
ija-efe 1
455
4
bjf-eff 1
jge-eff 1
hgf-eff 1
fff-eff 1
456
4
daf-efg 1
bcad-efg 1
iib-efg 1
fii-efg 1
457
4
fde-efh 1
igc-efh 1
ded-efh 1
dci-efh 1
458
2
icc-efi 3
eec-efi 1
459
4
fhc-efj 1
bbca-efj 1
gde-efj 1
bbfa-efj 1
460
4
jca-ega 1
bac-ega 1
feh-ega 1
bja-ega 1
461
4
bcdf-egb 1
cdg-egb 1
jg-egb 1
hic-egb 1
463
2
cfa-egd 3
ebd-egd 1
464
2
bg-ege 1
ifi-ege 3
465
3
fge-egf 1
eae-egf 2
ifd-egf 1
466
4
jia-egg 1
die-egg 1
eaj-egg 1
idd-egg 1
467
1
iid-egh 4
468
2
hef-egi 3
ghc-egi 1
469
4
jdg-egj 1
ij-egj 1
baih-egj 1
dbi-egj 1
470
2
eid-eha 1
cgh-eha 3
471
2
bfc-ehb 2
hib-ehb 2
472
2
iad-ehc 2
cdh-ehc 2
473
4
dfd-ehd 1
hjj-ehd 1
hcb-ehd 1
bffb-ehd 1
474
4
ibh-ehe 1
di-ehe 1
bebj-ehe 1
hje-ehe 1
475
1
hgh-ehf 4
476
3
hda-ehg 1
bdgh-ehg 2
edf-ehg 1
477
1
ecf-ehh 4
478
2
bbeg-ehi 2
jfd-ehi 2
479
2
bcgj-ehj 3
eci-ehj 1
481
3
dg-eib 2
iih-eib 1
bbbe-eib 1
482
2
bdfb-eic 2
bfef-eic 2
483
4
hc-eid 1
bfhj-eid 1
bdg-eid 1
bddi-eid 1
484
3
bbaf-eie 1
gbb-eie 1
ffj-eie 2
485
1
daa-eif 4
486
1
bfeh-eig 4
487
3
jc-eih 1
cag-eih 2
daa-eih 1
488
2
bfdi-eii 3
cfd-eii 1
489
3
jae-eij 2
dfg-eij 1
dcc-eij 1
490
3
iaj-eja 2
babi-eja 1
hej-eja 1
491
1
ibd-ejb 4
492
4
gji-ejc 1
hgb-ejc 1
bcbe-ejc 1
ggd-ejc 1
493
1
ige-ejd 4
494
4
ebj-eje 1
bfj-eje 1
iei-eje 1
gic-eje 1
495
1
bfja-ejf 4
496
4
feg-ejg 1
chd-ejg 1
ghb-ejg 1
eb-ejg 1
497
1
egb-ejh 4
498
4
dih-eji 1
hfb-eji 1
cgh-eji 1
cdd-eji 1
499
2
chf-ejj 3
hif-ejj 1
500
3
bbba-faa 2
ice-faa 1
dfb-faa 1
502
3
bbii-fac 2
hdh-fac 1
hbc-fac 1
503
4
baei-fad 1
fgd-fad 1
bdjg-fad 1
iej-fad 1
504
2
bdia-fae 3
baba-fae 1
505
3
hid-faf 2
bcja-faf 1
ice-faf 1
506
3
dbf-fag 1
hcd-fag 1
bahb-fag 2
507
1
bjf-fah 4
508
1
fdh-fai 4
509
4
ggb-faj 1
fgi-faj 1
iii-faj 1
bhe-faj 1
510
3
dii-fba 1
cdi-fba 2
bbdb-fba 1
511
3
jih-fbb 2
geh-fbb 1
jgi-fbb 1
512
4
baag-fbc 1
eeg-fbc 1
ejh-fbc 1
fej-fbc 1
513
4
ejj-fbd 1
bih-fbd 1
hej-fbd 1
jhc-fbd 1
514
3
bajc-fbe 2
bceh-fbe 1
fgi-fbe 1
515
1
jbh-fbf 4
516
2
edb-fbg 3
dff-fbg 1
517
4
fgb-fbh 1
bcjg-fbh 1
fdh-fbh 1
bc-fbh 1
518
3
ebf-fbi 1
bjb-fbi 2
eah-fbi 1
519
4
hdc-fbj 1
fdc-fbj 1
beig-fbj 1
fch-fbj 1
520
3
gaj-fca 2
bccg-fca 1
dce-fca 1
521
3
bcdf-fcb 1
hbb-fcb 1
fij-fcb 2
522
3
gbd-fcc 2
bfca-fcc 1
fjh-fcc 1
523
2
ghf-fcd 3
cba-fcd 1
524
2
gia-fce 3
baec-fce 1
525
3
ehe-fcf 1
baib-fcf 2
cce-fcf 1
526
1
gcc-fcg 4
527
4
bcee-fch 1
eae-fch 1
fcf-fch 1
ecb-fch 1
528
3
bjf-fci 2
dfh-fci 1
iba-fci 1
529
4
hge-fcj 1
heb-fcj 1
ffb-fcj 1
ghc-fcj 1
530
4
bbbd-fda 1
edf-fda 1
cfd-fda 1
bhi-fda 1
531
2
eha-fdb 3
def-fdb 1
532
3
dad-fdc 2
dhh-fdc 1
bahi-fdc 1
533
4
bei-fdd 1
edd-fdd 1
baei-fdd 1
eaf-fdd 1
534
1
egb-fde 4
535
4
gdc-fdf 1
fdg-fdf 1
fbj-fdf 1
ibe-fdf 1
536
4
bdhg-fdg 1
gje-fdg 1
bach-fdg 1
gbh-fdg 1
537
4
bcjh-fdh 1
cjd-fdh 1
deb-fdh 1
hjd-fdh 1
538
1
jii-fdi 4
539
2
hbh-fdj 3
bdfh-fdj 1
540
4
bdcd-fea 1
ee-fea 1
bbia-fea 1
bceb-fea 1
541
3
dfh-feb 2
ieb-feb 1
ibd-feb 1
542
2
bfcg-fec 2
bfij-fec 2
543
3
bbhb-fed 1
fdh-fed 1
hdi-fed 2
544
4
fff-fee 1
ihf-fee 1
ecb-fee 1
bbaa-fee 1
545
3
bfdg-fef 1
je-fef 1
dfe-fef 2
546
2
hgh-feg 1
ijc-feg 3
547
1
djg-feh 4
548
4
bcgi-fei 1
begd-fei 1
ffc-fei 1
eeg-fei 1
549
2
hhe-fej 1
eji-fej 3
550
3
gch-ffa 1
idb-ffa 2
bfef-ffa 1
551
2
ica-ffb 1
dab-ffb 3
552
2
hbb-ffc 3
bgc-ffc 1
553
2
jaf-ffd 3
dij-ffd 1
554
1
hdc-ffe 4
555
4
fgj-fff 1
baj-fff 1
baae-fff 1
hfd-fff 1
556
1
ffi-ffg 4
558
3
bcdd-ffi 2
cdj-ffi 1
cif-ffi 1
559
3
gfi-ffj 1
dfd-ffj 1
gih-ffj 2
560
4
gei-fga 1
eae-fga 1
cie-fga 1
bhe-fga 1
561
2
dba-fgb 3
gff-fgb 1
562
2
dbd-fgc 3
bagf-fgc 1
563
4
bie-fgd 1
bfff-fgd 1
bfic-fgd 1
dij-fgd 1
564
2
gjf-fge 2
ibf-fge 2
565
1
ha-fgf 4
567
3
jcf-fgh 1
jjf-fgh 2
dbh-fgh 1
568
3
bcbi-fgi 2
dfg-fgi 1
eeh-fgi 1
569
2
ghj-fgj 1
bdc-fgj 3
570
2
bfig-fha 2
fhc-fha 2
571
4
hfe-fhb 1
bfcb-fhb 1
beeb-fhb 1
feb-fhb 1
572
4
bbi-fhc 1
ijj-fhc 1
bfed-fhc 1
bgea-fhc 1
573
2
dgi-fhd 3
cih-fhd 1
574
3
ebh-fhe 1
dic-fhe 2
hci-fhe 1
575
2
gad-fhf 3
ffb-fhf 1
576
3
jbb-fhg 1
fjc-fhg 2
bbfh-fhg 1
577
1
cba-fhh 4
578
4
idd-fhi 1
jcb-fhi 1
bja-fhi 1
bcgj-fhi 1
579
1
bgde-fhj 4
580
3
gcc-fia 2
hga-fia 1
bb-fia 1
581
3
gjb-fib 2
fgb-fib 1
bag-fib 1
582
4
ijd-fic 1
cea-fic 1
bgaj-fic 1
hgg-fic 1
583
3
cih-fid 1
bbaa-fid 1
hh-fid 2
584
2
efe-fie 2
bccf-fie 2
585
4
bbc-fif 1
ibj-fif 1
gge-fif 1
bfcg-fif 1
586
4
eib-fig 1
bjc-fig 1
dec-fig 1
ejg-fig 1
588
3
haf-fii 2
bagb-fii 1
bcfh-fii 1
589
2
fdf-fij 3
ebj-fij 1
590
1
edj-fja 4
591
4
gcg-fjb 1
gef-fjb 1
hae-fjb 1
cij-fjb 1
592
2
hdf-fjc 1
cie-fjc 3
594
3
bbac-fje 2
hdj-fje 1
hci-fje 1
595
3
jhf-fjf 1
bahg-fjf 2
fhc-fjf 1
596
2
bcfe-fjg 3
bhg-fjg 1
597
2
baij-fjh 1
ei-fjh 3
598
4
fij-fji 1
cdf-fji 1
bddi-fji 1
jbi-fji 1
599
2
bbg-fjj 3
gj-fjj 1
600
1
bacj-gaa 4
601
1
gdh-gab 4
602
1
cca-gac 4
603
4
jjh-gad 1
cdf-gad 1
hij-gad 1
bdfe-gad 1
604
4
bfi-gae 1
jci-gae 1
ghc-gae 1
hca-gae 1
605
1
bjh-gaf 4
606
3
dff-gag 2
jij-gag 1
bahg-gag 1
607
4
iaf-gah 1
ici-gah 1
cjc-gah 1
cdd-gah 1
609
4
iae-gaj 1
bcde-gaj 1
di-gaj 1
ccf-gaj 1
610
3
fdi-gba 2
bbib-gba 1
bbge-gba 1
611
4
eja-gbb 1
bfjj-gbb 1
dhf-gbb 1
cgb-gbb 1
612
3
bbhc-gbc 1
baab-gbc 1
bbh-gbc 2
613
3
bbcd-gbd 2
gca-gbd 1
fcb-gbd 1
614
1
bgfd-gbe 4
615
3
fgd-gbf 2
bdcf-gbf 1
ccj-gbf 1
616
2
bbcb-gbg 3
dhh-gbg 1
617
2
ff-gbh 3
ejj-gbh 1
618
4
ej-gbi 1
ifc-gbi 1
bbeh-gbi 1
dbi-gbi 1
619
3
gch-gbj 1
bbfi-gbj 1
jej-gbj 2
620
3
haj-gca 1
iid-gca 2
hbg-gca 1
621
4
bafh-gcb 1
bfbd-gcb 1
bbbb-gcb 1
cab-gcb 1
622
4
bbii-gcc 1
cdh-gcc 1
baad-gcc 1
bafc-gcc 1
623
2
egf-gcd 3
bgbi-gcd 1
624
2
fai-gce 3
dhb-gce 1
625
1
daf-gcf 4
626
1
ijg-gcg 4
627
2
fjh-gch 3
bdc-gch 1
628
4
igb-gci 1
ghh-gci 1
bga-gci 1
cea-gci 1
629
1
ebb-gcj 4
630
2
ihh-gda 2
bdcf-gda 2
631
3
bbg-gdb 1
eah-gdb 2
bdci-gdb 1
632
4
ifc-gdc 1
igj-gdc 1
gbe-gdc 1
babf-gdc 1
634
3
baeb-gde 1
gba-gde 2
gah-gde 1
635
4
gfe-gdf 1
bchf-gdf 1
hjh-gdf 1
bhc-gdf 1
636
4
hag-gdg 1
db-gdg 1
bajh-gdg 1
bddj-gdg 1
637
3
iih-gdh 1
bdfd-gdh 1
jci-gdh 2
638
1
jcc-gdi 4
639
2
dib-gdj 3
gjg-gdj 1
640
2
edi-gea 3
dea-gea 1
641
1
hhd-geb 4
642
1
ihd-gec 4
643
1
bdbj-ged 4
644
1
dda-gee 4
645
2
dfi-gef 3
bdgj-gef 1
646
3
gaj-geg 1
cie-geg 2
bfcj-geg 1
647
1
jg-geh 4
648
2
iba-gei 3
daf-gei 1
649
3
hgi-gej 1
bge-gej 1
fec-gej 2
650
2
hbc-gfa 3
bgeg-gfa 1
651
3
jhj-gfb 1
gfj-gfb 2
g-gfb 1
652
1
baha-gfc 4
653
2
gch-gfd 2
bdbg-gfd 2
654
2
baci-gfe 3
bif-gfe 1
655
4
jbi-gff 1
ehe-gff 1
idi-gff 1
egf-gff 1
656
1
bahh-gfg 4
657
1
bi-gfh 4
658
2
jeh-gfi 3
becd-gfi 1
659
1
bdba-gfj 4
660
2
hhe-gga 2
bhe-gga 2
661
2
eae-ggb 2
bej-ggb 2
662
1
id-ggc 4
663
3
jhh-ggd 1
cjh-ggd 1
igd-ggd 2
664
4
ifg-gge 1
efd-gge 1
ehc-gge 1
beai-gge 1
665
4
hab-ggf 1
feh-ggf 1
jfj-ggf 1
ibj-ggf 1
666
4
caf-ggg 1
dij-ggg 1
die-ggg 1
bih-ggg 1
667
1
cab-ggh 4
668
3
cgh-ggi 2
cbc-ggi 1
bfc-ggi 1
670
3
ifc-gha 1
gii-gha 1
gdh-gha 2
671
4
bgae-ghb 1
bbff-ghb 1
bbfg-ghb 1
idb-ghb 1
672
4
beid-ghc 1
begg-ghc 1
fhi-ghc 1
cib-ghc 1
673
2
did-ghd 1
egj-ghd 3
674
3
ggg-ghe 2
ccb-ghe 1
cji-ghe 1
675
1
ggb-ghf 4
676
2
fdj-ghg 3
fhb-ghg 1
677
2
bacj-ghh 3
cbc-ghh 1
678
3
cic-ghi 1
hai-ghi 1
daf-ghi 2
679
3
bcbc-ghj 1
fcd-ghj 1
hec-ghj 2
680
3
egg-gia 2
ied-gia 1
hbf-gia 1
681
2
cic-gib 1
bbhf-gib 3
682
3
fed-gic 2
bbga-gic 1
dhi-gic 1
683
2
ddg-gid 3
cjj-gid 1
684
2
ici-gie 3
iih-gie 1
685
4
bcig-gif 1
jea-gif 1
hge-gif 1
bcdi-gif 1
687
4
bbfb-gih 1
badc-gih 1
die-gih 1
fic-gih 1
688
2
ib-gii 3
baab-gii 1
689
2
bei-gij 2
ibd-gij 2
690
1
bajc-gja 4
692
4
hg-gjc 1
behb-gjc 1
hji-gjc 1
gbe-gjc 1
693
1
gad-gjd 4
694
2
bhc-gje 3
bbdf-gje 1
695
3
ieg-gjf 1
hdh-gjf 1
dig-gjf 2
696
4
behg-gjg 1
egg-gjg 1
bdda-gjg 1
bfb-gjg 1
697
2
cbg-gjh 2
dfd-gjh 2
698
1
bbgf-gji 4
699
2
iii-gjj 2
hhe-gjj 2
700
4
dbe-haa 1
dg-haa 1
bcea-haa 1
bjj-haa 1
701
3
fij-hab 2
gc-hab 1
bcfg-hab 1
703
1
iec-had 4
704
4
hea-hae 1
chi-hae 1
bbic-hae 1
ije-hae 1
705
3
jji-haf 2
jda-haf 1
bbcd-haf 1
706
4
bcgb-hag 1
dic-hag 1
ecj-hag 1
hje-hag 1
707
2
efj-hah 2
fda-hah 2
708
2
bfh-hai 2
hfh-hai 2
709
1
bdjj-haj 4
710
2
bega-hba 2
bdbi-hba 2
711
3
fac-hbb 2
cgj-hbb 1
eee-hbb 1
712
2
ffc-hbc 1
jdg-hbc 3
713
4
bei-hbd 1
bdff-hbd 1
jjf-hbd 1
bcbd-hbd 1
714
3
fc-hbe 1
fji-hbe 2
edh-hbe 1
715
2
fcf-hbf 1
jf-hbf 3
716
4
bdjf-hbg 1
ife-hbg 1
gde-hbg 1
egh-hbg 1
717
2
ci-hbh 2
babe-hbh 2
719
2
jge-hbj 2
bedf-hbj 2
720
3
ejj-hca 1
ibe-hca 1
hcf-hca 2
721
4
bahd-hcb 1
cha-hcb 1
bdfa-hcb 1
ffe-hcb 1
722
2
cie-hcc 3
iee-hcc 1
723
3
jee-hcd 2
bgi-hcd 1
bdhb-hcd 1
724
4
ejf-hce 1
beaf-hce 1
bchf-hce 1
eab-hce 1
725
4
bbae-hcf 1
gad-hcf 1
hhc-hcf 1
b-hcf 1
726
3
ibf-hcg 2
baed-hcg 1
ja-hcg 1
727
3
gdg-hch 1
fci-hch 2
ghe-hch 1
728
4
ggi-hci 1
geh-hci 1
bdff-hci 1
fbf-hci 1
729
3
ejb-hcj 1
bbgd-hcj 1
eec-hcj 2
730
4
idc-hda 1
ffb-hda 1
dec-hda 1
ea-hda 1
731
3
bejg-hdb 2
bfhg-hdb 1
jh-hdb 1
732
3
bdac-hdc 2
befb-hdc 1
jbf-hdc 1
733
1
bdg-hdd 4
734
2
bbjf-hde 2
jfh-hde 2
735
4
bbha-hdf 1
fad-hdf 1
dci-hdf 1
gbh-hdf 1
736
2
fjc-hdg 3
eba-hdg 1
737
2
fec-hdh 3
ihb-hdh 1
738
2
beah-hdi 1
bic-hdi 3
739
2
eci-hdj 1
haa-hdj 3
740
4
bcji-hea 1
fdf-hea 1
bdfd-hea 1
befg-hea 1
741
1
icg-heb 4
742
4
bfjg-hec 1
fai-hec 1
bdda-hec 1
bdhc-hec 1
743
2
ffe-hed 3
bcbg-hed 1
744
2
bfhd-hee 1
gbf-hee 3
745
2
bfch-hef 2
bjd-hef 2
746
2
ceb-heg 3
bcdd-heg 1
747
2
hii-heh 3
ed-heh 1
748
2
fad-hei 3
ie-hei 1
749
3
ccd-hej 1
cec-hej 2
bgbd-hej 1
751
4
gc-hfb 1
beh-hfb 1
icd-hfb 1
bff-hfb 1
752
3
gjh-hfc 1
bcdc-hfc 2
gab-hfc 1
753
2
bcec-hfd 3
eih-hfd 1
754
1
bahd-hfe 4
756
2
bbac-hfg 3
gfd-hfg 1
757
4
ede-hfh 1
ibb-hfh 1
bbaj-hfh 1
ihf-hfh 1
758
2
eci-hfi 1
beih-hfi 3
759
2
gaa-hfj 3
bfhi-hfj 1
760
2
fdb-hga 3
bbg-hga 1
761
3
dfj-hgb 1
bccd-hgb 2
hfc-hgb 1
762
4
dej-hgc 1
fia-hgc 1
fea-hgc 1
hje-hgc 1
763
2
bbfa-hgd 2
bedb-hgd 2
764
2
efg-hge 1
beff-hge 3
765
3
bafe-hgf 1
fea-hgf 2
bci-hgf 1
766
1
ddc-hgg 4
767
2
deg-hgh 3
dej-hgh 1
768
2
baja-hgi 1
cdb-hgi 3
770
3
ihj-hha 1
ii-hha 2
baad-hha 1
771
2
dfa-hhb 3
fj-hhb 1
772
2
beff-hhc 3
fhc-hhc 1
773
3
bbd-hhd 1
gaa-hhd 2
bdec-hhd 1
774
3
gja-hhe 1
bdfa-hhe 1
eff-hhe 2
775
2
dag-hhf 2
bcf-hhf 2
776
3
hbb-hhg 1
bcd-hhg 2
dgd-hhg 1
778
1
bdci-hhi 4
779
4
beb-hhj 1
idc-hhj 1
bfag-hhj 1
jec-hhj 1
780
3
jdd-hia 1
bbie-hia 2
dbf-hia 1
781
2
bbfb-hib 1
bbi-hib 3
782
4
bgcf-hic 1
chh-hic 1
dhd-hic 1
dcc-hic 1
783
1
bgdg-hid 4
785
2
fje-hif 3
cii-hif 1
786
2
che-hig 1
fig-hig 3
787
4
ddh-hih 1
bdbe-hih 1
iaf-hih 1
eii-hih 1
788
2
djb-hii 1
cgi-hii 3
789
3
dif-hij 2
hag-hij 1
bji-hij 1
790
2
fae-hja 2
gbd-hja 2
791
2
cfh-hjb 3
cbb-hjb 1
792
4
bfhe-hjc 1
hcc-hjc 1
bbfi-hjc 1
edj-hjc 1
793
2
fef-hjd 3
bbd-hjd 1
794
2
bdja-hje 2
fgj-hje 2
795
2
beji-hjf 3
edj-hjf 1
796
4
jdh-hjg 1
igd-hjg 1
cfa-hjg 1
jgg-hjg 1
797
2
caj-hjh 2
bcg-hjh 2
798
2
bba-hji 3
hfj-hji 1
799
4
cjf-hjj 1
bace-hjj 1
gah-hjj 1
fgd-hjj 1
800
4
ead-iaa 1
jcg-iaa 1
eef-iaa 1
dhc-iaa 1
801
3
cdh-iab 2
bdbh-iab 1
ech-iab 1
802
2
eic-iac 2
hia-iac 2
803
1
cgd-iad 4
804
1
cdf-iae 4
805
1
gjf-iaf 4
806
3
bage-iag 2
ihd-iag 1
ejg-iag 1
808
1
dje-iai 4
809
1
bddg-iaj 4
810
4
bafb-iba 1
bbbj-iba 1
bbba-iba 1
ejb-iba 1
811
1
iha-ibb 4
812
2
bbgf-ibc 2
egb-ibc 2
813
2
bdhd-ibd 2
bgcj-ibd 2
814
2
bbcc-ibe 3
fba-ibe 1
815
3
dih-ibf 1
bffh-ibf 1
dje-ibf 2
816
2
fhg-ibg 2
efj-ibg 2
817
3
eja-ibh 1
bahj-ibh 2
babb-ibh 1
818
3
bjc-ibi 1
jib-ibi 1
fdi-ibi 2
819
4
bbdb-ibj 1
hae-ibj 1
dfd-ibj 1
bbcd-ibj 1
820
2
becf-ica 3
edc-ica 1
821
2
fhj-icb 1
hfi-icb 3
822
1
fdh-icc 4
823
4
jaj-icd 1
hj-icd 1
hcd-icd 1
jaa-icd 1
824
1
ehd-ice 4
825
3
fce-icf 1
bcha-icf 2
dbb-icf 1
826
3
bjj-icg 2
bcdi-icg 1
gcg-icg 1
827
1
beei-ich 4
828
3
cj-ici 1
dfa-ici 2
jc-ici 1
829
2
jie-icj 2
hbe-icj 2
830
2
bcfd-ida 3
hee-ida 1
831
4
fce-idb 1
cdh-idb 1
bach-idb 1
ghi-idb 1
832
2
iij-idc 3
gjg-idc 1
833
2
fj-idd 3
bfda-idd 1
835
4
efa-idf 1
jhi-idf 1
dh-idf 1
dii-idf 1
836
3
dhd-idg 2
bfi-idg 1
bagf-idg 1
837
1
gdg-idh 4
838
3
ech-idi 1
bbdd-idi 1
bgfa-idi 2
839
3
bcc-idj 2
fdj-idj 1
bgf-idj 1
840
2
bebf-iea 3
bij-iea 1
841
2
fhb-ieb 3
bbie-ieb 1
842
2
fgf-iec 3
hfg-iec 1
843
3
jac-ied 1
bche-ied 2
bbid-ied 1
844
3
baje-iee 2
efc-iee 1
bdcd-iee 1
845
4
hag-ief 1
ea-ief 1
bfc-ief 1
bbah-ief 1
846
4
ebg-ieg 1
fjj-ieg 1
hcd-ieg 1
idd-ieg 1
847
2
caj-ieh 1
bchj-ieh 3
848
4
efg-iei 1
gdf-iei 1
hgi-iei 1
behf-iei 1
849
2
bdi-iej 3
bbh-iej 1
850
4
bbbi-ifa 1
bdbe-ifa 1
hcf-ifa 1
ccc-ifa 1
851
2
dfh-ifb 3
bagh-ifb 1
852
4
gfa-ifc 1
cee-ifc 1
jid-ifc 1
bchg-ifc 1
853
3
bbhd-ifd 2
cf-ifd 1
ijh-ifd 1
854
3
hjf-ife 2
dad-ife 1
bbdj-ife 1
855
4
fb-iff 1
efe-iff 1
cgi-iff 1
jgf-iff 1
856
3
be-ifg 2
bgeb-ifg 1
jci-ifg 1
857
3
cid-ifh 2
eif-ifh 1
baga-ifh 1
858
2
bcci-ifi 2
badf-ifi 2
860
1
gfj-iga 4
861
1
cif-igb 4
862
2
eaf-igc 3
bcgi-igc 1
863
2
ggg-igd 1
ife-igd 3
864
2
hjc-ige 3
dbj-ige 1
865
1
egi-igf 4
867
1
hag-igh 4
868
2
bcbj-igi 2
bbg-igi 2
869
3
dde-igj 2
jba-igj 1
bdie-igj 1
870
3
hgf-iha 2
jfa-iha 1
bcdj-iha 1
871
2
eii-ihb 1
bbcj-ihb 3
872
2
ehj-ihc 3
eba-ihc 1
873
3
bbdd-ihd 2
fj-ihd 1
behh-ihd 1
874
3
hdg-ihe 2
hdj-ihe 1
hdi-ihe 1
875
3
bbad-ihf 1
ijj-ihf 1
bfcc-ihf 2
876
3
gbf-ihg 2
cdj-ihg 1
gij-ihg 1
877
1
cib-ihh 4
878
3
bdgf-ihi 1
bebh-ihi 2
gjh-ihi 1
879
2
caf-ihj 3
cef-ihj 1
880
1
fgb-iia 4
881
3
chd-iib 2
id-iib 1
baeb-iib 1
882
2
jje-iic 3
fag-iic 1
883
3
iae-iid 2
bfei-iid 1
cej-iid 1
884
3
cbb-iie 2
bejf-iie 1
jee-iie 1
885
2
hif-iif 3
bbei-iif 1
886
3
hcg-iig 2
ddg-iig 1
hjb-iig 1
887
1
hbj-iih 4
888
1
bbib-iii 4
889
1
baaa-iij 4
890
1
iaa-ija 4
892
2
hg-ijc 3
cgi-ijc 1
893
3
hfi-ijd 2
gdh-ijd 1
beda-ijd 1
894
4
bbbj-ije 1
gda-ije 1
beef-ije 1
bef-ije 1
895
1
hei-ijf 4
896
2
ig-ijg 1
behi-ijg 3
897
2
hhg-ijh 1
bii-ijh 3
898
1
gd-iji 4
899
2
cff-ijj 3
iaf-ijj 1
900
3
cf-jaa 1
bbjh-jaa 1
jbg-jaa 2
901
2
baej-jab 3
gbe-jab 1
902
4
hca-jac 1
ghg-jac 1
bgg-jac 1
ejj-jac 1
903
1
bcij-jad 4
904
2
cja-jae 3
bbih-jae 1
905
2
bgd-jaf 3
bdig-jaf 1
906
3
cbc-jag 2
cg-jag 1
bdij-jag 1
907
4
bchh-jah 1
baia-jah 1
fie-jah 1
bajg-jah 1
908
4
efa-jai 1
bbbg-jai 1
hah-jai 1
gbj-jai 1
909
2
ebd-jaj 3
iic-jaj 1
910
2
gej-jba 3
bdef-jba 1
911
1
gjc-jbb 4
912
2
gbg-jbc 3
jca-jbc 1
913
2
bfad-jbd 3
dij-jbd 1
915
3
bedi-jbf 1
hai-jbf 1
gfg-jbf 2
916
4
ehd-jbg 1
igc-jbg 1
baie-jbg 1
bdid-jbg 1
917
2
babf-jbh 3
dbd-jbh 1
918
1
bdcc-jbi 4
920
3
jde-jca 2
jfg-jca 1
idf-jca 1
921
3
faj-jcb 1
gae-jcb 2
hhf-jcb 1
922
3
fjg-jcc 2
gfb-jcc 1
fej-jcc 1
923
2
jcc-jcd 3
hgh-jcd 1
924
1
bafi-jce 4
925
3
igj-jcf 1
djc-jcf 1
ghe-jcf 2
926
3
babe-jcg 1
cfj-jcg 1
ggg-jcg 2
928
3
fch-jci 1
gih-jci 2
bfbf-jci 1
930
2
bgdf-jda 3
bdig-jda 1
931
4
cgf-jdb 1
jji-jdb 1
bbaj-jdb 1
hge-jdb 1
932
2
gdh-jdc 1
hbh-jdc 3
933
2
dic-jdd 3
dhc-jdd 1
934
1
bi-jde 4
936
4
ibi-jdg 1
cjh-jdg 1
fbf-jdg 1
dhj-jdg 1
937
1
ea-jdh 4
939
2
jfj-jdj 2
eic-jdj 2
940
1
ije-jea 4
941
1
jad-jeb 4
942
3
ehc-jec 2
dae-jec 1
bdfg-jec 1
943
1
djc-jed 4
944
3
hjb-jee 1
cfg-jee 1
ceg-jee 2
945
4
fad-jef 1
bbfe-jef 1
bbje-jef 1
badj-jef 1
946
1
bbj-jeg 4
947
2
bgdb-jeh 2
ddj-jeh 2
948
1
eff-jei 4
949
2
ehb-jej 3
dch-jej 1
950
4
bhe-jfa 1
iec-jfa 1
chb-jfa 1
fdj-jfa 1
951
2
bbdb-jfb 2
ebb-jfb 2
952
2
cgh-jfc 3
jgb-jfc 1
953
2
babc-jfd 1
fbd-jfd 3
954
2
bfgb-jfe 2
c-jfe 2
955
3
bfeb-jff 2
ee-jff 1
egg-jff 1
956
3
bccb-jfg 2
ega-jfg 1
fic-jfg 1
957
4
eij-jfh 1
bffj-jfh 1
fdf-jfh 1
gfb-jfh 1
958
3
bbj-jfi 1
befa-jfi 1
dii-jfi 2
959
3
bcaj-jfj 1
bdhe-jfj 2
bcc-jfj 1
960
4
bfcd-jga 1
bagg-jga 1
bfab-jga 1
fdf-jga 1
961
1
ecd-jgb 4
962
4
ibd-jgc 1
cfa-jgc 1
babj-jgc 1
ied-jgc 1
963
1
ghb-jgd 4
964
3
bagf-jge 1
bcgj-jge 1
bedj-jge 2
965
3
bhg-jgf 2
hhj-jgf 1
i-jgf 1
966
3
bajc-jgg 1
heh-jgg 1
cfd-jgg 2
967
2
jcb-jgh 2
dfc-jgh 2
968
2
gjf-jgi 3
iae-jgi 1
970
3
jia-jha 2
bea-jha 1
ghd-jha 1
971
1
ejg-jhb 4
972
3
eej-jhc 2
ced-jhc 1
hei-jhc 1
973
2
gba-jhd 2
geb-jhd 2
974
2
bbai-jhe 1
jae-jhe 3
975
4
behe-jhf 1
bajj-jhf 1
gid-jhf 1
fch-jhf 1
976
2
hde-jhg 1
fbi-jhg 3
977
3
bfia-jhh 1
gab-jhh 2
gej-jhh 1
978
1
bcj-jhi 4
979
1
eei-jhj 4
980
4
bje-jia 1
bded-jia 1
baac-jia 1
ecc-jia 1
981
3
iac-jib 2
bab-jib 1
bjf-jib 1
982
1
igj-jic 4
983
3
jff-jid 2
bgfj-jid 1
bdgd-jid 1
984
2
baih-jie 1
hdb-jie 3
985
3
bb-jif 1
dge-jif 1
hah-jif 2
986
2
bafi-jig 3
gha-jig 1
987
1
bfa-jih 4
988
3
cei-jii 2
ddf-jii 1
ihe-jii 1
989
1
ge-jij 4
990
1
idh-jja 4
991
4
jif-jjb 1
ieg-jjb 1
hja-jjb 1
cjc-jjb 1
992
3
bcgb-jjc 1
jbg-jjc 2
jhg-jjc 1
993
1
daj-jjd 4
994
3
bbcg-jje 1
hdd-jje 1
baig-jje 2
995
2
ccf-jjf 2
hja-jjf 2
996
1
gfc-jjg 4
997
1
geh-jjh 4
998
2
j-jji 2
hef-jji 2
999
1
bcci-jjj 4
1000
1
fgi-baaa 4
1001
3
ifd-baab 2
efi-baab 1
jeg-baab 1
1002
2
hig-baac 3
jbh-baac 1
1003
3
ceb-baad 2
bbbh-baad 1
jcd-baad 1
1004
1
eje-baae 4
1005
1
baae-baaf 4
1006
4
jci-baag 1
beja-baag 1
cdc-baag 1
ffj-baag 1
1007
1
baef-baah 4
1008
4
igj-baai 1
bacb-baai 1
baha-baai 1
dgd-baai 1
1009
1
ceb-baaj 4
1010
4
haj-baba 1
bbfb-baba 1
jdf-baba 1
ehi-baba 1
1011
3
edh-babb 1
djh-babb 1
ggi-babb 2
1012
3
if-babc 2
beag-babc 1
baif-babc 1
1013
1
dfe-babd 4
1014
4
dbj-babe 1
ebj-babe 1
cjc-babe 1
ije-babe 1
1015
2
ceg-babf 1
begj-babf 3
1016
2
bdhd-babg 3
beba-babg 1
1017
2
baia-babh 3
cbg-babh 1
1018
3
gd-babi 2
baij-babi 1
cdb-babi 1
1019
1
bfib-babj 4
1020
1
igh-baca 4
1021
4
bcje-bacb 1
jg-bacb 1
heb-bacb 1
bgbj-bacb 1
1022
2
hbc-bacc 3
gdb-bacc 1
1023
1
jgf-bacd 4
1024
1
dhb-bace 4
1026
1
cja-bacg 4
1027
2
fdd-bach 1
bih-bach 3
1028
1
ejc-baci 4
1029
3
iha-bacj 1
ibj-bacj 2
bada-bacj 1
1030
4
ecj-bada 1
bbcf-bada 1
gdb-bada 1
hej-bada 1
1031
3
bddf-badb 1
bdf-badb 2
dcd-badb 1
1032
3
cad-badc 2
hfg-badc 1
ifg-badc 1
1033
2
jc-badd 3
bcac-badd 1
1034
1
ega-bade 4
1035
1
fgh-badf 4
1037
1
fhe-badh 4
1038
2
bbdi-badi 2
ghg-badi 2
1039
2
bbhf-badj 1
bjf-badj 3
1041
4
iag-baeb 1
bdcj-baeb 1
bbaf-baeb 1
fd-baeb 1
1042
4
hbg-baec 1
bcac-baec 1
jha-baec 1
jaa-baec 1
1043
1
djc-baed 4
1044
1
baeg-baee 4
1045
2
fi-baef 2
efd-baef 2
1046
3
jdc-baeg 1
bcef-baeg 1
hhd-baeg 2
1048
3
bcig-baei 1
bagg-baei 2
bhc-baei 1
1049
2
bbhh-baej 3
bdfj-baej 1
1050
4
jdj-bafa 1
cff-bafa 1
babe-bafa 1
dgj-bafa 1
1051
3
baah-bafb 1
bbbd-bafb 1
gdg-bafb 2
1052
2
bbef-bafc 3
hii-bafc 1
1053
1
cfa-bafd 4
1054
1
fdd-bafe 4
1055
1
bfif-baff 4
1056
1
fdd-bafg 4
1057
1
jbd-bafh 4
1058
3
bhj-bafi 1
bag-bafi 2
chi-bafi 1
1059
1
hef-bafj 4
1060
1
bbag-baga 4
1061
1
fhb-bagb 4
1062
1
gie-bagc 4
1063
1
hgd-bagd 4
1064
2
jfb-bage 1
jhf-bage 3
1065
2
bede-bagf 2
bgd-bagf 2
1066
4
fcb-bagg 1
jid-bagg 1
baie-bagg 1
hgb-bagg 1
1067
4
ijg-bagh 1
cgf-bagh 1
cde-bagh 1
eab-bagh 1
1068
1
bcac-bagi 4
1069
2
jhd-bagj 3
bgj-bagj 1
1070
2
bcgf-baha 3
bgcc-baha 1
1073
4
dii-bahd 1
efa-bahd 1
dbb-bahd 1
beij-bahd 1
1074
1
bcdi-bahe 4
1075
1
bagd-bahf 4
1076
2
gjc-bahg 1
bgc-bahg 3
1077
3
jab-bahh 1
bahg-bahh 2
bedg-bahh 1
1078
3
ceh-bahi 1
hab-bahi 2
ghc-bahi 1
1079
1
fbe-bahj 4
1080
2
bgg-baia 1
gaf-baia 3
1081
2
iac-baib 2
hih-baib 2
1082
1
iaa-baic 4
1084
4
efc-baie 1
bade-baie 1
iaf-baie 1
bai-baie 1
1085
1
jcb-baif 4
1086
4
edd-baig 1
jgh-baig 1
ihc-baig 1
hif-baig 1
1087
3
gcf-baih 2
becj-baih 1
bcgf-baih 1
1088
1
ffj-baii 4
1089
3
bfh-baij 1
bha-baij 2
ife-baij 1
1090
3
bif-baja 2
bcfj-baja 1
cdh-baja 1
1091
3
bafj-bajb 1
ji-bajb 2
bdfg-bajb 1
1092
3
bbae-bajc 1
hih-bajc 1
dhb-bajc 2
1093
3
hha-bajd 2
bfjc-bajd 1
edc-bajd 1
1094
3
bdab-baje 1
gfi-baje 2
iej-baje 1
1095
3
bbgi-bajf 1
jcd-bajf 1
eca-bajf 2
1096
1
cgf-bajg 4
1097
2
bia-bajh 2
hba-bajh 2
1098
1
baje-baji 4
1099
2
bajf-bajj 3
eci-bajj 1
1100
1
bcfa-bbaa 4
1101
1
bbfc-bbab 4
1102
4
iif-bbac 1
dce-bbac 1
fed-bbac 1
bejd-bbac 1
1103
2
jbh-bbad 3
bbag-bbad 1
1104
4
bgba-bbae 1
hg-bbae 1
gc-bbae 1
gid-bbae 1
1105
1
eff-bbaf 4
1106
1
gff-bbag 4
1107
3
cja-bbah 1
beci-bbah 1
fhe-bbah 2
1108
1
bhj-bbai 4
1109
1
ich-bbaj 4
1110
2
hdb-bbba 1
cgd-bbba 3
1111
1
hed-bbbb 4
1113
3
bbh-bbbd 2
baec-bbbd 1
bgab-bbbd 1
1114
3
bccj-bbbe 1
bcc-bbbe 2
dhj-bbbe 1
1115
1
gej-bbbf 4
1116
2
icb-bbbg 2
ief-bbbg 2
1117
2
bagc-bbbh 3
ehg-bbbh 1
1118
2
gee-bbbi 2
bac-bbbi 2
1119
3
bgdj-bbbj 1
bahe-bbbj 2
big-bbbj 1
1120
1
jcc-bbca 4
1121
4
jfd-bbcb 1
djj-bbcb 1
hih-bbcb 1
iee-bbcb 1
1122
2
hbd-bbcc 3
bgf-bbcc 1
1123
3
gje-bbcd 2
baii-bbcd 1
jjd-bbcd 1
1124
2
iff-bbce 2
gde-bbce 2
1125
2
bbae-bbcf 3
fhc-bbcf 1
1126
2
ccj-bbcg 1
bdid-bbcg 3
1127
1
icb-bbch 4
1128
1
babh-bbci 4
1129
1
hee-bbcj 4
1130
2
jde-bbda 3
bbji-bbda 1
1131
4
ifa-bbdb 1
bfdj-bbdb 1
hjj-bbdb 1
idc-bbdb 1
1133
4
bci-bbdd 1
eii-bbdd 1
beb-bbdd 1
fgh-bbdd 1
1134
1
jif-bbde 4
1135
3
gbi-bbdf 2
gbc-bbdf 1
baed-bbdf 1
1136
2
bgdc-bbdg 3
bhc-bbdg 1
1137
2
ghb-bbdh 1
bcjd-bbdh 3
1138
3
hbh-bbdi 2
bcba-bbdi 1
baee-bbdi 1
1139
1
ghi-bbdj 4
1141
4
bbde-bbeb 1
ihd-bbeb 1
bbae-bbeb 1
bffc-bbeb 1
1142
1
bcie-bbec 4
1144
1
bdee-bbee 4
1145
4
fjb-bbef 1
ce-bbef 1
fjf-bbef 1
badd-bbef 1
1146
2
bcjg-bbeg 2
eca-bbeg 2
1147
2
eg-bbeh 1
ghj-bbeh 3
1148
2
eif-bbei 2
gej-bbei 2
1149
3
bcbb-bbej 1
fja-bbej 1
fci-bbej 2
1150
1
bacc-bbfa 4
1151
3
bdah-bbfb 2
bbgg-bbfb 1
baji-bbfb 1
1152
2
ibh-bbfc 2
bfej-bbfc 2
1153
3
eaa-bbfd 2
bdcj-bbfd 1
bdje-bbfd 1
1154
1
bbgi-bbfe 4
1155
4
ihi-bbff 1
hg-bbff 1
bdjd-bbff 1
fcc-bbff 1
1156
2
fea-bbfg 3
bfee-bbfg 1
1157
2
bbjg-bbfh 2
gec-bbfh 2
1158
2
bfhb-bbfi 2
bbej-bbfi 2
1159
3
cje-bbfj 1
ifc-bbfj 2
cbc-bbfj 1
1160
2
eji-bbga 3
jbc-bbga 1
1161
3
hi-bbgb 2
iic-bbgb 1
hgd-bbgb 1
1162
1
bafa-bbgc 4
1163
1
bgag-bbgd 4
1164
3
eb-bbge 2
bbff-bbge 1
ddd-bbge 1
1165
1
fcj-bbgf 4
1166
3
bdai-bbgg 2
bcde-bbgg 1
gfh-bbgg 1
1168
3
jgi-bbgi 2
bdgi-bbgi 1
bfi-bbgi 1
1169
3
eah-bbgj 2
hjc-bbgj 1
bejh-bbgj 1
1170
2
fbe-bbha 3
begi-bbha 1
1171
1
iec-bbhb 4
1172
2
cbh-bbhc 3
bca-bbhc 1
1173
4
bced-bbhd 1
ece-bbhd 1
bdb-bbhd 1
j-bbhd 1
1174
4
gfe-bbhe 1
bbgb-bbhe 1
fh-bbhe 1
id-bbhe 1
1175
3
bfec-bbhf 2
baif-bbhf 1
dia-bbhf 1
1177
2
beee-bbhh 3
bcjf-bbhh 1
1180
2
edb-bbia 2
ei-bbia 2
1181
1
bdi-bbib 4
1182
2
iab-bbic 2
befc-bbic 2
1183
1
bbdd-bbid 4
1184
3
dee-bbie 1
bbhj-bbie 2
def-bbie 1
1185
2
dcj-bbif 3
bij-bbif 1
1187
2
bfd-bbih 3
gc-bbih 1
1188
2
jhc-bbii 2
bfgf-bbii 2
1189
2
bbdf-bbij 2
beci-bbij 2
1190
2
bacb-bbja 2
fec-bbja 2
1191
1
ffj-bbjb 4
1192
2
ii-bbjc 1
bhc-bbjc 3
1194
1
cbd-bbje 4
1195
2
jbg-bbjf 2
haj-bbjf 2
1196
3
bbfe-bbjg 1
bagj-bbjg 1
hjb-bbjg 2
1197
2
jih-bbjh 1
bcjb-bbjh 3
1198
3
hhi-bbji 1
bch-bbji 1
ijh-bbji 2
1199
1
cig-bbjj 4
1200
2
bbie-bcaa 3
bgb-bcaa 1
1201
3
jjj-bcab 2
gce-bcab 1
dfi-bcab 1
1202
2
had-bcac 1
fa-bcac 3
1203
2
bgcb-bcad 2
bdf-bcad 2
1204
2
ibg-bcae 3
bdaj-bcae 1
1205
2
bbha-bcaf 1
bcda-bcaf 3
1206
1
bgch-bcag 4
1207
1
eed-bcah 4
1208
1
bbcj-bcai 4
1209
1
bbji-bcaj 4
1210
1
gfc-bcba 4
1211
2
die-bcbb 2
bdbj-bcbb 2
1212
4
bcij-bcbc 1
bafj-bcbc 1
ef-bcbc 1
dbe-bcbc 1
1213
1
baca-bcbd 4
1214
2
gda-bcbe 3
bdd-bcbe 1
1215
1
igc-bcbf 4
1216
3
iea-bcbg 1
behc-bcbg 2
dbh-bcbg 1
1218
1
jdd-bcbi 4
1219
1
hjj-bcbj 4
1220
4
bdhj-bcca 1
fb-bcca 1
jfe-bcca 1
behj-bcca 1
1221
2
egb-bccb 2
cid-bccb 2
1222
1
edj-bccc 4
1223
2
bfed-bccd 1
behg-bccd 3
1224
1
eci-bcce 4
1225
2
bajb-bccf 1
bfhd-bccf 3
1226
2
begg-bccg 2
badf-bccg 2
1228
2
hjd-bcci 3
bcae-bcci 1
1229
3
hci-bccj 1
cfg-bccj 2
gbe-bccj 1
1230
3
dh-bcda 1
ijd-bcda 1
beii-bcda 2
1231
2
bbeb-bcdb 3
baci-bcdb 1
1232
4
bfga-bcdc 1
bcj-bcdc 1
bccd-bcdc 1
ghb-bcdc 1
1233
3
bagh-bcdd 1
bdid-bcdd 1
bbfh-bcdd 2
1234
4
baji-bcde 1
gic-bcde 1
bcha-bcde 1
beje-bcde 1
1235
1
bbef-bcdf 4
1236
3
chc-bcdg 1
hjc-bcdg 2
jje-bcdg 1
1237
1
faf-bcdh 4
1238
2
cfg-bcdi 3
hee-bcdi 1
1239
1
fdb-bcdj 4
1240
1
becb-bcea 4
1241
2
bfcf-bceb 2
idj-bceb 2
1243
1
bcjd-bced 4
1244
2
iai-bcee 2
bdja-bcee 2
1245
2
fbb-bcef 1
fbj-bcef 3
1246
1
cca-bceg 4
1247
2
bdae-bceh 1
bbdf-bceh 3
1248
1
bci-bcei 4
1249
2
gif-bcej 2
jfh-bcej 2
1250
2
jfh-bcfa 1
djh-bcfa 3
1253
2
idg-bcfd 1
beie-bcfd 3
1254
1
jh-bcfe 4
1255
4
ddd-bcff 1
hfh-bcff 1
begg-bcff 1
iie-bcff 1
1256
1
fjj-bcfg 4
1257
1
egd-bcfh 4
1258
1
ihe-bcfi 4
1259
2
bchb-bcfj 1
ibc-bcfj 3
1261
2
jae-bcgb 3
eai-bcgb 1
1262
1
beih-bcgc 4
1264
2
bgh-bcge 2
baih-bcge 2
1265
1
bbga-bcgf 4
1266
1
bfhf-bcgg 4
1267
1
bdjg-bcgh 4
1268
4
bfh-bcgi 1
fca-bcgi 1
hce-bcgi 1
bge-bcgi 1
1269
3
bdbg-bcgj 1
beae-bcgj 2
bfci-bcgj 1
1270
1
deh-bcha 4
1271
2
hhd-bchb 3
bdfj-bchb 1
1272
1
cej-bchc 4
1273
2
bdaf-bchd 3
jbd-bchd 1
1274
1
gcd-bche 4
1275
2
hdj-bchf 2
bfag-bchf 2
1276
3
bebi-bchg 2
hga-bchg 1
hhj-bchg 1
1277
3
bbij-bchh 2
hhi-bchh 1
bcjj-bchh 1
1278
1
ifh-bchi 4
1279
1
jcd-bchj 4
1280
1
bgec-bcia 4
1281
3
dde-bcib 2
bje-bcib 1
bfgd-bcib 1
1284
1
eic-bcie 4
1285
1
jhh-bcif 4
1286
1
fae-bcig 4
1287
1
cae-bcih 4
1288
2
cga-bcii 2
jeh-bcii 2
1289
1
ebd-bcij 4
1290
3
ica-bcja 2
hhd-bcja 1
bbfi-bcja 1
1291
2
dba-bcjb 2
bcaa-bcjb 2
1292
2
bbaf-bcjc 2
bbdg-bcjc 2
1293
1
hdf-bcjd 4
1294
1
bbfh-bcje 4
1295
3
bdjc-bcjf 1
bedc-bcjf 1
dde-bcjf 2
1296
2
eii-bcjg 3
jce-bcjg 1
1297
1
dch-bcjh 4
1298
1
ida-bcji 4
1299
2
fig-bcjj 3
bfgi-bcjj 1
1300
3
eba-bdaa 1
edh-bdaa 2
gcj-bdaa 1
1301
1
iji-bdab 4
1302
2
gba-bdac 3
cgb-bdac 1
1303
1
ch-bdad 4
1304
2
bbif-bdae 3
bahi-bdae 1
1305
1
ga-bdaf 4
1307
2
beeg-bdah 2
ibd-bdah 2
1308
2
baij-bdai 3
bajh-bdai 1
1309
1
hed-bdaj 4
1310
1
bbch-bdba 4
1311
1
jeh-bdbb 4
1314
1
hh-bdbe 4
1316
3
bfii-bdbg 1
ddc-bdbg 1
hdj-bdbg 2
1317
1
jhg-bdbh 4
1318
2
dbc-bdbi 1
bfbc-bdbi 3
1319
4
bbci-bdbj 1
gid-bdbj 1
jfa-bdbj 1
dhe-bdbj 1
1320
1
fej-bdca 4
1321
2
cii-bdcb 3
ibj-bdcb 1
1322
2
iig-bdcc 3
bdhf-bdcc 1
1323
2
bbcb-bdcd 3
bdgd-bdcd 1
1324
1
jfc-bdce 4
1325
1
faa-bdcf 4
1326
1
bce-bdcg 4
1327
2
cac-bdch 2
hgc-bdch 2
1328
2
ci-bdci 2
efh-bdci 2
1329
2
jjc-bdcj 2
feb-bdcj 2
1330
2
efh-bdda 1
bebj-bdda 3
1331
1
bbbg-bddb 4
1333
1
bcbf-bddd 4
1334
1
jif-bdde 4
1335
2
bbcc-bddf 3
bbbg-bddf 1
1336
1
badj-bddg 4
1337
1
bffa-bddh 4
1338
1
fjg-bddi 4
1339
3
bj-bddj 1
bcaf-bddj 2
bbbe-bddj 1
1340
1
dc-bdea 4
1341
2
bdif-bdeb 1
jaf-bdeb 3
1342
3
ida-bdec 2
bfaf-bdec 1
cca-bdec 1
1343
2
bbbi-bded 3
befd-bded 1
1344
1
gii-bdee 4
1345
2
hbe-bdef 1
bbeg-bdef 3
1346
2
bgfb-bdeg 1
hdh-bdeg 3
1347
2
cfc-bdeh 1
ecj-bdeh 3
1348
1
bccd-bdei 4
1349
2
bfaa-bdej 3
jag-bdej 1
1350
3
hdb-bdfa 2
bje-bdfa 1
jjf-bdfa 1
1351
1
ijg-bdfb 4
1353
2
efb-bdfd 2
bec-bdfd 2
1354
2
bfeg-bdfe 3
gdf-bdfe 1
1355
1
jga-bdff 4
1356
1
bdic-bdfg 4
1357
2
bacc-bdfh 3
bege-bdfh 1
1358
2
becc-bdfi 3
jcf-bdfi 1
1359
3
cdf-bdfj 2
hae-bdfj 1
bbjf-bdfj 1
1360
4
ihf-bdga 1
begc-bdga 1
ehh-bdga 1
bafa-bdga 1
1361
2
bead-bdgb 3
hig-bdgb 1
1362
1
eba-bdgc 4
1363
2
gbc-bdgd 3
gga-bdgd 1
1364
1
baej-bdge 4
1365
3
fcc-bdgf 1
gdb-bdgf 2
bfbe-bdgf 1
1366
1
fbh-bdgg 4
1367
1
ghj-bdgh 4
1368
2
bdjb-bdgi 1
bdj-bdgi 3
1369
1
bgdi-bdgj 4
1370
2
behi-bdha 3
daj-bdha 1
1371
2
hbh-bdhb 1
haf-bdhb 3
1372
2
jei-bdhc 2
bahg-bdhc 2
1373
2
bae-bdhd 1
bcbg-bdhd 3
1374
4
baia-bdhe 1
jjj-bdhe 1
ecc-bdhe 1
bagb-bdhe 1
1375
2
bfae-bdhf 1
bcdh-bdhf 3
1376
1
efd-bdhg 4
1377
1
bdfd-bdhh 4
1378
3
ihe-bdhi 2
hb-bdhi 1
ccf-bdhi 1
1379
1
iah-bdhj 4
1380
2
bgff-bdia 1
jgg-bdia 3
1381
1
bcfi-bdib 4
1382
1
hhg-bdic 4
1383
1
beh-bdid 4
1384
1
igc-bdie 4
1385
2
f-bdif 3
fgc-bdif 1
1386
2
bajc-bdig 3
bdge-bdig 1
1388
2
fbg-bdii 3
cch-bdii 1
1389
1
fbg-bdij 4
1390
1
bbhb-bdja 4
1391
1
bchd-bdjb 4
1392
2
bfbb-bdjc 3
ifh-bdjc 1
1393
1
eca-bdjd 4
1394
2
bacj-bdje 3
bbjb-bdje 1
1395
1
jig-bdjf 4
1396
1
bdef-bdjg 4
1397
2
baj-bdjh 1
bfdf-bdjh 3
1398
2
egb-bdji 1
bej-bdji 3
1399
1
bccf-bdjj 4
1400
1
bcfj-beaa 4
1401
1
baai-beab 4
1403
2
bafg-bead 2
bib-bead 2
1404
1
bdch-beae 4
1405
1
geb-beaf 4
1406
1
cci-beag 4
1407
3
bche-beah 1
jie-beah 2
bgfc-beah 1
1408
1
ida-beai 4
1409
2
bcea-beaj 3
dea-beaj 1
1410
3
bbf-beba 1
bfg-beba 1
bbcb-beba 2
1411
1
bgf-bebb 4
1412
1
bbah-bebc 4
1413
1
bejj-bebd 4
1414
1
bccd-bebe 4
1415
2
bbfj-bebf 1
ghb-bebf 3
1416
1
idj-bebg 4
1417
1
bbgc-bebh 4
1418
1
fad-bebi 4
1419
1
bbec-bebj 4
1420
2
ddg-beca 3
jjf-beca 1
1421
2
bcg-becb 1
bfbj-becb 3
1422
2
bcc-becc 3
haf-becc 1
1423
2
bbii-becd 3
fba-becd 1
1424
1
fii-bece 4
1425
1
hce-becf 4
1426
1
bagi-becg 4
1428
1
bbgj-beci 4
1429
1
hec-becj 4
1430
3
bfhh-beda 2
bc-beda 1
cbd-beda 1
1431
1
bebd-bedb 4
1432
1
bfaj-bedc 4
1434
2
hf-bede 3
bbda-bede 1
1435
2
ebh-bedf 3
djf-bedf 1
1436
1
jbg-bedg 4
1437
2
baha-bedh 3
bgai-bedh 1
1438
1
iib-bedi 4
1439
1
igd-bedj 4
1441
2
hcf-beeb 3
bbee-beeb 1
1442
1
jba-beec 4
1443
2
becd-beed 2
bfih-beed 2
1444
2
eff-beee 3
hhc-beee 1
1445
1
icf-beef 4
1446
3
bdeb-beeg 1
befc-beeg 1
he-beeg 2
1447
1
bdgc-beeh 4
1448
1
bdcg-beei 4
1450
2
cbc-befa 1
ebe-befa 3
1451
1
babd-befb 4
1452
1
bchf-befc 4
1453
2
dci-befd 2
iia-befd 2
1454
1
fif-befe 4
1455
1
fid-beff 4
1456
1
bah-befg 4
1458
1
bahf-befi 4
1459
1
bdgc-befj 4
1460
1
gca-bega 4
1461
1
iie-begb 4
1462
2
ghf-begc 3
bgad-begc 1
1463
1
bdgi-begd 4
1464
2
babb-bege 3
bdci-bege 1
1465
1
dfc-begf 4
1466
2
bfai-begg 2
ifb-begg 2
1468
1
cff-begi 4
1469
1
bbfb-begj 4
1470
2
cji-beha 2
hcj-beha 2
1471
1
bfdh-behb 4
1472
1
ifa-behc 4
1474
3
ihd-behe 1
bgaa-behe 2
baja-behe 1
1475
1
hdf-behf 4
1476
1
iei-behg 4
1477
1
bcgg-behh 4
1478
2
bgde-behi 2
bjh-behi 2
1479
3
ihb-behj 1
dbd-behj 2
dcd-behj 1
1481
1
bdaj-beib 4
1482
3
dg-beic 2
ec-beic 1
bbb-beic 1
1483
2
iai-beid 3
bdje-beid 1
1485
2
hfb-beif 2
gab-beif 2
1486
1
baf-beig 4
1487
2
ijd-beih 1
dcc-beih 3
1489
2
bah-beij 1
che-beij 3
1491
1
bace-bejb 4
1493
1
badc-bejd 4
1494
1
baag-beje 4
1495
1
jhi-bejf 4
1496
2
bcag-bejg 3
cha-bejg 1
1497
1
bdaa-bejh 4
1498
1
dcf-beji 4
1499
1
cdg-bejj 4
1500
2
ccd-bfaa 2
bhf-bfaa 2
1501
1
fbi-bfab 4
1503
1
jhc-bfad 4
1504
2
ecc-bfae 1
bfah-bfae 3
1505
1
bedh-bfaf 4
1506
2
jai-bfag 1
bdad-bfag 3
1507
1
jbf-bfah 4
1508
1
bcaj-bfai 4
1509
1
bcjd-bfaj 4
1510
1
bdgg-bfba 4
1511
1
hda-bfbb 4
1512
1
ijd-bfbc 4
1513
3
fia-bfbd 1
bbjd-bfbd 2
dcg-bfbd 1
1514
1
behh-bfbe 4
1515
2
efe-bfbf 2
bdga-bfbf 2
1516
1
hih-bfbg 4
1519
1
beif-bfbj 4
1520
1
ghc-bfca 4
1521
3
gfa-bfcb 1
bbba-bfcb 1
gaj-bfcb 2
1522
1
gga-bfcc 4
1523
3
bdbj-bfcd 1
bcdc-bfcd 1
ggc-bfcd 2
1524
1
jh-bfce 4
1525
1
bca-bfcf 4
1526
3
bgdj-bfcg 1
bfgg-bfcg 2
cjc-bfcg 1
1527
1
bafe-bfch 4
1528
1
fjb-bfci 4
1529
2
gh-bfcj 3
dif-bfcj 1
1530
2
baai-bfda 1
bgce-bfda 3
1531
1
iih-bfdb 4
1532
1
bfbc-bfdc 4
1533
1
bcgh-bfdd 4
1534
1
jgf-bfde 4
1535
1
ddf-bfdf 4
1536
1
bdfi-bfdg 4
1537
1
bdec-bfdh 4
1538
2
fgc-bfdi 1
ihc-bfdi 3
1539
1
bddd-bfdj 4
1540
1
jdg-bfea 4
1541
1
ggf-bfeb 4
1542
1
bdge-bfec 4
1543
2
iia-bfed 3
iea-bfed 1
1544
2
dae-bfee 1
fhi-bfee 3
1545
4
ied-bfef 1
bgaf-bfef 1
faa-bfef 1
bgda-bfef 1
1546
1
dfb-bfeg 4
1547
1
fdc-bfeh 4
1548
1
cbf-bfei 4
1549
1
bdia-bfej 4
1550
1
iab-bffa 4
1551
1
bda-bffb 4
1552
1
iai-bffc 4
1553
1
egi-bffd 4
1555
1
becg-bfff 4
1556
1
gci-bffg 4
1557
1
ghi-bffh 4
1559
1
eda-bffj 4
1561
2
beif-bfgb 1
bcfj-bfgb 3
1562
1
bdac-bfgc 4
1563
1
ihj-bfgd 4
1565
1
bgga-bfgf 4
1566
1
ec-bfgg 4
1568
2
fea-bfgi 2
bgej-bfgi 2
1571
1
bhg-bfhb 4
1572
1
dgd-bfhc 4
1573
1
bdgb-bfhd 4
1574
1
bfi-bfhe 4
1575
2
ded-bfhf 2
jjj-bfhf 2
1576
2
bfhi-bfhg 1
ibi-bfhg 3
1577
1
ibh-bfhh 4
1578
1
ice-bfhi 4
1579
2
bejj-bfhj 3
gih-bfhj 1
1580
1
df-bfia 4
1581
1
bdca-bfib 4
1582
2
igc-bfic 3
bgfg-bfic 1
1585
2
caa-bfif 2
dfi-bfif 2
1587
1
cif-bfih 4
1588
2
edc-bfii 3
hjg-bfii 1
1589
1
gih-bfij 4
1590
1
bie-bfja 4
1591
1
icj-bfjb 4
1592
1
bej-bfjc 4
1593
1
bajd-bfjd 4
1594
1
bfba-bfje 4
1595
1
cdg-bfjf 4
1596
1
bdej-bfjg 4
1598
1
bebd-bfji 4
1599
1
hhg-bfjj 4
1600
1
bcdd-bgaa 4
1601
1
fga-bgab 4
1602
1
babg-bgac 4
1603
1
bdba-bgad 4
1604
1
bajd-bgae 4
1605
1
beab-bgaf 4
1606
1
bed-bgag 4
1608
1
baji-bgai 4
1609
1
egb-bgaj 4
1610
1
ddd-bgba 4
1613
1
bfje-bgbd 4
1614
1
bfhe-bgbe 4
1616
1
dff-bgbg 4
1617
2
ece-bgbh 2
bgfh-bgbh 2
1618
1
bfjc-bgbi 4
1619
1
cbj-bgbj 4
1621
1
icd-bgcb 4
1622
2
bdbe-bgcc 2
dga-bgcc 2
1624
1
bacd-bgce 4
1625
1
cib-bgcf 4
1626
1
cba-bgcg 4
1627
1
cga-bgch 4
1628
2
bda-bgci 2
hje-bgci 2
1629
1
beeg-bgcj 4
1630
1
bcai-bgda 4
1631
1
jdd-bgdb 4
1632
1
gbb-bgdc 4
1633
2
bhf-bgdd 3
ede-bgdd 1
1634
1
beic-bgde 4
1635
1
bbia-bgdf 4
1636
1
baf-bgdg 4
1638
1
bach-bgdi 4
1639
1
jdb-bgdj 4
1640
1
bcia-bgea 4
1641
1
ega-bgeb 4
1642
2
bacg-bgec 2
djd-bgec 2
1646
1
baca-bgeg 4
1647
1
bece-bgeh 4
1649
1
jej-bgej 4
1650
1
bddj-bgfa 4
1651
1
bhh-bgfb 4
1652
1
bfjg-bgfc 4
1653
2
ddb-bgfd 3
gif-bgfd 1
1654
1
bfcf-bgfe 4
1655
1
bcgh-bgff 4
1656
1
bce-bgfg 4
1657
1
bgbi-bgfh 4
1658
1
bie-bgfi 4
1659
1
eef-bgfj 4
1660
1
bdhi-bgga 4
