1157
1
2
ehb-b 2
dab-b 1
2
3
bi-c 1
di-c 1
fcd-c 1
4
2
cba-e 2
hic-e 1
5
2
e-f 1
bdjf-f 2
6
1
iee-g 3
8
1
geg-i 3
9
2
fbj-j 2
bi-j 1
10
1
bdi-ba 3
11
3
bgf-bb 1
bee-bb 1
gc-bb 1
12
1
dgf-bc 3
13
2
cjb-bd 2
bejh-bd 1
14
2
fec-be 2
beai-be 1
15
1
dh-bf 3
16
1
gge-bg 3
17
2
ihi-bh 2
bgeh-bh 1
18
2
fic-bi 1
babg-bi 2
19
1
bdbf-bj 3
23
1
ffb-cd 3
24
1
jag-ce 3
25
2
eac-cf 2
def-cf 1
26
1
deg-cg 3
28
1
bffg-ci 3
30
3
bcei-da 1
beib-da 1
bhd-da 1
32
3
iag-dc 1
iej-dc 1
bbgj-dc 1
33
1
fc-dd 3
34
1
di-de 3
35
1
bfgb-df 3
36
3
bgfe-dg 1
bcii-dg 1
hah-dg 1
37
3
dc-dh 1
hha-dh 1
bagf-dh 1
38
1
haf-di 3
39
1
gdb-dj 3
40
2
eee-ea 2
dbb-ea 1
41
1
cdi-eb 3
44
1
bacc-ee 3
46
2
ggg-eg 1
bdj-eg 2
47
2
bbfg-eh 1
gdh-eh 2
48
2
dff-ei 2
jfj-ei 1
49
1
baig-ej 3
50
1
bhg-fa 3
52
1
bfch-fc 3
53
1
je-fd 3
55
1
gb-ff 3
57
1
bejb-fh 3
58
1
bfdg-fi 3
60
1
fga-ga 3
61
1
bbjc-gb 3
62
3
bdfa-gc 1
gge-gc 1
eie-gc 1
63
3
bfgc-gd 1
dbf-gd 1
gfb-gd 1
64
1
dfi-ge 3
66
3
cdh-gg 1
jhg-gg 1
bfjf-gg 1
67
3
bh-gh 1
jci-gh 1
bddh-gh 1
68
2
ch-gi 2
bcff-gi 1
71
1
efh-hb 3
72
3
gg-hc 1
ejc-hc 1
cif-hc 1
75
1
hie-hf 3
76
1
cgj-hg 3
78
2
baec-hi 2
iba-hi 1
79
3
jfc-hj 1
di-hj 1
gfg-hj 1
80
3
ccc-ia 1
bfeh-ia 1
di-ia 1
81
1
gia-ib 3
82
1
cgi-ic 3
85
2
bfce-if 1
bcge-if 2
86
1
egf-ig 3
88
3
bgfi-ii 1
dgc-ii 1
bacj-ii 1
90
1
hij-ja 3
91
1
ehi-jb 3
92
3
bbjg-jc 1
fci-jc 1
babi-jc 1
94
3
bi-je 1
gdf-je 1
bfc-je 1
96
1
daf-jg 3
97
2
dai-jh 2
bbfg-jh 1
98
1
bdjh-ji 3
100
3
dig-baa 1
efg-baa 1
dfi-baa 1
101
1
chf-bab 3
102
2
hfi-bac 1
gja-bac 2
103
1
bfi-bad 3
106
1
bcc-bag 3
107
3
bbcc-bah 1
gjh-bah 1
hbf-bah 1
111
1
fdh-bbb 3
112
2
chf-bbc 1
dbb-bbc 2
114
1
cie-bbe 3
115
2
bage-bbf 2
bei-bbf 1
116
2
eg-bbg 2
iff-bbg 1
117
1
bacc-bbh 3
118
2
beeh-bbi 2
bca-bbi 1
119
3
bbf-bbj 1
fag-bbj 1
bbag-bbj 1
120
1
gaf-bca 3
121
1
fba-bcb 3
122
3
bbab-bcc 1
bbff-bcc 1
jg-bcc 1
123
3
eed-bcd 1
gc-bcd 1
jec-bcd 1
124
2
bb-bce 1
gef-bce 2
126
2
di-bcg 2
g-bcg 1
128
3
bagb-bci 1
bbhe-bci 1
bbc-bci 1
130
1
ffa-bda 3
131
2
deh-bdb 2
efd-bdb 1
132
1
fee-bdc 3
133
1
bcgc-bdd 3
135
3
hcg-bdf 1
gbf-bdf 1
gea-bdf 1
136
3
bahh-bdg 1
bcc-bdg 1
bbij-bdg 1
138
1
iic-bdi 3
139
3
hhc-bdj 1
geh-bdj 1
igg-bdj 1
140
1
cdh-bea 3
141
1
cbe-beb 3
142
3
eei-bec 1
hea-bec 1
hj-bec 1
144
3
cfa-bee 1
bgbe-bee 1
gjd-bee 1
147
1
hi-beh 3
148
3
fge-bei 1
bcgi-bei 1
jca-bei 1
149
1
fif-bej 3
151
1
bdji-bfb 3
152
2
ifh-bfc 2
dcb-bfc 1
153
1
bif-bfd 3
154
1
baea-bfe 3
155
1
eec-bff 3
156
2
bgac-bfg 2
dae-bfg 1
158
3
bgci-bfi 1
gaa-bfi 1
jhe-bfi 1
160
2
hbd-bga 2
dij-bga 1
161
1
cgc-bgb 3
162
1
cdb-bgc 3
164
1
hci-bge 3
165
1
iaa-bgf 3
166
3
bcaa-bgg 1
ehg-bgg 1
heh-bgg 1
167
2
be-bgh 1
bfgh-bgh 2
168
2
daj-bgi 2
cbi-bgi 1
170
2
fh-bha 2
gi-bha 1
171
1
hhd-bhb 3
173
2
hj-bhd 2
eed-bhd 1
174
2
chd-bhe 2
daa-bhe 1
175
2
cgi-bhf 2
bci-bhf 1
176
3
cdi-bhg 1
cbg-bhg 1
bci-bhg 1
177
1
cch-bhh 3
178
2
eaj-bhi 2
bacb-bhi 1
181
2
eae-bib 1
fhc-bib 2
182
1
dc-bic 3
184
2
bde-bie 2
bcc-bie 1
185
2
bgcg-bif 1
babf-bif 2
190
1
dca-bja 3
191
1
bbee-bjb 3
192
1
baad-bjc 3
193
3
ghb-bjd 1
di-bjd 1
gd-bjd 1
194
1
ecd-bje 3
195
3
bccc-bjf 1
hic-bjf 1
baff-bjf 1
197
3
djg-bjh 1
cd-bjh 1
eah-bjh 1
198
3
beeb-bji 1
cgh-bji 1
fdj-bji 1
199
2
baad-bjj 2
jhe-bjj 1
200
2
dhc-caa 1
djj-caa 2
201
1
bdg-cab 3
202
2
fid-cac 2
cgd-cac 1
204
1
bcb-cae 3
205
2
bafb-caf 2
ghc-caf 1
206
1
cie-cag 3
208
1
gdb-cai 3
210
3
bccb-cba 1
bbjf-cba 1
bgdd-cba 1
212
2
bcdg-cbc 2
efg-cbc 1
213
3
jfc-cbd 1
bif-cbd 1
bcdc-cbd 1
214
1
bbcc-cbe 3
215
1
ceb-cbf 3
216
2
bbfi-cbg 2
becj-cbg 1
217
1
bhi-cbh 3
218
1
ede-cbi 3
219
1
gjj-cbj 3
220
2
eea-cca 1
cbe-cca 2
221
1
bjj-ccb 3
222
3
bcda-ccc 1
eag-ccc 1
jfh-ccc 1
225
2
ga-ccf 1
ihi-ccf 2
226
1
ijd-ccg 3
227
2
egd-cch 2
bhe-cch 1
228
3
ceb-cci 1
haf-cci 1
bgbg-cci 1
231
1
ejg-cdb 3
235
3
bhj-cdf 1
fjc-cdf 1
dfa-cdf 1
236
1
dff-cdg 3
237
1
bbja-cdh 3
238
2
j-cdi 2
beha-cdi 1
240
2
che-cea 2
jaj-cea 1
241
1
bdea-ceb 3
245
2
bha-cef 2
dab-cef 1
247
1
eeg-ceh 3
249
2
bh-cej 2
bbee-cej 1
250
2
gei-cfa 2
bdhb-cfa 1
251
1
cea-cfb 3
255
2
ejg-cff 2
hda-cff 1
256
3
bbdg-cfg 1
ej-cfg 1
gic-cfg 1
257
2
bbee-cfh 2
cie-cfh 1
260
3
bhb-cga 1
dh-cga 1
bcjf-cga 1
261
1
da-cgb 3
262
2
cdb-cgc 1
hfc-cgc 2
263
1
dcf-cgd 3
264
1
bfc-cge 3
265
2
dej-cgf 2
bgbh-cgf 1
267
3
cag-cgh 1
bdhc-cgh 1
hc-cgh 1
268
3
baaa-cgi 1
ia-cgi 1
fdh-cgi 1
269
1
eag-cgj 3
272
3
fjc-chc 1
bbfj-chc 1
jhd-chc 1
273
2
bfbg-chd 2
dfj-chd 1
274
1
befj-che 3
275
1
eca-chf 3
276
1
fc-chg 3
278
1
bbc-chi 3
281
3
bdhh-cib 1
eha-cib 1
bcce-cib 1
283
2
ehb-cid 2
cjb-cid 1
284
2
jfi-cie 1
gg-cie 2
285
2
dae-cif 1
bcja-cif 2
286
1
eef-cig 3
287
1
icg-cih 3
289
1
dgf-cij 3
291
2
beba-cjb 2
eei-cjb 1
292
2
bada-cjc 2
bfgi-cjc 1
294
1
bbi-cje 3
295
1
egf-cjf 3
298
2
dbj-cji 2
bdce-cji 1
299
2
jah-cjj 1
bfeb-cjj 2
300
3
jjb-daa 1
bbhc-daa 1
bfde-daa 1
301
2
bef-dab 1
hi-dab 2
302
1
dce-dac 3
303
1
gfd-dad 3
304
2
bcib-dae 2
fce-dae 1
305
3
fbb-daf 1
badi-daf 1
bdcb-daf 1
307
1
cgi-dah 3
308
2
bchi-dai 2
dhc-dai 1
309
2
dce-daj 2
geh-daj 1
310
1
hhj-dba 3
311
1
eaa-dbb 3
313
1
gcb-dbd 3
314
1
bcaf-dbe 3
315
2
gib-dbf 2
baad-dbf 1
316
2
iag-dbg 1
dab-dbg 2
317
1
fha-dbh 3
319
1
cg-dbj 3
320
3
a-dca 1
bdii-dca 1
jbi-dca 1
321
3
efg-dcb 1
gad-dcb 1
eda-dcb 1
322
1
di-dcc 3
323
1
gjc-dcd 3
324
2
ebg-dce 1
jef-dce 2
325
1
bbja-dcf 3
326
1
jjj-dcg 3
327
3
bdgc-dch 1
jai-dch 1
eca-dch 1
329
1
jcg-dcj 3
331
1
bdge-ddb 3
332
2
bja-ddc 2
bfjb-ddc 1
334
3
fbe-dde 1
ifj-dde 1
d-dde 1
335
3
jh-ddf 1
fcf-ddf 1
eij-ddf 1
337
1
baa-ddh 3
339
2
haa-ddj 1
ecg-ddj 2
340
3
ejd-dea 1
ief-dea 1
dia-dea 1
341
3
hgj-deb 1
fei-deb 1
cbi-deb 1
342
1
bfg-dec 3
343
1
gij-ded 3
344
3
cia-dee 1
fhb-dee 1
dhc-dee 1
345
1
jfi-def 3
346
1
cfb-deg 3
347
1
dj-deh 3
348
1
gjc-dei 3
349
1
bcah-dej 3
350
1
ege-dfa 3
351
2
e-dfb 2
ehb-dfb 1
352
2
cjc-dfc 2
ghb-dfc 1
353
1
idj-dfd 3
354
1
baac-dfe 3
355
3
hii-dff 1
gie-dff 1
heg-dff 1
356
1
eib-dfg 3
357
3
fee-dfh 1
beci-dfh 1
fhb-dfh 1
358
2
egd-dfi 1
hgh-dfi 2
359
1
bbah-dfj 3
360
1
bcdg-dga 3
361
1
bcae-dgb 3
362
2
c-dgc 2
fib-dgc 1
363
3
ifg-dgd 1
cbc-dgd 1
bbjf-dgd 1
364
2
dc-dge 2
bccf-dge 1
365
2
bffd-dgf 2
bbba-dgf 1
366
1
bg-dgg 3
367
2
idi-dgh 2
dff-dgh 1
368
2
deb-dgi 1
bbf-dgi 2
369
2
gg-dgj 2
bcab-dgj 1
370
1
dij-dha 3
371
1
ebh-dhb 3
372
3
bbce-dhc 1
dbg-dhc 1
bdab-dhc 1
373
2
baeg-dhd 1
dgh-dhd 2
374
3
bbhi-dhe 1
dca-dhe 1
bbii-dhe 1
375
1
baga-dhf 3
376
2
ida-dhg 2
bfe-dhg 1
378
1
ihg-dhi 3
379
1
ddj-dhj 3
380
1
ecg-dia 3
384
2
fac-die 1
baag-die 2
385
1
bbdh-dif 3
386
2
hih-dig 2
fcd-dig 1
387
2
bbjg-dih 2
fdg-dih 1
388
1
bdeg-dii 3
389
3
bacf-dij 1
hhe-dij 1
ici-dij 1
391
1
jjj-djb 3
393
2
cie-djd 2
ceb-djd 1
394
2
beaj-dje 2
bbj-dje 1
395
1
di-djf 3
396
3
bceg-djg 1
efi-djg 1
cji-djg 1
397
3
beca-djh 1
cjc-djh 1
ebi-djh 1
399
2
jib-djj 2
bbc-djj 1
400
2
bee-eaa 2
hjj-eaa 1
401
1
bbga-eab 3
402
1
cej-eac 3
404
2
icb-eae 2
gdc-eae 1
406
2
gff-eag 1
hgb-eag 2
407
2
bbcf-eah 2
eca-eah 1
408
1
bbec-eai 3
409
1
beec-eaj 3
410
2
feb-eba 2
bif-eba 1
411
1
ffd-ebb 3
412
1
baej-ebc 3
413
3
dgi-ebd 1
badb-ebd 1
bdae-ebd 1
414
3
ebb-ebe 1
ceb-ebe 1
df-ebe 1
417
1
icg-ebh 3
418
1
hfe-ebi 3
419
2
djj-ebj 1
jgc-ebj 2
420
3
eh-eca 1
dbf-eca 1
jga-eca 1
421
1
bchc-ecb 3
422
2
bdch-ecc 2
jc-ecc 1
423
2
fba-ecd 2
jfj-ecd 1
424
1
eaa-ece 3
425
2
dc-ecf 2
eed-ecf 1
426
1
bcca-ecg 3
427
2
hcd-ech 1
jjc-ech 2
430
3
dhf-eda 1
dgb-eda 1
bdcg-eda 1
432
1
ggi-edc 3
433
2
bdh-edd 1
cbe-edd 2
434
3
ffi-ede 1
jh-ede 1
jbb-ede 1
435
3
bdag-edf 1
hba-edf 1
fah-edf 1
437
2
bbgb-edh 2
hcd-edh 1
438
1
egf-edi 3
439
1
egf-edj 3
441
1
hgh-eeb 3
442
3
hci-eec 1
cbe-eec 1
dge-eec 1
443
3
iaa-eed 1
gcd-eed 1
fcg-eed 1
445
2
bdg-eef 1
dej-eef 2
446
1
bfc-eeg 3
448
1
beed-eei 3
449
1
bcih-eej 3
450
1
hch-efa 3
452
1
ehd-efc 3
453
2
bbc-efd 1
fei-efd 2
454
1
bcdb-efe 3
455
2
bjf-eff 1
fff-eff 2
456
2
iib-efg 2
bcad-efg 1
457
2
ibb-efh 2
igc-efh 1
458
1
eec-efi 3
459
2
bbca-efj 2
bbfa-efj 1
460
3
bja-ega 1
feh-ega 1
jca-ega 1
461
2
bcdf-egb 2
fdb-egb 1
462
1
ddc-egc 3
463
1
cfa-egd 3
464
1
ifi-ege 3
465
3
ifd-egf 1
fge-egf 1
eae-egf 1
469
1
ibi-egj 3
470
1
cgh-eha 3
471
1
hib-ehb 3
472
1
iad-ehc 3
473
1
hcb-ehd 3
474
1
hje-ehe 3
475
2
hgh-ehf 1
jgj-ehf 2
476
1
edf-ehg 3
478
1
jfd-ehi 3
481
3
dg-eib 1
bbbe-eib 1
iih-eib 1
482
2
bfef-eic 2
bdfb-eic 1
487
1
cag-eih 3
489
1
jae-eij 3
490
2
babi-eja 2
iaj-eja 1
492
2
bcbe-ejc 1
ggd-ejc 2
493
1
ige-ejd 3
495
1
bfja-ejf 3
496
2
feg-ejg 2
chd-ejg 1
499
1
chf-ejj 3
500
1
ice-faa 3
502
2
cbi-fac 1
bbii-fac 2
503
3
bdjg-fad 1
fgd-fad 1
baei-fad 1
504
1
baba-fae 3
506
2
bahb-fag 2
dbf-fag 1
507
1
bjf-fah 3
508
1
fdh-fai 3
509
2
bhe-faj 2
fgi-faj 1
510
2
bbdb-fba 1
bge-fba 2
511
1
jgi-fbb 3
513
1
ejj-fbd 3
514
1
fgi-fbe 3
516
1
dff-fbg 3
517
2
fdh-fbh 1
fgb-fbh 2
518
3
ebf-fbi 1
bjb-fbi 1
eah-fbi 1
519
1
hdc-fbj 3
520
2
gaj-fca 2
bccg-fca 1
521
1
bcdf-fcb 3
522
1
bfca-fcc 3
523
1
cba-fcd 3
524
1
baec-fce 3
525
2
baib-fcf 2
ehe-fcf 1
526
2
bcah-fcg 2
gcc-fcg 1
527
2
bcee-fch 1
eae-fch 2
528
3
bjf-fci 1
dfh-fci 1
bbea-fci 1
529
1
fcg-fcj 3
531
2
ccf-fdb 2
eha-fdb 1
532
1
bahi-fdc 3
533
3
baei-fdd 1
edd-fdd 1
bfie-fdd 1
536
1
bhi-fdg 3
537
3
deb-fdh 1
cdc-fdh 1
gf-fdh 1
539
1
bdfh-fdj 3
540
1
bdcd-fea 3
541
2
ibd-feb 2
ieb-feb 1
542
2
bfcg-fec 1
bfij-fec 2
543
1
hdi-fed 3
544
1
ecb-fee 3
545
2
je-fef 1
bfdg-fef 2
546
2
ijc-feg 2
hgh-feg 1
547
1
djg-feh 3
548
1
begd-fei 3
550
3
idb-ffa 1
gch-ffa 1
bfef-ffa 1
551
1
ica-ffb 3
555
1
hfd-fff 3
557
1
e-ffh 3
558
2
cdj-ffi 1
cif-ffi 2
560
3
cie-fga 1
eae-fga 1
bhe-fga 1
561
2
gff-fgb 1
dba-fgb 2
562
1
bagf-fgc 3
563
2
bfic-fgd 2
bfff-fgd 1
564
1
gjf-fge 3
567
1
dbh-fgh 3
568
1
dfg-fgi 3
569
1
ghj-fgj 3
570
1
fhc-fha 3
571
3
beeb-fhb 1
bajf-fhb 1
bfcb-fhb 1
572
3
bgea-fhc 1
cba-fhc 1
bfed-fhc 1
574
1
ebh-fhe 3
575
1
gad-fhf 3
576
2
fjc-fhg 2
bbfh-fhg 1
577
1
cba-fhh 3
578
2
bja-fhi 2
jcb-fhi 1
581
2
gjb-fib 2
fgb-fib 1
582
3
ijd-fic 1
bgaj-fic 1
cea-fic 1
583
2
bbaa-fid 2
cih-fid 1
585
2
gge-fif 2
bbc-fif 1
586
2
ejg-fig 2
eib-fig 1
588
1
haf-fii 3
590
1
edj-fja 3
591
3
cij-fjb 1
hae-fjb 1
gef-fjb 1
592
2
hdf-fjc 1
cie-fjc 2
595
1
bahg-fjf 3
600
1
bacj-gaa 3
601
1
gdh-gab 3
603
2
hij-gad 2
bdfe-gad 1
604
3
bfi-gae 1
ceb-gae 1
bd-gae 1
606
2
bahg-gag 2
dff-gag 1
607
1
iaf-gah 3
609
2
di-gaj 2
bcde-gaj 1
610
2
bbib-gba 2
bbge-gba 1
611
2
bfjj-gbb 1
dhf-gbb 2
614
1
bgfd-gbe 3
615
1
bdcf-gbf 3
617
2
ff-gbh 1
ejj-gbh 2
618
1
bbeh-gbi 3
619
2
jej-gbj 2
bbfi-gbj 1
620
1
haj-gca 3
621
2
cab-gcb 2
bfbd-gcb 1
622
3
baad-gcc 1
cdh-gcc 1
baee-gcc 1
627
1
bdc-gch 3
628
3
igb-gci 1
bga-gci 1
cea-gci 1
631
2
bdci-gdb 1
eah-gdb 2
632
2
gbe-gdc 2
babf-gdc 1
634
1
baeb-gde 3
635
1
bchf-gdf 3
636
3
bajh-gdg 1
hag-gdg 1
bddj-gdg 1
637
1
jci-gdh 3
640
2
edi-gea 2
dea-gea 1
645
2
dfi-gef 1
bdgj-gef 2
646
1
bfcj-geg 3
647
2
bjh-geh 2
jg-geh 1
648
2
iba-gei 1
ffa-gei 2
649
1
hgi-gej 3
651
1
jhj-gfb 3
653
1
bdbg-gfd 3
654
1
hfa-gfe 3
655
2
egf-gff 2
idi-gff 1
656
1
bahh-gfg 3
658
2
becd-gfi 1
ech-gfi 2
660
1
hhe-gga 3
663
2
jhh-ggd 2
djj-ggd 1
664
3
beg-gge 1
efd-gge 1
ehc-gge 1
666
1
dij-ggg 3
668
3
bfc-ggi 1
cbc-ggi 1
cgh-ggi 1
670
3
gdh-gha 1
gii-gha 1
ifc-gha 1
671
3
bgef-ghb 1
bbfg-ghb 1
idb-ghb 1
672
1
beid-ghc 3
673
1
egj-ghd 3
674
1
ggg-ghe 3
676
1
fhb-ghg 3
678
1
daf-ghi 3
679
2
fcd-ghj 2
bcbc-ghj 1
680
1
hbf-gia 3
681
2
cic-gib 1
bbhf-gib 2
682
1
dhi-gic 3
683
1
cjj-gid 3
684
1
iih-gie 3
685
3
hge-gif 1
jea-gif 1
gdf-gif 1
687
2
badc-gih 2
die-gih 1
688
2
baab-gii 1
ib-gii 2
689
1
ehf-gij 3
690
1
ecd-gja 3
691
1
ebc-gjb 3
692
3
hji-gjc 1
behb-gjc 1
gbe-gjc 1
695
2
ieg-gjf 2
dig-gjf 1
696
2
bfb-gjg 2
bbic-gjg 1
697
2
cbg-gjh 2
cje-gjh 1
699
1
iii-gjj 3
700
1
bcea-haa 3
704
3
chi-hae 1
bbic-hae 1
hea-hae 1
705
2
jda-haf 1
jji-haf 2
706
2
dfg-hag 1
hje-hag 2
707
1
efj-hah 3
709
1
bdjj-haj 3
710
2
bdbi-hba 1
bega-hba 2
711
1
cgj-hbb 3
713
2
bdff-hbd 1
bei-hbd 2
714
1
fc-hbe 3
715
2
jf-hbf 2
fcf-hbf 1
716
1
bdjf-hbg 3
717
3
babe-hbh 1
ci-hbh 1
ifg-hbh 1
719
2
jge-hbj 2
bedf-hbj 1
721
2
bdfa-hcb 2
bahd-hcb 1
722
1
cie-hcc 3
723
2
jee-hcd 2
bgi-hcd 1
724
3
beaf-hce 1
ejf-hce 1
eab-hce 1
725
3
gad-hcf 1
hhc-hcf 1
b-hcf 1
726
2
ibf-hcg 2
ja-hcg 1
728
2
ggi-hci 2
geh-hci 1
730
2
dec-hda 2
ffb-hda 1
731
2
bejg-hdb 2
bfhg-hdb 1
732
3
bdac-hdc 1
cej-hdc 1
befb-hdc 1
733
1
bdg-hdd 3
734
1
bbjf-hde 3
735
3
fad-hdf 1
gbh-hdf 1
bbha-hdf 1
736
1
fjc-hdg 3
738
1
beah-hdi 3
739
1
haa-hdj 3
740
2
djb-hea 2
befg-hea 1
741
1
icg-heb 3
742
3
bdda-hec 1
bdhc-hec 1
fai-hec 1
743
1
bcbg-hed 3
744
1
bfhd-hee 3
745
2
bfch-hef 2
bjd-hef 1
746
1
ceb-heg 3
747
1
hii-heh 3
749
1
bgbd-hej 3
750
1
befe-hfa 3
751
2
egc-hfb 2
bff-hfb 1
752
2
gjh-hfc 2
gab-hfc 1
753
1
bcec-hfd 3
754
2
gac-hfe 2
bahd-hfe 1
756
1
bbac-hfg 3
758
1
beih-hfi 3
759
1
bfhi-hfj 3
760
1
bbg-hga 3
761
1
hfc-hgb 3
762
2
dej-hgc 2
hje-hgc 1
764
1
beff-hge 3
765
3
bafe-hgf 1
icd-hgf 1
bci-hgf 1
767
1
dej-hgh 3
768
2
cdb-hgi 2
baja-hgi 1
770
2
ihj-hha 2
baad-hha 1
772
2
fhc-hhc 2
beff-hhc 1
773
1
gaa-hhd 3
774
1
eff-hhe 3
778
1
bdci-hhi 3
779
1
bfag-hhj 3
781
1
bbi-hib 3
782
3
chh-hic 1
bgcf-hic 1
dhd-hic 1
786
1
fig-hig 3
787
1
ddh-hih 3
788
1
cgi-hii 3
789
1
bji-hij 3
791
1
cfh-hjb 3
792
3
bfhe-hjc 1
gaj-hjc 1
bbfi-hjc 1
793
1
fef-hjd 3
794
2
fgj-hje 2
bdja-hje 1
795
2
beji-hjf 1
edj-hjf 2
796
1
jdh-hjg 3
798
1
hfj-hji 3
799
2
beea-hjj 2
gah-hjj 1
800
3
jcg-iaa 1
dhc-iaa 1
deb-iaa 1
801
2
ech-iab 2
cdh-iab 1
802
1
eic-iac 3
803
1
cgd-iad 3
804
2
bcd-iae 2
cdf-iae 1
805
2
gjf-iaf 2
ejf-iaf 1
806
2
ejg-iag 2
bage-iag 1
807
1
fei-iah 3
808
2
dje-iai 1
jh-iai 2
809
1
bddg-iaj 3
810
3
bbbj-iba 1
bbba-iba 1
bafb-iba 1
811
1
iha-ibb 3
813
1
bgcj-ibd 3
815
1
bffh-ibf 3
816
1
fhg-ibg 3
817
2
babb-ibh 2
eja-ibh 1
818
1
bjc-ibi 3
819
2
bbcd-ibj 1
dfd-ibj 2
820
2
dgi-ica 2
becf-ica 1
821
1
hfi-icb 3
823
3
jaj-icd 1
hcd-icd 1
hj-icd 1
824
1
ehd-ice 3
825
2
dbb-icf 2
fce-icf 1
826
3
gcg-icg 1
bcdi-icg 1
bjj-icg 1
828
1
jc-ici 3
829
1
jie-icj 3
830
1
bcfd-ida 3
831
1
ghi-idb 3
832
1
gjg-idc 3
836
1
dhd-idg 3
838
3
bgfa-idi 1
ech-idi 1
bbdd-idi 1
839
2
fdj-idj 1
bcc-idj 2
840
1
bebf-iea 3
841
2
bbie-ieb 2
fhb-ieb 1
842
1
hfg-iec 3
843
2
bbid-ied 1
jac-ied 2
844
2
efc-iee 2
baje-iee 1
845
2
ea-ief 2
bbah-ief 1
846
1
ffh-ieg 3
848
2
hgi-iei 2
efg-iei 1
849
1
bbh-iej 3
850
2
bbbi-ifa 2
ccc-ifa 1
851
1
dfh-ifb 3
852
3
bchg-ifc 1
ejj-ifc 1
jid-ifc 1
853
2
cf-ifd 1
bbhd-ifd 2
854
2
hjf-ife 1
dad-ife 2
855
1
efe-iff 3
856
2
bgeb-ifg 1
be-ifg 2
857
1
baai-ifh 3
858
1
bcci-ifi 3
861
1
cif-igb 3
862
1
bcgi-igc 3
864
1
hjc-ige 3
867
1
hag-igh 3
870
3
bcdj-iha 1
hgf-iha 1
jfa-iha 1
871
1
bbcj-ihb 3
873
1
behh-ihd 3
874
2
hdg-ihe 2
hdj-ihe 1
875
1
bbad-ihf 3
878
1
bdgf-ihi 3
879
2
caf-ihj 2
cef-ihj 1
880
2
fgb-iia 2
fid-iia 1
881
2
baeb-iib 2
bafa-iib 1
882
1
jje-iic 3
883
1
iae-iid 3
886
1
hjb-iig 3
887
1
hbj-iih 3
889
1
baaa-iij 3
893
2
beda-ijd 1
hfi-ijd 2
894
1
beef-ije 3
896
1
behi-ijg 3
898
1
gd-iji 3
901
2
baej-jab 2
gbe-jab 1
902
1
ejj-jac 3
904
1
ee-jae 3
906
1
cg-jag 3
907
1
baia-jah 3
908
3
bffi-jai 1
gbj-jai 1
efa-jai 1
909
1
ebd-jaj 3
910
2
bdef-jba 1
gej-jba 2
911
2
gjc-jbb 1
dhg-jbb 2
912
1
jca-jbc 3
913
1
bfad-jbd 3
915
1
bedi-jbf 3
916
2
ehd-jbg 2
baie-jbg 1
917
2
dbd-jbh 2
babf-jbh 1
918
1
bdcc-jbi 3
920
1
jfg-jca 3
921
2
faj-jcb 1
gae-jcb 2
922
1
gfb-jcc 3
926
1
ggg-jcg 3
928
2
bfbf-jci 1
gih-jci 2
930
2
bdig-jda 2
bgdf-jda 1
931
3
hge-jdb 1
cgf-jdb 1
jhc-jdb 1
932
1
hbh-jdc 3
934
2
bi-jde 2
bdgi-jde 1
940
1
ije-jea 3
942
1
bdfg-jec 3
944
1
hjb-jee 3
945
2
badj-jef 1
bbje-jef 2
946
1
bbj-jeg 3
948
1
eff-jei 3
949
2
ehb-jej 1
dch-jej 2
950
3
fdj-jfa 1
iec-jfa 1
bhe-jfa 1
952
1
jgb-jfc 3
953
2
fbd-jfd 2
babc-jfd 1
954
2
bfgb-jfe 2
c-jfe 1
956
3
fic-jfg 1
bccb-jfg 1
ega-jfg 1
957
2
bffj-jfh 2
gfb-jfh 1
958
3
bbj-jfi 1
befa-jfi 1
dii-jfi 1
959
2
bdhe-jfj 1
bcaj-jfj 2
960
2
bfab-jga 1
bfcd-jga 2
961
1
ecd-jgb 3
962
2
babj-jgc 2
ibd-jgc 1
964
1
bcgj-jge 3
965
1
i-jgf 3
966
1
bajc-jgg 3
968
1
iae-jgi 3
970
3
bea-jha 1
jia-jha 1
ghd-jha 1
972
1
eej-jhc 3
973
1
gba-jhd 3
974
2
bbai-jhe 2
jae-jhe 1
975
3
fch-jhf 1
bajj-jhf 1
behe-jhf 1
976
1
fbi-jhg 3
977
1
gab-jhh 3
979
1
eei-jhj 3
980
2
bded-jia 1
baac-jia 2
981
1
iac-jib 3
983
1
bgfj-jid 3
985
2
bb-jif 1
hah-jif 2
986
1
gha-jig 3
991
1
cjc-jjb 3
992
1
bcgb-jjc 3
993
1
daj-jjd 3
994
1
bbcg-jje 3
995
1
ccf-jjf 3
998
1
hef-jji 3
999
1
bcci-jjj 3
1000
1
fgi-baaa 3
1001
3
jeg-baab 1
ifd-baab 1
efi-baab 1
1002
2
hig-baac 2
jbh-baac 1
1003
1
ceb-baad 3
1006
2
beja-baag 1
jci-baag 2
1007
1
baef-baah 3
1008
1
bacb-baai 3
1009
1
ceb-baaj 3
1010
3
ehi-baba 1
bbfb-baba 1
dfi-baba 1
1011
1
djh-babb 3
1012
3
beag-babc 1
if-babc 1
baif-babc 1
1013
1
dfe-babd 3
1014
2
cjc-babe 2
ebj-babe 1
1015
1
begj-babf 3
1016
2
bdhd-babg 1
beba-babg 2
1018
2
baij-babi 1
cdb-babi 2
1020
1
igh-baca 3
1021
3
jhb-bacb 1
bgbj-bacb 1
heb-bacb 1
1022
1
gdb-bacc 3
1027
1
bih-bach 3
1029
2
iha-bacj 2
bada-bacj 1
1030
3
gdb-bada 1
hej-bada 1
bbcf-bada 1
1031
1
bdf-badb 3
1032
1
ifg-badc 3
1033
1
bcac-badd 3
1038
1
bbdi-badi 3
1039
1
bjf-badj 3
1040
1
hdd-baea 3
1041
3
fd-baeb 1
bbaf-baeb 1
bdcj-baeb 1
1042
2
hbg-baec 2
jha-baec 1
1045
1
fi-baef 3
1046
2
bcef-baeg 1
jdc-baeg 2
1048
2
bagg-baei 1
bcig-baei 2
1049
2
bbhh-baej 1
bdfj-baej 2
1050
2
dgj-bafa 2
babe-bafa 1
1051
3
gdg-bafb 1
bbbd-bafb 1
baah-bafb 1
1054
1
fdd-bafe 3
1055
1
bfif-baff 3
1059
1
hef-bafj 3
1060
1
bbag-baga 3
1061
1
fhb-bagb 3
1064
1
jhf-bage 3
1065
1
bede-bagf 3
1066
2
hgb-bagg 1
fcb-bagg 2
1067
2
gje-bagh 2
cgf-bagh 1
1069
2
jhd-bagj 2
bad-bagj 1
1070
1
bgcc-baha 3
1073
3
behd-bahd 1
dbb-bahd 1
beij-bahd 1
1076
1
gjc-bahg 3
1077
3
hea-bahh 1
jab-bahh 1
bedg-bahh 1
1078
1
ceh-bahi 3
1080
1
bgg-baia 3
1082
1
iaa-baic 3
1084
1
chg-baie 3
1086
1
hif-baig 3
1087
1
gcf-baih 3
1089
2
bha-baij 2
ife-baij 1
1090
3
cdh-baja 1
bcfj-baja 1
bif-baja 1
1092
1
dhb-bajc 3
1094
3
bdab-baje 1
gfi-baje 1
iej-baje 1
1095
1
bbgi-bajf 3
1098
1
baje-baji 3
1099
1
bajf-bajj 3
1100
1
bcfa-bbaa 3
1102
2
bejd-bbac 2
dce-bbac 1
1103
2
jbh-bbad 2
bbag-bbad 1
1104
3
gc-bbae 1
gid-bbae 1
bcfc-bbae 1
1105
1
eff-bbaf 3
1106
1
gff-bbag 3
1107
3
bfjh-bbah 1
cja-bbah 1
beci-bbah 1
1110
1
hdb-bbba 3
1113
2
bgab-bbbd 2
icb-bbbd 1
1114
3
bccj-bbbe 1
bcc-bbbe 1
dhj-bbbe 1
1118
1
bac-bbbi 3
1120
1
jcc-bbca 3
1121
1
iee-bbcb 3
1122
1
hbd-bbcc 3
1124
1
gde-bbce 3
1125
2
fhc-bbcf 1
bbae-bbcf 2
1126
1
fcg-bbcg 3
1127
1
icb-bbch 3
1129
1
hee-bbcj 3
1130
1
jde-bbda 3
1131
3
idc-bbdb 1
bfdj-bbdb 1
ifa-bbdb 1
1133
1
bci-bbdd 3
1134
1
jif-bbde 3
1135
1
gbi-bbdf 3
1136
1
bgdc-bbdg 3
1138
2
bcba-bbdi 1
hbh-bbdi 2
1140
1
df-bbea 3
1141
3
bbde-bbeb 1
ji-bbeb 1
bbae-bbeb 1
1142
1
bcie-bbec 3
1143
1
jc-bbed 3
1144
1
bdee-bbee 3
1145
3
badd-bbef 1
ce-bbef 1
fjb-bbef 1
1147
1
eg-bbeh 3
1149
3
fja-bbej 1
fci-bbej 1
bcbb-bbej 1
1150
1
bacc-bbfa 3
1151
3
bdah-bbfb 1
bbgg-bbfb 1
baji-bbfb 1
1154
1
bbgi-bbfe 3
1155
3
hg-bbff 1
bdjd-bbff 1
ihi-bbff 1
1156
2
fea-bbfg 2
bfee-bbfg 1
1157
1
bbjg-bbfh 3
1158
2
bbej-bbfi 2
bfhb-bbfi 1
1159
2
ifc-bbfj 1
cbc-bbfj 2
1160
1
jbc-bbga 3
1161
2
hgd-bbgb 2
hi-bbgb 1
1164
1
eb-bbge 3
1166
1
bcde-bbgg 3
1168
2
jgi-bbgi 2
bfi-bbgi 1
1169
2
bejh-bbgj 2
eah-bbgj 1
1170
1
begi-bbha 3
1171
1
iec-bbhb 3
1172
1
cbh-bbhc 3
1173
3
bced-bbhd 1
j-bbhd 1
bdb-bbhd 1
1174
2
bbgb-bbhe 2
gfe-bbhe 1
1175
1
dia-bbhf 3
1177
1
beee-bbhh 3
1178
1
hgi-bbhi 3
1180
1
ei-bbia 3
1181
1
bdi-bbib 3
1182
2
befc-bbic 1
iab-bbic 2
1183
1
bbdd-bbid 3
1184
3
bbhj-bbie 1
dee-bbie 1
def-bbie 1
1185
1
dcj-bbif 3
1188
1
bfgf-bbii 3
1189
2
bbdf-bbij 2
beci-bbij 1
1190
2
bacb-bbja 1
fec-bbja 2
1192
1
ii-bbjc 3
1194
1
cbd-bbje 3
1195
2
jbg-bbjf 2
haj-bbjf 1
1196
3
bbfe-bbjg 1
bagj-bbjg 1
hjb-bbjg 1
1198
1
hhi-bbji 3
1199
1
cig-bbjj 3
1200
1
bgb-bcaa 3
1201
1
dfi-bcab 3
1202
2
fa-bcac 1
had-bcac 2
1203
2
bgcb-bcad 1
bdf-bcad 2
1204
2
ibg-bcae 2
bdaj-bcae 1
1205
2
bcda-bcaf 1
bbha-bcaf 2
1206
1
bgch-bcag 3
1207
1
eed-bcah 3
1208
1
bbcj-bcai 3
1209
1
bbji-bcaj 3
1211
1
die-bcbb 3
1212
3
ef-bcbc 1
bafj-bcbc 1
dbe-bcbc 1
1213
1
baca-bcbd 3
1214
1
bdd-bcbe 3
1216
1
iea-bcbg 3
1217
1
bhg-bcbh 3
1220
2
jfe-bcca 1
behj-bcca 2
1221
2
egb-bccb 1
cid-bccb 2
1223
2
bfed-bccd 2
behg-bccd 1
1224
1
iib-bcce 3
1225
1
bfhd-bccf 3
1226
1
begg-bccg 3
1228
2
hjd-bcci 2
bcae-bcci 1
1229
3
hci-bccj 1
gbe-bccj 1
cfg-bccj 1
1230
3
beii-bcda 1
dh-bcda 1
ijd-bcda 1
1231
1
bbeb-bcdb 3
1232
2
bccd-bcdc 1
bfga-bcdc 2
1233
2
bdid-bcdd 1
bagh-bcdd 2
1234
3
beje-bcde 1
bcha-bcde 1
cba-bcde 1
1235
1
bbef-bcdf 3
1236
2
chc-bcdg 2
hjc-bcdg 1
1238
1
cfg-bcdi 3
1239
1
fdb-bcdj 3
1240
1
becb-bcea 3
1241
1
idj-bceb 3
1244
2
iai-bcee 2
bdja-bcee 1
1248
1
bci-bcei 3
1249
1
jfh-bcej 3
1250
1
jfh-bcfa 3
1252
1
cig-bcfc 3
1253
1
idg-bcfd 3
1255
1
begg-bcff 3
1258
1
ihe-bcfi 3
1259
1
bchb-bcfj 3
1261
1
eai-bcgb 3
1262
1
beih-bcgc 3
1264
2
baih-bcge 1
bgh-bcge 2
1266
1
bfhf-bcgg 3
1267
1
bdjg-bcgh 3
1268
2
hce-bcgi 2
fca-bcgi 1
1269
2
bfci-bcgj 2
bdbg-bcgj 1
1270
1
dgg-bcha 3
1271
1
bdfj-bchb 3
1272
1
cej-bchc 3
1273
2
bdaf-bchd 2
jbd-bchd 1
1275
1
bfag-bchf 3
1276
2
hga-bchg 2
bebi-bchg 1
1278
1
bcdj-bchi 3
1280
1
bgec-bcia 3
1281
3
bfgd-bcib 1
dde-bcib 1
bje-bcib 1
1284
1
eic-bcie 3
1286
1
fae-bcig 3
1287
1
cae-bcih 3
1288
1
jeh-bcii 3
1290
2
ica-bcja 1
hhd-bcja 2
1295
2
bedc-bcjf 1
bdjc-bcjf 2
1297
1
dch-bcjh 3
1300
1
edh-bdaa 3
1301
2
bdib-bdab 2
iji-bdab 1
1302
1
cgb-bdac 3
1304
2
bbif-bdae 2
bahi-bdae 1
1305
1
ga-bdaf 3
1309
1
hed-bdaj 3
1310
1
bbch-bdba 3
1316
3
ddc-bdbg 1
hdj-bdbg 1
bfii-bdbg 1
1319
3
dhe-bdbj 1
gid-bdbj 1
jfa-bdbj 1
1321
1
ibj-bdcb 3
1322
1
bdhf-bdcc 3
1323
1
bbcb-bdcd 3
1324
1
jfc-bdce 3
1325
1
faa-bdcf 3
1326
1
bce-bdcg 3
1327
2
hgc-bdch 2
cac-bdch 1
1328
1
efh-bdci 3
1329
2
feb-bdcj 1
jjc-bdcj 2
1333
1
bcbf-bddd 3
1336
1
badj-bddg 3
1337
1
bffa-bddh 3
1339
3
bj-bddj 1
bbbe-bddj 1
bcaf-bddj 1
1340
1
dc-bdea 3
1341
1
bdif-bdeb 3
1342
2
bfaf-bdec 1
cca-bdec 2
1343
1
befd-bded 3
1344
1
gii-bdee 3
1345
1
hbe-bdef 3
1346
1
bgfb-bdeg 3
1349
1
bfaa-bdej 3
1350
2
hdb-bdfa 2
bje-bdfa 1
1351
1
ijg-bdfb 3
1353
1
bec-bdfd 3
1354
2
gdf-bdfe 2
bfeg-bdfe 1
1355
1
jga-bdff 3
1356
1
bib-bdfg 3
1357
1
bacc-bdfh 3
1358
2
becc-bdfi 1
jcf-bdfi 2
1359
3
bbjf-bdfj 1
hae-bdfj 1
cdf-bdfj 1
1360
3
begc-bdga 1
ihf-bdga 1
bafa-bdga 1
1361
2
bead-bdgb 1
hig-bdgb 2
1362
2
eba-bdgc 1
bcbd-bdgc 2
1364
1
baej-bdge 3
1365
2
fcc-bdgf 2
bfbe-bdgf 1
1366
1
fbh-bdgg 3
1368
2
bdjb-bdgi 1
bdj-bdgi 2
1369
1
bgdi-bdgj 3
1371
2
hbh-bdhb 1
haf-bdhb 2
1372
2
jei-bdhc 2
bahg-bdhc 1
1373
1
bae-bdhd 3
1374
2
bagb-bdhe 1
jjj-bdhe 2
1375
2
bcdh-bdhf 2
bfae-bdhf 1
1377
1
bdfd-bdhh 3
1378
3
ihe-bdhi 1
hb-bdhi 1
ccf-bdhi 1
1379
1
iah-bdhj 3
1381
1
bcfi-bdib 3
1383
1
beh-bdid 3
1385
2
f-bdif 1
fgc-bdif 2
1386
1
bdge-bdig 3
1388
1
cch-bdii 3
1389
1
fbg-bdij 3
1390
1
bbhb-bdja 3
1391
1
bchd-bdjb 3
1392
1
bfbb-bdjc 3
1393
1
eca-bdjd 3
1394
2
cge-bdje 1
bacj-bdje 2
1395
1
jig-bdjf 3
1396
1
bdef-bdjg 3
1397
1
bfdf-bdjh 3
1398
1
egb-bdji 3
1399
1
bccf-bdjj 3
1403
1
bib-bead 3
1404
1
bdch-beae 3
1406
1
cci-beag 3
1407
1
bgfc-beah 3
1408
1
ida-beai 3
1409
1
dea-beaj 3
1410
1
bbf-beba 3
1415
2
bbfj-bebf 1
ghb-bebf 2
1416
1
idj-bebg 3
1418
1
fad-bebi 3
1420
1
jjf-beca 3
1421
2
bfbj-becb 2
bcg-becb 1
1422
2
haf-becc 1
bcc-becc 2
1423
2
bbii-becd 1
fba-becd 2
1424
1
fii-bece 3
1425
1
hce-becf 3
1428
1
bbgj-beci 3
1429
1
hec-becj 3
1430
3
bc-beda 1
bfhh-beda 1
cbd-beda 1
1432
1
bfaj-bedc 3
1434
2
hf-bede 1
bbda-bede 2
1435
1
ebh-bedf 3
1436
1
jbg-bedg 3
1437
2
bgai-bedh 2
baha-bedh 1
1438
1
iib-bedi 3
1441
2
hcf-beeb 2
bbee-beeb 1
1442
1
jba-beec 3
1443
2
becd-beed 1
bfih-beed 2
1444
2
hhc-beee 2
eff-beee 1
1445
1
icf-beef 3
1446
1
bdeb-beeg 3
1447
1
bdgc-beeh 3
1450
2
ebe-befa 2
cbc-befa 1
1451
1
babd-befb 3
1453
1
iia-befd 3
1454
1
fif-befe 3
1455
1
fid-beff 3
1456
1
bah-befg 3
1459
1
bdgc-befj 3
1460
1
gca-bega 3
1462
1
bgad-begc 3
1463
1
bdgi-begd 3
1466
1
ifb-begg 3
1468
1
cff-begi 3
1469
1
bbfb-begj 3
1470
2
hcj-beha 1
cji-beha 2
1471
1
bfdh-behb 3
1473
1
eda-behd 3
1474
3
ihd-behe 1
baja-behe 1
bgaa-behe 1
1476
1
iei-behg 3
1477
1
bcgg-behh 3
1478
2
bjh-behi 1
bgde-behi 2
1479
1
ihb-behj 3
1481
1
bdaj-beib 3
1482
2
bbb-beic 1
dg-beic 2
1483
2
iai-beid 2
bdje-beid 1
1485
2
gab-beif 2
hfb-beif 1
1487
2
ijd-beih 2
dcc-beih 1
1489
1
bah-beij 3
1494
1
baag-beje 3
1496
1
bcag-bejg 3
1497
1
bdaa-bejh 3
1499
1
cdg-bejj 3
1500
1
bhf-bfaa 3
1501
1
fbi-bfab 3
1504
2
bfah-bfae 2
ecc-bfae 1
1505
1
bedh-bfaf 3
1506
1
jai-bfag 3
1507
1
jbf-bfah 3
1509
1
bcjd-bfaj 3
1510
1
bdgg-bfba 3
1511
1
hda-bfbb 3
1513
1
bbjd-bfbd 3
1514
1
behh-bfbe 3
1515
2
efe-bfbf 1
bdga-bfbf 2
1516
1
hih-bfbg 3
1519
1
beif-bfbj 3
1520
1
ghc-bfca 3
1521
2
gaj-bfcb 2
bbba-bfcb 1
1523
3
bcdc-bfcd 1
ggc-bfcd 1
bdbj-bfcd 1
1526
2
bgdj-bfcg 1
cjc-bfcg 2
1527
1
bafe-bfch 3
1528
1
fjb-bfci 3
1529
2
gh-bfcj 2
dif-bfcj 1
1533
1
bcgh-bfdd 3
1534
1
jgf-bfde 3
1535
1
ddf-bfdf 3
1536
1
bdfi-bfdg 3
1537
1
bdec-bfdh 3
1539
1
bddd-bfdj 3
1541
1
ggf-bfeb 3
1542
1
bdge-bfec 3
1543
2
iea-bfed 1
iia-bfed 2
1544
2
fhi-bfee 2
dae-bfee 1
1545
2
ied-bfef 2
bgda-bfef 1
1546
1
dfb-bfeg 3
1547
1
fdc-bfeh 3
1555
1
becg-bfff 3
1556
1
gci-bffg 3
1558
1
ed-bffi 3
1559
1
eda-bffj 3
1561
2
bcfj-bfgb 2
beif-bfgb 1
1562
1
bdac-bfgc 3
1563
1
ihj-bfgd 3
1565
1
bgga-bfgf 3
1568
2
bgej-bfgi 1
bgee-bfgi 2
1571
1
bhg-bfhb 3
1572
1
dgd-bfhc 3
1573
1
bdgb-bfhd 3
1574
1
bfi-bfhe 3
1575
2
jjj-bfhf 2
ded-bfhf 1
1576
1
bfhi-bfhg 3
1577
1
ibh-bfhh 3
1578
1
ice-bfhi 3
1579
1
gih-bfhj 3
1582
2
igc-bfic 1
bgfg-bfic 2
1584
1
ceh-bfie 3
1585
2
caa-bfif 1
dfi-bfif 2
1587
1
cif-bfih 3
1588
1
hjg-bfii 3
1589
1
gih-bfij 3
1590
1
bie-bfja 3
1591
1
icj-bfjb 3
1592
1
bej-bfjc 3
1594
1
bfba-bfje 3
1595
1
cdg-bfjf 3
1596
1
bdej-bfjg 3
1600
1
bcdd-bgaa 3
1601
1
fga-bgab 3
1602
1
babg-bgac 3
1603
1
bdba-bgad 3
1608
1
baji-bgai 3
1609
1
egb-bgaj 3
1614
1
bfhe-bgbe 3
1616
1
dff-bgbg 3
1617
1
bgfh-bgbh 3
1618
1
bfjc-bgbi 3
1619
1
cbj-bgbj 3
1621
1
icd-bgcb 3
1622
1
dga-bgcc 3
1625
1
cib-bgcf 3
1626
1
cba-bgcg 3
1627
1
cga-bgch 3
1628
2
hje-bgci 2
bda-bgci 1
1629
1
beeg-bgcj 3
1630
1
bcai-bgda 3
1632
1
gbb-bgdc 3
1633
2
bhf-bgdd 2
ede-bgdd 1
1634
1
beic-bgde 3
1635
1
bbia-bgdf 3
1638
1
bach-bgdi 3
1639
1
jdb-bgdj 3
1640
1
bcia-bgea 3
1641
1
ega-bgeb 3
1642
1
bacg-bgec 3
1643
1
behi-bged 3
1644
1
hjf-bgee 3
1645
1
fed-bgef 3
1647
1
bece-bgeh 3
1649
1
jej-bgej 3
1650
1
bddj-bgfa 3
1652
1
bfjg-bgfc 3
1653
1
gif-bgfd 3
1656
1
bce-bgfg 3
1657
1
bgbi-bgfh 3
1658
1
bie-bgfi 3
1659
1
eef-bgfj 3
1660
1
bdhi-bgga 3
