1605
1
2
dab-b 1
ehb-b 1
2
4
bi-c 1
fcd-c 1
dgj-c 1
di-c 2
3
5
ii-d 1
bcb-d 1
hcj-d 1
bjg-d 1
cbd-d 1
4
3
cba-e 1
d-e 1
hic-e 1
5
4
e-f 1
jbb-f 1
bdjf-f 1
bda-f 3
6
3
ehc-g 1
gic-g 1
iee-g 3
8
2
geg-i 2
gie-i 1
9
3
heg-j 1
bi-j 2
fbj-j 1
10
1
bdi-ba 2
11
6
bee-bb 1
bgf-bb 1
bcef-bb 1
bcea-bb 1
gc-bb 1
cd-bb 2
12
5
ccj-bc 1
baid-bc 1
hbf-bc 1
daa-bc 1
dgf-bc 1
13
3
cch-bd 1
cjb-bd 1
bejh-bd 1
14
4
fec-be 1
beai-be 1
babg-be 1
bbbj-be 1
15
2
hi-bf 1
dh-bf 1
16
4
iag-bg 1
baae-bg 1
bi-bg 1
bdii-bg 3
17
2
ihi-bh 1
bgeh-bh 2
18
2
fic-bi 3
babg-bi 1
19
4
ch-bj 1
bdbf-bj 3
db-bj 2
bc-bj 1
20
3
cd-ca 2
dfg-ca 1
gjh-ca 1
21
1
dcc-cb 3
22
2
badc-cc 3
dgf-cc 1
23
5
bcaj-cd 1
bhd-cd 1
ffb-cd 1
dbg-cd 1
gfa-cd 1
24
3
ef-ce 1
jgf-ce 2
jag-ce 1
25
3
def-cf 2
fhg-cf 1
eac-cf 1
26
4
eh-cg 3
chb-cg 1
deb-cg 1
hhc-cg 1
27
4
jgg-ch 2
ddb-ch 1
dji-ch 1
hch-ch 1
28
4
befi-ci 1
bffg-ci 1
hif-ci 1
gbg-ci 1
29
3
bfgd-cj 1
egd-cj 1
fbi-cj 1
30
3
beib-da 4
bhd-da 1
bcei-da 2
31
5
bgj-db 1
cd-db 1
cbh-db 1
bbde-db 1
cfj-db 2
32
4
iej-dc 1
iag-dc 1
bbgj-dc 1
ifh-dc 2
33
2
fc-dd 1
dfg-dd 2
34
2
di-de 1
ghj-de 3
35
4
igi-df 1
gc-df 1
bfgb-df 1
ibf-df 1
36
7
bcii-dg 1
bgfe-dg 1
hah-dg 1
bebe-dg 1
bdfc-dg 1
bed-dg 1
bcag-dg 1
37
3
dc-dh 2
bagf-dh 1
hha-dh 1
38
1
haf-di 1
39
3
cbh-dj 1
gdb-dj 1
ef-dj 1
40
3
jjh-ea 1
eee-ea 1
dbb-ea 3
41
2
bbfc-eb 2
cdi-eb 1
42
3
cdc-ec 2
fc-ec 1
fi-ec 1
43
2
bcia-ed 3
ech-ed 1
44
1
bacc-ee 3
45
4
beeh-ef 2
cih-ef 2
bgd-ef 1
bgb-ef 1
46
3
ggg-eg 1
ffd-eg 2
bdj-eg 1
47
4
bbfg-eh 1
bbei-eh 1
gdh-eh 1
bjb-eh 1
48
5
bbje-ei 1
dff-ei 1
jfj-ei 1
bcjf-ei 1
bb-ei 1
49
2
jia-ej 2
baig-ej 1
50
4
bc-fa 2
hg-fa 1
dhe-fa 1
bhg-fa 1
51
2
dfa-fb 2
bdc-fb 1
52
3
bfch-fc 1
bcj-fc 2
fif-fc 1
53
3
dhe-fd 1
je-fd 2
daf-fd 1
54
1
jic-fe 1
55
4
bed-ff 2
gb-ff 1
bdf-ff 1
dbd-ff 2
56
1
bfaf-fg 1
57
6
jh-fh 1
d-fh 1
ccb-fh 1
bejb-fh 1
bdb-fh 1
jie-fh 1
58
1
bfdg-fi 3
59
5
ifd-fj 1
dbg-fj 1
ddg-fj 1
bcha-fj 1
ff-fj 2
60
2
fga-ga 2
bi-ga 3
61
2
bbjc-gb 1
bbeb-gb 1
62
4
gge-gc 1
e-gc 2
eie-gc 1
bdfa-gc 1
63
7
daj-gd 1
je-gd 1
dbf-gd 1
gfb-gd 1
icd-gd 1
cfj-gd 1
bfgc-gd 1
64
2
dfi-ge 1
g-ge 1
65
1
cgh-gf 1
66
4
idf-gg 1
cdh-gg 1
jhg-gg 1
bfjf-gg 1
67
2
bddh-gh 2
bh-gh 1
68
3
cbe-gi 1
ch-gi 1
bcff-gi 1
69
1
gjj-gj 3
70
1
db-ha 3
71
2
efh-hb 1
iaa-hb 1
72
4
ejc-hc 1
gg-hc 1
dbf-hc 1
cif-hc 1
74
6
gij-he 1
bgi-he 1
hc-he 1
bebb-he 1
bcjc-he 1
gig-he 1
75
3
bdbc-hf 1
da-hf 1
hie-hf 2
76
3
cgj-hg 2
gbd-hg 1
dfj-hg 1
77
5
cae-hh 1
bdh-hh 1
bjb-hh 1
gcj-hh 1
jae-hh 2
78
4
fa-hi 1
baec-hi 1
ihf-hi 1
iba-hi 1
79
3
gfg-hj 1
di-hj 1
jfc-hj 1
80
3
bfeh-ia 2
ccc-ia 1
di-ia 1
81
3
dad-ib 1
dea-ib 2
ghd-ib 1
82
2
bedh-ic 2
cgi-ic 1
83
2
ej-id 3
eab-id 1
84
3
haj-ie 1
bjd-ie 1
dej-ie 2
85
3
bcge-if 1
di-if 1
bfce-if 1
86
1
egf-ig 2
87
2
bba-ih 1
cgh-ih 2
88
5
dgc-ii 1
bgfi-ii 1
chf-ii 1
bacd-ii 1
bacj-ii 1
89
2
bcd-ij 3
dbi-ij 1
90
2
bei-ja 2
hij-ja 1
91
2
jc-jb 3
ehi-jb 1
92
5
hj-jc 1
babi-jc 1
gbe-jc 1
fci-jc 1
bbjg-jc 1
94
4
gdf-je 1
bfgb-je 2
bfc-je 1
bi-je 1
95
1
gbd-jf 3
96
3
ec-jg 1
daf-jg 1
beb-jg 1
97
4
ei-jh 2
bbfg-jh 1
bcbf-jh 1
hib-jh 1
98
2
gbe-ji 3
bdjh-ji 1
99
3
dej-jj 1
bcee-jj 1
fgf-jj 1
100
4
dig-baa 1
fhg-baa 1
efg-baa 1
bfg-baa 1
101
4
jhg-bab 1
eic-bab 1
chf-bab 1
ede-bab 1
102
3
hfi-bac 2
bfe-bac 1
gja-bac 1
103
3
bfi-bad 1
bha-bad 1
jid-bad 1
104
3
dgj-bae 1
ceg-bae 2
bdga-bae 1
105
3
bdbh-baf 2
cbg-baf 1
cj-baf 1
106
3
bfce-bag 1
ede-bag 1
bcc-bag 4
107
5
ifd-bah 1
gjh-bah 1
hbf-bah 1
ddf-bah 1
deg-bah 1
108
2
cfj-bai 1
bda-bai 1
109
2
eg-baj 3
bda-baj 2
110
3
je-bba 1
gdc-bba 2
fbe-bba 1
111
2
fdh-bbb 3
d-bbb 1
112
4
dbb-bbc 1
jje-bbc 1
chf-bbc 1
dgb-bbc 1
113
1
bja-bbd 2
114
2
cie-bbe 2
ehd-bbe 1
115
4
bei-bbf 1
bage-bbf 1
fj-bbf 1
dfc-bbf 1
116
5
eg-bbg 1
iff-bbg 1
eba-bbg 1
gdc-bbg 1
bbbj-bbg 1
117
3
bacc-bbh 1
ehi-bbh 1
gjh-bbh 1
118
3
beeh-bbi 4
gfd-bbi 1
bca-bbi 3
119
5
fag-bbj 1
ige-bbj 1
eh-bbj 1
bbag-bbj 1
gjh-bbj 2
120
3
gaf-bca 1
bae-bca 1
gae-bca 3
121
3
bbdg-bcb 2
fba-bcb 1
bbgc-bcb 1
122
5
bbab-bcc 1
jg-bcc 1
bbff-bcc 1
gfi-bcc 2
bjd-bcc 1
123
4
gc-bcd 1
jec-bcd 1
ddj-bcd 1
eed-bcd 1
124
6
bagd-bce 2
bi-bce 1
gef-bce 1
ccc-bce 1
bb-bce 1
edi-bce 1
125
2
cea-bcf 3
ddj-bcf 1
126
3
dgg-bcg 1
hcj-bcg 1
di-bcg 4
127
4
fbh-bch 2
bgbf-bch 1
gad-bch 1
ecb-bch 1
128
5
bbhe-bci 1
bcbc-bci 1
bbc-bci 1
bagb-bci 1
fi-bci 2
129
3
iff-bcj 4
bah-bcj 1
cjh-bcj 1
130
4
dfj-bda 1
ffa-bda 1
dhg-bda 1
eh-bda 2
131
5
djh-bdb 3
bhb-bdb 1
efd-bdb 1
jbg-bdb 1
deh-bdb 1
132
6
bbjh-bdc 3
fdc-bdc 1
bfea-bdc 1
jbg-bdc 1
cfc-bdc 1
fee-bdc 1
133
2
bece-bdd 3
bcgc-bdd 1
134
3
gge-bde 2
beec-bde 1
bba-bde 2
135
5
gbf-bdf 1
gea-bdf 1
bhe-bdf 1
hcg-bdf 1
bbab-bdf 1
136
7
bahh-bdg 1
ch-bdg 1
djj-bdg 1
bcc-bdg 1
bbij-bdg 1
cha-bdg 1
dhi-bdg 1
137
4
edg-bdh 1
ce-bdh 1
jjg-bdh 1
feh-bdh 1
138
5
ich-bdi 1
bcfj-bdi 1
gci-bdi 1
iic-bdi 1
jbe-bdi 1
139
5
igg-bdj 2
geh-bdj 1
jfe-bdj 1
hhc-bdj 1
ffb-bdj 1
140
3
dgc-bea 1
cdh-bea 2
dgb-bea 1
141
5
dci-beb 1
djg-beb 2
hia-beb 1
cbe-beb 1
ffd-beb 2
142
6
eei-bec 2
hea-bec 1
hj-bec 1
ica-bec 1
ii-bec 1
bdei-bec 1
143
5
feh-bed 1
cd-bed 1
bhc-bed 1
ica-bed 1
cfa-bed 1
144
3
gjd-bee 1
cfa-bee 2
bgbe-bee 1
145
3
bjd-bef 1
dai-bef 2
fgj-bef 1
146
3
bef-beg 1
hgd-beg 1
fei-beg 2
147
5
ef-beh 1
cia-beh 4
ih-beh 1
bab-beh 1
ieh-beh 1
148
4
fge-bei 1
jca-bei 1
bcgi-bei 1
jbi-bei 1
149
4
bec-bej 1
dbi-bej 1
bdb-bej 1
fif-bej 1
150
4
ifi-bfa 1
cjd-bfa 1
ddd-bfa 1
cdf-bfa 1
151
1
bdji-bfb 2
152
7
ifh-bfc 2
cdb-bfc 1
cei-bfc 1
fcb-bfc 1
bafi-bfc 1
dcb-bfc 1
gbi-bfc 1
153
3
bif-bfd 1
cie-bfd 1
haa-bfd 2
154
3
baea-bfe 2
dch-bfe 1
gbc-bfe 1
155
3
gfe-bff 1
bcie-bff 1
eec-bff 2
156
4
bgac-bfg 3
dae-bfg 1
hhe-bfg 1
efi-bfg 2
157
3
baf-bfh 2
eaa-bfh 1
bae-bfh 1
158
5
bgci-bfi 1
gaa-bfi 1
idg-bfi 1
ich-bfi 2
jhe-bfi 1
159
4
bii-bfj 1
jjj-bfj 1
gif-bfj 1
ded-bfj 1
160
3
dij-bga 1
efe-bga 1
hbd-bga 1
161
4
hea-bgb 1
cgc-bgb 1
bcga-bgb 1
bedd-bgb 2
162
3
bdeh-bgc 2
cgd-bgc 1
cdb-bgc 3
163
1
edg-bgd 4
164
3
d-bge 1
jif-bge 1
hci-bge 1
165
1
iaa-bgf 4
166
5
bcaa-bgg 1
heh-bgg 1
bdde-bgg 1
id-bgg 1
ehg-bgg 1
167
4
cej-bgh 1
dbg-bgh 1
bfgh-bgh 1
be-bgh 1
168
5
cbi-bgi 1
bc-bgi 2
daj-bgi 1
bhh-bgi 1
baa-bgi 2
169
3
hbh-bgj 1
hch-bgj 1
bffe-bgj 2
170
4
fh-bha 2
gi-bha 2
ccd-bha 2
bi-bha 1
171
4
jh-bhb 2
hhd-bhb 1
bfbi-bhb 1
ih-bhb 1
172
5
bagf-bhc 1
gfg-bhc 1
edf-bhc 1
bbfd-bhc 1
eje-bhc 1
173
4
eed-bhd 1
hj-bhd 1
bcb-bhd 1
gii-bhd 1
174
3
cfe-bhe 2
bgj-bhe 1
daa-bhe 1
175
3
dgi-bhf 3
bci-bhf 1
cgi-bhf 1
176
5
baf-bhg 2
cbg-bhg 1
cdi-bhg 1
cfi-bhg 1
bci-bhg 1
177
3
efe-bhh 2
cch-bhh 1
bai-bhh 1
178
2
eaj-bhi 1
ibh-bhi 3
179
4
bafb-bhj 1
hg-bhj 1
fha-bhj 2
ghd-bhj 2
180
3
cch-bia 1
bjg-bia 2
hi-bia 1
181
2
fhc-bib 2
eae-bib 1
182
3
eee-bic 2
baa-bic 1
dc-bic 1
183
2
bajd-bid 2
bef-bid 2
184
7
bde-bie 2
bae-bie 1
hdd-bie 1
bbc-bie 1
bcai-bie 1
eig-bie 1
bcc-bie 3
185
3
cji-bif 1
babf-bif 1
bgcg-bif 2
186
2
deg-big 1
bdde-big 1
187
4
bcff-bih 1
ccj-bih 1
dcf-bih 1
hef-bih 1
188
4
bcej-bii 1
ejd-bii 1
bga-bii 1
caj-bii 1
189
4
cia-bij 1
ba-bij 1
cha-bij 1
bcj-bij 2
190
3
ded-bja 1
dca-bja 1
dig-bja 1
191
4
fed-bjb 1
db-bjb 1
bcdb-bjb 1
bbee-bjb 1
192
2
ibe-bjc 3
baad-bjc 1
193
4
di-bjd 1
gd-bjd 1
ghb-bjd 1
hdg-bjd 1
194
3
eja-bje 1
cga-bje 2
ecd-bje 1
195
5
ecg-bjf 1
hii-bjf 1
baff-bjf 1
hic-bjf 1
bccc-bjf 1
196
2
cec-bjg 1
dih-bjg 2
197
3
cd-bjh 1
jeb-bjh 1
eah-bjh 3
198
4
cgh-bji 1
beeb-bji 1
dbg-bji 1
fdj-bji 1
199
4
jhe-bjj 1
baad-bjj 1
edg-bjj 1
gci-bjj 1
200
4
dhc-caa 2
ecb-caa 1
bafd-caa 1
djj-caa 1
201
5
jbg-cab 1
daf-cab 1
jca-cab 1
bdg-cab 1
cjd-cab 1
202
4
bbdh-cac 1
djc-cac 1
dbf-cac 1
fid-cac 1
203
3
icg-cad 1
ege-cad 1
edd-cad 1
204
5
hhb-cae 1
cci-cae 1
bcb-cae 1
bccg-cae 1
jcd-cae 3
205
3
gag-caf 1
ghc-caf 1
bafb-caf 1
206
3
cie-cag 2
bbg-cag 1
ebb-cag 1
207
5
bebe-cah 1
fac-cah 1
ih-cah 1
bahc-cah 1
fde-cah 1
208
1
jda-cai 2
209
3
eba-caj 2
ghh-caj 1
eji-caj 1
210
4
bgdd-cba 1
bbjf-cba 1
bfi-cba 1
bccb-cba 1
211
3
cge-cbb 1
be-cbb 1
ihc-cbb 2
212
2
efg-cbc 1
bcdg-cbc 1
213
7
jej-cbd 1
eag-cbd 1
jfc-cbd 1
ehe-cbd 1
bif-cbd 1
cec-cbd 1
bcdc-cbd 1
214
1
bbcc-cbe 1
215
1
ceb-cbf 3
216
2
bbfi-cbg 3
becj-cbg 1
217
2
bhi-cbh 1
jhi-cbh 3
218
3
ede-cbi 1
ebh-cbi 1
bdi-cbi 1
219
4
db-cbj 1
dcf-cbj 1
hi-cbj 1
gjj-cbj 1
220
5
ehi-cca 1
ihg-cca 1
eea-cca 1
bbdb-cca 1
bbi-cca 1
221
4
bjj-ccb 2
jeh-ccb 1
ddd-ccb 1
d-ccb 1
222
3
bcda-ccc 1
eag-ccc 1
jfh-ccc 1
223
2
cjf-ccd 2
bajb-ccd 3
224
2
daf-cce 3
bceh-cce 1
225
5
ihi-ccf 1
bfdd-ccf 1
ga-ccf 2
dca-ccf 1
hcc-ccf 1
226
3
ijd-ccg 4
bahi-ccg 1
fhh-ccg 1
227
3
egd-cch 1
baaf-cch 1
bhe-cch 2
228
4
haf-cci 1
bgbg-cci 1
bbfd-cci 1
ceb-cci 1
229
4
eeb-ccj 1
bch-ccj 1
hji-ccj 2
gdf-ccj 1
231
2
ejg-cdb 3
fcf-cdb 1
232
4
fad-cdc 1
gac-cdc 1
ddj-cdc 2
hjg-cdc 1
233
2
db-cdd 1
bebi-cdd 1
234
5
bi-cde 1
bjb-cde 2
fff-cde 1
hhb-cde 1
gge-cde 1
235
4
iee-cdf 1
fjc-cdf 1
badh-cdf 1
bhj-cdf 1
236
4
bdf-cdg 1
dff-cdg 1
eif-cdg 2
bfjd-cdg 1
237
2
bbja-cdh 1
gfd-cdh 2
238
3
j-cdi 1
jbc-cdi 2
beha-cdi 1
239
2
ega-cdj 2
hgg-cdj 1
240
4
cfi-cea 2
jaj-cea 1
che-cea 1
if-cea 2
241
3
bdea-ceb 2
dfe-ceb 2
bfj-ceb 1
242
4
bajb-cec 1
bbc-cec 1
bdg-cec 1
bad-cec 1
243
1
bbgc-ced 3
244
1
ic-cee 3
245
3
bfi-cef 1
dab-cef 1
bha-cef 2
246
4
gdg-ceg 1
bfa-ceg 1
cah-ceg 1
iag-ceg 1
247
2
gdd-ceh 2
bje-ceh 2
248
2
dgf-cei 3
fhi-cei 1
249
5
bbee-cej 1
dif-cej 2
jej-cej 1
bh-cej 2
bbeg-cej 1
250
4
gei-cfa 1
hdi-cfa 1
bdhb-cfa 1
ice-cfa 1
251
4
baga-cfb 3
gje-cfb 1
g-cfb 1
fhe-cfb 1
252
3
gef-cfc 1
ieg-cfc 1
eca-cfc 1
253
5
bcdh-cfd 1
ccg-cfd 1
bchd-cfd 1
cje-cfd 1
geb-cfd 1
254
2
jf-cfe 1
ijc-cfe 1
255
4
ejg-cff 1
hda-cff 1
hjf-cff 1
bafc-cff 1
256
4
bfdb-cfg 1
bbdg-cfg 1
ej-cfg 1
gic-cfg 1
257
3
fjh-cfh 3
cie-cfh 1
gbg-cfh 2
258
3
eec-cfi 2
bcfi-cfi 1
dhi-cfi 1
259
4
beb-cfj 1
fh-cfj 2
bd-cfj 1
cfi-cfj 1
260
5
bhb-cga 2
chf-cga 1
chj-cga 1
bcjf-cga 1
dh-cga 1
261
4
dch-cgb 1
deb-cgb 1
da-cgb 1
gdf-cgb 1
262
4
hdb-cgc 1
cdb-cgc 1
hfc-cgc 2
ica-cgc 1
263
4
dcf-cgd 1
dcj-cgd 2
bafd-cgd 1
bafi-cgd 1
264
2
cci-cge 4
bfc-cge 1
265
4
fcc-cgf 1
dej-cgf 1
gie-cgf 1
bgbh-cgf 1
266
3
bgae-cgg 1
bii-cgg 2
fhc-cgg 1
267
4
bdhc-cgh 1
hc-cgh 1
cag-cgh 1
babb-cgh 1
268
4
djh-cgi 1
fdh-cgi 1
ia-cgi 1
baaa-cgi 1
269
2
eag-cgj 2
ifi-cgj 2
270
5
dhj-cha 1
gfh-cha 1
egj-cha 1
dcb-cha 1
ged-cha 1
271
3
fff-chb 1
eci-chb 1
bcbi-chb 1
272
4
bbfj-chc 1
jfb-chc 1
jhd-chc 1
hba-chc 1
273
2
dfj-chd 2
bfbg-chd 2
274
4
befj-che 1
dbj-che 1
eah-che 1
dej-che 1
275
4
fch-chf 1
eca-chf 1
hfb-chf 1
ehb-chf 1
276
3
iab-chg 1
fc-chg 2
hja-chg 1
277
1
cid-chh 4
278
5
bbea-chi 1
bbc-chi 1
cee-chi 1
jeh-chi 1
ibj-chi 1
279
5
fjd-chj 1
bgh-chj 1
hhi-chj 1
fg-chj 1
dia-chj 1
280
3
eie-cia 2
cce-cia 1
jej-cia 1
281
4
bdhb-cib 1
bdhh-cib 1
bcce-cib 1
eha-cib 1
282
3
dhi-cic 1
ifd-cic 1
jce-cic 2
283
9
ebi-cid 1
cjb-cid 1
bdh-cid 1
ehb-cid 2
hgg-cid 1
fic-cid 1
fcf-cid 1
bii-cid 1
cab-cid 1
284
3
gg-cie 1
jfi-cie 1
bih-cie 1
285
6
bcja-cif 2
bbai-cif 1
idd-cif 1
gfe-cif 1
dae-cif 1
dcb-cif 1
286
3
eef-cig 1
bbac-cig 2
hbj-cig 2
287
1
icg-cih 2
288
4
gbi-cii 1
baha-cii 1
cah-cii 2
ggd-cii 1
289
3
dgf-cij 2
ch-cij 1
cch-cij 1
290
5
hcj-cja 1
ead-cja 1
bcaa-cja 1
ehg-cja 1
dge-cja 1
291
3
eei-cjb 2
bagh-cjb 1
beba-cjb 1
292
3
bcih-cjc 2
bfgi-cjc 1
bada-cjc 1
293
2
bdaa-cjd 1
eje-cjd 1
294
2
cea-cje 1
fje-cje 2
295
2
egf-cjf 2
dba-cjf 1
297
4
hhf-cjh 1
dci-cjh 1
jfd-cjh 1
he-cjh 1
298
2
bdce-cji 2
id-cji 3
299
5
bfeb-cjj 1
cc-cjj 1
bcie-cjj 1
bgh-cjj 1
jah-cjj 1
300
5
jjb-daa 1
bfde-daa 1
bbhc-daa 1
fh-daa 1
edd-daa 1
301
3
bef-dab 1
bace-dab 1
hi-dab 3
302
3
bgi-dac 2
dce-dac 1
iid-dac 1
303
4
gfe-dad 1
dab-dad 1
gfd-dad 1
gcb-dad 1
304
3
baaa-dae 1
fce-dae 1
bcib-dae 2
305
6
bdcb-daf 1
fbb-daf 1
bddb-daf 1
jae-daf 1
badi-daf 1
cha-daf 1
306
3
eb-dag 1
jg-dag 1
hcd-dag 1
307
3
cgi-dah 2
ggg-dah 1
ehc-dah 1
308
4
bchi-dai 2
chh-dai 1
dhc-dai 1
ejb-dai 1
309
5
dhe-daj 1
geh-daj 1
fhj-daj 1
ebb-daj 1
dce-daj 1
310
3
gdh-dba 1
hhj-dba 1
bff-dba 1
311
2
cjb-dbb 3
eaa-dbb 1
312
2
dah-dbc 1
hca-dbc 1
313
2
bdjf-dbd 2
gcb-dbd 2
314
2
dac-dbe 1
bcaf-dbe 2
315
5
dac-dbf 1
eid-dbf 2
baad-dbf 1
bbcb-dbf 1
gib-dbf 1
316
2
dab-dbg 2
iag-dbg 1
317
4
fha-dbh 1
cid-dbh 1
cdb-dbh 1
gfj-dbh 1
318
3
edd-dbi 1
bcaa-dbi 1
ch-dbi 2
319
5
bb-dbj 1
cgb-dbj 1
gjf-dbj 1
dad-dbj 1
dhd-dbj 1
320
4
jbi-dca 1
bda-dca 1
badg-dca 1
bdii-dca 1
321
5
jia-dcb 1
eda-dcb 1
gbj-dcb 1
gad-dcb 1
efg-dcb 1
322
8
cdd-dcc 1
di-dcc 1
ddf-dcc 1
heg-dcc 1
gdi-dcc 1
fbb-dcc 1
chf-dcc 1
jah-dcc 1
323
3
gda-dcd 1
gjc-dcd 1
cfg-dcd 2
324
4
jef-dce 1
bcg-dce 1
ebg-dce 1
cce-dce 1
325
4
fce-dcf 1
cgb-dcf 1
fea-dcf 1
bbja-dcf 1
326
3
jjj-dcg 1
dca-dcg 1
cd-dcg 1
327
4
cjc-dch 1
eca-dch 1
jai-dch 1
bdgc-dch 1
328
4
bcef-dci 1
ehi-dci 1
ddg-dci 1
dae-dci 1
329
4
begb-dcj 1
dbj-dcj 1
dhd-dcj 1
jcg-dcj 1
330
2
bjj-dda 3
dai-dda 1
331
5
bbdj-ddb 1
eig-ddb 1
bdge-ddb 1
ddd-ddb 1
bcea-ddb 1
332
4
beg-ddc 1
bfjb-ddc 1
bja-ddc 1
dac-ddc 1
333
3
beef-ddd 2
hed-ddd 1
bci-ddd 1
334
8
d-dde 1
ehd-dde 1
fbe-dde 1
ejf-dde 1
ghh-dde 1
gaa-dde 1
dbe-dde 1
bbj-dde 1
335
6
bei-ddf 1
eij-ddf 1
eb-ddf 1
fcf-ddf 1
jh-ddf 1
id-ddf 1
336
2
eid-ddg 2
cgc-ddg 1
337
3
ef-ddh 1
baa-ddh 1
ech-ddh 2
338
2
jja-ddi 4
ef-ddi 1
339
4
haa-ddj 1
ehi-ddj 1
ecg-ddj 2
ihj-ddj 1
340
5
bgi-dea 1
ief-dea 1
ejd-dea 1
edh-dea 1
dia-dea 1
341
4
cbi-deb 2
hfg-deb 1
hjc-deb 1
hgj-deb 1
342
4
bfg-dec 1
bg-dec 1
bcgh-dec 1
fdc-dec 1
343
4
bdbb-ded 1
ddc-ded 1
gij-ded 1
ihf-ded 1
344
4
fhb-dee 1
dej-dee 1
dhc-dee 1
fji-dee 1
345
2
bajh-def 2
jfi-def 1
346
5
cfb-deg 1
fhd-deg 1
hia-deg 1
bceg-deg 1
eec-deg 1
347
3
dj-deh 1
ifa-deh 1
iji-deh 2
348
1
gjc-dei 2
349
4
babg-dej 1
dif-dej 1
fda-dej 1
bcah-dej 1
350
4
ege-dfa 1
eai-dfa 1
hab-dfa 1
fie-dfa 1
351
3
ehb-dfb 1
e-dfb 1
bde-dfb 1
352
6
ca-dfc 1
eb-dfc 1
fgg-dfc 1
ddc-dfc 1
ghb-dfc 1
cjc-dfc 1
353
5
bfcc-dfd 1
bbae-dfd 1
bga-dfd 1
gcb-dfd 1
idj-dfd 1
354
4
baac-dfe 1
ii-dfe 1
badc-dfe 1
ejd-dfe 1
355
4
hii-dff 1
heg-dff 1
gie-dff 1
jha-dff 1
356
2
cdj-dfg 2
eib-dfg 1
357
4
bbcb-dfh 1
fhb-dfh 1
fee-dfh 1
beci-dfh 1
358
3
hgh-dfi 1
baac-dfi 1
egd-dfi 1
359
1
bbah-dfj 3
360
4
dgi-dga 1
bcdg-dga 1
fff-dga 1
g-dga 1
361
1
bcae-dgb 2
362
4
bdbb-dgc 1
c-dgc 1
jic-dgc 2
fib-dgc 1
363
7
bajj-dgd 2
ifb-dgd 1
ifg-dgd 1
cbc-dgd 1
bfa-dgd 1
badi-dgd 1
bbjf-dgd 1
364
4
bccf-dge 1
ifc-dge 1
beaa-dge 2
dc-dge 1
365
3
bffd-dgf 1
bbba-dgf 2
jfj-dgf 1
366
3
dce-dgg 1
bced-dgg 1
bg-dgg 1
367
2
idi-dgh 1
dff-dgh 1
368
4
ibf-dgi 1
bbf-dgi 1
deb-dgi 1
cgg-dgi 1
369
4
ghb-dgj 1
bcab-dgj 1
bea-dgj 1
gg-dgj 1
370
3
dji-dha 1
dij-dha 1
jhi-dha 2
371
3
d-dhb 1
ebh-dhb 1
bajb-dhb 1
372
5
dbg-dhc 1
jii-dhc 1
bdab-dhc 1
dfg-dhc 2
bbce-dhc 1
373
5
ije-dhd 1
cdi-dhd 1
dgh-dhd 1
baeg-dhd 1
fhc-dhd 1
374
5
ehb-dhe 1
bbhi-dhe 1
ieg-dhe 1
bbii-dhe 1
bbhb-dhe 1
375
4
cjd-dhf 1
ich-dhf 1
ebj-dhf 1
baga-dhf 1
376
3
ida-dhg 2
bfe-dhg 1
beab-dhg 1
377
4
bbh-dhh 1
gbg-dhh 1
bdac-dhh 1
dgf-dhh 1
378
5
ihg-dhi 1
ebh-dhi 1
fhf-dhi 1
bcab-dhi 1
bbbb-dhi 1
379
5
icc-dhj 1
fce-dhj 2
begh-dhj 1
idf-dhj 1
ddj-dhj 1
380
2
ecg-dia 1
hge-dia 3
381
2
dhj-dib 1
cfd-dib 3
382
6
dih-dic 1
hhd-dic 1
edj-dic 1
ebi-dic 1
fh-dic 2
jff-dic 1
383
4
bab-did 1
eii-did 1
ccj-did 2
dhg-did 1
384
5
fea-die 1
fac-die 1
baag-die 1
jeb-die 1
fig-die 1
385
1
bbdh-dif 1
386
3
hih-dig 1
fcd-dig 1
edj-dig 1
387
2
fdg-dih 1
bbjg-dih 1
388
2
bdeg-dii 1
bage-dii 1
389
3
hhe-dij 1
bacf-dij 2
ici-dij 1
391
1
jjj-djb 2
392
3
ddi-djc 1
dba-djc 1
jaj-djc 1
393
4
ifd-djd 1
bejh-djd 2
ceb-djd 1
cie-djd 1
394
3
beaj-dje 1
bbj-dje 2
dbi-dje 3
395
1
di-djf 2
396
4
baa-djg 2
bceg-djg 1
hca-djg 1
efi-djg 2
397
7
ebi-djh 1
cjc-djh 1
bif-djh 2
bdef-djh 1
gdg-djh 1
beca-djh 1
gai-djh 1
398
2
cha-dji 2
hhj-dji 2
399
4
dda-djj 2
dec-djj 1
bbc-djj 1
jib-djj 1
400
4
bif-eaa 1
ghi-eaa 3
bee-eaa 1
hjj-eaa 1
401
3
bbga-eab 2
chi-eab 1
bdha-eab 1
402
3
bcc-eac 1
big-eac 2
cej-eac 1
403
3
chj-ead 2
caf-ead 1
dj-ead 1
404
3
bic-eae 1
gdc-eae 1
icb-eae 4
405
4
fde-eaf 1
fgj-eaf 1
jc-eaf 1
ghj-eaf 1
406
3
hgb-eag 2
hea-eag 1
gff-eag 1
407
4
eca-eah 1
bbcf-eah 1
gdj-eah 1
bcaj-eah 1
408
3
be-eai 2
bbec-eai 1
efh-eai 1
409
1
beec-eaj 4
410
5
gih-eba 1
bjj-eba 1
feb-eba 1
bebc-eba 1
bif-eba 1
411
5
beb-ebb 2
iij-ebb 1
fff-ebb 1
ggb-ebb 1
ffd-ebb 1
412
1
baej-ebc 3
413
7
dgi-ebd 1
ejb-ebd 1
bdae-ebd 1
cbb-ebd 1
bcce-ebd 1
badb-ebd 1
had-ebd 1
414
5
bfhc-ebe 1
df-ebe 1
dgb-ebe 1
hfg-ebe 1
ebb-ebe 1
415
2
ijf-ebf 1
fhf-ebf 3
417
2
hdg-ebh 2
icg-ebh 2
418
2
ebd-ebi 2
hfe-ebi 1
419
4
ehi-ebj 1
ghd-ebj 1
jgc-ebj 1
djj-ebj 1
420
4
eh-eca 1
dbf-eca 1
dhi-eca 1
jga-eca 1
421
2
daj-ecb 1
bchc-ecb 1
422
8
bdie-ecc 1
jc-ecc 2
edi-ecc 1
gce-ecc 1
bdch-ecc 1
idf-ecc 1
cd-ecc 1
ejd-ecc 1
423
2
jfj-ecd 2
dha-ecd 1
424
2
ecd-ece 3
eaa-ece 1
425
5
eed-ecf 1
beh-ecf 1
cib-ecf 1
dc-ecf 1
dh-ecf 1
426
3
fbc-ecg 1
bcca-ecg 1
dfa-ecg 1
427
4
jjc-ech 1
dbh-ech 1
bajd-ech 1
hcd-ech 1
428
2
hcg-eci 3
jac-eci 1
429
2
fbc-ecj 1
ihi-ecj 2
430
6
igj-eda 1
bbdb-eda 1
dgb-eda 1
dhf-eda 1
eai-eda 1
bdcg-eda 1
431
5
gec-edb 1
jj-edb 2
ff-edb 1
gdd-edb 1
fb-edb 1
432
4
bhb-edc 1
ggi-edc 1
baa-edc 1
dci-edc 1
433
4
dfa-edd 1
bdh-edd 1
bai-edd 1
cbe-edd 2
434
4
jbb-ede 1
ffi-ede 1
jh-ede 1
ejb-ede 1
435
5
dic-edf 1
ci-edf 1
hba-edf 1
bdfe-edf 1
bdag-edf 1
436
4
cde-edg 1
ie-edg 1
jgh-edg 1
ggd-edg 2
437
4
dah-edh 1
hcd-edh 1
bbgb-edh 1
cfj-edh 1
438
8
egf-edi 1
bjd-edi 1
bda-edi 1
baib-edi 1
gah-edi 1
cfj-edi 1
eja-edi 1
gie-edi 1
439
3
egf-edj 1
egj-edj 1
cfb-edj 1
440
2
djh-eea 3
bgj-eea 1
441
3
dec-eeb 1
bab-eeb 2
hgh-eeb 1
442
4
bha-eec 1
hci-eec 1
cbe-eec 1
dge-eec 1
443
4
jhc-eed 1
iaa-eed 1
fcg-eed 1
gcd-eed 1
444
2
fgi-eee 2
idg-eee 1
445
4
bdcd-eef 1
bie-eef 1
bdg-eef 1
dej-eef 1
446
4
bfc-eeg 1
cfe-eeg 1
dji-eeg 1
chg-eeg 2
447
2
fbd-eeh 1
gbb-eeh 2
448
4
fii-eei 1
beed-eei 1
bih-eei 1
haj-eei 1
449
3
bbif-eej 1
bcag-eej 1
bcih-eej 2
450
5
egc-efa 2
hch-efa 1
bccg-efa 1
ii-efa 1
jia-efa 1
451
2
ehc-efb 2
eib-efb 1
452
4
hd-efc 1
ehd-efc 1
fdg-efc 1
bhh-efc 1
453
2
bbc-efd 3
fei-efd 1
454
2
bcdb-efe 1
ija-efe 1
455
4
jge-eff 1
hgf-eff 1
fff-eff 1
bjf-eff 1
456
4
bbj-efg 1
fii-efg 1
bcad-efg 1
iib-efg 1
457
5
dci-efh 1
fde-efh 2
iic-efh 1
ded-efh 1
igc-efh 1
458
2
eec-efi 1
icc-efi 2
459
5
fhc-efj 1
gde-efj 1
efe-efj 1
bbfa-efj 1
bbca-efj 1
460
5
bac-ega 1
cgd-ega 2
feh-ega 2
bja-ega 1
jca-ega 1
461
5
cdg-egb 1
bcdf-egb 1
hic-egb 1
efi-egb 1
jg-egb 1
462
1
ccj-egc 2
463
2
ebd-egd 2
cfa-egd 2
464
3
ecb-ege 3
dbb-ege 1
ifi-ege 1
465
3
eae-egf 1
fge-egf 2
ifd-egf 1
466
4
jia-egg 1
eaj-egg 1
die-egg 1
idd-egg 1
467
2
iid-egh 2
cii-egh 1
468
3
efa-egi 2
hef-egi 1
cdi-egi 1
469
5
dbi-egj 1
jj-egj 1
ibi-egj 1
jdg-egj 1
baih-egj 1
470
4
bcbi-eha 1
bbi-eha 1
cgh-eha 2
fgd-eha 1
471
2
bfc-ehb 2
hib-ehb 2
472
1
iad-ehc 2
473
4
dfd-ehd 1
hjj-ehd 1
hcb-ehd 1
bffb-ehd 1
474
3
bebj-ehe 2
hje-ehe 1
ibh-ehe 1
475
3
fag-ehf 1
cac-ehf 1
hgh-ehf 2
476
3
hda-ehg 2
bdgh-ehg 1
edf-ehg 1
477
3
dcc-ehh 1
had-ehh 2
ecf-ehh 1
478
2
jfd-ehi 2
bbeg-ehi 1
479
4
bcgj-ehj 1
baeh-ehj 1
hbj-ehj 1
eci-ehj 1
480
3
cjj-eia 2
efc-eia 1
ddb-eia 1
481
4
dg-eib 1
iih-eib 1
bbbe-eib 1
bcji-eib 1
482
3
bfef-eic 1
bdfb-eic 1
fhi-eic 2
483
3
bfhj-eid 2
bdg-eid 2
hc-eid 1
484
4
ffj-eie 1
gcf-eie 1
gbb-eie 1
baf-eie 1
485
3
fdf-eif 2
hac-eif 1
daa-eif 1
486
4
fdf-eig 1
ede-eig 1
bfeh-eig 1
edi-eig 1
487
4
ifi-eih 1
daa-eih 1
efh-eih 1
cag-eih 1
488
3
cfd-eii 1
bfdi-eii 1
fij-eii 2
489
3
jae-eij 1
ief-eij 2
dcc-eij 1
490
3
hej-eja 1
babi-eja 1
iaj-eja 1
491
2
ibd-ejb 1
bhc-ejb 2
492
5
bcbe-ejc 1
gji-ejc 1
ggd-ejc 1
eia-ejc 1
daj-ejc 1
493
1
ige-ejd 2
494
4
gic-eje 2
bfj-eje 1
ebj-eje 1
iei-eje 1
495
2
bgb-ejf 1
bfja-ejf 2
496
4
chd-ejg 1
ghb-ejg 1
eb-ejg 1
feg-ejg 1
497
2
iaa-ejh 3
egb-ejh 1
498
4
cgh-eji 1
hfb-eji 1
d-eji 1
cdd-eji 1
499
2
chf-ejj 1
hif-ejj 1
500
4
deg-faa 1
dhg-faa 1
ice-faa 1
bbba-faa 1
502
4
cbi-fac 1
bbii-fac 1
hbc-fac 1
hdh-fac 1
503
5
iej-fad 1
bdjg-fad 1
fgd-fad 1
baei-fad 1
dih-fad 1
504
3
bdia-fae 2
fje-fae 1
baba-fae 1
505
3
bcja-faf 1
hid-faf 1
ice-faf 1
506
4
dbf-fag 1
hcd-fag 1
jif-fag 1
bahb-fag 1
507
1
bjf-fah 2
508
2
eff-fai 3
fdh-fai 1
509
4
ggb-faj 1
bhe-faj 1
ghi-faj 1
fgi-faj 2
510
3
dii-fba 1
bbdb-fba 1
cdi-fba 2
511
4
jgi-fbb 1
fid-fbb 1
geh-fbb 1
jih-fbb 1
512
3
eeg-fbc 2
baag-fbc 1
ejh-fbc 1
513
4
hej-fbd 1
eai-fbd 1
jhc-fbd 1
bih-fbd 1
514
2
bceh-fbe 1
fgi-fbe 2
515
1
jbh-fbf 1
516
2
edb-fbg 1
dff-fbg 1
517
4
fdh-fbh 1
ib-fbh 1
bc-fbh 2
fgb-fbh 1
518
4
dcc-fbi 1
ebf-fbi 1
bjb-fbi 1
eah-fbi 1
519
4
beig-fbj 1
hb-fbj 1
fch-fbj 2
hdc-fbj 1
520
3
bccg-fca 2
gaj-fca 1
dce-fca 1
521
4
hbb-fcb 1
bhb-fcb 1
fij-fcb 1
bcdf-fcb 1
522
4
fjh-fcc 1
gbd-fcc 1
bfca-fcc 1
gic-fcc 1
523
4
cae-fcd 1
ghf-fcd 1
hib-fcd 1
cba-fcd 1
524
3
gia-fce 1
baec-fce 1
gjh-fce 1
525
6
bff-fcf 1
cce-fcf 1
ebi-fcf 1
baib-fcf 1
cgf-fcf 1
ehe-fcf 1
526
2
gcc-fcg 2
bcah-fcg 2
527
5
fcf-fch 1
ecb-fch 1
bcee-fch 1
hfc-fch 2
eae-fch 2
528
5
iba-fci 1
dfh-fci 1
bbea-fci 1
iei-fci 1
bjf-fci 3
529
5
ffb-fcj 1
fcg-fcj 1
heb-fcj 1
hge-fcj 1
ghc-fcj 1
530
4
bbbd-fda 1
bhi-fda 2
cfd-fda 1
edf-fda 1
531
3
ccf-fdb 1
def-fdb 1
eha-fdb 2
532
4
dad-fdc 1
bahi-fdc 1
cif-fdc 2
dhh-fdc 1
533
8
bei-fdd 1
edd-fdd 1
eaf-fdd 1
baei-fdd 1
baif-fdd 1
bfha-fdd 1
dfb-fdd 1
bfie-fdd 1
534
3
fih-fde 1
egb-fde 1
jj-fde 1
535
5
gdc-fdf 1
cgg-fdf 1
bade-fdf 1
fdg-fdf 1
ibe-fdf 1
536
3
gbh-fdg 2
bach-fdg 1
bdhg-fdg 1
537
6
cdc-fdh 1
hjd-fdh 1
deb-fdh 1
gf-fdh 1
cjd-fdh 1
ffa-fdh 1
538
1
jii-fdi 2
539
2
bdfh-fdj 1
hbh-fdj 1
540
4
ee-fea 1
bdcd-fea 1
bceb-fea 1
bbia-fea 1
541
4
ieb-feb 2
ibd-feb 1
dfh-feb 1
hgh-feb 1
542
3
ffe-fec 1
bfcg-fec 1
bfij-fec 1
543
3
fjd-fed 2
hdi-fed 1
bbhb-fed 1
544
4
ihf-fee 1
ecb-fee 1
fff-fee 1
bbaa-fee 1
545
4
bfdg-fef 1
je-fef 1
bbfh-fef 1
dfe-fef 1
546
5
bd-feg 1
ijc-feg 1
bi-feg 1
hgh-feg 1
bcgj-feg 1
547
2
djg-feh 2
hei-feh 2
548
5
eeg-fei 1
fbi-fei 1
ffc-fei 1
begd-fei 1
bcgi-fei 1
549
2
gcg-fej 3
dfe-fej 1
550
4
gch-ffa 1
dce-ffa 1
idb-ffa 1
bfef-ffa 1
551
6
cbd-ffb 1
jfe-ffb 1
cfd-ffb 1
gda-ffb 1
dab-ffb 1
ica-ffb 1
552
2
hbb-ffc 3
bgc-ffc 1
553
3
jaf-ffd 1
dij-ffd 1
eia-ffd 1
554
2
baba-ffe 1
hdc-ffe 1
555
6
baae-fff 1
fgj-fff 1
edi-fff 1
hfd-fff 1
jbf-fff 1
baj-fff 1
557
1
e-ffh 2
558
4
cif-ffi 1
fed-ffi 1
cdj-ffi 1
gaj-ffi 1
559
3
baid-ffj 2
dfd-ffj 1
gfi-ffj 1
560
6
ceb-fga 1
eae-fga 1
bhe-fga 2
igi-fga 1
cie-fga 1
gei-fga 1
561
3
eei-fgb 1
gff-fgb 1
dba-fgb 1
562
4
dgd-fgc 1
jad-fgc 1
dbd-fgc 1
bagf-fgc 1
563
5
dij-fgd 1
fb-fgd 1
bie-fgd 1
bfff-fgd 1
bfic-fgd 1
564
2
gjf-fge 1
ibf-fge 1
565
2
ha-fgf 1
def-fgf 1
566
1
bih-fgg 2
567
3
dbh-fgh 1
jjf-fgh 1
jcf-fgh 1
568
4
bcbi-fgi 1
dfg-fgi 1
eeh-fgi 1
hjf-fgi 1
569
3
bdc-fgj 1
ghj-fgj 1
egh-fgj 2
570
3
bfig-fha 1
fhc-fha 1
bfi-fha 1
571
5
bajf-fhb 1
hfe-fhb 1
feb-fhb 1
beeb-fhb 1
bfcb-fhb 1
572
5
bgea-fhc 1
hch-fhc 1
bfed-fhc 1
ijj-fhc 1
bbi-fhc 1
573
3
cih-fhd 1
dea-fhd 2
hic-fhd 1
574
4
dic-fhe 1
jbe-fhe 1
gge-fhe 1
hci-fhe 1
575
2
gad-fhf 1
ffb-fhf 1
576
4
bbfh-fhg 1
fjc-fhg 1
jbb-fhg 1
da-fhg 1
577
1
cba-fhh 1
578
3
bcgj-fhi 1
jcb-fhi 1
bja-fhi 2
579
2
ii-fhj 3
fag-fhj 1
580
4
bb-fia 1
gcc-fia 1
cdd-fia 1
hga-fia 1
581
3
bag-fib 1
gjb-fib 1
fgb-fib 1
582
5
cea-fic 1
ijd-fic 1
cif-fic 1
hgg-fic 1
bgaj-fic 1
583
5
cih-fid 1
bbaa-fid 1
fh-fid 1
gif-fid 1
hh-fid 1
584
2
efe-fie 2
bccf-fie 1
585
4
ibj-fif 1
bfcg-fif 1
gge-fif 1
bbc-fif 1
586
4
dec-fig 2
eib-fig 1
ejg-fig 1
bfj-fig 1
587
1
ed-fih 3
588
4
gde-fii 1
bcfh-fii 1
bagb-fii 1
haf-fii 1
589
3
fdf-fij 1
bdfi-fij 1
ebj-fij 1
590
1
edj-fja 3
591
6
gcg-fjb 1
gef-fjb 1
bggb-fjb 2
caa-fjb 1
hae-fjb 1
cij-fjb 2
592
3
cie-fjc 1
hdf-fjc 1
baee-fjc 2
593
2
cif-fjd 1
ecc-fjd 1
594
4
hdj-fje 1
fba-fje 1
hci-fje 1
bbac-fje 1
595
2
bahg-fjf 1
fhc-fjf 2
596
1
bcfe-fjg 2
597
3
ei-fjh 3
g-fjh 1
baij-fjh 1
598
8
cdf-fji 1
bgb-fji 1
hh-fji 1
fij-fji 1
ehf-fji 1
ejc-fji 1
iga-fji 1
jbi-fji 1
599
2
bbg-fjj 2
gj-fjj 1
600
3
gbb-gaa 2
gie-gaa 1
bacj-gaa 1
601
2
gdh-gab 2
ejg-gab 1
602
1
cca-gac 1
603
5
bf-gad 1
jjh-gad 1
cdf-gad 1
hij-gad 1
bdfe-gad 1
604
6
hca-gae 1
ghc-gae 1
eig-gae 1
bfi-gae 1
bd-gae 1
jci-gae 1
606
3
dff-gag 2
jij-gag 1
bahg-gag 1
607
4
iaf-gah 1
cdd-gah 1
ici-gah 1
fac-gah 1
608
2
gff-gai 1
daa-gai 1
609
4
di-gaj 1
bcde-gaj 1
iae-gaj 1
ccf-gaj 1
610
4
fdi-gba 1
bbge-gba 1
bbib-gba 1
hgc-gba 1
611
5
efh-gbb 1
eja-gbb 1
bfjj-gbb 1
dhf-gbb 1
cgb-gbb 1
612
4
hb-gbc 2
bbh-gbc 1
bbhc-gbc 1
baab-gbc 1
613
4
bbcd-gbd 1
fcb-gbd 1
cg-gbd 1
gca-gbd 1
614
1
bgfd-gbe 1
615
4
bdcf-gbf 1
bbeh-gbf 1
ccj-gbf 1
fgd-gbf 1
616
4
hhb-gbg 1
dga-gbg 1
bbcb-gbg 1
dhh-gbg 1
617
3
ejj-gbh 1
dje-gbh 1
ff-gbh 1
618
6
dbi-gbi 1
ifc-gbi 1
bacg-gbi 1
cfd-gbi 1
bbeh-gbi 1
ej-gbi 1
619
4
gch-gbj 1
bbfi-gbj 1
eaa-gbj 1
jej-gbj 1
620
4
haj-gca 2
hbg-gca 1
gfd-gca 1
jig-gca 2
621
3
bfbd-gcb 2
bafh-gcb 1
cab-gcb 2
622
7
bafc-gcc 1
bbii-gcc 1
iie-gcc 1
ejb-gcc 1
baee-gcc 1
cdh-gcc 1
baad-gcc 1
623
3
bbjd-gcd 1
ja-gcd 1
egf-gcd 2
624
2
bdfi-gce 1
fai-gce 2
625
3
daf-gcf 1
cgj-gcf 1
baii-gcf 1
626
2
ijg-gcg 3
hgd-gcg 1
627
4
cih-gch 1
ffb-gch 1
fjh-gch 1
bdc-gch 1
628
5
cea-gci 1
igb-gci 1
fdc-gci 1
ghh-gci 1
bga-gci 1
629
2
ged-gcj 1
ebb-gcj 1
630
2
ihh-gda 1
bdcf-gda 1
631
3
bbg-gdb 1
eah-gdb 1
bdci-gdb 2
632
4
cah-gdc 1
gbe-gdc 1
igj-gdc 1
babf-gdc 1
633
1
bcag-gdd 4
634
2
cdd-gde 1
baeb-gde 3
635
4
bhc-gdf 1
gfe-gdf 1
bchf-gdf 1
hjh-gdf 1
636
4
db-gdg 1
hag-gdg 1
bajh-gdg 1
bddj-gdg 1
637
3
iih-gdh 1
bdfd-gdh 1
jci-gdh 2
638
1
jcc-gdi 1
639
2
gjg-gdj 2
dib-gdj 1
640
4
dea-gea 1
eaa-gea 1
edi-gea 1
jh-gea 1
641
4
begg-geb 1
hhd-geb 1
hfa-geb 1
eff-geb 1
642
2
ffc-gec 1
ihd-gec 1
643
1
bdbj-ged 1
644
1
dda-gee 1
645
3
bdgj-gef 1
gfh-gef 2
dfi-gef 1
646
4
cie-geg 1
baaa-geg 1
gaj-geg 1
bfcj-geg 1
647
3
jg-geh 1
iai-geh 1
gah-geh 2
648
4
daf-gei 1
eeb-gei 1
iba-gei 1
ffa-gei 1
649
4
bge-gej 1
fec-gej 1
hgi-gej 1
cab-gej 1
650
2
hbc-gfa 1
bgeg-gfa 1
651
1
jhj-gfb 4
652
3
bche-gfc 2
baha-gfc 1
bcb-gfc 1
653
2
gch-gfd 2
bdbg-gfd 1
654
3
baci-gfe 1
bif-gfe 1
hfa-gfe 1
655
5
idi-gff 1
egf-gff 1
hh-gff 2
ehe-gff 1
bga-gff 1
656
2
bahh-gfg 3
chc-gfg 1
657
4
ffb-gfh 1
bi-gfh 1
jaj-gfh 1
iga-gfh 1
658
2
ech-gfi 2
becd-gfi 2
659
1
bdba-gfj 1
660
2
bhe-gga 1
hhe-gga 2
661
2
eae-ggb 3
bej-ggb 1
662
2
id-ggc 1
bgae-ggc 1
663
4
djj-ggd 1
cjh-ggd 1
igd-ggd 1
jhh-ggd 1
664
8
ifg-gge 1
efd-gge 1
beg-gge 1
ehc-gge 1
bdc-gge 1
beai-gge 1
eeb-gge 1
gaj-gge 1
665
4
hab-ggf 1
feh-ggf 1
jfj-ggf 1
ibj-ggf 1
666
3
caf-ggg 1
die-ggg 1
dij-ggg 2
667
1
cab-ggh 1
668
3
cbc-ggi 1
cgh-ggi 1
bfc-ggi 1
670
3
gii-gha 2
gdh-gha 1
ifc-gha 1
671
5
bbfg-ghb 1
bgae-ghb 1
bgef-ghb 1
idb-ghb 1
ccg-ghb 1
672
5
begg-ghc 1
fhi-ghc 3
beid-ghc 1
bch-ghc 1
cib-ghc 1
673
3
did-ghd 1
bae-ghd 1
egj-ghd 1
674
2
ccb-ghe 2
ggg-ghe 1
675
1
ggb-ghf 1
676
3
fhb-ghg 1
cej-ghg 2
fdj-ghg 1
677
3
fdi-ghh 1
bacj-ghh 1
cbc-ghh 1
678
3
daf-ghi 2
cic-ghi 1
hai-ghi 1
679
4
bcbc-ghj 1
eig-ghj 1
fcd-ghj 1
hec-ghj 1
680
2
hbf-gia 2
egg-gia 2
681
3
bbhf-gib 1
ehj-gib 1
cic-gib 1
682
4
fed-gic 1
gge-gic 1
bjc-gic 1
dhi-gic 1
683
1
cjj-gid 2
684
2
ici-gie 2
iih-gie 1
685
4
bcig-gif 1
hge-gif 1
bcdi-gif 1
jea-gif 1
686
2
ijf-gig 2
gj-gig 2
687
4
fic-gih 1
badc-gih 1
bbfb-gih 1
die-gih 1
688
3
cgf-gii 1
baab-gii 1
ib-gii 1
689
4
bei-gij 1
ehh-gij 1
ibd-gij 1
fgh-gij 1
690
2
bajc-gja 1
ecd-gja 1
691
1
ebc-gjb 1
692
4
hg-gjc 1
behb-gjc 1
gbe-gjc 1
hji-gjc 1
693
1
gad-gjd 1
694
3
bhc-gje 1
eca-gje 2
bbdf-gje 1
695
3
hdh-gjf 1
dig-gjf 1
ieg-gjf 1
696
5
bbic-gjg 1
egg-gjg 1
bfb-gjg 1
bdda-gjg 1
behg-gjg 1
697
2
cbg-gjh 2
dfd-gjh 1
698
1
bbgf-gji 2
699
3
hhe-gjj 1
iii-gjj 1
fbi-gjj 2
700
4
dg-haa 1
bjj-haa 1
bcea-haa 1
dbe-haa 1
701
3
fij-hab 1
gc-hab 1
bcfg-hab 1
702
2
bcbg-hac 2
gdb-hac 2
703
1
iec-had 1
704
5
ije-hae 1
chi-hae 1
hea-hae 1
bbic-hae 1
idb-hae 1
705
3
jda-haf 1
bbcd-haf 1
jji-haf 2
706
5
dfg-hag 1
ecj-hag 1
beje-hag 1
hje-hag 1
bcgb-hag 1
707
3
fda-hah 1
dcd-hah 1
efj-hah 2
708
3
hfh-hai 1
bfh-hai 1
bce-hai 1
709
1
bdjj-haj 1
710
3
bdbi-hba 1
bega-hba 1
gee-hba 1
711
4
cgj-hbb 1
cfb-hbb 1
eee-hbb 1
fac-hbb 1
712
2
jdg-hbc 2
ffc-hbc 1
713
5
bcbd-hbd 1
bei-hbd 1
iah-hbd 1
bdff-hbd 1
jjf-hbd 1
714
3
edh-hbe 1
fc-hbe 1
fji-hbe 1
715
3
fcf-hbf 1
dga-hbf 1
jf-hbf 1
716
4
egh-hbg 1
ife-hbg 1
jh-hbg 1
gde-hbg 1
717
4
ifg-hbh 1
ci-hbh 1
dbj-hbh 1
babe-hbh 1
718
2
egd-hbi 1
jfh-hbi 1
719
2
jge-hbj 1
bedf-hbj 1
720
5
cib-hca 1
ead-hca 2
jid-hca 1
hcf-hca 1
ibe-hca 1
721
4
bahd-hcb 1
jba-hcb 1
bdfa-hcb 1
ffe-hcb 1
722
2
cie-hcc 1
iee-hcc 1
723
3
jee-hcd 2
bgi-hcd 1
bdhb-hcd 1
724
6
ejf-hce 1
eab-hce 1
dha-hce 1
gfj-hce 1
beaf-hce 1
bchf-hce 1
725
4
hhc-hcf 1
gad-hcf 1
b-hcf 1
cih-hcf 1
726
3
ibf-hcg 1
ja-hcg 2
baed-hcg 1
727
4
jcb-hch 1
gdg-hch 1
ghe-hch 1
fci-hch 1
728
4
ggi-hci 1
geh-hci 1
fbf-hci 1
baef-hci 1
729
5
ejb-hcj 1
jd-hcj 1
eec-hcj 1
bbgd-hcj 1
hdb-hcj 1
730
3
ffb-hda 2
dec-hda 1
idc-hda 1
731
4
bejg-hdb 1
jh-hdb 1
bfhg-hdb 1
fei-hdb 1
732
5
bdac-hdc 1
jbf-hdc 1
gig-hdc 1
befb-hdc 1
cbi-hdc 1
733
2
bdg-hdd 2
cih-hdd 2
734
2
bbjf-hde 2
jfh-hde 1
735
4
bbha-hdf 1
dci-hdf 1
gbh-hdf 1
bcfg-hdf 1
736
3
fjc-hdg 1
eba-hdg 1
dac-hdg 1
737
2
fec-hdh 1
ihb-hdh 2
738
3
bic-hdi 1
beah-hdi 1
iae-hdi 1
739
4
bci-hdj 1
haa-hdj 1
jbj-hdj 1
eci-hdj 1
740
7
jjg-hea 1
bcji-hea 1
fdf-hea 1
cb-hea 1
djb-hea 1
bdfd-hea 1
befg-hea 1
741
1
icg-heb 2
742
4
bfjg-hec 1
bdda-hec 1
fai-hec 1
bdhc-hec 1
743
2
ffe-hed 1
bcbg-hed 2
744
2
bfhd-hee 2
gbf-hee 1
745
3
bjd-hef 2
bfch-hef 1
beg-hef 1
746
2
ceb-heg 2
bcdd-heg 1
747
3
hii-heh 2
dcb-heh 1
ggc-heh 1
748
3
if-hei 1
fad-hei 1
ie-hei 1
749
2
bgbd-hej 3
cec-hej 1
750
1
befe-hfa 4
751
4
gc-hfb 1
beh-hfb 1
bff-hfb 1
icd-hfb 1
752
3
gab-hfc 1
gjh-hfc 1
bcdc-hfc 1
753
2
eih-hfd 3
bcec-hfd 1
754
3
bahd-hfe 1
gac-hfe 2
ejg-hfe 1
755
2
bacc-hff 2
hge-hff 1
756
2
gfd-hfg 1
bbac-hfg 2
757
4
ede-hfh 1
ibb-hfh 1
ihf-hfh 1
bbaj-hfh 1
758
3
heb-hfi 1
beih-hfi 1
eci-hfi 1
759
3
jfc-hfj 1
gaa-hfj 1
bfhi-hfj 1
760
2
fdb-hga 1
bbg-hga 1
761
4
gcc-hgb 2
bccd-hgb 1
hfc-hgb 1
iaj-hgb 1
762
3
fea-hgc 1
fia-hgc 1
hje-hgc 2
763
2
bedb-hgd 1
bbfa-hgd 1
764
3
beff-hge 1
efg-hge 1
jdc-hge 1
765
4
bci-hgf 1
fea-hgf 1
icd-hgf 1
bafe-hgf 1
766
3
ehf-hgg 1
baib-hgg 1
ddc-hgg 1
767
2
dej-hgh 1
deg-hgh 1
768
4
hah-hgi 1
baai-hgi 1
baja-hgi 1
cdb-hgi 1
769
1
bbjj-hgj 1
770
5
baad-hha 1
ihj-hha 1
bi-hha 1
ii-hha 1
hdd-hha 1
771
3
bbaj-hhb 1
bbaa-hhb 1
dfa-hhb 2
772
3
beff-hhc 1
eia-hhc 1
fhc-hhc 1
773
4
bbd-hhd 1
gaa-hhd 1
ch-hhd 1
bdec-hhd 1
774
4
bdfa-hhe 1
dji-hhe 1
gja-hhe 1
eff-hhe 1
775
4
ed-hhf 1
dag-hhf 1
bafj-hhf 1
bcf-hhf 1
776
2
hbb-hhg 3
dgd-hhg 1
777
1
haa-hhh 2
778
1
dcj-hhi 2
779
6
idc-hhj 1
jec-hhj 1
beb-hhj 1
cbg-hhj 1
bfag-hhj 1
hie-hhj 1
780
3
dbf-hia 1
bbie-hia 1
jdd-hia 1
781
3
bbfb-hib 1
bbi-hib 1
ccc-hib 1
782
4
dhd-hic 1
chh-hic 1
bgcf-hic 1
dcc-hic 1
783
1
bgdg-hid 1
784
2
bjg-hie 1
bgbb-hie 1
785
3
fje-hif 1
ggc-hif 1
cii-hif 1
786
3
gb-hig 1
fig-hig 1
che-hig 1
787
4
eii-hih 1
iaf-hih 1
ddh-hih 1
bdbe-hih 1
788
4
cgi-hii 1
jaj-hii 1
djb-hii 1
fej-hii 1
789
5
bbbd-hij 1
dif-hij 1
bji-hij 1
jff-hij 1
hag-hij 1
790
2
fae-hja 1
gbd-hja 1
791
3
bde-hjb 1
cfh-hjb 1
cbb-hjb 1
792
4
bbfi-hjc 2
hcc-hjc 1
bfhe-hjc 2
gaj-hjc 1
793
2
fef-hjd 1
bbd-hjd 1
794
2
bdja-hje 1
fgj-hje 1
795
3
gid-hjf 1
edj-hjf 1
beji-hjf 1
796
6
jdh-hjg 1
jgg-hjg 1
cfa-hjg 1
eda-hjg 1
igd-hjg 1
gci-hjg 1
797
1
caj-hjh 2
798
3
bba-hji 1
hfj-hji 1
iac-hji 1
799
5
bgc-hjj 1
fe-hjj 1
beea-hjj 1
fgd-hjj 2
gah-hjj 1
800
5
dhc-iaa 1
eef-iaa 1
deb-iaa 1
ead-iaa 1
jcg-iaa 1
801
3
cdh-iab 1
bdbh-iab 1
ech-iab 1
802
3
hia-iac 1
eic-iac 1
hbi-iac 1
803
2
cgd-iad 3
d-iad 1
804
3
bcd-iae 2
cib-iae 1
cdf-iae 1
805
3
gjf-iaf 2
ejf-iaf 1
ecj-iaf 1
806
4
begg-iag 1
bage-iag 1
ihd-iag 1
ejg-iag 1
807
2
dad-iah 1
fei-iah 1
808
3
dje-iai 1
gf-iai 2
beja-iai 1
809
2
gbh-iaj 1
bddg-iaj 2
810
4
bbba-iba 1
bbbj-iba 1
bafb-iba 1
bcb-iba 1
811
2
iha-ibb 1
bead-ibb 1
812
2
egb-ibc 1
bbgf-ibc 1
813
2
bgcj-ibd 1
bdhd-ibd 1
814
2
fba-ibe 1
bbcc-ibe 2
815
3
dih-ibf 1
bffh-ibf 1
dje-ibf 1
816
4
bafg-ibg 1
ceb-ibg 1
fhg-ibg 1
efj-ibg 1
817
3
babb-ibh 1
bahj-ibh 1
eja-ibh 1
818
4
bjc-ibi 1
fdi-ibi 1
fii-ibi 1
jib-ibi 1
819
4
bbdb-ibj 1
hae-ibj 1
dfd-ibj 1
bbcd-ibj 1
820
4
bcfh-ica 1
becf-ica 1
dgi-ica 1
edc-ica 1
821
3
fib-icb 1
fhj-icb 1
hfi-icb 1
822
1
fdh-icc 2
823
4
jaa-icd 1
hcd-icd 1
hj-icd 1
jaj-icd 1
824
3
hgi-ice 1
ehd-ice 1
jfh-ice 1
825
4
fce-icf 1
cih-icf 1
dbb-icf 1
bcha-icf 1
826
3
bcdi-icg 1
bjj-icg 1
gcg-icg 1
827
2
beei-ich 1
djd-ich 1
828
2
jc-ici 2
cj-ici 1
829
2
hbe-icj 1
jie-icj 1
830
3
jbh-ida 1
hee-ida 2
bcfd-ida 1
831
6
cdh-idb 1
bfjd-idb 1
ghi-idb 1
fce-idb 1
cii-idb 1
bach-idb 1
832
1
gjg-idc 3
833
3
bbah-idd 1
fj-idd 2
bfda-idd 1
835
3
dii-idf 1
dh-idf 2
efa-idf 1
836
3
bagf-idg 2
dhd-idg 1
bfi-idg 1
837
1
bad-idh 3
838
4
ech-idi 1
bbdd-idi 1
baeh-idi 1
bgfa-idi 1
839
2
bcc-idj 2
fdj-idj 1
840
4
chb-iea 1
bebf-iea 1
eeb-iea 1
bij-iea 1
841
2
bbie-ieb 2
fhb-ieb 1
842
4
bbca-iec 1
hfh-iec 1
iff-iec 1
hfg-iec 1
843
4
jac-ied 1
bbid-ied 1
bche-ied 1
hhb-ied 1
844
3
bdcd-iee 1
baje-iee 1
efc-iee 1
845
4
ea-ief 1
bbah-ief 1
bfc-ief 1
hag-ief 1
846
4
fjj-ieg 1
ffh-ieg 1
hcd-ieg 1
idd-ieg 1
847
4
caj-ieh 1
bjg-ieh 1
bge-ieh 1
bchj-ieh 1
848
5
gdf-iei 1
hgi-iei 1
efg-iei 1
bcgb-iei 1
behf-iei 1
849
2
bbh-iej 1
bdi-iej 1
850
4
bdbe-ifa 1
bbbi-ifa 1
hcf-ifa 1
ccc-ifa 1
851
3
bagh-ifb 1
dfh-ifb 1
fgh-ifb 1
852
5
bchg-ifc 1
cee-ifc 1
ejj-ifc 1
jid-ifc 1
gfa-ifc 1
853
4
bah-ifd 1
bbhd-ifd 1
ijh-ifd 1
cf-ifd 1
854
3
bbdj-ife 1
hjf-ife 1
dad-ife 1
855
4
efe-iff 1
bjb-iff 1
fb-iff 1
jgf-iff 1
856
3
jci-ifg 1
bgeb-ifg 1
be-ifg 1
857
3
baga-ifh 1
cid-ifh 2
baai-ifh 1
858
2
badf-ifi 1
bcci-ifi 1
859
1
chb-ifj 1
860
2
gfj-iga 1
ebb-iga 1
861
1
cif-igb 2
862
3
eaf-igc 1
gh-igc 1
bcgi-igc 1
863
2
ggg-igd 2
hfd-igd 1
864
3
dbi-ige 1
dbj-ige 1
hjc-ige 1
867
1
hag-igh 1
868
2
bbg-igi 1
bcbj-igi 2
869
4
jba-igj 1
gih-igj 1
dde-igj 1
bdie-igj 1
870
4
bcdj-iha 1
hgf-iha 1
jfa-iha 1
bbfe-iha 1
871
1
bbcj-ihb 2
872
1
ehj-ihc 3
873
4
fj-ihd 1
bbdd-ihd 1
bgei-ihd 1
behh-ihd 1
874
3
hdi-ihe 1
hdg-ihe 1
hdj-ihe 1
875
4
bfcc-ihf 1
bbad-ihf 1
eh-ihf 1
ijj-ihf 1
876
2
cdj-ihg 3
gij-ihg 1
877
3
eef-ihh 1
cib-ihh 1
gih-ihh 1
878
4
bdgf-ihi 1
bebh-ihi 1
gjh-ihi 1
jg-ihi 1
879
2
caf-ihj 1
cef-ihj 1
880
3
hfh-iia 1
fgb-iia 1
fid-iia 1
881
4
baeb-iib 1
id-iib 1
chd-iib 1
bafa-iib 1
882
4
gfa-iic 1
jje-iic 1
fag-iic 1
iie-iic 1
883
2
iae-iid 1
ffa-iid 3
884
4
cbb-iie 1
bec-iie 1
jee-iie 1
bejf-iie 1
885
2
hif-iif 1
bbei-iif 1
886
3
hjb-iig 1
hcg-iig 1
ddg-iig 1
887
1
hbj-iih 1
888
1
bbib-iii 1
889
1
baaa-iij 1
890
2
iaa-ija 1
dbj-ija 2
892
4
hg-ijc 1
cgi-ijc 1
bbf-ijc 1
bcij-ijc 1
893
3
gdh-ijd 1
hfi-ijd 1
beda-ijd 1
894
4
bef-ije 1
gda-ije 1
beef-ije 1
bbbj-ije 1
895
2
hei-ijf 1
bj-ijf 1
896
2
ig-ijg 1
behi-ijg 1
897
2
hhg-ijh 1
bii-ijh 1
898
1
gd-iji 1
899
2
cff-ijj 1
iaf-ijj 1
900
3
jbg-jaa 1
bbjh-jaa 1
cf-jaa 1
901
2
baej-jab 2
gbe-jab 1
902
4
bgg-jac 1
ibb-jac 1
ghg-jac 1
ejj-jac 1
903
2
bcij-jad 2
dgj-jad 1
904
2
bbih-jae 1
cja-jae 2
905
1
bdig-jaf 2
906
3
cg-jag 1
bdij-jag 1
cbc-jag 1
907
5
cfe-jah 1
fie-jah 1
bcif-jah 1
baia-jah 1
bchh-jah 1
908
4
gbj-jai 1
bbbg-jai 1
efa-jai 1
hah-jai 1
909
2
iic-jaj 1
ebd-jaj 1
910
3
gej-jba 1
cgd-jba 1
bdef-jba 1
911
2
dhg-jbb 1
gjc-jbb 1
912
2
gbg-jbc 1
jca-jbc 1
913
3
bfad-jbd 1
bgh-jbd 1
dij-jbd 1
914
1
fbj-jbe 3
915
4
hai-jbf 1
bedi-jbf 1
gfg-jbf 1
cc-jbf 1
916
3
ehd-jbg 1
baie-jbg 1
bdid-jbg 2
917
3
dbd-jbh 1
babf-jbh 1
bji-jbh 1
918
1
bdcc-jbi 2
919
2
hdc-jbj 2
jhb-jbj 2
920
4
fdh-jca 1
jfg-jca 1
jde-jca 1
idf-jca 1
921
4
faj-jcb 1
gae-jcb 1
ihh-jcb 1
hhf-jcb 1
922
3
gfb-jcc 1
fej-jcc 1
fjg-jcc 1
923
4
jcc-jcd 1
ied-jcd 1
hgh-jcd 1
bagh-jcd 1
924
1
bafi-jce 1
925
3
igj-jcf 1
ghe-jcf 1
djc-jcf 1
926
3
cfj-jcg 1
babe-jcg 1
ggg-jcg 1
928
3
gih-jci 2
hhe-jci 1
bfbf-jci 2
930
2
bdig-jda 2
bgdf-jda 1
931
4
jhc-jdb 1
jji-jdb 1
cgf-jdb 1
hge-jdb 1
932
3
jc-jdc 1
gdh-jdc 1
hbh-jdc 1
933
3
dic-jdd 1
ffh-jdd 1
dhc-jdd 1
934
4
ha-jde 2
bi-jde 1
bcjb-jde 1
baad-jde 1
936
6
bh-jdg 1
dhj-jdg 1
gea-jdg 1
ibi-jdg 1
cjh-jdg 1
fbf-jdg 1
939
4
ja-jdj 1
dhb-jdj 1
jfj-jdj 1
eic-jdj 1
940
1
ije-jea 2
941
1
jad-jeb 1
942
4
ehc-jec 1
bdfg-jec 1
dae-jec 1
bgb-jec 1
943
1
djc-jed 1
944
4
hjb-jee 1
ej-jee 1
cfg-jee 1
ceg-jee 1
945
4
badj-jef 1
bbfe-jef 1
bbje-jef 1
fad-jef 1
946
2
bbj-jeg 1
baib-jeg 1
947
2
bgdb-jeh 2
ddj-jeh 1
948
1
eff-jei 2
949
3
fgj-jej 1
ehb-jej 1
dch-jej 1
950
4
bhe-jfa 1
fdj-jfa 1
chb-jfa 1
iec-jfa 1
951
3
cge-jfb 1
bbdb-jfb 1
ebb-jfb 1
952
3
egb-jfc 1
jgb-jfc 1
cgh-jfc 1
953
2
babc-jfd 1
fbd-jfd 1
954
3
bcif-jfe 2
c-jfe 1
bfgb-jfe 1
955
2
egg-jff 1
bfeb-jff 2
956
3
ega-jfg 1
bccb-jfg 1
ghc-jfg 2
957
4
eij-jfh 1
gfb-jfh 1
bffj-jfh 1
fdf-jfh 1
958
4
bbj-jfi 1
eib-jfi 1
befa-jfi 1
dii-jfi 1
959
4
bcc-jfj 1
bdhe-jfj 1
eac-jfj 1
jfa-jfj 1
960
4
bfcd-jga 1
bfab-jga 1
fdf-jga 1
bagg-jga 1
961
1
ecd-jgb 1
962
4
bba-jgc 1
ied-jgc 1
ibd-jgc 1
babj-jgc 1
964
4
bagf-jge 1
bcgj-jge 1
gbf-jge 1
dda-jge 1
965
4
fbf-jgf 1
bhg-jgf 1
hhj-jgf 1
i-jgf 1
966
3
cfd-jgg 1
heh-jgg 1
bajc-jgg 1
967
2
dfc-jgh 1
jcb-jgh 1
968
2
gjf-jgi 1
iae-jgi 1
970
3
jia-jha 2
ghd-jha 1
bea-jha 1
971
1
ejg-jhb 1
972
4
ced-jhc 1
eej-jhc 1
hei-jhc 1
gga-jhc 1
973
2
geb-jhd 1
gba-jhd 1
974
3
bbai-jhe 1
jae-jhe 1
jih-jhe 1
975
3
behe-jhf 1
bajj-jhf 2
fch-jhf 1
976
2
hde-jhg 1
fbi-jhg 1
977
3
gej-jhh 1
bfia-jhh 1
gab-jhh 1
978
2
bcj-jhi 2
bagi-jhi 1
979
1
eei-jhj 1
980
6
ecc-jia 1
ddg-jia 1
bje-jia 1
bded-jia 1
baac-jia 1
hdd-jia 1
981
4
gda-jib 1
bjf-jib 1
bab-jib 1
iac-jib 1
982
2
igj-jic 1
hff-jic 1
983
4
cag-jid 1
jff-jid 1
bgfj-jid 1
bdgd-jid 1
984
3
hdb-jie 1
baih-jie 1
cij-jie 1
985
4
bb-jif 1
dge-jif 1
bdih-jif 1
hah-jif 1
986
3
bbe-jig 1
bafi-jig 1
gha-jig 1
987
3
jhi-jih 1
gfi-jih 1
bfa-jih 1
988
3
bjh-jii 1
cei-jii 1
ddf-jii 2
989
1
ge-jij 2
990
1
idh-jja 1
991
5
ieg-jjb 1
cjc-jjb 1
hja-jjb 1
bdi-jjb 1
jif-jjb 1
992
3
jbg-jjc 1
bcgb-jjc 1
jhg-jjc 1
993
1
daj-jjd 1
994
4
bbcg-jje 1
badd-jje 1
baig-jje 1
hdd-jje 1
995
2
ccf-jjf 1
hja-jjf 1
996
2
gfc-jjg 1
efa-jjg 1
997
1
geh-jjh 1
998
1
hef-jji 2
999
3
baea-jjj 1
bcci-jjj 1
edg-jjj 1
1000
1
fgi-baaa 1
1001
4
efi-baab 1
jeg-baab 1
ifd-baab 1
bc-baab 1
1002
2
hig-baac 1
jbh-baac 1
1003
4
ehj-baad 1
jcd-baad 1
bbbh-baad 1
ceb-baad 1
1004
1
eje-baae 2
1005
1
baae-baaf 2
1006
4
cdc-baag 1
beja-baag 1
ffj-baag 1
jci-baag 1
1007
1
baef-baah 2
1008
4
igj-baai 1
bacb-baai 1
baha-baai 1
dgd-baai 1
1009
1
ceb-baaj 1
1010
4
jdf-baba 1
bbfb-baba 1
dfi-baba 1
ehi-baba 1
1011
3
edh-babb 1
djh-babb 1
ggi-babb 1
1012
4
beag-babc 1
baif-babc 1
jga-babc 1
if-babc 1
1013
1
dfe-babd 3
1014
3
ebj-babe 1
ije-babe 1
cjc-babe 2
1015
2
begj-babf 1
ceg-babf 1
1016
2
beba-babg 2
bdhd-babg 1
1017
2
cbg-babh 1
baia-babh 1
1018
3
baij-babi 1
cdb-babi 1
gd-babi 1
1019
2
fdc-babj 1
bbcg-babj 2
1020
1
igh-baca 1
1021
5
bgbj-bacb 1
heb-bacb 1
jce-bacb 1
jg-bacb 1
bcje-bacb 1
1022
3
feg-bacc 1
hbc-bacc 1
gdb-bacc 1
1023
1
jgf-bacd 1
1024
1
bbcd-bace 2
1026
2
cja-bacg 1
bgdb-bacg 1
1027
2
baag-bach 1
bih-bach 2
1028
2
ejc-baci 1
egi-baci 1
1029
3
iha-bacj 1
ibj-bacj 2
bada-bacj 1
1030
4
bbcf-bada 1
hej-bada 1
gdb-bada 1
ecj-bada 1
1031
3
bdf-badb 1
dcd-badb 1
bddf-badb 1
1032
3
cad-badc 1
ifg-badc 1
hfg-badc 1
1033
2
bcac-badd 2
jc-badd 1
1034
1
ega-bade 1
1035
1
fgh-badf 1
1036
1
jhi-badg 2
1037
1
bbgj-badh 2
1038
2
ghg-badi 1
bbdi-badi 1
1039
3
ijj-badj 1
bjf-badj 1
bbhf-badj 2
1040
2
cid-baea 2
hdd-baea 2
1041
4
bbaf-baeb 1
fd-baeb 1
bdcj-baeb 1
iag-baeb 1
1042
3
jha-baec 1
hbg-baec 2
jaa-baec 1
1043
1
djc-baed 1
1044
1
baeg-baee 1
1045
3
bdbf-baef 2
fi-baef 1
efd-baef 1
1046
4
hhd-baeg 1
bcef-baeg 1
jdc-baeg 1
baic-baeg 1
1047
1
dfd-baeh 2
1048
4
chj-baei 1
bcig-baei 1
bhc-baei 1
bagg-baei 1
1049
2
bbhh-baej 3
bdfj-baej 1
1050
4
cff-bafa 1
babe-bafa 1
dgj-bafa 1
jdj-bafa 1
1051
3
bbbd-bafb 2
gdg-bafb 1
baah-bafb 1
1052
4
gfg-bafc 1
bbef-bafc 1
hii-bafc 1
jce-bafc 1
1053
1
cfa-bafd 2
1054
1
fdd-bafe 3
1055
2
bfif-baff 1
hcj-baff 1
1056
1
fdd-bafg 1
1057
1
jbd-bafh 1
1058
3
bag-bafi 2
bhj-bafi 1
chi-bafi 1
1059
3
gfi-bafj 1
bcag-bafj 1
hef-bafj 1
1060
2
ded-baga 1
bbag-baga 1
1061
1
fhb-bagb 2
1062
1
gie-bagc 1
1063
2
beg-bagd 2
hgd-bagd 1
1064
3
jfb-bage 1
jhf-bage 2
babh-bage 1
1065
2
bede-bagf 1
bgd-bagf 1
1066
3
baie-bagg 2
hgb-bagg 1
fcb-bagg 1
1067
5
eab-bagh 1
gje-bagh 1
ijg-bagh 1
cgf-bagh 1
cde-bagh 1
1068
1
bcac-bagi 3
1069
2
bad-bagj 2
jhd-bagj 1
1070
2
bcgf-baha 1
bgcc-baha 1
1071
1
bgah-bahb 2
1072
1
hbg-bahc 1
1073
4
behd-bahd 2
dbb-bahd 1
beij-bahd 1
efa-bahd 1
1074
1
bcdi-bahe 1
1075
1
bagd-bahf 2
1076
2
gjc-bahg 1
bgc-bahg 1
1077
4
bedg-bahh 1
bahg-bahh 1
jab-bahh 1
hea-bahh 1
1078
4
ghc-bahi 1
hab-bahi 1
ceh-bahi 1
ia-bahi 1
1079
1
ghi-bahj 2
1080
2
bgg-baia 1
jif-baia 2
1081
2
iac-baib 1
hih-baib 1
1082
2
babi-baic 1
iaa-baic 2
1083
2
bejd-baid 1
ib-baid 1
1084
4
bade-baie 1
iaf-baie 1
bai-baie 1
efc-baie 1
1085
1
jcb-baif 1
1086
4
hif-baig 1
jgh-baig 1
ihc-baig 1
edd-baig 1
1087
5
bbgd-baih 1
gcf-baih 1
bcej-baih 1
bcgf-baih 1
becj-baih 1
1088
2
ffj-baii 1
bbab-baii 1
1089
3
ife-baij 1
bha-baij 1
bfh-baij 1
1090
4
bif-baja 1
bcfj-baja 1
cdh-baja 1
cgg-baja 1
1091
3
bafj-bajb 1
bdfg-bajb 1
ji-bajb 1
1092
3
bbae-bajc 1
hih-bajc 1
dhb-bajc 1
1093
4
edc-bajd 1
hha-bajd 1
bfjc-bajd 1
hhg-bajd 1
1094
4
gfi-baje 1
bdab-baje 1
iej-baje 1
hhe-baje 1
1095
4
jcd-bajf 1
bbgi-bajf 1
bcje-bajf 1
eca-bajf 1
1096
1
cgf-bajg 2
1097
2
hba-bajh 1
bia-bajh 1
1098
1
baje-baji 2
1099
2
bajf-bajj 2
eci-bajj 1
1100
2
bcfa-bbaa 1
beeg-bbaa 2
1101
2
bbfc-bbab 1
cde-bbab 1
1102
4
bejd-bbac 1
dce-bbac 1
fed-bbac 1
iif-bbac 1
1103
2
bbag-bbad 1
jbh-bbad 1
1104
5
bcfc-bbae 1
gc-bbae 1
bgba-bbae 1
gid-bbae 1
hg-bbae 1
1105
2
eff-bbaf 1
hhg-bbaf 1
1106
1
gff-bbag 1
1107
4
beci-bbah 1
cja-bbah 1
fhe-bbah 1
bfjh-bbah 1
1108
2
bhj-bbai 1
bdch-bbai 2
1109
1
ich-bbaj 1
1110
4
cgd-bbba 1
babb-bbba 1
hdb-bbba 1
jid-bbba 1
1111
1
hed-bbbb 1
1113
4
icb-bbbd 1
bbh-bbbd 1
baec-bbbd 1
bgab-bbbd 1
1114
3
bccj-bbbe 1
dhj-bbbe 1
bcc-bbbe 1
1116
2
icb-bbbg 1
ief-bbbg 2
1117
2
bagc-bbbh 1
ehg-bbbh 1
1118
2
gee-bbbi 1
bac-bbbi 1
1119
3
bgdj-bbbj 1
bahe-bbbj 1
big-bbbj 1
1120
1
jcc-bbca 2
1121
5
djj-bbcb 1
hih-bbcb 1
fbc-bbcb 1
jfd-bbcb 1
iee-bbcb 1
1122
2
hbd-bbcc 1
bgf-bbcc 1
1123
3
jjd-bbcd 1
baii-bbcd 1
gje-bbcd 1
1124
2
iff-bbce 1
gde-bbce 1
1125
2
fhc-bbcf 1
bbae-bbcf 1
1126
3
bdid-bbcg 1
fcg-bbcg 1
ccj-bbcg 1
1127
1
icb-bbch 1
1128
1
babh-bbci 2
1129
1
hee-bbcj 2
1130
3
jde-bbda 1
ehh-bbda 1
bbji-bbda 1
1131
4
hjj-bbdb 1
bfdj-bbdb 1
ifa-bbdb 1
idc-bbdb 1
1133
4
eii-bbdd 1
fgh-bbdd 1
bci-bbdd 1
gid-bbdd 1
1134
1
jif-bbde 1
1135
3
baed-bbdf 1
gbi-bbdf 1
gbc-bbdf 1
1136
2
bhc-bbdg 1
bgdc-bbdg 2
1137
3
ghb-bbdh 1
bcjd-bbdh 1
eef-bbdh 1
1138
3
bcba-bbdi 1
baee-bbdi 1
hbh-bbdi 1
1139
1
ghi-bbdj 1
1140
3
cga-bbea 1
dfh-bbea 1
df-bbea 1
1141
4
bbde-bbeb 1
bffc-bbeb 1
bbae-bbeb 1
ihd-bbeb 1
1142
2
bcie-bbec 1
cai-bbec 1
1143
1
jc-bbed 1
1144
1
bdee-bbee 2
1145
4
fjf-bbef 1
badd-bbef 1
ce-bbef 1
fjb-bbef 1
1146
3
bcjg-bbeg 1
eca-bbeg 1
bgbc-bbeg 1
1147
1
eg-bbeh 2
1148
2
eif-bbei 1
gej-bbei 1
1149
3
bcbb-bbej 1
fja-bbej 1
fci-bbej 1
1150
1
bacc-bbfa 2
1151
4
bbgg-bbfb 1
bdah-bbfb 1
baji-bbfb 1
ghj-bbfb 1
1152
2
bfej-bbfc 1
ibh-bbfc 1
1153
4
bdje-bbfd 1
bdcj-bbfd 1
ebc-bbfd 1
eaa-bbfd 1
1154
2
chg-bbfe 1
bbgi-bbfe 1
1155
5
ihi-bbff 1
dbh-bbff 1
bdjd-bbff 1
fcc-bbff 1
hg-bbff 1
1156
3
fea-bbfg 2
eee-bbfg 1
bfee-bbfg 1
1157
2
gec-bbfh 2
bbjg-bbfh 1
1158
2
bfhb-bbfi 2
bbej-bbfi 1
1159
3
cbc-bbfj 1
ifc-bbfj 1
babh-bbfj 2
1160
2
eji-bbga 1
jbc-bbga 1
1161
3
hgd-bbgb 2
iic-bbgb 1
hi-bbgb 1
1162
1
bafa-bbgc 1
1163
1
bgag-bbgd 1
1164
3
bbff-bbge 2
ddd-bbge 1
eb-bbge 1
1165
1
fcj-bbgf 1
1166
4
ca-bbgg 1
gfh-bbgg 1
bdai-bbgg 1
bcde-bbgg 1
1167
1
bbei-bbgh 1
1168
3
jgi-bbgi 1
bdgi-bbgi 2
bfi-bbgi 1
1169
2
eah-bbgj 2
bejh-bbgj 2
1170
2
fbe-bbha 1
begi-bbha 1
1171
2
djd-bbhb 1
iec-bbhb 1
1172
2
cbh-bbhc 2
bca-bbhc 1
1173
4
bced-bbhd 1
j-bbhd 1
bdb-bbhd 1
ece-bbhd 1
1174
4
fh-bbhe 1
bbgb-bbhe 1
id-bbhe 1
gfe-bbhe 1
1175
3
baif-bbhf 1
dia-bbhf 1
bfec-bbhf 1
1177
2
bcjf-bbhh 1
beee-bbhh 1
1178
2
bfge-bbhi 1
hgi-bbhi 1
1180
3
edb-bbia 1
ij-bbia 1
ei-bbia 1
1181
1
bdi-bbib 1
1182
2
iab-bbic 1
befc-bbic 1
1183
1
bbdd-bbid 1
1184
3
def-bbie 1
dee-bbie 1
bbhj-bbie 1
1185
2
bij-bbif 1
dcj-bbif 1
1186
1
cig-bbig 1
1187
2
gc-bbih 1
bfd-bbih 1
1188
1
bfgf-bbii 2
1189
2
bbdf-bbij 1
beci-bbij 2
1190
2
fec-bbja 1
bacb-bbja 1
1191
1
gje-bbjb 2
1192
3
bbha-bbjc 1
ii-bbjc 1
bhc-bbjc 1
1193
1
jig-bbjd 1
1194
1
cbd-bbje 1
1195
3
haj-bbjf 2
fcj-bbjf 1
jbg-bbjf 1
1196
3
bbfe-bbjg 1
hjb-bbjg 1
bagj-bbjg 1
1197
2
jih-bbjh 1
bcjb-bbjh 1
1198
3
ijh-bbji 1
bch-bbji 1
hhi-bbji 1
1199
1
cig-bbjj 1
1200
2
bbie-bcaa 1
bgb-bcaa 1
1201
4
gce-bcab 1
jjj-bcab 1
bchi-bcab 1
dfi-bcab 1
1202
3
hac-bcac 1
had-bcac 1
fa-bcac 1
1203
2
bgcb-bcad 2
bdf-bcad 1
1204
2
ibg-bcae 1
bdaj-bcae 1
1205
3
bcda-bcaf 1
bbha-bcaf 1
jh-bcaf 1
1206
2
babb-bcag 1
bgch-bcag 1
1207
1
eed-bcah 1
1208
1
bbcj-bcai 1
1209
1
bbji-bcaj 1
1210
2
gfc-bcba 1
ejb-bcba 1
1211
3
hag-bcbb 1
bdbj-bcbb 1
die-bcbb 1
1212
4
bbai-bcbc 1
bcij-bcbc 1
dbe-bcbc 1
bafj-bcbc 1
1213
1
baca-bcbd 1
1214
2
gda-bcbe 1
bdd-bcbe 1
1215
2
bged-bcbf 1
igc-bcbf 1
1216
3
iea-bcbg 1
dbh-bcbg 1
behc-bcbg 1
1217
1
bhg-bcbh 1
1218
2
jcf-bcbi 1
jdd-bcbi 2
1219
1
hgc-bcbj 3
1220
4
behj-bcca 1
bdhj-bcca 1
jfe-bcca 1
fb-bcca 1
1221
2
cid-bccb 2
egb-bccb 1
1223
3
behg-bccd 1
bfed-bccd 1
ced-bccd 1
1224
2
iib-bcce 1
eci-bcce 1
1225
2
bfhd-bccf 1
bajb-bccf 1
1226
2
badf-bccg 1
begg-bccg 1
1228
2
hjd-bcci 1
bcae-bcci 1
1229
5
hci-bccj 1
gbe-bccj 1
bg-bccj 1
cfg-bccj 1
dci-bccj 1
1230
3
beii-bcda 1
dh-bcda 1
ijd-bcda 1
1231
3
bbeb-bcdb 1
baci-bcdb 1
bddd-bcdb 1
1232
3
bfga-bcdc 2
bccd-bcdc 1
bcj-bcdc 1
1233
3
bbfh-bcdd 1
bagh-bcdd 1
bdid-bcdd 1
1234
4
bcha-bcde 1
cba-bcde 1
beje-bcde 1
gic-bcde 1
1235
1
bbef-bcdf 1
1236
3
hjc-bcdg 1
chc-bcdg 1
jje-bcdg 1
1237
2
faf-bcdh 1
bchf-bcdh 1
1238
3
hee-bcdi 1
becb-bcdi 1
cfg-bcdi 1
1239
1
fdb-bcdj 1
1240
1
becb-bcea 1
1241
2
idj-bceb 1
bfcf-bceb 1
1242
1
dgj-bcec 1
1243
1
bcjd-bced 1
1244
5
iai-bcee 1
bdca-bcee 1
bdja-bcee 1
ffd-bcee 1
gdf-bcee 1
1245
2
fbb-bcef 1
fbj-bcef 1
1246
1
cca-bceg 1
1247
3
bbdf-bceh 2
bge-bceh 1
bdae-bceh 1
1248
1
bci-bcei 1
1249
2
gif-bcej 1
jfh-bcej 2
1250
2
jfh-bcfa 1
djh-bcfa 1
1252
2
cig-bcfc 1
jbj-bcfc 1
1253
3
idg-bcfd 1
jeh-bcfd 1
beie-bcfd 1
1254
1
jh-bcfe 1
1255
4
ddd-bcff 1
iie-bcff 1
hfh-bcff 1
begg-bcff 1
1256
1
fjj-bcfg 2
1257
1
egd-bcfh 1
1258
1
ihe-bcfi 1
1259
4
ibc-bcfj 1
jii-bcfj 1
cig-bcfj 1
bchb-bcfj 1
1260
1
ghc-bcga 1
1261
2
eai-bcgb 1
jae-bcgb 1
1262
1
beih-bcgc 2
1264
3
baih-bcge 1
bgh-bcge 1
bddi-bcge 1
1265
1
bbga-bcgf 1
1266
2
beej-bcgg 1
bfhf-bcgg 1
1267
2
cbj-bcgh 1
bdjg-bcgh 1
1268
4
bge-bcgi 1
fca-bcgi 1
hce-bcgi 1
bfh-bcgi 1
1269
3
bdbg-bcgj 1
beae-bcgj 1
bfci-bcgj 1
1270
1
deh-bcha 2
1271
2
bdfj-bchb 1
hhd-bchb 1
1272
2
bdb-bchc 1
cej-bchc 1
1273
2
bdaf-bchd 1
jbd-bchd 1
1274
2
gcd-bche 1
becg-bche 1
1275
2
bfag-bchf 1
hdj-bchf 1
1276
4
idc-bchg 1
hga-bchg 1
bebi-bchg 1
hhj-bchg 1
1277
4
bbij-bchh 1
bcjb-bchh 1
bcjj-bchh 1
hhi-bchh 1
1278
1
ifh-bchi 2
1279
1
jcd-bchj 1
1280
3
bgec-bcia 1
hhg-bcia 2
baid-bcia 1
1281
3
bje-bcib 1
dde-bcib 2
bfgd-bcib 1
1283
1
bede-bcid 1
1284
2
bbgh-bcie 1
eic-bcie 2
1285
1
bdjb-bcif 2
1286
1
fae-bcig 1
1287
1
cae-bcih 1
1288
2
jeh-bcii 1
cga-bcii 2
1289
1
ebd-bcij 1
1290
3
ica-bcja 1
hhd-bcja 1
bbfi-bcja 1
1291
2
bcaa-bcjb 1
dba-bcjb 1
1292
2
bbaf-bcjc 1
bbdg-bcjc 1
1293
1
hdf-bcjd 1
1294
1
bbfh-bcje 1
1295
3
bdjc-bcjf 1
dde-bcjf 1
bedc-bcjf 2
1296
2
eii-bcjg 1
jce-bcjg 1
1297
1
dch-bcjh 1
1298
2
ida-bcji 1
dg-bcji 1
1299
2
bfgi-bcjj 1
fig-bcjj 1
1300
3
edh-bdaa 1
eba-bdaa 1
gcj-bdaa 1
1301
2
bdib-bdab 1
iji-bdab 1
1302
2
cgb-bdac 1
gba-bdac 1
1303
1
ch-bdad 3
1304
2
bbif-bdae 1
bahi-bdae 1
1305
1
ga-bdaf 1
1307
2
beeg-bdah 1
ibd-bdah 1
1308
2
bajh-bdai 1
baij-bdai 1
1309
1
hed-bdaj 2
1310
1
bbch-bdba 1
1311
1
jeh-bdbb 1
1312
1
bcgf-bdbc 1
1314
1
hh-bdbe 1
1315
1
hf-bdbf 1
1316
3
bfii-bdbg 1
ddc-bdbg 1
hdj-bdbg 1
1317
1
jhg-bdbh 1
1318
1
dbc-bdbi 2
1319
4
jfa-bdbj 1
gid-bdbj 1
dhe-bdbj 1
bbci-bdbj 1
1320
1
fej-bdca 1
1321
2
cii-bdcb 1
ibj-bdcb 1
1322
2
iig-bdcc 1
bdhf-bdcc 1
1323
2
bdgd-bdcd 1
bbcb-bdcd 1
1324
1
jfc-bdce 1
1325
1
faa-bdcf 1
1326
1
bce-bdcg 1
1327
2
hgc-bdch 1
cac-bdch 1
1328
2
ci-bdci 1
efh-bdci 1
1329
2
feb-bdcj 1
jjc-bdcj 1
1330
1
efh-bdda 2
1331
1
bbbg-bddb 1
1333
2
bcbf-bddd 1
daa-bddd 1
1334
2
jif-bdde 1
bid-bdde 1
1335
1
bbcc-bddf 3
1336
1
badj-bddg 1
1337
1
bffa-bddh 1
1338
1
fjg-bddi 1
1339
3
bj-bddj 1
bbbe-bddj 1
bcaf-bddj 1
1340
1
dc-bdea 1
1341
2
bdif-bdeb 1
jaf-bdeb 1
1342
4
cca-bdec 1
ida-bdec 1
bfaf-bdec 1
bfeg-bdec 1
1343
2
bbbi-bded 1
befd-bded 1
1344
2
bcie-bdee 2
gii-bdee 1
1345
2
hbe-bdef 1
bbeg-bdef 1
1346
3
iai-bdeg 1
bgfb-bdeg 1
hdh-bdeg 1
1347
2
ecj-bdeh 1
cfc-bdeh 1
1348
1
bccd-bdei 1
1349
2
bfaa-bdej 1
jag-bdej 1
1350
3
hdb-bdfa 1
bje-bdfa 1
jjf-bdfa 1
1351
2
ijg-bdfb 1
icf-bdfb 1
1352
1
hdc-bdfc 1
1353
2
bec-bdfd 1
efb-bdfd 1
1354
2
bfeg-bdfe 1
gdf-bdfe 1
1355
1
jga-bdff 1
1356
2
bdic-bdfg 1
bib-bdfg 1
1357
2
bege-bdfh 1
bacc-bdfh 1
1358
2
becc-bdfi 1
jcf-bdfi 1
1359
3
cdf-bdfj 1
hae-bdfj 1
bbjf-bdfj 1
1360
4
bafa-bdga 1
ehh-bdga 1
ihf-bdga 1
begc-bdga 1
1361
3
bead-bdgb 1
hig-bdgb 1
fca-bdgb 1
1362
2
eba-bdgc 1
bcbd-bdgc 1
1363
2
gga-bdgd 1
gbc-bdgd 1
1364
1
baej-bdge 1
1365
3
gdb-bdgf 1
bfbe-bdgf 1
fcc-bdgf 1
1366
1
fbh-bdgg 1
1367
2
eea-bdgh 1
ghj-bdgh 1
1368
2
bdjb-bdgi 1
bdj-bdgi 1
1369
2
hhh-bdgj 1
bgdi-bdgj 1
1370
3
behi-bdha 1
daj-bdha 1
gfj-bdha 1
1371
2
haf-bdhb 1
hbh-bdhb 1
1372
2
bahg-bdhc 1
jei-bdhc 1
1373
2
bae-bdhd 1
bcbg-bdhd 1
1374
4
baia-bdhe 1
jjj-bdhe 1
ecc-bdhe 1
bagb-bdhe 1
1375
2
bfae-bdhf 1
bcdh-bdhf 1
1376
1
efd-bdhg 1
1377
1
bdfd-bdhh 1
1378
3
hb-bdhi 1
ccf-bdhi 1
ihe-bdhi 1
1379
1
iah-bdhj 1
1380
2
bgff-bdia 1
jgg-bdia 1
1381
1
bcfi-bdib 1
1382
1
hhg-bdic 1
1383
1
beh-bdid 1
1384
1
igc-bdie 1
1385
2
f-bdif 1
fgc-bdif 1
1386
1
bdge-bdig 2
1387
1
ijf-bdih 1
1388
2
fbg-bdii 1
cch-bdii 1
1389
1
fbg-bdij 1
1390
2
bbhb-bdja 1
bdeb-bdja 1
1391
1
bchd-bdjb 1
1392
2
bfbb-bdjc 1
ifh-bdjc 1
1393
1
eca-bdjd 1
1394
3
cge-bdje 1
bacj-bdje 1
bbjb-bdje 1
1395
1
jig-bdjf 1
1396
1
bdef-bdjg 1
1397
1
bfdf-bdjh 2
1398
2
bej-bdji 1
egb-bdji 1
1399
1
bccf-bdjj 2
1400
1
bcfj-beaa 2
1401
2
baai-beab 1
bdde-beab 1
1403
2
bafg-bead 1
bib-bead 1
1404
1
bdch-beae 1
1405
1
geb-beaf 1
1406
1
cci-beag 1
1407
2
bche-beah 2
bgfc-beah 1
1408
1
ida-beai 1
1409
2
bcea-beaj 1
dea-beaj 1
1410
3
bbcb-beba 1
bfg-beba 1
bbf-beba 1
1411
1
bgf-bebb 1
1412
1
bbah-bebc 1
1413
1
bejj-bebd 2
1414
1
bccd-bebe 1
1415
2
bbfj-bebf 1
ghb-bebf 1
1416
1
idj-bebg 1
1417
1
dag-bebh 2
1418
1
fad-bebi 1
1419
1
bbec-bebj 1
1420
2
ddg-beca 1
jjf-beca 1
1421
2
bfbj-becb 1
bcg-becb 2
1422
2
bcc-becc 1
haf-becc 1
1423
2
fba-becd 1
bbii-becd 1
1424
1
fii-bece 1
1425
2
fed-becf 1
hce-becf 1
1426
1
bagi-becg 1
1428
1
bbgj-beci 1
1429
1
hec-becj 2
1430
3
bfhh-beda 1
cbd-beda 1
bc-beda 1
1431
1
bebd-bedb 1
1432
1
bfaj-bedc 2
1433
1
ceg-bedd 1
1434
2
hf-bede 1
bbda-bede 1
1435
1
ebh-bedf 2
1436
2
gfg-bedg 1
jbg-bedg 1
1437
2
baha-bedh 1
bgai-bedh 1
1438
2
bfba-bedi 1
iib-bedi 1
1441
2
hcf-beeb 1
bbee-beeb 1
1442
1
jba-beec 1
1443
2
becd-beed 2
bfih-beed 1
1444
2
eff-beee 1
hhc-beee 1
1445
2
icf-beef 1
hhf-beef 1
1446
3
befc-beeg 1
bdeb-beeg 1
he-beeg 1
1447
1
bdgc-beeh 1
1448
1
bdcg-beei 1
1449
1
cge-beej 1
1450
2
ebe-befa 1
cbc-befa 1
1451
1
babd-befb 1
1452
1
bchf-befc 1
1453
3
chj-befd 1
dci-befd 1
iia-befd 1
1454
1
fif-befe 1
1455
2
hc-beff 1
fid-beff 1
1456
1
bah-befg 1
1458
1
bahf-befi 1
1459
1
bdgc-befj 1
1460
1
gca-bega 1
1461
1
iie-begb 1
1462
2
ghf-begc 1
bgad-begc 1
1463
1
bdgi-begd 1
1464
2
bdci-bege 1
babb-bege 1
1465
1
dfc-begf 1
1466
2
bfai-begg 1
ifb-begg 1
1467
1
eac-begh 1
1468
1
cff-begi 1
1469
2
bbfb-begj 1
eef-begj 1
1470
2
hcj-beha 2
cji-beha 1
1471
1
bfdh-behb 1
1472
1
ifa-behc 1
1473
1
eda-behd 1
1474
3
bgaa-behe 1
baja-behe 1
ihd-behe 1
1475
1
hdf-behf 1
1476
1
iei-behg 1
1477
1
bcgg-behh 1
1478
2
bgde-behi 1
bjh-behi 1
1479
2
dbd-behj 2
dcd-behj 1
1481
1
bdaj-beib 1
1482
3
bbb-beic 1
dg-beic 1
ec-beic 1
1483
2
iai-beid 1
bdje-beid 1
1484
1
cgc-beie 1
1485
3
hfb-beif 1
cii-beif 1
gab-beif 1
1486
2
baf-beig 1
bedd-beig 1
1487
2
ijd-beih 1
dcc-beih 1
1488
1
cbe-beii 1
1489
2
bah-beij 1
che-beij 1
1490
1
cid-beja 1
1491
1
bace-bejb 1
1493
1
badc-bejd 1
1494
1
baag-beje 1
1495
1
jhi-bejf 1
1496
2
bcag-bejg 1
cha-bejg 1
1497
1
bdaa-bejh 1
1498
2
ifa-beji 1
dcf-beji 1
1499
1
cdg-bejj 1
1500
2
bhf-bfaa 1
ccd-bfaa 1
1501
1
fbi-bfab 1
1503
1
jhc-bfad 1
1504
3
bfah-bfae 1
ecc-bfae 1
bai-bfae 1
1505
1
bedh-bfaf 2
1506
2
jai-bfag 1
bdad-bfag 1
1507
1
jbf-bfah 1
1508
1
bcaj-bfai 1
1509
1
bcjd-bfaj 1
1510
1
bdgg-bfba 1
1511
1
hda-bfbb 1
1512
1
ijd-bfbc 1
1513
3
dcg-bfbd 1
fia-bfbd 1
bbjd-bfbd 1
1514
1
behh-bfbe 1
1515
2
bdga-bfbf 1
efe-bfbf 1
1516
1
hih-bfbg 1
1518
1
jjc-bfbi 1
1519
1
beif-bfbj 1
1520
1
ghc-bfca 1
1521
3
gaj-bfcb 1
bbba-bfcb 1
gfa-bfcb 1
1522
1
gga-bfcc 1
1523
3
ggc-bfcd 1
bcdc-bfcd 1
bdbj-bfcd 1
1524
1
jh-bfce 1
1525
1
bca-bfcf 1
1526
3
bgdj-bfcg 1
cjc-bfcg 1
bfgg-bfcg 1
1527
1
bafe-bfch 1
1528
1
fjb-bfci 1
1529
2
gh-bfcj 1
dif-bfcj 1
1530
1
baai-bfda 2
1531
1
iih-bfdb 1
1532
1
bfbc-bfdc 1
1533
1
bcgh-bfdd 1
1534
1
jgf-bfde 1
1535
1
ddf-bfdf 1
1536
1
bdfi-bfdg 1
1537
1
bdec-bfdh 1
1538
1
fgc-bfdi 2
1539
2
dgg-bfdj 1
bddd-bfdj 1
1540
1
jdg-bfea 1
1541
1
ggf-bfeb 1
1542
2
edg-bfec 1
bdge-bfec 1
1543
2
iia-bfed 1
iea-bfed 1
1544
2
dae-bfee 1
fhi-bfee 1
1545
4
ied-bfef 1
faa-bfef 1
bgda-bfef 1
bgaf-bfef 1
1546
1
dfb-bfeg 1
1547
1
fdc-bfeh 1
1549
1
bdia-bfej 1
1550
1
iab-bffa 1
1551
1
bda-bffb 1
1552
1
iai-bffc 1
1553
1
egi-bffd 1
1554
1
jai-bffe 1
1555
1
becg-bfff 1
1556
1
gci-bffg 1
1557
1
ghi-bffh 1
1559
1
eda-bffj 1
1560
2
bfj-bfga 1
dcg-bfga 1
1561
2
bcfj-bfgb 1
beif-bfgb 1
1562
1
bdac-bfgc 1
1563
1
ihj-bfgd 1
1564
1
chj-bfge 1
1565
2
eig-bfgf 1
bgga-bfgf 1
1566
1
ec-bfgg 1
1567
1
bbie-bfgh 1
1568
3
bgee-bfgi 1
bgej-bfgi 1
fea-bfgi 1
1570
1
cga-bfha 1
1571
1
bhg-bfhb 1
1572
1
dgd-bfhc 1
1573
1
bdgb-bfhd 1
1574
1
bfi-bfhe 1
1575
2
jjj-bfhf 1
ded-bfhf 1
1576
2
bfhi-bfhg 1
ibi-bfhg 1
1577
1
ibh-bfhh 1
1578
1
ice-bfhi 1
1579
2
gih-bfhj 1
bejj-bfhj 1
1580
1
df-bfia 1
1582
2
bgfg-bfic 1
igc-bfic 1
1584
1
ceh-bfie 1
1585
2
caa-bfif 1
dfi-bfif 1
1587
1
cif-bfih 1
1588
2
hjg-bfii 1
edc-bfii 1
1589
1
gih-bfij 1
1590
1
bie-bfja 1
1591
1
icj-bfjb 1
1592
1
bej-bfjc 1
1593
1
bajd-bfjd 1
1594
1
bfba-bfje 1
1595
1
cdg-bfjf 1
1596
1
bdej-bfjg 1
1597
1
bcga-bfjh 1
1599
1
hhg-bfjj 1
1600
1
bcdd-bgaa 1
1601
1
fga-bgab 1
1602
1
babg-bgac 1
1603
1
bdba-bgad 1
1604
1
bajd-bgae 1
1605
1
beab-bgaf 1
1606
1
bed-bgag 1
1607
1
bdhi-bgah 1
1608
1
baji-bgai 1
1609
1
egb-bgaj 1
1610
1
ddd-bgba 1
1611
1
dib-bgbb 1
1612
1
bba-bgbc 1
1613
1
bfje-bgbd 2
1614
1
bfhe-bgbe 1
1615
1
bbfa-bgbf 1
1616
1
dff-bgbg 1
1617
2
bgfh-bgbh 1
ece-bgbh 1
1618
1
bfjc-bgbi 1
1619
1
cbj-bgbj 1
1620
1
hjh-bgca 1
1621
1
icd-bgcb 1
1622
2
dga-bgcc 1
bdbe-bgcc 1
1625
1
cib-bgcf 1
1626
1
cba-bgcg 1
1627
1
cga-bgch 1
1628
2
bda-bgci 1
hje-bgci 1
1629
1
beeg-bgcj 1
1630
1
bcai-bgda 1
1631
1
jdd-bgdb 1
1632
1
gbb-bgdc 1
1633
3
bhf-bgdd 1
bffd-bgdd 1
ede-bgdd 1
1634
1
beic-bgde 1
1635
1
bbia-bgdf 1
1636
1
baf-bgdg 1
1638
2
bach-bgdi 1
jdi-bgdi 1
1639
1
jdb-bgdj 1
1640
1
bcia-bgea 1
1641
1
ega-bgeb 1
1642
2
djd-bgec 1
bacg-bgec 1
1643
1
behi-bged 1
1644
1
hjf-bgee 1
1645
1
fed-bgef 1
1646
1
baca-bgeg 1
1647
1
bece-bgeh 1
1648
1
bgca-bgei 1
1649
1
jej-bgej 1
1650
1
bddj-bgfa 1
1651
1
bhh-bgfb 1
1652
1
bfjg-bgfc 1
1653
2
ddb-bgfd 1
gif-bgfd 1
1655
1
bcgh-bgff 1
1656
1
bce-bgfg 1
1657
1
bgbi-bgfh 1
1658
1
bie-bgfi 1
1659
1
eef-bgfj 1
1660
1
bdhi-bgga 1
1661
1
bdhg-bggb 1
