1570
1
2
dab-b 3
ehb-b 2
2
5
di-c 1
bih-c 1
fcd-c 1
dgj-c 1
bi-c 1
3
2
ii-d 4
bcb-d 1
4
2
cba-e 4
hic-e 1
5
4
jbb-f 2
bda-f 1
bdjf-f 1
e-f 1
6
2
gic-g 3
iee-g 2
8
2
gie-i 2
geg-i 3
9
4
fbj-j 1
heg-j 1
ce-j 2
bi-j 1
10
1
bdi-ba 5
11
5
cd-bb 1
gc-bb 1
bee-bb 1
bcef-bb 1
bgf-bb 1
12
2
dgf-bc 2
hbf-bc 3
13
3
cch-bd 2
bejh-bd 1
cjb-bd 2
14
4
babg-be 2
bbbj-be 1
beai-be 1
fec-be 1
15
2
dh-bf 3
hi-bf 2
16
4
baae-bg 1
bdii-bg 1
iag-bg 2
bi-bg 1
17
2
ihi-bh 3
bgeh-bh 2
18
4
babg-bi 1
fic-bi 1
feh-bi 1
hej-bi 2
19
3
bdbf-bj 1
dhf-bj 2
db-bj 2
20
4
bai-ca 2
dfg-ca 1
gjh-ca 1
cd-ca 1
23
4
bhd-cd 1
bcaj-cd 2
ffb-cd 1
dbg-cd 1
24
4
jgf-ce 2
bi-ce 1
jag-ce 1
ef-ce 1
25
3
eac-cf 1
fhg-cf 3
def-cf 1
26
3
bd-cg 2
chb-cg 1
eh-cg 2
27
1
bjd-ch 5
28
4
hfh-ci 2
bffg-ci 1
hif-ci 1
gbg-ci 1
29
3
fbi-cj 2
egd-cj 2
bfgd-cj 1
30
5
bcei-da 1
bhd-da 1
beib-da 1
fai-da 1
eej-da 1
31
3
cbh-db 1
bbde-db 2
bgj-db 2
32
5
ifh-dc 1
bbgj-dc 1
iag-dc 1
iej-dc 1
ecg-dc 1
33
3
dfg-dd 2
fc-dd 1
babg-dd 2
34
2
di-de 3
ghj-de 2
35
5
igi-df 1
ibf-df 1
bfgb-df 1
gc-df 1
iei-df 1
36
5
bgfe-dg 1
hah-dg 1
bebe-dg 1
bed-dg 1
bcii-dg 1
37
3
dc-dh 2
bagf-dh 1
hha-dh 2
38
1
haf-di 5
39
1
gdb-dj 5
40
3
eee-ea 3
dbb-ea 1
jff-ea 1
41
3
hac-eb 1
bbfc-eb 2
cdi-eb 2
42
2
fc-ec 3
cdc-ec 2
43
3
bfdc-ed 2
eb-ed 2
bcia-ed 1
44
1
bacc-ee 5
45
4
beeh-ef 1
ige-ef 1
cij-ef 2
cih-ef 1
46
2
ggg-eg 4
bdj-eg 1
47
5
bbfg-eh 1
gdh-eh 1
bbei-eh 1
bjb-eh 1
fdd-eh 1
48
4
bb-ei 2
jfj-ei 1
bcjf-ei 1
dff-ei 1
49
2
baig-ej 4
cd-ej 1
50
4
bcb-fa 1
bc-fa 2
bhg-fa 1
dhe-fa 1
51
1
dfa-fb 5
52
4
bfch-fc 1
fif-fc 1
bcj-fc 2
eab-fc 1
53
3
dhe-fd 3
je-fd 1
daf-fd 1
54
1
jic-fe 5
55
3
cje-ff 3
gb-ff 1
bed-ff 1
56
1
bfaf-fg 5
57
2
bejb-fh 3
jh-fh 2
58
2
bfdg-fi 2
hee-fi 3
59
3
ifd-fj 3
ddg-fj 1
dbg-fj 1
60
3
eah-ga 3
fga-ga 1
bi-ga 1
61
2
bbeb-gb 4
bbjc-gb 1
62
4
eie-gc 1
gge-gc 1
e-gc 2
bdfa-gc 1
63
5
je-gd 1
bfgc-gd 1
dbf-gd 1
daj-gd 1
gfb-gd 1
64
2
dfi-ge 2
g-ge 3
65
1
cgh-gf 5
66
4
cdh-gg 1
bfjf-gg 1
jhg-gg 2
idf-gg 1
67
3
bh-gh 1
jci-gh 1
bddh-gh 3
68
3
ch-gi 1
bcff-gi 1
cbe-gi 3
69
1
gjj-gj 5
70
1
db-ha 5
71
2
efh-hb 2
iaa-hb 3
72
4
dbf-hc 2
cif-hc 1
ejc-hc 1
gg-hc 1
74
4
bebb-he 1
bcjc-he 1
bgi-he 2
hc-he 1
75
3
hie-hf 1
bdbc-hf 1
da-hf 3
76
3
cgj-hg 2
bja-hg 2
gbd-hg 1
77
4
cae-hh 2
jae-hh 1
bjb-hh 1
gcj-hh 1
78
5
fa-hi 1
ihf-hi 1
iba-hi 1
bac-hi 1
baec-hi 1
79
3
di-hj 3
gfg-hj 1
jfc-hj 1
80
4
bfeh-ia 1
bdjd-ia 2
di-ia 1
ccc-ia 1
82
3
bedh-ic 2
cgi-ic 1
fdf-ic 2
83
1
eab-id 5
84
3
bjd-ie 2
haj-ie 2
dej-ie 1
85
3
bfce-if 1
bcge-if 1
di-if 3
86
1
egf-ig 5
87
2
bcfj-ih 3
cgh-ih 2
88
5
dgc-ii 1
bgfi-ii 1
eig-ii 1
bacj-ii 1
chf-ii 1
89
2
ife-ij 2
bcd-ij 3
90
1
hij-ja 5
91
2
jc-jb 4
ehi-jb 1
92
4
bbjg-jc 1
fci-jc 1
gii-jc 1
babi-jc 2
93
2
cae-jd 3
fhj-jd 2
94
5
fcf-je 1
bfgb-je 1
bfc-je 1
gdf-je 1
bi-je 1
95
2
iae-jf 4
gbd-jf 1
96
2
beb-jg 4
daf-jg 1
97
4
dai-jh 1
hib-jh 1
bcbf-jh 1
bbfg-jh 2
98
4
bdjh-ji 1
bccj-ji 1
gbe-ji 1
beaa-ji 2
99
3
fgf-jj 3
dej-jj 1
bcee-jj 1
100
4
fhg-baa 1
dig-baa 1
efg-baa 2
dfi-baa 1
101
4
ede-bab 2
chf-bab 1
jhg-bab 1
eic-bab 1
102
3
bfe-bac 3
hfi-bac 1
gja-bac 1
103
2
bfi-bad 3
bha-bad 2
104
3
ceg-bae 2
bdga-bae 1
dgj-bae 2
105
2
bdbh-baf 3
cbg-baf 2
106
4
ede-bag 1
bfce-bag 2
bcc-bag 1
fic-bag 1
107
5
ifd-bah 1
bbcc-bah 1
hbf-bah 1
deg-bah 1
gjh-bah 1
108
2
bda-bai 3
cfj-bai 2
109
1
chf-baj 5
110
3
gdc-bba 3
fbe-bba 1
hi-bba 1
111
3
d-bbb 2
fdh-bbb 1
edb-bbb 2
112
4
dbb-bbc 2
jje-bbc 1
dgb-bbc 1
chf-bbc 1
113
1
bja-bbd 5
114
2
cb-bbe 1
cie-bbe 4
115
3
bei-bbf 1
bage-bbf 1
dfc-bbf 3
116
5
eg-bbg 1
iff-bbg 1
gdc-bbg 1
eba-bbg 1
bbbj-bbg 1
117
2
bacc-bbh 4
gjh-bbh 1
118
5
bca-bbi 1
beeh-bbi 1
gfd-bbi 1
cbb-bbi 1
bech-bbi 1
119
5
ige-bbj 1
bbag-bbj 1
gjh-bbj 1
bbf-bbj 1
fag-bbj 1
120
2
gaf-bca 1
eae-bca 4
121
3
bbdg-bcb 1
bbgc-bcb 3
fba-bcb 1
122
5
bbab-bcc 1
jg-bcc 1
bbff-bcc 1
bjd-bcc 1
bebg-bcc 1
123
4
ddj-bcd 1
jec-bcd 1
eed-bcd 2
gc-bcd 1
124
5
gef-bce 1
ccc-bce 1
gc-bce 1
bi-bce 1
bb-bce 1
125
2
ddj-bcf 4
cea-bcf 1
126
3
di-bcg 3
bhj-bcg 1
g-bcg 1
127
5
ecb-bch 1
fbh-bch 1
bgbf-bch 1
dfd-bch 1
gad-bch 1
128
5
bagb-bci 1
bbhe-bci 1
bcbc-bci 1
bbf-bci 1
bbc-bci 1
129
1
iff-bcj 5
130
4
dfj-bda 2
eh-bda 1
ffa-bda 1
dhg-bda 1
131
3
deh-bdb 1
jbg-bdb 3
efd-bdb 1
132
5
bfea-bdc 1
bbah-bdc 1
fee-bdc 1
bbjh-bdc 1
bbfe-bdc 1
133
2
bcgc-bdd 4
bece-bdd 1
134
2
bba-bde 3
iah-bde 2
135
4
hcg-bdf 1
gbf-bdf 1
gea-bdf 1
bbab-bdf 2
136
5
bcc-bdg 1
bbij-bdg 1
jdg-bdg 1
cha-bdg 1
bahh-bdg 1
137
2
jjg-bdh 1
ce-bdh 4
138
3
iic-bdi 2
gci-bdi 1
bffi-bdi 2
139
5
hhc-bdj 1
geh-bdj 1
igg-bdj 1
jfe-bdj 1
ffb-bdj 1
140
2
cdh-bea 2
dgc-bea 3
141
5
cbe-beb 1
hia-beb 1
fe-beb 1
edh-beb 1
djg-beb 1
142
5
hj-bec 1
hea-bec 1
bdei-bec 1
ii-bec 1
eei-bec 1
143
5
cfa-bed 1
ica-bed 1
cd-bed 1
begd-bed 1
feh-bed 1
144
4
bgbe-bee 1
gjd-bee 1
cfa-bee 1
dfg-bee 2
145
2
dai-bef 1
fgj-bef 4
146
3
bef-beg 2
bja-beg 1
fei-beg 2
147
4
jbj-beh 2
hi-beh 1
ieh-beh 1
bab-beh 1
148
4
fge-bei 1
jca-bei 1
jbi-bei 2
bcgi-bei 1
149
4
bec-bej 2
fif-bej 1
dbi-bej 1
bdb-bej 1
150
2
cdf-bfa 3
cjd-bfa 2
151
1
bdji-bfb 5
152
4
cdb-bfc 2
dcb-bfc 1
bafi-bfc 1
ifh-bfc 1
153
3
jgi-bfd 2
cie-bfd 1
bif-bfd 2
154
4
dch-bfe 2
cgh-bfe 1
baea-bfe 1
hff-bfe 1
155
1
eec-bff 5
156
2
bgac-bfg 4
dae-bfg 1
157
2
bae-bfh 4
eaa-bfh 1
158
4
bgci-bfi 1
ich-bfi 1
gaa-bfi 1
jhe-bfi 2
159
3
gif-bfj 1
jjj-bfj 1
bii-bfj 3
160
3
hbd-bga 3
dij-bga 1
efe-bga 1
161
4
cgc-bgb 1
bahe-bgb 1
hea-bgb 2
bedd-bgb 1
162
1
cdb-bgc 5
163
2
bgdh-bgd 1
edg-bgd 4
164
1
hci-bge 5
165
2
bd-bgf 4
iaa-bgf 1
166
3
bcaa-bgg 2
heh-bgg 2
ehg-bgg 1
167
4
bfgh-bgh 1
dbg-bgh 2
be-bgh 1
cej-bgh 1
168
3
daj-bgi 1
cbi-bgi 2
bhh-bgi 2
169
4
bffe-bgj 1
hch-bgj 1
djh-bgj 1
jai-bgj 2
170
3
fh-bha 2
ccd-bha 1
gi-bha 2
171
5
fcb-bhb 1
ih-bhb 1
bfbi-bhb 1
hhd-bhb 1
jh-bhb 1
172
5
gfg-bhc 1
bagf-bhc 1
eje-bhc 1
bbfd-bhc 1
bfe-bhc 1
173
3
hj-bhd 1
bcb-bhd 2
eed-bhd 2
174
2
daa-bhe 4
cfe-bhe 1
175
4
bci-bhf 1
cgi-bhf 1
jga-bhf 2
ech-bhf 1
176
5
bci-bhg 1
cdi-bhg 1
iga-bhg 1
cbg-bhg 1
babb-bhg 1
177
3
cbc-bhh 2
cch-bhh 1
efe-bhh 2
178
3
eaj-bhi 1
ibh-bhi 3
gbb-bhi 1
179
3
bafb-bhj 2
ghd-bhj 1
dbf-bhj 2
180
1
cch-bia 5
181
2
fhc-bib 4
eae-bib 1
182
2
dc-bic 4
baa-bic 1
183
1
beh-bid 5
184
5
bde-bie 1
bcc-bie 1
eig-bie 1
bcai-bie 1
bbc-bie 1
185
3
cji-bif 3
bgcg-bif 1
babf-bif 1
186
2
deg-big 1
bdde-big 4
187
3
dcf-bih 3
hef-bih 1
bcff-bih 1
188
3
ejd-bii 1
bcej-bii 1
bga-bii 3
189
4
ba-bij 1
cia-bij 2
cha-bij 1
gfi-bij 1
190
2
dca-bja 2
ded-bja 3
191
4
db-bjb 2
bbee-bjb 1
bcdb-bjb 1
fed-bjb 1
192
2
baad-bjc 4
ggh-bjc 1
193
4
gd-bjd 2
di-bjd 1
ghb-bjd 1
hdg-bjd 1
194
2
cga-bje 2
ecd-bje 3
195
5
bccc-bjf 1
ecg-bjf 1
hii-bjf 1
baff-bjf 1
hic-bjf 1
196
1
dih-bjg 5
197
5
gfd-bjh 1
bcb-bjh 1
cd-bjh 1
jeb-bjh 1
eah-bjh 1
198
4
cgh-bji 1
fdj-bji 1
dbg-bji 2
beeb-bji 1
199
3
baad-bjj 3
jhe-bjj 1
gci-bjj 1
200
3
djj-caa 1
dhc-caa 1
hfg-caa 3
201
4
cjd-cab 1
bdg-cab 1
daf-cab 1
bef-cab 2
202
5
fid-cac 1
bbdh-cac 1
djc-cac 1
dbf-cac 1
cgd-cac 1
203
1
icg-cad 5
204
5
hhb-cae 1
bcb-cae 1
cci-cae 1
jcd-cae 1
bccg-cae 1
205
3
bafb-caf 2
ghc-caf 1
gag-caf 2
206
4
cie-cag 1
bbg-cag 1
fbi-cag 1
ebb-cag 2
207
4
fde-cah 1
bebe-cah 1
fac-cah 2
ih-cah 1
208
1
gdb-cai 5
209
2
jh-caj 3
ghh-caj 2
210
4
bbjf-cba 1
bgdd-cba 1
bfi-cba 1
bccb-cba 2
211
4
cge-cbb 1
be-cbb 2
ihc-cbb 1
ca-cbb 1
212
2
efg-cbc 1
bcdg-cbc 4
213
5
jfc-cbd 1
eag-cbd 1
ehe-cbd 1
bif-cbd 1
cec-cbd 1
214
1
bbcc-cbe 5
215
1
ceb-cbf 5
216
3
bdg-cbg 3
becj-cbg 1
bbfi-cbg 1
217
1
bhi-cbh 5
218
2
ede-cbi 3
bdi-cbi 2
219
2
gjj-cbj 1
hi-cbj 4
220
4
eea-cca 1
ihg-cca 2
bbdb-cca 1
cbe-cca 1
221
3
ejj-ccb 2
jeh-ccb 2
bjj-ccb 1
222
3
jfh-ccc 1
eag-ccc 2
bcda-ccc 2
223
2
eae-ccd 4
bajb-ccd 1
224
1
bceh-cce 5
225
5
ga-ccf 1
ihi-ccf 1
jeg-ccf 1
hcc-ccf 1
dca-ccf 1
226
1
ijd-ccg 5
227
4
baaf-cch 1
egd-cch 1
ice-cch 2
bhe-cch 1
228
4
bbfd-cci 2
bgbg-cci 1
haf-cci 1
ceb-cci 1
229
3
eeb-ccj 2
cch-ccj 2
hji-ccj 1
230
1
dd-cda 5
231
3
ejg-cdb 3
bff-cdb 1
jaa-cdb 1
232
3
fad-cdc 2
eb-cdc 2
ddj-cdc 1
233
1
bebi-cdd 5
234
1
gge-cde 5
235
4
dfa-cdf 1
bhj-cdf 2
iee-cdf 1
fjc-cdf 1
236
2
bfjd-cdg 1
dff-cdg 4
237
3
gfd-cdh 1
bbja-cdh 1
gd-cdh 3
238
3
beha-cdi 3
jbc-cdi 1
j-cdi 1
239
2
ega-cdj 2
hgg-cdj 3
240
3
jaj-cea 3
che-cea 1
if-cea 1
241
3
bdea-ceb 1
bfj-ceb 1
cii-ceb 3
242
2
bdg-cec 4
bad-cec 1
243
2
bbgc-ced 2
cah-ced 3
244
1
ic-cee 5
245
3
bfi-cef 3
dab-cef 1
bha-cef 1
246
2
gdg-ceg 1
cah-ceg 4
247
1
gdd-ceh 5
248
1
fhi-cei 5
249
4
bh-cej 2
bbee-cej 1
bbeg-cej 1
dif-cej 1
250
4
bdhb-cfa 1
ice-cfa 2
gei-cfa 1
eb-cfa 1
251
2
baga-cfb 4
g-cfb 1
252
1
eca-cfc 5
253
2
geb-cfd 3
bchd-cfd 2
254
2
jf-cfe 4
ijc-cfe 1
255
4
hda-cff 1
hjf-cff 1
ejg-cff 2
bafc-cff 1
256
4
bbdg-cfg 1
bfdb-cfg 1
gic-cfg 2
ej-cfg 1
257
3
cie-cfh 3
fjh-cfh 1
bbee-cfh 1
258
2
chd-cfi 1
dhi-cfi 4
259
1
cfi-cfj 5
260
5
chf-cga 1
bcjf-cga 1
bhb-cga 1
chj-cga 1
dh-cga 1
261
4
da-cgb 1
gdf-cgb 1
deb-cgb 1
dch-cgb 2
262
3
cdb-cgc 1
hfc-cgc 1
ica-cgc 3
263
2
bafi-cgd 1
dcf-cgd 4
264
2
bfc-cge 3
bba-cge 2
265
3
fcc-cgf 3
bgbh-cgf 1
dej-cgf 1
266
1
fhc-cgg 5
267
3
cag-cgh 2
hc-cgh 2
bdhc-cgh 1
268
3
baaa-cgi 2
fdh-cgi 1
ia-cgi 2
269
2
eag-cgj 1
ifi-cgj 4
270
5
gfh-cha 1
dcb-cha 1
ged-cha 1
dhj-cha 1
egj-cha 1
271
1
bcbi-chb 5
272
4
jhd-chc 1
hba-chc 2
fjc-chc 1
bbfj-chc 1
273
2
bfbg-chd 2
dfj-chd 3
274
3
dej-che 2
eah-che 2
befj-che 1
275
3
fch-chf 3
eca-chf 1
hfb-chf 1
276
3
edh-chg 3
iab-chg 1
fc-chg 1
277
1
ddj-chh 5
278
5
ibj-chi 1
cee-chi 1
bbc-chi 1
hga-chi 1
bbea-chi 1
279
3
hhi-chj 1
fg-chj 2
jg-chj 2
280
3
eie-cia 3
jj-cia 1
cce-cia 1
281
5
hh-cib 1
eha-cib 1
bcce-cib 1
bdhh-cib 1
bdhb-cib 1
282
3
dhi-cic 1
ifd-cic 1
jce-cic 3
283
5
cab-cid 1
cjb-cid 1
hgg-cid 1
bdh-cid 1
ehb-cid 1
284
2
gg-cie 2
jfi-cie 3
285
5
baed-cif 1
bcja-cif 1
idd-cif 1
gfe-cif 1
dae-cif 1
286
3
hbj-cig 2
dge-cig 1
eef-cig 2
287
1
icg-cih 5
288
3
gc-cii 3
baha-cii 1
ggd-cii 1
289
2
dgf-cij 4
cch-cij 1
290
4
bcaa-cja 2
hcj-cja 1
ehg-cja 1
ead-cja 1
291
4
bagh-cjb 2
beba-cjb 1
eei-cjb 1
jbi-cjb 1
292
3
bfgi-cjc 1
bcih-cjc 2
bada-cjc 2
293
1
bdaa-cjd 5
294
2
bbi-cje 4
cea-cje 1
295
2
egf-cjf 4
cgb-cjf 1
298
1
bdce-cji 5
299
3
bgh-cjj 2
bfeb-cjj 2
jah-cjj 1
300
4
jjb-daa 1
ih-daa 1
bbhc-daa 1
bfde-daa 2
301
2
bef-dab 4
hi-dab 1
302
1
dce-dac 5
303
3
gfe-dad 2
gfd-dad 2
gcb-dad 1
304
3
fce-dae 2
baaa-dae 2
bcib-dae 1
305
4
bdcb-daf 1
fbb-daf 1
badi-daf 1
jae-daf 2
306
1
eb-dag 5
307
4
ggg-dah 2
ihj-dah 1
ehc-dah 1
cgi-dah 1
308
2
bchi-dai 4
dhc-dai 1
309
5
fhj-daj 1
fae-daj 1
dhe-daj 1
geh-daj 1
dce-daj 1
310
2
hhj-dba 3
gdh-dba 2
311
2
cjb-dbb 4
eaa-dbb 1
312
2
dah-dbc 3
hca-dbc 2
313
2
gcb-dbd 1
bfg-dbd 4
314
1
bcaf-dbe 5
315
4
gib-dbf 2
baad-dbf 1
eid-dbf 1
dac-dbf 1
316
2
dab-dbg 4
iag-dbg 1
317
4
cdb-dbh 1
caa-dbh 1
fha-dbh 2
gfj-dbh 1
318
2
bcaa-dbi 2
edd-dbi 3
319
2
dhd-dbj 4
gjf-dbj 1
320
4
a-dca 1
bdii-dca 1
jbi-dca 1
bda-dca 2
321
5
gad-dcb 1
eda-dcb 1
gbj-dcb 1
fi-dcb 1
efg-dcb 1
322
5
jah-dcc 1
fbb-dcc 1
di-dcc 1
chf-dcc 1
heg-dcc 1
323
4
gda-dcd 1
cfg-dcd 1
gjc-dcd 1
cg-dcd 2
324
2
ebg-dce 3
jef-dce 2
325
4
bhe-dcf 1
fce-dcf 1
cgb-dcf 1
bbja-dcf 2
326
2
dca-dcg 3
jjj-dcg 2
327
4
dh-dch 2
jai-dch 1
eca-dch 1
bdgc-dch 1
328
2
ehi-dci 1
bcef-dci 4
329
1
jcg-dcj 5
330
1
bjj-dda 5
331
3
bbdj-ddb 2
ddd-ddb 2
bdge-ddb 1
332
2
bfjb-ddc 3
bja-ddc 2
333
1
beef-ddd 5
334
5
fbe-dde 1
ifj-dde 1
d-dde 1
ehd-dde 1
ghh-dde 1
335
5
eij-ddf 1
fcf-ddf 1
jh-ddf 1
id-ddf 1
eb-ddf 1
336
2
cgc-ddg 4
eid-ddg 1
337
3
baa-ddh 3
ef-ddh 1
ech-ddh 1
338
4
bjc-ddi 1
cfa-ddi 1
fib-ddi 1
ef-ddi 2
339
2
haa-ddj 1
ecg-ddj 4
340
5
edh-dea 1
ejd-dea 1
ief-dea 1
ebe-dea 1
dia-dea 1
341
4
hgj-deb 1
hjc-deb 1
fei-deb 2
cbi-deb 1
342
3
bcgh-dec 3
bg-dec 1
bfg-dec 1
343
2
gij-ded 4
ihf-ded 1
344
5
cia-dee 1
fhb-dee 1
fji-dee 1
dej-dee 1
dhc-dee 1
345
2
ceb-def 3
jfi-def 2
346
4
bceg-deg 1
eec-deg 2
fhd-deg 1
hia-deg 1
347
3
dj-deh 1
iji-deh 3
ifa-deh 1
348
1
gjc-dei 5
349
4
fda-dej 1
bcah-dej 1
babg-dej 1
dif-dej 2
350
3
ege-dfa 1
bfb-dfa 1
hab-dfa 3
351
2
ehb-dfb 4
e-dfb 1
352
5
cjc-dfc 1
fgg-dfc 1
ghb-dfc 1
eb-dfc 1
fgj-dfc 1
353
2
idj-dfd 2
bfcc-dfd 3
354
3
baac-dfe 1
ii-dfe 1
ejd-dfe 3
355
5
heg-dff 1
ife-dff 1
gie-dff 1
jha-dff 1
hii-dff 1
356
3
dhf-dfg 3
cdj-dfg 1
eib-dfg 1
357
4
fee-dfh 1
beci-dfh 1
fhb-dfh 1
bbcb-dfh 2
358
3
egd-dfi 2
baac-dfi 2
hgh-dfi 1
359
2
eb-dfj 4
bbah-dfj 1
360
3
fff-dga 2
bcdg-dga 2
dgi-dga 1
361
1
bcae-dgb 5
362
4
bdbb-dgc 2
c-dgc 1
fib-dgc 1
jic-dgc 1
363
5
badi-dgd 1
ifb-dgd 1
ifg-dgd 1
bbjf-dgd 1
cbc-dgd 1
364
4
hcj-dge 1
bccf-dge 1
dc-dge 1
ef-dge 2
365
2
bffd-dgf 2
bbba-dgf 3
366
1
bg-dgg 5
367
2
idi-dgh 2
dff-dgh 3
368
3
deb-dgi 2
bbf-dgi 1
ibf-dgi 2
369
4
bcab-dgj 2
bea-dgj 1
ghb-dgj 1
gg-dgj 1
370
3
dij-dha 1
dji-dha 2
jhi-dha 2
371
3
ebh-dhb 1
bajb-dhb 3
d-dhb 1
372
5
bbce-dhc 1
jii-dhc 1
bdab-dhc 1
dbg-dhc 1
dfg-dhc 1
373
5
baeg-dhd 1
dgh-dhd 1
cdi-dhd 1
ije-dhd 1
hfh-dhd 1
374
5
ieg-dhe 1
bbii-dhe 1
bbhb-dhe 1
bbhi-dhe 1
dca-dhe 1
375
3
baga-dhf 1
cjd-dhf 3
ebj-dhf 1
376
3
bfe-dhg 2
beab-dhg 2
ida-dhg 1
377
3
bdac-dhh 1
bbb-dhh 1
bbh-dhh 3
378
3
ihg-dhi 3
fjf-dhi 1
ebh-dhi 1
379
5
ddj-dhj 1
icc-dhj 1
idf-dhj 1
begh-dhj 1
fce-dhj 1
380
1
ecg-dia 5
381
2
bgg-dib 3
dhj-dib 2
382
4
edj-dic 2
hhd-dic 1
jff-dic 1
hc-dic 1
383
3
dhg-did 3
bab-did 1
bgj-did 1
384
5
fac-die 1
baag-die 1
fea-die 1
jeb-die 1
fig-die 1
385
1
bbdh-dif 5
386
3
fcd-dig 3
edj-dig 1
hih-dig 1
387
2
fdg-dih 2
bbjg-dih 3
388
2
bdeg-dii 3
bage-dii 2
389
4
ici-dij 1
bacf-dij 1
hhe-dij 1
cga-dij 2
390
1
bdhi-dja 5
391
2
eee-djb 4
jjj-djb 1
392
3
jaj-djc 3
dba-djc 1
ddi-djc 1
393
4
cie-djd 2
bejh-djd 1
ceb-djd 1
ifd-djd 1
394
2
beaj-dje 2
bbj-dje 3
395
2
di-djf 4
eha-djf 1
396
4
bceg-djg 1
efi-djg 1
hca-djg 1
baa-djg 2
397
5
ebi-djh 1
beca-djh 1
cjc-djh 1
bdef-djh 1
gdg-djh 1
399
3
bbc-djj 2
jib-djj 2
dec-djj 1
400
4
bif-eaa 2
hjj-eaa 1
bee-eaa 1
ghi-eaa 1
401
3
bbga-eab 3
bdha-eab 1
chi-eab 1
402
3
jhi-eac 3
cej-eac 1
bagg-eac 1
403
3
caf-ead 3
chj-ead 1
dce-ead 1
404
4
icb-eae 1
bic-eae 1
fhi-eae 1
gdc-eae 2
405
2
ghj-eaf 2
jc-eaf 3
406
3
ca-eag 1
hgb-eag 2
gff-eag 2
407
4
bcaj-eah 2
bbcf-eah 1
eca-eah 1
gdj-eah 1
408
2
ffa-eai 3
bbec-eai 2
409
2
beec-eaj 4
jfa-eaj 1
410
5
bebc-eba 1
cee-eba 1
gih-eba 1
feb-eba 1
bif-eba 1
411
4
ffd-ebb 1
iij-ebb 1
fac-ebb 1
beb-ebb 2
412
1
baej-ebc 5
413
5
badb-ebd 1
bdae-ebd 1
had-ebd 1
bcce-ebd 1
dgi-ebd 1
414
5
ebb-ebe 1
bfhc-ebe 1
df-ebe 1
ceb-ebe 1
hfg-ebe 1
415
1
bfd-ebf 5
416
1
fga-ebg 5
417
3
icg-ebh 1
daf-ebh 2
bahf-ebh 2
418
1
hfe-ebi 5
419
4
jgc-ebj 1
ehi-ebj 1
ghd-ebj 2
djj-ebj 1
420
3
jga-eca 3
eh-eca 1
dbf-eca 1
421
1
bchc-ecb 5
422
5
bdie-ecc 1
jc-ecc 1
bdch-ecc 1
ejd-ecc 1
idf-ecc 1
423
3
jfj-ecd 3
dha-ecd 1
fba-ecd 1
424
2
ici-ece 2
eaa-ece 3
425
5
eed-ecf 1
cib-ecf 1
dgb-ecf 1
beh-ecf 1
dc-ecf 1
426
3
dfa-ecg 3
bcca-ecg 1
fbc-ecg 1
427
3
dbh-ech 3
hcd-ech 1
jjc-ech 1
428
2
hcg-eci 4
jac-eci 1
429
1
ihi-ecj 5
430
4
bdcg-eda 1
hbd-eda 1
bbdb-eda 2
dhf-eda 1
431
2
jj-edb 3
gdd-edb 2
432
2
ihi-edc 3
ggi-edc 2
433
2
bdh-edd 2
cbe-edd 3
434
4
jh-ede 1
jbb-ede 1
ejb-ede 2
ffi-ede 1
435
4
hba-edf 1
bdag-edf 1
fah-edf 1
bdfe-edf 2
436
4
jgh-edg 2
ie-edg 1
cde-edg 1
ggd-edg 1
437
4
hcd-edh 1
bbgb-edh 1
beb-edh 2
dah-edh 1
438
1
bda-edi 5
439
2
egj-edj 3
egf-edj 2
440
1
bgj-eea 5
441
4
hgh-eeb 1
hei-eeb 1
dec-eeb 2
bab-eeb 1
442
3
dge-eec 1
cbe-eec 3
hci-eec 1
443
4
fcg-eed 1
iaa-eed 1
gcd-eed 1
jhc-eed 2
444
2
idg-eee 4
fgi-eee 1
445
3
bdg-eef 1
dej-eef 1
bdcd-eef 3
446
1
cfe-eeg 5
447
1
gbb-eeh 5
448
4
beed-eei 1
haj-eei 2
fii-eei 1
bih-eei 1
449
2
bcag-eej 1
bcih-eej 4
450
5
hch-efa 1
jia-efa 1
ii-efa 1
bccg-efa 1
cbb-efa 1
451
2
eib-efb 2
ehc-efb 3
452
3
hd-efc 1
ehd-efc 1
bhh-efc 3
453
2
fei-efd 2
bbc-efd 3
454
2
ija-efe 3
bcdb-efe 2
455
5
jge-eff 1
bbed-eff 1
bjf-eff 1
fff-eff 1
hgf-eff 1
456
5
bbj-efg 1
daf-efg 1
iib-efg 1
fii-efg 1
bcad-efg 1
457
4
igc-efh 1
iic-efh 1
ded-efh 1
bbeg-efh 2
458
2
eec-efi 3
eed-efi 2
459
4
efe-efj 2
bbfa-efj 1
bbca-efj 1
fhc-efj 1
460
5
bja-ega 1
feh-ega 1
icf-ega 1
jca-ega 1
bac-ega 1
461
5
hic-egb 1
bcdf-egb 1
efi-egb 1
fdb-egb 1
jg-egb 1
463
3
ebd-egd 2
bdhg-egd 2
cfa-egd 1
464
2
ifi-ege 4
ecb-ege 1
465
4
fge-egf 1
eae-egf 1
cha-egf 2
ifd-egf 1
466
3
idd-egg 2
eaj-egg 1
jia-egg 2
467
1
iid-egh 5
468
1
hef-egi 5
469
4
jdg-egj 1
baih-egj 1
ibi-egj 1
jj-egj 2
470
3
bbi-eha 2
cgh-eha 2
fgd-eha 1
471
3
bfc-ehb 1
bj-ehb 3
hib-ehb 1
472
2
iad-ehc 1
cdh-ehc 4
473
3
hcb-ehd 3
bffb-ehd 1
hjj-ehd 1
474
3
bebj-ehe 1
hje-ehe 3
ibh-ehe 1
475
3
jgj-ehf 1
cac-ehf 3
hgh-ehf 1
476
3
edf-ehg 3
hda-ehg 1
bdgh-ehg 1
477
1
ecf-ehh 5
478
2
jfd-ehi 4
bbeg-ehi 1
479
2
bcgj-ehj 4
hbj-ehj 1
481
4
iih-eib 1
bcji-eib 2
dg-eib 1
bbbe-eib 1
482
4
bfef-eic 1
bdfb-eic 1
ebb-eic 2
fhi-eic 1
483
3
bfhj-eid 1
bdg-eid 1
hc-eid 3
484
2
ffj-eie 3
gbb-eie 2
485
1
fdf-eif 5
486
1
bfeh-eig 5
487
3
ifi-eih 3
daa-eih 1
cag-eih 1
488
3
bfdi-eii 3
fij-eii 1
bgb-eii 1
489
4
jae-eij 1
ief-eij 1
dfg-eij 2
dcc-eij 1
490
3
iaj-eja 3
hej-eja 1
babi-eja 1
491
2
bhc-ejb 1
ibd-ejb 4
492
5
gji-ejc 1
bcbe-ejc 1
ggd-ejc 1
daj-ejc 1
hgb-ejc 1
493
1
ige-ejd 5
494
4
iei-eje 1
bfj-eje 1
ebj-eje 1
cif-eje 2
495
1
bfja-ejf 5
496
4
chd-ejg 1
eb-ejg 1
ghb-ejg 1
feg-ejg 2
497
1
idi-ejh 5
498
4
d-eji 1
cdd-eji 2
cgh-eji 1
hfb-eji 1
499
1
chf-ejj 5
500
3
bbba-faa 2
ice-faa 1
dfb-faa 2
502
4
cbi-fac 1
cbh-fac 1
hbc-fac 2
bbii-fac 1
503
5
bdjg-fad 1
fgd-fad 1
cfh-fad 1
baei-fad 1
iej-fad 1
504
3
bdia-fae 2
fje-fae 1
baba-fae 2
505
2
bcja-faf 2
hid-faf 3
506
3
bahb-fag 1
dbf-fag 3
hcd-fag 1
507
1
bjf-fah 5
508
2
badj-fai 4
fdh-fai 1
509
5
bhe-faj 1
ga-faj 1
fgi-faj 1
ghi-faj 1
ggb-faj 1
510
2
bbdb-fba 1
cdi-fba 4
511
2
jih-fbb 4
jgi-fbb 1
512
2
eeg-fbc 4
baag-fbc 1
513
3
ejj-fbd 2
jhc-fbd 2
bih-fbd 1
514
2
bceh-fbe 3
fgi-fbe 2
515
1
jbh-fbf 5
516
1
dff-fbg 5
517
4
bcjg-fbh 2
fgb-fbh 1
fdh-fbh 1
bc-fbh 1
518
4
ebf-fbi 1
eah-fbi 1
bjb-fbi 1
dcc-fbi 2
519
3
fch-fbj 3
beig-fbj 1
hdc-fbj 1
520
3
bccg-fca 1
jib-fca 3
gaj-fca 1
521
2
bcdf-fcb 3
hbb-fcb 2
522
4
fjh-fcc 1
gic-fcc 2
gbd-fcc 1
bfca-fcc 1
523
2
ghf-fcd 4
cba-fcd 1
524
2
baec-fce 2
gia-fce 3
525
5
baib-fcf 1
bff-fcf 1
cce-fcf 1
ehe-fcf 1
ebi-fcf 1
526
3
bbe-fcg 2
gcc-fcg 2
bcah-fcg 1
527
5
bcee-fch 1
fcf-fch 1
beaj-fch 1
ecb-fch 1
eae-fch 1
528
5
dfh-fci 1
bbea-fci 1
iei-fci 1
bjf-fci 1
iba-fci 1
529
4
ghc-fcj 1
egd-fcj 1
ffb-fcj 1
fcg-fcj 2
530
5
cfd-fda 1
bhi-fda 1
edf-fda 1
bhj-fda 1
bbbd-fda 1
531
3
ccf-fdb 1
def-fdb 3
eha-fdb 1
532
2
bahi-fdc 1
cif-fdc 4
533
5
baei-fdd 1
edd-fdd 1
eaf-fdd 1
bfha-fdd 1
bfie-fdd 1
534
2
fih-fde 3
egb-fde 2
535
5
fdg-fdf 1
gdc-fdf 1
bade-fdf 1
cgg-fdf 1
ibe-fdf 1
536
2
bdhg-fdg 4
bach-fdg 1
537
3
deb-fdh 1
cdc-fdh 1
gf-fdh 3
538
1
jii-fdi 5
539
2
bdfh-fdj 2
hbh-fdj 3
540
4
ee-fea 1
bceb-fea 1
bbia-fea 2
bdcd-fea 1
541
5
dfh-feb 1
hgh-feb 1
ih-feb 1
ibd-feb 1
ieb-feb 1
542
3
ffe-fec 3
bfij-fec 1
bfcg-fec 1
543
2
hdi-fed 2
bbhb-fed 3
544
4
fff-fee 1
bbaa-fee 1
ecb-fee 1
ihf-fee 2
545
3
je-fef 2
bbfh-fef 1
bfdg-fef 2
546
5
ijc-feg 1
bd-feg 1
ihh-feg 1
hgh-feg 1
bcgj-feg 1
547
2
hei-feh 3
djg-feh 2
548
3
eeg-fei 3
bcgi-fei 1
begd-fei 1
550
5
idb-ffa 1
gch-ffa 1
bfef-ffa 1
dce-ffa 1
df-ffa 1
551
5
ica-ffb 1
cfd-ffb 1
i-ffb 1
jfe-ffb 1
dab-ffb 1
552
2
hbb-ffc 2
bdj-ffc 3
553
1
dij-ffd 5
554
2
hdc-ffe 3
baba-ffe 2
555
5
fgj-fff 1
jbf-fff 1
chc-fff 1
hfd-fff 1
baae-fff 1
557
1
e-ffh 5
558
3
cdj-ffi 1
bcdd-ffi 3
cif-ffi 1
559
2
gfi-ffj 3
dfd-ffj 2
560
5
eae-fga 1
bhe-fga 1
igi-fga 1
cie-fga 1
gei-fga 1
561
2
dba-fgb 3
gff-fgb 2
562
2
bagf-fgc 4
dgd-fgc 1
563
5
ffa-fgd 1
fb-fgd 1
dij-fgd 1
bfff-fgd 1
bfic-fgd 1
564
2
ibf-fge 4
gjf-fge 1
565
2
def-fgf 3
ha-fgf 2
567
2
jjf-fgh 3
dbh-fgh 2
568
2
dfg-fgi 3
bcbi-fgi 2
569
2
ghj-fgj 4
bdc-fgj 1
570
2
bfig-fha 3
fhc-fha 2
571
5
beeb-fhb 1
bfcb-fhb 1
feb-fhb 1
bajf-fhb 1
beaa-fhb 1
572
5
cba-fhc 1
bbi-fhc 1
hch-fhc 1
bgea-fhc 1
bfed-fhc 1
573
3
cih-fhd 1
hic-fhd 3
dea-fhd 1
574
3
ebh-fhe 2
hci-fhe 1
dic-fhe 2
575
1
gad-fhf 5
576
3
bbfh-fhg 2
da-fhg 2
fjc-fhg 1
577
1
cba-fhh 5
578
3
jcb-fhi 3
bja-fhi 1
bcgj-fhi 1
579
4
bgde-fhj 1
gaj-fhj 1
fag-fhj 1
ii-fhj 2
580
2
gcc-fia 1
hga-fia 4
581
3
gjb-fib 1
fgb-fib 2
bag-fib 2
582
3
bgaj-fic 2
cea-fic 1
ijd-fic 2
583
4
cih-fid 1
hh-fid 1
gif-fid 2
bbaa-fid 1
584
2
efe-fie 1
bccf-fie 4
585
4
gge-fif 2
bbc-fif 1
ibj-fif 1
bfcg-fif 1
586
4
eib-fig 1
ejg-fig 1
bfj-fig 1
dec-fig 2
587
1
ed-fih 5
588
3
bcfh-fii 2
bagb-fii 1
haf-fii 2
589
1
ebj-fij 5
590
3
edj-fja 1
cih-fja 1
bhf-fja 3
591
5
hae-fjb 1
bggb-fjb 1
cij-fjb 1
hc-fjb 1
gef-fjb 1
592
4
hdf-fjc 1
cie-fjc 1
bcff-fjc 1
dbg-fjc 2
594
3
hci-fje 3
hdj-fje 1
bbac-fje 1
595
3
bahg-fjf 3
jhf-fjf 1
fhc-fjf 1
596
1
bcfe-fjg 5
597
3
baij-fjh 3
g-fjh 1
babb-fjh 1
598
5
cdf-fji 1
hh-fji 1
bddi-fji 1
fij-fji 1
iga-fji 1
599
2
bbg-fjj 4
gj-fjj 1
600
2
bacj-gaa 2
gbb-gaa 3
601
1
gdh-gab 5
602
1
cca-gac 5
603
5
hij-gad 1
bf-gad 1
bjc-gad 1
bdfe-gad 1
jjh-gad 1
604
4
ceb-gae 2
hca-gae 1
bfi-gae 1
bd-gae 1
606
3
jij-gag 2
bahg-gag 2
dff-gag 1
607
2
fac-gah 4
iaf-gah 1
609
3
di-gaj 2
bcde-gaj 1
iae-gaj 2
610
3
bbge-gba 1
bbib-gba 3
fdi-gba 1
611
5
bfjj-gbb 1
becb-gbb 1
dhf-gbb 1
eja-gbb 1
cgb-gbb 1
612
3
bbh-gbc 1
bbhc-gbc 3
baab-gbc 1
613
3
gca-gbd 3
cg-gbd 1
bbcd-gbd 1
614
1
bgfd-gbe 5
615
3
bdcf-gbf 1
fgd-gbf 1
bbeh-gbf 3
616
2
dga-gbg 4
dhh-gbg 1
617
2
ejj-gbh 3
ff-gbh 2
618
4
bbeh-gbi 1
ifc-gbi 1
dbi-gbi 2
ej-gbi 1
619
4
jej-gbj 2
eaa-gbj 1
gch-gbj 1
bbfi-gbj 1
620
3
haj-gca 2
hbg-gca 1
gfd-gca 2
621
3
bfbd-gcb 1
cab-gcb 1
jca-gcb 3
622
5
baee-gcc 1
cdh-gcc 1
baad-gcc 1
bafc-gcc 1
iie-gcc 1
623
1
egf-gcd 5
624
1
fai-gce 5
625
2
daf-gcf 4
cgj-gcf 1
626
1
ijg-gcg 5
627
2
bdc-gch 4
fjh-gch 1
628
3
igb-gci 1
bga-gci 1
cea-gci 3
629
2
ebb-gcj 2
ged-gcj 3
630
2
bdcf-gda 4
ihh-gda 1
631
3
eah-gdb 1
bbg-gdb 3
bdci-gdb 1
632
4
ifc-gdc 1
cah-gdc 1
babf-gdc 1
gbe-gdc 2
633
2
bcag-gdd 4
efh-gdd 1
634
2
baeb-gde 4
cdd-gde 1
635
3
bhc-gdf 1
bchf-gdf 1
gfe-gdf 3
636
4
bajh-gdg 1
bddj-gdg 1
db-gdg 2
hag-gdg 1
637
2
bdfd-gdh 3
jci-gdh 2
639
2
dib-gdj 1
gjg-gdj 4
640
4
edi-gea 1
jh-gea 1
cda-gea 2
dea-gea 1
641
2
eff-geb 4
hhd-geb 1
642
2
ihd-gec 3
ffc-gec 2
643
1
bdbj-ged 5
644
1
dda-gee 5
645
2
dfi-gef 3
bdgj-gef 2
646
3
bfcj-geg 1
cie-geg 1
gaj-geg 3
647
3
iai-geh 2
jg-geh 2
bjh-geh 1
648
3
iba-gei 1
daf-gei 3
ffa-gei 1
649
2
hgi-gej 1
fec-gej 4
650
2
bgeg-gfa 2
hbc-gfa 3
651
2
jhj-gfb 3
bcbi-gfb 2
652
3
bcb-gfc 1
ccf-gfc 3
bche-gfc 1
653
3
gch-gfd 1
hjb-gfd 3
bdbg-gfd 1
654
2
baci-gfe 4
hfa-gfe 1
655
5
hh-gff 1
egf-gff 1
idi-gff 1
ehe-gff 1
bga-gff 1
656
2
chc-gfg 3
bahh-gfg 2
657
2
ffb-gfh 4
bi-gfh 1
658
2
becd-gfi 3
ech-gfi 2
659
1
bdba-gfj 5
660
2
hhe-gga 1
bhe-gga 4
661
3
bee-ggb 3
eae-ggb 1
bej-ggb 1
662
2
id-ggc 1
bgae-ggc 4
663
3
jhh-ggd 2
djj-ggd 1
igd-ggd 2
664
5
beg-gge 1
efd-gge 1
bdc-gge 1
bfid-gge 1
ifg-gge 1
665
4
feh-ggf 2
bcdj-ggf 1
jfj-ggf 1
hab-ggf 1
666
3
die-ggg 3
dij-ggg 1
caf-ggg 1
667
1
cab-ggh 5
668
3
bfc-ggi 1
cgh-ggi 1
cbc-ggi 3
670
4
bfgj-gha 1
ifc-gha 1
gdh-gha 1
gii-gha 2
671
5
bgef-ghb 1
bbfg-ghb 1
bgae-ghb 1
bbff-ghb 1
idb-ghb 1
672
5
bch-ghc 1
fea-ghc 1
fhi-ghc 1
beid-ghc 1
cib-ghc 1
673
3
did-ghd 1
bae-ghd 1
egj-ghd 3
674
1
ggg-ghe 5
675
1
ggb-ghf 5
676
1
fhb-ghg 5
677
2
cbc-ghh 4
bacj-ghh 1
678
3
daf-ghi 2
hai-ghi 1
cic-ghi 2
679
4
hec-ghj 2
fcd-ghj 1
fdb-ghj 1
bcbc-ghj 1
680
3
egg-gia 3
ied-gia 1
hbf-gia 1
681
2
cic-gib 4
bbhf-gib 1
682
2
bbga-gic 1
dhi-gic 4
683
1
cjj-gid 5
684
2
ici-gie 1
iih-gie 4
685
5
hge-gif 1
bcdi-gif 1
gdf-gif 1
jea-gif 1
bcig-gif 1
687
4
die-gih 2
baai-gih 1
badc-gih 1
bbfb-gih 1
688
1
baab-gii 5
689
5
ehf-gij 1
ibd-gij 1
ehh-gij 1
fgh-gij 1
bei-gij 1
690
1
ecd-gja 5
691
1
ebc-gjb 5
692
5
hg-gjc 1
behb-gjc 1
hji-gjc 1
gbe-gjc 1
ca-gjc 1
693
1
gad-gjd 5
694
3
bhc-gje 3
bbdf-gje 1
b-gje 1
695
3
ieg-gjf 3
hdh-gjf 1
dig-gjf 1
696
5
egg-gjg 1
behg-gjg 1
bbic-gjg 1
bfb-gjg 1
bdda-gjg 1
697
3
cbg-gjh 1
cje-gjh 3
dfd-gjh 1
699
3
iii-gjj 1
fbi-gjj 2
hhe-gjj 2
700
3
bcea-haa 2
bjj-haa 1
dbe-haa 2
701
2
bcfg-hab 4
gc-hab 1
702
2
gdb-hac 4
bcbg-hac 1
703
1
iec-had 5
704
5
bbic-hae 1
chi-hae 1
fac-hae 1
hea-hae 1
ije-hae 1
705
2
jji-haf 2
jda-haf 3
706
5
dfg-hag 1
bcgb-hag 1
beje-hag 1
ecj-hag 1
hje-hag 1
707
2
fda-hah 3
efj-hah 2
708
1
hfh-hai 5
709
1
bdjj-haj 5
710
2
bdbi-hba 3
bega-hba 2
711
3
cfb-hbb 1
fac-hbb 3
cgj-hbb 1
712
2
ffc-hbc 4
jdg-hbc 1
713
3
bei-hbd 2
bdff-hbd 1
eij-hbd 2
714
2
fji-hbe 3
fc-hbe 2
715
2
jf-hbf 1
fcf-hbf 4
716
4
egh-hbg 2
ife-hbg 1
bdjf-hbg 1
gde-hbg 1
717
3
babe-hbh 3
ci-hbh 1
ifg-hbh 1
718
2
jfh-hbi 2
egd-hbi 3
719
2
bedf-hbj 4
jge-hbj 1
720
5
ibe-hca 1
cib-hca 1
ead-hca 1
jid-hca 1
hcf-hca 1
721
3
bdfa-hcb 1
ffe-hcb 1
bahd-hcb 3
722
2
iee-hcc 1
cie-hcc 4
723
3
jee-hcd 2
bgi-hcd 2
bdhb-hcd 1
724
5
beaf-hce 1
ejf-hce 1
bchf-hce 1
dha-hce 1
eab-hce 1
725
5
gad-hcf 1
bbae-hcf 1
cih-hcf 1
b-hcf 1
hhc-hcf 1
726
4
ibf-hcg 1
ja-hcg 1
baed-hcg 2
jjg-hcg 1
727
3
fci-hch 2
ghe-hch 2
gdg-hch 1
728
5
ggi-hci 1
geh-hci 1
fbf-hci 1
bdff-hci 1
baef-hci 1
729
3
eec-hcj 1
jd-hcj 3
bbgd-hcj 1
730
3
idc-hda 2
dec-hda 2
ffb-hda 1
731
4
bfhg-hdb 1
jh-hdb 2
fei-hdb 1
bejg-hdb 1
732
5
cej-hdc 1
bdac-hdc 1
cbi-hdc 1
befb-hdc 1
jbf-hdc 1
733
1
bdg-hdd 5
734
2
jfh-hde 2
bbjf-hde 3
735
5
fad-hdf 1
bbha-hdf 1
gbh-hdf 1
bcfg-hdf 1
dci-hdf 1
736
1
fjc-hdg 5
737
1
fec-hdh 5
738
1
beah-hdi 5
739
4
haa-hdj 2
eci-hdj 1
bci-hdj 1
jbj-hdj 1
740
5
fdf-hea 1
jjg-hea 1
bdfd-hea 1
djb-hea 1
befg-hea 1
742
4
bdda-hec 1
fai-hec 1
bdhc-hec 2
bfjg-hec 1
743
2
bcbg-hed 3
ffe-hed 2
744
1
bfhd-hee 5
745
4
bjd-hef 1
gha-hef 2
bfch-hef 1
beg-hef 1
746
2
ceb-heg 4
bcdd-heg 1
747
3
ggc-heh 3
dcb-heh 1
hii-heh 1
748
3
ie-hei 3
fad-hei 1
if-hei 1
749
3
bgbd-hej 1
ccd-hej 1
cec-hej 3
750
4
jga-hfa 1
dgc-hfa 1
befe-hfa 1
jhg-hfa 2
751
3
bff-hfb 1
gc-hfb 2
icd-hfb 2
752
3
bcdc-hfc 2
gjh-hfc 2
gab-hfc 1
753
2
bcec-hfd 1
eih-hfd 4
754
3
gac-hfe 2
ejg-hfe 1
bahd-hfe 2
755
2
bacc-hff 3
bbci-hff 2
756
3
bbac-hfg 1
ij-hfg 3
gfd-hfg 1
757
3
bbaj-hfh 1
ede-hfh 3
ihf-hfh 1
758
2
eci-hfi 3
beih-hfi 2
759
2
bfhi-hfj 3
gaa-hfj 2
760
2
fdb-hga 2
bbg-hga 3
761
3
hfc-hgb 1
bdf-hgb 1
bccd-hgb 3
762
4
dej-hgc 2
fea-hgc 1
hje-hgc 1
fia-hgc 1
763
2
bedb-hgd 4
bbfa-hgd 1
764
2
efg-hge 4
beff-hge 1
765
4
fea-hgf 2
bci-hgf 1
bafe-hgf 1
icd-hgf 1
766
2
ehf-hgg 1
baib-hgg 4
767
2
deg-hgh 4
dej-hgh 1
768
2
baja-hgi 3
cdb-hgi 2
770
5
baad-hha 1
ii-hha 1
hdd-hha 1
bi-hha 1
ihj-hha 1
771
2
gfa-hhb 4
bbaa-hhb 1
772
3
eia-hhc 1
beff-hhc 3
fhc-hhc 1
773
3
bbd-hhd 2
gaa-hhd 2
bdec-hhd 1
774
3
gja-hhe 2
eff-hhe 2
bdfa-hhe 1
775
2
bcf-hhf 3
bafj-hhf 2
776
3
hbb-hhg 1
ga-hhg 3
dgd-hhg 1
777
1
haa-hhh 5
778
1
bdci-hhi 5
779
5
jec-hhj 1
bfag-hhj 1
chi-hhj 1
beb-hhj 1
hie-hhj 1
780
1
jdd-hia 5
781
1
bbi-hib 5
782
4
chh-hic 2
bgcf-hic 1
dhd-hic 1
dcc-hic 1
783
1
bgdg-hid 5
784
2
bjg-hie 3
bgbb-hie 2
785
2
ggc-hif 2
fje-hif 3
786
3
gb-hig 1
che-hig 3
fig-hig 1
787
2
ddh-hih 3
iaf-hih 2
788
3
cgi-hii 1
djb-hii 1
jaj-hii 3
789
5
jff-hij 1
bji-hij 1
bbbd-hij 1
hag-hij 1
dif-hij 1
790
2
fae-hja 3
gbd-hja 2
791
2
cfh-hjb 4
bde-hjb 1
792
5
bbfi-hjc 1
hcc-hjc 1
gaj-hjc 1
ifd-hjc 1
bfhe-hjc 1
793
2
bbd-hjd 2
fef-hjd 3
794
2
fgj-hje 4
bdja-hje 1
795
3
beji-hjf 1
edj-hjf 1
gid-hjf 3
796
3
jdh-hjg 3
eda-hjg 1
cfa-hjg 1
797
1
caj-hjh 5
798
1
hfj-hji 5
799
5
beea-hjj 1
fgd-hjj 1
bace-hjj 1
cjf-hjj 1
gah-hjj 1
800
5
jcg-iaa 1
eef-iaa 1
deb-iaa 1
dhc-iaa 1
ead-iaa 1
801
3
bdbh-iab 2
ech-iab 2
cdh-iab 1
802
3
hia-iac 3
eic-iac 1
hbi-iac 1
803
2
cgd-iad 3
cba-iad 2
804
4
bcd-iae 1
cdf-iae 1
cjg-iae 1
cib-iae 2
805
3
ejf-iaf 1
gjf-iaf 3
jd-iaf 1
806
4
begg-iag 1
ejg-iag 2
bage-iag 1
ihd-iag 1
807
2
fei-iah 3
dad-iah 2
808
4
dje-iai 1
beja-iai 1
jh-iai 2
gf-iai 1
809
1
bddg-iaj 5
810
5
bbbj-iba 1
bafb-iba 1
ejb-iba 1
bbba-iba 1
bcb-iba 1
811
2
bead-ibb 2
iha-ibb 3
812
2
bbgf-ibc 2
egb-ibc 3
813
2
bgcj-ibd 3
bdhd-ibd 2
814
2
bbcc-ibe 3
fba-ibe 2
815
3
bffh-ibf 1
dih-ibf 1
dje-ibf 3
816
2
efj-ibg 4
fhg-ibg 1
817
2
eja-ibh 1
babb-ibh 4
818
3
fdi-ibi 2
jib-ibi 1
bjc-ibi 2
819
4
bbcd-ibj 2
dfd-ibj 1
bbdb-ibj 1
hae-ibj 1
820
3
dgi-ica 3
becf-ica 1
bcfh-ica 1
821
3
fib-icb 2
hfi-icb 2
fhj-icb 1
823
4
jaj-icd 1
hcd-icd 2
jaa-icd 1
hj-icd 1
824
3
ehd-ice 2
jfh-ice 1
hgi-ice 2
825
3
dbb-icf 2
fce-icf 1
cih-icf 2
826
3
gcg-icg 1
bjj-icg 2
bcdi-icg 2
827
1
beei-ich 5
828
3
cj-ici 2
jc-ici 2
dfa-ici 1
829
1
jie-icj 5
830
1
bcfd-ida 5
831
5
ghi-idb 1
cdh-idb 1
bach-idb 1
cii-idb 1
fce-idb 1
832
2
iij-idc 4
gjg-idc 1
833
3
bbah-idd 1
fj-idd 3
bfda-idd 1
835
4
jhi-idf 2
dii-idf 1
dh-idf 1
efa-idf 1
836
4
ic-idg 1
bagf-idg 2
bfi-idg 1
dhd-idg 1
838
4
bgfa-idi 1
ech-idi 2
hhc-idi 1
bbdd-idi 1
839
2
fdj-idj 4
bcc-idj 1
840
3
bij-iea 1
bebf-iea 1
eeb-iea 3
841
3
bdaj-ieb 3
fhb-ieb 1
bbie-ieb 1
842
2
hfg-iec 2
hfh-iec 3
843
4
bbid-ied 1
jac-ied 1
hhb-ied 2
bche-ied 1
844
2
efc-iee 3
bdcd-iee 2
845
4
bbah-ief 2
bfc-ief 1
hag-ief 1
ea-ief 1
846
4
ffh-ieg 1
hcd-ieg 1
idd-ieg 1
fjj-ieg 2
847
3
caj-ieh 1
bge-ieh 3
bchj-ieh 1
848
5
behf-iei 1
hgi-iei 1
efg-iei 1
bcgb-iei 1
dbf-iei 1
849
2
bbh-iej 3
bdi-iej 2
850
4
hcf-ifa 1
ccc-ifa 1
bbbi-ifa 1
bdbe-ifa 2
851
2
dfh-ifb 4
bagh-ifb 1
852
4
bchg-ifc 1
ejj-ifc 1
jid-ifc 1
cee-ifc 2
853
4
bbhd-ifd 2
ijh-ifd 1
cf-ifd 1
bah-ifd 1
854
3
bbdj-ife 3
hjf-ife 1
dad-ife 1
855
3
jgf-iff 3
efe-iff 1
cgi-iff 1
856
3
jci-ifg 3
bgeb-ifg 1
be-ifg 1
857
3
cid-ifh 2
baga-ifh 1
baai-ifh 2
858
2
badf-ifi 4
bcci-ifi 1
860
2
ebb-iga 1
gfj-iga 4
861
1
cif-igb 5
862
3
bcgi-igc 2
eaf-igc 2
gh-igc 1
863
3
hfd-igd 3
ife-igd 1
ggg-igd 1
864
3
dbj-ige 2
hjc-ige 1
dbi-ige 2
866
1
babd-igg 5
867
1
hag-igh 5
868
2
bcbj-igi 1
bbg-igi 4
869
3
jba-igj 2
dde-igj 2
bdie-igj 1
870
4
bbfe-iha 2
hgf-iha 1
jfa-iha 1
bcdj-iha 1
871
1
bbcj-ihb 5
872
1
ehj-ihc 5
873
4
bgei-ihd 2
behh-ihd 1
bbdd-ihd 1
fj-ihd 1
874
3
hdg-ihe 2
hdj-ihe 1
hdi-ihe 2
875
3
bfcc-ihf 1
bbad-ihf 3
ijj-ihf 1
876
2
cdj-ihg 4
gij-ihg 1
877
1
cib-ihh 5
878
4
bdgf-ihi 1
gjh-ihi 1
jg-ihi 1
bebh-ihi 2
879
2
caf-ihj 3
cef-ihj 2
880
3
fid-iia 3
hfh-iia 1
fgb-iia 1
881
3
baeb-iib 1
id-iib 2
bafa-iib 2
882
3
jje-iic 2
iie-iic 2
fag-iic 1
883
2
iae-iid 1
ffa-iid 4
884
4
bejf-iie 2
bec-iie 1
jee-iie 1
cbb-iie 1
885
2
bbei-iif 4
hif-iif 1
886
2
hjb-iig 4
hcg-iig 1
887
1
hbj-iih 5
888
1
bbib-iii 5
889
1
baaa-iij 5
890
1
iaa-ija 5
892
4
hg-ijc 1
bcij-ijc 1
cgi-ijc 1
bbf-ijc 2
893
3
hfi-ijd 2
gdh-ijd 2
beda-ijd 1
894
4
beef-ije 1
bbbj-ije 1
gda-ije 1
bef-ije 2
895
1
hei-ijf 5
896
2
behi-ijg 1
ig-ijg 4
897
1
bii-ijh 5
898
1
gd-iji 5
899
2
iaf-ijj 3
cff-ijj 2
900
2
bbjh-jaa 4
cf-jaa 1
901
2
gbe-jab 2
baej-jab 3
902
4
ghg-jac 2
ejj-jac 1
ibb-jac 1
hca-jac 1
903
1
bcij-jad 5
904
2
cja-jae 4
bbih-jae 1
905
2
bdig-jaf 4
bgd-jaf 1
906
2
cg-jag 1
cbc-jag 4
907
4
bcif-jah 2
fie-jah 1
baia-jah 1
bchh-jah 1
908
5
gbj-jai 1
bffi-jai 1
bbbg-jai 1
efa-jai 1
hah-jai 1
909
2
ebd-jaj 2
iic-jaj 3
910
2
gej-jba 3
bdef-jba 2
911
2
gjc-jbb 3
dhg-jbb 2
912
2
jca-jbc 1
gbg-jbc 4
913
3
bfad-jbd 1
dij-jbd 1
bgh-jbd 3
915
3
hai-jbf 3
gfg-jbf 1
bedi-jbf 1
916
3
baie-jbg 1
bdid-jbg 1
ehd-jbg 3
917
3
babf-jbh 2
dbd-jbh 1
bji-jbh 2
918
1
bdcc-jbi 5
919
3
jhb-jbj 3
hdc-jbj 1
daa-jbj 1
920
3
jfg-jca 3
idf-jca 1
jde-jca 1
921
2
faj-jcb 3
gae-jcb 2
922
2
fjg-jcc 2
gfb-jcc 3
923
4
ied-jcd 1
bagh-jcd 2
jcc-jcd 1
hgh-jcd 1
924
1
bafi-jce 5
925
1
djc-jcf 5
926
2
cfj-jcg 3
ggg-jcg 2
928
5
beia-jci 1
bfbf-jci 1
fch-jci 1
hhe-jci 1
gih-jci 1
930
2
bgdf-jda 4
bdig-jda 1
931
4
cgf-jdb 2
jji-jdb 1
jhc-jdb 1
hge-jdb 1
932
3
jc-jdc 1
hbh-jdc 1
gdh-jdc 3
933
2
dic-jdd 4
dhc-jdd 1
934
2
bi-jde 3
baad-jde 2
936
5
ibi-jdg 1
gea-jdg 1
dhj-jdg 1
bh-jdg 1
bhb-jdg 1
937
1
ea-jdh 5
939
3
jfj-jdj 2
eic-jdj 1
ja-jdj 2
940
1
ije-jea 5
941
1
jad-jeb 5
942
3
ehc-jec 2
bdfg-jec 1
dae-jec 2
943
1
djc-jed 5
944
3
hjb-jee 3
ej-jee 1
ceg-jee 1
945
5
badj-jef 1
bbje-jef 1
fad-jef 1
beh-jef 1
bbfe-jef 1
946
1
bbj-jeg 5
947
1
bgdb-jeh 5
948
1
eff-jei 5
949
2
dch-jej 3
ehb-jej 2
950
4
chb-jfa 1
bhe-jfa 2
fdj-jfa 1
iec-jfa 1
951
2
cge-jfb 4
ebb-jfb 1
952
2
jgb-jfc 4
cgh-jfc 1
953
2
fbd-jfd 3
babc-jfd 2
954
4
c-jfe 1
bcif-jfe 1
bfgb-jfe 1
egf-jfe 2
955
2
egg-jff 4
bfeb-jff 1
956
3
ega-jfg 3
fic-jfg 1
bccb-jfg 1
957
4
bffj-jfh 1
eij-jfh 1
fdf-jfh 2
gfb-jfh 1
958
3
befa-jfi 1
dii-jfi 1
bbj-jfi 3
959
4
bcc-jfj 2
bdhe-jfj 1
bcaj-jfj 1
eac-jfj 1
960
4
bfcd-jga 2
bfab-jga 1
fdf-jga 1
bagg-jga 1
961
1
ecd-jgb 5
962
5
babj-jgc 1
cfa-jgc 1
ibd-jgc 1
bba-jgc 1
ied-jgc 1
964
4
gbf-jge 2
bagf-jge 1
bedj-jge 1
bcgj-jge 1
965
4
bhg-jgf 1
i-jgf 1
hhj-jgf 1
fbf-jgf 2
966
2
heh-jgg 3
bajc-jgg 2
967
1
dfc-jgh 5
968
1
iae-jgi 5
970
3
bea-jha 1
ghd-jha 2
jia-jha 2
971
1
ejg-jhb 5
972
3
hei-jhc 3
eej-jhc 1
ced-jhc 1
973
2
gba-jhd 3
geb-jhd 2
974
1
bbai-jhe 5
975
3
fch-jhf 3
bajj-jhf 1
behe-jhf 1
976
2
hde-jhg 3
fbi-jhg 2
977
2
gab-jhh 3
bfia-jhh 2
978
2
bcj-jhi 3
bagi-jhi 2
979
1
eei-jhj 5
980
5
ddg-jia 1
ecc-jia 1
bje-jia 1
baac-jia 1
bded-jia 1
981
3
iac-jib 1
bab-jib 3
bjf-jib 1
982
2
igj-jic 3
hff-jic 2
983
4
bdgd-jid 2
cag-jid 1
bgfj-jid 1
jff-jid 1
984
2
hdb-jie 3
baih-jie 2
985
3
bb-jif 1
dge-jif 1
hah-jif 3
986
1
gha-jig 5
987
2
gfi-jih 4
bfa-jih 1
988
2
ddf-jii 1
cei-jii 4
989
2
ge-jij 1
bah-jij 4
991
3
bdi-jjb 1
cjc-jjb 3
hja-jjb 1
992
3
jbg-jjc 3
bcgb-jjc 1
jhg-jjc 1
993
1
daj-jjd 5
994
4
badd-jje 1
bbcg-jje 1
baig-jje 1
ej-jje 2
995
2
hja-jjf 2
ccf-jjf 3
996
2
efa-jjg 1
gfc-jjg 4
997
1
geh-jjh 5
998
1
hef-jji 5
999
3
baea-jjj 1
edg-jjj 3
bcci-jjj 1
1000
1
fgi-baaa 5
1001
4
jeg-baab 1
efi-baab 2
bc-baab 1
ifd-baab 1
1002
2
hig-baac 3
jbh-baac 2
1003
4
bbbh-baad 1
ehj-baad 2
jcd-baad 1
ceb-baad 1
1004
2
dib-baae 2
eje-baae 3
1005
2
bdej-baaf 3
baae-baaf 2
1006
5
beja-baag 1
ffj-baag 1
jci-baag 1
cdc-baag 1
fc-baag 1
1007
1
baef-baah 5
1008
3
bacb-baai 2
igj-baai 1
baha-baai 2
1009
1
ceb-baaj 5
1010
4
ehi-baba 1
jdf-baba 1
bbfb-baba 1
dfi-baba 2
1011
3
ggi-babb 2
edh-babb 2
djh-babb 1
1012
4
baif-babc 1
beag-babc 1
jga-babc 2
if-babc 1
1013
2
dfe-babd 4
gec-babd 1
1014
4
ebj-babe 1
ije-babe 2
cjc-babe 1
dbj-babe 1
1015
1
begj-babf 5
1016
2
beba-babg 4
bdhd-babg 1
1017
2
baia-babh 4
cbg-babh 1
1018
3
cdb-babi 1
gd-babi 2
baij-babi 2
1019
3
fdc-babj 3
bbcg-babj 1
bfib-babj 1
1020
1
igh-baca 5
1021
5
jhb-bacb 1
jce-bacb 1
bgbj-bacb 1
bcje-bacb 1
jg-bacb 1
1022
3
gdb-bacc 2
feg-bacc 1
hbc-bacc 2
1023
1
jgf-bacd 5
1024
2
dhb-bace 3
bbcd-bace 2
1026
1
cja-bacg 5
1027
2
bih-bach 3
baag-bach 2
1028
1
ejc-baci 5
1029
3
bada-bacj 2
ibj-bacj 2
iha-bacj 1
1030
4
gdb-bada 1
ecj-bada 1
bbcf-bada 2
hej-bada 1
1031
3
bddf-badb 1
dcd-badb 3
bdf-badb 1
1032
2
hfg-badc 1
ifg-badc 4
1033
1
bcac-badd 5
1034
1
ega-bade 5
1035
1
fgh-badf 5
1037
1
fhe-badh 5
1038
1
bbdi-badi 5
1039
4
ijj-badj 2
bbhf-badj 1
ff-badj 1
bjf-badj 1
1040
2
hdd-baea 3
jgg-baea 2
1041
4
fd-baeb 1
bbaf-baeb 2
bdcj-baeb 1
iag-baeb 1
1042
4
ccb-baec 2
jha-baec 1
hbg-baec 1
jaa-baec 1
1043
1
djc-baed 5
1044
1
baeg-baee 5
1045
3
fi-baef 2
efd-baef 1
gj-baef 2
1046
3
bcef-baeg 1
hhd-baeg 3
jdc-baeg 1
1048
3
bagg-baei 3
bcig-baei 1
bhc-baei 1
1049
2
bbhh-baej 2
bdfj-baej 3
1050
4
jdj-bafa 1
cff-bafa 1
dgj-bafa 2
babe-bafa 1
1051
3
bbbd-bafb 1
baah-bafb 2
gdg-bafb 2
1052
2
bbef-bafc 2
hii-bafc 3
1054
2
fdd-bafe 4
bgf-bafe 1
1055
2
hcj-baff 4
bfif-baff 1
1056
1
fdd-bafg 5
1057
1
jbd-bafh 5
1058
3
chi-bafi 3
bag-bafi 1
bhj-bafi 1
1059
1
hef-bafj 5
1060
2
bbag-baga 3
ded-baga 2
1061
1
fhb-bagb 5
1062
1
gie-bagc 5
1063
1
beg-bagd 5
1064
3
bbcj-bage 2
jfb-bage 2
jhf-bage 1
1065
2
bgd-bagf 4
bede-bagf 1
1066
4
hgb-bagg 1
fcb-bagg 1
bbgh-bagg 1
baie-bagg 2
1067
5
eab-bagh 1
cde-bagh 1
ijg-bagh 1
gje-bagh 1
cgf-bagh 1
1068
2
ggh-bagi 4
bcac-bagi 1
1069
3
jhd-bagj 2
bad-bagj 1
bgj-bagj 2
1070
2
bcgf-baha 1
bgcc-baha 4
1071
1
bgah-bahb 5
1073
5
behd-bahd 1
beij-bahd 1
dii-bahd 1
efa-bahd 1
dbb-bahd 1
1074
1
bcdi-bahe 5
1075
1
bagd-bahf 5
1076
1
gjc-bahg 5
1077
4
hea-bahh 1
jab-bahh 1
bedg-bahh 2
bahg-bahh 1
1078
3
ghc-bahi 1
ceh-bahi 3
ia-bahi 1
1080
2
bgg-baia 4
jif-baia 1
1081
1
iac-baib 5
1082
2
bcgg-baic 1
iaa-baic 4
1084
5
chg-baie 1
efc-baie 1
bade-baie 1
bai-baie 1
iaf-baie 1
1085
1
jcb-baif 5
1086
3
hif-baig 2
edd-baig 2
jgh-baig 1
1087
4
gcf-baih 1
bcej-baih 1
becj-baih 1
bbgd-baih 2
1088
2
bbab-baii 4
ffj-baii 1
1089
3
bha-baij 1
ife-baij 1
bfh-baij 3
1090
4
cdh-baja 2
bif-baja 1
bcfj-baja 1
cgg-baja 1
1091
3
bafj-bajb 2
ji-bajb 2
bdfg-bajb 1
1092
2
dhb-bajc 4
bbae-bajc 1
1093
2
hha-bajd 4
bfjc-bajd 1
1094
4
iej-baje 2
gfi-baje 1
bdab-baje 1
hhe-baje 1
1095
3
jeb-bajf 1
jcd-bajf 3
bbgi-bajf 1
1096
1
cgf-bajg 5
1097
2
bia-bajh 4
hba-bajh 1
1098
2
bhf-baji 4
baje-baji 1
1099
2
eci-bajj 2
bajf-bajj 3
1100
3
beeg-bbaa 3
bcfa-bbaa 1
ghb-bbaa 1
1101
1
bbfc-bbab 5
1102
4
bejd-bbac 1
fed-bbac 1
iif-bbac 2
dce-bbac 1
1103
2
jbh-bbad 3
bbag-bbad 2
1104
5
gid-bbae 1
bcfc-bbae 1
gc-bbae 1
eah-bbae 1
bgba-bbae 1
1105
1
eff-bbaf 5
1106
1
gff-bbag 5
1107
4
bfjh-bbah 1
cja-bbah 1
beci-bbah 1
fhe-bbah 2
1108
1
bhj-bbai 5
1110
3
babb-bbba 1
hdb-bbba 3
jid-bbba 1
1111
1
hed-bbbb 5
1113
4
bgab-bbbd 1
bbh-bbbd 2
baec-bbbd 1
icb-bbbd 1
1114
3
bccj-bbbe 2
bcc-bbbe 2
dhj-bbbe 1
1116
2
icb-bbbg 3
ief-bbbg 2
1117
2
bagc-bbbh 3
ehg-bbbh 2
1118
1
bac-bbbi 5
1119
3
big-bbbj 3
bgdj-bbbj 1
bahe-bbbj 1
1120
1
jcc-bbca 5
1121
5
djj-bbcb 1
iee-bbcb 1
fbc-bbcb 1
jfd-bbcb 1
hih-bbcb 1
1122
2
bgf-bbcc 2
hbd-bbcc 3
1123
2
gje-bbcd 2
baii-bbcd 3
1124
2
gde-bbce 4
iff-bbce 1
1125
2
fhc-bbcf 4
bbae-bbcf 1
1126
3
fcg-bbcg 3
ccj-bbcg 1
bdid-bbcg 1
1127
1
icb-bbch 5
1128
2
babh-bbci 4
bie-bbci 1
1129
2
hee-bbcj 3
bbbb-bbcj 2
1130
2
ehh-bbda 4
jde-bbda 1
1131
4
ifa-bbdb 1
hjj-bbdb 1
idc-bbdb 2
bfdj-bbdb 1
1133
5
eii-bbdd 1
gid-bbdd 1
beb-bbdd 1
fgh-bbdd 1
bci-bbdd 1
1134
1
jif-bbde 5
1135
2
baed-bbdf 4
gbi-bbdf 1
1136
3
bid-bbdg 1
bhc-bbdg 1
bgdc-bbdg 3
1137
3
bcjd-bbdh 1
ghb-bbdh 1
eef-bbdh 3
1138
3
bcba-bbdi 1
hbh-bbdi 1
baee-bbdi 3
1139
1
ghi-bbdj 5
1140
2
cga-bbea 4
df-bbea 1
1141
5
bbde-bbeb 1
ihd-bbeb 1
ji-bbeb 1
bffc-bbeb 1
bbae-bbeb 1
1142
1
bcie-bbec 5
1143
1
jc-bbed 5
1144
2
gcj-bbee 4
bdee-bbee 1
1145
4
fjb-bbef 1
fjf-bbef 2
ce-bbef 1
badd-bbef 1
1146
3
bcjg-bbeg 1
eca-bbeg 3
bgbc-bbeg 1
1147
2
eg-bbeh 3
ghj-bbeh 2
1148
2
eif-bbei 1
gej-bbei 4
1149
3
fja-bbej 3
bcbb-bbej 1
fci-bbej 1
1150
1
bacc-bbfa 5
1151
5
bdah-bbfb 1
baji-bbfb 1
bbgg-bbfb 1
ghj-bbfb 1
fgd-bbfb 1
1152
2
ibh-bbfc 1
bfej-bbfc 4
1153
2
bdcj-bbfd 4
eaa-bbfd 1
1154
2
bbgi-bbfe 3
chg-bbfe 2
1155
5
hg-bbff 1
bdjd-bbff 1
dbh-bbff 1
ihi-bbff 1
fcc-bbff 1
1156
3
fea-bbfg 1
eee-bbfg 3
bfee-bbfg 1
1157
2
gec-bbfh 4
bbjg-bbfh 1
1158
2
bbej-bbfi 1
bfhb-bbfi 4
1159
4
babh-bbfj 2
cje-bbfj 1
ifc-bbfj 1
cbc-bbfj 1
1160
2
eji-bbga 3
jbc-bbga 2
1161
3
hgd-bbgb 3
hi-bbgb 1
jff-bbgb 1
1162
1
bafa-bbgc 5
1163
1
bgag-bbgd 5
1164
3
ddd-bbge 1
bbff-bbge 3
eb-bbge 1
1165
1
fcj-bbgf 5
1166
4
gfh-bbgg 2
bcde-bbgg 1
bdai-bbgg 1
ca-bbgg 1
1167
1
bbei-bbgh 5
1168
2
jgi-bbgi 2
bfi-bbgi 3
1169
3
bejh-bbgj 3
eah-bbgj 1
bbcj-bbgj 1
1170
2
begi-bbha 1
fbe-bbha 4
1171
1
iec-bbhb 5
1172
1
cbh-bbhc 5
1173
3
bdb-bbhd 1
j-bbhd 1
bced-bbhd 3
1174
4
fh-bbhe 1
bbgb-bbhe 1
gfe-bbhe 1
id-bbhe 2
1175
3
dia-bbhf 3
bfec-bbhf 1
baif-bbhf 1
1177
2
bcjf-bbhh 4
beee-bbhh 1
1178
2
bfge-bbhi 4
hgi-bbhi 1
1180
3
ei-bbia 1
ij-bbia 1
edb-bbia 3
1181
1
bdi-bbib 5
1182
2
befc-bbic 2
iab-bbic 3
1183
1
bbdd-bbid 5
1184
3
bbhj-bbie 1
def-bbie 2
dee-bbie 2
1185
2
dcj-bbif 2
bij-bbif 3
1187
1
gc-bbih 5
1188
2
jhc-bbii 3
bfgf-bbii 2
1189
2
beci-bbij 4
bbdf-bbij 1
1190
2
fec-bbja 4
bacb-bbja 1
1192
2
ii-bbjc 4
bhc-bbjc 1
1194
1
cbd-bbje 5
1195
3
fcj-bbjf 2
jbg-bbjf 2
haj-bbjf 1
1196
3
hjb-bbjg 2
bbfe-bbjg 2
bagj-bbjg 1
1197
2
jih-bbjh 4
bcjb-bbjh 1
1198
3
ijh-bbji 2
bch-bbji 2
hhi-bbji 1
1199
1
cig-bbjj 5
1200
1
bgb-bcaa 5
1201
2
dfi-bcab 2
gce-bcab 3
1202
3
fa-bcac 1
had-bcac 1
hac-bcac 3
1203
2
bdf-bcad 4
bgcb-bcad 1
1204
2
bdaj-bcae 1
ibg-bcae 4
1205
2
bcda-bcaf 4
bbha-bcaf 1
1206
2
bgch-bcag 1
babb-bcag 4
1207
1
eed-bcah 5
1208
1
bbcj-bcai 5
1209
1
bbji-bcaj 5
1210
2
ejb-bcba 4
gfc-bcba 1
1211
3
die-bcbb 3
bdbj-bcbb 1
hag-bcbb 1
1212
5
ef-bcbc 1
dbe-bcbc 1
bcij-bcbc 1
bafj-bcbc 1
bbai-bcbc 1
1213
1
baca-bcbd 5
1214
2
bdd-bcbe 4
gda-bcbe 1
1215
1
igc-bcbf 5
1216
3
behc-bcbg 3
dbh-bcbg 1
iea-bcbg 1
1217
1
bhg-bcbh 5
1218
2
bfcf-bcbi 4
jdd-bcbi 1
1219
2
hgc-bcbj 2
hjj-bcbj 3
1220
3
jfe-bcca 1
bdhj-bcca 1
behj-bcca 3
1221
2
egb-bccb 3
cid-bccb 2
1222
1
edj-bccc 5
1223
3
ced-bccd 2
behg-bccd 2
bfed-bccd 1
1224
2
eci-bcce 4
iib-bcce 1
1225
2
bajb-bccf 4
bfhd-bccf 1
1226
2
begg-bccg 2
badf-bccg 3
1228
2
hjd-bcci 4
bcae-bcci 1
1229
5
cfg-bccj 1
hci-bccj 1
gbe-bccj 1
bg-bccj 1
bdeb-bccj 1
1230
3
dh-bcda 1
beii-bcda 2
ijd-bcda 2
1231
3
bddd-bcdb 1
baci-bcdb 3
bbeb-bcdb 1
1232
4
bccd-bcdc 1
bfga-bcdc 1
bcj-bcdc 1
ghb-bcdc 2
1233
3
bdid-bcdd 1
bbfh-bcdd 1
bagh-bcdd 3
1234
5
beje-bcde 1
bcha-bcde 1
cba-bcde 1
baji-bcde 1
gic-bcde 1
1235
1
bbef-bcdf 5
1236
3
chc-bcdg 2
jje-bcdg 1
hjc-bcdg 2
1237
1
faf-bcdh 5
1238
2
cfg-bcdi 4
hee-bcdi 1
1239
1
fdb-bcdj 5
1240
1
becb-bcea 5
1241
1
idj-bceb 5
1243
1
bcjd-bced 5
1244
3
ejh-bcee 2
iai-bcee 2
bdja-bcee 1
1245
1
fbj-bcef 5
1246
1
cca-bceg 5
1247
2
bdae-bceh 4
bbdf-bceh 1
1248
1
bci-bcei 5
1249
3
jfh-bcej 3
gif-bcej 1
ef-bcej 1
1250
2
djh-bcfa 4
jfh-bcfa 1
1252
1
cig-bcfc 5
1253
2
beie-bcfd 2
idg-bcfd 3
1255
4
iie-bcff 1
ddd-bcff 2
begg-bcff 1
hfh-bcff 1
1256
1
fjj-bcfg 5
1257
1
egd-bcfh 5
1258
1
ihe-bcfi 5
1259
1
bchb-bcfj 5
1261
2
jae-bcgb 4
eai-bcgb 1
1262
1
beih-bcgc 5
1264
2
baih-bcge 3
bgh-bcge 2
1265
1
bbga-bcgf 5
1266
1
bfhf-bcgg 5
1267
2
cbj-bcgh 2
bdjg-bcgh 3
1268
2
fca-bcgi 3
hce-bcgi 2
1269
3
bfci-bcgj 2
beae-bcgj 1
bdbg-bcgj 2
1270
1
deh-bcha 5
1271
2
bdfj-bchb 2
hhd-bchb 3
1272
2
cej-bchc 4
bdb-bchc 1
1273
2
jbd-bchd 1
bdaf-bchd 4
1274
1
becg-bche 5
1275
2
bfag-bchf 3
hdj-bchf 2
1276
4
bebi-bchg 1
hga-bchg 1
hhj-bchg 2
idc-bchg 1
1277
5
bbij-bchh 1
cjb-bchh 1
bcjb-bchh 1
bcjj-bchh 1
hhi-bchh 1
1278
2
bcdj-bchi 4
ifh-bchi 1
1279
1
jcd-bchj 5
1280
4
ibc-bcia 1
hhg-bcia 1
hid-bcia 2
bgec-bcia 1
1281
3
bfgd-bcib 3
bje-bcib 1
dde-bcib 1
1284
3
bbgh-bcie 1
bebd-bcie 3
eic-bcie 1
1285
2
bdjb-bcif 2
jhh-bcif 3
1286
1
fae-bcig 5
1287
1
cae-bcih 5
1288
3
jeh-bcii 1
bafh-bcii 3
cga-bcii 1
1289
1
ebd-bcij 5
1290
3
ica-bcja 2
hhd-bcja 1
bbfi-bcja 2
1291
2
dba-bcjb 2
bcaa-bcjb 3
1292
1
bbdg-bcjc 5
1293
1
hdf-bcjd 5
1294
1
bbfh-bcje 5
1295
3
dde-bcjf 1
bdjc-bcjf 3
bedc-bcjf 1
1296
2
jce-bcjg 2
eii-bcjg 3
1297
1
dch-bcjh 5
1298
1
ida-bcji 5
1299
2
bfgi-bcjj 4
fig-bcjj 1
1300
3
eba-bdaa 1
gcj-bdaa 3
edh-bdaa 1
1301
2
iji-bdab 4
bdib-bdab 1
1302
2
gba-bdac 4
cgb-bdac 1
1303
2
dja-bdad 4
ch-bdad 1
1304
2
bbif-bdae 2
bahi-bdae 3
1305
1
ga-bdaf 5
1307
1
ibd-bdah 5
1308
1
baij-bdai 5
1309
2
hed-bdaj 4
je-bdaj 1
1310
1
bbch-bdba 5
1312
1
bcgf-bdbc 5
1314
1
hh-bdbe 5
1316
3
hdj-bdbg 3
ddc-bdbg 1
bfii-bdbg 1
1317
1
jhg-bdbh 5
1318
2
bfbc-bdbi 4
dbc-bdbi 1
1319
4
jfa-bdbj 1
dhe-bdbj 1
bbci-bdbj 2
gid-bdbj 1
1320
1
fej-bdca 5
1321
1
ibj-bdcb 5
1322
2
bdhf-bdcc 3
iig-bdcc 2
1323
2
bbcb-bdcd 4
bdgd-bdcd 1
1324
1
jfc-bdce 5
1325
1
faa-bdcf 5
1326
1
bce-bdcg 5
1327
2
cac-bdch 3
hgc-bdch 2
1328
2
ci-bdci 4
efh-bdci 1
1329
2
jjc-bdcj 3
feb-bdcj 2
1330
2
efh-bdda 4
bebj-bdda 1
1333
2
bcbf-bddd 1
daa-bddd 4
1334
1
jif-bdde 5
1335
1
bbbg-bddf 5
1336
1
badj-bddg 5
1337
1
bffa-bddh 5
1339
3
bbbe-bddj 3
bj-bddj 1
bcaf-bddj 1
1340
1
dc-bdea 5
1341
2
bdif-bdeb 3
jaf-bdeb 2
1342
4
bfaf-bdec 1
cca-bdec 1
ida-bdec 1
bfeg-bdec 2
1343
1
befd-bded 5
1344
3
gii-bdee 2
cgc-bdee 1
bcie-bdee 2
1345
1
hbe-bdef 5
1346
2
bgfb-bdeg 2
iai-bdeg 3
1347
1
cfc-bdeh 5
1348
1
bccd-bdei 5
1349
2
jag-bdej 2
bfaa-bdej 3
1350
3
jjf-bdfa 3
bje-bdfa 1
hdb-bdfa 1
1351
2
icf-bdfb 4
ijg-bdfb 1
1353
2
bec-bdfd 4
efb-bdfd 1
1354
2
gdf-bdfe 4
bfeg-bdfe 1
1355
1
jga-bdff 5
1356
2
bdic-bdfg 2
bib-bdfg 3
1357
2
bege-bdfh 4
bacc-bdfh 1
1358
2
jcf-bdfi 2
becc-bdfi 3
1359
3
bbjf-bdfj 3
hae-bdfj 1
cdf-bdfj 1
1360
4
ihf-bdga 1
begc-bdga 1
bafa-bdga 1
ehh-bdga 2
1361
2
bead-bdgb 4
hig-bdgb 1
1362
2
bcbd-bdgc 3
eba-bdgc 2
1363
1
gbc-bdgd 5
1364
1
baej-bdge 5
1365
3
fcc-bdgf 1
gdb-bdgf 1
bfbe-bdgf 3
1366
1
fbh-bdgg 5
1367
1
ghj-bdgh 5
1368
2
bdjb-bdgi 4
bdj-bdgi 1
1369
1
bgdi-bdgj 5
1370
2
daj-bdha 4
behi-bdha 1
1371
2
haf-bdhb 3
hbh-bdhb 2
1372
2
jei-bdhc 2
bahg-bdhc 3
1373
2
bae-bdhd 3
bcbg-bdhd 2
1374
4
jjj-bdhe 1
baia-bdhe 1
ecc-bdhe 2
bagb-bdhe 1
1375
2
bcdh-bdhf 3
bfae-bdhf 2
1376
1
efd-bdhg 5
1377
1
bdfd-bdhh 5
1378
3
ihe-bdhi 1
hb-bdhi 1
ccf-bdhi 3
1379
1
iah-bdhj 5
1380
2
bgff-bdia 3
jgg-bdia 2
1381
1
bcfi-bdib 5
1382
1
hhg-bdic 5
1383
1
beh-bdid 5
1384
1
igc-bdie 5
1385
2
f-bdif 2
fgc-bdif 3
1386
1
bdge-bdig 5
1388
2
cch-bdii 1
fbg-bdii 4
1389
1
fbg-bdij 5
1390
2
bbhb-bdja 4
bdeb-bdja 1
1391
1
bchd-bdjb 5
1392
2
ifh-bdjc 4
bfbb-bdjc 1
1393
1
eca-bdjd 5
1394
2
cge-bdje 1
bacj-bdje 4
1395
1
jig-bdjf 5
1396
1
bdef-bdjg 5
1397
2
bfdf-bdjh 2
baj-bdjh 3
1398
2
bej-bdji 2
egb-bdji 3
1399
1
bccf-bdjj 5
1400
2
eeb-beaa 4
bcfj-beaa 1
1401
2
baai-beab 3
bdde-beab 2
1403
2
bib-bead 4
bafg-bead 1
1404
1
bdch-beae 5
1405
1
geb-beaf 5
1406
1
cci-beag 5
1407
1
bgfc-beah 5
1408
1
ida-beai 5
1409
1
dea-beaj 5
1410
2
bbcb-beba 1
bbf-beba 4
1411
1
bgf-bebb 5
1413
2
babc-bebd 4
bejj-bebd 1
1414
1
bccd-bebe 5
1415
2
bbfj-bebf 4
ghb-bebf 1
1416
1
idj-bebg 5
1417
2
dag-bebh 4
bbgc-bebh 1
1418
1
fad-bebi 5
1419
1
bbec-bebj 5
1420
2
jjf-beca 4
ddg-beca 1
1421
2
bfbj-becb 3
bcg-becb 2
1422
2
bcc-becc 1
haf-becc 4
1423
2
fba-becd 4
bbii-becd 1
1424
1
fii-bece 5
1425
1
hce-becf 5
1426
1
bagi-becg 5
1427
1
dfj-bech 5
1428
1
bbgj-beci 5
1429
2
hec-becj 4
bdbi-becj 1
1430
3
bfhh-beda 3
cbd-beda 1
bc-beda 1
1431
1
bebd-bedb 5
1432
2
bfaj-bedc 3
baic-bedc 2
1433
1
ceg-bedd 5
1434
2
hf-bede 3
bbda-bede 2
1435
2
ebh-bedf 3
djf-bedf 2
1436
1
jbg-bedg 5
1437
2
baha-bedh 3
bgai-bedh 2
1438
1
iib-bedi 5
1439
1
igd-bedj 5
1441
2
bbee-beeb 2
hcf-beeb 3
1442
1
jba-beec 5
1443
2
bfih-beed 3
becd-beed 2
1444
2
eff-beee 3
hhc-beee 2
1445
2
hhf-beef 2
icf-beef 3
1446
2
he-beeg 1
bdeb-beeg 4
1447
1
bdgc-beeh 5
1448
1
bdcg-beei 5
1450
2
cbc-befa 4
ebe-befa 1
1451
1
babd-befb 5
1452
1
bchf-befc 5
1453
2
dci-befd 2
iia-befd 3
1454
1
fif-befe 5
1455
2
hc-beff 4
fid-beff 1
1456
1
bah-befg 5
1459
1
bdgc-befj 5
1460
1
gca-bega 5
1462
1
bgad-begc 5
1463
1
bdgi-begd 5
1464
2
babb-bege 3
bdci-bege 2
1466
2
bfai-begg 4
ifb-begg 1
1467
1
eac-begh 5
1468
1
cff-begi 5
1469
2
bbfb-begj 3
eef-begj 2
1470
3
hcj-beha 1
cji-beha 1
bebd-beha 3
1471
1
bfdh-behb 5
1472
1
ifa-behc 5
1473
1
eda-behd 5
1474
3
bgaa-behe 3
ihd-behe 1
baja-behe 1
1475
1
hdf-behf 5
1476
1
iei-behg 5
1477
1
bcgg-behh 5
1478
2
bgde-behi 4
bjh-behi 1
1479
2
ihb-behj 2
dcd-behj 3
1480
1
ffd-beia 5
1481
1
bdaj-beib 5
1482
3
dg-beic 3
ec-beic 1
bbb-beic 1
1483
2
iai-beid 4
bdje-beid 1
1485
3
gab-beif 1
hfb-beif 3
cii-beif 1
1486
2
baf-beig 3
bedd-beig 2
1487
2
dcc-beih 3
ijd-beih 2
1488
1
cbe-beii 5
1489
1
bah-beij 5
1490
1
cid-beja 5
1491
1
bace-bejb 5
1493
1
badc-bejd 5
1494
1
baag-beje 5
1495
1
jhi-bejf 5
1496
1
bcag-bejg 5
1497
1
bdaa-bejh 5
1498
1
dcf-beji 5
1499
1
cdg-bejj 5
1500
2
bhf-bfaa 3
ccd-bfaa 2
1501
1
fbi-bfab 5
1503
1
jhc-bfad 5
1504
2
ecc-bfae 3
bfah-bfae 2
1505
1
bedh-bfaf 5
1506
2
jai-bfag 4
bdad-bfag 1
1507
1
jbf-bfah 5
1508
1
bcaj-bfai 5
1509
1
bcjd-bfaj 5
1510
1
bdgg-bfba 5
1511
1
hda-bfbb 5
1512
1
ijd-bfbc 5
1513
3
bbjd-bfbd 3
dcg-bfbd 1
fia-bfbd 1
1514
1
behh-bfbe 5
1515
2
efe-bfbf 4
bdga-bfbf 1
1516
1
hih-bfbg 5
1518
1
jjc-bfbi 5
1519
1
beif-bfbj 5
1520
1
ghc-bfca 5
1521
3
bbba-bfcb 1
gaj-bfcb 1
gfa-bfcb 3
1522
1
gga-bfcc 5
1523
3
ggc-bfcd 3
bcdc-bfcd 1
bdbj-bfcd 1
1524
1
jh-bfce 5
1525
1
bca-bfcf 5
1526
3
cjc-bfcg 2
bfgg-bfcg 1
bgdj-bfcg 2
1527
1
bafe-bfch 5
1528
1
fjb-bfci 5
1529
2
gh-bfcj 2
dif-bfcj 3
1530
1
baai-bfda 5
1531
1
iih-bfdb 5
1532
1
bfbc-bfdc 5
1533
1
bcgh-bfdd 5
1534
1
jgf-bfde 5
1535
1
ddf-bfdf 5
1536
1
bdfi-bfdg 5
1537
1
bdec-bfdh 5
1538
2
fgc-bfdi 4
ihc-bfdi 1
1539
2
bddd-bfdj 3
dgg-bfdj 2
1540
1
jdg-bfea 5
1541
1
ggf-bfeb 5
1542
2
bdge-bfec 4
edg-bfec 1
1543
2
iea-bfed 3
iia-bfed 2
1544
2
fhi-bfee 4
dae-bfee 1
1545
4
faa-bfef 1
bgaf-bfef 2
ied-bfef 1
bgda-bfef 1
1546
1
dfb-bfeg 5
1547
1
fdc-bfeh 5
1549
1
bdia-bfej 5
1550
1
iab-bffa 5
1551
1
bda-bffb 5
1552
1
iai-bffc 5
1553
1
egi-bffd 5
1555
1
becg-bfff 5
1556
1
gci-bffg 5
1557
1
ghi-bffh 5
1558
1
ed-bffi 5
1559
1
eda-bffj 5
1561
2
bcfj-bfgb 2
beif-bfgb 3
1562
1
bdac-bfgc 5
1563
1
ihj-bfgd 5
1564
1
chj-bfge 5
1565
1
bgga-bfgf 5
1566
1
ec-bfgg 5
1567
1
bbie-bfgh 5
1568
3
fea-bfgi 2
bgej-bfgi 2
bgee-bfgi 1
1570
1
cga-bfha 5
1571
1
bhg-bfhb 5
1572
1
dgd-bfhc 5
1573
1
bdgb-bfhd 5
1574
1
bfi-bfhe 5
1575
2
jjj-bfhf 1
ded-bfhf 4
1576
2
ibi-bfhg 3
bfhi-bfhg 2
1577
1
ibh-bfhh 5
1578
1
ice-bfhi 5
1579
2
bejj-bfhj 3
gih-bfhj 2
1580
1
df-bfia 5
1581
1
bdca-bfib 5
1582
2
igc-bfic 4
bgfg-bfic 1
1583
1
hfa-bfid 5
1584
1
ceh-bfie 5
1585
2
dfi-bfif 1
caa-bfif 4
1587
1
cif-bfih 5
1588
2
edc-bfii 4
hjg-bfii 1
1589
1
gih-bfij 5
1590
1
bie-bfja 5
1591
1
icj-bfjb 5
1592
1
bej-bfjc 5
1593
1
bajd-bfjd 5
1594
1
bfba-bfje 5
1595
1
cdg-bfjf 5
1596
1
bdej-bfjg 5
1599
1
hhg-bfjj 5
1600
1
bcdd-bgaa 5
1601
1
fga-bgab 5
1602
1
babg-bgac 5
1603
1
bdba-bgad 5
1604
1
bajd-bgae 5
1605
1
beab-bgaf 5
1606
1
bed-bgag 5
1607
1
bdhi-bgah 5
1608
1
baji-bgai 5
1609
1
egb-bgaj 5
1610
1
ddd-bgba 5
1611
1
dib-bgbb 5
1612
1
bba-bgbc 5
1613
1
bfje-bgbd 5
1614
1
bfhe-bgbe 5
1615
1
bbfa-bgbf 5
1616
1
dff-bgbg 5
1617
2
ece-bgbh 2
bgfh-bgbh 3
1618
1
bfjc-bgbi 5
1619
1
cbj-bgbj 5
1620
1
hjh-bgca 5
1621
1
icd-bgcb 5
1622
2
bdbe-bgcc 2
dga-bgcc 3
1625
1
cib-bgcf 5
1626
1
cba-bgcg 5
1627
1
cga-bgch 5
1628
2
bda-bgci 2
hje-bgci 3
1629
1
beeg-bgcj 5
1630
1
bcai-bgda 5
1631
1
jdd-bgdb 5
1632
1
gbb-bgdc 5
1633
2
bhf-bgdd 1
ede-bgdd 4
1634
1
beic-bgde 5
1635
1
bbia-bgdf 5
1636
1
baf-bgdg 5
1637
1
hhh-bgdh 5
1638
2
jdi-bgdi 1
bach-bgdi 4
1639
1
jdb-bgdj 5
1640
1
bcia-bgea 5
1641
1
ega-bgeb 5
1642
2
bacg-bgec 2
djd-bgec 3
1643
1
behi-bged 5
1644
1
hjf-bgee 5
1645
1
fed-bgef 5
1646
1
baca-bgeg 5
1647
1
bece-bgeh 5
1648
1
bgca-bgei 5
1649
1
jej-bgej 5
1650
1
bddj-bgfa 5
1651
1
bhh-bgfb 5
1652
1
bfjg-bgfc 5
1653
2
ddb-bgfd 3
gif-bgfd 2
1654
1
bfcf-bgfe 5
1655
1
bcgh-bgff 5
1656
1
bce-bgfg 5
1657
1
bgbi-bgfh 5
1658
1
bie-bgfi 5
1659
1
eef-bgfj 5
1660
1
bdhi-bgga 5
1661
1
bdhg-bggb 5
