1465
1
2
dab-b 2
ehb-b 2
2
4
di-c 1
fcd-c 1
dgj-c 1
bi-c 1
3
1
ii-d 4
4
2
hic-e 3
cba-e 1
5
3
e-f 1
jbb-f 1
bdjf-f 2
6
2
iee-g 2
gic-g 2
8
2
gie-i 3
geg-i 1
9
2
fbj-j 1
bi-j 3
10
1
bdi-ba 4
11
4
bgf-bb 1
bcef-bb 1
bee-bb 1
gc-bb 1
12
2
dgf-bc 3
hbf-bc 1
13
3
bejh-bd 2
cjb-bd 1
cch-bd 1
14
3
bbbj-be 1
fec-be 2
beai-be 1
15
2
hi-bf 2
dh-bf 2
16
3
bi-bg 1
baae-bg 1
bdii-bg 2
17
2
bgeh-bh 3
ihi-bh 1
18
2
fic-bi 2
babg-bi 2
19
1
bdbf-bj 4
20
2
dfg-ca 3
gjh-ca 1
23
3
ffb-cd 1
bhd-cd 2
dbg-cd 1
24
2
bi-ce 3
jag-ce 1
25
2
eac-cf 2
def-cf 2
26
1
bd-cg 4
27
1
bjd-ch 4
28
3
hfh-ci 2
bffg-ci 1
gbg-ci 1
29
1
bfgd-cj 4
30
4
bcei-da 1
bhd-da 1
eej-da 1
beib-da 1
31
2
bbde-db 3
cbh-db 1
32
4
iag-dc 1
ifh-dc 1
bbgj-dc 1
iej-dc 1
33
3
babg-dd 2
dfg-dd 1
fc-dd 1
34
2
di-de 3
ghj-de 1
35
3
bfgb-df 1
gc-df 2
igi-df 1
36
4
bgfe-dg 1
bcii-dg 1
hah-dg 1
bebe-dg 1
37
3
bagf-dh 2
hha-dh 1
dc-dh 1
38
1
haf-di 4
39
1
gdb-dj 4
40
4
eee-ea 1
dbb-ea 1
fda-ea 1
jff-ea 1
41
2
cdi-eb 3
bbfc-eb 1
43
1
bcia-ed 4
44
1
bacc-ee 4
45
1
ige-ef 4
46
2
bdj-eg 2
ggg-eg 2
47
3
gdh-eh 1
bbfg-eh 1
bbei-eh 2
48
3
jfj-ei 2
bcjf-ei 1
dff-ei 1
49
1
baig-ej 4
50
3
bcb-fa 1
bhg-fa 2
dhe-fa 1
52
2
bfch-fc 1
fif-fc 3
53
3
je-fd 2
dhe-fd 1
daf-fd 1
54
1
jic-fe 4
55
1
gb-ff 4
57
1
bejb-fh 4
58
1
bfdg-fi 4
59
2
dbg-fj 3
ifd-fj 1
60
2
fga-ga 3
bi-ga 1
61
2
bbeb-gb 3
bbjc-gb 1
62
4
bdfa-gc 1
gge-gc 1
eie-gc 1
e-gc 1
63
4
je-gd 1
bfgc-gd 1
dbf-gd 1
gfb-gd 1
64
1
dfi-ge 4
65
1
cgh-gf 4
66
4
idf-gg 1
jhg-gg 1
bfjf-gg 1
cdh-gg 1
67
3
bddh-gh 2
jci-gh 1
bh-gh 1
68
3
ch-gi 1
cbe-gi 2
bcff-gi 1
69
2
edh-gj 2
gjj-gj 2
70
1
db-ha 4
71
2
efh-hb 1
iaa-hb 3
72
4
gg-hc 1
cif-hc 1
dbf-hc 1
ejc-hc 1
74
1
hc-he 4
75
1
hie-hf 4
76
2
cgj-hg 1
bja-hg 3
77
2
gcj-hh 3
bjb-hh 1
78
4
baec-hi 1
bac-hi 1
fa-hi 1
iba-hi 1
79
3
gfg-hj 2
di-hj 1
jfc-hj 1
80
3
ccc-ia 2
bfeh-ia 1
di-ia 1
82
2
bedh-ic 2
cgi-ic 2
83
1
eab-id 4
84
3
dej-ie 1
haj-ie 1
bjd-ie 2
85
3
bfce-if 2
bcge-if 1
di-if 1
86
1
egf-ig 4
87
1
cgh-ih 4
88
4
bacj-ii 1
chf-ii 1
bgfi-ii 1
dgc-ii 1
89
1
bcd-ij 4
90
1
hij-ja 4
91
1
ehi-jb 4
92
4
babi-jc 1
bbjg-jc 1
fci-jc 1
gii-jc 1
93
1
cae-jd 4
94
4
bfc-je 1
fcf-je 1
gdf-je 1
bi-je 1
95
1
iae-jf 4
96
1
daf-jg 4
97
3
hib-jh 1
bbfg-jh 2
dai-jh 1
98
4
bdjh-ji 1
bccj-ji 1
gbe-ji 1
beaa-ji 1
99
2
fgf-jj 3
dej-jj 1
100
4
fhg-baa 1
dig-baa 1
efg-baa 1
dfi-baa 1
101
1
chf-bab 4
102
4
gja-bac 1
bfe-bac 1
hj-bac 1
hfi-bac 1
103
1
bfi-bad 4
104
2
ceg-bae 3
dgj-bae 1
105
2
bdbh-baf 2
cbg-baf 2
106
2
bcc-bag 3
fic-bag 1
107
4
deg-bah 1
ifd-bah 1
hbf-bah 1
gjh-bah 1
110
2
gdc-bba 2
fbe-bba 2
111
2
fdh-bbb 3
d-bbb 1
112
3
chf-bbc 1
dgb-bbc 1
dbb-bbc 2
114
2
cie-bbe 1
cb-bbe 3
115
3
bei-bbf 1
dfc-bbf 1
bage-bbf 2
116
4
eg-bbg 1
gdc-bbg 1
bbbj-bbg 1
iff-bbg 1
117
1
bacc-bbh 4
118
4
gfd-bbi 1
bca-bbi 1
beeh-bbi 1
bech-bbi 1
119
4
bbf-bbj 1
fag-bbj 1
ige-bbj 1
bbag-bbj 1
120
1
gaf-bca 4
121
2
fba-bcb 3
bbdg-bcb 1
122
4
bbab-bcc 1
bjd-bcc 1
bebg-bcc 1
bbff-bcc 1
123
4
gc-bcd 1
jec-bcd 1
eed-bcd 1
ddj-bcd 1
124
4
gef-bce 1
bb-bce 1
ccc-bce 1
gc-bce 1
125
1
ddj-bcf 4
126
2
di-bcg 3
g-bcg 1
127
1
ecb-bch 4
128
4
bcbc-bci 1
bbhe-bci 1
bbc-bci 1
bagb-bci 1
129
1
iff-bcj 4
130
4
dhg-bda 1
eh-bda 1
dfj-bda 1
ffa-bda 1
131
3
deh-bdb 1
efd-bdb 1
jbg-bdb 2
132
2
bfea-bdc 2
fee-bdc 2
133
2
bece-bdd 3
bcgc-bdd 1
134
2
bba-bde 1
gge-bde 3
135
4
bbab-bdf 1
hcg-bdf 1
gea-bdf 1
gbf-bdf 1
136
4
cha-bdg 1
bahh-bdg 1
bbij-bdg 1
bcc-bdg 1
138
3
iic-bdi 2
gci-bdi 1
bffi-bdi 1
139
4
hhc-bdj 1
geh-bdj 1
igg-bdj 1
jfe-bdj 1
140
2
dgc-bea 3
cdh-bea 1
141
4
cbe-beb 1
fe-beb 1
djg-beb 1
hia-beb 1
142
4
hj-bec 1
hea-bec 1
bdei-bec 1
eei-bec 1
143
4
ica-bed 1
cfa-bed 1
begd-bed 1
cd-bed 1
144
4
bgbe-bee 1
gjd-bee 1
cfa-bee 1
dfg-bee 1
145
2
dai-bef 3
fgj-bef 1
146
4
bja-beg 1
ea-beg 1
fei-beg 1
bef-beg 1
147
3
hi-beh 2
ieh-beh 1
jbj-beh 1
148
4
bcgi-bei 1
jca-bei 1
jbi-bei 1
fge-bei 1
149
2
fif-bej 2
bdb-bej 2
151
1
bdji-bfb 4
152
3
cdb-bfc 1
dcb-bfc 1
bafi-bfc 2
153
3
cie-bfd 2
bif-bfd 1
jgi-bfd 1
154
3
baea-bfe 1
hff-bfe 2
dch-bfe 1
155
1
eec-bff 4
156
2
bgac-bfg 2
dae-bfg 2
157
1
bae-bfh 4
158
4
ich-bfi 1
jhe-bfi 1
gaa-bfi 1
bgci-bfi 1
159
3
bii-bfj 1
gif-bfj 1
jjj-bfj 2
160
3
hbd-bga 2
efe-bga 1
dij-bga 1
161
2
cgc-bgb 1
hea-bgb 3
162
1
cdb-bgc 4
163
1
bgdh-bgd 4
164
1
hci-bge 4
165
1
iaa-bgf 4
166
4
bcaa-bgg 1
heh-bgg 1
bdde-bgg 1
ehg-bgg 1
167
3
bfgh-bgh 1
be-bgh 1
cej-bgh 2
168
2
cbi-bgi 1
daj-bgi 3
169
2
bffe-bgj 2
jai-bgj 2
170
3
gi-bha 1
ccd-bha 1
fh-bha 2
171
4
hhd-bhb 1
bfbi-bhb 1
fcb-bhb 1
jh-bhb 1
172
2
bbfd-bhc 3
bfe-bhc 1
173
2
hj-bhd 2
eed-bhd 2
174
2
cfe-bhe 3
daa-bhe 1
175
2
bci-bhf 2
cgi-bhf 2
176
4
babb-bhg 1
bci-bhg 1
cbg-bhg 1
cdi-bhg 1
177
3
cch-bhh 1
cbc-bhh 1
efe-bhh 2
178
2
eaj-bhi 1
ibh-bhi 3
179
2
bafb-bhj 3
ghd-bhj 1
180
1
cch-bia 4
181
2
fhc-bib 3
eae-bib 1
182
2
baa-bic 2
dc-bic 2
183
1
beh-bid 4
184
4
bde-bie 1
dbe-bie 1
bcai-bie 1
bcc-bie 1
185
2
bgcg-bif 3
babf-bif 1
187
3
dcf-bih 1
hef-bih 1
bcff-bih 2
188
1
bcej-bii 4
189
2
gfi-bij 2
cha-bij 2
190
1
dca-bja 4
191
3
db-bjb 1
bbee-bjb 1
bcdb-bjb 2
192
1
baad-bjc 4
193
4
di-bjd 1
hdg-bjd 1
gd-bjd 1
ghb-bjd 1
194
2
cga-bje 2
ecd-bje 2
195
4
hic-bjf 1
bccc-bjf 1
baff-bjf 1
ecg-bjf 1
197
4
gfd-bjh 1
eah-bjh 1
cd-bjh 1
jeb-bjh 1
198
4
dbg-bji 1
fdj-bji 1
cgh-bji 1
beeb-bji 1
199
3
jhe-bjj 2
gci-bjj 1
baad-bjj 1
200
3
dhc-caa 2
djj-caa 1
hfg-caa 1
201
2
cjd-cab 3
bdg-cab 1
202
4
cgd-cac 1
fid-cac 1
djc-cac 1
dbf-cac 1
203
1
icg-cad 4
204
3
bcb-cae 1
bccg-cae 1
hhb-cae 2
205
3
ghc-caf 2
bafb-caf 1
gag-caf 1
206
3
cie-cag 1
fbi-cag 2
bbg-cag 1
207
2
bebe-cah 3
ih-cah 1
208
1
gdb-cai 4
209
1
jh-caj 4
210
4
bfi-cba 1
bccb-cba 1
bgdd-cba 1
bbjf-cba 1
212
2
efg-cbc 1
bcdg-cbc 3
213
4
eag-cbd 1
jfc-cbd 1
bif-cbd 1
ehe-cbd 1
214
1
bbcc-cbe 4
215
1
ceb-cbf 4
216
3
becj-cbg 1
bdg-cbg 1
bbfi-cbg 2
217
1
bhi-cbh 4
218
2
bdi-cbi 3
ede-cbi 1
219
2
gjj-cbj 3
hi-cbj 1
220
3
eea-cca 1
bbdb-cca 1
cbe-cca 2
221
3
jeh-ccb 2
bjj-ccb 1
ejj-ccb 1
222
3
bcda-ccc 2
jfh-ccc 1
eag-ccc 1
223
1
bajb-ccd 4
225
4
ihi-ccf 1
hcc-ccf 1
jeg-ccf 1
ga-ccf 1
226
1
ijd-ccg 4
227
4
baaf-cch 1
bhe-cch 1
egd-cch 1
ice-cch 1
228
4
bbfd-cci 1
bgbg-cci 1
haf-cci 1
ceb-cci 1
229
2
hji-ccj 3
cch-ccj 1
230
1
dd-cda 4
231
2
ejg-cdb 3
jaa-cdb 1
232
4
ddj-cdc 1
eb-cdc 1
fad-cdc 1
ccj-cdc 1
233
1
bebi-cdd 4
235
3
bhj-cdf 2
fjc-cdf 1
dfa-cdf 1
236
2
dff-cdg 2
bfjd-cdg 2
237
2
bbja-cdh 3
gfd-cdh 1
238
3
jbc-cdi 1
j-cdi 1
beha-cdi 2
239
2
hgg-cdj 3
ega-cdj 1
240
3
if-cea 2
che-cea 1
jaj-cea 1
241
3
bdea-ceb 1
bfj-ceb 1
cii-ceb 2
243
2
bbgc-ced 2
cah-ced 2
244
1
ic-cee 4
245
4
dab-cef 1
bbec-cef 1
bha-cef 1
bfi-cef 1
246
1
cah-ceg 4
248
1
fhi-cei 4
249
4
bh-cej 1
dif-cej 1
bbeg-cej 1
bbee-cej 1
250
4
eb-cfa 1
ice-cfa 1
gei-cfa 1
bdhb-cfa 1
251
2
fhe-cfb 3
g-cfb 1
253
1
bchd-cfd 4
254
1
ijc-cfe 4
255
3
ejg-cff 1
hda-cff 1
bafc-cff 2
256
4
bbdg-cfg 1
ej-cfg 1
bfdb-cfg 1
gic-cfg 1
257
2
cie-cfh 3
fjh-cfh 1
260
4
bcjf-cga 1
bhb-cga 1
chj-cga 1
dh-cga 1
261
3
da-cgb 1
dch-cgb 1
deb-cgb 2
262
2
hfc-cgc 3
cdb-cgc 1
263
2
dcf-cgd 2
bafi-cgd 2
264
2
bfc-cge 2
ea-cge 2
265
3
bgbh-cgf 1
dej-cgf 1
fcc-cgf 2
267
3
bdhc-cgh 1
cag-cgh 2
hc-cgh 1
268
3
baaa-cgi 1
fdh-cgi 1
ia-cgi 2
269
2
ifi-cgj 3
eag-cgj 1
270
3
dcb-cha 1
egj-cha 2
dhj-cha 1
271
1
bcbi-chb 4
272
4
bbfj-chc 1
fjc-chc 1
jhd-chc 1
hba-chc 1
273
1
bfbg-chd 4
274
3
eah-che 1
befj-che 1
dej-che 2
275
2
hfb-chf 3
eca-chf 1
276
1
fc-chg 4
277
1
ddj-chh 4
278
2
bbc-chi 1
bbea-chi 3
279
1
hhi-chj 4
281
4
eha-cib 1
bcce-cib 1
bdhh-cib 1
bdhb-cib 1
283
3
cjb-cid 2
cab-cid 1
ehb-cid 1
284
2
jfi-cie 1
gg-cie 3
285
3
bcja-cif 1
dae-cif 1
baed-cif 2
286
2
hbj-cig 3
eef-cig 1
287
1
icg-cih 4
288
3
baha-cii 2
gc-cii 1
ggd-cii 1
289
2
dgf-cij 1
cch-cij 3
290
3
hcj-cja 1
ehg-cja 1
ead-cja 2
291
3
beba-cjb 2
eei-cjb 1
jbi-cjb 1
292
3
bada-cjc 2
bcih-cjc 1
bfgi-cjc 1
295
1
egf-cjf 4
298
1
bdce-cji 4
299
2
jah-cjj 3
bfeb-cjj 1
300
4
bfde-daa 1
jjb-daa 1
bbhc-daa 1
ih-daa 1
301
2
bef-dab 1
hi-dab 3
302
1
dce-dac 4
303
3
gcb-dad 2
gfe-dad 1
gfd-dad 1
304
2
bcib-dae 3
fce-dae 1
305
3
fbb-daf 1
bdcb-daf 1
badi-daf 2
307
2
cgi-dah 2
ihj-dah 2
308
2
dhc-dai 3
bchi-dai 1
309
4
dce-daj 1
fae-daj 1
dhe-daj 1
geh-daj 1
310
2
gdh-dba 2
hhj-dba 2
311
2
eaa-dbb 1
cjb-dbb 3
312
2
hca-dbc 2
dah-dbc 2
313
1
gcb-dbd 4
314
1
bcaf-dbe 4
315
3
gib-dbf 1
eid-dbf 2
baad-dbf 1
316
2
iag-dbg 2
dab-dbg 2
317
3
cdb-dbh 1
caa-dbh 2
fha-dbh 1
319
1
dhd-dbj 4
320
4
a-dca 1
bda-dca 1
jbi-dca 1
bdii-dca 1
321
4
efg-dcb 1
gad-dcb 1
gbj-dcb 1
eda-dcb 1
322
4
chf-dcc 1
di-dcc 1
jah-dcc 1
fbb-dcc 1
323
3
gda-dcd 1
gjc-dcd 2
cg-dcd 1
324
2
ebg-dce 3
jef-dce 1
325
3
fea-dcf 1
bbja-dcf 2
cgb-dcf 1
326
2
jjj-dcg 3
dca-dcg 1
327
3
eca-dch 2
bdgc-dch 1
jai-dch 1
328
1
ehi-dci 4
329
1
jcg-dcj 4
331
2
bdge-ddb 3
ddd-ddb 1
332
1
bfjb-ddc 4
333
1
beef-ddd 4
334
4
fbe-dde 1
ifj-dde 1
d-dde 1
ghh-dde 1
335
4
eb-ddf 1
eij-ddf 1
fcf-ddf 1
jh-ddf 1
336
1
cdi-ddg 4
337
1
baa-ddh 4
338
2
cfa-ddi 2
fib-ddi 2
339
2
haa-ddj 1
ecg-ddj 3
340
4
ebe-dea 1
dia-dea 1
ejd-dea 1
ief-dea 1
341
4
hgj-deb 1
fei-deb 1
cbi-deb 1
hjc-deb 1
342
1
bfg-dec 4
343
2
gij-ded 2
ihf-ded 2
344
4
cia-dee 1
fhb-dee 1
dhc-dee 1
fji-dee 1
345
2
jfi-def 3
ceb-def 1
346
2
fhd-deg 2
hia-deg 2
347
1
dj-deh 4
348
1
gjc-dei 4
349
2
bcah-dej 2
fda-dej 2
350
1
ege-dfa 4
351
2
ehb-dfb 3
e-dfb 1
352
4
fgg-dfc 1
ghb-dfc 1
eb-dfc 1
cjc-dfc 1
353
1
idj-dfd 4
354
1
baac-dfe 4
355
3
heg-dff 1
hii-dff 1
gie-dff 2
356
2
eib-dfg 3
dhf-dfg 1
357
4
fee-dfh 1
beci-dfh 1
bbcb-dfh 1
fhb-dfh 1
358
2
hgh-dfi 2
egd-dfi 2
359
2
eb-dfj 3
bbah-dfj 1
360
2
bcdg-dga 2
fff-dga 2
361
1
bcae-dgb 4
362
4
fib-dgc 1
bdbb-dgc 1
jic-dgc 1
c-dgc 1
363
4
cbc-dgd 1
ifb-dgd 1
ifg-dgd 1
bbjf-dgd 1
364
3
dc-dge 1
beaa-dge 2
bccf-dge 1
365
2
bffd-dgf 1
bbba-dgf 3
367
2
dff-dgh 2
idi-dgh 2
368
2
deb-dgi 2
bbf-dgi 2
369
4
bea-dgj 1
ghb-dgj 1
gg-dgj 1
bcab-dgj 1
370
2
dji-dha 2
dij-dha 2
371
2
ebh-dhb 2
bajb-dhb 2
372
4
bbce-dhc 1
dbg-dhc 1
bdab-dhc 1
jii-dhc 1
373
4
baeg-dhd 1
dgh-dhd 1
ije-dhd 1
cdi-dhd 1
374
4
dca-dhe 1
bbhb-dhe 1
bbhi-dhe 1
bbii-dhe 1
375
2
baga-dhf 2
ebj-dhf 2
376
2
bfe-dhg 3
ida-dhg 1
377
2
bdac-dhh 3
bbh-dhh 1
378
2
ihg-dhi 2
fjf-dhi 2
379
4
icc-dhj 1
ddj-dhj 1
idf-dhj 1
begh-dhj 1
380
1
ecg-dia 4
381
1
dhj-dib 4
382
3
edj-dic 2
jff-dic 1
hhd-dic 1
383
1
bgj-did 4
384
3
fac-die 1
fig-die 1
baag-die 2
385
1
bbdh-dif 4
386
3
fcd-dig 1
edj-dig 1
hih-dig 2
387
2
fdg-dih 2
bbjg-dih 2
388
2
bdeg-dii 3
bage-dii 1
389
3
ici-dij 1
bacf-dij 1
hhe-dij 2
390
1
bdhi-dja 4
391
2
jjj-djb 2
eee-djb 2
392
2
ddi-djc 3
jaj-djc 1
393
4
ceb-djd 1
bejh-djd 1
ifd-djd 1
cie-djd 1
394
2
beaj-dje 1
bbj-dje 3
395
2
di-djf 1
eha-djf 3
396
3
bceg-djg 1
efi-djg 1
hca-djg 2
397
4
beca-djh 1
cjc-djh 1
ebi-djh 1
bdef-djh 1
399
3
dec-djj 2
bbc-djj 1
jib-djj 1
400
2
hjj-eaa 3
bee-eaa 1
401
2
bbga-eab 1
bdha-eab 3
402
2
jhi-eac 3
cej-eac 1
403
2
dce-ead 3
caf-ead 1
404
3
gdc-eae 1
bic-eae 1
icb-eae 2
405
1
jc-eaf 4
406
3
ca-eag 2
hgb-eag 1
gff-eag 1
407
3
gdj-eah 2
bbcf-eah 1
eca-eah 1
408
2
bbec-eai 2
ffa-eai 2
409
2
jfa-eaj 3
beec-eaj 1
410
3
feb-eba 1
bif-eba 1
cee-eba 2
411
4
ffd-ebb 1
fac-ebb 1
beb-ebb 1
iij-ebb 1
412
1
baej-ebc 4
413
3
bdae-ebd 1
dgi-ebd 2
badb-ebd 1
414
4
ebb-ebe 1
bfhc-ebe 1
df-ebe 1
ceb-ebe 1
415
1
bfd-ebf 4
416
1
fga-ebg 4
417
3
icg-ebh 1
bahf-ebh 2
daf-ebh 1
418
1
hfe-ebi 4
419
3
djj-ebj 2
jgc-ebj 1
ehi-ebj 1
420
3
jga-eca 2
eh-eca 1
dbf-eca 1
421
1
bchc-ecb 4
422
4
bdie-ecc 1
ejd-ecc 1
bdch-ecc 1
jc-ecc 1
423
2
jfj-ecd 3
dha-ecd 1
424
2
ici-ece 3
eaa-ece 1
425
3
eed-ecf 1
dc-ecf 2
beh-ecf 1
426
3
dfa-ecg 1
fbc-ecg 2
bcca-ecg 1
427
3
jjc-ech 1
hcd-ech 2
dbh-ech 1
428
1
hcg-eci 4
429
1
ihi-ecj 4
430
4
hbd-eda 1
dhf-eda 1
bdcg-eda 1
bbdb-eda 1
431
2
gdd-edb 2
jj-edb 2
432
1
ggi-edc 4
433
2
bdh-edd 1
cbe-edd 3
434
3
jbb-ede 1
ffi-ede 2
jh-ede 1
435
4
bdag-edf 1
fah-edf 1
hba-edf 1
bdfe-edf 1
436
2
ggd-edg 3
ie-edg 1
437
2
bbgb-edh 3
hcd-edh 1
438
1
bda-edi 4
439
2
egf-edj 1
egj-edj 3
440
1
bgj-eea 4
441
1
hgh-eeb 4
442
3
dge-eec 1
cbe-eec 2
hci-eec 1
443
4
iaa-eed 1
gcd-eed 1
jhc-eed 1
fcg-eed 1
444
2
fgi-eee 3
idg-eee 1
445
3
dej-eef 1
bdcd-eef 2
bdg-eef 1
446
1
cfe-eeg 4
448
2
haj-eei 3
beed-eei 1
449
2
bcih-eej 3
bcag-eej 1
450
2
hch-efa 1
ii-efa 3
451
1
ehc-efb 4
452
2
ehd-efc 3
bhh-efc 1
453
2
fei-efd 3
bbc-efd 1
454
2
bcdb-efe 3
ija-efe 1
455
4
bjf-eff 1
fff-eff 1
jge-eff 1
hgf-eff 1
456
2
iib-efg 2
bcad-efg 2
457
4
iic-efh 1
igc-efh 1
ded-efh 1
bbeg-efh 1
458
1
eec-efi 4
459
4
bbfa-efj 1
efe-efj 1
bbca-efj 1
fhc-efj 1
460
4
feh-ega 1
bac-ega 1
jca-ega 1
bja-ega 1
461
3
bcdf-egb 2
hic-egb 1
fdb-egb 1
463
2
cfa-egd 1
ebd-egd 3
464
1
ifi-ege 4
465
4
fge-egf 1
eae-egf 1
cha-egf 1
ifd-egf 1
466
1
jia-egg 4
467
1
iid-egh 4
468
1
hef-egi 4
469
3
ibi-egj 2
jdg-egj 1
baih-egj 1
470
3
bbi-eha 2
fgd-eha 1
cgh-eha 1
471
1
hib-ehb 4
472
1
iad-ehc 4
473
3
hcb-ehd 2
hjj-ehd 1
bffb-ehd 1
474
2
bebj-ehe 2
ibh-ehe 2
475
3
jgj-ehf 1
cac-ehf 1
hgh-ehf 2
476
3
edf-ehg 2
hda-ehg 1
bdgh-ehg 1
477
1
ecf-ehh 4
478
2
bbeg-ehi 3
jfd-ehi 1
481
3
iih-eib 1
bbbe-eib 2
dg-eib 1
482
2
bdfb-eic 1
bfef-eic 3
483
1
bfhj-eid 4
484
2
ffj-eie 2
gbb-eie 2
485
1
fdf-eif 4
487
2
cag-eih 1
ifi-eih 3
488
2
bfdi-eii 3
bgb-eii 1
489
3
jae-eij 2
dcc-eij 1
ief-eij 1
490
2
babi-eja 3
iaj-eja 1
491
2
ibd-ejb 3
bhc-ejb 1
492
2
bcbe-ejc 2
ggd-ejc 2
493
1
ige-ejd 4
494
3
iei-eje 2
bfj-eje 1
cif-eje 1
495
1
bfja-ejf 4
496
4
feg-ejg 1
chd-ejg 1
eb-ejg 1
ghb-ejg 1
498
2
d-eji 2
cdd-eji 2
499
1
chf-ejj 4
500
3
bbba-faa 2
dfb-faa 1
ice-faa 1
502
4
bbii-fac 1
cbh-fac 1
hbc-fac 1
cbi-fac 1
503
4
baei-fad 1
bdjg-fad 1
fgd-fad 1
cfh-fad 1
504
2
bdia-fae 1
baba-fae 3
505
2
hid-faf 3
bcja-faf 1
506
2
bahb-fag 1
dbf-fag 3
507
1
bjf-fah 4
508
1
fdh-fai 4
509
3
fgi-faj 1
ggb-faj 2
bhe-faj 1
510
2
bbdb-fba 1
cdi-fba 3
511
1
jgi-fbb 4
512
1
baag-fbc 4
513
3
jhc-fbd 2
ejj-fbd 1
bih-fbd 1
514
2
bceh-fbe 2
fgi-fbe 2
516
1
dff-fbg 4
517
3
bc-fbh 2
fdh-fbh 1
fgb-fbh 1
518
3
ebf-fbi 1
bjb-fbi 1
eah-fbi 2
519
3
fch-fbj 1
hdc-fbj 1
beig-fbj 2
520
3
gaj-fca 2
bccg-fca 1
jib-fca 1
521
2
bcdf-fcb 3
hbb-fcb 1
522
3
gic-fcc 2
gbd-fcc 1
bfca-fcc 1
523
1
cba-fcd 4
524
2
baec-fce 3
gia-fce 1
525
4
baib-fcf 1
ebi-fcf 1
bff-fcf 1
ehe-fcf 1
526
3
gcc-fcg 1
bcah-fcg 1
bbe-fcg 2
527
4
bcee-fch 1
beaj-fch 1
fcf-fch 1
eae-fch 1
528
4
bjf-fci 1
iba-fci 1
dfh-fci 1
bbea-fci 1
529
2
fcg-fcj 2
ghc-fcj 2
530
4
bbbd-fda 1
cfd-fda 1
edf-fda 1
bhj-fda 1
531
3
ccf-fdb 2
eha-fdb 1
def-fdb 1
532
2
bahi-fdc 1
cif-fdc 3
533
4
baei-fdd 1
bfie-fdd 1
edd-fdd 1
eaf-fdd 1
534
1
egb-fde 4
535
3
ibe-fdf 1
gdc-fdf 1
fdg-fdf 2
536
1
bach-fdg 4
537
3
cdc-fdh 1
gf-fdh 2
deb-fdh 1
538
1
jii-fdi 4
539
2
bdfh-fdj 1
hbh-fdj 3
540
4
ee-fea 1
bdcd-fea 1
bceb-fea 1
bbia-fea 1
541
3
dfh-feb 2
ieb-feb 1
ibd-feb 1
542
2
bfcg-fec 3
bfij-fec 1
543
1
hdi-fed 4
544
4
fff-fee 1
bbaa-fee 1
ecb-fee 1
ihf-fee 1
545
3
bfdg-fef 2
je-fef 1
bbfh-fef 1
546
2
ijc-feg 1
hgh-feg 3
547
1
djg-feh 4
548
2
begd-fei 2
eeg-fei 2
550
4
idb-ffa 1
gch-ffa 1
bfef-ffa 1
df-ffa 1
551
1
ica-ffb 4
552
2
hbb-ffc 3
bdj-ffc 1
553
1
dij-ffd 4
554
1
hdc-ffe 4
555
4
hfd-fff 1
chc-fff 1
fgj-fff 1
jbf-fff 1
557
1
e-ffh 4
558
2
cdj-ffi 3
cif-ffi 1
559
1
gfi-ffj 4
560
4
eae-fga 1
gei-fga 1
cie-fga 1
bhe-fga 1
561
2
dba-fgb 3
gff-fgb 1
562
2
bagf-fgc 1
dgd-fgc 3
563
3
bfff-fgd 1
bfic-fgd 1
ffa-fgd 2
564
1
gjf-fge 4
565
2
def-fgf 2
ha-fgf 2
567
1
dbh-fgh 4
568
2
bcbi-fgi 2
dfg-fgi 2
569
2
bdc-fgj 2
ghj-fgj 2
570
2
bfig-fha 2
fhc-fha 2
571
4
beeb-fhb 1
bajf-fhb 1
hfe-fhb 1
bfcb-fhb 1
572
4
cba-fhc 1
hch-fhc 1
bfed-fhc 1
bgea-fhc 1
573
2
dea-fhd 3
cih-fhd 1
574
3
hci-fhe 1
ebh-fhe 1
dic-fhe 2
575
1
gad-fhf 4
576
2
fjc-fhg 3
bbfh-fhg 1
577
1
cba-fhh 4
578
3
bja-fhi 1
jcb-fhi 1
bcgj-fhi 2
580
2
hga-fia 3
gcc-fia 1
581
2
gjb-fib 1
fgb-fib 3
582
3
cea-fic 2
ijd-fic 1
bgaj-fic 1
583
2
cih-fid 3
bbaa-fid 1
584
1
efe-fie 4
585
3
bbc-fif 1
bfcg-fif 2
gge-fif 1
586
3
ejg-fig 2
eib-fig 1
bfj-fig 1
588
3
bagb-fii 2
haf-fii 1
bcfh-fii 1
590
1
edj-fja 4
591
4
hae-fjb 1
bggb-fjb 1
cij-fjb 1
gef-fjb 1
592
3
bcff-fjc 2
hdf-fjc 1
cie-fjc 1
594
2
fba-fje 2
hdj-fje 2
595
3
jhf-fjf 1
fhc-fjf 2
bahg-fjf 1
596
1
bcfe-fjg 4
597
1
baij-fjh 4
598
3
cdf-fji 2
iga-fji 1
jbi-fji 1
599
1
gj-fjj 4
600
1
bacj-gaa 4
601
1
gdh-gab 4
603
4
bdfe-gad 1
jjh-gad 1
hij-gad 1
bf-gad 1
604
4
bd-gae 1
hca-gae 1
ceb-gae 1
bfi-gae 1
606
3
bahg-gag 2
jij-gag 1
dff-gag 1
607
1
iaf-gah 4
609
3
di-gaj 1
iae-gaj 1
bcde-gaj 2
610
3
bbge-gba 2
fdi-gba 1
bbib-gba 1
611
4
bfjj-gbb 1
eja-gbb 1
cgb-gbb 1
dhf-gbb 1
612
1
baab-gbc 4
613
1
bbcd-gbd 4
614
1
bgfd-gbe 4
615
1
bdcf-gbf 4
616
2
dga-gbg 3
dhh-gbg 1
617
2
ff-gbh 3
ejj-gbh 1
618
3
ej-gbi 2
bbeh-gbi 1
ifc-gbi 1
619
3
gch-gbj 2
bbfi-gbj 1
jej-gbj 1
620
1
haj-gca 4
621
2
bfbd-gcb 2
cab-gcb 2
622
4
baad-gcc 1
baee-gcc 1
bafc-gcc 1
cdh-gcc 1
624
1
fai-gce 4
625
1
cgj-gcf 4
627
1
bdc-gch 4
628
3
bga-gci 1
cea-gci 1
igb-gci 2
629
1
ebb-gcj 4
631
2
eah-gdb 2
bbg-gdb 2
632
4
cah-gdc 1
gbe-gdc 1
babf-gdc 1
ifc-gdc 1
633
2
efh-gdd 3
bcag-gdd 1
634
2
baeb-gde 2
cdd-gde 2
635
3
bchf-gdf 1
bhc-gdf 1
gfe-gdf 2
636
4
bajh-gdg 1
hag-gdg 1
db-gdg 1
bddj-gdg 1
637
2
jci-gdh 2
bdfd-gdh 2
639
1
gjg-gdj 4
640
4
edi-gea 1
cda-gea 1
dea-gea 1
jh-gea 1
641
1
hhd-geb 4
645
2
dfi-gef 2
bdgj-gef 2
646
2
bfcj-geg 3
cie-geg 1
647
1
jg-geh 4
648
2
iba-gei 3
daf-gei 1
649
2
fec-gej 2
hgi-gej 2
650
2
bgeg-gfa 3
hbc-gfa 1
651
1
jhj-gfb 4
653
2
gch-gfd 3
bdbg-gfd 1
654
2
baci-gfe 1
hfa-gfe 3
655
4
hh-gff 1
ehe-gff 1
idi-gff 1
egf-gff 1
656
1
bahh-gfg 4
657
1
bi-gfh 4
658
2
ech-gfi 3
becd-gfi 1
660
2
bhe-gga 3
hhe-gga 1
661
1
bee-ggb 4
662
2
bgae-ggc 2
id-ggc 2
663
2
jhh-ggd 1
djj-ggd 3
664
4
beg-gge 1
bfid-gge 1
efd-gge 1
ifg-gge 1
665
3
jfj-ggf 2
feh-ggf 1
bcdj-ggf 1
666
3
caf-ggg 2
die-ggg 1
dij-ggg 1
668
3
bfc-ggi 2
cgh-ggi 1
cbc-ggi 1
670
4
gdh-gha 1
bfgj-gha 1
ifc-gha 1
gii-gha 1
671
4
bgef-ghb 1
idb-ghb 1
bbfg-ghb 1
bgae-ghb 1
672
4
beid-ghc 1
fea-ghc 1
bch-ghc 1
cib-ghc 1
673
3
egj-ghd 1
did-ghd 1
bae-ghd 2
674
1
ggg-ghe 4
676
1
fhb-ghg 4
677
2
cbc-ghh 3
bacj-ghh 1
678
1
daf-ghi 4
679
4
hec-ghj 1
fcd-ghj 1
bcbc-ghj 1
fdb-ghj 1
680
1
hbf-gia 4
681
2
cic-gib 2
bbhf-gib 2
682
1
dhi-gic 4
683
1
cjj-gid 4
684
2
iih-gie 1
ici-gie 3
685
4
hge-gif 1
jea-gif 1
gdf-gif 1
bcig-gif 1
687
3
die-gih 1
bbfb-gih 2
badc-gih 1
688
1
baab-gii 4
689
2
ehf-gij 1
ibd-gij 3
690
1
ecd-gja 4
691
1
ebc-gjb 4
692
3
behb-gjc 1
gbe-gjc 2
hji-gjc 1
694
1
bhc-gje 4
695
2
ieg-gjf 2
dig-gjf 2
696
4
bdda-gjg 1
bfb-gjg 1
behg-gjg 1
bbic-gjg 1
697
2
dfd-gjh 3
cbg-gjh 1
699
2
iii-gjj 1
hhe-gjj 3
700
2
bcea-haa 3
dbe-haa 1
701
1
gc-hab 4
703
1
iec-had 4
704
4
chi-hae 1
hea-hae 1
bbic-hae 1
fac-hae 1
705
2
jda-haf 1
jji-haf 3
706
4
bcgb-hag 1
beje-hag 1
dfg-hag 1
hje-hag 1
707
2
fda-hah 3
efj-hah 1
709
1
bdjj-haj 4
710
2
bdbi-hba 3
bega-hba 1
711
3
cgj-hbb 1
cfb-hbb 2
fac-hbb 1
712
2
ffc-hbc 3
jdg-hbc 1
713
2
bei-hbd 3
bdff-hbd 1
714
2
fc-hbe 3
fji-hbe 1
715
2
jf-hbf 2
fcf-hbf 2
716
3
gde-hbg 1
egh-hbg 2
bdjf-hbg 1
717
3
ci-hbh 1
ifg-hbh 2
babe-hbh 1
718
1
jfh-hbi 4
719
2
jge-hbj 3
bedf-hbj 1
720
4
jid-hca 1
hcf-hca 1
ibe-hca 1
ead-hca 1
721
2
bdfa-hcb 2
bahd-hcb 2
722
2
iee-hcc 1
cie-hcc 3
723
3
bgi-hcd 1
bdhb-hcd 2
jee-hcd 1
724
4
beaf-hce 1
eab-hce 1
ejf-hce 1
bchf-hce 1
725
4
gad-hcf 1
hhc-hcf 1
bbae-hcf 1
b-hcf 1
726
3
ibf-hcg 1
ja-hcg 1
baed-hcg 2
727
3
fci-hch 1
ghe-hch 2
gdg-hch 1
728
3
bdff-hci 2
ggi-hci 1
geh-hci 1
729
2
eec-hcj 3
bbgd-hcj 1
730
2
dec-hda 3
ffb-hda 1
731
4
bfhg-hdb 1
jh-hdb 1
bejg-hdb 1
fei-hdb 1
732
4
bdac-hdc 1
cej-hdc 1
jbf-hdc 1
befb-hdc 1
733
1
bdg-hdd 4
734
2
bbjf-hde 2
jfh-hde 2
735
3
bbha-hdf 2
gbh-hdf 1
fad-hdf 1
736
1
fjc-hdg 4
738
1
beah-hdi 4
739
2
eci-hdj 3
haa-hdj 1
740
3
befg-hea 2
djb-hea 1
fdf-hea 1
742
4
bdda-hec 1
fai-hec 1
bdhc-hec 1
bfjg-hec 1
743
2
bcbg-hed 2
ffe-hed 2
744
1
bfhd-hee 4
745
3
bjd-hef 2
bfch-hef 1
beg-hef 1
746
2
bcdd-heg 3
ceb-heg 1
747
1
hii-heh 4
748
2
ie-hei 1
fad-hei 3
749
1
bgbd-hej 4
750
2
befe-hfa 3
dgc-hfa 1
751
3
icd-hfb 2
bff-hfb 1
gc-hfb 1
752
2
gjh-hfc 2
gab-hfc 2
753
2
bcec-hfd 1
eih-hfd 3
754
3
gac-hfe 2
bahd-hfe 1
ejg-hfe 1
755
2
bacc-hff 3
bbci-hff 1
756
2
bbac-hfg 1
gfd-hfg 3
757
1
ede-hfh 4
758
1
beih-hfi 4
759
2
bfhi-hfj 1
gaa-hfj 3
760
2
fdb-hga 3
bbg-hga 1
761
1
hfc-hgb 4
762
4
fea-hgc 1
fia-hgc 1
dej-hgc 1
hje-hgc 1
763
2
bedb-hgd 1
bbfa-hgd 3
764
2
efg-hge 3
beff-hge 1
765
4
icd-hgf 1
bafe-hgf 1
bci-hgf 1
fea-hgf 1
766
1
ehf-hgg 4
767
2
dej-hgh 2
deg-hgh 2
768
2
cdb-hgi 2
baja-hgi 2
770
4
ii-hha 1
baad-hha 1
ihj-hha 1
hdd-hha 1
771
2
gfa-hhb 3
bbaa-hhb 1
772
3
beff-hhc 1
eia-hhc 2
fhc-hhc 1
773
2
bdec-hhd 3
gaa-hhd 1
774
2
eff-hhe 3
gja-hhe 1
775
2
bcf-hhf 2
bafj-hhf 2
776
1
dgd-hhg 4
778
1
bdci-hhi 4
779
4
bfag-hhj 1
beb-hhj 1
chi-hhj 1
hie-hhj 1
780
1
jdd-hia 4
781
1
bbi-hib 4
782
4
chh-hic 1
dhd-hic 1
dcc-hic 1
bgcf-hic 1
783
1
bgdg-hid 4
784
1
bgbb-hie 4
785
2
ggc-hif 2
fje-hif 2
786
1
fig-hig 4
787
2
ddh-hih 1
iaf-hih 3
788
2
djb-hii 1
cgi-hii 3
789
3
dif-hij 2
bji-hij 1
bbbd-hij 1
790
1
fae-hja 4
791
2
bde-hjb 2
cfh-hjb 2
792
4
bfhe-hjc 1
gaj-hjc 1
bbfi-hjc 1
hcc-hjc 1
793
2
fef-hjd 1
bbd-hjd 3
794
2
bdja-hje 3
fgj-hje 1
795
2
beji-hjf 3
edj-hjf 1
796
3
jdh-hjg 2
eda-hjg 1
cfa-hjg 1
797
1
caj-hjh 4
798
1
hfj-hji 4
799
3
beea-hjj 1
fgd-hjj 1
gah-hjj 2
800
4
dhc-iaa 1
eef-iaa 1
deb-iaa 1
jcg-iaa 1
801
3
ech-iab 2
cdh-iab 1
bdbh-iab 1
802
2
hbi-iac 3
eic-iac 1
803
2
cba-iad 3
cgd-iad 1
804
3
cjg-iae 1
cdf-iae 1
bcd-iae 2
805
3
jd-iaf 1
ejf-iaf 2
gjf-iaf 1
806
3
bage-iag 1
ihd-iag 2
ejg-iag 1
807
1
fei-iah 4
808
3
dje-iai 2
jh-iai 1
gf-iai 1
809
1
bddg-iaj 4
810
4
bbbj-iba 1
bbba-iba 1
bafb-iba 1
ejb-iba 1
813
1
bgcj-ibd 4
814
2
bbcc-ibe 3
fba-ibe 1
815
3
bffh-ibf 2
dje-ibf 1
dih-ibf 1
816
2
fhg-ibg 1
efj-ibg 3
817
2
babb-ibh 2
eja-ibh 2
818
2
bjc-ibi 3
fdi-ibi 1
819
4
bbcd-ibj 1
dfd-ibj 1
hae-ibj 1
bbdb-ibj 1
820
3
becf-ica 1
dgi-ica 1
bcfh-ica 2
821
1
hfi-icb 4
823
3
hj-icd 1
jaj-icd 1
hcd-icd 2
824
2
ehd-ice 2
hgi-ice 2
825
2
fce-icf 3
dbb-icf 1
826
3
gcg-icg 2
bcdi-icg 1
bjj-icg 1
827
1
beei-ich 4
828
2
jc-ici 2
cj-ici 2
829
1
jie-icj 4
830
1
bcfd-ida 4
831
3
ghi-idb 1
cdh-idb 1
bach-idb 2
832
2
iij-idc 2
gjg-idc 2
833
3
bbah-idd 1
fj-idd 1
bfda-idd 2
835
3
efa-idf 1
dii-idf 2
dh-idf 1
836
3
dhd-idg 2
bfi-idg 1
bagf-idg 1
838
4
bgfa-idi 1
ech-idi 1
bbdd-idi 1
hhc-idi 1
839
2
bcc-idj 3
fdj-idj 1
840
2
bij-iea 3
bebf-iea 1
841
2
bbie-ieb 1
fhb-ieb 3
842
1
hfg-iec 4
843
3
jac-ied 1
bche-ied 2
bbid-ied 1
844
1
efc-iee 4
845
4
ea-ief 1
bbah-ief 1
bfc-ief 1
hag-ief 1
846
4
ffh-ieg 1
hcd-ieg 1
idd-ieg 1
fjj-ieg 1
847
3
caj-ieh 1
bge-ieh 1
bchj-ieh 2
848
4
bcgb-iei 1
efg-iei 1
dbf-iei 1
hgi-iei 1
849
1
bbh-iej 4
850
3
bbbi-ifa 1
hcf-ifa 2
ccc-ifa 1
851
2
dfh-ifb 1
bagh-ifb 3
852
4
bchg-ifc 1
ejj-ifc 1
cee-ifc 1
jid-ifc 1
853
2
cf-ifd 2
bbhd-ifd 2
854
2
dad-ife 3
hjf-ife 1
855
3
efe-iff 1
cgi-iff 1
jgf-iff 2
856
2
bgeb-ifg 2
be-ifg 2
857
2
baga-ifh 3
cid-ifh 1
858
2
bcci-ifi 3
badf-ifi 1
860
1
ebb-iga 4
861
1
cif-igb 4
862
3
bcgi-igc 1
eaf-igc 2
gh-igc 1
863
2
ife-igd 1
ggg-igd 3
864
1
hjc-ige 4
867
1
hag-igh 4
868
1
bcbj-igi 4
869
1
dde-igj 4
870
3
bcdj-iha 1
hgf-iha 1
jfa-iha 2
871
1
bbcj-ihb 4
873
3
behh-ihd 1
bbdd-ihd 1
fj-ihd 2
874
3
hdj-ihe 2
hdg-ihe 1
hdi-ihe 1
875
3
bbad-ihf 2
ijj-ihf 1
bfcc-ihf 1
876
1
cdj-ihg 4
878
3
bdgf-ihi 2
bebh-ihi 1
gjh-ihi 1
879
2
caf-ihj 1
cef-ihj 3
880
3
fgb-iia 2
fid-iia 1
hfh-iia 1
881
3
baeb-iib 2
id-iib 1
cfb-iib 1
882
2
jje-iic 1
fag-iic 3
883
1
iae-iid 4
884
2
bec-iie 3
jee-iie 1
885
1
bbei-iif 4
886
2
hcg-iig 1
hjb-iig 3
887
1
hbj-iih 4
888
1
bbib-iii 4
889
1
baaa-iij 4
890
1
iaa-ija 4
892
2
bbf-ijc 2
cgi-ijc 2
893
3
hfi-ijd 1
beda-ijd 1
gdh-ijd 2
894
3
beef-ije 1
bef-ije 1
bbbj-ije 2
895
1
hei-ijf 4
896
1
behi-ijg 4
898
1
gd-iji 4
899
1
cff-ijj 4
900
2
bbjh-jaa 3
jbg-jaa 1
901
2
baej-jab 3
gbe-jab 1
902
3
ghg-jac 2
bgg-jac 1
ejj-jac 1
903
1
bcij-jad 4
904
1
bbih-jae 4
905
2
bdig-jaf 1
bgd-jaf 3
906
2
cg-jag 2
cbc-jag 2
907
4
fie-jah 1
bcif-jah 1
baia-jah 1
bchh-jah 1
908
4
gbj-jai 1
efa-jai 1
bffi-jai 1
bbbg-jai 1
909
1
ebd-jaj 4
910
2
gej-jba 2
bdef-jba 2
911
2
gjc-jbb 3
dhg-jbb 1
912
2
jca-jbc 3
gbg-jbc 1
913
3
bfad-jbd 1
dij-jbd 1
bgh-jbd 2
915
2
gfg-jbf 2
bedi-jbf 2
916
2
baie-jbg 2
ehd-jbg 2
917
3
babf-jbh 2
dbd-jbh 1
bji-jbh 1
918
1
bdcc-jbi 4
919
1
hdc-jbj 4
920
3
jfg-jca 2
fdh-jca 1
jde-jca 1
921
2
faj-jcb 1
gae-jcb 3
922
2
fjg-jcc 2
gfb-jcc 2
923
2
jcc-jcd 1
hgh-jcd 3
926
1
ggg-jcg 4
928
3
gih-jci 2
bfbf-jci 1
fch-jci 1
930
3
bdig-jda 1
bgdf-jda 2
cjb-jda 1
931
4
jji-jdb 1
hge-jdb 1
cgf-jdb 1
jhc-jdb 1
932
2
gdh-jdc 3
hbh-jdc 1
933
2
dic-jdd 3
dhc-jdd 1
934
2
bi-jde 2
bie-jde 2
936
4
gea-jdg 1
bhb-jdg 1
ibi-jdg 1
dhj-jdg 1
937
1
ea-jdh 4
939
1
jfj-jdj 4
940
1
ije-jea 4
941
1
jad-jeb 4
942
1
bdfg-jec 4
944
2
hjb-jee 3
ej-jee 1
945
4
badj-jef 1
bbje-jef 1
fad-jef 1
beh-jef 1
946
1
bbj-jeg 4
947
1
bgdb-jeh 4
948
1
eff-jei 4
949
2
dch-jej 2
ehb-jej 2
950
4
iec-jfa 1
bhe-jfa 1
chb-jfa 1
fdj-jfa 1
951
1
ebb-jfb 4
952
2
jgb-jfc 3
cgh-jfc 1
953
2
fbd-jfd 2
babc-jfd 2
954
4
egf-jfe 1
c-jfe 1
bcif-jfe 1
bfgb-jfe 1
955
2
bfeb-jff 2
egg-jff 2
956
3
bccb-jfg 2
ega-jfg 1
fic-jfg 1
957
4
fdf-jfh 1
bffj-jfh 1
eij-jfh 1
gfb-jfh 1
958
3
dii-jfi 1
bbj-jfi 1
befa-jfi 2
959
3
bdhe-jfj 1
bcaj-jfj 2
bcc-jfj 1
960
4
bfab-jga 1
fdf-jga 1
bfcd-jga 1
bagg-jga 1
961
1
ecd-jgb 4
962
4
babj-jgc 1
cfa-jgc 1
ibd-jgc 1
bba-jgc 1
964
3
bcgj-jge 1
bagf-jge 1
bedj-jge 2
965
2
i-jgf 3
hhj-jgf 1
966
1
bajc-jgg 4
967
1
dfc-jgh 4
968
1
iae-jgi 4
970
3
bea-jha 1
jia-jha 1
ghd-jha 2
971
1
ejg-jhb 4
972
3
hei-jhc 1
eej-jhc 1
ced-jhc 2
973
2
gba-jhd 3
geb-jhd 1
974
1
bbai-jhe 4
975
3
behe-jhf 2
bajj-jhf 1
fch-jhf 1
976
2
hde-jhg 3
fbi-jhg 1
977
2
gab-jhh 2
bfia-jhh 2
978
1
bcj-jhi 4
979
1
eei-jhj 4
980
4
ecc-jia 1
bded-jia 1
baca-jia 1
baac-jia 1
981
3
iac-jib 1
bjf-jib 1
bab-jib 2
982
2
igj-jic 3
hff-jic 1
983
2
cag-jid 3
bgfj-jid 1
984
2
baih-jie 2
hdb-jie 2
985
3
bb-jif 1
hah-jif 2
dge-jif 1
986
1
gha-jig 4
988
2
cei-jii 3
ddf-jii 1
989
1
ge-jij 4
991
2
cjc-jjb 1
hja-jjb 3
992
2
jbg-jjc 3
bcgb-jjc 1
993
1
daj-jjd 4
994
2
bbcg-jje 3
baig-jje 1
995
2
ccf-jjf 2
hja-jjf 2
997
1
geh-jjh 4
998
1
hef-jji 4
999
3
bcci-jjj 1
baea-jjj 1
edg-jjj 2
1000
1
fgi-baaa 4
1001
3
jeg-baab 2
ifd-baab 1
efi-baab 1
1002
2
jbh-baac 2
hig-baac 2
1003
3
ceb-baad 2
bbbh-baad 1
jcd-baad 1
1004
1
eje-baae 4
1005
2
baae-baaf 3
bdej-baaf 1
1006
4
beja-baag 1
ffj-baag 1
cdc-baag 1
jci-baag 1
1007
1
baef-baah 4
1008
1
baha-baai 4
1009
1
ceb-baaj 4
1010
4
jdf-baba 1
ehi-baba 1
bbfb-baba 1
dfi-baba 1
1011
3
ggi-babb 2
edh-babb 1
djh-babb 1
1012
4
beag-babc 1
if-babc 1
baif-babc 1
jga-babc 1
1013
1
dfe-babd 4
1014
3
ebj-babe 1
cjc-babe 1
dbj-babe 2
1015
1
begj-babf 4
1016
2
bdhd-babg 2
beba-babg 2
1017
2
baia-babh 3
cbg-babh 1
1018
2
cdb-babi 3
baij-babi 1
1019
3
bfib-babj 2
fdc-babj 1
bbcg-babj 1
1020
1
igh-baca 4
1021
2
jhb-bacb 2
bgbj-bacb 2
1022
2
hbc-bacc 3
gdb-bacc 1
1023
1
jgf-bacd 4
1027
1
bih-bach 4
1028
1
ejc-baci 4
1029
3
ibj-bacj 2
iha-bacj 1
bada-bacj 1
1030
4
hej-bada 1
bbcf-bada 1
gdb-bada 1
ecj-bada 1
1031
3
bddf-badb 2
bdf-badb 1
dcd-badb 1
1032
1
ifg-badc 4
1033
1
bcac-badd 4
1034
1
ega-bade 4
1035
1
fgh-badf 4
1037
1
fhe-badh 4
1038
1
bbdi-badi 4
1039
1
bjf-badj 4
1040
1
hdd-baea 4
1041
4
fd-baeb 1
bbaf-baeb 1
iag-baeb 1
bdcj-baeb 1
1042
4
jaa-baec 1
hbg-baec 1
jha-baec 1
ccb-baec 1
1043
1
djc-baed 4
1044
1
baeg-baee 4
1045
3
gj-baef 1
fi-baef 2
efd-baef 1
1046
2
bcef-baeg 3
jdc-baeg 1
1048
2
bagg-baei 2
bcig-baei 2
1049
2
bdfj-baej 2
bbhh-baej 2
1050
3
dgj-bafa 2
jdj-bafa 1
babe-bafa 1
1051
3
bbbd-bafb 1
baah-bafb 2
gdg-bafb 1
1052
2
bbef-bafc 3
hii-bafc 1
1054
1
fdd-bafe 4
1055
2
bfif-baff 2
hcj-baff 2
1057
1
jbd-bafh 4
1058
2
bhj-bafi 3
bag-bafi 1
1059
1
hef-bafj 4
1060
1
bbag-baga 4
1061
1
fhb-bagb 4
1062
1
gie-bagc 4
1063
1
beg-bagd 4
1064
3
bbcj-bage 2
jfb-bage 1
jhf-bage 1
1065
1
bede-bagf 4
1066
3
hgb-bagg 1
fcb-bagg 1
baie-bagg 2
1067
4
gje-bagh 1
ijg-bagh 1
cgf-bagh 1
eab-bagh 1
1068
1
bcac-bagi 4
1069
2
bad-bagj 3
jhd-bagj 1
1070
2
bcgf-baha 3
bgcc-baha 1
1073
4
behd-bahd 1
beij-bahd 1
dbb-bahd 1
dii-bahd 1
1074
1
bcdi-bahe 4
1075
2
bagd-bahf 3
ffi-bahf 1
1076
1
gjc-bahg 4
1077
4
jab-bahh 1
hea-bahh 1
bedg-bahh 1
bahg-bahh 1
1078
1
ghc-bahi 4
1080
1
bgg-baia 4
1081
1
iac-baib 4
1082
2
iaa-baic 3
bcgg-baic 1
1084
4
chg-baie 1
iaf-baie 1
bade-baie 1
efc-baie 1
1085
1
jcb-baif 4
1086
3
hif-baig 1
jgh-baig 1
edd-baig 2
1087
3
gcf-baih 2
bbgd-baih 1
becj-baih 1
1089
3
bha-baij 1
ife-baij 2
bfh-baij 1
1090
3
cdh-baja 1
bcfj-baja 2
bif-baja 1
1091
3
bdfg-bajb 2
ji-bajb 1
bafj-bajb 1
1092
2
dhb-bajc 1
bbae-bajc 3
1093
2
hha-bajd 3
bfjc-bajd 1
1094
2
gfi-baje 2
iej-baje 2
1095
2
eca-bajf 2
bbgi-bajf 2
1097
1
bia-bajh 4
1098
1
baje-baji 4
1099
2
bajf-bajj 3
eci-bajj 1
1100
1
bcfa-bbaa 4
1101
1
bbfc-bbab 4
1102
3
dce-bbac 1
bejd-bbac 1
iif-bbac 2
1103
2
bbag-bbad 3
jbh-bbad 1
1104
4
gid-bbae 1
bcfc-bbae 1
bgba-bbae 1
gc-bbae 1
1105
1
eff-bbaf 4
1106
1
gff-bbag 4
1107
4
bfjh-bbah 1
cja-bbah 1
beci-bbah 1
fhe-bbah 1
1108
1
bhj-bbai 4
1110
3
jid-bbba 1
cgd-bbba 1
hdb-bbba 2
1111
1
hed-bbbb 4
1113
4
bbh-bbbd 1
icb-bbbd 1
bgab-bbbd 1
baec-bbbd 1
1114
3
bcc-bbbe 2
bccj-bbbe 1
dhj-bbbe 1
1116
2
ief-bbbg 3
icb-bbbg 1
1117
2
bagc-bbbh 3
ehg-bbbh 1
1118
1
bac-bbbi 4
1119
2
bahe-bbbj 2
bgdj-bbbj 2
1120
1
jcc-bbca 4
1121
3
iee-bbcb 2
hih-bbcb 1
jfd-bbcb 1
1122
2
hbd-bbcc 1
bgf-bbcc 3
1123
1
gje-bbcd 4
1124
2
iff-bbce 3
gde-bbce 1
1125
2
bbae-bbcf 3
fhc-bbcf 1
1126
2
fcg-bbcg 2
ccj-bbcg 2
1127
1
icb-bbch 4
1128
1
babh-bbci 4
1129
2
hee-bbcj 3
bbbb-bbcj 1
1130
1
jde-bbda 4
1131
4
bfdj-bbdb 1
hjj-bbdb 1
idc-bbdb 1
ifa-bbdb 1
1133
4
bci-bbdd 1
beb-bbdd 1
eii-bbdd 1
gid-bbdd 1
1134
1
jif-bbde 4
1135
2
baed-bbdf 3
gbi-bbdf 1
1136
3
bgdc-bbdg 2
bhc-bbdg 1
bid-bbdg 1
1137
2
bcjd-bbdh 3
ghb-bbdh 1
1138
3
bcba-bbdi 2
baee-bbdi 1
hbh-bbdi 1
1140
1
df-bbea 4
1141
4
bbde-bbeb 1
bbae-bbeb 1
ihd-bbeb 1
ji-bbeb 1
1142
1
bcie-bbec 4
1143
1
jc-bbed 4
1144
1
bdee-bbee 4
1145
4
fjf-bbef 1
ce-bbef 1
badd-bbef 1
fjb-bbef 1
1146
2
bcjg-bbeg 3
eca-bbeg 1
1147
2
eg-bbeh 3
ghj-bbeh 1
1148
2
eif-bbei 3
gej-bbei 1
1149
3
bcbb-bbej 1
fci-bbej 1
fja-bbej 2
1150
1
bacc-bbfa 4
1151
3
bdah-bbfb 1
baji-bbfb 1
bbgg-bbfb 2
1152
2
ibh-bbfc 3
bfej-bbfc 1
1153
2
eaa-bbfd 1
bdcj-bbfd 3
1154
1
bbgi-bbfe 4
1155
4
hg-bbff 1
ihi-bbff 1
dbh-bbff 1
bdjd-bbff 1
1156
3
bfee-bbfg 1
eee-bbfg 2
fea-bbfg 1
1157
1
bbjg-bbfh 4
1158
2
bfhb-bbfi 2
bbej-bbfi 2
1159
3
cbc-bbfj 1
babh-bbfj 2
ifc-bbfj 1
1160
2
jbc-bbga 3
eji-bbga 1
1161
4
hi-bbgb 1
hgd-bbgb 1
jff-bbgb 1
iic-bbgb 1
1162
1
bafa-bbgc 4
1163
1
bgag-bbgd 4
1164
3
ddd-bbge 2
eb-bbge 1
bbff-bbge 1
1166
4
bdai-bbgg 1
gfh-bbgg 1
ca-bbgg 1
bcde-bbgg 1
1167
1
bbei-bbgh 4
1168
2
bfi-bbgi 2
jgi-bbgi 2
1169
2
bejh-bbgj 3
eah-bbgj 1
1170
2
begi-bbha 1
fbe-bbha 3
1171
1
iec-bbhb 4
1172
1
cbh-bbhc 4
1173
3
bdb-bbhd 2
j-bbhd 1
bced-bbhd 1
1174
4
id-bbhe 1
gfe-bbhe 1
fh-bbhe 1
bbgb-bbhe 1
1175
3
dia-bbhf 1
baif-bbhf 2
bfec-bbhf 1
1177
2
beee-bbhh 3
bcjf-bbhh 1
1178
1
hgi-bbhi 4
1180
3
ei-bbia 1
edb-bbia 1
ij-bbia 2
1181
1
bdi-bbib 4
1182
2
befc-bbic 2
iab-bbic 2
1183
1
bbdd-bbid 4
1184
3
bbhj-bbie 1
def-bbie 2
dee-bbie 1
1185
2
dcj-bbif 2
bij-bbif 2
1187
1
gc-bbih 4
1188
2
jhc-bbii 2
bfgf-bbii 2
1189
2
bbdf-bbij 2
beci-bbij 2
1190
2
bacb-bbja 1
fec-bbja 3
1192
2
ii-bbjc 2
bhc-bbjc 2
1194
1
cbd-bbje 4
1195
3
jbg-bbjf 1
fcj-bbjf 1
haj-bbjf 2
1196
3
bbfe-bbjg 2
hjb-bbjg 1
bagj-bbjg 1
1197
1
bcjb-bbjh 4
1198
1
hhi-bbji 4
1199
1
cig-bbjj 4
1200
1
bgb-bcaa 4
1201
2
dfi-bcab 1
gce-bcab 3
1202
2
fa-bcac 1
had-bcac 3
1203
2
bgcb-bcad 2
bdf-bcad 2
1204
2
bdaj-bcae 2
ibg-bcae 2
1205
2
bbha-bcaf 2
bcda-bcaf 2
1206
2
babb-bcag 1
bgch-bcag 3
1207
1
eed-bcah 4
1208
1
bbcj-bcai 4
1209
1
bbji-bcaj 4
1211
3
hag-bcbb 2
die-bcbb 1
bdbj-bcbb 1
1212
3
ef-bcbc 1
bafj-bcbc 1
dbe-bcbc 2
1213
1
baca-bcbd 4
1214
1
bdd-bcbe 4
1216
2
dbh-bcbg 2
iea-bcbg 2
1217
1
bhg-bcbh 4
1218
1
jdd-bcbi 4
1219
1
hgc-bcbj 4
1220
2
behj-bcca 3
jfe-bcca 1
1221
2
egb-bccb 3
cid-bccb 1
1222
1
edj-bccc 4
1223
3
bfed-bccd 1
behg-bccd 1
ced-bccd 2
1224
1
iib-bcce 4
1225
2
bfhd-bccf 1
bajb-bccf 3
1226
1
begg-bccg 4
1228
2
hjd-bcci 1
bcae-bcci 3
1229
4
hci-bccj 1
cfg-bccj 1
bg-bccj 1
gbe-bccj 1
1230
3
beii-bcda 1
dh-bcda 2
ijd-bcda 1
1231
1
bbeb-bcdb 4
1232
3
bccd-bcdc 1
bfga-bcdc 1
bcj-bcdc 2
1233
3
bagh-bcdd 1
bdid-bcdd 1
bbfh-bcdd 2
1234
4
beje-bcde 1
bcha-bcde 1
cba-bcde 1
baji-bcde 1
1235
1
bbef-bcdf 4
1236
3
chc-bcdg 1
hjc-bcdg 1
jje-bcdg 2
1237
1
faf-bcdh 4
1238
2
cfg-bcdi 3
hee-bcdi 1
1239
1
fdb-bcdj 4
1240
1
becb-bcea 4
1241
1
idj-bceb 4
1243
1
bcjd-bced 4
1244
2
bdja-bcee 3
iai-bcee 1
1245
1
fbj-bcef 4
1246
1
cca-bceg 4
1247
2
bbdf-bceh 1
bdae-bceh 3
1248
1
bci-bcei 4
1249
1
jfh-bcej 4
1250
2
jfh-bcfa 3
djh-bcfa 1
1252
1
cig-bcfc 4
1253
2
idg-bcfd 1
beie-bcfd 3
1255
4
begg-bcff 1
iie-bcff 1
hfh-bcff 1
ddd-bcff 1
1257
1
egd-bcfh 4
1258
1
ihe-bcfi 4
1259
2
cig-bcfj 3
bchb-bcfj 1
1261
2
jae-bcgb 2
eai-bcgb 2
1262
1
beih-bcgc 4
1264
2
baih-bcge 1
bgh-bcge 3
1265
1
bbga-bcgf 4
1266
1
bfhf-bcgg 4
1267
1
bdjg-bcgh 4
1268
2
fca-bcgi 2
hce-bcgi 2
1269
3
bdbg-bcgj 2
beae-bcgj 1
bfci-bcgj 1
1271
2
bdfj-bchb 3
hhd-bchb 1
1272
2
cej-bchc 2
bdb-bchc 2
1273
2
bdaf-bchd 1
jbd-bchd 3
1274
1
becg-bche 4
1275
2
bfag-bchf 1
hdj-bchf 3
1276
3
bebi-bchg 1
hhj-bchg 1
hga-bchg 2
1277
3
bcjj-bchh 2
bbij-bchh 1
bcjb-bchh 1
1278
1
bcdj-bchi 4
1279
1
jcd-bchj 4
1280
1
bgec-bcia 4
1281
3
dde-bcib 1
bfgd-bcib 2
bje-bcib 1
1284
2
bbgh-bcie 3
eic-bcie 1
1285
1
bdjb-bcif 4
1286
1
fae-bcig 4
1287
1
cae-bcih 4
1288
2
jeh-bcii 2
bafh-bcii 2
1289
1
ebd-bcij 4
1290
3
hhd-bcja 2
bbfi-bcja 1
ica-bcja 1
1291
2
dba-bcjb 2
bcaa-bcjb 2
1293
1
hdf-bcjd 4
1295
3
dde-bcjf 1
bedc-bcjf 2
bdjc-bcjf 1
1296
1
eii-bcjg 4
1297
1
dch-bcjh 4
1299
2
bfgi-bcjj 1
fig-bcjj 3
1300
2
edh-bdaa 2
eba-bdaa 2
1301
1
iji-bdab 4
1302
2
cgb-bdac 2
gba-bdac 2
1303
2
dja-bdad 2
ch-bdad 2
1304
2
bahi-bdae 3
bbif-bdae 1
1305
1
ga-bdaf 4
1308
1
baij-bdai 4
1309
1
hed-bdaj 4
1310
1
bbch-bdba 4
1314
1
hh-bdbe 4
1316
3
hdj-bdbg 2
bfii-bdbg 1
ddc-bdbg 1
1317
1
jhg-bdbh 4
1318
1
dbc-bdbi 4
1319
4
bbci-bdbj 1
dhe-bdbj 1
gid-bdbj 1
jfa-bdbj 1
1320
1
fej-bdca 4
1321
1
ibj-bdcb 4
1322
2
iig-bdcc 2
bdhf-bdcc 2
1323
2
bbcb-bdcd 2
bdgd-bdcd 2
1324
1
jfc-bdce 4
1325
1
faa-bdcf 4
1326
1
bce-bdcg 4
1327
2
hgc-bdch 1
cac-bdch 3
1328
2
ci-bdci 1
efh-bdci 3
1329
2
feb-bdcj 3
jjc-bdcj 1
1330
1
efh-bdda 4
1333
2
bcbf-bddd 3
daa-bddd 1
1334
1
jif-bdde 4
1335
1
bbbg-bddf 4
1336
1
badj-bddg 4
1337
1
bffa-bddh 4
1339
3
bbbe-bddj 2
bcaf-bddj 1
bj-bddj 1
1340
1
dc-bdea 4
1341
2
jaf-bdeb 3
bdif-bdeb 1
1342
4
bfeg-bdec 1
cca-bdec 1
bfaf-bdec 1
ida-bdec 1
1343
1
befd-bded 4
1344
1
gii-bdee 4
1345
1
hbe-bdef 4
1346
1
bgfb-bdeg 4
1348
1
bccd-bdei 4
1349
2
bfaa-bdej 3
jag-bdej 1
1350
2
hdb-bdfa 3
bje-bdfa 1
1351
1
ijg-bdfb 4
1353
2
efb-bdfd 3
bec-bdfd 1
1354
2
bfeg-bdfe 3
gdf-bdfe 1
1355
1
jga-bdff 4
1356
2
bdic-bdfg 3
bib-bdfg 1
1357
2
bege-bdfh 2
bacc-bdfh 2
1358
2
becc-bdfi 1
jcf-bdfi 3
1359
3
cdf-bdfj 1
bbjf-bdfj 2
hae-bdfj 1
1360
4
ihf-bdga 1
begc-bdga 1
bafa-bdga 1
ehh-bdga 1
1361
2
hig-bdgb 1
bead-bdgb 3
1362
2
eba-bdgc 2
bcbd-bdgc 2
1363
1
gbc-bdgd 4
1364
1
baej-bdge 4
1365
3
fcc-bdgf 1
bfbe-bdgf 2
gdb-bdgf 1
1366
1
fbh-bdgg 4
1367
1
ghj-bdgh 4
1368
2
bdj-bdgi 3
bdjb-bdgi 1
1369
1
bgdi-bdgj 4
1370
2
daj-bdha 3
behi-bdha 1
1371
2
hbh-bdhb 3
haf-bdhb 1
1372
2
jei-bdhc 1
bahg-bdhc 3
1373
2
bae-bdhd 2
bcbg-bdhd 2
1374
4
baia-bdhe 1
bagb-bdhe 1
jjj-bdhe 1
ecc-bdhe 1
1375
2
bcdh-bdhf 1
bfae-bdhf 3
1376
1
efd-bdhg 4
1377
1
bdfd-bdhh 4
1378
3
ccf-bdhi 1
hb-bdhi 1
ihe-bdhi 2
1379
1
iah-bdhj 4
1380
2
bgff-bdia 1
jgg-bdia 3
1381
1
bcfi-bdib 4
1382
1
hhg-bdic 4
1383
1
beh-bdid 4
1384
1
igc-bdie 4
1385
2
fgc-bdif 2
f-bdif 2
1386
1
bdge-bdig 4
1388
2
cch-bdii 1
fbg-bdii 3
1389
1
fbg-bdij 4
1390
2
bbhb-bdja 3
bdeb-bdja 1
1391
1
bchd-bdjb 4
1392
1
bfbb-bdjc 4
1393
1
eca-bdjd 4
1394
2
cge-bdje 1
bacj-bdje 3
1395
1
jig-bdjf 4
1396
1
bdef-bdjg 4
1397
1
bfdf-bdjh 4
1398
2
egb-bdji 3
bej-bdji 1
1399
1
bccf-bdjj 4
1400
1
bcfj-beaa 4
1403
1
bib-bead 4
1404
1
bdch-beae 4
1406
1
cci-beag 4
1407
1
bgfc-beah 4
1408
1
ida-beai 4
1409
1
dea-beaj 4
1410
2
bbcb-beba 3
bbf-beba 1
1413
1
bejj-bebd 4
1414
1
bccd-bebe 4
1415
2
bbfj-bebf 3
ghb-bebf 1
1416
1
idj-bebg 4
1417
1
bbgc-bebh 4
1418
1
fad-bebi 4
1419
1
bbec-bebj 4
1420
1
jjf-beca 4
1421
2
bcg-becb 3
bfbj-becb 1
1422
2
haf-becc 2
bcc-becc 2
1423
2
bbii-becd 1
fba-becd 3
1424
1
fii-bece 4
1425
1
hce-becf 4
1426
1
bagi-becg 4
1427
1
dfj-bech 4
1428
1
bbgj-beci 4
1429
2
hec-becj 2
bdbi-becj 2
1430
3
bc-beda 1
cbd-beda 2
bfhh-beda 1
1431
1
bebd-bedb 4
1432
2
bfaj-bedc 3
baic-bedc 1
1434
2
hf-bede 1
bbda-bede 3
1435
2
ebh-bedf 2
djf-bedf 2
1436
1
jbg-bedg 4
1437
2
baha-bedh 1
bgai-bedh 3
1438
1
iib-bedi 4
1439
1
igd-bedj 4
1441
2
bbee-beeb 3
hcf-beeb 1
1442
1
jba-beec 4
1443
2
becd-beed 3
bfih-beed 1
1444
2
eff-beee 2
hhc-beee 2
1445
2
hhf-beef 1
icf-beef 3
1446
2
bdeb-beeg 2
he-beeg 2
1447
1
bdgc-beeh 4
1448
1
bdcg-beei 4
1450
2
ebe-befa 2
cbc-befa 2
1451
1
babd-befb 4
1453
2
dci-befd 3
iia-befd 1
1454
1
fif-befe 4
1455
2
fid-beff 2
hc-beff 2
1456
1
bah-befg 4
1459
1
bdgc-befj 4
1460
1
gca-bega 4
1462
1
bgad-begc 4
1463
1
bdgi-begd 4
1464
2
babb-bege 3
bdci-bege 1
1466
2
bfai-begg 3
ifb-begg 1
1467
1
eac-begh 4
1468
1
cff-begi 4
1469
1
bbfb-begj 4
1470
3
hcj-beha 1
bebd-beha 2
cji-beha 1
1471
1
bfdh-behb 4
1473
1
eda-behd 4
1474
3
bgaa-behe 2
ihd-behe 1
baja-behe 1
1476
1
iei-behg 4
1477
1
bcgg-behh 4
1478
2
bjh-behi 3
bgde-behi 1
1479
2
dcd-behj 3
ihb-behj 1
1481
1
bdaj-beib 4
1482
2
bbb-beic 1
dg-beic 3
1483
2
bdje-beid 3
iai-beid 1
1485
3
gab-beif 2
cii-beif 1
hfb-beif 1
1486
1
baf-beig 4
1487
2
ijd-beih 3
dcc-beih 1
1489
2
bah-beij 3
che-beij 1
1491
1
bace-bejb 4
1493
1
badc-bejd 4
1494
1
baag-beje 4
1496
1
bcag-bejg 4
1497
1
bdaa-bejh 4
1498
1
dcf-beji 4
1499
1
cdg-bejj 4
1500
2
bhf-bfaa 1
ccd-bfaa 3
1501
1
fbi-bfab 4
1503
1
jhc-bfad 4
1504
2
ecc-bfae 3
bfah-bfae 1
1505
1
bedh-bfaf 4
1506
2
jai-bfag 3
bdad-bfag 1
1507
1
jbf-bfah 4
1509
1
bcjd-bfaj 4
1510
1
bdgg-bfba 4
1511
1
hda-bfbb 4
1512
1
ijd-bfbc 4
1513
3
bbjd-bfbd 2
fia-bfbd 1
dcg-bfbd 1
1514
1
behh-bfbe 4
1515
2
efe-bfbf 1
bdga-bfbf 3
1516
1
hih-bfbg 4
1518
1
jjc-bfbi 4
1519
1
beif-bfbj 4
1520
1
ghc-bfca 4
1521
3
gfa-bfcb 2
gaj-bfcb 1
bbba-bfcb 1
1522
1
gga-bfcc 4
1523
3
bdbj-bfcd 1
ggc-bfcd 2
bcdc-bfcd 1
1524
1
jh-bfce 4
1526
2
cjc-bfcg 2
bgdj-bfcg 2
1527
1
bafe-bfch 4
1528
1
fjb-bfci 4
1529
2
gh-bfcj 2
dif-bfcj 2
1530
1
baai-bfda 4
1531
1
iih-bfdb 4
1532
1
bfbc-bfdc 4
1533
1
bcgh-bfdd 4
1534
1
jgf-bfde 4
1535
1
ddf-bfdf 4
1536
1
bdfi-bfdg 4
1537
1
bdec-bfdh 4
1538
1
fgc-bfdi 4
1539
1
bddd-bfdj 4
1540
1
jdg-bfea 4
1541
1
ggf-bfeb 4
1542
2
bdge-bfec 3
edg-bfec 1
1543
2
iea-bfed 2
iia-bfed 2
1544
2
fhi-bfee 2
dae-bfee 2
1545
3
faa-bfef 2
bgda-bfef 1
ied-bfef 1
1546
1
dfb-bfeg 4
1547
1
fdc-bfeh 4
1549
1
bdia-bfej 4
1550
1
iab-bffa 4
1551
1
bda-bffb 4
1553
1
egi-bffd 4
1555
1
becg-bfff 4
1556
1
gci-bffg 4
1557
1
ghi-bffh 4
1558
1
ed-bffi 4
1559
1
eda-bffj 4
1561
2
beif-bfgb 3
bcfj-bfgb 1
1562
1
bdac-bfgc 4
1563
1
ihj-bfgd 4
1565
1
bgga-bfgf 4
1568
3
fea-bfgi 1
bgee-bfgi 2
bgej-bfgi 1
1571
1
bhg-bfhb 4
1572
1
dgd-bfhc 4
1573
1
bdgb-bfhd 4
1574
1
bfi-bfhe 4
1575
2
jjj-bfhf 3
ded-bfhf 1
1576
2
ibi-bfhg 2
bfhi-bfhg 2
1577
1
ibh-bfhh 4
1578
1
ice-bfhi 4
1579
1
gih-bfhj 4
1580
1
df-bfia 4
1581
1
bdca-bfib 4
1582
2
igc-bfic 1
bgfg-bfic 3
1583
1
hfa-bfid 4
1584
1
ceh-bfie 4
1585
2
dfi-bfif 1
caa-bfif 3
1587
1
cif-bfih 4
1588
1
hjg-bfii 4
1589
1
gih-bfij 4
1590
1
bie-bfja 4
1591
1
icj-bfjb 4
1592
1
bej-bfjc 4
1593
1
bajd-bfjd 4
1594
1
bfba-bfje 4
1595
1
cdg-bfjf 4
1596
1
bdej-bfjg 4
1600
1
bcdd-bgaa 4
1601
1
fga-bgab 4
1602
1
babg-bgac 4
1603
1
bdba-bgad 4
1604
1
bajd-bgae 4
1606
1
bed-bgag 4
1608
1
baji-bgai 4
1609
1
egb-bgaj 4
1610
1
ddd-bgba 4
1611
1
dib-bgbb 4
1613
1
bfje-bgbd 4
1614
1
bfhe-bgbe 4
1616
1
dff-bgbg 4
1617
2
ece-bgbh 3
bgfh-bgbh 1
1618
1
bfjc-bgbi 4
1619
1
cbj-bgbj 4
1620
1
hjh-bgca 4
1621
1
icd-bgcb 4
1622
2
bdbe-bgcc 2
dga-bgcc 2
1625
1
cib-bgcf 4
1626
1
cba-bgcg 4
1627
1
cga-bgch 4
1628
2
hje-bgci 1
bda-bgci 3
1629
1
beeg-bgcj 4
1630
1
bcai-bgda 4
1631
1
jdd-bgdb 4
1632
1
gbb-bgdc 4
1633
2
ede-bgdd 1
bhf-bgdd 3
1634
1
beic-bgde 4
1635
1
bbia-bgdf 4
1636
1
baf-bgdg 4
1638
2
jdi-bgdi 1
bach-bgdi 3
1639
1
jdb-bgdj 4
1640
1
bcia-bgea 4
1641
1
ega-bgeb 4
1642
2
bacg-bgec 2
djd-bgec 2
1643
1
behi-bged 4
1644
1
hjf-bgee 4
1645
1
fed-bgef 4
1646
1
baca-bgeg 4
1647
1
bece-bgeh 4
1648
1
bgca-bgei 4
1649
1
jej-bgej 4
1650
1
bddj-bgfa 4
1651
1
bhh-bgfb 4
1652
1
bfjg-bgfc 4
1653
2
ddb-bgfd 3
gif-bgfd 1
1655
1
bcgh-bgff 4
1656
1
bce-bgfg 4
1657
1
bgbi-bgfh 4
1658
1
bie-bgfi 4
1659
1
eef-bgfj 4
1660
1
bdhi-bgga 4
1661
1
bdhg-bggb 4
