101
spat 0
c8at 0
seet 0
sret 1
s7et 2
siet 3
sfet 4
saet 5
smet 6
scet 7
shet 8
s2et 9
s6et 10
slet 11
soet 12
sqet 13
sjet 14
sxet 15
stet 16
swet 17
s1it 18
s3it 19
sdit 20
syit 21
ssit 22
szit 23
sgit 24
s9it 25
snit 26
s4it 27
s8it 28
spit 29
s5it 30
s0it 31
svit 32
suit 33
sbit 34
skit 35
srit 36
s7it 37
seit 38
siit 39
sfit 40
sait 41
smit 42
scit 43
shit 44
s2it 45
s6it 46
slit 47
soit 48
sqit 49
sjit 50
sxit 51
stit 52
swit 53
s1ft 54
s3ft 55
sdft 56
syft 57
ssft 58
szft 59
sgft 60
s9ft 61
snft 62
s4ft 63
s8ft 64
spft 65
s5ft 66
s0ft 67
svft 68
suft 69
sbft 70
skft 71
srft 72
s7ft 73
seft 74
sift 75
sfft 76
saft 77
smft 78
scft 79
shft 80
s2ft 81
s6ft 82
slft 83
soft 84
sqft 85
sjft 86
sxft 87
stft 88
swft 89
s1at 90
s3at 91
sdat 92
syat 93
ssat 94
szat 95
sgat 96
s9at 97
snat 98
