5150
spat 0
c8at 0
sret 0
s7et 0
seet 0
siet 0
sfet 0
saet 0
smet 0
scet 0
shet 0
s2et 0
s6et 0
slet 0
soet 0
sqet 0
sjet 0
sxet 0
stet 0
swet 0
s1it 0
s3it 0
sdit 0
syit 0
ssit 0
szit 0
sgit 0
s9it 0
snit 0
s4it 0
s8it 0
spit 0
s5it 0
s0it 0
svit 0
suit 0
sbit 0
skit 0
srit 0
s7it 0
seit 0
siit 0
sfit 0
sait 0
smit 0
scit 0
shit 0
s2it 0
s6it 0
slit 0
soit 0
sqit 0
sjit 0
sxit 0
stit 0
swit 0
s1ft 0
s3ft 0
sdft 0
syft 0
ssft 0
szft 0
sgft 0
s9ft 0
snft 0
s4ft 0
s8ft 0
spft 0
s5ft 0
s0ft 0
svft 0
suft 0
sbft 0
skft 0
srft 0
s7ft 0
seft 0
sift 0
sfft 0
saft 0
smft 0
scft 0
shft 0
s2ft 0
s6ft 0
slft 0
soft 0
sqft 0
sjft 0
sxft 0
stft 0
swft 0
s1at 0
s3at 0
sdat 0
syat 0
ssat 0
szat 0
sgat 0
s9at 0
snat 0
s4at 0
cket 0
s6r 1
c2r 1
swu 1
s1b 1
s3b 1
sdb 1
syb 1
ssb 1
szb 1
sgb 1
s9b 1
snb 1
s4b 1
s8b 1
spb 1
s5b 1
s0b 1
svb 1
sub 1
sbb 1
skb 1
srb 1
s7b 1
seb 1
sib 1
sfb 1
sab 1
smb 1
scb 1
shb 1
s2b 1
s6b 1
slb 1
sob 1
sqb 1
sjb 1
sxb 1
stb 1
swb 1
s1k 1
s3k 1
sdk 1
syk 1
ssk 1
szk 1
sgk 1
s9k 1
snk 1
s4k 1
s8k 1
spk 1
s5k 1
s0k 1
svk 1
suk 1
sbk 1
skk 1
srk 1
s7k 1
sek 1
sik 1
sfk 1
sak 1
smk 1
sck 1
shk 1
s2k 1
s6k 1
slk 1
sok 1
sqk 1
sjk 1
sxk 1
stk 1
swk 1
s1r 1
s3r 1
sdr 1
syr 1
ssr 1
szr 1
sgr 1
s9r 1
snr 1
s4r 1
s8r 1
spr 1
s5r 1
s0r 1
svr 1
sur 1
sbr 1
skr 1
srr 1
s7r 1
ser 1
sir 1
sfr 1
sar 1
smr 1
scr 1
shr 1
ctu 1
swmx 2
ctmx 2
sgfx 2
s9fx 2
snfx 2
s4fx 2
s8fx 2
spfx 2
s5fx 2
s0fx 2
svfx 2
sufx 2
sbfx 2
skfx 2
srfx 2
s7fx 2
sefx 2
sifx 2
sffx 2
safx 2
smfx 2
scfx 2
shfx 2
s2fx 2
s6fx 2
slfx 2
sofx 2
sqfx 2
sjfx 2
sxfx 2
stfx 2
swfx 2
s1ax 2
s3ax 2
sdax 2
syax 2
ssax 2
szax 2
sgax 2
s9ax 2
snax 2
s4ax 2
s8ax 2
spax 2
s5ax 2
s0ax 2
svax 2
suax 2
sbax 2
skax 2
srax 2
s7ax 2
seax 2
siax 2
sfax 2
saax 2
smax 2
scax 2
shax 2
s2ax 2
s6ax 2
slax 2
soax 2
sqax 2
sjax 2
sxax 2
stax 2
swax 2
s1mx 2
s3mx 2
sdmx 2
symx 2
ssmx 2
szmx 2
sgmx 2
s9mx 2
snmx 2
s4mx 2
s8mx 2
spmx 2
s5mx 2
s0mx 2
svmx 2
sumx 2
sbmx 2
skmx 2
srmx 2
s7mx 2
semx 2
simx 2
sfmx 2
samx 2
smmx 2
scmx 2
shmx 2
s2mx 2
s6mx 2
slmx 2
somx 2
sqmx 2
sjmx 2
sxmx 2
czfx 2
sexx 3
c7xx 3
s2ox 3
s6ox 3
slox 3
soox 3
sqox 3
sjox 3
sxox 3
stox 3
swox 3
s1qx 3
s3qx 3
sdqx 3
syqx 3
ssqx 3
szqx 3
sgqx 3
s9qx 3
snqx 3
s4qx 3
s8qx 3
spqx 3
s5qx 3
s0qx 3
svqx 3
suqx 3
sbqx 3
skqx 3
srqx 3
s7qx 3
seqx 3
siqx 3
sfqx 3
saqx 3
smqx 3
scqx 3
shqx 3
s2qx 3
s6qx 3
slqx 3
soqx 3
sqqx 3
sjqx 3
sxqx 3
stqx 3
swqx 3
s1jx 3
s3jx 3
sdjx 3
syjx 3
ssjx 3
szjx 3
sgjx 3
s9jx 3
snjx 3
s4jx 3
s8jx 3
spjx 3
s5jx 3
s0jx 3
svjx 3
sujx 3
sbjx 3
skjx 3
srjx 3
s7jx 3
sejx 3
sijx 3
sfjx 3
sajx 3
smjx 3
scjx 3
shjx 3
s2jx 3
s6jx 3
sljx 3
sojx 3
sqjx 3
sjjx 3
sxjx 3
stjx 3
swjx 3
s1xx 3
s3xx 3
sdxx 3
syxx 3
ssxx 3
szxx 3
sgxx 3
s9xx 3
snxx 3
s4xx 3
s8xx 3
spxx 3
s5xx 3
s0xx 3
svxx 3
suxx 3
sbxx 3
skxx 3
srxx 3
chox 3
s0jj 4
c5jj 4
selj 4
silj 4
sflj 4
salj 4
smlj 4
sclj 4
shlj 4
s2lj 4
s6lj 4
sllj 4
solj 4
sqlj 4
sjlj 4
sxlj 4
stlj 4
swlj 4
s1oj 4
s3oj 4
sdoj 4
syoj 4
ssoj 4
szoj 4
sgoj 4
s9oj 4
snoj 4
s4oj 4
s8oj 4
spoj 4
s5oj 4
s0oj 4
svoj 4
suoj 4
sboj 4
skoj 4
sroj 4
s7oj 4
seoj 4
sioj 4
sfoj 4
saoj 4
smoj 4
scoj 4
shoj 4
s2oj 4
s6oj 4
sloj 4
sooj 4
sqoj 4
sjoj 4
sxoj 4
stoj 4
swoj 4
s1qj 4
s3qj 4
sdqj 4
syqj 4
ssqj 4
szqj 4
sgqj 4
s9qj 4
snqj 4
s4qj 4
s8qj 4
spqj 4
s5qj 4
s0qj 4
svqj 4
suqj 4
sbqj 4
skqj 4
srqj 4
s7qj 4
seqj 4
siqj 4
sfqj 4
saqj 4
smqj 4
scqj 4
shqj 4
s2qj 4
s6qj 4
slqj 4
soqj 4
sqqj 4
sjqj 4
sxqj 4
stqj 4
swqj 4
s1jj 4
s3jj 4
sdjj 4
syjj 4
ssjj 4
szjj 4
sgjj 4
s9jj 4
snjj 4
s4jj 4
s8jj 4
spjj 4
c7lj 4
sf3 5
ci3 5
sltt 5
sott 5
sqtt 5
sjtt 5
sxtt 5
sttt 5
swtt 5
s1wt 5
s3wt 5
sdwt 5
sywt 5
sswt 5
szwt 5
sgwt 5
s9wt 5
snwt 5
s4wt 5
s8wt 5
spwt 5
s5wt 5
s0wt 5
svwt 5
suwt 5
sbwt 5
skwt 5
srwt 5
s7wt 5
sewt 5
siwt 5
sfwt 5
sawt 5
smwt 5
scwt 5
shwt 5
s2wt 5
s6wt 5
slwt 5
sowt 5
sqwt 5
sjwt 5
sxwt 5
stwt 5
swwt 5
s11 5
s31 5
sd1 5
sy1 5
ss1 5
sz1 5
sg1 5
s91 5
sn1 5
s41 5
s81 5
sp1 5
s51 5
s01 5
sv1 5
su1 5
sb1 5
sk1 5
sr1 5
s71 5
se1 5
si1 5
sf1 5
sa1 5
sm1 5
sc1 5
sh1 5
s21 5
s61 5
sl1 5
so1 5
sq1 5
sj1 5
sx1 5
st1 5
sw1 5
s13 5
s33 5
sd3 5
sy3 5
ss3 5
sz3 5
sg3 5
s93 5
sn3 5
s43 5
s83 5
sp3 5
s53 5
s03 5
sv3 5
su3 5
sb3 5
sk3 5
sr3 5
s73 5
se3 5
c6tt 5
srlj 6
cklj 6
schj 6
shhj 6
s2hj 6
s6hj 6
slhj 6
sohj 6
sqhj 6
sjhj 6
sxhj 6
sthj 6
swhj 6
s12j 6
s32j 6
sd2j 6
sy2j 6
ss2j 6
sz2j 6
sg2j 6
s92j 6
sn2j 6
s42j 6
s82j 6
sp2j 6
s52j 6
s02j 6
sv2j 6
su2j 6
sb2j 6
sk2j 6
sr2j 6
s72j 6
se2j 6
si2j 6
sf2j 6
sa2j 6
sm2j 6
sc2j 6
sh2j 6
s22j 6
s62j 6
sl2j 6
so2j 6
sq2j 6
sj2j 6
sx2j 6
st2j 6
sw2j 6
s16j 6
s36j 6
sd6j 6
sy6j 6
ss6j 6
sz6j 6
sg6j 6
s96j 6
sn6j 6
s46j 6
s86j 6
sp6j 6
s56j 6
s06j 6
sv6j 6
su6j 6
sb6j 6
sk6j 6
sr6j 6
s76j 6
se6j 6
si6j 6
sf6j 6
sa6j 6
sm6j 6
sc6j 6
sh6j 6
s26j 6
s66j 6
sl6j 6
so6j 6
sq6j 6
sj6j 6
sx6j 6
st6j 6
sw6j 6
s1lj 6
s3lj 6
sdlj 6
sylj 6
sslj 6
szlj 6
sglj 6
s9lj 6
snlj 6
s4lj 6
s8lj 6
splj 6
s5lj 6
s0lj 6
svlj 6
sulj 6
sblj 6
cmhj 6
sjqt 7
cqqt 7
sylt 7
sslt 7
szlt 7
sglt 7
s9lt 7
snlt 7
s4lt 7
s8lt 7
splt 7
s5lt 7
s0lt 7
svlt 7
sult 7
sblt 7
sklt 7
srlt 7
s7lt 7
selt 7
silt 7
sflt 7
salt 7
smlt 7
sclt 7
shlt 7
s2lt 7
s6lt 7
sllt 7
solt 7
sqlt 7
sjlt 7
sxlt 7
stlt 7
swlt 7
s1ot 7
s3ot 7
sdot 7
syot 7
ssot 7
szot 7
sgot 7
s9ot 7
snot 7
s4ot 7
s8ot 7
spot 7
s5ot 7
s0ot 7
svot 7
suot 7
sbot 7
skot 7
srot 7
s7ot 7
seot 7
siot 7
sfot 7
saot 7
smot 7
scot 7
shot 7
s2ot 7
s6ot 7
slot 7
soot 7
sqot 7
sjot 7
sxot 7
stot 7
swot 7
s1qt 7
s3qt 7
sdqt 7
syqt 7
ssqt 7
szqt 7
sgqt 7
s9qt 7
snqt 7
s4qt 7
s8qt 7
spqt 7
s5qt 7
s0qt 7
svqt 7
suqt 7
sbqt 7
skqt 7
srqt 7
s7qt 7
seqt 7
siqt 7
sfqt 7
saqt 7
smqt 7
scqt 7
shqt 7
s2qt 7
s6qt 7
slqt 7
soqt 7
cdlt 7
sxej 8
cjej 8
ssrj 8
szrj 8
sgrj 8
s9rj 8
snrj 8
s4rj 8
s8rj 8
sprj 8
s5rj 8
s0rj 8
svrj 8
surj 8
sbrj 8
skrj 8
srrj 8
s7rj 8
serj 8
sirj 8
sfrj 8
sarj 8
smrj 8
scrj 8
shrj 8
s2rj 8
s6rj 8
slrj 8
sorj 8
sqrj 8
sjrj 8
sxrj 8
strj 8
swrj 8
s17j 8
s37j 8
sd7j 8
sy7j 8
ss7j 8
sz7j 8
sg7j 8
s97j 8
sn7j 8
s47j 8
s87j 8
sp7j 8
s57j 8
s07j 8
sv7j 8
su7j 8
sb7j 8
sk7j 8
sr7j 8
s77j 8
se7j 8
si7j 8
sf7j 8
sa7j 8
sm7j 8
sc7j 8
sh7j 8
s27j 8
s67j 8
sl7j 8
so7j 8
sq7j 8
sj7j 8
sx7j 8
st7j 8
sw7j 8
s1ej 8
s3ej 8
sdej 8
syej 8
ssej 8
szej 8
sgej 8
s9ej 8
snej 8
s4ej 8
s8ej 8
spej 8
s5ej 8
s0ej 8
svej 8
suej 8
sbej 8
skej 8
srej 8
s7ej 8
seej 8
siej 8
sfej 8
saej 8
smej 8
scej 8
shej 8
s2ej 8
s6ej 8
slej 8
soej 8
sqej 8
cyrj 8
st 9
cx 9
szx 9
sgx 9
s9x 9
snx 9
s4x 9
s8x 9
spx 9
s5x 9
s0x 9
svx 9
sux 9
sbx 9
skx 9
srx 9
s7x 9
sex 9
six 9
sfx 9
sax 9
smx 9
scx 9
shx 9
s2x 9
s6x 9
slx 9
sox 9
sqx 9
sjx 9
sxx 9
stx 9
swx 9
s1t 9
s3t 9
sdt 9
syt 9
sst 9
szt 9
sgt 9
s9t 9
snt 9
s4t 9
s8t 9
spt 9
s5t 9
s0t 9
svt 9
sut 9
sbt 9
skt 9
srt 9
s7t 9
set 9
sit 9
sft 9
sat 9
smt 9
sct 9
sht 9
s2t 9
s6t 9
slt 9
sot 9
sqt 9
sjt 9
sxt 9
stt 9
swt 9
s1 9
s3 9
sd 9
sy 9
ss 9
sz 9
sg 9
s9 9
sn 9
s4 9
s8 9
sp 9
s5 9
s0 9
sv 9
su 9
sb 9
sk 9
sr 9
s7 9
se 9
si 9
sf 9
sa 9
sm 9
sc 9
sh 9
s2 9
s6 9
sl 9
so 9
sq 9
sj 9
csx 9
s8yt 10
c4yt 10
sk1t 10
sr1t 10
s71t 10
se1t 10
si1t 10
sf1t 10
sa1t 10
sm1t 10
sc1t 10
sh1t 10
s21t 10
s61t 10
sl1t 10
so1t 10
sq1t 10
sj1t 10
sx1t 10
st1t 10
sw1t 10
s13t 10
s33t 10
sd3t 10
sy3t 10
ss3t 10
sz3t 10
sg3t 10
s93t 10
sn3t 10
s43t 10
s83t 10
sp3t 10
s53t 10
s03t 10
sv3t 10
su3t 10
sb3t 10
sk3t 10
sr3t 10
s73t 10
se3t 10
si3t 10
sf3t 10
sa3t 10
sm3t 10
sc3t 10
sh3t 10
s23t 10
s63t 10
sl3t 10
so3t 10
sq3t 10
sj3t 10
sx3t 10
st3t 10
sw3t 10
s1dt 10
s3dt 10
sddt 10
sydt 10
ssdt 10
szdt 10
sgdt 10
s9dt 10
sndt 10
s4dt 10
s8dt 10
spdt 10
s5dt 10
s0dt 10
svdt 10
sudt 10
sbdt 10
skdt 10
srdt 10
s7dt 10
sedt 10
sidt 10
sfdt 10
sadt 10
smdt 10
scdt 10
shdt 10
s2dt 10
s6dt 10
sldt 10
sodt 10
sqdt 10
sjdt 10
sxdt 10
stdt 10
swdt 10
s1yt 10
s3yt 10
sdyt 10
syyt 10
ssyt 10
szyt 10
sgyt 10
s9yt 10
snyt 10
cb1t 10
s6aj 11
c2aj 11
swej 11
s1ij 11
s3ij 11
sdij 11
syij 11
ssij 11
szij 11
sgij 11
s9ij 11
snij 11
s4ij 11
s8ij 11
spij 11
s5ij 11
s0ij 11
svij 11
suij 11
sbij 11
skij 11
srij 11
s7ij 11
seij 11
siij 11
sfij 11
saij 11
smij 11
scij 11
shij 11
s2ij 11
s6ij 11
slij 11
soij 11
sqij 11
sjij 11
sxij 11
stij 11
swij 11
s1fj 11
s3fj 11
sdfj 11
syfj 11
ssfj 11
szfj 11
sgfj 11
s9fj 11
snfj 11
s4fj 11
s8fj 11
spfj 11
s5fj 11
s0fj 11
svfj 11
sufj 11
sbfj 11
skfj 11
srfj 11
s7fj 11
sefj 11
sifj 11
sffj 11
safj 11
smfj 11
scfj 11
shfj 11
s2fj 11
s6fj 11
slfj 11
sofj 11
sqfj 11
sjfj 11
sxfj 11
stfj 11
swfj 11
s1aj 11
s3aj 11
sdaj 11
syaj 11
ssaj 11
szaj 11
sgaj 11
s9aj 11
snaj 11
s4aj 11
s8aj 11
spaj 11
s5aj 11
s0aj 11
svaj 11
suaj 11
sbaj 11
skaj 11
sraj 11
s7aj 11
seaj 11
siaj 11
sfaj 11
saaj 11
smaj 11
scaj 11
shaj 11
ctej 11
sd0 12
c30 12
s48 12
s88 12
sp8 12
s58 12
s08 12
sv8 12
su8 12
sb8 12
sk8 12
sr8 12
s78 12
se8 12
si8 12
sf8 12
sa8 12
sm8 12
sc8 12
sh8 12
s28 12
s68 12
sl8 12
so8 12
sq8 12
sj8 12
sx8 12
st8 12
sw8 12
s1p 12
s3p 12
sdp 12
syp 12
ssp 12
szp 12
sgp 12
s9p 12
snp 12
s4p 12
s8p 12
spp 12
s5p 12
s0p 12
svp 12
sup 12
sbp 12
skp 12
srp 12
s7p 12
sep 12
sip 12
sfp 12
sap 12
smp 12
scp 12
shp 12
s2p 12
s6p 12
slp 12
sop 12
sqp 12
sjp 12
sxp 12
stp 12
swp 12
s15 12
s35 12
sd5 12
sy5 12
ss5 12
sz5 12
sg5 12
s95 12
sn5 12
s45 12
s85 12
sp5 12
s55 12
s05 12
sv5 12
su5 12
sb5 12
sk5 12
sr5 12
s75 12
se5 12
si5 12
sf5 12
sa5 12
sm5 12
sc5 12
sh5 12
s25 12
s65 12
sl5 12
so5 12
sq5 12
sj5 12
sx5 12
st5 12
sw5 12
s10 12
cn8 12
sxu 13
cju 13
ss0 13
sz0 13
sg0 13
s90 13
sn0 13
s40 13
s80 13
sp0 13
s50 13
s00 13
sv0 13
su0 13
sb0 13
sk0 13
sr0 13
s70 13
se0 13
si0 13
sf0 13
sa0 13
sm0 13
sc0 13
sh0 13
s20 13
s60 13
sl0 13
so0 13
sq0 13
sj0 13
sx0 13
st0 13
sw0 13
s1v 13
s3v 13
sdv 13
syv 13
ssv 13
szv 13
sgv 13
s9v 13
snv 13
s4v 13
s8v 13
spv 13
s5v 13
s0v 13
svv 13
suv 13
sbv 13
skv 13
srv 13
s7v 13
sev 13
siv 13
sfv 13
sav 13
smv 13
scv 13
shv 13
s2v 13
s6v 13
slv 13
sov 13
sqv 13
sjv 13
sxv 13
stv 13
swv 13
s1u 13
s3u 13
sdu 13
syu 13
ssu 13
szu 13
sgu 13
s9u 13
snu 13
s4u 13
s8u 13
spu 13
s5u 13
s0u 13
svu 13
suu 13
sbu 13
sku 13
sru 13
s7u 13
seu 13
siu 13
sfu 13
sau 13
smu 13
scu 13
shu 13
s2u 13
s6u 13
slu 13
sou 13
squ 13
cy0 13
ssfx 14
cyfx 14
sp7x 14
s57x 14
s07x 14
sv7x 14
su7x 14
sb7x 14
sk7x 14
sr7x 14
s77x 14
se7x 14
si7x 14
sf7x 14
sa7x 14
sm7x 14
sc7x 14
sh7x 14
s27x 14
s67x 14
sl7x 14
so7x 14
sq7x 14
sj7x 14
sx7x 14
st7x 14
sw7x 14
s1ex 14
s3ex 14
sdex 14
syex 14
ssex 14
szex 14
sgex 14
s9ex 14
snex 14
s4ex 14
s8ex 14
spex 14
s5ex 14
s0ex 14
svex 14
suex 14
sbex 14
skex 14
srex 14
s7ex 14
seex 14
siex 14
sfex 14
saex 14
smex 14
scex 14
shex 14
s2ex 14
s6ex 14
slex 14
soex 14
sqex 14
sjex 14
sxex 14
stex 14
swex 14
s1ix 14
s3ix 14
sdix 14
syix 14
ssix 14
szix 14
sgix 14
s9ix 14
snix 14
s4ix 14
s8ix 14
spix 14
s5ix 14
s0ix 14
svix 14
suix 14
sbix 14
skix 14
srix 14
s7ix 14
seix 14
siix 14
sfix 14
saix 14
smix 14
scix 14
shix 14
s2ix 14
s6ix 14
slix 14
soix 14
sqix 14
sjix 14
sxix 14
stix 14
swix 14
s1fx 14
s3fx 14
sdfx 14
c87x 14
sqpt 15
copt 15
sd4t 15
sy4t 15
ss4t 15
sz4t 15
sg4t 15
s94t 15
sn4t 15
s44t 15
s84t 15
sp4t 15
s54t 15
s04t 15
sv4t 15
su4t 15
sb4t 15
sk4t 15
sr4t 15
s74t 15
se4t 15
si4t 15
sf4t 15
sa4t 15
sm4t 15
sc4t 15
sh4t 15
s24t 15
s64t 15
sl4t 15
so4t 15
sq4t 15
sj4t 15
sx4t 15
st4t 15
sw4t 15
s18t 15
s38t 15
sd8t 15
sy8t 15
ss8t 15
sz8t 15
sg8t 15
s98t 15
sn8t 15
s48t 15
s88t 15
sp8t 15
s58t 15
s08t 15
sv8t 15
su8t 15
sb8t 15
sk8t 15
sr8t 15
s78t 15
se8t 15
si8t 15
sf8t 15
sa8t 15
sm8t 15
sc8t 15
sh8t 15
s28t 15
s68t 15
sl8t 15
so8t 15
sq8t 15
sj8t 15
sx8t 15
st8t 15
sw8t 15
s1pt 15
s3pt 15
sdpt 15
sypt 15
sspt 15
szpt 15
sgpt 15
s9pt 15
snpt 15
s4pt 15
s8pt 15
sppt 15
s5pt 15
s0pt 15
svpt 15
supt 15
sbpt 15
skpt 15
srpt 15
s7pt 15
sept 15
sipt 15
sfpt 15
sapt 15
smpt 15
scpt 15
shpt 15
s2pt 15
s6pt 15
slpt 15
c34t 15
sno 16
c9o 16
su2 16
sb2 16
sk2 16
sr2 16
s72 16
se2 16
si2 16
sf2 16
sa2 16
sm2 16
sc2 16
sh2 16
s22 16
s62 16
sl2 16
so2 16
sq2 16
sj2 16
sx2 16
st2 16
sw2 16
s16 16
s36 16
sd6 16
sy6 16
ss6 16
sz6 16
sg6 16
s96 16
sn6 16
s46 16
s86 16
sp6 16
s56 16
s06 16
sv6 16
su6 16
sb6 16
sk6 16
sr6 16
s76 16
se6 16
si6 16
sf6 16
sa6 16
sm6 16
sc6 16
sh6 16
s26 16
s66 16
sl6 16
so6 16
sq6 16
sj6 16
sx6 16
st6 16
sw6 16
s1l 16
s3l 16
sdl 16
syl 16
ssl 16
szl 16
sgl 16
s9l 16
snl 16
s4l 16
s8l 16
spl 16
s5l 16
s0l 16
svl 16
sul 16
sbl 16
skl 16
srl 16
s7l 16
sel 16
sil 16
sfl 16
sal 16
sml 16
scl 16
shl 16
s2l 16
s6l 16
sll 16
sol 16
sql 16
sjl 16
sxl 16
stl 16
swl 16
s1o 16
s3o 16
sdo 16
syo 16
sso 16
szo 16
sgo 16
cv2 16
sfgj 17
cigj 17
slyj 17
soyj 17
sqyj 17
sjyj 17
sxyj 17
styj 17
swyj 17
s1sj 17
s3sj 17
sdsj 17
sysj 17
sssj 17
szsj 17
sgsj 17
s9sj 17
snsj 17
s4sj 17
s8sj 17
spsj 17
s5sj 17
s0sj 17
svsj 17
susj 17
sbsj 17
sksj 17
srsj 17
s7sj 17
sesj 17
sisj 17
sfsj 17
sasj 17
smsj 17
scsj 17
shsj 17
s2sj 17
s6sj 17
slsj 17
sosj 17
sqsj 17
sjsj 17
sxsj 17
stsj 17
swsj 17
s1zj 17
s3zj 17
sdzj 17
syzj 17
sszj 17
szzj 17
sgzj 17
s9zj 17
snzj 17
s4zj 17
s8zj 17
spzj 17
s5zj 17
s0zj 17
svzj 17
suzj 17
sbzj 17
skzj 17
srzj 17
s7zj 17
sezj 17
sizj 17
sfzj 17
sazj 17
smzj 17
sczj 17
shzj 17
s2zj 17
s6zj 17
slzj 17
sozj 17
sqzj 17
sjzj 17
sxzj 17
stzj 17
swzj 17
s1gj 17
s3gj 17
sdgj 17
sygj 17
ssgj 17
szgj 17
sggj 17
s9gj 17
sngj 17
s4gj 17
s8gj 17
spgj 17
s5gj 17
s0gj 17
svgj 17
sugj 17
sbgj 17
skgj 17
srgj 17
s7gj 17
segj 17
c6yj 17
sdrj 18
c3rj 18
s4uj 18
s8uj 18
spuj 18
s5uj 18
s0uj 18
svuj 18
suuj 18
sbuj 18
skuj 18
sruj 18
s7uj 18
seuj 18
siuj 18
sfuj 18
sauj 18
smuj 18
scuj 18
shuj 18
s2uj 18
s6uj 18
sluj 18
souj 18
squj 18
sjuj 18
sxuj 18
stuj 18
swuj 18
s1bj 18
s3bj 18
sdbj 18
sybj 18
ssbj 18
szbj 18
sgbj 18
s9bj 18
snbj 18
s4bj 18
s8bj 18
spbj 18
s5bj 18
s0bj 18
svbj 18
subj 18
sbbj 18
skbj 18
srbj 18
s7bj 18
sebj 18
sibj 18
sfbj 18
sabj 18
smbj 18
scbj 18
shbj 18
s2bj 18
s6bj 18
slbj 18
sobj 18
sqbj 18
sjbj 18
sxbj 18
stbj 18
swbj 18
s1kj 18
s3kj 18
sdkj 18
sykj 18
sskj 18
szkj 18
sgkj 18
s9kj 18
snkj 18
s4kj 18
s8kj 18
spkj 18
s5kj 18
s0kj 18
svkj 18
sukj 18
sbkj 18
skkj 18
srkj 18
s7kj 18
sekj 18
sikj 18
sfkj 18
sakj 18
smkj 18
sckj 18
shkj 18
s2kj 18
s6kj 18
slkj 18
sokj 18
sqkj 18
sjkj 18
sxkj 18
stkj 18
swkj 18
s1rj 18
cnuj 18
s59 19
cp9 19
s7s 19
ses 19
sis 19
sfs 19
sas 19
sms 19
scs 19
shs 19
s2s 19
s6s 19
sls 19
sos 19
sqs 19
sjs 19
sxs 19
sts 19
sws 19
s1z 19
s3z 19
sdz 19
syz 19
ssz 19
szz 19
sgz 19
s9z 19
snz 19
s4z 19
s8z 19
spz 19
s5z 19
s0z 19
svz 19
suz 19
sbz 19
skz 19
srz 19
s7z 19
sez 19
siz 19
sfz 19
saz 19
smz 19
scz 19
shz 19
s2z 19
s6z 19
slz 19
soz 19
sqz 19
sjz 19
sxz 19
stz 19
swz 19
s1g 19
s3g 19
sdg 19
syg 19
ssg 19
szg 19
sgg 19
s9g 19
sng 19
s4g 19
s8g 19
spg 19
s5g 19
s0g 19
svg 19
sug 19
sbg 19
skg 19
srg 19
s7g 19
seg 19
sig 19
sfg 19
sag 19
smg 19
scg 19
shg 19
s2g 19
s6g 19
slg 19
sog 19
sqg 19
sjg 19
sxg 19
stg 19
swg 19
s19 19
s39 19
sd9 19
sy9 19
ss9 19
sz9 19
sg9 19
s99 19
sn9 19
s49 19
s89 19
crs 19
syx 20
cdx 20
s8o 20
spo 20
s5o 20
s0o 20
svo 20
suo 20
sbo 20
sko 20
sro 20
s7o 20
seo 20
sio 20
sfo 20
sao 20
smo 20
sco 20
sho 20
s2o 20
s6o 20
slo 20
soo 20
sqo 20
sjo 20
sxo 20
sto 20
swo 20
s1q 20
s3q 20
sdq 20
syq 20
ssq 20
szq 20
sgq 20
s9q 20
snq 20
s4q 20
s8q 20
spq 20
s5q 20
s0q 20
svq 20
suq 20
sbq 20
skq 20
srq 20
s7q 20
seq 20
siq 20
sfq 20
saq 20
smq 20
scq 20
shq 20
s2q 20
s6q 20
slq 20
soq 20
sqq 20
sjq 20
sxq 20
stq 20
swq 20
s1j 20
s3j 20
sdj 20
syj 20
ssj 20
szj 20
sgj 20
s9j 20
snj 20
s4j 20
s8j 20
spj 20
s5j 20
s0j 20
svj 20
suj 20
sbj 20
skj 20
srj 20
s7j 20
sej 20
sij 20
sfj 20
saj 20
smj 20
scj 20
shj 20
s2j 20
s6j 20
slj 20
soj 20
sqj 20
sjj 20
sxj 20
stj 20
swj 20
s1x 20
s3x 20
c4o 20
sbet 21
cuet 21
sakt 21
smkt 21
sckt 21
shkt 21
s2kt 21
s6kt 21
slkt 21
sokt 21
sqkt 21
sjkt 21
sxkt 21
stkt 21
swkt 21
s1rt 21
s3rt 21
sdrt 21
syrt 21
ssrt 21
szrt 21
sgrt 21
s9rt 21
snrt 21
s4rt 21
s8rt 21
sprt 21
s5rt 21
s0rt 21
svrt 21
surt 21
sbrt 21
skrt 21
srrt 21
s7rt 21
sert 21
sirt 21
sfrt 21
sart 21
smrt 21
scrt 21
shrt 21
s2rt 21
s6rt 21
slrt 21
sort 21
sqrt 21
sjrt 21
sxrt 21
strt 21
swrt 21
s17t 21
s37t 21
sd7t 21
sy7t 21
ss7t 21
sz7t 21
sg7t 21
s97t 21
sn7t 21
s47t 21
s87t 21
sp7t 21
s57t 21
s07t 21
sv7t 21
su7t 21
sb7t 21
sk7t 21
sr7t 21
s77t 21
se7t 21
si7t 21
sf7t 21
sa7t 21
sm7t 21
sc7t 21
sh7t 21
s27t 21
s67t 21
sl7t 21
so7t 21
sq7t 21
sj7t 21
sx7t 21
st7t 21
sw7t 21
s1et 21
s3et 21
sdet 21
syet 21
sset 21
szet 21
sget 21
s9et 21
snet 21
s4et 21
s8et 21
spet 21
s5et 21
s0et 21
svet 21
cfkt 21
s98 22
cg8 22
sv9 22
su9 22
sb9 22
sk9 22
sr9 22
s79 22
se9 22
si9 22
sf9 22
sa9 22
sm9 22
sc9 22
sh9 22
s29 22
s69 22
sl9 22
so9 22
sq9 22
sj9 22
sx9 22
st9 22
sw9 22
s1n 22
s3n 22
sdn 22
syn 22
ssn 22
szn 22
sgn 22
s9n 22
snn 22
s4n 22
s8n 22
spn 22
s5n 22
s0n 22
svn 22
sun 22
sbn 22
skn 22
srn 22
s7n 22
sen 22
sin 22
sfn 22
san 22
smn 22
scn 22
shn 22
s2n 22
s6n 22
sln 22
son 22
sqn 22
sjn 22
sxn 22
stn 22
swn 22
s14 22
s34 22
sd4 22
sy4 22
ss4 22
sz4 22
sg4 22
s94 22
sn4 22
s44 22
s84 22
sp4 22
s54 22
s04 22
sv4 22
su4 22
sb4 22
sk4 22
sr4 22
s74 22
se4 22
si4 22
sf4 22
sa4 22
sm4 22
sc4 22
sh4 22
s24 22
s64 22
sl4 22
so4 22
sq4 22
sj4 22
sx4 22
st4 22
sw4 22
s18 22
s38 22
sd8 22
sy8 22
ss8 22
sz8 22
c09 22
sk4j 23
cb4j 23
smgj 23
scgj 23
shgj 23
s2gj 23
s6gj 23
slgj 23
sogj 23
sqgj 23
sjgj 23
sxgj 23
stgj 23
swgj 23
s19j 23
s39j 23
sd9j 23
sy9j 23
ss9j 23
sz9j 23
sg9j 23
s99j 23
sn9j 23
s49j 23
s89j 23
sp9j 23
s59j 23
s09j 23
sv9j 23
su9j 23
sb9j 23
sk9j 23
sr9j 23
s79j 23
se9j 23
si9j 23
sf9j 23
sa9j 23
sm9j 23
sc9j 23
sh9j 23
s29j 23
s69j 23
sl9j 23
so9j 23
sq9j 23
sj9j 23
sx9j 23
st9j 23
sw9j 23
s1nj 23
s3nj 23
sdnj 23
synj 23
ssnj 23
sznj 23
sgnj 23
s9nj 23
snnj 23
s4nj 23
s8nj 23
spnj 23
s5nj 23
s0nj 23
svnj 23
sunj 23
sbnj 23
sknj 23
srnj 23
s7nj 23
senj 23
sinj 23
sfnj 23
sanj 23
smnj 23
scnj 23
shnj 23
s2nj 23
s6nj 23
slnj 23
sonj 23
sqnj 23
sjnj 23
sxnj 23
stnj 23
swnj 23
s14j 23
s34j 23
sd4j 23
sy4j 23
ss4j 23
sz4j 23
sg4j 23
s94j 23
sn4j 23
s44j 23
s84j 23
sp4j 23
s54j 23
s04j 23
sv4j 23
su4j 23
cagj 23
s55j 24
cp5j 24
s74j 24
se4j 24
si4j 24
sf4j 24
sa4j 24
sm4j 24
sc4j 24
sh4j 24
s24j 24
s64j 24
sl4j 24
so4j 24
sq4j 24
sj4j 24
sx4j 24
st4j 24
sw4j 24
s18j 24
s38j 24
sd8j 24
sy8j 24
ss8j 24
sz8j 24
sg8j 24
s98j 24
sn8j 24
s48j 24
s88j 24
sp8j 24
s58j 24
s08j 24
sv8j 24
su8j 24
sb8j 24
sk8j 24
sr8j 24
s78j 24
se8j 24
si8j 24
sf8j 24
sa8j 24
sm8j 24
sc8j 24
sh8j 24
s28j 24
s68j 24
sl8j 24
so8j 24
sq8j 24
sj8j 24
sx8j 24
st8j 24
sw8j 24
s1pj 24
s3pj 24
sdpj 24
sypj 24
sspj 24
szpj 24
sgpj 24
s9pj 24
snpj 24
s4pj 24
s8pj 24
sppj 24
s5pj 24
s0pj 24
svpj 24
supj 24
sbpj 24
skpj 24
srpj 24
s7pj 24
sepj 24
sipj 24
sfpj 24
sapj 24
smpj 24
scpj 24
shpj 24
s2pj 24
s6pj 24
slpj 24
sopj 24
sqpj 24
sjpj 24
sxpj 24
stpj 24
swpj 24
s15j 24
s35j 24
sd5j 24
sy5j 24
ss5j 24
sz5j 24
sg5j 24
s95j 24
sn5j 24
s45j 24
s85j 24
cr4j 24
sydx 25
cddx 25
s8wj 25
spwj 25
s5wj 25
s0wj 25
svwj 25
suwj 25
sbwj 25
skwj 25
srwj 25
s7wj 25
sewj 25
siwj 25
sfwj 25
sawj 25
smwj 25
scwj 25
shwj 25
s2wj 25
s6wj 25
slwj 25
sowj 25
sqwj 25
sjwj 25
sxwj 25
stwj 25
swwj 25
s11x 25
s31x 25
sd1x 25
sy1x 25
ss1x 25
sz1x 25
sg1x 25
s91x 25
sn1x 25
s41x 25
s81x 25
sp1x 25
s51x 25
s01x 25
sv1x 25
su1x 25
sb1x 25
sk1x 25
sr1x 25
s71x 25
se1x 25
si1x 25
sf1x 25
sa1x 25
sm1x 25
sc1x 25
sh1x 25
s21x 25
s61x 25
sl1x 25
so1x 25
sq1x 25
sj1x 25
sx1x 25
st1x 25
sw1x 25
s13x 25
s33x 25
sd3x 25
sy3x 25
ss3x 25
sz3x 25
sg3x 25
s93x 25
sn3x 25
s43x 25
s83x 25
sp3x 25
s53x 25
s03x 25
sv3x 25
su3x 25
sb3x 25
sk3x 25
sr3x 25
s73x 25
se3x 25
si3x 25
sf3x 25
sa3x 25
sm3x 25
sc3x 25
sh3x 25
s23x 25
s63x 25
sl3x 25
so3x 25
sq3x 25
sj3x 25
sx3x 25
st3x 25
sw3x 25
s1dx 25
s3dx 25
c4wj 25
s3lt 26
c1lt 26
snht 26
s4ht 26
s8ht 26
spht 26
s5ht 26
s0ht 26
svht 26
suht 26
sbht 26
skht 26
srht 26
s7ht 26
seht 26
siht 26
sfht 26
saht 26
smht 26
scht 26
shht 26
s2ht 26
s6ht 26
slht 26
soht 26
sqht 26
sjht 26
sxht 26
stht 26
swht 26
s12t 26
s32t 26
sd2t 26
sy2t 26
ss2t 26
sz2t 26
sg2t 26
s92t 26
sn2t 26
s42t 26
s82t 26
sp2t 26
s52t 26
s02t 26
sv2t 26
su2t 26
sb2t 26
sk2t 26
sr2t 26
s72t 26
se2t 26
si2t 26
sf2t 26
sa2t 26
sm2t 26
sc2t 26
sh2t 26
s22t 26
s62t 26
sl2t 26
so2t 26
sq2t 26
sj2t 26
sx2t 26
st2t 26
sw2t 26
s16t 26
s36t 26
sd6t 26
sy6t 26
ss6t 26
sz6t 26
sg6t 26
s96t 26
sn6t 26
s46t 26
s86t 26
sp6t 26
s56t 26
s06t 26
sv6t 26
su6t 26
sb6t 26
sk6t 26
sr6t 26
s76t 26
se6t 26
si6t 26
sf6t 26
sa6t 26
sm6t 26
sc6t 26
sh6t 26
s26t 26
s66t 26
sl6t 26
so6t 26
sq6t 26
sj6t 26
sx6t 26
st6t 26
sw6t 26
c9ht 26
s2yj 27
chyj 27
st1j 27
sw1j 27
s13j 27
s33j 27
sd3j 27
sy3j 27
ss3j 27
sz3j 27
sg3j 27
s93j 27
sn3j 27
s43j 27
s83j 27
sp3j 27
s53j 27
s03j 27
sv3j 27
su3j 27
sb3j 27
sk3j 27
sr3j 27
s73j 27
se3j 27
si3j 27
sf3j 27
sa3j 27
sm3j 27
sc3j 27
sh3j 27
s23j 27
s63j 27
sl3j 27
so3j 27
sq3j 27
sj3j 27
sx3j 27
st3j 27
sw3j 27
s1dj 27
s3dj 27
sddj 27
sydj 27
ssdj 27
szdj 27
sgdj 27
s9dj 27
sndj 27
s4dj 27
s8dj 27
spdj 27
s5dj 27
s0dj 27
svdj 27
sudj 27
sbdj 27
skdj 27
srdj 27
s7dj 27
sedj 27
sidj 27
sfdj 27
sadj 27
smdj 27
scdj 27
shdj 27
s2dj 27
s6dj 27
sldj 27
sodj 27
sqdj 27
sjdj 27
sxdj 27
stdj 27
swdj 27
s1yj 27
s3yj 27
sdyj 27
syyj 27
ssyj 27
szyj 27
sgyj 27
s9yj 27
snyj 27
s4yj 27
s8yj 27
spyj 27
s5yj 27
s0yj 27
svyj 27
suyj 27
sbyj 27
skyj 27
sryj 27
s7yj 27
seyj 27
siyj 27
sfyj 27
sayj 27
smyj 27
scyj 27
cx1j 27
srm 28
ckm 28
sci 28
shi 28
s2i 28
s6i 28
sli 28
soi 28
sqi 28
sji 28
sxi 28
sti 28
swi 28
s1f 28
s3f 28
sdf 28
syf 28
ssf 28
szf 28
sgf 28
s9f 28
snf 28
s4f 28
s8f 28
spf 28
s5f 28
s0f 28
svf 28
suf 28
sbf 28
skf 28
srf 28
s7f 28
sef 28
sif 28
sff 28
saf 28
smf 28
scf 28
shf 28
s2f 28
s6f 28
slf 28
sof 28
sqf 28
sjf 28
sxf 28
stf 28
swf 28
s1a 28
s3a 28
sda 28
sya 28
ssa 28
sza 28
sga 28
s9a 28
sna 28
s4a 28
s8a 28
spa 28
s5a 28
s0a 28
sva 28
sua 28
sba 28
ska 28
sra 28
s7a 28
sea 28
sia 28
sfa 28
saa 28
sma 28
sca 28
sha 28
s2a 28
s6a 28
sla 28
soa 28
sqa 28
sja 28
sxa 28
sta 28
swa 28
s1m 28
s3m 28
sdm 28
sym 28
ssm 28
szm 28
sgm 28
s9m 28
snm 28
s4m 28
s8m 28
spm 28
s5m 28
s0m 28
svm 28
sum 28
sbm 28
cmi 28
svbx 29
c0bx 29
si0x 29
sf0x 29
sa0x 29
sm0x 29
sc0x 29
sh0x 29
s20x 29
s60x 29
sl0x 29
so0x 29
sq0x 29
sj0x 29
sx0x 29
st0x 29
sw0x 29
s1vx 29
s3vx 29
sdvx 29
syvx 29
ssvx 29
szvx 29
sgvx 29
s9vx 29
snvx 29
s4vx 29
s8vx 29
spvx 29
s5vx 29
s0vx 29
svvx 29
suvx 29
sbvx 29
skvx 29
srvx 29
s7vx 29
sevx 29
sivx 29
sfvx 29
savx 29
smvx 29
scvx 29
shvx 29
s2vx 29
s6vx 29
slvx 29
sovx 29
sqvx 29
sjvx 29
sxvx 29
stvx 29
swvx 29
s1ux 29
s3ux 29
sdux 29
syux 29
ssux 29
szux 29
sgux 29
s9ux 29
snux 29
s4ux 29
s8ux 29
spux 29
s5ux 29
s0ux 29
svux 29
suux 29
sbux 29
skux 29
srux 29
s7ux 29
seux 29
siux 29
sfux 29
saux 29
smux 29
scux 29
shux 29
s2ux 29
s6ux 29
slux 29
soux 29
squx 29
sjux 29
sxux 29
stux 29
swux 29
s1bx 29
s3bx 29
sdbx 29
sybx 29
ssbx 29
szbx 29
sgbx 29
s9bx 29
snbx 29
s4bx 29
s8bx 29
spbx 29
s5bx 29
ce0x 29
su1t 30
cv1t 30
sfxx 30
saxx 30
smxx 30
scxx 30
shxx 30
s2xx 30
s6xx 30
slxx 30
soxx 30
sqxx 30
sjxx 30
sxxx 30
stxx 30
swxx 30
s1tx 30
s3tx 30
sdtx 30
sytx 30
sstx 30
sztx 30
sgtx 30
s9tx 30
sntx 30
s4tx 30
s8tx 30
sptx 30
s5tx 30
s0tx 30
svtx 30
sutx 30
sbtx 30
sktx 30
srtx 30
s7tx 30
setx 30
sitx 30
sftx 30
satx 30
smtx 30
sctx 30
shtx 30
s2tx 30
s6tx 30
sltx 30
sotx 30
sqtx 30
sjtx 30
sxtx 30
sttx 30
swtx 30
s1wx 30
s3wx 30
sdwx 30
sywx 30
sswx 30
szwx 30
sgwx 30
s9wx 30
snwx 30
s4wx 30
s8wx 30
spwx 30
s5wx 30
s0wx 30
svwx 30
suwx 30
sbwx 30
skwx 30
srwx 30
s7wx 30
sewx 30
siwx 30
sfwx 30
sawx 30
smwx 30
scwx 30
shwx 30
s2wx 30
s6wx 30
slwx 30
sowx 30
sqwx 30
sjwx 30
sxwx 30
stwx 30
swwx 30
s11t 30
s31t 30
sd1t 30
sy1t 30
ss1t 30
sz1t 30
sg1t 30
s91t 30
sn1t 30
s41t 30
s81t 30
sp1t 30
s51t 30
s01t 30
cixx 30
s47x 31
cn7x 31
sbbx 31
skbx 31
srbx 31
s7bx 31
sebx 31
sibx 31
sfbx 31
sabx 31
smbx 31
scbx 31
shbx 31
s2bx 31
s6bx 31
slbx 31
sobx 31
sqbx 31
sjbx 31
sxbx 31
stbx 31
swbx 31
s1kx 31
s3kx 31
sdkx 31
sykx 31
sskx 31
szkx 31
sgkx 31
s9kx 31
snkx 31
s4kx 31
s8kx 31
spkx 31
s5kx 31
s0kx 31
svkx 31
sukx 31
sbkx 31
skkx 31
srkx 31
s7kx 31
sekx 31
sikx 31
sfkx 31
sakx 31
smkx 31
sckx 31
shkx 31
s2kx 31
s6kx 31
slkx 31
sokx 31
sqkx 31
sjkx 31
sxkx 31
stkx 31
swkx 31
s1rx 31
s3rx 31
sdrx 31
syrx 31
ssrx 31
szrx 31
sgrx 31
s9rx 31
snrx 31
s4rx 31
s8rx 31
sprx 31
s5rx 31
s0rx 31
svrx 31
surx 31
sbrx 31
skrx 31
srrx 31
s7rx 31
serx 31
sirx 31
sfrx 31
sarx 31
smrx 31
scrx 31
shrx 31
s2rx 31
s6rx 31
slrx 31
sorx 31
sqrx 31
sjrx 31
sxrx 31
strx 31
swrx 31
s17x 31
s37x 31
sd7x 31
sy7x 31
ss7x 31
sz7x 31
sg7x 31
s97x 31
cubx 31
snwj 32
c9wj 32
sujj 32
sbjj 32
skjj 32
srjj 32
s7jj 32
sejj 32
sijj 32
sfjj 32
sajj 32
smjj 32
scjj 32
shjj 32
s2jj 32
s6jj 32
sljj 32
sojj 32
sqjj 32
sjjj 32
sxjj 32
stjj 32
swjj 32
s1xj 32
s3xj 32
sdxj 32
syxj 32
ssxj 32
szxj 32
sgxj 32
s9xj 32
snxj 32
s4xj 32
s8xj 32
spxj 32
s5xj 32
s0xj 32
svxj 32
suxj 32
sbxj 32
skxj 32
srxj 32
s7xj 32
sexj 32
sixj 32
sfxj 32
saxj 32
smxj 32
scxj 32
shxj 32
s2xj 32
s6xj 32
slxj 32
soxj 32
sqxj 32
sjxj 32
sxxj 32
stxj 32
swxj 32
s1tj 32
s3tj 32
sdtj 32
sytj 32
sstj 32
sztj 32
sgtj 32
s9tj 32
sntj 32
s4tj 32
s8tj 32
sptj 32
s5tj 32
s0tj 32
svtj 32
sutj 32
sbtj 32
sktj 32
srtj 32
s7tj 32
setj 32
sitj 32
sftj 32
satj 32
smtj 32
sctj 32
shtj 32
s2tj 32
s6tj 32
sltj 32
sotj 32
sqtj 32
sjtj 32
sxtj 32
sttj 32
swtj 32
s1wj 32
s3wj 32
sdwj 32
sywj 32
sswj 32
szwj 32
sgwj 32
cvjj 32
sm8x 33
ca8x 33
sq9x 33
sj9x 33
sx9x 33
st9x 33
sw9x 33
s1nx 33
s3nx 33
sdnx 33
synx 33
ssnx 33
sznx 33
sgnx 33
s9nx 33
snnx 33
s4nx 33
s8nx 33
spnx 33
s5nx 33
s0nx 33
svnx 33
sunx 33
sbnx 33
sknx 33
srnx 33
s7nx 33
senx 33
sinx 33
sfnx 33
sanx 33
smnx 33
scnx 33
shnx 33
s2nx 33
s6nx 33
slnx 33
sonx 33
sqnx 33
sjnx 33
sxnx 33
stnx 33
swnx 33
s14x 33
s34x 33
sd4x 33
sy4x 33
ss4x 33
sz4x 33
sg4x 33
s94x 33
sn4x 33
s44x 33
s84x 33
sp4x 33
s54x 33
s04x 33
sv4x 33
su4x 33
sb4x 33
sk4x 33
sr4x 33
s74x 33
se4x 33
si4x 33
sf4x 33
sa4x 33
sm4x 33
sc4x 33
sh4x 33
s24x 33
s64x 33
sl4x 33
so4x 33
sq4x 33
sj4x 33
sx4x 33
st4x 33
sw4x 33
s18x 33
s38x 33
sd8x 33
sy8x 33
ss8x 33
sz8x 33
sg8x 33
s98x 33
sn8x 33
s48x 33
s88x 33
sp8x 33
s58x 33
s08x 33
sv8x 33
su8x 33
sb8x 33
sk8x 33
sr8x 33
s78x 33
se8x 33
si8x 33
sf8x 33
co9x 33
sl9x 34
c69x 34
s1zx 34
s3zx 34
sdzx 34
syzx 34
sszx 34
szzx 34
sgzx 34
s9zx 34
snzx 34
s4zx 34
s8zx 34
spzx 34
s5zx 34
s0zx 34
svzx 34
suzx 34
sbzx 34
skzx 34
srzx 34
s7zx 34
sezx 34
sizx 34
sfzx 34
sazx 34
smzx 34
sczx 34
shzx 34
s2zx 34
s6zx 34
slzx 34
sozx 34
sqzx 34
sjzx 34
sxzx 34
stzx 34
swzx 34
s1gx 34
s3gx 34
sdgx 34
sygx 34
ssgx 34
szgx 34
sggx 34
s9gx 34
sngx 34
s4gx 34
s8gx 34
spgx 34
s5gx 34
s0gx 34
svgx 34
sugx 34
sbgx 34
skgx 34
srgx 34
s7gx 34
segx 34
sigx 34
sfgx 34
sagx 34
smgx 34
scgx 34
shgx 34
s2gx 34
s6gx 34
slgx 34
sogx 34
sqgx 34
sjgx 34
sxgx 34
stgx 34
swgx 34
s19x 34
s39x 34
sd9x 34
sy9x 34
ss9x 34
sz9x 34
sg9x 34
s99x 34
sn9x 34
s49x 34
s89x 34
sp9x 34
s59x 34
s09x 34
sv9x 34
su9x 34
sb9x 34
sk9x 34
sr9x 34
s79x 34
se9x 34
si9x 34
sf9x 34
sa9x 34
sm9x 34
sc9x 34
sh9x 34
s29x 34
cwsx 34
sks 35
cbs 35
sm3 35
sc3 35
sh3 35
s23 35
s63 35
sl3 35
so3 35
sq3 35
sj3 35
sx3 35
st3 35
sw3 35
s1d 35
s3d 35
sdd 35
syd 35
ssd 35
szd 35
sgd 35
s9d 35
snd 35
s4d 35
s8d 35
spd 35
s5d 35
s0d 35
svd 35
sud 35
sbd 35
skd 35
srd 35
s7d 35
sed 35
sid 35
sfd 35
sad 35
smd 35
scd 35
shd 35
s2d 35
s6d 35
sld 35
sod 35
sqd 35
sjd 35
sxd 35
std 35
swd 35
s1y 35
s3y 35
sdy 35
syy 35
ssy 35
szy 35
sgy 35
s9y 35
sny 35
s4y 35
s8y 35
spy 35
s5y 35
s0y 35
svy 35
suy 35
sby 35
sky 35
sry 35
s7y 35
sey 35
siy 35
sfy 35
say 35
smy 35
scy 35
shy 35
s2y 35
s6y 35
sly 35
soy 35
sqy 35
sjy 35
sxy 35
sty 35
swy 35
s1s 35
s3s 35
sds 35
sys 35
sss 35
szs 35
sgs 35
s9s 35
sns 35
s4s 35
s8s 35
sps 35
s5s 35
s0s 35
svs 35
sus 35
ca3 35
s70x 36
cr0x 36
sh8x 36
s28x 36
s68x 36
sl8x 36
so8x 36
sq8x 36
sj8x 36
sx8x 36
st8x 36
sw8x 36
s1px 36
s3px 36
sdpx 36
sypx 36
sspx 36
szpx 36
sgpx 36
s9px 36
snpx 36
s4px 36
s8px 36
sppx 36
s5px 36
s0px 36
svpx 36
supx 36
sbpx 36
skpx 36
srpx 36
s7px 36
sepx 36
sipx 36
sfpx 36
sapx 36
smpx 36
scpx 36
shpx 36
s2px 36
s6px 36
slpx 36
sopx 36
sqpx 36
sjpx 36
sxpx 36
stpx 36
swpx 36
s15x 36
s35x 36
sd5x 36
sy5x 36
ss5x 36
sz5x 36
sg5x 36
s95x 36
sn5x 36
s45x 36
s85x 36
sp5x 36
s55x 36
s05x 36
sv5x 36
su5x 36
sb5x 36
sk5x 36
sr5x 36
s75x 36
se5x 36
si5x 36
sf5x 36
sa5x 36
sm5x 36
sc5x 36
sh5x 36
s25x 36
s65x 36
sl5x 36
so5x 36
sq5x 36
sj5x 36
sx5x 36
st5x 36
sw5x 36
s10x 36
s30x 36
sd0x 36
sy0x 36
ss0x 36
sz0x 36
sg0x 36
s90x 36
sn0x 36
s40x 36
s80x 36
sp0x 36
s50x 36
s00x 36
sv0x 36
su0x 36
sb0x 36
sk0x 36
cc8x 36
sai 37
cfi 37
sor 37
sqr 37
sjr 37
sxr 37
str 37
swr 37
s17 37
s37 37
sd7 37
sy7 37
ss7 37
sz7 37
sg7 37
s97 37
sn7 37
s47 37
s87 37
sp7 37
s57 37
s07 37
sv7 37
su7 37
sb7 37
sk7 37
sr7 37
s77 37
se7 37
si7 37
sf7 37
sa7 37
sm7 37
sc7 37
sh7 37
s27 37
s67 37
sl7 37
so7 37
sq7 37
sj7 37
sx7 37
st7 37
sw7 37
s1e 37
s3e 37
sde 37
sye 37
sse 37
sze 37
sge 37
s9e 37
sne 37
s4e 37
s8e 37
spe 37
s5e 37
s0e 37
sve 37
sue 37
sbe 37
ske 37
sre 37
s7e 37
see 37
sie 37
sfe 37
sae 37
sme 37
sce 37
she 37
s2e 37
s6e 37
sle 37
soe 37
sqe 37
sje 37
sxe 37
ste 37
swe 37
s1i 37
s3i 37
sdi 37
syi 37
ssi 37
szi 37
sgi 37
s9i 37
sni 37
s4i 37
s8i 37
spi 37
s5i 37
s0i 37
svi 37
sui 37
sbi 37
ski 37
sri 37
s7i 37
sei 37
sii 37
clr 37
stsx 38
cxsx 38
szdx 38
sgdx 38
s9dx 38
sndx 38
s4dx 38
s8dx 38
spdx 38
s5dx 38
s0dx 38
svdx 38
sudx 38
sbdx 38
skdx 38
srdx 38
s7dx 38
sedx 38
sidx 38
sfdx 38
sadx 38
smdx 38
scdx 38
shdx 38
s2dx 38
s6dx 38
sldx 38
sodx 38
sqdx 38
sjdx 38
sxdx 38
stdx 38
swdx 38
s1yx 38
s3yx 38
sdyx 38
syyx 38
ssyx 38
szyx 38
sgyx 38
s9yx 38
snyx 38
s4yx 38
s8yx 38
spyx 38
s5yx 38
s0yx 38
svyx 38
suyx 38
sbyx 38
skyx 38
sryx 38
s7yx 38
seyx 38
siyx 38
sfyx 38
sayx 38
smyx 38
scyx 38
shyx 38
s2yx 38
s6yx 38
slyx 38
soyx 38
sqyx 38
sjyx 38
sxyx 38
styx 38
swyx 38
s1sx 38
s3sx 38
sdsx 38
sysx 38
sssx 38
szsx 38
sgsx 38
s9sx 38
snsx 38
s4sx 38
s8sx 38
spsx 38
s5sx 38
s0sx 38
svsx 38
susx 38
sbsx 38
sksx 38
srsx 38
s7sx 38
sesx 38
sisx 38
sfsx 38
sasx 38
smsx 38
scsx 38
shsx 38
s2sx 38
s6sx 38
slsx 38
sosx 38
sqsx 38
sjsx 38
csdx 38
sikt 39
cekt 39
s6vt 39
slvt 39
sovt 39
sqvt 39
sjvt 39
sxvt 39
stvt 39
swvt 39
s1ut 39
s3ut 39
sdut 39
syut 39
ssut 39
szut 39
sgut 39
s9ut 39
snut 39
s4ut 39
s8ut 39
sput 39
s5ut 39
s0ut 39
svut 39
suut 39
sbut 39
skut 39
srut 39
s7ut 39
seut 39
siut 39
sfut 39
saut 39
smut 39
scut 39
shut 39
s2ut 39
s6ut 39
slut 39
sout 39
squt 39
sjut 39
sxut 39
stut 39
swut 39
s1bt 39
s3bt 39
sdbt 39
sybt 39
ssbt 39
szbt 39
sgbt 39
s9bt 39
snbt 39
s4bt 39
s8bt 39
spbt 39
s5bt 39
s0bt 39
svbt 39
subt 39
sbbt 39
skbt 39
srbt 39
s7bt 39
sebt 39
sibt 39
sfbt 39
sabt 39
smbt 39
scbt 39
shbt 39
s2bt 39
s6bt 39
slbt 39
sobt 39
sqbt 39
sjbt 39
sxbt 39
stbt 39
swbt 39
s1kt 39
s3kt 39
sdkt 39
sykt 39
sskt 39
szkt 39
sgkt 39
s9kt 39
snkt 39
s4kt 39
s8kt 39
spkt 39
s5kt 39
s0kt 39
svkt 39
sukt 39
sbkt 39
skkt 39
srkt 39
s7kt 39
c2vt 39
shvt 40
ccvt 40
sxpt 40
stpt 40
swpt 40
s15t 40
s35t 40
sd5t 40
sy5t 40
ss5t 40
sz5t 40
sg5t 40
s95t 40
sn5t 40
s45t 40
s85t 40
sp5t 40
s55t 40
s05t 40
sv5t 40
su5t 40
sb5t 40
sk5t 40
sr5t 40
s75t 40
se5t 40
si5t 40
sf5t 40
sa5t 40
sm5t 40
sc5t 40
sh5t 40
s25t 40
s65t 40
sl5t 40
so5t 40
sq5t 40
sj5t 40
sx5t 40
st5t 40
sw5t 40
s10t 40
s30t 40
sd0t 40
sy0t 40
ss0t 40
sz0t 40
sg0t 40
s90t 40
sn0t 40
s40t 40
s80t 40
sp0t 40
s50t 40
s00t 40
sv0t 40
su0t 40
sb0t 40
sk0t 40
sr0t 40
s70t 40
se0t 40
si0t 40
sf0t 40
sa0t 40
sm0t 40
sc0t 40
sh0t 40
s20t 40
s60t 40
sl0t 40
so0t 40
sq0t 40
sj0t 40
sx0t 40
st0t 40
sw0t 40
s1vt 40
s3vt 40
sdvt 40
syvt 40
ssvt 40
szvt 40
sgvt 40
s9vt 40
snvt 40
s4vt 40
s8vt 40
spvt 40
s5vt 40
s0vt 40
svvt 40
suvt 40
sbvt 40
skvt 40
srvt 40
s7vt 40
sevt 40
sivt 40
sfvt 40
savt 40
smvt 40
cjpt 40
s02 41
c52 41
sem 41
sim 41
sfm 41
sam 41
smm 41
scm 41
shm 41
s2m 41
s6m 41
slm 41
som 41
sqm 41
sjm 41
sxm 41
stm 41
swm 41
s1c 41
s3c 41
sdc 41
syc 41
ssc 41
szc 41
sgc 41
s9c 41
snc 41
s4c 41
s8c 41
spc 41
s5c 41
s0c 41
svc 41
suc 41
sbc 41
skc 41
src 41
s7c 41
sec 41
sic 41
sfc 41
sac 41
smc 41
scc 41
shc 41
s2c 41
s6c 41
slc 41
soc 41
sqc 41
sjc 41
sxc 41
stc 41
swc 41
s1h 41
s3h 41
sdh 41
syh 41
ssh 41
szh 41
sgh 41
s9h 41
snh 41
s4h 41
s8h 41
sph 41
s5h 41
s0h 41
svh 41
suh 41
sbh 41
skh 41
srh 41
s7h 41
seh 41
sih 41
sfh 41
sah 41
smh 41
sch 41
shh 41
s2h 41
s6h 41
slh 41
soh 41
sqh 41
sjh 41
sxh 41
sth 41
swh 41
s12 41
s32 41
sd2 41
sy2 41
ss2 41
sz2 41
sg2 41
s92 41
sn2 41
s42 41
s82 41
sp2 41
c7m 41
sght 42
czht 42
s0at 42
svat 42
suat 42
sbat 42
skat 42
srat 42
s7at 42
seat 42
siat 42
sfat 42
saat 42
smat 42
scat 42
shat 42
s2at 42
s6at 42
slat 42
soat 42
sqat 42
sjat 42
sxat 42
stat 42
swat 42
s1mt 42
s3mt 42
sdmt 42
symt 42
ssmt 42
szmt 42
sgmt 42
s9mt 42
snmt 42
s4mt 42
s8mt 42
spmt 42
s5mt 42
s0mt 42
svmt 42
sumt 42
sbmt 42
skmt 42
srmt 42
s7mt 42
semt 42
simt 42
sfmt 42
samt 42
smmt 42
scmt 42
shmt 42
s2mt 42
s6mt 42
slmt 42
somt 42
sqmt 42
sjmt 42
sxmt 42
stmt 42
swmt 42
s1ct 42
s3ct 42
sdct 42
syct 42
ssct 42
szct 42
sgct 42
s9ct 42
snct 42
s4ct 42
s8ct 42
spct 42
s5ct 42
s0ct 42
svct 42
suct 42
sbct 42
skct 42
srct 42
s7ct 42
sect 42
sict 42
sfct 42
sact 42
smct 42
scct 42
shct 42
s2ct 42
s6ct 42
slct 42
soct 42
sqct 42
sjct 42
sxct 42
stct 42
swct 42
s1ht 42
s3ht 42
sdht 42
syht 42
ssht 42
c5at 42
scox 43
cmox 43
sj2x 43
sx2x 43
st2x 43
sw2x 43
s16x 43
s36x 43
sd6x 43
sy6x 43
ss6x 43
sz6x 43
sg6x 43
s96x 43
sn6x 43
s46x 43
s86x 43
sp6x 43
s56x 43
s06x 43
sv6x 43
su6x 43
sb6x 43
sk6x 43
sr6x 43
s76x 43
se6x 43
si6x 43
sf6x 43
sa6x 43
sm6x 43
sc6x 43
sh6x 43
s26x 43
s66x 43
sl6x 43
so6x 43
sq6x 43
sj6x 43
sx6x 43
st6x 43
sw6x 43
s1lx 43
s3lx 43
sdlx 43
sylx 43
sslx 43
szlx 43
sglx 43
s9lx 43
snlx 43
s4lx 43
s8lx 43
splx 43
s5lx 43
s0lx 43
svlx 43
sulx 43
sblx 43
sklx 43
srlx 43
s7lx 43
selx 43
silx 43
sflx 43
salx 43
smlx 43
sclx 43
shlx 43
s2lx 43
s6lx 43
sllx 43
solx 43
sqlx 43
sjlx 43
sxlx 43
stlx 43
swlx 43
s1ox 43
s3ox 43
sdox 43
syox 43
ssox 43
szox 43
sgox 43
s9ox 43
snox 43
s4ox 43
s8ox 43
spox 43
s5ox 43
s0ox 43
svox 43
suox 43
sbox 43
skox 43
srox 43
s7ox 43
seox 43
siox 43
sfox 43
saox 43
cq2x 43
so2x 44
cl2x 44
s3cx 44
sdcx 44
sycx 44
sscx 44
szcx 44
sgcx 44
s9cx 44
sncx 44
s4cx 44
s8cx 44
spcx 44
s5cx 44
s0cx 44
svcx 44
sucx 44
sbcx 44
skcx 44
srcx 44
s7cx 44
secx 44
sicx 44
sfcx 44
sacx 44
smcx 44
sccx 44
shcx 44
s2cx 44
s6cx 44
slcx 44
socx 44
sqcx 44
sjcx 44
sxcx 44
stcx 44
swcx 44
s1hx 44
s3hx 44
sdhx 44
syhx 44
sshx 44
szhx 44
sghx 44
s9hx 44
snhx 44
s4hx 44
s8hx 44
sphx 44
s5hx 44
s0hx 44
svhx 44
suhx 44
sbhx 44
skhx 44
srhx 44
s7hx 44
sehx 44
sihx 44
sfhx 44
sahx 44
smhx 44
schx 44
shhx 44
s2hx 44
s6hx 44
slhx 44
sohx 44
sqhx 44
sjhx 44
sxhx 44
sthx 44
swhx 44
s12x 44
s32x 44
sd2x 44
sy2x 44
ss2x 44
sz2x 44
sg2x 44
s92x 44
sn2x 44
s42x 44
s82x 44
sp2x 44
s52x 44
s02x 44
sv2x 44
su2x 44
sb2x 44
sk2x 44
sr2x 44
s72x 44
se2x 44
si2x 44
sf2x 44
sa2x 44
sm2x 44
sc2x 44
sh2x 44
s22x 44
s62x 44
c1cx 44
szgt 45
csgt 45
s5yt 45
s0yt 45
svyt 45
suyt 45
sbyt 45
skyt 45
sryt 45
s7yt 45
seyt 45
siyt 45
sfyt 45
sayt 45
smyt 45
scyt 45
shyt 45
s2yt 45
s6yt 45
slyt 45
soyt 45
sqyt 45
sjyt 45
sxyt 45
styt 45
swyt 45
s1st 45
s3st 45
sdst 45
syst 45
ssst 45
szst 45
sgst 45
s9st 45
snst 45
s4st 45
s8st 45
spst 45
s5st 45
s0st 45
svst 45
sust 45
sbst 45
skst 45
srst 45
s7st 45
sest 45
sist 45
sfst 45
sast 45
smst 45
scst 45
shst 45
s2st 45
s6st 45
slst 45
sost 45
sqst 45
sjst 45
sxst 45
stst 45
swst 45
s1zt 45
s3zt 45
sdzt 45
syzt 45
sszt 45
szzt 45
sgzt 45
s9zt 45
snzt 45
s4zt 45
s8zt 45
spzt 45
s5zt 45
s0zt 45
svzt 45
suzt 45
sbzt 45
skzt 45
srzt 45
s7zt 45
sezt 45
sizt 45
sfzt 45
sazt 45
smzt 45
sczt 45
shzt 45
s2zt 45
s6zt 45
slzt 45
sozt 45
sqzt 45
sjzt 45
sxzt 45
stzt 45
swzt 45
s1gt 45
s3gt 45
sdgt 45
sygt 45
cpyt 45
s14t 46
cwnt 46
s9gt 46
sngt 46
s4gt 46
s8gt 46
spgt 46
s5gt 46
s0gt 46
svgt 46
sugt 46
sbgt 46
skgt 46
srgt 46
s7gt 46
segt 46
sigt 46
sfgt 46
sagt 46
smgt 46
scgt 46
shgt 46
s2gt 46
s6gt 46
slgt 46
sogt 46
sqgt 46
sjgt 46
sxgt 46
stgt 46
swgt 46
s19t 46
s39t 46
sd9t 46
sy9t 46
ss9t 46
sz9t 46
sg9t 46
s99t 46
sn9t 46
s49t 46
s89t 46
sp9t 46
s59t 46
s09t 46
sv9t 46
su9t 46
sb9t 46
sk9t 46
sr9t 46
s79t 46
se9t 46
si9t 46
sf9t 46
sa9t 46
sm9t 46
sc9t 46
sh9t 46
s29t 46
s69t 46
sl9t 46
so9t 46
sq9t 46
sj9t 46
sx9t 46
st9t 46
sw9t 46
s1nt 46
s3nt 46
sdnt 46
synt 46
ssnt 46
sznt 46
sgnt 46
s9nt 46
snnt 46
s4nt 46
s8nt 46
spnt 46
s5nt 46
s0nt 46
svnt 46
sunt 46
sbnt 46
sknt 46
srnt 46
s7nt 46
sent 46
sint 46
sfnt 46
sant 46
smnt 46
scnt 46
shnt 46
s2nt 46
s6nt 46
slnt 46
sont 46
sqnt 46
sjnt 46
sxnt 46
stnt 46
cggt 46
s2tt 47
chtt 47
stqt 47
swqt 47
s1jt 47
s3jt 47
sdjt 47
syjt 47
ssjt 47
szjt 47
sgjt 47
s9jt 47
snjt 47
s4jt 47
s8jt 47
spjt 47
s5jt 47
s0jt 47
svjt 47
sujt 47
sbjt 47
skjt 47
srjt 47
s7jt 47
sejt 47
sijt 47
sfjt 47
sajt 47
smjt 47
scjt 47
shjt 47
s2jt 47
s6jt 47
sljt 47
sojt 47
sqjt 47
sjjt 47
sxjt 47
stjt 47
swjt 47
s1xt 47
s3xt 47
sdxt 47
syxt 47
ssxt 47
szxt 47
sgxt 47
s9xt 47
snxt 47
s4xt 47
s8xt 47
spxt 47
s5xt 47
s0xt 47
svxt 47
suxt 47
sbxt 47
skxt 47
srxt 47
s7xt 47
sext 47
sixt 47
sfxt 47
saxt 47
smxt 47
scxt 47
shxt 47
s2xt 47
s6xt 47
slxt 47
soxt 47
sqxt 47
sjxt 47
sxxt 47
stxt 47
swxt 47
s1tt 47
s3tt 47
sdtt 47
sytt 47
sstt 47
sztt 47
sgtt 47
s9tt 47
sntt 47
s4tt 47
s8tt 47
sptt 47
s5tt 47
s0tt 47
svtt 47
sutt 47
sbtt 47
sktt 47
srtt 47
s7tt 47
sett 47
sitt 47
sftt 47
satt 47
smtt 47
sctt 47
cxqt 47
s9uj 48
cguj 48
sv5j 48
su5j 48
sb5j 48
sk5j 48
sr5j 48
s75j 48
se5j 48
si5j 48
sf5j 48
sa5j 48
sm5j 48
sc5j 48
sh5j 48
s25j 48
s65j 48
sl5j 48
so5j 48
sq5j 48
sj5j 48
sx5j 48
st5j 48
sw5j 48
s10j 48
s30j 48
sd0j 48
sy0j 48
ss0j 48
sz0j 48
sg0j 48
s90j 48
sn0j 48
s40j 48
s80j 48
sp0j 48
s50j 48
s00j 48
sv0j 48
su0j 48
sb0j 48
sk0j 48
sr0j 48
s70j 48
se0j 48
si0j 48
sf0j 48
sa0j 48
sm0j 48
sc0j 48
sh0j 48
s20j 48
s60j 48
sl0j 48
so0j 48
sq0j 48
sj0j 48
sx0j 48
st0j 48
sw0j 48
s1vj 48
s3vj 48
sdvj 48
syvj 48
ssvj 48
szvj 48
sgvj 48
s9vj 48
snvj 48
s4vj 48
s8vj 48
spvj 48
s5vj 48
s0vj 48
svvj 48
suvj 48
sbvj 48
skvj 48
srvj 48
s7vj 48
sevj 48
sivj 48
sfvj 48
savj 48
smvj 48
scvj 48
shvj 48
s2vj 48
s6vj 48
slvj 48
sovj 48
sqvj 48
sjvj 48
sxvj 48
stvj 48
swvj 48
s1uj 48
s3uj 48
sduj 48
syuj 48
ssuj 48
szuj 48
c05j 48
sahj 49
cfhj 49
soaj 49
sqaj 49
sjaj 49
sxaj 49
staj 49
swaj 49
s1mj 49
s3mj 49
sdmj 49
symj 49
ssmj 49
szmj 49
sgmj 49
s9mj 49
snmj 49
s4mj 49
s8mj 49
spmj 49
s5mj 49
s0mj 49
svmj 49
sumj 49
sbmj 49
skmj 49
srmj 49
s7mj 49
semj 49
simj 49
sfmj 49
samj 49
smmj 49
scmj 49
shmj 49
s2mj 49
s6mj 49
slmj 49
somj 49
sqmj 49
sjmj 49
sxmj 49
stmj 49
swmj 49
s1cj 49
s3cj 49
sdcj 49
sycj 49
sscj 49
szcj 49
sgcj 49
s9cj 49
sncj 49
s4cj 49
s8cj 49
spcj 49
s5cj 49
s0cj 49
svcj 49
sucj 49
sbcj 49
skcj 49
srcj 49
s7cj 49
secj 49
sicj 49
sfcj 49
sacj 49
smcj 49
sccj 49
shcj 49
s2cj 49
s6cj 49
slcj 49
socj 49
sqcj 49
sjcj 49
sxcj 49
stcj 49
swcj 49
s1hj 49
s3hj 49
sdhj 49
syhj 49
sshj 49
szhj 49
sghj 49
s9hj 49
snhj 49
s4hj 49
s8hj 49
sphj 49
s5hj 49
s0hj 49
svhj 49
suhj 49
sbhj 49
skhj 49
srhj 49
s7hj 49
sehj 49
sihj 49
claj 49
