2244
st 0
cx 0
sj 0
sq 0
so 0
sl 0
s6 0
s2 0
sh 1
sc 2
sm 3
sa 4
sf 5
si 6
se 7
s7 8
sr 9
sk 10
sb 11
su 12
sv 13
s0 14
s5 15
sp 16
s8 17
s4 18
sn 19
s9 20
sg 21
sz 22
ss 23
sy 24
sd 25
s3 26
s1 27
swt 28
stt 29
sxt 30
sjt 31
sqt 32
sot 33
slt 34
s6t 35
s2t 36
sht 37
sct 38
smt 39
sat 40
sft 41
sit 42
set 43
s7t 44
srt 45
skt 46
sbt 47
sut 48
svt 49
s0t 50
s5t 51
spt 52
s8t 53
s4t 54
snt 55
s9t 56
sgt 57
szt 58
sst 59
syt 60
sdt 61
s3t 62
s1t 63
swx 64
stx 65
sxx 66
sjx 67
sqx 68
sox 69
slx 70
s6x 71
s2x 72
shx 73
scx 74
smx 75
sax 76
sfx 77
six 78
sex 79
s7x 80
srx 81
skx 82
sbx 83
sux 84
svx 85
s0x 86
s5x 87
spx 88
s8x 89
s4x 90
snx 91
s9x 92
sgx 93
szx 94
csx 33
syx 95
cdx 95
s3x 95
s1x 95
swj 95
stj 95
sxj 95
sjj 95
sqj 95
soj 96
slj 97
s6j 98
s2j 99
shj 0
scj 95
smj 99
saj 96
sfj 97
sij 98
sej 66
s7j 90
srj 74
skj 7
sbj 9
suj 38
svj 63
s0j 43
s5j 53
spj 57
s8j 94
s4j 15
snj 8
s9j 55
sgj 6
szj 41
ssj 75
syj 31
sdj 16
s3j 39
s1j 88
swq 58
stq 61
sxq 71
sjq 65
sqq 28
soq 56
slq 13
s6q 81
s2q 17
shq 29
scq 72
smq 27
saq 35
sfq 59
siq 10
seq 70
s7q 40
srq 24
skq 30
sbq 32
suq 73
svq 92
s0q 3
s5q 25
spq 22
s8q 12
s4q 42
snq 1
s9q 45
sgq 54
szq 78
ssq 95
syq 48
sdq 49
s3q 79
s1q 26
swo 91
sto 5
sxo 84
sjo 89
sqo 11
soo 60
slo 82
s6o 46
s2o 68
sho 85
sco 37
smo 80
sao 2
sfo 20
sio 21
seo 52
s7o 23
sro 93
sko 34
sbo 14
suo 69
svo 77
s0o 87
s5o 36
spo 44
s8o 0
c4o 69
sno 19
c9o 19
sgo 19
szo 19
sso 19
syo 19
sdo 19
s3o 19
s1o 19
swl 0
stl 1
sxl 2
sjl 3
sql 4
sol 5
sll 6
s6l 7
s2l 8
shl 9
scl 10
sml 11
sal 12
sfl 13
sil 14
sel 15
s7l 16
srl 17
skl 18
sbl 20
sul 21
svl 22
s0l 23
s5l 24
spl 25
s8l 26
s4l 27
snl 28
s9l 29
sgl 30
szl 31
ssl 32
syl 33
sdl 34
s3l 35
s1l 36
sw6 37
st6 38
sx6 39
sj6 40
sq6 41
so6 42
sl6 43
s66 44
s26 45
sh6 46
sc6 47
sm6 48
sa6 49
sf6 50
si6 51
se6 52
s76 53
sr6 54
sk6 55
sb6 56
su6 57
sv6 58
s06 59
s56 60
sp6 61
s86 62
s46 63
sn6 64
s96 65
sg6 66
sz6 67
ss6 68
sy6 69
sd6 70
s36 71
s16 72
sw2 73
st2 74
sx2 75
sj2 76
sq2 77
so2 78
sl2 79
s62 80
s22 81
sh2 82
sc2 83
sm2 84
sa2 85
sf2 86
si2 87
se2 88
s72 89
sr2 90
sk2 91
sb2 92
su2 93
cv2 59
s02 97
c52 97
sp2 97
s82 97
s42 97
sn2 97
s92 97
sg2 97
sz2 97
ss2 94
sy2 95
sd2 96
s32 98
s12 99
swh 0
sth 41
sxh 54
sjh 78
sqh 2
soh 91
slh 10
s6h 12
s2h 39
shh 82
sch 6
smh 81
sah 74
sfh 20
sih 97
seh 58
s7h 8
srh 53
skh 70
sbh 31
suh 29
svh 47
s0h 66
s5h 56
sph 65
s8h 76
s4h 7
snh 9
s9h 16
sgh 60
szh 4
ssh 18
syh 46
sdh 40
s3h 83
s1h 72
swc 19
stc 27
sxc 71
sjc 32
sqc 92
soc 77
slc 33
s6c 34
s2c 98
shc 14
scc 86
smc 89
sac 99
sfc 5
sic 22
sec 25
s7c 67
src 45
skc 80
sbc 35
suc 36
svc 63
s0c 73
s5c 21
spc 23
s8c 48
s4c 17
snc 84
s9c 93
sgc 26
szc 42
ssc 75
syc 87
sdc 94
s3c 11
s1c 15
swm 30
stm 96
sxm 64
sjm 43
sqm 51
som 3
slm 13
s6m 68
s2m 79
shm 61
scm 88
smm 37
sam 57
sfm 44
sim 62
sem 90
c7m 63
srm 28
ckm 28
sbm 28
sum 28
svm 28
s0m 28
s5m 28
spm 28
s8m 28
s4m 0
snm 1
s9m 2
sgm 3
szm 4
ssm 5
sym 6
sdm 7
s3m 8
s1m 9
swa 10
sta 11
sxa 12
sja 13
sqa 14
soa 15
sla 16
s6a 17
s2a 18
sha 19
sca 20
sma 21
saa 22
sfa 23
sia 24
sea 25
s7a 26
sra 27
ska 29
sba 30
sua 31
sva 32
s0a 33
s5a 34
spa 35
s8a 36
s4a 37
sna 38
s9a 39
sga 40
sza 41
ssa 42
sya 43
sda 44
s3a 45
s1a 46
swf 47
stf 48
sxf 49
sjf 50
sqf 51
sof 52
slf 53
s6f 54
s2f 55
shf 56
scf 57
smf 58
saf 59
sff 60
sif 61
sef 62
s7f 63
srf 64
skf 65
sbf 66
suf 67
svf 68
s0f 69
s5f 70
spf 71
s8f 72
s4f 73
snf 74
s9f 75
sgf 76
szf 77
ssf 78
syf 79
sdf 80
s3f 81
s1f 82
swi 83
sti 84
sxi 85
sji 86
sqi 87
soi 88
sli 89
s6i 90
s2i 91
shi 92
sci 93
cmi 2
sai 95
cfi 95
sii 95
sei 95
s7i 95
sri 95
ski 95
sbi 95
sui 95
svi 95
s0i 94
s5i 96
spi 97
s8i 98
s4i 99
sni 28
s9i 84
sgi 86
szi 10
ssi 18
syi 25
sdi 96
s3i 21
s1i 37
swe 76
ste 52
sxe 44
sje 24
sqe 90
soe 8
sle 40
s6e 50
s2e 53
she 87
sce 81
sme 67
sae 60
sfe 65
sie 55
see 82
s7e 16
sre 4
ske 7
sbe 27
sue 79
sve 99
s0e 92
s5e 0
spe 41
s8e 46
s4e 62
sne 20
s9e 68
sge 17
sze 72
sse 57
sye 59
sde 58
s3e 31
s1e 70
sw7 94
st7 64
sx7 26
sj7 12
sq7 66
so7 93
sl7 9
s67 75
s27 15
sh7 74
sc7 5
sm7 61
sa7 13
sf7 85
si7 42
se7 47
s77 83
sr7 80
sk7 36
sb7 6
su7 30
sv7 39
s07 45
s57 56
sp7 38
s87 34
s47 51
sn7 89
s97 32
sg7 35
sz7 22
ss7 97
sy7 91
sd7 11
s37 23
s17 29
swr 33
str 14
sxr 63
sjr 73
sqr 3
sor 54
clr 51
s6r 95
c2r 95
shr 95
scr 95
smr 95
sar 95
sfr 95
sir 95
ser 95
s7r 95
srr 0
skr 1
sbr 2
sur 3
svr 4
s0r 5
s5r 6
spr 7
s8r 8
s4r 9
snr 10
s9r 11
sgr 12
szr 13
ssr 14
syr 15
sdr 16
s3r 17
s1r 18
swk 19
stk 20
sxk 21
sjk 22
sqk 23
sok 24
slk 25
s6k 26
s2k 27
shk 28
sck 29
smk 30
sak 31
sfk 32
sik 33
sek 34
s7k 35
srk 36
skk 37
sbk 38
suk 39
svk 40
s0k 41
s5k 42
spk 43
s8k 44
s4k 45
snk 46
s9k 47
sgk 48
szk 49
ssk 50
syk 51
sdk 52
s3k 53
s1k 54
swb 55
stb 56
sxb 57
sjb 58
sqb 59
sob 60
slb 61
s6b 62
s2b 63
shb 64
scb 65
smb 66
sab 67
sfb 68
sib 69
seb 70
s7b 71
srb 72
skb 73
sbb 74
sub 75
svb 76
s0b 77
s5b 78
spb 79
s8b 80
s4b 81
snb 82
s9b 83
sgb 84
szb 85
ssb 86
syb 87
sdb 88
s3b 89
s1b 90
swu 91
ctu 73
sxu 98
cju 98
squ 98
sou 98
slu 98
s6u 98
s2u 98
shu 98
scu 98
smu 92
sau 93
sfu 94
siu 96
seu 97
s7u 99
sru 95
sku 35
sbu 77
suu 23
svu 24
s0u 57
s5u 39
spu 34
s8u 59
s4u 79
snu 54
s9u 83
sgu 13
szu 19
ssu 64
syu 51
sdu 52
s3u 78
s1u 58
swv 91
stv 14
sxv 62
sjv 8
sqv 68
sov 22
slv 38
s6v 2
s2v 66
shv 31
scv 98
smv 11
sav 76
sfv 86
siv 20
sev 21
s7v 28
srv 55
skv 5
sbv 48
suv 67
svv 85
s0v 0
s5v 69
spv 84
s8v 3
s4v 30
snv 26
s9v 32
sgv 87
szv 80
ssv 60
syv 71
sdv 46
s3v 72
s1v 90
sw0 65
st0 45
sx0 74
sj0 12
sq0 1
so0 37
sl0 40
s60 29
s20 25
sh0 15
sc0 18
sm0 41
sa0 81
sf0 27
si0 9
se0 82
s70 17
sr0 33
sk0 6
sb0 43
su0 36
sv0 56
s00 42
s50 53
sp0 16
s80 47
s40 61
sn0 95
s90 10
sg0 96
sz0 44
ss0 7
cy0 56
sd0 75
c30 75
s10 75
sw5 75
st5 75
sx5 75
sj5 75
sq5 75
so5 75
sl5 0
s65 1
s25 2
sh5 3
sc5 4
sm5 5
sa5 6
sf5 7
si5 8
se5 9
s75 10
sr5 11
sk5 12
sb5 13
su5 14
sv5 15
s05 16
s55 17
sp5 18
s85 19
s45 20
sn5 21
s95 22
sg5 23
sz5 24
ss5 25
sy5 26
sd5 27
s35 28
s15 29
swp 30
stp 31
sxp 32
sjp 33
sqp 34
sop 35
slp 36
s6p 37
s2p 38
shp 39
scp 40
smp 41
sap 42
sfp 43
sip 44
sep 45
s7p 46
srp 47
skp 48
sbp 49
sup 50
svp 51
s0p 52
s5p 53
spp 54
s8p 55
s4p 56
snp 57
s9p 58
sgp 59
szp 60
ssp 61
syp 62
sdp 63
s3p 64
s1p 65
sw8 66
st8 67
sx8 68
sj8 69
sq8 70
so8 71
sl8 72
s68 73
s28 74
sh8 76
sc8 77
sm8 78
sa8 79
sf8 80
si8 81
se8 82
s78 83
sr8 84
sk8 85
sb8 86
su8 87
sv8 88
s08 89
s58 90
sp8 91
s88 92
s48 93
cn8 48
s98 97
cg8 97
sz8 97
ss8 97
sy8 97
sd8 97
s38 97
s18 97
sw4 97
st4 97
sx4 94
sj4 95
sq4 96
so4 98
sl4 99
s64 75
s24 58
sh4 2
sc4 5
sm4 8
sa4 60
sf4 84
si4 66
se4 73
s74 65
sr4 89
sk4 40
sb4 20
su4 43
sv4 26
s04 68
s54 24
sp4 41
s84 3
s44 56
sn4 18
s94 9
sg4 57
sz4 38
ss4 16
sy4 82
sd4 46
s34 70
s14 80
swn 85
stn 72
sxn 13
sjn 12
sqn 74
son 81
sln 97
s6n 39
s2n 77
shn 28
scn 30
smn 98
san 92
sfn 50
sin 61
sen 64
s7n 94
srn 55
skn 76
sbn 25
sun 14
svn 11
s0n 33
s5n 88
spn 0
s8n 4
s4n 62
snn 6
s9n 49
sgn 54
szn 87
ssn 51
syn 93
sdn 23
s3n 45
s1n 91
sw9 19
st9 86
sx9 32
sj9 47
sq9 83
so9 1
sl9 59
s69 78
s29 17
sh9 52
sc9 63
sm9 34
sa9 10
sf9 42
si9 7
se9 79
s79 44
sr9 53
sk9 29
sb9 27
su9 31
sv9 71
c09 44
s59 15
cp9 15
s89 15
s49 15
sn9 15
s99 15
sg9 15
sz9 15
ss9 15
sy9 15
sd9 0
s39 1
s19 2
swg 3
stg 4
sxg 5
sjg 6
sqg 7
sog 8
slg 9
s6g 10
s2g 11
shg 12
scg 13
smg 14
sag 16
sfg 17
sig 18
seg 19
s7g 20
srg 21
skg 22
sbg 23
sug 24
svg 25
s0g 26
s5g 27
spg 28
s8g 29
s4g 30
sng 31
s9g 32
sgg 33
szg 34
ssg 35
syg 36
sdg 37
s3g 38
s1g 39
swz 40
stz 41
sxz 42
sjz 43
sqz 44
soz 45
slz 46
s6z 47
s2z 48
shz 49
scz 50
smz 51
saz 52
sfz 53
siz 54
sez 55
s7z 56
srz 57
skz 58
sbz 59
suz 60
svz 61
s0z 62
s5z 63
spz 64
s8z 65
s4z 66
snz 67
s9z 68
sgz 69
szz 70
ssz 71
syz 72
sdz 73
s3z 74
s1z 75
sws 76
sts 77
sxs 78
sjs 79
sqs 80
sos 81
sls 82
s6s 83
s2s 84
shs 85
scs 86
sms 87
sas 88
sfs 89
sis 90
ses 91
s7s 92
crs 87
sks 95
cbs 95
sus 95
svs 95
s0s 95
s5s 95
sps 95
s8s 95
s4s 95
sns 95
s9s 93
sgs 94
szs 96
sss 97
sys 98
sds 99
s3s 15
s1s 95
swy 4
sty 22
sxy 27
sjy 63
sqy 2
soy 60
sly 88
s6y 41
s2y 54
shy 6
scy 33
smy 49
say 72
sfy 11
siy 69
sey 5
s7y 66
sry 76
sky 90
sby 71
suy 83
svy 29
s0y 1
s5y 89
spy 92
s8y 8
s4y 23
sny 74
s9y 57
sgy 20
szy 52
ssy 58
syy 78
sdy 17
s3y 70
s1y 14
swd 79
std 15
sxd 35
sjd 45
sqd 32
sod 12
sld 25
s6d 10
s2d 38
shd 13
scd 48
smd 85
sad 44
sfd 34
sid 0
sed 50
s7d 55
srd 43
skd 26
sbd 36
sud 51
svd 93
s0d 47
s5d 68
spd 21
s8d 28
s4d 18
snd 73
s9d 39
sgd 77
szd 31
ssd 81
syd 46
sdd 59
s3d 96
s1d 42
sw3 37
st3 3
sx3 62
sj3 84
sq3 24
so3 9
sl3 56
s63 91
s23 94
sh3 98
sc3 82
sm3 80
ca3 94
sf3 97
ci3 97
se3 97
s73 97
sr3 97
sk3 97
sb3 97
su3 97
sv3 97
s03 97
s53 0
sp3 1
s83 2
s43 3
sn3 4
s93 5
sg3 6
sz3 7
ss3 8
sy3 9
sd3 10
s33 11
s13 12
sw1 13
st1 14
sx1 15
sj1 16
sq1 17
so1 18
sl1 19
s61 20
s21 21
sh1 22
sc1 23
sm1 24
sa1 25
sf1 26
si1 27
se1 28
s71 29
sr1 30
sk1 31
sb1 32
su1 33
sv1 34
s01 35
s51 36
sp1 37
s81 38
s41 39
sn1 40
s91 41
sg1 42
sz1 43
ss1 44
sy1 45
sd1 46
s31 47
s11 48
swwt 49
stwt 50
sxwt 51
sjwt 52
sqwt 53
sowt 54
slwt 55
s6wt 56
s2wt 57
shwt 58
scwt 59
smwt 60
sawt 61
sfwt 62
siwt 63
sewt 64
s7wt 65
srwt 66
skwt 67
sbwt 68
suwt 69
svwt 70
s0wt 71
s5wt 72
spwt 73
s8wt 74
s4wt 75
snwt 76
s9wt 77
sgwt 78
szwt 79
sswt 80
sywt 81
sdwt 82
s3wt 83
s1wt 84
swtt 85
sttt 86
sxtt 87
sjtt 88
sqtt 89
sott 90
sltt 91
c6tt 63
s2tt 99
chtt 99
sctt 99
smtt 99
satt 99
sftt 99
sitt 99
sett 99
s7tt 99
srtt 92
sktt 93
sbtt 94
sutt 95
svtt 96
s0tt 98
s5tt 97
sptt 99
s8tt 96
s4tt 52
sntt 59
s9tt 61
sgtt 12
sztt 38
sstt 54
sytt 86
sdtt 93
s3tt 67
s1tt 71
swxt 72
stxt 74
sxxt 13
sjxt 83
sqxt 35
soxt 1
slxt 70
s6xt 98
s2xt 51
shxt 81
scxt 80
smxt 31
saxt 50
sfxt 15
sixt 6
sext 7
s7xt 57
srxt 76
skxt 33
sbxt 68
suxt 43
svxt 39
s0xt 49
s5xt 69
spxt 8
s8xt 28
s4xt 41
snxt 64
s9xt 97
sgxt 32
szxt 30
ssxt 79
syxt 45
sdxt 9
s3xt 92
s1xt 95
swjt 29
stjt 88
sxjt 0
sjjt 2
sqjt 21
sojt 4
sljt 22
s6jt 55
s2jt 26
shjt 34
scjt 91
smjt 16
sajt 60
sfjt 85
sijt 47
sejt 66
s7jt 40
srjt 56
skjt 23
sbjt 46
sujt 25
svjt 94
s0jt 44
s5jt 48
spjt 90
s8jt 19
s4jt 84
snjt 3
s9jt 77
sgjt 18
szjt 17
ssjt 75
syjt 14
sdjt 36
s3jt 37
s1jt 78
swqt 27
stqt 87
cxqt 90
sjqt 42
cqqt 42
soqt 42
slqt 42
s6qt 42
s2qt 42
shqt 42
scqt 42
smqt 42
saqt 0
sfqt 1
siqt 2
seqt 3
s7qt 4
srqt 5
skqt 6
sbqt 7
suqt 8
svqt 9
s0qt 10
s5qt 11
spqt 12
s8qt 13
s4qt 14
snqt 15
s9qt 16
sgqt 17
szqt 18
ssqt 19
syqt 20
sdqt 21
s3qt 22
s1qt 23
swot 24
stot 25
sxot 26
sjot 27
sqot 28
soot 29
slot 30
s6ot 31
s2ot 32
shot 33
scot 34
smot 35
saot 36
sfot 37
siot 38
seot 39
s7ot 40
srot 41
skot 43
sbot 44
suot 45
svot 46
s0ot 47
s5ot 48
spot 49
s8ot 50
s4ot 51
snot 52
s9ot 53
sgot 54
szot 55
ssot 56
syot 57
sdot 58
s3ot 59
s1ot 60
swlt 61
stlt 62
sxlt 63
sjlt 64
sqlt 65
solt 66
sllt 67
s6lt 68
s2lt 69
shlt 70
sclt 71
smlt 72
salt 73
sflt 74
silt 75
selt 76
s7lt 77
srlt 78
sklt 79
sblt 80
sult 81
svlt 82
s0lt 83
s5lt 84
splt 85
s8lt 86
s4lt 87
snlt 88
s9lt 89
sglt 90
szlt 91
sslt 92
sylt 93
cdlt 52
s3lt 99
c1lt 99
sw6t 99
st6t 99
sx6t 99
sj6t 99
sq6t 99
so6t 99
sl6t 99
s66t 42
s26t 94
sh6t 95
sc6t 96
sm6t 97
sa6t 98
sf6t 30
si6t 24
se6t 47
s76t 7
sr6t 6
sk6t 8
sb6t 32
su6t 79
sv6t 31
s06t 44
s56t 93
sp6t 26
s86t 75
s46t 80
sn6t 14
s96t 81
sg6t 86
sz6t 91
ss6t 72
sy6t 41
sd6t 43
s36t 36
s16t 13
sw2t 84
st2t 59
sx2t 87
sj2t 54
sq2t 5
so2t 22
sl2t 29
s62t 33
s22t 49
sh2t 77
sc2t 21
sm2t 70
sa2t 99
sf2t 83
si2t 62
se2t 12
s72t 45
sr2t 82
sk2t 53
sb2t 94
su2t 58
sv2t 46
s02t 17
s52t 20
sp2t 42
s82t 48
s42t 50
sn2t 95
s92t 55
sg2t 61
sz2t 85
ss2t 89
sy2t 97
sd2t 9
s32t 51
s12t 3
swht 4
stht 56
sxht 66
sjht 73
sqht 78
soht 98
slht 40
s6ht 15
s2ht 65
shht 0
scht 18
smht 2
saht 57
sfht 71
siht 27
seht 28
s7ht 37
srht 74
skht 63
sbht 16
suht 25
svht 34
s0ht 88
s5ht 68
spht 76
s8ht 90
s4ht 1
snht 11
c9ht 88
sght 10
czht 10
ssht 10
syht 10
sdht 10
s3ht 10
s1ht 10
swct 10
stct 10
sxct 0
sjct 1
sqct 2
soct 3
slct 4
s6ct 5
s2ct 6
shct 7
scct 8
smct 9
sact 11
sfct 12
sict 13
sect 14
s7ct 15
srct 16
skct 17
sbct 18
suct 19
svct 20
s0ct 21
s5ct 22
spct 23
s8ct 24
s4ct 25
snct 26
s9ct 27
sgct 28
szct 29
ssct 30
syct 31
sdct 32
s3ct 33
s1ct 34
swmt 35
stmt 36
sxmt 37
sjmt 38
sqmt 39
somt 40
slmt 41
s6mt 42
s2mt 43
shmt 44
scmt 45
smmt 46
samt 47
sfmt 48
simt 49
semt 50
s7mt 51
srmt 52
skmt 53
sbmt 54
sumt 55
svmt 56
s0mt 57
s5mt 58
spmt 59
s8mt 60
s4mt 61
snmt 62
s9mt 63
sgmt 64
szmt 65
ssmt 66
symt 67
sdmt 68
s3mt 69
s1mt 70
swat 71
stat 72
sxat 73
sjat 74
sqat 75
soat 76
slat 77
s6at 78
s2at 79
shat 80
scat 81
smat 82
saat 83
sfat 84
siat 85
seat 86
s7at 87
srat 88
skat 89
sbat 90
suat 91
svat 92
s0at 93
c5at 68
spat 96
c8at 96
s4at 96
snat 96
s9at 96
sgat 96
szat 96
ssat 96
syat 96
sdat 94
s3at 95
s1at 97
swft 98
stft 99
sxft 10
sjft 47
sqft 0
soft 77
slft 93
s6ft 74
s2ft 19
shft 59
scft 51
smft 41
saft 96
sfft 26
sift 61
seft 12
s7ft 49
srft 52
skft 9
sbft 78
suft 27
svft 11
s0ft 42
s5ft 54
spft 88
s8ft 91
s4ft 5
snft 13
s9ft 45
sgft 22
szft 44
ssft 90
syft 58
sdft 64
s3ft 65
s1ft 6
swit 48
stit 7
sxit 32
sjit 94
sqit 84
soit 62
slit 76
s6it 16
s2it 40
shit 4
scit 25
smit 81
sait 14
sfit 28
siit 31
seit 35
s7it 73
srit 98
skit 38
sbit 15
suit 20
svit 36
s0it 53
s5it 92
spit 71
s8it 24
s4it 95
snit 56
s9it 86
sgit 63
szit 72
ssit 87
syit 2
sdit 43
s3it 69
s1it 34
swet 82
stet 89
sxet 33
sjet 67
sqet 21
soet 39
slet 17
s6et 29
s2et 57
shet 66
scet 79
smet 1
saet 18
sfet 46
siet 75
seet 80
s7et 3
sret 37
cket 80
sbet 55
cuet 55
svet 55
s0et 55
s5et 55
spet 55
s8et 55
s4et 55
snet 55
s9et 0
sget 1
szet 2
sset 3
syet 4
sdet 5
s3et 6
s1et 7
sw7t 8
st7t 9
sx7t 10
sj7t 11
sq7t 12
so7t 13
sl7t 14
s67t 15
s27t 16
sh7t 17
sc7t 18
sm7t 19
sa7t 20
sf7t 21
si7t 22
se7t 23
s77t 24
sr7t 25
sk7t 26
sb7t 27
su7t 28
sv7t 29
s07t 30
s57t 31
sp7t 32
s87t 33
s47t 34
sn7t 35
s97t 36
sg7t 37
sz7t 38
ss7t 39
sy7t 40
sd7t 41
s37t 42
s17t 43
swrt 44
strt 45
sxrt 46
sjrt 47
sqrt 48
sort 49
slrt 50
s6rt 51
s2rt 52
shrt 53
scrt 54
smrt 56
sart 57
sfrt 58
sirt 59
sert 60
s7rt 61
srrt 62
skrt 63
sbrt 64
surt 65
svrt 66
s0rt 67
s5rt 68
sprt 69
s8rt 70
s4rt 71
snrt 72
s9rt 73
sgrt 74
szrt 75
ssrt 76
syrt 77
sdrt 78
s3rt 79
s1rt 80
swkt 81
stkt 82
sxkt 83
sjkt 84
sqkt 85
sokt 86
slkt 87
s6kt 88
s2kt 89
shkt 90
sckt 91
smkt 92
sakt 93
cfkt 93
sikt 97
cekt 97
s7kt 97
srkt 97
skkt 97
sbkt 97
sukt 97
svkt 97
s0kt 97
s5kt 97
spkt 55
s8kt 94
s4kt 95
snkt 96
s9kt 98
sgkt 99
szkt 20
sskt 34
sykt 36
sdkt 37
s3kt 24
s1kt 30
swbt 58
stbt 80
sxbt 28
sjbt 3
sqbt 70
sobt 90
slbt 79
s6bt 64
s2bt 27
shbt 31
scbt 7
smbt 21
sabt 11
sfbt 39
sibt 0
sebt 26
s7bt 17
srbt 73
skbt 19
sbbt 41
subt 51
svbt 10
s0bt 74
s5bt 47
spbt 89
s8bt 2
s4bt 54
snbt 59
s9bt 77
sgbt 75
szbt 76
ssbt 81
sybt 14
sdbt 15
s3bt 33
s1bt 46
swut 9
stut 62
sxut 18
sjut 68
squt 38
sout 72
slut 42
s6ut 56
s2ut 61
shut 12
scut 86
smut 69
saut 85
sfut 82
siut 6
seut 22
s7ut 25
srut 88
skut 32
sbut 49
suut 63
svut 35
s0ut 50
s5ut 78
sput 44
s8ut 5
s4ut 57
snut 40
s9ut 43
sgut 71
szut 8
ssut 16
syut 83
sdut 66
s3ut 53
s1ut 92
swvt 1
stvt 48
sxvt 91
sjvt 23
sqvt 29
sovt 52
slvt 65
s6vt 67
c2vt 91
shvt 13
ccvt 13
smvt 13
savt 13
sfvt 13
sivt 13
sevt 13
s7vt 13
srvt 13
skvt 13
sqpt 45
copt 45
slpt 45
s6pt 45
s2pt 45
shpt 45
s14t 84
cwnt 84
stnt 84
sxnt 84
sjnt 84
sqnt 84
szgt 4
csgt 4
sygt 4
sdgt 4
s3gt 4
s1gt 4
s8yt 87
c4yt 87
snyt 87
s9yt 87
sgyt 87
szyt 87
ssyt 87
syyt 87
sdyt 87
su1t 96
sexx 60
c7xx 60
srxx 60
skxx 60
sbxx 60
suxx 60
svxx 60
s0xx 60
scox 98
so2x 28
cl2x 28
s62x 28
s22x 28
sh2x 28
sc2x 28
sm2x 28
sa2x 28
sf2x 28
si2x 0
swmx 3
ctmx 3
sxmx 3
sjmx 3
sqmx 3
somx 3
slmx 3
ssfx 94
cyfx 94
sdfx 94
s3fx 94
s1fx 94
swix 94
stix 94
sxix 94
s47x 55
cn7x 55
s97x 55
sg7x 55
sz7x 55
ss7x 55
sy7x 55
sd7x 55
svbx 95
c0bx 95
s5bx 95
spbx 95
s8bx 95
s4bx 95
snbx 95
s9bx 95
sgbx 95
s70x 30
cr0x 30
sk0x 30
sb0x 30
su0x 30
sv0x 30
s00x 30
sm8x 7
ca8x 7
sf8x 7
si8x 7
se8x 7
s78x 7
sr8x 7
sl9x 24
c69x 24
s29x 24
sh9x 24
sc9x 24
sm9x 24
sa9x 24
sf9x 24
si9x 24
stsx 20
cxsx 20
sjsx 20
sqsx 20
sosx 20
slsx 20
s6sx 20
sydx 97
cddx 97
s3dx 97
s1dx 97
sw3x 97
st3x 97
sx3x 97
snwj 99
c9wj 99
sgwj 99
szwj 99
sswj 99
sywj 99
sdwj 99
s0jj 37
c5jj 37
spjj 37
s8jj 37
s4jj 37
srlj 36
cklj 36
sblj 36
sulj 36
svlj 36
s0lj 36
s5lj 36
sahj 75
s6aj 33
sxej 27
cjej 27
sqej 27
soej 27
slej 27
s6ej 27
s2ej 27
sdrj 12
c3rj 12
s1rj 12
swkj 12
stkj 12
sxkj 12
sjkj 12
sqkj 12
sokj 12
s9uj 77
s55j 68
cp5j 68
s85j 68
s45j 68
sn5j 68
s95j 68
sg5j 68
sk4j 81
cb4j 81
su4j 81
sv4j 81
s04j 81
s54j 81
sfgj 26
s2yj 2
chyj 2
scyj 2
smyj 2
sayj 2
sfyj 2
