5150
spat 0
c8at 0
s4at 0
snat 0
s9at 0
sgat 0
szat 0
ssat 0
syat 0
sdat 1
s3at 2
s1at 3
swft 4
stft 5
sxft 6
sjft 7
sqft 8
soft 9
slft 10
s6ft 11
s2ft 12
shft 13
scft 14
smft 15
saft 16
sfft 17
sift 18
seft 19
s7ft 20
srft 21
skft 22
sbft 23
suft 24
svft 25
s0ft 26
s5ft 27
spft 28
s8ft 29
s4ft 30
snft 31
s9ft 32
sgft 33
szft 34
ssft 35
syft 36
sdft 37
s3ft 38
s1ft 39
swit 40
stit 41
sxit 42
sjit 43
sqit 44
soit 45
slit 46
s6it 47
s2it 48
shit 49
scit 50
smit 51
sait 52
sfit 53
siit 54
seit 55
s7it 56
srit 57
skit 58
sbit 59
suit 60
svit 61
s0it 62
s5it 63
spit 64
s8it 65
s4it 66
snit 67
s9it 68
sgit 69
szit 70
ssit 71
syit 72
sdit 73
s3it 74
s1it 75
swet 76
stet 77
sxet 78
sjet 79
sqet 80
soet 81
slet 82
s6et 83
s2et 84
shet 85
scet 86
smet 87
saet 88
sfet 89
siet 90
seet 91
s7et 92
sret 93
cket 91
s6r 94
c2r 94
shr 94
scr 94
smr 94
sar 94
sfr 94
sir 94
ser 94
s7r 94
srr 95
skr 96
sbr 97
sur 98
svr 99
s0r 94
s5r 0
spr 81
s8r 35
s4r 12
snr 57
s9r 61
sgr 97
szr 80
ssr 48
syr 1
sdr 18
s3r 63
s1r 22
swk 85
stk 95
sxk 65
sjk 83
sqk 87
sok 98
slk 58
s6k 19
s2k 67
shk 55
sck 71
smk 50
sak 52
sfk 90
sik 13
sek 10
s7k 40
srk 41
skk 4
sbk 47
suk 62
svk 28
s0k 17
s5k 21
spk 2
s8k 51
s4k 69
snk 96
s9k 72
sgk 11
szk 9
ssk 27
syk 8
sdk 46
s3k 89
s1k 92
swb 33
stb 30
sxb 86
sjb 16
sqb 23
sob 59
slb 26
s6b 70
s2b 44
shb 36
scb 54
smb 38
sab 45
sfb 82
sib 25
seb 7
s7b 15
srb 56
skb 77
sbb 78
sub 31
svb 42
s0b 68
s5b 14
spb 99
s8b 3
s4b 6
snb 34
s9b 20
sgb 53
szb 32
ssb 5
syb 76
sdb 39
s3b 66
s1b 93
swu 74
ctu 77
swmx 79
ctmx 79
sxmx 79
sjmx 79
sqmx 79
somx 79
slmx 79
s6mx 79
s2mx 0
shmx 1
scmx 2
smmx 3
samx 4
sfmx 5
simx 6
semx 7
s7mx 8
srmx 9
skmx 10
sbmx 11
sumx 12
svmx 13
s0mx 14
s5mx 15
spmx 16
s8mx 17
s4mx 18
snmx 19
s9mx 20
sgmx 21
szmx 22
ssmx 23
symx 24
sdmx 25
s3mx 26
s1mx 27
swax 28
stax 29
sxax 30
sjax 31
sqax 32
soax 33
slax 34
s6ax 35
s2ax 36
shax 37
scax 38
smax 39
saax 40
sfax 41
siax 42
seax 43
s7ax 44
srax 45
skax 46
sbax 47
suax 48
svax 49
s0ax 50
s5ax 51
spax 52
s8ax 53
s4ax 54
snax 55
s9ax 56
sgax 57
szax 58
ssax 59
syax 60
sdax 61
s3ax 62
s1ax 63
swfx 64
stfx 65
sxfx 66
sjfx 67
sqfx 68
sofx 69
slfx 70
s6fx 71
s2fx 72
shfx 73
scfx 74
smfx 75
safx 76
sffx 77
sifx 78
sefx 80
s7fx 81
srfx 82
skfx 83
sbfx 84
sufx 85
svfx 86
s0fx 87
s5fx 88
spfx 89
s8fx 90
s4fx 91
snfx 92
s9fx 93
sgfx 94
czfx 23
sexx 98
c7xx 98
srxx 98
skxx 98
sbxx 98
suxx 98
svxx 98
s0xx 98
s5xx 98
spxx 79
s8xx 95
s4xx 96
snxx 97
s9xx 99
sgxx 98
szxx 31
ssxx 32
syxx 53
sdxx 46
s3xx 67
s1xx 19
swjx 63
stjx 48
sxjx 80
sjjx 45
sqjx 94
sojx 13
sljx 16
s6jx 11
s2jx 57
shjx 93
scjx 27
smjx 44
sajx 3
sfjx 84
sijx 54
sejx 83
s7jx 86
srjx 30
skjx 50
sbjx 81
sujx 18
svjx 29
s0jx 56
s5jx 25
spjx 74
s8jx 34
s4jx 47
snjx 38
s9jx 5
sgjx 10
szjx 21
ssjx 24
syjx 52
sdjx 64
s3jx 65
s1jx 73
swqx 33
stqx 51
sxqx 71
sjqx 0
sqqx 26
soqx 43
slqx 2
s6qx 90
s2qx 15
shqx 20
scqx 69
smqx 66
saqx 22
sfqx 89
siqx 12
seqx 92
s7qx 7
srqx 35
skqx 1
sbqx 55
suqx 77
svqx 60
s0qx 8
s5qx 28
spqx 88
s8qx 58
s4qx 99
snqx 6
s9qx 49
sgqx 82
szqx 72
ssqx 79
syqx 85
sdqx 41
s3qx 75
s1qx 62
swox 14
stox 97
sxox 17
sjox 36
sqox 68
soox 39
slox 61
s6ox 78
s2ox 70
chox 36
s0jj 9
c5jj 9
spjj 9
s8jj 9
s4jj 9
snjj 9
s9jj 9
sgjj 9
szjj 9
ssjj 0
syjj 1
sdjj 2
s3jj 3
s1jj 4
swqj 5
stqj 6
sxqj 7
sjqj 8
sqqj 10
soqj 11
slqj 12
s6qj 13
s2qj 14
shqj 15
scqj 16
smqj 17
saqj 18
sfqj 19
siqj 20
seqj 21
s7qj 22
srqj 23
skqj 24
sbqj 25
suqj 26
svqj 27
s0qj 28
s5qj 29
spqj 30
s8qj 31
s4qj 32
snqj 33
s9qj 34
sgqj 35
szqj 36
ssqj 37
syqj 38
sdqj 39
s3qj 40
s1qj 41
swoj 42
stoj 43
sxoj 44
sjoj 45
sqoj 46
sooj 47
sloj 48
s6oj 49
s2oj 50
shoj 51
scoj 52
smoj 53
saoj 54
sfoj 55
sioj 56
seoj 57
s7oj 58
sroj 59
skoj 60
sboj 61
suoj 62
svoj 63
s0oj 64
s5oj 65
spoj 66
s8oj 67
s4oj 68
snoj 69
s9oj 70
sgoj 71
szoj 72
ssoj 73
syoj 74
sdoj 75
s3oj 76
s1oj 77
swlj 78
stlj 79
sxlj 80
sjlj 81
sqlj 82
solj 83
sllj 84
s6lj 85
s2lj 86
shlj 87
sclj 88
smlj 89
salj 90
sflj 91
silj 92
selj 93
c7lj 67
sf3 96
ci3 96
se3 96
s73 96
sr3 96
sk3 96
sb3 96
su3 96
sv3 96
s03 96
s53 94
sp3 95
s83 97
s43 98
sn3 99
s93 96
sg3 9
sz3 18
ss3 59
sy3 69
sd3 91
s33 37
s13 54
sw1 3
st1 73
sx1 4
sj1 25
sq1 93
so1 56
sl1 95
s61 42
s21 44
sh1 33
sc1 28
sm1 90
sa1 71
sf1 8
si1 27
se1 82
s71 0
sr1 11
sk1 39
sb1 45
su1 61
sv1 66
s01 72
s51 29
sp1 49
s81 92
s41 64
sn1 65
s91 2
sg1 88
sz1 7
ss1 10
sy1 14
sd1 15
s31 31
s11 58
swwt 19
stwt 60
sxwt 62
sjwt 94
sqwt 97
sowt 36
slwt 46
s6wt 50
s2wt 89
shwt 32
scwt 99
smwt 40
sawt 74
sfwt 43
siwt 20
sewt 75
s7wt 52
srwt 86
skwt 79
sbwt 68
suwt 57
svwt 87
s0wt 51
s5wt 80
spwt 98
s8wt 53
s4wt 70
snwt 26
s9wt 13
sgwt 17
szwt 47
sswt 84
sywt 1
sdwt 12
s3wt 41
s1wt 30
swtt 38
sttt 77
sxtt 22
sjtt 85
sqtt 23
sott 48
sltt 81
c6tt 12
srlj 83
cklj 83
sblj 83
sulj 83
svlj 83
s0lj 83
s5lj 83
splj 83
s8lj 83
s4lj 0
snlj 1
s9lj 2
sglj 3
szlj 4
sslj 5
sylj 6
sdlj 7
s3lj 8
s1lj 9
sw6j 10
st6j 11
sx6j 12
sj6j 13
sq6j 14
so6j 15
sl6j 16
s66j 17
s26j 18
sh6j 19
sc6j 20
sm6j 21
sa6j 22
sf6j 23
si6j 24
se6j 25
s76j 26
sr6j 27
sk6j 28
sb6j 29
su6j 30
sv6j 31
s06j 32
s56j 33
sp6j 34
s86j 35
s46j 36
sn6j 37
s96j 38
sg6j 39
sz6j 40
ss6j 41
sy6j 42
sd6j 43
s36j 44
s16j 45
sw2j 46
st2j 47
sx2j 48
sj2j 49
sq2j 50
so2j 51
sl2j 52
s62j 53
s22j 54
sh2j 55
sc2j 56
sm2j 57
sa2j 58
sf2j 59
si2j 60
se2j 61
s72j 62
sr2j 63
sk2j 64
sb2j 65
su2j 66
sv2j 67
s02j 68
s52j 69
sp2j 70
s82j 71
s42j 72
sn2j 73
s92j 74
sg2j 75
sz2j 76
ss2j 77
sy2j 78
sd2j 79
s32j 80
s12j 81
swhj 82
sthj 84
sxhj 85
sjhj 86
sqhj 87
sohj 88
slhj 89
s6hj 90
s2hj 91
shhj 92
schj 93
cmhj 39
sjqt 96
cqqt 96
soqt 96
slqt 96
s6qt 96
s2qt 96
shqt 96
scqt 96
smqt 96
saqt 94
sfqt 95
siqt 97
seqt 98
s7qt 99
srqt 96
skqt 62
sbqt 73
suqt 92
svqt 33
s0qt 91
s5qt 78
spqt 1
s8qt 28
s4qt 52
snqt 53
s9qt 79
sgqt 40
szqt 70
ssqt 31
syqt 44
sdqt 69
s3qt 66
s1qt 67
swot 56
stot 9
sxot 26
sjot 50
sqot 55
soot 68
slot 46
s6ot 96
s2ot 20
shot 6
scot 34
smot 41
saot 76
sfot 83
siot 17
seot 48
s7ot 16
srot 57
skot 80
sbot 19
suot 42
svot 51
s0ot 18
s5ot 54
spot 65
s8ot 24
s4ot 90
snot 23
s9ot 35
sgot 43
szot 98
ssot 99
syot 4
sdot 85
s3ot 29
s1ot 14
swlt 49
stlt 45
sxlt 7
sjlt 81
sqlt 82
solt 94
sllt 10
s6lt 72
s2lt 97
shlt 75
sclt 0
smlt 86
salt 2
sflt 95
silt 30
selt 13
s7lt 38
srlt 60
sklt 74
sblt 12
sult 58
svlt 63
s0lt 11
s5lt 8
splt 21
s8lt 93
s4lt 3
snlt 15
s9lt 88
sglt 5
szlt 77
sslt 87
sylt 25
cdlt 5
sxej 32
cjej 32
sqej 32
soej 32
slej 32
s6ej 32
s2ej 32
shej 32
scej 32
smej 0
saej 1
sfej 2
siej 3
seej 4
s7ej 5
srej 6
skej 7
sbej 8
suej 9
svej 10
s0ej 11
s5ej 12
spej 13
s8ej 14
s4ej 15
snej 16
s9ej 17
sgej 18
szej 19
ssej 20
syej 21
sdej 22
s3ej 23
s1ej 24
sw7j 25
st7j 26
sx7j 27
sj7j 28
sq7j 29
so7j 30
sl7j 31
s67j 33
s27j 34
sh7j 35
sc7j 36
sm7j 37
sa7j 38
sf7j 39
si7j 40
se7j 41
s77j 42
sr7j 43
sk7j 44
sb7j 45
su7j 46
sv7j 47
s07j 48
s57j 49
sp7j 50
s87j 51
s47j 52
sn7j 53
s97j 54
sg7j 55
sz7j 56
ss7j 57
sy7j 58
sd7j 59
s37j 60
s17j 61
swrj 62
strj 63
sxrj 64
sjrj 65
sqrj 66
sorj 67
slrj 68
s6rj 69
s2rj 70
shrj 71
scrj 72
smrj 73
sarj 74
sfrj 75
sirj 76
serj 77
s7rj 78
srrj 79
skrj 80
sbrj 81
surj 82
svrj 83
s0rj 84
s5rj 85
sprj 86
s8rj 87
s4rj 88
snrj 89
s9rj 90
sgrj 91
szrj 92
ssrj 93
cyrj 0
st 96
cx 96
sj 96
sq 96
so 96
sl 96
s6 96
s2 96
sh 32
sc 94
sm 95
sa 97
sf 98
si 99
se 96
s7 3
sr 90
sk 33
sb 9
su 1
sv 44
s0 46
s5 89
sp 72
s8 73
s4 66
sn 13
s9 60
sg 23
sz 28
ss 51
sy 75
sd 91
s3 12
s1 52
swt 68
stt 77
sxt 43
sjt 58
sqt 83
sot 87
slt 8
s6t 74
s2t 21
sht 93
sct 39
smt 70
sat 81
sft 86
sit 5
set 31
s7t 67
srt 82
skt 4
sbt 56
sut 48
svt 78
s0t 40
s5t 47
spt 92
s8t 88
s4t 41
snt 42
s9t 26
sgt 35
szt 54
sst 59
syt 80
sdt 7
s3t 37
s1t 10
swx 71
stx 30
sxx 84
sjx 15
sqx 50
sox 65
slx 19
s6x 99
s2x 34
shx 96
scx 14
smx 76
sax 38
sfx 85
six 29
sex 49
s7x 24
srx 16
skx 18
sbx 20
sux 79
svx 17
s0x 36
s5x 61
spx 53
s8x 69
s4x 62
snx 6
s9x 11
sgx 2
szx 22
csx 2
s8yt 27
c4yt 27
snyt 27
s9yt 27
sgyt 27
szyt 27
ssyt 27
syyt 27
sdyt 27
s3yt 0
s1yt 1
swdt 2
stdt 3
sxdt 4
sjdt 5
sqdt 6
sodt 7
sldt 8
s6dt 9
s2dt 10
shdt 11
scdt 12
smdt 13
sadt 14
sfdt 15
sidt 16
sedt 17
s7dt 18
srdt 19
skdt 20
sbdt 21
sudt 22
svdt 23
s0dt 24
s5dt 25
spdt 26
s8dt 28
s4dt 29
sndt 30
s9dt 31
sgdt 32
szdt 33
ssdt 34
sydt 35
sddt 36
s3dt 37
s1dt 38
sw3t 39
st3t 40
sx3t 41
sj3t 42
sq3t 43
so3t 44
sl3t 45
s63t 46
s23t 47
sh3t 48
sc3t 49
sm3t 50
sa3t 51
sf3t 52
si3t 53
se3t 54
s73t 55
sr3t 56
sk3t 57
sb3t 58
su3t 59
sv3t 60
s03t 61
s53t 62
sp3t 63
s83t 64
s43t 65
sn3t 66
s93t 67
sg3t 68
sz3t 69
ss3t 70
sy3t 71
sd3t 72
s33t 73
s13t 74
sw1t 75
st1t 76
sx1t 77
sj1t 78
sq1t 79
so1t 80
sl1t 81
s61t 82
s21t 83
sh1t 84
sc1t 85
sm1t 86
sa1t 87
sf1t 88
si1t 89
se1t 90
s71t 91
sr1t 92
sk1t 93
cb1t 9
s6aj 95
c2aj 95
shaj 95
scaj 95
smaj 95
saaj 95
sfaj 95
siaj 95
seaj 95
s7aj 27
sraj 94
skaj 96
sbaj 97
suaj 98
svaj 99
s0aj 95
s5aj 34
spaj 35
s8aj 19
s4aj 37
snaj 56
s9aj 22
sgaj 12
szaj 8
ssaj 76
syaj 18
sdaj 67
s3aj 1
s1aj 45
swfj 14
stfj 46
sxfj 61
sjfj 0
sqfj 28
sofj 39
slfj 66
s6fj 69
s2fj 97
shfj 68
scfj 63
smfj 6
safj 80
sffj 50
sifj 71
sefj 17
s7fj 33
srfj 79
skfj 30
sbfj 87
sufj 88
svfj 5
s0fj 27
s5fj 57
spfj 29
s8fj 92
s4fj 13
snfj 59
s9fj 3
sgfj 38
szfj 32
ssfj 43
syfj 52
sdfj 86
s3fj 2
s1fj 93
swij 16
stij 40
sxij 74
sjij 23
sqij 42
soij 10
slij 47
s6ij 64
s2ij 72
shij 24
scij 99
smij 53
saij 73
sfij 31
siij 70
seij 60
s7ij 11
srij 49
skij 26
sbij 48
suij 54
svij 7
s0ij 55
s5ij 25
spij 41
s8ij 20
s4ij 51
snij 83
s9ij 84
sgij 96
szij 15
ssij 44
syij 85
sdij 62
s3ij 21
s1ij 75
swej 65
ctej 15
sd0 58
c30 58
s10 58
sw5 58
st5 58
sx5 58
sj5 58
sq5 58
so5 58
sl5 0
s65 1
s25 2
sh5 3
sc5 4
sm5 5
sa5 6
sf5 7
si5 8
se5 9
s75 10
sr5 11
sk5 12
sb5 13
su5 14
sv5 15
s05 16
s55 17
sp5 18
s85 19
s45 20
sn5 21
s95 22
sg5 23
sz5 24
ss5 25
sy5 26
sd5 27
s35 28
s15 29
swp 30
stp 31
sxp 32
sjp 33
sqp 34
sop 35
slp 36
s6p 37
s2p 38
shp 39
scp 40
smp 41
sap 42
sfp 43
sip 44
sep 45
s7p 46
srp 47
skp 48
sbp 49
sup 50
svp 51
s0p 52
s5p 53
spp 54
s8p 55
s4p 56
snp 57
s9p 59
sgp 60
szp 61
ssp 62
syp 63
sdp 64
s3p 65
s1p 66
sw8 67
st8 68
sx8 69
sj8 70
sq8 71
so8 72
sl8 73
s68 74
s28 75
sh8 76
sc8 77
sm8 78
sa8 79
sf8 80
si8 81
se8 82
s78 83
sr8 84
sk8 85
sb8 86
su8 87
sv8 88
s08 89
s58 90
sp8 91
s88 92
s48 93
cn8 48
sxu 94
cju 94
squ 94
sou 94
slu 94
s6u 94
s2u 94
shu 94
scu 94
smu 95
sau 96
sfu 97
siu 98
seu 99
s7u 58
sru 94
sku 59
sbu 2
suu 5
svu 8
s0u 61
s5u 84
spu 67
s8u 74
s4u 66
snu 89
s9u 40
sgu 20
szu 43
ssu 26
syu 69
sdu 24
s3u 41
s1u 3
swv 56
stv 18
sxv 9
sjv 57
sqv 38
sov 16
slv 82
s6v 46
s2v 71
shv 80
scv 85
smv 98
sav 73
sfv 13
siv 12
sev 75
s7v 81
srv 95
skv 39
sbv 99
suv 77
svv 28
s0v 30
s5v 92
spv 97
s8v 50
s4v 62
snv 96
s9v 65
sgv 55
szv 76
ssv 25
syv 14
sdv 11
s3v 33
s1v 88
sw0 0
st0 4
sx0 63
sj0 6
sq0 49
so0 54
sl0 87
s60 51
s20 93
sh0 23
sc0 45
sm0 91
sa0 19
sf0 86
si0 32
se0 47
s70 83
sr0 1
sk0 60
sb0 94
su0 78
sv0 17
s00 52
s50 64
sp0 34
s80 10
s40 42
sn0 7
s90 79
sg0 44
sz0 53
ss0 29
cy0 17
ssfx 27
cyfx 27
sdfx 27
s3fx 27
s1fx 27
swix 27
stix 27
sxix 27
sjix 27
sqix 0
soix 1
slix 2
s6ix 3
s2ix 4
shix 5
scix 6
smix 7
saix 8
sfix 9
siix 10
seix 11
s7ix 12
srix 13
skix 14
sbix 15
suix 16
svix 17
s0ix 18
s5ix 19
spix 20
s8ix 21
s4ix 22
snix 23
s9ix 24
sgix 25
szix 26
ssix 28
syix 29
sdix 30
s3ix 31
s1ix 32
swex 33
stex 34
sxex 35
sjex 36
sqex 37
soex 38
slex 39
s6ex 40
s2ex 41
shex 42
scex 43
smex 44
saex 45
sfex 46
siex 47
seex 48
s7ex 49
srex 50
skex 51
sbex 52
suex 53
svex 54
s0ex 55
s5ex 56
spex 57
s8ex 58
s4ex 59
snex 60
s9ex 61
sgex 62
szex 63
ssex 64
syex 65
sdex 66
s3ex 67
s1ex 68
sw7x 69
st7x 70
sx7x 71
sj7x 72
sq7x 73
so7x 74
sl7x 75
s67x 76
s27x 77
sh7x 78
sc7x 79
sm7x 80
sa7x 81
sf7x 82
si7x 83
se7x 84
s77x 85
sr7x 86
sk7x 87
sb7x 88
su7x 89
sv7x 90
s07x 91
s57x 92
sp7x 93
c87x 20
sqpt 98
copt 98
slpt 98
s6pt 98
s2pt 98
shpt 98
scpt 98
smpt 98
sapt 98
sfpt 98
sipt 8
sept 10
s7pt 14
srpt 15
skpt 18
sbpt 24
supt 26
svpt 27
s0pt 29
s5pt 30
sppt 31
s8pt 38
s4pt 39
snpt 43
s9pt 44
sgpt 53
szpt 59
sspt 63
sypt 64
sdpt 72
s3pt 75
s1pt 76
sw8t 77
st8t 78
sx8t 81
sj8t 93
sq8t 94
so8t 95
sl8t 96
s68t 97
s28t 99
sh8t 9
sc8t 11
sm8t 57
sa8t 17
sf8t 56
si8t 4
se8t 52
s78t 32
sr8t 79
sk8t 87
sb8t 51
su8t 58
sv8t 3
s08t 50
s58t 22
sp8t 34
s88t 71
s48t 0
sn8t 60
s98t 7
sg8t 25
sz8t 62
ss8t 47
sy8t 54
sd8t 36
s38t 61
s18t 73
sw4t 1
st4t 12
sx4t 21
sj4t 28
sq4t 6
so4t 23
sl4t 89
s64t 5
s24t 80
sh4t 92
sc4t 42
sm4t 65
sa4t 19
sf4t 74
si4t 49
se4t 83
s74t 88
sr4t 66
sk4t 70
sb4t 37
su4t 90
sv4t 16
s04t 35
s54t 84
sp4t 86
s84t 55
s44t 85
sn4t 98
s94t 33
sg4t 13
sz4t 40
ss4t 41
sy4t 91
sd4t 2
c34t 5
sno 45
c9o 45
sgo 45
szo 45
sso 45
syo 45
sdo 45
s3o 45
s1o 45
swl 0
stl 1
sxl 2
sjl 3
sql 4
sol 5
sll 6
s6l 7
s2l 8
shl 9
scl 10
sml 11
sal 12
sfl 13
sil 14
sel 15
s7l 16
srl 17
skl 18
sbl 19
sul 20
svl 21
s0l 22
s5l 23
spl 24
s8l 25
s4l 26
snl 27
s9l 28
sgl 29
szl 30
ssl 31
syl 32
sdl 33
s3l 34
s1l 35
sw6 36
st6 37
sx6 38
sj6 39
sq6 40
so6 41
sl6 42
s66 43
s26 44
sh6 46
sc6 47
sm6 48
sa6 49
sf6 50
si6 51
se6 52
s76 53
sr6 54
sk6 55
sb6 56
su6 57
sv6 58
s06 59
s56 60
sp6 61
s86 62
s46 63
sn6 64
s96 65
sg6 66
sz6 67
ss6 68
sy6 69
sd6 70
s36 71
s16 72
sw2 73
st2 74
sx2 75
sj2 76
sq2 77
so2 78
sl2 79
s62 80
s22 81
sh2 82
sc2 83
sm2 84
sa2 85
sf2 86
si2 87
se2 88
s72 89
sr2 90
sk2 91
sb2 92
su2 93
cv2 59
sfgj 97
cigj 97
segj 97
s7gj 97
srgj 97
skgj 97
sbgj 97
sugj 97
svgj 97
s0gj 94
s5gj 95
spgj 96
s8gj 98
s4gj 99
sngj 0
s9gj 40
sggj 54
szgj 78
ssgj 2
sygj 91
sdgj 10
s3gj 12
s1gj 38
swzj 82
stzj 6
sxzj 81
sjzj 74
sqzj 19
sozj 58
slzj 8
s6zj 53
s2zj 70
shzj 30
sczj 28
smzj 47
sazj 66
sfzj 56
sizj 65
sezj 76
s7zj 7
srzj 9
skzj 16
sbzj 60
suzj 4
svzj 18
s0zj 46
s5zj 39
spzj 83
s8zj 97
s4zj 72
snzj 45
s9zj 26
sgzj 71
szzj 31
sszj 92
syzj 77
sdzj 32
s3zj 33
s1zj 14
swsj 86
stsj 89
sxsj 5
sjsj 21
sqsj 24
sosj 67
slsj 44
s6sj 80
s2sj 34
shsj 35
scsj 63
smsj 73
sasj 20
sfsj 22
sisj 48
sesj 17
s7sj 84
srsj 93
sksj 25
sbsj 41
susj 75
svsj 87
s0sj 11
s5sj 15
spsj 29
s8sj 64
s4sj 95
snsj 42
s9sj 51
sgsj 3
szsj 13
sssj 68
sysj 79
sdsj 94
s3sj 61
s1sj 88
swyj 36
styj 57
sxyj 43
sjyj 62
sqyj 90
soyj 27
slyj 37
c6yj 64
sdrj 52
c3rj 52
s1rj 52
swkj 52
stkj 52
sxkj 52
sjkj 52
sqkj 52
sokj 52
slkj 0
s6kj 1
s2kj 2
shkj 3
sckj 4
smkj 5
sakj 6
sfkj 7
sikj 8
sekj 9
s7kj 10
srkj 11
skkj 12
sbkj 13
sukj 14
svkj 15
s0kj 16
s5kj 17
spkj 18
s8kj 19
s4kj 20
snkj 21
s9kj 22
sgkj 23
szkj 24
sskj 25
sykj 26
sdkj 27
s3kj 28
s1kj 29
swbj 30
stbj 31
sxbj 32
sjbj 33
sqbj 34
sobj 35
slbj 36
s6bj 37
s2bj 38
shbj 39
scbj 40
smbj 41
sabj 42
sfbj 43
sibj 44
sebj 45
s7bj 46
srbj 47
skbj 48
sbbj 49
subj 50
svbj 51
s0bj 53
s5bj 54
spbj 55
s8bj 56
s4bj 57
snbj 58
s9bj 59
sgbj 60
szbj 61
ssbj 62
sybj 63
sdbj 64
s3bj 65
s1bj 66
swuj 67
stuj 68
sxuj 69
sjuj 70
squj 71
souj 72
sluj 73
s6uj 74
s2uj 75
shuj 76
scuj 77
smuj 78
sauj 79
sfuj 80
siuj 81
seuj 82
s7uj 83
sruj 84
skuj 85
sbuj 86
suuj 87
svuj 88
s0uj 89
s5uj 90
spuj 91
s8uj 92
s4uj 93
cnuj 31
s59 98
cp9 98
s89 98
s49 98
sn9 98
s99 98
sg9 98
sz9 98
ss9 98
sy9 98
sd9 94
s39 95
s19 96
swg 97
stg 99
sxg 98
sjg 49
sqg 1
sog 11
slg 34
s6g 63
s2g 91
shg 89
scg 22
smg 2
sag 45
sfg 66
sig 39
seg 25
s7g 62
srg 6
skg 27
sbg 77
sug 99
svg 4
s0g 38
s5g 74
spg 73
s8g 96
s4g 8
sng 32
s9g 60
sgg 3
szg 72
ssg 42
syg 81
sdg 5
s3g 51
s1g 61
swz 69
stz 35
sxz 46
sjz 76
sqz 87
soz 17
slz 68
s6z 67
s2z 14
shz 26
scz 41
smz 95
saz 37
sfz 50
siz 58
sez 33
s7z 70
srz 93
skz 18
sbz 75
suz 29
svz 30
s0z 64
s5z 78
spz 88
s8z 36
s4z 9
snz 40
s9z 65
sgz 82
szz 83
ssz 52
syz 12
sdz 47
s3z 55
s1z 71
sws 94
sts 7
sxs 48
sjs 59
sqs 13
sos 98
sls 84
s6s 10
s2s 57
shs 90
scs 56
sms 54
sas 86
sfs 92
sis 28
ses 44
s7s 16
crs 54
syx 21
cdx 21
s3x 21
s1x 21
swj 21
stj 21
sxj 21
sjj 21
sqj 21
soj 0
slj 1
s6j 2
s2j 3
shj 4
scj 5
smj 6
saj 7
sfj 8
sij 9
sej 10
s7j 11
srj 12
skj 13
sbj 14
suj 15
svj 16
s0j 17
s5j 18
spj 19
s8j 20
s4j 22
snj 23
s9j 24
sgj 25
szj 26
ssj 27
syj 28
sdj 29
s3j 30
s1j 31
swq 32
stq 33
sxq 34
sjq 35
sqq 36
soq 37
slq 38
s6q 39
s2q 40
shq 41
scq 42
smq 43
saq 44
sfq 45
siq 46
seq 47
s7q 48
srq 49
skq 50
sbq 51
suq 52
svq 53
s0q 54
s5q 55
spq 56
s8q 57
s4q 58
snq 59
s9q 60
sgq 61
szq 62
ssq 63
syq 64
sdq 65
s3q 66
s1q 67
swo 68
sto 69
sxo 70
sjo 71
sqo 72
soo 73
slo 74
s6o 75
s2o 76
sho 77
sco 78
smo 79
sao 80
sfo 81
sio 82
seo 83
s7o 84
sro 85
sko 86
sbo 87
suo 88
svo 89
s0o 90
s5o 91
spo 92
s8o 93
c4o 88
sbet 97
cuet 97
svet 97
s0et 97
s5et 97
spet 97
s8et 97
s4et 97
snet 97
s9et 94
sget 95
szet 96
sset 98
syet 99
sdet 97
s3et 28
s1et 21
sw7t 25
st7t 82
sx7t 84
sj7t 85
sq7t 43
so7t 44
sl7t 81
s67t 52
s27t 66
sh7t 33
sc7t 83
sm7t 53
sa7t 19
sf7t 54
si7t 38
se7t 74
s77t 35
sr7t 58
sk7t 3
sb7t 93
su7t 5
sv7t 16
s07t 51
s57t 76
sp7t 55
s87t 60
s47t 89
sn7t 0
s97t 17
sg7t 1
sz7t 47
ss7t 92
sy7t 98
sd7t 18
s37t 20
s17t 14
swrt 67
strt 37
sxrt 90
sjrt 13
sqrt 41
sort 64
slrt 94
s6rt 40
s2rt 9
shrt 48
scrt 80
smrt 69
sart 56
sfrt 70
sirt 2
sert 79
s7rt 96
srrt 86
skrt 34
sbrt 11
surt 72
svrt 26
s0rt 39
s5rt 31
sprt 77
s8rt 63
s4rt 8
snrt 45
s9rt 12
sgrt 46
szrt 65
ssrt 87
syrt 4
sdrt 22
s3rt 61
s1rt 75
swkt 30
stkt 32
sxkt 23
sjkt 91
sqkt 15
sokt 73
slkt 27
s6kt 24
s2kt 6
shkt 7
sckt 50
smkt 68
sakt 42
cfkt 42
s98 62
cg8 62
sz8 62
ss8 62
sy8 62
sd8 62
s38 62
s18 62
sw4 62
st4 62
sx4 0
sj4 1
sq4 2
so4 3
sl4 4
s64 5
s24 6
sh4 7
sc4 8
sm4 9
sa4 10
sf4 11
si4 12
se4 13
s74 14
sr4 15
sk4 16
sb4 17
su4 18
sv4 19
s04 20
s54 21
sp4 22
s84 23
s44 24
sn4 25
s94 26
sg4 27
sz4 28
ss4 29
sy4 30
sd4 31
s34 32
s14 33
swn 34
stn 35
sxn 36
sjn 37
sqn 38
son 39
sln 40
s6n 41
s2n 42
shn 43
scn 44
smn 45
san 46
sfn 47
sin 48
sen 49
s7n 50
srn 51
skn 52
sbn 53
sun 54
svn 55
s0n 56
s5n 57
spn 58
s8n 59
s4n 60
snn 61
s9n 63
sgn 64
szn 65
ssn 66
syn 67
sdn 68
s3n 69
s1n 70
sw9 71
st9 72
sx9 73
sj9 74
sq9 75
so9 76
sl9 77
s69 78
s29 79
sh9 80
sc9 81
sm9 82
sa9 83
sf9 84
si9 85
se9 86
s79 87
sr9 88
sk9 89
sb9 90
su9 91
sv9 92
c09 0
sk4j 95
cb4j 95
su4j 95
sv4j 95
s04j 95
s54j 95
sp4j 95
s84j 95
s44j 95
sn4j 93
s94j 94
sg4j 96
sz4j 97
ss4j 98
sy4j 99
sd4j 97
s34j 99
s14j 95
swnj 96
stnj 98
sxnj 14
sjnj 69
sqnj 84
sonj 50
slnj 61
s6nj 42
s2nj 54
shnj 78
scnj 82
smnj 35
sanj 55
sfnj 62
sinj 65
senj 91
s7nj 68
srnj 3
sknj 20
sbnj 19
sunj 36
svnj 28
s0nj 48
s5nj 41
spnj 47
s8nj 86
s4nj 37
snnj 89
s9nj 59
sgnj 30
sznj 67
ssnj 6
synj 76
sdnj 10
s3nj 11
s1nj 33
sw9j 63
st9j 18
sx9j 74
sj9j 40
sq9j 43
so9j 26
sl9j 38
s69j 72
s29j 27
sh9j 60
sc9j 34
sm9j 94
sa9j 75
sf9j 53
si9j 45
se9j 85
s79j 46
sr9j 92
sk9j 12
sb9j 77
su9j 88
sv9j 93
s09j 73
s59j 13
sp9j 22
s89j 71
s49j 70
sn9j 8
s99j 39
sg9j 90
sz9j 1
ss9j 21
sy9j 49
sd9j 29
s39j 31
s19j 32
swgj 9
stgj 51
sxgj 2
sjgj 24
sqgj 58
sogj 64
slgj 52
s6gj 56
s2gj 66
shgj 23
scgj 83
smgj 87
cagj 31
s55j 17
cp5j 17
s85j 17
s45j 17
sn5j 17
s95j 17
sg5j 17
sz5j 17
ss5j 17
sy5j 0
sd5j 1
s35j 2
s15j 3
swpj 4
stpj 5
sxpj 6
sjpj 7
sqpj 8
sopj 9
slpj 10
s6pj 11
s2pj 12
shpj 13
scpj 14
smpj 15
sapj 16
sfpj 18
sipj 19
sepj 20
s7pj 21
srpj 22
skpj 23
sbpj 24
supj 25
svpj 26
s0pj 27
s5pj 28
sppj 29
s8pj 30
s4pj 31
snpj 32
s9pj 33
sgpj 34
szpj 35
sspj 36
sypj 37
sdpj 38
s3pj 39
s1pj 40
sw8j 41
st8j 42
sx8j 43
sj8j 44
sq8j 45
so8j 46
sl8j 47
s68j 48
s28j 49
sh8j 50
sc8j 51
sm8j 52
sa8j 53
sf8j 54
si8j 55
se8j 56
s78j 57
sr8j 58
sk8j 59
sb8j 60
su8j 61
sv8j 62
s08j 63
s58j 64
sp8j 65
s88j 66
s48j 67
sn8j 68
s98j 69
sg8j 70
sz8j 71
ss8j 72
sy8j 73
sd8j 74
s38j 75
s18j 76
sw4j 77
st4j 78
sx4j 79
sj4j 80
sq4j 81
so4j 82
sl4j 83
s64j 84
s24j 85
sh4j 86
sc4j 87
sm4j 88
sa4j 89
sf4j 90
si4j 91
se4j 92
s74j 93
cr4j 85
sydx 95
cddx 95
s3dx 95
s1dx 95
sw3x 95
st3x 95
sx3x 95
sj3x 95
sq3x 95
so3x 17
sl3x 94
s63x 96
s23x 97
sh3x 98
sc3x 99
sm3x 66
sa3x 20
sf3x 2
si3x 15
se3x 80
s73x 34
sr3x 79
sk3x 69
sb3x 65
su3x 91
sv3x 13
s03x 63
s53x 30
sp3x 56
s83x 3
s43x 73
sn3x 62
s93x 93
sg3x 12
sz3x 81
ss3x 6
sy3x 87
sd3x 1
s33x 4
s13x 58
sw1x 19
st1x 74
sx1x 10
sj1x 61
sq1x 40
so1x 39
sl1x 83
s61x 44
s21x 21
sh1x 25
sc1x 32
sm1x 41
sa1x 50
sf1x 52
si1x 7
se1x 24
s71x 53
sr1x 35
sk1x 71
sb1x 0
su1x 92
sv1x 29
s01x 33
s51x 96
sp1x 54
s81x 37
s41x 95
sn1x 17
s91x 77
sg1x 97
sz1x 47
ss1x 57
sy1x 76
sd1x 11
s31x 43
s11x 36
swwj 99
stwj 51
sxwj 88
sjwj 22
sqwj 59
sowj 75
slwj 78
s6wj 8
s2wj 42
shwj 70
scwj 84
smwj 82
sawj 46
sfwj 67
siwj 90
sewj 16
s7wj 64
srwj 5
skwj 27
sbwj 31
suwj 9
svwj 23
s0wj 48
s5wj 45
spwj 60
s8wj 72
c4wj 50
s3lt 14
c1lt 14
sw6t 14
st6t 14
sx6t 14
sj6t 14
sq6t 14
so6t 14
sl6t 14
s66t 0
s26t 1
sh6t 2
sc6t 3
sm6t 4
sa6t 5
sf6t 6
si6t 7
se6t 8
s76t 9
sr6t 10
sk6t 11
sb6t 12
su6t 13
sv6t 15
s06t 16
s56t 17
sp6t 18
s86t 19
s46t 20
sn6t 21
s96t 22
sg6t 23
sz6t 24
ss6t 25
sy6t 26
sd6t 27
s36t 28
s16t 29
sw2t 30
st2t 31
sx2t 32
sj2t 33
sq2t 34
so2t 35
sl2t 36
s62t 37
s22t 38
sh2t 39
sc2t 40
sm2t 41
sa2t 42
sf2t 43
si2t 44
se2t 45
s72t 46
sr2t 47
sk2t 48
sb2t 49
su2t 50
sv2t 51
s02t 52
s52t 53
sp2t 54
s82t 55
s42t 56
sn2t 57
s92t 58
sg2t 59
sz2t 60
ss2t 61
sy2t 62
sd2t 63
s32t 64
s12t 65
swht 66
stht 67
sxht 68
sjht 69
sqht 70
soht 71
slht 72
s6ht 73
s2ht 74
shht 75
scht 76
smht 77
saht 78
sfht 79
siht 80
seht 81
s7ht 82
srht 83
skht 84
sbht 85
suht 86
svht 87
s0ht 88
s5ht 89
spht 90
s8ht 91
s4ht 92
snht 93
c9ht 70
s2yj 94
chyj 94
scyj 94
smyj 94
sayj 94
sfyj 94
siyj 94
seyj 94
s7yj 94
sryj 95
skyj 96
sbyj 97
suyj 98
svyj 99
s0yj 94
s5yj 38
spyj 55
s8yj 90
s4yj 19
snyj 25
s9yj 16
sgyj 20
szyj 34
ssyj 60
syyj 62
sdyj 14
s3yj 42
s1yj 63
swdj 69
stdj 37
sxdj 27
sjdj 76
sqdj 93
sodj 1
sldj 52
s6dj 97
s2dj 26
shdj 8
scdj 17
smdj 0
sadj 2
sfdj 22
sidj 98
sedj 32
s7dj 39
srdj 4
skdj 54
sbdj 81
sudj 28
svdj 47
s0dj 59
s5dj 91
spdj 6
s8dj 36
s4dj 13
sndj 66
s9dj 5
sgdj 68
szdj 46
ssdj 86
sydj 85
sddj 18
s3dj 15
s1dj 58
sw3j 82
st3j 7
sx3j 74
sj3j 12
sq3j 64
so3j 67
sl3j 75
s63j 72
s23j 95
sh3j 83
sc3j 94
sm3j 80
sa3j 48
sf3j 49
si3j 51
se3j 10
s73j 99
sr3j 31
sk3j 87
sb3j 65
su3j 45
sv3j 84
s03j 41
s53j 61
sp3j 96
s83j 21
s43j 43
sn3j 77
s93j 53
sg3j 92
sz3j 30
ss3j 79
sy3j 40
sd3j 11
s33j 71
s13j 23
sw1j 56
st1j 73
cx1j 7
srm 33
ckm 33
sbm 33
sum 33
svm 33
s0m 33
s5m 33
spm 33
s8m 33
s4m 0
snm 1
s9m 2
sgm 3
szm 4
ssm 5
sym 6
sdm 7
s3m 8
s1m 9
swa 10
sta 11
sxa 12
sja 13
sqa 14
soa 15
sla 16
s6a 17
s2a 18
sha 19
sca 20
sma 21
saa 22
sfa 23
sia 24
sea 25
s7a 26
sra 27
ska 28
sba 29
sua 30
sva 31
s0a 32
s5a 34
spa 35
s8a 36
s4a 37
sna 38
s9a 39
sga 40
sza 41
ssa 42
sya 43
sda 44
s3a 45
s1a 46
swf 47
stf 48
sxf 49
sjf 50
sqf 51
sof 52
slf 53
s6f 54
s2f 55
shf 56
scf 57
smf 58
saf 59
sff 60
sif 61
sef 62
s7f 63
srf 64
skf 65
sbf 66
suf 67
svf 68
s0f 69
s5f 70
spf 71
s8f 72
s4f 73
snf 74
s9f 75
sgf 76
szf 77
ssf 78
syf 79
sdf 80
s3f 81
s1f 82
swi 83
sti 84
sxi 85
sji 86
sqi 87
soi 88
sli 89
s6i 90
s2i 91
shi 92
sci 93
cmi 2
svbx 95
c0bx 95
s5bx 95
spbx 95
s8bx 95
s4bx 95
snbx 95
s9bx 95
sgbx 95
szbx 33
ssbx 94
sybx 96
sdbx 97
s3bx 98
s1bx 99
swux 84
stux 86
sxux 10
sjux 18
squx 25
soux 21
slux 37
s6ux 76
s2ux 52
shux 44
scux 24
smux 90
saux 8
sfux 40
siux 50
seux 53
s7ux 87
srux 81
skux 67
sbux 60
suux 65
svux 55
s0ux 82
s5ux 16
spux 4
s8ux 7
s4ux 27
snux 79
s9ux 92
sgux 0
szux 41
ssux 46
syux 62
sdux 20
s3ux 68
s1ux 17
swvx 72
stvx 57
sxvx 59
sjvx 58
sqvx 30
sovx 70
slvx 64
s6vx 26
s2vx 12
shvx 66
scvx 93
smvx 9
savx 75
sfvx 15
sivx 74
sevx 5
s7vx 61
srvx 13
skvx 85
sbvx 42
suvx 47
svvx 83
s0vx 80
s5vx 36
spvx 6
s8vx 29
s4vx 39
snvx 45
s9vx 56
sgvx 38
szvx 34
ssvx 51
syvx 89
sdvx 31
s3vx 35
s1vx 22
sw0x 91
st0x 11
sx0x 23
sj0x 28
sq0x 32
so0x 14
sl0x 63
s60x 73
s20x 3
sh0x 54
sc0x 78
sm0x 43
sa0x 77
sf0x 19
si0x 1
ce0x 14
su1t 48
cv1t 48
s01t 48
s51t 48
sp1t 48
s81t 48
s41t 48
sn1t 48
s91t 48
sg1t 48
sz1t 0
ss1t 1
sy1t 2
sd1t 3
s31t 4
s11t 5
swwx 6
stwx 7
sxwx 8
sjwx 9
sqwx 10
sowx 11
slwx 12
s6wx 13
s2wx 14
shwx 15
scwx 16
smwx 17
sawx 18
sfwx 19
siwx 20
sewx 21
s7wx 22
srwx 23
skwx 24
sbwx 25
suwx 26
svwx 27
s0wx 28
s5wx 29
spwx 30
s8wx 31
s4wx 32
snwx 33
s9wx 34
sgwx 35
szwx 36
sswx 37
sywx 38
sdwx 39
s3wx 40
s1wx 41
swtx 42
sttx 43
sxtx 44
sjtx 45
sqtx 46
sotx 47
sltx 49
s6tx 50
s2tx 51
shtx 52
sctx 53
smtx 54
satx 55
sftx 56
sitx 57
setx 58
s7tx 59
srtx 60
sktx 61
sbtx 62
sutx 63
svtx 64
s0tx 65
s5tx 66
sptx 67
s8tx 68
s4tx 69
sntx 70
s9tx 71
sgtx 72
sztx 73
sstx 74
sytx 75
sdtx 76
s3tx 77
s1tx 78
swxx 79
stxx 80
sxxx 81
sjxx 82
sqxx 83
soxx 84
slxx 85
s6xx 86
s2xx 87
shxx 88
scxx 89
smxx 90
saxx 91
sfxx 92
cixx 39
s47x 95
cn7x 95
s97x 95
sg7x 95
sz7x 95
ss7x 95
sy7x 95
sd7x 95
s37x 95
s17x 93
swrx 94
strx 96
sxrx 97
sjrx 98
sqrx 99
sorx 48
slrx 7
s6rx 64
s2rx 79
shrx 89
scrx 34
smrx 67
sarx 73
sfrx 6
sirx 95
serx 41
s7rx 63
srrx 9
skrx 21
sbrx 69
surx 59
svrx 86
s0rx 10
s5rx 28
sprx 85
s8rx 61
s4rx 62
snrx 92
s9rx 2
sgrx 1
szrx 12
ssrx 16
syrx 52
sdrx 57
s3rx 32
s1rx 18
swkx 36
stkx 46
sxkx 80
sjkx 60
sqkx 81
sokx 84
slkx 68
s6kx 87
s2kx 17
shkx 26
sckx 58
smkx 3
sakx 43
sfkx 75
sikx 45
sekx 90
s7kx 38
srkx 22
skkx 30
sbkx 35
sukx 78
svkx 27
s0kx 47
s5kx 33
spkx 0
s8kx 51
s4kx 20
snkx 65
s9kx 66
sgkx 98
szkx 15
sskx 25
sykx 19
sdkx 56
s3kx 97
s1kx 40
swbx 71
stbx 11
sxbx 83
sjbx 31
sqbx 74
sobx 76
slbx 88
s6bx 91
s2bx 29
shbx 55
scbx 37
smbx 13
sabx 93
sfbx 14
sibx 4
sebx 49
s7bx 23
srbx 44
skbx 94
sbbx 54
cubx 30
snwj 50
c9wj 50
sgwj 50
szwj 50
sswj 50
sywj 50
sdwj 50
s3wj 50
s1wj 50
swtj 0
sttj 1
sxtj 2
sjtj 3
sqtj 4
sotj 5
sltj 6
s6tj 7
s2tj 8
shtj 9
sctj 10
smtj 11
satj 12
sftj 13
sitj 14
setj 15
s7tj 16
srtj 17
sktj 18
sbtj 19
sutj 20
svtj 21
s0tj 22
s5tj 23
sptj 24
s8tj 25
s4tj 26
sntj 27
s9tj 28
sgtj 29
sztj 30
sstj 31
sytj 32
sdtj 33
s3tj 34
s1tj 35
swxj 36
stxj 37
sxxj 38
sjxj 39
sqxj 40
soxj 41
slxj 42
s6xj 43
s2xj 44
shxj 45
scxj 46
smxj 47
saxj 48
sfxj 49
sixj 51
sexj 52
s7xj 53
srxj 54
skxj 55
sbxj 56
suxj 57
svxj 58
s0xj 59
s5xj 60
spxj 61
s8xj 62
s4xj 63
snxj 64
s9xj 65
sgxj 66
szxj 67
ssxj 68
syxj 69
sdxj 70
s3xj 71
s1xj 72
swjj 73
stjj 74
sxjj 75
sjjj 76
sqjj 77
sojj 78
sljj 79
s6jj 80
s2jj 81
shjj 82
scjj 83
smjj 84
sajj 85
sfjj 86
sijj 87
sejj 88
s7jj 89
srjj 90
skjj 91
sbjj 92
sujj 93
cvjj 75
sm8x 96
ca8x 96
sf8x 96
si8x 96
se8x 96
s78x 96
sr8x 96
sk8x 96
sb8x 96
su8x 96
sv8x 94
s08x 95
s58x 97
sp8x 98
s88x 99
s48x 50
sn8x 54
s98x 59
sg8x 91
sz8x 7
ss8x 9
sy8x 32
sd8x 92
s38x 29
s18x 14
sw4x 27
st4x 19
sx4x 65
sj4x 55
sq4x 25
so4x 60
sl4x 1
s64x 47
s24x 94
sh4x 96
sc4x 93
sm4x 2
sa4x 31
sf4x 69
si4x 17
se4x 66
s74x 21
sr4x 38
sk4x 78
sb4x 99
su4x 24
sv4x 82
s04x 42
s54x 84
sp4x 8
s84x 70
s44x 13
sn4x 90
s94x 81
sg4x 76
sz4x 12
ss4x 4
sy4x 40
sd4x 80
s34x 44
s14x 53
swnx 97
stnx 48
sxnx 87
sjnx 5
sqnx 68
sonx 26
slnx 36
s6nx 57
s2nx 3
shnx 58
scnx 73
smnx 22
sanx 56
sfnx 63
sinx 49
senx 51
s7nx 89
srnx 16
sknx 39
sbnx 41
sunx 35
svnx 52
s0nx 77
s5nx 28
spnx 34
s8nx 98
s4nx 45
snnx 71
s9nx 11
sgnx 72
sznx 62
ssnx 6
synx 64
sdnx 46
s3nx 79
s1nx 37
sw9x 0
st9x 10
sx9x 23
sj9x 30
sq9x 74
co9x 23
sl9x 86
c69x 86
s29x 86
sh9x 86
sc9x 86
sm9x 86
sa9x 86
sf9x 86
si9x 86
se9x 0
s79x 1
sr9x 2
sk9x 3
sb9x 4
su9x 5
sv9x 6
s09x 7
s59x 8
sp9x 9
s89x 10
s49x 11
sn9x 12
s99x 13
sg9x 14
sz9x 15
ss9x 16
sy9x 17
sd9x 18
s39x 19
s19x 20
swgx 21
stgx 22
sxgx 23
sjgx 24
sqgx 25
sogx 26
slgx 27
s6gx 28
s2gx 29
shgx 30
scgx 31
smgx 32
sagx 33
sfgx 34
sigx 35
segx 36
s7gx 37
srgx 38
skgx 39
sbgx 40
sugx 41
svgx 42
s0gx 43
s5gx 44
spgx 45
s8gx 46
s4gx 47
sngx 48
s9gx 49
sggx 50
szgx 51
ssgx 52
sygx 53
sdgx 54
s3gx 55
s1gx 56
swzx 57
stzx 58
sxzx 59
sjzx 60
sqzx 61
sozx 62
slzx 63
s6zx 64
s2zx 65
shzx 66
sczx 67
smzx 68
sazx 69
sfzx 70
sizx 71
sezx 72
s7zx 73
srzx 74
skzx 75
sbzx 76
suzx 77
svzx 78
s0zx 79
s5zx 80
spzx 81
s8zx 82
s4zx 83
snzx 84
s9zx 85
sgzx 87
szzx 88
sszx 89
syzx 90
sdzx 91
s3zx 92
s1zx 93
cwsx 26
sks 95
cbs 95
sus 95
svs 95
s0s 95
s5s 95
sps 95
s8s 95
s4s 95
sns 95
s9s 86
sgs 94
szs 96
sss 97
sys 98
sds 99
s3s 51
s1s 40
swy 17
sty 21
sxy 62
sjy 72
sqy 48
soy 77
sly 8
s6y 30
s2y 71
shy 28
scy 13
smy 78
say 79
sfy 3
siy 56
sey 12
s7y 41
sry 47
sky 18
sby 70
suy 61
svy 46
s0y 80
s5y 74
spy 58
s8y 91
s4y 16
sny 20
s9y 81
sgy 92
szy 95
ssy 53
syy 44
sdy 0
s3y 84
s1y 65
swd 88
std 34
sxd 57
sjd 82
sqd 43
sod 63
sld 1
s6d 2
s2d 68
shd 75
scd 4
smd 90
sad 45
sfd 9
sid 33
sed 31
s7d 76
srd 11
skd 19
sbd 38
sud 35
svd 66
s0d 69
s5d 23
spd 54
s8d 5
s4d 14
snd 24
s9d 42
sgd 49
szd 64
ssd 15
syd 32
sdd 39
s3d 83
s1d 22
sw3 36
st3 67
sx3 27
sj3 29
sq3 50
so3 55
sl3 89
s63 10
s23 37
sh3 85
sc3 52
sm3 59
ca3 37
s70x 73
cr0x 73
sk0x 73
sb0x 73
su0x 73
sv0x 73
s00x 73
s50x 73
sp0x 73
s80x 0
s40x 1
sn0x 2
s90x 3
sg0x 4
sz0x 5
ss0x 6
sy0x 7
sd0x 8
s30x 9
s10x 10
sw5x 11
st5x 12
sx5x 13
sj5x 14
sq5x 15
so5x 16
sl5x 17
s65x 18
s25x 19
sh5x 20
sc5x 21
sm5x 22
sa5x 23
sf5x 24
si5x 25
se5x 26
s75x 27
sr5x 28
sk5x 29
sb5x 30
su5x 31
sv5x 32
s05x 33
s55x 34
sp5x 35
s85x 36
s45x 37
sn5x 38
s95x 39
sg5x 40
sz5x 41
ss5x 42
sy5x 43
sd5x 44
s35x 45
s15x 46
swpx 47
stpx 48
sxpx 49
sjpx 50
sqpx 51
sopx 52
slpx 53
s6px 54
s2px 55
shpx 56
scpx 57
smpx 58
sapx 59
sfpx 60
sipx 61
sepx 62
s7px 63
srpx 64
skpx 65
sbpx 66
supx 67
svpx 68
s0px 69
s5px 70
sppx 71
s8px 72
s4px 74
snpx 75
s9px 76
sgpx 77
szpx 78
sspx 79
sypx 80
sdpx 81
s3px 82
s1px 83
sw8x 84
st8x 85
sx8x 86
sj8x 87
sq8x 88
so8x 89
sl8x 90
s68x 91
s28x 92
sh8x 93
cc8x 17
sai 96
cfi 96
sii 96
sei 96
s7i 96
sri 96
ski 96
sbi 96
sui 96
svi 96
s0i 94
s5i 95
spi 97
s8i 98
s4i 99
sni 73
s9i 95
sgi 64
szi 80
ssi 29
syi 19
sdi 20
s3i 22
s1i 31
swe 63
ste 84
sxe 9
sje 77
sqe 52
soe 65
sle 79
s6e 36
s2e 50
she 34
sce 49
sme 51
sae 56
sfe 58
sie 70
see 99
s7e 55
sre 35
ske 25
sbe 10
sue 1
sve 4
s0e 12
s5e 23
spe 3
s8e 44
s4e 72
sne 41
s9e 82
sge 94
sze 59
sse 24
sye 78
sde 16
s3e 21
s1e 39
sw7 74
st7 32
sx7 83
sj7 33
sq7 54
so7 81
sl7 28
s67 53
s27 87
sh7 91
sc7 40
sm7 38
sa7 7
sf7 76
si7 13
se7 88
s77 0
sr7 47
sk7 8
sb7 43
su7 97
sv7 6
s07 86
s57 26
sp7 27
s87 62
s47 46
sn7 45
s97 57
sg7 96
sz7 30
ss7 48
sy7 69
sd7 67
s37 92
s17 75
swr 61
str 98
sxr 15
sjr 68
sqr 85
sor 11
clr 46
stsx 37
cxsx 37
sjsx 37
sqsx 37
sosx 37
slsx 37
s6sx 37
s2sx 37
shsx 37
scsx 0
smsx 1
sasx 2
sfsx 3
sisx 4
sesx 5
s7sx 6
srsx 7
sksx 8
sbsx 9
susx 10
svsx 11
s0sx 12
s5sx 13
spsx 14
s8sx 15
s4sx 16
snsx 17
s9sx 18
sgsx 19
szsx 20
sssx 21
sysx 22
sdsx 23
s3sx 24
s1sx 25
swyx 26
styx 27
sxyx 28
sjyx 29
sqyx 30
soyx 31
slyx 32
s6yx 33
s2yx 34
shyx 35
scyx 36
smyx 38
sayx 39
sfyx 40
siyx 41
seyx 42
s7yx 43
sryx 44
skyx 45
sbyx 46
suyx 47
svyx 48
s0yx 49
s5yx 50
spyx 51
s8yx 52
s4yx 53
snyx 54
s9yx 55
sgyx 56
szyx 57
ssyx 58
syyx 59
sdyx 60
s3yx 61
s1yx 62
swdx 63
stdx 64
sxdx 65
sjdx 66
sqdx 67
sodx 68
sldx 69
s6dx 70
s2dx 71
shdx 72
scdx 73
smdx 74
sadx 75
sfdx 76
sidx 77
sedx 78
s7dx 79
srdx 80
skdx 81
sbdx 82
sudx 83
svdx 84
s0dx 85
s5dx 86
spdx 87
s8dx 88
s4dx 89
sndx 90
s9dx 91
sgdx 92
szdx 93
csdx 77
sikt 95
cekt 95
s7kt 95
srkt 95
skkt 95
sbkt 95
sukt 95
svkt 95
s0kt 95
s5kt 95
spkt 94
s8kt 96
s4kt 97
snkt 98
s9kt 99
sgkt 68
szkt 46
sskt 47
sykt 14
sdkt 10
s3kt 2
s1kt 32
swbt 76
stbt 78
sxbt 89
sjbt 13
sqbt 16
sobt 63
slbt 81
s6bt 51
s2bt 92
shbt 23
scbt 31
smbt 30
sabt 73
sfbt 86
sibt 55
sebt 56
s7bt 60
srbt 40
skbt 28
sbbt 34
subt 69
svbt 19
s0bt 54
s5bt 75
spbt 91
s8bt 7
s4bt 53
snbt 58
s9bt 4
sgbt 44
szbt 1
ssbt 29
sybt 90
sdbt 84
s3bt 61
s1bt 88
swut 36
stut 8
sxut 37
sjut 50
squt 17
sout 52
slut 83
s6ut 24
s2ut 22
shut 45
scut 43
smut 6
saut 35
sfut 65
siut 66
seut 9
s7ut 82
srut 85
skut 21
sbut 5
suut 25
svut 41
s0ut 20
s5ut 11
sput 57
s8ut 93
s4ut 48
snut 62
s9ut 18
sgut 27
szut 80
ssut 33
syut 70
sdut 71
s3ut 38
s1ut 87
swvt 39
stvt 0
sxvt 79
sjvt 15
sqvt 26
sovt 42
slvt 49
s6vt 67
c2vt 79
shvt 72
ccvt 72
smvt 72
savt 72
sfvt 72
sivt 72
sevt 72
s7vt 72
srvt 72
skvt 72
sbvt 0
suvt 1
svvt 2
s0vt 3
s5vt 4
spvt 5
s8vt 6
s4vt 7
snvt 8
s9vt 9
sgvt 10
szvt 11
ssvt 12
syvt 13
sdvt 14
s3vt 15
s1vt 16
sw0t 17
st0t 18
sx0t 19
sj0t 20
sq0t 21
so0t 22
sl0t 23
s60t 24
s20t 25
sh0t 26
sc0t 27
sm0t 28
sa0t 29
sf0t 30
si0t 31
se0t 32
s70t 33
sr0t 34
sk0t 35
sb0t 36
su0t 37
sv0t 38
s00t 39
s50t 40
sp0t 41
s80t 42
s40t 43
sn0t 44
s90t 45
sg0t 46
sz0t 47
ss0t 48
sy0t 49
sd0t 50
s30t 51
s10t 52
sw5t 53
st5t 54
sx5t 55
sj5t 56
sq5t 57
so5t 58
sl5t 59
s65t 60
s25t 61
sh5t 62
sc5t 63
sm5t 64
sa5t 65
sf5t 66
si5t 67
se5t 68
s75t 69
sr5t 70
sk5t 71
sb5t 73
su5t 74
sv5t 75
s05t 76
s55t 77
sp5t 78
s85t 79
s45t 80
sn5t 81
s95t 82
sg5t 83
sz5t 84
ss5t 85
sy5t 86
sd5t 87
s35t 88
s15t 89
swpt 90
stpt 91
sxpt 92
cjpt 45
s02 98
c52 98
sp2 98
s82 98
s42 98
sn2 98
s92 98
sg2 98
sz2 98
ss2 93
sy2 94
sd2 95
s32 96
s12 97
swh 99
sth 98
sxh 61
sjh 30
sqh 66
soh 96
slh 97
s6h 92
s2h 13
shh 68
sch 16
smh 46
sah 90
sfh 39
sih 65
seh 52
s7h 41
srh 31
skh 72
sbh 87
suh 44
svh 12
s0h 93
s5h 95
sph 40
s8h 71
s4h 17
snh 86
s9h 7
sgh 20
szh 50
ssh 14
syh 84
sdh 94
s3h 29
s1h 89
swc 25
stc 38
sxc 42
sjc 10
sqc 49
soc 53
slc 58
s6c 37
s2c 8
shc 6
scc 63
smc 78
sac 1
sfc 3
sic 33
sec 59
s7c 91
src 83
skc 24
sbc 80
suc 32
svc 9
s0c 56
s5c 21
spc 55
s8c 36
s4c 82
snc 5
s9c 51
sgc 62
szc 76
ssc 88
syc 19
sdc 79
s3c 11
s1c 98
swm 28
stm 47
sxm 2
sjm 54
sqm 64
som 73
slm 26
s6m 70
s2m 43
shm 48
scm 69
smm 35
sam 60
sfm 0
sim 23
sem 67
c7m 11
sght 74
czht 74
ssht 74
syht 74
sdht 74
s3ht 74
s1ht 74
swct 74
stct 74
sxct 0
sjct 1
sqct 2
soct 3
slct 4
s6ct 5
s2ct 6
shct 7
scct 8
smct 9
sact 10
sfct 11
sict 12
sect 13
s7ct 14
srct 15
skct 16
sbct 17
suct 18
svct 19
s0ct 20
s5ct 21
spct 22
s8ct 23
s4ct 24
snct 25
s9ct 26
sgct 27
szct 28
ssct 29
syct 30
sdct 31
s3ct 32
s1ct 33
swmt 34
stmt 35
sxmt 36
sjmt 37
sqmt 38
somt 39
slmt 40
s6mt 41
s2mt 42
shmt 43
scmt 44
smmt 45
samt 46
sfmt 47
simt 48
semt 49
s7mt 50
srmt 51
skmt 52
sbmt 53
sumt 54
svmt 55
s0mt 56
s5mt 57
spmt 58
s8mt 59
s4mt 60
snmt 61
s9mt 62
sgmt 63
szmt 64
ssmt 65
symt 66
sdmt 67
s3mt 68
s1mt 69
swat 70
stat 71
sxat 72
sjat 73
sqat 75
soat 76
slat 77
s6at 78
s2at 79
shat 80
scat 81
smat 82
saat 83
sfat 84
siat 85
seat 86
s7at 87
srat 88
skat 89
sbat 90
suat 91
svat 92
s0at 93
c5at 67
scox 99
cmox 99
saox 99
sfox 99
siox 99
seox 99
s7ox 99
srox 99
skox 99
sbox 99
suox 94
svox 95
s0ox 96
s5ox 97
spox 98
s8ox 74
s4ox 46
snox 0
s9ox 77
sgox 93
szox 73
ssox 18
syox 99
sdox 58
s3ox 50
s1ox 40
swlx 25
stlx 60
sxlx 11
sjlx 48
sqlx 51
solx 9
sllx 78
s6lx 26
s2lx 10
shlx 41
sclx 53
smlx 88
salx 91
sflx 5
silx 12
selx 44
s7lx 21
srlx 43
sklx 90
sblx 57
sulx 63
svlx 64
s0lx 6
s5lx 47
splx 7
s8lx 31
s4lx 96
snlx 84
s9lx 61
sglx 76
szlx 15
sslx 39
sylx 4
sdlx 24
s3lx 81
s1lx 13
sw6x 98
st6x 27
sx6x 30
sj6x 34
sq6x 72
so6x 37
sl6x 14
s66x 19
s26x 35
sh6x 52
sc6x 92
sm6x 70
sa6x 23
sf6x 55
si6x 86
se6x 62
s76x 71
sr6x 87
sk6x 2
sb6x 42
su6x 68
sv6x 33
s06x 82
s56x 89
sp6x 32
s86x 66
s46x 20
sn6x 38
s96x 16
sg6x 28
sz6x 56
ss6x 65
sy6x 79
sd6x 1
s36x 94
s16x 17
sw2x 45
st2x 75
sx2x 80
sj2x 3
cq2x 68
so2x 36
cl2x 36
s62x 36
s22x 36
sh2x 36
sc2x 36
sm2x 36
sa2x 36
sf2x 36
si2x 0
se2x 1
s72x 2
sr2x 3
sk2x 4
sb2x 5
su2x 6
sv2x 7
s02x 8
s52x 9
sp2x 10
s82x 11
s42x 12
sn2x 13
s92x 14
sg2x 15
sz2x 16
ss2x 17
sy2x 18
sd2x 19
s32x 20
s12x 21
swhx 22
sthx 23
sxhx 24
sjhx 25
sqhx 26
sohx 27
slhx 28
s6hx 29
s2hx 30
shhx 31
schx 32
smhx 33
sahx 34
sfhx 35
sihx 37
sehx 38
s7hx 39
srhx 40
skhx 41
sbhx 42
suhx 43
svhx 44
s0hx 45
s5hx 46
sphx 47
s8hx 48
s4hx 49
snhx 50
s9hx 51
sghx 52
szhx 53
sshx 54
syhx 55
sdhx 56
s3hx 57
s1hx 58
swcx 59
stcx 60
sxcx 61
sjcx 62
sqcx 63
socx 64
slcx 65
s6cx 66
s2cx 67
shcx 68
sccx 69
smcx 70
sacx 71
sfcx 72
sicx 73
secx 74
s7cx 75
srcx 76
skcx 77
sbcx 78
sucx 79
svcx 80
s0cx 81
s5cx 82
spcx 83
s8cx 84
s4cx 85
sncx 86
s9cx 87
sgcx 88
szcx 89
sscx 90
sycx 91
sdcx 92
s3cx 93
c1cx 55
szgt 97
csgt 97
sygt 97
sdgt 97
s3gt 97
s1gt 97
swzt 97
stzt 97
sxzt 97
sjzt 97
sqzt 94
sozt 95
slzt 96
s6zt 98
s2zt 99
shzt 97
sczt 36
smzt 96
sazt 95
sfzt 99
sizt 4
sezt 26
s7zt 7
srzt 61
skzt 56
sbzt 79
suzt 53
svzt 0
s0zt 15
s5zt 21
spzt 64
s8zt 76
s4zt 3
snzt 65
s9zt 94
sgzt 44
szzt 27
sszt 98
syzt 12
sdzt 37
s3zt 41
s1zt 52
swst 17
stst 71
sxst 91
sjst 97
sqst 1
sost 45
slst 25
s6st 83
s2st 6
shst 57
scst 18
smst 23
sast 20
sfst 35
sist 38
sest 33
s7st 84
srst 60
skst 22
sbst 73
sust 49
svst 62
s0st 39
s5st 42
spst 50
s8st 30
s4st 9
snst 75
s9st 93
sgst 16
szst 19
ssst 28
syst 2
sdst 59
s3st 32
s1st 40
swyt 87
styt 85
sxyt 88
sjyt 24
sqyt 29
soyt 92
slyt 80
s6yt 13
s2yt 78
shyt 90
scyt 5
smyt 11
sayt 69
sfyt 72
siyt 51
seyt 43
s7yt 68
sryt 89
skyt 74
sbyt 14
suyt 81
svyt 46
s0yt 54
s5yt 8
cpyt 69
s14t 31
cwnt 31
stnt 31
sxnt 31
sjnt 31
sqnt 31
sont 31
slnt 31
s6nt 31
s2nt 0
shnt 1
scnt 2
smnt 3
sant 4
sfnt 5
sint 6
sent 7
s7nt 8
srnt 9
sknt 10
sbnt 11
sunt 12
svnt 13
s0nt 14
s5nt 15
spnt 16
s8nt 17
s4nt 18
snnt 19
s9nt 20
sgnt 21
sznt 22
ssnt 23
synt 24
sdnt 25
s3nt 26
s1nt 27
sw9t 28
st9t 29
sx9t 30
sj9t 32
sq9t 33
so9t 34
sl9t 35
s69t 36
s29t 37
sh9t 38
sc9t 39
sm9t 40
sa9t 41
sf9t 42
si9t 43
se9t 44
s79t 45
sr9t 46
sk9t 47
sb9t 48
su9t 49
sv9t 50
s09t 51
s59t 52
sp9t 53
s89t 54
s49t 55
sn9t 56
s99t 57
sg9t 58
sz9t 59
ss9t 60
sy9t 61
sd9t 62
s39t 63
s19t 64
swgt 65
stgt 66
sxgt 67
sjgt 68
sqgt 69
sogt 70
slgt 71
s6gt 72
s2gt 73
shgt 74
scgt 75
smgt 76
sagt 77
sfgt 78
sigt 79
segt 80
s7gt 81
srgt 82
skgt 83
sbgt 84
sugt 85
svgt 86
s0gt 87
s5gt 88
spgt 89
s8gt 90
s4gt 91
sngt 92
s9gt 93
cggt 7
s2tt 95
chtt 95
sctt 95
smtt 95
satt 95
sftt 95
sitt 95
sett 95
s7tt 95
srtt 94
sktt 96
sbtt 97
sutt 98
svtt 99
s0tt 95
s5tt 99
sptt 96
s8tt 10
s4tt 64
sntt 77
s9tt 6
sgtt 20
sztt 63
sstt 78
sytt 69
sdtt 32
s3tt 43
s1tt 33
swxt 8
stxt 17
sxxt 68
sjxt 48
sqxt 24
soxt 36
slxt 35
s6xt 58
s2xt 47
shxt 42
scxt 73
smxt 75
saxt 91
sfxt 94
sixt 98
sext 81
s7xt 52
srxt 53
skxt 84
sbxt 21
suxt 71
svxt 18
s0xt 41
s5xt 29
spxt 11
s8xt 76
s4xt 89
snxt 95
s9xt 5
sgxt 37
szxt 54
ssxt 13
syxt 23
sdxt 25
s3xt 72
s1xt 15
swjt 79
stjt 85
sxjt 4
sjjt 1
sqjt 2
sojt 46
sljt 66
s6jt 90
s2jt 22
shjt 39
scjt 60
smjt 45
sajt 50
sfjt 97
sijt 40
sejt 74
s7jt 30
srjt 55
skjt 9
sbjt 16
sujt 44
svjt 62
s0jt 31
s5jt 26
spjt 38
s8jt 56
s4jt 12
snjt 34
s9jt 57
sgjt 65
szjt 67
ssjt 28
syjt 83
sdjt 61
s3jt 80
s1jt 19
swqt 0
stqt 49
cxqt 38
s9uj 87
cguj 87
szuj 87
ssuj 87
syuj 87
sduj 87
s3uj 87
s1uj 87
swvj 87
stvj 0
sxvj 1
sjvj 2
sqvj 3
sovj 4
slvj 5
s6vj 6
s2vj 7
shvj 8
scvj 9
smvj 10
savj 11
sfvj 12
sivj 13
sevj 14
s7vj 15
srvj 16
skvj 17
sbvj 18
suvj 19
svvj 20
s0vj 21
s5vj 22
spvj 23
s8vj 24
s4vj 25
snvj 26
s9vj 27
sgvj 28
szvj 29
ssvj 30
syvj 31
sdvj 32
s3vj 33
s1vj 34
sw0j 35
st0j 36
sx0j 37
sj0j 38
sq0j 39
so0j 40
sl0j 41
s60j 42
s20j 43
sh0j 44
sc0j 45
sm0j 46
sa0j 47
sf0j 48
si0j 49
se0j 50
s70j 51
sr0j 52
sk0j 53
sb0j 54
su0j 55
sv0j 56
s00j 57
s50j 58
sp0j 59
s80j 60
s40j 61
sn0j 62
s90j 63
sg0j 64
sz0j 65
ss0j 66
sy0j 67
sd0j 68
s30j 69
s10j 70
sw5j 71
st5j 72
sx5j 73
sj5j 74
sq5j 75
so5j 76
sl5j 77
s65j 78
s25j 79
sh5j 80
sc5j 81
sm5j 82
sa5j 83
sf5j 84
si5j 85
se5j 86
s75j 88
sr5j 89
sk5j 90
sb5j 91
su5j 92
sv5j 93
c05j 28
sahj 99
cfhj 99
sihj 99
sehj 99
s7hj 99
srhj 99
skhj 99
sbhj 99
suhj 94
svhj 95
s0hj 96
s5hj 97
sphj 98
s8hj 99
s4hj 87
snhj 98
s9hj 94
sghj 67
szhj 43
sshj 79
syhj 1
sdhj 60
s3hj 15
s1hj 7
swcj 45
stcj 47
sxcj 77
sjcj 31
sqcj 68
socj 66
slcj 92
s6cj 97
s2cj 4
shcj 82
sccj 96
smcj 62
sacj 72
sfcj 40
sicj 89
secj 0
s7cj 73
srcj 52
skcj 86
sbcj 8
sucj 20
svcj 57
s0cj 44
s5cj 64
spcj 18
s8cj 76
s4cj 59
sncj 83
s9cj 91
sgcj 41
szcj 84
sscj 30
sycj 38
sdcj 49
s3cj 85
s1cj 9
swmj 50
stmj 90
sxmj 93
sjmj 87
sqmj 13
somj 75
slmj 27
s6mj 78
s2mj 61
shmj 12
scmj 99
smmj 63
samj 80
sfmj 32
simj 39
semj 29
s7mj 14
srmj 2
skmj 95
sbmj 51
sumj 71
svmj 35
s0mj 46
s5mj 10
spmj 42
s8mj 11
s4mj 53
snmj 5
s9mj 33
sgmj 65
szmj 17
ssmj 22
symj 88
sdmj 58
s3mj 25
s1mj 70
swaj 24
staj 34
sxaj 56
sjaj 36
sqaj 74
soaj 69
claj 33
