5150
spat 0
c8at 0
s4at 0
snat 0
s9at 0
sgat 0
szat 0
ssat 0
syat 0
sdat 1
s3at 2
s1at 3
swft 4
stft 5
sxft 6
sjft 7
sqft 8
soft 9
slft 10
s6ft 11
s2ft 12
shft 13
scft 14
smft 15
saft 16
sfft 17
sift 18
seft 19
s7ft 20
srft 21
skft 22
sbft 23
suft 24
svft 25
s0ft 26
s5ft 27
spft 28
s8ft 29
s4ft 30
snft 31
s9ft 32
sgft 33
szft 34
ssft 35
syft 36
sdft 37
s3ft 38
s1ft 39
swit 40
stit 41
sxit 42
sjit 43
sqit 44
soit 45
slit 46
s6it 47
s2it 48
shit 49
scit 50
smit 51
sait 52
sfit 53
siit 54
seit 55
s7it 56
srit 57
skit 58
sbit 59
suit 60
svit 61
s0it 62
s5it 63
spit 64
s8it 65
s4it 66
snit 67
s9it 68
sgit 69
szit 70
ssit 71
syit 72
sdit 73
s3it 74
s1it 75
swet 76
stet 77
sxet 78
sjet 79
sqet 80
soet 81
slet 82
s6et 83
s2et 84
shet 85
scet 86
smet 87
saet 88
sfet 89
siet 90
seet 91
s7et 92
sret 93
cket 91
s6r 94
c2r 94
shr 94
scr 94
smr 94
sar 94
sfr 94
sir 94
ser 94
s7r 94
srr 95
skr 96
sbr 97
sur 98
svr 99
s0r 94
s5r 0
spr 81
s8r 35
s4r 12
snr 57
s9r 61
sgr 97
szr 80
ssr 48
syr 1
sdr 18
s3r 63
s1r 22
swk 85
stk 95
sxk 65
sjk 83
sqk 87
sok 98
slk 58
s6k 19
s2k 67
shk 55
sck 71
smk 50
sak 52
sfk 90
sik 13
sek 10
s7k 40
srk 41
skk 4
sbk 47
suk 62
svk 28
s0k 17
s5k 21
spk 2
s8k 51
s4k 69
snk 96
s9k 72
sgk 11
szk 9
ssk 27
syk 8
sdk 46
s3k 89
s1k 92
swb 33
stb 30
sxb 86
sjb 16
sqb 23
sob 59
slb 26
s6b 70
s2b 44
shb 36
scb 54
smb 38
sab 45
sfb 82
sib 25
seb 7
s7b 15
srb 56
skb 77
sbb 78
sub 31
svb 42
s0b 68
s5b 14
spb 99
s8b 3
s4b 6
snb 34
s9b 20
sgb 53
szb 32
ssb 5
syb 76
sdb 39
s3b 66
s1b 93
swu 74
ctu 77
swmx 79
ctmx 79
sxmx 79
sjmx 79
sqmx 79
somx 79
slmx 79
s6mx 79
s2mx 0
shmx 1
scmx 2
smmx 3
samx 4
sfmx 5
simx 6
semx 7
s7mx 8
srmx 9
skmx 10
sbmx 11
sumx 12
svmx 13
s0mx 14
s5mx 15
spmx 16
s8mx 17
s4mx 18
snmx 19
s9mx 20
sgmx 21
szmx 22
ssmx 23
symx 24
sdmx 25
s3mx 26
s1mx 27
swax 28
stax 29
sxax 30
sjax 31
sqax 32
soax 33
slax 34
s6ax 35
s2ax 36
shax 37
scax 38
smax 39
saax 40
sfax 41
siax 42
seax 43
s7ax 44
srax 45
skax 46
sbax 47
suax 48
svax 49
s0ax 50
s5ax 51
spax 52
s8ax 53
s4ax 54
snax 55
s9ax 56
sgax 57
szax 58
ssax 59
syax 60
sdax 61
s3ax 62
s1ax 63
swfx 64
stfx 65
sxfx 66
sjfx 67
sqfx 68
sofx 69
slfx 70
s6fx 71
s2fx 72
shfx 73
scfx 74
smfx 75
safx 76
sffx 77
sifx 78
sefx 80
s7fx 81
srfx 82
skfx 83
sbfx 84
sufx 85
svfx 86
s0fx 87
s5fx 88
spfx 89
s8fx 90
s4fx 91
snfx 92
s9fx 93
sgfx 94
czfx 23
sexx 98
c7xx 98
srxx 98
skxx 98
sbxx 98
suxx 98
svxx 98
s0xx 98
s5xx 98
spxx 79
s8xx 95
s4xx 96
snxx 97
s9xx 99
sgxx 98
szxx 31
ssxx 32
syxx 53
sdxx 46
s3xx 67
s1xx 19
swjx 63
stjx 48
sxjx 80
sjjx 45
sqjx 94
sojx 13
sljx 16
s6jx 11
s2jx 57
shjx 93
scjx 27
smjx 44
sajx 3
sfjx 84
sijx 54
sejx 83
s7jx 86
srjx 30
skjx 50
sbjx 81
sujx 18
svjx 29
s0jx 56
s5jx 25
spjx 74
s8jx 34
s4jx 47
snjx 38
s9jx 5
sgjx 10
szjx 21
ssjx 24
syjx 52
sdjx 64
s3jx 65
s1jx 73
swqx 33
stqx 51
sxqx 71
sjqx 0
sqqx 26
soqx 43
slqx 2
s6qx 90
s2qx 15
shqx 20
scqx 69
smqx 66
saqx 22
sfqx 89
siqx 12
seqx 92
s7qx 7
srqx 35
skqx 1
sbqx 55
suqx 77
svqx 60
s0qx 8
s5qx 28
spqx 88
s8qx 58
s4qx 99
snqx 6
s9qx 49
sgqx 82
szqx 72
ssqx 79
syqx 85
sdqx 41
s3qx 75
s1qx 62
swox 14
stox 97
sxox 17
sjox 36
sqox 68
soox 39
slox 61
s6ox 78
s2ox 70
chox 36
s0jj 9
c5jj 9
spjj 9
s8jj 9
s4jj 9
snjj 9
s9jj 9
sgjj 9
szjj 9
ssjj 0
syjj 1
sdjj 2
s3jj 3
s1jj 4
swqj 5
stqj 6
sxqj 7
sjqj 8
sqqj 10
soqj 11
slqj 12
s6qj 13
s2qj 14
shqj 15
scqj 16
smqj 17
saqj 18
sfqj 19
siqj 20
seqj 21
s7qj 22
srqj 23
skqj 24
sbqj 25
suqj 26
svqj 27
s0qj 28
s5qj 29
spqj 30
s8qj 31
s4qj 32
snqj 33
s9qj 34
sgqj 35
szqj 36
ssqj 37
syqj 38
sdqj 39
s3qj 40
s1qj 41
swoj 42
stoj 43
sxoj 44
sjoj 45
sqoj 46
sooj 47
sloj 48
s6oj 49
s2oj 50
shoj 51
scoj 52
smoj 53
saoj 54
sfoj 55
sioj 56
seoj 57
s7oj 58
sroj 59
skoj 60
sboj 61
suoj 62
svoj 63
s0oj 64
s5oj 65
spoj 66
s8oj 67
s4oj 68
snoj 69
s9oj 70
sgoj 71
szoj 72
ssoj 73
syoj 74
sdoj 75
s3oj 76
s1oj 77
swlj 78
stlj 79
sxlj 80
sjlj 81
sqlj 82
solj 83
sllj 84
s6lj 85
s2lj 86
shlj 87
sclj 88
smlj 89
salj 90
sflj 91
silj 92
selj 93
c7lj 67
srlj 96
cklj 96
sblj 96
sulj 96
svlj 96
s0lj 96
s5lj 96
splj 96
s8lj 96
s4lj 94
snlj 95
s9lj 97
sglj 98
szlj 99
sslj 9
sylj 18
sdlj 59
s3lj 69
s1lj 91
sw6j 37
st6j 54
sx6j 3
sj6j 73
sq6j 4
so6j 25
sl6j 93
s66j 56
s26j 42
sh6j 44
sc6j 33
sm6j 28
sa6j 90
sf6j 71
si6j 8
se6j 27
s76j 82
sr6j 0
sk6j 11
sb6j 39
su6j 45
sv6j 61
s06j 66
s56j 72
sp6j 29
s86j 49
s46j 92
sn6j 64
s96j 65
sg6j 2
sz6j 88
ss6j 7
sy6j 10
sd6j 14
s36j 15
s16j 31
sw2j 58
st2j 19
sx2j 60
sj2j 62
sq2j 36
so2j 46
sl2j 50
s62j 89
s22j 95
sh2j 32
sc2j 40
sm2j 74
sa2j 43
sf2j 20
si2j 75
se2j 52
s72j 86
sr2j 79
sk2j 68
sb2j 96
su2j 57
sv2j 87
s02j 51
s52j 80
sp2j 53
s82j 70
s42j 26
sn2j 13
s92j 17
sg2j 47
sz2j 84
ss2j 1
sy2j 12
sd2j 41
s32j 99
s12j 30
swhj 38
sthj 77
sxhj 22
sjhj 85
sqhj 23
sohj 48
slhj 81
s6hj 83
s2hj 76
shhj 5
schj 16
cmhj 48
sf3 78
ci3 78
se3 78
s73 78
sr3 78
sk3 78
sb3 78
su3 78
sv3 78
s03 78
s53 0
sp3 1
s83 2
s43 3
sn3 4
s93 5
sg3 6
sz3 7
ss3 8
sy3 9
sd3 10
s33 11
s13 12
sw1 13
st1 14
sx1 15
sj1 16
sq1 17
so1 18
sl1 19
s61 20
s21 21
sh1 22
sc1 23
sm1 24
sa1 25
sf1 26
si1 27
se1 28
s71 29
sr1 30
sk1 31
sb1 32
su1 33
sv1 34
s01 35
s51 36
sp1 37
s81 38
s41 39
sn1 40
s91 41
sg1 42
sz1 43
ss1 44
sy1 45
sd1 46
s31 47
s11 48
swwt 49
stwt 50
sxwt 51
sjwt 52
sqwt 53
sowt 54
slwt 55
s6wt 56
s2wt 57
shwt 58
scwt 59
smwt 60
sawt 61
sfwt 62
siwt 63
sewt 64
s7wt 65
srwt 66
skwt 67
sbwt 68
suwt 69
svwt 70
s0wt 71
s5wt 72
spwt 73
s8wt 74
s4wt 75
snwt 76
s9wt 77
sgwt 79
szwt 80
sswt 81
sywt 82
sdwt 83
s3wt 84
s1wt 85
swtt 86
sttt 87
sxtt 88
sjtt 89
sqtt 90
sott 91
sltt 92
c6tt 63
sjqt 94
cqqt 94
soqt 94
slqt 94
s6qt 94
s2qt 94
shqt 94
scqt 94
smqt 94
saqt 93
sfqt 95
siqt 96
seqt 97
s7qt 98
srqt 99
skqt 94
sbqt 78
suqt 52
svqt 59
s0qt 61
s5qt 12
spqt 38
s8qt 54
s4qt 87
snqt 67
s9qt 71
sgqt 72
szqt 74
ssqt 13
syqt 84
sdqt 35
s3qt 1
s1qt 70
swot 51
stot 82
sxot 81
sjot 31
sqot 50
soot 15
slot 94
s6ot 6
s2ot 7
shot 57
scot 76
smot 33
saot 68
sfot 43
siot 78
seot 39
s7ot 49
srot 69
skot 8
sbot 28
suot 41
svot 64
s0ot 32
s5ot 30
spot 80
s8ot 45
s4ot 9
snot 29
s9ot 89
sgot 99
szot 0
ssot 2
syot 21
sdot 4
s3ot 22
s1ot 55
swlt 26
stlt 34
sxlt 92
sjlt 16
sqlt 60
solt 86
sllt 47
s6lt 66
s2lt 40
shlt 56
sclt 23
smlt 46
salt 25
sflt 44
silt 48
selt 91
s7lt 19
srlt 85
sklt 97
sblt 98
sult 3
svlt 77
s0lt 18
s5lt 17
splt 75
s8lt 14
s4lt 36
snlt 37
s9lt 79
sglt 93
szlt 27
sslt 96
sylt 88
cdlt 93
sxej 42
cjej 42
sqej 42
soej 42
slej 42
s6ej 42
s2ej 42
shej 42
scej 42
smej 0
saej 1
sfej 2
siej 3
seej 4
s7ej 5
srej 6
skej 7
sbej 8
suej 9
svej 10
s0ej 11
s5ej 12
spej 13
s8ej 14
s4ej 15
snej 16
s9ej 17
sgej 18
szej 19
ssej 20
syej 21
sdej 22
s3ej 23
s1ej 24
sw7j 25
st7j 26
sx7j 27
sj7j 28
sq7j 29
so7j 30
sl7j 31
s67j 32
s27j 33
sh7j 34
sc7j 35
sm7j 36
sa7j 37
sf7j 38
si7j 39
se7j 40
s77j 41
sr7j 43
sk7j 44
sb7j 45
su7j 46
sv7j 47
s07j 48
s57j 49
sp7j 50
s87j 51
s47j 52
sn7j 53
s97j 54
sg7j 55
sz7j 56
ss7j 57
sy7j 58
sd7j 59
s37j 60
s17j 61
swrj 62
strj 63
sxrj 64
sjrj 65
sqrj 66
sorj 67
slrj 68
s6rj 69
s2rj 70
shrj 71
scrj 72
smrj 73
sarj 74
sfrj 75
sirj 76
serj 77
s7rj 78
srrj 79
skrj 80
sbrj 81
surj 82
svrj 83
s0rj 84
s5rj 85
sprj 86
s8rj 87
s4rj 88
snrj 89
s9rj 90
sgrj 91
szrj 92
ssrj 93
cyrj 0
s8yt 95
c4yt 95
snyt 95
s9yt 95
sgyt 95
szyt 95
ssyt 95
syyt 95
sdyt 95
s3yt 94
s1yt 96
swdt 97
stdt 98
sxdt 99
sjdt 95
sqdt 42
sodt 96
sldt 3
s6dt 90
s2dt 32
shdt 9
scdt 1
smdt 44
sadt 46
sfdt 89
sidt 72
sedt 73
s7dt 66
srdt 94
skdt 13
sbdt 60
sudt 23
svdt 28
s0dt 51
s5dt 75
spdt 91
s8dt 12
s4dt 52
sndt 68
s9dt 77
sgdt 43
szdt 58
ssdt 83
sydt 87
sddt 8
s3dt 74
s1dt 21
sw3t 93
st3t 38
sx3t 70
sj3t 81
sq3t 86
so3t 5
sl3t 31
s63t 67
s23t 82
sh3t 98
sc3t 4
sm3t 56
sa3t 97
sf3t 48
si3t 78
se3t 39
s73t 47
sr3t 92
sk3t 88
sb3t 40
su3t 41
sv3t 26
s03t 34
s53t 54
sp3t 59
s83t 80
s43t 7
sn3t 36
s93t 95
sg3t 10
sz3t 42
ss3t 71
sy3t 30
sd3t 84
s33t 15
s13t 50
sw1t 65
st1t 19
sx1t 33
sj1t 14
sq1t 76
so1t 37
sl1t 85
s61t 29
s21t 49
sh1t 24
sc1t 16
sm1t 18
sa1t 20
sf1t 79
si1t 17
se1t 35
s71t 99
sr1t 61
sk1t 53
cb1t 14
st 69
cx 69
sj 69
sq 69
so 69
sl 69
s6 69
s2 69
sh 0
sc 1
sm 2
sa 3
sf 4
si 5
se 6
s7 7
sr 8
sk 9
sb 10
su 11
sv 12
s0 13
s5 14
sp 15
s8 16
s4 17
sn 18
s9 19
sg 20
sz 21
ss 22
sy 23
sd 24
s3 25
s1 26
swt 27
stt 28
sxt 29
sjt 30
sqt 31
sot 32
slt 33
s6t 34
s2t 35
sht 36
sct 37
smt 38
sat 39
sft 40
sit 41
set 42
s7t 43
srt 44
skt 45
sbt 46
sut 47
svt 48
s0t 49
s5t 50
spt 51
s8t 52
s4t 53
snt 54
s9t 55
sgt 56
szt 57
sst 58
syt 59
sdt 60
s3t 61
s1t 62
swx 63
stx 64
sxx 65
sjx 66
sqx 67
sox 68
slx 70
s6x 71
s2x 72
shx 73
scx 74
smx 75
sax 76
sfx 77
six 78
sex 79
s7x 80
srx 81
skx 82
sbx 83
sux 84
svx 85
s0x 86
s5x 87
spx 88
s8x 89
s4x 90
snx 91
s9x 92
sgx 93
szx 94
csx 32
s6aj 95
c2aj 95
shaj 95
scaj 95
smaj 95
saaj 95
sfaj 95
siaj 95
seaj 95
s7aj 69
sraj 96
skaj 97
sbaj 98
suaj 99
svaj 65
s0aj 90
s5aj 74
spaj 6
s8aj 8
s4aj 37
snaj 62
s9aj 42
sgaj 52
szaj 56
ssaj 94
syaj 14
sdaj 7
s3aj 54
s1aj 5
swfj 40
stfj 75
sxfj 30
sjfj 15
sqfj 38
sofj 88
slfj 57
s6fj 60
s2fj 71
shfj 64
scfj 27
smfj 55
safj 12
sffj 81
sifj 16
sefj 28
s7fj 72
srfj 26
skfj 34
sbfj 58
sufj 9
svfj 70
s0fj 39
s5fj 23
spfj 29
s8fj 31
s4fj 73
snfj 92
s9fj 2
sgfj 24
szfj 21
ssfj 95
syfj 11
sdfj 41
s3fj 0
s1fj 44
swij 53
stij 78
sxij 47
sjij 48
sqij 79
soij 25
slij 91
s6ij 4
s2ij 84
shij 89
scij 10
smij 59
saij 82
sfij 45
siij 67
seij 85
s7ij 36
srij 80
skij 1
sbij 19
suij 20
svij 51
s0ij 22
s5ij 93
spij 33
s8ij 13
s4ij 68
snij 77
s9ij 87
sgij 35
szij 43
ssij 98
syij 18
sdij 66
s3ij 3
s1ij 63
swej 49
ctej 43
sd0 50
c30 50
s10 50
sw5 50
st5 50
sx5 50
sj5 50
sq5 50
so5 50
sl5 0
s65 1
s25 2
sh5 3
sc5 4
sm5 5
sa5 6
sf5 7
si5 8
se5 9
s75 10
sr5 11
sk5 12
sb5 13
su5 14
sv5 15
s05 16
s55 17
sp5 18
s85 19
s45 20
sn5 21
s95 22
sg5 23
sz5 24
ss5 25
sy5 26
sd5 27
s35 28
s15 29
swp 30
stp 31
sxp 32
sjp 33
sqp 34
sop 35
slp 36
s6p 37
s2p 38
shp 39
scp 40
smp 41
sap 42
sfp 43
sip 44
sep 45
s7p 46
srp 47
skp 48
sbp 49
sup 51
svp 52
s0p 53
s5p 54
spp 55
s8p 56
s4p 57
snp 58
s9p 59
sgp 60
szp 61
ssp 62
syp 63
sdp 64
s3p 65
s1p 66
sw8 67
st8 68
sx8 69
sj8 70
sq8 71
so8 72
sl8 73
s68 74
s28 75
sh8 76
sc8 77
sm8 78
sa8 79
sf8 80
si8 81
se8 82
s78 83
sr8 84
sk8 85
sb8 86
su8 87
sv8 88
s08 89
s58 90
sp8 91
s88 92
s48 93
cn8 48
ssfx 94
cyfx 94
sdfx 94
s3fx 94
s1fx 94
swix 94
stix 94
sxix 94
sjix 94
sqix 95
soix 96
slix 97
s6ix 98
s2ix 99
shix 94
scix 50
smix 59
saix 2
sfix 5
siix 8
seix 61
s7ix 84
srix 67
skix 74
sbix 66
suix 89
svix 40
s0ix 20
s5ix 43
spix 26
s8ix 69
s4ix 99
snix 24
s9ix 41
sgix 3
szix 57
ssix 18
syix 9
sdix 58
s3ix 38
s1ix 16
swex 82
stex 98
sxex 46
sjex 71
sqex 80
soex 85
slex 73
s6ex 13
s2ex 12
shex 75
scex 81
smex 39
saex 77
sfex 28
siex 30
seex 92
s7ex 95
srex 51
skex 62
sbex 65
suex 56
svex 76
s0ex 96
s5ex 25
spex 14
s8ex 11
s4ex 33
snex 88
s9ex 0
sgex 4
szex 63
ssex 6
syex 49
sdex 55
s3ex 87
s1ex 52
sw7x 93
st7x 23
sx7x 45
sj7x 91
sq7x 19
so7x 86
sl7x 32
s67x 47
s27x 83
sh7x 1
sc7x 60
sm7x 78
sa7x 17
sf7x 53
si7x 64
se7x 34
s77x 10
sr7x 42
sk7x 7
sb7x 79
su7x 97
sv7x 44
s07x 54
s57x 29
sp7x 27
c87x 42
sxu 31
cju 31
squ 31
sou 31
slu 31
s6u 31
s2u 31
shu 31
scu 31
smu 0
sau 1
sfu 2
siu 3
seu 4
s7u 5
sru 6
sku 7
sbu 8
suu 9
svu 10
s0u 11
s5u 12
spu 13
s8u 14
s4u 15
snu 16
s9u 17
sgu 18
szu 19
ssu 20
syu 21
sdu 22
s3u 23
s1u 24
swv 25
stv 26
sxv 27
sjv 28
sqv 29
sov 30
slv 32
s6v 33
s2v 34
shv 35
scv 36
smv 37
sav 38
sfv 39
siv 40
sev 41
s7v 42
srv 43
skv 44
sbv 45
suv 46
svv 47
s0v 48
s5v 49
spv 50
s8v 51
s4v 52
snv 53
s9v 54
sgv 55
szv 56
ssv 57
syv 58
sdv 59
s3v 60
s1v 61
sw0 62
st0 63
sx0 64
sj0 65
sq0 66
so0 67
sl0 68
s60 69
s20 70
sh0 71
sc0 72
sm0 73
sa0 74
sf0 75
si0 76
se0 77
s70 78
sr0 79
sk0 80
sb0 81
su0 82
sv0 83
s00 84
s50 85
sp0 86
s80 87
s40 88
sn0 89
s90 90
sg0 91
sz0 92
ss0 93
cy0 62
sno 94
c9o 94
sgo 94
szo 94
sso 94
syo 94
sdo 94
s3o 94
s1o 94
swl 95
stl 96
sxl 97
sjl 98
sql 99
sol 31
sll 95
s6l 97
s2l 60
shl 92
scl 44
sml 66
sal 91
sfl 6
sil 13
sel 30
s7l 51
srl 80
skl 7
sbl 82
sul 93
svl 28
s0l 77
s5l 29
spl 38
s8l 59
s4l 88
snl 84
s9l 46
sgl 42
szl 22
ssl 35
syl 52
sdl 27
s3l 24
s1l 67
sw6 64
st6 99
sx6 14
sj6 37
sq6 20
so6 79
sl6 3
s66 23
s26 94
sh6 41
sc6 0
sm6 4
sa6 11
sf6 72
si6 45
se6 21
s76 81
sr6 2
sk6 74
sb6 32
su6 1
sv6 17
s06 70
s56 26
sp6 43
s86 16
s46 54
sn6 71
s96 87
sg6 33
sz6 8
ss6 5
sy6 48
sd6 49
s36 78
s16 89
sw2 85
st2 18
sx2 57
sj2 19
sq2 25
so2 63
sl2 73
s62 58
s22 98
sh2 39
sc2 69
sm2 76
sa2 90
sf2 10
si2 68
se2 50
s72 65
sr2 40
sk2 53
sb2 12
su2 47
cv2 47
sqpt 9
copt 9
slpt 9
s6pt 9
s2pt 9
shpt 9
scpt 9
smpt 9
sapt 9
sfpt 9
sipt 0
sept 1
s7pt 2
srpt 3
skpt 4
sbpt 5
supt 6
svpt 7
s0pt 8
s5pt 10
sppt 11
s8pt 12
s4pt 13
snpt 14
s9pt 15
sgpt 16
szpt 17
sspt 18
sypt 19
sdpt 20
s3pt 21
s1pt 22
sw8t 23
st8t 24
sx8t 25
sj8t 26
sq8t 27
so8t 28
sl8t 29
s68t 30
s28t 31
sh8t 32
sc8t 33
sm8t 34
sa8t 35
sf8t 36
si8t 37
se8t 38
s78t 39
sr8t 40
sk8t 41
sb8t 42
su8t 43
sv8t 44
s08t 45
s58t 46
sp8t 47
s88t 48
s48t 49
sn8t 50
s98t 51
sg8t 52
sz8t 53
ss8t 54
sy8t 55
sd8t 56
s38t 57
s18t 58
sw4t 59
st4t 60
sx4t 61
sj4t 62
sq4t 63
so4t 64
sl4t 65
s64t 66
s24t 67
sh4t 68
sc4t 69
sm4t 70
sa4t 71
sf4t 72
si4t 73
se4t 74
s74t 75
sr4t 76
sk4t 77
sb4t 78
su4t 79
sv4t 80
s04t 81
s54t 82
sp4t 83
s84t 84
s44t 85
sn4t 86
s94t 87
sg4t 88
sz4t 89
ss4t 90
sy4t 91
sd4t 92
c34t 66
sdrj 96
c3rj 96
s1rj 96
swkj 96
stkj 96
sxkj 96
sjkj 96
sqkj 96
sokj 96
slkj 93
s6kj 94
s2kj 95
shkj 97
sckj 98
smkj 99
sakj 9
sfkj 94
sikj 95
sekj 70
s7kj 62
srkj 98
skkj 38
sbkj 57
sukj 55
svkj 76
s0kj 89
s5kj 6
spkj 45
s8kj 26
s4kj 61
snkj 51
s9kj 71
sgkj 65
szkj 97
sskj 12
sykj 16
sdkj 19
s3kj 99
s1kj 85
swbj 7
stbj 44
sxbj 77
sjbj 1
sqbj 56
sobj 83
slbj 20
s6bj 92
s2bj 67
shbj 82
scbj 90
smbj 23
sabj 25
sfbj 87
sibj 30
sebj 59
s7bj 31
srbj 11
skbj 41
sbbj 79
subj 13
svbj 24
s0bj 74
s5bj 88
spbj 2
s8bj 53
s4bj 28
snbj 22
s9bj 32
sgbj 96
szbj 8
ssbj 17
sybj 73
sdbj 21
s3bj 27
s1bj 18
swuj 42
stuj 69
sxuj 33
sjuj 14
squj 4
souj 91
sluj 10
s6uj 15
s2uj 29
shuj 78
scuj 60
smuj 63
sauj 80
sfuj 3
siuj 86
seuj 49
s7uj 40
sruj 58
skuj 39
sbuj 72
suuj 46
svuj 54
s0uj 64
s5uj 75
spuj 93
s8uj 68
s4uj 9
cnuj 72
sfgj 50
cigj 50
segj 50
s7gj 50
srgj 50
skgj 50
sbgj 50
sugj 50
svgj 50
s0gj 0
s5gj 1
spgj 2
s8gj 3
s4gj 4
sngj 5
s9gj 6
sggj 7
szgj 8
ssgj 9
sygj 10
sdgj 11
s3gj 12
s1gj 13
swzj 14
stzj 15
sxzj 16
sjzj 17
sqzj 18
sozj 19
slzj 20
s6zj 21
s2zj 22
shzj 23
sczj 24
smzj 25
sazj 26
sfzj 27
sizj 28
sezj 29
s7zj 30
srzj 31
skzj 32
sbzj 33
suzj 34
svzj 35
s0zj 36
s5zj 37
spzj 38
s8zj 39
s4zj 40
snzj 41
s9zj 42
sgzj 43
szzj 44
sszj 45
syzj 46
sdzj 47
s3zj 48
s1zj 49
swsj 51
stsj 52
sxsj 53
sjsj 54
sqsj 55
sosj 56
slsj 57
s6sj 58
s2sj 59
shsj 60
scsj 61
smsj 62
sasj 63
sfsj 64
sisj 65
sesj 66
s7sj 67
srsj 68
sksj 69
sbsj 70
susj 71
svsj 72
s0sj 73
s5sj 74
spsj 75
s8sj 76
s4sj 77
snsj 78
s9sj 79
sgsj 80
szsj 81
sssj 82
sysj 83
sdsj 84
s3sj 85
s1sj 86
swyj 87
styj 88
sxyj 89
sjyj 90
sqyj 91
soyj 92
slyj 93
c6yj 23
s59 98
cp9 98
s89 98
s49 98
sn9 98
s99 98
sg9 98
sz9 98
ss9 98
sy9 98
sd9 94
s39 95
s19 96
swg 97
stg 99
sxg 50
sjg 52
sqg 73
sog 98
slg 64
s6g 1
s2g 30
shg 40
scg 89
smg 9
sag 90
sfg 41
sig 80
seg 0
s7g 85
srg 15
skg 27
sbg 56
sug 59
svg 25
s0g 17
s5g 46
spg 20
s8g 91
s4g 14
sng 53
s9g 77
sgg 93
szg 6
ssg 49
syg 68
sdg 22
s3g 92
s1g 29
swz 13
stz 74
sxz 3
sjz 88
sqz 34
soz 16
slz 24
s6z 36
s2z 42
shz 2
scz 5
smz 58
saz 19
sfz 21
siz 35
sez 8
s7z 69
srz 51
skz 10
sbz 62
suz 79
svz 87
s0z 57
s5z 75
spz 63
s8z 55
s4z 4
snz 47
s9z 81
sgz 31
szz 33
ssz 65
syz 70
sdz 84
s3z 32
s1z 99
sws 38
sts 96
sxs 76
sjs 72
sqs 7
sos 18
sls 82
s6s 67
s2s 39
shs 44
scs 66
sms 12
sas 61
sfs 48
sis 60
ses 26
s7s 50
crs 12
syx 86
cdx 86
s3x 86
s1x 86
swj 86
stj 86
sxj 86
sjj 86
sqj 86
soj 0
slj 1
s6j 2
s2j 3
shj 4
scj 5
smj 6
saj 7
sfj 8
sij 9
sej 10
s7j 11
srj 12
skj 13
sbj 14
suj 15
svj 16
s0j 17
s5j 18
spj 19
s8j 20
s4j 21
snj 22
s9j 23
sgj 24
szj 25
ssj 26
syj 27
sdj 28
s3j 29
s1j 30
swq 31
stq 32
sxq 33
sjq 34
sqq 35
soq 36
slq 37
s6q 38
s2q 39
shq 40
scq 41
smq 42
saq 43
sfq 44
siq 45
seq 46
s7q 47
srq 48
skq 49
sbq 50
suq 51
svq 52
s0q 53
s5q 54
spq 55
s8q 56
s4q 57
snq 58
s9q 59
sgq 60
szq 61
ssq 62
syq 63
sdq 64
s3q 65
s1q 66
swo 67
sto 68
sxo 69
sjo 70
sqo 71
soo 72
slo 73
s6o 74
s2o 75
sho 76
sco 77
smo 78
sao 79
sfo 80
sio 81
seo 82
s7o 83
sro 84
sko 85
sbo 87
suo 88
svo 89
s0o 90
s5o 91
spo 92
s8o 93
c4o 88
sbet 95
cuet 95
svet 95
s0et 95
s5et 95
spet 95
s8et 95
s4et 95
snet 95
s9et 94
sget 96
szet 97
sset 98
syet 99
sdet 95
s3et 27
s1et 24
sw7t 81
st7t 83
sx7t 84
sj7t 86
sq7t 42
so7t 43
sl7t 80
s67t 51
s27t 65
sh7t 32
sc7t 82
sm7t 52
sa7t 19
sf7t 53
si7t 37
se7t 73
s77t 34
sr7t 57
sk7t 3
sb7t 93
su7t 5
sv7t 16
s07t 50
s57t 75
sp7t 54
s87t 59
s47t 89
sn7t 0
s97t 17
sg7t 1
sz7t 46
ss7t 92
sy7t 98
sd7t 18
s37t 20
s17t 14
swrt 66
strt 36
sxrt 90
sjrt 94
sqrt 13
sort 40
slrt 63
s6rt 39
s2rt 9
shrt 47
scrt 79
smrt 68
sart 55
sfrt 69
sirt 2
sert 78
s7rt 97
srrt 85
skrt 33
sbrt 11
surt 71
svrt 25
s0rt 38
s5rt 30
sprt 76
s8rt 62
s4rt 8
snrt 44
s9rt 12
sgrt 45
szrt 64
ssrt 87
syrt 4
sdrt 21
s3rt 60
s1rt 74
swkt 29
stkt 31
sxkt 22
sjkt 91
sqkt 15
sokt 72
slkt 26
s6kt 23
s2kt 6
shkt 7
sckt 49
smkt 67
sakt 41
cfkt 41
s98 61
cg8 61
sz8 61
ss8 61
sy8 61
sd8 61
s38 61
s18 61
sw4 61
st4 61
sx4 0
sj4 1
sq4 2
so4 3
sl4 4
s64 5
s24 6
sh4 7
sc4 8
sm4 9
sa4 10
sf4 11
si4 12
se4 13
s74 14
sr4 15
sk4 16
sb4 17
su4 18
sv4 19
s04 20
s54 21
sp4 22
s84 23
s44 24
sn4 25
s94 26
sg4 27
sz4 28
ss4 29
sy4 30
sd4 31
s34 32
s14 33
swn 34
stn 35
sxn 36
sjn 37
sqn 38
son 39
sln 40
s6n 41
s2n 42
shn 43
scn 44
smn 45
san 46
sfn 47
sin 48
sen 49
s7n 50
srn 51
skn 52
sbn 53
sun 54
svn 55
s0n 56
s5n 57
spn 58
s8n 59
s4n 60
snn 62
s9n 63
sgn 64
szn 65
ssn 66
syn 67
sdn 68
s3n 69
s1n 70
sw9 71
st9 72
sx9 73
sj9 74
sq9 75
so9 76
sl9 77
s69 78
s29 79
sh9 80
sc9 81
sm9 82
sa9 83
sf9 84
si9 85
se9 86
s79 87
sr9 88
sk9 89
sb9 90
su9 91
sv9 92
c09 0
sk4j 96
cb4j 96
su4j 96
sv4j 96
s04j 96
s54j 96
sp4j 96
s84j 96
s44j 96
sn4j 93
s94j 94
sg4j 95
sz4j 97
ss4j 98
sy4j 99
sd4j 97
s34j 99
s14j 96
swnj 95
stnj 98
sxnj 14
sjnj 69
sqnj 84
sonj 50
slnj 62
s6nj 42
s2nj 54
shnj 78
scnj 82
smnj 35
sanj 55
sfnj 61
sinj 65
senj 91
s7nj 68
srnj 3
sknj 20
sbnj 19
sunj 36
svnj 28
s0nj 48
s5nj 41
spnj 47
s8nj 86
s4nj 37
snnj 89
s9nj 59
sgnj 30
sznj 67
ssnj 6
synj 76
sdnj 10
s3nj 11
s1nj 33
sw9j 63
st9j 18
sx9j 74
sj9j 40
sq9j 43
so9j 26
sl9j 38
s69j 72
s29j 27
sh9j 60
sc9j 34
sm9j 94
sa9j 75
sf9j 53
si9j 45
se9j 85
s79j 46
sr9j 92
sk9j 12
sb9j 77
su9j 88
sv9j 93
s09j 73
s59j 13
sp9j 22
s89j 71
s49j 70
sn9j 8
s99j 39
sg9j 90
sz9j 1
ss9j 21
sy9j 49
sd9j 29
s39j 31
s19j 32
swgj 9
stgj 51
sxgj 2
sjgj 24
sqgj 58
sogj 64
slgj 52
s6gj 56
s2gj 66
shgj 23
scgj 83
smgj 87
cagj 31
s55j 17
cp5j 17
s85j 17
s45j 17
sn5j 17
s95j 17
sg5j 17
sz5j 17
ss5j 17
sy5j 0
sd5j 1
s35j 2
s15j 3
swpj 4
stpj 5
sxpj 6
sjpj 7
sqpj 8
sopj 9
slpj 10
s6pj 11
s2pj 12
shpj 13
scpj 14
smpj 15
sapj 16
sfpj 18
sipj 19
sepj 20
s7pj 21
srpj 22
skpj 23
sbpj 24
supj 25
svpj 26
s0pj 27
s5pj 28
sppj 29
s8pj 30
s4pj 31
snpj 32
s9pj 33
sgpj 34
szpj 35
sspj 36
sypj 37
sdpj 38
s3pj 39
s1pj 40
sw8j 41
st8j 42
sx8j 43
sj8j 44
sq8j 45
so8j 46
sl8j 47
s68j 48
s28j 49
sh8j 50
sc8j 51
sm8j 52
sa8j 53
sf8j 54
si8j 55
se8j 56
s78j 57
sr8j 58
sk8j 59
sb8j 60
su8j 61
sv8j 62
s08j 63
s58j 64
sp8j 65
s88j 66
s48j 67
sn8j 68
s98j 69
sg8j 70
sz8j 71
ss8j 72
sy8j 73
sd8j 74
s38j 75
s18j 76
sw4j 77
st4j 78
sx4j 79
sj4j 80
sq4j 81
so4j 82
sl4j 83
s64j 84
s24j 85
sh4j 86
sc4j 87
sm4j 88
sa4j 89
sf4j 90
si4j 91
se4j 92
s74j 93
cr4j 85
sydx 96
cddx 96
s3dx 96
s1dx 96
sw3x 96
st3x 96
sx3x 96
sj3x 96
sq3x 96
so3x 17
sl3x 94
s63x 95
s23x 97
sh3x 98
sc3x 99
sm3x 66
sa3x 20
sf3x 2
si3x 15
se3x 80
s73x 34
sr3x 79
sk3x 69
sb3x 65
su3x 91
sv3x 13
s03x 63
s53x 30
sp3x 56
s83x 3
s43x 73
sn3x 62
s93x 93
sg3x 12
sz3x 81
ss3x 6
sy3x 87
sd3x 1
s33x 4
s13x 58
sw1x 19
st1x 74
sx1x 10
sj1x 61
sq1x 40
so1x 39
sl1x 83
s61x 44
s21x 21
sh1x 25
sc1x 32
sm1x 41
sa1x 50
sf1x 52
si1x 7
se1x 24
s71x 53
sr1x 35
sk1x 71
sb1x 0
su1x 92
sv1x 95
s01x 29
s51x 33
sp1x 54
s81x 96
s41x 17
sn1x 37
s91x 97
sg1x 77
sz1x 47
ss1x 57
sy1x 76
sd1x 11
s31x 43
s11x 99
swwj 36
stwj 51
sxwj 88
sjwj 22
sqwj 59
sowj 75
slwj 78
s6wj 8
s2wj 42
shwj 70
scwj 84
smwj 82
sawj 46
sfwj 67
siwj 90
sewj 16
s7wj 64
srwj 5
skwj 27
sbwj 31
suwj 9
svwj 23
s0wj 48
s5wj 45
spwj 60
s8wj 72
c4wj 50
s3lt 14
c1lt 14
sw6t 14
st6t 14
sx6t 14
sj6t 14
sq6t 14
so6t 14
sl6t 14
s66t 0
s26t 1
sh6t 2
sc6t 3
sm6t 4
sa6t 5
sf6t 6
si6t 7
se6t 8
s76t 9
sr6t 10
sk6t 11
sb6t 12
su6t 13
sv6t 15
s06t 16
s56t 17
sp6t 18
s86t 19
s46t 20
sn6t 21
s96t 22
sg6t 23
sz6t 24
ss6t 25
sy6t 26
sd6t 27
s36t 28
s16t 29
sw2t 30
st2t 31
sx2t 32
sj2t 33
sq2t 34
so2t 35
sl2t 36
s62t 37
s22t 38
sh2t 39
sc2t 40
sm2t 41
sa2t 42
sf2t 43
si2t 44
se2t 45
s72t 46
sr2t 47
sk2t 48
sb2t 49
su2t 50
sv2t 51
s02t 52
s52t 53
sp2t 54
s82t 55
s42t 56
sn2t 57
s92t 58
sg2t 59
sz2t 60
ss2t 61
sy2t 62
sd2t 63
s32t 64
s12t 65
swht 66
stht 67
sxht 68
sjht 69
sqht 70
soht 71
slht 72
s6ht 73
s2ht 74
shht 75
scht 76
smht 77
saht 78
sfht 79
siht 80
seht 81
s7ht 82
srht 83
skht 84
sbht 85
suht 86
svht 87
s0ht 88
s5ht 89
spht 90
s8ht 91
s4ht 92
snht 93
c9ht 70
s2yj 94
chyj 94
scyj 94
smyj 94
sayj 94
sfyj 94
siyj 94
seyj 94
s7yj 94
sryj 95
skyj 96
sbyj 97
suyj 98
svyj 99
s0yj 94
s5yj 38
spyj 55
s8yj 90
s4yj 19
snyj 25
s9yj 16
sgyj 20
szyj 34
ssyj 60
syyj 62
sdyj 14
s3yj 42
s1yj 63
swdj 69
stdj 37
sxdj 27
sjdj 76
sqdj 93
sodj 1
sldj 52
s6dj 97
s2dj 26
shdj 8
scdj 17
smdj 0
sadj 2
sfdj 98
sidj 22
sedj 32
s7dj 39
srdj 4
skdj 54
sbdj 81
sudj 28
svdj 47
s0dj 59
s5dj 91
spdj 6
s8dj 36
s4dj 13
sndj 66
s9dj 5
sgdj 68
szdj 46
ssdj 86
sydj 85
sddj 18
s3dj 15
s1dj 58
sw3j 82
st3j 7
sx3j 74
sj3j 12
sq3j 64
so3j 67
sl3j 75
s63j 95
s23j 72
sh3j 83
sc3j 94
sm3j 80
sa3j 48
sf3j 49
si3j 51
se3j 10
s73j 99
sr3j 31
sk3j 87
sb3j 65
su3j 45
sv3j 84
s03j 41
s53j 61
sp3j 96
s83j 21
s43j 43
sn3j 77
s93j 53
sg3j 92
sz3j 30
ss3j 79
sy3j 40
sd3j 11
s33j 71
s13j 23
sw1j 56
st1j 73
cx1j 7
srm 33
ckm 33
sbm 33
sum 33
svm 33
s0m 33
s5m 33
spm 33
s8m 33
s4m 0
snm 1
s9m 2
sgm 3
szm 4
ssm 5
sym 6
sdm 7
s3m 8
s1m 9
swa 10
sta 11
sxa 12
sja 13
sqa 14
soa 15
sla 16
s6a 17
s2a 18
sha 19
sca 20
sma 21
saa 22
sfa 23
sia 24
sea 25
s7a 26
sra 27
ska 28
sba 29
sua 30
sva 31
s0a 32
s5a 34
spa 35
s8a 36
s4a 37
sna 38
s9a 39
sga 40
sza 41
ssa 42
sya 43
sda 44
s3a 45
s1a 46
swf 47
stf 48
sxf 49
sjf 50
sqf 51
sof 52
slf 53
s6f 54
s2f 55
shf 56
scf 57
smf 58
saf 59
sff 60
sif 61
sef 62
s7f 63
srf 64
skf 65
sbf 66
suf 67
svf 68
s0f 69
s5f 70
spf 71
s8f 72
s4f 73
snf 74
s9f 75
sgf 76
szf 77
ssf 78
syf 79
sdf 80
s3f 81
s1f 82
swi 83
sti 84
sxi 85
sji 86
sqi 87
soi 88
sli 89
s6i 90
s2i 91
shi 92
sci 93
cmi 2
svbx 98
c0bx 98
s5bx 98
spbx 98
s8bx 98
s4bx 98
snbx 98
s9bx 98
sgbx 98
szbx 33
ssbx 94
sybx 95
sdbx 96
s3bx 97
s1bx 99
swux 84
stux 86
sxux 10
sjux 18
squx 25
soux 21
slux 37
s6ux 76
s2ux 52
shux 44
scux 24
smux 90
saux 8
sfux 40
siux 50
seux 53
s7ux 87
srux 81
skux 67
sbux 60
suux 65
svux 55
s0ux 82
s5ux 16
spux 4
s8ux 7
s4ux 27
snux 79
s9ux 92
sgux 0
szux 41
ssux 46
syux 62
sdux 20
s3ux 68
s1ux 17
swvx 72
stvx 57
sxvx 59
sjvx 58
sqvx 30
sovx 70
slvx 64
s6vx 26
s2vx 12
shvx 66
scvx 93
smvx 9
savx 75
sfvx 15
sivx 74
sevx 5
s7vx 61
srvx 13
skvx 85
sbvx 42
suvx 47
svvx 83
s0vx 80
s5vx 36
spvx 6
s8vx 29
s4vx 39
snvx 45
s9vx 56
sgvx 38
szvx 34
ssvx 51
syvx 89
sdvx 31
s3vx 35
s1vx 22
sw0x 91
st0x 11
sx0x 23
sj0x 28
sq0x 32
so0x 14
sl0x 63
s60x 73
s20x 3
sh0x 54
sc0x 78
sm0x 43
sa0x 77
sf0x 19
si0x 1
ce0x 14
s47x 48
cn7x 48
s97x 48
sg7x 48
sz7x 48
ss7x 48
sy7x 48
sd7x 48
s37x 48
s17x 0
swrx 1
strx 2
sxrx 3
sjrx 4
sqrx 5
sorx 6
slrx 7
s6rx 8
s2rx 9
shrx 10
scrx 11
smrx 12
sarx 13
sfrx 14
sirx 15
serx 16
s7rx 17
srrx 18
skrx 19
sbrx 20
surx 21
svrx 22
s0rx 23
s5rx 24
sprx 25
s8rx 26
s4rx 27
snrx 28
s9rx 29
sgrx 30
szrx 31
ssrx 32
syrx 33
sdrx 34
s3rx 35
s1rx 36
swkx 37
stkx 38
sxkx 39
sjkx 40
sqkx 41
sokx 42
slkx 43
s6kx 44
s2kx 45
shkx 46
sckx 47
smkx 49
sakx 50
sfkx 51
sikx 52
sekx 53
s7kx 54
srkx 55
skkx 56
sbkx 57
sukx 58
svkx 59
s0kx 60
s5kx 61
spkx 62
s8kx 63
s4kx 64
snkx 65
s9kx 66
sgkx 67
szkx 68
sskx 69
sykx 70
sdkx 71
s3kx 72
s1kx 73
swbx 74
stbx 75
sxbx 76
sjbx 77
sqbx 78
sobx 79
slbx 80
s6bx 81
s2bx 82
shbx 83
scbx 84
smbx 85
sabx 86
sfbx 87
sibx 88
sebx 89
s7bx 90
srbx 91
skbx 92
sbbx 93
cubx 56
snwj 98
c9wj 98
sgwj 98
szwj 98
sswj 98
sywj 98
sdwj 98
s3wj 98
s1wj 98
swtj 94
sttj 95
sxtj 96
sjtj 97
sqtj 99
sotj 48
sltj 4
s6tj 87
s2tj 98
shtj 18
sctj 3
smtj 93
satj 46
sftj 28
sitj 38
setj 11
s7tj 21
srtj 57
sktj 78
sbtj 0
sutj 85
svtj 23
s0tj 75
s5tj 77
sptj 7
s8tj 55
s4tj 72
sntj 89
s9tj 1
sgtj 26
sztj 79
sstj 31
sytj 42
sdtj 50
s3tj 62
s1tj 90
swxj 92
stxj 17
sxxj 76
sjxj 15
sqxj 60
soxj 6
slxj 52
s6xj 32
s2xj 61
shxj 68
scxj 70
smxj 49
saxj 67
sfxj 41
sixj 27
sexj 30
s7xj 95
srxj 74
skxj 86
sbxj 58
suxj 10
svxj 84
s0xj 13
s5xj 96
spxj 29
s8xj 81
s4xj 63
snxj 19
s9xj 71
sgxj 39
szxj 2
ssxj 51
syxj 34
sdxj 24
s3xj 9
s1xj 12
swjj 44
stjj 99
sxjj 22
sjjj 40
sqjj 73
sojj 80
sljj 82
s6jj 83
s2jj 65
shjj 59
scjj 66
smjj 91
sajj 69
sfjj 47
sijj 64
sejj 25
s7jj 33
srjj 35
skjj 37
sbjj 43
sujj 97
cvjj 47
su1t 88
cv1t 88
s01t 88
s51t 88
sp1t 88
s81t 88
s41t 88
sn1t 88
s91t 88
sg1t 88
sz1t 0
ss1t 1
sy1t 2
sd1t 3
s31t 4
s11t 5
swwx 6
stwx 7
sxwx 8
sjwx 9
sqwx 10
sowx 11
slwx 12
s6wx 13
s2wx 14
shwx 15
scwx 16
smwx 17
sawx 18
sfwx 19
siwx 20
sewx 21
s7wx 22
srwx 23
skwx 24
sbwx 25
suwx 26
svwx 27
s0wx 28
s5wx 29
spwx 30
s8wx 31
s4wx 32
snwx 33
s9wx 34
sgwx 35
szwx 36
sswx 37
sywx 38
sdwx 39
s3wx 40
s1wx 41
swtx 42
sttx 43
sxtx 44
sjtx 45
sqtx 46
sotx 47
sltx 48
s6tx 49
s2tx 50
shtx 51
sctx 52
smtx 53
satx 54
sftx 55
sitx 56
setx 57
s7tx 58
srtx 59
sktx 60
sbtx 61
sutx 62
svtx 63
s0tx 64
s5tx 65
sptx 66
s8tx 67
s4tx 68
sntx 69
s9tx 70
sgtx 71
sztx 72
sstx 73
sytx 74
sdtx 75
s3tx 76
s1tx 77
swxx 78
stxx 79
sxxx 80
sjxx 81
sqxx 82
soxx 83
slxx 84
s6xx 85
s2xx 86
shxx 87
scxx 89
smxx 90
saxx 91
sfxx 92
cixx 39
sm8x 94
ca8x 94
sf8x 94
si8x 94
se8x 94
s78x 94
sr8x 94
sk8x 94
sb8x 94
su8x 94
sv8x 93
s08x 95
s58x 96
sp8x 97
s88x 98
s48x 99
sn8x 88
s98x 7
sg8x 63
sz8x 78
ss8x 89
sy8x 34
sd8x 66
s38x 72
s18x 6
sw4x 41
st4x 62
sx4x 9
sj4x 21
sq4x 68
so4x 58
sl4x 85
s64x 10
s24x 28
sh4x 84
sc4x 60
sm4x 61
sa4x 92
sf4x 2
si4x 1
se4x 12
s74x 16
sr4x 51
sk4x 56
sb4x 32
su4x 18
sv4x 36
s04x 46
s54x 79
sp4x 59
s84x 80
s44x 83
sn4x 67
s94x 86
sg4x 17
sz4x 26
ss4x 57
sy4x 3
sd4x 43
s34x 74
s14x 45
swnx 90
stnx 38
sxnx 22
sjnx 30
sqnx 35
sonx 77
slnx 27
s6nx 47
s2nx 33
shnx 0
scnx 50
smnx 93
sanx 94
sfnx 20
sinx 64
senx 65
s7nx 15
srnx 25
sknx 19
sbnx 55
sunx 40
svnx 70
s0nx 98
s5nx 11
spnx 82
s8nx 31
s4nx 73
snnx 75
s9nx 87
sgnx 91
sznx 29
ssnx 54
synx 37
sdnx 13
s3nx 99
s1nx 14
sw9x 4
st9x 48
sx9x 23
sj9x 96
sq9x 44
co9x 23
sl9x 53
c69x 53
s29x 53
sh9x 53
sc9x 53
sm9x 53
sa9x 53
sf9x 53
si9x 53
se9x 0
s79x 1
sr9x 2
sk9x 3
sb9x 4
su9x 5
sv9x 6
s09x 7
s59x 8
sp9x 9
s89x 10
s49x 11
sn9x 12
s99x 13
sg9x 14
sz9x 15
ss9x 16
sy9x 17
sd9x 18
s39x 19
s19x 20
swgx 21
stgx 22
sxgx 23
sjgx 24
sqgx 25
sogx 26
slgx 27
s6gx 28
s2gx 29
shgx 30
scgx 31
smgx 32
sagx 33
sfgx 34
sigx 35
segx 36
s7gx 37
srgx 38
skgx 39
sbgx 40
sugx 41
svgx 42
s0gx 43
s5gx 44
spgx 45
s8gx 46
s4gx 47
sngx 48
s9gx 49
sggx 50
szgx 51
ssgx 52
sygx 54
sdgx 55
s3gx 56
s1gx 57
swzx 58
stzx 59
sxzx 60
sjzx 61
sqzx 62
sozx 63
slzx 64
s6zx 65
s2zx 66
shzx 67
sczx 68
smzx 69
sazx 70
sfzx 71
sizx 72
sezx 73
s7zx 74
srzx 75
skzx 76
sbzx 77
suzx 78
svzx 79
s0zx 80
s5zx 81
spzx 82
s8zx 83
s4zx 84
snzx 85
s9zx 86
sgzx 87
szzx 88
sszx 89
syzx 90
sdzx 91
s3zx 92
s1zx 93
cwsx 26
sks 97
cbs 97
sus 97
svs 97
s0s 97
s5s 97
sps 97
s8s 97
s4s 97
sns 97
s9s 53
sgs 94
szs 95
sss 96
sys 98
sds 99
s3s 51
s1s 40
swy 17
sty 21
sxy 63
sjy 73
sqy 48
soy 78
sly 8
s6y 30
s2y 72
shy 28
scy 13
smy 79
say 80
sfy 3
siy 57
sey 12
s7y 41
sry 47
sky 18
sby 71
suy 62
svy 46
s0y 81
s5y 75
spy 59
s8y 91
s4y 16
sny 20
s9y 82
sgy 92
szy 54
ssy 44
syy 0
sdy 85
s3y 66
s1y 88
swd 34
std 58
sxd 83
sjd 43
sqd 64
sod 1
sld 2
s6d 69
s2d 76
shd 4
scd 90
smd 45
sad 97
sfd 9
sid 33
sed 31
s7d 77
srd 11
skd 19
sbd 38
sud 35
svd 67
s0d 70
s5d 23
spd 55
s8d 5
s4d 14
snd 24
s9d 42
sgd 49
szd 65
ssd 15
syd 32
sdd 39
s3d 84
s1d 22
sw3 36
st3 68
sx3 27
sj3 29
sq3 50
so3 56
sl3 89
s63 10
s23 37
sh3 86
sc3 52
sm3 60
ca3 37
sai 74
cfi 74
sii 74
sei 74
s7i 74
sri 74
ski 74
sbi 74
sui 74
svi 74
s0i 0
s5i 1
spi 2
s8i 3
s4i 4
sni 5
s9i 6
sgi 7
szi 8
ssi 9
syi 10
sdi 11
s3i 12
s1i 13
swe 14
ste 15
sxe 16
sje 17
sqe 18
soe 19
sle 20
s6e 21
s2e 22
she 23
sce 24
sme 25
sae 26
sfe 27
sie 28
see 29
s7e 30
sre 31
ske 32
sbe 33
sue 34
sve 35
s0e 36
s5e 37
spe 38
s8e 39
s4e 40
sne 41
s9e 42
sge 43
sze 44
sse 45
sye 46
sde 47
s3e 48
s1e 49
sw7 50
st7 51
sx7 52
sj7 53
sq7 54
so7 55
sl7 56
s67 57
s27 58
sh7 59
sc7 60
sm7 61
sa7 62
sf7 63
si7 64
se7 65
s77 66
sr7 67
sk7 68
sb7 69
su7 70
sv7 71
s07 72
s57 73
sp7 75
s87 76
s47 77
sn7 78
s97 79
sg7 80
sz7 81
ss7 82
sy7 83
sd7 84
s37 85
s17 86
swr 87
str 88
sxr 89
sjr 90
sqr 91
sor 92
clr 27
s70x 93
cr0x 93
sk0x 93
sb0x 93
su0x 93
sv0x 93
s00x 93
s50x 93
sp0x 93
s80x 94
s40x 95
sn0x 96
s90x 97
sg0x 98
sz0x 99
ss0x 1
sy0x 22
sd0x 9
s30x 12
s10x 25
sw5x 30
st5x 51
sx5x 69
sj5x 42
sq5x 46
so5x 47
sl5x 75
s65x 52
s25x 39
sh5x 54
sc5x 87
sm5x 56
sa5x 68
sf5x 7
si5x 32
se5x 6
s75x 81
sr5x 8
sk5x 21
sb5x 38
su5x 93
sv5x 55
s05x 5
s55x 13
sp5x 28
s85x 53
s45x 4
sn5x 73
s95x 40
sg5x 35
sz5x 37
ss5x 62
sy5x 85
sd5x 67
s35x 0
s15x 15
swpx 16
stpx 90
sxpx 83
sjpx 78
sqpx 34
sopx 71
slpx 23
s6px 66
s2px 11
shpx 89
scpx 63
smpx 86
sapx 45
sfpx 49
sipx 18
sepx 59
s7px 65
srpx 88
skpx 36
sbpx 57
supx 58
svpx 64
s0px 14
s5px 76
sppx 80
s8px 92
s4px 60
snpx 19
s9px 91
sgpx 20
szpx 24
sspx 26
sypx 79
sdpx 2
s3px 44
s1px 50
sw8x 33
st8x 70
sx8x 84
sj8x 95
sq8x 98
so8x 41
sl8x 48
s68x 74
s28x 72
sh8x 97
cc8x 70
stsx 17
cxsx 17
sjsx 17
sqsx 17
sosx 17
slsx 17
s6sx 17
s2sx 17
shsx 17
scsx 0
smsx 1
sasx 2
sfsx 3
sisx 4
sesx 5
s7sx 6
srsx 7
sksx 8
sbsx 9
susx 10
svsx 11
s0sx 12
s5sx 13
spsx 14
s8sx 15
s4sx 16
snsx 18
s9sx 19
sgsx 20
szsx 21
sssx 22
sysx 23
sdsx 24
s3sx 25
s1sx 26
swyx 27
styx 28
sxyx 29
sjyx 30
sqyx 31
soyx 32
slyx 33
s6yx 34
s2yx 35
shyx 36
scyx 37
smyx 38
sayx 39
sfyx 40
siyx 41
seyx 42
s7yx 43
sryx 44
skyx 45
sbyx 46
suyx 47
svyx 48
s0yx 49
s5yx 50
spyx 51
s8yx 52
s4yx 53
snyx 54
s9yx 55
sgyx 56
szyx 57
ssyx 58
syyx 59
sdyx 60
s3yx 61
s1yx 62
swdx 63
stdx 64
sxdx 65
sjdx 66
sqdx 67
sodx 68
sldx 69
s6dx 70
s2dx 71
shdx 72
scdx 73
smdx 74
sadx 75
sfdx 76
sidx 77
sedx 78
s7dx 79
srdx 80
skdx 81
sbdx 82
sudx 83
svdx 84
s0dx 85
s5dx 86
spdx 87
s8dx 88
s4dx 89
sndx 90
s9dx 91
sgdx 92
szdx 93
csdx 77
shvt 94
ccvt 94
smvt 94
savt 94
sfvt 94
sivt 94
sevt 94
s7vt 94
srvt 94
skvt 94
sbvt 95
suvt 96
svvt 97
s0vt 98
s5vt 99
spvt 68
s8vt 46
s4vt 47
snvt 14
s9vt 10
sgvt 2
szvt 33
ssvt 76
syvt 78
sdvt 89
s3vt 13
s1vt 16
sw0t 63
st0t 81
sx0t 51
sj0t 92
sq0t 24
so0t 32
sl0t 31
s60t 73
s20t 86
sh0t 55
sc0t 56
sm0t 60
sa0t 40
sf0t 29
si0t 35
se0t 69
s70t 20
sr0t 54
sk0t 75
sb0t 91
su0t 7
sv0t 53
s00t 58
s50t 4
sp0t 44
s80t 1
s40t 30
sn0t 90
s90t 84
sg0t 61
sz0t 88
ss0t 37
sy0t 8
sd0t 17
s30t 50
s10t 18
sw5t 52
st5t 83
sx5t 25
sj5t 23
sq5t 45
so5t 43
sl5t 6
s65t 36
s25t 65
sh5t 66
sc5t 9
sm5t 82
sa5t 85
sf5t 22
si5t 5
se5t 26
s75t 41
sr5t 21
sk5t 11
sb5t 57
su5t 93
sv5t 48
s05t 62
s55t 19
sp5t 28
s85t 80
s45t 34
sn5t 70
s95t 71
sg5t 38
sz5t 87
ss5t 39
sy5t 0
sd5t 79
s35t 15
s15t 27
swpt 94
stpt 42
sxpt 49
cjpt 39
sikt 67
cekt 67
s7kt 67
srkt 67
skkt 67
sbkt 67
sukt 67
svkt 67
s0kt 67
s5kt 67
spkt 0
s8kt 1
s4kt 2
snkt 3
s9kt 4
sgkt 5
szkt 6
sskt 7
sykt 8
sdkt 9
s3kt 10
s1kt 11
swbt 12
stbt 13
sxbt 14
sjbt 15
sqbt 16
sobt 17
slbt 18
s6bt 19
s2bt 20
shbt 21
scbt 22
smbt 23
sabt 24
sfbt 25
sibt 26
sebt 27
s7bt 28
srbt 29
skbt 30
sbbt 31
subt 32
svbt 33
s0bt 34
s5bt 35
spbt 36
s8bt 37
s4bt 38
snbt 39
s9bt 40
sgbt 41
szbt 42
ssbt 43
sybt 44
sdbt 45
s3bt 46
s1bt 47
swut 48
stut 49
sxut 50
sjut 51
squt 52
sout 53
slut 54
s6ut 55
s2ut 56
shut 57
scut 58
smut 59
saut 60
sfut 61
siut 62
seut 63
s7ut 64
srut 65
skut 66
sbut 68
suut 69
svut 70
s0ut 71
s5ut 72
sput 73
s8ut 74
s4ut 75
snut 76
s9ut 77
sgut 78
szut 79
ssut 80
syut 81
sdut 82
s3ut 83
s1ut 84
swvt 85
stvt 86
sxvt 87
sjvt 88
sqvt 89
sovt 90
slvt 91
s6vt 92
c2vt 87
s02 96
c52 96
sp2 96
s82 96
s42 96
sn2 96
s92 96
sg2 96
sz2 96
ss2 93
sy2 94
sd2 95
s32 97
s12 98
swh 99
sth 96
sxh 57
sjh 15
sqh 26
soh 70
slh 22
s6h 41
s2h 86
shh 14
sch 51
smh 62
sah 83
sfh 46
sih 11
seh 63
s7h 79
srh 91
skh 40
sbh 43
suh 3
svh 59
s0h 97
s5h 52
sph 10
s8h 74
s4h 98
snh 4
s9h 54
sgh 71
szh 75
ssh 89
syh 47
sdh 6
s3h 76
s1h 9
swc 20
stc 80
sxc 37
sjc 8
sqc 27
soc 49
slc 58
s6c 72
s2c 93
shc 95
scc 1
smc 60
sac 0
sfc 34
sic 68
sec 77
s7c 2
src 23
skc 44
sbc 64
suc 31
svc 48
s0c 55
s5c 39
spc 36
s8c 35
s4c 94
snc 5
s9c 45
sgc 67
szc 73
ssc 19
syc 92
sdc 25
s3c 90
s1c 17
swm 69
stm 30
sxm 13
sjm 28
sqm 38
som 12
slm 88
s6m 33
s2m 50
shm 42
scm 81
smm 53
sam 82
sfm 84
sim 56
sem 85
c7m 81
sght 66
czht 66
ssht 66
syht 66
sdht 66
s3ht 66
s1ht 66
swct 66
stct 66
sxct 0
sjct 1
sqct 2
soct 3
slct 4
s6ct 5
s2ct 6
shct 7
scct 8
smct 9
sact 10
sfct 11
sict 12
sect 13
s7ct 14
srct 15
skct 16
sbct 17
suct 18
svct 19
s0ct 20
s5ct 21
spct 22
s8ct 23
s4ct 24
snct 25
s9ct 26
sgct 27
szct 28
ssct 29
syct 30
sdct 31
s3ct 32
s1ct 33
swmt 34
stmt 35
sxmt 36
sjmt 37
sqmt 38
somt 39
slmt 40
s6mt 41
s2mt 42
shmt 43
scmt 44
smmt 45
samt 46
sfmt 47
simt 48
semt 49
s7mt 50
srmt 51
skmt 52
sbmt 53
sumt 54
svmt 55
s0mt 56
s5mt 57
spmt 58
s8mt 59
s4mt 60
snmt 61
s9mt 62
sgmt 63
szmt 64
ssmt 65
symt 67
sdmt 68
s3mt 69
s1mt 70
swat 71
stat 72
sxat 73
sjat 74
sqat 75
soat 76
slat 77
s6at 78
s2at 79
shat 80
scat 81
smat 82
saat 83
sfat 84
siat 85
seat 86
s7at 87
srat 88
skat 89
sbat 90
suat 91
svat 92
s0at 93
c5at 68
so2x 96
cl2x 96
s62x 96
s22x 96
sh2x 96
sc2x 96
sm2x 96
sa2x 96
sf2x 96
si2x 94
se2x 95
s72x 97
sr2x 98
sk2x 99
sb2x 66
su2x 96
sv2x 46
s02x 0
s52x 77
sp2x 93
s82x 74
s42x 18
sn2x 58
s92x 50
sg2x 40
sz2x 25
ss2x 60
sy2x 11
sd2x 48
s32x 51
s12x 9
swhx 78
sthx 26
sxhx 99
sjhx 10
sqhx 41
sohx 53
slhx 88
s6hx 91
s2hx 5
shhx 12
schx 44
smhx 21
sahx 43
sfhx 90
sihx 57
sehx 63
s7hx 64
srhx 6
skhx 47
sbhx 94
suhx 7
svhx 31
s0hx 98
s5hx 84
sphx 61
s8hx 76
s4hx 15
snhx 39
s9hx 4
sghx 24
szhx 81
sshx 95
syhx 13
sdhx 27
s3hx 30
s1hx 34
swcx 73
stcx 37
sxcx 14
sjcx 19
sqcx 35
socx 52
slcx 92
s6cx 71
s2cx 23
shcx 55
sccx 86
smcx 62
sacx 72
sfcx 87
sicx 2
secx 42
s7cx 69
srcx 33
skcx 82
sbcx 89
sucx 32
svcx 67
s0cx 20
s5cx 38
spcx 16
s8cx 28
s4cx 56
sncx 65
s9cx 79
sgcx 1
szcx 97
sscx 17
sycx 45
sdcx 75
s3cx 80
c1cx 65
szgt 3
csgt 3
sygt 3
sdgt 3
s3gt 3
s1gt 3
swzt 3
stzt 3
sxzt 3
sjzt 3
sqzt 0
sozt 1
slzt 2
s6zt 4
s2zt 5
shzt 6
sczt 7
smzt 8
sazt 9
sfzt 10
sizt 11
sezt 12
s7zt 13
srzt 14
skzt 15
sbzt 16
suzt 17
svzt 18
s0zt 19
s5zt 20
spzt 21
s8zt 22
s4zt 23
snzt 24
s9zt 25
sgzt 26
szzt 27
sszt 28
syzt 29
sdzt 30
s3zt 31
s1zt 32
swst 33
stst 34
sxst 35
sjst 36
sqst 37
sost 38
slst 39
s6st 40
s2st 41
shst 42
scst 43
smst 44
sast 45
sfst 46
sist 47
sest 48
s7st 49
srst 50
skst 51
sbst 52
sust 53
svst 54
s0st 55
s5st 56
spst 57
s8st 58
s4st 59
snst 60
s9st 61
sgst 62
szst 63
ssst 64
syst 65
sdst 66
s3st 67
s1st 68
swyt 69
styt 70
sxyt 71
sjyt 72
sqyt 73
soyt 74
slyt 75
s6yt 76
s2yt 77
shyt 78
scyt 79
smyt 80
sayt 81
sfyt 82
siyt 83
seyt 84
s7yt 85
sryt 86
skyt 87
sbyt 88
suyt 89
svyt 90
s0yt 91
s5yt 92
cpyt 81
scox 96
cmox 96
saox 96
sfox 96
siox 96
seox 96
s7ox 96
srox 96
skox 96
sbox 96
suox 3
svox 93
s0ox 94
s5ox 95
spox 97
s8ox 98
s4ox 99
snox 19
s9ox 23
sgox 54
szox 46
ssox 15
syox 56
sdox 80
s3ox 90
s1ox 22
swlx 2
stlx 91
sxlx 78
sjlx 1
sqlx 16
solx 18
sllx 37
s6lx 75
s2lx 83
shlx 12
sclx 62
smlx 6
salx 58
sflx 67
silx 33
selx 14
s7lx 27
srlx 35
sklx 55
sblx 82
sulx 10
svlx 51
s0lx 73
s5lx 11
splx 74
s8lx 9
s4lx 13
snlx 28
s9lx 50
sglx 45
szlx 64
sslx 44
sylx 47
sdlx 5
s3lx 38
s1lx 30
sw6x 86
st6x 29
sx6x 31
sj6x 71
sq6x 76
so6x 39
sl6x 59
s66x 42
s26x 87
sh6x 96
sc6x 41
sm6x 52
sa6x 57
sf6x 7
si6x 69
se6x 0
s76x 48
sr6x 60
sk6x 68
sb6x 70
su6x 85
sv6x 4
s06x 92
s56x 21
sp6x 99
s86x 53
s46x 89
sn6x 43
s96x 88
sg6x 20
sz6x 49
ss6x 94
sy6x 24
sd6x 25
s36x 61
s16x 63
sw2x 72
st2x 17
sx2x 40
sj2x 65
cq2x 53
s14t 32
cwnt 32
stnt 32
sxnt 32
sjnt 32
sqnt 32
sont 32
slnt 32
s6nt 32
s2nt 0
shnt 1
scnt 2
smnt 3
sant 4
sfnt 5
sint 6
sent 7
s7nt 8
srnt 9
sknt 10
sbnt 11
sunt 12
svnt 13
s0nt 14
s5nt 15
spnt 16
s8nt 17
s4nt 18
snnt 19
s9nt 20
sgnt 21
sznt 22
ssnt 23
synt 24
sdnt 25
s3nt 26
s1nt 27
sw9t 28
st9t 29
sx9t 30
sj9t 31
sq9t 33
so9t 34
sl9t 35
s69t 36
s29t 37
sh9t 38
sc9t 39
sm9t 40
sa9t 41
sf9t 42
si9t 43
se9t 44
s79t 45
sr9t 46
sk9t 47
sb9t 48
su9t 49
sv9t 50
s09t 51
s59t 52
sp9t 53
s89t 54
s49t 55
sn9t 56
s99t 57
sg9t 58
sz9t 59
ss9t 60
sy9t 61
sd9t 62
s39t 63
s19t 64
swgt 65
stgt 66
sxgt 67
sjgt 68
sqgt 69
sogt 70
slgt 71
s6gt 72
s2gt 73
shgt 74
scgt 75
smgt 76
sagt 77
sfgt 78
sigt 79
segt 80
s7gt 81
srgt 82
skgt 83
sbgt 84
sugt 85
svgt 86
s0gt 87
s5gt 88
spgt 89
s8gt 90
s4gt 91
sngt 92
s9gt 93
cggt 7
s2tt 97
chtt 97
sctt 97
smtt 97
satt 97
sftt 97
sitt 97
sett 97
s7tt 97
srtt 94
sktt 95
sbtt 96
sutt 98
svtt 99
s0tt 97
s5tt 99
sptt 95
s8tt 10
s4tt 64
sntt 77
s9tt 6
sgtt 20
sztt 63
sstt 78
sytt 69
sdtt 31
s3tt 43
s1tt 33
swxt 8
stxt 17
sxxt 68
sjxt 48
sqxt 24
soxt 36
slxt 35
s6xt 58
s2xt 94
shxt 98
scxt 47
smxt 42
saxt 73
sfxt 75
sixt 91
sext 81
s7xt 52
srxt 53
skxt 84
sbxt 21
suxt 71
svxt 18
s0xt 41
s5xt 97
spxt 29
s8xt 11
s4xt 76
snxt 89
s9xt 5
sgxt 37
szxt 54
ssxt 13
syxt 23
sdxt 25
s3xt 72
s1xt 15
swjt 79
stjt 85
sxjt 4
sjjt 1
sqjt 2
sojt 46
sljt 66
s6jt 90
s2jt 22
shjt 39
scjt 60
smjt 96
sajt 45
sfjt 50
sijt 40
sejt 74
s7jt 30
srjt 55
skjt 9
sbjt 16
sujt 44
svjt 62
s0jt 32
s5jt 26
spjt 38
s8jt 56
s4jt 12
snjt 34
s9jt 57
sgjt 65
szjt 67
ssjt 28
syjt 83
sdjt 61
s3jt 80
s1jt 19
swqt 0
stqt 49
cxqt 38
s9uj 87
cguj 87
szuj 87
ssuj 87
syuj 87
sduj 87
s3uj 87
s1uj 87
swvj 87
stvj 0
sxvj 1
sjvj 2
sqvj 3
sovj 4
slvj 5
s6vj 6
s2vj 7
shvj 8
scvj 9
smvj 10
savj 11
sfvj 12
sivj 13
sevj 14
s7vj 15
srvj 16
skvj 17
sbvj 18
suvj 19
svvj 20
s0vj 21
s5vj 22
spvj 23
s8vj 24
s4vj 25
snvj 26
s9vj 27
sgvj 28
szvj 29
ssvj 30
syvj 31
sdvj 32
s3vj 33
s1vj 34
sw0j 35
st0j 36
sx0j 37
sj0j 38
sq0j 39
so0j 40
sl0j 41
s60j 42
s20j 43
sh0j 44
sc0j 45
sm0j 46
sa0j 47
sf0j 48
si0j 49
se0j 50
s70j 51
sr0j 52
sk0j 53
sb0j 54
su0j 55
sv0j 56
s00j 57
s50j 58
sp0j 59
s80j 60
s40j 61
sn0j 62
s90j 63
sg0j 64
sz0j 65
ss0j 66
sy0j 67
sd0j 68
s30j 69
s10j 70
sw5j 71
st5j 72
sx5j 73
sj5j 74
sq5j 75
so5j 76
sl5j 77
s65j 78
s25j 79
sh5j 80
sc5j 81
sm5j 82
sa5j 83
sf5j 84
si5j 85
se5j 86
s75j 88
sr5j 89
sk5j 90
sb5j 91
su5j 92
sv5j 93
c05j 28
sahj 99
cfhj 99
sihj 99
sehj 99
s7hj 99
srhj 99
skhj 99
sbhj 99
suhj 94
svhj 95
s0hj 96
s5hj 97
sphj 98
s8hj 99
s4hj 87
snhj 98
s9hj 94
sghj 67
szhj 43
sshj 79
syhj 1
sdhj 60
s3hj 15
s1hj 7
swcj 45
stcj 47
sxcj 77
sjcj 31
sqcj 68
socj 97
slcj 66
s6cj 92
s2cj 96
shcj 4
sccj 82
smcj 62
sacj 72
sfcj 40
sicj 89
secj 0
s7cj 73
srcj 52
skcj 86
sbcj 8
sucj 20
svcj 57
s0cj 44
s5cj 64
spcj 18
s8cj 76
s4cj 59
sncj 83
s9cj 91
sgcj 41
szcj 84
sscj 30
sycj 38
sdcj 49
s3cj 85
s1cj 9
swmj 50
stmj 90
sxmj 93
sjmj 87
sqmj 13
somj 75
slmj 27
s6mj 78
s2mj 61
shmj 99
scmj 12
smmj 63
samj 80
sfmj 32
simj 39
semj 29
s7mj 95
srmj 14
skmj 2
sbmj 51
sumj 71
svmj 35
s0mj 46
s5mj 10
spmj 42
s8mj 11
s4mj 53
snmj 5
s9mj 33
sgmj 65
szmj 17
ssmj 22
symj 88
sdmj 58
s3mj 25
s1mj 70
swaj 24
staj 34
sxaj 56
sjaj 36
sqaj 74
soaj 69
claj 33
