1837
seul 0
s7ul 1
srul 2
skul 3
sbul 4
suul 5
svul 6
s0ul 7
s5ul 8
spul 9
s8ul 10
s4ul 11
snul 12
s9ul 13
sgul 14
szul 15
ssul 16
syul 17
sdul 18
s3ul 19
s1ul 20
swvl 21
stvl 22
sxvl 23
sjvl 24
sqvl 25
sovl 26
slvl 27
s6vl 28
s2vl 29
shvl 2
scvl 7
smvl 24
savl 16
sfvl 9
sivl 9
sevl 24
s7vl 23
srvl 22
skvl 19
sbvl 15
suvl 4
svvl 0
s0vl 21
s5vl 13
spvl 17
s8vl 13
s4vl 6
snvl 18
s9vl 9
sgvl 27
szvl 5
ssvl 29
syvl 20
sdvl 16
s3vl 11
s1vl 11
sw0l 23
st0l 9
sx0l 4
sj0l 17
sq0l 14
so0l 27
sl0l 28
s60l 2
s20l 11
sh0l 28
sc0l 23
sm0l 7
sa0l 25
sf0l 12
si0l 17
se0l 2
s70l 24
sr0l 11
sk0l 28
sb0l 2
su0l 4
sv0l 13
s00l 28
s50l 1
sp0l 17
s80l 20
s40l 18
sn0l 29
s90l 6
sg0l 0
sz0l 8
ss0l 15
sy0l 1
sd0l 18
s30l 19
s10l 21
sw5l 19
st5l 2
sx5l 15
sj5l 21
sq5l 26
so5l 4
sl5l 22
c65l 1
sqx6 8
sox6 17
slx6 16
s6x6 0
s2x6 28
shx6 23
scx6 0
smx6 22
sax6 28
sfx6 8
six6 2
sex6 26
s7x6 4
srx6 22
skx6 15
sbx6 10
sux6 28
svx6 9
s0x6 8
s5x6 16
spx6 15
s8x6 20
s4x6 27
snx6 25
s9x6 18
sgx6 19
szx6 25
ssx6 3
syx6 14
sdx6 9
s3x6 6
s1x6 7
swj6 7
stj6 23
sxj6 12
sjj6 12
sqj6 20
soj6 14
slj6 19
s6j6 20
s2j6 13
shj6 11
scj6 14
smj6 24
saj6 15
sfj6 21
sij6 28
sej6 2
s7j6 16
srj6 23
skj6 23
sbj6 18
suj6 6
svj6 5
s0j6 25
s5j6 20
spj6 19
s8j6 28
s4j6 18
snj6 25
s9j6 10
sgj6 0
szj6 18
ssj6 14
syj6 9
sdj6 21
s3j6 5
s1j6 21
swq6 9
stq6 5
sxq6 20
sjq6 8
sqq6 17
soq6 12
slq6 7
s6q6 24
s2q6 2
shq6 22
scq6 8
smq6 9
saq6 18
sfq6 26
siq6 25
seq6 5
s7q6 15
srq6 29
skq6 24
sbq6 12
suq6 24
svq6 28
s0q6 22
s5q6 27
spq6 22
s8q6 4
s4q6 12
snq6 17
s9q6 21
sgq6 13
szq6 27
ssq6 14
cyq6 5
sxl6 16
sjl6 6
sql6 25
sol6 24
sll6 22
s6l6 17
s2l6 18
shl6 23
scl6 27
sml6 13
sal6 0
sfl6 20
sil6 9
sel6 7
s7l6 12
srl6 16
skl6 16
sbl6 22
sul6 26
svl6 12
s0l6 15
s5l6 2
spl6 3
s8l6 1
s4l6 2
snl6 17
s9l6 24
sgl6 6
szl6 11
ssl6 2
syl6 14
sdl6 29
s3l6 4
s1l6 11
sw66 29
st66 24
sx66 12
sj66 3
sq66 18
so66 15
sl66 21
s666 29
s266 28
sh66 25
sc66 6
sm66 13
sa66 20
sf66 12
si66 0
se66 19
s766 15
sr66 17
sk66 26
sb66 1
su66 9
sv66 9
s066 7
s566 10
sp66 8
s866 28
s466 27
sn66 3
s966 22
sg66 22
sz66 23
ss66 3
sy66 21
sd66 0
s366 26
s166 7
sw26 4
st26 4
sx26 20
sj26 14
sq26 13
so26 11
sl26 6
s626 15
s226 29
sh26 4
sc26 6
sm26 23
sa26 0
sf26 12
si26 9
se26 25
s726 20
sr26 3
sk26 21
sb26 19
su26 15
sv26 11
s026 10
s526 16
sp26 4
s826 20
s426 3
sn26 4
s926 12
sg26 23
cz26 3
swc6 12
stc6 18
sxc6 25
sjc6 20
sqc6 29
soc6 26
slc6 5
s6c6 24
s2c6 14
shc6 6
scc6 0
smc6 7
sac6 15
sfc6 18
sic6 2
sec6 25
s7c6 23
src6 0
skc6 21
sbc6 18
suc6 6
svc6 9
s0c6 26
s5c6 28
spc6 20
s8c6 11
s4c6 10
snc6 9
s9c6 27
sgc6 19
szc6 14
ssc6 14
syc6 11
sdc6 25
s3c6 16
s1c6 28
swm6 14
stm6 16
sxm6 27
sjm6 17
sqm6 2
som6 6
slm6 7
s6m6 19
s2m6 15
shm6 4
scm6 6
smm6 18
sam6 7
sfm6 19
sim6 13
sem6 15
s7m6 29
srm6 24
skm6 27
sbm6 28
sum6 25
svm6 8
s0m6 14
s5m6 1
spm6 8
s8m6 8
s4m6 4
snm6 1
s9m6 19
sgm6 2
szm6 20
ssm6 22
sym6 29
sdm6 24
s3m6 5
s1m6 9
swa6 15
sta6 18
sxa6 0
sja6 12
sqa6 24
soa6 15
sla6 12
s6a6 9
s2a6 10
sha6 12
sca6 25
sma6 23
saa6 10
sfa6 15
sia6 2
sea6 6
s7a6 18
sra6 12
ska6 20
sba6 8
sua6 24
sva6 26
s0a6 18
s5a6 24
spa6 5
s8a6 16
s4a6 19
sna6 29
c9a6 9
sxk6 22
sjk6 8
sqk6 4
sok6 22
slk6 18
s6k6 2
s2k6 4
shk6 27
sck6 10
smk6 18
sak6 7
sfk6 11
sik6 8
sek6 16
s7k6 14
srk6 4
skk6 16
sbk6 5
suk6 15
svk6 0
s0k6 29
s5k6 27
spk6 21
s8k6 3
s4k6 19
snk6 15
s9k6 20
sgk6 4
szk6 22
ssk6 29
syk6 5
sdk6 10
s3k6 21
s1k6 11
swb6 19
stb6 5
sxb6 17
sjb6 28
sqb6 6
sob6 11
slb6 23
s6b6 22
s2b6 18
shb6 13
scb6 1
smb6 24
sab6 27
sfb6 7
sib6 20
seb6 28
s7b6 26
srb6 11
skb6 4
sbb6 7
sub6 16
svb6 13
s0b6 15
s5b6 27
spb6 15
s8b6 13
s4b6 5
snb6 8
s9b6 28
sgb6 14
szb6 3
ssb6 10
syb6 1
sdb6 16
s3b6 21
s1b6 4
swu6 19
stu6 0
sxu6 12
sju6 10
squ6 22
sou6 1
slu6 15
s6u6 19
s2u6 25
shu6 11
scu6 19
smu6 5
sau6 17
sfu6 25
siu6 15
seu6 17
s7u6 20
sru6 11
sku6 7
sbu6 13
suu6 2
svu6 15
s0u6 29
s5u6 12
spu6 28
s8u6 17
s4u6 6
snu6 19
s9u6 3
sgu6 29
czu6 15
sx8l 24
cj8l 24
sq8l 24
so8l 24
sl8l 24
s68l 24
s28l 24
sh8l 24
sc8l 24
sm8l 0
sa8l 3
sf8l 4
si8l 5
se8l 6
s78l 8
sr8l 9
sk8l 11
sb8l 12
su8l 14
sv8l 16
s08l 17
s58l 20
sp8l 21
s88l 23
s48l 25
sn8l 26
s98l 27
sg8l 29
sz8l 13
ss8l 4
sy8l 12
sd8l 14
c38l 4
s25l 24
ch5l 24
sc5l 24
sm5l 24
sa5l 24
sf5l 24
si5l 24
se5l 24
s75l 24
sr5l 24
sk5l 0
sb5l 1
su5l 2
sv5l 3
s05l 4
s55l 5
sp5l 6
s85l 7
s45l 8
sn5l 9
s95l 10
sg5l 11
sz5l 12
ss5l 13
sy5l 14
sd5l 16
s35l 17
s15l 18
swpl 19
stpl 20
sxpl 21
sjpl 22
cqpl 11
sdq6 26
s3q6 25
s1q6 27
swo6 29
sto6 23
sxo6 27
sjo6 26
sqo6 28
soo6 23
slo6 25
s6o6 27
s2o6 29
sho6 26
sco6 23
smo6 28
sao6 29
sfo6 25
sio6 26
seo6 27
s7o6 23
sro6 27
sko6 29
sbo6 28
suo6 25
svo6 26
s0o6 23
s5o6 29
spo6 28
s8o6 27
s4o6 26
sno6 25
s9o6 23
sgo6 29
szo6 28
sso6 26
syo6 29
sdo6 27
s3o6 23
s1o6 25
swl6 28
ctl6 28
sayl 26
cfyl 26
ciyl 26
ceyl 26
c7yl 26
cryl 26
ckyl 26
cbyl 26
cuyl 26
cvyl 26
c0yl 26
s5yl 25
cpyl 25
c8yl 25
c4yl 25
cnyl 25
c9yl 25
cgyl 25
czyl 25
csyl 25
cyyl 25
cdyl 25
c3yl 25
c1yl 25
cwdl 25
ctdl 25
cxdl 25
cjdl 25
sqdl 23
codl 23
cldl 23
c6dl 23
c2dl 23
chdl 23
ccdl 23
cmdl 23
cadl 23
cfdl 23
cidl 23
cedl 23
c7dl 23
crdl 23
skdl 29
cbdl 29
cudl 29
cvdl 29
c0dl 29
c5dl 29
cpdl 29
c8dl 29
c4dl 29
cndl 29
c9dl 29
cgdl 29
szdl 27
csdl 27
cydl 27
cddl 27
c3dl 27
c1dl 27
cw3l 27
ct3l 27
cx3l 27
cj3l 27
sq3l 28
co3l 28
cl3l 28
c63l 28
c23l 28
ch3l 28
cc3l 28
cm3l 28
ca3l 28
cf3l 28
si3l 16
ce3l 16
c73l 16
cr3l 16
ck3l 16
cb3l 16
cu3l 16
cv3l 16
c03l 16
c53l 16
cp3l 16
c83l 16
c43l 16
cn3l 16
c93l 16
cg3l 16
cz3l 16
cs3l 16
cy3l 16
cd3l 16
c33l 16
c13l 16
cw1l 16
ct1l 16
cx1l 16
sj1l 4
cq1l 4
co1l 4
cl1l 4
c61l 4
c21l 4
ch1l 4
cc1l 4
cm1l 4
ca1l 4
cf1l 4
ci1l 4
ce1l 4
c71l 4
cr1l 4
ck1l 4
cb1l 4
cu1l 4
cv1l 4
c01l 4
c51l 4
cp1l 4
c81l 4
c41l 4
cn1l 4
c91l 4
cg1l 4
sz1l 10
cs1l 10
cy1l 10
cd1l 10
c31l 10
c11l 10
cww6 10
ctw6 10
cxw6 10
cjw6 10
cqw6 10
cow6 10
clw6 10
c6w6 10
c2w6 10
chw6 10
ccw6 10
cmw6 10
caw6 10
cfw6 10
ciw6 10
cew6 10
c7w6 10
crw6 10
ckw6 10
cbw6 10
cuw6 10
svw6 20
c0w6 20
c5w6 20
cpw6 20
c8w6 20
c4w6 20
cnw6 20
c9w6 20
cgw6 20
czw6 20
csw6 20
cyw6 20
cdw6 20
c3w6 10
sga6 5
cza6 5
csa6 5
cya6 5
cda6 5
c3a6 5
c1a6 5
cwf6 5
ctf6 5
cxf6 5
cjf6 5
cqf6 5
cof6 5
clf6 5
c6f6 5
s2f6 6
chf6 6
ccf6 6
cmf6 6
caf6 6
cff6 6
cif6 6
cef6 6
c7f6 6
crf6 6
ckf6 6
cbf6 6
cuf6 6
cvf6 6
c0f6 6
c5f6 6
cpf6 6
c8f6 6
c4f6 6
cnf6 6
c9f6 6
cgf6 6
czf6 6
ssf6 22
cyf6 22
cdf6 22
c3f6 22
c1f6 22
cwi6 22
cti6 22
cxi6 22
cji6 22
cqi6 22
coi6 22
cli6 22
c6i6 22
c2i6 22
chi6 22
cci6 22
cmi6 22
cai6 22
cfi6 22
sii6 13
cei6 13
c7i6 13
cri6 13
cki6 13
cbi6 13
cui6 13
cvi6 13
c0i6 13
c5i6 13
cpi6 13
c8i6 13
c4i6 13
cni6 13
c9i6 13
cgi6 13
czi6 13
csi6 13
cyi6 13
cdi6 13
c3i6 13
c1i6 13
cwe6 13
cte6 13
cxe6 13
sje6 2
cqe6 2
coe6 2
cle6 2
c6e6 2
c2e6 2
che6 2
cce6 2
cme6 2
cae6 2
cfe6 2
cie6 2
cee6 2
c7e6 2
cre6 2
cke6 2
cbe6 2
cue6 2
cve6 2
c0e6 2
c5e6 2
cpe6 2
s8e6 3
c4e6 3
cne6 3
c9e6 3
cge6 3
cze6 3
cse6 3
cye6 3
cde6 3
c3e6 3
c1e6 3
cw76 3
ct76 3
cx76 3
cj76 3
cq76 3
co76 3
sl76 17
c676 17
c276 17
ch76 17
cc76 17
cm76 17
ca76 17
cf76 17
ci76 17
ce76 17
c776 17
cr76 17
ck76 17
cb76 17
cu76 17
cv76 17
c076 17
c576 17
cp76 17
c876 17
c476 17
cn76 17
c976 17
sg76 24
cz76 24
cs76 24
cy76 24
cd76 24
c376 24
c176 24
cwr6 24
ctr6 24
cxr6 24
cjr6 24
cqr6 24
cor6 24
clr6 24
c6r6 24
c2r6 24
chr6 24
ccr6 24
smr6 14
car6 14
cfr6 14
cir6 14
cer6 14
c7r6 14
crr6 14
ckr6 14
cbr6 14
cur6 14
cvr6 14
c0r6 14
s5r6 9
cpr6 9
c8r6 9
c4r6 9
cnr6 9
c9r6 9
cgr6 9
czr6 9
csr6 9
cyr6 9
cdr6 9
c3r6 9
c1r6 9
cwk6 9
ctk6 13
sopl 12
clpl 12
s6pl 12
s2pl 12
shpl 12
scpl 12
smpl 12
sapl 12
sfpl 12
sipl 0
sepl 1
s7pl 7
srpl 8
skpl 11
sbpl 15
supl 18
svpl 19
s0pl 21
s5pl 12
sppl 18
s8pl 8
s4pl 19
snpl 1
s9pl 21
sgpl 11
szpl 15
sspl 0
sypl 7
sdpl 12
s3pl 8
s1pl 18
sw8l 11
ct8l 8
sy6l 19
cd6l 19
s36l 19
s16l 19
sw2l 19
st2l 19
sx2l 19
sj2l 19
sq2l 19
so2l 0
sl2l 1
s62l 7
s22l 8
sh2l 11
sc2l 12
sm2l 15
sa2l 18
sf2l 21
si2l 19
se2l 18
s72l 15
sr2l 0
sk2l 19
sb2l 11
su2l 8
sv2l 1
s02l 12
s52l 7
sp2l 21
s82l 18
s42l 0
sn2l 15
c92l 15
sg2l 8
cz2l 8
cs2l 8
cy2l 8
cd2l 8
c32l 8
c12l 8
cwhl 8
cthl 8
cxhl 8
cjhl 8
cqhl 8
sohl 11
clhl 11
c6hl 11
c2hl 11
chhl 11
cchl 11
cmhl 11
cahl 11
cfhl 11
cihl 11
cehl 11
c7hl 11
crhl 11
ckhl 11
cbhl 11
suhl 12
cvhl 12
c0hl 12
c5hl 12
cphl 12
c8hl 12
c4hl 12
cnhl 12
c9hl 12
cghl 12
czhl 12
cshl 12
cyhl 12
cdhl 12
c3hl 12
c1hl 12
cwcl 12
ctcl 12
sxcl 21
cjcl 21
cqcl 21
cocl 21
clcl 21
c6cl 21
c2cl 21
chcl 21
cccl 21
cmcl 21
cacl 21
cfcl 21
cicl 21
cecl 21
c7cl 21
crcl 21
ckcl 21
cbcl 21
cucl 21
cvcl 21
c0cl 21
s5cl 7
cpcl 7
c8cl 7
c4cl 7
cncl 7
c9cl 7
cgcl 7
czcl 7
cscl 7
cycl 7
cdcl 7
c3cl 7
c1cl 7
cwml 7
stml 1
cxml 1
cjml 1
cqml 1
coml 1
clml 1
c6ml 1
c2ml 1
chml 1
ccml 1
cmml 1
caml 1
cfml 1
ciml 1
ceml 1
s7ml 18
crml 18
ckml 18
cbml 18
cuml 18
cvml 18
c0ml 18
c5ml 18
cpml 18
c8ml 18
c4ml 18
cnml 18
c9ml 18
cgml 18
czml 18
csml 18
cyml 18
cdml 18
c3ml 18
c1ml 18
cwal 18
ctal 18
cxal 18
cjal 18
cqal 18
coal 18
clal 18
c6al 18
s2al 19
chal 19
ccal 19
cmal 19
caal 19
cfal 19
cial 19
ceal 19
c7al 19
cral 19
ckal 19
cbal 19
cual 19
cval 19
c0al 19
c5al 19
cpal 19
c8al 19
c4al 19
cnal 19
s9al 0
cgal 0
czal 0
csal 0
cyal 0
cdal 0
c3al 0
c1al 0
cwfl 0
ctfl 0
cxfl 0
cjfl 0
sqfl 15
cofl 15
clfl 15
c6fl 15
c2fl 15
chfl 15
ccfl 15
cmfl 15
cafl 15
cffl 15
cifl 15
cefl 15
c7fl 15
crfl 15
ckfl 15
cbfl 15
cufl 15
cvfl 15
c0fl 15
c5fl 15
cpfl 15
c8fl 15
c4fl 15
cnfl 15
c9fl 15
cgfl 15
czfl 15
csfl 15
cyfl 15
scbl 26
smbl 26
sabl 26
sfbl 27
sibl 26
sebl 27
s7bl 27
srbl 26
skbl 27
sbbl 26
subl 26
svbl 27
s0bl 26
s5bl 27
spbl 27
s8bl 26
s4bl 27
snbl 26
s9bl 27
sgbl 26
szbl 27
ssbl 26
sybl 27
sdbl 29
s3bl 26
s1bl 27
swul 28
stul 26
sxul 29
sjul 27
squl 29
soul 28
slul 26
s6ul 27
s2ul 26
shul 29
scul 28
smul 27
saul 29
sful 26
ciul 29
s18l 28
cw4l 28
ct4l 28
cx4l 28
cj4l 28
cq4l 28
co4l 28
cl4l 28
c64l 28
c24l 28
ch4l 28
cc4l 28
cm4l 28
ca4l 28
cf4l 28
ci4l 28
ce4l 28
c74l 28
cr4l 28
ck4l 28
cb4l 28
cu4l 28
cv4l 28
c04l 28
c54l 28
cp4l 28
c84l 28
c44l 28
cn4l 28
s94l 27
cg4l 27
cz4l 27
cs4l 27
cy4l 27
cd4l 27
c34l 27
c14l 27
cwnl 27
ctnl 27
cxnl 27
cjnl 27
cqnl 27
conl 27
clnl 27
c6nl 27
c2nl 27
chnl 27
ccnl 27
cmnl 27
canl 27
cfnl 27
cinl 27
cenl 27
c7nl 27
srnl 26
cknl 26
cbnl 26
cunl 26
cvnl 26
c0nl 26
c5nl 26
cpnl 26
c8nl 26
c4nl 26
cnnl 26
c9nl 26
cgnl 26
cznl 26
csnl 26
cynl 26
cdnl 26
c3nl 26
c1nl 26
cw9l 26
st9l 29
cx9l 29
cj9l 29
cq9l 29
co9l 29
cl9l 29
c69l 29
c29l 29
ch9l 29
cc9l 29
cm9l 29
ca9l 29
cf9l 29
si9l 14
ce9l 14
c79l 14
cr9l 14
ck9l 14
cb9l 14
cu9l 14
cv9l 14
c09l 14
c59l 14
cp9l 14
c89l 14
c49l 14
cn9l 14
c99l 14
cg9l 14
cz9l 14
cs9l 14
cy9l 14
cd9l 14
c39l 14
c19l 14
cwgl 14
ctgl 14
cxgl 14
cjgl 14
cqgl 14
sogl 20
clgl 20
c6gl 20
c2gl 20
chgl 20
ccgl 20
cmgl 20
cagl 20
cfgl 20
cigl 20
cegl 20
c7gl 20
crgl 20
ckgl 20
cbgl 20
cugl 20
cvgl 20
c0gl 20
c5gl 20
cpgl 20
c8gl 20
c4gl 20
cngl 20
c9gl 20
cggl 20
czgl 20
ssgl 9
cygl 9
cdgl 9
c3gl 9
c1gl 9
cwzl 9
ctzl 9
cxzl 9
cjzl 9
cqzl 9
cozl 9
clzl 9
c6zl 9
c2zl 9
chzl 9
cczl 9
cmzl 9
cazl 9
sfzl 8
cizl 8
cezl 8
c7zl 8
crzl 8
ckzl 8
cbzl 8
cuzl 8
cvzl 8
c0zl 8
c5zl 8
cpzl 8
s8zl 23
c4zl 23
cnzl 23
c9zl 23
cgzl 23
czzl 23
cszl 23
cyzl 23
cdzl 23
c3zl 23
c1zl 23
cwsl 23
ctsl 23
cxsl 23
cjsl 23
cqsl 23
cosl 23
clsl 23
c6sl 23
c2sl 23
chsl 23
ccsl 23
cmsl 23
casl 23
cfsl 23
cisl 23
cesl 23
c7sl 23
crsl 23
cksl 23
sbsl 5
cusl 5
cvsl 5
c0sl 5
c5sl 5
cpsl 5
c8sl 5
c4sl 5
cnsl 5
c9sl 5
cgsl 5
czsl 5
cssl 5
cysl 5
cdsl 5
c3sl 5
c1sl 5
cwyl 5
ctyl 5
cxyl 5
cjyl 5
cqyl 5
coyl 5
clyl 5
c6yl 5
c2yl 5
chyl 5
ccyl 5
cmyl 5
ss26 0
sy26 0
sd26 0
s326 0
s126 0
swh6 0
sth6 0
sxh6 0
sjh6 25
sqh6 0
soh6 0
slh6 25
s6h6 1
s2h6 25
shh6 0
sch6 25
smh6 1
sah6 0
sfh6 1
sih6 25
seh6 0
s7h6 25
srh6 1
skh6 0
sbh6 1
suh6 25
svh6 0
s0h6 7
s5h6 1
sph6 25
s8h6 0
s4h6 7
snh6 1
s9h6 0
sgh6 25
szh6 7
ssh6 0
syh6 1
sdh6 25
s3h6 7
c1h6 7
sdfl 0
c3fl 0
c1fl 0
cwil 0
ctil 0
cxil 0
cjil 0
cqil 0
coil 0
clil 0
c6il 0
s2il 25
chil 25
ccil 25
cmil 25
cail 25
cfil 25
ciil 25
ceil 25
c7il 25
cril 25
ckil 25
cbil 25
cuil 25
cvil 25
c0il 25
c5il 25
cpil 25
c8il 25
c4il 25
cnil 25
c9il 25
cgil 25
czil 25
csil 25
cyil 25
cdil 25
c3il 25
c1il 25
swel 1
ctel 1
cxel 1
cjel 1
cqel 1
coel 1
clel 1
c6el 1
c2el 1
chel 1
ccel 1
cmel 1
cael 1
cfel 1
ciel 1
ceel 1
c7el 1
crel 1
ckel 1
cbel 1
cuel 1
cvel 1
c0el 1
s5el 7
cpel 7
c8el 7
c4el 7
cnel 7
c9el 7
cgel 7
czel 7
csel 7
cyel 7
cdel 7
c3el 7
c1el 7
cw7l 7
ct7l 7
cx7l 7
cj7l 7
sq7l 11
co7l 11
cl7l 11
c67l 11
c27l 11
ch7l 11
cc7l 11
cm7l 11
ca7l 11
cf7l 11
ci7l 11
ce7l 11
s77l 24
cr7l 24
ck7l 24
cb7l 24
cu7l 24
cv7l 24
c07l 24
c57l 24
cp7l 24
c87l 24
c47l 24
cn7l 24
c97l 24
cg7l 24
cz7l 24
cs7l 24
cy7l 24
cd7l 24
c37l 24
c17l 24
swrl 3
ctrl 3
cxrl 3
cjrl 3
cqrl 3
corl 3
clrl 3
c6rl 3
c2rl 3
chrl 3
ccrl 3
cmrl 3
carl 3
cfrl 3
cirl 3
cerl 3
c7rl 3
crrl 3
ckrl 3
cbrl 3
surl 22
cvrl 22
c0rl 22
c5rl 22
cprl 22
c8rl 22
c4rl 22
cnrl 22
c9rl 22
cgrl 22
czrl 22
csrl 22
cyrl 22
cdrl 22
s3rl 12
c1rl 12
cwkl 12
ctkl 12
cxkl 12
cjkl 12
cqkl 12
cokl 12
clkl 12
c6kl 12
c2kl 12
chkl 12
cckl 12
cmkl 12
cakl 12
cfkl 12
cikl 12
cekl 12
c7kl 12
crkl 12
skkl 2
cbkl 2
cukl 2
cvkl 2
c0kl 2
c5kl 2
cpkl 2
c8kl 2
c4kl 2
cnkl 2
c9kl 2
cgkl 2
czkl 2
cskl 2
cykl 2
cdkl 2
c3kl 2
c1kl 2
cwbl 2
ctbl 2
cxbl 2
cjbl 2
cqbl 2
cobl 2
clbl 2
c6bl 2
c2bl 2
chbl 2
s1w6 17
swt6 17
stt6 17
sxt6 21
sjt6 19
sqt6 17
sot6 19
slt6 21
s6t6 17
s2t6 19
sht6 17
sct6 21
smt6 19
sat6 17
sft6 21
sit6 17
set6 19
s7t6 17
srt6 21
skt6 19
sbt6 17
sut6 21
svt6 19
s0t6 6
s5t6 17
spt6 21
s8t6 19
s4t6 6
snt6 19
s9t6 21
sgt6 17
szt6 6
sst6 19
syt6 21
sdt6 17
s3t6 6
s1t6 19
swx6 17
stx6 6
sxx6 21
cjx6 6
ssu6 19
syu6 17
sdu6 21
s3u6 19
s1u6 21
swv6 17
stv6 19
sxv6 29
sjv6 17
sqv6 6
sov6 21
slv6 19
s6v6 29
s2v6 17
shv6 19
scv6 6
smv6 21
sav6 29
sfv6 17
siv6 19
sev6 6
s7v6 21
srv6 19
skv6 17
sbv6 29
suv6 21
svv6 6
s0v6 19
s5v6 16
spv6 29
s8v6 17
s4v6 21
snv6 6
s9v6 29
sgv6 17
szv6 16
ssv6 19
syv6 21
sdv6 29
s3v6 6
c1v6 29
sw06 16
ct06 16
sx06 16
sj06 16
sq06 16
so06 16
sl06 16
s606 16
s206 16
sh06 6
sc06 8
sm06 13
sa06 17
sf06 19
si06 21
se06 29
s706 16
sr06 17
sk06 6
sb06 13
su06 29
sv06 21
s006 19
s506 8
sp06 17
s806 16
s406 29
sn06 6
s906 13
sg06 21
sz06 8
ss06 19
cy06 8
