1837
seul 0
s7ul 1
srul 2
skul 3
sbul 4
suul 5
svul 6
s0ul 7
s5ul 8
spul 9
s8ul 10
s4ul 11
snul 12
s9ul 13
sgul 14
szul 15
ssul 16
syul 17
sdul 18
s3ul 19
s1ul 20
swvl 21
stvl 22
sxvl 23
sjvl 24
sqvl 25
sovl 26
slvl 27
s6vl 28
s2vl 29
shvl 2
scvl 7
smvl 24
savl 16
sfvl 9
sivl 9
sevl 24
s7vl 23
srvl 22
skvl 19
sbvl 15
suvl 4
svvl 0
s0vl 21
s5vl 13
spvl 17
s8vl 13
s4vl 6
snvl 18
s9vl 9
sgvl 27
szvl 5
ssvl 29
syvl 20
sdvl 16
s3vl 11
s1vl 11
sw0l 23
st0l 9
sx0l 4
sj0l 17
sq0l 14
so0l 27
sl0l 28
s60l 2
s20l 11
sh0l 28
sc0l 23
sm0l 7
sa0l 25
sf0l 12
si0l 17
se0l 2
s70l 24
sr0l 11
sk0l 28
sb0l 2
su0l 4
sv0l 13
s00l 28
s50l 1
sp0l 17
s80l 20
s40l 18
sn0l 29
s90l 6
sg0l 0
sz0l 8
ss0l 15
sy0l 1
sd0l 18
s30l 19
s10l 21
sw5l 19
st5l 2
sx5l 15
sj5l 21
sq5l 26
so5l 4
sl5l 22
c65l 1
sxl6 8
sjl6 17
sql6 16
sol6 0
sll6 28
s6l6 23
s2l6 22
shl6 2
scl6 26
sml6 4
sal6 15
sfl6 10
sil6 8
sel6 28
s7l6 9
srl6 20
skl6 27
sbl6 25
sul6 9
svl6 18
s0l6 20
s5l6 23
spl6 0
s8l6 19
s4l6 23
snl6 3
s9l6 17
sgl6 14
szl6 23
ssl6 6
syl6 7
sdl6 23
s3l6 23
s1l6 17
sw66 12
st66 18
sx66 22
sj66 13
sq66 11
so66 0
sl66 24
s666 21
s266 20
sh66 16
sc66 4
sm66 0
sa66 12
sf66 10
si66 14
se66 15
s766 5
sr66 22
sk66 3
sb66 9
su66 20
sv66 20
s066 19
s566 8
sp66 28
s866 26
s466 24
sn66 13
s966 25
sg66 2
sz66 13
ss66 25
sy66 14
sd66 3
s366 19
s166 12
sw26 23
st26 21
sx26 0
sj26 23
sq26 7
so26 4
sl26 5
s626 13
s226 17
sh26 5
sc26 21
sm26 29
sa26 20
sf26 16
si26 10
se26 25
s726 3
sr26 15
sk26 0
sb26 13
su26 8
sv26 4
s026 14
s526 5
sp26 27
s826 3
s426 11
sn26 16
s926 15
sg26 15
cz26 11
swc6 27
stc6 25
sxc6 3
sjc6 29
sqc6 19
soc6 17
slc6 23
s6c6 18
s2c6 20
shc6 21
scc6 8
smc6 12
sac6 6
sfc6 3
sic6 15
sec6 25
s7c6 3
src6 26
skc6 0
sbc6 8
suc6 10
svc6 21
s0c6 17
s5c6 29
spc6 1
s8c6 14
s4c6 4
snc6 24
s9c6 21
sgc6 13
szc6 14
ssc6 14
syc6 5
sdc6 25
s3c6 20
s1c6 21
swm6 29
stm6 22
sxm6 14
sjm6 20
sqm6 15
som6 13
slm6 10
s6m6 12
s2m6 6
shm6 16
scm6 13
smm6 10
sam6 8
sfm6 7
sim6 12
sem6 19
s7m6 14
srm6 6
skm6 18
sbm6 28
sum6 21
svm6 25
s0m6 9
s5m6 29
spm6 25
s8m6 16
s4m6 25
snm6 29
s9m6 15
sgm6 7
szm6 1
ssm6 14
sym6 24
sdm6 2
s3m6 6
s1m6 23
swa6 19
sta6 10
sxa6 27
sja6 26
sqa6 2
soa6 26
sla6 19
s6a6 23
s2a6 4
sha6 21
sca6 19
sma6 4
saa6 3
sfa6 26
sia6 13
sea6 7
s7a6 21
sra6 10
ska6 16
sba6 1
sua6 2
sva6 17
s0a6 21
s5a6 2
spa6 6
s8a6 22
s4a6 15
sna6 24
c9a6 23
sxk6 14
sjk6 1
sqk6 25
sok6 14
slk6 21
s6k6 13
s2k6 25
shk6 18
sck6 21
smk6 8
sak6 5
sfk6 3
sik6 9
sek6 22
s7k6 1
srk6 6
skk6 22
sbk6 25
suk6 26
svk6 27
s0k6 24
s5k6 18
spk6 11
s8k6 0
s4k6 15
snk6 26
s9k6 16
sgk6 25
szk6 6
ssk6 14
syk6 24
sdk6 21
s3k6 11
s1k6 3
swb6 24
stb6 28
sxb6 15
sjb6 20
sqb6 7
sob6 4
slb6 6
s6b6 3
s2b6 29
shb6 8
scb6 2
smb6 12
sab6 17
sfb6 16
sib6 18
seb6 5
s7b6 20
srb6 4
skb6 25
sbb6 16
sub6 22
svb6 8
s0b6 26
s5b6 17
spb6 26
s8b6 8
s4b6 28
snb6 9
s9b6 5
sgb6 1
szb6 0
ssb6 21
syb6 2
sdb6 22
s3b6 11
s1b6 25
swu6 24
stu6 10
sxu6 27
sju6 21
squ6 3
sou6 2
slu6 19
s6u6 4
s2u6 26
shu6 24
scu6 4
smu6 19
sau6 15
sfu6 28
siu6 26
seu6 15
s7u6 18
sru6 24
sku6 16
sbu6 8
suu6 26
svu6 13
s0u6 14
s5u6 27
spu6 5
s8u6 15
s4u6 4
snu6 0
s9u6 7
sgu6 14
czu6 13
sqx6 12
sox6 7
slx6 12
s6x6 19
s2x6 17
shx6 18
scx6 6
smx6 19
sax6 23
sfx6 17
six6 27
sex6 22
s7x6 19
srx6 23
skx6 4
sbx6 1
sux6 12
svx6 17
s0x6 20
s5x6 14
spx6 11
s8x6 10
s4x6 4
snx6 9
s9x6 9
sgx6 15
szx6 28
ssx6 17
syx6 18
sdx6 10
s3x6 25
s1x6 24
swj6 24
stj6 15
sxj6 8
sjj6 8
sqj6 11
soj6 29
slj6 11
s6j6 18
s2j6 27
shj6 16
scj6 29
smj6 0
saj6 5
sfj6 12
sij6 14
sej6 26
s7j6 9
srj6 15
skj6 15
sbj6 28
suj6 18
svj6 11
s0j6 14
s5j6 25
spj6 6
s8j6 1
s4j6 28
snj6 14
s9j6 28
sgj6 29
szj6 21
ssj6 3
syj6 12
sdj6 2
s3j6 2
s1j6 12
swq6 10
stq6 11
sxq6 7
sjq6 2
sqq6 20
soq6 2
slq6 25
s6q6 23
s2q6 8
shq6 0
scq6 24
smq6 26
saq6 10
sfq6 22
siq6 11
seq6 23
s7q6 5
srq6 4
skq6 2
sbq6 2
suq6 21
svq6 14
s0q6 0
s5q6 1
spq6 19
s8q6 0
s4q6 20
snq6 2
s9q6 13
sgq6 1
szq6 27
ssq6 12
cyq6 23
s18l 3
cw4l 3
ct4l 3
cx4l 3
cj4l 3
cq4l 3
co4l 3
cl4l 3
c64l 3
c24l 3
ch4l 3
cc4l 3
cm4l 3
ca4l 3
cf4l 3
ci4l 3
ce4l 3
c74l 3
cr4l 3
ck4l 3
cb4l 3
cu4l 3
cv4l 3
c04l 3
c54l 3
cp4l 3
c84l 3
c44l 3
cn4l 3
s94l 9
cg4l 9
cz4l 9
cs4l 9
cy4l 9
cd4l 9
c34l 9
c14l 9
cwnl 9
ctnl 9
cxnl 9
cjnl 9
cqnl 9
conl 9
clnl 9
c6nl 9
c2nl 9
chnl 9
ccnl 9
cmnl 9
canl 9
cfnl 9
cinl 9
cenl 9
c7nl 9
srnl 11
cknl 11
cbnl 11
cunl 11
cvnl 11
c0nl 11
c5nl 11
cpnl 11
c8nl 11
c4nl 11
cnnl 11
c9nl 11
cgnl 11
cznl 11
csnl 11
cynl 11
cdnl 11
c3nl 11
c1nl 11
cw9l 11
st9l 19
cx9l 19
cj9l 19
cq9l 19
co9l 19
cl9l 19
c69l 19
c29l 19
ch9l 19
cc9l 19
cm9l 19
ca9l 19
cf9l 19
si9l 21
ce9l 21
c79l 21
cr9l 21
ck9l 21
cb9l 21
cu9l 21
cv9l 21
c09l 21
c59l 21
cp9l 21
c89l 21
c49l 21
cn9l 21
c99l 21
cg9l 21
cz9l 21
cs9l 21
cy9l 21
cd9l 21
c39l 21
c19l 21
cwgl 21
ctgl 21
cxgl 21
cjgl 21
cqgl 21
sogl 18
clgl 18
c6gl 18
c2gl 18
chgl 18
ccgl 18
cmgl 18
cagl 18
cfgl 18
cigl 18
cegl 18
c7gl 18
crgl 18
ckgl 18
cbgl 18
cugl 18
cvgl 18
c0gl 18
c5gl 18
cpgl 18
c8gl 18
c4gl 18
cngl 18
c9gl 18
cggl 18
czgl 18
ssgl 2
cygl 2
cdgl 2
c3gl 2
c1gl 2
cwzl 2
ctzl 2
cxzl 2
cjzl 2
cqzl 2
cozl 2
clzl 2
c6zl 2
c2zl 2
chzl 2
cczl 2
cmzl 2
cazl 2
sfzl 10
cizl 10
cezl 10
c7zl 10
crzl 10
ckzl 10
cbzl 10
cuzl 10
cvzl 10
c0zl 10
c5zl 10
cpzl 10
s8zl 7
c4zl 7
cnzl 7
c9zl 7
cgzl 7
czzl 7
cszl 7
cyzl 7
cdzl 7
c3zl 7
c1zl 7
cwsl 7
ctsl 7
cxsl 7
cjsl 7
cqsl 7
cosl 7
clsl 7
c6sl 7
c2sl 7
chsl 7
ccsl 7
cmsl 7
casl 7
cfsl 7
cisl 7
cesl 7
c7sl 7
crsl 7
cksl 7
sbsl 15
cusl 15
cvsl 15
c0sl 15
c5sl 15
cpsl 15
c8sl 15
c4sl 15
cnsl 15
c9sl 15
cgsl 15
czsl 15
cssl 15
cysl 15
cdsl 15
c3sl 15
c1sl 15
cwyl 15
ctyl 15
cxyl 15
cjyl 15
cqyl 15
coyl 15
clyl 15
c6yl 15
c2yl 15
chyl 15
ccyl 15
cmyl 15
sdfl 25
c3fl 25
c1fl 25
cwil 25
ctil 25
cxil 25
cjil 25
cqil 25
coil 25
clil 25
c6il 25
s2il 27
chil 27
ccil 27
cmil 27
cail 27
cfil 27
ciil 27
ceil 27
c7il 27
cril 27
ckil 27
cbil 27
cuil 27
cvil 27
c0il 27
c5il 27
cpil 27
c8il 27
c4il 27
cnil 27
c9il 27
cgil 27
czil 27
csil 27
cyil 27
cdil 27
c3il 27
c1il 27
swel 20
ctel 20
cxel 20
cjel 20
cqel 20
coel 20
clel 20
c6el 20
c2el 20
chel 20
ccel 20
cmel 20
cael 20
cfel 20
ciel 20
ceel 20
c7el 20
crel 20
ckel 20
cbel 20
cuel 20
cvel 20
c0el 20
s5el 26
cpel 26
c8el 26
c4el 26
cnel 26
c9el 26
cgel 26
czel 26
csel 26
cyel 26
cdel 26
c3el 26
c1el 26
cw7l 26
ct7l 26
cx7l 26
cj7l 26
sq7l 1
co7l 1
cl7l 1
c67l 1
c27l 1
ch7l 1
cc7l 1
cm7l 1
ca7l 1
cf7l 1
ci7l 1
ce7l 1
s77l 29
cr7l 29
ck7l 29
cb7l 29
cu7l 29
cv7l 29
c07l 29
c57l 29
cp7l 29
c87l 29
c47l 29
cn7l 29
c97l 29
cg7l 29
cz7l 29
cs7l 29
cy7l 29
cd7l 29
c37l 29
c17l 29
swrl 22
ctrl 22
cxrl 22
cjrl 22
cqrl 22
corl 22
clrl 22
c6rl 22
c2rl 22
chrl 22
ccrl 22
cmrl 22
carl 22
cfrl 22
cirl 22
cerl 22
c7rl 22
crrl 22
ckrl 22
cbrl 22
surl 5
cvrl 5
c0rl 5
c5rl 5
cprl 5
c8rl 5
c4rl 5
cnrl 5
c9rl 5
cgrl 5
czrl 5
csrl 5
cyrl 5
cdrl 5
s3rl 17
c1rl 17
cwkl 17
ctkl 17
cxkl 17
cjkl 17
cqkl 17
cokl 17
clkl 17
c6kl 17
c2kl 17
chkl 17
cckl 17
cmkl 17
cakl 17
cfkl 17
cikl 17
cekl 17
c7kl 17
crkl 17
skkl 8
cbkl 8
cukl 8
cvkl 8
c0kl 8
c5kl 8
cpkl 8
c8kl 8
c4kl 8
cnkl 8
c9kl 8
cgkl 8
czkl 8
cskl 8
cykl 8
cdkl 8
c3kl 8
c1kl 8
cwbl 8
ctbl 8
cxbl 8
cjbl 8
cqbl 8
cobl 8
clbl 8
c6bl 8
c2bl 8
chbl 27
sga6 16
cza6 16
csa6 16
cya6 16
cda6 16
c3a6 16
c1a6 16
cwf6 16
ctf6 16
cxf6 16
cjf6 16
cqf6 16
cof6 16
clf6 16
c6f6 16
s2f6 0
chf6 0
ccf6 0
cmf6 0
caf6 0
cff6 0
cif6 0
cef6 0
c7f6 0
crf6 0
ckf6 0
cbf6 0
cuf6 0
cvf6 0
c0f6 0
c5f6 0
cpf6 0
c8f6 0
c4f6 0
cnf6 0
c9f6 0
cgf6 0
czf6 0
ssf6 12
cyf6 12
cdf6 12
c3f6 12
c1f6 12
cwi6 12
cti6 12
cxi6 12
cji6 12
cqi6 12
coi6 12
cli6 12
c6i6 12
c2i6 12
chi6 12
cci6 12
cmi6 12
cai6 12
cfi6 12
sii6 4
cei6 4
c7i6 4
cri6 4
cki6 4
cbi6 4
cui6 4
cvi6 4
c0i6 4
c5i6 4
cpi6 4
c8i6 4
c4i6 4
cni6 4
c9i6 4
cgi6 4
czi6 4
csi6 4
cyi6 4
cdi6 4
c3i6 4
c1i6 4
cwe6 4
cte6 4
cxe6 4
sje6 13
cqe6 13
coe6 13
cle6 13
c6e6 13
c2e6 13
che6 13
cce6 13
cme6 13
cae6 13
cfe6 13
cie6 13
cee6 13
c7e6 13
cre6 13
cke6 13
cbe6 13
cue6 13
cve6 13
c0e6 13
c5e6 13
cpe6 13
s8e6 14
c4e6 14
cne6 14
c9e6 14
cge6 14
cze6 14
cse6 14
cye6 14
cde6 14
c3e6 14
c1e6 14
cw76 14
ct76 14
cx76 14
cj76 14
cq76 14
co76 14
sl76 6
c676 6
c276 6
ch76 6
cc76 6
cm76 6
ca76 6
cf76 6
ci76 6
ce76 6
c776 6
cr76 6
ck76 6
cb76 6
cu76 6
cv76 6
c076 6
c576 6
cp76 6
c876 6
c476 6
cn76 6
c976 6
sg76 24
cz76 24
cs76 24
cy76 24
cd76 24
c376 24
c176 24
cwr6 24
ctr6 24
cxr6 24
cjr6 24
cqr6 24
cor6 24
clr6 24
c6r6 24
c2r6 24
chr6 24
ccr6 24
smr6 28
car6 28
cfr6 28
cir6 28
cer6 28
c7r6 28
crr6 28
ckr6 28
cbr6 28
cur6 28
cvr6 28
c0r6 28
s5r6 23
cpr6 23
c8r6 23
c4r6 23
cnr6 23
c9r6 23
cgr6 23
czr6 23
csr6 23
cyr6 23
cdr6 23
c3r6 23
c1r6 23
cwk6 23
ctk6 4
sg2l 25
cz2l 25
cs2l 25
cy2l 25
cd2l 25
c32l 25
c12l 25
cwhl 25
cthl 25
cxhl 25
cjhl 25
cqhl 25
sohl 1
clhl 1
c6hl 1
c2hl 1
chhl 1
cchl 1
cmhl 1
cahl 1
cfhl 1
cihl 1
cehl 1
c7hl 1
crhl 1
ckhl 1
cbhl 1
suhl 10
cvhl 10
c0hl 10
c5hl 10
cphl 10
c8hl 10
c4hl 10
cnhl 10
c9hl 10
cghl 10
czhl 10
cshl 10
cyhl 10
cdhl 10
c3hl 10
c1hl 10
cwcl 10
ctcl 10
sxcl 19
cjcl 19
cqcl 19
cocl 19
clcl 19
c6cl 19
c2cl 19
chcl 19
cccl 19
cmcl 19
cacl 19
cfcl 19
cicl 19
cecl 19
c7cl 19
crcl 19
ckcl 19
cbcl 19
cucl 19
cvcl 19
c0cl 19
s5cl 5
cpcl 5
c8cl 5
c4cl 5
cncl 5
c9cl 5
cgcl 5
czcl 5
cscl 5
cycl 5
cdcl 5
c3cl 5
c1cl 5
cwml 5
stml 28
cxml 28
cjml 28
cqml 28
coml 28
clml 28
c6ml 28
c2ml 28
chml 28
ccml 28
cmml 28
caml 28
cfml 28
ciml 28
ceml 28
s7ml 16
crml 16
ckml 16
cbml 16
cuml 16
cvml 16
c0ml 16
c5ml 16
cpml 16
c8ml 16
c4ml 16
cnml 16
c9ml 16
cgml 16
czml 16
csml 16
cyml 16
cdml 16
c3ml 16
c1ml 16
cwal 16
ctal 16
cxal 16
cjal 16
cqal 16
coal 16
clal 16
c6al 16
s2al 23
chal 23
ccal 23
cmal 23
caal 23
cfal 23
cial 23
ceal 23
c7al 23
cral 23
ckal 23
cbal 23
cual 23
cval 23
c0al 23
c5al 23
cpal 23
c8al 23
c4al 23
cnal 23
s9al 26
cgal 26
czal 26
csal 26
cyal 26
cdal 26
c3al 26
c1al 26
cwfl 26
ctfl 26
cxfl 26
cjfl 26
sqfl 24
cofl 24
clfl 24
c6fl 24
c2fl 24
chfl 24
ccfl 24
cmfl 24
cafl 24
cffl 24
cifl 24
cefl 24
c7fl 24
crfl 24
ckfl 24
cbfl 24
cufl 24
cvfl 24
c0fl 24
c5fl 24
cpfl 24
c8fl 24
c4fl 24
cnfl 24
c9fl 24
cgfl 24
czfl 24
csfl 24
cyfl 24
sayl 2
cfyl 2
ciyl 2
ceyl 2
c7yl 2
cryl 2
ckyl 2
cbyl 2
cuyl 2
cvyl 2
c0yl 2
s5yl 14
cpyl 14
c8yl 14
c4yl 14
cnyl 14
c9yl 14
cgyl 14
czyl 14
csyl 14
cyyl 14
cdyl 14
c3yl 14
c1yl 14
cwdl 14
ctdl 14
cxdl 14
cjdl 14
sqdl 11
codl 11
cldl 11
c6dl 11
c2dl 11
chdl 11
ccdl 11
cmdl 11
cadl 11
cfdl 11
cidl 11
cedl 11
c7dl 11
crdl 11
skdl 17
cbdl 17
cudl 17
cvdl 17
c0dl 17
c5dl 17
cpdl 17
c8dl 17
c4dl 17
cndl 17
c9dl 17
cgdl 17
szdl 12
csdl 12
cydl 12
cddl 12
c3dl 12
c1dl 12
cw3l 12
ct3l 12
cx3l 12
cj3l 12
sq3l 22
co3l 22
cl3l 22
c63l 22
c23l 22
ch3l 22
cc3l 22
cm3l 22
ca3l 22
cf3l 22
si3l 29
ce3l 29
c73l 29
cr3l 29
ck3l 29
cb3l 29
cu3l 29
cv3l 29
c03l 29
c53l 29
cp3l 29
c83l 29
c43l 29
cn3l 29
c93l 29
cg3l 29
cz3l 29
cs3l 29
cy3l 29
cd3l 29
c33l 29
c13l 29
cw1l 29
ct1l 29
cx1l 29
sj1l 20
cq1l 20
co1l 20
cl1l 20
c61l 20
c21l 20
ch1l 20
cc1l 20
cm1l 20
ca1l 20
cf1l 20
ci1l 20
ce1l 20
c71l 20
cr1l 20
ck1l 20
cb1l 20
cu1l 20
cv1l 20
c01l 20
c51l 20
cp1l 20
c81l 20
c41l 20
cn1l 20
c91l 20
cg1l 20
sz1l 13
cs1l 13
cy1l 13
cd1l 13
c31l 13
c11l 13
cww6 13
ctw6 13
cxw6 13
cjw6 13
cqw6 13
cow6 13
clw6 13
c6w6 13
c2w6 13
chw6 13
ccw6 13
cmw6 13
caw6 13
cfw6 13
ciw6 13
cew6 13
c7w6 13
crw6 13
ckw6 13
cbw6 13
cuw6 13
svw6 25
c0w6 25
c5w6 25
cpw6 25
c8w6 25
c4w6 25
cnw6 25
c9w6 25
cgw6 25
czw6 25
csw6 25
cyw6 25
cdw6 25
c3w6 13
sdq6 9
s3q6 6
s1q6 9
swo6 6
sto6 9
sxo6 9
sjo6 0
sqo6 6
soo6 9
slo6 0
s6o6 6
s2o6 9
sho6 0
sco6 9
smo6 6
sao6 0
sfo6 9
sio6 6
seo6 0
s7o6 0
sro6 9
sko6 6
sbo6 0
suo6 6
svo6 9
s0o6 0
s5o6 9
spo6 6
s8o6 0
s4o6 9
sno6 6
s9o6 0
sgo6 9
szo6 6
sso6 9
syo6 0
sdo6 21
s3o6 6
s1o6 9
swl6 0
ctl6 0
sx8l 21
cj8l 21
sq8l 21
so8l 21
sl8l 21
s68l 21
s28l 21
sh8l 21
sc8l 21
sm8l 0
sa8l 4
sf8l 6
si8l 9
se8l 18
s78l 6
sr8l 21
sk8l 0
sb8l 18
su8l 9
sv8l 4
s08l 18
s58l 21
sp8l 9
s88l 0
s48l 6
sn8l 4
s98l 1
sg8l 9
sz8l 18
ss8l 4
sy8l 6
sd8l 21
c38l 4
s25l 0
ch5l 0
sc5l 0
sm5l 0
sa5l 0
sf5l 0
si5l 0
se5l 0
s75l 0
sr5l 0
sk5l 1
sb5l 4
su5l 5
sv5l 6
s05l 9
s55l 18
sp5l 21
s85l 28
s45l 9
sn5l 18
s95l 21
sg5l 0
sz5l 5
ss5l 6
sy5l 1
sd5l 4
s35l 28
s15l 21
swpl 18
stpl 9
sxpl 6
sjpl 4
cqpl 6
sopl 5
clpl 5
s6pl 5
s2pl 5
shpl 5
scpl 5
smpl 5
sapl 5
sfpl 5
sipl 0
sepl 1
s7pl 4
srpl 6
skpl 8
sbpl 9
supl 18
svpl 21
s0pl 28
s5pl 5
sppl 18
s8pl 6
s4pl 21
snpl 1
s9pl 28
sgpl 8
szpl 9
sspl 0
sypl 4
sdpl 5
s3pl 6
s1pl 18
sw8l 8
ct8l 6
scbl 2
smbl 21
sabl 1
sfbl 28
sibl 9
sebl 3
s7bl 0
srbl 4
skbl 5
sbbl 8
subl 1
svbl 21
s0bl 28
s5bl 2
spbl 18
s8bl 9
s4bl 3
snbl 0
s9bl 4
sgbl 8
szbl 5
ssbl 2
sybl 28
sdbl 18
s3bl 1
s1bl 3
swul 9
stul 21
sxul 26
sjul 0
squl 6
soul 4
slul 2
s6ul 5
s2ul 8
shul 1
scul 28
smul 3
saul 18
sful 26
ciul 18
ss26 9
sy26 0
sd26 21
s326 2
s126 1
swh6 6
sth6 8
sxh6 5
sjh6 7
sqh6 4
soh6 28
slh6 2
s6h6 9
s2h6 3
shh6 21
sch6 26
smh6 0
sah6 1
sfh6 6
sih6 8
seh6 4
s7h6 5
srh6 28
skh6 7
sbh6 2
suh6 3
svh6 27
s0h6 21
s5h6 9
sph6 0
s8h6 8
s4h6 7
snh6 1
s9h6 28
sgh6 3
szh6 6
ssh6 26
syh6 2
sdh6 18
s3h6 5
c1h6 2
ssu6 27
syu6 21
sdu6 4
s3u6 9
s1u6 8
swv6 6
stv6 7
sxv6 26
sjv6 18
sqv6 28
sov6 5
slv6 0
s6v6 1
s2v6 3
shv6 4
scv6 27
smv6 9
sav6 21
sfv6 6
siv6 0
sev6 8
s7v6 7
srv6 26
skv6 4
sbv6 3
suv6 27
svv6 18
s0v6 9
s5v6 5
spv6 28
s8v6 1
s4v6 0
snv6 6
s9v6 21
sgv6 7
szv6 3
ssv6 28
syv6 26
sdv6 2
s3v6 27
c1v6 2
sy6l 8
cd6l 8
s36l 8
s16l 8
sw2l 8
st2l 8
sx2l 8
sj2l 8
sq2l 8
so2l 0
sl2l 1
s62l 2
s22l 3
sh2l 4
sc2l 5
sm2l 6
sa2l 7
sf2l 9
si2l 10
se2l 18
s72l 21
sr2l 26
sk2l 27
sb2l 28
su2l 8
sv2l 7
s02l 6
s52l 8
sp2l 26
s82l 0
s42l 18
sn2l 10
c92l 10
s1w6 28
swt6 21
stt6 4
sxt6 3
sjt6 1
sqt6 5
sot6 2
slt6 27
s6t6 9
s2t6 26
sht6 0
sct6 18
smt6 8
sat6 6
sft6 28
sit6 7
set6 5
s7t6 1
srt6 21
skt6 4
sbt6 2
sut6 9
svt6 0
s0t6 3
s5t6 26
spt6 6
s8t6 27
s4t6 7
snt6 1
s9t6 15
sgt6 4
szt6 21
sst6 18
syt6 8
sdt6 5
s3t6 28
s1t6 27
swx6 2
stx6 3
sxx6 0
cjx6 3
sw06 9
ct06 9
sx06 9
sj06 9
sq06 9
so06 9
sl06 9
s606 9
s206 9
sh06 0
sc06 1
sm06 2
sa06 3
sf06 4
si06 5
se06 6
s706 7
sr06 8
sk06 10
sb06 12
su06 15
sv06 18
s006 21
s506 26
sp06 27
s806 28
s406 9
sn06 15
s906 8
sg06 3
sz06 0
ss06 18
cy06 0
