1117
sy6l 0
cd6l 0
s36l 0
s16l 0
sw2l 0
st2l 0
sx2l 0
sj2l 0
sq2l 0
so2l 1
sl2l 2
s62l 3
s22l 4
sh2l 5
sc2l 6
sm2l 7
sa2l 8
sf2l 9
si2l 10
se2l 11
s72l 12
sr2l 13
sk2l 14
sb2l 15
su2l 16
sv2l 17
s02l 18
s52l 19
sp2l 20
s82l 21
s42l 22
sn2l 23
c92l 6
sg2l 24
cz2l 24
cs2l 24
cy2l 24
cd2l 24
c32l 24
c12l 24
cwhl 24
cthl 24
cxhl 24
cjhl 24
cqhl 24
sohl 25
clhl 25
c6hl 25
c2hl 25
chhl 25
cchl 25
cmhl 25
cahl 25
cfhl 25
cihl 25
cehl 25
c7hl 25
crhl 25
ckhl 25
cbhl 25
suhl 26
cvhl 26
c0hl 26
c5hl 26
cphl 26
c8hl 26
c4hl 26
cnhl 26
c9hl 26
cghl 26
czhl 26
cshl 26
cyhl 26
cdhl 26
c3hl 26
c1hl 26
cwcl 26
ctcl 26
sxcl 27
cjcl 27
cqcl 27
cocl 27
clcl 27
c6cl 27
c2cl 27
chcl 27
cccl 27
cmcl 27
cacl 27
cfcl 27
cicl 27
cecl 27
c7cl 27
crcl 27
ckcl 27
cbcl 27
cucl 27
cvcl 27
c0cl 27
s5cl 28
cpcl 28
c8cl 28
c4cl 28
cncl 28
c9cl 28
cgcl 28
czcl 28
cscl 28
cycl 28
cdcl 28
c3cl 28
c1cl 28
cwml 28
stml 29
cxml 29
cjml 29
cqml 29
coml 29
clml 29
c6ml 29
c2ml 29
chml 29
ccml 29
cmml 29
caml 29
cfml 29
ciml 29
ceml 29
s7ml 0
crml 0
ckml 0
cbml 0
cuml 0
cvml 0
c0ml 0
c5ml 0
cpml 0
c8ml 0
c4ml 0
cnml 0
c9ml 0
cgml 0
czml 0
csml 0
cyml 0
cdml 0
c3ml 0
c1ml 0
cwal 0
ctal 0
cxal 0
cjal 0
cqal 0
coal 0
clal 0
c6al 0
s2al 8
chal 8
ccal 8
cmal 8
caal 8
cfal 8
cial 8
ceal 8
c7al 8
cral 8
ckal 8
cbal 8
cual 8
cval 8
c0al 8
c5al 8
cpal 8
c8al 8
c4al 8
cnal 8
s9al 16
cgal 16
czal 16
csal 16
cyal 16
cdal 16
c3al 16
c1al 16
cwfl 16
ctfl 16
cxfl 16
cjfl 16
sqfl 21
cofl 21
clfl 21
c6fl 21
c2fl 21
chfl 21
ccfl 21
cmfl 21
cafl 21
cffl 21
cifl 21
cefl 21
c7fl 21
crfl 21
ckfl 21
cbfl 21
cufl 21
cvfl 21
c0fl 21
c5fl 21
cpfl 21
c8fl 21
c4fl 21
cnfl 21
c9fl 21
cgfl 21
czfl 21
csfl 21
cyfl 21
sdfl 20
c3fl 20
c1fl 20
cwil 20
ctil 20
cxil 20
cjil 20
cqil 20
coil 20
clil 20
c6il 20
s2il 7
chil 7
ccil 7
cmil 7
cail 7
cfil 7
ciil 7
ceil 7
c7il 7
cril 7
ckil 7
cbil 7
cuil 7
cvil 7
c0il 7
c5il 7
cpil 7
c8il 7
c4il 7
cnil 7
c9il 7
cgil 7
czil 7
csil 7
cyil 7
cdil 7
c3il 7
c1il 7
swel 13
ctel 13
cxel 13
cjel 13
cqel 13
coel 13
clel 13
c6el 13
c2el 13
chel 13
ccel 13
cmel 13
cael 13
cfel 13
ciel 13
ceel 13
c7el 13
crel 13
ckel 13
cbel 13
cuel 13
cvel 13
c0el 13
s5el 22
cpel 22
c8el 22
c4el 22
cnel 22
c9el 22
cgel 22
czel 22
csel 22
cyel 22
cdel 22
c3el 22
c1el 22
cw7l 22
ct7l 22
cx7l 22
cj7l 22
sq7l 1
co7l 1
cl7l 1
c67l 1
c27l 1
ch7l 1
cc7l 1
cm7l 1
ca7l 1
cf7l 1
ci7l 1
ce7l 1
s77l 11
cr7l 11
ck7l 11
cb7l 11
cu7l 11
cv7l 11
c07l 11
c57l 11
cp7l 11
c87l 11
c47l 11
cn7l 11
c97l 11
cg7l 11
cz7l 11
cs7l 11
cy7l 11
cd7l 11
c37l 11
c17l 11
swrl 10
ctrl 10
cxrl 10
cjrl 10
cqrl 10
corl 10
clrl 10
c6rl 10
c2rl 10
chrl 10
ccrl 10
cmrl 10
carl 10
cfrl 10
cirl 10
cerl 10
c7rl 10
crrl 10
ckrl 10
cbrl 10
surl 19
cvrl 19
c0rl 19
c5rl 19
cprl 19
c8rl 19
c4rl 19
cnrl 19
c9rl 19
cgrl 19
czrl 19
csrl 19
cyrl 19
cdrl 19
s3rl 15
c1rl 15
cwkl 15
ctkl 15
cxkl 15
cjkl 15
cqkl 15
cokl 15
clkl 15
c6kl 15
c2kl 15
chkl 15
cckl 15
cmkl 15
cakl 15
cfkl 15
cikl 15
cekl 15
c7kl 15
crkl 15
skkl 18
cbkl 18
cukl 18
cvkl 18
c0kl 18
c5kl 18
cpkl 18
c8kl 18
c4kl 18
cnkl 18
c9kl 18
cgkl 18
czkl 18
cskl 18
cykl 18
cdkl 18
c3kl 18
c1kl 18
cwbl 18
ctbl 18
cxbl 18
cjbl 18
cqbl 18
cobl 18
clbl 18
c6bl 18
c2bl 18
chbl 7
scbl 12
smbl 5
sabl 4
sfbl 2
sibl 17
sebl 23
s7bl 3
srbl 14
skbl 9
sbbl 4
subl 2
svbl 23
s0bl 17
s5bl 5
spbl 12
s8bl 3
s4bl 14
snbl 9
s9bl 4
sgbl 5
szbl 6
ssbl 17
sybl 12
sdbl 2
s3bl 14
s1bl 23
swul 3
stul 9
sxul 4
sjul 12
squl 6
soul 17
slul 14
s6ul 5
s2ul 23
shul 2
scul 3
smul 9
saul 4
sful 12
ciul 4
seul 14
s7ul 2
s25l 5
ch5l 5
sc5l 5
sm5l 5
sa5l 5
sf5l 5
si5l 5
se5l 5
s75l 5
sr5l 5
sk5l 3
sb5l 4
su5l 6
sv5l 9
s05l 12
s55l 14
sp5l 17
s85l 23
s45l 12
sn5l 14
s95l 17
sg5l 5
sz5l 6
ss5l 9
sy5l 3
sd5l 4
s35l 23
s15l 17
swpl 14
stpl 12
sxpl 9
sjpl 4
cqpl 9
sopl 6
clpl 6
s6pl 6
s2pl 6
shpl 6
scpl 6
smpl 6
sapl 6
sfpl 6
sipl 2
sepl 3
s7pl 4
srpl 5
skpl 9
sbpl 12
supl 14
svpl 17
s0pl 23
s5pl 6
sppl 14
s8pl 5
s4pl 17
snpl 3
s9pl 23
sgpl 9
szpl 12
sspl 2
sypl 4
sdpl 6
s3pl 5
s1pl 14
sw8l 9
ct8l 5
sx8l 17
cj8l 17
sq8l 17
so8l 17
s18l 3
cw4l 3
ct4l 3
cx4l 3
cj4l 3
cq4l 3
co4l 3
cl4l 3
c64l 3
c24l 3
ch4l 3
cc4l 3
cm4l 3
ca4l 3
cf4l 3
ci4l 3
ce4l 3
c74l 3
cr4l 3
ck4l 3
cb4l 3
cu4l 3
cv4l 3
c04l 3
c54l 3
cp4l 3
c84l 3
c44l 3
cn4l 3
s94l 23
cg4l 23
cz4l 23
cs4l 23
cy4l 23
cd4l 23
c34l 23
c14l 23
cwnl 23
ctnl 23
cxnl 23
cjnl 23
cqnl 23
conl 23
clnl 23
c6nl 23
c2nl 23
chnl 23
ccnl 23
cmnl 23
canl 23
cfnl 23
cinl 23
cenl 23
c7nl 23
srnl 12
cknl 12
cbnl 12
cunl 12
cvnl 12
c0nl 12
c5nl 12
cpnl 12
c8nl 12
c4nl 12
cnnl 12
c9nl 12
cgnl 12
cznl 12
csnl 12
cynl 12
cdnl 12
c3nl 12
c1nl 12
cw9l 12
st9l 2
cx9l 2
cj9l 2
cq9l 2
co9l 2
cl9l 2
c69l 2
c29l 2
ch9l 2
cc9l 2
cm9l 2
ca9l 2
cf9l 2
si9l 4
ce9l 4
c79l 4
cr9l 4
ck9l 4
cb9l 4
cu9l 4
cv9l 4
c09l 4
c59l 4
cp9l 4
c89l 4
c49l 4
cn9l 4
c99l 4
cg9l 4
cz9l 4
cs9l 4
cy9l 4
cd9l 4
c39l 4
c19l 4
cwgl 4
ctgl 4
cxgl 4
cjgl 4
cqgl 4
sogl 6
clgl 6
c6gl 6
c2gl 6
chgl 6
ccgl 6
cmgl 6
cagl 6
cfgl 6
cigl 6
cegl 6
c7gl 6
crgl 6
ckgl 6
cbgl 6
cugl 6
cvgl 6
c0gl 6
c5gl 6
cpgl 6
c8gl 6
c4gl 6
cngl 6
c9gl 6
cggl 6
czgl 6
ssgl 9
cygl 9
cdgl 9
c3gl 9
c1gl 9
cwzl 9
ctzl 9
cxzl 9
cjzl 9
cqzl 9
cozl 9
clzl 9
c6zl 9
c2zl 9
chzl 9
cczl 9
cmzl 9
cazl 9
sfzl 14
cizl 14
cezl 14
c7zl 14
crzl 14
ckzl 14
cbzl 14
cuzl 14
cvzl 14
c0zl 14
c5zl 14
cpzl 14
s8zl 5
c4zl 5
cnzl 5
c9zl 5
cgzl 5
czzl 5
cszl 5
cyzl 5
cdzl 5
c3zl 5
c1zl 5
cwsl 5
ctsl 5
cxsl 5
cjsl 5
cqsl 5
cosl 5
clsl 5
c6sl 5
c2sl 5
chsl 5
ccsl 5
cmsl 5
casl 5
cfsl 5
cisl 5
cesl 5
c7sl 5
crsl 5
cksl 5
sbsl 17
cusl 17
cvsl 17
c0sl 17
c5sl 17
cpsl 17
c8sl 17
c4sl 17
cnsl 17
c9sl 17
cgsl 17
czsl 17
cssl 17
cysl 17
cdsl 17
c3sl 17
c1sl 17
cwyl 17
ctyl 17
cxyl 17
cjyl 17
cqyl 17
coyl 17
clyl 17
c6yl 17
c2yl 17
chyl 17
ccyl 17
cmyl 17
sayl 24
cfyl 24
ciyl 24
ceyl 24
c7yl 24
cryl 24
ckyl 24
cbyl 24
cuyl 24
cvyl 24
c0yl 24
s5yl 20
cpyl 20
c8yl 20
c4yl 20
cnyl 20
c9yl 20
cgyl 20
czyl 20
csyl 20
cyyl 20
cdyl 20
c3yl 20
c1yl 20
cwdl 20
ctdl 20
cxdl 20
cjdl 20
sqdl 1
codl 1
cldl 1
c6dl 1
c2dl 1
chdl 1
ccdl 1
cmdl 1
cadl 1
cfdl 1
cidl 1
cedl 1
c7dl 1
crdl 1
skdl 19
cbdl 19
cudl 19
cvdl 19
c0dl 19
c5dl 19
cpdl 19
c8dl 19
c4dl 19
cndl 19
c9dl 19
cgdl 19
szdl 16
csdl 16
cydl 16
cddl 16
c3dl 16
c1dl 16
cw3l 16
ct3l 16
cx3l 16
cj3l 16
sq3l 29
co3l 29
cl3l 29
c63l 29
c23l 29
ch3l 29
cc3l 29
cm3l 29
ca3l 29
cf3l 29
si3l 28
ce3l 28
c73l 28
cr3l 28
ck3l 28
cb3l 28
cu3l 28
cv3l 28
c03l 28
c53l 28
cp3l 28
c83l 28
c43l 28
cn3l 28
c93l 28
cg3l 28
cz3l 28
cs3l 28
cy3l 28
cd3l 28
c33l 28
c13l 28
cw1l 28
ct1l 28
cx1l 28
sj1l 25
cq1l 25
co1l 25
cl1l 25
c61l 25
c21l 25
ch1l 25
cc1l 25
cm1l 25
ca1l 25
cf1l 25
ci1l 25
ce1l 25
c71l 25
cr1l 25
ck1l 25
cb1l 25
cu1l 25
cv1l 25
c01l 25
c51l 25
cp1l 25
c81l 25
c41l 25
cn1l 25
c91l 25
cg1l 25
sz1l 14
cs1l 14
cy1l 14
cd1l 14
c31l 14
c11l 14
cww6 14
ctw6 14
cxw6 14
cjw6 14
cqw6 14
cow6 14
clw6 14
c6w6 14
c2w6 14
chw6 14
ccw6 14
cmw6 14
caw6 14
cfw6 14
ciw6 14
cew6 14
c7w6 14
crw6 14
ckw6 14
cbw6 14
cuw6 14
svw6 2
c0w6 2
c5w6 2
cpw6 2
c8w6 2
c4w6 2
cnw6 2
c9w6 2
cgw6 2
czw6 2
csw6 2
cyw6 2
cdw6 2
c3w6 14
s1w6 22
sqx6 22
sdq6 22
sxl6 22
ss26 22
swc6 22
sga6 26
cza6 26
csa6 26
cya6 26
cda6 26
c3a6 26
c1a6 26
cwf6 26
ctf6 26
cxf6 26
cjf6 26
cqf6 26
cof6 26
clf6 26
c6f6 26
s2f6 22
chf6 22
ccf6 22
cmf6 22
caf6 22
cff6 22
cif6 22
cef6 22
c7f6 22
crf6 22
ckf6 22
cbf6 22
cuf6 22
cvf6 22
c0f6 22
c5f6 22
cpf6 22
c8f6 22
c4f6 22
cnf6 22
c9f6 22
cgf6 22
czf6 22
ssf6 15
cyf6 15
cdf6 15
c3f6 15
c1f6 15
cwi6 15
cti6 15
cxi6 15
cji6 15
cqi6 15
coi6 15
cli6 15
c6i6 15
c2i6 15
chi6 15
cci6 15
cmi6 15
cai6 15
cfi6 15
sii6 27
cei6 27
c7i6 27
cri6 27
cki6 27
cbi6 27
cui6 27
cvi6 27
c0i6 27
c5i6 27
cpi6 27
c8i6 27
c4i6 27
cni6 27
c9i6 27
cgi6 27
czi6 27
csi6 27
cyi6 27
cdi6 27
c3i6 27
c1i6 27
cwe6 27
cte6 27
cxe6 27
sje6 10
cqe6 10
coe6 10
cle6 10
c6e6 10
c2e6 10
che6 10
cce6 10
cme6 10
cae6 10
cfe6 10
cie6 10
cee6 10
c7e6 10
cre6 10
cke6 10
cbe6 10
cue6 10
cve6 10
c0e6 10
c5e6 10
cpe6 10
s8e6 11
c4e6 11
cne6 11
c9e6 11
cge6 11
cze6 11
cse6 11
cye6 11
cde6 11
c3e6 11
c1e6 11
cw76 11
ct76 11
cx76 11
cj76 11
cq76 11
co76 11
sl76 9
c676 9
c276 9
ch76 9
cc76 9
cm76 9
ca76 9
cf76 9
ci76 9
ce76 9
c776 9
cr76 9
ck76 9
cb76 9
cu76 9
cv76 9
c076 9
c576 9
cp76 9
c876 9
c476 9
cn76 9
c976 9
sg76 8
cz76 8
cs76 8
cy76 8
cd76 8
c376 8
c176 8
cwr6 8
ctr6 8
cxr6 8
cjr6 8
cqr6 8
cor6 8
clr6 8
c6r6 8
c2r6 8
chr6 8
ccr6 8
smr6 24
car6 24
cfr6 24
cir6 24
cer6 24
c7r6 24
crr6 24
ckr6 24
cbr6 24
cur6 24
cvr6 24
c0r6 24
s5r6 13
cpr6 13
c8r6 13
c4r6 13
cnr6 13
c9r6 13
cgr6 13
czr6 13
csr6 13
cyr6 13
cdr6 13
c3r6 13
c1r6 13
cwk6 13
ctk6 27
sxk6 12
ssu6 12
sw06 12
