1270
shdj 0
su3j 1
szbx 2
sibq 3
sebq 4
s7bq 5
srbq 6
s4vj 7
soz 8
srdj 9
s1bj 2
s1ux 0
s1wq 9
spnj 2
sxkq 7
svbq 9
smmt 0
sfmt 8
simt 1
s7mt 7
skmt 0
sc6t 2
selx 2
shy 7
sijj 0
skzt 1
sl3 1
sv9t 8
sp7j 0
s87j 4
s47j 8
sn7j 2
s97j 7
sg7j 4
sz7j 5
ss7j 7
sy7j 4
sd7j 7
s0qt 2
skg 1
st2 2
sx2 0
sj2 5
sq2 8
smh 2
sbe 7
spjt 5
s4jt 4
snjt 1
smtq 0
syjq 1
sdjq 8
s3jq 4
s1jq 4
swqq 2
stqq 7
sdwt 0
sfm 5
ssjt 1
s5bq 5
spbq 8
s8bq 2
s4bq 4
sgbq 5
sgr 7
ssb 0
syb 1
s3b 7
s9tt 0
sgtt 7
sztt 6
sstt 9
sytt 1
s3tt 1
s5xt 0
sdet 0
sn8 6
seyt 1
s7yt 7
sryt 3
skyt 9
sbyt 0
suyt 2
sdbq 1
suft 2
sau 0
sfu 3
siu 7
seu 0
s7u 9
sru 6
sbu 2
seg 3
s2tt 7
sctt 0
smtt 3
sawq 2
skzx 9
swuq 6
stuq 0
sxuq 3
s1qt 2
s29t 7
sbvt 5
szjj 5
ssjj 9
syjj 1
sdjj 2
s3jj 8
s1jj 7
s04x 9
s27t 8
sz5x 9
squq 2
souq 5
sluq 1
s6uq 9
s2uq 6
shuq 8
scuq 7
smuq 4
semt 4
ssnt 2
siuq 3
seuq 2
s7uq 4
sruq 3
skuq 9
sbuq 3
suuq 8
svuq 0
s5uq 1
spuq 7
s8uq 7
s4uq 6
snuq 9
s9uq 5
s14x 1
sok 1
ssuq 1
syuq 0
sduq 3
s3uq 6
s1uq 7
swvq 2
stvq 6
cxvq 7
svpj 8
s0pj 4
s5pj 4
sppj 8
s8pj 8
s3xx 4
s49x 9
s6at 3
s7jx 9
scaq 8
sm2j 9
sy9j 4
sjvq 3
szft 8
csft 8
s17j 9
sqgt 4
s4kj 8
s9kj 9
sgkj 0
sdbt 5
sjet 9
sjqx 3
s3uj 6
s1uj 9
swvj 8
s5xx 4
s9it 3
siot 5
snjq 4
sqpj 8
swqj 0
ctqj 0
sovq 3
slvq 6
s6vq 2
s2vq 5
shvq 9
scvq 0
smvq 4
savq 8
sh9 1
sc9 1
sm9 9
sf9 1
si9 9
se9 1
snq 1
sgq 9
sib 1
seb 9
s19 1
soc 9
szm 6
sqd 9
sod 1
sld 6
s6d 3
s2d 9
shd 6
scd 3
smd 9
sa9 4
c79 4
swg 1
shlt 9
sclt 9
smlt 6
sckq 9
sjgx 4
sncj 0
sivq 1
sevq 8
shfj 3
sxjj 9
sy3x 6
slkj 5
s6kj 2
s2kj 4
shkj 5
sckj 7
smkj 0
sakj 4
sfkj 7
sikj 9
sekj 2
c7kj 0
cewq 0
s76x 3
seqq 6
sp3x 2
srk 7
srvq 5
smsx 4
snst 9
sbvq 3
suvq 4
svvq 7
s1g 6
s5vq 2
spvq 9
s8vq 2
s4vq 6
snvq 3
s9vq 0
sgvq 1
szvq 5
sdtt 2
s3vq 7
schx 9
sfe 8
svu 2
sx5 2
s1n 0
st9 9
sx9 2
sj9 8
sq9 9
so9 4
sl9 0
s69 9
sig 0
sez 2
s7z 4
srz 9
sbz 0
suz 4
s49 9
sc4 8
sin 2
syg 8
sikt 9
srkt 4
skkt 1
s4pt 0
snpt 9
s9pt 8
sgpt 2
szpt 0
sspt 6
sdpt 4
s3pt 6
s1pt 0
s3nt 9
s4mt 6
s56t 1
s8d 2
sog 8
sret 9
sfpx 6
sipx 3
sepx 4
s7px 2
srpx 2
skpx 0
sbpx 8
s1gx 9
s21j 6
s9gt 9
sad 1
smk 2
sqzt 8
sttq 9
sxtq 7
sjtq 4
sqtq 9
sotq 3
sltq 0
s6tq 1
s2tq 8
s4z 6
saux 9
si2j 9
se2j 2
s72j 6
sr2j 4
ck2j 2
s9dx 0
ssnx 3
sxkt 7
sh0q 9
sc0q 8
sm0q 5
sa0q 1
so8 4
s20t 3
s4xx 4
sohx 7
slhx 0
s6hx 6
sddt 4
siqj 1
sy5t 4
siij 6
seij 3
s7ij 0
srij 7
skij 4
st3 2
s8at 0
s4at 1
cnat 0
s6mx 2
s7pt 3
sb1 6
snkj 2
czkj 2
ctvj 2
sr4j 7
s80q 4
szi 5
syi 1
sdi 3
s3i 6
s1i 1
s02 7
sgi 5
sk8 3
szb 0
s4s 6
sns 1
s9s 5
sss 1
sys 7
sds 5
s3s 1
siy 0
sxy 3
s53 5
sp3 7
s83 0
s43 6
sn3 7
sdf 2
s6p 2
s2p 0
shp 1
scp 5
smp 6
sap 3
sfp 7
sgd 0
soqt 6
sv1 3
ssht 0
syht 2
s53j 5
sg8j 1
soiq 0
ss0j 6
sypt 7
cw8t 7
s30q 3
s10q 2
s2xj 9
s8jt 8
scux 0
ssbj 8
sybj 9
cdbj 0
sclj 5
sy4 1
st5q 6
s0rt 9
sujt 7
satq 1
saej 8
s0xt 1
sx2t 9
sa7t 5
si7t 8
shs 7
sid 4
sed 5
s7d 3
srd 1
skd 4
sbd 0
sud 4
svd 9
ss1 8
sy1 7
sd1 3
sdvt 0
snzx 2
s9zx 5
sgzx 1
szzx 7
sszx 9
syzx 4
sdzx 4
s3zx 0
s1zx 8
swsx 0
s1lj 7
stut 3
snaj 5
s9aj 2
sgaj 9
szaj 1
ssaj 1
syaj 3
sdaj 4
si6x 3
simq 7
sn5q 1
s85j 8
swdj 7
stdj 5
sxdj 2
sjdj 4
sqdj 5
codj 8
scoj 0
skpj 1
smfj 2
sp6q 9
svf 3
sg5q 4
sz5q 7
ss5q 0
sy5q 1
s35q 9
s15q 3
swpq 5
sbnt 2
s1kt 2
s5nx 8
s8pq 6
sthx 8
su3 2
sh2x 2
szpq 8
swx 2
sge 6
s8e 2
sve 2
sek 6
s31 2
soat 6
srmt 2
svot 0
scit 0
smit 6
sait 5
sfit 2
siit 0
seit 3
s2t 2
skq 6
snx 5
sgx 7
sdx 0
s3x 7
sbt 3
svt 9
s0t 6
sdo 1
s1o 2
s8j 9
s66 5
sbj 9
suq 7
szq 3
s22 8
sh2 1
sm2 6
sf2 9
si2 0
se2 1
sij 5
srj 7
s86 3
so2 4
spa 1
sqq 9
s5q 0
spq 2
sqf 1
sof 8
slf 5
s6f 3
sro 1
sko 3
suo 6
s0o 1
s5o 0
spo 7
sz6 3
s9x 8
sb2 4
spf 9
s0c 5
snf 2
s1f 1
swi 3
sti 0
sji 7
sqi 6
soi 2
sli 4
s6i 8
s2i 0
sae 1
si7 4
slc 5
stm 4
sze 7
snk 9
s9k 1
sgk 6
szk 9
ssk 6
syk 3
sdk 2
su9 8
syr 1
shat 9
scat 8
smat 5
skjt 4
svut 2
s0ut 0
s5ut 6
sput 7
sekt 1
sk0x 8
sfwj 5
siwj 9
sewj 6
s7wj 3
srwj 0
skwj 2
sbwj 6
svwj 8
slsx 1
srbx 0
svkt 7
szs 1
sx8q 2
sj8q 9
sq8q 5
sl8q 6
sh3t 4
sw0 7
sih 3
s7c 8
szvx 0
spmj 3
s9q 8
s8wx 1
s4g 4
s4rx 7
s4ij 0
sv4q 4
s54q 9
su5 0
s3fx 1
s0jt 3
sapx 8
sauq 7
sp1j 0
shnq 4
samt 1
sjl 0
sll 3
s6l 0
shl 3
scl 8
sml 8
sal 7
s7kt 3
sbst 1
s2mt 0
s4r 8
skat 8
spct 0
srct 7
szrt 3
ssrt 6
syrt 1
sdrt 6
s3rt 1
s1rt 1
s65 8
sv0 0
svc 3
sx4 7
sxtt 8
syut 3
sdut 5
s3ut 6
s1ut 1
swvt 0
stvt 7
sxvt 1
sjvt 0
s94 2
smut 5
snh 1
c9h 1
sug 3
s1tx 2
s15t 8
s5cj 0
s8jx 7
sf4q 4
sg8 7
shf 6
suwj 9
s9nq 3
sybq 6
sh3x 5
sa2 2
sp2 0
s42 8
sn2 5
sz2 5
ss2 2
s59 7
sa4t 9
sb3 0
sczt 1
sgvt 2
skgt 1
sku 2
smz 5
sa3t 8
sf3t 2
si3t 0
se3t 7
s73t 9
sr3t 2
sk3t 5
s35x 8
s15x 1
swpx 2
stpx 1
sxpx 0
sjpx 9
sqpx 7
sopx 5
clpx 5
s7a 8
sra 0
ska 1
sba 2
sva 7
s0a 8
s5j 7
sbo 4
sfj 9
syo 2
skl 8
sbl 1
svl 7
spt 2
snt 0
szt 8
sst 4
syt 9
s3o 7
sa6 5
sbm 8
svm 9
s0m 2
s5m 0
s3xt 1
sqg 2
ssxt 0
sx7 5
s76t 0
s0nt 9
s43j 4
s67j 1
sdkj 3
so9j 5
sodx 7
ssxx 0
szcx 8
svqq 1
s0qq 4
s5qq 2
spqq 0
s8qq 1
s4qq 9
snqq 3
s9qq 8
sgqq 9
s93t 5
s9bj 7
sn3t 0
sqs 4
sum 8
suvj 1
svtq 6
s9oq 0
sgoq 4
szoq 7
s5gt 9
sblj 1
smgt 2
stvx 3
sz8q 2
s29q 4
s9lx 7
stlt 5
sif 6
s5jt 8
s6dt 3
s6nx 0
s7vt 8
sqxx 1
sttt 3
shbj 9
smbj 0
sabj 7
sfbj 6
sibj 0
sebj 1
s7bj 5
srbj 9
sgt 7
sjx 3
s6x 0
smx 6
scx 8
slx 6
s6q 7
shq 8
scq 1
svo 8
s4l 7
snl 9
s9l 5
s2r 3
srb 5
skb 0
sbb 6
sub 5
svb 9
s5b 8
spb 1
s8b 7
sb3j 2
sfvt 1
sykj 6
se9q 3
s79q 8
sr9q 0
sk9q 9
sb9q 2
su9q 5
sv9q 7
s09q 1
s44 3
scbj 6
ckbj 6
spj 4
sqx 6
sto 3
sxo 0
sjo 4
sqo 6
slo 7
s6o 6
shx 3
sgh 0
szh 6
ssh 0
syh 7
s3h 4
s82 3
ssq 3
sta 0
stl 3
sna 4
s9a 1
sga 7
s1t 0
s4f 6
s92 3
sh6 8
sgb 0
s5v 2
spv 7
s4v 9
snv 4
s9v 6
s4b 0
sc5 1
shr 6
so0 7
sdp 6
s0i 3
sp7x 1
sr9x 4
s19q 0
swgq 2
stgq 8
sxgq 3
sjgq 1
sqgq 9
sogq 2
slgq 6
si0 4
s8v 7
sf7t 4
sljq 7
sbtq 4
sfq 6
seq 4
s7q 7
s3t 5
saf 6
sam 5
sk7 6
slm 4
sni 6
sq7 5
cbmt 5
c37j 5
s07 0
s57 7
sp7 6
s87 4
s47 6
sn7 0
s2o 7
c4pj 7
s9i 0
sde 4
srl 6
siv 5
sm6 0
snbq 5
s00t 0
s78j 6
shzq 4
smi 0
sai 7
sfi 0
sii 6
sei 1
s7i 0
sri 8
ski 6
sui 1
s26 7
s56 0
sk2 7
sg7 3
sz7 1
s1e 8
s46 0
sg2 8
sp6 7
stf 4
s5u 6
spu 8
s8u 1
s4u 9
snu 0
s9u 6
sgu 3
szu 0
csu 4
s2qt 9
s30 7
sjm 2
sln 0
sxg 1
syc 6
s62 7
scc 6
sn1 8
sw2t 9
s52t 3
s6c 8
s9d 1
selt 6
spwt 9
srht 8
srwt 4
saq 6
sut 3
syx 8
s3l 2
s1l 0
sw6 1
st6 6
sx6 3
sco 2
smo 7
sfo 4
sio 8
sy6 9
sd6 3
s36 1
s16 0
s2x 4
sel 7
sql 6
s7h 8
srh 1
skh 9
sbh 3
suh 2
svh 4
s0h 5
cgv 5
s5h 0
sph 8
s8h 0
s1h 6
s3c 1
s5l 4
s8i 7
skc 2
suj 9
ste 3
sxe 6
sje 0
sqe 7
sle 8
s6e 7
s1q 3
s2l 8
s4x 5
s7o 1
si6 0
se6 9
sr6 2
sk6 4
sb6 1
su6 6
s76 8
s7l 6
siq 0
sol 3
ssx 0
sdh 5
sej 0
sie 7
sua 9
c5a 9
sep 1
sdb 2
s8p 4
s4p 1
s1c 5
s4t 3
sg4 8
slg 6
szlt 0
syft 0
sdft 8
s3ft 1
s1ft 2
swit 7
stit 0
sxit 4
sjit 8
sqit 9
soit 5
s0mt 8
s2k 3
sbi 6
cvi 6
cs7 6
sc2 3
sz4t 7
sbqx 1
cuqx 1
sqxq 0
sr3x 3
srpj 5
stjj 9
suqq 2
sfzq 4
sizq 5
sezq 8
s7zq 3
srzq 7
skzq 5
sbzq 0
suzq 9
svzq 2
s9lj 1
s2c 6
s2f 1
ccf 1
sxi 4
s0r 6
s5r 0
spr 4
s5y 4
sapt 1
sb0 3
st0 6
svj 0
scyt 3
smyt 3
s3yx 1
sb3x 4
shft 6
suex 3
svvj 3
sw9 4
so0j 0
sl0j 3
s60j 6
s20j 0
sh0j 4
sc0j 1
sm0j 3
sa0j 4
s9qx 3
sgqx 0
szqx 1
csqx 1
s3kt 0
sbkx 6
sjq 4
stzx 8
swd 3
sgzq 3
szzq 0
sszq 6
syzq 4
sdzq 8
s3zq 1
swsq 9
stsq 5
sxsq 2
ss8t 7
svpq 6
s4ix 7
sbbq 4
sul 7
sqz 5
s25x 2
s1zq 5
sil 7
sj1j 8
s23x 1
s8lx 7
s8ut 2
s31j 0
skz 8
seyq 2
sd 1
s1 0
s8t 7
sxx 9
six 8
sex 1
s7x 7
srx 0
skx 6
sbx 1
sxj 9
sjj 3
sqj 7
soj 0
slj 7
s2j 0
shj 7
scj 0
smj 2
s7j 1
s10x 8
s8x 9
s9t 3
sfx 6
c3q 3
sv 4
sk 9
sb 6
s6 1
s5 7
s4 4
sn 8
sa 0
sg 4
c8r 4
cayt 4
sp 9
sxt 0
sjt 1
sqt 2
sot 2
s0x 3
s5x 8
s8o 5
sdl 1
sox 6
svq 7
szx 3
c1x 3
cse 3
c7k 3
swh 0
s2 2
sh 4
sj 9
sl 6
sm 5
so 8
sq 1
si 5
s7 4
s3 9
s8 7
ct2t 7
sc 0
swt 6
smt 8
ckj 8
sat 2
sft 0
s7t 1
sao 6
cso 6
sgl 8
soo 9
syq 4
sz 0
cfl 0
sjr 2
c7it 2
scqt 5
cmqt 5
cbct 5
shtt 1
sj6 3
cq6 3
s2m 8
set 7
swo 4
s3vx 7
sht 9
c4o 9
s5ex 8
sg6 7
cs6 7
c9f 7
sd5q 1
s60q 0
sq5t 4
se6q 2
s4k 2
se 6
skt 9
sy 8
ssj 8
c8q 8
syj 3
c0l 3
cv6 3
cd2 3
s3j 4
crq 4
c97 4
s1j 9
st 5
cx 5
ceo 5
cw2 5
c0 2
cf 3
cr 4
cf6 4
cu 3
c9 3
cy2 3
cb3t 3
clt 0
cax 0
chi 0
s2q 6
cmq 1
s6j 8
cho 2
cwc 2
cza 2
cci 2
sbq 8
c0q 8
sit 9
c5t 4
swl 7
s0n 6
soe 7
s4j 9
c4h 5
c2e 5
c7p 5
cnp 5
clit 5
c0zq 5
cf0j 9
ss 8
cdt 4
cpm 4
cr6t 2
czqq 2
csoq 2
ch9q 2
ctt 6
cux 6
caj 6
cxl 6
cc6 6
c72 6
c8a 6
c3k 6
caat 6
c4ut 6
c0wj 6
co8q 6
cqvq 0
cjsq 0
