10107
stlt 0
cf9q 0
stwq 1
sybq 2
sznq 3
ssnq 4
synq 5
sdnq 6
s3nq 7
s1nq 8
sw9q 9
ct9q 2
s1kt 1
s34j 1
scpq 0
smpq 8
sapq 3
sfpq 1
sipq 6
sepq 5
s7pq 4
srpq 9
ckpq 5
suft 8
c1bq 8
s5jt 3
s6dt 7
s6nx 3
s7vt 7
sqxx 3
sttt 6
shbj 3
scbj 7
smbj 6
sabj 0
sfbj 3
sibj 7
sebj 6
s7bj 0
srbj 7
ckbj 6
sv 3
se 3
so 0
sb 7
s6 3
sc 9
si 0
sj 9
sl 6
s5 3
s8 1
s4 7
sn 7
s2 4
s3 9
s7 6
sg 0
sh 7
sm 1
sp 3
sxt 1
sjt 9
sqt 8
sot 0
st 8
cx 8
s4t 4
s8t 6
sat 7
sft 9
sgt 2
sxx 1
sjx 3
sqx 9
sox 0
s6x 6
s2x 2
shx 7
smx 5
s1 5
scx 4
sej 0
sk 2
slx 1
smj 9
sq 4
cr 8
s6q 7
s2q 3
shq 6
scq 2
s1j 6
s6j 5
s9t 7
sco 5
sqo 0
sul 0
svo 1
swt 4
szj 3
s4l 6
snl 9
s9l 4
sgl 8
czl 3
s12 7
s2r 4
sa 2
c0 2
cf 0
cu 0
c9 0
clt 0
cax 0
cmq 0
set 7
srb 7
skb 5
sbb 1
sub 8
svb 9
s0b 7
s5b 6
spb 2
s8b 4
s4b 1
cnb 0
sb3j 3
sfvt 9
sykj 5
se9q 6
s79q 8
sr9q 2
sk9q 7
sb9q 3
su9q 1
sv9q 9
s09q 4
c59q 1
s9i 6
su5 5
syqx 5
sdqx 6
s3qx 6
s1qx 5
swox 2
stox 9
cxox 9
s3t 5
sb8 6
sszt 5
stz 6
sv8t 5
sx6 6
siax 2
seax 2
s7ax 6
srax 2
skax 5
sbax 4
suax 9
svax 2
c0ax 4
s0xj 8
s3yj 0
sm6q 3
sn1t 9
snot 2
sq1x 6
sqbj 5
suh 7
sp4q 6
s84q 2
s44q 4
sn4q 7
c94q 7
s85j 3
swdj 0
stdj 8
sxdj 9
sjdj 5
sqdj 8
codj 8
s4vj 9
soz 0
srdj 5
sbbq 3
cubq 3
scoj 5
skpj 9
smfj 0
smgt 5
sp6q 9
svf 5
svq 8
sg5q 9
sz5q 5
ss5q 0
sy5q 2
sd5q 8
s35q 4
s15q 6
swpq 0
ctpq 3
s4k 7
ca9q 7
s1bj 5
s1ux 5
s1wq 1
si6 6
spnj 1
sxkq 5
svbq 5
c0bq 5
sw0 6
s98q 4
cg8q 4
sbtq 1
scy 2
sdcx 1
sgu 2
sbgq 9
cugq 9
s4g 1
sdg 2
sf7j 6
sfrj 7
sout 1
sq4q 7
co4q 7
sf7t 2
sqt 1
swjq 8
stjq 2
sxjq 1
sjjq 0
sqjq 6
sojq 2
sljq 8
s6jq 6
c2jq 1
s0tj 6
s6jx 8
sfgq 0
sigq 2
segq 6
s7gq 8
srgq 7
ckgq 6
s6q 1
saej 1
sb5q 1
su5q 0
sv5q 1
s05q 5
s55q 3
sp5q 2
s85q 4
c45q 5
s23x 4
sfij 7
ss4x 7
cdsq 7
s8x 4
s9t 8
sfx 4
c3q 8
sh9 9
sc9 4
sm9 9
sf9 3
si9 2
se9 8
sdx 4
s4q 1
snq 8
sgq 3
szq 9
ssq 2
sv 8
c0 8
c9 8
clt 8
sk 1
cu 1
c9 1
clt 1
sb 2
cu 2
c9 2
clt 2
s6 9
c0 9
cf 0
cu 0
c9 0
clt 0
s5 3
c9 3
clt 3
s4 4
c9 4
clt 4
sn 9
c9 6
clt 6
sa 9
c0 9
c9 9
cf 8
cu 8
c9 8
clt 8
sg 1
clt 0
sp 1
c9 1
clt 1
sxt 2
clt 2
sjt 9
clt 3
sqt 5
clt 4
sot 5
clt 5
s0x 9
s5x 6
cpx 5
s8o 9
sdl 7
sox 6
ssl 9
svq 8
szx 0
s12 1
swh 6
sth 2
sxh 3
sjh 4
s2 1
cf 1
cu 1
c9 1
clt 1
cpx 1
cr 0
cu 0
c9 0
clt 0
cpx 0
sh 7
cf 7
cu 7
c9 7
clt 7
cpx 7
cr 2
cu 2
c9 2
clt 2
cpx 2
sj 9
cf 9
cu 9
c9 9
clt 9
cpx 9
cr 3
cu 3
c9 3
clt 3
cpx 3
sl 6
cf 6
cu 6
c9 6
clt 6
cpx 6
cr 4
cu 4
c9 4
clt 4
cpx 4
sm 8
c0 8
cf 5
cu 5
c9 5
clt 5
cpx 5
cr 8
cu 8
c9 8
clt 8
cpx 8
so 1
c0 1
c9 1
clt 1
cpx 1
cf 0
cu 0
c9 0
clt 0
cpx 0
cr 2
cu 2
c9 2
clt 2
cpx 2
sq 7
c0 7
c9 3
clt 3
cpx 3
cf 5
cu 5
c9 5
clt 5
cpx 5
cr 6
cu 4
c9 4
clt 4
cpx 4
st 9
cf 9
cu 9
c9 9
clt 9
cpx 9
cx 6
c0 6
c9 6
clt 6
cpx 6
cf 7
cu 7
c9 7
clt 7
cpx 7
cr 8
cu 1
c9 1
clt 1
cpx 1
si 8
c0 8
c9 0
clt 0
cpx 0
cr 8
cu 8
c9 8
clt 8
cpx 8
se 5
c0 5
c9 5
clt 5
cpx 5
cr 2
cu 2
c9 2
clt 2
cpx 2
s7 9
c0 3
c9 3
clt 3
cpx 3
cr 4
cu 4
c9 4
clt 4
cpx 4
s3 6
clt 0
cpx 0
s6t 9
s8 6
c9 6
clt 6
cpx 6
sc 9
cf 9
cu 9
c9 9
clt 9
cpx 9
cr 7
cu 1
c9 1
clt 1
cpx 1
swt 7
smt 7
sft 7
sit 7
set 8
s7t 8
crt 7
sao 8
cso 8
s2h 5
s32 3
sgl 5
soo 2
syq 4
cqh 1
sz 6
sy7 0
sd7 7
s37 5
s17 4
swr 2
str 3
sxr 8
sjr 7
sqr 4
cor 1
sat 5
crt 5
cor 5
spi 6
sib 3
seb 0
c7b 5
s19 4
s9q 0
cdq 0
siv 2
soc 9
sp7 2
srj 3
sug 6
szm 8
sqd 7
sod 9
sld 4
s6d 2
s2d 6
shd 8
scd 4
smd 7
sad 3
s3x 2
s43 7
sa9 6
c79 6
sko 9
snu 8
swg 0
ctg 5
cfd 5
sy6 1
shlt 8
sclt 7
smlt 9
calt 5
s7pt 2
sckq 3
sjgx 8
sncj 7
spa 1
spmj 4
sqhj 6
sivq 3
sevq 1
c7vq 1
sn3 0
s5uq 9
spuq 2
s8uq 8
s4uq 7
snuq 6
s9uq 2
cguq 2
s8lx 0
sgbt 4
sjdt 5
sky 0
s92x 4
sg2x 5
cz2x 5
s8ut 0
sht 4
si7x 9
s3sq 0
s1sq 4
swyq 7
styq 3
sxyq 9
sjyq 8
sqyq 5
soyq 0
slyq 0
s6yq 0
c2yq 0
s4ij 6
sehx 4
sa4q 4
sf4q 6
si4q 5
se4q 4
s74q 4
sr4q 9
sk4q 8
sb4q 1
cu4q 5
s5j 9
sbo 8
sfj 9
skx 8
sst 3
suj 2
syj 9
syo 4
sil 1
sel 4
s7l 7
srl 1
skl 8
sbl 3
sul 2
svl 9
c0l 7
s2mt 8
s5u 6
s7px 1
shdj 4
su3j 1
szbx 9
sibq 6
sebq 8
s7bq 2
srbq 4
ckbq 6
s0jt 3
s49j 9
sapx 1
sauq 7
sp1j 3
sq5 9
su8 9
svox 3
szxt 1
stnq 9
sxnq 3
sjnq 8
sqnq 7
sonq 2
slnq 1
s6nq 9
c2nq 2
s04t 0
sqz 0
symt 0
sl5x 9
s65x 0
s25x 9
sh5x 5
sc5x 0
sm5x 9
ca5x 9
s1lq 5
s1zq 0
saix 5
sgs 4
sil 5
sx6j 5
sygx 9
sbsq 4
susq 8
cvsq 2
s0rt 5
s4oq 9
sht 9
sldt 3
snn 5
spax 7
spc 9
swot 1
syc 5
sj5q 5
sq5q 7
co5q 7
sgbq 9
szbq 3
csbq 9
s4ix 3
s4lt 8
s6hj 1
s6wj 4
sagt 4
sbbq 4
sf5j 3
si5t 0
skjq 8
sul 1
s7sq 0
srsq 8
cksq 8
s00t 3
s8oq 1
sbcj 3
smxt 3
s8gq 1
s4gq 6
sngq 3
s9gq 4
sggq 4
szgq 5
ssgq 1
sygq 4
cdgq 4
s8pq 7
c4pq 7
sni 0
s9i 6
szi 0
ssi 1
syi 6
sdi 1
s3i 3
s1i 6
s02 2
sdl 0
sgi 3
cwe 3
sk8 1
sqf 6
szb 5
s4s 2
sns 6
s9s 6
sgs 1
szs 9
sss 0
sys 5
sds 6
s3s 6
c1s 6
se2 2
siy 0
sxy 3
s53 2
sp3 5
s83 0
c93 3
s43 1
c93 0
sn3 5
c93 1
sv 9
c0 9
c9 9
st 2
cf 2
cu 2
c9 2
cx 5
c0 5
c9 5
cf 0
cu 0
c9 0
cr 1
cu 1
c9 1
se 8
c93 8
c0 3
c9 2
cr 6
cu 3
c9 3
s7 9
c0 7
c9 4
cr 8
cu 5
c9 5
s2 9
cf 9
cr 6
cu 9
c9 9
sa 8
c0 8
c9 6
cf 7
cu 7
c9 7
sh 8
cf 8
cr 8
cu 8
c9 8
so 0
c0 0
c9 0
cf 1
cr 2
cu 1
c9 1
sq 9
c0 9
c9 0
cf 2
cr 3
cu 2
c9 2
sk 6
cu 3
c9 3
sb 5
cu 4
c9 4
s6 7
c0 7
cf 5
cu 5
c9 5
sc 6
cf 6
cu 6
cr 8
cu 7
c9 7
si 9
c0 9
cr 8
cu 8
c9 8
sj 6
cf 6
cu 6
cr 0
cu 0
c9 0
sl 9
cf 1
cr 2
cu 1
c9 1
sm 5
c0 5
cf 2
cr 3
cu 2
c9 2
s5 9
c9 3
sp 4
c9 4
s8 7
c9 5
s4 8
c9 6
sn 9
c9 7
s1e 8
s3 8
s76 9
sb0 8
sdf 8
sdk 8
sre 9
sth 9
s6p 8
s2p 1
shp 0
scp 2
smp 3
sap 4
sfp 5
cip 5
s7x 6
sgd 7
soqt 7
sv1 8
ssht 9
syht 1
cdht 5
s53j 6
sg8j 4
soat 3
soiq 9
sq1x 2
ss0j 7
sypt 1
s30q 0
s10q 8
cw5q 8
shzq 1
sczq 3
smzq 2
cazq 3
sv4q 9
c04q 9
sh2x 6
somq 4
cgpq 4
sv 7
c0 7
c9 7
clt 7
se 6
c0 6
c9 6
clt 6
cr 1
cu 1
c9 0
clt 0
so 5
c0 5
c9 5
clt 5
cf 1
cr 2
cu 1
c9 1
clt 1
sq 7
c0 7
c9 7
clt 7
cf 2
cr 6
cu 2
c9 2
clt 2
sk 8
cu 0
c9 0
clt 0
s6 5
c0 5
cf 3
cu 3
c9 3
clt 3
sc 6
cf 6
cu 6
cr 8
cu 1
c9 1
clt 1
si 8
c0 8
cr 5
cu 5
c9 5
clt 5
sj 7
cf 7
cu 7
cr 2
cu 0
c9 0
clt 0
s8 8
c9 1
clt 1
s4 6
c9 2
clt 2
sn 6
c9 3
clt 3
s2 8
cf 8
cr 4
cu 8
c9 8
clt 8
s3 6
clt 4
sa 9
c0 9
c9 5
cf 6
cu 6
c9 6
clt 6
sg 9
clt 0
sh 7
cf 7
cr 9
cu 7
c9 7
clt 7
sm 9
c0 9
cf 9
cr 5
cu 9
c9 9
clt 9
sp 5
c9 0
clt 0
sxt 1
clt 1
sjt 2
clt 2
sqt 3
clt 3
sot 8
clt 4
s4t 6
s5 5
c9 5
clt 5
s6j 8
sb 8
cu 8
c9 8
clt 8
spj 6
sqx 7
st 7
cf 7
cu 7
c9 7
clt 7
cx 0
c0 0
c9 0
clt 0
cf 1
cu 1
c9 1
clt 1
cr 2
cu 2
c9 2
clt 2
svq 6
swo 9
sto 3
sxo 4
sjo 5
sqo 6
soo 6
slo 4
s6o 9
s2o 3
s1q 5
cho 2
s2l 6
s4x 8
s7o 9
syj 4
se6 9
s76 6
sr6 5
sk6 3
sb6 8
su6 4
cv6 8
shx 4
syq 9
sgh 6
szh 5
ssh 3
syh 9
sdh 6
s3h 4
s1h 3
cwc 2
s3j 6
s7 7
c0 7
c9 7
cr 0
cu 0
c9 0
clt 0
cho 0
cwc 0
s82 8
sl 3
cf 3
cr 4
cu 3
c9 3
clt 3
cho 3
cwc 3
ssq 5
sta 8
stl 9
swh 5
sna 8
s9a 6
sga 9
s1c 4
s1t 5
s4f 9
s8h 8
s92 6
sh6 5
ssj 4
s0h 1
cza 3
cci 3
sgb 9
s5v 8
spv 1
s8v 9
s4v 6
snv 4
s9v 7
cgv 6
s4b 5
sc5 7
sej 1
shr 9
si6 8
cv6 8
cwc 0
cza 0
cci 0
so0 9
ssl 4
sdp 7
c3p 0
s2xj 5
s8jt 1
scux 1
ssbj 5
sybj 8
cdbj 1
s5l 7
sclj 4
sy4 9
st5q 8
cx5q 8
smsx 5
snst 2
sqz 6
sbvq 7
suvq 4
svvq 5
c0vq 4
sok 9
ssuq 9
syuq 6
sduq 2
s3uq 1
s1uq 1
swvq 7
stvq 2
cxvq 1
s3o 3
sm6 0
sa6 5
s82 0
sfe 3
sku 0
svu 0
sx5 5
s1n 0
sw9 5
st9 3
sx9 6
sj9 0
sq9 5
so9 3
sl9 6
s69 5
c29 0
sv 8
c0 8
c9 8
st 3
cf 3
cu 3
c9 3
cx 0
c0 0
c9 0
cf 2
cu 2
c9 2
cr 5
cu 0
c9 0
se 6
c0 6
c9 3
cr 7
cu 5
c9 5
s7 9
c0 8
c9 6
cr 9
cu 7
c9 7
sa 9
c0 9
c9 8
cf 9
cu 9
c9 9
sh 4
cf 4
cr 0
cu 4
c9 4
so 2
c0 2
c9 0
cf 3
cr 5
cu 3
c9 3
sq 7
c0 7
c9 1
cf 2
cr 5
cu 2
c9 2
sk 6
c29 6
cu 5
c9 5
sb 8
cu 6
c9 6
s6 9
c0 9
cf 8
cu 8
c9 8
sc 7
cf 7
cu 7
cr 9
cu 0
c9 0
si 9
c0 9
cr 1
cu 1
c9 1
sl 4
cf 4
cr 3
cu 4
c9 4
sm 7
c0 7
cf 2
cr 3
cu 2
c9 2
s5 9
c9 0
sp 3
c9 1
s8 8
c9 3
s4 5
c9 5
sn 6
c9 6
s2 7
cf 7
cr 8
cu 7
c9 7
sj 9
cf 9
cu 9
cr 8
cu 0
c9 0
sg 8
ss 4
sy 8
sd 8
ctt 0
s8t 2
sox 4
swt 1
ctt 1
sxx 3
sfx 5
six 6
sex 5
s7x 2
srx 4
skx 5
sbx 9
cux 1
s9t 3
sxj 8
sjj 4
cf6 4
sqj 2
soj 2
slj 6
s6j 2
s2j 6
shj 2
scj 9
caj 1
smj 6
caj 0
s3 8
ctt 2
cux 2
caj 2
s7j 5
caa 2
ssl 7
caa 1
sz 3
ctt 3
cux 3
caj 3
caa 3
sb0 5
shx 4
sig 8
sur 9
sxh 7
sez 5
s7z 8
srz 6
skz 7
sbz 8
suz 4
cvz 3
s1i 6
s49 9
sc4 9
sfq 5
sin 7
snf 4
syg 6
sikt 9
sekt 4
s7kt 5
srkt 8
skkt 0
cbkt 3
s4pt 9
snpt 7
s9pt 6
sgpt 9
szpt 4
sspt 2
sypt 1
sdpt 7
s3pt 1
s1pt 2
cw8t 7
s1 8
ctt 8
cux 8
caj 8
caa 8
cvz 8
cbkt 8
s3nt 6
s4mt 4
s56t 9
s8d 5
s9i 1
sog 4
sqx 6
sret 0
sapx 1
sfpx 5
sipx 2
sepx 6
s7px 4
srpx 0
skpx 4
sbpx 9
cupx 7
s1gx 3
s21j 3
s3kt 9
s9gt 0
sad 1
smk 0
sqzt 5
svm 6
sttq 2
sxtq 4
sjtq 2
sqtq 3
sotq 6
sltq 1
s6tq 5
s2tq 9
chtq 8
s4z 0
saux 3
si2j 2
se2j 3
s72j 0
sr2j 1
ck2j 3
s9dx 4
sljq 9
smo 5
ssnx 2
sxkt 7
sh0q 6
sc0q 9
sm0q 1
sa0q 5
cf0q 9
s4r 2
sdtt 4
sk1x 2
slbt 7
snwj 0
sp3t 2
sxrx 5
syvq 2
cdvq 2
s54q 7
scx 4
semt 8
ssnt 0
siuq 3
seuq 4
s7uq 0
sruq 8
skuq 5
sbuq 8
suuq 3
svuq 1
c0uq 3
s3j 5
scj 5
so 2
sxt 5
saq 2
sfq 6
siq 7
seq 2
s7q 7
crq 7
s3t 1
saf 6
sam 1
sc 6
sk7 5
slm 2
sn 6
sni 8
sq7 5
s07 1
s57 4
sp7 5
s87 6
s47 8
sn7 2
c97 5
s1j 0
s2o 2
s5 7
s7m 8
s9i 1
sde 4
srl 9
scv 8
smv 0
sav 6
sfv 1
siv 6
sev 6
s7v 9
crv 9
sm6 0
ss0 2
sy0 6
cd0 9
snbq 7
sqhj 5
svgq 2
s0gq 0
s5gq 4
cpgq 7
s9lj 8
sglj 6
szlj 1
sslj 4
sylj 8
sdlj 8
c3lj 4
s3qt 6
s7 6
s7t 5
sw7x 1
swtx 8
si1j 1
se1j 8
s71j 5
sr1j 8
sk1j 1
cb1j 5
s5zq 6
spzq 1
s8zq 0
s4zq 9
snzq 8
c9zq 1
sj1j 4
s0sq 6
s5sq 3
spsq 6
s8sq 5
s4sq 8
snsq 4
s9sq 0
sgsq 2
szsq 9
sssq 6
cysq 9
s5j 4
c0l 4
ckbq 4
sbo 6
c0l 6
ckbq 6
sfj 5
c0l 5
ckbq 5
skx 8
c0l 1
ckbq 1
sst 8
c0l 8
ckbq 8
suj 3
c0l 3
ckbq 3
syj 0
c0l 0
ckbq 0
syo 7
c0l 7
ckbq 7
sil 2
c0l 2
ckbq 2
sel 4
c0l 4
ckbq 4
s7l 6
c0l 6
ckbq 6
srl 9
c0l 1
ckbq 1
skl 9
c0l 5
ckbq 5
sbl 9
c0l 9
ckbq 9
sul 8
c0l 8
ckbq 8
svl 3
c0l 3
ckbq 3
s2mt 0
ckbq 0
s5u 7
ckbq 7
s7px 2
ckbq 2
shdj 4
ckbq 4
su3j 6
ckbq 6
szbx 1
ckbq 1
sibq 5
ckbq 5
sebq 9
ckbq 0
s7bq 8
ckbq 1
srbq 3
ckbq 3
s1g 9
s5vq 9
spvq 7
s8vq 8
s4vq 9
snvq 2
s9vq 4
sgvq 6
szvq 8
csvq 8
svpq 7
sfsq 4
sisq 4
cesq 4
s3vx 9
s5zt 9
sht 9
siqx 2
sk2q 2
su4t 7
s4yq 9
snyq 6
c9yq 6
sd5q 7
sj4t 2
spaj 2
styt 2
stdq 2
sxdq 5
cjdq 7
su4j 0
szpq 1
sspq 3
sypq 9
sdpq 0
s3pq 3
s1pq 2
sw8q 2
ct8q 3
smi 2
sai 2
sfi 5
sii 2
sei 1
s7i 5
sri 1
ski 5
sui 6
s26 2
s56 4
sk2 0
sg7 2
sz7 6
s1e 4
s46 1
sg2 0
sp6 4
stf 8
s5u 5
spu 0
s8u 6
s4u 9
snu 2
s9u 5
sgu 2
szu 1
csu 8
s2f 4
s2qt 4
s30 1
sjm 6
sln 5
sxg 9
syc 0
scqt 1
s62 0
scc 2
sn1 4
sw2t 4
ct2t 0
s52t 9
s6c 8
s9d 2
selt 4
spwt 9
srht 6
srwt 4
s1 5
saq 8
sut 1
syx 6
sdl 8
s3l 2
s1l 1
sw6 0
st6 4
sx6 6
sj6 2
cq6 2
s5x 5
st 9
cx 9
sco 1
smo 0
sfo 6
sio 4
ceo 9
sao 8
ceo 0
cso 8
sy6 6
sd6 4
s36 5
s16 6
cw2 0
s1j 2
s2x 1
s4j 5
s8o 4
sel 1
sil 2
sql 5
s7h 6
srh 2
skh 8
sbh 4
suh 6
svh 9
s0h 5
s5h 1
sph 1
c4h 0
s8h 2
c4h 1
s1h 5
s2m 8
s3c 9
s5l 6
s8i 4
skc 8
suj 5
cq6 5
c4h 5
ste 2
sxe 4
sje 9
sqe 7
soe 6
sle 2
s6e 8
c2e 8
s1q 9
cq6 9
c4h 9
c2e 9
cv6 0
s2l 7
cv6 1
s4x 2
cv6 2
s7o 4
cv6 4
syj 7
cv6 7
si6 6
cv6 7
se6 5
cv6 0
sr6 8
cv6 8
sk6 6
cv6 8
sb6 1
cv6 1
su6 2
cv6 0
s76 4
cv6 2
s7l 5
c4h 5
c2e 5
s7x 9
s8 3
ct2t 3
si 9
siq 7
sol 6
soo 7
ssx 4
cd2 9
sb 4
sdh 8
sej 3
cw2 3
c4h 3
c2e 3
sie 7
sua 6
sep 1
c7p 3
s5 0
sdb 2
sy 5
s8p 8
s4p 1
cnp 3
s1c 5
s4t 4
sg4 6
slg 1
sox 9
szlt 2
syft 7
sdft 8
s3ft 2
s1ft 0
swit 7
stit 6
sxit 5
sjit 8
sqit 9
soit 4
clit 2
s0mt 8
s2k 3
sbi 1
cvi 1
cs7 1
cmqt 1
cbct 1
sc2 3
sz4t 6
sbqx 7
cuqx 0
sqxq 3
sr3x 4
srpj 9
stjj 5
suqq 7
sfzq 9
sizq 6
sezq 8
s7zq 4
srzq 6
skzq 3
sbzq 0
suzq 5
svzq 2
c0zq 6
s2k 7
sif 7
sp7 9
sre 0
sty 0
svy 1
s0y 9
s5y 4
spy 7
s8y 9
s4y 0
sny 9
s9y 1
sgy 7
czy 0
sinx 9
ci9q 0
scqt 4
sewt 9
suu 7
slot 7
s6ot 1
s2ot 7
shot 1
ccot 7
s3a 9
scjt 1
sfat 9
sg0t 1
sgut 4
shtt 1
sj6 8
sjrt 9
ss7t 4
sj8t 4
sq8t 1
so8t 7
sl8t 9
s68t 9
s28t 8
sh8t 4
sc8t 1
cm8t 1
s2m 8
set 7
swo 4
srr 8
skr 7
sbr 5
cvr 5
sur 9
cvr 5
s4iq 8
s4rt 7
sabx 4
sdkt 1
shdx 9
sxct 3
spyq 8
c8yq 8
s10x 3
s40t 2
sbex 5
scfx 9
sjkx 5
snvx 4
so4x 1
swtx 7
sczx 9
smzx 4
sazx 3
sfzx 7
cizx 3
s8x 1
c3q 1
cor 1
s9t 9
c3q 9
cor 9
sfx 7
cizx 1
c3q 0
cor 0
sv 2
c0 2
c9 2
clt 2
cpx 2
cqh 2
cor 2
sk 4
cu 4
c9 1
clt 1
cpx 1
cqh 1
cor 1
sb 7
cu 7
c9 7
clt 7
cpx 7
cqh 7
cor 7
s6 5
c0 5
cf 3
cu 3
c9 3
clt 3
cpx 3
cqh 3
cor 3
s5 9
c9 0
clt 0
cpx 0
cqh 0
cor 0
s4 4
c9 4
clt 4
cpx 4
cqh 4
cor 4
sn 5
c9 5
clt 5
cpx 5
cqh 5
cor 5
sa 9
c0 9
c9 9
cqh 1
cor 1
cf 9
cu 9
c9 9
cqh 9
cor 9
clt 0
cpx 0
cqh 0
cor 0
sg 2
clt 1
cpx 1
cqh 1
cor 1
sp 2
c9 2
cqh 2
cor 2
clt 3
cpx 3
cqh 3
cor 3
sxt 7
clt 4
cpx 4
cqh 4
cor 4
sjt 7
clt 5
cpx 5
cqh 5
cor 5
sqt 6
clt 6
cpx 6
cqh 6
cor 6
sot 7
clt 7
cpx 7
cqh 7
cor 7
s0x 9
cpx 9
cqh 9
cor 9
s5x 0
cpx 0
cqh 0
cor 0
s8o 1
cqh 1
cor 1
sdl 3
cqh 2
cor 2
sox 4
cqh 3
cor 3
ssl 5
cqh 4
cor 4
svq 6
cqh 5
cor 5
szx 7
cqh 6
cor 6
s12 8
cqh 7
cor 7
swh 8
cqh 8
cor 8
sth 9
cqh 9
cor 9
sxh 0
cqh 0
cor 0
sjh 1
cqh 1
cor 1
s2 2
cf 2
cu 2
c9 2
cqh 2
cor 2
clt 0
cpx 0
cqh 0
cor 0
cr 3
cu 1
c9 1
clt 1
cpx 1
cqh 1
cor 1
crt 3
cor 0
sh 4
cf 4
cu 4
c9 4
cqh 2
cor 2
clt 4
cpx 4
cqh 4
cor 4
cr 5
cu 3
c9 3
clt 3
cpx 3
cqh 3
cor 3
crt 5
cor 1
sj 6
cf 6
cu 6
c9 6
clt 6
cpx 6
cqh 6
cor 6
cr 7
cu 5
c9 5
clt 5
cpx 5
cqh 5
cor 5
crt 7
cor 2
sl 8
cizx 8
cf 8
cu 8
c9 8
clt 8
cpx 8
cqh 8
cor 8
cr 9
cu 7
c9 7
clt 7
cpx 7
cqh 7
cor 7
crt 9
cor 4
sm 9
c0 9
cf 9
cu 9
c9 9
cqh 6
cor 6
clt 9
cpx 9
cqh 9
cor 9
cr 8
cu 8
c9 8
clt 8
cpx 8
cqh 8
cor 8
crt 3
cor 0
so 5
c0 5
c9 5
clt 5
cpx 5
cqh 5
cor 5
cf 1
cu 1
c9 1
clt 1
cpx 1
cqh 1
cor 1
cr 2
cu 2
c9 2
clt 2
cpx 2
cqh 2
cor 2
crt 3
cor 0
sq 7
c0 4
c9 3
clt 3
cpx 3
cqh 3
cor 3
cf 6
cu 6
c9 6
clt 6
cpx 6
cqh 6
cor 6
cr 7
cu 4
c9 4
clt 4
cpx 4
cqh 4
cor 4
crt 7
cor 1
st 9
cf 9
cu 9
c9 9
clt 9
cpx 9
cqh 9
cor 9
cx 7
c0 7
c9 7
clt 7
cpx 7
cqh 7
cor 7
cf 8
cu 8
c9 8
clt 8
cpx 8
cqh 8
cor 8
cr 5
cu 5
c9 5
clt 5
cpx 5
cqh 5
cor 5
crt 6
cor 0
si 6
c0 6
c9 6
clt 6
cpx 6
cqh 6
cor 6
cr 1
cu 1
c9 1
clt 1
cpx 1
cqh 1
cor 1
crt 2
cor 0
se 4
c0 3
c9 3
clt 3
cpx 3
cqh 3
cor 3
cr 4
cu 4
c9 4
clt 4
cpx 4
cqh 4
cor 4
crt 7
cor 1
s7 9
c0 9
c9 9
cqh 2
cor 2
clt 9
cpx 9
cqh 9
cor 9
cr 8
cu 8
c9 8
clt 8
cpx 8
cqh 8
cor 8
crt 5
cor 0
s3 7
clt 5
cpx 5
cqh 5
cor 5
crt 7
cor 2
s6t 7
crt 7
cor 7
s8 6
c9 6
clt 6
cpx 6
cqh 6
cor 6
crt 3
cor 0
sc 9
cf 9
cu 9
c9 9
clt 9
cpx 9
cqh 9
cor 9
cr 4
cu 1
c9 1
clt 1
cpx 1
cqh 1
cor 1
crt 4
cor 0
swt 8
crt 2
cor 2
smt 5
crt 3
cor 3
sat 5
crt 5
cor 4
sft 8
crt 7
cor 5
sit 8
crt 8
cor 6
set 7
crt 7
cor 7
s7t 8
crt 8
cor 8
sao 9
cso 9
cor 9
s2h 1
cor 9
sgl 1
cor 0
soo 2
cor 1
syq 3
cqh 3
cor 2
sz 4
cor 3
sy7 5
cor 4
sd7 6
cor 5
s37 7
cor 6
s17 8
cor 7
swr 8
cor 8
str 9
cor 9
sxr 0
cor 0
sjr 1
cor 1
sqr 2
cor 1
s0b 3
s1m 4
s32 5
cqh 5
cor 0
sk0 6
smjt 7
spi 8
svp 2
swa 2
cuqt 0
szj 2
cuqt 0
s74q 7
seeq 8
svyq 6
s0yq 8
c5yq 8
shnq 9
scnq 3
cmnq 9
sbnt 4
sx5x 5
sxpq 4
sjpq 6
sqpq 2
sopq 5
slpq 1
s6pq 4
s2pq 0
chpq 6
samt 7
ses 3
swjt 7
sb1t 3
su1t 7
cv1t 7
s16j 3
s5qj 1
sk5x 7
slo 3
ssux 2
sqhj 1
sohj 7
slhj 3
s6hj 2
s2hj 7
shhj 1
schj 2
cmhj 2
s4hj 0
snhj 7
s9hj 4
sghj 9
szhj 3
sshj 0
cyhj 2
s19t 4
s1qj 1
slfq 3
smv 7
sanq 9
sfnq 5
cinq 9
s60q 5
sdxx 1
syex 3
sqdq 0
sodq 7
sldq 1
s6dq 4
s2dq 3
chdq 4
s2 0
cr 0
crt 0
sh 6
cr 6
crt 6
sj 2
cr 2
crt 2
sl 0
cr 0
crt 0
sm 6
cr 2
crt 2
so 6
cr 6
crt 6
sq 5
cr 3
crt 3
st 8
cx 8
cr 8
crt 8
si 5
cr 0
crt 0
se 2
cr 1
crt 1
s7 6
cr 2
crt 2
s3 5
crt 3
s6t 6
crt 5
s8 6
crt 6
sc 7
cr 7
crt 7
swt 8
crt 0
smt 8
crt 1
sat 8
crt 8
sft 2
crt 2
sit 9
crt 9
set 4
crt 0
s7t 7
crt 7
sbst 3
sz1t 5
ss1t 6
sy1t 4
sd1t 1
c31t 7
snjx 6
sr7 8
sw4t 6
cu0x 6
s4mx 4
s4tx 5
seat 2
s0nq 3
s5nq 1
spnq 2
s8nq 9
s4nq 4
cnnq 2
snjx 8
cu0x 8
sr7 9
cu0x 9
sw4t 0
cu0x 0
sl8q 5
s68q 7
s28q 6
sh8q 8
sc8q 9
sm8q 1
sa8q 0
sf8q 3
si8q 8
se8q 9
c78q 8
s78j 1
s7fx 4
sa3x 1
sf9x 4
shcx 5
siat 4
sunx 0
sv1x 3
sy2x 1
ssqq 4
syqq 7
sdqq 0
c3qq 7
sqhj 4
s3gq 5
s1gq 0
swzq 3
stzq 1
sxzq 6
sjzq 4
sqzq 9
sozq 7
slzq 0
s6zq 8
c2zq 9
seq 1
syx 5
sz 8
sjl 5
sql 1
sol 5
sll 4
s6l 4
s2l 0
shl 8
scl 5
sml 1
sal 5
cfl 5
s7kt 6
senq 0
s7nq 4
srnq 8
sknq 2
sbnq 1
sunq 7
cvnq 4
szft 8
csft 8
s17j 6
sqgt 1
s4kj 0
snkj 5
s9kj 6
sgkj 0
czkj 0
sdbt 3
sjet 8
sjqx 1
s3uj 6
s1uj 1
swvj 8
ctvj 0
s5qq 5
s5xx 3
s9it 8
sdb 3
siot 6
snjq 2
sqpj 8
swqj 1
swt 1
sovq 6
slvq 5
s6vq 3
s2vq 7
shvq 1
scvq 2
smvq 9
savq 8
cfvq 3
s3vq 0
s1vq 1
sw0q 4
st0q 4
sx0q 5
sj0q 6
sq0q 9
so0q 4
cl0q 4
ss8t 6
sqsq 2
sosq 8
slsq 0
s6sq 5
s2sq 7
shsq 6
scsq 3
smsq 1
casq 3
sox 5
sujt 5
cvjt 5
s00 0
shwx 1
swa 9
sl5q 1
c65q 1
s4k 9
s8rt 0
s98 5
salx 0
sd7q 2
sqrq 9
s5dq 2
spdq 0
s8dq 9
s4dq 5
sndq 9
s9dq 8
sgdq 7
szdq 6
ssdq 1
sydq 0
cddq 1
sv 6
c0 6
c9 6
clt 6
cax 6
cmq 6
cnb 6
se 2
c0 2
c9 2
clt 2
cax 2
cmq 2
cnb 2
cr 4
cu 4
c9 3
clt 3
cax 3
cmq 3
cnb 3
so 5
c0 5
c9 5
clt 5
cax 5
cmq 5
cnb 5
cf 4
cr 8
cu 4
c9 4
clt 4
cax 4
cmq 4
cnb 4
sb 8
cu 8
c9 8
clt 8
cax 8
cmq 8
cnb 8
s6 7
c0 7
cf 9
cu 9
c9 9
clt 9
cax 9
cmq 9
cnb 9
sc 7
cf 7
cu 7
cr 6
cu 0
c9 0
clt 0
cax 0
cmq 0
cnb 0
si 6
c0 6
cr 2
cu 2
c9 2
clt 2
cax 2
cmq 2
cnb 2
sj 3
cf 3
cu 3
cr 5
cu 4
c9 4
clt 4
cax 4
cmq 4
cnb 4
sl 7
cf 6
cr 7
cu 6
c9 6
clt 6
cax 6
cmq 6
cnb 6
s5 5
c9 1
clt 1
cax 1
cmq 1
cnb 1
s8 7
c9 3
clt 3
cax 3
cmq 3
cnb 3
s4 7
c9 5
clt 5
cax 5
cmq 5
cnb 5
sn 7
c9 7
clt 7
cax 7
cmq 7
cnb 7
s2 8
cf 8
cr 9
cu 8
c9 8
clt 8
cax 8
cmq 8
cnb 8
s3 9
clt 0
cax 0
cmq 0
cnb 0
s7 9
c0 9
c9 9
cr 2
cu 2
c9 2
clt 2
cax 2
cmq 2
cnb 2
sg 6
clt 6
cax 6
cmq 6
cnb 6
sh 1
cf 1
cr 3
cu 1
c9 1
clt 1
cax 1
cmq 1
cnb 1
sm 5
c0 5
cf 4
cr 5
cu 4
c9 4
clt 4
cax 4
cmq 4
cnb 4
sp 7
c9 0
clt 0
cax 0
cmq 0
cnb 0
sxt 9
clt 2
cax 2
cmq 2
cnb 2
sjt 7
clt 3
cax 3
cmq 3
cnb 3
sqt 9
clt 5
cax 5
cmq 5
cnb 5
sot 9
clt 6
cax 6
cmq 6
cnb 6
st 7
cf 7
cu 7
c9 7
clt 7
cax 7
cmq 7
cnb 7
cr 8
cu 8
c9 8
clt 8
cax 8
cmq 8
cnb 8
cx 9
c0 9
c9 9
clt 9
cf 9
cu 9
c9 9
clt 9
cr 1
cu 0
c9 0
clt 0
cax 0
cmq 0
cnb 0
s4t 1
cax 1
cmq 1
cnb 1
s8t 4
cax 2
cmq 2
cnb 2
sat 3
cax 3
cmq 3
cnb 3
sft 5
cax 4
cmq 4
cnb 4
sgt 6
cax 5
cmq 5
cnb 5
sxx 6
cax 6
cmq 6
cnb 6
sjx 7
cax 7
cmq 7
cnb 7
sqx 8
cax 8
cmq 8
cnb 8
sox 9
cax 9
cmq 9
cnb 9
s6x 0
cax 0
cmq 0
cnb 0
s2x 1
cax 1
cmq 1
cnb 1
shx 2
cax 2
cmq 2
cnb 2
smx 3
cax 3
cmq 3
cnb 3
s1 4
cmq 4
cnb 4
scx 5
cax 5
cmq 5
cnb 5
sej 6
cmq 6
cnb 6
sk 7
cu 7
c9 7
clt 7
cax 7
cmq 7
cnb 7
slx 8
cax 8
cmq 8
cnb 8
smj 9
cmq 0
cnb 0
sq 9
c0 9
c9 9
clt 9
cax 9
cf 1
cr 2
cu 1
c9 1
clt 1
cax 1
cmq 1
cnb 1
s6q 3
cmq 0
cnb 0
s2q 5
cmq 2
cnb 2
shq 4
cmq 3
cnb 3
scq 6
cmq 4
cnb 4
s1j 5
czl 5
cnb 5
s6j 6
czl 6
cnb 6
s9t 9
czl 9
cnb 7
sco 8
czl 8
cnb 8
sqo 9
czl 9
cnb 9
sul 1
czl 1
cnb 1
svo 0
czl 0
cnb 0
swt 2
czl 2
cnb 2
szj 3
czl 3
cnb 3
s4l 4
czl 4
cnb 4
snl 5
czl 5
cnb 5
s9l 6
czl 6
cnb 6
sgl 7
czl 7
cnb 7
s12 8
cnb 1
s2r 9
cnb 8
sa 9
c0 9
c9 9
cf 0
cu 0
c9 0
clt 0
cax 0
cmq 0
cnb 0
set 2
cnb 1
srb 3
cnb 2
skb 3
cnb 3
sbb 4
cnb 4
sub 5
cnb 5
svb 6
cnb 6
s0b 7
cnb 7
s5b 8
cnb 8
spb 9
cnb 9
s8b 0
cnb 0
s4b 1
cnb 1
s0xt 2
s2l 3
s30 4
sx2t 5
sa7t 6
sf7t 7
si7t 8
ce7t 1
sd7 9
shs 4
sq7 7
sid 3
sed 6
s7d 9
srd 7
skd 2
sbd 2
sud 3
svd 8
c0d 3
s7o 5
ss1 9
sy1 4
sd1 2
s31 5
c11 2
sdvt 6
szvx 7
snzx 4
s9zx 5
sgzx 8
szzx 0
sszx 7
syzx 9
sdzx 6
s3zx 9
s1zx 0
swsx 5
ctsx 5
s1lj 9
stut 8
snaj 4
s9aj 3
sgaj 8
szaj 6
ssaj 7
syaj 6
sdaj 9
c3aj 5
si6x 4
simq 6
sp1j 7
sn5q 0
c95q 5
se 6
skt 2
sy 3
sgj 1
szj 9
ssj 3
syj 1
sdj 0
s3j 8
s1j 7
swq 4
ctq 1
st 2
cx 2
s2q 3
s4q 4
s6j 0
sbq 6
sit 0
swl 9
cyl 2
ssl 7
cyl 0
s0n 3
sgyt 8
shb 9
ccjx 0
soe 4
ccjx 1
sxjt 6
sjjt 8
sqjt 7
sojt 8
sljt 7
s6jt 8
s2jt 4
shjt 9
cajt 9
scjt 6
cajt 2
smjt 3
cajt 3
s4j 6
sufj 7
cyiq 3
s24q 6
s46j 4
s9jt 8
sgyx 7
smcq 4
ss 4
ss9q 0
suix 1
s3dq 8
s1dq 7
sw3q 4
ct3q 7
s9lx 9
stij 2
sc9q 6
cm9q 9
s8wx 1
s38q 6
s18q 2
sw4q 3
st4q 1
sx4q 6
cj4q 3
s1c 4
s6j 5
si0 5
skk 4
syx 5
swxt 4
stxt 5
sxxt 8
cjxt 8
sa7x 4
sent 2
soex 5
su8 0
sk7j 5
sb7j 0
su7j 2
sv7j 4
s07j 1
c57j 2
s8v 1
sdft 5
slzx 1
sqwt 8
ss5x 9
sw4q 4
s2gq 5
shgq 0
scgq 1
smgq 9
cagq 4
s3x 1
s5nx 8
s7v 7
s96j 0
sc2q 6
sl4x 8
sr0 1
sbpq 2
supq 0
svpq 5
s0pq 8
s5pq 6
cppq 0
s14x 7
czuq 7
s9i 1
cxox 1
su5 7
cxox 7
syqx 8
cxox 8
sdqx 1
cxox 1
s3qx 7
cxox 7
s1qx 8
cxox 8
swox 9
cxox 9
stox 1
cxox 1
s5x 2
s82 6
sg6 6
sih 5
sic 7
sec 8
s7c 8
crc 2
sg7 5
sh0 9
sjx 6
stf 8
s8g 7
s4g 9
s7kt 5
sng 7
c9g 7
snvx 1
s9vx 2
sgvx 1
szvx 6
ssvx 9
cyvx 6
s7hx 8
sc6j 9
sdmt 2
sg6x 5
spu 1
ssmt 8
sw6t 2
s5mj 8
spmj 7
s8mj 9
s4mj 6
snmj 2
s9mj 3
sgmj 5
szmj 1
ssmj 9
cymj 9
s4q 8
s9q 5
si7j 3
snix 1
srtx 3
sv2j 7
sxrx 8
sz8q 6
ss8q 2
sy8q 1
cd8q 2
satq 5
sk0 7
s25q 5
sh5q 3
sc5q 3
sm5q 8
sa5q 5
sf5q 9
si5q 7
se5q 9
s75q 4
sr5q 1
ck5q 8
svq 0
sau 6
sfu 6
siu 5
seu 6
s7u 7
sru 0
sku 6
sbu 5
c0u 7
suu 6
c0u 0
svu 6
c0u 5
s2h 6
s8v 6
seg 7
svl 0
syq 5
s2tt 6
shtt 7
sctt 5
smtt 0
catt 5
sawq 7
skzx 0
swuq 6
stuq 7
sxuq 5
cjuq 7
sq5t 3
scdq 0
smdq 9
sadq 4
sfdq 1
sidq 3
sedq 8
s7dq 6
crdq 6
sv 9
c0 9
c9 9
clt 9
cho 9
cwc 9
cza 9
cci 9
c3p 9
se 4
c0 4
c9 4
clt 4
cho 4
cwc 4
cza 4
cci 4
c3p 4
cr 2
cu 2
c9 0
clt 0
cho 0
cwc 0
cza 0
cci 0
c3p 0
so 5
c0 5
c9 5
clt 5
cho 5
cwc 5
cza 5
cci 5
c3p 5
cf 3
cr 1
cu 3
c9 3
clt 3
cho 3
cwc 3
cza 3
cci 3
c3p 3
sq 1
c0 1
c9 1
clt 1
cho 1
cwc 1
cza 1
cci 1
c3p 1
cf 2
cr 8
cu 2
c9 2
clt 2
cho 2
cwc 2
cza 2
cci 2
c3p 2
sk 8
cu 8
c9 8
clt 8
cho 8
cwc 8
cza 8
cci 8
c3p 8
s6 9
c0 9
cf 7
cu 7
c9 7
clt 7
cho 7
cwc 7
cza 7
cci 7
c3p 7
sc 4
cf 4
cu 4
cr 5
cu 0
c9 0
clt 0
cho 0
cwc 0
cza 0
cci 0
c3p 0
si 9
c0 9
cr 1
cu 1
c9 1
clt 1
cho 1
cwc 1
cza 1
cci 1
c3p 1
sj 5
cf 5
cu 5
cr 3
cu 2
c9 2
clt 2
cho 2
cwc 2
cza 2
cci 2
c3p 2
s8 3
c9 3
clt 3
cho 3
cwc 3
cza 3
cci 3
c3p 3
s4 6
c9 4
clt 4
cho 4
cwc 4
cza 4
cci 4
c3p 4
sn 9
c9 5
clt 5
cho 5
cwc 5
cza 5
cci 5
c3p 5
s2 6
cf 6
cr 9
cu 6
c9 6
clt 6
cho 6
cwc 6
cza 6
cci 6
c3p 6
s3 9
clt 8
cho 8
cwc 8
cza 8
cci 8
c3p 8
sa 9
c0 9
c9 9
cf 9
cu 9
c9 9
clt 9
cho 9
cwc 9
cza 9
cci 9
c3p 9
sg 7
clt 0
cho 0
cwc 0
cza 0
cci 0
c3p 0
sh 7
cf 7
cr 1
cu 7
c9 7
clt 7
cho 7
cwc 7
cza 7
cci 7
c3p 7
sm 1
c0 1
cf 2
cr 3
cu 2
c9 2
clt 2
cho 2
cwc 2
cza 2
cci 2
c3p 2
sp 4
c9 1
clt 1
cho 1
cwc 1
cza 1
cci 1
c3p 1
sxt 5
clt 3
cho 3
cwc 3
cza 3
cci 3
c3p 3
sjt 5
clt 4
cho 4
cwc 4
cza 4
cci 4
c3p 4
sqt 6
clt 5
cho 5
cwc 5
cza 5
cci 5
c3p 5
sot 8
clt 6
cho 6
cwc 6
cza 6
cci 6
c3p 6
s4t 8
cho 8
cwc 8
cza 8
cci 8
c3p 8
s5 9
c9 9
clt 9
cho 9
cwc 9
cza 9
cci 9
c3p 9
s6j 0
cho 0
cwc 0
cza 0
cci 0
c3p 0
sb 7
cu 7
c9 7
clt 7
cho 7
cwc 7
cza 7
cci 7
c3p 7
spj 2
cho 1
cwc 1
cza 1
cci 1
c3p 1
sqx 3
cho 2
cwc 2
cza 2
cci 2
c3p 2
st 4
cf 4
cu 4
c9 4
clt 4
cx 3
c0 3
c9 3
clt 3
cf 5
cu 5
c9 5
clt 5
cr 6
cu 0
c9 0
clt 0
cho 0
cwc 0
cza 0
cci 0
c3p 0
svq 8
cho 1
cwc 1
cza 1
cci 1
c3p 1
swo 8
cho 2
cwc 2
cza 2
cci 2
c3p 2
sto 8
cho 3
cwc 3
cza 3
cci 3
c3p 3
sxo 8
cho 4
cwc 4
cza 4
cci 4
c3p 4
sjo 9
cho 5
cwc 5
cza 5
cci 5
c3p 5
sqo 6
cho 6
cwc 6
cza 6
cci 6
c3p 6
soo 8
cho 7
cwc 7
cza 7
cci 7
c3p 7
slo 9
cho 8
cwc 8
cza 8
cci 8
c3p 8
s6o 9
cho 9
cwc 9
cza 9
cci 9
c3p 9
s2o 0
cho 0
cwc 0
cza 0
cci 0
c3p 0
s1q 1
cho 1
cwc 1
cza 1
cci 1
c3p 1
cv6 2
cwc 2
cza 2
cci 2
c3p 2
s2l 3
cv6 3
cwc 3
cza 3
cci 3
c3p 3
s4x 4
cv6 4
cwc 4
cza 4
cci 4
c3p 4
s7o 5
cv6 5
cwc 5
cza 5
cci 5
c3p 5
syj 6
cv6 6
cwc 6
cza 6
cci 6
c3p 6
se6 7
cv6 7
cwc 7
cza 7
cci 7
c3p 7
s76 8
cv6 8
cwc 8
cza 8
cci 8
c3p 8
sr6 9
cv6 9
cwc 9
cza 9
cci 9
c3p 9
sk6 0
cv6 0
cwc 0
cza 0
cci 0
c3p 0
sb6 1
cv6 1
cwc 1
cza 1
cci 1
c3p 1
su6 2
cv6 2
cwc 2
cza 2
cci 2
c3p 2
shx 3
cwc 3
cza 3
cci 3
c3p 3
syq 4
cwc 4
cza 4
cci 4
c3p 4
sgh 5
cwc 5
cza 5
cci 5
c3p 5
szh 6
cwc 6
cza 6
cci 6
c3p 6
ssh 7
cwc 7
cza 7
cci 7
c3p 7
syh 8
cwc 8
cza 8
cci 8
c3p 8
sdh 9
cwc 9
cza 9
cci 9
c3p 9
s3h 0
cwc 0
cza 0
cci 0
c3p 0
s1h 1
cwc 1
cza 1
cci 1
c3p 1
s3j 2
cza 2
cci 2
c3p 2
s7 3
c0 3
c9 3
cr 4
cu 4
c9 4
clt 4
cho 4
cwc 4
cza 4
cci 4
c3p 4
s82 5
cza 0
cci 0
c3p 0
sl 6
cf 6
cr 5
cu 6
c9 6
clt 6
cho 6
cwc 6
cza 6
cci 6
c3p 6
ssq 7
cza 1
cci 1
c3p 1
sta 8
cza 2
cci 2
c3p 2
stl 9
cza 3
cci 3
c3p 3
swh 7
cza 5
cci 5
c3p 5
sna 8
cza 7
cci 7
c3p 7
s9a 9
cza 8
cci 8
c3p 8
sga 9
cza 9
cci 9
c3p 9
s1c 4
cci 0
c3p 0
s1t 6
cci 6
c3p 6
s4f 4
cci 4
c3p 4
s8h 1
cci 0
c3p 0
s92 2
cci 2
c3p 2
sh6 3
cci 1
c3p 1
ssj 5
cci 5
c3p 5
s0h 7
cza 7
cci 7
c3p 7
cgv 6
c3p 7
sgb 8
cgv 8
c3p 7
s5v 9
cgv 9
c3p 0
spv 3
cgv 3
c3p 3
s8v 4
cgv 4
c3p 4
s4v 6
cgv 6
c3p 6
snv 8
cgv 0
c3p 0
s9v 9
cgv 1
c3p 1
s4b 2
c3p 1
sc5 9
c3p 1
sej 5
c3p 0
shr 8
c3p 2
si6 9
cv6 9
cwc 9
cza 9
cci 9
c3p 9
so0 7
c3p 9
ssl 3
c3p 9
sdp 5
c3p 0
s0i 8
sp7x 8
sr9x 4
s19q 8
swgq 3
stgq 5
sxgq 3
sjgq 4
sqgq 7
sogq 6
slgq 1
c6gq 6
s3fx 2
s1fx 2
swix 1
stix 8
sxix 1
sjix 1
sqix 2
soix 1
slix 9
c6ix 2
s2mx 0
s4yj 9
s69x 8
sbmj 1
sdzt 8
smtx 0
sz3j 1
sg4q 9
sz4q 0
ss4q 2
sy4q 2
sd4q 8
s34q 1
s14q 4
cwnq 9
s5ex 5
se8 0
sw1t 1
sgyq 0
szyq 3
ssyq 1
syyq 5
sdyq 2
c3yq 3
sc 7
cf 7
cu 7
cr 5
cu 4
sj 5
cf 5
cu 5
cr 7
cu 0
st 7
cf 7
cu 7
cx 1
cf 1
cu 1
cr 0
cu 0
si 8
cr 2
cu 2
se 4
cr 4
cu 4
s7 5
cr 5
cu 5
s2 8
cf 7
cr 8
cu 7
s6 9
cf 9
cu 9
sa 8
cf 8
cu 8
sh 6
cf 6
cr 1
cu 6
sl 3
cf 3
cr 0
cu 3
sm 7
cf 1
cr 2
cu 1
so 9
cf 9
cr 0
cu 9
sq 4
cf 2
cr 4
cu 2
sk 5
cu 0
sb 7
cu 1
sh3t 8
sr8q 5
sk8q 7
sb8q 4
su8q 8
sv8q 6
s08q 3
s58q 3
sp8q 9
s88q 2
s48q 2
cn8q 2
s1 4
cq6 4
c4h 4
c2e 4
c7p 4
saq 0
cq6 0
c4h 0
c2e 0
c7p 0
sut 1
cq6 1
c4h 1
c2e 1
c7p 1
syx 4
cq6 4
c4h 4
c2e 4
c7p 4
sdl 9
cq6 9
c4h 9
c2e 9
c7p 9
s3l 0
cq6 0
c4h 0
c2e 0
c7p 0
s1l 1
cq6 1
c4h 1
c2e 1
c7p 1
sw6 5
cq6 5
c4h 5
c2e 5
c7p 5
st6 4
cq6 4
c4h 4
c2e 4
c7p 4
sx6 6
cq6 6
c4h 6
c2e 6
c7p 6
sj6 7
cq6 7
c4h 7
c2e 7
c7p 7
s5x 9
ceo 9
cw2 9
c4h 9
c2e 9
c7p 9
st 8
cx 8
ceo 8
cw2 8
c4h 8
c2e 8
c7p 8
sco 0
ceo 0
cw2 0
c4h 0
c2e 0
c7p 0
smo 1
ceo 1
cw2 1
c4h 1
c2e 1
c7p 1
sfo 5
ceo 3
cw2 3
c4h 3
c2e 3
c7p 3
sio 5
ceo 4
cw2 4
c4h 4
c2e 4
c7p 4
sao 6
ceo 5
cw2 5
c4h 5
c2e 5
c7p 5
cso 6
cw2 6
c4h 6
c2e 6
c7p 6
sy6 7
cw2 7
c4h 7
c2e 7
c7p 7
sd6 9
cw2 9
c4h 9
c2e 9
c7p 9
s36 8
cw2 8
c4h 8
c2e 8
c7p 8
s16 0
cw2 0
c4h 0
c2e 0
c7p 0
s1j 1
c4h 1
c2e 1
c7p 1
s4j 3
c4h 3
c2e 3
c7p 3
s8o 4
c4h 4
c2e 4
c7p 4
sel 5
c4h 5
c2e 5
c7p 5
sil 6
c4h 6
c2e 6
c7p 6
sql 7
c4h 7
c2e 7
c7p 7
s7h 9
c4h 0
c2e 0
c7p 0
srh 9
c4h 8
c2e 8
c7p 8
skh 9
c4h 9
c2e 9
c7p 9
sbh 1
c4h 1
c2e 1
c7p 1
suh 3
c4h 3
c2e 3
c7p 3
svh 4
c4h 0
c2e 0
c7p 0
s0h 5
c4h 4
c2e 4
c7p 4
s5h 6
c4h 5
c2e 5
c7p 5
sph 7
c4h 6
c2e 6
c7p 6
s8h 8
c4h 7
c2e 7
c7p 7
s1h 9
c2e 1
c7p 1
s2m 9
c2e 3
c7p 3
s3c 8
c2e 8
c7p 8
s5l 9
c2e 0
c7p 0
s8i 4
c2e 4
c7p 4
skc 5
c2e 5
c7p 5
suj 6
cq6 6
c4h 6
c2e 6
c7p 6
ste 7
c2e 0
c7p 0
sxe 9
c2e 1
c7p 1
sje 2
c2e 2
c7p 2
sqe 3
c2e 3
c7p 3
soe 8
c2e 4
c7p 4
sle 7
c2e 5
c7p 5
s6e 7
c2e 7
c7p 7
s1q 9
cq6 9
c4h 9
c2e 9
c7p 9
cv6 6
cd2 6
c7p 6
s2l 8
cv6 8
cd2 8
c7p 8
s4x 0
cv6 0
cd2 0
c7p 0
s7o 1
cv6 1
cd2 1
c7p 1
syj 2
cv6 2
cd2 2
c7p 2
si6 3
cv6 3
cd2 3
c7p 3
se6 4
cv6 4
cd2 4
c7p 4
sr6 5
cv6 5
cd2 5
c7p 5
sk6 7
cv6 6
cd2 6
c7p 6
sb6 9
cv6 9
cd2 9
c7p 9
su6 8
cv6 0
cd2 0
c7p 0
s76 7
cv6 7
cd2 7
c7p 7
s7l 8
c4h 8
c2e 8
c7p 1
cd2 8
c7p 8
s7x 2
cd2 2
c7p 2
s8 3
cd2 3
c7p 3
si 4
cd2 4
c7p 4
siq 5
cd2 0
c7p 0
sol 6
cd2 1
c7p 1
soo 9
cd2 2
c7p 2
ssx 5
cd2 3
c7p 3
sb 5
c7p 4
sdh 7
c7p 5
sie 9
c7p 6
sua 8
c7p 7
sep 9
c7p 8
s1c 9
s2mt 0
s4r 1
shq 2
skat 3
spct 4
srct 5
szrt 6
ssrt 7
syrt 8
sdrt 2
s3rt 7
s1rt 8
cwkt 2
s65 1
sv0 7
svc 9
sx4 0
sxtt 1
syut 6
sdut 9
s3ut 7
s1ut 4
swvt 5
stvt 8
sxvt 4
sjvt 0
cqvt 2
s2x 5
c4h 5
c2e 5
c7p 5
cwkt 5
cqvt 5
s94 3
smut 6
snh 9
sug 4
s1tx 1
cwxx 5
s15t 3
s5cj 0
s8jx 8
sej 7
cw2 7
c4h 7
c2e 7
c7p 7
cwkt 7
cqvt 7
cwxx 7
sf4q 8
sg8 4
shf 9
sp7 6
suwj 1
s9nq 9
cgnq 9
scj 3
crq 3
c97 3
saq 0
crq 0
c97 0
sfq 6
crq 6
c97 6
siq 4
crq 1
c97 1
seq 4
crq 2
c97 2
s7q 4
crq 4
c97 4
s3t 5
c97 0
saf 5
c97 1
sam 3
c97 2
sk7 5
c97 3
slm 6
c97 6
sni 5
c97 6
sq7 5
c97 0
s07 5
c97 5
s57 7
c97 5
sp7 4
c97 4
s87 1
c97 1
s47 2
c97 0
sn7 3
c97 2
s1j 8
s7t 3
sa2 6
sp2 7
s42 8
sn2 3
sg2 6
sz2 3
ss2 7
cy2 8
s59 6
sa4t 5
sb3 4
sczt 7
sgvt 3
skgt 7
sku 1
smz 0
sa3t 2
sf3t 4
si3t 3
se3t 1
s73t 6
sr3t 5
sk3t 4
cb3t 6
s35x 0
s15x 2
swpx 7
stpx 8
sxpx 5
sjpx 4
sqpx 2
sopx 3
clpx 3
s7a 1
sra 9
ska 0
sba 5
sua 8
sva 7
s0a 7
c5a 9
s6j 2
cho 2
cwc 2
cza 2
cci 2
spj 1
cho 1
cwc 1
cza 1
cci 1
sqx 5
cho 5
cwc 5
cza 5
cci 5
svq 0
cho 0
cwc 0
cza 0
cci 0
swo 7
cho 3
cwc 3
cza 3
cci 3
sto 4
cho 4
cwc 4
cza 4
cci 4
sxo 6
cho 6
cwc 6
cza 6
cci 6
sjo 8
cho 8
cwc 8
cza 8
cci 8
sqo 7
cho 7
cwc 7
cza 7
cci 7
soo 9
cho 9
cwc 9
cza 9
cci 9
slo 2
cho 2
cwc 2
cza 2
cci 2
s6o 1
cho 1
cwc 1
cza 1
cci 1
s1q 5
cho 5
cwc 5
cza 5
cci 5
cv6 0
cwc 0
cza 0
cci 0
s2l 3
cv6 3
cwc 3
cza 3
cci 3
s4x 4
cv6 4
cwc 4
cza 4
cci 4
s7o 6
cv6 6
cwc 6
cza 6
cci 6
si6 8
cv6 8
cwc 7
cza 7
cci 7
se6 9
cv6 9
cwc 8
cza 8
cci 8
s76 9
cv6 9
cwc 9
cza 9
cci 9
sr6 2
cv6 2
cwc 2
cza 2
cci 2
sk6 1
cv6 1
cwc 1
cza 1
cci 1
sb6 5
cv6 5
cwc 5
cza 5
cci 5
su6 0
cv6 0
cwc 0
cza 0
cci 0
shx 3
cwc 3
cza 3
cci 3
syq 4
cwc 4
cza 4
cci 4
sgh 6
cwc 6
cza 6
cci 6
szh 7
cwc 7
cza 7
cci 7
ssh 8
cwc 8
cza 8
cci 8
syh 9
cwc 9
cza 9
cci 9
sdh 2
cwc 2
cza 2
cci 2
s3h 1
cwc 1
cza 1
cci 1
s1h 5
cwc 0
cza 0
cci 0
s0h 5
cza 2
cci 2
s82 5
cy2 5
cb3t 5
cza 3
cci 3
ssq 4
cza 4
cci 4
sta 6
cza 5
cci 5
stl 7
cza 6
cci 6
swh 8
cza 7
cci 7
sna 9
cza 8
cci 8
s9a 9
cza 9
cci 9
sga 1
cza 1
cci 1
s1c 0
cci 1
s1t 2
cci 0
s4f 3
cci 3
s8h 4
cci 2
s92 5
cy2 5
cb3t 5
cci 4
sh6 6
cci 6
s5j 7
c0l 7
sbo 8
c0l 8
sfj 9
c0l 9
skx 7
c0l 7
suj 8
c0l 8
syj 9
cv6 9
cwc 9
cza 9
cci 9
c0l 0
syo 1
c0l 1
sil 3
c0l 2
sel 7
c0l 7
s7l 4
c0l 4
srl 6
c0l 0
skl 3
c0l 1
sbl 8
c0l 2
sul 6
c0l 6
svl 5
c0l 3
sv 5
c0 5
c9 5
cy2 5
cb3t 5
clt 0
cho 0
cwc 0
cza 0
cci 0
sk 8
cu 8
cy2 1
cb3t 1
c9 8
cy2 8
cb3t 8
clt 2
cho 2
cwc 2
cza 2
cci 2
sb 7
cy2 3
cb3t 3
cho 4
cwc 4
cza 4
cci 4
cu 7
cy2 6
cb3t 6
c9 7
cy2 7
cb3t 7
clt 9
cho 9
cwc 9
cza 9
cci 9
s6 5
c0 5
cf 1
cu 1
cy2 1
cb3t 1
c9 3
cy2 3
cb3t 3
clt 0
cho 0
cwc 0
cza 0
cci 0
s5 8
cho 1
cwc 1
cza 1
cci 1
c9 5
cy2 5
cb3t 5
clt 2
cho 2
cwc 2
cza 2
cci 2
s8 6
c9 6
cy2 6
cb3t 6
clt 4
cho 4
cwc 4
cza 4
cci 4
s4 7
c9 7
cy2 7
cb3t 7
clt 8
cho 8
cwc 8
cza 8
cci 8
sn 9
c97 9
cb3t 9
c9 3
cy2 3
cb3t 3
clt 5
cho 5
cwc 5
cza 5
cci 5
s3 6
clt 6
cho 6
cwc 6
cza 6
cci 6
sg 7
clt 7
cho 7
cwc 7
cza 7
cci 7
sp 9
c9 9
cy2 9
cb3t 9
clt 3
cho 3
cwc 3
cza 3
cci 3
sxt 0
crq 0
c97 0
cb3t 0
clt 1
cho 1
cwc 1
cza 1
cci 1
sjt 2
clt 2
cho 2
cwc 2
cza 2
cci 2
sqt 4
clt 4
cho 4
cwc 4
cza 4
cci 4
sot 8
clt 8
cho 8
cwc 8
cza 8
cci 8
sa 9
c0 9
c9 9
cy2 9
cb3t 9
cf 0
cu 0
cy2 0
cb3t 0
c9 3
cy2 3
cb3t 3
clt 1
cho 1
cwc 1
cza 1
cci 1
set 5
ss 6
sut 7
spt 5
s8t 7
s4t 6
cho 0
cwc 0
cza 0
cci 0
snt 7
s9t 5
sgt 7
szt 6
sst 5
cy2 2
cb3t 2
c0l 5
syt 9
cdt 4
s2 6
cf 6
cu 6
cy2 6
cb3t 6
c9 2
cy2 2
cb3t 2
clt 3
cho 3
cwc 3
cza 3
cci 3
cdt 4
cr 5
cu 5
cy2 5
cb3t 5
c9 7
cy2 7
cb3t 7
clt 6
cho 6
cwc 6
cza 6
cci 6
cdt 4
cf6 8
sc 9
c97 9
cb3t 0
cf 9
cu 9
cy2 8
cb3t 8
c9 9
cy2 9
cb3t 9
clt 1
cho 1
cwc 1
cza 1
cci 1
cdt 2
cr 5
cu 5
cy2 5
cb3t 5
c9 0
cy2 0
cb3t 0
clt 2
cho 2
cwc 2
cza 2
cci 2
cdt 4
cf6 7
sh 9
cf 9
cu 9
cy2 9
cb3t 9
c9 5
cy2 5
cb3t 5
clt 0
cho 0
cwc 0
cza 0
cci 0
cdt 1
cr 7
cu 7
cy2 3
cb3t 3
c9 7
cy2 7
cb3t 7
clt 4
cho 4
cwc 4
cza 4
cci 4
cdt 1
cf6 8
sj 8
cf 8
cu 8
cy2 8
cb3t 8
c9 6
cy2 6
cb3t 6
clt 1
cho 1
cwc 1
cza 1
cci 1
cdt 2
cr 9
cu 9
cy2 3
cb3t 3
c9 9
cy2 9
cb3t 9
clt 5
cho 5
cwc 5
cza 5
cci 5
cdt 2
cf6 7
sl 7
cho 7
cwc 7
cza 7
cci 7
cf 8
cu 8
cy2 8
cb3t 8
c9 0
cy2 0
cb3t 0
clt 2
cho 2
cwc 2
cza 2
cci 2
cdt 1
cr 6
cu 3
cy2 3
cb3t 3
c9 4
cy2 4
cb3t 4
clt 6
cho 6
cwc 6
cza 6
cci 6
cdt 1
cf6 9
sm 9
c0 9
cf 9
cu 9
cy2 9
cb3t 9
c9 0
cy2 0
cb3t 0
clt 1
cho 1
cwc 1
cza 1
cci 1
cdt 3
cr 8
cu 5
cy2 4
cb3t 4
c9 5
cy2 5
cb3t 5
clt 7
cho 7
cwc 7
cza 7
cci 7
cdt 3
cf6 8
so 8
crq 8
c97 8
cb3t 8
c0 9
c9 9
cy2 9
cb3t 9
clt 0
cho 0
cwc 0
cza 0
cci 0
cdt 2
cf 4
cu 4
cy2 4
cb3t 4
c9 2
cy2 2
cb3t 2
clt 1
cho 1
cwc 1
cza 1
cci 1
cdt 3
cr 5
cu 5
cy2 5
cb3t 5
c9 6
cy2 6
cb3t 6
clt 4
cho 4
cwc 4
cza 4
cci 4
cdt 3
cf6 8
sq 8
c0 8
c9 8
cy2 8
cb3t 8
clt 7
cho 7
cwc 7
cza 7
cci 7
cdt 0
cf 9
cu 9
cy2 9
cb3t 9
c9 2
cy2 2
cb3t 2
clt 0
cho 0
cwc 0
cza 0
cci 0
cdt 3
cr 5
cu 5
cy2 5
cb3t 5
c9 6
cy2 6
cb3t 6
clt 8
cho 8
cwc 8
cza 8
cci 8
cdt 2
cf6 9
si 9
c0 9
c9 9
cy2 9
cb3t 9
clt 1
cho 1
cwc 1
cza 1
cci 1
cdt 0
cr 2
cu 2
cy2 2
cb3t 2
c9 3
cy2 3
cb3t 3
clt 4
cho 4
cwc 4
cza 4
cci 4
cdt 0
cf6 5
se 6
c0 6
c9 6
cy2 6
cb3t 6
clt 5
cho 5
cwc 5
cza 5
cci 5
cdt 0
cr 7
cu 7
cy2 7
cb3t 7
c9 8
cy2 8
cb3t 8
clt 0
cho 0
cwc 0
cza 0
cci 0
cdt 2
cf6 9
s7 9
cza 1
cci 1
c0 9
c9 9
cy2 9
cb3t 9
clt 2
cho 2
cwc 2
cza 2
cci 2
cdt 3
cr 6
cu 6
cy2 6
cb3t 6
c9 7
cy2 7
cb3t 7
clt 4
cho 4
cwc 4
cza 4
cci 4
cdt 3
cf6 8
s3o 8
cf6 8
sjj 5
cf6 5
sm6 8
cf6 8
sa6 3
cf6 0
sao 9
cso 9
st 6
cho 6
cwc 6
cza 6
cci 6
cf 0
cu 0
cy2 0
cb3t 0
c9 1
cy2 1
cb3t 1
clt 2
cho 2
cwc 2
cza 2
cci 2
cdt 0
cr 3
cu 3
cy2 3
cb3t 3
c9 4
cy2 4
cb3t 4
clt 5
cho 5
cwc 5
cza 5
cci 5
cdt 0
cf6 7
cx 8
c0 8
c9 7
cy2 7
cb3t 7
clt 6
cho 6
cwc 6
cza 6
cci 6
cf 9
cu 9
cy2 8
cb3t 8
c9 9
cy2 9
cb3t 9
clt 1
cho 1
cwc 1
cza 1
cci 1
cdt 0
cr 3
cu 3
cy2 3
cb3t 3
c9 0
cy2 0
cb3t 0
clt 4
cho 4
cwc 4
cza 4
cci 4
cdt 3
cf6 7
s3j 8
crq 8
c97 8
cb3t 2
cza 0
cci 0
sat 7
sph 9
ssj 7
cci 0
syc 9
sbm 9
svm 8
s0m 7
s5m 7
s0n 7
s2o 8
cho 8
cwc 8
cza 8
cci 8
s3xt 3
sqg 9
ssxt 3
sx7 5
s76t 6
s0nt 2
s43j 3
s67j 7
sdkj 6
so9j 5
sodx 7
ssxx 3
szcx 9
suqq 1
svqq 3
s0qq 2
s5qq 5
spqq 6
s8qq 3
s4qq 7
snqq 9
s9qq 7
sgqq 6
s93t 2
s9bj 7
sie 3
sn3t 7
sqs 1
sum 6
cpm 6
cr6t 8
czqq 8
suvj 5
svtq 7
s9oq 1
sgoq 9
szoq 5
csoq 8
s5gt 2
sblj 3
smgt 9
stvx 7
sz8q 9
s29q 5
ch9q 5
sgr 4
sre 1
s9b 4
sgb 1
szb 7
ssb 3
syb 2
sdb 1
s3b 4
c1b 2
shtt 3
s9tt 6
sgtt 7
sztt 4
sstt 3
sytt 0
sdtt 1
s3tt 0
c1tt 1
s1e 4
csu 4
s46 6
csu 6
sg2 7
csu 0
sp6 3
csu 3
stf 7
csu 7
s5u 4
csu 7
spu 8
csu 0
s8u 4
csu 1
s4u 2
csu 2
snu 6
csu 3
s9u 6
csu 4
sgu 9
csu 6
szu 8
csu 8
s5xt 9
s9pt 9
sdet 7
sn8 0
siyt 1
seyt 2
s7yt 3
sryt 4
skyt 6
sbyt 8
suyt 7
cvyt 0
sco 9
sdqx 8
seat 2
si6x 1
swpx 4
sybq 3
sdbq 6
c3bq 3
smsx 2
c0vq 2
snst 7
c0vq 7
sqz 9
c0vq 1
sbvq 8
c0vq 8
suvq 4
c0vq 4
svvq 9
c0vq 0
sv 6
c0 6
c9 6
ctt 6
cux 6
caj 6
caa 6
st 9
cf 9
cu 9
c9 9
ctt 9
cux 9
caj 9
caa 9
cx 2
c0 2
c9 2
ctt 2
cux 2
caj 2
caa 2
cf 1
cu 1
c9 1
ctt 1
cux 1
caj 1
caa 1
cr 5
cu 3
c9 3
ctt 3
cux 3
caj 3
caa 3
se 6
c0 6
c9 5
ctt 5
cux 5
caj 5
caa 5
cr 7
cu 6
c9 6
ctt 6
cux 6
caj 6
caa 6
s7 8
c0 8
c9 7
ctt 7
cux 7
caj 7
caa 7
cr 8
cu 8
c9 8
ctt 8
cux 8
caj 8
caa 8
sa 9
c0 9
c9 9
ctt 9
cux 9
caj 9
caa 9
cf 2
cu 2
c9 2
ctt 2
cux 2
caj 2
caa 2
sh 4
cf 4
cr 0
cu 4
c9 4
ctt 4
cux 4
caj 4
caa 4
so 1
c0 1
c9 0
ctt 0
cux 0
caj 0
caa 0
cf 3
cr 5
cu 3
c9 3
ctt 3
cux 3
caj 3
caa 3
sq 6
c0 6
c9 1
ctt 1
cux 1
caj 1
caa 1
cf 5
cr 7
cu 5
c9 5
ctt 5
cux 5
caj 5
caa 5
sk 8
cu 2
c9 2
ctt 2
cux 2
caj 2
caa 2
sb 8
cu 6
c9 6
ctt 6
cux 6
caj 6
caa 6
s6 7
c0 7
cf 8
cu 8
c9 8
ctt 8
cux 8
caj 8
caa 8
sc 9
cf 9
cu 9
cr 7
cu 7
c9 7
ctt 7
cux 7
caj 7
caa 7
si 9
c0 9
cr 0
cu 0
c9 0
ctt 0
cux 0
caj 0
caa 0
sl 4
cf 4
cr 1
cu 4
c9 4
ctt 4
cux 4
caj 4
caa 4
sm 3
c0 3
cf 5
cr 1
cu 5
c9 5
ctt 5
cux 5
caj 5
caa 5
s5 1
c9 1
ctt 1
cux 1
caj 1
caa 1
sp 9
c9 2
ctt 2
cux 2
caj 2
caa 2
s8 6
c9 3
ctt 3
cux 3
caj 3
caa 3
s4 8
c9 6
ctt 6
cux 6
caj 6
caa 6
sn 9
c9 9
ctt 9
cux 9
caj 9
caa 9
s2 8
cf 8
cr 7
cu 8
c9 8
cux 8
caj 8
caa 8
ctt 0
cux 0
caj 0
caa 0
sj 7
cf 7
cu 7
cr 4
cu 4
c9 4
cux 4
caj 4
caa 4
ctt 0
cux 0
caj 0
caa 0
sg 5
ctt 1
cux 1
caj 1
caa 1
ss 2
ctt 2
cux 2
caj 2
caa 2
sy 3
ctt 3
cux 3
caj 3
caa 3
sd 6
ctt 5
cux 5
caj 5
caa 5
s1 9
ctt 6
cux 6
caj 6
caa 6
s8t 7
cux 7
caj 7
caa 7
sox 9
cux 8
caj 8
caa 8
swt 9
ctt 9
cux 9
caj 9
caa 9
sxx 4
cux 4
caj 4
caa 4
sfx 0
cux 0
caj 0
caa 0
six 1
cux 1
caj 1
caa 1
sex 2
cux 2
caj 2
caa 2
s7x 3
cux 3
caj 3
caa 3
srx 5
cux 5
caj 5
caa 5
skx 6
cux 6
caj 6
caa 6
sbx 9
cux 9
caj 9
caa 9
s9t 7
caj 7
caa 7
sxj 8
caj 8
caa 8
sjj 4
caj 4
caa 4
sqj 0
caj 0
caa 0
soj 1
caj 1
caa 1
slj 2
caj 2
caa 2
s6j 3
caj 3
caa 3
s2j 5
caj 4
caa 4
shj 6
caj 6
caa 6
scj 9
caj 5
caa 5
smj 7
caj 7
caa 7
s3 8
ctt 8
cux 8
caj 0
caa 0
s7j 9
caa 1
ssl 9
caa 9
sz 8
ctt 8
cux 8
caj 8
caa 8
safx 2
sgzt 3
sw4t 4
s2ix 6
shix 2
scix 6
cmix 8
s0sx 3
s68j 5
setj 7
sg3t 4
sozx 4
srn 4
ssi 5
sryq 3
skyq 0
sbyq 6
cuyq 6
s20t 1
s4xx 9
si7t 5
sn7 2
sohx 9
slhx 7
s6hx 2
c2hx 9
sddt 4
siqj 4
skh 2
sw2t 1
sy5t 5
sfij 7
siij 0
seij 5
s7ij 1
srij 7
skij 4
cbij 7
st3 2
s8at 1
s4at 0
cnat 1
s6mx 2
s7pt 8
sb1 5
sm6 9
snkj 2
sr4j 4
s80q 9
s40q 0
sn0q 8
s90q 8
sg0q 5
sz0q 2
ss0q 4
sy0q 0
cd0q 2
s2c 7
s2f 1
sxi 1
s0r 0
s5r 3
spr 7
c8r 3
s5y 7
sapt 1
sb0 0
st0 0
scyt 1
smyt 3
s25x 7
s3yx 1
s4j 0
sb3x 3
shft 0
suex 3
svvj 3
sw9 1
so0j 7
sl0j 5
s60j 0
s20j 3
sh0j 7
sc0j 1
sm0j 5
sa0j 7
skpj 5
svpj 3
s0pj 1
s5pj 5
sppj 0
s8pj 0
c4pj 0
s2t 7
shq 6
skq 3
sbq 9
s8x 1
c3q 1
s4x 5
snx 6
s9x 9
sgx 1
c1x 1
szx 3
c1x 0
ssx 8
c1x 3
sdx 5
c1x 5
s3x 7
c1x 5
seq 8
cfl 8
syx 6
c1x 0
cfl 8
sjl 9
cfl 9
sql 7
cfl 7
sol 6
cfl 7
sll 8
cfl 7
s6l 9
cfl 9
s2l 8
cfl 0
shl 4
cfl 1
scl 3
cfl 3
sml 5
cfl 5
sal 8
cfl 8
sxt 6
clt 6
cho 6
sjt 4
clt 0
cho 0
s4t 7
cho 1
spj 4
cho 4
sqx 9
cho 9
svq 3
cho 3
s1q 5
cho 5
swo 8
cho 8
sto 7
cho 7
sxo 6
cho 6
sjo 0
cho 0
sqo 1
cho 1
soo 4
cho 3
slo 9
cho 9
s6o 5
cho 4
s2o 8
c4pj 8
cho 5
sit 7
sot 6
clt 6
cho 6
skt 7
sbt 0
sut 8
svt 1
s0t 3
c5t 3
sv 9
c0 9
c5t 9
c9 0
clt 0
cho 0
ctt 1
cux 1
caj 1
st 7
cho 2
c5t 3
cf 7
cu 7
c5t 7
c9 3
clt 3
cho 3
ctt 1
cux 1
caj 1
cx 4
c0 4
c5t 4
c9 5
clt 5
cho 5
ctt 0
cux 0
caj 0
cf 6
cu 6
c5t 6
c9 2
clt 2
cho 2
ctt 0
cux 0
caj 0
cr 8
cu 4
c5t 4
c9 1
clt 1
cho 1
ctt 3
cux 3
caj 3
se 9
c0 9
c5t 6
c9 7
clt 7
cho 7
ctt 4
cux 4
caj 4
cr 8
cu 8
c5t 8
c9 9
clt 9
cho 9
ctt 5
cux 5
caj 5
s7 8
clt 8
cho 8
c5t 6
c0 0
c5t 0
c9 1
clt 1
cho 1
ctt 0
cux 0
caj 0
cr 2
cu 2
c5t 2
c9 3
clt 3
cho 3
ctt 2
cux 2
caj 2
sa 6
clt 4
cho 4
c0 6
c5t 6
c9 5
clt 5
cho 5
ctt 6
cux 6
caj 6
cf 7
cu 7
c5t 7
c9 8
clt 8
cho 8
ctt 0
cux 0
caj 0
so 9
c0 9
c5t 9
c9 7
clt 7
cho 7
ctt 1
cux 1
caj 1
cf 2
cr 9
cu 2
c5t 2
c9 0
clt 0
cho 0
ctt 1
cux 1
caj 1
sq 9
c0 9
c5t 9
c9 3
clt 3
cho 3
ctt 2
cux 2
caj 2
cf 4
cr 5
cu 4
c5t 4
c9 5
clt 5
cho 5
ctt 4
cux 4
caj 4
sk 6
cu 6
c5t 6
c9 7
clt 7
cho 7
ctt 0
cux 0
caj 0
sb 8
cho 1
cu 8
c5t 8
c9 9
clt 9
cho 9
ctt 2
cux 2
caj 2
si 6
c0 6
c5t 6
cr 3
cu 3
c5t 3
c9 0
clt 0
cho 0
ctt 1
cux 1
caj 1
sl 8
cho 2
cf 8
cr 4
cu 8
c5t 8
c9 3
clt 3
cho 3
ctt 4
cux 4
caj 4
sm 5
clt 5
cho 5
c0 7
c5t 7
cf 9
cr 6
cu 9
c5t 9
c9 6
clt 6
cho 6
ctt 0
cux 0
caj 0
s5 8
cho 1
c9 8
clt 8
cho 8
ctt 2
cux 2
caj 2
sp 7
clt 4
cho 4
c9 7
clt 7
cho 7
ctt 3
cux 3
caj 3
s8 9
c9 9
clt 9
cho 9
ctt 0
cux 0
caj 0
s4 5
c9 5
clt 5
cho 5
ctt 1
cux 1
caj 1
sn 6
c9 6
clt 6
cho 6
ctt 0
cux 0
caj 0
s2 2
clt 1
cho 1
c5t 2
cf 3
cr 4
cu 3
c5t 3
c9 0
clt 0
cho 0
cux 1
caj 1
ctt 2
cux 2
caj 2
sj 8
cf 8
cu 8
c5t 8
cr 4
cu 4
c5t 4
c9 3
clt 3
cho 3
cux 4
caj 4
ctt 5
cux 5
caj 5
sg 7
c8r 7
clt 6
cho 6
ctt 7
cux 7
caj 7
sz 9
cfl 9
ctt 8
cux 8
caj 8
ss 9
ctt 9
cux 9
caj 9
sy 1
ctt 1
cux 1
caj 1
sd 2
ctt 2
cux 2
caj 2
s3 0
clt 0
cho 0
ctt 1
cux 1
caj 1
s1 4
ctt 4
cux 4
caj 4
s8t 5
cux 3
caj 3
sox 7
cux 5
caj 5
swt 8
ctt 2
cux 2
caj 2
sxx 9
cux 6
caj 6
sfx 8
c3q 8
cux 7
caj 7
six 9
cux 9
caj 9
sex 8
cux 8
caj 8
s7x 1
cux 1
caj 1
srx 4
cux 0
caj 0
skx 3
cux 3
caj 3
sbx 5
cux 5
caj 5
s9t 4
c3q 4
caj 0
sxj 2
caj 1
sqj 6
caj 2
soj 7
caj 3
slj 7
caj 4
s6j 6
cho 6
caj 6
s2j 9
caj 7
shj 8
caj 8
scj 9
caj 9
smj 5
caj 5
s5q 0
s6 1
c0 1
c5t 1
cf 0
cu 0
c5t 0
c9 1
clt 1
cho 1
ctt 0
cux 0
caj 0
scq 2
sh 3
clt 2
cho 2
cf 3
cr 4
cu 3
c5t 3
c9 4
clt 4
cho 4
ctt 3
cux 3
caj 3
shx 6
sjj 7
caj 5
sqt 8
clt 6
cho 6
svj 9
cayt 9
cf0j 9
syo 8
sdo 8
s3o 7
s1o 8
cxl 5
swl 7
cxl 0
stl 9
cxl 3
s6q 8
s8j 7
sc 8
cf 8
cu 8
c5t 8
cxl 7
cr 9
cu 9
c5t 9
cxl 9
c9 8
clt 8
cho 8
ctt 1
cux 1
caj 1
cxl 1
sfo 4
sgl 2
siq 6
s66 6
cc6 1
s26 4
cc6 1
sh6 2
cc6 1
s36 4
sbj 5
slx 0
suj 3
suq 7
c0q 7
sy6 6
szq 4
s62 5
s22 9
sh2 6
sc2 4
sm2 6
sa2 3
sf2 0
si2 4
c72 1
se2 2
c72 0
s3xx 9
s49x 2
s6at 3
s7jx 4
scaq 5
sm2j 8
sqxx 2
sy9j 4
sjvq 6
cqvq 6
s9qx 7
sgqx 5
szqx 3
csqx 3
s3kt 9
sbkx 8
sjq 5
ssj 2
stzx 7
swd 4
sgzq 2
szzq 1
sszq 9
syzq 8
sdzq 5
s3zq 4
s1zq 0
swsq 7
stsq 3
sxsq 6
cjsq 2
sh3x 9
skpt 9
sg1j 3
sz1j 8
ss1j 9
sy1j 3
sd1j 4
s31j 8
s11j 5
swwq 9
stwq 6
sxwq 3
cjwq 6
s32t 9
s7m 4
sx9q 5
sj9q 4
sq9q 0
so9q 8
sl9q 9
c69q 5
sm6 3
suh 4
swx 8
sge 3
s8e 1
s9a 6
si6 1
sve 3
sek 7
s0a 3
s31 4
sjr 8
soat 1
srmt 4
svot 7
scit 3
smit 7
sait 6
sfit 1
siit 4
seit 1
s2t 0
c0q 0
c72 0
skq 3
c0q 1
c72 1
sbq 8
c0q 2
c72 2
s8x 6
c1x 6
cc6 6
c72 0
s4x 7
c1x 7
cc6 7
c72 3
snx 4
c1x 4
cc6 4
c72 4
sgx 8
c1x 6
cc6 6
c72 6
szx 8
c1x 7
cc6 7
c72 7
ssx 9
c1x 8
cc6 8
c72 8
sdx 9
c1x 9
cc6 9
c72 9
s3x 1
c1x 1
cc6 1
c72 1
syx 2
c1x 0
cc6 0
c72 0
cfl 2
cc6 1
c72 1
sjl 3
cfl 3
cc6 2
c72 2
sql 4
cfl 4
cc6 4
c72 4
sol 6
cfl 0
cc6 0
c72 0
sll 7
cfl 3
cc6 3
c72 3
s6l 8
cfl 5
cc6 5
c72 5
s2l 9
cfl 6
cc6 6
c72 6
scl 7
cfl 7
cc6 7
c72 7
sml 9
cfl 8
cc6 8
c72 8
sal 9
cfl 9
cc6 9
c72 9
spj 1
cho 1
cc6 1
c72 1
svq 2
c0q 2
c72 2
cho 0
cc6 0
c72 0
s1q 4
cho 3
cc6 3
c72 3
swo 5
cho 5
cc6 5
c72 5
sto 6
cho 6
cc6 6
c72 6
sxo 7
cho 4
cc6 4
c72 4
sjo 8
cho 7
cc6 7
c72 7
sqo 9
cho 8
cc6 8
c72 8
soo 9
cho 9
cc6 9
c72 9
slo 1
cho 1
cc6 1
c72 1
s2o 2
cho 2
cc6 2
c72 2
sit 0
c5t 0
cxl 0
cc6 0
c72 0
skt 3
c5t 3
cxl 3
cc6 3
c72 3
sbt 5
c5t 4
cxl 4
cc6 4
c72 4
svt 6
c5t 5
cxl 5
cc6 5
c72 5
s0t 7
c5t 6
cxl 6
cc6 6
c72 6
sz 8
cfl 8
cc6 0
c72 0
ctt 8
cux 8
caj 8
cxl 8
cc6 8
c72 8
sy 9
ctt 7
cux 7
caj 7
cxl 7
cc6 7
c72 7
sd 9
ctt 9
cux 9
caj 9
cxl 9
cc6 9
c72 9
swt 1
ctt 1
cux 1
caj 1
cxl 1
cc6 1
c72 1
sfx 2
c0q 2
c72 0
cux 3
caj 3
cxl 3
cc6 3
c72 3
six 4
cux 4
caj 4
cxl 4
cc6 4
c72 4
sex 5
cux 2
caj 2
cxl 2
cc6 2
c72 2
s7x 6
cux 5
caj 5
cxl 5
cc6 5
c72 5
srx 8
cux 6
caj 6
cxl 6
cc6 6
c72 6
skx 7
cux 7
caj 7
cxl 7
cc6 7
c72 7
sbx 9
cux 9
caj 9
cxl 9
cc6 9
c72 9
sxj 8
caj 0
cxl 0
cc6 0
c72 0
sqj 8
caj 1
cxl 1
cc6 1
c72 1
soj 8
caj 8
cxl 8
cc6 8
c72 8
s6j 3
cho 3
cc6 3
c72 3
caj 4
cxl 4
cc6 4
c72 4
s2j 2
caj 2
cxl 2
cc6 2
c72 2
shj 5
caj 5
cxl 5
cc6 5
c72 5
sjj 6
caj 0
cxl 0
cc6 0
c72 0
svj 7
cxl 7
cc6 7
c72 7
syo 9
cxl 1
cc6 1
c72 1
sdo 6
cxl 3
cc6 3
c72 3
s3o 8
cxl 8
cc6 8
c72 8
s1o 9
cxl 9
cc6 9
c72 9
swl 6
cxl 2
cc6 2
c72 2
stl 6
cxl 6
cc6 6
c72 6
s8j 4
cc6 0
c72 0
sfo 4
cc6 4
c72 4
sgl 5
cc6 5
c72 5
s66 7
cc6 7
c72 7
s26 1
cc6 1
c72 1
sh6 3
cc6 3
c72 3
s36 8
c72 0
sbj 9
c0q 9
c72 9
suj 2
c72 1
suq 6
c0q 6
c72 6
sy6 8
c72 0
szq 4
c72 1
s62 5
c72 2
s22 8
c72 3
sh2 7
c72 4
sc2 7
c72 5
sm2 7
c72 7
sa2 8
c72 6
sf2 9
c72 9
si2 8
c72 8
se2 0
c72 0
smt 1
sfj 2
sij 3
ckj 2
s7j 4
ckj 2
srj 5
ckj 5
s0x 7
s1h 1
s56 6
s86 9
so2 1
c8a 1
svl 8
c8a 1
spa 6
c8a 0
sfq 4
sjq 3
sqq 7
ssj 6
s5q 9
cxl 9
cc6 9
c72 9
c8a 9
spq 8
c8q 8
sga 4
sih 6
sqf 2
sof 5
slf 4
s6f 3
ccf 4
s2f 2
ccf 0
shf 6
ccf 1
ss 7
ctt 7
cux 7
caj 7
cxl 7
cc6 7
c72 7
c8a 7
cdt 2
sut 3
c5t 3
cxl 2
cc6 2
c72 2
c8a 2
cdt 5
spt 6
cdt 6
snt 8
cdt 8
s9t 3
caj 3
cxl 3
cc6 3
c72 3
c8a 3
cdt 0
syt 5
cdt 1
s6o 6
cho 6
cc6 0
c72 0
c8a 0
scj 5
caj 5
cxl 5
cc6 5
c72 5
c8a 5
sht 9
s7o 8
sro 4
sko 4
sbo 8
suo 4
s0o 9
s5o 1
spo 8
c4o 4
s8o 6
c4o 6
s9q 9
set 8
cdt 8
svo 1
c4o 0
sg6 8
sz6 7
cs6 8
s5h 2
s9x 2
c1x 2
cc6 2
c72 2
c8a 2
sb2 1
scc 3
seq 9
cfl 9
cc6 0
c72 0
c8a 0
slj 4
caj 4
cxl 4
cc6 4
c72 4
c8a 4
spf 7
c9f 8
stf 6
c9f 6
szh 1
c9f 1
s4f 3
c9f 2
s0c 5
shl 9
cfl 9
cc6 9
c72 9
c8a 9
siq 7
cc6 3
c72 3
c8a 3
snf 7
c9f 5
syh 7
szt 8
cdt 8
s1f 6
swi 0
sti 7
sxi 8
sji 4
sqi 1
soi 2
sli 5
s6i 6
s2i 5
chi 5
sae 9
si7 7
slc 7
stm 3
sze 8
cse 8
c7k 8
c7it 8
s4k 4
snk 9
s9k 1
sgk 0
szk 9
ssk 0
syk 6
c3k 6
sdk 2
c3k 6
sv 1
c0q 1
c72 1
c8a 1
c3k 1
c0 0
c5t 0
cxl 0
cc6 0
c72 0
c8a 0
c3k 0
c9 2
ctt 2
cux 2
caj 2
cxl 2
cc6 2
c72 2
c8a 2
c3k 2
clt 1
cho 1
cc6 0
c72 0
c8a 0
c3k 0
cdt 3
c3k 0
cax 4
chi 4
c3k 1
cmq 3
se 9
c8a 2
c3k 2
c0 9
c5t 9
cxl 5
cc6 5
c72 5
c8a 5
c3k 5
c9 6
ctt 6
cux 6
caj 6
cxl 6
cc6 6
c72 6
c8a 6
c3k 6
clt 7
cho 7
cc6 3
c72 3
c8a 3
c3k 3
cdt 8
c3k 3
cax 9
chi 9
c3k 0
cmq 4
cr 8
cu 8
c5t 8
cxl 8
cc6 8
c72 8
c8a 8
c3k 8
c9 7
ctt 7
cux 7
caj 7
cxl 7
cc6 7
c72 7
c8a 7
c3k 7
clt 4
cho 4
cc6 0
c72 0
c8a 0
c3k 0
cdt 1
c3k 0
cax 2
chi 2
c3k 1
cmq 3
so 9
c0 9
c5t 9
cxl 5
cc6 5
c72 5
c8a 5
c3k 5
c9 6
ctt 6
cux 6
caj 6
cxl 6
cc6 6
c72 6
c8a 6
c3k 6
clt 9
cho 9
cc6 0
c72 0
c8a 0
c3k 0
cdt 2
c3k 0
cax 3
chi 3
c3k 1
cmq 2
cf 8
cr 4
cu 8
c5t 8
cxl 8
cc6 8
c72 8
c8a 8
c3k 8
c9 3
ctt 3
cux 3
caj 3
cxl 3
cc6 3
c72 3
c8a 3
c3k 3
clt 2
cho 2
cc6 0
c72 0
c8a 0
c3k 0
cdt 1
c3k 0
cax 4
chi 4
c3k 1
cmq 2
sb 9
cho 5
cc6 2
c72 2
c8a 2
c3k 2
cu 9
c5t 9
cxl 6
cc6 6
c72 6
c8a 6
c3k 6
c9 7
ctt 7
cux 7
caj 7
cxl 7
cc6 7
c72 7
c8a 7
c3k 7
clt 8
cho 8
cc6 0
c72 0
c8a 0
c3k 0
cdt 4
c3k 0
cax 5
chi 5
c3k 1
cmq 3
s6 9
c0q 9
c72 2
c8a 2
c3k 2
cxl 4
cc6 4
c72 4
c8a 4
c3k 4
c0 9
c5t 9
cxl 9
cc6 9
c72 9
c8a 9
c3k 9
cf 8
cu 8
c5t 8
cxl 8
cc6 8
c72 8
c8a 8
c3k 8
c9 3
ctt 3
cux 3
caj 3
cxl 3
cc6 3
c72 3
c8a 3
c3k 3
clt 0
cho 0
cc6 0
c72 0
c8a 0
c3k 0
cdt 1
c3k 0
cax 2
chi 2
c3k 1
cmq 4
sc 6
cc6 2
c72 2
c8a 2
c3k 2
cf 6
cu 6
c5t 6
cxl 5
cc6 5
c72 5
c8a 5
c3k 5
cr 7
cu 7
c5t 7
cxl 6
cc6 6
c72 6
c8a 6
c3k 6
c9 9
ctt 9
cux 9
caj 9
cxl 9
cc6 9
c72 9
c8a 9
c3k 9
clt 7
cho 7
cc6 3
c72 3
c8a 3
c3k 3
cdt 8
c3k 3
cax 8
chi 8
c3k 0
cmq 4
si 7
c0 7
c5t 7
cxl 7
cc6 7
c72 7
c8a 7
c3k 7
cr 1
cu 1
c5t 1
cxl 1
cc6 1
c72 1
c8a 1
c3k 1
c9 0
ctt 0
cux 0
caj 0
cxl 0
cc6 0
c72 0
c8a 0
c3k 0
clt 2
cho 2
cc6 1
c72 1
c8a 1
c3k 1
cdt 3
c3k 1
cax 4
chi 4
c3k 0
cmq 2
sj 8
ctt 5
cux 5
caj 5
cxl 5
cc6 5
c72 5
c8a 5
c3k 5
cf 8
cu 8
c5t 8
cxl 3
cc6 3
c72 3
c8a 3
c3k 3
cr 6
cu 6
c5t 6
cxl 6
cc6 6
c72 6
c8a 6
c3k 6
c9 9
ctt 9
cux 9
caj 9
cxl 9
cc6 9
c72 9
c8a 9
c3k 9
clt 7
cho 7
cc6 2
c72 2
c8a 2
c3k 2
cdt 4
c3k 2
cax 8
chi 8
c3k 0
cmq 4
sl 7
c0q 7
c72 7
c8a 7
c3k 7
cho 3
cc6 3
c72 3
c8a 3
c3k 3
cf 4
cr 5
cu 4
c5t 4
cxl 4
cc6 4
c72 4
c8a 4
c3k 4
c9 0
ctt 0
cux 0
caj 0
cxl 0
cc6 0
c72 0
c8a 0
c3k 0
clt 1
cho 1
cc6 1
c72 1
c8a 1
c3k 1
cdt 2
c3k 1
cax 3
chi 3
c3k 0
cmq 2
s5 8
cho 5
cc6 2
c72 2
c8a 2
c3k 2
c9 6
ctt 6
cux 6
caj 6
cxl 6
cc6 6
c72 6
c8a 6
c3k 6
clt 7
cho 7
cc6 3
c72 3
c8a 3
c3k 3
cdt 8
c3k 3
cax 9
chi 9
c3k 2
cmq 4
s8 8
c9 8
ctt 8
cux 8
caj 8
cxl 8
cc6 8
c72 8
c8a 8
c3k 8
clt 4
cho 4
cc6 0
c72 0
c8a 0
c3k 0
cdt 5
c3k 0
cax 6
chi 6
c3k 1
cmq 2
s4 7
c9 7
ctt 7
cux 7
caj 7
cxl 7
cc6 7
c72 7
c8a 7
c3k 7
clt 9
cho 9
cc6 2
c72 2
c8a 2
c3k 2
cdt 3
c3k 2
cax 5
chi 5
c3k 0
cmq 3
sn 4
c0q 4
c72 4
c8a 4
c3k 4
c9 3
ctt 3
cux 3
caj 3
cxl 3
cc6 3
c72 3
c8a 3
c3k 3
clt 0
cho 0
cc6 0
c72 0
c8a 0
c3k 0
cdt 1
c3k 0
cax 2
chi 2
c3k 1
cmq 4
s2 6
c5t 6
cxl 5
cc6 5
c72 5
c8a 5
c3k 5
ctt 6
cux 6
caj 6
cxl 6
cc6 6
c72 6
c8a 6
c3k 6
cf 9
cr 8
cu 9
c5t 9
cxl 9
cc6 9
c72 9
c8a 9
c3k 9
c9 7
ctt 7
cux 7
caj 7
cxl 7
cc6 7
c72 7
c8a 7
c3k 7
clt 2
cho 2
cc6 0
c72 0
c8a 0
c3k 0
cdt 4
c3k 0
cax 8
chi 8
c3k 1
cmq 2
s3 4
c0q 4
c72 4
c8a 4
c3k 4
ctt 3
cux 3
caj 3
cxl 3
cc6 3
c72 3
c8a 3
c3k 3
clt 5
cho 5
cc6 0
c72 0
c8a 0
c3k 0
cdt 2
c3k 0
cax 6
chi 6
c3k 1
cmq 2
s7 9
c5t 9
cxl 9
cc6 9
c72 9
c8a 9
c3k 9
c0 8
c5t 8
cxl 8
cc6 8
c72 8
c8a 8
c3k 8
c9 5
ctt 5
cux 5
caj 5
cxl 5
cc6 5
c72 5
c8a 5
c3k 5
cr 7
cu 7
c5t 7
cxl 0
cc6 0
c72 0
c8a 0
c3k 0
c9 2
ctt 2
cux 2
caj 2
cxl 2
cc6 2
c72 2
c8a 2
c3k 2
clt 3
cho 3
cc6 1
c72 1
c8a 1
c3k 1
cdt 4
c3k 1
cax 6
chi 6
c3k 0
cmq 3
sa 7
cdt 7
c3k 2
c0 9
c5t 9
cxl 9
cc6 9
c72 9
c8a 9
c3k 9
c9 4
ctt 4
cux 4
caj 4
cxl 4
cc6 4
c72 4
c8a 4
c3k 4
cf 8
cu 8
c5t 8
cxl 3
cc6 3
c72 3
c8a 3
c3k 3
c9 6
ctt 6
cux 6
caj 6
cxl 6
cc6 6
c72 6
c8a 6
c3k 6
clt 0
cho 0
cc6 0
c72 0
c8a 0
c3k 0
cdt 1
c3k 0
cax 2
chi 2
c3k 1
cmq 3
sg 7
ctt 5
cux 5
caj 5
cxl 5
cc6 5
c72 5
c8a 5
c3k 5
c4o 7
chi 4
c3k 5
clt 7
cho 7
cc6 2
c72 2
c8a 2
c3k 2
cdt 8
c3k 2
cax 9
chi 9
c3k 3
cmq 7
sh 8
cxl 8
cc6 8
c72 8
c8a 8
c3k 8
cf 4
cr 9
cu 4
c5t 4
cxl 4
cc6 4
c72 4
c8a 4
c3k 4
c9 0
ctt 0
cux 0
caj 0
cxl 0
cc6 0
c72 0
c8a 0
c3k 0
clt 1
cho 1
cc6 1
c72 1
c8a 1
c3k 1
cdt 2
c3k 1
cax 3
chi 3
c3k 0
cmq 2
sm 7
c0 7
c5t 5
cxl 5
cc6 5
c72 5
c8a 5
c3k 5
cf 9
cr 7
cu 9
c5t 9
cxl 6
cc6 6
c72 6
c8a 6
c3k 6
c9 7
ctt 7
cux 7
caj 7
cxl 7
cc6 7
c72 7
c8a 7
c3k 7
clt 8
cho 8
cc6 2
c72 2
c8a 2
c3k 2
cdt 9
c3k 2
cax 4
chi 4
c3k 0
cmq 3
sp 9
c4o 9
chi 9
c3k 1
c9 4
ctt 4
cux 4
caj 4
cxl 4
cc6 4
c72 4
c8a 4
c3k 4
clt 3
cho 3
cc6 0
c72 0
c8a 0
c3k 0
cdt 1
c3k 0
cax 2
chi 2
c3k 1
cmq 3
sxt 8
clt 5
cho 5
cc6 2
c72 2
c8a 2
c3k 2
cdt 6
c3k 2
cax 7
chi 7
c3k 3
cmq 5
sjt 8
clt 8
cho 8
cc6 5
c72 5
c8a 5
c3k 5
cdt 9
c3k 5
cax 6
chi 6
c3k 4
cmq 7
sqt 9
cxl 9
cc6 9
c72 9
c8a 9
c3k 9
clt 8
cho 8
cc6 8
c72 8
c8a 8
c3k 8
cdt 6
c3k 8
cax 7
chi 7
c3k 0
cmq 6
sot 9
c5t 9
cxl 9
cc6 9
c72 9
c8a 9
c3k 9
clt 0
cho 0
cc6 0
c72 0
c8a 0
c3k 0
cdt 1
c3k 0
cax 2
chi 2
c3k 1
cmq 3
st 7
cho 4
cc6 4
c72 4
c8a 4
c3k 4
c5t 7
cxl 7
cc6 2
c72 2
c8a 2
c3k 2
cf 5
cu 5
c5t 5
cxl 5
cc6 5
c72 5
c8a 5
c3k 5
c9 3
ctt 3
cux 3
caj 3
cxl 3
cc6 3
c72 3
c8a 3
c3k 3
clt 0
cho 0
cc6 0
c72 0
c8a 0
c3k 0
cdt 1
c3k 0
cax 2
chi 2
c3k 1
cmq 4
cr 6
cu 6
c5t 6
cxl 6
cc6 6
c72 6
c8a 6
c3k 6
c9 7
ctt 7
cux 7
caj 7
cxl 7
cc6 7
c72 7
c8a 7
c3k 7
clt 8
cho 8
cc6 2
c72 2
c8a 2
c3k 2
cdt 9
c3k 2
cax 5
chi 5
c3k 0
cmq 4
cx 9
cdt 9
c3k 1
c0 9
c5t 9
cxl 9
cc6 9
c72 9
c8a 9
c3k 9
c9 3
ctt 3
cux 3
caj 3
cxl 3
cc6 3
c72 3
c8a 3
c3k 3
clt 0
cho 0
cc6 0
c72 0
c8a 0
c3k 0
cdt 1
c3k 0
cf 4
cu 4
c5t 4
cxl 1
cc6 1
c72 1
c8a 1
c3k 1
c9 2
ctt 2
cux 2
caj 2
cxl 2
cc6 2
c72 2
c8a 2
c3k 2
clt 4
cho 4
cc6 1
c72 1
c8a 1
c3k 1
cdt 5
c3k 1
cr 6
cu 6
c5t 6
cxl 5
cc6 5
c72 5
c8a 5
c3k 5
c9 7
ctt 7
cux 7
caj 7
cxl 7
cc6 7
c72 7
c8a 7
c3k 7
clt 6
cho 6
cc6 0
c72 0
c8a 0
c3k 0
cdt 8
c3k 0
cax 9
chi 9
c3k 1
cmq 3
s4t 4
cho 4
cc6 4
c72 4
c8a 4
c3k 4
cdt 6
c3k 4
cax 8
chi 8
c3k 0
cmq 2
s8t 9
cux 9
caj 9
cxl 9
cc6 9
c72 9
c8a 9
c3k 9
cdt 3
c3k 9
cax 5
chi 5
c3k 0
cmq 2
sat 6
cax 6
chi 6
c3k 1
cmq 3
sft 8
cax 8
chi 8
c3k 2
cmq 3
sgt 7
cdt 7
c3k 3
cax 5
chi 5
c3k 5
cmq 4
sxx 7
cux 7
caj 7
cxl 7
cc6 7
c72 7
c8a 7
c3k 7
cax 6
chi 6
c3k 7
cmq 0
sjx 8
cax 8
chi 8
c3k 0
cmq 1
sqx 4
cho 4
cc6 4
c72 4
c8a 4
c3k 4
cax 2
chi 2
c3k 2
cmq 1
sox 9
cux 9
caj 9
cxl 9
cc6 9
c72 9
c8a 9
c3k 9
cax 3
chi 3
c3k 9
cmq 5
s6x 6
cse 6
c7k 6
c7it 6
cax 8
chi 8
c3k 0
cmq 3
s2x 6
cax 6
chi 6
c3k 6
cmq 1
shx 7
cxl 7
cc6 7
c72 7
c8a 7
c3k 7
cax 2
chi 2
c3k 7
cmq 0
smx 8
chi 1
c3k 0
cax 3
chi 3
c3k 1
cmq 4
s1 8
ctt 8
cux 8
caj 8
cxl 8
cc6 8
c72 8
c8a 8
c3k 8
cmq 5
scx 9
cax 9
chi 9
c3k 8
cmq 2
sej 6
ckj 6
c8a 0
c3k 0
cmq 3
sk 4
cu 4
c5t 4
cxl 4
cc6 4
c72 4
c8a 4
c3k 4
c9 1
ctt 1
cux 1
caj 1
cxl 1
cc6 1
c72 1
c8a 1
c3k 1
clt 0
cho 0
cc6 0
c72 0
c8a 0
c3k 0
cdt 2
c3k 0
cax 3
chi 3
c3k 1
cmq 2
slx 5
c72 2
c8a 2
c3k 2
cax 5
chi 5
c3k 2
cmq 4
smj 6
caj 6
cxl 6
cc6 6
c72 6
c8a 6
c3k 6
cmq 7
sq 9
c0 9
c5t 9
cxl 8
cc6 8
c72 8
c8a 8
c3k 8
c9 9
ctt 9
cux 9
caj 9
cxl 9
cc6 9
c72 9
c8a 9
c3k 9
clt 3
cho 3
cc6 3
c72 3
c8a 3
c3k 3
cdt 4
c3k 3
cax 5
chi 5
c3k 0
cf 7
cr 4
cu 7
c5t 7
cxl 7
cc6 7
c72 7
c8a 7
c3k 7
c9 1
ctt 1
cux 1
caj 1
cxl 1
cc6 1
c72 1
c8a 1
c3k 1
clt 0
cho 0
cc6 0
c72 0
c8a 0
c3k 0
cdt 2
c3k 0
cax 3
chi 3
c3k 1
cmq 2
s6q 4
c0q 4
c72 2
c8a 2
c3k 2
cc6 3
c72 3
c8a 3
c3k 3
cmq 4
s2q 6
cmq 5
shq 8
c0q 8
c72 4
c8a 4
c3k 4
cmq 6
scq 9
cxl 8
cc6 8
c72 8
c8a 8
c3k 8
cmq 7
sg7 9
sst 9
cdt 9
c3k 8
su9 9
syr 9
shat 5
scat 6
smat 7
caat 8
shtt 9
skjt 6
sq7 7
svut 5
s0ut 7
s5ut 9
sput 5
c4ut 8
s8ut 7
c4ut 8
sekt 9
sk0x 3
sfwj 0
siwj 6
sewj 1
s7wj 1
srwj 7
skwj 3
sbwj 5
suwj 2
svwj 4
c0wj 4
s7c 9
slsx 7
srbx 6
svkt 7
szs 0
sx8q 9
sj8q 3
sq8q 5
co8q 9
seyq 8
c7yq 8
so8 7
sp8t 7
swb 1
si0q 2
se0q 7
s70q 6
sr0q 0
sk0q 1
sb0q 3
su0q 4
sv0q 6
s00q 8
s50q 1
cp0q 4
s1qt 2
s29t 0
sbvt 2
szjj 6
ssjj 2
syjj 0
sdjj 5
s3jj 1
s1jj 7
ctqj 7
swqj 2
ctqj 0
s04x 2
s27t 1
s8 2
sok 3
ss 5
sy7 6
sz5x 3
squq 5
souq 3
sluq 1
s6uq 2
s2uq 7
shuq 6
scuq 0
smuq 8
cfuq 7
sauq 5
cfuq 0
smi 8
cvi 8
cs7 8
cmqt 8
cbct 8
sai 4
cvi 4
cs7 4
cmqt 4
cbct 4
sfi 2
cvi 2
cs7 2
cmqt 2
cbct 2
sii 6
cvi 6
cs7 6
cmqt 6
cbct 6
sei 5
cvi 5
cs7 5
cmqt 5
cbct 5
s7i 1
cvi 1
cs7 1
cmqt 1
cbct 1
sri 8
cvi 8
cs7 8
cmqt 8
cbct 8
ski 3
cvi 3
cs7 3
cmqt 3
cbct 3
sbi 4
cvi 4
cs7 4
cmqt 4
cbct 4
sui 2
cvi 1
cs7 1
cmqt 1
cbct 1
s26 6
cs7 2
cmqt 2
cbct 2
s56 6
cs7 5
cmqt 5
cbct 5
sk2 6
cs7 6
cmqt 6
cbct 6
skh 9
cs7 9
cmqt 9
cbct 9
sg7 8
cs7 8
cmqt 8
cbct 8
sz7 3
cs7 3
cmqt 3
cbct 3
s1e 4
csu 4
cmqt 0
cbct 0
s46 4
csu 4
cmqt 4
cbct 4
sg2 1
csu 1
cmqt 1
cbct 1
sp6 7
csu 7
cmqt 7
cbct 7
stf 2
csu 2
cmqt 2
cbct 2
s5u 5
csu 0
cmqt 0
cbct 0
spu 6
csu 3
cmqt 3
cbct 3
s8u 9
csu 4
cmqt 4
cbct 4
s4u 5
csu 5
cmqt 5
cbct 5
snu 9
csu 6
cmqt 6
cbct 6
s9u 9
csu 8
cmqt 8
cbct 8
sgu 9
csu 9
cmqt 9
cbct 9
szu 1
csu 1
cmqt 1
cbct 1
s2f 7
cmqt 7
cbct 7
s2qt 2
cmqt 2
cbct 2
s30 0
cmqt 0
cbct 0
sjm 3
cmqt 3
cbct 3
sln 4
cmqt 4
cbct 4
suj 5
cmqt 0
cbct 0
sxg 6
cmqt 1
cbct 1
syc 8
cmqt 2
cbct 2
scqt 9
cmqt 5
cbct 5
s62 8
ct2t 8
cbct 6
s8 7
ct2t 7
cbct 7
scc 9
ct2t 9
cbct 9
sn1 8
ct2t 8
cbct 8
sw2t 3
ct2t 3
cbct 3
s52t 4
cbct 4
s6c 0
cbct 0
s9d 1
cbct 1
sdh 2
cbct 2
selt 5
cbct 3
spwt 6
cbct 5
srht 7
cbct 6
srwt 8
cbct 7
s8lx 9
cz2x 9
sgbt 8
cz2x 8
sjdt 9
cz2x 9
sky 4
cz2x 4
s92x 0
cz2x 0
sg2x 1
cz2x 1
s44 8
scbj 2
su8x 3
sp9q 5
s89q 6
s49q 7
sn9q 2
s99q 3
sg9q 9
sz9q 4
ss9q 8
sy9q 0
sd9q 1
c39q 0
sg6 4
sylx 5
s1yq 3
cwdq 3
sthx 4
suxt 5
s8xj 5
s4xj 4
snxj 9
s9xj 5
sgxj 7
szxj 4
ssxj 7
syxj 4
cdxj 9
s1gj 7
s2lq 5
s2qt 4
s2x 5
s54 4
shnj 2
siyt 2
su3 5
srlq 7
sklq 1
cblq 1
snpq 2
c9pq 1
schx 9
sont 4
c20q 9
s60q 7
c20q 7
s4rx 5
s7oj 6
su4j 8
svoj 8
sl4q 2
s64q 4
s24q 4
sh4q 5
sc4q 6
cm4q 6
s31j 8
s89x 1
s9b 8
sixx 8
skz 8
snj 4
sq2q 1
sqj 8
sr5t 8
shyq 4
scyq 1
smyq 5
sayq 8
sfyq 2
ciyq 4
s2t 0
c0q 0
c72 0
shq 8
c0q 1
c72 1
skq 8
c0q 8
c72 8
sbq 2
c0q 2
c72 2
s8x 5
c1x 5
cc6 5
c72 0
s4x 9
c1x 9
cc6 9
c72 9
snx 5
c1x 5
cc6 5
c72 5
s9x 6
c1x 1
cc6 1
c72 1
sgx 8
c1x 8
cc6 8
c72 8
szx 3
c1x 0
cc6 0
c72 0
ssx 6
c1x 2
cc6 2
c72 2
sdx 6
c1x 6
cc6 6
c72 6
s3x 3
c1x 3
cc6 3
c72 3
seq 9
cfl 9
cc6 0
c72 0
syx 5
c1x 1
cc6 1
c72 1
cfl 9
cc6 2
c72 2
sjl 5
cfl 5
cc6 5
c72 5
sql 8
cfl 8
cc6 8
c72 8
sol 9
cfl 0
cc6 0
c72 0
sll 7
cfl 1
cc6 1
c72 1
s6l 7
cfl 2
cc6 2
c72 2
s2l 6
cfl 3
cc6 3
c72 3
shl 9
cfl 9
cc6 9
c72 9
scl 6
cfl 5
cc6 5
c72 5
sal 6
cfl 6
cc6 6
c72 6
sxt 7
clt 7
cho 7
cc6 7
c72 7
sjt 8
clt 0
cho 0
cc6 0
c72 0
s4t 8
cho 8
cc6 8
c72 8
spj 1
cho 1
cc6 1
c72 1
sqx 2
cho 2
cc6 2
c72 2
svq 3
c0q 3
c72 0
cho 4
cc6 4
c72 4
s1q 9
cho 5
cc6 5
c72 5
swo 6
cho 6
cc6 6
c72 6
sto 9
cho 9
cc6 9
c72 9
sxo 3
cho 3
cc6 3
c72 3
sjo 7
cho 7
cc6 7
c72 7
sqo 8
cho 1
cc6 1
c72 1
soo 8
cho 8
cc6 8
c72 8
slo 2
cho 2
cc6 2
c72 2
s6o 4
cho 0
cc6 0
c72 0
s2o 5
cho 5
cc6 5
c72 5
sit 6
c5t 6
cxl 6
cc6 1
c72 1
sot 9
clt 9
cho 9
cc6 9
c72 9
c5t 3
cxl 3
cc6 3
c72 3
skt 4
c5t 4
cxl 4
cc6 4
c72 4
sbt 7
c5t 7
cxl 7
cc6 7
c72 7
sut 8
c5t 2
cxl 2
cc6 2
c72 2
svt 8
c5t 8
cxl 8
cc6 8
c72 8
s0t 6
c5t 6
cxl 6
cc6 6
c72 6
sv 0
c0q 0
c72 0
c0 1
c5t 1
cxl 1
cc6 1
c72 1
c9 3
clt 3
cho 3
cc6 3
c72 3
ctt 0
cux 0
caj 0
cxl 0
cc6 0
c72 0
st 5
cho 2
cc6 1
c72 1
c5t 4
cxl 4
cc6 4
c72 4
cf 5
cu 5
c5t 5
cxl 5
cc6 5
c72 5
c9 6
clt 6
cho 6
cc6 6
c72 6
ctt 7
cux 7
caj 7
cxl 7
cc6 7
c72 7
cx 9
c0 9
c5t 9
cxl 2
cc6 2
c72 2
c9 8
clt 8
cho 8
cc6 8
c72 8
ctt 9
cux 9
caj 9
cxl 9
cc6 9
c72 9
cf 3
cu 3
c5t 3
cxl 3
cc6 3
c72 3
c9 0
clt 0
cho 0
cc6 0
c72 0
ctt 1
cux 1
caj 1
cxl 1
cc6 1
c72 1
cr 4
cu 2
c5t 2
cxl 2
cc6 2
c72 2
c9 4
clt 4
cho 4
cc6 4
c72 4
ctt 5
cux 5
caj 5
cxl 5
cc6 5
c72 5
se 6
c0 6
c5t 6
cxl 3
cc6 3
c72 3
c9 7
clt 7
cho 7
cc6 7
c72 7
ctt 6
cux 6
caj 6
cxl 6
cc6 6
c72 6
cr 8
cu 8
c5t 8
cxl 0
cc6 0
c72 0
c9 9
clt 9
cho 9
cc6 1
c72 1
ctt 8
cux 8
caj 8
cxl 8
cc6 8
c72 8
s7 2
clt 2
cho 2
cc6 2
c72 2
c5t 3
cxl 3
cc6 0
c72 0
c0 4
c5t 4
cxl 4
cc6 4
c72 4
c9 1
clt 1
cho 1
cc6 1
c72 1
ctt 2
cux 2
caj 2
cxl 2
cc6 2
c72 2
cr 5
cu 5
c5t 5
cxl 0
cc6 0
c72 0
c9 6
clt 6
cho 6
cc6 1
c72 1
ctt 3
cux 3
caj 3
cxl 3
cc6 3
c72 3
sa 9
clt 5
cho 5
cc6 4
c72 4
c0 9
c5t 9
cxl 7
cc6 7
c72 7
c9 8
clt 8
cho 8
cc6 5
c72 5
ctt 9
cux 9
caj 9
cxl 9
cc6 9
c72 9
cf 6
cu 6
c5t 6
cxl 6
cc6 6
c72 6
c9 0
clt 0
cho 0
cc6 0
c72 0
ctt 1
cux 1
caj 1
cxl 1
cc6 1
c72 1
so 8
c0 8
c5t 2
cxl 2
cc6 2
c72 2
c9 3
clt 3
cho 3
cc6 0
c72 0
ctt 4
cux 4
caj 4
cxl 4
cc6 4
c72 4
cf 9
cr 7
cu 9
c5t 9
cxl 5
cc6 5
c72 5
c9 7
clt 7
cho 7
cc6 7
c72 7
ctt 6
cux 6
caj 6
cxl 6
cc6 6
c72 6
sq 8
c0 8
c5t 8
cxl 3
cc6 3
c72 3
c9 9
clt 9
cho 9
cc6 9
c72 9
ctt 8
cux 8
caj 8
cxl 8
cc6 8
c72 8
cf 1
cr 4
cu 1
c5t 1
cxl 1
cc6 1
c72 1
c9 0
clt 0
cho 0
cc6 0
c72 0
ctt 2
cux 2
caj 2
cxl 2
cc6 2
c72 2
sk 5
cu 3
c5t 3
cxl 1
cc6 1
c72 1
c9 4
clt 4
cho 4
cc6 4
c72 4
ctt 3
cux 3
caj 3
cxl 3
cc6 3
c72 3
sb 5
cho 5
cc6 0
c72 0
cu 6
c5t 6
cxl 6
cc6 6
c72 6
c9 7
clt 7
cho 7
cc6 1
c72 1
ctt 8
cux 8
caj 8
cxl 8
cc6 8
c72 8
si 9
c0 9
c5t 9
cxl 5
cc6 5
c72 5
cr 9
cu 9
c5t 9
cxl 9
cc6 9
c72 9
c9 7
clt 7
cho 7
cc6 7
c72 7
ctt 2
cux 2
caj 2
cxl 2
cc6 2
c72 2
sl 4
c0q 4
c72 0
cho 1
cc6 1
c72 1
cf 3
cr 5
cu 3
c5t 3
cxl 3
cc6 3
c72 3
c9 4
clt 4
cho 4
cc6 4
c72 4
ctt 1
cux 1
caj 1
cxl 1
cc6 1
c72 1
sm 6
clt 2
cho 2
cc6 0
c72 0
c0 6
c5t 5
cxl 3
cc6 3
c72 3
cf 8
cr 9
cu 8
c5t 8
cxl 5
cc6 5
c72 5
c9 6
clt 6
cho 6
cc6 2
c72 2
ctt 7
cux 7
caj 7
cxl 7
cc6 7
c72 7
s5 9
cho 8
cc6 4
c72 4
c9 9
clt 9
cho 9
cc6 6
c72 6
ctt 9
cux 9
caj 9
cxl 9
cc6 9
c72 9
sp 8
clt 8
cho 8
cc6 8
c72 8
c9 1
clt 1
cho 1
cc6 1
c72 1
ctt 0
cux 0
caj 0
cxl 0
cc6 0
c72 0
s8 3
c9 3
clt 3
cho 3
cc6 3
c72 3
ctt 2
cux 2
caj 2
cxl 2
cc6 2
c72 2
s4 5
c9 4
clt 4
cho 4
cc6 0
c72 0
ctt 5
cux 5
caj 5
cxl 5
cc6 5
c72 5
sn 7
c0q 7
c72 1
c9 6
clt 6
cho 6
cc6 3
c72 3
ctt 7
cux 7
caj 7
cxl 7
cc6 7
c72 7
s2 9
clt 9
cho 9
cc6 2
c72 2
c5t 8
cxl 8
cc6 8
c72 8
cf 4
cr 6
cu 4
c5t 4
cxl 4
cc6 4
c72 4
c9 0
clt 0
cho 0
cc6 0
c72 0
cux 1
caj 1
cxl 1
cc6 1
c72 1
ctt 2
cux 2
caj 2
cxl 2
cc6 2
c72 2
sj 6
cf 6
cu 6
c5t 6
cxl 3
cc6 3
c72 3
cr 5
cu 5
c5t 5
cxl 5
cc6 5
c72 5
c9 6
clt 6
cho 6
cc6 6
c72 6
cux 4
caj 4
cxl 4
cc6 4
c72 4
ctt 7
cux 7
caj 7
cxl 7
cc6 7
c72 7
sg 9
clt 8
cho 8
cc6 0
c72 0
ctt 9
cux 9
caj 9
cxl 9
cc6 9
c72 9
sz 1
cfl 1
cc6 1
c72 1
ctt 2
cux 2
caj 2
cxl 2
cc6 2
c72 2
ss 3
ctt 3
cux 3
caj 3
cxl 3
cc6 3
c72 3
sy 5
ctt 5
cux 5
caj 5
cxl 5
cc6 5
c72 5
sd 8
ctt 8
cux 8
caj 8
cxl 8
cc6 8
c72 8
s3 6
c0q 6
c72 0
clt 4
cho 4
cc6 4
c72 4
ctt 7
cux 7
caj 7
cxl 7
cc6 7
c72 7
s1 9
ctt 9
cux 9
caj 9
cxl 9
cc6 9
c72 9
s8t 1
cux 1
caj 1
cxl 1
cc6 1
c72 1
sox 6
cux 6
caj 6
cxl 6
cc6 6
c72 6
swt 2
ctt 2
cux 2
caj 2
cxl 2
cc6 2
c72 2
sxx 3
cux 3
caj 3
cxl 3
cc6 3
c72 3
sfx 5
c0q 5
c72 0
cux 4
caj 4
cxl 4
cc6 4
c72 4
six 8
cux 8
caj 8
cxl 8
cc6 8
c72 8
sex 7
cux 7
caj 7
cxl 7
cc6 7
c72 7
s7x 5
cux 5
caj 5
cxl 5
cc6 5
c72 5
srx 9
cux 1
caj 1
cxl 1
cc6 1
c72 1
skx 9
cux 9
caj 9
cxl 9
cc6 9
c72 9
sbx 6
cux 6
caj 6
cxl 6
cc6 6
c72 6
s9t 2
caj 2
cxl 2
cc6 2
c72 2
sxj 3
caj 0
cxl 0
cc6 0
c72 0
sqj 4
caj 3
cxl 3
cc6 3
c72 3
soj 4
caj 4
cxl 4
cc6 4
c72 4
slj 8
caj 7
cxl 7
cc6 7
c72 7
s6j 8
cho 8
cc6 1
c72 1
caj 5
cxl 5
cc6 5
c72 5
s2j 8
caj 8
cxl 8
cc6 8
c72 8
shj 9
caj 9
cxl 9
cc6 9
c72 9
scj 6
caj 6
cxl 6
cc6 6
c72 6
smj 2
caj 2
cxl 2
cc6 2
c72 2
s5q 0
cxl 0
cc6 0
c72 0
s6 3
c0q 3
c72 1
c0 4
c5t 4
cf 5
cu 5
c5t 5
c9 0
clt 0
cho 0
cc6 0
c72 0
ctt 1
cux 1
caj 1
cxl 1
cc6 1
c72 1
scq 7
cxl 2
cc6 2
c72 2
sh 8
clt 3
cho 3
cc6 0
c72 0
cf 8
cr 7
cu 8
c5t 8
c9 4
clt 4
cho 4
cc6 4
c72 4
ctt 5
cux 5
caj 5
cxl 5
cc6 5
c72 5
shx 9
cxl 3
cc6 3
c72 3
sjj 6
caj 6
cxl 6
cc6 6
c72 6
sqt 7
clt 7
cho 7
cc6 0
c72 0
cxl 8
cc6 8
c72 8
svj 9
cxl 9
cc6 9
c72 9
syo 7
cxl 7
cc6 7
c72 7
sdo 1
cxl 1
cc6 1
c72 1
s3o 2
cxl 2
cc6 2
c72 2
s1o 4
cxl 4
cc6 4
c72 4
swl 5
cxl 0
cc6 0
c72 0
stl 3
cxl 3
cc6 3
c72 3
s6q 6
c0q 6
c72 1
cc6 2
c72 2
s8j 8
cc6 4
c72 4
sc 9
cf 9
cu 9
c5t 9
cxl 9
cr 5
cu 5
c5t 5
cxl 5
c9 0
clt 0
cho 0
ctt 1
cux 1
caj 1
cxl 1
cc6 1
c72 1
sfo 8
cc6 0
c72 0
sgl 8
cc6 2
c72 2
siq 7
cc6 3
c72 3
s66 7
cc6 4
c72 4
s26 8
cc6 5
c72 5
sh6 8
cc6 6
c72 6
s36 7
c72 1
sbj 7
c0q 7
c72 7
slx 8
c72 8
suj 9
c72 9
suq 0
c0q 0
c72 0
sy6 2
c72 1
szq 3
c72 2
s62 4
c72 3
s22 5
c72 4
sh2 6
c72 5
sc2 6
c72 6
sm2 7
c72 7
sa2 8
c72 8
sf2 9
c72 9
si2 0
c72 0
se2 1
c72 1
shfj 2
sxjj 3
sy3x 4
slkj 5
s6kj 6
s2kj 7
shkj 8
sckj 9
smkj 7
sakj 5
sfkj 9
sikj 0
sekj 9
c7kj 2
cewq 2
s76x 6
seqq 9
siqj 8
sml 3
cfl 3
cc6 3
c72 3
sp3x 0
srk 5
srvq 4
ckvq 4
se6q 1
s76q 6
sr6q 1
sk6q 7
sb6q 6
su6q 7
cv6q 6
s2rq 9
s8y 5
sakt 8
sidx 8
skdq 0
sbdq 1
sudq 5
svdq 8
c0dq 5
sij 7
c9h 7
swx 9
c9h 9
snh 3
c9h 2
sih 3
sq7 6
su3 3
smmt 7
samt 6
sfmt 7
simt 9
semt 3
s7mt 6
srmt 7
skmt 9
cbmt 7
sc6t 2
selx 3
shy 2
si7 6
sijj 6
skzt 9
sl3 0
sv9t 9
sp7j 9
s87j 6
s47j 3
sn7j 2
s97j 6
sg7j 6
sz7j 2
ss7j 6
sy7j 0
sd7j 6
c37j 0
s02 9
s0qt 7
shat 3
siu 2
skg 7
ccft 7
shft 1
ccft 0
s1 2
cq6 2
s1q 6
cq6 2
saq 9
cq6 1
suj 3
cq6 3
sut 9
cq6 6
syx 9
cq6 7
sdl 8
cq6 8
s3l 9
cq6 0
sw6 9
cq6 1
st6 2
cq6 2
sx6 3
cq6 3
sj6 6
cq6 6
s1l 7
cq6 6
st2 9
sx2 8
sj2 9
sq2 7
cl2 6
so2 0
cl2 0
smh 1
cah 0
sbe 2
sde 3
s0jt 9
s5jt 7
spjt 8
s8jt 7
s4jt 7
snjt 9
cgjt 0
s9jt 1
cgjt 1
s0x 2
s6f 9
smtq 7
syjq 3
sdjq 9
s3jq 4
s1jq 4
swqq 5
stqq 8
cxqq 4
sv 6
c0 6
c9 6
cy2 6
s5 2
c9 0
cy2 0
sp 5
c9 5
cy2 5
s8 7
c9 1
cy2 1
s4 3
c9 2
cy2 2
sn 9
c9 9
cy2 9
sc 3
c9 3
cy2 3
cf 8
cu 8
c9 8
cy2 8
cr 7
cu 4
c9 4
cy2 4
sj 7
c9 0
cy2 0
cf 7
cu 7
c9 7
cy2 7
cr 6
cu 1
c9 1
cy2 1
st 6
cf 6
cu 6
c9 6
cy2 6
cx 2
c0 2
c9 2
cy2 2
cf 0
cu 0
c9 0
cy2 0
cr 3
cu 1
c9 1
cy2 1
si 5
c0 4
c9 2
cy2 2
cr 5
cu 3
c9 3
cy2 3
se 9
c0 7
c9 4
cy2 4
cr 8
cu 5
c9 5
cy2 5
s7 9
c0 9
c9 6
cy2 6
cr 8
cu 7
c9 7
cy2 7
s2 8
cf 8
cr 9
cu 8
c9 8
cy2 8
s6 9
c0 9
c9 9
cy2 9
cf 0
cu 0
c9 0
cy2 0
sa 1
c0 1
c9 1
cy2 1
cf 2
cu 2
c9 2
cy2 2
sh 3
cf 3
cr 4
cu 3
c9 3
cy2 3
sl 5
c9 4
cy2 4
cf 5
cr 6
cu 5
c9 5
cy2 5
sm 7
c0 7
c9 0
cy2 0
cf 7
cr 8
cu 7
c9 7
cy2 7
so 9
c0 9
c9 1
cy2 1
cf 6
cr 8
cu 6
c9 6
cy2 6
sq 8
c0 8
c9 8
cy2 8
cf 9
cr 9
cu 9
c9 9
cy2 9
sk 2
cu 2
c9 2
cy2 2
s1j 3
cy2 0
s7t 4
cy2 1
sa2 5
cy2 3
sb 7
cu 7
c9 7
cy2 7
sst 4
cy2 0
sp2 5
cy2 1
s82 6
cy2 2
s42 8
cy2 3
sn2 6
cy2 4
s92 6
cy2 5
sg2 8
cy2 6
sz2 9
cy2 8
ss2 9
cy2 9
sdwt 7
sfm 0
skkt 1
ss4x 2
ssjt 3
s5bq 4
spbq 5
s8bq 6
s4bq 8
c9bq 8
snbq 9
c9bq 0
