9466
sm6 0
suh 1
swx 2
sge 3
s8e 4
s9a 5
si6 6
sve 7
sek 8
s0a 9
s31 4
sjr 7
soat 9
srmt 8
svot 3
scit 4
smit 0
sait 3
sfit 6
siit 9
seit 1
s2t 2
skq 5
sbq 6
s8x 8
s4x 4
snx 7
sgx 3
szx 0
ssx 8
sdx 9
s3x 8
syx 6
sjl 5
sql 1
sol 5
sll 3
s6l 3
s2l 2
scl 6
sml 4
sal 8
spj 6
svq 0
s1q 7
swo 2
sto 9
sxo 5
sjo 1
sqo 4
soo 3
slo 8
s2o 4
sit 7
skt 6
sbt 0
svt 5
s0t 2
sz 3
sy 9
sd 9
swt 5
sfx 1
six 8
sex 6
s7x 0
srx 2
skx 7
sbx 4
sxj 5
sqj 1
soj 6
s6j 6
s2j 1
shj 0
sjj 6
svj 1
syo 2
sdo 9
s3o 3
s1o 2
swl 4
stl 5
s8j 7
sfo 8
sgl 7
s66 6
s26 9
sh6 0
s36 9
sbj 4
suj 8
suq 5
sy6 7
szq 1
s62 4
s22 9
sh2 6
sc2 2
sm2 3
sa2 6
sf2 2
si2 5
se2 7
smt 1
sfj 1
sij 0
s7j 8
srj 6
s0x 7
s1h 2
s56 5
s86 9
so2 5
svl 2
spa 4
sfq 0
sjq 3
sqq 8
ssj 1
s5q 4
spq 9
c8q 9
sga 7
sih 2
sqf 0
sof 6
slf 4
s6f 2
s2f 1
shf 0
ccf 4
ss 7
sut 1
spt 2
snt 0
s9t 5
syt 3
s6o 8
scj 1
sht 7
s7o 6
sro 3
sko 3
sbo 0
suo 2
s0o 6
s5o 5
spo 8
s8o 9
s9q 7
set 3
svo 1
sg6 3
sz6 0
cs6 7
s5h 8
s9x 6
c1x 6
sb2 4
scc 5
seq 2
slj 8
spf 0
stf 8
szh 1
s4f 3
s0c 9
shl 4
cfl 4
siq 5
snf 2
c9f 7
syh 5
szt 6
s1f 3
swi 2
sti 9
sxi 0
sji 8
sqi 4
soi 6
sli 9
s6i 1
s2i 3
sae 9
si7 5
slc 0
stm 5
sze 2
s4k 8
snk 9
s9k 4
sgk 9
szk 1
ssk 9
syk 6
sdk 4
sv 7
se 3
so 0
sb 1
s6 5
sc 4
si 7
sj 2
sl 9
s5 4
s8 8
s4 0
sn 5
s2 0
s3 6
s7 2
sa 3
sg 9
sh 1
sm 3
sp 5
c4o 5
sxt 8
sjt 3
sqt 7
sot 6
st 4
cx 4
s4t 7
s8t 9
sat 3
sft 0
sgt 2
sxx 1
sjx 6
sqx 0
sox 9
s6x 8
cse 8
c7k 8
c7it 8
s2x 2
shx 3
smx 1
s1 7
scx 1
sej 5
ckj 5
sk 2
slx 9
smj 1
sq 0
c0 4
cf 0
cr 1
cu 0
c5t 0
c9 1
ctt 1
cux 1
caj 1
clt 0
cho 0
cax 2
chi 2
s6q 3
s2q 6
shq 3
c0q 3
scq 7
cxl 1
cc6 1
c72 1
c8a 1
cmq 0
sg7 9
sst 5
cdt 3
c3k 1
su9 6
syr 6
shat 8
scat 6
smat 7
caat 1
shtt 9
skjt 5
sq7 6
svut 8
s0ut 4
s5ut 7
sput 6
s8ut 7
c4ut 1
sekt 9
sk0x 4
sfwj 8
siwj 7
sewj 4
s7wj 5
srwj 9
skwj 4
sbwj 6
suwj 8
svwj 9
c0wj 1
s7c 7
slsx 4
srbx 6
svkt 4
szs 7
sx8q 5
sj8q 4
sq8q 8
co8q 8
s2c 9
s2f 6
sxi 6
s0r 9
s5r 7
spr 6
c8r 7
s5y 3
sapt 6
sb0 4
st0 9
scyt 4
smyt 2
s25x 4
s3yx 9
s4j 6
sb3x 7
shft 3
suex 2
svvj 0
sw9 6
so0j 2
sl0j 7
s60j 0
s20j 7
sh0j 2
sc0j 3
sm0j 6
sa0j 9
skpj 4
svpj 2
s0pj 6
s5pj 7
sppj 4
s8pj 3
c4pj 3
s2t 4
c0q 4
c72 4
shq 0
c0q 0
c72 0
skq 2
c0q 2
c72 2
sbq 6
c0q 6
c72 6
s8x 9
c3q 9
cayt 9
cf0j 9
c1x 7
cc6 7
c72 1
s4x 7
c1x 7
cc6 7
c72 3
snx 9
c1x 9
cc6 9
c72 9
s9x 5
c1x 5
cc6 5
c72 5
sgx 7
c1x 7
cc6 7
c72 7
szx 4
c1x 0
cc6 0
c72 0
ssx 2
c1x 1
cc6 1
c72 1
sdx 6
c1x 6
cc6 6
c72 6
s3x 2
c1x 2
cc6 2
c72 2
seq 4
cfl 4
cc6 0
c72 0
syx 3
c1x 3
cc6 3
c72 3
cfl 4
cc6 1
c72 1
sjl 9
cfl 9
cc6 4
c72 4
sql 5
cfl 5
cc6 5
c72 5
sol 7
cfl 2
cc6 2
c72 2
sll 9
cfl 3
cc6 3
c72 3
s6l 9
cfl 9
cc6 9
c72 9
s2l 7
cfl 6
cc6 6
c72 6
shl 7
cfl 7
cc6 7
c72 7
scl 0
cfl 0
cc6 0
c72 0
sml 1
cfl 1
cc6 1
c72 1
sal 4
cfl 4
cc6 4
c72 4
sxt 5
clt 5
cho 5
cc6 5
c72 5
sjt 2
clt 0
cho 0
cc6 0
c72 0
s4t 3
cho 1
cc6 1
c72 1
spj 9
cho 2
cc6 2
c72 2
sqx 6
cho 3
cc6 3
c72 3
svq 7
c0q 7
c72 4
cho 6
cc6 6
c72 6
s1q 9
cho 9
cc6 9
c72 9
swo 7
cho 7
cc6 7
c72 7
sto 5
cho 5
cc6 5
c72 5
sxo 0
cho 0
cc6 0
c72 0
sjo 1
cho 1
cc6 1
c72 1
sqo 2
cho 2
cc6 2
c72 2
soo 3
cho 3
cc6 3
c72 3
slo 8
cho 8
cc6 8
c72 8
s6o 6
cho 4
cc6 4
c72 4
s2o 9
c4pj 9
cho 6
cc6 6
c72 6
sit 7
c5t 7
cxl 7
cc6 7
c72 7
sot 9
clt 9
cho 9
cc6 9
c72 9
c5t 0
cxl 0
cc6 0
c72 0
skt 5
c5t 1
cxl 1
cc6 1
c72 1
sbt 2
c5t 2
cxl 2
cc6 2
c72 2
sut 3
c5t 3
cxl 3
cc6 3
c72 3
svt 8
c5t 4
cxl 4
cc6 4
c72 4
s0t 5
c5t 5
cxl 5
cc6 5
c72 5
sv 8
c0q 8
c72 0
c0 6
c5t 6
cxl 6
cc6 6
c72 6
c9 7
clt 7
cho 7
cc6 7
c72 7
ctt 1
cux 1
caj 1
cxl 1
cc6 1
c72 1
st 8
cho 0
cc6 0
c72 0
c5t 8
cxl 2
cc6 2
c72 2
cf 9
cu 9
c5t 9
cxl 9
cc6 9
c72 9
c9 3
clt 3
cho 3
cc6 3
c72 3
ctt 4
cux 4
caj 4
cxl 4
cc6 4
c72 4
cx 8
c0 8
c5t 8
cxl 0
cc6 0
c72 0
c9 5
clt 5
cho 5
cc6 1
c72 1
ctt 2
cux 2
caj 2
cxl 2
cc6 2
c72 2
cf 6
cu 6
c5t 6
cxl 6
cc6 6
c72 6
c9 7
clt 7
cho 7
cc6 7
c72 7
ctt 8
cux 8
caj 8
cxl 8
cc6 8
c72 8
cr 9
cu 9
c5t 9
cxl 0
cc6 0
c72 0
c9 5
clt 5
cho 5
cc6 5
c72 5
ctt 1
cux 1
caj 1
cxl 1
cc6 1
c72 1
se 3
c0 3
c5t 3
cxl 3
cc6 3
c72 3
c9 2
clt 2
cho 2
cc6 2
c72 2
ctt 0
cux 0
caj 0
cxl 0
cc6 0
c72 0
cr 4
cu 4
c5t 4
cxl 1
cc6 1
c72 1
c9 6
clt 6
cho 6
cc6 2
c72 2
ctt 4
cux 4
caj 4
cxl 4
cc6 4
c72 4
s7 9
clt 5
cho 5
cc6 3
c72 3
c5t 7
cxl 7
cc6 7
c72 7
c0 9
c5t 9
cxl 8
cc6 8
c72 8
c9 9
clt 9
cho 9
cc6 9
c72 9
ctt 6
cux 6
caj 6
cxl 6
cc6 6
c72 6
cr 5
cu 5
c5t 5
cxl 5
cc6 5
c72 5
c9 0
clt 0
cho 0
cc6 0
c72 0
ctt 1
cux 1
caj 1
cxl 1
cc6 1
c72 1
sa 4
clt 2
cho 2
cc6 0
c72 0
c0 4
c5t 4
cxl 3
cc6 3
c72 3
c9 7
clt 7
cho 7
cc6 7
c72 7
ctt 4
cux 4
caj 4
cxl 4
cc6 4
c72 4
cf 8
cu 8
c5t 8
cxl 2
cc6 2
c72 2
c9 5
clt 5
cho 5
cc6 5
c72 5
ctt 6
cux 6
caj 6
cxl 6
cc6 6
c72 6
so 9
c0 9
c5t 9
cxl 0
cc6 0
c72 0
c9 8
clt 8
cho 8
cc6 8
c72 8
ctt 1
cux 1
caj 1
cxl 1
cc6 1
c72 1
cf 9
cr 9
cu 9
c5t 9
cxl 9
cc6 9
c72 9
c9 3
clt 3
cho 3
cc6 3
c72 3
ctt 2
cux 2
caj 2
cxl 2
cc6 2
c72 2
sq 7
c0 7
c5t 7
cxl 0
cc6 0
c72 0
c9 4
clt 4
cho 4
cc6 4
c72 4
ctt 1
cux 1
caj 1
cxl 1
cc6 1
c72 1
cf 5
cr 6
cu 5
c5t 5
cxl 0
cc6 0
c72 0
c9 6
clt 6
cho 6
cc6 6
c72 6
ctt 2
cux 2
caj 2
cxl 2
cc6 2
c72 2
sk 8
cu 7
c5t 7
cxl 3
cc6 3
c72 3
c9 5
clt 5
cho 5
cc6 5
c72 5
ctt 7
cux 7
caj 7
cxl 7
cc6 7
c72 7
sb 8
cho 4
cc6 0
c72 0
cu 8
c5t 8
cxl 1
cc6 1
c72 1
c9 9
clt 9
cho 9
cc6 9
c72 9
ctt 8
cux 8
caj 8
cxl 8
cc6 8
c72 8
si 4
c0 4
c5t 4
cxl 4
cc6 4
c72 4
cr 0
cu 0
c5t 0
cxl 0
cc6 0
c72 0
c9 1
clt 1
cho 1
cc6 1
c72 1
ctt 2
cux 2
caj 2
cxl 2
cc6 2
c72 2
sl 6
c0q 6
c72 0
cho 3
cc6 1
c72 1
cf 5
cr 7
cu 5
c5t 5
cxl 4
cc6 4
c72 4
c9 6
clt 6
cho 6
cc6 6
c72 6
ctt 5
cux 5
caj 5
cxl 5
cc6 5
c72 5
sm 9
clt 7
cho 7
cc6 2
c72 2
c0 9
c5t 8
cxl 3
cc6 3
c72 3
cf 9
cr 9
cu 9
c5t 9
cxl 8
cc6 8
c72 8
c9 9
clt 9
cho 9
cc6 9
c72 9
ctt 7
cux 7
caj 7
cxl 7
cc6 7
c72 7
s5 4
cayt 4
cf0j 4
cho 0
cc6 0
c72 0
c9 1
clt 1
cho 1
cc6 1
c72 1
ctt 2
cux 2
caj 2
cxl 2
cc6 2
c72 2
sp 6
clt 3
cho 3
cc6 0
c72 0
c9 6
clt 6
cho 6
cc6 1
c72 1
ctt 4
cux 4
caj 4
cxl 4
cc6 4
c72 4
s8 5
c9 5
clt 5
cho 5
cc6 3
c72 3
ctt 7
cux 7
caj 7
cxl 7
cc6 7
c72 7
s4 8
c9 8
clt 8
cho 8
cc6 5
c72 5
ctt 9
cux 9
caj 9
cxl 9
cc6 9
c72 9
sn 6
c0q 6
c72 6
c9 2
clt 2
cho 2
cc6 2
c72 2
ctt 0
cux 0
caj 0
cxl 0
cc6 0
c72 0
s2 8
cf0j 8
clt 1
cho 1
cc6 1
c72 1
c5t 4
cxl 3
cc6 3
c72 3
cf 7
cr 9
cu 7
c5t 7
cxl 7
cc6 7
c72 7
c9 4
clt 4
cho 4
cc6 4
c72 4
cux 5
caj 5
cxl 5
cc6 5
c72 5
ctt 6
cux 6
caj 6
cxl 6
cc6 6
c72 6
sj 9
cf 9
cu 9
c5t 9
cxl 0
cc6 0
c72 0
cr 8
cu 8
c5t 8
cxl 1
cc6 1
c72 1
c9 2
clt 2
cho 2
cc6 2
c72 2
cux 3
caj 3
cxl 3
cc6 3
c72 3
ctt 7
cux 7
caj 7
cxl 7
cc6 7
c72 7
sg 9
c8r 9
cayt 9
cf0j 9
clt 8
cho 8
cc6 0
c72 0
ctt 9
cux 9
caj 9
cxl 9
cc6 9
c72 9
sz 4
cfl 4
cc6 1
c72 1
ctt 4
cux 4
caj 4
cxl 4
cc6 4
c72 4
ss 5
ctt 5
cux 5
caj 5
cxl 5
cc6 5
c72 5
sy 6
ctt 6
cux 6
caj 6
cxl 6
cc6 6
c72 6
sd 8
ctt 8
cux 8
caj 8
cxl 8
cc6 8
c72 8
s3 2
c0q 2
c72 0
clt 3
cho 3
cc6 3
c72 3
ctt 7
cux 7
caj 7
cxl 7
cc6 7
c72 7
s1 9
ctt 9
cux 9
caj 9
cxl 9
cc6 9
c72 9
s8t 1
cux 1
caj 1
cxl 1
cc6 1
c72 1
sox 2
cux 2
caj 2
cxl 2
cc6 2
c72 2
swt 4
ctt 4
cux 4
caj 4
cxl 4
cc6 4
c72 4
sxx 5
cux 5
caj 5
cxl 5
cc6 5
c72 5
sfx 6
c3q 6
cayt 6
cf0j 6
c0q 8
c72 0
cux 3
caj 3
cxl 3
cc6 3
c72 3
six 7
cux 7
caj 7
cxl 7
cc6 7
c72 7
sex 6
cux 1
caj 1
cxl 1
cc6 1
c72 1
s7x 8
cux 8
caj 8
cxl 8
cc6 8
c72 8
srx 6
cux 2
caj 2
cxl 2
cc6 2
c72 2
skx 9
cux 9
caj 9
cxl 9
cc6 9
c72 9
sbx 6
cux 6
caj 6
cxl 6
cc6 6
c72 6
s9t 4
c3q 4
cayt 4
cf0j 4
caj 0
cxl 0
cc6 0
c72 0
sxj 5
caj 3
cxl 3
cc6 3
c72 3
sqj 5
caj 5
cxl 5
cc6 5
c72 5
soj 4
caj 4
cxl 4
cc6 4
c72 4
slj 7
caj 1
cxl 1
cc6 1
c72 1
s6j 8
cho 8
cc6 0
c72 0
caj 2
cxl 2
cc6 2
c72 2
s2j 7
caj 7
cxl 7
cc6 7
c72 7
shj 9
caj 9
cxl 9
cc6 9
c72 9
scj 6
caj 6
cxl 6
cc6 6
c72 6
smj 8
caj 8
cxl 8
cc6 8
c72 8
s5q 3
cxl 3
cc6 3
c72 3
s6 5
c0q 5
c72 0
c0 4
c5t 4
cf 5
cu 5
c5t 5
c9 0
clt 0
cho 0
cc6 0
c72 0
ctt 1
cux 1
caj 1
cxl 1
cc6 1
c72 1
scq 2
cxl 2
cc6 2
c72 2
sh 7
clt 3
cho 3
cc6 0
c72 0
cf 7
cr 4
cu 7
c5t 7
c9 4
clt 4
cho 4
cc6 4
c72 4
ctt 5
cux 5
caj 5
cxl 5
cc6 5
c72 5
shx 9
cxl 3
cc6 3
c72 3
sjj 6
caj 6
cxl 6
cc6 6
c72 6
sqt 9
clt 7
cho 7
cc6 0
c72 0
cxl 8
cc6 8
c72 8
svj 9
cayt 9
cf0j 9
cxl 9
cc6 9
c72 9
syo 7
cxl 7
cc6 7
c72 7
sdo 1
cxl 1
cc6 1
c72 1
s3o 2
cxl 2
cc6 2
c72 2
s1o 4
cxl 4
cc6 4
c72 4
swl 5
cxl 0
cc6 0
c72 0
stl 3
cxl 3
cc6 3
c72 3
s6q 6
c0q 6
c72 1
cc6 2
c72 2
s8j 8
cc6 4
c72 4
sc 9
cf 9
cu 9
c5t 9
cxl 9
cr 5
cu 5
c5t 5
cxl 5
c9 0
clt 0
cho 0
ctt 1
cux 1
caj 1
cxl 1
cc6 1
c72 1
sfo 8
cc6 0
c72 0
sgl 8
cc6 2
c72 2
siq 7
cc6 3
c72 3
s66 7
cc6 4
c72 4
s26 8
cc6 5
c72 5
sh6 8
cc6 6
c72 6
s36 7
c72 1
sbj 7
c0q 7
c72 7
slx 8
c72 8
suj 9
c72 9
suq 0
c0q 0
c72 0
sy6 2
c72 1
szq 3
c72 2
s62 4
c72 3
s22 5
c72 4
sh2 6
c72 5
sc2 6
c72 6
sm2 7
c72 7
sa2 8
c72 8
sf2 9
c72 9
si2 0
c72 0
se2 1
c72 1
s3xx 2
s49x 3
s6at 4
s7jx 5
scaq 6
sm2j 7
sqxx 8
sy9j 9
sjvq 5
cqvq 5
s9qx 3
sgqx 6
szqx 0
csqx 0
s3kt 8
sbkx 7
sjq 6
ssj 4
stzx 2
swd 1
sgzq 9
szzq 3
sszq 4
syzq 1
sdzq 8
s3zq 7
s1zq 6
swsq 2
stsq 0
sxsq 5
cjsq 9
scj 4
saq 4
sfq 0
siq 1
seq 1
s7q 4
s3t 0
saf 7
sam 0
sk7 1
slm 7
sni 1
sq7 8
s07 5
s57 0
sp7 8
s87 4
s47 1
sn7 6
s1j 6
s7t 7
sa2 3
sp2 5
s42 1
sn2 8
sg2 6
sz2 0
ss2 7
s59 8
sa4t 4
sb3 6
sczt 3
sgvt 2
skgt 7
sku 2
smz 3
sa3t 5
sf3t 2
si3t 0
se3t 6
s73t 1
sr3t 2
sk3t 8
s35x 4
s15x 3
swpx 5
stpx 7
sxpx 3
sjpx 0
sqpx 8
sopx 2
clpx 2
s7a 6
sra 9
ska 4
sba 1
sua 7
sva 5
c5a 9
s0a 3
c5a 9
s6j 5
cho 5
spj 1
cho 1
sqx 3
cho 3
svq 8
cho 0
swo 4
cho 2
sto 6
cho 6
sxo 7
cho 7
sjo 5
cho 5
sqo 4
cho 1
soo 9
cho 4
slo 8
cho 8
s6o 9
cho 9
s1q 3
cho 3
s2l 0
s4x 2
s7o 6
si6 7
se6 6
s76 0
sr6 7
sk6 5
sb6 1
su6 4
shx 8
syq 2
sgh 4
szh 6
ssh 4
syh 2
sdh 9
s3h 7
s1h 8
s0h 0
s82 1
ssq 5
sta 3
stl 1
swh 8
sna 0
s9a 5
sga 4
s1c 9
s1t 3
s4f 7
s8h 6
s92 2
cy2 2
sh6 1
s5j 4
sbo 3
sfj 8
skx 0
suj 5
syj 7
cv6 7
cwc 7
syo 4
sil 9
sel 6
s7l 4
srl 3
skl 8
sbl 1
sul 0
c0l 0
svl 9
c0l 1
sv 5
c0 5
c9 5
cy2 5
clt 0
cho 0
cwc 0
cdt 1
sk 3
cu 3
cy2 2
c9 3
cy2 3
clt 4
cho 4
cwc 4
cdt 1
sb 8
cy2 6
cho 2
cwc 2
cu 8
cy2 7
c9 8
cy2 8
clt 5
cho 5
cwc 5
cdt 1
s6 9
c0 9
cf 9
cu 9
cy2 9
c9 3
cy2 3
clt 1
cho 1
cwc 1
cdt 0
s5 6
cho 2
cwc 2
c9 6
cy2 6
clt 3
cho 3
cwc 3
cdt 0
s8 7
c9 7
cy2 7
clt 4
cho 4
cwc 4
cdt 5
s4 8
c9 8
cy2 8
clt 9
cho 9
cwc 9
cdt 6
sn 0
c9 0
cy2 0
clt 1
cho 1
cwc 1
cdt 2
s3 7
clt 5
cho 5
cwc 5
cdt 3
sg 8
clt 6
cho 6
cwc 6
cdt 4
sp 8
c9 8
cy2 8
clt 0
cho 0
cwc 0
cdt 2
sxt 7
clt 3
cho 3
cwc 3
cdt 4
sjt 7
clt 7
cho 7
cwc 7
cdt 9
sqt 8
clt 8
cho 8
cwc 8
cdt 1
sot 2
clt 2
cho 2
cwc 2
cdt 1
sa 4
c0 4
c9 4
cy2 4
cf 9
cu 9
cy2 9
c9 0
cy2 0
clt 1
cho 1
cwc 1
cdt 2
set 5
cdt 3
ss 6
cdt 4
sut 5
cdt 5
spt 6
cdt 6
s8t 7
cdt 7
s4t 8
cho 8
cwc 8
cdt 9
snt 0
cdt 0
s9t 2
cdt 2
sgt 3
cdt 0
szt 4
cdt 3
sst 5
cy2 5
c0l 4
cdt 6
syt 7
cdt 7
s2 9
cf 9
cu 9
cy2 9
c9 0
cy2 0
clt 1
cho 1
cwc 1
cdt 2
cr 3
cu 3
cy2 3
c9 4
cy2 4
clt 5
cho 5
cwc 5
cdt 0
sc 6
cf 6
cu 6
cy2 6
c9 7
cy2 7
clt 8
cho 8
cwc 8
cdt 2
cr 9
cu 9
cy2 9
c9 3
cy2 3
clt 0
cho 0
cwc 0
cdt 2
sh 7
cf 7
cu 7
cy2 7
c9 1
cy2 1
clt 0
cho 0
cwc 0
cdt 2
cr 4
cu 3
cy2 3
c9 4
cy2 4
clt 5
cho 5
cwc 5
cdt 1
sj 9
cf 9
cu 9
cy2 6
c9 9
cy2 9
clt 7
cho 7
cwc 7
cdt 2
cr 8
cu 8
cy2 8
c9 3
cy2 3
clt 1
cho 1
cwc 1
cdt 2
sl 9
cho 4
cwc 4
cf 9
cu 9
cy2 9
c9 0
cy2 0
clt 1
cho 1
cwc 1
cdt 2
cr 6
cu 3
cy2 3
c9 5
cy2 5
clt 4
cho 4
cwc 4
cdt 0
sm 8
c0 8
cf 6
cu 6
cy2 6
c9 7
cy2 7
clt 8
cho 8
cwc 8
cdt 3
cr 9
cu 9
cy2 9
c9 7
cy2 7
clt 0
cho 0
cwc 0
cdt 1
so 2
c0 2
c9 2
cy2 2
clt 1
cho 1
cwc 1
cdt 3
cf 5
cu 5
cy2 5
c9 4
cy2 4
clt 0
cho 0
cwc 0
cdt 2
cr 6
cu 6
cy2 3
c9 6
cy2 6
clt 5
cho 5
cwc 5
cdt 1
sq 9
c0 9
c9 7
cy2 7
clt 8
cho 8
cwc 8
cdt 2
cf 9
cu 9
cy2 9
c9 4
cy2 4
clt 1
cho 1
cwc 1
cdt 2
cr 3
cu 3
cy2 3
c9 6
cy2 6
clt 0
cho 0
cwc 0
cdt 2
si 7
c0 7
c9 7
cy2 7
clt 2
cho 2
cwc 2
cdt 1
cr 3
cu 3
cy2 3
c9 4
cy2 4
clt 5
cho 5
cwc 5
cdt 0
se 9
c0 9
c9 9
cy2 9
clt 6
cho 6
cwc 6
cdt 1
cr 8
cu 8
cy2 8
c9 7
cy2 7
clt 0
cho 0
cwc 0
cdt 1
s7 3
c0 3
c9 3
cy2 3
clt 1
cho 1
cwc 1
cdt 2
cr 4
cu 4
cy2 4
c9 7
cy2 7
clt 5
cho 5
cwc 5
cdt 0
s3o 9
sjj 8
sm6 8
sa6 8
cf6 8
sao 9
cso 9
st 6
cho 6
cwc 6
cf 2
cu 2
cy2 2
c9 0
cy2 0
clt 1
cho 1
cwc 1
cdt 2
cr 3
cu 3
cy2 3
c9 4
cy2 4
clt 5
cho 5
cwc 5
cdt 0
cf6 7
cx 8
c0 8
c9 6
cy2 6
clt 7
cho 7
cwc 7
cf 9
cu 9
cy2 8
c9 9
cy2 9
clt 2
cho 2
cwc 2
cdt 0
cr 3
cu 3
cy2 3
c9 4
cy2 4
clt 0
cho 0
cwc 0
cdt 1
cf6 6
s3j 8
crq 8
c97 8
cb3t 4
cza 0
cci 0
sat 6
sph 9
ssj 3
cci 0
syc 6
sbm 6
svm 9
s0m 3
s5m 8
s0n 3
s2o 5
cho 5
cwc 5
cza 5
cci 5
s3xt 7
sqg 8
ssxt 6
sx7 9
s76t 7
s0nt 1
s43j 6
s67j 9
sdkj 2
so9j 7
sodx 9
ssxx 6
szcx 3
suqq 4
svqq 8
s0qq 6
s5qq 1
spqq 8
s8qq 2
s4qq 7
snqq 7
s9qq 3
sgqq 9
s93t 8
s9bj 3
sie 6
sn3t 2
sqs 3
sum 2
cpm 2
cr6t 5
czqq 5
suvj 9
svtq 4
s9oq 1
sgoq 3
szoq 7
csoq 5
s5gt 9
sblj 8
smgt 6
stvx 4
sz8q 6
s29q 3
ch9q 3
smi 7
sai 7
sfi 1
sii 4
sei 8
s7i 9
sri 1
ski 8
sui 9
s26 4
s56 7
sk2 4
sg7 2
sz7 1
s1e 9
s46 7
sg2 9
sp6 4
stf 8
s5u 9
spu 0
s8u 1
s4u 7
snu 9
s9u 2
sgu 9
szu 4
csu 8
s2f 1
s2qt 2
s30 1
sjm 7
sln 4
sxg 0
syc 1
scqt 9
s62 2
scc 1
sn1 0
sw2t 0
ct2t 0
s52t 8
s6c 1
s9d 5
selt 6
spwt 6
srht 7
srwt 4
s1 1
saq 8
sut 9
syx 7
sdl 2
s3l 5
s1l 8
sw6 9
st6 0
sx6 7
sj6 4
cq6 4
s5x 5
st 1
cx 1
sco 6
smo 9
sfo 8
sio 7
ceo 1
sao 0
ceo 0
cso 2
sy6 8
sd6 9
s36 7
s16 5
cw2 0
s1j 6
s2x 8
s4j 7
s8o 4
sel 9
sil 6
sql 7
s7h 5
srh 8
skh 6
sbh 5
suh 4
svh 9
c4h 0
s0h 2
c4h 0
s5h 8
c4h 1
sph 8
c4h 2
s8h 7
c4h 4
s1h 6
s2m 9
s3c 5
s5l 9
s8i 6
skc 7
suj 8
cq6 8
c4h 8
ste 6
sxe 5
sje 7
sqe 9
soe 6
sle 0
s6e 9
c2e 9
s1q 0
cq6 0
c4h 0
c2e 0
cv6 1
cd2 1
s2l 7
cv6 2
cd2 2
s4x 4
cv6 4
cd2 4
s7o 5
cv6 5
cd2 5
syj 7
cv6 7
cd2 7
si6 6
cv6 0
cd2 0
se6 8
cv6 1
cd2 1
sr6 6
cv6 6
cd2 6
sk6 9
cv6 2
cd2 2
sb6 8
cv6 8
cd2 8
su6 4
cv6 0
cd2 0
s76 5
cv6 5
cd2 5
s7l 4
c4h 4
c2e 4
cd2 4
s7x 3
cd2 1
s8 9
ct2t 9
cd2 2
si 7
cd2 7
siq 3
cd2 3
sol 6
cd2 6
soo 9
cd2 9
ssx 8
cd2 8
sb 0
sdh 5
sej 4
cw2 4
c4h 4
c2e 4
sie 1
sua 2
sep 7
c7p 4
s5 7
sdb 5
sy 3
s8p 6
s4p 9
cnp 4
s1c 8
s4t 3
sg4 0
slg 9
sox 2
szlt 5
syft 1
sdft 0
s3ft 6
s1ft 5
swit 7
stit 1
sxit 8
sjit 0
sqit 2
soit 3
clit 8
s0mt 0
s2k 4
sbi 9
cvi 9
cs7 9
cmqt 9
cbct 9
sc2 3
sz4t 7
sbqx 4
cuqx 4
sqxq 1
sr3x 6
srpj 3
stjj 5
suqq 2
sfzq 3
sizq 7
sezq 6
s7zq 0
srzq 7
skzq 1
sbzq 5
suzq 4
svzq 2
c0zq 7
s3o 8
cf6 8
sm6 3
cf6 0
sa6 5
cf6 3
s82 9
sfe 5
sku 9
svu 9
sx5 8
s1n 9
sw9 0
st9 3
sx9 8
sj9 0
sq9 3
so9 5
sl9 9
s69 3
c29 0
sv 8
c0 8
c9 8
ctt 8
cux 8
caj 8
st 9
cf 9
cu 9
c9 9
ctt 9
cux 9
caj 9
cx 0
c0 0
c9 0
ctt 0
cux 0
caj 0
cf 3
cu 3
c9 3
ctt 3
cux 3
caj 3
cr 5
cf6 5
cu 1
c9 1
ctt 1
cux 1
caj 1
se 6
c0 6
c9 0
ctt 0
cux 0
caj 0
cr 4
cf6 4
cu 2
c9 2
ctt 2
cux 2
caj 2
s7 8
c0 8
c9 4
ctt 4
cux 4
caj 4
cr 5
cf6 5
cu 5
c9 5
ctt 5
cux 5
caj 5
sa 6
c0 6
c9 6
ctt 6
cux 6
caj 6
cf 8
cu 8
c9 8
ctt 8
cux 8
caj 8
sh 9
cf 9
cr 9
cf6 9
cu 9
c9 9
ctt 9
cux 9
caj 9
so 3
c0 3
c9 3
ctt 3
cux 3
caj 3
cf 0
cr 1
cf6 1
cu 0
c9 0
ctt 0
cux 0
caj 0
sq 2
c0 2
c9 1
ctt 1
cux 1
caj 1
cf 4
cr 5
cf6 5
cu 4
c9 4
ctt 4
cux 4
caj 4
sk 6
c29 6
cu 2
c9 2
ctt 2
cux 2
caj 2
sb 8
cu 8
c9 8
ctt 8
cux 8
caj 8
s6 6
c0 6
cf 5
cu 5
c9 5
ctt 5
cux 5
caj 5
sc 6
cf 6
cu 6
cr 3
cf6 3
cu 0
c9 0
ctt 0
cux 0
caj 0
si 9
c0 9
cr 3
cf6 3
cu 3
c9 3
ctt 3
cux 3
caj 3
sl 7
cf 7
cr 9
cf6 9
cu 7
c9 7
ctt 7
cux 7
caj 7
sm 1
c0 1
cf 4
cr 6
cf6 6
cu 4
c9 4
ctt 4
cux 4
caj 4
s5 9
c9 1
ctt 1
cux 1
caj 1
sp 6
c9 2
ctt 2
cux 2
caj 2
s8 8
c9 5
ctt 5
cux 5
caj 5
s4 9
c9 6
ctt 6
cux 6
caj 6
sn 9
c9 9
ctt 9
cux 9
caj 9
s2 8
cf 8
cr 0
cf6 0
cu 8
c9 8
cux 8
caj 8
ctt 0
cux 0
caj 0
sj 3
cf 3
cu 3
cr 4
cf6 4
cu 1
c9 1
cux 1
caj 1
ctt 0
cux 0
caj 0
sg 7
ctt 2
cux 2
caj 2
ss 7
ctt 3
cux 3
caj 3
sy 5
ctt 4
cux 4
caj 4
sd 6
ctt 5
cux 5
caj 5
s8t 9
cux 6
caj 6
sox 7
cux 7
caj 7
swt 9
ctt 8
cux 8
caj 8
sxx 9
cux 9
caj 9
sfx 1
cux 1
caj 1
six 0
cux 0
caj 0
sex 2
cux 1
caj 1
s7x 3
cux 2
caj 2
srx 4
cux 3
caj 3
skx 5
cux 5
caj 5
sbx 8
cux 8
caj 8
s9t 6
caj 4
sxj 7
caj 6
sjj 9
cf6 9
caj 7
sqj 9
caj 9
soj 0
caj 0
slj 1
caj 0
s6j 2
caj 0
s2j 3
caj 1
shj 5
caj 5
scj 8
caj 5
smj 2
caj 2
s3 3
ctt 3
cux 3
caj 2
s7j 4
ssl 6
caa 2
sz 7
ctt 7
cux 7
caj 7
caa 7
sb0 9
shx 9
sig 4
sur 6
sxh 8
sez 4
s7z 0
srz 1
skz 9
sbz 8
suz 0
cvz 7
s1i 5
s49 6
sc4 1
sfq 3
sin 1
snf 6
syg 4
sikt 0
sekt 9
s7kt 5
srkt 3
skkt 6
cbkt 7
s4pt 8
snpt 0
s9pt 1
sgpt 4
szpt 9
sspt 2
sypt 8
sdpt 8
s3pt 2
s1pt 3
cw8t 8
s1 9
ctt 9
cux 9
caj 9
caa 9
cvz 9
cbkt 9
s3nt 0
s4mt 2
s56t 5
s8d 4
s9i 1
sog 6
sqx 0
sret 2
sapx 1
sfpx 4
sipx 3
sepx 0
s7px 6
srpx 2
skpx 5
sbpx 6
cupx 8
s1gx 7
s21j 6
s3kt 7
s9gt 2
sad 1
smk 4
sqzt 2
svm 0
sttq 3
sxtq 5
sjtq 3
sqtq 1
sotq 0
sltq 6
s6tq 2
s2tq 7
chtq 9
s4z 4
saux 1
si2j 3
se2j 4
s72j 1
sr2j 5
ck2j 4
s9dx 6
sljq 7
smo 2
ssnx 3
sxkt 8
sh0q 0
sc0q 7
sm0q 5
sa0q 2
cf0q 7
s2t 3
c0q 3
c72 3
shq 6
c0q 1
c72 1
skq 8
c0q 8
c72 8
sbq 6
c0q 2
c72 2
s8x 6
c1x 6
cc6 6
c72 1
s4x 9
c1x 9
cc6 9
c72 3
snx 4
c1x 4
cc6 4
c72 4
s9x 6
c1x 5
cc6 5
c72 5
sgx 6
c1x 6
cc6 6
c72 6
szx 9
c1x 2
cc6 2
c72 2
ssx 8
c1x 8
cc6 8
c72 8
sdx 9
c1x 9
cc6 9
c72 9
s3x 1
c1x 1
cc6 1
c72 1
seq 3
cfl 3
cc6 2
c72 2
syx 4
c1x 3
cc6 3
c72 3
cfl 4
cc6 1
c72 1
sjl 5
cfl 5
cc6 4
c72 4
sql 6
cfl 6
cc6 5
c72 5
sol 8
cfl 6
cc6 6
c72 6
sll 8
cfl 8
cc6 8
c72 8
s6l 9
cfl 9
cc6 9
c72 9
s2l 3
cfl 3
cc6 3
c72 3
shl 2
cfl 2
cc6 2
c72 2
scl 0
cfl 0
cc6 0
c72 0
sal 1
cfl 1
cc6 1
c72 1
sxt 4
clt 4
cho 4
cc6 4
c72 4
sjt 5
clt 3
cho 3
cc6 3
c72 3
s4t 6
cho 0
cc6 0
c72 0
spj 8
cho 1
cc6 1
c72 1
sqx 5
cho 2
cc6 2
c72 2
svq 9
c0q 9
c72 4
cho 5
cc6 5
c72 5
s1q 6
cho 6
cc6 6
c72 6
swo 8
cho 8
cc6 8
c72 8
sto 7
cho 7
cc6 7
c72 7
sxo 9
cho 9
cc6 9
c72 9
sjo 3
cho 3
cc6 3
c72 3
sqo 0
cho 0
cc6 0
c72 0
soo 1
cho 1
cc6 1
c72 1
slo 2
cho 2
cc6 2
c72 2
s6o 5
cho 4
cc6 4
c72 4
s2o 6
cho 6
cc6 6
c72 6
sit 8
c5t 8
cxl 8
cc6 8
c72 8
sot 5
clt 5
cho 5
cc6 5
c72 5
c5t 7
cxl 7
cc6 7
c72 7
skt 9
c5t 9
cxl 9
cc6 9
c72 9
sbt 3
c5t 3
cxl 3
cc6 3
c72 3
sut 0
c5t 0
cxl 0
cc6 0
c72 0
svt 1
c5t 1
cxl 1
cc6 1
c72 1
s0t 2
c5t 2
cxl 2
cc6 2
c72 2
sv 4
c0q 4
c72 3
c0 6
c5t 6
cxl 6
cc6 6
c72 6
c9 4
clt 4
cho 4
cc6 4
c72 4
ctt 0
cux 0
caj 0
cxl 0
cc6 0
c72 0
st 8
cho 1
cc6 1
c72 1
c5t 8
cxl 2
cc6 2
c72 2
cf 5
cu 5
c5t 5
cxl 5
cc6 5
c72 5
c9 3
clt 3
cho 3
cc6 3
c72 3
ctt 6
cux 6
caj 6
cxl 6
cc6 6
c72 6
cx 7
c0 7
c5t 7
cxl 0
cc6 0
c72 0
c9 8
clt 8
cho 8
cc6 1
c72 1
ctt 4
cux 4
caj 4
cxl 4
cc6 4
c72 4
cf 9
cu 9
c5t 9
cxl 2
cc6 2
c72 2
c9 7
clt 7
cho 7
cc6 7
c72 7
ctt 5
cux 5
caj 5
cxl 5
cc6 5
c72 5
cr 9
cu 9
c5t 9
cxl 3
cc6 3
c72 3
c9 8
clt 8
cho 8
cc6 8
c72 8
ctt 0
cux 0
caj 0
cxl 0
cc6 0
c72 0
se 9
c0 9
c5t 9
cxl 9
cc6 9
c72 9
c9 1
clt 1
cho 1
cc6 1
c72 1
ctt 2
cux 2
caj 2
cxl 2
cc6 2
c72 2
cr 4
cu 4
c5t 3
cxl 0
cc6 0
c72 0
c9 4
clt 4
cho 4
cc6 1
c72 1
ctt 3
cux 3
caj 3
cxl 3
cc6 3
c72 3
s7 6
clt 5
cho 5
cc6 4
c72 4
c5t 6
cxl 6
cc6 6
c72 6
c0 7
c5t 7
cxl 7
cc6 7
c72 7
c9 8
clt 8
cho 8
cc6 8
c72 8
ctt 9
cux 9
caj 9
cxl 9
cc6 9
c72 9
cr 5
cu 5
c5t 5
cxl 5
cc6 5
c72 5
c9 2
clt 2
cho 2
cc6 2
c72 2
ctt 0
cux 0
caj 0
cxl 0
cc6 0
c72 0
sa 3
clt 1
cho 1
cc6 1
c72 1
c0 3
c5t 3
cxl 3
cc6 3
c72 3
c9 4
clt 4
cho 4
cc6 4
c72 4
ctt 5
cux 5
caj 5
cxl 5
cc6 5
c72 5
cf 6
cu 6
c5t 6
cxl 2
cc6 2
c72 2
c9 7
clt 7
cho 7
cc6 7
c72 7
ctt 6
cux 6
caj 6
cxl 6
cc6 6
c72 6
so 8
c0 8
c5t 8
cxl 0
cc6 0
c72 0
c9 9
clt 9
cho 9
cc6 1
c72 1
ctt 8
cux 8
caj 8
cxl 8
cc6 8
c72 8
cf 3
cr 4
cu 3
c5t 3
cxl 3
cc6 3
c72 3
c9 0
clt 0
cho 0
cc6 0
c72 0
ctt 1
cux 1
caj 1
cxl 1
cc6 1
c72 1
sq 4
c0 4
c5t 4
cxl 2
cc6 2
c72 2
c9 5
clt 5
cho 5
cc6 5
c72 5
ctt 4
cux 4
caj 4
cxl 4
cc6 4
c72 4
cf 7
cr 9
cu 7
c5t 7
cxl 3
cc6 3
c72 3
c9 6
clt 6
cho 6
cc6 6
c72 6
ctt 7
cux 7
caj 7
cxl 7
cc6 7
c72 7
sk 9
cu 8
c5t 8
cxl 0
cc6 0
c72 0
c9 9
clt 9
cho 9
cc6 9
c72 9
ctt 8
cux 8
caj 8
cxl 8
cc6 8
c72 8
sb 1
cho 1
cc6 1
c72 1
cu 0
c5t 0
cxl 0
cc6 0
c72 0
c9 2
clt 2
cho 2
cc6 2
c72 2
ctt 1
cux 1
caj 1
cxl 1
cc6 1
c72 1
si 5
c0 5
c5t 5
cxl 0
cc6 0
c72 0
cr 3
cu 3
c5t 3
cxl 3
cc6 3
c72 3
c9 4
clt 4
cho 4
cc6 4
c72 4
ctt 5
cux 5
caj 5
cxl 5
cc6 5
c72 5
sl 6
c0q 6
c72 0
cho 6
cc6 1
c72 1
cf 7
cr 9
cu 7
c5t 7
cxl 7
cc6 7
c72 7
c9 8
clt 8
cho 8
cc6 8
c72 8
ctt 9
cux 9
caj 9
cxl 9
cc6 9
c72 9
sm 6
clt 6
cho 6
cc6 6
c72 6
c0 2
c5t 2
cxl 2
cc6 2
c72 2
cf 3
cr 4
cu 3
c5t 3
cxl 3
cc6 3
c72 3
c9 0
clt 0
cho 0
cc6 0
c72 0
ctt 1
cux 1
caj 1
cxl 1
cc6 1
c72 1
s5 5
cho 2
cc6 0
c72 0
c9 4
clt 4
cho 4
cc6 2
c72 2
ctt 5
cux 5
caj 5
cxl 5
cc6 5
c72 5
sp 7
clt 6
cho 6
cc6 3
c72 3
c9 7
clt 7
cho 7
cc6 4
c72 4
ctt 8
cux 8
caj 8
cxl 8
cc6 8
c72 8
s8 9
c9 9
clt 9
cho 9
cc6 6
c72 6
ctt 7
cux 7
caj 7
cxl 7
cc6 7
c72 7
s4 9
c9 9
clt 9
cho 9
cc6 9
c72 9
ctt 1
cux 1
caj 1
cxl 1
cc6 1
c72 1
sn 5
c0q 5
c72 0
c9 2
clt 2
cho 2
cc6 2
c72 2
ctt 3
cux 3
caj 3
cxl 3
cc6 3
c72 3
s2 8
clt 4
cho 4
cc6 0
c72 0
c5t 8
cxl 1
cc6 1
c72 1
cf 6
cr 5
cu 6
c5t 6
cxl 6
cc6 6
c72 6
c9 5
clt 5
cho 5
cc6 5
c72 5
cux 4
caj 4
cxl 4
cc6 4
c72 4
ctt 7
cux 7
caj 7
cxl 7
cc6 7
c72 7
sj 8
cf 8
cu 8
c5t 8
cxl 0
cc6 0
c72 0
cr 9
cu 9
c5t 9
cxl 9
cc6 9
c72 9
c9 2
clt 2
cho 2
cc6 2
c72 2
cux 1
caj 1
cxl 1
cc6 1
c72 1
ctt 3
cux 3
caj 3
cxl 3
cc6 3
c72 3
sg 8
clt 6
cho 6
cc6 0
c72 0
ctt 8
cux 8
caj 8
cxl 8
cc6 8
c72 8
sz 5
cfl 5
cc6 2
c72 2
ctt 5
cux 5
caj 5
cxl 5
cc6 5
c72 5
ss 4
ctt 4
cux 4
caj 4
cxl 4
cc6 4
c72 4
sy 7
ctt 6
cux 6
caj 6
cxl 6
cc6 6
c72 6
sd 7
ctt 7
cux 7
caj 7
cxl 7
cc6 7
c72 7
s3 9
c0q 9
c72 0
clt 9
cho 9
cc6 9
c72 9
ctt 1
cux 1
caj 1
cxl 1
cc6 1
c72 1
s1 3
ctt 3
cux 3
caj 3
cxl 3
cc6 3
c72 3
s8t 8
cux 2
caj 2
cxl 2
cc6 2
c72 2
sox 8
cux 8
caj 8
cxl 8
cc6 8
c72 8
swt 5
ctt 5
cux 5
caj 5
cxl 5
cc6 5
c72 5
sxx 4
cux 4
caj 4
cxl 4
cc6 4
c72 4
sfx 6
c0q 6
c72 0
cux 7
caj 7
cxl 7
cc6 7
c72 7
six 9
cux 9
caj 9
cxl 9
cc6 9
c72 9
sex 1
cux 1
caj 1
cxl 1
cc6 1
c72 1
s7x 6
cux 6
caj 6
cxl 6
cc6 6
c72 6
srx 3
cux 3
caj 3
cxl 3
cc6 3
c72 3
skx 2
cux 2
caj 2
cxl 2
cc6 2
c72 2
sbx 8
cux 8
caj 8
cxl 8
cc6 8
c72 8
s9t 5
caj 5
cxl 5
cc6 5
c72 5
sxj 4
caj 0
cxl 0
cc6 0
c72 0
sqj 7
caj 1
cxl 1
cc6 1
c72 1
soj 7
caj 7
cxl 7
cc6 7
c72 7
slj 4
caj 4
cxl 4
cc6 4
c72 4
s6j 9
cho 9
cc6 2
c72 2
caj 6
cxl 6
cc6 6
c72 6
s2j 3
caj 3
cxl 3
cc6 3
c72 3
shj 9
caj 9
cxl 9
cc6 9
c72 9
scj 8
caj 8
cxl 8
cc6 8
c72 8
smj 5
caj 5
cxl 5
cc6 5
c72 5
s5q 0
cxl 0
cc6 0
c72 0
s6 1
c0q 1
c72 1
c0 2
c5t 2
cf 3
cu 3
c5t 3
c9 0
clt 0
cho 0
cc6 0
c72 0
ctt 1
cux 1
caj 1
cxl 1
cc6 1
c72 1
scq 7
cxl 2
cc6 2
c72 2
sh 4
clt 3
cho 3
cc6 0
c72 0
cf 4
cr 6
cu 4
c5t 4
c9 5
clt 5
cho 5
cc6 3
c72 3
ctt 4
cux 4
caj 4
cxl 4
cc6 4
c72 4
shx 7
cxl 6
cc6 6
c72 6
sjj 9
caj 7
cxl 7
cc6 7
c72 7
sqt 9
clt 8
cho 8
cc6 5
c72 5
cxl 9
cc6 9
c72 9
svj 8
cxl 8
cc6 8
c72 8
syo 1
cxl 1
cc6 1
c72 1
sdo 4
cxl 4
cc6 4
c72 4
s3o 2
cxl 2
cc6 2
c72 2
s1o 6
cxl 6
cc6 6
c72 6
swl 7
cxl 0
cc6 0
c72 0
stl 9
cxl 3
cc6 3
c72 3
s6q 5
c0q 5
c72 1
cc6 4
c72 4
s8j 7
cc6 5
c72 5
sc 7
cf 7
cu 7
c5t 7
cxl 7
cr 9
cu 8
c5t 8
cxl 8
c9 0
clt 0
cho 0
ctt 1
cux 1
caj 1
cxl 1
cc6 1
c72 1
sfo 9
cc6 0
c72 0
sgl 9
cc6 2
c72 2
siq 9
cc6 3
c72 3
s66 9
cc6 4
c72 4
s26 9
cc6 5
c72 5
sh6 9
cc6 6
c72 6
s36 9
c72 1
sbj 9
c0q 9
c72 7
slx 8
c72 8
suj 9
c72 9
suq 0
c0q 0
c72 0
sy6 2
c72 1
szq 3
c72 2
s62 4
c72 3
s22 5
c72 4
sh2 6
c72 5
sc2 6
c72 6
sm2 7
c72 7
sa2 8
c72 8
sf2 9
c72 9
si2 0
c72 0
se2 1
c72 1
shfj 2
sxjj 3
sy3x 4
slkj 5
s6kj 6
s2kj 7
shkj 8
sckj 9
smkj 7
sakj 5
sfkj 9
sikj 0
sekj 9
c7kj 2
cewq 2
s76x 6
seqq 9
siqj 8
sml 3
cfl 3
cc6 3
c72 3
sp3x 0
srk 5
srvq 4
ckvq 4
sv 1
c0 1
c9 1
clt 1
cho 1
cwc 1
cza 1
cci 1
se 6
c0 6
c9 6
clt 6
cho 6
cwc 6
cza 6
cci 6
cr 0
cu 0
c9 0
clt 0
cho 0
cwc 0
cza 0
cci 0
so 7
c0 7
c9 7
clt 7
cho 7
cwc 7
cza 7
cci 7
cf 5
cr 8
cu 5
c9 5
clt 5
cho 5
cwc 5
cza 5
cci 5
sq 9
c0 9
c9 2
clt 2
cho 2
cwc 2
cza 2
cci 2
cf 3
cr 8
cu 3
c9 3
clt 3
cho 3
cwc 3
cza 3
cci 3
sk 8
cu 8
c9 8
clt 8
cho 8
cwc 8
cza 8
cci 8
s6 9
c0 9
cf 9
cu 9
c9 9
clt 9
cho 9
cwc 9
cza 9
cci 9
sc 1
cf 1
cu 1
cr 6
cu 0
c9 0
clt 0
cho 0
cwc 0
cza 0
cci 0
si 6
c0 6
cr 1
cu 1
c9 1
clt 1
cho 1
cwc 1
cza 1
cci 1
sj 7
cf 7
cu 7
cr 2
cu 2
c9 2
clt 2
cho 2
cwc 2
cza 2
cci 2
s8 5
c9 3
clt 3
cho 3
cwc 3
cza 3
cci 3
s4 6
c9 4
clt 4
cho 4
cwc 4
cza 4
cci 4
sn 6
c9 5
clt 5
cho 5
cwc 5
cza 5
cci 5
s2 8
cf 8
cr 6
cu 8
c9 8
clt 8
cho 8
cwc 8
cza 8
cci 8
s3 7
clt 6
cho 6
cwc 6
cza 6
cci 6
sa 9
c0 9
c9 7
cf 9
cu 9
c9 9
clt 9
cho 9
cwc 9
cza 9
cci 9
sg 7
clt 0
cho 0
cwc 0
cza 0
cci 0
sh 7
cf 7
cr 1
cu 7
c9 7
clt 7
cho 7
cwc 7
cza 7
cci 7
sm 1
c0 1
cf 2
cr 3
cu 2
c9 2
clt 2
cho 2
cwc 2
cza 2
cci 2
sp 4
c9 1
clt 1
cho 1
cwc 1
cza 1
cci 1
sxt 5
clt 3
cho 3
cwc 3
cza 3
cci 3
sjt 5
clt 4
cho 4
cwc 4
cza 4
cci 4
sqt 5
clt 5
cho 5
cwc 5
cza 5
cci 5
sot 8
clt 8
cho 8
cwc 8
cza 8
cci 8
s4t 6
cho 0
cwc 0
cza 0
cci 0
s5 6
c9 6
clt 6
cho 6
cwc 6
cza 6
cci 6
s6j 9
cho 9
cwc 9
cza 9
cci 9
sb 7
cu 7
c9 7
clt 7
cho 7
cwc 7
cza 7
cci 7
spj 2
cho 0
cwc 0
cza 0
cci 0
sqx 1
cho 1
cwc 1
cza 1
cci 1
st 3
cf 3
cu 3
c9 3
clt 3
cx 2
c0 2
c9 2
clt 2
cf 4
cu 4
c9 4
clt 4
cr 5
cu 3
c9 3
clt 3
cho 3
cwc 3
cza 3
cci 3
svq 8
cho 0
cwc 0
cza 0
cci 0
swo 8
cho 1
cwc 1
cza 1
cci 1
sto 6
cho 2
cwc 2
cza 2
cci 2
sxo 9
cho 4
cwc 4
cza 4
cci 4
sjo 8
cho 5
cwc 5
cza 5
cci 5
sqo 9
cho 6
cwc 6
cza 6
cci 6
soo 9
cho 7
cwc 7
cza 7
cci 7
slo 8
cho 8
cwc 8
cza 8
cci 8
s6o 9
cho 9
cwc 9
cza 9
cci 9
s2o 3
cho 3
cwc 3
cza 3
cci 3
s1q 0
cho 0
cwc 0
cza 0
cci 0
cv6 1
cwc 1
cza 1
cci 1
s2l 2
cv6 2
cwc 2
cza 2
cci 2
s4x 4
cv6 4
cwc 4
cza 4
cci 4
s7o 5
cv6 5
cwc 5
cza 5
cci 5
syj 6
cv6 6
cwc 6
cza 6
cci 6
se6 7
cv6 7
cwc 7
cza 7
cci 7
s76 8
cv6 8
cwc 8
cza 8
cci 8
sr6 9
cv6 9
cwc 9
cza 9
cci 9
sk6 3
cv6 3
cwc 3
cza 3
cci 3
sb6 0
cv6 0
cwc 0
cza 0
cci 0
su6 1
cv6 1
cwc 1
cza 1
cci 1
shx 2
cwc 2
cza 2
cci 2
syq 4
cwc 4
cza 4
cci 4
sgh 5
cwc 5
cza 5
cci 5
szh 6
cwc 6
cza 6
cci 6
ssh 7
cwc 7
cza 7
cci 7
syh 8
cwc 8
cza 8
cci 8
sdh 9
cwc 9
cza 9
cci 9
s3h 3
cwc 3
cza 3
cci 3
s1h 0
cwc 0
cza 0
cci 0
s3j 1
cza 1
cci 1
s7 2
c0 2
c9 2
cr 4
cu 4
c9 4
clt 4
cho 4
cwc 4
cza 4
cci 4
s82 5
cza 0
cci 0
sl 6
cf 6
cr 5
cu 6
c9 6
clt 6
cho 6
cwc 6
cza 6
cci 6
ssq 7
cza 1
cci 1
sta 8
cza 2
cci 2
stl 9
cza 3
cci 3
swh 7
cza 5
cci 5
sna 8
cza 7
cci 7
s9a 9
cza 8
cci 8
sga 9
cza 9
cci 9
s1c 4
cci 9
s1t 6
cci 6
s4f 0
cci 0
s8h 4
cci 4
s92 1
cci 1
sh6 2
cci 0
ssj 3
cci 3
s0h 5
cza 5
cci 5
sgb 7
s5v 8
spv 7
s8v 9
s4v 6
snv 7
s9v 8
cgv 7
s4b 2
sc5 8
sej 9
shr 4
si6 8
cv6 8
cwc 8
cza 8
cci 8
so0 6
ssl 1
sdp 2
c3p 8
s0i 4
sp7x 9
sr9x 0
s19q 3
swgq 5
stgq 4
sxgq 9
sjgq 5
sqgq 2
sogq 1
slgq 0
c6gq 1
sij 6
swx 7
snh 6
c9h 7
sih 0
sq7 0
su3 6
smmt 0
samt 0
sfmt 3
simt 6
semt 7
s7mt 0
srmt 6
skmt 8
cbmt 6
sc6t 3
selx 3
shy 7
si7 0
sijj 8
skzt 0
sl3 0
sv9t 8
sp7j 8
s87j 7
s47j 3
sn7j 7
s97j 0
sg7j 7
sz7j 0
ss7j 7
sy7j 6
sd7j 8
c37j 6
s02 7
s0qt 3
shat 5
siu 3
skg 4
ccft 4
shft 0
ccft 0
s1 3
cq6 3
s1q 7
cq6 3
saq 9
cq6 2
suj 5
cq6 4
sut 8
cq6 5
syx 9
cq6 6
sdl 8
cq6 8
s3l 7
cq6 0
sw6 9
cq6 3
st6 7
cq6 7
sx6 9
cq6 9
sj6 2
cq6 2
s1l 4
cq6 2
st2 5
sx2 6
sj2 8
sq2 0
cl2 2
so2 3
cl2 3
smh 7
cah 3
sbe 5
sde 8
s0jt 9
s5jt 6
spjt 4
s8jt 0
s4jt 6
snjt 0
s9jt 0
cgjt 3
s0x 6
s6f 9
smtq 7
syjq 5
sdjq 9
s3jq 8
s1jq 8
swqq 4
stqq 6
cxqq 8
sv 0
c0 0
c9 0
cy2 0
s5 4
c9 4
cy2 4
sp 7
c9 2
cy2 2
s8 5
c9 3
cy2 3
s4 9
c9 5
cy2 5
sn 9
c9 9
cy2 9
sc 6
c9 6
cy2 6
cf 7
cu 7
c9 7
cy2 7
cr 8
cu 0
c9 0
cy2 0
sj 8
c9 1
cy2 1
cf 8
cu 8
c9 8
cy2 8
cr 2
cu 2
c9 2
cy2 2
st 4
cf 4
cu 4
c9 4
cy2 4
cx 3
c0 3
c9 3
cy2 3
cf 0
cu 0
c9 0
cy2 0
cr 1
cu 1
c9 1
cy2 1
si 5
c0 5
c9 2
cy2 2
cr 6
cu 4
c9 4
cy2 4
se 9
c0 7
c9 3
cy2 3
cr 9
cu 5
c9 5
cy2 5
s7 6
c0 6
c9 6
cy2 6
cr 7
cu 7
c9 7
cy2 7
s2 9
cf 9
cr 8
cu 9
c9 9
cy2 9
s6 8
c0 8
c9 8
cy2 8
cf 0
cu 0
c9 0
cy2 0
sa 1
c0 1
c9 1
cy2 1
cf 2
cu 2
c9 2
cy2 2
sh 4
cf 4
cr 3
cu 4
c9 4
cy2 4
sl 5
c9 3
cy2 3
cf 5
cr 6
cu 5
c9 5
cy2 5
sm 7
c0 7
c9 0
cy2 0
cf 7
cr 8
cu 7
c9 7
cy2 7
so 9
c0 9
c9 1
cy2 1
cf 6
cr 8
cu 6
c9 6
cy2 6
sq 8
c0 8
c9 8
cy2 8
cf 9
cr 9
cu 9
c9 9
cy2 9
sk 2
cu 2
c9 2
cy2 2
s1j 4
cy2 0
s7t 3
cy2 1
sa2 5
cy2 3
sb 7
cu 7
c9 7
cy2 7
sst 4
cy2 0
sp2 6
cy2 1
s82 8
cy2 2
s42 5
cy2 3
sn2 8
cy2 4
s92 8
cy2 5
sg2 6
cy2 6
sz2 9
cy2 8
ss2 9
cy2 9
sdwt 7
sfm 0
skkt 1
ss4x 2
ssjt 3
s5bq 4
spbq 5
s8bq 6
s4bq 8
snbq 9
c9bq 8
s5jt 0
s6dt 0
s6nx 0
s7vt 0
sqxx 2
sttt 4
shbj 1
scbj 7
smbj 3
sabj 7
sfbj 1
sibj 3
sebj 2
s7bj 7
srbj 4
ckbj 2
sv 0
c0 0
c9 0
clt 0
cax 0
cmq 0
se 3
c0 3
c9 3
clt 3
cax 3
cmq 3
cr 1
cu 1
c9 1
clt 1
cax 1
cmq 1
so 4
c0 4
c9 4
clt 4
cax 4
cmq 4
cf 2
cr 6
cu 2
c9 2
clt 2
cax 2
cmq 2
sb 7
cu 6
c9 6
clt 6
cax 6
cmq 6
s6 7
c0 7
cf 7
cu 7
c9 7
clt 7
cax 7
cmq 7
sc 9
cf 9
cu 9
cr 5
cu 0
c9 0
clt 0
cax 0
cmq 0
si 5
c0 5
cr 1
cu 1
c9 1
clt 1
cax 1
cmq 1
sj 3
cf 3
cu 3
cr 4
cu 2
c9 2
clt 2
cax 2
cmq 2
sl 9
cf 9
cr 4
cu 9
c9 9
clt 9
cax 9
cmq 9
s5 5
c9 3
clt 3
cax 3
cmq 3
s8 4
c9 4
clt 4
cax 4
cmq 4
s4 5
c9 5
clt 5
cax 5
cmq 5
sn 6
c9 6
clt 6
cax 6
cmq 6
s2 7
cf 7
cr 0
cu 7
c9 7
clt 7
cax 7
cmq 7
s3 0
clt 0
cax 0
cmq 0
s7 1
c0 1
c9 1
cr 8
cu 8
c9 2
clt 2
cax 2
cmq 2
sg 9
clt 1
cax 1
cmq 1
sh 3
cf 3
cr 4
cu 3
c9 3
clt 3
cax 3
cmq 3
sm 5
c0 5
cf 5
cr 6
cu 5
c9 5
clt 5
cax 5
cmq 5
sp 8
c9 0
clt 0
cax 0
cmq 0
sxt 9
clt 1
cax 1
cmq 1
sjt 8
clt 2
cax 2
cmq 2
sqt 4
clt 4
cax 4
cmq 4
sot 6
clt 6
cax 6
cmq 6
st 9
cf 9
cu 9
c9 9
clt 9
cax 9
cmq 9
cr 7
cu 7
c9 7
clt 7
cax 7
cmq 7
cx 8
c0 8
c9 8
clt 8
cf 3
cu 3
c9 3
clt 3
cr 5
cu 0
c9 0
clt 0
cax 0
cmq 0
s4t 5
cax 1
cmq 1
s8t 2
cax 2
cmq 2
sat 4
cax 3
cmq 3
sft 6
cax 4
cmq 4
sgt 6
cax 5
cmq 5
sxx 8
cax 6
cmq 6
sjx 9
cax 7
cmq 7
sqx 8
cax 8
cmq 8
sox 9
cax 9
cmq 9
s6x 0
cax 0
cmq 0
s2x 1
cax 1
cmq 1
shx 2
cax 2
cmq 2
smx 3
cax 3
cmq 3
s1 4
cmq 4
scx 5
cax 5
cmq 5
sej 6
cmq 6
sk 7
cu 7
c9 7
clt 7
cax 7
cmq 7
slx 8
cax 0
cmq 0
smj 9
cmq 1
sq 8
c0 8
c9 8
clt 8
cax 8
cf 9
cr 2
cu 9
c9 9
clt 9
cax 9
cmq 9
s6q 3
cmq 0
s2q 5
cmq 1
shq 4
cmq 2
scq 6
cmq 3
s1j 4
s6j 5
s9t 5
sco 4
sqo 6
sul 6
svo 5
swt 4
szj 7
s4l 6
snl 4
s9l 5
czl 7
sgl 5
czl 4
s12 8
s2r 8
sa 5
c0 5
c9 5
cf 6
cu 6
c9 6
clt 6
cax 6
cmq 6
set 7
srb 4
skb 7
sbb 8
sub 4
svb 9
s0b 8
s5b 0
spb 1
s8b 2
cnb 6
s4b 3
cnb 0
sb3j 7
sfvt 5
sykj 7
se9q 1
s79q 4
sr9q 3
sk9q 9
sb9q 8
su9q 5
sv9q 2
s09q 1
c59q 5
s8x 7
c3q 7
s9t 7
c3q 7
sfx 2
c3q 2
sh9 7
sc9 3
sm9 2
sf9 7
si9 3
se9 7
sdx 6
s4q 2
snq 0
sgq 7
cdq 6
szq 3
cdq 0
ssq 1
cdq 1
sv 2
c0 2
c9 2
clt 2
cpx 2
sk 4
cu 4
c9 4
clt 4
cpx 4
sb 3
cu 3
c9 3
clt 3
cpx 3
s6 7
c0 7
cf 8
cu 8
c9 8
clt 8
cpx 8
s5 9
c9 0
clt 0
cpx 0
s4 6
cdq 6
c9 1
clt 1
cpx 1
sn 9
c9 6
clt 6
cpx 6
sa 7
c0 7
c9 7
cf 9
cu 9
c9 9
clt 9
cpx 9
sg 2
clt 2
cpx 2
sp 4
c9 4
clt 4
cpx 4
sxt 7
clt 0
cpx 0
sjt 3
clt 1
cpx 1
sqt 7
clt 3
cpx 3
sot 7
clt 7
cpx 7
s0x 8
cpx 2
s5x 6
cpx 6
s8o 8
sdl 9
sox 8
ssl 9
svq 8
szx 4
s12 0
swh 1
sth 3
sxh 7
sjh 2
s2 6
cf 6
cu 6
c9 6
clt 6
cpx 6
cr 0
cu 0
c9 0
clt 0
cpx 0
sh 9
cf 9
cu 9
c9 9
clt 9
cpx 9
cr 1
cu 1
c9 1
clt 1
cpx 1
sj 7
cf 7
cu 7
c9 7
clt 7
cpx 7
cr 2
cu 2
c9 2
clt 2
cpx 2
sl 4
cf 3
cu 3
c9 3
clt 3
cpx 3
cr 4
cu 4
c9 4
clt 4
cpx 4
sm 8
c0 8
cf 5
cu 5
c9 5
clt 5
cpx 5
cr 8
cu 8
c9 8
clt 8
cpx 8
so 6
c0 6
c9 6
clt 6
cpx 6
cf 0
cu 0
c9 0
clt 0
cpx 0
cr 1
cu 1
c9 1
clt 1
cpx 1
sq 9
c0 9
c9 2
clt 2
cpx 2
cf 3
cu 3
c9 3
clt 3
cpx 3
cr 5
cu 4
c9 4
clt 4
cpx 4
st 7
cf 7
cu 7
c9 7
clt 7
cpx 7
cx 5
c0 5
c9 5
clt 5
cpx 5
cf 8
cu 8
c9 8
clt 8
cpx 8
cr 9
cu 6
c9 6
clt 6
cpx 6
si 9
c0 9
c9 0
clt 0
cpx 0
cr 9
cu 9
c9 9
clt 9
cpx 9
se 3
c0 3
c9 3
clt 3
cpx 3
cr 1
cu 1
c9 1
clt 1
cpx 1
s7 7
c0 7
c9 7
clt 7
cpx 7
cr 2
cu 2
c9 2
clt 2
cpx 2
s3 5
clt 0
cpx 0
s6t 4
crt 4
s8 5
c9 5
clt 5
cpx 5
crt 8
sc 4
cf 4
cu 4
c9 4
clt 4
cpx 4
cr 8
cu 3
c9 3
clt 3
cpx 3
crt 8
swt 6
crt 6
smt 9
crt 9
sft 8
crt 8
sit 6
crt 6
set 9
crt 0
s7t 9
crt 1
sao 7
cso 7
s2h 2
s32 5
cqh 3
sgl 8
soo 9
syq 2
cdq 2
cqh 0
sz 8
sy7 9
sd7 5
s37 6
s17 5
swr 2
str 8
sxr 7
sjr 6
sqr 1
cor 0
sat 9
crt 9
cor 9
spi 5
sib 8
seb 1
c7b 9
s19 1
s9q 2
cdq 2
siv 5
soc 7
sp7 8
srj 4
sug 5
szm 6
sqd 7
sod 8
sld 1
s6d 5
s2d 3
shd 6
scd 4
smd 1
sad 7
s3x 5
s43 3
sa9 1
c79 1
sko 0
snu 2
swg 6
ctg 9
cfd 9
sy6 8
shlt 2
sclt 5
smlt 7
calt 9
s7pt 3
sckq 0
sjgx 2
sncj 5
spa 1
spmj 4
sqhj 8
sivq 0
sevq 1
c7vq 1
sv 6
c0 6
c9 6
clt 6
cax 6
cmq 6
cnb 6
se 7
c0 7
c9 7
clt 7
cax 7
cmq 7
cnb 7
cr 2
cu 2
c9 2
clt 2
cax 2
cmq 2
cnb 2
so 3
c0 3
c9 3
clt 3
cax 3
cmq 3
cnb 3
cf 4
cr 5
cu 4
c9 4
clt 4
cax 4
cmq 4
cnb 4
sb 8
cu 5
c9 5
clt 5
cax 5
cmq 5
cnb 5
s6 9
c0 9
cf 8
cu 8
c9 8
clt 8
cax 8
cmq 8
cnb 8
sc 9
cf 9
cu 9
cr 0
cu 0
c9 0
clt 0
cax 0
cmq 0
cnb 0
si 9
c0 9
cr 2
cu 2
c9 2
clt 2
cax 2
cmq 2
cnb 2
sj 6
cf 6
cu 6
cr 3
cu 1
c9 1
clt 1
cax 1
cmq 1
cnb 1
sl 7
cf 7
cr 3
cu 7
c9 7
clt 7
cax 7
cmq 7
cnb 7
s5 9
c9 3
clt 3
cax 3
cmq 3
cnb 3
s8 4
c9 4
clt 4
cax 4
cmq 4
cnb 4
s4 9
c9 5
clt 5
cax 5
cmq 5
cnb 5
sn 9
c9 9
clt 9
cax 9
cmq 9
cnb 9
s2 6
cf 6
cr 8
cu 6
c9 6
clt 6
cax 6
cmq 6
cnb 6
s3 8
clt 0
cax 0
cmq 0
cnb 0
s7 8
c0 8
c9 8
cr 2
cu 2
c9 2
clt 2
cax 2
cmq 2
cnb 2
sg 1
clt 1
cax 1
cmq 1
cnb 1
sh 7
cf 7
cr 3
cu 7
c9 7
clt 7
cax 7
cmq 7
cnb 7
sm 4
c0 4
cf 4
cr 5
cu 4
c9 4
clt 4
cax 4
cmq 4
cnb 4
sp 9
c9 0
clt 0
cax 0
cmq 0
cnb 0
sxt 8
clt 1
cax 1
cmq 1
cnb 1
sjt 9
clt 2
cax 2
cmq 2
cnb 2
sqt 8
clt 3
cax 3
cmq 3
cnb 3
sot 5
clt 5
cax 5
cmq 5
cnb 5
st 8
cf 8
cu 8
c9 8
clt 8
cax 8
cmq 8
cnb 8
cr 6
cu 6
c9 6
clt 6
cax 6
cmq 6
cnb 6
cx 9
c0 9
c9 9
clt 9
cf 9
cu 9
c9 9
clt 9
cr 7
cu 0
c9 0
clt 0
cax 0
cmq 0
cnb 0
s4t 7
cax 1
cmq 1
cnb 1
s8t 4
cax 2
cmq 2
cnb 2
sat 3
cax 3
cmq 3
cnb 3
sft 5
cax 4
cmq 4
cnb 4
sgt 5
cax 5
cmq 5
cnb 5
sxx 7
cax 6
cmq 6
cnb 6
sjx 8
cax 7
cmq 7
cnb 7
sqx 8
cax 8
cmq 8
cnb 8
sox 9
cax 9
cmq 9
cnb 9
s6x 0
cax 0
cmq 0
cnb 0
s2x 1
cax 1
cmq 1
cnb 1
shx 2
cax 2
cmq 2
cnb 2
smx 3
cax 3
cmq 3
cnb 3
s1 4
cmq 4
cnb 4
scx 5
cax 5
cmq 5
cnb 5
sej 6
cmq 6
cnb 6
sk 7
cu 7
c9 7
clt 7
cax 7
cmq 7
cnb 7
slx 8
cax 8
cmq 8
cnb 8
smj 9
cmq 0
cnb 0
sq 9
c0 9
c9 9
clt 9
cax 9
cf 1
cr 2
cu 1
c9 1
clt 1
cax 1
cmq 1
cnb 1
s6q 3
cmq 0
cnb 0
s2q 5
cmq 2
cnb 2
shq 4
cmq 3
cnb 3
scq 6
cmq 4
cnb 4
s1j 5
czl 5
cnb 5
s6j 6
czl 6
cnb 6
s9t 9
czl 9
cnb 7
sco 8
czl 8
cnb 8
sqo 9
czl 9
cnb 9
sul 1
czl 1
cnb 1
svo 0
czl 0
cnb 0
swt 2
czl 2
cnb 2
szj 3
czl 3
cnb 3
s4l 4
czl 4
cnb 4
snl 5
czl 5
cnb 5
s9l 6
czl 6
cnb 6
sgl 7
czl 7
cnb 7
s12 8
cnb 1
s2r 9
cnb 8
sa 9
c0 9
c9 9
cf 0
cu 0
c9 0
clt 0
cax 0
cmq 0
cnb 0
set 2
cnb 1
srb 3
cnb 2
skb 3
cnb 3
sbb 4
cnb 4
sub 5
cnb 5
svb 6
cnb 6
s0b 7
cnb 7
s5b 8
cnb 8
spb 9
cnb 9
s8b 0
cnb 0
s4b 1
cnb 1
s0xt 2
s2l 3
s30 4
sx2t 5
sa7t 6
sf7t 7
si7t 8
ce7t 1
sd7 9
shs 4
sq7 7
sid 3
sed 6
s7d 9
srd 7
skd 2
sbd 2
sud 3
svd 8
c0d 3
s7o 5
ss1 9
sy1 4
sd1 2
c11 2
s31 5
c11 0
sdvt 6
szvx 7
snzx 4
s9zx 5
sgzx 8
szzx 7
sszx 9
syzx 6
sdzx 6
s3zx 5
s1zx 8
swsx 4
ctsx 0
s1lj 5
stut 3
snaj 7
s9aj 9
sgaj 6
szaj 3
ssaj 5
syaj 3
sdaj 3
c3aj 0
si6x 2
simq 7
sp1j 1
sn5q 5
c95q 0
s1 8
cq6 8
c4h 8
c2e 8
c7p 8
saq 7
cq6 1
c4h 1
c2e 1
c7p 1
sut 4
cq6 2
c4h 2
c2e 2
c7p 2
syx 9
cq6 3
c4h 3
c2e 3
c7p 3
sdl 5
cq6 5
c4h 5
c2e 5
c7p 5
s3l 7
cq6 4
c4h 4
c2e 4
c7p 4
s1l 9
cq6 6
c4h 6
c2e 6
c7p 6
sw6 7
cq6 7
c4h 7
c2e 7
c7p 7
st6 9
cq6 9
c4h 9
c2e 9
c7p 9
sx6 8
cq6 8
c4h 8
c2e 8
c7p 8
sj6 1
cq6 1
c4h 1
c2e 1
c7p 1
s5x 2
ceo 2
cw2 2
c4h 2
c2e 2
c7p 2
st 3
cx 3
ceo 3
cw2 3
c4h 3
c2e 3
c7p 3
sco 5
ceo 1
cw2 1
c4h 1
c2e 1
c7p 1
smo 4
ceo 4
cw2 4
c4h 4
c2e 4
c7p 4
sfo 6
ceo 5
cw2 5
c4h 5
c2e 5
c7p 5
sio 7
ceo 6
cw2 6
c4h 6
c2e 6
c7p 6
sao 9
ceo 7
cw2 7
c4h 7
c2e 7
c7p 7
cso 9
cw2 2
c4h 2
c2e 2
c7p 2
sy6 8
cw2 8
c4h 8
c2e 8
c7p 8
sd6 9
cw2 9
c4h 9
c2e 9
c7p 9
s36 3
cw2 3
c4h 3
c2e 3
c7p 3
s16 1
cw2 1
c4h 1
c2e 1
c7p 1
s1j 4
c4h 0
c2e 0
c7p 0
s4j 5
c4h 2
c2e 2
c7p 2
s8o 6
c4h 3
c2e 3
c7p 3
sel 7
c4h 4
c2e 4
c7p 4
sil 8
c4h 5
c2e 5
c7p 5
sql 9
c4h 9
c2e 9
c7p 9
s7h 8
c4h 1
c2e 1
c7p 1
srh 6
c4h 6
c2e 6
c7p 6
skh 7
c4h 7
c2e 7
c7p 7
sbh 8
c4h 0
c2e 0
c7p 0
suh 8
c4h 8
c2e 8
c7p 8
svh 2
c4h 2
c2e 2
c7p 2
s0h 3
c4h 0
c2e 0
c7p 0
s5h 4
c4h 1
c2e 1
c7p 1
sph 5
c4h 3
c2e 3
c7p 3
s8h 9
c4h 4
c2e 4
c7p 4
s1h 6
c2e 2
c7p 2
s2m 7
c2e 5
c7p 5
s3c 6
c2e 6
c7p 6
s5l 7
c2e 0
c7p 0
s8i 9
c2e 1
c7p 1
skc 8
c2e 8
c7p 8
suj 9
cq6 9
c4h 9
c2e 9
c7p 9
ste 7
c2e 0
c7p 0
sxe 3
c2e 3
c7p 3
sje 4
c2e 3
c7p 3
sqe 2
c2e 0
c7p 0
soe 5
c2e 1
c7p 1
sle 6
c2e 2
c7p 2
s6e 4
c2e 4
c7p 4
s1q 7
cq6 7
c4h 7
c2e 7
c7p 7
cv6 5
cd2 5
c7p 5
s2l 6
cv6 6
cd2 6
c7p 6
s4x 8
cv6 8
cd2 8
c7p 8
s7o 9
cv6 9
cd2 9
c7p 9
syj 3
cv6 3
cd2 3
c7p 3
si6 0
cv6 0
cd2 0
c7p 0
se6 1
cv6 1
cd2 1
c7p 1
sr6 2
cv6 2
cd2 2
c7p 2
sk6 4
cv6 4
cd2 4
c7p 4
sb6 7
cv6 7
cd2 7
c7p 7
su6 5
cv6 5
cd2 5
c7p 5
s76 6
cv6 6
cd2 6
c7p 6
s7l 8
c4h 8
c2e 8
c7p 0
cd2 8
c7p 8
s7x 9
cd2 3
c7p 3
s8 9
cd2 9
c7p 9
si 1
cd2 1
c7p 1
siq 2
cd2 0
c7p 0
sol 4
cd2 2
c7p 2
soo 7
cd2 3
c7p 3
ssx 5
cd2 4
c7p 4
sb 6
c7p 1
sdh 8
c7p 5
sie 9
c7p 6
sua 7
c7p 7
sep 8
c7p 8
s1c 9
s2mt 9
s4r 0
shq 2
skat 3
spct 4
srct 1
szrt 5
ssrt 6
syrt 7
sdrt 8
s3rt 2
s1rt 6
cwkt 8
s65 7
sv0 0
svc 2
sx4 9
sxtt 7
syut 2
sdut 5
s3ut 0
s1ut 4
swvt 1
stvt 9
sxvt 6
sjvt 4
cqvt 8
s2x 1
c4h 1
c2e 1
c7p 1
cwkt 1
cqvt 1
s94 3
smut 2
snh 5
sug 6
s1tx 7
cwxx 1
s15t 3
s5cj 4
s8jx 9
sej 0
cw2 0
c4h 0
c2e 0
c7p 0
cwkt 0
cqvt 0
cwxx 0
sf4q 6
sg8 9
shf 5
sp7 2
suwj 5
s9nq 7
cgnq 7
sv 3
c0 3
c9 3
clt 3
cho 3
cwc 3
cza 3
cci 3
c3p 3
se 4
c0 4
c9 4
clt 4
cho 4
cwc 4
cza 4
cci 4
c3p 4
cr 2
cu 2
c9 1
clt 1
cho 1
cwc 1
cza 1
cci 1
c3p 1
so 9
c0 9
c9 9
clt 9
cho 9
cwc 9
cza 9
cci 9
c3p 9
cf 5
cr 8
cu 5
c9 5
clt 5
cho 5
cwc 5
cza 5
cci 5
c3p 5
sq 8
c0 8
c9 8
clt 8
cho 8
cwc 8
cza 8
cci 8
c3p 8
cf 2
cr 0
cu 2
c9 2
clt 2
cho 2
cwc 2
cza 2
cci 2
c3p 2
sk 0
cu 0
c9 0
clt 0
cho 0
cwc 0
cza 0
cci 0
c3p 0
s6 6
c0 6
cf 6
cu 6
c9 6
clt 6
cho 6
cwc 6
cza 6
cci 6
c3p 6
sc 7
cf 7
cu 7
cr 3
cu 1
c9 1
clt 1
cho 1
cwc 1
cza 1
cci 1
c3p 1
si 3
c0 3
cr 4
cu 4
c9 4
clt 4
cho 4
cwc 4
cza 4
cci 4
c3p 4
sj 9
cf 9
cu 9
cr 3
cu 3
c9 3
clt 3
cho 3
cwc 3
cza 3
cci 3
c3p 3
s8 7
c9 2
clt 2
cho 2
cwc 2
cza 2
cci 2
c3p 2
s4 5
c9 5
clt 5
cho 5
cwc 5
cza 5
cci 5
c3p 5
sn 7
c9 7
clt 7
cho 7
cwc 7
cza 7
cci 7
c3p 7
s2 8
cf 8
cr 9
cu 8
c9 8
clt 8
cho 8
cwc 8
cza 8
cci 8
c3p 8
s3 9
clt 0
cho 0
cwc 0
cza 0
cci 0
c3p 0
sa 9
c0 9
c9 9
cf 6
cu 6
c9 6
clt 6
cho 6
cwc 6
cza 6
cci 6
c3p 6
sg 9
clt 1
cho 1
cwc 1
cza 1
cci 1
c3p 1
sh 9
cf 9
cr 4
cu 9
c9 9
clt 9
cho 9
cwc 9
cza 9
cci 9
c3p 9
sm 4
c0 4
cf 4
cr 3
cu 4
c9 4
clt 4
cho 4
cwc 4
cza 4
cci 4
c3p 4
sp 2
c9 0
clt 0
cho 0
cwc 0
cza 0
cci 0
c3p 0
sxt 5
clt 2
cho 2
cwc 2
cza 2
cci 2
c3p 2
sjt 7
clt 3
cho 3
cwc 3
cza 3
cci 3
c3p 3
sqt 7
clt 5
cho 5
cwc 5
cza 5
cci 5
c3p 5
sot 7
clt 7
cho 7
cwc 7
cza 7
cci 7
c3p 7
s4t 8
cho 1
cwc 1
cza 1
cci 1
c3p 1
s5 8
c9 8
clt 8
cho 8
cwc 8
cza 8
cci 8
c3p 8
s6j 6
cho 6
cwc 6
cza 6
cci 6
c3p 6
sb 9
cu 9
c9 9
clt 9
cho 9
cwc 9
cza 9
cci 9
c3p 9
spj 4
cho 0
cwc 0
cza 0
cci 0
c3p 0
sqx 2
cho 1
cwc 1
cza 1
cci 1
c3p 1
st 3
cf 3
cu 3
c9 3
clt 3
cx 2
c0 2
c9 2
clt 2
cf 4
cu 4
c9 4
clt 4
cr 5
cu 3
c9 3
clt 3
cho 3
cwc 3
cza 3
cci 3
c3p 3
svq 7
cho 0
cwc 0
cza 0
cci 0
c3p 0
swo 7
cho 1
cwc 1
cza 1
cci 1
c3p 1
sto 8
cho 2
cwc 2
cza 2
cci 2
c3p 2
sxo 6
cho 4
cwc 4
cza 4
cci 4
c3p 4
sjo 7
cho 5
cwc 5
cza 5
cci 5
c3p 5
sqo 6
cho 6
cwc 6
cza 6
cci 6
c3p 6
soo 8
cho 7
cwc 7
cza 7
cci 7
c3p 7
slo 8
cho 8
cwc 8
cza 8
cci 8
c3p 8
s6o 9
cho 9
cwc 9
cza 9
cci 9
c3p 9
s2o 3
cho 3
cwc 3
cza 3
cci 3
c3p 3
s1q 0
cho 0
cwc 0
cza 0
cci 0
c3p 0
cv6 1
cwc 1
cza 1
cci 1
c3p 1
s2l 2
cv6 2
cwc 2
cza 2
cci 2
c3p 2
s4x 4
cv6 4
cwc 4
cza 4
cci 4
c3p 4
s7o 5
cv6 5
cwc 5
cza 5
cci 5
c3p 5
syj 6
cv6 6
cwc 6
cza 6
cci 6
c3p 6
se6 7
cv6 7
cwc 7
cza 7
cci 7
c3p 7
s76 8
cv6 8
cwc 8
cza 8
cci 8
c3p 8
sr6 9
cv6 9
cwc 9
cza 9
cci 9
c3p 9
sk6 3
cv6 3
cwc 3
cza 3
cci 3
c3p 3
sb6 0
cv6 0
cwc 0
cza 0
cci 0
c3p 0
su6 1
cv6 1
cwc 1
cza 1
cci 1
c3p 1
shx 2
cwc 2
cza 2
cci 2
c3p 2
syq 4
cwc 4
cza 4
cci 4
c3p 4
sgh 5
cwc 5
cza 5
cci 5
c3p 5
szh 6
cwc 6
cza 6
cci 6
c3p 6
ssh 7
cwc 7
cza 7
cci 7
c3p 7
syh 8
cwc 8
cza 8
cci 8
c3p 8
sdh 9
cwc 9
cza 9
cci 9
c3p 9
s3h 3
cwc 3
cza 3
cci 3
c3p 3
s1h 0
cwc 0
cza 0
cci 0
c3p 0
s3j 1
cza 1
cci 1
c3p 1
s7 2
c0 2
c9 2
cr 4
cu 4
c9 4
clt 4
cho 4
cwc 4
cza 4
cci 4
c3p 4
s82 5
cza 0
cci 0
c3p 0
sl 6
cf 6
cr 5
cu 6
c9 6
clt 6
cho 6
cwc 6
cza 6
cci 6
c3p 6
ssq 7
cza 1
cci 1
c3p 1
sta 8
cza 2
cci 2
c3p 2
stl 9
cza 3
cci 3
c3p 3
swh 7
cza 5
cci 5
c3p 5
sna 8
cza 7
cci 7
c3p 7
s9a 9
cza 8
cci 8
c3p 8
sga 9
cza 9
cci 9
c3p 9
s1c 4
cci 0
c3p 0
s1t 6
cci 6
c3p 6
s4f 4
cci 4
c3p 4
s8h 1
cci 0
c3p 0
s92 2
cci 2
c3p 2
sh6 3
cci 1
c3p 1
ssj 5
cci 5
c3p 5
s0h 7
cza 7
cci 7
c3p 7
cgv 6
c3p 7
sgb 8
cgv 8
c3p 7
s5v 9
cgv 9
c3p 0
spv 3
cgv 3
c3p 3
s8v 4
cgv 4
c3p 4
s4v 6
cgv 6
c3p 6
snv 8
cgv 0
c3p 0
s9v 9
cgv 1
c3p 1
s4b 2
c3p 1
sc5 9
c3p 1
sej 5
c3p 0
shr 8
c3p 2
si6 9
cv6 9
cwc 9
cza 9
cci 9
c3p 9
so0 7
c3p 9
ssl 3
c3p 9
sdp 5
c3p 0
s2xj 8
s8jt 4
scux 8
ssbj 4
sybj 3
cdbj 8
s5l 5
sclj 7
sy4 6
st5q 3
cx5q 3
s5j 4
c0l 4
sbo 5
c0l 5
sfj 6
c0l 6
skx 7
c0l 7
sst 1
c0l 1
suj 2
c0l 2
syj 4
c0l 4
syo 8
c0l 4
sil 8
c0l 1
sel 5
c0l 5
s7l 8
c0l 8
srl 6
c0l 8
skl 7
c0l 0
sbl 2
c0l 1
sul 7
c0l 7
svl 6
c0l 6
s2mt 4
s5u 9
s7px 5
shdj 5
su3j 9
szbx 4
sibq 2
sebq 5
s7bq 4
srbq 8
ckbq 2
s1g 0
s5vq 1
spvq 7
s8vq 6
s4vq 9
snvq 1
s9vq 0
sgvq 5
szvq 4
csvq 2
smsx 3
snst 3
sqz 6
sbvq 3
suvq 6
svvq 7
c0vq 6
sv 0
c0 0
c9 0
ctt 0
cux 0
caj 0
caa 0
st 3
cf 3
cu 3
c9 3
ctt 3
cux 3
caj 3
caa 3
cx 8
c0 8
c9 8
ctt 8
cux 8
caj 8
caa 8
cf 1
cu 1
c9 1
ctt 1
cux 1
caj 1
caa 1
cr 5
cu 0
c9 0
ctt 0
cux 0
caj 0
caa 0
se 9
c0 9
c9 3
ctt 3
cux 3
caj 3
caa 3
cr 5
cu 4
c9 4
ctt 4
cux 4
caj 4
caa 4
s7 7
c0 7
c9 5
ctt 5
cux 5
caj 5
caa 5
cr 9
cu 9
c9 9
ctt 9
cux 9
caj 9
caa 9
sa 7
c0 7
c9 7
ctt 7
cux 7
caj 7
caa 7
cf 8
cu 8
c9 8
ctt 8
cux 8
caj 8
caa 8
sh 1
cf 1
cr 0
cu 1
c9 1
ctt 1
cux 1
caj 1
caa 1
so 4
c0 4
c9 0
ctt 0
cux 0
caj 0
caa 0
cf 3
cr 5
cu 3
c9 3
ctt 3
cux 3
caj 3
caa 3
sq 9
c0 7
c9 4
ctt 4
cux 4
caj 4
caa 4
cf 9
cr 5
cu 9
c9 9
ctt 9
cux 9
caj 9
caa 9
sk 5
cu 5
c9 5
ctt 5
cux 5
caj 5
caa 5
sb 7
cu 7
c9 7
ctt 7
cux 7
caj 7
caa 7
s6 6
c0 6
cf 8
cu 8
c9 8
ctt 8
cux 8
caj 8
caa 8
sc 6
cf 6
cu 6
cr 2
cu 0
c9 0
ctt 0
cux 0
caj 0
caa 0
si 2
c0 2
cr 1
cu 1
c9 1
ctt 1
cux 1
caj 1
caa 1
sl 6
cf 6
cr 2
cu 6
c9 6
ctt 6
cux 6
caj 6
caa 6
sm 3
c0 3
cf 4
cr 9
cu 4
c9 4
ctt 4
cux 4
caj 4
caa 4
s5 2
c9 2
ctt 2
cux 2
caj 2
caa 2
sp 9
c9 3
ctt 3
cux 3
caj 3
caa 3
s8 5
c9 5
ctt 5
cux 5
caj 5
caa 5
s4 7
c9 7
ctt 7
cux 7
caj 7
caa 7
sn 9
c9 9
ctt 9
cux 9
caj 9
caa 9
s2 8
cf 8
cr 0
cu 8
c9 8
cux 8
caj 8
caa 8
ctt 0
cux 0
caj 0
caa 0
sj 1
cf 1
cu 1
cr 6
cu 2
c9 2
cux 2
caj 2
caa 2
ctt 0
cux 0
caj 0
caa 0
sg 4
ctt 1
cux 1
caj 1
caa 1
ss 3
ctt 3
cux 3
caj 3
caa 3
sy 5
ctt 4
cux 4
caj 4
caa 4
sd 7
ctt 5
cux 5
caj 5
caa 5
s1 9
ctt 6
cux 6
caj 6
caa 6
s8t 9
cux 7
caj 7
caa 7
sox 9
cux 8
caj 8
caa 8
swt 9
ctt 9
cux 9
caj 9
caa 9
sxx 2
cux 2
caj 2
caa 2
sfx 0
cux 0
caj 0
caa 0
six 1
cux 1
caj 1
caa 1
sex 3
cux 3
caj 3
caa 3
s7x 4
cux 4
caj 4
caa 4
srx 5
cux 5
caj 5
caa 5
skx 6
cux 6
caj 6
caa 6
sbx 9
cux 9
caj 9
caa 9
s9t 7
caj 7
caa 7
sxj 8
caj 8
caa 8
sjj 2
caj 2
caa 2
sqj 0
caj 0
caa 0
soj 1
caj 1
caa 1
slj 3
caj 2
caa 2
s6j 4
caj 3
caa 3
s2j 5
caj 4
caa 4
shj 6
caj 6
caa 6
scj 9
caj 5
caa 5
smj 7
caj 7
caa 7
s3 8
ctt 8
cux 8
caj 0
caa 0
s7j 9
caa 1
ssl 9
caa 9
sz 8
ctt 8
cux 8
caj 8
caa 8
safx 2
sgzt 3
sw4t 4
s2ix 6
shix 2
scix 6
cmix 8
s0sx 3
s68j 5
setj 7
sg3t 4
sozx 4
srn 4
ssi 5
sryq 3
skyq 0
sbyq 6
cuyq 6
smi 1
cvi 1
cs7 1
cmqt 1
cbct 1
sai 9
cvi 9
cs7 9
cmqt 9
cbct 9
sfi 5
cvi 2
cs7 2
cmqt 2
cbct 2
sii 7
cvi 7
cs7 7
cmqt 7
cbct 7
sei 4
cvi 4
cs7 4
cmqt 4
cbct 4
s7i 5
cvi 0
cs7 0
cmqt 0
cbct 0
sri 5
cvi 5
cs7 5
cmqt 5
cbct 5
ski 8
cvi 8
cs7 8
cmqt 8
cbct 8
sbi 1
cvi 1
cs7 1
cmqt 1
cbct 1
sui 9
cvi 2
cs7 2
cmqt 2
cbct 2
s26 7
cs7 0
cmqt 0
cbct 0
s56 7
cs7 4
cmqt 4
cbct 4
sk2 9
cs7 5
cmqt 5
cbct 5
skh 7
cs7 7
cmqt 7
cbct 7
sg7 9
cs7 3
cmqt 3
cbct 3
sz7 9
cs7 9
cmqt 9
cbct 9
s1e 8
csu 8
cmqt 0
cbct 0
s46 1
csu 1
cmqt 1
cbct 1
sg2 8
csu 2
cmqt 2
cbct 2
sp6 8
csu 8
cmqt 8
cbct 8
stf 4
csu 4
cmqt 4
cbct 4
s5u 5
csu 0
cmqt 0
cbct 0
spu 7
csu 1
cmqt 1
cbct 1
s8u 5
csu 2
cmqt 2
cbct 2
s4u 3
csu 3
cmqt 3
cbct 3
snu 5
csu 5
cmqt 5
cbct 5
s9u 7
csu 7
cmqt 7
cbct 7
sgu 9
csu 9
cmqt 9
cbct 9
szu 8
csu 8
cmqt 8
cbct 8
s2f 6
cmqt 6
cbct 6
s2qt 4
cmqt 4
cbct 4
s30 0
cmqt 0
cbct 0
sjm 1
cmqt 1
cbct 1
sln 2
cmqt 2
cbct 2
suj 3
cmqt 0
cbct 0
sxg 5
cmqt 3
cbct 3
syc 7
cmqt 4
cbct 4
scqt 9
cmqt 5
cbct 5
s62 7
ct2t 7
cbct 6
s8 8
ct2t 8
cbct 7
scc 9
ct2t 9
cbct 9
sn1 8
ct2t 8
cbct 8
sw2t 1
ct2t 1
cbct 1
s52t 2
cbct 2
s6c 0
cbct 0
s9d 3
cbct 3
sdh 4
cbct 1
selt 5
cbct 4
spwt 6
cbct 5
srht 7
cbct 6
srwt 8
cbct 7
s8lx 9
sgbt 8
sjdt 9
sky 2
s92x 0
sg2x 3
cz2x 3
s44 8
scbj 9
su8x 9
sp9q 1
s89q 4
s49q 5
sn9q 6
s99q 7
sg9q 9
sz9q 0
ss9q 2
sy9q 8
sd9q 0
c39q 8
s10x 3
s40t 1
sbex 3
scfx 7
sjkx 3
snvx 7
so4x 7
swtx 7
sczx 1
smzx 7
sazx 3
sfzx 9
cizx 3
s8x 1
c3q 1
cor 1
s9t 9
c3q 9
cor 9
sfx 7
cizx 5
c3q 1
cor 1
sv 7
c0 7
c9 7
clt 7
cpx 7
cqh 7
cor 7
sk 3
cu 3
c9 3
clt 3
cpx 3
cqh 3
cor 3
sb 5
cu 5
c9 5
clt 5
cpx 5
cqh 5
cor 5
s6 6
c0 6
cf 0
cu 0
c9 0
clt 0
cpx 0
cqh 0
cor 0
s5 9
c9 1
clt 1
cpx 1
cqh 1
cor 1
s4 2
c9 2
clt 2
cpx 2
cqh 2
cor 2
sn 9
c9 4
clt 4
cpx 4
cqh 4
cor 4
sa 6
c0 6
c9 6
cqh 3
cor 3
cf 9
cu 9
c9 9
cqh 5
cor 5
clt 9
cpx 9
cqh 9
cor 9
sg 7
clt 6
cpx 6
cqh 6
cor 6
sp 7
c9 7
cqh 0
cor 0
clt 7
cpx 7
cqh 7
cor 7
sxt 1
clt 1
cpx 1
cqh 1
cor 1
sjt 2
clt 0
cpx 0
cqh 0
cor 0
sqt 4
clt 2
cpx 2
cqh 2
cor 2
sot 3
clt 3
cpx 3
cqh 3
cor 3
s0x 5
cpx 4
cqh 4
cor 4
s5x 8
cpx 8
cqh 8
cor 8
s8o 9
cqh 5
cor 5
sdl 6
cqh 6
cor 6
sox 9
cqh 7
cor 7
ssl 9
cqh 9
cor 9
svq 1
cqh 1
cor 1
szx 0
cqh 0
cor 0
s12 2
cqh 2
cor 2
swh 3
cqh 3
cor 3
sth 4
cqh 4
cor 4
sxh 8
cqh 0
cor 0
sjh 5
cqh 1
cor 1
s2 6
cf 6
cu 6
c9 6
cqh 6
cor 6
clt 0
cpx 0
cqh 0
cor 0
cr 5
cu 1
c9 1
clt 1
cpx 1
cqh 1
cor 1
crt 5
cor 0
sh 7
cf 7
cu 7
c9 7
cqh 2
cor 2
clt 7
cpx 7
cqh 7
cor 7
cr 8
cu 3
c9 3
clt 3
cpx 3
cqh 3
cor 3
crt 8
cor 1
sj 9
cf 9
cu 9
c9 9
clt 9
cpx 9
cqh 9
cor 9
cr 4
cu 4
c9 4
clt 4
cpx 4
cqh 4
cor 4
crt 5
cor 2
sl 8
cizx 8
cf 8
cu 8
c9 8
clt 8
cpx 8
cqh 8
cor 8
cr 5
cu 5
c9 5
clt 5
cpx 5
cqh 5
cor 5
crt 6
cor 0
sm 6
c0 6
cf 6
cu 6
c9 6
cqh 6
cor 6
clt 1
cpx 1
cqh 1
cor 1
cr 7
cu 2
c9 2
clt 2
cpx 2
cqh 2
cor 2
crt 7
cor 0
so 9
c0 9
c9 3
clt 3
cpx 3
cqh 3
cor 3
cf 4
cu 4
c9 4
clt 4
cpx 4
cqh 4
cor 4
cr 7
cu 5
c9 5
clt 5
cpx 5
cqh 5
cor 5
crt 7
cor 0
sq 9
c0 9
c9 6
clt 6
cpx 6
cqh 6
cor 6
cf 7
cu 7
c9 7
clt 7
cpx 7
cqh 7
cor 7
cr 8
cu 8
c9 8
clt 8
cpx 8
cqh 8
cor 8
crt 9
cor 0
st 9
cf 9
cu 9
c9 9
clt 9
cpx 9
cqh 9
cor 9
cx 1
c0 1
c9 1
clt 1
cpx 1
cqh 1
cor 1
cf 2
cu 2
c9 2
clt 2
cpx 2
cqh 2
cor 2
cr 3
cu 3
c9 3
clt 3
cpx 3
cqh 3
cor 3
crt 4
cor 0
si 5
c0 5
c9 4
clt 4
cpx 4
cqh 4
cor 4
cr 6
cu 6
c9 6
clt 6
cpx 6
cqh 6
cor 6
crt 5
cor 1
se 7
c0 7
c9 7
clt 7
cpx 7
cqh 7
cor 7
cr 8
cu 8
c9 8
clt 8
cpx 8
cqh 8
cor 8
crt 9
cor 0
s7 5
c0 5
c9 5
cqh 5
cor 5
clt 2
cpx 2
cqh 2
cor 2
cr 9
cu 9
c9 9
clt 9
cpx 9
cqh 9
cor 9
crt 3
cor 0
s3 4
clt 4
cpx 4
cqh 4
cor 4
crt 1
cor 1
s6t 6
crt 6
cor 2
s8 7
c9 7
clt 7
cpx 7
cqh 7
cor 7
crt 3
cor 0
sc 8
cf 8
cu 8
c9 8
clt 8
cpx 8
cqh 8
cor 8
cr 5
cu 3
c9 3
clt 3
cpx 3
cqh 3
cor 3
crt 5
cor 0
swt 6
crt 6
cor 1
smt 5
crt 5
cor 2
sat 6
crt 6
cor 4
sft 9
crt 5
cor 5
sit 9
crt 9
cor 6
set 7
crt 7
cor 7
s7t 9
crt 9
cor 9
sao 8
cso 8
cor 8
s2h 3
cor 8
sgl 3
cor 0
soo 1
cor 1
syq 2
cqh 2
cor 2
sz 4
cor 3
sy7 5
cor 4
sd7 6
cor 5
s37 7
cor 6
s17 9
cor 7
swr 9
cor 9
str 8
cor 8
sxr 0
cor 0
sjr 1
cor 1
sqr 2
cor 1
s0b 3
s1m 4
s32 5
cqh 5
cor 0
sk0 6
smjt 7
spi 9
svp 2
swa 2
cuqt 0
szj 2
cuqt 0
s74q 7
seeq 9
svyq 6
s0yq 9
c5yq 9
s0jt 8
s49j 3
sapx 4
sauq 5
sp1j 6
sq5 2
su8 8
svox 3
szxt 8
stnq 4
sxnq 2
sjnq 6
sqnq 3
sonq 1
slnq 5
s6nq 8
c2nq 5
s04t 0
sqz 7
symt 4
sl5x 7
s65x 0
s25x 4
sh5x 8
sc5x 7
sm5x 8
ca5x 8
s1lq 0
s1zq 4
saix 7
sgs 0
sil 7
sx6j 8
sygx 7
sbsq 0
susq 8
cvsq 5
s85j 7
swdj 7
stdj 6
sxdj 6
sjdj 7
sqdj 6
codj 6
s4vj 2
soz 7
srdj 8
sbbq 0
cubq 0
scoj 3
skpj 4
smfj 8
smgt 2
sp6q 3
svf 2
svq 1
sg5q 4
sz5q 7
ss5q 3
sy5q 2
sd5q 6
s35q 8
s15q 1
swpq 9
ctpq 0
sni 3
s9i 3
szi 3
ssi 1
syi 1
sdi 7
s3i 1
s1i 3
s02 8
sdl 2
sgi 7
cwe 7
sk8 9
sqf 3
szb 1
s4s 3
sns 8
s9s 8
sgs 4
szs 2
sss 1
sys 9
sds 8
s3s 8
c1s 2
se2 6
siy 1
sxy 3
s53 9
sp3 6
s83 7
s43 5
sn3 4
c93 2
sv 1
c0 1
c9 1
st 6
cf 6
cu 6
c9 6
cx 3
c0 3
c9 3
cf 1
cu 1
c9 1
cr 2
cu 2
c9 2
se 8
c93 4
c0 4
c9 0
cr 5
cu 3
c9 3
s7 7
c0 7
c9 4
cr 8
cu 5
c9 5
s2 9
cf 9
cr 8
cu 9
c9 9
sa 8
c0 8
c9 6
cf 7
cu 7
c9 7
sh 8
cf 8
cr 1
cu 8
c9 8
so 9
c0 9
c9 9
cf 0
cr 1
cu 0
c9 0
sq 6
c0 2
c9 1
cf 3
cr 4
cu 3
c9 3
sk 5
cu 2
c9 2
sb 6
cu 4
c9 4
s6 7
c0 7
cf 5
cu 5
c9 5
sc 6
cf 6
cu 6
cr 7
cu 7
c9 7
si 8
c0 8
cr 0
cu 0
c9 0
sj 9
cf 9
cu 9
cr 1
cu 1
c9 1
sl 6
cf 6
cr 3
cu 6
c9 6
sm 8
c0 8
cf 2
cr 3
cu 2
c9 2
s5 5
c9 0
sp 4
c9 3
s8 8
c9 4
s4 5
c9 5
sn 7
c9 7
s1e 9
s3 9
s76 8
sb0 9
sdf 9
sdk 1
sre 9
sth 9
s6p 8
s2p 1
shp 6
scp 1
smp 2
sap 0
sfp 3
cip 3
s7x 4
sgd 5
soqt 7
sv1 5
ssht 8
syht 9
cdht 3
s53j 4
sg8j 2
soat 0
soiq 6
sq1x 7
ss0j 1
sypt 8
s30q 9
s10q 5
cw5q 5
szft 7
csft 7
s17j 0
sqgt 8
s4kj 6
snkj 4
s9kj 2
sgkj 1
czkj 4
sdbt 6
sjet 0
sjqx 2
s3uj 3
s1uj 2
swvj 0
ctvj 4
s5qq 8
s5xx 7
s9it 6
sdb 0
siot 7
snjq 1
sqpj 3
swqj 6
swt 6
sovq 2
slvq 7
s6vq 9
s2vq 8
shvq 0
scvq 6
smvq 1
savq 3
cfvq 9
sc 0
cf 0
cu 0
cr 4
cu 4
sj 5
cf 5
cu 5
cr 0
cu 0
st 4
cf 4
cu 4
cx 1
cf 1
cu 1
cr 0
cu 0
si 7
cr 2
cu 2
se 5
cr 3
cu 3
s7 7
cr 4
cu 4
s2 5
cf 5
cr 6
cu 5
s6 7
cf 7
cu 7
sa 8
cf 6
cu 6
sh 8
cf 8
cr 9
cu 8
sl 1
cf 1
cr 0
cu 1
sm 9
cf 2
cr 3
cu 2
so 9
cf 9
cr 0
cu 9
sq 5
cf 5
cr 0
cu 5
sk 7
cu 0
sb 4
cu 1
sh3t 6
sr8q 3
sk8q 7
sb8q 8
su8q 4
sv8q 6
s08q 2
s58q 2
sp8q 9
s88q 5
s48q 5
cn8q 5
s20t 8
s4xx 0
si7t 1
sn7 0
sohx 0
slhx 8
s6hx 1
c2hx 0
sddt 8
siqj 9
skh 1
sw2t 8
sy5t 0
sfij 9
siij 1
seij 8
s7ij 3
srij 0
skij 7
cbij 0
st3 3
s8at 9
s4at 6
cnat 9
s6mx 8
s7pt 3
sb1 1
sm6 8
snkj 7
sr4j 8
s80q 3
s40q 6
sn0q 4
s90q 1
sg0q 4
sz0q 7
ss0q 8
sy0q 6
cd0q 7
s78j 0
s7fx 9
sa3x 6
sf9x 9
shcx 0
siat 2
sunx 9
sv1x 6
sy2x 9
ssqq 2
syqq 0
sdqq 2
c3qq 0
sqhj 6
s3gq 9
s1gq 2
swzq 6
stzq 4
sxzq 0
sjzq 3
sqzq 2
sozq 1
slzq 9
s6zq 8
c2zq 2
s9i 4
su5 4
syqx 8
sdqx 4
s3qx 5
s1qx 9
swox 8
stox 4
cxox 4
s5x 5
s82 3
sg6 3
sih 9
sic 0
sec 9
crc 5
s7c 9
crc 0
sg7 8
sh0 3
sjx 9
stf 1
s8g 6
s4g 8
s7kt 3
sng 5
c9g 5
snvx 4
s9vx 6
sgvx 0
szvx 8
ssvx 9
cyvx 5
s7hx 4
sc6j 9
sdmt 6
sg6x 1
spu 0
ssmt 8
sw6t 3
s5mj 8
spmj 4
s8mj 6
s4mj 3
snmj 9
s9mj 1
sgmj 6
szmj 5
ssmj 0
cymj 0
s4q 8
s9q 6
si7j 1
snix 5
srtx 1
sv2j 4
sxrx 3
sz8q 8
ss8q 9
sy8q 2
cd8q 9
se 5
skt 6
sy 4
sgj 4
szj 1
ssj 4
syj 3
sdj 6
s3j 7
s1j 5
swq 0
ctq 3
cyl 3
st 0
cx 0
cyl 0
s2q 6
cyl 0
s4q 4
cyl 1
s6j 5
cyl 2
sbq 5
cyl 3
sit 7
cyl 4
swl 6
cyl 5
ssl 6
cyl 6
s0n 7
sgyt 8
shb 8
ccjx 7
soe 0
ccjx 0
sxjt 1
sjjt 2
sqjt 3
sojt 4
sljt 5
s6jt 6
s2jt 2
shjt 8
scjt 5
cajt 1
smjt 5
cajt 0
s4j 4
sufj 3
cyiq 0
s24q 7
s46j 8
s9jt 4
sgyx 2
smcq 6
ss 5
ss9q 8
suix 3
s3dq 6
s1dq 5
sw3q 4
ct3q 5
s1kt 2
s34j 3
scpq 2
smpq 1
sapq 7
sfpq 3
sipq 0
sepq 4
s7pq 6
srpq 1
ckpq 6
s1qt 8
s29t 7
sbvt 0
szjj 0
ssjj 9
syjj 7
sdjj 8
s3jj 9
s1jj 9
ctqj 9
swqj 8
ctqj 0
s04x 7
s27t 8
s8 2
sok 7
ss 7
sy7 5
sz5x 8
squq 2
souq 7
sluq 8
s6uq 9
s2uq 5
shuq 0
scuq 3
smuq 4
cfuq 5
sauq 2
cfuq 0
s4k 1
s8rt 4
s98 9
salx 4
sd7q 1
sqrq 4
s5dq 2
spdq 1
s8dq 4
s4dq 9
sndq 8
s9dq 4
sgdq 6
szdq 3
ssdq 7
sydq 1
cddq 7
s3j 3
crq 3
c97 3
scj 2
crq 2
c97 2
so 9
crq 9
c97 9
sxt 3
crq 3
c97 3
saq 2
crq 2
c97 2
sfq 4
crq 4
c97 4
siq 9
crq 0
c97 0
seq 5
crq 5
c97 5
s7q 8
crq 8
c97 8
s3t 9
c97 0
saf 9
c97 2
sam 9
c97 3
sc 6
c97 4
sk7 6
c97 5
slm 6
c97 6
sn 9
c97 6
sni 9
c97 6
sq7 9
c97 9
s07 8
c97 8
s57 1
c97 8
sp7 0
c97 0
s87 2
c97 1
s47 3
c97 2
sn7 4
c97 3
s1j 5
s2o 4
s5 5
s7m 6
s9i 9
sde 6
srl 4
scv 9
smv 5
sav 8
sfv 0
siv 4
sev 1
s7v 2
crv 2
sm6 3
ss0 8
sy0 4
cd0 2
snbq 6
sqhj 5
svgq 8
s0gq 1
s5gq 3
cpgq 6
s2 4
cr 4
crt 4
sh 9
cr 9
crt 9
sj 0
cr 0
crt 0
sl 3
cr 3
crt 3
sm 5
cr 5
crt 5
so 4
cr 4
crt 4
sq 1
cr 0
crt 0
st 7
cx 7
cr 7
crt 7
si 9
cr 0
crt 0
se 2
cr 1
crt 1
s7 3
cr 2
crt 2
s3 5
crt 3
s6t 5
crt 4
s8 9
crt 5
sc 9
cr 9
crt 9
swt 7
crt 7
smt 8
crt 8
sat 0
crt 0
sft 1
crt 1
sit 2
crt 2
set 9
crt 0
s7t 9
crt 3
sbst 4
sz1t 5
ss1t 7
sy1t 8
sd1t 9
c31t 3
snjx 7
sr7 7
cu0x 7
sw4t 8
cu0x 0
s4mx 5
s4tx 9
seat 4
s0nq 1
s5nq 2
spnq 4
s8nq 8
s4nq 5
cnnq 4
sj1j 9
s0sq 8
s5sq 3
spsq 8
s8sq 7
s4sq 9
snsq 0
s9sq 2
sgsq 1
szsq 8
sssq 5
cysq 8
s8lx 6
cz2x 6
sgbt 0
cz2x 0
sjdt 5
cz2x 5
sky 7
cz2x 7
s92x 9
cz2x 9
sg2x 6
cz2x 6
s8ut 0
sht 0
si7x 5
s3sq 3
s1sq 7
swyq 0
styq 9
sxyq 5
sjyq 2
sqyq 6
soyq 3
slyq 3
s6yq 3
c2yq 3
so8 7
sp8t 7
swb 1
si0q 7
se0q 6
s70q 1
sr0q 5
sk0q 2
sb0q 8
su0q 1
sv0q 4
s00q 9
s50q 2
cp0q 9
sgr 0
sre 0
s9b 0
sgb 7
szb 0
ssb 7
syb 7
sdb 5
s3b 0
c1b 5
shtt 4
s9tt 6
sgtt 7
sztt 0
sstt 4
sytt 2
sdtt 2
s3tt 0
c1tt 2
s1e 6
csu 6
s46 8
csu 8
sg2 7
csu 0
sp6 7
csu 7
stf 6
csu 6
s5u 4
csu 6
spu 5
csu 6
s8u 4
csu 0
s4u 8
csu 1
snu 3
csu 2
s9u 3
csu 3
sgu 7
csu 4
szu 8
csu 5
s5xt 8
s9pt 8
sdet 7
sn8 7
siyt 6
seyt 0
s7yt 1
sryt 2
skyt 3
sbyt 4
suyt 5
cvyt 7
sco 8
sdqx 5
seat 4
si6x 0
swpx 6
sybq 2
sdbq 4
c3bq 2
s9i 1
cxox 5
su5 3
cxox 0
syqx 3
cxox 3
sdqx 8
cxox 8
s3qx 1
cxox 1
s1qx 9
cxox 5
swox 6
cxox 6
stox 9
cxox 9
s3t 7
sb8 7
sszt 4
stz 7
sv8t 0
sx6 3
siax 4
seax 7
s7ax 7
srax 8
skax 3
sbax 4
suax 1
svax 5
c0ax 7
s0xj 6
s3yj 0
sm6q 5
sn1t 1
snot 9
sq1x 8
sqbj 3
suh 8
sp4q 4
s84q 9
s44q 5
sn4q 0
c94q 0
satq 6
sk0 7
s25q 6
sh5q 1
sc5q 8
sm5q 1
sa5q 3
sf5q 6
si5q 7
se5q 6
s75q 9
sr5q 3
ck5q 9
snjx 7
cu0x 7
sr7 5
cu0x 5
sw4t 4
cu0x 4
sl8q 7
s68q 2
s28q 5
sh8q 4
sc8q 8
sm8q 6
sa8q 1
sf8q 0
si8q 4
se8q 8
c78q 4
sq5t 6
scdq 3
smdq 6
sadq 7
sfdq 9
sidq 2
sedq 1
s7dq 0
crdq 0
ss8t 5
sqsq 5
sosq 8
slsq 6
s6sq 7
s2sq 3
shsq 4
scsq 2
smsq 9
casq 4
scx 6
semt 7
ssnt 6
siuq 5
seuq 1
s7uq 6
sruq 7
skuq 7
sbuq 5
suuq 9
svuq 8
c0uq 9
sok 7
ssuq 7
syuq 3
sduq 2
s3uq 8
s1uq 5
swvq 2
stvq 1
cxvq 5
scqt 8
sewt 0
suu 6
slot 6
s6ot 4
s2ot 0
shot 6
ccot 0
s3a 8
scjt 6
sfat 4
sg0t 8
sgut 6
shtt 8
sj6 6
sjrt 4
ss7t 8
sj8t 3
sq8t 4
so8t 0
sl8t 8
s68t 8
s28t 3
sh8t 6
sc8t 4
cm8t 4
s2m 3
set 0
swo 6
srr 0
skr 3
sbr 8
cvr 8
sur 1
cvr 8
s4iq 7
s4rt 0
sabx 3
sdkt 6
shdx 4
sxct 1
spyq 9
c8yq 9
sbnt 2
sx5x 7
sxpq 1
sjpq 4
sqpq 8
sopq 0
slpq 3
s6pq 2
s2pq 6
chpq 4
s3fx 7
s1fx 1
swix 7
stix 7
sxix 1
sjix 1
sqix 7
soix 1
slix 7
c6ix 7
s2mx 3
s4yj 1
s69x 3
sbmj 8
sdzt 6
smtx 1
sz3j 7
sg4q 8
sz4q 3
ss4q 2
sy4q 2
sd4q 1
s34q 6
s14q 7
cwnq 8
s3vq 3
s1vq 0
sw0q 6
st0q 2
sx0q 5
sj0q 6
sq0q 4
so0q 7
cl0q 7
sf7t 6
sqt 2
swjq 6
stjq 2
sxjq 2
sjjq 1
sqjq 6
sojq 5
sljq 6
s6jq 1
c2jq 6
s0tj 1
s6jx 2
sfgq 5
sigq 1
segq 2
s7gq 9
srgq 3
ckgq 2
s1c 6
s6j 8
si0 8
skk 6
syx 4
swxt 8
stxt 5
sxxt 8
cjxt 8
sa7x 4
sent 0
soex 6
su8 5
sk7j 6
sb7j 5
su7j 0
sv7j 4
s07j 6
c57j 0
s8v 6
sdft 8
slzx 5
sqwt 8
ss5x 4
sw4q 6
s2gq 1
shgq 5
scgq 4
smgq 3
cagq 6
stwq 4
sybq 8
sznq 0
ssnq 5
synq 4
sdnq 9
s3nq 1
s1nq 7
sw9q 0
ct9q 1
s60q 9
sdxx 5
syex 4
sqdq 7
sodq 5
sldq 3
s6dq 2
s2dq 4
chdq 2
samt 7
ses 0
swjt 7
sb1t 8
su1t 0
cv1t 0
s16j 7
s5qj 8
sk5x 7
slo 8
ssux 0
sqhj 9
sohj 7
slhj 0
s6hj 7
s2hj 8
shhj 9
schj 4
cmhj 4
s4hj 8
snhj 3
s9hj 7
sghj 0
szhj 9
sshj 8
cyhj 4
s19t 7
s1qj 3
slfq 9
smv 0
sanq 8
sfnq 9
cinq 8
se6q 3
s76q 7
sr6q 9
sk6q 5
sb6q 3
su6q 0
cv6q 3
s2rq 6
s8y 5
sakt 7
sidx 7
skdq 5
sbdq 7
sudq 9
svdq 0
c0dq 9
s00t 6
s8oq 4
sbcj 1
smxt 6
s8gq 2
s4gq 1
sngq 3
s9gq 4
sggq 6
szgq 4
ssgq 6
sygq 5
cdgq 5
s6q 2
saej 2
sb5q 6
su5q 2
sv5q 4
s05q 1
s55q 7
sp5q 3
s85q 6
c45q 2
svq 6
sau 0
sfu 0
siu 0
seu 8
s7u 8
sru 0
sku 6
sbu 6
c0u 8
suu 0
c0u 0
svu 6
c0u 6
s2h 3
s8v 7
seg 3
svl 8
syq 0
s2tt 6
shtt 3
sctt 7
smtt 4
catt 6
sawq 8
skzx 0
swuq 9
stuq 3
sxuq 4
cjuq 3
s3x 8
s5nx 7
s7v 7
s96j 8
sc2q 6
sl4x 0
sr0 8
sbpq 7
supq 1
svpq 6
s0pq 0
s5pq 0
cppq 1
s9lj 9
sglj 8
szlj 9
sslj 8
sylj 9
sdlj 5
c3lj 8
s3qt 9
s7 9
s7t 5
sw7x 9
swtx 5
si1j 9
se1j 5
s71j 4
sr1j 5
sk1j 9
cb1j 4
s5zq 2
spzq 8
s8zq 7
s4zq 9
snzq 5
c9zq 8
s31j 0
s89x 6
s9b 2
sixx 2
skz 0
snj 4
sq2q 5
sqj 2
sr5t 2
shyq 6
scyq 5
smyq 0
sayq 4
sfyq 2
ciyq 6
su4j 7
szpq 9
sspq 7
sypq 4
sdpq 5
s3pq 2
s1pq 7
sw8q 7
ct8q 2
seq 7
cfl 7
syx 0
cfl 7
sz 8
cfl 8
sjl 0
cfl 8
sql 0
cfl 0
sol 7
cfl 0
sll 3
cfl 0
s6l 3
cfl 0
s2l 8
cfl 1
shl 9
cfl 9
scl 7
cfl 9
sml 7
cfl 7
sal 8
cfl 8
s7kt 3
senq 0
s7nq 1
srnq 9
sknq 7
sbnq 3
sunq 8
cvnq 1
sn3 9
s5uq 3
spuq 5
s8uq 4
s4uq 0
snuq 9
s9uq 5
cguq 5
s8wx 7
s38q 8
s18q 3
sw4q 6
st4q 7
sx4q 0
cj4q 6
s4ix 8
s4lt 4
s6hj 4
s6wj 8
sagt 8
sbbq 8
sf5j 4
si5t 1
skjq 1
sul 4
s7sq 1
srsq 9
cksq 9
sh3x 3
skpt 4
sg1j 7
sz1j 3
ss1j 4
sy1j 7
sd1j 3
s31j 4
s11j 7
swwq 7
stwq 3
sxwq 2
cjwq 3
s32t 7
s7m 4
sx9q 4
sj9q 8
sq9q 7
so9q 2
sl9q 5
c69q 4
sthx 0
suxt 8
s8xj 3
s4xj 2
snxj 3
s9xj 2
sgxj 8
szxj 0
ssxj 8
syxj 0
cdxj 3
s1gj 2
s2lq 8
s2qt 7
s2x 8
s54 0
shnj 7
siyt 2
su3 7
srlq 8
sklq 1
cblq 7
snpq 0
c9pq 7
s4rx 1
s7oj 2
su4j 8
svoj 5
sl4q 3
s64q 8
s24q 8
sh4q 0
sc4q 1
cm4q 1
s5ex 2
se8 5
sw1t 5
sgyq 2
szyq 7
ssyq 5
syyq 8
sdyq 8
c3yq 7
s0rt 9
s4oq 0
sht 4
sldt 0
snn 9
spax 4
spc 6
swot 9
syc 5
sj5q 0
sq5q 5
co5q 0
s4ij 4
sehx 3
sa4q 6
sf4q 6
si4q 3
se4q 4
s74q 2
sr4q 4
sk4q 8
sb4q 9
cu4q 3
s2k 8
sif 4
sp7 8
sre 9
sty 4
svy 9
s0y 8
s5y 8
spy 2
s8y 4
s4y 9
sny 1
s9y 4
sgy 1
czy 8
sinx 1
ci9q 8
sd5q 1
sj4t 2
spaj 4
styt 6
stdq 2
sxdq 9
cjdq 1
s4r 7
sdtt 6
sk1x 7
slbt 4
snwj 7
sp3t 6
sxrx 4
syvq 5
cdvq 5
shzq 7
sczq 6
smzq 2
cazq 6
s3vx 4
s5zt 4
sht 4
siqx 0
sk2q 0
su4t 7
s4yq 4
snyq 0
c9yq 0
svpq 9
sfsq 7
sisq 7
cesq 7
sox 4
sujt 2
cvjt 2
s00 4
shwx 5
swa 3
sl5q 3
c65q 3
shnq 8
scnq 5
cmnq 8
s4g 4
sdg 6
sf7j 4
sfrj 2
sout 2
sq4q 6
co4q 6
s1bj 2
s1ux 2
s1wq 4
si6 4
spnj 9
sxkq 2
svbq 2
c0bq 2
sbtq 4
scy 4
sdcx 9
sgu 4
sbgq 5
cugq 5
s23x 9
cdsq 9
sfij 4
cdsq 0
ss4x 3
cdsq 3
sg6 6
sylx 4
s1yq 6
cwdq 6
schx 4
sont 4
c20q 4
s60q 8
c20q 8
sw0 1
s98q 7
cg8q 7
sh2x 1
somq 1
cgpq 1
s9lx 2
stij 2
sc9q 2
cm9q 2
sgbq 5
szbq 9
csbq 5
stlt 9
cf9q 9
suft 0
c1bq 0
s4k 3
ca9q 3
s8pq 9
c4pq 9
sv4q 4
c04q 4
s54q 2
s14x 7
czuq 7
seyq 7
c7yq 7
