11530
stlt 0
cf9q 0
suft 1
c1bq 1
s4k 2
ca9q 2
s8pq 3
c4pq 3
sv4q 4
c04q 4
s54q 5
s14x 6
czuq 6
sgbq 7
szbq 8
csbq 7
seyq 9
c7yq 9
sh2x 8
somq 6
cgpq 6
s9lx 8
stij 8
sc9q 0
cm9q 8
sw0 0
s98q 9
cg8q 9
s23x 0
sfij 2
ss4x 2
cdsq 2
sbtq 0
scy 0
sdcx 0
sgu 0
sbgq 0
cugq 0
schx 5
sont 1
s60q 1
c20q 1
sg6 5
sylx 8
s1yq 5
cwdq 5
s4vj 3
soz 8
srdj 3
sbbq 8
cubq 8
s1bj 3
s1ux 4
s1wq 3
si6 3
spnj 4
sxkq 6
svbq 6
c0bq 6
s4g 3
sdg 4
sf7j 3
sfrj 4
sout 7
sq4q 9
co4q 9
shnq 4
scnq 3
cmnq 4
sox 7
sujt 7
cvjt 7
s00 2
shwx 9
swa 7
sl5q 7
c65q 7
svpq 9
sfsq 2
sisq 3
cesq 9
s3vx 0
s5zt 2
sht 0
siqx 2
sk2q 2
su4t 0
s4yq 2
snyq 0
c9yq 0
shzq 6
sczq 7
smzq 4
cazq 4
s4r 3
sdtt 3
sk1x 2
slbt 6
snwj 2
sp3t 1
sxrx 3
syvq 6
cdvq 6
s2k 2
sif 1
sp7 2
sre 8
sty 8
svy 3
s0y 1
s5y 2
spy 8
s8y 7
s4y 1
sny 3
s9y 7
sgy 3
czy 8
sinx 5
ci9q 8
sd5q 3
sj4t 5
spaj 2
styt 7
stdq 5
sxdq 1
cjdq 3
smsx 7
snst 2
sqz 4
sbvq 7
suvq 4
svvq 0
c0vq 4
s4ij 2
sehx 9
sa4q 2
sf4q 9
si4q 2
se4q 6
s74q 5
sr4q 7
sk4q 6
sb4q 7
cu4q 2
sthx 6
suxt 1
s8xj 6
s4xj 1
snxj 7
s9xj 5
sgxj 6
szxj 6
ssxj 1
syxj 0
cdxj 7
s1gj 6
s2lq 9
s2qt 5
s2x 0
s54 1
shnj 9
siyt 5
su3 9
srlq 0
sklq 6
cblq 9
snpq 1
c9pq 9
s0rt 8
s4oq 5
sht 6
sldt 0
snn 5
spax 7
spc 1
swot 8
syc 6
sj5q 5
sq5q 6
co5q 5
s5ex 1
se8 7
sw1t 0
sgyq 7
szyq 8
ssyq 0
syyq 9
sdyq 9
c3yq 8
s4rx 1
s7oj 1
su4j 1
svoj 1
sl4q 1
s64q 0
s24q 0
sh4q 7
sc4q 9
cm4q 9
sh3x 2
skpt 2
sg1j 4
sz1j 2
ss1j 3
sy1j 6
sd1j 4
s31j 0
s11j 2
swwq 2
stwq 4
sxwq 0
cjwq 4
s32t 3
s7m 2
sx9q 6
sj9q 2
sq9q 3
so9q 5
sl9q 0
c69q 6
s4ix 7
s4lt 2
s6hj 4
s6wj 5
sagt 5
sbbq 5
sf5j 2
si5t 4
skjq 7
sul 4
s7sq 1
srsq 7
cksq 7
s8wx 8
s38q 2
s18q 4
sw4q 3
st4q 8
sx4q 2
cj4q 3
sn3 0
s5uq 0
spuq 5
s8uq 9
s4uq 5
snuq 4
s9uq 8
cguq 8
seq 0
syx 6
sz 0
sjl 1
sql 6
sol 1
sll 0
s6l 1
s2l 0
shl 9
scl 6
sml 2
sal 5
cfl 5
s7kt 6
senq 0
s7nq 9
srnq 1
sknq 2
sbnq 6
sunq 1
cvnq 9
su4j 5
szpq 6
sspq 5
sypq 0
sdpq 4
s3pq 7
s1pq 5
sw8q 2
ct8q 7
s31j 2
s89x 5
s9b 1
sixx 2
skz 2
snj 1
sq2q 5
sqj 2
sr5t 2
shyq 1
scyq 6
smyq 5
sayq 8
sfyq 2
ciyq 1
s9lj 9
sglj 9
szlj 4
sslj 0
sylj 9
sdlj 9
c3lj 0
s3qt 4
s7 8
s7t 4
sw7x 3
swtx 9
si1j 4
se1j 3
s71j 6
sr1j 3
sk1j 9
cb1j 6
s5zq 4
spzq 8
s8zq 2
s4zq 9
snzq 3
c9zq 8
s3x 4
s5nx 0
s7v 5
s96j 0
sc2q 4
sl4x 6
sr0 3
sbpq 0
supq 5
svpq 4
s0pq 6
s5pq 3
cppq 5
svq 6
sau 2
sfu 2
siu 2
seu 9
s7u 6
sru 9
sku 2
sbu 2
suu 6
svu 2
c0u 2
s2h 9
s8v 6
seg 9
svl 9
syq 6
s2tt 2
shtt 9
sctt 6
smtt 0
catt 6
sawq 8
skzx 0
swuq 3
stuq 9
sxuq 2
cjuq 9
s6q 4
saej 8
sb5q 4
su5q 8
sv5q 6
s05q 1
s55q 7
sp5q 0
s85q 3
c45q 8
s00t 4
s8oq 3
sbcj 4
smxt 4
s8gq 0
s4gq 3
sngq 4
s9gq 7
sggq 7
szgq 2
ssgq 6
sygq 7
cdgq 7
se6q 6
s76q 6
sr6q 0
sk6q 1
sb6q 6
su6q 5
cv6q 6
s2rq 1
s8y 0
sakt 5
sidx 3
skdq 0
sbdq 5
sudq 2
svdq 1
c0dq 2
samt 3
ses 4
swjt 3
sb1t 6
su1t 4
cv1t 4
s16j 3
s5qj 6
sk5x 3
slo 6
ssux 4
sqhj 8
sohj 3
slhj 4
s6hj 6
s2hj 3
shhj 8
schj 3
cmhj 3
s4hj 6
snhj 0
s9hj 9
sghj 4
szhj 6
sshj 8
cyhj 3
s19t 0
s1qj 6
slfq 9
smv 4
sanq 9
sfnq 8
cinq 9
s60q 5
sdxx 6
syex 8
sqdq 4
sodq 0
sldq 6
s6dq 8
s2dq 1
chdq 8
stwq 3
sybq 4
sznq 7
ssnq 3
synq 7
sdnq 5
s3nq 2
s1nq 1
sw9q 6
ct9q 2
sf7t 3
sqt 3
swjq 3
stjq 3
sxjq 3
sjjq 7
sqjq 5
sojq 1
sljq 0
s6jq 3
c2jq 0
s0tj 5
s6jx 7
sfgq 3
sigq 1
segq 5
s7gq 4
srgq 7
ckgq 5
s1c 9
s6j 6
si0 0
skk 6
syx 8
swxt 9
stxt 0
sxxt 8
cjxt 8
sa7x 9
sent 3
soex 6
su8 6
sk7j 6
sb7j 0
su7j 3
sv7j 9
s07j 6
c57j 8
s8v 6
sdft 0
slzx 3
sqwt 9
ss5x 0
sw4q 6
s2gq 3
shgq 0
scgq 1
smgq 9
cagq 6
s3vq 7
s1vq 1
sw0q 0
st0q 8
sx0q 3
sj0q 4
sq0q 0
so0q 4
cl0q 4
s3fx 8
s1fx 2
swix 8
stix 8
sxix 3
sjix 2
sqix 9
soix 3
slix 2
c6ix 9
s2mx 2
s4yj 8
s69x 3
sbmj 5
sdzt 2
smtx 5
sz3j 3
sg4q 8
sz4q 7
ss4q 9
sy4q 9
sd4q 5
s34q 2
s14q 3
cwnq 8
sbnt 0
sx5x 0
sxpq 7
sjpq 2
sqpq 1
sopq 0
slpq 9
s6pq 7
s2pq 3
chpq 0
scqt 5
sewt 6
suu 9
slot 5
s6ot 9
s2ot 1
shot 6
ccot 9
s3a 6
scjt 5
sfat 4
sg0t 5
sgut 6
shtt 1
sj6 5
sjrt 7
ss7t 7
sj8t 6
sq8t 4
so8t 8
sl8t 1
s68t 7
s28t 9
sh8t 1
sc8t 3
cm8t 8
s2m 5
set 9
swo 6
srr 4
skr 9
sbr 2
sur 1
cvr 2
s4iq 5
s4rt 7
sabx 4
sdkt 9
shdx 3
sxct 1
spyq 6
c8yq 6
sok 5
ssuq 1
syuq 5
sduq 8
s3uq 3
s1uq 4
swvq 2
stvq 7
cxvq 1
s5j 9
sbo 9
sfj 0
skx 3
sst 9
suj 0
syj 3
syo 9
sil 9
sel 8
s7l 0
srl 3
skl 9
sbl 3
c0l 3
sul 9
c0l 9
svl 0
c0l 0
s2mt 8
s5u 8
s7px 8
shdj 7
su3j 8
szbx 3
sibq 9
sebq 7
s7bq 3
srbq 0
ckbq 9
scx 5
semt 5
ssnt 2
siuq 8
seuq 2
s7uq 5
sruq 8
skuq 8
sbuq 4
suuq 7
svuq 3
c0uq 7
ss8t 8
sqsq 8
sosq 6
slsq 3
s6sq 0
s2sq 4
shsq 2
scsq 5
smsq 0
casq 2
snjx 1
sr7 1
sw4t 8
cu0x 8
sl8q 3
s68q 1
s28q 0
sh8q 8
sc8q 6
sm8q 7
sa8q 4
sf8q 5
si8q 8
se8q 6
c78q 8
sq5t 9
scdq 7
smdq 9
sadq 3
sfdq 1
sidq 0
sedq 4
s7dq 5
crdq 5
satq 2
sk0 2
s25q 6
sh5q 6
sc5q 2
sm5q 6
sa5q 9
sf5q 3
si5q 7
se5q 3
s75q 0
sr5q 8
ck5q 0
s9i 1
su5 9
syqx 1
sdqx 9
s3qx 7
s1qx 4
swox 9
stox 1
cxox 1
s3t 4
sb8 7
sszt 4
stz 7
sv8t 9
sx6 4
siax 7
seax 4
s7ax 7
srax 4
skax 9
sbax 2
suax 1
svax 4
c0ax 2
s0xj 1
s3yj 6
sm6q 4
sn1t 9
snot 7
sq1x 8
sqbj 3
suh 7
sp4q 2
s84q 8
s44q 6
sn4q 4
c94q 4
sgr 1
sre 1
s9b 9
sgb 1
szb 0
ssb 7
syb 3
sdb 9
s3b 1
c1b 3
shtt 7
s9tt 0
sgtt 1
sztt 7
sstt 9
sytt 7
sdtt 0
s3tt 7
c1tt 0
s1e 1
s46 9
sg2 1
sp6 5
stf 1
s5u 7
spu 3
s8u 9
s4u 8
snu 7
s9u 5
sgu 7
szu 6
csu 1
s5xt 8
s9pt 6
sdet 5
sn8 9
siyt 3
seyt 8
s7yt 7
sryt 2
skyt 5
sbyt 6
suyt 1
cvyt 5
sco 8
sdqx 3
seat 0
si6x 2
swpx 0
sybq 7
sdbq 6
c3bq 7
s8lx 9
sgbt 1
sjdt 3
sky 2
s92x 0
sg2x 8
cz2x 8
s8ut 9
sht 1
si7x 3
s3sq 0
s1sq 9
swyq 2
styq 5
sxyq 1
sjyq 3
sqyq 6
soyq 8
slyq 4
s6yq 4
c2yq 4
so8 8
sp8t 8
swb 8
si0q 0
se0q 8
s70q 9
sr0q 6
sk0q 9
sb0q 1
su0q 3
sv0q 0
s00q 5
s50q 9
cp0q 5
sj1j 2
s0sq 6
s5sq 2
spsq 6
s8sq 7
s4sq 8
snsq 9
s9sq 0
sgsq 1
szsq 4
sssq 6
cysq 4
s2 3
sh 6
sj 3
sl 9
sm 7
so 7
sq 8
st 6
cx 6
si 3
se 7
s7 9
s3 8
s6t 5
s8 2
sc 8
cr 6
swt 9
smt 7
sat 7
sft 3
sit 8
crt 8
set 0
crt 0
s7t 9
crt 2
sbst 5
sz1t 3
ss1t 7
sy1t 9
sd1t 6
c31t 2
snjx 7
cu0x 7
sr7 5
cu0x 5
sw4t 3
cu0x 0
s4mx 9
s4tx 6
seat 3
s0nq 9
s5nq 3
spnq 8
s8nq 7
s4nq 6
cnnq 8
s3j 1
scj 2
so 7
sxt 5
saq 1
sfq 7
siq 0
seq 2
s7q 1
crq 1
s3t 0
saf 0
sam 4
sc 7
sk7 0
slm 5
sn 2
sni 7
sq7 0
s07 4
s57 0
sp7 7
s87 3
s47 2
sn7 9
c97 7
s1j 9
s2o 5
s5 1
s7m 4
s9i 2
sde 0
srl 4
scv 9
smv 3
sav 2
sfv 3
siv 4
sev 5
crv 3
s7v 2
crv 2
sm6 4
ss0 6
sy0 1
cd0 2
snbq 7
sqhj 5
svgq 6
s0gq 0
s5gq 4
cpgq 7
s0jt 1
s49j 9
sapx 4
sauq 5
sp1j 1
sq5 9
su8 4
svox 9
szxt 1
stnq 4
sxnq 9
sjnq 3
sqnq 0
sonq 2
slnq 5
s6nq 1
c2nq 2
s4k 4
s8rt 1
s98 4
salx 1
sd7q 1
sqrq 1
s5dq 4
spdq 1
s8dq 6
s4dq 6
sndq 1
s9dq 3
sgdq 8
szdq 4
ssdq 9
sydq 0
cddq 9
s1qt 4
s29t 5
sbvt 6
szjj 6
ssjj 5
syjj 4
sdjj 5
s3jj 4
s1jj 5
swqj 6
ctqj 5
s04x 6
s27t 4
s8 6
sok 3
ss 7
sy7 3
sz5x 4
squq 6
souq 7
sluq 4
s6uq 5
s2uq 8
shuq 1
scuq 3
smuq 0
cfuq 8
sauq 6
cfuq 0
s1kt 5
s34j 1
scpq 5
smpq 6
sapq 4
sfpq 2
sipq 1
sepq 3
s7pq 7
srpq 9
ckpq 3
se 6
skt 4
sy 1
sgj 1
szj 1
ssj 6
syj 4
sdj 6
s3j 1
s1j 4
swq 6
ctq 4
st 5
cx 5
s2q 8
s4q 0
s6j 6
sbq 6
sit 1
swl 8
ssl 0
cyl 5
s0n 6
sgyt 8
shb 8
soe 0
ccjx 6
sxjt 1
sjjt 4
sqjt 4
sojt 2
sljt 0
s6jt 8
s2jt 5
shjt 4
scjt 2
smjt 1
cajt 8
s4j 2
sufj 0
cyiq 8
s24q 9
s46j 7
s9jt 2
sgyx 6
smcq 4
ss 1
ss9q 7
suix 5
s3dq 0
s1dq 4
sw3q 1
ct3q 4
s9i 2
cxox 2
su5 6
cxox 6
syqx 5
cxox 5
sdqx 9
cxox 9
s3qx 3
cxox 1
s1qx 2
cxox 2
swox 8
cxox 8
stox 6
cxox 6
s5x 3
s82 5
sg6 5
sih 9
sic 3
sec 9
s7c 5
crc 5
sg7 9
sh0 1
sjx 2
stf 8
s8g 3
s4g 6
s7kt 0
sng 9
c9g 9
snvx 6
s9vx 3
sgvx 1
szvx 5
ssvx 6
cyvx 9
s7hx 2
sc6j 3
sdmt 6
sg6x 8
spu 7
ssmt 1
sw6t 5
s5mj 0
spmj 1
s8mj 2
s4mj 6
snmj 5
s9mj 3
sgmj 8
szmj 2
ssmj 0
cymj 0
s4q 7
s9q 9
si7j 8
snix 2
srtx 8
sv2j 3
sxrx 1
sz8q 7
ss8q 6
sy8q 5
cd8q 6
s78j 2
s7fx 9
sa3x 3
sf9x 8
shcx 4
siat 1
sunx 2
sv1x 9
sy2x 8
ssqq 0
syqq 2
sdqq 1
c3qq 4
sqhj 0
s3gq 3
s1gq 9
swzq 1
stzq 8
sxzq 2
sjzq 5
sqzq 0
sozq 4
slzq 7
s6zq 9
c2zq 0
s20t 9
s4xx 8
si7t 3
sn7 7
sohx 8
slhx 7
s6hx 9
c2hx 8
sddt 5
siqj 3
skh 9
sw2t 5
sy5t 7
sfij 7
siij 5
seij 2
s7ij 3
srij 9
skij 8
cbij 8
st3 3
s8at 7
s4at 4
cnat 7
s6mx 5
s7pt 3
sb1 2
sm6 5
snkj 9
sr4j 5
s80q 4
s40q 3
sn0q 2
s90q 2
sg0q 1
sz0q 9
ss0q 5
sy0q 8
cd0q 9
sc 3
cr 3
sj 7
cr 7
st 8
cx 8
cr 8
si 3
cr 8
se 7
cr 8
s7 0
cr 8
s2 3
cr 3
s6 6
sa 0
cf 0
sh 7
cf 7
cr 3
sl 6
cf 6
cr 8
sm 3
cf 3
cr 1
so 8
cf 8
cr 0
sq 1
cf 1
cr 0
sk 7
sb 6
cu 1
sh3t 7
sr8q 3
sk8q 8
sb8q 0
su8q 4
sv8q 6
s08q 7
s58q 7
sp8q 2
s88q 1
s48q 1
cn8q 1
szft 5
csft 5
s17j 0
sqgt 0
s4kj 5
snkj 2
s9kj 5
sgkj 0
czkj 0
sdbt 5
sjet 2
sjqx 2
s3uj 5
s1uj 2
swvj 3
ctvj 0
s5qq 3
s5xx 6
s9it 5
sdb 6
siot 2
snjq 8
sqpj 5
swqj 2
swt 4
sovq 2
slvq 3
s6vq 8
s2vq 6
shvq 4
scvq 5
smvq 0
savq 7
cfvq 7
s0jt 4
c2nq 4
s49j 9
c2nq 9
sapx 3
c2nq 3
sauq 2
c2nq 2
sp1j 0
c2nq 0
sq5 5
c2nq 5
su8 6
c2nq 6
svox 8
c2nq 8
szxt 7
c2nq 7
stnq 1
c2nq 1
sxnq 4
c2nq 4
sjnq 9
c2nq 0
sqnq 3
c2nq 3
sonq 2
c2nq 2
slnq 5
c2nq 1
s6nq 6
c2nq 5
s04t 8
sqz 8
symt 6
sl5x 8
s65x 6
s25x 9
sh5x 7
sc5x 8
sm5x 7
ca5x 7
s1lq 8
s1zq 6
saix 9
sgs 8
sil 9
sx6j 7
sygx 9
sbsq 8
susq 7
cvsq 5
sni 9
s9i 9
szi 9
ssi 9
syi 9
sdi 9
s3i 8
s1i 7
s02 6
sdl 8
sgi 7
cwe 7
sk8 9
sqf 6
szb 6
s4s 9
sns 8
s9s 8
sgs 6
szs 4
sss 7
sys 8
sds 9
s3s 7
c1s 7
se2 0
siy 9
sxy 6
s53 0
sp3 8
s83 4
s43 9
c93 6
sn3 8
c93 0
sv 4
c0 4
st 9
cf 9
cu 9
cx 4
c0 4
cf 0
cu 0
cr 3
cu 1
se 8
c93 8
c0 6
cr 7
cu 2
s7 8
c0 8
cr 9
cu 3
s2 7
cf 7
cr 4
cu 7
sa 9
c0 9
cf 6
cu 6
sh 8
cf 8
cr 0
cu 8
so 9
c0 9
cf 0
cr 4
cu 0
sq 5
c0 5
cf 1
cr 2
cu 1
sk 4
cu 0
sb 9
cu 2
s6 3
c0 3
cf 4
cu 4
sc 7
cf 5
cu 5
cr 7
cu 0
si 6
c0 6
cr 1
cu 1
sj 7
cf 7
cu 7
cr 3
cu 2
sl 9
cf 8
cr 9
cu 8
sm 3
c0 3
cf 4
cr 5
cu 4
s5 9
sp 6
s8 5
s4 3
c9 4
sn 9
c9 0
s1e 3
s3 6
s76 1
sb0 3
sdf 5
sdk 7
sre 8
sth 5
s6p 9
s2p 8
shp 2
scp 3
smp 7
sap 6
sfp 8
cip 0
s7x 1
sgd 7
soqt 6
sv1 7
ssht 3
syht 9
cdht 0
s53j 2
sg8j 1
soat 5
soiq 6
sq1x 3
ss0j 9
sypt 5
s30q 7
s10q 8
cw5q 8
s85j 5
swdj 3
stdj 6
sxdj 4
sjdj 2
sqdj 6
codj 6
s4vj 1
cubq 1
soz 9
cubq 0
srdj 4
cubq 2
sbbq 3
cubq 3
scoj 5
skpj 4
smfj 9
smgt 5
sp6q 4
svf 5
svq 7
sg5q 6
sz5q 4
ss5q 5
sy5q 9
sd5q 7
s35q 8
s15q 5
swpq 1
ctpq 5
s5j 0
c0l 0
ckbq 0
sbo 2
c0l 2
ckbq 2
sfj 4
c0l 4
ckbq 4
skx 9
c0l 9
ckbq 9
sst 6
c0l 6
ckbq 6
suj 8
c0l 8
ckbq 8
syj 7
c0l 7
ckbq 7
syo 3
c0l 1
ckbq 1
sil 3
c0l 3
ckbq 3
sel 0
c0l 0
ckbq 0
s7l 2
c0l 2
ckbq 2
srl 4
c0l 4
ckbq 4
skl 9
c0l 5
ckbq 5
sbl 9
c0l 9
ckbq 9
sul 6
c0l 6
ckbq 6
svl 8
c0l 8
ckbq 8
s2mt 7
ckbq 7
s5u 1
ckbq 1
s7px 3
ckbq 3
shdj 0
ckbq 0
su3j 2
ckbq 2
szbx 4
ckbq 4
sibq 5
ckbq 5
sebq 9
ckbq 0
s7bq 6
ckbq 1
srbq 8
ckbq 8
s1g 7
s5vq 3
spvq 7
s8vq 3
s4vq 9
snvq 6
s9vq 3
sgvq 2
szvq 4
csvq 4
smsx 7
c0vq 7
snst 3
c0vq 3
sqz 9
c0vq 9
sbvq 6
c0vq 6
suvq 2
c0vq 2
svvq 7
c0vq 0
sv 5
c0 5
c9 5
st 1
cf 1
cu 1
c9 1
cx 8
c0 8
c9 8
cf 3
cu 3
c9 3
cr 5
cu 1
c9 1
se 5
c0 5
c9 4
cr 7
cu 7
c9 7
s7 9
c0 9
c9 5
cr 8
cu 8
c9 8
sa 9
c0 9
c9 9
cf 6
cu 6
c9 6
sh 3
cf 3
cr 1
cu 3
c9 3
so 7
c0 7
c9 1
cf 4
cr 5
cu 4
c9 4
sq 8
c0 8
c9 3
cf 9
cr 5
cu 9
c9 9
sk 7
cu 5
c9 5
sb 6
cu 6
c9 6
s6 7
c0 7
cf 8
cu 8
c9 8
sc 1
cf 1
cu 1
cr 7
cu 0
c9 0
si 2
c0 2
cr 3
cu 3
c9 3
sl 7
cf 7
cr 4
cu 7
c9 7
sm 9
c0 5
cf 9
cr 6
cu 9
c9 9
s5 1
c9 1
sp 4
c9 2
s8 6
c9 4
s4 8
c9 5
sn 8
c9 8
s2 6
cf 6
cr 0
cu 6
c9 6
sj 3
cf 3
cu 3
cr 0
cu 0
c9 0
sg 7
ss 9
sy 1
sd 2
s1 4
ctt 0
s8t 5
sox 8
swt 1
ctt 1
sxx 9
sfx 7
six 5
sex 8
s7x 4
srx 2
skx 8
sbx 7
cux 1
s9t 9
sxj 2
sjj 4
sqj 7
soj 5
slj 7
s6j 8
s2j 5
shj 4
scj 8
smj 7
caj 1
s3 2
ctt 2
cux 2
caj 2
s7j 5
caa 2
ssl 9
caa 0
sz 3
ctt 3
cux 3
caj 3
caa 3
safx 6
sgzt 5
sw4t 4
s2ix 6
shix 9
scix 5
cmix 3
s0sx 8
s68j 6
setj 7
sg3t 4
sozx 6
srn 4
ssi 6
sryq 8
skyq 5
sbyq 6
cuyq 6
s10x 9
s40t 7
sbex 4
scfx 4
sjkx 9
snvx 4
so4x 4
swtx 5
sczx 4
smzx 7
sazx 1
sfzx 5
cizx 1
s8x 4
c3q 4
s9t 5
c3q 5
sfx 9
cizx 0
c3q 5
sv 7
c0 7
c9 7
sk 2
cu 2
c9 0
sb 9
cu 9
c9 9
s6 4
c0 4
cf 1
cu 1
c9 1
s5 3
c9 0
s4 5
c9 2
sn 5
c9 3
sa 4
c0 4
c9 4
cf 5
cu 5
c9 5
sg 7
sp 8
c9 7
sxt 9
sjt 8
sqt 8
sot 8
clt 8
s0x 9
cpx 8
s5x 1
cpx 1
s8o 0
sdl 2
sox 3
ssl 4
svq 9
szx 3
s12 4
swh 5
sth 7
sxh 4
sjh 0
s2 2
cf 2
cu 2
c9 2
clt 2
cpx 2
cr 0
cu 0
c9 0
clt 0
cpx 0
crt 1
sh 4
cf 4
cu 4
c9 4
clt 4
cpx 4
cr 3
cu 1
c9 1
clt 1
cpx 1
crt 3
sj 9
cf 9
cu 9
c9 9
clt 9
cpx 9
cr 5
cu 3
c9 3
clt 3
cpx 3
crt 5
sl 7
cizx 7
cf 6
cu 6
c9 6
clt 6
cpx 6
cr 8
cu 5
c9 5
clt 5
cpx 5
crt 8
sm 7
c0 7
cf 8
cu 8
c9 8
clt 8
cpx 8
cr 7
cu 7
c9 7
clt 7
cpx 7
crt 2
so 4
c0 4
c9 4
clt 4
cpx 4
cf 0
cu 0
c9 0
clt 0
cpx 0
cr 1
cu 1
c9 1
clt 1
cpx 1
crt 2
sq 9
c0 3
c9 2
clt 2
cpx 2
cf 6
cu 6
c9 6
clt 6
cpx 6
cr 9
cu 3
c9 3
clt 3
cpx 3
crt 9
st 5
cf 5
cu 5
c9 5
clt 5
cpx 5
cx 7
c0 7
c9 7
clt 7
cpx 7
cf 4
cu 4
c9 4
clt 4
cpx 4
cr 8
cu 0
c9 0
clt 0
cpx 0
crt 8
si 9
c0 9
c9 1
clt 1
cpx 1
cr 9
cu 6
c9 6
clt 6
cpx 6
crt 9
se 8
c0 8
c9 8
clt 8
cpx 8
cr 9
cu 9
c9 2
clt 2
cpx 2
crt 3
s7 5
c0 5
c9 5
clt 5
cpx 5
cr 3
cu 3
c9 3
clt 3
cpx 3
crt 7
s3 9
clt 0
cpx 0
crt 9
s6t 4
crt 4
s8 7
c9 7
clt 7
cpx 7
crt 1
sc 9
cf 9
cu 9
c9 9
clt 9
cpx 9
cr 6
cu 1
c9 1
clt 1
cpx 1
crt 6
swt 8
crt 2
smt 8
crt 4
sat 8
crt 8
sft 6
crt 6
sit 2
crt 2
set 4
crt 0
s7t 5
crt 3
sao 4
cso 4
s2h 8
sgl 5
soo 8
syq 6
sz 5
sy7 8
sd7 6
s37 2
s17 7
swr 6
str 4
sxr 7
sjr 5
sqr 2
s0b 0
s1m 3
s32 8
cqh 1
cor 1
sk0 4
smjt 2
spi 6
svp 7
cuqt 1
swa 2
cuqt 1
szj 9
cuqt 0
s74q 2
seeq 7
svyq 4
s0yq 5
c5yq 5
smi 8
sai 3
sfi 7
sii 8
sei 6
s7i 7
sri 4
ski 6
sbi 9
sui 8
cvi 9
s26 3
s56 7
sk2 3
skh 8
sg7 4
sz7 7
cs7 8
s1e 6
csu 6
s46 3
csu 3
sg2 9
csu 0
sp6 6
csu 6
stf 9
csu 9
s5u 7
csu 9
spu 1
csu 0
s8u 4
csu 1
s4u 7
csu 2
snu 3
csu 3
s9u 4
csu 4
sgu 7
csu 6
szu 8
csu 7
s2f 8
s2qt 8
s30 9
sjm 8
sln 0
suj 1
sxg 2
cmqt 0
syc 3
cmqt 0
scqt 4
cmqt 1
s62 6
s8 7
scc 9
sn1 3
ct2t 6
sw2t 3
ct2t 3
s52t 2
s6c 9
s9d 7
sdh 8
selt 9
spwt 2
srht 4
srwt 9
cbct 9
s8lx 4
cz2x 4
sgbt 6
cz2x 6
sjdt 8
cz2x 8
sky 3
cz2x 3
s92x 7
cz2x 7
sg2x 2
cz2x 2
s44 0
scbj 1
su8x 1
sp9q 1
s89q 4
s49q 6
sn9q 8
s99q 3
sg9q 0
sz9q 9
ss9q 7
sy9q 2
sd9q 9
c39q 2
sv 1
c0 1
c9 1
clt 1
se 3
c0 3
c9 3
clt 3
cr 0
cu 0
c9 0
clt 0
so 6
c0 6
c9 6
clt 6
cf 1
cr 8
cu 1
c9 1
clt 1
sq 8
c0 8
c9 8
clt 8
cf 0
cr 3
cu 0
c9 0
clt 0
sk 5
cu 3
c9 3
clt 3
s6 9
c0 9
cf 4
cu 4
c9 4
clt 4
sc 7
cf 5
cu 5
cr 7
cu 6
c9 6
clt 6
si 7
c0 7
cr 9
cu 9
c9 9
clt 9
sj 7
cf 7
cu 7
cr 1
cu 0
c9 0
clt 0
s8 5
c9 1
clt 1
s4 8
c9 2
clt 2
sn 8
c9 3
clt 3
s2 8
cf 8
cr 4
cu 8
c9 8
clt 8
s3 5
clt 0
sa 5
c0 5
c9 4
cf 7
cu 7
c9 7
clt 7
sg 6
clt 1
sh 9
cf 9
cr 5
cu 9
c9 9
clt 9
sm 6
c0 6
cf 5
cr 6
cu 5
c9 5
clt 5
sp 6
c9 0
clt 0
sxt 4
clt 1
sjt 2
clt 2
sqt 3
clt 3
sot 6
clt 4
s4t 8
s5 7
c9 7
clt 7
s6j 6
sb 6
cu 6
c9 6
clt 6
spj 8
sqx 9
st 5
cf 5
cu 5
c9 5
clt 5
cx 0
c0 0
c9 0
clt 0
cf 1
cu 1
c9 1
clt 1
cr 2
cu 2
c9 2
clt 2
svq 3
swo 4
sto 8
sxo 9
sjo 4
sqo 9
soo 8
slo 9
s6o 7
s2o 3
s1q 8
cho 2
s2l 7
s4x 9
s7o 4
syj 6
se6 3
s76 4
sr6 7
sk6 8
sb6 9
su6 6
cv6 9
shx 3
syq 7
sgh 6
szh 4
ssh 8
syh 6
sdh 7
s3h 3
s1h 8
cwc 2
s3j 7
s7 9
c0 9
c9 9
cr 0
cu 0
c9 0
clt 0
cho 0
cwc 0
s82 8
sl 4
cf 4
cr 3
cu 4
c9 4
clt 4
cho 4
cwc 4
ssq 8
sta 5
stl 6
swh 8
sna 5
s9a 7
sga 6
s1c 3
s1t 8
s4f 6
s8h 5
s92 7
sh6 8
ssj 3
s0h 6
cza 4
cci 4
sgb 5
s5v 1
spv 6
s8v 5
s4v 9
snv 7
s9v 3
cgv 9
s4b 3
sc5 8
sej 6
shr 5
si6 1
cv6 1
cwc 0
cza 0
cci 0
so0 7
ssl 5
sdp 8
c3p 0
s2xj 3
s8jt 6
scux 3
ssbj 6
sybj 1
cdbj 3
s5l 8
sclj 5
sy4 7
st5q 1
cx5q 1
sv 6
c0 6
c9 6
clt 6
se 9
c0 9
c9 9
clt 9
cr 2
cu 2
c9 2
clt 2
so 7
c0 7
c9 7
clt 7
cf 3
cr 5
cu 3
c9 3
clt 3
sb 8
cu 5
c9 5
clt 5
s6 8
c0 8
cf 8
cu 8
c9 8
clt 8
sc 6
cf 6
cu 6
cr 4
cu 0
c9 0
clt 0
si 4
c0 4
cr 2
cu 2
c9 2
clt 2
sj 9
cf 9
cu 9
cr 3
cu 1
c9 1
clt 1
sl 7
cf 7
cr 6
cu 7
c9 7
clt 7
s5 3
c9 3
clt 3
s8 6
c9 4
clt 4
s4 5
c9 5
clt 5
sn 6
c9 6
clt 6
s2 8
cf 8
cr 0
cu 8
c9 8
clt 8
s3 9
clt 0
s7 9
c0 9
c9 9
cr 2
cu 1
c9 1
clt 1
sg 2
clt 0
sh 7
cf 7
cr 2
cu 7
c9 7
clt 7
sm 3
c0 3
cf 3
cr 4
cu 3
c9 3
clt 3
sp 5
c9 0
clt 0
sxt 6
clt 1
sjt 6
clt 2
sqt 5
clt 4
sot 5
clt 5
st 6
cf 6
cu 6
c9 6
clt 6
cr 8
cu 8
c9 8
clt 8
cx 9
c0 9
c9 0
clt 0
cf 7
cu 7
c9 7
clt 7
cr 9
cu 1
c9 1
clt 1
s4t 9
s8t 3
sat 2
sft 4
sgt 5
sxx 3
sjx 4
sqx 5
sox 2
s6x 9
s2x 6
shx 3
smx 2
s1 5
scx 2
sej 4
sk 6
cu 6
c9 6
clt 6
slx 2
cax 6
smj 8
sq 3
c0 3
c9 3
clt 3
cax 3
cf 0
cr 2
cu 0
c9 0
clt 0
cax 0
s6q 9
s2q 5
shq 9
scq 4
cmq 0
s1j 9
s6j 5
s9t 5
sco 9
sqo 8
sul 2
svo 8
swt 4
szj 7
s4l 5
snl 4
s9l 2
czl 5
sgl 9
czl 1
s12 8
s2r 2
sa 8
c0 8
c9 8
cf 4
cu 4
c9 4
clt 4
cax 4
cmq 4
set 7
srb 9
skb 7
sbb 9
sub 2
svb 5
s0b 1
s5b 7
spb 6
s8b 9
cnb 4
s4b 5
cnb 0
s0xt 6
s2l 7
s30 1
sx2t 2
sa7t 3
ce7t 0
sf7t 8
ce7t 1
si7t 8
ce7t 2
sd7 7
shs 9
sq7 5
sid 3
sed 6
s7d 5
srd 7
skd 3
sbd 3
sud 8
svd 9
c0d 8
s7o 5
ss1 6
sy1 3
sd1 7
s31 5
c11 7
sdvt 3
szvx 9
snzx 5
s9zx 6
sgzx 9
szzx 3
sszx 5
syzx 8
sdzx 3
s3zx 6
s1zx 8
swsx 9
ctsx 9
s1lj 6
stut 7
snaj 5
s9aj 3
sgaj 7
szaj 6
ssaj 4
syaj 6
sdaj 8
c3aj 2
si6x 6
simq 4
sp1j 5
sn5q 4
c95q 2
s1 3
saq 8
sut 8
syx 4
sdl 7
s3l 6
s1l 5
sw6 9
st6 3
cq6 7
sx6 8
cq6 0
sj6 6
cq6 6
s5x 4
st 5
cx 5
sco 8
smo 9
sfo 3
sio 1
ceo 5
sao 3
ceo 0
cso 3
sy6 9
sd6 7
s36 4
s16 1
cw2 0
s1j 6
s4j 8
s8o 4
sel 9
sil 7
sql 8
s7h 6
srh 1
skh 7
sbh 6
suh 4
svh 9
s0h 1
s5h 3
sph 8
c4h 0
s8h 7
c4h 0
s1h 5
s2m 3
s3c 1
s5l 9
s8i 4
skc 6
suj 5
cq6 5
c4h 1
ste 3
sxe 7
sje 4
sqe 8
soe 3
sle 4
s6e 8
c2e 8
s1q 6
cq6 6
c4h 6
c2e 6
cv6 0
s2l 4
cv6 1
s4x 9
cv6 9
s7o 5
cv6 3
syj 7
cv6 7
si6 4
cv6 7
se6 5
cv6 7
sr6 4
cv6 4
sk6 8
cv6 4
sb6 0
cv6 0
su6 1
cv6 1
s76 9
cv6 2
s7l 3
c4h 3
c2e 3
s7x 5
s8 6
si 5
siq 8
sol 7
soo 9
ssx 8
cd2 5
sb 8
sdh 6
sie 4
sua 0
sep 9
c7p 8
s1c 3
s2mt 6
s4r 7
shq 9
skat 1
spct 2
srct 9
szrt 7
ssrt 6
syrt 6
sdrt 4
s3rt 0
s1rt 6
cwkt 4
s65 5
sv0 0
svc 7
sx4 3
sxtt 2
syut 9
sdut 5
s3ut 1
s1ut 8
swvt 8
stvt 7
sxvt 0
sjvt 8
cqvt 4
s2x 3
c4h 3
c2e 3
c7p 3
cwkt 3
cqvt 3
s94 9
smut 5
snh 6
sug 0
s1tx 2
cwxx 3
s15t 9
s5cj 7
s8jx 8
sej 1
cw2 1
c4h 1
c2e 1
c7p 1
cwkt 1
cqvt 1
cwxx 1
sf4q 8
sg8 6
shf 0
sp7 5
suwj 0
s9nq 2
cgnq 2
s8x 9
c3q 9
cor 9
s9t 7
c3q 7
cor 7
sfx 5
c3q 0
cor 0
sh9 6
sc9 4
sm9 5
sf9 6
si9 9
se9 3
sdx 7
s4q 4
snq 5
sgq 6
szq 3
cdq 7
ssq 0
cdq 0
sv 9
c0 9
c9 9
clt 9
cpx 9
cqh 9
cor 9
sk 5
cu 5
c9 1
clt 1
cpx 1
cqh 1
cor 1
sb 4
cu 4
c9 4
clt 4
cpx 4
cqh 4
cor 4
s6 3
c0 3
cf 5
cu 5
c9 5
clt 5
cpx 5
cqh 5
cor 5
s5 6
c9 0
clt 0
cpx 0
cqh 0
cor 0
s4 8
cdq 8
c9 3
clt 3
cpx 3
cqh 3
cor 3
sn 6
c9 6
clt 6
cpx 6
cqh 6
cor 6
sa 7
c0 7
c9 7
cqh 1
cor 1
cf 8
cu 8
c9 8
cqh 2
cor 2
clt 8
cpx 8
cqh 8
cor 8
sg 7
clt 7
cpx 7
cqh 7
cor 7
sp 9
c9 9
cqh 0
cor 0
clt 9
cpx 9
cqh 9
cor 9
sxt 4
clt 4
cpx 4
cqh 4
cor 4
sjt 5
clt 5
cpx 5
cqh 5
cor 5
sqt 3
clt 1
cpx 1
cqh 1
cor 1
sot 6
clt 6
cpx 6
cqh 6
cor 6
s0x 2
cpx 0
cqh 0
cor 0
s5x 3
cpx 3
cqh 3
cor 3
s8o 2
cqh 2
cor 2
sdl 8
cqh 4
cor 4
sox 7
cqh 7
cor 7
ssl 8
cqh 8
cor 8
svq 9
cqh 9
cor 9
szx 5
cqh 5
cor 5
s12 1
cqh 0
cor 0
swh 1
cqh 1
cor 1
sth 6
cqh 6
cor 6
sxh 3
cqh 6
cor 6
sjh 2
cqh 0
cor 0
s2 4
cf 4
cu 4
c9 4
cqh 4
cor 4
clt 0
cpx 0
cqh 0
cor 0
cr 1
cu 1
c9 1
clt 1
cpx 1
cqh 1
cor 1
crt 2
cor 0
sh 7
cf 3
cu 3
c9 3
cqh 2
cor 2
clt 3
cpx 3
cqh 3
cor 3
cr 5
cu 5
c9 5
clt 5
cpx 5
cqh 5
cor 5
crt 7
cor 1
sj 8
cf 8
cu 8
c9 8
clt 8
cpx 8
cqh 8
cor 8
cr 9
cu 6
c9 6
clt 6
cpx 6
cqh 6
cor 6
crt 9
cor 2
sl 9
cf 9
cu 9
c9 9
clt 9
cpx 9
cqh 9
cor 9
cr 7
cu 4
c9 4
clt 4
cpx 4
cqh 4
cor 4
crt 7
cor 0
sm 7
c0 7
cf 7
cu 7
c9 7
cqh 1
cor 1
clt 7
cpx 7
cqh 7
cor 7
cr 3
cu 3
c9 3
clt 3
cpx 3
cqh 3
cor 3
crt 5
cor 0
so 8
c0 8
c9 8
clt 8
cpx 8
cqh 8
cor 8
cf 2
cu 2
c9 2
clt 2
cpx 2
cqh 2
cor 2
cr 6
cu 1
c9 1
clt 1
cpx 1
cqh 1
cor 1
crt 6
cor 0
sq 5
c0 5
c9 4
clt 4
cpx 4
cqh 4
cor 4
cf 6
cu 6
c9 6
clt 6
cpx 6
cqh 6
cor 6
cr 9
cu 5
c9 5
clt 5
cpx 5
cqh 5
cor 5
crt 9
cor 0
st 9
cf 9
cu 9
c9 9
clt 9
cpx 9
cqh 9
cor 9
cx 3
c0 3
c9 3
clt 3
cpx 3
cqh 3
cor 3
cf 7
cu 7
c9 7
clt 7
cpx 7
cqh 7
cor 7
cr 8
cu 1
c9 1
clt 1
cpx 1
cqh 1
cor 1
crt 8
cor 0
si 2
c0 2
c9 2
clt 2
cpx 2
cqh 2
cor 2
cr 4
cu 4
c9 4
clt 4
cpx 4
cqh 4
cor 4
crt 5
cor 3
se 8
c0 8
c9 8
clt 8
cpx 8
cqh 8
cor 8
cr 6
cu 6
c9 6
clt 6
cpx 6
cqh 6
cor 6
crt 9
cor 1
s7 5
c0 5
c9 5
cqh 5
cor 5
clt 4
cpx 4
cqh 4
cor 4
cr 9
cu 9
c9 7
clt 7
cpx 7
cqh 7
cor 7
crt 9
cor 0
s3 9
clt 9
cpx 9
cqh 9
cor 9
crt 2
cor 1
s6t 8
crt 8
cor 2
s8 3
c9 3
clt 3
cpx 3
cqh 3
cor 3
crt 5
cor 0
sc 6
cf 6
cu 6
c9 6
clt 6
cpx 6
cqh 6
cor 6
cr 8
cu 4
c9 4
clt 4
cpx 4
cqh 4
cor 4
crt 8
cor 0
swt 5
crt 5
cor 1
smt 8
crt 7
cor 2
sft 8
crt 8
cor 3
sit 9
crt 9
cor 5
set 7
crt 7
cor 6
s7t 8
crt 8
cor 7
sao 9
cso 9
cor 9
s2h 8
cor 4
s32 8
cqh 8
cor 8
sgl 0
cor 0
soo 1
cor 1
syq 2
cdq 2
cqh 3
cor 3
sz 5
cor 5
sy7 6
cor 0
sd7 7
cor 1
s37 9
cor 2
s17 4
cor 4
swr 8
cor 6
str 7
cor 7
sxr 9
cor 9
sjr 8
cor 8
sqr 3
cor 8
sat 5
crt 5
cor 5
spi 3
sib 0
seb 1
c7b 5
s19 2
s9q 4
cdq 4
siv 6
soc 7
sp7 6
srj 1
sug 9
szm 7
sqd 3
sod 0
sld 6
s6d 9
s2d 2
shd 3
scd 7
smd 6
sad 1
s3x 9
s43 8
sa9 6
c79 6
sko 0
snu 2
swg 2
ctg 5
cfd 5
sy6 4
shlt 3
sclt 0
smlt 1
calt 5
s7pt 8
sckq 9
sjgx 0
sncj 3
spa 6
spmj 7
sqhj 4
sivq 2
sevq 9
c7vq 9
s5jt 6
s6dt 1
s6nx 8
s7vt 6
sqxx 0
sttt 1
shbj 3
scbj 8
smbj 8
sabj 4
sfbj 0
sibj 7
sebj 3
s7bj 1
srbj 8
ckbj 3
sv 4
c0 4
c9 4
clt 4
cax 4
cmq 4
cnb 4
se 6
c0 6
c9 6
clt 6
cax 6
cmq 6
cnb 6
cr 0
cu 0
c9 0
clt 0
cax 0
cmq 0
cnb 0
so 7
c0 7
c9 7
clt 7
cax 7
cmq 7
cnb 7
cf 1
cr 5
cu 1
c9 1
clt 1
cax 1
cmq 1
cnb 1
sb 8
cu 2
c9 2
clt 2
cax 2
cmq 2
cnb 2
s6 5
c0 5
cf 3
cu 3
c9 3
clt 3
cax 3
cmq 3
cnb 3
sc 8
cf 8
cu 8
cr 5
cu 5
c9 5
clt 5
cax 5
cmq 5
cnb 5
si 8
c0 8
cr 4
cu 4
c9 4
clt 4
cax 4
cmq 4
cnb 4
sj 6
cf 6
cu 6
cr 0
cu 0
c9 0
clt 0
cax 0
cmq 0
cnb 0
sl 7
cf 1
cr 7
cu 1
c9 1
clt 1
cax 1
cmq 1
cnb 1
s5 8
c9 2
clt 2
cax 2
cmq 2
cnb 2
s8 9
c9 3
clt 3
cax 3
cmq 3
cnb 3
s4 9
c9 5
clt 5
cax 5
cmq 5
cnb 5
sn 8
c9 6
clt 6
cax 6
cmq 6
cnb 6
s2 9
cf 9
cr 7
cu 9
c9 9
clt 9
cax 9
cmq 9
cnb 9
s3 8
clt 4
cax 4
cmq 4
cnb 4
s7 8
c0 8
c9 8
cr 7
cu 7
c9 7
clt 7
cax 7
cmq 7
cnb 7
sg 8
clt 8
cax 8
cmq 8
cnb 8
sh 1
cf 1
cr 0
cu 1
c9 1
clt 1
cax 1
cmq 1
cnb 1
sm 2
c0 2
cf 2
cr 3
cu 2
c9 2
clt 2
cax 2
cmq 2
cnb 2
sp 5
c9 0
clt 0
cax 0
cmq 0
cnb 0
sxt 6
clt 3
cax 3
cmq 3
cnb 3
sjt 6
clt 4
cax 4
cmq 4
cnb 4
sqt 9
clt 5
cax 5
cmq 5
cnb 5
sot 9
clt 6
cax 6
cmq 6
cnb 6
st 7
cf 7
cu 7
c9 7
clt 7
cax 7
cmq 7
cnb 7
cr 8
cu 8
c9 8
clt 8
cax 8
cmq 8
cnb 8
cx 9
c0 9
c9 9
clt 9
cf 1
cu 1
c9 1
clt 1
cr 2
cu 0
c9 0
clt 0
cax 0
cmq 0
cnb 0
s4t 9
cax 1
cmq 1
cnb 1
s8t 2
cax 2
cmq 2
cnb 2
sat 3
cax 3
cmq 3
cnb 3
sft 4
cax 4
cmq 4
cnb 4
sgt 5
cax 5
cmq 5
cnb 5
sxx 6
cax 6
cmq 6
cnb 6
sjx 9
cax 7
cmq 7
cnb 7
sqx 9
cax 8
cmq 8
cnb 8
sox 9
cax 9
cmq 9
cnb 9
s6x 0
cax 0
cmq 0
cnb 0
s2x 1
cax 1
cmq 1
cnb 1
shx 2
cax 2
cmq 2
cnb 2
smx 3
cax 3
cmq 3
cnb 3
s1 4
cmq 4
cnb 4
scx 5
cax 5
cmq 5
cnb 5
sej 6
cmq 6
cnb 6
sk 7
cu 7
c9 7
clt 7
cax 7
cmq 7
cnb 7
slx 8
cax 8
cmq 8
cnb 8
smj 9
cmq 0
cnb 0
sq 9
c0 9
c9 9
clt 9
cax 9
cf 1
cr 2
cu 1
c9 1
clt 1
cax 1
cmq 1
cnb 1
s6q 3
cmq 0
cnb 0
s2q 5
cmq 2
cnb 2
shq 4
cmq 3
cnb 3
scq 6
cmq 4
cnb 4
s1j 5
czl 5
cnb 5
s6j 6
czl 6
cnb 6
s9t 9
czl 9
cnb 7
sco 8
czl 8
cnb 8
sqo 9
czl 9
cnb 9
sul 1
czl 1
cnb 1
svo 0
czl 0
cnb 0
swt 2
czl 2
cnb 2
szj 3
czl 3
cnb 3
s4l 4
czl 4
cnb 4
snl 5
czl 5
cnb 5
s9l 6
czl 6
cnb 6
sgl 7
czl 7
cnb 7
s12 8
cnb 1
s2r 9
cnb 8
sa 9
c0 9
c9 9
cf 0
cu 0
c9 0
clt 0
cax 0
cmq 0
cnb 0
set 2
cnb 1
srb 3
cnb 2
skb 3
cnb 3
sbb 4
cnb 4
sub 5
cnb 5
svb 6
cnb 6
s0b 7
cnb 7
s5b 8
cnb 8
spb 9
cnb 9
s8b 0
cnb 0
s4b 1
cnb 1
sb3j 2
sfvt 3
sykj 4
se9q 5
s79q 6
sr9q 7
sk9q 8
sb9q 9
su9q 2
sv9q 3
s09q 5
c59q 2
skpj 4
svpj 4
s0pj 0
s5pj 4
sppj 0
s8pj 7
c4pj 4
s2t 1
shq 0
skq 0
sbq 3
s8x 7
s4x 3
snx 0
s9x 7
sgx 1
c1x 0
szx 1
c1x 0
ssx 3
c1x 1
sdx 4
c1x 4
s3x 3
c1x 4
seq 7
cfl 7
syx 5
c1x 0
cfl 5
sjl 9
cfl 9
sql 3
cfl 3
sol 6
cfl 3
sll 7
cfl 3
s6l 8
cfl 3
s2l 7
cfl 3
shl 5
cfl 0
scl 9
cfl 1
sml 9
cfl 9
sal 7
cfl 7
sxt 6
clt 6
cho 6
sjt 4
clt 0
cho 0
s4t 8
cho 1
spj 5
cho 3
sqx 4
cho 4
svq 9
cho 9
s1q 7
cho 5
swo 8
cho 8
sto 7
cho 7
sxo 6
cho 6
sjo 0
cho 0
sqo 1
cho 1
soo 3
cho 3
slo 4
cho 4
s6o 9
cho 5
s2o 8
c4pj 8
cho 6
sit 9
sot 7
clt 7
cho 7
skt 9
sbt 0
sut 8
svt 1
s0t 3
c5t 3
sv 4
c0 4
c5t 4
c9 0
clt 0
cho 0
ctt 1
cux 1
caj 1
st 9
cho 3
c5t 9
cf 5
cu 5
c5t 5
c9 4
clt 4
cho 4
ctt 0
cux 0
caj 0
cx 6
c0 6
c5t 6
c9 1
clt 1
cho 1
ctt 2
cux 2
caj 2
cf 7
cu 7
c5t 7
c9 3
clt 3
cho 3
ctt 0
cux 0
caj 0
cr 8
cu 5
c5t 5
c9 6
clt 6
cho 6
ctt 1
cux 1
caj 1
se 9
c0 9
c5t 7
c9 8
clt 8
cho 8
ctt 2
cux 2
caj 2
cr 9
cu 9
c5t 9
c9 4
clt 4
cho 4
ctt 5
cux 5
caj 5
s7 9
clt 7
cho 7
c5t 9
c0 0
c5t 0
c9 1
clt 1
cho 1
ctt 0
cux 0
caj 0
cr 3
cu 3
c5t 3
c9 2
clt 2
cho 2
ctt 3
cux 3
caj 3
sa 9
clt 4
cho 4
c0 9
c5t 9
c9 5
clt 5
cho 5
ctt 6
cux 6
caj 6
cf 8
cu 8
c5t 8
c9 7
clt 7
cho 7
ctt 0
cux 0
caj 0
so 9
c0 9
c5t 9
c9 3
clt 3
cho 3
ctt 1
cux 1
caj 1
cf 8
cr 2
cu 8
c5t 8
c9 0
clt 0
cho 0
ctt 1
cux 1
caj 1
sq 9
c0 9
c5t 9
c9 2
clt 2
cho 2
ctt 3
cux 3
caj 3
cf 4
cr 5
cu 4
c5t 4
c9 5
clt 5
cho 5
ctt 1
cux 1
caj 1
sk 6
cu 6
c5t 6
c9 4
clt 4
cho 4
ctt 0
cux 0
caj 0
sb 7
cho 1
cu 7
c5t 7
c9 8
clt 8
cho 8
ctt 2
cux 2
caj 2
si 9
c0 9
c5t 9
cr 6
cu 6
c5t 6
c9 3
clt 3
cho 3
ctt 0
cux 0
caj 0
sl 7
cho 1
cf 7
cr 9
cu 7
c5t 7
c9 2
clt 2
cho 2
ctt 0
cux 0
caj 0
sm 9
clt 1
cho 1
c0 9
c5t 4
cf 5
cr 6
cu 5
c5t 5
c9 4
clt 4
cho 4
ctt 3
cux 3
caj 3
s5 6
cho 0
c9 6
clt 6
cho 6
ctt 5
cux 5
caj 5
sp 9
clt 7
cho 7
c9 8
clt 8
cho 8
ctt 9
cux 9
caj 9
s8 2
c9 2
clt 2
cho 2
ctt 0
cux 0
caj 0
s4 1
c9 1
clt 1
cho 1
ctt 3
cux 3
caj 3
sn 5
c9 5
clt 5
cho 5
ctt 4
cux 4
caj 4
s2 9
clt 6
cho 6
c5t 9
cf 7
cr 8
cu 7
c5t 7
c9 0
clt 0
cho 0
cux 1
caj 1
ctt 2
cux 2
caj 2
sj 8
cf 8
cu 8
c5t 8
cr 9
cu 3
c5t 3
c9 4
clt 4
cho 4
cux 0
caj 0
ctt 1
cux 1
caj 1
sg 9
clt 2
cho 2
ctt 3
cux 3
caj 3
sz 9
cfl 9
ctt 5
cux 5
caj 5
ss 6
ctt 6
cux 6
caj 6
sy 7
ctt 7
cux 7
caj 7
sd 9
ctt 9
cux 9
caj 9
s3 8
clt 8
cho 8
ctt 0
cux 0
caj 0
s1 1
ctt 1
cux 1
caj 1
s8t 3
cux 0
caj 0
sox 5
cux 2
caj 2
swt 6
ctt 3
cux 3
caj 3
sxx 7
cux 4
caj 4
sfx 9
cux 5
caj 5
six 9
cux 6
caj 6
sex 8
cux 7
caj 7
s7x 8
cux 8
caj 8
srx 9
cux 9
caj 9
skx 1
cux 1
caj 1
sbx 0
cux 0
caj 0
s9t 2
caj 1
sxj 3
caj 2
sqj 4
caj 3
soj 5
caj 4
slj 6
caj 5
s6j 7
cho 7
caj 6
s2j 8
caj 7
shj 9
caj 9
scj 8
caj 0
smj 8
caj 8
s5q 1
s6 2
c0 2
c5t 2
cf 0
cu 0
c5t 0
c9 1
clt 1
cho 1
ctt 0
cux 0
caj 0
scq 3
sh 4
clt 2
cho 2
cf 4
cr 3
cu 4
c5t 4
c9 3
clt 3
cho 3
ctt 4
cux 4
caj 4
shx 5
sjj 6
caj 5
sqt 7
clt 6
cho 6
svj 9
syo 7
sdo 7
s3o 7
s1o 8
cxl 5
swl 9
cxl 0
stl 9
cxl 4
s6q 8
s8j 7
sc 9
cf 9
cu 9
c5t 9
cxl 7
cr 8
cu 8
c5t 8
cxl 8
c9 9
clt 9
cho 9
ctt 1
cux 1
caj 1
cxl 1
sfo 3
sgl 2
siq 6
s66 6
cc6 1
s26 3
cc6 1
sh6 2
cc6 1
s36 3
sbj 5
slx 0
suj 4
suq 7
c0q 7
sy6 6
szq 8
s62 3
s22 5
sh2 6
sc2 8
sm2 6
sa2 8
sf2 4
si2 0
c72 1
se2 2
c72 0
s3xx 5
s49x 2
s6at 9
s7jx 3
scaq 8
sm2j 4
sqxx 2
sy9j 3
sjvq 8
cqvq 8
sij 6
swx 7
c9h 7
snh 9
c9h 0
sih 4
sq7 5
su3 2
smmt 6
samt 4
sfmt 5
simt 6
semt 3
s7mt 9
srmt 1
skmt 2
cbmt 0
sc6t 6
selx 4
shy 5
si7 9
sijj 3
skzt 9
sl3 6
sv9t 2
sp7j 9
s87j 7
s47j 1
sn7j 3
s97j 2
sg7j 7
sz7j 2
ss7j 5
sy7j 7
sd7j 4
c37j 0
s02 3
s0qt 5
shat 5
siu 6
skg 9
shft 2
ccft 9
s1 1
cq6 1
s1q 3
cq6 1
saq 6
cq6 0
suj 5
cq6 2
sut 4
cq6 3
syx 7
cq6 4
sdl 6
cq6 6
s3l 8
cq6 1
sw6 8
cq6 5
st6 7
cq6 7
sx6 8
cq6 8
sj6 9
cq6 9
s1l 0
cq6 9
st2 2
sx2 3
sj2 4
sq2 6
so2 1
cl2 1
smh 5
cah 1
sbe 7
sde 4
s0jt 2
s5jt 8
spjt 6
s8jt 3
s4jt 0
snjt 8
cgjt 1
s9jt 8
cgjt 1
s0x 3
s6f 0
smtq 0
syjq 2
sdjq 5
s3jq 7
s1jq 3
swqq 7
stqq 4
cxqq 1
sv 9
c0 9
c9 9
s5 8
c9 0
sp 6
c9 2
s8 7
c9 7
s4 5
c9 3
sn 5
c9 5
sc 4
c9 4
cf 6
cu 6
c9 6
cr 8
cu 0
c9 0
sj 8
c9 1
cf 8
cu 8
c9 8
cr 2
cu 2
c9 2
st 9
cf 9
cu 9
c9 9
cx 3
c0 3
c9 3
cf 0
cu 0
c9 0
cr 1
cu 1
c9 1
si 7
c0 4
c9 2
cr 5
cu 3
c9 3
se 7
c0 6
c9 4
cr 7
cu 5
c9 5
s7 8
c0 8
c9 6
cr 7
cu 7
c9 7
s2 9
cf 9
cr 8
cu 9
c9 9
s6 8
c0 8
c9 8
cf 0
cu 0
c9 0
sa 1
c0 1
c9 1
cf 2
cu 2
c9 2
sh 3
cf 3
cr 4
cu 3
c9 3
sl 5
c9 0
cf 5
cr 6
cu 5
c9 5
sm 7
c0 7
c9 1
cf 7
cr 9
cu 7
c9 7
so 8
c0 8
c9 4
cf 6
cr 9
cu 6
c9 6
sq 9
c0 9
c9 9
cf 2
cr 8
cu 2
c9 2
sk 8
cu 0
c9 0
s1j 3
s7t 8
sa2 5
sb 7
cu 7
c9 7
sst 1
sp2 4
s82 3
s42 8
sn2 3
s92 5
sg2 3
sz2 4
ss2 3
cy2 7
sdwt 1
sfm 3
skkt 6
ss4x 3
ssjt 9
s5bq 4
spbq 8
s8bq 5
s4bq 1
c9bq 1
snbq 3
c9bq 0
s2t 6
c0q 6
c72 6
shq 2
c0q 2
c72 2
skq 4
c0q 4
c72 4
sbq 9
c0q 9
c72 9
s8x 7
c1x 7
cc6 7
c72 2
s4x 5
c1x 5
cc6 5
c72 5
snx 7
c1x 7
cc6 7
c72 7
s9x 6
c1x 2
cc6 2
c72 2
sgx 4
c1x 4
cc6 4
c72 4
szx 9
c1x 5
cc6 5
c72 5
ssx 6
c1x 6
cc6 6
c72 6
sdx 9
c1x 9
cc6 9
c72 9
s3x 7
c1x 2
cc6 2
c72 2
seq 8
cfl 8
cc6 3
c72 3
syx 7
c1x 7
cc6 7
c72 7
cfl 8
cc6 4
c72 4
sjl 5
cfl 5
cc6 5
c72 5
sql 6
cfl 6
cc6 6
c72 6
sol 8
cfl 2
cc6 2
c72 2
sll 9
cfl 7
cc6 7
c72 7
s6l 9
cfl 9
cc6 9
c72 9
s2l 8
cfl 8
cc6 8
c72 8
shl 3
cfl 3
cc6 3
c72 3
scl 4
cfl 2
cc6 2
c72 2
sal 5
cfl 5
cc6 5
c72 5
sxt 6
clt 6
cho 6
cc6 6
c72 6
sjt 4
clt 4
cho 4
cc6 4
c72 4
s4t 7
cho 7
cc6 7
c72 7
spj 9
cho 9
cc6 9
c72 9
sqx 8
cho 8
cc6 8
c72 8
svq 3
c0q 3
c72 3
cho 2
cc6 2
c72 2
s1q 5
cho 5
cc6 5
c72 5
swo 6
cho 6
cc6 6
c72 6
sto 4
cho 4
cc6 4
c72 4
sxo 7
cho 2
cc6 2
c72 2
sjo 9
cho 3
cc6 3
c72 3
sqo 8
cho 5
cc6 5
c72 5
soo 8
cho 7
cc6 7
c72 7
slo 8
cho 8
cc6 8
c72 8
s6o 9
cho 0
cc6 0
c72 0
s2o 1
cho 1
cc6 1
c72 1
sit 9
c5t 9
cxl 9
cc6 9
c72 9
sot 6
clt 6
cho 6
cc6 6
c72 6
c5t 2
cxl 2
cc6 2
c72 2
skt 4
c5t 4
cxl 4
cc6 4
c72 4
sbt 3
c5t 3
cxl 3
cc6 3
c72 3
sut 5
c5t 5
cxl 5
cc6 5
c72 5
svt 7
c5t 7
cxl 7
cc6 7
c72 7
s0t 8
c5t 8
cxl 8
cc6 8
c72 8
sv 0
c0q 0
c72 0
c0 1
c5t 1
cxl 1
cc6 1
c72 1
c9 6
clt 6
cho 6
cc6 6
c72 6
ctt 0
cux 0
caj 0
cxl 0
cc6 0
c72 0
st 9
cho 2
cc6 1
c72 1
c5t 9
cxl 3
cc6 3
c72 3
cf 4
cu 4
c5t 4
cxl 4
cc6 4
c72 4
c9 5
clt 5
cho 5
cc6 5
c72 5
ctt 2
cux 2
caj 2
cxl 2
cc6 2
c72 2
cx 7
c0 7
c5t 7
cxl 0
cc6 0
c72 0
c9 8
clt 8
cho 8
cc6 1
c72 1
ctt 6
cux 6
caj 6
cxl 6
cc6 6
c72 6
cf 9
cu 9
c5t 9
cxl 3
cc6 3
c72 3
c9 7
clt 7
cho 7
cc6 7
c72 7
ctt 4
cux 4
caj 4
cxl 4
cc6 4
c72 4
cr 9
cu 9
c5t 9
cxl 5
cc6 5
c72 5
c9 8
clt 8
cho 8
cc6 8
c72 8
ctt 0
cux 0
caj 0
cxl 0
cc6 0
c72 0
se 9
c0 9
c5t 9
cxl 9
cc6 9
c72 9
c9 1
clt 1
cho 1
cc6 1
c72 1
ctt 2
cux 2
caj 2
cxl 2
cc6 2
c72 2
cr 3
cu 3
c5t 3
cxl 0
cc6 0
c72 0
c9 4
clt 4
cho 4
cc6 1
c72 1
ctt 3
cux 3
caj 3
cxl 3
cc6 3
c72 3
s7 6
clt 5
cho 5
cc6 4
c72 4
c5t 6
cxl 6
cc6 6
c72 6
c0 7
c5t 7
cxl 7
cc6 7
c72 7
c9 8
clt 8
cho 8
cc6 8
c72 8
ctt 9
cux 9
caj 9
cxl 9
cc6 9
c72 9
cr 5
cu 5
c5t 5
cxl 5
cc6 5
c72 5
c9 2
clt 2
cho 2
cc6 2
c72 2
ctt 0
cux 0
caj 0
cxl 0
cc6 0
c72 0
sa 3
clt 1
cho 1
cc6 1
c72 1
c0 3
c5t 3
cxl 3
cc6 3
c72 3
c9 4
clt 4
cho 4
cc6 4
c72 4
ctt 5
cux 5
caj 5
cxl 5
cc6 5
c72 5
cf 6
cu 6
c5t 6
cxl 2
cc6 2
c72 2
c9 7
clt 7
cho 7
cc6 7
c72 7
ctt 6
cux 6
caj 6
cxl 6
cc6 6
c72 6
so 8
c0 8
c5t 8
cxl 0
cc6 0
c72 0
c9 9
clt 9
cho 9
cc6 1
c72 1
ctt 8
cux 8
caj 8
cxl 8
cc6 8
c72 8
cf 3
cr 4
cu 3
c5t 3
cxl 3
cc6 3
c72 3
c9 0
clt 0
cho 0
cc6 0
c72 0
ctt 1
cux 1
caj 1
cxl 1
cc6 1
c72 1
sq 4
c0 4
c5t 4
cxl 2
cc6 2
c72 2
c9 5
clt 5
cho 5
cc6 5
c72 5
ctt 4
cux 4
caj 4
cxl 4
cc6 4
c72 4
cf 7
cr 9
cu 7
c5t 7
cxl 3
cc6 3
c72 3
c9 6
clt 6
cho 6
cc6 6
c72 6
ctt 7
cux 7
caj 7
cxl 7
cc6 7
c72 7
sk 9
cu 8
c5t 8
cxl 0
cc6 0
c72 0
c9 9
clt 9
cho 9
cc6 9
c72 9
ctt 8
cux 8
caj 8
cxl 8
cc6 8
c72 8
sb 1
cho 1
cc6 1
c72 1
cu 0
c5t 0
cxl 0
cc6 0
c72 0
c9 2
clt 2
cho 2
cc6 2
c72 2
ctt 1
cux 1
caj 1
cxl 1
cc6 1
c72 1
si 5
c0 5
c5t 5
cxl 0
cc6 0
c72 0
cr 3
cu 3
c5t 3
cxl 3
cc6 3
c72 3
c9 4
clt 4
cho 4
cc6 4
c72 4
ctt 5
cux 5
caj 5
cxl 5
cc6 5
c72 5
sl 6
c0q 6
c72 0
cho 6
cc6 1
c72 1
cf 7
cr 9
cu 7
c5t 7
cxl 7
cc6 7
c72 7
c9 8
clt 8
cho 8
cc6 8
c72 8
ctt 9
cux 9
caj 9
cxl 9
cc6 9
c72 9
sm 6
clt 6
cho 6
cc6 6
c72 6
c0 2
c5t 2
cxl 2
cc6 2
c72 2
cf 3
cr 4
cu 3
c5t 3
cxl 3
cc6 3
c72 3
c9 0
clt 0
cho 0
cc6 0
c72 0
ctt 1
cux 1
caj 1
cxl 1
cc6 1
c72 1
s5 5
cho 2
cc6 0
c72 0
c9 4
clt 4
cho 4
cc6 2
c72 2
ctt 5
cux 5
caj 5
cxl 5
cc6 5
c72 5
sp 7
clt 6
cho 6
cc6 3
c72 3
c9 7
clt 7
cho 7
cc6 4
c72 4
ctt 8
cux 8
caj 8
cxl 8
cc6 8
c72 8
s8 9
c9 9
clt 9
cho 9
cc6 6
c72 6
ctt 7
cux 7
caj 7
cxl 7
cc6 7
c72 7
s4 9
c9 9
clt 9
cho 9
cc6 9
c72 9
ctt 1
cux 1
caj 1
cxl 1
cc6 1
c72 1
sn 5
c0q 5
c72 0
c9 2
clt 2
cho 2
cc6 2
c72 2
ctt 3
cux 3
caj 3
cxl 3
cc6 3
c72 3
s2 8
clt 4
cho 4
cc6 0
c72 0
c5t 8
cxl 1
cc6 1
c72 1
cf 6
cr 5
cu 6
c5t 6
cxl 6
cc6 6
c72 6
c9 5
clt 5
cho 5
cc6 5
c72 5
cux 4
caj 4
cxl 4
cc6 4
c72 4
ctt 7
cux 7
caj 7
cxl 7
cc6 7
c72 7
sj 8
cf 8
cu 8
c5t 8
cxl 0
cc6 0
c72 0
cr 9
cu 9
c5t 9
cxl 9
cc6 9
c72 9
c9 2
clt 2
cho 2
cc6 2
c72 2
cux 1
caj 1
cxl 1
cc6 1
c72 1
ctt 3
cux 3
caj 3
cxl 3
cc6 3
c72 3
sg 8
clt 6
cho 6
cc6 0
c72 0
ctt 8
cux 8
caj 8
cxl 8
cc6 8
c72 8
sz 5
cfl 5
cc6 2
c72 2
ctt 5
cux 5
caj 5
cxl 5
cc6 5
c72 5
ss 4
ctt 4
cux 4
caj 4
cxl 4
cc6 4
c72 4
sy 7
ctt 6
cux 6
caj 6
cxl 6
cc6 6
c72 6
sd 7
ctt 7
cux 7
caj 7
cxl 7
cc6 7
c72 7
s3 9
c0q 9
c72 0
clt 9
cho 9
cc6 9
c72 9
ctt 1
cux 1
caj 1
cxl 1
cc6 1
c72 1
s1 3
ctt 3
cux 3
caj 3
cxl 3
cc6 3
c72 3
s8t 8
cux 2
caj 2
cxl 2
cc6 2
c72 2
sox 8
cux 8
caj 8
cxl 8
cc6 8
c72 8
swt 5
ctt 5
cux 5
caj 5
cxl 5
cc6 5
c72 5
sxx 4
cux 4
caj 4
cxl 4
cc6 4
c72 4
sfx 6
c0q 6
c72 0
cux 7
caj 7
cxl 7
cc6 7
c72 7
six 9
cux 9
caj 9
cxl 9
cc6 9
c72 9
sex 1
cux 1
caj 1
cxl 1
cc6 1
c72 1
s7x 6
cux 6
caj 6
cxl 6
cc6 6
c72 6
srx 3
cux 3
caj 3
cxl 3
cc6 3
c72 3
skx 2
cux 2
caj 2
cxl 2
cc6 2
c72 2
sbx 8
cux 8
caj 8
cxl 8
cc6 8
c72 8
s9t 5
caj 5
cxl 5
cc6 5
c72 5
sxj 4
caj 0
cxl 0
cc6 0
c72 0
sqj 7
caj 1
cxl 1
cc6 1
c72 1
soj 7
caj 7
cxl 7
cc6 7
c72 7
slj 4
caj 4
cxl 4
cc6 4
c72 4
s6j 9
cho 9
cc6 2
c72 2
caj 6
cxl 6
cc6 6
c72 6
s2j 3
caj 3
cxl 3
cc6 3
c72 3
shj 9
caj 9
cxl 9
cc6 9
c72 9
scj 8
caj 8
cxl 8
cc6 8
c72 8
smj 5
caj 5
cxl 5
cc6 5
c72 5
s5q 0
cxl 0
cc6 0
c72 0
s6 1
c0q 1
c72 1
c0 2
c5t 2
cf 3
cu 3
c5t 3
c9 0
clt 0
cho 0
cc6 0
c72 0
ctt 1
cux 1
caj 1
cxl 1
cc6 1
c72 1
scq 7
cxl 2
cc6 2
c72 2
sh 4
clt 3
cho 3
cc6 0
c72 0
cf 4
cr 6
cu 4
c5t 4
c9 5
clt 5
cho 5
cc6 3
c72 3
ctt 4
cux 4
caj 4
cxl 4
cc6 4
c72 4
shx 7
cxl 6
cc6 6
c72 6
sjj 9
caj 7
cxl 7
cc6 7
c72 7
sqt 9
clt 8
cho 8
cc6 5
c72 5
cxl 9
cc6 9
c72 9
svj 8
cxl 8
cc6 8
c72 8
syo 1
cxl 1
cc6 1
c72 1
sdo 4
cxl 4
cc6 4
c72 4
s3o 2
cxl 2
cc6 2
c72 2
s1o 6
cxl 6
cc6 6
c72 6
swl 7
cxl 0
cc6 0
c72 0
stl 9
cxl 3
cc6 3
c72 3
s6q 5
c0q 5
c72 1
cc6 4
c72 4
s8j 7
cc6 5
c72 5
sc 7
cf 7
cu 7
c5t 7
cxl 7
cr 9
cu 8
c5t 8
cxl 8
c9 0
clt 0
cho 0
ctt 1
cux 1
caj 1
cxl 1
cc6 1
c72 1
sfo 9
cc6 0
c72 0
sgl 9
cc6 2
c72 2
siq 9
cc6 3
c72 3
s66 9
cc6 4
c72 4
s26 9
cc6 5
c72 5
sh6 9
cc6 6
c72 6
s36 9
c72 1
sbj 9
c0q 9
c72 7
slx 8
c72 8
suj 9
c72 9
suq 0
c0q 0
c72 0
sy6 2
c72 1
szq 3
c72 2
s62 4
c72 3
s22 5
c72 4
sh2 6
c72 5
sc2 6
c72 6
sm2 7
c72 7
sa2 8
c72 8
sf2 9
c72 9
si2 0
c72 0
se2 1
c72 1
shfj 2
sxjj 3
sy3x 4
slkj 5
s6kj 6
s2kj 7
shkj 8
sckj 9
smkj 7
sakj 5
sfkj 9
sikj 0
sekj 9
c7kj 2
cewq 2
s76x 6
seqq 9
siqj 8
sml 3
cfl 3
cc6 3
c72 3
sp3x 0
srk 5
srvq 4
ckvq 4
sv 1
c0 1
c9 1
clt 1
cho 1
cwc 1
cza 1
cci 1
c3p 1
se 6
c0 6
c9 6
clt 6
cho 6
cwc 6
cza 6
cci 6
c3p 6
cr 0
cu 0
c9 0
clt 0
cho 0
cwc 0
cza 0
cci 0
c3p 0
so 7
c0 7
c9 7
clt 7
cho 7
cwc 7
cza 7
cci 7
c3p 7
cf 5
cr 8
cu 5
c9 5
clt 5
cho 5
cwc 5
cza 5
cci 5
c3p 5
sq 9
c0 9
c9 2
clt 2
cho 2
cwc 2
cza 2
cci 2
c3p 2
cf 3
cr 8
cu 3
c9 3
clt 3
cho 3
cwc 3
cza 3
cci 3
c3p 3
sk 8
cu 8
c9 8
clt 8
cho 8
cwc 8
cza 8
cci 8
c3p 8
s6 9
c0 9
cf 9
cu 9
c9 9
clt 9
cho 9
cwc 9
cza 9
cci 9
c3p 9
sc 1
cf 1
cu 1
cr 6
cu 0
c9 0
clt 0
cho 0
cwc 0
cza 0
cci 0
c3p 0
si 6
c0 6
cr 1
cu 1
c9 1
clt 1
cho 1
cwc 1
cza 1
cci 1
c3p 1
sj 7
cf 7
cu 7
cr 2
cu 2
c9 2
clt 2
cho 2
cwc 2
cza 2
cci 2
c3p 2
s8 5
c9 3
clt 3
cho 3
cwc 3
cza 3
cci 3
c3p 3
s4 6
c9 4
clt 4
cho 4
cwc 4
cza 4
cci 4
c3p 4
sn 6
c9 5
clt 5
cho 5
cwc 5
cza 5
cci 5
c3p 5
s2 8
cf 8
cr 6
cu 8
c9 8
clt 8
cho 8
cwc 8
cza 8
cci 8
c3p 8
s3 7
clt 6
cho 6
cwc 6
cza 6
cci 6
c3p 6
sa 9
c0 9
c9 7
cf 9
cu 9
c9 9
clt 9
cho 9
cwc 9
cza 9
cci 9
c3p 9
sg 7
clt 7
cho 7
cwc 7
cza 7
cci 7
c3p 7
sh 0
cf 0
cr 1
cu 0
c9 0
clt 0
cho 0
cwc 0
cza 0
cci 0
c3p 0
sm 2
c0 2
cf 1
cr 3
cu 1
c9 1
clt 1
cho 1
cwc 1
cza 1
cci 1
c3p 1
sp 4
c9 2
clt 2
cho 2
cwc 2
cza 2
cci 2
c3p 2
sxt 5
clt 3
cho 3
cwc 3
cza 3
cci 3
c3p 3
sjt 5
clt 4
cho 4
cwc 4
cza 4
cci 4
c3p 4
sqt 5
clt 5
cho 5
cwc 5
cza 5
cci 5
c3p 5
sot 8
clt 6
cho 6
cwc 6
cza 6
cci 6
c3p 6
s4t 8
cho 7
cwc 7
cza 7
cci 7
c3p 7
s5 9
c9 9
clt 9
cho 9
cwc 9
cza 9
cci 9
c3p 9
s6j 8
cho 8
cwc 8
cza 8
cci 8
c3p 8
sb 0
cu 0
c9 0
clt 0
cho 0
cwc 0
cza 0
cci 0
c3p 0
spj 1
cho 1
cwc 1
cza 1
cci 1
c3p 1
sqx 2
cho 2
cwc 2
cza 2
cci 2
c3p 2
st 3
cf 3
cu 3
c9 3
clt 3
cx 4
c0 4
c9 4
clt 4
cf 5
cu 5
c9 5
clt 5
cr 6
cu 3
c9 3
clt 3
cho 3
cwc 3
cza 3
cci 3
c3p 3
svq 7
cho 0
cwc 0
cza 0
cci 0
c3p 0
swo 7
cho 1
cwc 1
cza 1
cci 1
c3p 1
sto 9
cho 2
cwc 2
cza 2
cci 2
c3p 2
sxo 8
cho 4
cwc 4
cza 4
cci 4
c3p 4
sjo 7
cho 5
cwc 5
cza 5
cci 5
c3p 5
sqo 8
cho 6
cwc 6
cza 6
cci 6
c3p 6
soo 8
cho 7
cwc 7
cza 7
cci 7
c3p 7
slo 9
cho 8
cwc 8
cza 8
cci 8
c3p 8
s6o 9
cho 9
cwc 9
cza 9
cci 9
c3p 9
s2o 3
cho 3
cwc 3
cza 3
cci 3
c3p 3
s1q 0
cho 0
cwc 0
cza 0
cci 0
c3p 0
cv6 1
cwc 1
cza 1
cci 1
c3p 1
s2l 2
cv6 2
cwc 2
cza 2
cci 2
c3p 2
s4x 4
cv6 4
cwc 4
cza 4
cci 4
c3p 4
s7o 5
cv6 5
cwc 5
cza 5
cci 5
c3p 5
syj 6
cv6 6
cwc 6
cza 6
cci 6
c3p 6
se6 7
cv6 7
cwc 7
cza 7
cci 7
c3p 7
s76 8
cv6 8
cwc 8
cza 8
cci 8
c3p 8
sr6 9
cv6 9
cwc 9
cza 9
cci 9
c3p 9
sk6 3
cv6 3
cwc 3
cza 3
cci 3
c3p 3
sb6 0
cv6 0
cwc 0
cza 0
cci 0
c3p 0
su6 1
cv6 1
cwc 1
cza 1
cci 1
c3p 1
shx 2
cwc 2
cza 2
cci 2
c3p 2
syq 4
cwc 4
cza 4
cci 4
c3p 4
sgh 5
cwc 5
cza 5
cci 5
c3p 5
szh 6
cwc 6
cza 6
cci 6
c3p 6
ssh 7
cwc 7
cza 7
cci 7
c3p 7
syh 8
cwc 8
cza 8
cci 8
c3p 8
sdh 9
cwc 9
cza 9
cci 9
c3p 9
s3h 3
cwc 3
cza 3
cci 3
c3p 3
s1h 0
cwc 0
cza 0
cci 0
c3p 0
s3j 1
cza 1
cci 1
c3p 1
s7 2
c0 2
c9 2
cr 4
cu 4
c9 4
clt 4
cho 4
cwc 4
cza 4
cci 4
c3p 4
s82 5
cza 0
cci 0
c3p 0
sl 6
cf 6
cr 5
cu 6
c9 6
clt 6
cho 6
cwc 6
cza 6
cci 6
c3p 6
ssq 7
cza 1
cci 1
c3p 1
sta 8
cza 2
cci 2
c3p 2
stl 9
cza 3
cci 3
c3p 3
swh 7
cza 5
cci 5
c3p 5
sna 8
cza 7
cci 7
c3p 7
s9a 9
cza 8
cci 8
c3p 8
sga 9
cza 9
cci 9
c3p 9
s1c 4
cci 0
c3p 0
s1t 6
cci 6
c3p 6
s4f 4
cci 4
c3p 4
s8h 1
cci 0
c3p 0
s92 2
cci 2
c3p 2
sh6 3
cci 1
c3p 1
ssj 5
cci 5
c3p 5
s0h 7
cza 7
cci 7
c3p 7
cgv 6
c3p 7
sgb 8
cgv 8
c3p 7
s5v 9
cgv 9
c3p 0
spv 3
cgv 3
c3p 3
s8v 4
cgv 4
c3p 4
s4v 6
cgv 6
c3p 6
snv 8
cgv 0
c3p 0
s9v 9
cgv 1
c3p 1
s4b 2
c3p 1
sc5 9
c3p 1
sej 5
c3p 0
shr 8
c3p 2
si6 9
cv6 9
cwc 9
cza 9
cci 9
c3p 9
so0 7
c3p 9
ssl 3
c3p 9
sdp 5
c3p 0
s0i 8
sp7x 8
sr9x 4
s19q 8
swgq 3
stgq 5
sxgq 3
sjgq 4
sqgq 7
sogq 6
slgq 1
c6gq 6
s3o 2
sm6 1
sa6 8
cf6 1
s82 2
sfe 2
sku 8
svu 9
sx5 8
s1n 0
sw9 9
st9 1
sx9 2
sj9 8
sq9 0
so9 9
sl9 1
s69 0
c29 8
sv 2
c0 2
c9 2
ctt 2
cux 2
caj 2
caa 2
st 9
cf 9
cu 9
c9 9
ctt 9
cux 9
caj 9
caa 9
cx 0
c0 0
c9 0
ctt 0
cux 0
caj 0
caa 0
cf 1
cu 1
c9 1
ctt 1
cux 1
caj 1
caa 1
cr 3
cf6 3
cu 2
c9 2
ctt 2
cux 2
caj 2
caa 2
se 8
c0 4
c9 3
ctt 3
cux 3
caj 3
caa 3
cr 5
cf6 5
cu 4
c9 4
ctt 4
cux 4
caj 4
caa 4
s7 8
c0 8
c9 5
ctt 5
cux 5
caj 5
caa 5
cr 7
cf6 7
cu 7
c9 7
ctt 7
cux 7
caj 7
caa 7
sa 8
c0 8
c9 8
ctt 8
cux 8
caj 8
caa 8
cf 9
cu 9
c9 9
ctt 9
cux 9
caj 9
caa 9
sh 0
cf 0
cr 1
cf6 1
cu 0
c9 0
ctt 0
cux 0
caj 0
caa 0
so 1
c0 1
c9 1
ctt 1
cux 1
caj 1
caa 1
cf 2
cr 3
cf6 3
cu 2
c9 2
ctt 2
cux 2
caj 2
caa 2
sq 4
c0 4
c9 3
ctt 3
cux 3
caj 3
caa 3
cf 5
cr 6
cf6 6
cu 5
c9 5
ctt 5
cux 5
caj 5
caa 5
sk 7
c29 7
cu 4
c9 4
ctt 4
cux 4
caj 4
caa 4
sb 8
cu 6
c9 6
ctt 6
cux 6
caj 6
caa 6
s6 8
c0 8
cf 7
cu 7
c9 7
ctt 7
cux 7
caj 7
caa 7
sc 9
cf 9
cu 9
cr 8
cf6 8
cu 0
c9 0
ctt 0
cux 0
caj 0
caa 0
si 8
c0 8
cr 1
cf6 1
cu 1
c9 1
ctt 1
cux 1
caj 1
caa 1
sl 9
cf 9
cr 8
cf6 8
cu 9
c9 9
ctt 9
cux 9
caj 9
caa 9
sm 8
c0 8
cf 2
cr 3
cf6 3
cu 2
c9 2
ctt 2
cux 2
caj 2
caa 2
s5 5
c9 0
ctt 0
cux 0
caj 0
caa 0
sp 4
c9 3
ctt 3
cux 3
caj 3
caa 3
s8 6
c9 4
ctt 4
cux 4
caj 4
caa 4
s4 8
c9 5
ctt 5
cux 5
caj 5
caa 5
sn 7
c9 6
ctt 6
cux 6
caj 6
caa 6
s2 8
cf 8
cr 7
cf6 7
cu 8
c9 8
cux 8
caj 8
caa 8
ctt 1
cux 1
caj 1
caa 1
sj 7
cf 7
cu 7
cr 9
cf6 9
cu 0
c9 0
cux 0
caj 0
caa 0
ctt 1
cux 1
caj 1
caa 1
sg 9
ctt 2
cux 2
caj 2
caa 2
ss 3
ctt 3
cux 3
caj 3
caa 3
sy 4
ctt 4
cux 4
caj 4
caa 4
sd 5
ctt 5
cux 5
caj 5
caa 5
s8t 6
cux 6
caj 6
caa 6
sox 9
cux 7
caj 7
caa 7
swt 9
ctt 8
cux 8
caj 8
caa 8
sxx 9
cux 9
caj 9
caa 9
sfx 0
cux 0
caj 0
caa 0
six 1
cux 1
caj 1
caa 1
sex 2
cux 2
caj 2
caa 2
s7x 3
cux 3
caj 3
caa 3
srx 4
cux 4
caj 4
caa 4
skx 5
cux 5
caj 5
caa 5
sbx 8
cux 8
caj 8
caa 8
s9t 6
caj 0
caa 0
sxj 7
caj 6
caa 6
sjj 9
cf6 9
caj 7
caa 7
sqj 9
caj 9
caa 9
soj 1
caj 1
caa 1
slj 2
caj 0
caa 0
s6j 3
caj 2
caa 2
s2j 4
caj 3
caa 3
shj 5
caj 5
caa 5
scj 8
caj 1
caa 1
smj 4
caj 4
caa 4
s3 6
ctt 6
cux 6
caj 0
caa 0
s7j 7
caa 1
ssl 9
caa 2
sz 7
ctt 7
cux 7
caj 7
caa 7
sb0 9
shx 8
sig 9
sur 9
sxh 8
sez 6
s7z 3
srz 5
skz 8
sbz 3
suz 5
cvz 3
s1i 9
s49 4
sc4 4
sfq 6
sin 9
snf 5
syg 0
sikt 8
sekt 1
s7kt 2
srkt 4
cbkt 3
skkt 5
cbkt 0
s4pt 6
snpt 8
s9pt 1
sgpt 7
szpt 6
sspt 9
sypt 9
sdpt 4
s3pt 8
s1pt 2
cw8t 4
s1 6
ctt 6
cux 6
caj 6
caa 6
cvz 6
cbkt 6
s3nt 9
s4mt 7
s56t 8
s8d 1
s9i 9
sog 5
sqx 7
sret 9
sapx 1
sfpx 2
sipx 7
sepx 5
s7px 8
srpx 3
skpx 8
sbpx 9
cupx 4
s1gx 0
s21j 1
s3kt 3
s9gt 0
sad 2
smk 9
sqzt 5
svm 0
sttq 7
sxtq 7
sjtq 8
sqtq 0
sotq 1
sltq 2
s6tq 5
s2tq 3
chtq 6
s4z 9
saux 8
si2j 0
se2j 7
s72j 8
sr2j 9
ck2j 7
s9dx 2
sljq 3
smo 0
ssnx 5
sxkt 4
sh0q 1
sc0q 3
sm0q 9
sa0q 0
cf0q 1
smi 5
cvi 5
cs7 5
cmqt 5
cbct 5
sai 4
cvi 4
cs7 4
cmqt 4
cbct 4
sfi 2
cvi 0
cs7 0
cmqt 0
cbct 0
sii 8
cvi 8
cs7 8
cmqt 8
cbct 8
sei 2
cvi 2
cs7 2
cmqt 2
cbct 2
s7i 6
cvi 6
cs7 6
cmqt 6
cbct 6
sri 7
cvi 7
cs7 7
cmqt 7
cbct 7
ski 5
cvi 5
cs7 5
cmqt 5
cbct 5
sui 9
cvi 9
cs7 9
cmqt 9
cbct 9
s26 4
cs7 4
cmqt 4
cbct 4
s56 0
cs7 0
cmqt 0
cbct 0
sk2 8
cs7 8
cmqt 8
cbct 8
sg7 2
cs7 2
cmqt 2
cbct 2
sz7 6
cs7 6
cmqt 6
cbct 6
s1e 7
csu 7
cmqt 5
cbct 5
s46 7
csu 7
cmqt 7
cbct 7
sg2 9
csu 9
cmqt 9
cbct 9
sp6 4
csu 4
cmqt 4
cbct 4
stf 0
csu 0
cmqt 0
cbct 0
s5u 8
csu 2
cmqt 2
cbct 2
spu 3
csu 3
cmqt 3
cbct 3
s8u 8
csu 5
cmqt 5
cbct 5
s4u 6
csu 6
cmqt 6
cbct 6
snu 7
csu 7
cmqt 7
cbct 7
s9u 8
csu 8
cmqt 8
cbct 8
sgu 9
csu 9
cmqt 9
cbct 9
szu 4
csu 4
cmqt 4
cbct 4
s2f 1
cmqt 1
cbct 1
s2qt 0
cmqt 0
cbct 0
s30 2
cmqt 2
cbct 2
sjm 3
cmqt 3
cbct 3
sln 5
cmqt 5
cbct 5
sxg 6
cmqt 0
cbct 0
syc 7
cmqt 1
cbct 1
scqt 8
cmqt 2
cbct 2
s62 9
ct2t 9
cbct 4
scc 7
ct2t 6
cbct 6
sn1 7
ct2t 7
cbct 7
sw2t 8
ct2t 8
cbct 8
s52t 9
cbct 9
s6c 3
cbct 3
s9d 5
cbct 5
selt 0
cbct 0
spwt 1
cbct 1
srht 2
cbct 2
srwt 4
cbct 4
s1 6
cq6 6
c4h 6
c2e 6
c7p 6
saq 7
cq6 3
c4h 3
c2e 3
c7p 3
sut 8
cq6 5
c4h 5
c2e 5
c7p 5
syx 9
cq6 7
c4h 7
c2e 7
c7p 7
sdl 8
cq6 8
c4h 8
c2e 8
c7p 8
s3l 9
cq6 9
c4h 9
c2e 9
c7p 9
s1l 0
cq6 0
c4h 0
c2e 0
c7p 0
sw6 1
cq6 1
c4h 1
c2e 1
c7p 1
st6 6
cq6 6
c4h 6
c2e 6
c7p 6
sx6 2
cq6 2
c4h 2
c2e 2
c7p 2
sj6 4
cq6 4
c4h 4
c2e 4
c7p 4
s5x 3
ceo 3
cw2 3
c4h 3
c2e 3
c7p 3
st 5
cx 5
ceo 5
cw2 5
c4h 5
c2e 5
c7p 5
sco 7
ceo 0
cw2 0
c4h 0
c2e 0
c7p 0
smo 8
ceo 1
cw2 1
c4h 1
c2e 1
c7p 1
sfo 9
ceo 2
cw2 2
c4h 2
c2e 2
c7p 2
sio 8
ceo 4
cw2 4
c4h 4
c2e 4
c7p 4
sao 9
ceo 6
cw2 6
c4h 6
c2e 6
c7p 6
cso 9
cw2 3
c4h 3
c2e 3
c7p 3
sy6 7
cw2 7
c4h 7
c2e 7
c7p 7
sd6 8
cw2 8
c4h 8
c2e 8
c7p 8
s36 9
cw2 9
c4h 9
c2e 9
c7p 9
s16 5
cw2 5
c4h 5
c2e 5
c7p 5
s1j 0
c4h 0
c2e 0
c7p 0
s2x 1
c4h 1
c2e 1
c7p 1
s4j 2
c4h 2
c2e 2
c7p 2
s8o 4
c4h 4
c2e 4
c7p 4
sel 6
c4h 3
c2e 3
c7p 3
sil 7
c4h 5
c2e 5
c7p 5
sql 8
c4h 8
c2e 8
c7p 8
s7h 9
c4h 0
c2e 0
c7p 0
srh 9
c4h 1
c2e 1
c7p 1
skh 7
cs7 7
cmqt 7
cbct 7
c4h 2
c2e 2
c7p 2
sbh 6
c4h 6
c2e 6
c7p 6
suh 9
c4h 9
c2e 9
c7p 9
svh 4
c4h 4
c2e 4
c7p 4
s0h 3
c4h 3
c2e 3
c7p 3
s5h 5
c4h 0
c2e 0
c7p 0
sph 8
c4h 8
c2e 8
c7p 8
s8h 5
c4h 5
c2e 5
c7p 5
s1h 1
c2e 0
c7p 0
s2m 2
c2e 1
c7p 1
s3c 6
c2e 6
c7p 6
s5l 9
c2e 2
c7p 2
s8i 4
c2e 3
c7p 3
skc 7
c2e 7
c7p 7
suj 4
cmqt 4
cbct 4
cq6 0
c4h 0
c2e 0
c7p 0
ste 8
c2e 1
c7p 1
sxe 9
c2e 2
c7p 2
sje 5
c2e 3
c7p 3
sqe 6
c2e 5
c7p 5
soe 6
c2e 6
c7p 6
sle 8
c2e 7
c7p 7
s6e 8
c2e 8
c7p 8
s1q 9
cq6 9
c4h 9
c2e 9
c7p 9
cv6 0
cd2 0
c7p 0
s2l 4
cv6 4
cd2 4
c7p 4
s4x 1
cv6 1
cd2 1
c7p 1
s7o 2
cv6 0
cd2 0
c7p 0
syj 3
cv6 3
cd2 3
c7p 3
si6 5
cv6 2
cd2 2
c7p 2
se6 6
cv6 4
cd2 4
c7p 4
sr6 7
cv6 5
cd2 5
c7p 5
sk6 8
cv6 6
cd2 6
c7p 6
sb6 9
cv6 9
cd2 9
c7p 9
su6 7
cv6 0
cd2 0
c7p 0
s76 8
cv6 8
cd2 8
c7p 8
s7l 7
c4h 7
c2e 7
c7p 1
cd2 7
c7p 7
s7x 3
cd2 3
c7p 3
s8 2
ct2t 2
cbct 2
cd2 0
c7p 0
si 4
cd2 4
c7p 4
siq 5
cd2 1
c7p 1
sol 6
cd2 3
c7p 3
soo 9
cd2 5
c7p 5
ssx 8
cd2 6
c7p 6
sb 9
c7p 9
sdh 8
cbct 7
c7p 0
sej 8
cw2 8
c4h 8
c2e 8
c7p 8
sie 4
c7p 8
sua 2
c7p 2
sep 1
c7p 0
s5 3
sdb 5
sy 6
s8p 9
s4p 7
cnp 0
s1c 6
s4t 1
sg4 4
slg 7
sox 8
szlt 2
syft 5
sdft 4
s3ft 9
s1ft 2
swit 3
stit 5
sxit 4
sjit 6
sqit 1
soit 8
clit 9
s0mt 6
s2k 0
sbi 7
cvi 7
cs7 7
cmqt 7
cbct 7
sc2 0
sz4t 3
sbqx 8
cuqx 0
sqxq 5
sr3x 2
srpj 4
stjj 1
suqq 8
sfzq 4
sizq 6
sezq 3
s7zq 2
srzq 6
skzq 5
sbzq 0
suzq 1
svzq 9
c0zq 6
scj 8
crq 8
c97 8
saq 4
crq 4
c97 4
sfq 0
crq 0
c97 0
siq 2
crq 2
c97 2
seq 7
crq 7
c97 7
s7q 8
crq 8
c97 8
s3t 4
c97 0
saf 4
c97 2
sam 4
c97 4
sk7 7
c97 7
slm 3
c97 3
sni 8
c97 3
sq7 0
c97 3
s07 2
c97 0
s57 4
c97 2
sp7 7
c97 4
s87 8
c97 8
s47 7
c97 7
sn7 1
c97 1
s1j 3
cy2 3
s7t 0
cy2 0
sa2 2
cy2 1
sp2 4
cy2 2
s42 8
cy2 8
sn2 7
cy2 3
sg2 7
cy2 4
sz2 7
cy2 5
ss2 9
cy2 7
s59 9
sa4t 0
sb3 1
sczt 2
sgvt 8
skgt 8
sku 2
smz 9
sa3t 2
sf3t 1
si3t 3
se3t 4
s73t 5
sr3t 7
sk3t 0
cb3t 5
s35x 9
s15x 1
swpx 2
stpx 8
sxpx 1
sjpx 7
sqpx 0
sopx 9
clpx 9
s7a 4
sra 3
ska 8
sba 1
sua 2
sva 0
s0a 1
c5a 3
s6j 0
cho 0
cwc 0
cza 0
cci 0
spj 8
cho 8
cwc 8
cza 8
cci 8
sqx 4
cho 4
cwc 4
cza 4
cci 4
svq 7
cho 7
cwc 7
cza 7
cci 7
swo 1
cho 1
cwc 1
cza 1
cci 1
sto 2
cho 2
cwc 2
cza 2
cci 2
sxo 5
cho 5
cwc 5
cza 5
cci 5
sjo 9
cho 9
cwc 9
cza 9
cci 9
sqo 3
cho 3
cwc 3
cza 3
cci 3
soo 0
cho 0
cwc 0
cza 0
cci 0
slo 6
cho 6
cwc 6
cza 6
cci 6
s6o 8
cho 8
cwc 8
cza 8
cci 8
s1q 4
cho 4
cwc 4
cza 4
cci 4
cv6 1
cwc 1
cza 1
cci 1
s2l 7
cv6 2
cwc 2
cza 2
cci 2
s4x 5
cv6 5
cwc 3
cza 3
cci 3
s7o 7
cv6 7
cwc 5
cza 5
cci 5
si6 9
cv6 9
cwc 7
cza 7
cci 7
se6 9
cv6 9
cwc 9
cza 9
cci 9
s76 0
cv6 0
cwc 0
cza 0
cci 0
sr6 6
cv6 6
cwc 6
cza 6
cci 6
sk6 8
cv6 8
cwc 8
cza 8
cci 8
sb6 4
cv6 4
cwc 4
cza 4
cci 4
su6 1
cv6 1
cwc 1
cza 1
cci 1
shx 2
cwc 2
cza 2
cci 2
syq 3
cwc 3
cza 3
cci 3
sgh 5
cwc 5
cza 5
cci 5
szh 7
cwc 7
cza 7
cci 7
ssh 9
cwc 9
cza 9
cci 9
syh 0
cwc 0
cza 0
cci 0
sdh 6
cwc 4
cza 4
cci 4
s3h 6
cwc 6
cza 6
cci 6
s1h 8
cwc 1
cza 1
cci 1
s0h 8
cza 0
cci 0
s82 8
cy2 8
cb3t 8
cza 2
cci 2
ssq 3
cza 3
cci 3
sta 5
cza 5
cci 5
stl 7
cza 7
cci 7
swh 9
cza 8
cci 8
sna 9
cza 9
cci 9
s9a 4
cza 4
cci 4
sga 6
cza 0
cci 0
s1c 1
cci 0
s1t 6
cci 1
s4f 6
cci 2
s8h 3
cci 3
s92 5
cy2 5
cb3t 5
cci 4
sh6 7
cci 6
s5j 8
c0l 8
sbo 9
c0l 9
sfj 8
c0l 8
skx 7
c0l 7
suj 9
c0l 8
syj 9
cv6 9
cwc 9
cza 9
cci 9
c0l 0
syo 7
c0l 1
sil 7
c0l 2
sel 8
c0l 8
s7l 5
c0l 5
srl 3
c0l 0
skl 4
c0l 1
sbl 6
c0l 2
sul 4
c0l 4
svl 7
c0l 3
sv 7
c0 7
c9 7
cy2 7
cb3t 7
clt 0
cho 0
cwc 0
cza 0
cci 0
sk 6
cu 6
cy2 1
cb3t 1
c9 2
cy2 2
cb3t 2
clt 3
cho 3
cwc 3
cza 3
cci 3
sb 8
cy2 4
cb3t 4
cho 5
cwc 5
cza 5
cci 5
cu 8
cy2 6
cb3t 6
c9 8
cy2 8
cb3t 8
clt 9
cho 9
cwc 9
cza 9
cci 9
s6 7
c0 7
cf 1
cu 1
cy2 1
cb3t 1
c9 2
cy2 2
cb3t 2
clt 0
cho 0
cwc 0
cza 0
cci 0
s5 4
cho 1
cwc 1
cza 1
cci 1
c9 4
cy2 4
cb3t 4
clt 3
cho 3
cwc 3
cza 3
cci 3
s8 6
c9 6
cy2 6
cb3t 6
clt 5
cho 5
cwc 5
cza 5
cci 5
s4 8
c9 7
cy2 7
cb3t 7
clt 8
cho 8
cwc 8
cza 8
cci 8
sn 9
c97 9
cb3t 9
c9 2
cy2 2
cb3t 2
clt 4
cho 4
cwc 4
cza 4
cci 4
s3 6
clt 6
cho 6
cwc 6
cza 6
cci 6
sg 7
clt 7
cho 7
cwc 7
cza 7
cci 7
sp 9
c9 9
cy2 9
cb3t 9
clt 2
cho 2
cwc 2
cza 2
cci 2
sxt 0
crq 0
c97 0
cb3t 0
clt 1
cho 1
cwc 1
cza 1
cci 1
sjt 3
clt 3
cho 3
cwc 3
cza 3
cci 3
sqt 5
clt 5
cho 5
cwc 5
cza 5
cci 5
sot 8
clt 8
cho 8
cwc 8
cza 8
cci 8
sa 9
c0 9
c9 9
cy2 9
cb3t 9
cf 0
cu 0
cy2 0
cb3t 0
c9 2
cy2 2
cb3t 2
clt 1
cho 1
cwc 1
cza 1
cci 1
set 4
ss 6
sut 7
spt 4
s8t 7
s4t 6
cho 0
cwc 0
cza 0
cci 0
snt 7
s9t 4
sgt 7
szt 6
sst 4
cy2 3
cb3t 3
c0l 4
syt 6
cdt 4
s2 7
cf 7
cu 7
cy2 7
cb3t 7
c9 2
cy2 2
cb3t 2
clt 3
cho 3
cwc 3
cza 3
cci 3
cdt 4
cr 5
cu 5
cy2 5
cb3t 5
c9 6
cy2 6
cb3t 6
clt 7
cho 7
cwc 7
cza 7
cci 7
cdt 0
cf6 8
sc 9
c97 9
cb3t 1
cf 9
cu 9
cy2 8
cb3t 8
c9 9
cy2 9
cb3t 9
clt 4
cho 4
cwc 4
cza 4
cci 4
cdt 2
cr 5
cu 5
cy2 5
cb3t 5
c9 0
cy2 0
cb3t 0
clt 1
cho 1
cwc 1
cza 1
cci 1
cdt 2
cf6 6
sh 9
cf 9
cu 9
cy2 9
cb3t 9
c9 5
cy2 5
cb3t 5
clt 0
cho 0
cwc 0
cza 0
cci 0
cdt 2
cr 6
cu 6
cy2 3
cb3t 3
c9 6
cy2 6
cb3t 6
clt 4
cho 4
cwc 4
cza 4
cci 4
cdt 2
cf6 8
sj 8
cf 8
cu 8
cy2 8
cb3t 8
c9 7
cy2 7
cb3t 7
clt 2
cho 2
cwc 2
cza 2
cci 2
cdt 1
cr 9
cu 9
cy2 3
cb3t 3
c9 9
cy2 9
cb3t 9
clt 5
cho 5
cwc 5
cza 5
cci 5
cdt 1
cf6 6
sl 6
cho 6
cwc 6
cza 6
cci 6
cf 8
cu 8
cy2 8
cb3t 8
c9 0
cy2 0
cb3t 0
clt 1
cho 1
cwc 1
cza 1
cci 1
cdt 2
cr 7
cu 3
cy2 3
cb3t 3
c9 4
cy2 4
cb3t 4
clt 7
cho 7
cwc 7
cza 7
cci 7
cdt 2
cf6 9
sm 9
c0 9
cf 9
cu 9
cy2 9
cb3t 9
c9 0
cy2 0
cb3t 0
clt 2
cho 2
cwc 2
cza 2
cci 2
cdt 3
cr 8
cu 5
cy2 4
cb3t 4
c9 5
cy2 5
cb3t 5
clt 6
cho 6
cwc 6
cza 6
cci 6
cdt 3
cf6 8
so 8
crq 8
c97 8
cb3t 8
c0 9
c9 9
cy2 9
cb3t 9
clt 0
cho 0
cwc 0
cza 0
cci 0
cdt 1
cf 4
cu 4
cy2 4
cb3t 4
c9 1
cy2 1
cb3t 1
clt 2
cho 2
cwc 2
cza 2
cci 2
cdt 3
cr 5
cu 5
cy2 5
cb3t 5
c9 7
cy2 7
cb3t 7
clt 4
cho 4
cwc 4
cza 4
cci 4
cdt 3
cf6 8
sq 8
c0 8
c9 8
cy2 8
cb3t 8
clt 6
cho 6
cwc 6
cza 6
cci 6
cdt 0
cf 9
cu 9
cy2 9
cb3t 9
c9 1
cy2 1
cb3t 1
clt 0
cho 0
cwc 0
cza 0
cci 0
cdt 3
cr 5
cu 5
cy2 5
cb3t 5
c9 7
cy2 7
cb3t 7
clt 8
cho 8
cwc 8
cza 8
cci 8
cdt 1
cf6 9
si 9
c0 9
c9 9
cy2 9
cb3t 9
clt 1
cho 1
cwc 1
cza 1
cci 1
cdt 0
cr 2
cu 2
cy2 2
cb3t 2
c9 3
cy2 3
cb3t 3
clt 4
cho 4
cwc 4
cza 4
cci 4
cdt 0
cf6 5
se 7
c0 7
c9 7
cy2 7
cb3t 7
clt 5
cho 5
cwc 5
cza 5
cci 5
cdt 0
cr 6
cu 6
cy2 6
cb3t 6
c9 8
cy2 8
cb3t 8
clt 0
cho 0
cwc 0
cza 0
cci 0
cdt 2
cf6 9
s7 9
cza 1
cci 1
c0 9
c9 9
cy2 9
cb3t 9
clt 2
cho 2
cwc 2
cza 2
cci 2
cdt 3
cr 7
cu 7
cy2 6
cb3t 6
c9 7
cy2 7
cb3t 7
clt 4
cho 4
cwc 4
cza 4
cci 4
cdt 3
cf6 8
s3o 8
cf6 8
sjj 5
cf6 5
sm6 8
cf6 8
sa6 3
cf6 0
sao 9
cso 9
st 6
cho 6
cwc 6
cza 6
cci 6
cf 0
cu 0
cy2 0
cb3t 0
c9 1
cy2 1
cb3t 1
clt 2
cho 2
cwc 2
cza 2
cci 2
cdt 0
cr 3
cu 3
cy2 3
cb3t 3
c9 4
cy2 4
cb3t 4
clt 5
cho 5
cwc 5
cza 5
cci 5
cdt 0
cf6 7
cx 8
c0 8
c9 7
cy2 7
cb3t 7
clt 6
cho 6
cwc 6
cza 6
cci 6
cf 9
cu 9
cy2 8
cb3t 8
c9 9
cy2 9
cb3t 9
clt 1
cho 1
cwc 1
cza 1
cci 1
cdt 0
cr 3
cu 3
cy2 3
cb3t 3
c9 0
cy2 0
cb3t 0
clt 4
cho 4
cwc 4
cza 4
cci 4
cdt 3
cf6 7
s3j 8
crq 8
c97 8
cb3t 2
cza 0
cci 0
sat 7
sph 9
ssj 7
cci 0
syc 9
sbm 9
svm 8
s0m 7
s5m 7
s0n 7
s2o 8
cho 8
cwc 8
cza 8
cci 8
s3xt 3
sqg 9
ssxt 3
sx7 5
s76t 6
s0nt 2
s43j 3
s67j 7
sdkj 6
so9j 5
sodx 7
ssxx 3
szcx 9
suqq 1
svqq 3
s0qq 2
s5qq 5
spqq 6
s8qq 3
s4qq 7
snqq 9
s9qq 7
sgqq 6
s93t 2
s9bj 7
sie 3
sn3t 7
sqs 1
sum 6
cpm 6
cr6t 8
czqq 8
suvj 5
svtq 7
s9oq 1
sgoq 9
szoq 5
csoq 8
s5gt 2
sblj 3
smgt 9
stvx 7
sz8q 9
s29q 5
ch9q 5
s2c 4
s2f 1
sxi 1
s0r 7
s5r 3
spr 2
c8r 3
s5y 4
sapt 2
sb0 1
st0 6
scyt 1
smyt 7
cayt 4
s25x 0
s3yx 1
s4j 7
sb3x 6
shft 2
suex 3
svvj 7
sw9 3
so0j 6
sl0j 2
s60j 7
s20j 4
sh0j 6
sc0j 1
sm0j 2
sa0j 3
cf0j 3
skpj 0
c4pj 0
cqvq 0
svpj 6
c4pj 6
cqvq 6
s0pj 2
c4pj 2
cqvq 2
s5pj 8
c4pj 8
cqvq 8
sppj 4
c4pj 1
cqvq 1
s8pj 9
c4pj 9
cqvq 9
s2t 4
c0q 4
c72 4
cqvq 4
shq 7
c0q 3
c72 3
cqvq 3
skq 7
c0q 7
c72 7
cqvq 7
sbq 0
c0q 0
c72 0
cqvq 0
s8x 6
c3q 6
cayt 6
cf0j 6
c1x 1
cc6 1
c72 1
cqvq 1
s4x 2
c1x 2
cc6 2
c72 2
cqvq 2
snx 8
c1x 8
cc6 8
c72 8
cqvq 8
s9x 9
c1x 4
cc6 4
c72 4
cqvq 4
sgx 6
c1x 6
cc6 6
c72 6
cqvq 6
szx 9
c1x 3
cc6 3
c72 3
cqvq 3
ssx 7
c1x 7
cc6 7
c72 7
cqvq 7
sdx 9
c1x 9
cc6 9
c72 9
cqvq 9
s3x 0
c1x 0
cc6 0
c72 0
cqvq 0
seq 1
cfl 1
cc6 1
c72 1
cqvq 1
syx 2
c1x 2
cc6 2
c72 2
cqvq 2
cfl 4
cc6 4
c72 4
cqvq 4
sjl 8
cfl 8
cc6 8
c72 8
cqvq 8
sql 6
cfl 6
cc6 6
c72 6
cqvq 6
sol 3
cfl 0
cc6 0
c72 0
cqvq 0
sll 7
cfl 3
cc6 3
c72 3
cqvq 3
s6l 7
cfl 7
cc6 7
c72 7
cqvq 7
s2l 5
cfl 5
cc6 5
c72 5
cqvq 5
shl 9
cfl 9
cc6 9
c72 9
cqvq 9
scl 1
cfl 1
cc6 1
c72 1
cqvq 1
sml 2
cfl 2
cc6 2
c72 2
cqvq 2
sal 4
cfl 4
cc6 4
c72 4
cqvq 4
sxt 8
clt 8
cho 8
cc6 8
c72 8
cqvq 8
sjt 6
clt 6
cho 6
cc6 6
c72 6
cqvq 6
s4t 0
cho 0
cc6 0
c72 0
cqvq 0
spj 3
cho 3
cc6 3
c72 3
cqvq 3
sqx 7
cho 1
cc6 1
c72 1
cqvq 1
svq 5
c0q 5
c72 2
cqvq 2
cho 7
cc6 7
c72 7
cqvq 7
s1q 9
cho 9
cc6 9
c72 9
cqvq 9
swo 4
cho 4
cc6 4
c72 4
cqvq 4
sto 5
cho 5
cc6 5
c72 5
cqvq 5
sxo 8
cho 8
cc6 8
c72 8
cqvq 8
sjo 6
cho 6
cc6 6
c72 6
cqvq 6
sqo 0
cho 0
cc6 0
c72 0
cqvq 0
soo 3
cho 3
cc6 3
c72 3
cqvq 3
slo 1
cho 1
cc6 1
c72 1
cqvq 1
s6o 7
cho 2
cc6 2
c72 2
cqvq 2
s2o 9
c4pj 9
cqvq 0
cho 4
cc6 4
c72 4
cqvq 4
sit 7
c5t 7
cxl 7
cc6 7
c72 7
cqvq 7
sot 5
clt 5
cho 5
cc6 5
c72 5
cqvq 5
c5t 8
cxl 8
cc6 8
c72 8
cqvq 8
skt 9
c5t 9
cxl 9
cc6 9
c72 9
cqvq 9
sbt 6
c5t 6
cxl 6
cc6 6
c72 6
cqvq 6
sut 3
c5t 1
cxl 1
cc6 1
c72 1
cqvq 1
svt 3
c5t 3
cxl 3
cc6 3
c72 3
cqvq 3
s0t 2
c5t 2
cxl 2
cc6 2
c72 2
cqvq 2
sv 4
c0q 4
c72 0
cqvq 0
c0 7
c5t 7
cxl 7
cc6 7
c72 7
cqvq 7
c9 4
clt 4
cho 4
cc6 4
c72 4
cqvq 4
ctt 5
cux 5
caj 5
cxl 5
cc6 5
c72 5
cqvq 5
st 8
cho 1
cc6 0
c72 0
cqvq 0
c5t 8
cxl 3
cc6 3
c72 3
cqvq 3
cf 6
cu 6
c5t 6
cxl 6
cc6 6
c72 6
cqvq 6
c9 1
clt 1
cho 1
cc6 1
c72 1
cqvq 1
ctt 2
cux 2
caj 2
cxl 2
cc6 2
c72 2
cqvq 2
cx 9
c0 9
c5t 9
cxl 3
cc6 3
c72 3
cqvq 3
c9 7
clt 7
cho 7
cc6 0
c72 0
cqvq 0
ctt 8
cux 8
caj 8
cxl 8
cc6 8
c72 8
cqvq 8
cf 9
cu 9
c5t 9
cxl 9
cc6 9
c72 9
cqvq 9
c9 4
clt 4
cho 4
cc6 4
c72 4
cqvq 4
ctt 5
cux 5
caj 5
cxl 5
cc6 5
c72 5
cqvq 5
cr 7
cu 7
c5t 7
cxl 1
cc6 1
c72 1
cqvq 1
c9 6
clt 6
cho 6
cc6 6
c72 6
cqvq 6
ctt 7
cux 7
caj 7
cxl 7
cc6 7
c72 7
cqvq 7
se 2
c0 2
c5t 2
cxl 2
cc6 2
c72 2
cqvq 2
c9 0
clt 0
cho 0
cc6 0
c72 0
cqvq 0
ctt 1
cux 1
caj 1
cxl 1
cc6 1
c72 1
cqvq 1
cr 3
cu 3
c5t 3
cxl 3
cc6 3
c72 3
cqvq 3
c9 4
clt 4
cho 4
cc6 2
c72 2
cqvq 2
ctt 5
cux 5
caj 5
cxl 5
cc6 5
c72 5
cqvq 5
s7 8
clt 8
cho 8
cc6 4
c72 4
cqvq 4
c5t 9
cxl 6
cc6 6
c72 6
cqvq 6
c0 9
c5t 9
cxl 7
cc6 7
c72 7
cqvq 7
c9 9
clt 9
cho 9
cc6 9
c72 9
cqvq 9
ctt 8
cux 8
caj 8
cxl 8
cc6 8
c72 8
cqvq 8
cr 0
cu 0
c5t 0
cxl 0
cc6 0
c72 0
cqvq 0
c9 1
clt 1
cho 1
cc6 1
c72 1
cqvq 1
ctt 2
cux 2
caj 2
cxl 2
cc6 2
c72 2
cqvq 2
sa 5
clt 3
cho 3
cc6 3
c72 3
cqvq 3
c0 5
c5t 5
cxl 4
cc6 4
c72 4
cqvq 4
c9 6
clt 6
cho 6
cc6 6
c72 6
cqvq 6
ctt 5
cux 5
caj 5
cxl 5
cc6 5
c72 5
cqvq 5
cf 7
cu 7
c5t 7
cxl 7
cc6 7
c72 7
cqvq 7
c9 8
clt 8
cho 8
cc6 8
c72 8
cqvq 8
ctt 9
cux 9
caj 9
cxl 9
cc6 9
c72 9
cqvq 9
so 0
c0 0
c5t 0
cxl 0
cc6 0
c72 0
cqvq 0
c9 1
clt 1
cho 1
cc6 1
c72 1
cqvq 1
ctt 2
cux 2
caj 2
cxl 2
cc6 2
c72 2
cqvq 2
cf 4
cr 3
cu 4
c5t 4
cxl 4
cc6 4
c72 4
cqvq 4
c9 3
clt 3
cho 3
cc6 3
c72 3
cqvq 3
ctt 5
cux 5
caj 5
cxl 5
cc6 5
c72 5
cqvq 5
sq 6
c0 6
c5t 6
cxl 0
cc6 0
c72 0
cqvq 0
c9 7
clt 7
cho 7
cc6 1
c72 1
cqvq 1
ctt 6
cux 6
caj 6
cxl 6
cc6 6
c72 6
cqvq 6
cf 8
cr 9
cu 8
c5t 8
cxl 8
cc6 8
c72 8
cqvq 8
c9 9
clt 9
cho 9
cc6 9
c72 9
cqvq 9
ctt 7
cux 7
caj 7
cxl 7
cc6 7
c72 7
cqvq 7
sk 2
cu 2
c5t 2
cxl 2
cc6 2
c72 2
cqvq 2
c9 4
clt 4
cho 4
cc6 4
c72 4
cqvq 4
ctt 0
cux 0
caj 0
cxl 0
cc6 0
c72 0
cqvq 0
sb 3
cho 1
cc6 1
c72 1
cqvq 1
cu 3
c5t 3
cxl 3
cc6 3
c72 3
cqvq 3
c9 5
clt 5
cho 5
cc6 5
c72 5
cqvq 5
ctt 6
cux 6
caj 6
cxl 6
cc6 6
c72 6
cqvq 6
si 8
c0 8
c5t 8
cxl 2
cc6 2
c72 2
cqvq 2
cr 7
cu 7
c5t 7
cxl 7
cc6 7
c72 7
cqvq 7
c9 8
clt 8
cho 8
cc6 8
c72 8
cqvq 8
ctt 9
cux 9
caj 9
cxl 9
cc6 9
c72 9
cqvq 9
sl 4
c0q 4
c72 0
cqvq 0
cho 3
cc6 1
c72 1
cqvq 1
cf 4
cr 3
cu 4
c5t 4
cxl 4
cc6 4
c72 4
cqvq 4
c9 2
clt 2
cho 2
cc6 2
c72 2
cqvq 2
ctt 1
cux 1
caj 1
cxl 1
cc6 1
c72 1
cqvq 1
sm 3
clt 3
cho 3
cc6 0
c72 0
cqvq 0
c0 5
c5t 5
cxl 5
cc6 5
c72 5
cqvq 5
cf 6
cr 7
cu 6
c5t 6
cxl 6
cc6 6
c72 6
cqvq 6
c9 7
clt 7
cho 7
cc6 7
c72 7
cqvq 7
ctt 8
cux 8
caj 8
cxl 8
cc6 8
c72 8
cqvq 8
s5 9
cayt 9
cf0j 9
cho 9
cc6 3
c72 3
cqvq 3
c9 9
clt 9
cho 9
cc6 9
c72 9
cqvq 9
ctt 4
cux 4
caj 4
cxl 4
cc6 4
c72 4
cqvq 4
sp 2
clt 2
cho 2
cc6 2
c72 2
cqvq 2
c9 0
clt 0
cho 0
cc6 0
c72 0
cqvq 0
ctt 1
cux 1
caj 1
cxl 1
cc6 1
c72 1
cqvq 1
s8 5
c9 5
clt 5
cho 5
cc6 3
c72 3
cqvq 3
ctt 6
cux 6
caj 6
cxl 6
cc6 6
c72 6
cqvq 6
s4 7
c9 7
clt 7
cho 7
cc6 2
c72 2
cqvq 2
ctt 8
cux 8
caj 8
cxl 8
cc6 8
c72 8
cqvq 8
sn 9
c0q 9
c72 9
cqvq 9
c9 4
clt 4
cho 4
cc6 4
c72 4
cqvq 4
ctt 5
cux 5
caj 5
cxl 5
cc6 5
c72 5
cqvq 5
s2 7
cf0j 7
clt 7
cho 7
cc6 0
c72 0
cqvq 0
c5t 1
cxl 1
cc6 1
c72 1
cqvq 1
cf 6
cr 3
cu 6
c5t 6
cxl 6
cc6 6
c72 6
cqvq 6
c9 2
clt 2
cho 2
cc6 2
c72 2
cqvq 2
cux 3
caj 3
cxl 3
cc6 3
c72 3
cqvq 3
ctt 4
cux 4
caj 4
cxl 4
cc6 4
c72 4
cqvq 4
sj 8
cf 8
cu 8
c5t 8
cxl 0
cc6 0
c72 0
cqvq 0
cr 7
cu 7
c5t 7
cxl 1
cc6 1
c72 1
cqvq 1
c9 5
clt 5
cho 5
cc6 5
c72 5
cqvq 5
cux 7
caj 7
cxl 7
cc6 7
c72 7
cqvq 7
ctt 8
cux 8
caj 8
cxl 8
cc6 8
c72 8
cqvq 8
sg 9
c8r 9
cayt 9
cf0j 9
clt 9
cho 9
cc6 2
c72 2
cqvq 2
ctt 6
cux 6
caj 6
cxl 6
cc6 6
c72 6
cqvq 6
sz 9
cfl 9
cc6 0
c72 0
cqvq 0
ctt 9
cux 9
caj 9
cxl 9
cc6 9
c72 9
cqvq 9
ss 3
ctt 3
cux 3
caj 3
cxl 3
cc6 3
c72 3
cqvq 3
sy 4
ctt 1
cux 1
caj 1
cxl 1
cc6 1
c72 1
cqvq 1
sd 4
ctt 4
cux 4
caj 4
cxl 4
cc6 4
c72 4
cqvq 4
s3 5
c0q 5
c72 0
cqvq 0
clt 7
cho 7
cc6 7
c72 7
cqvq 7
ctt 8
cux 8
caj 8
cxl 8
cc6 8
c72 8
cqvq 8
s1 2
ctt 2
cux 2
caj 2
cxl 2
cc6 2
c72 2
cqvq 2
s8t 5
cux 5
caj 5
cxl 5
cc6 5
c72 5
cqvq 5
sox 6
cux 6
caj 6
cxl 6
cc6 6
c72 6
cqvq 6
swt 9
ctt 9
cux 9
caj 9
cxl 9
cc6 9
c72 9
cqvq 9
sxx 3
cux 3
caj 3
cxl 3
cc6 3
c72 3
cqvq 3
sfx 1
c3q 1
cayt 1
cf0j 1
c0q 4
c72 0
cqvq 0
cux 7
caj 7
cxl 7
cc6 7
c72 7
cqvq 7
six 8
cux 8
caj 8
cxl 8
cc6 8
c72 8
cqvq 8
sex 1
cux 1
caj 1
cxl 1
cc6 1
c72 1
cqvq 1
s7x 4
cux 4
caj 4
cxl 4
cc6 4
c72 4
cqvq 4
srx 2
cux 2
caj 2
cxl 2
cc6 2
c72 2
cqvq 2
skx 5
cux 5
caj 5
cxl 5
cc6 5
c72 5
cqvq 5
sbx 6
cux 6
caj 6
cxl 6
cc6 6
c72 6
cqvq 6
s9t 9
c3q 9
cayt 9
cf0j 9
caj 0
cxl 0
cc6 0
c72 0
cqvq 0
sxj 3
caj 3
cxl 3
cc6 3
c72 3
cqvq 3
sqj 7
caj 7
cxl 7
cc6 7
c72 7
cqvq 7
soj 9
caj 9
cxl 9
cc6 9
c72 9
cqvq 9
slj 8
caj 1
cxl 1
cc6 1
c72 1
cqvq 1
s6j 4
cho 4
cc6 2
c72 2
cqvq 2
caj 8
cxl 8
cc6 8
c72 8
cqvq 8
s2j 5
caj 5
cxl 5
cc6 5
c72 5
cqvq 5
shj 4
caj 4
cxl 4
cc6 4
c72 4
cqvq 4
scj 6
caj 0
cxl 0
cc6 0
c72 0
cqvq 0
smj 6
caj 6
cxl 6
cc6 6
c72 6
cqvq 6
s5q 3
cxl 3
cc6 3
c72 3
cqvq 3
s6 7
c0q 7
c72 1
cqvq 1
c0 9
c5t 9
cf 7
cu 7
c5t 7
c9 2
clt 2
cho 2
cc6 2
c72 2
cqvq 2
ctt 0
cux 0
caj 0
cxl 0
cc6 0
c72 0
cqvq 0
scq 8
cxl 1
cc6 1
c72 1
cqvq 1
sh 5
clt 3
cho 3
cc6 3
c72 3
cqvq 3
cf 5
cr 4
cu 5
c5t 5
c9 4
clt 4
cho 4
cc6 4
c72 4
cqvq 4
ctt 5
cux 5
caj 5
cxl 5
cc6 5
c72 5
cqvq 5
shx 9
cxl 6
cc6 6
c72 6
cqvq 6
sjj 8
caj 7
cxl 7
cc6 7
c72 7
cqvq 7
sqt 8
clt 8
cho 8
cc6 2
c72 2
cqvq 2
cxl 9
cc6 9
c72 9
cqvq 9
svj 8
cayt 8
cf0j 8
cxl 8
cc6 8
c72 8
cqvq 8
syo 0
cxl 0
cc6 0
c72 0
cqvq 0
sdo 1
cxl 1
cc6 1
c72 1
cqvq 1
s3o 3
cxl 3
cc6 3
c72 3
cqvq 3
s1o 4
cxl 4
cc6 4
c72 4
cqvq 4
swl 5
cxl 2
cc6 2
c72 2
cqvq 2
stl 6
cxl 6
cc6 6
c72 6
cqvq 6
s6q 7
c0q 7
c72 0
cqvq 0
cc6 5
c72 5
cqvq 5
s8j 9
cc6 7
c72 7
cqvq 7
sc 9
cf 9
cu 9
c5t 9
cxl 9
cr 8
cu 8
c5t 8
cxl 8
c9 1
clt 1
cho 1
ctt 2
cux 2
caj 2
cxl 2
cc6 2
c72 2
cqvq 2
sfo 3
cc6 0
c72 0
cqvq 0
sgl 4
cc6 1
c72 1
cqvq 1
siq 3
cc6 3
c72 3
cqvq 3
s66 9
cc6 4
c72 4
cqvq 4
s26 6
cc6 5
c72 5
cqvq 5
sh6 6
cc6 6
c72 6
cqvq 6
s36 7
c72 7
cqvq 7
sbj 9
c0q 9
c72 8
cqvq 8
slx 9
c72 9
cqvq 9
suj 2
c72 2
cqvq 2
suq 0
c0q 0
c72 0
cqvq 0
sy6 1
c72 1
cqvq 1
szq 3
c72 3
cqvq 3
s62 4
c72 4
cqvq 4
s22 5
c72 5
cqvq 5
sh2 6
c72 6
cqvq 6
sc2 7
c72 7
cqvq 7
sm2 8
c72 8
cqvq 8
sa2 9
c72 9
cqvq 9
sf2 2
c72 2
cqvq 2
si2 0
c72 0
cqvq 0
se2 1
c72 1
cqvq 1
s3xx 3
cqvq 3
s49x 4
cqvq 2
s6at 5
cqvq 4
s7jx 6
cqvq 5
scaq 7
cqvq 6
sm2j 8
cqvq 7
sqxx 9
cqvq 8
sy9j 9
cqvq 9
sjvq 0
cqvq 0
s9qx 1
sgqx 3
szqx 3
csqx 3
s3kt 2
sbkx 4
sjq 5
ssj 6
stzx 7
swd 8
sgzq 9
szzq 1
sszq 8
syzq 6
sdzq 2
s3zq 4
s1zq 5
swsq 7
stsq 3
sxsq 0
cjsq 9
sm6 8
suh 8
swx 6
sge 8
s8e 3
s9a 3
si6 8
sve 0
sek 0
s0a 4
s31 6
sjr 8
soat 6
srmt 0
svot 4
scit 2
smit 4
sait 3
sfit 6
siit 5
seit 1
s2t 0
c0q 0
c72 0
skq 6
c0q 1
c72 1
sbq 2
c0q 2
c72 2
s8x 8
c1x 8
cc6 8
c72 0
s4x 4
c1x 4
cc6 4
c72 3
snx 5
c1x 5
cc6 5
c72 4
sgx 7
c1x 5
cc6 5
c72 5
szx 6
c1x 6
cc6 6
c72 6
ssx 8
c1x 7
cc6 7
c72 7
sdx 8
c1x 8
cc6 8
c72 8
s3x 9
c1x 9
cc6 9
c72 9
syx 1
c1x 1
cc6 1
c72 1
cfl 2
cc6 0
c72 0
sjl 3
cfl 3
cc6 2
c72 2
sql 4
cfl 4
cc6 4
c72 4
sol 5
cfl 0
cc6 0
c72 0
sll 6
cfl 1
cc6 1
c72 1
s6l 7
cfl 2
cc6 2
c72 2
s2l 8
cfl 3
cc6 3
c72 3
scl 9
cfl 5
cc6 5
c72 5
sml 6
cfl 6
cc6 6
c72 6
sal 9
cfl 7
cc6 7
c72 7
spj 8
cho 8
cc6 8
c72 8
svq 9
c0q 9
c72 9
cho 4
cc6 4
c72 4
s1q 0
cho 0
cc6 0
c72 0
swo 1
cho 1
cc6 1
c72 1
sto 2
cho 2
cc6 2
c72 2
sxo 3
cho 3
cc6 3
c72 3
sjo 5
cho 5
cc6 5
c72 5
sqo 6
cho 6
cc6 6
c72 6
soo 7
cho 7
cc6 7
c72 7
slo 8
cho 8
cc6 8
c72 8
s2o 9
cho 9
cc6 9
c72 9
sit 4
c5t 4
cxl 4
cc6 4
c72 4
skt 0
c5t 0
cxl 0
cc6 0
c72 0
sbt 1
c5t 1
cxl 1
cc6 1
c72 1
svt 2
c5t 2
cxl 2
cc6 2
c72 2
s0t 3
c5t 3
cxl 3
cc6 3
c72 3
sz 5
cfl 5
cc6 0
c72 0
ctt 5
cux 5
caj 5
cxl 5
cc6 5
c72 5
sy 6
ctt 6
cux 6
caj 6
cxl 6
cc6 6
c72 6
sd 7
ctt 7
cux 7
caj 7
cxl 7
cc6 7
c72 7
swt 8
ctt 8
cux 8
caj 8
cxl 8
cc6 8
c72 8
sfx 9
c0q 9
c72 0
cux 4
caj 4
cxl 4
cc6 4
c72 4
six 9
cux 9
caj 9
cxl 9
cc6 9
c72 9
sex 1
cux 1
caj 1
cxl 1
cc6 1
c72 1
s7x 2
cux 2
caj 2
cxl 2
cc6 2
c72 2
srx 3
cux 3
caj 3
cxl 3
cc6 3
c72 3
skx 5
cux 5
caj 5
cxl 5
cc6 5
c72 5
sbx 6
cux 6
caj 6
cxl 6
cc6 6
c72 6
sxj 7
caj 0
cxl 0
cc6 0
c72 0
sqj 8
caj 4
cxl 4
cc6 4
c72 4
soj 8
caj 7
cxl 7
cc6 7
c72 7
s6j 8
cho 8
cc6 1
c72 1
caj 8
cxl 8
cc6 8
c72 8
s2j 9
caj 9
cxl 9
cc6 9
c72 9
shj 2
caj 2
cxl 2
cc6 2
c72 2
sjj 3
caj 3
cxl 3
cc6 3
c72 3
svj 5
cxl 5
cc6 5
c72 5
syo 6
cxl 0
cc6 0
c72 0
sdo 4
cxl 1
cc6 1
c72 1
s3o 7
cxl 7
cc6 7
c72 7
s1o 8
cxl 8
cc6 8
c72 8
swl 6
cxl 2
cc6 2
c72 2
stl 9
cxl 4
cc6 4
c72 4
s8j 6
cc6 3
c72 3
sfo 6
cc6 5
c72 5
sgl 9
cc6 6
c72 6
s66 9
cc6 9
c72 9
s26 0
cc6 0
c72 0
sh6 1
cc6 1
c72 1
s36 7
c72 0
sbj 8
c0q 8
c72 8
suj 2
c72 1
suq 4
c0q 4
c72 4
sy6 7
c72 0
szq 3
c72 1
s62 5
c72 2
s22 6
c72 3
sh2 9
c72 5
sc2 9
c72 6
sm2 9
c72 7
sa2 9
c72 8
sf2 9
c72 9
si2 4
c72 4
se2 0
c72 0
smt 1
ckj 1
sfj 2
ckj 2
sij 3
ckj 2
s7j 5
ckj 0
srj 6
ckj 6
s0x 7
s1h 8
s56 9
s86 8
c8a 6
so2 1
c8a 1
svl 5
c8a 1
spa 9
c8a 0
sfq 4
sjq 3
sqq 7
ssj 9
s5q 8
cxl 8
cc6 8
c72 8
c8a 8
spq 5
c8q 5
sga 4
sih 2
sqf 9
sof 2
slf 3
ccf 3
s6f 4
ccf 0
s2f 9
ccf 1
shf 7
ccf 2
ss 9
ctt 9
cux 9
caj 9
cxl 9
cc6 9
c72 9
c8a 9
cdt 4
sut 7
c5t 7
cxl 4
cc6 4
c72 4
c8a 4
cdt 5
spt 6
cdt 6
snt 7
cdt 7
s9t 5
caj 5
cxl 5
cc6 5
c72 5
c8a 5
cdt 0
syt 6
cdt 1
s6o 6
cho 6
cc6 6
c72 6
c8a 6
scj 8
caj 8
cxl 8
cc6 8
c72 8
c8a 8
sht 3
s7o 2
sro 7
sko 2
sbo 7
suo 3
s0o 2
s5o 0
spo 1
c4o 3
s8o 7
c4o 7
s9q 1
set 2
cdt 2
svo 0
c4o 0
sg6 9
sz6 4
cs6 1
s5h 2
s9x 2
c1x 2
cc6 2
c72 2
c8a 2
sb2 4
scc 5
seq 9
cfl 9
cc6 0
c72 0
c8a 0
slj 3
caj 3
cxl 3
cc6 3
c72 3
c8a 3
spf 6
c9f 1
stf 7
c9f 7
szh 4
c9f 7
s4f 8
c9f 1
s0c 5
shl 9
cfl 9
cc6 9
c72 9
c8a 9
siq 8
cc6 2
c72 2
c8a 2
snf 5
c9f 4
syh 6
szt 8
cdt 8
s1f 5
swi 8
sti 5
sxi 0
sji 6
sqi 5
soi 7
sli 1
s6i 4
s2i 3
chi 7
sae 1
si7 0
slc 9
stm 6
sze 8
cse 8
c7k 8
c7it 8
s4k 0
snk 2
s9k 1
sgk 5
szk 2
ssk 5
syk 4
c3k 4
sdk 1
c3k 0
sv 2
c0q 2
c72 2
c8a 2
c3k 2
c0 1
c5t 1
cxl 1
cc6 1
c72 1
c8a 1
c3k 1
c9 0
ctt 0
cux 0
caj 0
cxl 0
cc6 0
c72 0
c8a 0
c3k 0
clt 2
cho 2
cc6 1
c72 1
c8a 1
c3k 1
cdt 3
c3k 1
cax 4
chi 4
c3k 0
cmq 2
se 9
c8a 2
c3k 2
c0 9
c5t 9
cxl 3
cc6 3
c72 3
c8a 3
c3k 3
c9 5
ctt 5
cux 5
caj 5
cxl 5
cc6 5
c72 5
c8a 5
c3k 5
clt 6
cho 6
cc6 4
c72 4
c8a 4
c3k 4
cdt 7
c3k 4
cax 8
chi 8
c3k 0
cmq 6
cr 9
cu 9
c5t 9
cxl 7
cc6 7
c72 7
c8a 7
c3k 7
c9 9
ctt 9
cux 9
caj 9
cxl 9
cc6 9
c72 9
c8a 9
c3k 9
clt 8
cho 8
cc6 0
c72 0
c8a 0
c3k 0
cdt 6
c3k 0
cax 3
chi 3
c3k 1
cmq 2
so 6
c0 6
c5t 6
cxl 6
cc6 6
c72 6
c8a 6
c3k 6
c9 2
ctt 2
cux 2
caj 2
cxl 2
cc6 2
c72 2
c8a 2
c3k 2
clt 0
cho 0
cc6 0
c72 0
c8a 0
c3k 0
cdt 1
c3k 0
cax 3
chi 3
c3k 1
cmq 4
cf 5
cr 7
cu 5
c5t 5
cxl 5
cc6 5
c72 5
c8a 5
c3k 5
c9 7
ctt 7
cux 7
caj 7
cxl 7
cc6 7
c72 7
c8a 7
c3k 7
clt 6
cho 6
cc6 0
c72 0
c8a 0
c3k 0
cdt 3
c3k 0
cax 8
chi 8
c3k 1
cmq 3
sb 9
cho 9
cc6 2
c72 2
c8a 2
c3k 2
cu 4
c5t 4
cxl 4
cc6 4
c72 4
c8a 4
c3k 4
c9 6
ctt 6
cux 6
caj 6
cxl 6
cc6 6
c72 6
c8a 6
c3k 6
clt 3
cho 3
cc6 0
c72 0
c8a 0
c3k 0
cdt 5
c3k 0
cax 7
chi 7
c3k 1
cmq 2
s6 9
c0q 9
c72 2
c8a 2
c3k 2
cxl 5
cc6 5
c72 5
c8a 5
c3k 5
c0 8
c5t 8
cxl 8
cc6 8
c72 8
c8a 8
c3k 8
cf 9
cu 9
c5t 9
cxl 9
cc6 9
c72 9
c8a 9
c3k 9
c9 3
ctt 3
cux 3
caj 3
cxl 3
cc6 3
c72 3
c8a 3
c3k 3
clt 4
cho 4
cc6 0
c72 0
c8a 0
c3k 0
cdt 1
c3k 0
cax 5
chi 5
c3k 1
cmq 2
sc 7
cc6 2
c72 2
c8a 2
c3k 2
cf 7
cu 7
c5t 7
cxl 7
cc6 7
c72 7
c8a 7
c3k 7
cr 6
cu 6
c5t 6
cxl 6
cc6 6
c72 6
c8a 6
c3k 6
c9 8
ctt 8
cux 8
caj 8
cxl 8
cc6 8
c72 8
c8a 8
c3k 8
clt 4
cho 4
cc6 0
c72 0
c8a 0
c3k 0
cdt 3
c3k 0
cax 5
chi 5
c3k 1
cmq 2
si 9
c0 9
c5t 9
cxl 9
cc6 9
c72 9
c8a 9
c3k 9
cr 7
cu 7
c5t 7
cxl 7
cc6 7
c72 7
c8a 7
c3k 7
c9 3
ctt 3
cux 3
caj 3
cxl 3
cc6 3
c72 3
c8a 3
c3k 3
clt 2
cho 2
cc6 0
c72 0
c8a 0
c3k 0
cdt 4
c3k 0
cax 5
chi 5
c3k 1
cmq 2
sj 6
ctt 6
cux 6
caj 6
cxl 6
cc6 6
c72 6
c8a 6
c3k 6
cf 8
cu 8
c5t 8
cxl 8
cc6 8
c72 8
c8a 8
c3k 8
cr 9
cu 4
c5t 4
cxl 4
cc6 4
c72 4
c8a 4
c3k 4
c9 2
ctt 2
cux 2
caj 2
cxl 2
cc6 2
c72 2
c8a 2
c3k 2
clt 0
cho 0
cc6 0
c72 0
c8a 0
c3k 0
cdt 1
c3k 0
cax 3
chi 3
c3k 1
cmq 4
sl 9
c0q 9
c72 3
c8a 3
c3k 3
cho 5
cc6 4
c72 4
c8a 4
c3k 4
cf 7
cr 9
cu 7
c5t 7
cxl 6
cc6 6
c72 6
c8a 6
c3k 6
c9 9
ctt 9
cux 9
caj 9
cxl 9
cc6 9
c72 9
c8a 9
c3k 9
clt 7
cho 7
cc6 2
c72 2
c8a 2
c3k 2
cdt 5
c3k 2
cax 8
chi 8
c3k 0
cmq 5
s5 7
cho 7
cc6 7
c72 7
c8a 7
c3k 7
c9 1
ctt 1
cux 1
caj 1
cxl 1
cc6 1
c72 1
c8a 1
c3k 1
clt 0
cho 0
cc6 0
c72 0
c8a 0
c3k 0
cdt 2
c3k 0
cax 3
chi 3
c3k 1
cmq 2
s8 8
c9 4
ctt 4
cux 4
caj 4
cxl 4
cc6 4
c72 4
c8a 4
c3k 4
clt 5
cho 5
cc6 2
c72 2
c8a 2
c3k 2
cdt 6
c3k 2
cax 8
chi 8
c3k 3
cmq 5
s4 9
c9 9
ctt 9
cux 9
caj 9
cxl 9
cc6 9
c72 9
c8a 9
c3k 9
clt 7
cho 7
cc6 5
c72 5
c8a 5
c3k 5
cdt 6
c3k 5
cax 6
chi 6
c3k 0
cmq 7
sn 8
c0q 8
c72 8
c8a 8
c3k 8
c9 6
ctt 6
cux 6
caj 6
cxl 6
cc6 6
c72 6
c8a 6
c3k 6
clt 1
cho 1
cc6 0
c72 0
c8a 0
c3k 0
cdt 2
c3k 0
cax 3
chi 3
c3k 1
cmq 2
s2 7
c5t 7
cxl 4
cc6 4
c72 4
c8a 4
c3k 4
ctt 5
cux 5
caj 5
cxl 5
cc6 5
c72 5
c8a 5
c3k 5
cf 9
cr 8
cu 9
c5t 9
cxl 9
cc6 9
c72 9
c8a 9
c3k 9
c9 2
ctt 2
cux 2
caj 2
cxl 2
cc6 2
c72 2
c8a 2
c3k 2
clt 3
cho 3
cc6 0
c72 0
c8a 0
c3k 0
cdt 1
c3k 0
cax 4
chi 4
c3k 1
cmq 3
s3 8
c0q 8
c72 3
c8a 3
c3k 3
ctt 6
cux 6
caj 6
cxl 6
cc6 6
c72 6
c8a 6
c3k 6
clt 7
cho 7
cc6 4
c72 4
c8a 4
c3k 4
cdt 5
c3k 4
cax 8
chi 8
c3k 2
cmq 5
s7 9
c5t 9
cxl 9
cc6 9
c72 9
c8a 9
c3k 9
c0 5
c5t 5
cxl 5
cc6 5
c72 5
c8a 5
c3k 5
c9 6
ctt 6
cux 6
caj 6
cxl 6
cc6 6
c72 6
c8a 6
c3k 6
cr 7
cu 7
c5t 7
cxl 0
cc6 0
c72 0
c8a 0
c3k 0
c9 8
ctt 8
cux 8
caj 8
cxl 8
cc6 8
c72 8
c8a 8
c3k 8
clt 1
cho 1
cc6 1
c72 1
c8a 1
c3k 1
cdt 2
c3k 1
cax 3
chi 3
c3k 0
cmq 2
sa 4
cdt 4
c3k 2
c0 7
c5t 7
cxl 4
cc6 4
c72 4
c8a 4
c3k 4
c9 9
ctt 9
cux 9
caj 9
cxl 9
cc6 9
c72 9
c8a 9
c3k 9
cf 7
cu 7
c5t 7
cxl 7
cc6 7
c72 7
c8a 7
c3k 7
c9 3
ctt 3
cux 3
caj 3
cxl 3
cc6 3
c72 3
c8a 3
c3k 3
clt 0
cho 0
cc6 0
c72 0
c8a 0
c3k 0
cdt 1
c3k 0
cax 2
chi 2
c3k 1
cmq 4
sg 5
ctt 5
cux 5
caj 5
cxl 5
cc6 5
c72 5
c8a 5
c3k 5
c4o 6
chi 6
c3k 5
clt 8
cho 8
cc6 2
c72 2
c8a 2
c3k 2
cdt 9
c3k 2
cax 9
chi 9
c3k 3
cmq 4
sh 7
cxl 7
cc6 7
c72 7
c8a 7
c3k 7
cf 6
cr 8
cu 6
c5t 6
cxl 6
cc6 6
c72 6
c8a 6
c3k 6
c9 0
ctt 0
cux 0
caj 0
cxl 0
cc6 0
c72 0
c8a 0
c3k 0
clt 1
cho 1
cc6 1
c72 1
c8a 1
c3k 1
cdt 2
c3k 1
cax 3
chi 3
c3k 0
cmq 2
sm 9
c0 9
c5t 4
cxl 4
cc6 4
c72 4
c8a 4
c3k 4
cf 8
cr 9
cu 8
c5t 8
cxl 5
cc6 5
c72 5
c8a 5
c3k 5
c9 7
ctt 7
cux 7
caj 7
cxl 7
cc6 7
c72 7
c8a 7
c3k 7
clt 8
cho 8
cc6 2
c72 2
c8a 2
c3k 2
cdt 9
c3k 2
cax 9
chi 9
c3k 0
cmq 3
sp 6
c4o 6
chi 6
c3k 1
c9 8
ctt 8
cux 8
caj 8
cxl 8
cc6 8
c72 8
c8a 8
c3k 8
clt 3
cho 3
cc6 0
c72 0
c8a 0
c3k 0
cdt 1
c3k 0
cax 2
chi 2
c3k 1
cmq 3
sxt 9
clt 4
cho 4
cc6 2
c72 2
c8a 2
c3k 2
cdt 5
c3k 2
cax 6
chi 6
c3k 3
cmq 4
sjt 9
clt 7
cho 7
cc6 4
c72 4
c8a 4
c3k 4
cdt 9
c3k 4
cax 5
chi 5
c3k 5
cmq 6
sqt 9
cxl 9
cc6 9
c72 9
c8a 9
c3k 9
clt 7
cho 7
cc6 7
c72 7
c8a 7
c3k 7
cdt 6
c3k 7
cax 6
chi 6
c3k 6
cmq 0
sot 8
c5t 8
cxl 8
cc6 8
c72 8
c8a 8
c3k 8
clt 0
cho 0
cc6 0
c72 0
c8a 0
c3k 0
cdt 1
c3k 0
cax 2
chi 2
c3k 1
cmq 3
st 9
cho 4
cc6 4
c72 4
c8a 4
c3k 4
c5t 9
cxl 9
cc6 2
c72 2
c8a 2
c3k 2
cf 5
cu 5
c5t 5
cxl 5
cc6 5
c72 5
c8a 5
c3k 5
c9 6
ctt 6
cux 6
caj 6
cxl 6
cc6 6
c72 6
c8a 6
c3k 6
clt 0
cho 0
cc6 0
c72 0
c8a 0
c3k 0
cdt 1
c3k 0
cax 2
chi 2
c3k 1
cmq 3
cr 7
cu 7
c5t 7
cxl 4
cc6 4
c72 4
c8a 4
c3k 4
c9 8
ctt 8
cux 8
caj 8
cxl 8
cc6 8
c72 8
c8a 8
c3k 8
clt 7
cho 7
cc6 2
c72 2
c8a 2
c3k 2
cdt 9
c3k 2
cax 5
chi 5
c3k 0
cmq 3
cx 9
cdt 9
c3k 1
c0 9
c5t 9
cxl 9
cc6 9
c72 9
c8a 9
c3k 9
c9 3
ctt 3
cux 3
caj 3
cxl 3
cc6 3
c72 3
c8a 3
c3k 3
clt 0
cho 0
cc6 0
c72 0
c8a 0
c3k 0
cdt 1
c3k 0
cf 4
cu 4
c5t 4
cxl 1
cc6 1
c72 1
c8a 1
c3k 1
c9 2
ctt 2
cux 2
caj 2
cxl 2
cc6 2
c72 2
c8a 2
c3k 2
clt 4
cho 4
cc6 1
c72 1
c8a 1
c3k 1
cdt 5
c3k 1
cr 6
cu 6
c5t 6
cxl 5
cc6 5
c72 5
c8a 5
c3k 5
c9 7
ctt 7
cux 7
caj 7
cxl 7
cc6 7
c72 7
c8a 7
c3k 7
clt 6
cho 6
cc6 0
c72 0
c8a 0
c3k 0
cdt 8
c3k 0
cax 9
chi 9
c3k 1
cmq 3
s4t 4
cho 4
cc6 4
c72 4
c8a 4
c3k 4
cdt 6
c3k 4
cax 8
chi 8
c3k 0
cmq 2
s8t 9
cux 9
caj 9
cxl 9
cc6 9
c72 9
c8a 9
c3k 9
cdt 3
c3k 9
cax 5
chi 5
c3k 0
cmq 2
sat 6
cax 6
chi 6
c3k 1
cmq 3
sft 8
cax 8
chi 8
c3k 2
cmq 3
sgt 7
cdt 7
c3k 3
cax 5
chi 5
c3k 5
cmq 4
sxx 7
cux 7
caj 7
cxl 7
cc6 7
c72 7
c8a 7
c3k 7
cax 6
chi 6
c3k 7
cmq 0
sjx 8
cax 8
chi 8
c3k 0
cmq 1
sqx 4
cho 4
cc6 4
c72 4
c8a 4
c3k 4
cax 2
chi 2
c3k 2
cmq 1
sox 9
cux 9
caj 9
cxl 9
cc6 9
c72 9
c8a 9
c3k 9
cax 3
chi 3
c3k 9
cmq 5
s6x 6
cse 6
c7k 6
c7it 6
cax 8
chi 8
c3k 0
cmq 3
s2x 6
cax 6
chi 6
c3k 6
cmq 1
shx 7
cxl 7
cc6 7
c72 7
c8a 7
c3k 7
cax 2
chi 2
c3k 7
cmq 0
smx 8
chi 1
c3k 0
cax 3
chi 3
c3k 1
cmq 4
s1 8
ctt 8
cux 8
caj 8
cxl 8
cc6 8
c72 8
c8a 8
c3k 8
cmq 5
scx 9
cax 9
chi 9
c3k 8
cmq 2
sej 6
ckj 6
c8a 0
c3k 0
cmq 3
sk 4
cu 4
c5t 4
cxl 4
cc6 4
c72 4
c8a 4
c3k 4
c9 1
ctt 1
cux 1
caj 1
cxl 1
cc6 1
c72 1
c8a 1
c3k 1
clt 0
cho 0
cc6 0
c72 0
c8a 0
c3k 0
cdt 2
c3k 0
cax 3
chi 3
c3k 1
cmq 2
slx 5
c72 2
c8a 2
c3k 2
cax 5
chi 5
c3k 2
cmq 4
smj 6
caj 6
cxl 6
cc6 6
c72 6
c8a 6
c3k 6
cmq 7
sq 9
c0 9
c5t 9
cxl 8
cc6 8
c72 8
c8a 8
c3k 8
c9 9
ctt 9
cux 9
caj 9
cxl 9
cc6 9
c72 9
c8a 9
c3k 9
clt 3
cho 3
cc6 3
c72 3
c8a 3
c3k 3
cdt 4
c3k 3
cax 5
chi 5
c3k 0
cf 7
cr 4
cu 7
c5t 7
cxl 7
cc6 7
c72 7
c8a 7
c3k 7
c9 1
ctt 1
cux 1
caj 1
cxl 1
cc6 1
c72 1
c8a 1
c3k 1
clt 0
cho 0
cc6 0
c72 0
c8a 0
c3k 0
cdt 2
c3k 0
cax 3
chi 3
c3k 1
cmq 2
s6q 4
c0q 4
c72 2
c8a 2
c3k 2
cc6 3
c72 3
c8a 3
c3k 3
cmq 4
s2q 6
cmq 5
shq 8
c0q 8
c72 4
c8a 4
c3k 4
cmq 6
scq 9
cxl 8
cc6 8
c72 8
c8a 8
c3k 8
cmq 7
sg7 9
sst 9
cdt 9
c3k 8
su9 9
syr 9
shat 5
scat 6
smat 7
caat 8
shtt 9
skjt 6
sq7 7
svut 5
s0ut 7
s5ut 9
sput 5
c4ut 8
s8ut 7
c4ut 8
sekt 9
sk0x 3
sfwj 0
siwj 6
sewj 1
s7wj 1
srwj 7
skwj 3
sbwj 5
suwj 2
svwj 4
c0wj 4
s7c 9
slsx 7
srbx 6
svkt 7
szs 0
sx8q 9
sj8q 3
sq8q 5
co8q 9
