94
st 0
sx 1
sj 2
cq 0
so 1
sb 2
su 0
sv 0
s0 0
s5 0
sp 2
s8 0
s4 0
sn 0
s9 0
sg 0
sz 1
s6t 2
s2t 0
sht 2
sct 1
smt 0
sat 2
sft 2
sit 1
set 2
sox 1
slx 1
s6x 0
s2x 2
shx 1
scx 2
smx 0
sfj 1
sij 2
sej 2
s7j 1
srj 1
skj 0
sbj 1
suj 0
svj 0
s0j 2
s5j 1
spj 1
ssq 2
syq 0
sdq 0
s3q 0
s1q 1
swo 1
sto 1
sxo 0
sjo 2
sqo 1
s5l 0
spl 2
s8l 0
s4l 0
snl 2
s9l 0
sgl 2
szl 1
ssl 2
syl 2
sdl 2
s3l 2
s1l 0
sw6 2
s82 0
s42 1
sn2 1
s92 2
sg2 0
sz2 1
ss2 2
sy2 1
sd2 0
s32 1
s12 1
swh 1
stm 2
sxm 0
sjm 0
sqm 0
som 0
slm 2
s6m 0
s2m 0
shm 1
scm 0
smm 0
sam 2
s5f 0
