2895
s1444820 0
s87289 1
s1996512 2
s121480 3
s1324385 4
s131628 5
s1610468 6
s1746089 7
s1389616 8
s1039585 9
s659669 10
s1928314 11
s94980 12
s1500960 13
s819703 14
s1923017 15
s1554145 16
s1237777 17
s1792199 18
s1574520 19
s649971 20
s1733887 21
s1274383 22
s1065478 23
s1828307 24
s766536 25
s262464 26
s475350 27
s1027758 28
s1899221 29
s1417227 30
s147710 31
s746663 32
s231771 33
s220187 34
s688937 35
s1977930 36
s1282727 37
s458353 38
s899089 39
s1064969 40
s175495 41
s1113022 42
s817206 43
s1551264 44
s1703373 45
s455212 46
s1658713 47
s7688 48
s1556022 49
s436143 50
s890158 51
s798568 52
s8510 53
s1024256 54
s589590 55
s1905268 56
s339238 57
s1504508 58
s220958 59
s252889 60
s1675512 61
s703246 62
s17701 63
s1877358 64
s1733998 65
s1631934 66
s1823228 67
s1883624 68
s339735 69
s1801946 70
s602431 71
s776235 72
s1365799 73
s818303 74
s493872 75
s640921 76
s1597299 77
s1486666 78
s1035418 79
s89847 80
s187643 81
s1211287 82
s503608 83
s604383 84
s612968 85
s1297706 86
s1397912 87
s73832 88
s363291 89
s235079 90
s114091 91
s1139856 92
s1648766 93
s1874616 94
s494488 95
s1477158 96
s368708 97
s1145075 98
s116379 99
s1371678 0
s16517 1
s1649320 2
s350287 3
s1409533 4
s1152968 5
s330515 6
s1209524 7
s1368952 8
s1048910 9
s1077919 10
s834643 11
s1758237 12
s1072275 13
s147765 14
s45793 15
s73529 16
s1117837 17
s1479264 18
s1367700 19
s1968521 20
s1349929 21
s1911421 22
s603837 23
s1847379 24
s1928404 25
s1420236 26
s831259 27
s1198307 28
s1768503 29
s156643 30
s894966 31
s739005 32
s1148882 33
s619354 34
s1792004 35
s1370075 36
s1250530 37
s164375 38
s962112 39
s777156 40
s1834797 41
s1832611 42
s905017 43
s147139 44
s146274 45
s439212 46
s1724022 47
s1217368 48
s750326 49
s119847 50
s1988049 51
s1177035 52
s1632369 53
s1585299 54
s1460763 55
s284217 56
s611211 57
s1353952 58
s287838 59
s43785 60
s416956 61
s431708 62
s1536044 63
s1231688 64
s240783 65
s845497 66
s1606056 67
s822140 68
s908872 69
s597456 70
s1766105 71
s276039 72
s1329739 73
s866055 74
s1016951 75
s675042 76
s1807774 77
s1920103 78
s490580 79
s1538302 80
s568384 81
s516177 82
s1033322 83
s1257821 84
s174211 85
s1392392 86
s805827 87
s1721914 88
s1385677 89
s1419463 90
s431863 91
s1015588 92
s787721 93
s1541932 94
s972009 95
s617776 96
s795291 97
s1092165 98
s1483062 99
s1770217 0
s948247 1
s1807627 2
s397153 3
s1996815 4
s1872037 5
s1764043 6
s1101525 7
s116572 8
s852365 9
s1244279 10
s444478 11
s1154184 12
s1151699 13
s1907148 14
s1635409 15
s1430626 16
s901671 17
s944958 18
s835533 19
s269156 20
s1745573 21
s1291126 22
s414291 23
s325954 24
s426186 25
s1134830 26
s974008 27
s309492 28
s1052123 29
s1562289 30
s231906 31
s65094 32
s1198876 33
s1434458 34
s117986 35
s1929602 36
s1396750 37
s1271003 38
s662221 39
s407452 40
s1486082 41
s1889903 42
s723266 43
s1899127 44
s240180 45
s1888101 46
s908897 47
s1426119 48
s1579966 49
s1552995 50
s962810 51
s1764783 52
s275750 53
s1850968 54
s3723 55
s787195 56
s1468124 57
s882938 58
s158192 59
s1676765 60
s173527 61
s311301 62
s914899 63
s1693075 64
s1496358 65
s926847 66
s1241917 67
s1906557 68
s1105715 69
s652369 70
s213702 71
s112441 72
s247528 73
s1212230 74
s142021 75
s256871 76
s18553 77
s934536 78
s1611085 79
s517439 80
s629846 81
s1896728 82
s1887216 83
s1530160 84
s1038770 85
s1517166 86
s1732487 87
s1282031 88
s1712731 89
s1085601 90
s1414220 91
s1847803 92
s991509 93
s441796 94
s800824 95
s355199 96
s1198549 97
s540443 98
s384112 99
s197110 0
s1759784 1
s1238755 2
s1394724 3
s981494 4
s450449 5
s1399523 6
s680988 7
s278856 8
s1731471 9
s252945 10
s1785836 11
s900921 12
s492420 13
s168506 14
s1053231 15
s1893783 16
s299694 17
s967331 18
s1785288 19
s117106 20
s1503271 21
s1395378 22
s1194677 23
s331127 24
s991381 25
s632502 26
s1278155 27
s1288847 28
s1634016 29
s575358 30
s1336023 31
s1041830 32
s1875978 33
s1974477 34
s490666 35
s1391916 36
s413150 37
s1971502 38
s1256873 39
s1453722 40
s1286745 41
s75153 42
s5490 43
s647453 44
s626695 45
s967135 46
s1659021 47
s1428292 48
s1658809 49
s1439655 50
s661426 51
s1842299 52
s108227 53
s1767406 54
s1180973 55
s1258163 56
s1122958 57
s1060695 58
s171863 59
s1980057 60
s1667364 61
s1447194 62
s1963300 63
s693362 64
s1410962 65
s869816 66
s1012644 67
s1612366 68
s947946 69
s912898 70
s1415810 71
s811246 72
s1630063 73
s915922 74
s1612159 75
s304942 76
s1266365 77
s536100 78
s827894 79
s1449833 80
s1236749 81
s844944 82
s1216480 83
s74707 84
s1616860 85
s631198 86
s1949205 87
s1618453 88
s1575671 89
s1551910 90
s1667818 91
s1779379 92
s986318 93
s418588 94
s1542738 95
s1166034 96
s1121374 97
s838359 98
s1703006 99
s584672 0
s1916716 1
s1816040 2
s1258424 3
s138355 4
s1660260 5
s1606586 6
s696458 7
s1397381 8
s452746 9
s686413 10
s1814567 11
s1745833 12
s1921960 13
s178087 14
s648382 15
s541760 16
s828094 17
s418005 18
s1243445 19
s1314855 20
s1302861 21
s34073 22
s511683 23
s1842073 24
s1266886 25
s753241 26
s310161 27
s1423547 28
s103114 29
s343951 30
s1284801 31
s1290965 32
s157222 33
s16421 34
s842586 35
s598635 36
s1038353 37
s1284312 38
s1499146 39
s104240 40
s1048225 41
s1187214 42
s1626087 43
s1070155 44
s254270 45
s1224016 46
s1501187 47
s1763314 48
s131016 49
s150404 50
s235026 51
s162787 52
s1291798 53
s886229 54
s1068910 55
s1775565 56
s107944 57
s1216153 58
s1117504 59
s1205539 60
s1836062 61
s596999 62
s1565444 63
s746309 64
s468583 65
s1431728 66
s1212940 67
s867822 68
s1723267 69
s683689 70
s904087 71
s1801971 72
s260826 73
s975464 74
s404729 75
s136357 76
s133459 77
s1364581 78
s389490 79
s955295 80
s602287 81
s1538175 82
s1046112 83
s569164 84
s1091696 85
s618676 86
s1177850 87
s66588 88
s311867 89
s717063 90
s1691516 91
s1657127 92
s815602 93
s1119918 94
s626845 95
s1158329 96
s562350 97
s1380439 98
s502354 99
s695036 0
s168727 1
s399184 2
s110274 3
s423934 4
s783395 5
s1246098 6
s200699 7
s911857 8
s983017 9
s806930 10
s983379 11
s743105 12
s1125749 13
s93572 14
s1501811 15
s1856504 16
s1644156 17
s1517989 18
s1354634 19
s1534310 20
s703052 21
s516653 22
s1793369 23
s451284 24
s241702 25
s1622075 26
s299034 27
s873470 28
s1741458 29
s1118763 30
s273508 31
s1417024 32
s1683150 33
s782248 34
s112652 35
s1774643 36
s735036 37
s1887378 38
s269585 39
s800602 40
s598468 41
s17535 42
s1464655 43
s64176 44
s480212 45
s1191518 46
s1302684 47
s96866 48
s1067159 49
s1848957 50
s528755 51
s1009163 52
s900901 53
s1506412 54
s648611 55
s1011497 56
s1332199 57
s1210717 58
s1251856 59
s510010 60
s1656853 61
s1545739 62
s1850312 63
s1485217 64
s1819437 65
s1473317 66
s1769637 67
s291522 68
s1484626 69
s1407627 70
s1965012 71
s693950 72
s1354535 73
s692120 74
s1766251 75
s1417468 76
s1273696 77
s853318 78
s1943155 79
s1214348 80
s65766 81
s497181 82
s19883 83
s1855287 84
s1403443 85
s1318190 86
s307342 87
s687618 88
s479643 89
s1331542 90
s182433 91
s1730765 92
s1136800 93
s274441 94
s752350 95
s5598 96
s678150 97
s1469273 98
s941215 99
s1583153 0
s1624141 1
s1812682 2
s301528 3
s1420598 4
s404322 5
s1521981 6
s1533217 7
s1328918 8
s1164381 9
s1058582 10
s447763 11
s1558111 12
s340698 13
s1491441 14
s568298 15
s1251428 16
s392338 17
s1021574 18
s94596 19
s218253 20
s1812461 21
s353197 22
s494664 23
s51873 24
s1859212 25
s500440 26
s1098360 27
s1983978 28
s1223160 29
s1270259 30
s245821 31
s934185 32
s693401 33
s1406345 34
s297770 35
s1898670 36
s1628784 37
s313492 38
s859926 39
s1530601 40
s473040 41
s1738927 42
s1800969 43
s1653891 44
s1004435 45
s820284 46
s459916 47
s1945443 48
s1216777 49
s1171632 50
s1768768 51
s1147580 52
s1681559 53
s1181282 54
s577289 55
s978473 56
s1449052 57
s1520634 58
s194724 59
s809926 60
s1534388 61
s1092278 62
s51268 63
s1439244 64
s1431975 65
s1120994 66
s180102 67
s1412172 68
s372152 69
s1927400 70
s10981 71
s26547 72
s1577344 73
s730503 74
s1547841 75
s1690425 76
s210942 77
s139497 78
s1974287 79
s1508586 80
s388402 81
s653077 82
s1401843 83
s904062 84
s1916065 85
s175051 86
s95424 87
s84862 88
s932428 89
s1706318 90
s1481259 91
s1790955 92
s164515 93
s969055 94
s1445674 95
s995162 96
s188377 97
s1592445 98
s1148069 99
s393597 0
s509726 1
s46504 2
s985106 3
s631367 4
s1445218 5
s1644592 6
s1932455 7
s698942 8
s889229 9
s72654 10
s416320 11
s1873024 12
s868545 13
s1278334 14
s1144285 15
s681992 16
s380915 17
s304440 18
s1889168 19
s427441 20
s1284208 21
s1216226 22
s1266601 23
s793195 24
s55540 25
s734802 26
s1566238 27
s583035 28
s149866 29
s1496630 30
s919475 31
s1340803 32
s1199211 33
s725364 34
s1878654 35
s1290339 36
s413220 37
s645415 38
s1279749 39
s1914953 40
s760053 41
s863605 42
s744202 43
s1397412 44
s757727 45
s479542 46
s836868 47
s1012148 48
s442119 49
s1238582 50
s1009071 51
s1225892 52
s1174460 53
s1011347 54
s342318 55
s159461 56
s722900 57
s1853378 58
s1556552 59
s1292221 60
s1327825 61
s684380 62
s14943 63
s1827139 64
s859662 65
s102381 66
s63786 67
s1239012 68
s409838 69
s1233250 70
s1524935 71
s1497173 72
s522565 73
s1337045 74
s1572627 75
s1911418 76
s1396213 77
s1087048 78
s1076603 79
s1742168 80
s1497238 81
s863870 82
s1664664 83
s48128 84
s599326 85
s1573469 86
s279629 87
s1759817 88
s1775099 89
s55859 90
s1607215 91
s1290234 92
s1675209 93
s798676 94
s1678096 95
s1283177 96
s1502635 97
s1202687 98
s493947 99
s751852 0
s124438 1
s51118 2
s333745 3
s156728 4
s1540456 5
s1938182 6
s1840475 7
s1052013 8
s1006997 9
s1388629 10
s79082 11
s2336 12
s554207 13
s1134048 14
s815523 15
s1055346 16
s154227 17
s1739024 18
s148815 19
s292857 20
s165951 21
s711558 22
s1434524 23
s633893 24
s1477595 25
s606584 26
s953448 27
s1351936 28
s1378965 29
s860941 30
s1126252 31
s49752 32
s1831985 33
s1439030 34
s1832513 35
s43226 36
s1153209 37
s992305 38
s1662781 39
s1521690 40
s502554 41
s1152196 42
s1934386 43
s598326 44
s630390 45
s574903 46
s1200341 47
s930769 48
s650320 49
s64356 50
s30227 51
s906514 52
s1423062 53
s814097 54
s61855 55
s114053 56
s1256177 57
s1038461 58
s809921 59
s1202755 60
s1799610 61
s598988 62
s1709281 63
s756723 64
s743820 65
s1337236 66
s325098 67
s1688139 68
s814053 69
s1129020 70
s1591761 71
s400971 72
s437603 73
s292004 74
s1831678 75
s561511 76
s1517860 77
s1300305 78
s776481 79
s1444709 80
s1029726 81
s1498279 82
s1146296 83
s1618430 84
s296320 85
s44121 86
s1578569 87
s903905 88
s902679 89
s1939510 90
s264456 91
s94597 92
s1957655 93
s1278852 94
s1719948 95
s652114 96
s1295044 97
s1223872 98
s1031053 99
s1854381 0
s606101 1
s135654 2
s697 3
s1024056 4
s465674 5
s826115 6
s1277355 7
s1584380 8
s1217325 9
s1108574 10
s253155 11
s729966 12
s959718 13
s1270476 14
s1255399 15
s1275173 16
s1718325 17
s64447 18
s1111643 19
s355066 20
s1128150 21
s907870 22
s408088 23
s344471 24
s1449190 25
s1036409 26
s1425006 27
s1496559 28
s672356 29
s1675237 30
s1647032 31
s88818 32
s386688 33
s618620 34
s1211875 35
s1312972 36
s940812 37
s378890 38
s29973 39
s1302056 40
s754339 41
s1937111 42
s1697132 43
s1314469 44
s362706 45
s1359581 46
s1057475 47
s492104 48
s490115 49
s1648753 50
s1569708 51
s1475969 52
s390680 53
s893826 54
s1209474 55
s721702 56
s1136483 57
s132272 58
s871472 59
s1045637 60
s1809783 61
s910396 62
s1421406 63
s441066 64
s473006 65
s1926152 66
s711201 67
s1951761 68
s438519 69
s1456768 70
s836756 71
s1426377 72
s978204 73
s772944 74
s823691 75
s38613 76
s1392901 77
s1525331 78
s153297 79
s558949 80
s52451 81
s755334 82
s1096314 83
s1761571 84
s1357929 85
s1671334 86
s1523516 87
s734331 88
s1318791 89
s129017 90
s1713245 91
s266987 92
s1971555 93
s319562 94
s1522303 95
s1836761 96
s183981 97
s66225 98
s771828 99
s984216 0
s572741 1
s1375142 2
s1331987 3
s771176 4
s84451 5
s221253 6
s946810 7
s1203866 8
s146260 9
s471041 10
s841141 11
s931763 12
s826108 13
s1033746 14
s1963808 15
s1966223 16
s648074 17
s1237454 18
s607102 19
s1494331 20
s854973 21
s1013952 22
s1315405 23
s759153 24
s1922705 25
s1098904 26
s598911 27
s1393764 28
s861138 29
s1048327 30
s1021775 31
s1652199 32
s842203 33
s1751901 34
s1370687 35
s1297286 36
s644966 37
s601092 38
s1123590 39
s1299633 40
s1049474 41
s475770 42
s1368583 43
s1556892 44
s789700 45
s149259 46
s997132 47
s1717696 48
s757421 49
s274876 50
s900037 51
s1710640 52
s148890 53
s169423 54
s942091 55
s585332 56
s1368 57
s473044 58
s572515 59
s999303 60
s159619 61
s1129454 62
s1552130 63
s911726 64
s1746665 65
s1721542 66
s793382 67
s1968504 68
s642224 69
s210729 70
s595123 71
s1169450 72
s94343 73
s184328 74
s1405414 75
s1871998 76
s929231 77
s85100 78
s1543145 79
s1479361 80
s1592737 81
s157715 82
s855717 83
s1234405 84
s938103 85
s1647404 86
s912266 87
s1481630 88
s1035822 89
s1856298 90
s1428588 91
s1037540 92
s1890543 93
s817829 94
s1890632 95
s1701827 96
s12516 97
s567609 98
s748315 99
s1573751 0
s516957 1
s1580807 2
s1970137 3
s4144 4
s1200778 5
s679547 6
s555881 7
s1177695 8
s1874997 9
s1920162 10
s997218 11
s196982 12
s1290155 13
s629941 14
s1360696 15
s13709 16
s845057 17
s474475 18
s120842 19
s544838 20
s1543 21
s588265 22
s1710838 23
s746196 24
s1560163 25
s918572 26
s1448849 27
s1370567 28
s732943 29
s1656534 30
s1602260 31
s840367 32
s1592924 33
s1454064 34
s1142199 35
s1255702 36
s68533 37
s318930 38
s1583499 39
s290815 40
s1026025 41
s1340586 42
s327402 43
s184063 44
s650974 45
s580641 46
s502689 47
s1571960 48
s875432 49
s1257505 50
s749552 51
s403828 52
s769685 53
s223169 54
s635860 55
s721025 56
s1361638 57
s1516955 58
s1435325 59
s1782601 60
s162981 61
s864093 62
s1072555 63
s567545 64
s340531 65
s845961 66
s444504 67
s1929002 68
s1313555 69
s1499059 70
s737983 71
s1510114 72
s1444923 73
s755092 74
s339306 75
s300608 76
s452423 77
s251585 78
s898110 79
s1253781 80
s760959 81
s552874 82
s31264 83
s560638 84
s1343852 85
s1541532 86
s624473 87
s1614177 88
s1149109 89
s1803011 90
s1994796 91
s608419 92
s1732 93
s1269759 94
s1832576 95
s221122 96
s1164181 97
s1526313 98
s1836353 99
s895414 0
s938676 1
s768483 2
s1101132 3
s1537620 4
s666975 5
s1984995 6
s409365 7
s1358011 8
s453081 9
s119633 10
s285729 11
s738465 12
s1435808 13
s1189841 14
s407974 15
s1901826 16
s1592950 17
s908214 18
s1969291 19
s364373 20
s337345 21
s1175777 22
s666270 23
s600075 24
s130646 25
s489838 26
s134774 27
s1122506 28
s680759 29
s1729358 30
s723931 31
s1840575 32
s208776 33
s863288 34
s183541 35
s149204 36
s169743 37
s671970 38
s1451984 39
s608133 40
s92546 41
s983798 42
s1643635 43
s1105212 44
s77783 45
s1391337 46
s1382900 47
s1454299 48
s1889715 49
s1949597 50
s1758418 51
s996257 52
s948447 53
s1038515 54
s1930008 55
s13638 56
s1467954 57
s1957438 58
s330106 59
s869045 60
s1955382 61
s801126 62
s1187526 63
s611812 64
s855523 65
s1447017 66
s1468951 67
s1414646 68
s262650 69
s273625 70
s1037831 71
s1371243 72
s822003 73
s28391 74
s1842520 75
s997704 76
s477237 77
s742856 78
s132317 79
s1265648 80
s1487752 81
s1350852 82
s1571806 83
s1006215 84
s813578 85
s50651 86
s1703433 87
s125426 88
s1595348 89
s665658 90
s1280927 91
s723276 92
s108327 93
s1625658 94
s700323 95
s1380264 96
s1287165 97
s1145330 98
s76222 99
s65290 0
s1237605 1
s1656674 2
s85004 3
s147317 4
s25521 5
s87335 6
s443208 7
s371851 8
s1943382 9
s1515860 10
s583186 11
s241198 12
s92740 13
s471783 14
s894153 15
s900688 16
s1424836 17
s1857850 18
s172697 19
s347914 20
s826288 21
s1443402 22
s183717 23
s739063 24
s1177890 25
s1434405 26
s1943139 27
s766448 28
s1691212 29
s636793 30
s268066 31
s446201 32
s1093012 33
s337187 34
s386357 35
s655259 36
s1843713 37
s1603265 38
s28189 39
s1574666 40
s634217 41
s715202 42
s1383370 43
s432095 44
s1382787 45
s764057 46
s164239 47
s631162 48
s981024 49
s928288 50
s289682 51
s116751 52
s1140240 53
s1350448 54
s324945 55
s1723222 56
s895462 57
s955281 58
s533686 59
s993802 60
s152285 61
s800571 62
s1118374 63
s1127074 64
s719519 65
s1251648 66
s112423 67
s393367 68
s884896 69
s1886803 70
s1838665 71
s1623006 72
s977705 73
s502761 74
s1131343 75
s1047933 76
s516065 77
s831144 78
s569233 79
s897502 80
s648870 81
s1379473 82
s1203742 83
s187760 84
s1225962 85
s1846419 86
s1951456 87
s846204 88
s68264 89
s1207447 90
s497845 91
s660104 92
s1434059 93
s835127 94
s1292281 95
s29816 96
s1237170 97
s911628 98
s816725 99
s1130569 0
s64631 1
s1660947 2
s120717 3
s557218 4
s719946 5
s550222 6
s544374 7
s1559942 8
s77119 9
s374882 10
s576296 11
s568090 12
s1757807 13
s1764946 14
s1624542 15
s759497 16
s769356 17
s1812404 18
s1368965 19
s1395436 20
s1526948 21
s669470 22
s1061776 23
s362204 24
s663336 25
s967533 26
s856317 27
s176529 28
s1306777 29
s358252 30
s201142 31
s670598 32
s259814 33
s1062075 34
s645082 35
s1875586 36
s1666083 37
s1392340 38
s1198382 39
s58905 40
s1906938 41
s914977 42
s1794655 43
s1868287 44
s585021 45
s112201 46
s1431915 47
s728270 48
s1320537 49
s222920 50
s417783 51
s569302 52
s280370 53
s1924546 54
s1136975 55
s1965484 56
s1083409 57
s515975 58
s1906389 59
s590890 60
s1304092 61
s833248 62
s449018 63
s125756 64
s1414324 65
s1140810 66
s1031218 67
s169054 68
s1167258 69
s1469876 70
s369329 71
s22975 72
s902511 73
s72089 74
s528022 75
s336381 76
s1756599 77
s1813260 78
s352099 79
s710469 80
s968243 81
s201552 82
s590694 83
s1811360 84
s1421711 85
s431390 86
s1618314 87
s1722113 88
s544231 89
s1597563 90
s976523 91
s304585 92
s1373219 93
s1191477 94
s120737 95
s232637 96
s1697426 97
s753502 98
s1437044 99
s1739864 0
s1992885 1
s1263896 2
s856425 3
s45014 4
s19191 5
s1807031 6
s144772 7
s1556076 8
s55011 9
s453215 10
s1248700 11
s1343624 12
s734435 13
s355952 14
s749297 15
s1568092 16
s1214038 17
s174276 18
s823900 19
s257275 20
s953160 21
s769164 22
s1000225 23
s87325 24
s908279 25
s294694 26
s654978 27
s824810 28
s25342 29
s1185805 30
s1553201 31
s1992847 32
s1922903 33
s979957 34
s773560 35
s259421 36
s1145085 37
s1583059 38
s1543328 39
s94608 40
s798116 41
s331338 42
s1315630 43
s1249014 44
s1597508 45
s1571957 46
s1940386 47
s338745 48
s726888 49
s836416 50
s269204 51
s310301 52
s1456931 53
s455838 54
s697186 55
s125247 56
s1983291 57
s1199397 58
s1262615 59
s333712 60
s668610 61
s540001 62
s26791 63
s684280 64
s694741 65
s1706961 66
s887128 67
s1204565 68
s1502092 69
s195241 70
s1731214 71
s1069696 72
s920147 73
s1934463 74
s22197 75
s1982239 76
s645345 77
s588214 78
s1693461 79
s1679418 80
s1497131 81
s1145860 82
s805335 83
s414645 84
s1658513 85
s594369 86
s1409336 87
s40078 88
s895790 89
s1905853 90
s183852 91
s1612967 92
s1780789 93
s1015769 94
s233067 95
s989667 96
s537896 97
s1304028 98
s193429 99
s1301397 0
s212748 1
s625188 2
s886044 3
s739570 4
s1617278 5
s99573 6
s1595479 7
s70913 8
s1491478 9
s259156 10
s1085131 11
s888884 12
s1125266 13
s765846 14
s710366 15
s1883648 16
s406500 17
s1646503 18
s1061758 19
s1379830 20
s696068 21
s1610329 22
s441486 23
s833458 24
s1110138 25
s504782 26
s1666810 27
s1755743 28
s1342201 29
s1105252 30
s1673798 31
s1274093 32
s1527666 33
s821263 34
s630305 35
s1483102 36
s81197 37
s1861497 38
s1735001 39
s465383 40
s551629 41
s1317693 42
s1769149 43
s1885381 44
s1693911 45
s633100 46
s1123523 47
s456598 48
s783147 49
s448051 50
s1281209 51
s511343 52
s1617610 53
s24136 54
s11444 55
s1581584 56
s281901 57
s1089980 58
s1238845 59
s865037 60
s1635780 61
s1369696 62
s1939045 63
s1030025 64
s324277 65
s727208 66
s907264 67
s1281166 68
s1844855 69
s314976 70
s991695 71
s234216 72
s201496 73
s1185091 74
s914567 75
s205352 76
s439816 77
s1818370 78
s824491 79
s615991 80
s992614 81
s1755427 82
s759356 83
s309917 84
s1923190 85
s376724 86
s802463 87
s660169 88
s1788080 89
s344432 90
s1402378 91
s1041289 92
s1177797 93
s1892574 94
s1203824 95
s1622068 96
s1129411 97
s53282 98
s1903713 99
s1631188 0
s1809989 1
s871492 2
s139380 3
s291537 4
s1031153 5
s1527434 6
s1936470 7
s48584 8
s1152203 9
s743355 10
s1025117 11
s1136378 12
s1930046 13
s1233796 14
s1105656 15
s1892363 16
s1026534 17
s1348646 18
s921039 19
s1977082 20
s358824 21
s1866344 22
s688896 23
s911000 24
s1068956 25
s80332 26
s177333 27
s987532 28
s1266356 29
s1269013 30
s1150670 31
s1415363 32
s1468051 33
s696304 34
s266204 35
s330182 36
s1955024 37
s1802310 38
s1422789 39
s1172255 40
s767207 41
s723003 42
s1017208 43
s1932817 44
s522106 45
s1182073 46
s1340315 47
s499044 48
s636529 49
s1045027 50
s1751740 51
s979424 52
s723849 53
s1112996 54
s1213342 55
s480809 56
s226423 57
s553283 58
s383113 59
s82968 60
s1109068 61
s997895 62
s1238906 63
s714733 64
s1740347 65
s474497 66
s1084890 67
s1532493 68
s1208206 69
s1638759 70
s1902409 71
s309629 72
s1108232 73
s657463 74
s232232 75
s280477 76
s1291372 77
s549804 78
s118993 79
s928748 80
s1432164 81
s170581 82
s209845 83
s1857944 84
s1057062 85
s1226295 86
s173787 87
s230484 88
s1750984 89
s1134229 90
s508500 91
s92786 92
s933237 93
s1853391 94
s600961 95
s1589760 96
s1445272 97
s1525788 98
s1287964 99
s268756 0
s1736596 1
s1844427 2
s1305882 3
s216233 4
s1293355 5
s806903 6
s1911338 7
s1867692 8
s1652568 9
s600550 10
s1697264 11
s578311 12
s1204798 13
s1400367 14
s781745 15
s1852353 16
s1487453 17
s1786915 18
s595278 19
s1399152 20
s1069613 21
s1832063 22
s1501411 23
s1690705 24
s174630 25
s1440069 26
s1227981 27
s369263 28
s943097 29
s1516273 30
s1516540 31
s46319 32
s1239521 33
s1130330 34
s19209 35
s1885249 36
s1287164 37
s237207 38
s1709762 39
s1259972 40
s1529478 41
s1220610 42
s900782 43
s337631 44
s502571 45
s1491356 46
s1105977 47
s1886920 48
s41210 49
s1548709 50
s915528 51
s828702 52
s1197364 53
s27938 54
s629636 55
s528963 56
s1149653 57
s1380538 58
s1682591 59
s531161 60
s767183 61
s1288081 62
s361437 63
s1620656 64
s612345 65
s211693 66
s335388 67
s1686682 68
s555784 69
s257023 70
s1031857 71
s838836 72
s100018 73
s1872947 74
s849682 75
s1289546 76
s996529 77
s483515 78
s1179701 79
s1296954 80
s1172360 81
s180345 82
s225048 83
s1951391 84
s1184239 85
s1730527 86
s702320 87
s881117 88
s1522875 89
s1754381 90
s117504 91
s1796149 92
s1292509 93
s1406506 94
s1065165 95
s203637 96
s1571774 97
s1714142 98
s1890435 99
s871268 0
s1529814 1
s141660 2
s1699378 3
s1658548 4
s1092244 5
s1126996 6
s1939167 7
s937360 8
s1322610 9
s452782 10
s1555571 11
s383788 12
s610564 13
s1111328 14
s964121 15
s1078249 16
s615568 17
s1863739 18
s627476 19
s872839 20
s1114309 21
s515930 22
s1658945 23
s625307 24
s1981868 25
s748120 26
s601340 27
s1005337 28
s324959 29
s944931 30
s1924694 31
s1907990 32
s806506 33
s1778611 34
s777888 35
s1641793 36
s1079505 37
s724853 38
s823842 39
s1349300 40
s1574449 41
s485384 42
s481714 43
s463714 44
s1255508 45
s237124 46
s627265 47
s620710 48
s375934 49
s1921146 50
s1094887 51
s1999706 52
s1535921 53
s274234 54
s847001 55
s1149550 56
s646281 57
s1009787 58
s1644688 59
s1576777 60
s319545 61
s181361 62
s274592 63
s182569 64
s690168 65
s1864336 66
s1534511 67
s1191265 68
s438590 69
s1644313 70
s1599489 71
s1968483 72
s1270211 73
s157000 74
s1887686 75
s1998215 76
s1402901 77
s1188758 78
s92245 79
s115103 80
s900038 81
s956526 82
s1350603 83
s1787586 84
s207103 85
s1246616 86
s736097 87
s270166 88
s1971010 89
s1462511 90
s1043340 91
s746150 92
s1128366 93
s1529698 94
s788422 95
s1018535 96
s460146 97
s1319019 98
s1413376 99
s1514715 0
s285657 1
s457826 2
s1257007 3
s7705 4
s491844 5
s1753472 6
s950105 7
s1942493 8
s605492 9
s462036 10
s1533554 11
s1068439 12
s234393 13
s327585 14
s1959886 15
s1061723 16
s961352 17
s1061413 18
s1808415 19
s321040 20
s826723 21
s44380 22
s5848 23
s1789941 24
s100988 25
s1732172 26
s659224 27
s1283381 28
s834266 29
s1366588 30
s1508172 31
s1482224 32
s8960 33
s928442 34
s1574227 35
s1194052 36
s991915 37
s295240 38
s327277 39
s1335283 40
s1061275 41
s1166148 42
s955731 43
s980521 44
s732792 45
s718132 46
s386292 47
s545056 48
s242186 49
s1258374 50
s1775575 51
s428247 52
s1433184 53
s712325 54
s1052878 55
s129255 56
s1009156 57
s1145624 58
s1744867 59
s1684969 60
s1874450 61
s918789 62
s5699 63
s1540433 64
s1641589 65
s1142682 66
s1853044 67
s1035041 68
s340636 69
s1654108 70
s996493 71
s1341848 72
s449500 73
s1705135 74
s963087 75
s1142264 76
s768348 77
s827229 78
s648888 79
s1899562 80
s441957 81
s78309 82
s448840 83
s1689141 84
s1635381 85
s1517562 86
s836063 87
s917562 88
s318572 89
s1025817 90
s1122099 91
s1996397 92
s1169556 93
s947323 94
s634704 95
s1172261 96
s646617 97
s1645913 98
s572113 99
s1121641 0
s362314 1
s238637 2
s559222 3
s1247895 4
s1897217 5
s946987 6
s1370082 7
s1170446 8
s1585620 9
s871902 10
s1773714 11
s147346 12
s1125923 13
s1747317 14
s413041 15
s1047220 16
s1231501 17
s1696930 18
s208876 19
s342421 20
s616192 21
s1641404 22
s426098 23
s257996 24
s1461980 25
s1773440 26
s1530773 27
s1459046 28
s843832 29
s987546 30
s3544 31
s986464 32
s123287 33
s852141 34
s529507 35
s289655 36
s527249 37
s882235 38
s1467059 39
s1989201 40
s278463 41
s1837963 42
s905512 43
s1421487 44
s977596 45
s683687 46
s738896 47
s446734 48
s497423 49
s405208 50
s600578 51
s341697 52
s970028 53
s918131 54
s1979574 55
s594961 56
s1587138 57
s486012 58
s820399 59
s641204 60
s956568 61
s1082979 62
s681607 63
s377851 64
s1007565 65
s939190 66
s532804 67
s1904028 68
s624782 69
s1370992 70
s178406 71
s117913 72
s971937 73
s781018 74
s777621 75
s1136301 76
s1380371 77
s850618 78
s450893 79
s1773487 80
s806981 81
s931112 82
s236611 83
s1857953 84
s1236726 85
s1283341 86
s181797 87
s1038481 88
s395490 89
s1345289 90
s1404164 91
s1649897 92
s198915 93
s1688269 94
s1802776 95
s313486 96
s506447 97
s164089 98
s1749593 99
s547543 0
s1665802 1
s463344 2
s1951239 3
s1981028 4
s554827 5
s1833519 6
s726232 7
s1015791 8
s1202049 9
s725335 10
s827103 11
s1296595 12
s1556100 13
s736921 14
s1803283 15
s1179499 16
s1023100 17
s375148 18
s1283229 19
s1211086 20
s1700221 21
s798526 22
s239200 23
s1822712 24
s785154 25
s975556 26
s1881068 27
s1938210 28
s1212027 29
s1575623 30
s447283 31
s968385 32
s1296139 33
s1712563 34
s714222 35
s1821166 36
s1614830 37
s1551589 38
s1418545 39
s57990 40
s1163579 41
s347392 42
s489151 43
s1758379 44
s27258 45
s32254 46
s177900 47
s1371516 48
s1574418 49
s1770088 50
s381772 51
s704284 52
s1994133 53
s299897 54
s459420 55
s1882728 56
s1911535 57
s1840765 58
s698682 59
s1116238 60
s342879 61
s1364373 62
s1717403 63
s1602534 64
s134853 65
s1456709 66
s1455475 67
s1967101 68
s601884 69
s818975 70
s1831437 71
s578220 72
s906676 73
s388278 74
s1327284 75
s70711 76
s622622 77
s1078358 78
s44073 79
s1464373 80
s1198485 81
s1038938 82
s405476 83
s109663 84
s851135 85
s509873 86
s939688 87
s298883 88
s505382 89
s845165 90
s1384512 91
s1488299 92
s1756717 93
s916379 94
s1715322 95
s385000 96
s622062 97
s1677795 98
s258260 99
s1625985 0
s1921823 1
s1635629 2
s1784150 3
s1065729 4
s1061214 5
s104370 6
s1401844 7
s1999619 8
s1839409 9
s1075332 10
s340360 11
s1891971 12
s1747554 13
s607502 14
s1153581 15
s1531852 16
s1262939 17
s1524104 18
s475060 19
s1169156 20
s1748925 21
s810200 22
s1178756 23
s852147 24
s261526 25
s1897463 26
s1356005 27
s1908465 28
s1744888 29
s505569 30
s1269572 31
s634422 32
s931964 33
s1392731 34
s1207857 35
s688091 36
s736995 37
s569655 38
s1365441 39
s1667768 40
s112068 41
s923448 42
s615413 43
s576218 44
s1665209 45
s147726 46
s551722 47
s575735 48
s44413 49
s1118139 50
s1388119 51
s290104 52
s168360 53
s797910 54
s263096 55
s545879 56
s326936 57
s1934334 58
s374503 59
s1914181 60
s680262 61
s1356852 62
s1605952 63
s908688 64
s505255 65
s382023 66
s1614167 67
s1833567 68
s29686 69
s331436 70
s1432451 71
s36871 72
s531622 73
s255119 74
s1527930 75
s247997 76
s1961930 77
s1204716 78
s1368024 79
s79521 80
s1014798 81
s1060357 82
s876160 83
s761064 84
s1946589 85
s31209 86
s215777 87
s1375609 88
s1914258 89
s814776 90
s237029 91
s15719 92
s100324 93
s1947647 94
s1699527 95
s1734274 96
s844960 97
s1121941 98
s126470 99
s1382573 0
s288848 1
s845661 2
s536168 3
s1339758 4
s141066 5
s794945 6
s1006672 7
s1511314 8
s1234465 9
s1191734 10
s1137638 11
s1578402 12
s148315 13
s367875 14
s121184 15
s285382 16
s1707899 17
s1465246 18
s463948 19
s1598435 20
s848270 21
s612205 22
s1152008 23
s851449 24
s875871 25
s168168 26
s36046 27
s1486090 28
s249088 29
s1881157 30
s1094143 31
s148703 32
s1598463 33
s1898329 34
s852142 35
s464046 36
s867608 37
s606726 38
s1669657 39
s575357 40
s1368119 41
s1514663 42
s763227 43
s382825 44
s975931 45
s1967169 46
s1522924 47
s981647 48
s1779827 49
s158923 50
s642149 51
s1000711 52
s102974 53
s879370 54
s5622 55
s1713388 56
s1364034 57
s154208 58
s1771219 59
s1956111 60
s657992 61
s1648352 62
s120752 63
s997272 64
s1159113 65
s145031 66
s1106065 67
s1531958 68
s981114 69
s1151917 70
s1537431 71
s1335767 72
s1157255 73
s995946 74
s336345 75
s327867 76
s1257048 77
s940586 78
s1455265 79
s312184 80
s1853770 81
s665978 82
s59730 83
s47023 84
s1635322 85
s932619 86
s777832 87
s1878302 88
s780921 89
s797132 90
s1041541 91
s673210 92
s1907545 93
s1743902 94
s1002519 95
s1634015 96
s843742 97
s1509750 98
s748259 99
s1824654 0
s456088 1
s1386364 2
s323742 3
s461876 4
s440916 5
s1534895 6
s1897575 7
s883937 8
s102355 9
s628130 10
s1788539 11
s1533174 12
s531570 13
s523682 14
s820655 15
s1118487 16
s658559 17
s399772 18
s1824785 19
s217370 20
s996114 21
s150072 22
s1600266 23
s1372934 24
s607450 25
s368514 26
s1112441 27
s138121 28
s1685472 29
s707047 30
s1477166 31
s1058958 32
s125914 33
s859042 34
s547149 35
s426100 36
s1258478 37
s1445840 38
s1911913 39
s1330124 40
s1514025 41
s1741987 42
s1729203 43
s102468 44
s1942262 45
s6144 46
s1314836 47
s1092168 48
s1646402 49
s435851 50
s1690554 51
s404343 52
s960961 53
s107491 54
s1768386 55
s112608 56
s1080393 57
s723147 58
s238843 59
s1515137 60
s1022807 61
s1337793 62
s762915 63
s1353073 64
s874549 65
s1163984 66
s770310 67
s1612739 68
s180896 69
s1465467 70
s1419637 71
s1493256 72
s182382 73
s716246 74
s1975764 75
s1825385 76
s1425779 77
s1830918 78
s402274 79
s291142 80
s532601 81
s1105290 82
s863860 83
s971869 84
s926067 85
s1397201 86
s554062 87
s1756409 88
s1317240 89
s1525631 90
s91484 91
s1556212 92
s1339 93
s1665698 94
s477990 95
s530407 96
s1046219 97
s370736 98
s1160895 99
s1539028 0
s463326 1
s164236 2
s731642 3
s1753485 4
s63385 5
s1549191 6
s1794474 7
s130358 8
s243548 9
s474517 10
s1459492 11
s1243342 12
s281044 13
s394390 14
s291118 15
s607956 16
c1565199 51
s1966957 17
s1275358 18
s1054275 19
s1322004 20
s677703 21
s592769 22
s825562 23
s283917 24
s1077245 25
s765433 26
s1679975 27
s334846 28
s794776 29
s1916064 30
s1947915 31
s1429291 32
s644692 33
s428870 34
s1731794 35
s558074 36
s1026284 37
s785834 38
s134814 39
s1601118 40
s2528 41
s788079 42
s87878 43
c1885857 44
s1762157 45
s1418169 46
s1854068 47
s461761 48
s1326618 49
s306107 50
s1281575 52
s803469 53
s1930834 54
s257732 55
s1160680 56
s389325 57
s774629 58
s992303 59
s1745742 60
s497956 61
s1422452 62
s464527 63
s551623 64
s450718 65
s1844949 66
s1109379 67
s1994772 68
s507514 69
s733556 70
s287727 71
s992224 72
s1655979 73
s4858 74
s128423 75
s581852 76
s563045 77
s681427 78
s508021 79
s230052 80
s1897533 81
s1579001 82
s209395 83
s1748309 84
s1388906 85
s1161627 86
s1148444 87
s1011262 88
s111158 89
s718879 90
s127416 91
s1558613 92
s1568378 93
s1082846 94
c211249 67
s599411 95
s1367395 96
s107635 97
s1707545 98
s1678111 99
s1877887 0
s781323 1
s538321 2
s1216779 3
s1953687 4
s1507839 5
s1598234 6
s1651823 7
c299246 70
s1100523 8
s513614 9
s726535 10
s1768612 11
s176701 12
s1767306 13
s374666 14
s1516912 15
s1299208 16
s247855 17
s285084 18
c1122868 46
s919828 19
s832699 20
s1646614 21
s1877109 22
s1491903 23
s1549633 24
s1130289 25
s374209 26
s1080107 27
s1616163 28
c486778 93
s921485 29
s1898190 30
s593158 31
s1458545 32
s409458 33
s14429 34
c1085756 23
s1206235 35
c1983435 35
s1988328 36
s1209579 37
c419296 89
s1207650 38
s356668 39
s1282924 40
s1741597 41
s536760 42
s1979376 43
s1718447 45
s225951 47
s28269 48
s474333 49
s949428 50
s1811935 52
s93726 53
s1677378 54
c680430 29
s1475322 55
s839359 56
s670706 57
s954806 58
s1586075 59
s1964312 60
c433380 19
s1987531 61
s262980 62
s1469996 63
s1809330 64
s1246394 65
s1815097 66
s206345 68
s63466 69
s747150 71
c766663 37
s403012 72
s735966 73
s986157 74
s966207 75
s1118531 76
s60335 77
s115350 78
s375777 79
s286612 80
s943259 81
s999340 82
s1257787 83
s840888 84
s690968 85
s1606723 86
s350818 87
s1457785 88
s517423 90
s1277492 91
s1307269 92
s1221410 94
s1130143 95
c916750 42
s1284837 96
s1585870 97
s1606140 98
c1359258 26
c147484 0
s1662091 99
s1172421 1
s385772 2
c876261 84
s295687 3
s1071302 4
c919983 32
s473932 5
c183546 51
c1311722 1
s995711 6
c819355 2
s1046132 7
s745424 8
c1640467 3
s1144277 9
c595596 72
s1086845 10
s1369747 11
s1022745 12
s1300469 13
s1505940 14
s1936297 15
s735008 16
s271304 17
s1538715 18
s900923 20
s940807 21
c404025 17
c286013 4
s588225 22
s957730 24
s739078 25
s1807634 27
s886025 28
s1427705 30
s953950 31
s244964 33
s1160921 34
c1023799 6
s109481 36
c181224 31
s14512 38
s133101 39
s222446 40
c1734484 30
s307391 41
c966820 86
s339253 43
c826264 5
s1944335 45
c843644 85
c812176 66
c1804637 12
s347924 47
s698721 48
c11629 22
s1789599 49
s822544 50
s1078666 52
s1607663 53
s984358 54
s835636 55
s1714129 56
s1604907 57
s209231 58
s625931 59
s15702 60
c608092 6
s1461927 61
c883001 90
c17629 7
s1403899 62
s653948 63
s1575241 64
c1852346 64
s1947806 65
c771503 7
c113568 78
s1199334 68
s1730963 69
c226360 89
s1396850 71
s1444582 73
s1936686 74
s923136 75
s836305 76
c389082 8
c1574904 32
c959012 24
