1 0
1 167
1 296
2 168 41
3 216 86 163
3 180 81 219
5 34 146 119 135 151
5 108 75 244 243 165
4 54 114 283 138
2 85 101
1 275
2 116 207
3 87 27 177
1 184
3 164 239 117
4 99 121 248 238
4 249 194 153 175
3 212 97 1
3 110 191 109
3 88 172 235
2 103 294
1 72
4 80 278 149 130
2 4 215
2 8 25
1 7
1 148
3 134 83 205
3 162 292 155
4 286 123 9 247
1 259
7 159 228 206 94 52 173 183
1 246
3 299 291 223
4 203 67 176 251
4 24 270 189 211
2 133 276
2 210 209
4 62 137 11 22
2 161 271
2 127 15
2 13 260
2 136 298
8 220 158 160 31 78 104 262 240
4 92 150 43 231
2 58 258
3 95 199 265
3 290 264 12
5 227 140 76 131 98
4 193 256 293 257
1 218
6 273 59 120 143 208 132
1 225
5 285 254 93 35 115
1 107
9 74 204 192 100 30 186 69 49 274
4 144 190 70 5
2 56 295
3 105 169 2
3 18 287 112
3 171 269 42
7 187 195 250 242 233 84 77
1 263
4 38 40 152 297
6 63 217 253 145 17 154
2 125 28
1 261
1 60
4 156 157 236 197
5 200 170 147 90 229
5 57 182 71 126 272
2 198 226
1 19
2 267 111
7 213 45 66 288 279 46 178
2 44 202
5 129 181 51 252 47
1 79
2 245 14
7 21 241 118 139 20 55 142
3 113 16 196
2 224 237
3 91 289 280
2 232 68
2 166 61
1 188
3 96 64 82
4 39 10 124 255
5 53 23 6 48 141
1 277
3 281 268 201
3 230 266 106
2 32 3
4 174 122 26 37
2 282 50
1 29
1 214
2 128 222
2 284 185
3 102 89 73
